
     Program AVERAGE v.6.1 (svn rev. 13369) starts on 14Sep2017 at 12:30: 0 

     This program is part of the open-source Quantum ESPRESSO suite
     for quantum simulation of materials; please cite
         "P. Giannozzi et al., J. Phys.:Condens. Matter 21 395502 (2009);
          URL http://www.quantum-espresso.org", 
     in publications or presentations arising from this work. More details at
     http://www.quantum-espresso.org/quote

     Parallel version (MPI & OpenMP), running on      32 processor cores
     Number of MPI processes:                 1
     Threads/MPI process:                    32
     Reading header from file  out.oncv

   Info: using nr1, nr2, nr3 values from input

   Info: using nr1, nr2, nr3 values from input
 
     G-vector sticks info
     --------------------
     sticks:   dense  smooth     PW     G-vecs:    dense   smooth      PW
     Sum        4741    4741      1               246225   246225       1
 
     Reading data from file  out.oncv
    0.000000000    0.133758848    0.037792233
    0.010520131    0.130253563    0.037386093
    0.021040261    0.126675189    0.036983940
    0.031560392    0.123023099    0.036585605
    0.042080522    0.119296722    0.036190915
    0.052600653    0.115495556    0.035799689
    0.063120783    0.111619175    0.035411740
    0.073640914    0.107667241    0.035026875
    0.084161044    0.103639517    0.034644897
    0.094681175    0.099535872    0.034265603
    0.105201305    0.095356293    0.033888784
    0.115721436    0.091100888    0.033514229
    0.126241566    0.086769897    0.033141721
    0.136761697    0.082363696    0.032771043
    0.147281827    0.077882798    0.032401971
    0.157801958    0.073327859    0.032034282
    0.168322089    0.068699678    0.031667750
    0.178842219    0.063999197    0.031302148
    0.189362350    0.059227501    0.030937248
    0.199882480    0.054385812    0.030572821
    0.210402611    0.049475493    0.030208641
    0.220922741    0.044498038    0.029844478
    0.231442872    0.039455069    0.029480108
    0.241963002    0.034348332    0.029115304
    0.252483133    0.029179689    0.028749843
    0.263003263    0.023951113    0.028383503
    0.273523394    0.018664684    0.028016065
    0.284043524    0.013322579    0.027647312
    0.294563655    0.007927068    0.027277029
    0.305083785    0.002480509    0.026905003
    0.315603916   -0.003014657    0.026531027
    0.326124047   -0.008555913    0.026154892
    0.336644177   -0.014140668    0.025776396
    0.347164308   -0.019766261    0.025395338
    0.357684438   -0.025429964    0.025011519
    0.368204569   -0.031128981    0.024624744
    0.378724699   -0.036860456    0.024234820
    0.389244830   -0.042621465    0.023841555
    0.399764960   -0.048409024    0.023444764
    0.410285091   -0.054220084    0.023044259
    0.420805221   -0.060051532    0.022639857
    0.431325352   -0.065900188    0.022231377
    0.441845482   -0.071762807    0.021818640
    0.452365613   -0.077636078    0.021401468
    0.462885743   -0.083516619    0.020979688
    0.473405874   -0.089400981    0.020553127
    0.483926005   -0.095285649    0.020121614
    0.494446135   -0.101167038    0.019684980
    0.504966266   -0.107041498    0.019243061
    0.515486396   -0.112905318    0.018795693
    0.526006527   -0.118754728    0.018342716
    0.536526657   -0.124585903    0.017883973
    0.547046788   -0.130394972    0.017419310
    0.557566918   -0.136178023    0.016948578
    0.568087049   -0.141931111    0.016471630
    0.578607179   -0.147650273    0.015988324
    0.589127310   -0.153331531    0.015498524
    0.599647440   -0.158970912    0.015002099
    0.610167571   -0.164564453    0.014498922
    0.620687701   -0.170108224    0.013988873
    0.631207832   -0.175598333    0.013471839
    0.641727963   -0.181030947    0.012947713
    0.652248093   -0.186402304    0.012416395
    0.662768224   -0.191708729    0.011877795
    0.673288354   -0.196946651    0.011331827
    0.683808485   -0.202112612    0.010778417
    0.694328615   -0.207203284    0.010217498
    0.704848746   -0.212215484    0.009649011
    0.715368876   -0.217146179    0.009072908
    0.725889007   -0.221992503    0.008489149
    0.736409137   -0.226751761    0.007897703
    0.746929268   -0.231421440    0.007298549
    0.757449398   -0.235999210    0.006691675
    0.767969529   -0.240482929    0.006077079
    0.778489659   -0.244870648    0.005454768
    0.789009790   -0.249160604    0.004824758
    0.799529921   -0.253351222    0.004187073
    0.810050051   -0.257441110    0.003541747
    0.820570182   -0.261429051    0.002888822
    0.831090312   -0.265313995    0.002228349
    0.841610443   -0.269095050    0.001560384
    0.852130573   -0.272771472    0.000884994
    0.862650704   -0.276342651    0.000202251
    0.873170834   -0.279808094   -0.000487766
    0.883690965   -0.283167419   -0.001184972
    0.894211095   -0.286420331   -0.001889275
    0.904731226   -0.289566612   -0.002600578
    0.915251356   -0.292606106   -0.003318780
    0.925771487   -0.295538699   -0.004043774
    0.936291617   -0.298364310   -0.004775448
    0.946811748   -0.301082874   -0.005513688
    0.957331879   -0.303694326   -0.006258374
    0.967852009   -0.306198597   -0.007009385
    0.978372140   -0.308595594   -0.007766593
    0.988892270   -0.310885198   -0.008529871
    0.999412401   -0.313067252   -0.009299087
    1.009932531   -0.315141556   -0.010074107
    1.020452662   -0.317107864   -0.010854793
    1.030972792   -0.318965878   -0.011641006
    1.041492923   -0.320715253   -0.012432604
    1.052013053   -0.322355591   -0.013229442
    1.062533184   -0.323886449   -0.014031375
    1.073053314   -0.325307341   -0.014838251
    1.083573445   -0.326617743   -0.015649921
    1.094093575   -0.327817100   -0.016466229
    1.104613706   -0.328904836   -0.017287018
    1.115133837   -0.329880359   -0.018112129
    1.125653967   -0.330743075   -0.018941400
    1.136174098   -0.331492395   -0.019774667
    1.146694228   -0.332127745   -0.020611760
    1.157214359   -0.332648581   -0.021452511
    1.167734489   -0.333054395   -0.022296746
    1.178254620   -0.333344726   -0.023144290
    1.188774750   -0.333519172   -0.023994963
    1.199294881   -0.333577398   -0.024848586
    1.209815011   -0.333519143   -0.025704973
    1.220335142   -0.333344229   -0.026563940
    1.230855272   -0.333052568   -0.027425298
    1.241375403   -0.332644167   -0.028288857
    1.251895533   -0.332119130   -0.029154424
    1.262415664   -0.331477665   -0.030021806
    1.272935795   -0.330720083   -0.030890808
    1.283455925   -0.329846801   -0.031761232
    1.293976056   -0.328858339   -0.032632881
    1.304496186   -0.327755322   -0.033505558
    1.315016317   -0.326538473   -0.034379064
    1.325536447   -0.325208616   -0.035253200
    1.336056578   -0.323766665   -0.036127769
    1.346576708   -0.322213624   -0.037002572
    1.357096839   -0.320550579   -0.037877413
    1.367616969   -0.318778694   -0.038752096
    1.378137100   -0.316899205   -0.039626426
    1.388657230   -0.314913410   -0.040500210
    1.399177361   -0.312822666   -0.041373257
    1.409697491   -0.310628383   -0.042245377
    1.420217622   -0.308332016   -0.043116383
    1.430737753   -0.305935057   -0.043986090
    1.441257883   -0.303439034   -0.044854314
    1.451778014   -0.300845502   -0.045720874
    1.462298144   -0.298156039   -0.046585592
    1.472818275   -0.295372241   -0.047448290
    1.483338405   -0.292495721   -0.048308796
    1.493858536   -0.289528099   -0.049166936
    1.504378666   -0.286471006   -0.050022540
    1.514898797   -0.283326077   -0.050875439
    1.525418927   -0.280094952   -0.051725468
    1.535939058   -0.276779271   -0.052572460
    1.546459188   -0.273380677   -0.053416252
    1.556979319   -0.269900812   -0.054256680
    1.567499449   -0.266341320   -0.055093583
    1.578019580   -0.262703844   -0.055926799
    1.588539711   -0.258990027   -0.056756168
    1.599059841   -0.255201515   -0.057581529
    1.609579972   -0.251339956   -0.058402722
    1.620100102   -0.247407003   -0.059219585
    1.630620233   -0.243404311   -0.060031959
    1.641140363   -0.239333545   -0.060839683
    1.651660494   -0.235196376   -0.061642593
    1.662180624   -0.230994487   -0.062440528
    1.672700755   -0.226729573   -0.063233326
    1.683220885   -0.222403344   -0.064020821
    1.693741016   -0.218017527   -0.064802850
    1.704261146   -0.213573870   -0.065579247
    1.714781277   -0.209074143   -0.066349846
    1.725301407   -0.204520143   -0.067114480
    1.735821538   -0.199913695   -0.067872982
    1.746341669   -0.195256659   -0.068625185
    1.756861799   -0.190550932   -0.069370919
    1.767381930   -0.185798450   -0.070110018
    1.777902060   -0.181001196   -0.070842312
    1.788422191   -0.176161202   -0.071567635
    1.798942321   -0.171280556   -0.072285817
    1.809462452   -0.166361402   -0.072996693
    1.819982582   -0.161405953   -0.073700096
    1.830502713   -0.156416485   -0.074395863
    1.841022843   -0.151395352   -0.075083828
    1.851542974   -0.146344985   -0.075763832
    1.862063104   -0.141267897   -0.076435713
    1.872583235   -0.136166687   -0.077099314
    1.883103365   -0.131044046   -0.077754481
    1.893623496   -0.125902758   -0.078401059
    1.904143627   -0.120745700   -0.079038901
    1.914663757   -0.115575851   -0.079667858
    1.925183888   -0.110396283   -0.080287787
    1.935704018   -0.105210172   -0.080898550
    1.946224149   -0.100020785   -0.081500009
    1.956744279   -0.094831490   -0.082092032
    1.967264410   -0.089645743   -0.082674490
    1.977784540   -0.084467089   -0.083247261
    1.988304671   -0.079299156   -0.083810225
    1.998824801   -0.074145645   -0.084363265
    2.009344932   -0.069010328   -0.084906273
    2.019865062   -0.063897033   -0.085439141
    2.030385193   -0.058809640   -0.085961770
    2.040905323   -0.053752066   -0.086474064
    2.051425454   -0.048728256   -0.086975933
    2.061945585   -0.043742168   -0.087467290
    2.072465715   -0.038797763   -0.087948057
    2.082985846   -0.033898993   -0.088418158
    2.093505976   -0.029049782   -0.088877526
    2.104026107   -0.024254019   -0.089326095
    2.114546237   -0.019515540   -0.089763810
    2.125066368   -0.014838119   -0.090190618
    2.135586498   -0.010225454   -0.090606473
    2.146106629   -0.005681153   -0.091011334
    2.156626759   -0.001208726   -0.091405169
    2.167146890    0.003188423   -0.091787948
    2.177667020    0.007507009   -0.092159650
    2.188187151    0.011743871   -0.092520257
    2.198707281    0.015895979   -0.092869761
    2.209227412    0.019960436   -0.093208156
    2.219747543    0.023934483   -0.093535444
    2.230267673    0.027815501   -0.093851634
    2.240787804    0.031601010   -0.094156739
    2.251307934    0.035288666   -0.094450778
    2.261828065    0.038876262   -0.094733775
    2.272348195    0.042361720   -0.095005763
    2.282868326    0.045743086   -0.095266777
    2.293388456    0.049018526   -0.095516857
    2.303908587    0.052186318   -0.095756051
    2.314428717    0.055244840   -0.095984410
    2.324948848    0.058192567   -0.096201990
    2.335468978    0.061028058   -0.096408852
    2.345989109    0.063749951   -0.096605060
    2.356509239    0.066356950   -0.096790683
    2.367029370    0.068847818   -0.096965794
    2.377549501    0.071221370   -0.097130468
    2.388069631    0.073476466   -0.097284785
    2.398589762    0.075612002   -0.097428827
    2.409109892    0.077626908   -0.097562678
    2.419630023    0.079520143   -0.097686426
    2.430150153    0.081290689   -0.097800161
    2.440670284    0.082937554   -0.097903972
    2.451190414    0.084459772   -0.097997952
    2.461710545    0.085856398   -0.098082195
    2.472230675    0.087126520   -0.098156796
    2.482750806    0.088269258   -0.098221851
    2.493270936    0.089283767   -0.098277456
    2.503791067    0.090169251   -0.098323707
    2.514311197    0.090924965   -0.098360700
    2.524831328    0.091550227   -0.098388535
    2.535351459    0.092044425   -0.098407306
    2.545871589    0.092407027   -0.098417110
    2.556391720    0.092637597   -0.098418045
    2.566911850    0.092735795   -0.098410205
    2.577431981    0.092701398   -0.098393688
    2.587952111    0.092534304   -0.098368587
    2.598472242    0.092234542   -0.098334997
    2.608992372    0.091802283   -0.098293014
    2.619512503    0.091237848   -0.098242729
    2.630032633    0.090541710   -0.098184238
    2.640552764    0.089714507   -0.098117633
    2.651072894    0.088757041   -0.098043007
    2.661593025    0.087670281   -0.097960452
    2.672113155    0.086455369   -0.097870061
    2.682633286    0.085113614   -0.097771926
    2.693153417    0.083646492   -0.097666139
    2.703673547    0.082055646   -0.097552794
    2.714193678    0.080342877   -0.097431983
    2.724713808    0.078510140   -0.097303799
    2.735233939    0.076559536   -0.097168336
    2.745754069    0.074493303   -0.097025689
    2.756274200    0.072313808   -0.096875952
    2.766794330    0.070023537   -0.096719221
    2.777314461    0.067625081   -0.096555595
    2.787834591    0.065121129   -0.096385169
    2.798354722    0.062514454   -0.096208045
    2.808874852    0.059807902   -0.096024322
    2.819394983    0.057004382   -0.095834103
    2.829915113    0.054106853   -0.095637491
    2.840435244    0.051118318   -0.095434591
    2.850955375    0.048041812   -0.095225512
    2.861475505    0.044880392   -0.095010361
    2.871995636    0.041637134   -0.094789250
    2.882515766    0.038315125   -0.094562291
    2.893035897    0.034917457   -0.094329602
    2.903556027    0.031447223   -0.094091299
    2.914076158    0.027907520   -0.093847502
    2.924596288    0.024301440   -0.093598334
    2.935116419    0.020632075   -0.093343922
    2.945636549    0.016902519   -0.093084391
    2.956156680    0.013115868   -0.092819875
    2.966676810    0.009275223   -0.092550505
    2.977196941    0.005383696   -0.092276419
    2.987717071    0.001444411   -0.091997757
    2.998237202   -0.002539485   -0.091714659
    3.008757333   -0.006564823   -0.091427273
    3.019277463   -0.010628403   -0.091135746
    3.029797594   -0.014726991   -0.090840228
    3.040317724   -0.018857312   -0.090540875
    3.050837855   -0.023016048   -0.090237842
    3.061357985   -0.027199833   -0.089931290
    3.071878116   -0.031405250   -0.089621378
    3.082398246   -0.035628832   -0.089308273
    3.092918377   -0.039867058   -0.088992139
    3.103438507   -0.044116356   -0.088673145
    3.113958638   -0.048373101   -0.088351461
    3.124478768   -0.052633624   -0.088027257
    3.134998899   -0.056894212   -0.087700705
    3.145519029   -0.061151116   -0.087371979
    3.156039160   -0.065400555   -0.087041251
    3.166559291   -0.069638728   -0.086708694
    3.177079421   -0.073861821   -0.086374481
    3.187599552   -0.078066016   -0.086038783
    3.198119682   -0.082247505   -0.085701771
    3.208639813   -0.086402499   -0.085363612
    3.219159943   -0.090527242   -0.085024474
    3.229680074   -0.094618023   -0.084684518
    3.240200204   -0.098671187   -0.084343905
    3.250720335   -0.102683150   -0.084002792
    3.261240465   -0.106650407   -0.083661331
    3.271760596   -0.110569551   -0.083319668
    3.282280726   -0.114437276   -0.082977946
    3.292800857   -0.118250393   -0.082636302
    3.303320987   -0.122005839   -0.082294868
    3.313841118   -0.125700682   -0.081953766
    3.324361249   -0.129332131   -0.081613117
    3.334881379   -0.132897542   -0.081273030
    3.345401510   -0.136394420   -0.080933611
    3.355921640   -0.139820427   -0.080594956
    3.366441771   -0.143173380   -0.080257154
    3.376961901   -0.146451253   -0.079920287
    3.387482032   -0.149652174   -0.079584430
    3.398002162   -0.152774426   -0.079249648
    3.408522293   -0.155816443   -0.078916002
    3.419042423   -0.158776804   -0.078583542
    3.429562554   -0.161654228   -0.078252313
    3.440082684   -0.164447567   -0.077922351
    3.450602815   -0.167155802   -0.077593687
    3.461122945   -0.169778031   -0.077266344
    3.471643076   -0.172313461   -0.076940339
    3.482163207   -0.174761403   -0.076615682
    3.492683337   -0.177121259   -0.076292379
    3.503203468   -0.179392518   -0.075970430
    3.513723598   -0.181574741   -0.075649831
    3.524243729   -0.183667556   -0.075330572
    3.534763859   -0.185670652   -0.075012641
    3.545283990   -0.187583767   -0.074696021
    3.555804120   -0.189406681   -0.074380693
    3.566324251   -0.191139216   -0.074066636
    3.576844381   -0.192781221   -0.073753826
    3.587364512   -0.194332574   -0.073442240
    3.597884642   -0.195793173   -0.073131850
    3.608404773   -0.197162938   -0.072822633
    3.618924903   -0.198441803   -0.072514560
    3.629445034   -0.199629716   -0.072207608
    3.639965165   -0.200726639   -0.071901752
    3.650485295   -0.201732545   -0.071596968
    3.661005426   -0.202647424   -0.071293235
    3.671525556   -0.203471274   -0.070990534
    3.682045687   -0.204204113   -0.070688847
    3.692565817   -0.204845972   -0.070388161
    3.703085948   -0.205396903   -0.070088463
    3.713606078   -0.205856976   -0.069789745
    3.724126209   -0.206226289   -0.069492002
    3.734646339   -0.206504961   -0.069195233
    3.745166470   -0.206693144   -0.068899439
    3.755686600   -0.206791019   -0.068604628
    3.766206731   -0.206798800   -0.068310807
    3.776726861   -0.206716741   -0.068017992
    3.787246992   -0.206545129   -0.067726200
    3.797767123   -0.206284295   -0.067435453
    3.808287253   -0.205934611   -0.067145777
    3.818807384   -0.205496490   -0.066857203
    3.829327514   -0.204970390   -0.066569765
    3.839847645   -0.204356816   -0.066283501
    3.850367775   -0.203656313   -0.065998454
    3.860887906   -0.202869475   -0.065714670
    3.871408036   -0.201996936   -0.065432200
    3.881928167   -0.201039379   -0.065151099
    3.892448297   -0.199997523   -0.064871424
    3.902968428   -0.198872134   -0.064593239
    3.913488558   -0.197664015   -0.064316609
    3.924008689   -0.196374006   -0.064041604
    3.934528819   -0.195002985   -0.063768297
    3.945048950   -0.193551862   -0.063496765
    3.955569081   -0.192021582   -0.063227088
    3.966089211   -0.190413115   -0.062959350
    3.976609342   -0.188727461   -0.062693638
    3.987129472   -0.186965642   -0.062430041
    3.997649603   -0.185128704   -0.062168654
    4.008169733   -0.183217712   -0.061909572
    4.018689864   -0.181233745   -0.061652895
    4.029209994   -0.179177900   -0.061398723
    4.039730125   -0.177051283   -0.061147162
    4.050250255   -0.174855010   -0.060898319
    4.060770386   -0.172590204   -0.060652303
    4.071290516   -0.170257993   -0.060409225
    4.081810647   -0.167859506   -0.060169200
    4.092330777   -0.165395874   -0.059932343
    4.102850908   -0.162868227   -0.059698771
    4.113371039   -0.160277689   -0.059468605
    4.123891169   -0.157625383   -0.059241963
    4.134411300   -0.154912424   -0.059018968
    4.144931430   -0.152139921   -0.058799742
    4.155451561   -0.149308976   -0.058584410
    4.165971691   -0.146420682   -0.058373094
    4.176491822   -0.143476124   -0.058165920
    4.187011952   -0.140476381   -0.057963012
    4.197532083   -0.137422524   -0.057764493
    4.208052213   -0.134315620   -0.057570489
    4.218572344   -0.131156729   -0.057381121
    4.229092474   -0.127946911   -0.057196512
    4.239612605   -0.124687226   -0.057016782
    4.250132735   -0.121378739   -0.056842050
    4.260652866   -0.118022520   -0.056672434
    4.271172997   -0.114619651   -0.056508047
    4.281693127   -0.111171228   -0.056349003
    4.292213258   -0.107678369   -0.056195409
    4.302733388   -0.104142216   -0.056047373
    4.313253519   -0.100563943   -0.055904995
    4.323773649   -0.096944760   -0.055768375
    4.334293780   -0.093285921   -0.055637605
    4.344813910   -0.089588728   -0.055512776
    4.355334041   -0.085854538   -0.055393971
    4.365854171   -0.082084772   -0.055281269
    4.376374302   -0.078280919   -0.055174743
    4.386894432   -0.074444541   -0.055074459
    4.397414563   -0.070577283   -0.054980480
    4.407934693   -0.066680873   -0.054892858
    4.418454824   -0.062757132   -0.054811640
    4.428974955   -0.058807979   -0.054736867
    4.439495085   -0.054835429   -0.054668571
    4.450015216   -0.050841604   -0.054606776
    4.460535346   -0.046828730   -0.054551499
    4.471055477   -0.042799141   -0.054502748
    4.481575607   -0.038755280   -0.054460523
    4.492095738   -0.034699699   -0.054424816
    4.502615868   -0.030635057   -0.054395609
    4.513135999   -0.026564120   -0.054372877
    4.523656129   -0.022489756   -0.054356585
    4.534176260   -0.018414931   -0.054346688
    4.544696390   -0.014342707   -0.054343136
    4.555216521   -0.010276233   -0.054345866
    4.565736651   -0.006218741   -0.054354808
    4.576256782   -0.002173537   -0.054369883
    4.586776913    0.001856006   -0.054391004
    4.597297043    0.005866459   -0.054418075
    4.607817174    0.009854342   -0.054450992
    4.618337304    0.013816136   -0.054489642
    4.628857435    0.017748293   -0.054533906
    4.639377565    0.021647247   -0.054583655
    4.649897696    0.025509421   -0.054638755
    4.660417826    0.029331239   -0.054699064
    4.670937957    0.033109137   -0.054764432
    4.681458087    0.036839571   -0.054834706
    4.691978218    0.040519027   -0.054909724
    4.702498348    0.044144028   -0.054989318
    4.713018479    0.047711148   -0.055073319
    4.723538609    0.051217013   -0.055161547
    4.734058740    0.054658313   -0.055253823
    4.744578871    0.058031806   -0.055349960
    4.755099001    0.061334325   -0.055449768
    4.765619132    0.064562784   -0.055553055
    4.776139262    0.067714181   -0.055659623
    4.786659393    0.070785603   -0.055769275
    4.797179523    0.073774226   -0.055881806
    4.807699654    0.076677325   -0.055997014
    4.818219784    0.079492266   -0.056114692
    4.828739915    0.082216517   -0.056234630
    4.839260045    0.084847642   -0.056356619
    4.849780176    0.087383306   -0.056480448
    4.860300306    0.089821274   -0.056605901
    4.870820437    0.092159410   -0.056732766
    4.881340567    0.094395679   -0.056860826
    4.891860698    0.096528146   -0.056989864
    4.902380829    0.098554976   -0.057119663
    4.912900959    0.100474434   -0.057250002
    4.923421090    0.102284884   -0.057380661
    4.933941220    0.103984793   -0.057511419
    4.944461351    0.105572727   -0.057642055
    4.954981481    0.107047352   -0.057772343
    4.965501612    0.108407440   -0.057902060
    4.976021742    0.109651860   -0.058030979
    4.986541873    0.110779591   -0.058158875
    4.997062003    0.111789714   -0.058285518
    5.007582134    0.112681417   -0.058410679
    5.018102264    0.113453996   -0.058534129
    5.028622395    0.114106859   -0.058655636
    5.039142525    0.114639522   -0.058774966
    5.049662656    0.115051614   -0.058891887
    5.060182787    0.115342880   -0.059006165
    5.070702917    0.115513176   -0.059117563
    5.081223048    0.115562475   -0.059225847
    5.091743178    0.115490866   -0.059330780
    5.102263309    0.115298551   -0.059432126
    5.112783439    0.114985849   -0.059529648
    5.123303570    0.114553191   -0.059623110
    5.133823700    0.114001119   -0.059712277
    5.144343831    0.113330286   -0.059796915
    5.154863961    0.112541452   -0.059876790
    5.165384092    0.111635479   -0.059951671
    5.175904222    0.110613328   -0.060021328
    5.186424353    0.109476057   -0.060085535
    5.196944483    0.108224811   -0.060144067
    5.207464614    0.106860823   -0.060196704
    5.217984745    0.105385403   -0.060243229
    5.228504875    0.103799933   -0.060283430
    5.239025006    0.102105863   -0.060317100
    5.249545136    0.100304704   -0.060344035
    5.260065267    0.098398019   -0.060364040
    5.270585397    0.096387421   -0.060376924
    5.281105528    0.094274565   -0.060382503
    5.291625658    0.092061141   -0.060380601
    5.302145789    0.089748872   -0.060371047
    5.312665919    0.087339505   -0.060353680
    5.323186050    0.084834812   -0.060328348
    5.333706180    0.082236582   -0.060294904
    5.344226311    0.079546622   -0.060253212
    5.354746441    0.076766751   -0.060203145
    5.365266572    0.073898803   -0.060144584
    5.375786703    0.070944624   -0.060077421
    5.386306833    0.067906073   -0.060001556
    5.396826964    0.064785026   -0.059916899
    5.407347094    0.061583373   -0.059823369
    5.417867225    0.058303027   -0.059720896
    5.428387355    0.054945924   -0.059609419
    5.438907486    0.051514030   -0.059488886
    5.449427616    0.048009342   -0.059359254
    5.459947747    0.044433899   -0.059220491
    5.470467877    0.040789783   -0.059072574
    5.480988008    0.037079129   -0.058915487
    5.491508138    0.033304130   -0.058749224
    5.502028269    0.029467042   -0.058573788
    5.512548399    0.025570193   -0.058389190
    5.523068530    0.021615988   -0.058195449
    5.533588661    0.017606913   -0.057992591
    5.544108791    0.013545545   -0.057780650
    5.554628922    0.009434554   -0.057559667
    5.565149052    0.005276705   -0.057329690
    5.575669183    0.001074868   -0.057090773
    5.586189313   -0.003167985   -0.056842977
    5.596709444   -0.007448775   -0.056586367
    5.607229574   -0.011764315   -0.056321015
    5.617749705   -0.016111311   -0.056046997
    5.628269835   -0.020486362   -0.055764396
    5.638789966   -0.024885960   -0.055473296
    5.649310096   -0.029306495   -0.055173788
    5.659830227   -0.033744259   -0.054865966
    5.670350357   -0.038195445   -0.054549927
    5.680870488   -0.042656159   -0.054225772
    5.691390619   -0.047122423   -0.053893605
    5.701910749   -0.051590178   -0.053553532
    5.712430880   -0.056055299   -0.053205664
    5.722951010   -0.060513597   -0.052850111
    5.733471141   -0.064960828   -0.052486988
    5.743991271   -0.069392704   -0.052116410
    5.754511402   -0.073804901   -0.051738495
    5.765031532   -0.078193068   -0.051353363
    5.775551663   -0.082552838   -0.050961134
    5.786071793   -0.086879835   -0.050561931
    5.796591924   -0.091169687   -0.050155877
    5.807112054   -0.095418035   -0.049743098
    5.817632185   -0.099620541   -0.049323720
    5.828152315   -0.103772899   -0.048897870
    5.838672446   -0.107870845   -0.048465677
    5.849192577   -0.111910167   -0.048027268
    5.859712707   -0.115886710   -0.047582776
    5.870232838   -0.119796392   -0.047132331
    5.880752968   -0.123635205   -0.046676066
    5.891273099   -0.127399230   -0.046214114
    5.901793229   -0.131084643   -0.045746608
    5.912313360   -0.134687720   -0.045273685
    5.922833490   -0.138204852   -0.044795480
    5.933353621   -0.141632544   -0.044312131
    5.943873751   -0.144967431   -0.043823777
    5.954393882   -0.148206277   -0.043330557
    5.964914012   -0.151345990   -0.042832612
    5.975434143   -0.154383621   -0.042330084
    5.985954273   -0.157316376   -0.041823118
    5.996474404   -0.160141621   -0.041311859
    6.006994535   -0.162856886   -0.040796452
    6.017514665   -0.165459873   -0.040277046
    6.028034796   -0.167948461   -0.039753791
    6.038554926   -0.170320708   -0.039226839
    6.049075057   -0.172574862   -0.038696343
    6.059595187   -0.174709358   -0.038162459
    6.070115318   -0.176722827   -0.037625342
    6.080635448   -0.178614098   -0.037085154
    6.091155579   -0.180382198   -0.036542054
    6.101675709   -0.182026359   -0.035996207
    6.112195840   -0.183546017   -0.035447777
    6.122715970   -0.184940812   -0.034896932
    6.133236101   -0.186210589   -0.034343842
    6.143756231   -0.187355400   -0.033788679
    6.154276362   -0.188375499   -0.033231616
    6.164796493   -0.189271342   -0.032672831
    6.175316623   -0.190043586   -0.032112501
    6.185836754   -0.190693082   -0.031550808
    6.196356884   -0.191220872   -0.030987933
    6.206877015   -0.191628187   -0.030424062
    6.217397145   -0.191916436   -0.029859381
    6.227917276   -0.192087204   -0.029294079
    6.238437406   -0.192142244   -0.028728347
    6.248957537   -0.192083467   -0.028162375
    6.259477667   -0.191912938   -0.027596359
    6.269997798   -0.191632863   -0.027030494
    6.280517928   -0.191245584   -0.026464975
    6.291038059   -0.190753566   -0.025900001
    6.301558189   -0.190159390   -0.025335770
    6.312078320   -0.189465742   -0.024772482
    6.322598451   -0.188675402   -0.024210337
    6.333118581   -0.187791238   -0.023649535
    6.343638712   -0.186816190   -0.023090279
    6.354158842   -0.185753266   -0.022532770
    6.364678973   -0.184605528   -0.021977207
    6.375199103   -0.183376085   -0.021423793
    6.385719234   -0.182068084   -0.020872728
    6.396239364   -0.180684697   -0.020324212
    6.406759495   -0.179229119   -0.019778443
    6.417279625   -0.177704555   -0.019235621
    6.427799756   -0.176114213   -0.018695941
    6.438319886   -0.174461298   -0.018159599
    6.448840017   -0.172749004   -0.017626790
    6.459360147   -0.170980507   -0.017097706
    6.469880278   -0.169158961   -0.016572536
    6.480400409   -0.167287490   -0.016051470
    6.490920539   -0.165369182   -0.015534695
    6.501440670   -0.163407087   -0.015022393
    6.511960800   -0.161404208   -0.014514749
    6.522480931   -0.159363499   -0.014011941
    6.533001061   -0.157287860   -0.013514147
    6.543521192   -0.155180133   -0.013021543
    6.554041322   -0.153043097   -0.012534300
    6.564561453   -0.150879464   -0.012052589
    6.575081583   -0.148691877   -0.011576579
    6.585601714   -0.146482903   -0.011106433
    6.596121844   -0.144255031   -0.010642317
    6.606641975   -0.142010669   -0.010184390
    6.617162105   -0.139752139   -0.009732812
    6.627682236   -0.137481676   -0.009287738
    6.638202367   -0.135201420   -0.008849325
    6.648722497   -0.132913415   -0.008417723
    6.659242628   -0.130619610   -0.007993084
    6.669762758   -0.128321847   -0.007575558
    6.680282889   -0.126021868   -0.007165290
    6.690803019   -0.123721306   -0.006762428
    6.701323150   -0.121421683   -0.006367115
    6.711843280   -0.119124412   -0.005979494
    6.722363411   -0.116830795   -0.005599706
    6.732883541   -0.114542017   -0.005227892
    6.743403672   -0.112259153   -0.004864190
    6.753923802   -0.109983160   -0.004508738
    6.764443933   -0.107714888   -0.004161673
    6.774964063   -0.105455069   -0.003823128
    6.785484194   -0.103204330   -0.003493238
    6.796004325   -0.100963189   -0.003172135
    6.806524455   -0.098732061   -0.002859948
    6.817044586   -0.096511258   -0.002556808
    6.827564716   -0.094301000   -0.002262841
    6.838084847   -0.092101415   -0.001978171
    6.848604977   -0.089912544   -0.001702921
    6.859125108   -0.087734351   -0.001437212
    6.869645238   -0.085566727   -0.001181160
    6.880165369   -0.083409497   -0.000934880
    6.890685499   -0.081262428   -0.000698481
    6.901205630   -0.079125234   -0.000472073
    6.911725760   -0.076997587   -0.000255756
    6.922245891   -0.074879125   -0.000049630
    6.932766021   -0.072769454    0.000146212
    6.943286152   -0.070668164    0.000331681
    6.953806283   -0.068574827    0.000506695
    6.964326413   -0.066489015    0.000671177
    6.974846544   -0.064410296    0.000825056
    6.985366674   -0.062338250    0.000968269
    6.995886805   -0.060272469    0.001100759
    7.006406935   -0.058212565    0.001222477
    7.016927066   -0.056158176    0.001333382
    7.027447196   -0.054108968    0.001433442
    7.037967327   -0.052064642    0.001522631
    7.048487457   -0.050024937    0.001600933
    7.059007588   -0.047989631    0.001668343
    7.069527718   -0.045958544    0.001724862
    7.080047849   -0.043931543    0.001770502
    7.090567979   -0.041908538    0.001805286
    7.101088110   -0.039889487    0.001829245
    7.111608241   -0.037874394    0.001842419
    7.122128371   -0.035863309    0.001844862
    7.132648502   -0.033856331    0.001836634
    7.143168632   -0.031853600    0.001817807
    7.153688763   -0.029855303    0.001788463
    7.164208893   -0.027861667    0.001748694
    7.174729024   -0.025872962    0.001698604
    7.185249154   -0.023889495    0.001638304
    7.195769285   -0.021911610    0.001567917
    7.206289415   -0.019939687    0.001487577
    7.216809546   -0.017974138    0.001397426
    7.227329676   -0.016015404    0.001297616
    7.237849807   -0.014063954    0.001188311
    7.248369937   -0.012120283    0.001069683
    7.258890068   -0.010184911    0.000941914
    7.269410199   -0.008258374    0.000805195
    7.279930329   -0.006341231    0.000659728
    7.290450460   -0.004434053    0.000505723
    7.300970590   -0.002537426    0.000343400
    7.311490721   -0.000651946    0.000172987
    7.322010851    0.001221783   -0.000005277
    7.332530982    0.003083153   -0.000191145
    7.343051112    0.004931553   -0.000384362
    7.353571243    0.006766373   -0.000584662
    7.364091373    0.008587009   -0.000791772
    7.374611504    0.010392861   -0.001005411
    7.385131634    0.012183344   -0.001225288
    7.395651765    0.013957883   -0.001451103
    7.406171895    0.015715924   -0.001682551
    7.416692026    0.017456934   -0.001919316
    7.427212157    0.019180401   -0.002161075
    7.437732287    0.020885847   -0.002407499
    7.448252418    0.022572820   -0.002658250
    7.458772548    0.024240908   -0.002912983
    7.469292679    0.025889733   -0.003171348
    7.479812809    0.027518958   -0.003432985
    7.490332940    0.029128291   -0.003697532
    7.500853070    0.030717482   -0.003964620
    7.511373201    0.032286328   -0.004233873
    7.521893331    0.033834672   -0.004504914
    7.532413462    0.035362405   -0.004777358
    7.542933592    0.036869462   -0.005050819
    7.553453723    0.038355824   -0.005324907
    7.563973853    0.039821515   -0.005599231
    7.574493984    0.041266595   -0.005873397
    7.585014115    0.042691164   -0.006147010
    7.595534245    0.044095349   -0.006419674
    7.606054376    0.045479304   -0.006690996
    7.616574506    0.046843201   -0.006960582
    7.627094637    0.048187224   -0.007228040
    7.637614767    0.049511562   -0.007492982
    7.648134898    0.050816398   -0.007755021
    7.658655028    0.052101904   -0.008013777
    7.669175159    0.053368226   -0.008268871
    7.679695289    0.054615484   -0.008519933
    7.690215420    0.055843753   -0.008766596
    7.700735550    0.057053060   -0.009008504
    7.711255681    0.058243371   -0.009245302
    7.721775811    0.059414586   -0.009476649
    7.732295942    0.060566529   -0.009702208
    7.742816073    0.061698941   -0.009921653
    7.753336203    0.062811473   -0.010134666
    7.763856334    0.063903682   -0.010340939
    7.774376464    0.064975027   -0.010540174
    7.784896595    0.066024866   -0.010732082
    7.795416725    0.067052455   -0.010916385
    7.805936856    0.068056948   -0.011092815
    7.816456986    0.069037400   -0.011261116
    7.826977117    0.069992769   -0.011421039
    7.837497247    0.070921924   -0.011572350
    7.848017378    0.071823651   -0.011714821
    7.858537508    0.072696662   -0.011848237
    7.869057639    0.073539604   -0.011972393
    7.879577769    0.074351075   -0.012087094
    7.890097900    0.075129633   -0.012192154
    7.900618031    0.075873812   -0.012287399
    7.911138161    0.076582141   -0.012372662
    7.921658292    0.077253154   -0.012447788
    7.932178422    0.077885416   -0.012512630
    7.942698553    0.078477531   -0.012567050
    7.953218683    0.079028170   -0.012610920
    7.963738814    0.079536081   -0.012644120
    7.974258944    0.080000109   -0.012666540
    7.984779075    0.080419218   -0.012678077
    7.995299205    0.080792501   -0.012678638
    8.005819336    0.081119197   -0.012668137
    8.016339466    0.081398707   -0.012646499
    8.026859597    0.081630608   -0.012613656
    8.037379727    0.081814658   -0.012569548
    8.047899858    0.081950812   -0.012514125
    8.058419989    0.082039225   -0.012447344
    8.068940119    0.082080261   -0.012369174
    8.079460250    0.082074490   -0.012279589
    8.089980380    0.082022696   -0.012178576
    8.100500511    0.081925870   -0.012066127
    8.111020641    0.081785210   -0.011942248
    8.121540772    0.081602113   -0.011806950
    8.132060902    0.081378167   -0.011660258
    8.142581033    0.081115143   -0.011502203
    8.153101163    0.080814980   -0.011332829
    8.163621294    0.080479774   -0.011152189
    8.174141424    0.080111761   -0.010960346
    8.184661555    0.079713304   -0.010757374
    8.195181685    0.079286868   -0.010543356
    8.205701816    0.078835009   -0.010318388
    8.216221947    0.078360351   -0.010082574
    8.226742077    0.077865566   -0.009836030
    8.237262208    0.077353354   -0.009578882
    8.247782338    0.076826426   -0.009311267
    8.258302469    0.076287481   -0.009033331
    8.268822599    0.075739189   -0.008745231
    8.279342730    0.075184171   -0.008447135
    8.289862860    0.074624982   -0.008139219
    8.300382991    0.074064098   -0.007821670
    8.310903121    0.073503895   -0.007494683
    8.321423252    0.072946639   -0.007158465
    8.331943382    0.072394476   -0.006813230
    8.342463513    0.071849416   -0.006459200
    8.352983643    0.071313327   -0.006096607
    8.363503774    0.070787930   -0.005725691
    8.374023905    0.070274788   -0.005346700
    8.384544035    0.069775307   -0.004959889
    8.395064166    0.069290732   -0.004565521
    8.405584296    0.068822145   -0.004163867
    8.416104427    0.068370467   -0.003755204
    8.426624557    0.067936460   -0.003339816
    8.437144688    0.067520729   -0.002917994
    8.447664818    0.067123729   -0.002490035
    8.458184949    0.066745769   -0.002056242
    8.468705079    0.066387017   -0.001616926
    8.479225210    0.066047508   -0.001172401
    8.489745340    0.065727153   -0.000722990
    8.500265471    0.065425746   -0.000269020
    8.510785601    0.065142970    0.000189177
    8.521305732    0.064878410    0.000651262
    8.531825863    0.064631558    0.001116892
    8.542345993    0.064401822    0.001585717
    8.552866124    0.064188536    0.002057385
    8.563386254    0.063990967    0.002531535
    8.573906385    0.063808323    0.003007806
    8.584426515    0.063639761    0.003485828
    8.594946646    0.063484393    0.003965231
    8.605466776    0.063341293    0.004445639
    8.615986907    0.063209507    0.004926672
    8.626507037    0.063088052    0.005407949
    8.637027168    0.062975929    0.005889085
    8.647547298    0.062872121    0.006369692
    8.658067429    0.062775605    0.006849383
    8.668587559    0.062685349    0.007327767
    8.679107690    0.062600325    0.007804456
    8.689627821    0.062519504    0.008279060
    8.700147951    0.062441865    0.008751191
    8.710668082    0.062366397    0.009220463
    8.721188212    0.062292103    0.009686492
    8.731708343    0.062218002    0.010148900
    8.742228473    0.062143134    0.010607310
    8.752748604    0.062066562    0.011061353
    8.763268734    0.061987372    0.011510666
    8.773788865    0.061904682    0.011954893
    8.784308995    0.061817640    0.012393686
    8.794829126    0.061725427    0.012826708
    8.805349256    0.061627263    0.013253630
    8.815869387    0.061522405    0.013674136
    8.826389517    0.061410151    0.014087919
    8.836909648    0.061289845    0.014494689
    8.847429779    0.061160873    0.014894166
    8.857949909    0.061022668    0.015286087
    8.868470040    0.060874713    0.015670201
    8.878990170    0.060716535    0.016046275
    8.889510301    0.060547713    0.016414091
    8.900030431    0.060367873    0.016773448
    8.910550562    0.060176691    0.017124162
    8.921070692    0.059973887    0.017466065
    8.931590823    0.059759228    0.017799008
    8.942110953    0.059532524    0.018122859
    8.952631084    0.059293625    0.018437503
    8.963151214    0.059042419    0.018742843
    8.973671345    0.058778827    0.019038800
    8.984191475    0.058502800    0.019325310
    8.994711606    0.058214314    0.019602330
    9.005231737    0.057913367    0.019869829
    9.015751867    0.057599971    0.020127796
    9.026271998    0.057274148    0.020376235
    9.036792128    0.056935925    0.020615163
    9.047312259    0.056585329    0.020844616
    9.057832389    0.056222381    0.021064641
    9.068352520    0.055847091    0.021275300
    9.078872650    0.055459451    0.021476668
    9.089392781    0.055059435    0.021668833
    9.099912911    0.054646991    0.021851896
    9.110433042    0.054222038    0.022025967
    9.120953172    0.053784464    0.022191168
    9.131473303    0.053334123    0.022347633
    9.141993433    0.052870832    0.022495503
    9.152513564    0.052394375    0.022634931
    9.163033695    0.051904494    0.022766076
    9.173553825    0.051400901    0.022889108
    9.184073956    0.050883268    0.023004202
    9.194594086    0.050351239    0.023111544
    9.205114217    0.049804428    0.023211325
    9.215634347    0.049242423    0.023303742
    9.226154478    0.048664795    0.023389001
    9.236674608    0.048071096    0.023467312
    9.247194739    0.047460873    0.023538892
    9.257714869    0.046833670    0.023603963
    9.268235000    0.046189034    0.023662753
    9.278755130    0.045526526    0.023715497
    9.289275261    0.044845723    0.023762431
    9.299795391    0.044146233    0.023803800
    9.310315522    0.043427694    0.023839851
    9.320835653    0.042689786    0.023870838
    9.331355783    0.041932239    0.023897016
    9.341875914    0.041154835    0.023918646
    9.352396044    0.040357419    0.023935995
    9.362916175    0.039539899    0.023949329
    9.373436305    0.038702255    0.023958922
    9.383956436    0.037844544    0.023965047
    9.394476566    0.036966899    0.023967982
    9.404996697    0.036069531    0.023968008
    9.415516827    0.035152738    0.023965406
    9.426036958    0.034216896    0.023960461
    9.436557088    0.033262465    0.023953458
    9.447077219    0.032289986    0.023944682
    9.457597349    0.031300078    0.023934421
    9.468117480    0.030293437    0.023922960
    9.478637611    0.029270832    0.023910585
    9.489157741    0.028233099    0.023897582
    9.499677872    0.027181139    0.023884234
    9.510198002    0.026115912    0.023870823
    9.520718133    0.025038433    0.023857627
    9.531238263    0.023949761    0.023844923
    9.541758394    0.022851001    0.023832985
    9.552278524    0.021743293    0.023822081
    9.562798655    0.020627809    0.023812475
    9.573318785    0.019505745    0.023804430
    9.583838916    0.018378319    0.023798199
    9.594359046    0.017246768    0.023794034
    9.604879177    0.016112338    0.023792178
    9.615399307    0.014976287    0.023792871
    9.625919438    0.013839880    0.023796344
    9.636439569    0.012704387    0.023802824
    9.646959699    0.011571082    0.023812530
    9.657479830    0.010441246    0.023825676
    9.667999960    0.009316160    0.023842468
    9.678520091    0.008197117    0.023863105
    9.689040221    0.007085415    0.023887780
    9.699560352    0.005982363    0.023916679
    9.710080482    0.004889287    0.023949982
    9.720600613    0.003807528    0.023987859
    9.731120743    0.002738451    0.024030479
    9.741640874    0.001683448    0.024077999
    9.752161004    0.000643940    0.024130572
    9.762681135   -0.000378614    0.024188346
    9.773201265   -0.001382719    0.024251460
    9.783721396   -0.002366832    0.024320048
    9.794241527   -0.003329367    0.024394239
    9.804761657   -0.004268688    0.024474155
    9.815281788   -0.005183107    0.024559912
    9.825801918   -0.006070882    0.024651622
    9.836322049   -0.006930222    0.024749390
    9.846842179   -0.007759283    0.024853314
    9.857362310   -0.008556171    0.024963490
    9.867882440   -0.009318950    0.025080006
    9.878402571   -0.010045639    0.025202944
    9.888922701   -0.010734228    0.025332382
    9.899442832   -0.011382679    0.025468392
    9.909962962   -0.011988934    0.025611039
    9.920483093   -0.012550933    0.025760383
    9.931003223   -0.013066616    0.025916479
    9.941523354   -0.013533944    0.026079374
    9.952043485   -0.013950908    0.026249109
    9.962563615   -0.014315543    0.026425720
    9.973083746   -0.014625945    0.026609236
    9.983603876   -0.014880288    0.026799678
    9.994124007   -0.015076837    0.026997060
   10.004644137   -0.015213966    0.027201391
   10.015164268   -0.015290174    0.027412671
   10.025684398   -0.015304099    0.027630893
   10.036204529   -0.015254536    0.027856043
   10.046724659   -0.015140449    0.028088098
   10.057244790   -0.014960987    0.028327029
   10.067764920   -0.014715492    0.028572798
   10.078285051   -0.014403515    0.028825360
   10.088805181   -0.014024823    0.029084662
   10.099325312   -0.013579404    0.029350644
   10.109845443   -0.013067478    0.029623237
   10.120365573   -0.012489499    0.029902366
   10.130885704   -0.011846153    0.030187947
   10.141405834   -0.011138364    0.030479892
   10.151925965   -0.010367288    0.030778103
   10.162446095   -0.009534308    0.031082477
   10.172966226   -0.008641030    0.031392904
   10.183486356   -0.007689274    0.031709270
   10.194006487   -0.006681062    0.032031454
   10.204526617   -0.005618606    0.032359330
   10.215046748   -0.004504298    0.032692767
   10.225566878   -0.003340690    0.033031631
   10.236087009   -0.002130480    0.033375784
   10.246607139   -0.000876496    0.033725085
   10.257127270    0.000418324    0.034079389
   10.267647401    0.001750953    0.034438550
   10.278167531    0.003118286    0.034802421
   10.288687662    0.004517169    0.035170851
   10.299207792    0.005944411    0.035543692
   10.309727923    0.007396802    0.035920792
   10.320248053    0.008871137    0.036302002
   10.330768184    0.010364225    0.036687172
   10.341288314    0.011872910    0.037076154
   10.351808445    0.013394083    0.037468800
   10.362328575    0.014924695    0.037864964
   10.372848706    0.016461771    0.038264503
   10.383368836    0.018002414    0.038667274
   10.393888967    0.019543820    0.039073139
   10.404409097    0.021083279    0.039481961
   10.414929228    0.022618185    0.039893605
   10.425449359    0.024146032    0.040307940
   10.435969489    0.025664422    0.040724837
   10.446489620    0.027171061    0.041144171
   10.457009750    0.028663757    0.041565817
   10.467529881    0.030140422    0.041989656
   10.478050011    0.031599062    0.042415570
   10.488570142    0.033037776    0.042843442
   10.499090272    0.034454748    0.043273160
   10.509610403    0.035848244    0.043704613
   10.520130533    0.037216602    0.044137692
   10.530650664    0.038558228    0.044572289
   10.541170794    0.039871588    0.045008299
   10.551690925    0.041155204    0.045445617
   10.562211055    0.042407645    0.045884139
   10.572731186    0.043627524    0.046323763
   10.583251317    0.044813494    0.046764388
   10.593771447    0.045964243    0.047205910
   10.604291578    0.047078495    0.047648230
   10.614811708    0.048155001    0.048091246
   10.625331839    0.049192547    0.048534856
   10.635851969    0.050189951    0.048978958
   10.646372100    0.051146063    0.049423451
   10.656892230    0.052059771    0.049868232
   10.667412361    0.052930000    0.050313196
   10.677932491    0.053755722    0.050758241
   10.688452622    0.054535956    0.051203261
   10.698972752    0.055269776    0.051648151
   10.709492883    0.055956315    0.052092804
   10.720013013    0.056594770    0.052537113
   10.730533144    0.057184409    0.052980971
   10.741053275    0.057724578    0.053424269
   10.751573405    0.058214701    0.053866899
   10.762093536    0.058654285    0.054308752
   10.772613666    0.059042925    0.054749718
   10.783133797    0.059380305    0.055189688
   10.793653927    0.059666199    0.055628552
   10.804174058    0.059900466    0.056066202
   10.814694188    0.060083055    0.056502529
   10.825214319    0.060213994    0.056937425
   10.835734449    0.060293391    0.057370783
   10.846254580    0.060321421    0.057802497
   10.856774710    0.060298323    0.058232461
   10.867294841    0.060224387    0.058660573
   10.877814971    0.060099945    0.059086729
   10.888335102    0.059925357    0.059510831
   10.898855233    0.059700999    0.059932779
   10.909375363    0.059427249    0.060352477
   10.919895494    0.059104476    0.060769832
   10.930415624    0.058733019    0.061184752
   10.940935755    0.058313179    0.061597149
   10.951455885    0.057845204    0.062006937
   10.961976016    0.057329273    0.062414033
   10.972496146    0.056765489    0.062818358
   10.983016277    0.056153864    0.063219835
   10.993536407    0.055494312    0.063618391
   11.004056538    0.054786645    0.064013958
   11.014576668    0.054030562    0.064406470
   11.025096799    0.053225652    0.064795866
   11.035616929    0.052371391    0.065182088
   11.046137060    0.051467147    0.065565085
   11.056657191    0.050512183    0.065944807
   11.067177321    0.049505668    0.066321211
   11.077697452    0.048446686    0.066694258
   11.088217582    0.047334250    0.067063914
   11.098737713    0.046167319    0.067430151
   11.109257843    0.044944817    0.067792944
   11.119777974    0.043665653    0.068152277
   11.130298104    0.042328743    0.068508136
   11.140818235    0.040933037    0.068860514
   11.151338365    0.039477542    0.069209412
   11.161858496    0.037961352    0.069554835
   11.172378626    0.036383670    0.069896793
   11.182898757    0.034743839    0.070235305
   11.193418887    0.033041369    0.070570395
   11.203939018    0.031275959    0.070902093
   11.214459149    0.029447527    0.071230436
   11.224979279    0.027556227    0.071555468
   11.235499410    0.025602476    0.071877238
   11.246019540    0.023586970    0.072195803
   11.256539671    0.021510695    0.072511224
   11.267059801    0.019374950    0.072823572
   11.277579932    0.017181345    0.073132921
   11.288100062    0.014931817    0.073439352
   11.298620193    0.012628623    0.073742951
   11.309140323    0.010274347    0.074043810
   11.319660454    0.007871886    0.074342028
   11.330180584    0.005424448    0.074637707
   11.340700715    0.002935538    0.074930953
   11.351220845    0.000408938    0.075221879
   11.361740976   -0.002151309    0.075510599
   11.372261107   -0.004740921    0.075797234
   11.382781237   -0.007355402    0.076081904
   11.393301368   -0.009990074    0.076364736
   11.403821498   -0.012640096    0.076645856
   11.414341629   -0.015300504    0.076925395
   11.424861759   -0.017966238    0.077203483
   11.435381890   -0.020632174    0.077480252
   11.445902020   -0.023293153    0.077755836
   11.456422151   -0.025944020    0.078030367
   11.466942281   -0.028579645    0.078303978
   11.477462412   -0.031194961    0.078576803
   11.487982542   -0.033784981    0.078848974
   11.498502673   -0.036344833    0.079120620
   11.509022803   -0.038869777    0.079391873
   11.519542934   -0.041355224    0.079662860
   11.530063065   -0.043796756    0.079933708
   11.540583195   -0.046190137    0.080204542
   11.551103326   -0.048531325    0.080475483
   11.561623456   -0.050816478    0.080746654
   11.572143587   -0.053041956    0.081018171
   11.582663717   -0.055204326    0.081290151
   11.593183848   -0.057300354    0.081562707
   11.603703978   -0.059327001    0.081835953
   11.614224109   -0.061281417    0.082109997
   11.624744239   -0.063160927    0.082384946
   11.635264370   -0.064963019    0.082660908
   11.645784500   -0.066685332    0.082937985
   11.656304631   -0.068325636    0.083216281
   11.666824761   -0.069881819    0.083495895
   11.677344892   -0.071351865    0.083776929
   11.687865023   -0.072733845    0.084059479
   11.698385153   -0.074025889    0.084343644
   11.708905284   -0.075226181    0.084629519
   11.719425414   -0.076332935    0.084917200
   11.729945545   -0.077344387    0.085206783
   11.740465675   -0.078258781    0.085498360
   11.750985806   -0.079074359    0.085792025
   11.761505936   -0.079789355    0.086087871
   11.772026067   -0.080401990    0.086385990
   11.782546197   -0.080910468    0.086686474
   11.793066328   -0.081312976    0.086989413
   11.803586458   -0.081607691    0.087294897
   11.814106589   -0.081792780    0.087603015
   11.824626719   -0.081866413    0.087913854
   11.835146850   -0.081826767    0.088227501
   11.845666981   -0.081672046    0.088544041
   11.856187111   -0.081400490    0.088863556
   11.866707242   -0.081010392    0.089186129
   11.877227372   -0.080500115    0.089511837
   11.887747503   -0.079868113    0.089840757
   11.898267633   -0.079112946    0.090172963
   11.908787764   -0.078233298    0.090508527
   11.919307894   -0.077228000    0.090847514
   11.929828025   -0.076096047    0.091189990
   11.940348155   -0.074836612    0.091536014
   11.950868286   -0.073449065    0.091885644
   11.961388416   -0.071932986    0.092238932
   11.971908547   -0.070288180    0.092595927
   11.982428677   -0.068514686    0.092956672
   11.992948808   -0.066612784    0.093321207
   12.003468939   -0.064583004    0.093689567
   12.013989069   -0.062426127    0.094061783
   12.024509200   -0.060143188    0.094437882
   12.035029330   -0.057735472    0.094817886
   12.045549461   -0.055204512    0.095201811
   12.056069591   -0.052552082    0.095589671
   12.066589722   -0.049780187    0.095981475
   12.077109852   -0.046891052    0.096377228
   12.087629983   -0.043887110    0.096776931
   12.098150113   -0.040770987    0.097180581
   12.108670244   -0.037545486    0.097588172
   12.119190374   -0.034213570    0.097999695
   12.129710505   -0.030778342    0.098415137
   12.140230635   -0.027243032    0.098834482
   12.150750766   -0.023610970    0.099257711
   12.161270897   -0.019885576    0.099684802
   12.171791027   -0.016070337    0.100115733
   12.182311158   -0.012168791    0.100550475
   12.192831288   -0.008184512    0.100989001
   12.203351419   -0.004121092    0.101431278
   12.213871549    0.000017869    0.101877272
   12.224391680    0.004228775    0.102326948
   12.234911810    0.008508050    0.102780265
   12.245431941    0.012852137    0.103237183
   12.255952071    0.017257512    0.103697656
   12.266472202    0.021720685    0.104161638
   12.276992332    0.026238203    0.104629077
   12.287512463    0.030806651    0.105099919
   12.298032593    0.035422652    0.105574106
   12.308552724    0.040082862    0.106051577
   12.319072855    0.044783969    0.106532264
   12.329592985    0.049522689    0.107016097
   12.340113116    0.054295754    0.107502999
   12.350633246    0.059099911    0.107992890
   12.361153377    0.063931915    0.108485681
   12.371673507    0.068788517    0.108981280
   12.382193638    0.073666460    0.109479588
   12.392713768    0.078562472    0.109980499
   12.403233899    0.083473259    0.110483899
   12.413754029    0.088395498    0.110989670
   12.424274160    0.093325831    0.111497685
   12.434794290    0.098260867    0.112007810
   12.445314421    0.103197172    0.112519903
   12.455834551    0.108131271    0.113033816
   12.466354682    0.113059649    0.113549395
   12.476874813    0.117978753    0.114066475
   12.487394943    0.122884989    0.114584888
   12.497915074    0.127774737    0.115104458
   12.508435204    0.132644346    0.115625003
   12.518955335    0.137490150    0.116146333
   12.529475465    0.142308470    0.116668255
   12.539995596    0.147095631    0.117190570
   12.550515726    0.151847962    0.117713075
   12.561035857    0.156561819    0.118235562
   12.571555987    0.161233588    0.118757819
   12.582076118    0.165859702    0.119279634
   12.592596248    0.170436649    0.119800789
   12.603116379    0.174960991    0.120321067
   12.613636509    0.179429368    0.120840249
   12.624156640    0.183838515    0.121358117
   12.634676771    0.188185272    0.121874452
   12.645196901    0.192466591    0.122389036
   12.655717032    0.196679548    0.122901653
   12.666237162    0.200821350    0.123412090
   12.676757293    0.204889339    0.123920135
   12.687277423    0.208881002    0.124425580
   12.697797554    0.212793970    0.124928222
   12.708317684    0.216626024    0.125427860
   12.718837815    0.220375093    0.125924299
   12.729357945    0.224039257    0.126417348
   12.739878076    0.227616741    0.126906821
   12.750398206    0.231105916    0.127392538
   12.760918337    0.234505291    0.127874325
   12.771438467    0.237813514    0.128352012
   12.781958598    0.241029358    0.128825436
   12.792478729    0.244151722    0.129294439
   12.802998859    0.247179618    0.129758868
   12.813518990    0.250112166    0.130218578
   12.824039120    0.252948588    0.130673428
   12.834559251    0.255688195    0.131123282
   12.845079381    0.258330387    0.131568009
   12.855599512    0.260874639    0.132007486
   12.866119642    0.263320497    0.132441591
   12.876639773    0.265667573    0.132870209
   12.887159903    0.267915538    0.133293230
   12.897680034    0.270064120    0.133710546
   12.908200164    0.272113096    0.134122054
   12.918720295    0.274062295    0.134527657
   12.929240425    0.275911593    0.134927258
   12.939760556    0.277660913    0.135320766
   12.950280687    0.279310228    0.135708093
   12.960800817    0.280859559    0.136089153
   12.971320948    0.282308982    0.136463864
   12.981841078    0.283658627    0.136832146
   12.992361209    0.284908685    0.137193923
   13.002881339    0.286059413    0.137549120
   13.013401470    0.287111136    0.137897665
   13.023921600    0.288064259    0.138239489
   13.034441731    0.288919266    0.138574525
   13.044961861    0.289676729    0.138902707
   13.055481992    0.290337316    0.139223974
   13.066002122    0.290901792    0.139538265
   13.076522253    0.291371028    0.139845520
   13.087042383    0.291746003    0.140145684
   13.097562514    0.292027808    0.140438702
   13.108082645    0.292217653    0.140724522
   13.118602775    0.292316861    0.141003092
   13.129122906    0.292326877    0.141274363
   13.139643036    0.292249263    0.141538288
   13.150163167    0.292085698    0.141794820
   13.160683297    0.291837976    0.142043915
   13.171203428    0.291508003    0.142285528
   13.181723558    0.291097789    0.142519617
   13.192243689    0.290609444    0.142746140
   13.202763819    0.290045173    0.142965056
   13.213283950    0.289407264    0.143176324
   13.223804080    0.288698082    0.143379904
   13.234324211    0.287920056    0.143575754
   13.244844341    0.287075672    0.143763835
   13.255364472    0.286167462    0.143944105
   13.265884603    0.285197988    0.144116523
   13.276404733    0.284169836    0.144281047
   13.286924864    0.283085602    0.144437633
   13.297444994    0.281947882    0.144586238
   13.307965125    0.280759258    0.144726816
   13.318485255    0.279522290    0.144859322
   13.329005386    0.278239507    0.144983707
   13.339525516    0.276913394    0.145099922
   13.350045647    0.275546387    0.145207917
   13.360565777    0.274140865    0.145307641
   13.371085908    0.272699143    0.145399041
   13.381606038    0.271223468    0.145482064
   13.392126169    0.269716016    0.145556656
   13.402646299    0.268178887    0.145622761
   13.413166430    0.266614106    0.145680324
   13.423686561    0.265023624    0.145729291
   13.434206691    0.263409317    0.145769606
   13.444726822    0.261772993    0.145801216
   13.455246952    0.260116389    0.145824068
   13.465767083    0.258441185    0.145838110
   13.476287213    0.256749003    0.145843293
   13.486807344    0.255041419    0.145839571
   13.497327474    0.253319964    0.145826899
   13.507847605    0.251586142    0.145805239
   13.518367735    0.249841430    0.145774554
   13.528887866    0.248087290    0.145734812
   13.539407996    0.246325180    0.145685987
   13.549928127    0.244556561    0.145628059
   13.560448257    0.242782904    0.145561012
   13.570968388    0.241005702    0.145484837
   13.581488519    0.239226473    0.145399532
   13.592008649    0.237446773    0.145305103
   13.602528780    0.235668195    0.145201562
   13.613048910    0.233892377    0.145088929
   13.623569041    0.232121009    0.144967232
   13.634089171    0.230355827    0.144836505
   13.644609302    0.228598623    0.144696794
   13.655129432    0.226851239    0.144548148
   13.665649563    0.225115569    0.144390629
   13.676169693    0.223393552    0.144224302
   13.686689824    0.221687171    0.144049244
   13.697209954    0.219998445    0.143865535
   13.707730085    0.218329424    0.143673267
   13.718250215    0.216682179    0.143472535
   13.728770346    0.215058792    0.143263442
   13.739290477    0.213461350    0.143046098
   13.749810607    0.211891928    0.142820617
   13.760330738    0.210352582    0.142587118
   13.770850868    0.208845333    0.142345728
   13.781370999    0.207372160    0.142096573
   13.791891129    0.205934981    0.141839787
   13.802411260    0.204535644    0.141575505
   13.812931390    0.203175915    0.141303865
   13.823451521    0.201857467    0.141025007
   13.833971651    0.200581865    0.140739071
   13.844491782    0.199350560    0.140446200
   13.855011912    0.198164879    0.140146537
   13.865532043    0.197026014    0.139840223
   13.876052173    0.195935020    0.139527401
   13.886572304    0.194892805    0.139208210
   13.897092435    0.193900129    0.138882791
   13.907612565    0.192957600    0.138551279
   13.918132696    0.192065674    0.138213810
   13.928652826    0.191224657    0.137870516
   13.939172957    0.190434704    0.137521526
   13.949693087    0.189695824    0.137166967
   13.960213218    0.189007888    0.136806961
   13.970733348    0.188370631    0.136441629
   13.981253479    0.187783662    0.136071085
   13.991773609    0.187246475    0.135695442
   14.002293740    0.186758455    0.135314807
   14.012813870    0.186318890    0.134929286
   14.023334001    0.185926984    0.134538977
   14.033854131    0.185581866    0.134143978
   14.044374262    0.185282602    0.133744380
   14.054894393    0.185028211    0.133340271
   14.065414523    0.184817669    0.132931736
   14.075934654    0.184649927    0.132518855
   14.086454784    0.184523920    0.132101703
   14.096974915    0.184438573    0.131680354
   14.107495045    0.184392816    0.131254876
   14.118015176    0.184385589    0.130825334
   14.128535306    0.184415847    0.130391789
   14.139055437    0.184482569    0.129954297
   14.149575567    0.184584762    0.129512913
   14.160095698    0.184721463    0.129067687
   14.170615828    0.184891739    0.128618665
   14.181135959    0.185094692    0.128165889
   14.191656089    0.185329453    0.127709399
   14.202176220    0.185595185    0.127249230
   14.212696351    0.185891074    0.126785414
   14.223216481    0.186216331    0.126317980
   14.233736612    0.186570182    0.125846951
   14.244256742    0.186951866    0.125372350
   14.254776873    0.187360626    0.124894194
   14.265297003    0.187795703    0.124412497
   14.275817134    0.188256333    0.123927269
   14.286337264    0.188741734    0.123438518
   14.296857395    0.189251104    0.122946247
   14.307377525    0.189783614    0.122450457
   14.317897656    0.190338403    0.121951145
   14.328417786    0.190914573    0.121448306
   14.338937917    0.191511184    0.120941929
   14.349458047    0.192127254    0.120432004
   14.359978178    0.192761757    0.119918516
   14.370498309    0.193413620    0.119401448
   14.381018439    0.194081727    0.118880781
   14.391538570    0.194764920    0.118356493
   14.402058700    0.195462001    0.117828561
   14.412578831    0.196171742    0.117296962
   14.423098961    0.196892885    0.116761668
   14.433619092    0.197624151    0.116222654
   14.444139222    0.198364250    0.115679892
   14.454659353    0.199111887    0.115133355
   14.465179483    0.199865773    0.114583014
   14.475699614    0.200624635    0.114028844
   14.486219744    0.201387223    0.113470817
   14.496739875    0.202152326    0.112908909
   14.507260005    0.202918775    0.112343096
   14.517780136    0.203685459    0.111773356
   14.528300267    0.204451330    0.111199670
   14.538820397    0.205215411    0.110622020
   14.549340528    0.205976805    0.110040392
   14.559860658    0.206734700    0.109454775
   14.570380789    0.207488375    0.108865161
   14.580900919    0.208237199    0.108271546
   14.591421050    0.208980639    0.107673929
   14.601941180    0.209718254    0.107072313
   14.612461311    0.210449697    0.106466706
   14.622981441    0.211174710    0.105857121
   14.633501572    0.211893120    0.105243573
   14.644021702    0.212604832    0.104626083
   14.654541833    0.213309820    0.104004678
   14.665061963    0.214008120    0.103379386
   14.675582094    0.214699817    0.102750243
   14.686102225    0.215385034    0.102117287
   14.696622355    0.216063921    0.101480563
   14.707142486    0.216736640    0.100840119
   14.717662616    0.217403353    0.100196008
   14.728182747    0.218064210    0.099548286
   14.738702877    0.218719329    0.098897015
   14.749223008    0.219368792    0.098242261
   14.759743138    0.220012627    0.097584093
   14.770263269    0.220650797    0.096922585
   14.780783399    0.221283192    0.096257814
   14.791303530    0.221909617    0.095589861
   14.801823660    0.222529787    0.094918811
   14.812343791    0.223143319    0.094244752
   14.822863921    0.223749726    0.093567777
   14.833384052    0.224348420    0.092887981
   14.843904183    0.224938706    0.092205462
   14.854424313    0.225519783    0.091520322
   14.864944444    0.226090752    0.090832668
   14.875464574    0.226650613    0.090142608
   14.885984705    0.227198280    0.089450254
   14.896504835    0.227732580    0.088755723
   14.907024966    0.228252268    0.088059133
   14.917545096    0.228756035    0.087360607
   14.928065227    0.229242522    0.086660271
   14.938585357    0.229710327    0.085958256
   14.949105488    0.230158022    0.085254695
   14.959625618    0.230584164    0.084549724
   14.970145749    0.230987310    0.083843487
   14.980665879    0.231366025    0.083136126
   14.991186010    0.231718900    0.082427791
   15.001706141    0.232044560    0.081718636
   15.012226271    0.232341674    0.081008816
   15.022746402    0.232608968    0.080298492
   15.033266532    0.232845230    0.079587829
   15.043786663    0.233049319    0.078876994
   15.054306793    0.233220170    0.078166159
   15.064826924    0.233356796    0.077455500
   15.075347054    0.233458292    0.076745195
   15.085867185    0.233523837    0.076035426
   15.096387315    0.233552690    0.075326378
   15.106907446    0.233544189    0.074618237
   15.117427576    0.233497746    0.073911193
   15.127947707    0.233412845    0.073205438
   15.138467837    0.233289030    0.072501163
   15.148987968    0.233125904    0.071798564
   15.159508099    0.232923116    0.071097836
   15.170028229    0.232680352    0.070399172
   15.180548360    0.232397330    0.069702767
   15.191068490    0.232073787    0.069008816
   15.201588621    0.231709470    0.068317511
   15.212108751    0.231304127    0.067629043
   15.222628882    0.230857499    0.066943601
   15.233149012    0.230369313    0.066261369
   15.243669143    0.229839270    0.065582531
   15.254189273    0.229267044    0.064907264
   15.264709404    0.228652272    0.064235743
   15.275229534    0.227994556    0.063568138
   15.285749665    0.227293451    0.062904611
   15.296269795    0.226548472    0.062245323
   15.306789926    0.225759089    0.061590424
   15.317310057    0.224924728    0.060940063
   15.327830187    0.224044774    0.060294377
   15.338350318    0.223118572    0.059653500
   15.348870448    0.222145434    0.059017558
   15.359390579    0.221124642    0.058386669
   15.369910709    0.220055453    0.057760944
   15.380430840    0.218937104    0.057140486
   15.390950970    0.217768823    0.056525392
   15.401471101    0.216549830    0.055915751
   15.411991231    0.215279346    0.055311643
   15.422511362    0.213956600    0.054713143
   15.433031492    0.212580835    0.054120316
   15.443551623    0.211151311    0.053533222
   15.454071753    0.209667311    0.052951913
   15.464591884    0.208128148    0.052376434
   15.475112015    0.206533162    0.051806823
   15.485632145    0.204881730    0.051243112
   15.496152276    0.203173259    0.050685326
   15.506672406    0.201407192    0.050133484
   15.517192537    0.199583004    0.049587599
   15.527712667    0.197700202    0.049047676
   15.538232798    0.195758320    0.048513717
   15.548752928    0.193756919    0.047985716
   15.559273059    0.191695577    0.047463662
   15.569793189    0.189573889    0.046947538
   15.580313320    0.187391458    0.046437323
   15.590833450    0.185147892    0.045932987
   15.601353581    0.182842796    0.045434496
   15.611873711    0.180475767    0.044941812
   15.622393842    0.178046388    0.044454888
   15.632913973    0.175554223    0.043973673
   15.643434103    0.172998811    0.043498111
   15.653954234    0.170379664    0.043028136
   15.664474364    0.167696265    0.042563680
   15.674994495    0.164948060    0.042104666
   15.685514625    0.162134466    0.041651012
   15.696034756    0.159254864    0.041202628
   15.706554886    0.156308602    0.040759417
   15.717075017    0.153295001    0.040321277
   15.727595147    0.150213357    0.039888097
   15.738115278    0.147062946    0.039459759
   15.748635408    0.143843030    0.039036140
   15.759155539    0.140552865    0.038617106
   15.769675669    0.137191714    0.038202520
 
     AVERAGE      :     0.15s CPU         0.25s WALL

 
   This run was terminated on:  12:30: 0  14Sep2017            

=------------------------------------------------------------------------------=
   JOB DONE.
=------------------------------------------------------------------------------=
