
     Program AVERAGE v.6.1 (svn rev. 13369) starts on 14Sep2017 at 12:29:12 

     This program is part of the open-source Quantum ESPRESSO suite
     for quantum simulation of materials; please cite
         "P. Giannozzi et al., J. Phys.:Condens. Matter 21 395502 (2009);
          URL http://www.quantum-espresso.org", 
     in publications or presentations arising from this work. More details at
     http://www.quantum-espresso.org/quote

     Parallel version (MPI & OpenMP), running on      32 processor cores
     Number of MPI processes:                 1
     Threads/MPI process:                    32
     Reading header from file  out.oncv

   Info: using nr1, nr2, nr3 values from input

   Info: using nr1, nr2, nr3 values from input
 
     G-vector sticks info
     --------------------
     sticks:   dense  smooth     PW     G-vecs:    dense   smooth      PW
     Sum        5377    5377      1               295907   295907       1
 
     Reading data from file  out.oncv
    0.000000000    0.215400606   -0.073687834
    0.013685333    0.215311388   -0.073685347
    0.027370667    0.215043454   -0.073677872
    0.041056000    0.214595567   -0.073665377
    0.054741333    0.213965684   -0.073647808
    0.068426667    0.213150987   -0.073625094
    0.082112000    0.212147921   -0.073597141
    0.095797333    0.210952244   -0.073563841
    0.109482667    0.209559090   -0.073525069
    0.123168000    0.207963032   -0.073480682
    0.136853333    0.206158163   -0.073430531
    0.150538667    0.204138179   -0.073374450
    0.164224000    0.201896465   -0.073312270
    0.177909333    0.199426191   -0.073243815
    0.191594667    0.196720410   -0.073168904
    0.205280000    0.193772152   -0.073087358
    0.218965333    0.190574527   -0.072998999
    0.232650667    0.187120822   -0.072903654
    0.246336000    0.183404599   -0.072801157
    0.260021333    0.179419786   -0.072691352
    0.273706667    0.175160771   -0.072574095
    0.287392000    0.170622485   -0.072449255
    0.301077333    0.165800478   -0.072316718
    0.314762667    0.160690997   -0.072176390
    0.328448000    0.155291046   -0.072028193
    0.342133333    0.149598445   -0.071872075
    0.355818667    0.143611878   -0.071708004
    0.369504000    0.137330936   -0.071535972
    0.383189333    0.130756146   -0.071355995
    0.396874667    0.123888993   -0.071168117
    0.410560000    0.116731940   -0.070972406
    0.424245333    0.109288428   -0.070768956
    0.437930667    0.101562881   -0.070557887
    0.451616000    0.093560692   -0.070339345
    0.465301333    0.085288207   -0.070113501
    0.478986667    0.076752709   -0.069880553
    0.492672000    0.067962382   -0.069640720
    0.506357333    0.058926282   -0.069394248
    0.520042667    0.049654299   -0.069141401
    0.533728000    0.040157114   -0.068882467
    0.547413333    0.030446158   -0.068617756
    0.561098667    0.020533559   -0.068347592
    0.574784000    0.010432098   -0.068072322
    0.588469333    0.000155158   -0.067792306
    0.602154667   -0.010283329   -0.067507920
    0.615840000   -0.020868929   -0.067219554
    0.629525333   -0.031586762   -0.066927610
    0.643210667   -0.042421546   -0.066632501
    0.656896000   -0.053357652   -0.066334650
    0.670581333   -0.064379147   -0.066034488
    0.684266667   -0.075469843   -0.065732455
    0.697952000   -0.086613340   -0.065428993
    0.711637333   -0.097793072   -0.065124553
    0.725322667   -0.108992347   -0.064819587
    0.739008000   -0.120194384   -0.064514551
    0.752693333   -0.131382355   -0.064209902
    0.766378667   -0.142539420   -0.063906097
    0.780064000   -0.153648761   -0.063603593
    0.793749333   -0.164693614   -0.063302846
    0.807434667   -0.175657306   -0.063004309
    0.821120000   -0.186523281   -0.062708432
    0.834805333   -0.197275130   -0.062415663
    0.848490667   -0.207896622   -0.062126442
    0.862176000   -0.218371729   -0.061841205
    0.875861333   -0.228684655   -0.061560383
    0.889546667   -0.238819858   -0.061284398
    0.903232000   -0.248762081   -0.061013665
    0.916917333   -0.258496372   -0.060748592
    0.930602667   -0.268008106   -0.060489577
    0.944288000   -0.277283014   -0.060237008
    0.957973333   -0.286307200   -0.059991264
    0.971658667   -0.295067164   -0.059752712
    0.985344000   -0.303549822   -0.059521708
    0.999029333   -0.311742525   -0.059298597
    1.012714667   -0.319633081   -0.059083710
    1.026400000   -0.327209769   -0.058877368
    1.040085333   -0.334461356   -0.058679876
    1.053770667   -0.341377115   -0.058491526
    1.067456000   -0.347946836   -0.058312597
    1.081141333   -0.354160843   -0.058143352
    1.094826667   -0.360010005   -0.057984040
    1.108512000   -0.365485746   -0.057834896
    1.122197333   -0.370580056   -0.057696136
    1.135882667   -0.375285500   -0.057567966
    1.149568000   -0.379595225   -0.057450570
    1.163253333   -0.383502969   -0.057344120
    1.176938667   -0.387003066   -0.057248772
    1.190624000   -0.390090450   -0.057164662
    1.204309333   -0.392760660   -0.057091913
    1.217994667   -0.395009845   -0.057030630
    1.231680000   -0.396834765   -0.056980902
    1.245365333   -0.398232795   -0.056942800
    1.259050667   -0.399201926   -0.056916379
    1.272736000   -0.399740765   -0.056901677
    1.286421333   -0.399848540   -0.056898715
    1.300106667   -0.399525095   -0.056907498
    1.313792000   -0.398770895   -0.056928013
    1.327477333   -0.397587022   -0.056960230
    1.341162667   -0.395975178   -0.057004102
    1.354848000   -0.393937679   -0.057059567
    1.368533333   -0.391477459   -0.057126545
    1.382218667   -0.388598064   -0.057204938
    1.395904000   -0.385303650   -0.057294632
    1.409589333   -0.381598981   -0.057395499
    1.423274667   -0.377489423   -0.057507391
    1.436960000   -0.372980942   -0.057630146
    1.450645333   -0.368080096   -0.057763584
    1.464330667   -0.362794030   -0.057907511
    1.478016000   -0.357130467   -0.058061716
    1.491701333   -0.351097702   -0.058225973
    1.505386667   -0.344704589   -0.058400041
    1.519072000   -0.337960534   -0.058583662
    1.532757333   -0.330875481   -0.058776567
    1.546442667   -0.323459901   -0.058978470
    1.560128000   -0.315724775   -0.059189071
    1.573813333   -0.307681582   -0.059408058
    1.587498667   -0.299342282   -0.059635105
    1.601184000   -0.290719297   -0.059869874
    1.614869333   -0.281825496   -0.060112015
    1.628554667   -0.272674173   -0.060361165
    1.642240000   -0.263279029   -0.060616951
    1.655925333   -0.253654150   -0.060878991
    1.669610667   -0.243813985   -0.061146890
    1.683296000   -0.233773325   -0.061420246
    1.696981333   -0.223547279   -0.061698648
    1.710666667   -0.213151249   -0.061981676
    1.724352000   -0.202600906   -0.062268904
    1.738037333   -0.191912167   -0.062559900
    1.751722667   -0.181101164   -0.062854223
    1.765408000   -0.170184220   -0.063151430
    1.779093333   -0.159177822   -0.063451073
    1.792778667   -0.148098588   -0.063752699
    1.806464000   -0.136963241   -0.064055854
    1.820149333   -0.125788575   -0.064360082
    1.833834667   -0.114591424   -0.064664925
    1.847520000   -0.103388627   -0.064969926
    1.861205333   -0.092196992   -0.065274629
    1.874890667   -0.081033261   -0.065578578
    1.888576000   -0.069914067   -0.065881324
    1.902261333   -0.058855901   -0.066182419
    1.915946667   -0.047875060   -0.066481422
    1.929632000   -0.036987611   -0.066777897
    1.943317333   -0.026209340   -0.067071417
    1.957002667   -0.015555710   -0.067361564
    1.970688000   -0.005041808   -0.067647931
    1.984373333    0.005317704   -0.067930121
    1.998058667    0.015508635   -0.068207751
    2.011744000    0.025517322   -0.068480452
    2.025429333    0.035330676   -0.068747872
    2.039114667    0.044936238   -0.069009674
    2.052800000    0.054322220   -0.069265542
    2.066485333    0.063477563   -0.069515176
    2.080170667    0.072391975   -0.069758301
    2.093856000    0.081055978   -0.069994660
    2.107541333    0.089460946   -0.070224022
    2.121226667    0.097599145   -0.070446177
    2.134912000    0.105463756   -0.070660943
    2.148597333    0.113048906   -0.070868159
    2.162282667    0.120349686   -0.071067693
    2.175968000    0.127362164   -0.071259437
    2.189653333    0.134083387   -0.071443311
    2.203338667    0.140511384   -0.071619259
    2.217024000    0.146645149   -0.071787252
    2.230709333    0.152484629   -0.071947284
    2.244394667    0.158030689   -0.072099377
    2.258080000    0.163285085   -0.072243571
    2.271765333    0.168250410   -0.072379934
    2.285450667    0.172930046   -0.072508549
    2.299136000    0.177328105   -0.072629524
    2.312821333    0.181449354   -0.072742979
    2.326506667    0.185299146   -0.072849053
    2.340192000    0.188883333   -0.072947895
    2.353877333    0.192208180   -0.073039667
    2.367562667    0.195280277   -0.073124539
    2.381248000    0.198106435   -0.073202688
    2.394933333    0.200693598   -0.073274291
    2.408618667    0.203048737   -0.073339529
    2.422304000    0.205178752   -0.073398580
    2.435989333    0.207090377   -0.073451619
    2.449674667    0.208790083   -0.073498811
    2.463360000    0.210283987   -0.073540316
    2.477045333    0.211577765   -0.073576280
    2.490730667    0.212676571   -0.073606835
    2.504416000    0.213584969   -0.073632100
    2.518101333    0.214306863   -0.073652176
    2.531786667    0.214845445   -0.073667145
    2.545472000    0.215203150   -0.073677070
    2.559157333    0.215381619   -0.073681993
    2.572842667    0.215381680   -0.073681936
    2.586528000    0.215203332   -0.073676899
    2.600213333    0.214845749   -0.073666860
    2.613898667    0.214307288   -0.073651778
    2.627584000    0.213585514   -0.073631588
    2.641269333    0.212677237   -0.073606209
    2.654954667    0.211578550   -0.073575540
    2.668640000    0.210284891   -0.073539463
    2.682325333    0.208791105   -0.073497844
    2.696010667    0.207091515   -0.073450538
    2.709696000    0.205180006   -0.073397386
    2.723381333    0.203050105   -0.073338222
    2.737066667    0.200695080   -0.073272870
    2.750752000    0.198108030   -0.073201154
    2.764437333    0.195281982   -0.073122893
    2.778122667    0.192209996   -0.073037907
    2.791808000    0.188885257   -0.072946022
    2.805493333    0.185301178   -0.072847068
    2.819178667    0.181451493   -0.072740882
    2.832864000    0.177330350   -0.072627315
    2.846549333    0.172932396   -0.072506228
    2.860234667    0.168252864   -0.072377501
    2.873920000    0.163287642   -0.072241027
    2.887605333    0.158033350   -0.072096721
    2.901290667    0.152487392   -0.071944518
    2.914976000    0.146648014   -0.071784375
    2.928661333    0.140514351   -0.071616273
    2.942346667    0.134086456   -0.071440215
    2.956032000    0.127365335   -0.071256231
    2.969717333    0.120352959   -0.071064377
    2.983402667    0.113052281   -0.070864735
    2.997088000    0.105467233   -0.070657410
    3.010773333    0.097602726   -0.070442537
    3.024458667    0.089464631   -0.070220274
    3.038144000    0.081059767   -0.069990805
    3.051829333    0.072395870   -0.069754338
    3.065514667    0.063481566   -0.069511107
    3.079200000    0.054326331   -0.069261366
    3.092885333    0.044940458   -0.069005393
    3.106570667    0.035335007   -0.068743486
    3.120256000    0.025521765   -0.068475961
    3.133941333    0.015513191   -0.068203155
    3.147626667    0.005322376   -0.067925421
    3.161312000   -0.005037018   -0.067643127
    3.174997333   -0.015550802   -0.067356657
    3.188682667   -0.026204311   -0.067066407
    3.202368000   -0.036982458   -0.066772784
    3.216053333   -0.047869783   -0.066476207
    3.229738667   -0.058850497   -0.066177102
    3.243424000   -0.069908535   -0.065875905
    3.257109333   -0.081027597   -0.065573058
    3.270794667   -0.092191196   -0.065269007
    3.284480000   -0.103382696   -0.064964203
    3.298165333   -0.114585356   -0.064659101
    3.311850667   -0.125782368   -0.064354158
    3.325536000   -0.136956892   -0.064049829
    3.339221333   -0.148092095   -0.063746573
    3.352906667   -0.159171183   -0.063444847
    3.366592000   -0.170177434   -0.063145104
    3.380277333   -0.181094228   -0.062847797
    3.393962667   -0.191905079   -0.062553374
    3.407648000   -0.202593664   -0.062262278
    3.421333333   -0.213143851   -0.061974950
    3.435018667   -0.223539723   -0.061691822
    3.448704000   -0.233765610   -0.061413320
    3.462389333   -0.243806108   -0.061139863
    3.476074667   -0.253646109   -0.060871864
    3.489760000   -0.263270823   -0.060609724
    3.503445333   -0.272665800   -0.060353837
    3.517130667   -0.281816955   -0.060104586
    3.530816000   -0.290710586   -0.059862345
    3.544501333   -0.299333399   -0.059627474
    3.558186667   -0.307672527   -0.059400326
    3.571872000   -0.315715546   -0.059181237
    3.585557333   -0.323450496   -0.058970534
    3.599242667   -0.330865900   -0.058768529
    3.612928000   -0.337950775   -0.058575522
    3.626613333   -0.344694652   -0.058391798
    3.640298667   -0.351087585   -0.058217627
    3.653984000   -0.357120171   -0.058053266
    3.667669333   -0.362783553   -0.057898957
    3.681354667   -0.368069437   -0.057754926
    3.695040000   -0.372970101   -0.057621382
    3.708725333   -0.377478400   -0.057498522
    3.722410667   -0.381587775   -0.057386525
    3.736096000   -0.385292261   -0.057285552
    3.749781333   -0.388586492   -0.057195750
    3.763466667   -0.391465703   -0.057117250
    3.777152000   -0.393925740   -0.057050165
    3.790837333   -0.395963055   -0.056994592
    3.804522667   -0.397574716   -0.056950611
    3.818208000   -0.398758406   -0.056918285
    3.831893333   -0.399512423   -0.056897660
    3.845578667   -0.399835686   -0.056888767
    3.859264000   -0.399727730   -0.056891618
    3.872949333   -0.399188709   -0.056906208
    3.886634667   -0.398219398   -0.056932517
    3.900320000   -0.396821188   -0.056970507
    3.914005333   -0.394996089   -0.057020122
    3.927690667   -0.392746726   -0.057081292
    3.941376000   -0.390076339   -0.057153926
    3.955061333   -0.386988780   -0.057237921
    3.968746667   -0.383488509   -0.057333155
    3.982432000   -0.379580592   -0.057439489
    3.996117333   -0.375270695   -0.057556768
    4.009802667   -0.370565082   -0.057684822
    4.023488000   -0.365470605   -0.057823464
    4.037173333   -0.359994698   -0.057972491
    4.050858667   -0.354145371   -0.058131684
    4.064544000   -0.347931202   -0.058300810
    4.078229333   -0.341361321   -0.058479620
    4.091914667   -0.334445404   -0.058667850
    4.105600000   -0.327193662   -0.058865221
    4.119285333   -0.319616821   -0.059071443
    4.132970667   -0.311726114   -0.059286208
    4.146656000   -0.303533262   -0.059509198
    4.160341333   -0.295050459   -0.059740079
    4.174026667   -0.286290352   -0.059978509
    4.187712000   -0.277266026   -0.060224131
    4.201397333   -0.267990981   -0.060476577
    4.215082667   -0.258479111   -0.060735468
    4.228768000   -0.248744689   -0.061000417
    4.242453333   -0.238802337   -0.061271026
    4.256138667   -0.228667008   -0.061546886
    4.269824000   -0.218353959   -0.061827584
    4.283509333   -0.207878732   -0.062112696
    4.297194667   -0.197257123   -0.062401792
    4.310880000   -0.186505160   -0.062694437
    4.324565333   -0.175639074   -0.062990188
    4.338250667   -0.164675274   -0.063288599
    4.351936000   -0.153630315   -0.063589221
    4.365621333   -0.142520873   -0.063891599
    4.379306667   -0.131363709   -0.064195279
    4.392992000   -0.120175642   -0.064499802
    4.406677333   -0.108973513   -0.064804713
    4.420362667   -0.097774149   -0.065109553
    4.434048000   -0.086594330   -0.065413868
    4.447733333   -0.075450750   -0.065717204
    4.461418667   -0.064359975   -0.066019113
    4.475104000   -0.053338403   -0.066319149
    4.488789333   -0.042402224   -0.066616875
    4.502474667   -0.031567369   -0.066911860
    4.516160000   -0.020849470   -0.067203680
    4.529845333   -0.010263805   -0.067491922
    4.543530667    0.000174742   -0.067776184
    4.557216000    0.010451740   -0.068056077
    4.570901333    0.020553256   -0.068331224
    4.584586667    0.030465907   -0.068601265
    4.598272000    0.040176912   -0.068865854
    4.611957333    0.049674142   -0.069124666
    4.625642667    0.058946169   -0.069377392
    4.639328000    0.067982310   -0.069623744
    4.653013333    0.076772675   -0.069863457
    4.666698667    0.085308210   -0.070096286
    4.680384000    0.093580728   -0.070322010
    4.694069333    0.101582949   -0.070540434
    4.707754667    0.109308527   -0.070751386
    4.721440000    0.116752067   -0.070954719
    4.735125333    0.123909147   -0.071150314
    4.748810667    0.130776326   -0.071338077
    4.762496000    0.137351142   -0.071517939
    4.776181333    0.143632108   -0.071689857
    4.789866667    0.149618699   -0.071853816
    4.803552000    0.155311323   -0.072009821
    4.817237333    0.160711298   -0.072157906
    4.830922667    0.165820802   -0.072298123
    4.844608000    0.170642832   -0.072430550
    4.858293333    0.175181142   -0.072555281
    4.871978667    0.179440180   -0.072672430
    4.885664000    0.183425018   -0.072782128
    4.899349333    0.187141267   -0.072884518
    4.913034667    0.190594998   -0.072979756
    4.926720000    0.193792650   -0.073068010
    4.940405333    0.196740935   -0.073149452
    4.954090667    0.199446744   -0.073224259
    4.967776000    0.201917046   -0.073292612
    4.981461333    0.204158789   -0.073354690
    4.995146667    0.206178802   -0.073410670
    5.008832000    0.207983700   -0.073460721
    5.022517333    0.209579787   -0.073505007
    5.036202667    0.210972970   -0.073543681
    5.049888000    0.212168674   -0.073576883
    5.063573333    0.213171767   -0.073604738
    5.077258667    0.213986489   -0.073627356
    5.090944000    0.214616396   -0.073644828
    5.104629333    0.215064305   -0.073657229
    5.118314667    0.215332258   -0.073664609
    5.132000000    0.215421492   -0.073667001
    5.145685333    0.215332420   -0.073664417
    5.159370667    0.215064629   -0.073656845
    5.173056000    0.214616882   -0.073644252
    5.186741333    0.213987136   -0.073626588
    5.200426667    0.213172574   -0.073603778
    5.214112000    0.212169640   -0.073575731
    5.227797333    0.210974093   -0.073542337
    5.241482667    0.209581066   -0.073503471
    5.255168000    0.207985133   -0.073458993
    5.268853333    0.206180387   -0.073408749
    5.282538667    0.204160524   -0.073352578
    5.296224000    0.201918929   -0.073290308
    5.309909333    0.199448773   -0.073221763
    5.323594667    0.196743108   -0.073146763
    5.337280000    0.193794964   -0.073065130
    5.350965333    0.190597452   -0.072976684
    5.364650667    0.187143858   -0.072881253
    5.378336000    0.183427745   -0.072778671
    5.392021333    0.179443041   -0.072668782
    5.405706667    0.175184134   -0.072551440
    5.419392000    0.170645954   -0.072426518
    5.433077333    0.165824054   -0.072293899
    5.446762667    0.160714677   -0.072153490
    5.460448000    0.155314830   -0.072005214
    5.474133333    0.149622331   -0.071849016
    5.487818667    0.143635867   -0.071684866
    5.501504000    0.137355026   -0.071512757
    5.515189333    0.130780336   -0.071332704
    5.528874667    0.123913284   -0.071144750
    5.542560000    0.116756330   -0.070948964
    5.556245333    0.109312918   -0.070745440
    5.569930667    0.101587470   -0.070534297
    5.583616000    0.093585379   -0.070315683
    5.597301333    0.085312994   -0.070089768
    5.610986667    0.076777594   -0.069856749
    5.624672000    0.067987365   -0.069616847
    5.638357333    0.058951364   -0.069370305
    5.652042667    0.049679480   -0.069117389
    5.665728000    0.040182395   -0.068858389
    5.679413333    0.030471538   -0.068593610
    5.693098667    0.020559040   -0.068323381
    5.706784000    0.010457680   -0.068048045
    5.720469333    0.000180841   -0.067767964
    5.734154667   -0.010257543   -0.067483514
    5.747840000   -0.020843039   -0.067195085
    5.761525333   -0.031560767   -0.066903078
    5.775210667   -0.042395446   -0.066607907
    5.788896000   -0.053331445   -0.066309994
    5.802581333   -0.064352831   -0.066009771
    5.816266667   -0.075443417   -0.065707677
    5.829952000   -0.086586803   -0.065404155
    5.843637333   -0.097766423   -0.065099655
    5.857322667   -0.108965584   -0.064794630
    5.871008000   -0.120167505   -0.064489535
    5.884693333   -0.131355360   -0.064184827
    5.898378667   -0.142512306   -0.063880964
    5.912064000   -0.153621526   -0.063578402
    5.925749333   -0.164666258   -0.063277598
    5.939434667   -0.175629827   -0.062979004
    5.953120000   -0.186495676   -0.062683070
    5.966805333   -0.197247399   -0.062390244
    5.980490667   -0.207868763   -0.062100966
    5.994176000   -0.218343741   -0.061815673
    6.007861333   -0.228656536   -0.061534795
    6.021546667   -0.238791607   -0.061258754
    6.035232000   -0.248733697   -0.060987966
    6.048917333   -0.258467853   -0.060722837
    6.062602667   -0.267979452   -0.060463767
    6.076288000   -0.277254224   -0.060211142
    6.089973333   -0.286278272   -0.059965342
    6.103658667   -0.295038097   -0.059726735
    6.117344000   -0.303520616   -0.059495675
    6.131029333   -0.311713179   -0.059272509
    6.144714667   -0.319603595   -0.059057567
    6.158400000   -0.327180141   -0.058851169
    6.172085333   -0.334431586   -0.058653621
    6.185770667   -0.341347202   -0.058465216
    6.199456000   -0.347916780   -0.058286231
    6.213141333   -0.354130645   -0.058116930
    6.226826667   -0.359979663   -0.057957563
    6.240512000   -0.365455261   -0.057808362
    6.254197333   -0.370549427   -0.057669547
    6.267882667   -0.375254727   -0.057541320
    6.281568000   -0.379564309   -0.057423868
    6.295253333   -0.383471909   -0.057317362
    6.308938667   -0.386971863   -0.057221956
    6.322624000   -0.390059104   -0.057137790
    6.336309333   -0.392729171   -0.057064984
    6.349994667   -0.394978214   -0.057003644
    6.363680000   -0.396802992   -0.056953859
    6.377365333   -0.398200881   -0.056915699
    6.391050667   -0.399169871   -0.056889220
    6.404736000   -0.399708571   -0.056874461
    6.418421333   -0.399816206   -0.056871441
    6.432106667   -0.399492623   -0.056880166
    6.445792000   -0.398738286   -0.056900623
    6.459477333   -0.397554277   -0.056932781
    6.473162667   -0.395942298   -0.056976596
    6.486848000   -0.393904666   -0.057032002
    6.500533333   -0.391444314   -0.057098921
    6.514218667   -0.388564788   -0.057177255
    6.527904000   -0.385270244   -0.057266891
    6.541589333   -0.381565448   -0.057367698
    6.555274667   -0.377455764   -0.057479531
    6.568960000   -0.372947159   -0.057602227
    6.582645333   -0.368046191   -0.057735606
    6.596330667   -0.362760005   -0.057879474
    6.610016000   -0.357096325   -0.058033620
    6.623701333   -0.351063444   -0.058197818
    6.637386667   -0.344670217   -0.058371826
    6.651072000   -0.337926052   -0.058555388
    6.664757333   -0.330840891   -0.058748234
    6.678442667   -0.323425204   -0.058950077
    6.692128000   -0.315689975   -0.059160619
    6.705813333   -0.307646682   -0.059379547
    6.719498667   -0.299307284   -0.059606536
    6.733184000   -0.290684204   -0.059841246
    6.746869333   -0.281790310   -0.060083329
    6.760554667   -0.272638898   -0.060332420
    6.774240000   -0.263243668   -0.060588149
    6.787925333   -0.253618705   -0.060850130
    6.801610667   -0.243778460   -0.061117972
    6.815296000   -0.233737723   -0.061391271
    6.828981333   -0.223511603   -0.061669616
    6.842666667   -0.213115501   -0.061952587
    6.856352000   -0.202565091   -0.062239759
    6.870037333   -0.191876287   -0.062530699
    6.883722667   -0.181065222   -0.062824967
    6.897408000   -0.170148220   -0.063122119
    6.911093333   -0.159141767   -0.063421707
    6.924778667   -0.148062482   -0.063723280
    6.938464000   -0.136927087   -0.064026382
    6.952149333   -0.125752376   -0.064330557
    6.965834667   -0.114555183   -0.064635348
    6.979520000   -0.103352347   -0.064940297
    6.993205333   -0.092160677   -0.065244948
    7.006890667   -0.080996914   -0.065548848
    7.020576000   -0.069877692   -0.065851544
    7.034261333   -0.058819500   -0.066152590
    7.047946667   -0.047838637   -0.066451545
    7.061632000   -0.036951169   -0.066747973
    7.075317333   -0.026172883   -0.067041446
    7.089002667   -0.015519240   -0.067331548
    7.102688000   -0.005005328   -0.067617869
    7.116373333    0.005354189   -0.067900015
    7.130058667    0.015545124   -0.068177602
    7.143744000    0.025553812   -0.068450261
    7.157429333    0.035367165   -0.068717639
    7.171114667    0.044972722   -0.068979401
    7.184800000    0.054358697   -0.069235229
    7.198485333    0.063514030   -0.069484825
    7.212170667    0.072428430   -0.069727912
    7.225856000    0.081092419   -0.069964235
    7.239541333    0.089497371   -0.070193561
    7.253226667    0.097635552   -0.070415682
    7.266912000    0.105500143   -0.070630413
    7.280597333    0.113085272   -0.070837597
    7.294282667    0.120386029   -0.071037099
    7.307968000    0.127398482   -0.071228813
    7.321653333    0.134119680   -0.071412658
    7.335338667    0.140547650   -0.071588577
    7.349024000    0.146681388   -0.071756542
    7.362709333    0.152520840   -0.071916548
    7.376394667    0.158066872   -0.072068615
    7.390080000    0.163321238   -0.072212785
    7.403765333    0.168286533   -0.072349124
    7.417450667    0.172966140   -0.072477717
    7.431136000    0.177364169   -0.072598670
    7.444821333    0.181485389   -0.072712105
    7.458506667    0.185335151   -0.072818158
    7.472192000    0.188919307   -0.072916982
    7.485877333    0.192244125   -0.073008737
    7.499562667    0.195316192   -0.073093592
    7.513248000    0.198142322   -0.073171725
    7.526933333    0.200729456   -0.073243313
    7.540618667    0.203084565   -0.073308537
    7.554304000    0.205214552   -0.073367575
    7.567989333    0.207126149   -0.073420602
    7.581674667    0.208825827   -0.073467783
    7.595360000    0.210319702   -0.073509277
    7.609045333    0.211613451   -0.073545231
    7.622730667    0.212712229   -0.073575778
    7.636416000    0.213620599   -0.073601035
    7.650101333    0.214342464   -0.073621104
    7.663786667    0.214881017   -0.073636066
    7.677472000    0.215238691   -0.073645986
    7.691157333    0.215417130   -0.073650904
    7.704842667    0.215417160   -0.073650844
    7.718528000    0.215238780   -0.073645803
    7.732213333    0.214881163   -0.073635762
    7.745898667    0.214342668   -0.073620678
    7.759584000    0.213620859   -0.073600487
    7.773269333    0.212712544   -0.073575108
    7.786954667    0.211613819   -0.073544440
    7.800640000    0.210320121   -0.073508364
    7.814325333    0.208826293   -0.073466748
    7.828010667    0.207126661   -0.073419445
    7.841696000    0.205215106   -0.073366296
    7.855381333    0.203085159   -0.073307136
    7.869066667    0.200730086   -0.073241790
    7.882752000    0.198142985   -0.073170079
    7.896437333    0.195316886   -0.073091825
    7.910122667    0.192244846   -0.073006847
    7.923808000    0.188920051   -0.072914970
    7.937493333    0.185335915   -0.072816024
    7.951178667    0.181486172   -0.072709848
    7.964864000    0.177364967   -0.072596291
    7.978549333    0.172966952   -0.072475216
    7.992234667    0.168287356   -0.072346500
    8.005920000    0.163322070   -0.072210039
    8.019605333    0.158067711   -0.072065746
    8.033290667    0.152521686   -0.071913557
    8.046976000    0.146682240   -0.071753429
    8.060661333    0.140548508   -0.071585342
    8.074346667    0.134120544   -0.071409300
    8.088032000    0.127399352   -0.071225334
    8.101717333    0.120386906   -0.071033498
    8.115402667    0.113086157   -0.070833873
    8.129088000    0.105501038   -0.070626568
    8.142773333    0.097636460   -0.070411715
    8.156458667    0.089498295   -0.070189473
    8.170144000    0.081093360   -0.069960026
    8.183829333    0.072429393   -0.069723582
    8.197514667    0.063515019   -0.069480374
    8.211200000    0.054359715   -0.069230657
    8.224885333    0.044973774   -0.068974709
    8.238570667    0.035368256   -0.068712826
    8.252256000    0.025554948   -0.068445328
    8.265941333    0.015546310   -0.068172549
    8.279626667    0.005355431   -0.067894843
    8.293312000   -0.005004026   -0.067612578
    8.306997333   -0.015517870   -0.067326137
    8.320682667   -0.026171439   -0.067035917
    8.334368000   -0.036949644   -0.066742325
    8.348053333   -0.047837025   -0.066445779
    8.361738667   -0.058817794   -0.066146707
    8.375424000   -0.069875885   -0.065845543
    8.389109333   -0.080994998   -0.065542730
    8.402794667   -0.092158646   -0.065238714
    8.416480000   -0.103350194   -0.064933945
    8.430165333   -0.114552900   -0.064628880
    8.443850667   -0.125749956   -0.064323973
    8.457536000   -0.136924522   -0.064019683
    8.471221333   -0.148059766   -0.063716465
    8.484906667   -0.159138893   -0.063414778
    8.498592000   -0.170145181   -0.063115075
    8.512277333   -0.181062009   -0.062817809
    8.525962667   -0.191872894   -0.062523427
    8.539648000   -0.202561511   -0.062232374
    8.553333333   -0.213111728   -0.061945089
    8.567018667   -0.223507629   -0.061662004
    8.580704000   -0.233733542   -0.061383547
    8.594389333   -0.243774066   -0.061110136
    8.608074667   -0.253614091   -0.060842183
    8.621760000   -0.263238827   -0.060580089
    8.635445333   -0.272633825   -0.060324250
    8.649130667   -0.281784999   -0.060075047
    8.662816000   -0.290678648   -0.059832854
    8.676501333   -0.299301478   -0.059598034
    8.690186667   -0.307640621   -0.059370935
    8.703872000   -0.315683655   -0.059151898
    8.717557333   -0.323418619   -0.058941246
    8.731242667   -0.330834035   -0.058739294
    8.744928000   -0.337918922   -0.058546340
    8.758613333   -0.344662809   -0.058362669
    8.772298667   -0.351055753   -0.058188553
    8.785984000   -0.357088347   -0.058024247
    8.799669333   -0.362751738   -0.057869994
    8.813354667   -0.368037631   -0.057726019
    8.827040000   -0.372938302   -0.057592533
    8.840725333   -0.377446608   -0.057469731
    8.854410667   -0.381555990   -0.057357791
    8.868096000   -0.385260483   -0.057256877
    8.881781333   -0.388554720   -0.057167136
    8.895466667   -0.391433938   -0.057088696
    8.909152000   -0.393893981   -0.057021672
    8.922837333   -0.395931303   -0.056966161
    8.936522667   -0.397542972   -0.056922241
    8.950208000   -0.398726669   -0.056889978
    8.963893333   -0.399480694   -0.056869417
    8.977578667   -0.399803965   -0.056860588
    8.991264000   -0.399696018   -0.056863504
    9.004949333   -0.399157007   -0.056878160
    9.018634667   -0.398187706   -0.056904535
    9.032320000   -0.396789507   -0.056942591
    9.046005333   -0.394964420   -0.056992273
    9.059690667   -0.392715071   -0.057053511
    9.073376000   -0.390044699   -0.057126214
    9.087061333   -0.386957155   -0.057210278
    9.100746667   -0.383456901   -0.057305581
    9.114432000   -0.379549003   -0.057411984
    9.128117333   -0.375239126   -0.057529334
    9.141802667   -0.370533535   -0.057657460
    9.155488000   -0.365439080   -0.057796173
    9.169173333   -0.359963198   -0.057945272
    9.182858667   -0.354113899   -0.058104538
    9.196544000   -0.347899758   -0.058273738
    9.210229333   -0.341329908   -0.058452622
    9.223914667   -0.334414025   -0.058640926
    9.237600000   -0.327162318   -0.058838373
    9.251285333   -0.319585514   -0.059044670
    9.264970667   -0.311694847   -0.059259511
    9.278656000   -0.303502038   -0.059482577
    9.292341333   -0.295019279   -0.059713536
    9.306026667   -0.286259220   -0.059952043
    9.319712000   -0.277234943   -0.060197743
    9.333397333   -0.267959950   -0.060450268
    9.347082667   -0.258448136   -0.060709238
    9.360768000   -0.248713772   -0.060974267
    9.374453333   -0.238771480   -0.061244955
    9.388138667   -0.228636214   -0.061520897
    9.401824000   -0.218323232   -0.061801675
    9.415509333   -0.207848074   -0.062086869
    9.429194667   -0.197226537   -0.062376047
    9.442880000   -0.186474650   -0.062668774
    9.456565333   -0.175608642   -0.062964608
    9.470250667   -0.164644923   -0.063263103
    9.483936000   -0.153600049   -0.063563809
    9.497621333   -0.142490694   -0.063866272
    9.511306667   -0.131333621   -0.064170036
    9.524992000   -0.120145648   -0.064474645
    9.538677333   -0.108943615   -0.064779641
    9.552362667   -0.097744351   -0.065084568
    9.566048000   -0.086564635   -0.065388969
    9.579733333   -0.075421161   -0.065692393
    9.593418667   -0.064330494   -0.065994389
    9.607104000   -0.053309035   -0.066294514
    9.620789333   -0.042372971   -0.066592329
    9.634474667   -0.031538234   -0.066887402
    9.648160000   -0.020820455   -0.067179312
    9.661845333   -0.010234914   -0.067467644
    9.675530667    0.000203507   -0.067751996
    9.689216000    0.010480375   -0.068031980
    9.702901333    0.020581759   -0.068307218
    9.716586667    0.030494276   -0.068577351
    9.730272000    0.040205145   -0.068842033
    9.743957333    0.049702236   -0.069100937
    9.757642667    0.058974121   -0.069353756
    9.771328000    0.068010119   -0.069600202
    9.785013333    0.076800339   -0.069840009
    9.798698667    0.085335726   -0.070072932
    9.812384000    0.093608096   -0.070298752
    9.826069333    0.101610167   -0.070517271
    9.839754667    0.109335592   -0.070728318
    9.853440000    0.116778979   -0.070931748
    9.867125333    0.123935905   -0.071127440
    9.880810667    0.130802929   -0.071315300
    9.894496000    0.137377589   -0.071495259
    9.908181333    0.143658398   -0.071667276
    9.921866667    0.149644831   -0.071831333
    9.935552000    0.155337298   -0.071987438
    9.949237333    0.160737115   -0.072135622
    9.962922667    0.165846461   -0.072275940
    9.976608000    0.170668332   -0.072408467
    9.990293333    0.175206484   -0.072533299
   10.003978667    0.179465365   -0.072650550
   10.017664000    0.183450045   -0.072760349
   10.031349333    0.187166136   -0.072862842
   10.045034667    0.190619710   -0.072958184
   10.058720000    0.193817206   -0.073046541
   10.072405333    0.196765335   -0.073128086
   10.086090667    0.199470989   -0.073202998
   10.099776000    0.201941135   -0.073271456
   10.113461333    0.204182724   -0.073333639
   10.127146667    0.206202583   -0.073389724
   10.140832000    0.208007328   -0.073439882
   10.154517333    0.209603262   -0.073484275
   10.168202667    0.210996292   -0.073523056
   10.181888000    0.212191844   -0.073556366
   10.195573333    0.213194784   -0.073584329
   10.209258667    0.214009354   -0.073607055
   10.222944000    0.214639109   -0.073624637
   10.236629333    0.215086866   -0.073637146
   10.250314667    0.215354666   -0.073644636
   10.264000000    0.215443747   -0.073647139
   10.277685333    0.215354523   -0.073644665
   10.291370667    0.215086578   -0.073637204
   10.305056000    0.214638676   -0.073624723
   10.318741333    0.214008775   -0.073607170
   10.332426667    0.213194057   -0.073584472
   10.346112000    0.212190965   -0.073556538
   10.359797333    0.210995260   -0.073523257
   10.373482667    0.209602074   -0.073484505
   10.387168000    0.208005980   -0.073440140
   10.400853333    0.206201072   -0.073390011
   10.414538667    0.204181046   -0.073333954
   10.428224000    0.201939286   -0.073271798
   10.441909333    0.199468964   -0.073203368
   10.455594667    0.196763131   -0.073128484
   10.469280000    0.193814819   -0.073046967
   10.482965333    0.190617136   -0.072958637
   10.496650667    0.187163371   -0.072863323
   10.510336000    0.183447084   -0.072760857
   10.524021333    0.179462206   -0.072651085
   10.537706667    0.175203124   -0.072533862
   10.551392000    0.170664768   -0.072409057
   10.565077333    0.165842690   -0.072276556
   10.578762667    0.160733135   -0.072136265
   10.592448000    0.155333109   -0.071988108
   10.606133333    0.149640431   -0.071832030
   10.619818667    0.143653786   -0.071668000
   10.633504000    0.137372765   -0.071496010
   10.647189333    0.130797895   -0.071316077
   10.660874667    0.123930662   -0.071128244
   10.674560000    0.116773527   -0.070932579
   10.688245333    0.109329935   -0.070729176
   10.701930667    0.101604307   -0.070518155
   10.715616000    0.093602037   -0.070299662
   10.729301333    0.085329473   -0.070073870
   10.742986667    0.076793896   -0.069840974
   10.756672000    0.068003491   -0.069601194
   10.770357333    0.058967314   -0.069354775
   10.784042667    0.049695255   -0.069101984
   10.797728000    0.040197997   -0.068843107
   10.811413333    0.030486969   -0.068578452
   10.825098667    0.020574300   -0.068308348
   10.838784000    0.010472772   -0.068033137
   10.852469333    0.000195767   -0.067753182
   10.866154667   -0.010242782   -0.067468857
   10.879840000   -0.020828441   -0.067180554
   10.893525333   -0.031546330   -0.066888673
   10.907210667   -0.042381168   -0.066593629
   10.920896000   -0.053317323   -0.066295843
   10.934581333   -0.064338865   -0.065995747
   10.948266667   -0.075429603   -0.065693781
   10.961952000   -0.086573140   -0.065390387
   10.975637333   -0.097752908   -0.065086015
   10.989322667   -0.108952214   -0.064781119
   11.003008000   -0.120154279   -0.064476153
   11.016693333   -0.131342275   -0.064171574
   11.030378667   -0.142499360   -0.063867841
   11.044064000   -0.153608717   -0.063565409
   11.057749333   -0.164653584   -0.063264734
   11.071434667   -0.175617285   -0.062966271
   11.085120000   -0.186483265   -0.062670468
   11.098805333   -0.197235116   -0.062377773
   11.112490667   -0.207856606   -0.062088627
   11.126176000   -0.218331708   -0.061803466
   11.139861333   -0.228644624   -0.061522719
   11.153546667   -0.238779816   -0.061246810
   11.167232000   -0.248722024   -0.060976155
   11.180917333   -0.258456295   -0.060711159
   11.194602667   -0.267968008   -0.060452221
   11.208288000   -0.277242892   -0.060199730
   11.221973333   -0.286267050   -0.059954064
   11.235658667   -0.295026984   -0.059715590
   11.249344000   -0.303509609   -0.059484665
   11.263029333   -0.311702278   -0.059261632
   11.276714667   -0.319592797   -0.059046825
   11.290400000   -0.327169446   -0.058840562
   11.304085333   -0.334420991   -0.058643149
   11.317770667   -0.341336707   -0.058454879
   11.331456000   -0.347906383   -0.058276030
   11.345141333   -0.354120345   -0.058106865
   11.358826667   -0.359969459   -0.057947633
   11.372512000   -0.365445152   -0.057798568
   11.386197333   -0.370539412   -0.057659889
   11.399882667   -0.375244805   -0.057531798
   11.413568000   -0.379554479   -0.057414483
   11.427253333   -0.383462171   -0.057308114
   11.440938667   -0.386962216   -0.057212845
   11.454624000   -0.390049547   -0.057128816
   11.468309333   -0.392719705   -0.057056147
   11.481994667   -0.394968837   -0.056994945
   11.495680000   -0.396793705   -0.056945297
   11.509365333   -0.398191683   -0.056907275
   11.523050667   -0.399160763   -0.056880934
   11.536736000   -0.399699551   -0.056866312
   11.550421333   -0.399807276   -0.056863431
   11.564106667   -0.399483783   -0.056872294
   11.577792000   -0.398729535   -0.056892889
   11.591477333   -0.397545617   -0.056925186
   11.605162667   -0.395933729   -0.056969139
   11.618848000   -0.393896188   -0.057024684
   11.632533333   -0.391435928   -0.057091741
   11.646218667   -0.388556495   -0.057170214
   11.659904000   -0.385262045   -0.057259989
   11.673589333   -0.381557343   -0.057360936
   11.687274667   -0.377447755   -0.057472908
   11.700960000   -0.372939247   -0.057595742
   11.714645333   -0.368038376   -0.057729260
   11.728330667   -0.362752289   -0.057873267
   11.742016000   -0.357088709   -0.058027553
   11.755701333   -0.351055930   -0.058191890
   11.769386667   -0.344662807   -0.058366037
   11.783072000   -0.337918746   -0.058549739
   11.796757333   -0.330833692   -0.058742724
   11.810442667   -0.323418114   -0.058944707
   11.824128000   -0.315682995   -0.059155388
   11.837813333   -0.307639813   -0.059374456
   11.851498667   -0.299300529   -0.059601584
   11.865184000   -0.290677565   -0.059836434
   11.878869333   -0.281783790   -0.060078655
   11.892554667   -0.272632498   -0.060327886
   11.906240000   -0.263237390   -0.060583754
   11.919925333   -0.253612552   -0.060845875
   11.933610667   -0.243772433   -0.061113856
   11.947296000   -0.233731826   -0.061387294
   11.960981333   -0.223505837   -0.061665778
   11.974666667   -0.213109869   -0.061948889
   11.988352000   -0.202559595   -0.062236201
   12.002037333   -0.191870930   -0.062527279
   12.015722667   -0.181060007   -0.062821686
   12.029408000   -0.170143150   -0.063118977
   12.043093333   -0.159136843   -0.063418705
   12.056778667   -0.148057707   -0.063720416
   12.070464000   -0.136922463   -0.064023657
   12.084149333   -0.125747907   -0.064327971
   12.097834667   -0.114550871   -0.064632900
   12.111520000   -0.103348195   -0.064937988
   12.125205333   -0.092156687   -0.065242778
   12.138890667   -0.080993089   -0.065546816
   12.152576000   -0.069874034   -0.065849651
   12.166261333   -0.058816012   -0.066150835
   12.179946667   -0.047835321   -0.066449928
   12.193632000   -0.036948028   -0.066746494
   12.207317333   -0.026169919   -0.067040105
   12.221002667   -0.015516456   -0.067330345
   12.234688000   -0.005002726   -0.067616804
   12.248373333    0.005356608   -0.067899088
   12.262058667    0.015547357   -0.068176812
   12.275744000    0.025555857   -0.068449608
   12.289429333    0.035369019   -0.068717124
   12.303114667    0.044974384   -0.068979024
   12.316800000    0.054360166   -0.069234989
   12.330485333    0.063515304   -0.069484722
   12.344170667    0.072429507   -0.069727946
   12.357856000    0.081093297   -0.069964406
   12.371541333    0.089498050   -0.070193868
   12.385226667    0.097636030   -0.070416126
   12.398912000    0.105500420   -0.070630994
   12.412597333    0.113085346   -0.070838314
   12.426282667    0.120385901   -0.071037953
   12.439968000    0.127398150   -0.071229803
   12.453653333    0.134119145   -0.071413783
   12.467338667    0.140546910   -0.071589839
   12.481024000    0.146680444   -0.071757940
   12.494709333    0.152519692   -0.071918082
   12.508394667    0.158065520   -0.072070284
   12.522080000    0.163319683   -0.072214590
   12.535765333    0.168284775   -0.072351064
   12.549450667    0.172964179   -0.072479793
   12.563136000    0.177362006   -0.072600881
   12.576821333    0.181483025   -0.072714451
   12.590506667    0.185332587   -0.072820640
   12.604192000    0.188916545   -0.072919599
   12.617877333    0.192241165   -0.073011488
   12.631562667    0.195313035   -0.073096479
   12.645248000    0.198138968   -0.073174746
   12.658933333    0.200725908   -0.073246469
   12.672618667    0.203080824   -0.073311828
   12.686304000    0.205210618   -0.073371000
   12.699989333    0.207122023   -0.073424161
   12.713674667    0.208821511   -0.073471476
   12.727360000    0.210315197   -0.073513104
   12.741045333    0.211608758   -0.073549192
   12.754730667    0.212707348   -0.073579872
   12.768416000    0.213615531   -0.073605263
   12.782101333    0.214337210   -0.073625465
   12.795786667    0.214875578   -0.073640561
   12.809472000    0.215233067   -0.073650614
   12.823157333    0.215411322   -0.073655665
   12.836842667    0.215411167   -0.073655737
   12.850528000    0.215232603   -0.073650829
   12.864213333    0.214874803   -0.073640920
   12.877898667    0.214336123   -0.073625968
   12.891584000    0.213614130   -0.073605910
   12.905269333    0.212705630   -0.073580662
   12.918954667    0.211606720   -0.073550125
   12.932640000    0.210312836   -0.073514181
   12.946325333    0.208818823   -0.073472696
   12.960010667    0.207119003   -0.073425523
   12.973696000    0.205207262   -0.073372506
   12.987381333    0.203077127   -0.073313476
   13.001066667    0.200721865   -0.073248260
   13.014752000    0.198134575   -0.073176679
   13.028437333    0.195308285   -0.073098554
   13.042122667    0.192236054   -0.073013706
   13.055808000    0.188911069   -0.072921958
   13.069493333    0.185326740   -0.072823141
   13.083178667    0.181476804   -0.072717093
   13.096864000    0.177355407   -0.072603665
   13.110549333    0.172957197   -0.072482718
   13.124234667    0.168277407   -0.072354130
   13.137920000    0.163311927   -0.072217796
   13.151605333    0.158057375   -0.072073631
   13.165290667    0.152511155   -0.071921569
   13.178976000    0.146671516   -0.071761568
   13.192661333    0.140537590   -0.071593607
   13.206346667    0.134109432   -0.071417692
   13.220032000    0.127388048   -0.071233851
   13.233717333    0.120375410   -0.071042141
   13.247402667    0.113074470   -0.070842642
   13.261088000    0.105489162   -0.070635463
   13.274773333    0.097624395   -0.070420734
   13.288458667    0.089486043   -0.070198617
   13.302144000    0.081080922   -0.069969294
   13.315829333    0.072416771   -0.069732975
   13.329514667    0.063502214   -0.069489891
   13.343200000    0.054346731   -0.069240298
   13.356885333    0.044960611   -0.068984473
   13.370570667    0.035354917   -0.068722714
   13.384256000    0.025541434   -0.068455339
   13.397941333    0.015532625   -0.068182683
   13.411626667    0.005341576   -0.067905099
   13.425312000   -0.005018047   -0.067622957
   13.438997333   -0.015532055   -0.067336638
   13.452682667   -0.026185785   -0.067046540
   13.466368000   -0.036964150   -0.066753069
   13.480053333   -0.047851687   -0.066456645
   13.493738667   -0.058832609   -0.066157694
   13.507424000   -0.069890850   -0.065856651
   13.521109333   -0.081010111   -0.065553958
   13.534794667   -0.092173903   -0.065250062
   13.548480000   -0.103365592   -0.064945414
   13.562165333   -0.114568437   -0.064640469
   13.575850667   -0.125765628   -0.064335681
   13.589536000   -0.136940327   -0.064031510
   13.603221333   -0.148075701   -0.063728412
   13.616906667   -0.159154954   -0.063426844
   13.630592000   -0.170161365   -0.063127259
   13.644277333   -0.181078315   -0.062830111
   13.657962667   -0.191889318   -0.062535848
   13.671648000   -0.202578050   -0.062244912
   13.685333333   -0.213128379   -0.061957744
   13.699018667   -0.223524389   -0.061674777
   13.712704000   -0.233750408   -0.061396437
   13.726389333   -0.243791035   -0.061123142
   13.740074667   -0.253631162   -0.060855305
   13.753760000   -0.263255996   -0.060593328
   13.767445333   -0.272651090   -0.060337604
   13.781130667   -0.281802357   -0.060088517
   13.794816000   -0.290696097   -0.059846439
   13.808501333   -0.299319015   -0.059611733
   13.822186667   -0.307658244   -0.059384749
   13.835872000   -0.315701361   -0.059165826
   13.849557333   -0.323436407   -0.058955288
   13.863242667   -0.330851902   -0.058753449
   13.876928000   -0.337936866   -0.058560608
   13.890613333   -0.344680828   -0.058377051
   13.904298667   -0.351073844   -0.058203047
   13.917984000   -0.357106510   -0.058038853
   13.931669333   -0.362769970   -0.057884712
   13.945354667   -0.368055931   -0.057740848
   13.959040000   -0.372956668   -0.057607473
   13.972725333   -0.377465039   -0.057484782
   13.986410667   -0.381574484   -0.057372953
   14.000096000   -0.385279038   -0.057272149
   14.013781333   -0.388573336   -0.057182517
   14.027466667   -0.391452613   -0.057104187
   14.041152000   -0.393912715   -0.057037272
   14.054837333   -0.395950094   -0.056981869
   14.068522667   -0.397561818   -0.056938058
   14.082208000   -0.398745570   -0.056905902
   14.095893333   -0.399499650   -0.056885448
   14.109578667   -0.399822975   -0.056876726
   14.123264000   -0.399715081   -0.056879748
   14.136949333   -0.399176123   -0.056894510
   14.150634667   -0.398206875   -0.056920991
   14.164320000   -0.396808728   -0.056959152
   14.178005333   -0.394983694   -0.057008940
   14.191690667   -0.392734396   -0.057070281
   14.205376000   -0.390064076   -0.057143088
   14.219061333   -0.386976584   -0.057227256
   14.232746667   -0.383476382   -0.057322662
   14.246432000   -0.379568536   -0.057429168
   14.260117333   -0.375258712   -0.057546620
   14.273802667   -0.370553173   -0.057674847
   14.287488000   -0.365458773   -0.057813662
   14.301173333   -0.359982945   -0.057962862
   14.314858667   -0.354133700   -0.058122228
   14.328544000   -0.347919615   -0.058291528
   14.342229333   -0.341349821   -0.058470511
   14.355914667   -0.334433995   -0.058658914
   14.369600000   -0.327182346   -0.058856459
   14.383285333   -0.319605602   -0.059062854
   14.396970667   -0.311714995   -0.059277793
   14.410656000   -0.303522247   -0.059500956
   14.424341333   -0.295039552   -0.059732011
   14.438026667   -0.286279556   -0.059970614
   14.451712000   -0.277255346   -0.060216410
   14.465397333   -0.267980419   -0.060469029
   14.479082667   -0.258468674   -0.060728094
   14.492768000   -0.248734379   -0.060993216
   14.506453333   -0.238792159   -0.061263998
   14.520138667   -0.228656967   -0.061540032
   14.533824000   -0.218344059   -0.061820904
   14.547509333   -0.207868978   -0.062106189
   14.561194667   -0.197247520   -0.062395458
   14.574880000   -0.186495712   -0.062688276
   14.588565333   -0.175629786   -0.062984200
   14.602250667   -0.164666151   -0.063282785
   14.615936000   -0.153621363   -0.063583580
   14.629621333   -0.142512095   -0.063886131
   14.643306667   -0.131355112   -0.064189984
   14.656992000   -0.120167230   -0.064494680
   14.670677333   -0.108965290   -0.064799764
   14.684362667   -0.097766121   -0.065104777
   14.698048000   -0.086586502   -0.065409264
   14.711733333   -0.075443126   -0.065712773
   14.725418667   -0.064352561   -0.066014854
   14.739104000   -0.053331204   -0.066315063
   14.752789333   -0.042395244   -0.066612961
   14.766474667   -0.031560613   -0.066908118
   14.780160000   -0.020842941   -0.067200110
   14.793845333   -0.010257510   -0.067488524
   14.807530667    0.000180801   -0.067772958
   14.821216000    0.010457557   -0.068053023
   14.834901333    0.020558828   -0.068328342
   14.848586667    0.030471229   -0.068598554
   14.862272000    0.040181982   -0.068863315
   14.875957333    0.049678956   -0.069122298
   14.889642667    0.058950723   -0.069375196
   14.903328000    0.067986602   -0.069621719
   14.917013333    0.076776702   -0.069861603
   14.930698667    0.085311969   -0.070094603
   14.944384000    0.093584218   -0.070320499
   14.958069333    0.101586167   -0.070539093
   14.971754667    0.109311471   -0.070750216
   14.985440000    0.116754737   -0.070953720
   14.999125333    0.123911541   -0.071149486
   15.012810667    0.130778444   -0.071337419
   15.026496000    0.137352982   -0.071517452
   15.040181333    0.143633672   -0.071689541
   15.053866667    0.149619985   -0.071853670
   15.067552000    0.155312333   -0.072009846
   15.081237333    0.160712031   -0.072158101
   15.094922667    0.165821260   -0.072298490
   15.108608000    0.170643016   -0.072431087
   15.122293333    0.175181053   -0.072555988
   15.135978667    0.179439821   -0.072673308
   15.149664000    0.183424389   -0.072783175
   15.163349333    0.187140370   -0.072885736
   15.177034667    0.190593836   -0.072981145
   15.190720000    0.193791224   -0.073069569
   15.204405333    0.196739248   -0.073151181
   15.218090667    0.199444798   -0.073226159
   15.231776000    0.201914843   -0.073294682
   15.245461333    0.204156331   -0.073356931
   15.259146667    0.206176092   -0.073413080
   15.272832000    0.207980740   -0.073463302
   15.286517333    0.209576579   -0.073507758
   15.300202667    0.210969515   -0.073546602
   15.313888000    0.212164974   -0.073579974
   15.327573333    0.213167824   -0.073607999
   15.341258667    0.213982304   -0.073630787
   15.354944000    0.214611970   -0.073648429
   15.368629333    0.215059640   -0.073660999
   15.382314667    0.215327354   -0.073668549
   15.396000000    0.215416349   -0.073671111
   15.409685333    0.215327039   -0.073668696
   15.423370667    0.215059010   -0.073661293
   15.437056000    0.214611024   -0.073648870
   15.450741333    0.213981039   -0.073631375
   15.464426667    0.213166237   -0.073608733
   15.478112000    0.212163062   -0.073580855
   15.491797333    0.210967274   -0.073547630
   15.505482667    0.209574004   -0.073508932
   15.519168000    0.207977826   -0.073464622
   15.532853333    0.206172835   -0.073414547
   15.546538667    0.204152724   -0.073358543
   15.560224000    0.201910880   -0.073296441
   15.573909333    0.199440473   -0.073228063
   15.587594667    0.196734556   -0.073153231
   15.601280000    0.193786157   -0.073071764
   15.614965333    0.190588389   -0.072983485
   15.628650667    0.187134538   -0.072888221
   15.642336000    0.183418165   -0.072785805
   15.656021333    0.179433200   -0.072676082
   15.669706667    0.175174031   -0.072558906
   15.683392000    0.170635589   -0.072434149
   15.697077333    0.165813424   -0.072301696
   15.710762667    0.160703783   -0.072161452
   15.724448000    0.155303670   -0.072013341
   15.738133333    0.149610907   -0.071857309
   15.751818667    0.143624177   -0.071693324
   15.765504000    0.137343072   -0.071521378
   15.779189333    0.130768117   -0.071341489
   15.792874667    0.123900801   -0.071153700
   15.806560000    0.116743586   -0.070958078
   15.820245333    0.109299913   -0.070754717
   15.833930667    0.101574206   -0.070543739
   15.847616000    0.093571858   -0.070325288
   15.861301333    0.085299218   -0.070099536
   15.874986667    0.076763567   -0.069866681
   15.888672000    0.067973089   -0.069626941
   15.902357333    0.058936842   -0.069380562
   15.916042667    0.049664716   -0.069127810
   15.929728000    0.040167392   -0.068868971
   15.943413333    0.030456300   -0.068604355
   15.957098667    0.020543571   -0.068334288
   15.970784000    0.010441984   -0.068059115
   15.984469333    0.000164924   -0.067779196
   15.998154667   -0.010273678   -0.067494908
   16.011840000   -0.020859388   -0.067206641
   16.025525333   -0.031577324   -0.066914795
   16.039210667   -0.042412206   -0.066619786
   16.052896000   -0.053348403   -0.066322035
   16.066581333   -0.064369982   -0.066021973
   16.080266667   -0.075460756   -0.065720040
   16.093952000   -0.086604325   -0.065416679
   16.107637333   -0.097784122   -0.065112341
   16.121322667   -0.108983455   -0.064807476
   16.135008000   -0.120185543   -0.064502542
   16.148693333   -0.131373558   -0.064197995
   16.162378667   -0.142530661   -0.063894292
   16.176064000   -0.153640031   -0.063591891
   16.189749333   -0.164684909   -0.063291247
   16.203434667   -0.175648618   -0.062992813
   16.217120000   -0.186514603   -0.062697040
   16.230805333   -0.197266455   -0.062404373
   16.244490667   -0.207887944   -0.062115255
   16.258176000   -0.218363041   -0.061830122
   16.271861333   -0.228675951   -0.061549403
   16.285546667   -0.238811132   -0.061273521
   16.299232000   -0.248753327   -0.061002892
   16.312917333   -0.258487583   -0.060737922
   16.326602667   -0.267999278   -0.060479010
   16.340288000   -0.277274141   -0.060226545
   16.353973333   -0.286298276   -0.059980903
   16.367658667   -0.295058184   -0.059742453
   16.381344000   -0.303540781   -0.059511552
   16.395029333   -0.311733419   -0.059288543
   16.408714667   -0.319623905   -0.059073759
   16.422400000   -0.327200518   -0.058867518
   16.436085333   -0.334452027   -0.058670128
   16.449770667   -0.341367703   -0.058481879
   16.463456000   -0.347937338   -0.058303051
   16.477141333   -0.354151255   -0.058133907
   16.490826667   -0.360000325   -0.057974695
   16.504512000   -0.365475970   -0.057825651
   16.518197333   -0.370570181   -0.057686991
   16.531882667   -0.375275524   -0.057558919
   16.545568000   -0.379585146   -0.057441622
   16.559253333   -0.383492785   -0.057335271
   16.572938667   -0.386992775   -0.057240020
   16.586624000   -0.390080051   -0.057156008
   16.600309333   -0.392750151   -0.057083356
   16.613994667   -0.394999226   -0.057022169
   16.627680000   -0.396824035   -0.056972537
   16.641365333   -0.398221953   -0.056934530
   16.655050667   -0.399190972   -0.056908204
   16.668736000   -0.399729700   -0.056893597
   16.682421333   -0.399837363   -0.056890729
   16.696106667   -0.399513807   -0.056899605
   16.709792000   -0.398759497   -0.056920213
   16.723477333   -0.397575516   -0.056952522
   16.737162667   -0.395963564   -0.056996487
   16.750848000   -0.393925961   -0.057052043
   16.764533333   -0.391465638   -0.057119112
   16.778218667   -0.388586141   -0.057197595
   16.791904000   -0.385291629   -0.057287379
   16.805589333   -0.381586864   -0.057388335
   16.819274667   -0.377477214   -0.057500316
   16.832960000   -0.372968644   -0.057623159
   16.846645333   -0.368067713   -0.057756685
   16.860330667   -0.362781566   -0.057900700
   16.874016000   -0.357117926   -0.058054992
   16.887701333   -0.351085088   -0.058219335
   16.901386667   -0.344691907   -0.058393488
   16.915072000   -0.337947789   -0.058577195
   16.928757333   -0.330862678   -0.058770185
   16.942442667   -0.323447046   -0.058972172
   16.956128000   -0.315711873   -0.059182858
   16.969813333   -0.307668639   -0.059401928
   16.983498667   -0.299329304   -0.059629059
   16.997184000   -0.290706290   -0.059863911
   17.010869333   -0.281812467   -0.060106134
   17.024554667   -0.272661128   -0.060355367
   17.038240000   -0.263265975   -0.060611235
   17.051925333   -0.253641093   -0.060873356
   17.065610667   -0.243800934   -0.061141337
   17.079296000   -0.233760286   -0.061414774
   17.092981333   -0.223534259   -0.061693257
   17.106666667   -0.213138255   -0.061976366
   17.120352000   -0.202587947   -0.062263674
   17.134037333   -0.191899249   -0.062554750
   17.147722667   -0.181088296   -0.062849153
   17.161408000   -0.170171409   -0.063146440
   17.175093333   -0.159165076   -0.063446163
   17.188778667   -0.148085916   -0.063747869
   17.202464000   -0.136950650   -0.064051104
   17.216149333   -0.125776073   -0.064355412
   17.229834667   -0.114579019   -0.064660335
   17.243520000   -0.103376327   -0.064965415
   17.257205333   -0.092184805   -0.065270198
   17.270890667   -0.081021194   -0.065574227
   17.284576000   -0.069902129   -0.065877053
   17.298261333   -0.058844099   -0.066178228
   17.311946667   -0.047863402   -0.066477311
   17.325632000   -0.036976105   -0.066773866
   17.339317333   -0.026197993   -0.067067467
   17.353002667   -0.015544530   -0.067357695
   17.366688000   -0.005030801   -0.067644142
   17.380373333    0.005328530   -0.067926413
   17.394058667    0.015519274   -0.068204125
   17.407744000    0.025527767   -0.068476908
   17.421429333    0.035340922   -0.068744409
   17.435114667    0.044946278   -0.069006294
   17.448800000    0.054332050   -0.069262244
   17.462485333    0.063487176   -0.069511962
   17.476170667    0.072401366   -0.069755170
   17.489856000    0.081065144   -0.069991613
   17.503541333    0.089469883   -0.070221059
   17.517226667    0.097607848   -0.070443299
   17.530912000    0.105472222   -0.070658149
   17.544597333    0.113057133   -0.070865450
   17.558282667    0.120357671   -0.071065070
   17.571968000    0.127369905   -0.071256901
   17.585653333    0.134090883   -0.071440862
   17.599338667    0.140518634   -0.071616897
   17.613024000    0.146652152   -0.071784977
   17.626709333    0.152491384   -0.071945098
   17.640394667    0.158037198   -0.072097278
   17.654080000    0.163291347   -0.072241562
   17.667765333    0.168256427   -0.072378014
   17.681450667    0.172935819   -0.072506719
   17.695136000    0.177333636   -0.072627784
   17.708821333    0.181454645   -0.072741330
   17.722506667    0.185304198   -0.072847495
   17.736192000    0.188888149   -0.072946429
   17.749877333    0.192212763   -0.073038293
   17.763562667    0.195284628   -0.073123258
   17.777248000    0.198110559   -0.073201499
   17.790933333    0.200697496   -0.073273195
   17.804618667    0.203052412   -0.073338527
   17.818304000    0.205182207   -0.073397673
   17.831989333    0.207093615   -0.073450805
   17.845674667    0.208793106   -0.073498092
   17.859360000    0.210286797   -0.073539692
   17.873045333    0.211580363   -0.073575751
   17.886730667    0.212678961   -0.073606402
   17.900416000    0.213587151   -0.073631763
   17.914101333    0.214308839   -0.073651935
   17.927786667    0.214847216   -0.073667000
   17.941472000    0.215204716   -0.073677022
   17.955157333    0.215382982   -0.073682042
   17.968842667    0.215382838   -0.073682082
   17.982528000    0.215204285   -0.073677141
   17.996213333    0.214846497   -0.073667200
   18.009898667    0.214307829   -0.073652214
   18.023584000    0.213585847   -0.073632122
   18.037269333    0.212677359   -0.073606840
   18.050954667    0.211578460   -0.073576269
   18.064640000    0.210284586   -0.073540289
   18.078325333    0.208790583   -0.073498768
   18.092010667    0.207090774   -0.073451560
   18.105696000    0.205179041   -0.073398505
   18.119381333    0.203048914   -0.073339438
   18.133066667    0.200693660   -0.073274184
   18.146752000    0.198106377   -0.073202565
   18.160437333    0.195280093   -0.073124401
   18.174122667    0.192207868   -0.073039513
   18.187808000    0.188882887   -0.072947725
   18.201493333    0.185298563   -0.072848868
   18.215178667    0.181448630   -0.072742779
   18.228864000    0.177327235   -0.072629308
   18.242549333    0.172929028   -0.072508319
   18.256234667    0.168249240   -0.072379687
   18.269920000    0.163283762   -0.072243310
   18.283605333    0.158029210   -0.072099101
   18.297290667    0.152482992   -0.071946994
   18.310976000    0.146643354   -0.071786947
   18.324661333    0.140509429   -0.071618940
   18.338346667    0.134081274   -0.071442977
   18.352032000    0.127359892   -0.071259089
   18.365717333    0.120347256   -0.071067331
   18.379402667    0.113046320   -0.070867783
   18.393088000    0.105461016   -0.070660554
   18.406773333    0.097596255   -0.070445775
   18.420458667    0.089457909   -0.070223607
   18.434144000    0.081052797   -0.069994233
   18.447829333    0.072388655   -0.069757861
   18.461514667    0.063474110   -0.069514724
   18.475200000    0.054318639   -0.069265078
   18.488885333    0.044932534   -0.069009199
   18.502570667    0.035326856   -0.068747386
   18.516256000    0.025513392   -0.068479956
   18.529941333    0.015504604   -0.068207244
   18.543626667    0.005313578   -0.067929604
   18.557312000   -0.005046019   -0.067647405
   18.570997333   -0.015560000   -0.067361030
   18.584682667   -0.026213700   -0.067070874
   18.598368000   -0.036992031   -0.066777345
   18.612053333   -0.047879533   -0.066480862
   18.625738667   -0.058860417   -0.066181852
   18.639424000   -0.069918617   -0.065880751
   18.653109333   -0.081037835   -0.065577998
   18.666794667   -0.092201582   -0.065274042
   18.680480000   -0.103393222   -0.064969334
   18.694165333   -0.114596016   -0.064664328
   18.707850667   -0.125793153   -0.064359480
   18.721536000   -0.136967795   -0.064055248
   18.735221333   -0.148103110   -0.063752089
   18.748906667   -0.159182301   -0.063450459
   18.762592000   -0.170188647   -0.063150813
   18.776277333   -0.181105530   -0.062853603
   18.789962667   -0.191916462   -0.062559278
   18.803648000   -0.202605122   -0.062268281
   18.817333333   -0.213155376   -0.061981051
   18.831018667   -0.223551308   -0.061698022
   18.844704000   -0.233777247   -0.061419620
   18.858389333   -0.243817792   -0.061146264
   18.872074667   -0.253657833   -0.060878365
   18.885760000   -0.263282580   -0.060616326
   18.899445333   -0.272677583   -0.060360541
   18.913130667   -0.281828758   -0.060111392
   18.926816000   -0.290722403   -0.059869253
   18.940501333   -0.299345225   -0.059634486
   18.954186667   -0.307684355   -0.059407441
   18.967872000   -0.315727371   -0.059188457
   18.981557333   -0.323462313   -0.058977859
   18.995242667   -0.330877703   -0.058775960
   19.008928000   -0.337962560   -0.058583059
   19.022613333   -0.344706413   -0.058399442
   19.036298667   -0.351099319   -0.058225379
   19.049984000   -0.357131872   -0.058061127
   19.063669333   -0.362795218   -0.057906927
   19.077354667   -0.368081063   -0.057763005
   19.091040000   -0.372981684   -0.057629572
   19.104725333   -0.377489936   -0.057506824
   19.118410667   -0.381599262   -0.057394938
   19.132096000   -0.385303696   -0.057294077
   19.145781333   -0.388597872   -0.057204389
   19.159466667   -0.391477027   -0.057126003
   19.173152000   -0.393937004   -0.057059032
   19.186837333   -0.395974259   -0.057003575
   19.200522667   -0.397585859   -0.056959709
   19.214208000   -0.398769486   -0.056927500
   19.227893333   -0.399523440   -0.056906993
   19.241578667   -0.399846638   -0.056898218
   19.255264000   -0.399738617   -0.056901187
   19.268949333   -0.399199533   -0.056915897
   19.282634667   -0.398230157   -0.056942326
   19.296320000   -0.396831884   -0.056980437
   19.310005333   -0.395006722   -0.057030174
   19.323690667   -0.392757298   -0.057091465
   19.337376000   -0.390086851   -0.057164222
   19.351061333   -0.386999233   -0.057248341
   19.364746667   -0.383498905   -0.057343698
   19.378432000   -0.379590933   -0.057450156
   19.392117333   -0.375280984   -0.057567561
   19.405802667   -0.370575321   -0.057695740
   19.419488000   -0.365480796   -0.057834508
   19.433173333   -0.360004845   -0.057983661
   19.446858667   -0.354155478   -0.058142982
   19.460544000   -0.347941271   -0.058312235
   19.474229333   -0.341371357   -0.058491173
   19.487914667   -0.334455411   -0.058679531
   19.501600000   -0.327203644   -0.058877032
   19.515285333   -0.319626782   -0.059083383
   19.528970667   -0.311736059   -0.059298278
   19.542656000   -0.303543196   -0.059521397
   19.556341333   -0.295060386   -0.059752409
   19.570026667   -0.286300279   -0.059990970
   19.583712000   -0.277275957   -0.060236722
   19.597397333   -0.268000921   -0.060489299
   19.611082667   -0.258489068   -0.060748322
   19.624768000   -0.248754668   -0.061013402
   19.638453333   -0.238812344   -0.061284142
   19.652138667   -0.228677048   -0.061560134
   19.665824000   -0.218364041   -0.061840964
   19.679509333   -0.207888861   -0.062126207
   19.693194667   -0.197267306   -0.062415435
   19.706880000   -0.186515404   -0.062708212
   19.720565333   -0.175649386   -0.063004094
   19.734250667   -0.164685660   -0.063302638
   19.747936000   -0.153640783   -0.063603391
   19.761621333   -0.142531430   -0.063905901
   19.775306667   -0.131374362   -0.064209712
   19.788992000   -0.120186398   -0.064514366
   19.802677333   -0.108984378   -0.064819408
   19.816362667   -0.097785131   -0.065124379
   19.830048000   -0.086605436   -0.065428824
   19.843733333   -0.075461987   -0.065732291
   19.857418667   -0.064371349   -0.066034329
   19.871104000   -0.053349922   -0.066334495
   19.884789333   -0.042413894   -0.066632350
   19.898474667   -0.031579196   -0.066927463
   19.912160000   -0.020861460   -0.067219411
   19.925845333   -0.010275965   -0.067507781
   19.939530667    0.000162407   -0.067792171
   19.953216000    0.010439224   -0.068072190
   19.966901333    0.020540554   -0.068347464
   19.980586667    0.030453014   -0.068617630
   19.994272000    0.040163824   -0.068882345
   20.007957333    0.049660854   -0.069141281
   20.021642667    0.058932677   -0.069394130
   20.035328000    0.067968610   -0.069640606
   20.049013333    0.076758765   -0.069880441
   20.062698667    0.085294085   -0.070113392
   20.076384000    0.093566386   -0.070339237
   20.090069333    0.101568389   -0.070557782
   20.103754667    0.109293746   -0.070768853
   20.117440000    0.116737064   -0.070972306
   20.131125333    0.123893921   -0.071168019
   20.144810667    0.130760876   -0.071355899
   20.158496000    0.137335468   -0.071535878
   20.172181333    0.143616210   -0.071707913
   20.185866667    0.149602576   -0.071871986
   20.199552000    0.155294978   -0.072028107
   20.213237333    0.160694730   -0.072176305
   20.226922667    0.165804014   -0.072316636
   20.240608000    0.170625825   -0.072449175
   20.254293333    0.175163918   -0.072574018
   20.267978667    0.179422742   -0.072691279
   20.281664000    0.183407368   -0.072801086
   20.295349333    0.187123407   -0.072903586
   20.309034667    0.190576932   -0.072998934
   20.322720000    0.193774381   -0.073087296
   20.336405333    0.196722466   -0.073168846
   20.350090667    0.199428079   -0.073243760
   20.363776000    0.201898188   -0.073312219
   20.377461333    0.204139741   -0.073374403
   20.391146667    0.206159569   -0.073430487
   20.404832000    0.207964285   -0.073480643
   20.418517333    0.209560194   -0.073525033
   20.432202667    0.210953203   -0.073563810
   20.445888000    0.212148736   -0.073597114
   20.459573333    0.213151662   -0.073625071
   20.473258667    0.213966221   -0.073647790
   20.486944000    0.214595968   -0.073665363
   20.500629333    0.215043721   -0.073677863
   20.514314667    0.215311522   -0.073685343
 
     AVERAGE      :     0.31s CPU         1.03s WALL

 
   This run was terminated on:  12:29:13  14Sep2017            

=------------------------------------------------------------------------------=
   JOB DONE.
=------------------------------------------------------------------------------=
