
     Program WSTAT v. 2.0.0 starts on 13May2018 at 11: 3:59 

     This program is part of the open-source West suite
     for massively parallel calculations of excited states in materials; please cite
         "M. Govoni et al., J. Chem. Theory Comput. 11, 2680 (2015);
          URL http://www.west-code.org", 
     in publications or presentations arising from this work.

     Based on the Quantum ESPRESSO v. 6.1 svn rev. 13369
       
     --------------------------------------------------------------------------------------------
     **MPI** Parallelization Status                                      
     --------------------------------------------------------------------------------------------
                   160                  10             1             1            16
     --------------------------------------------------------------------------------------------
                     N         =         I      X      P      X      B      X      Z
                     ^                   ^             ^             ^             ^
                     |                   |             |             |             |
                   #rnk                  |             |             |             |
                                      #image           |             |             |
                                                     #pool           |             |
                                                                   #bgrp           |
                                                                                 #R&G
     --------------------------------------------------------------------------------------------
     **OPENMP** Parallelization Status
     #thr/rnk               =            1
     --------------------------------------------------------------------------------------------
     #prc = (rnk) * (thr) =          160
     --------------------------------------------------------------------------------------------
       
     --------------------------------------------------------------------------------------------
     I/O Summary : input_west                                            
     --------------------------------------------------------------------------------------------
     qe_prefix      = cs
     west_prefix    = cs
     outdir         = ./
     --------------------------------------------------------------------------------------------
       
     --------------------------------------------------------------------------------------------
     I/O Summary : wstat_control                                         
     --------------------------------------------------------------------------------------------
     wstat_calculation              =              S
     n_pdep_eigen                   =            100
     n_kin_pdep_eigen               =            400
     n_lindhard_eigen               =              0
     n_pdep_times                   =              4
     n_pdep_maxiter                 =            100
     n_dfpt_maxiter                 =            250
     n_pdep_read_from_file          =              0
     trev_pdep                      =   1.000000E-03
     trev_pdep_rel                  =   1.000000E-01
     tr2_dfpt                       =   1.000000E-12
     l_kinetic_only                 =              F
     l_minimize_exx_if_active       =              F
     l_use_ecutrho                  =              F
     l_pure_eigen                   =              F
     --------------------------------------------------------------------------------------------

     Reading data from directory:
     ./cs.save

   Info: using nr1, nr2, nr3 values from input

   Info: using nr1, nr2, nr3 values from input

     IMPORTANT: XC functional enforced from input :
     Exchange-correlation      = PBE ( 1  4  3  4 0 0)
     Any further DFT definition will be discarded
     Please, verify this is what you really want

     Message from routine readpp:
     file ./cs.save/C_ONCV_PBE-1.0.upf not found
     Message from routine readpp:
     file ./cs.save/S_ONCV_PBE-1.0.upf not found
 
     Parallelization info
     --------------------
     sticks:   dense  smooth     PW     G-vecs:    dense   smooth      PW
     Min        1520    1520    379               178660   178660   22323
     Max        1522    1522    384               178666   178666   22328
     Sum       24345   24345   6093              2858633  2858633  357213
 
       
     --------------------------------------------------------------------------------------------
     System Overview                                                     
     --------------------------------------------------------------------------------------------
     gamma_only           =              T
     ecutwfc [Ry]         =      85.000000
     omega [au^3]         =   2.700000E+04
     glob. #G             =         178607
     nbnd                 =            100
     nkstot               =              1
     nspin                =              1
     nelec                =      10.000000
     npol                 =              1
     lsda                 =              F
     noncolin             =              F
     lspinorb             =              F
     domag                =              F
     --------------------------------------------------------------------------------------------

     sFFT G-space:  1429317 G-vectors     R-space: ( 180, 180, 180)
     dFFT G-space:  1429317 G-vectors     R-space: ( 180, 180, 180)

     Cell [a.u.]          =      30.000000      0.000000      0.000000
                          =       0.000000     30.000000      0.000000
                          =       0.000000      0.000000     30.000000
      
     number of ks points=     1
                       cart. coord. in units 2pi/alat
        k(    1) = (   0.0000000   0.0000000   0.0000000), wk =   2.0000000

                       cryst. coord.
        k(    1) = (   0.0000000   0.0000000   0.0000000), wk =   2.0000000
 
     Spherical div        =   1.654268E-01
     Orthorombic div      =   1.628502E-01
       
     --------------------------------------------------------------------------------------------
     Parallelization for nvecx                                           
     --------------------------------------------------------------------------------------------
     nglob                =            400
     nlevel               =             10
     Min nglob/nlevel     =             40
     Max nglob/nlevel     =             40
     --------------------------------------------------------------------------------------------

     [MEM] ----------------------------------------------------------
     [MEM] **Memory** analysis: QE
     [MEM] ----------------------------------------------------------
     [MEM] Allocated arrays           est. size (Mb)     dimensions
     [MEM] ----------------------------------------------------------
     [MEM] Kohn-Sham Wavefunctions      17.03 Mb     (  11164,  100)
     [MEM] NL pseudopotentials           2.73 Mb     (  11164,   16)
     [MEM] Each V/rho on FFT grid        5.93 Mb     ( 388800)
     [MEM] Each G-vector array           0.68 Mb     (  89333)
     [MEM] G-vector shells               0.05 Mb     (   6125)
     [MEM] ----------------------------------------------------------
     [MEM] TOT                          26.42 Mb
     [MEM] ----------------------------------------------------------
     [MEM] 
     [MEM] ----------------------------------------------------------
     [MEM] **Memory** analysis: WSTAT global
     [MEM] ----------------------------------------------------------
     [MEM] Allocated arrays           est. size (Mb)     dimensions
     [MEM] ----------------------------------------------------------
     [MEM] dvg                           6.81 Mb     (  11164,   40)
     [MEM] dng                           6.81 Mb     (  11164,   40)
     [MEM] hr_distr                      0.12 Mb     (    400,   40)
     [MEM] vr_distr                      0.12 Mb     (    400,   40)
     [MEM] ----------------------------------------------------------
     [MEM] TOT                          13.87 Mb
     [MEM] ----------------------------------------------------------
     [MEM] 
     [MEM] ----------------------------------------------------------
     [MEM] **Memory** analysis: WSTAT temporary
     [MEM] ----------------------------------------------------------
     [MEM] Allocated arrays           est. size (Mb)     dimensions
     [MEM] ----------------------------------------------------------
     [MEM] dvpsi                         0.85 Mb     (  11164,    5)
     [MEM] dpsi                          0.85 Mb     (  11164,    5)
     [MEM] ----------------------------------------------------------
     [MEM] Total estimate                1.70 Mb
     [MEM] ----------------------------------------------------------

                       *----------*              *----------*               *----------*
     #     Iteration = | starting |   DFPT_dim = |      100 |   Diago_dim = |      100 |  x 1/2
                       *----------*              *----------*               *----------*
     per-process dynamical memory   118.8 Mb
  
       
     --------------------------------------------------------------------------------------------
     Sternheimer eq. solver... with lite-solver                          
     --------------------------------------------------------------------------------------------
     in progress... |##                  | 010% :               00.1s (E)               01.9s (X)
     in progress... |####                | 020% :               00.3s (E)               01.9s (X)
     in progress... |######              | 030% :               00.5s (E)               01.9s (X)
     in progress... |########            | 040% :               00.7s (E)               01.9s (X)
     in progress... |##########          | 050% :               00.9s (E)               01.9s (X)
     in progress... |############        | 060% :               01.1s (E)               01.9s (X)
     in progress... |##############      | 070% :               01.3s (E)               01.9s (X)
     in progress... |################    | 080% :               01.5s (E)               01.9s (X)
     in progress... |##################  | 090% :               01.7s (E)               01.9s (X)
     in progress... |####################| 100% :               01.9s (E)               01.9s (X)
     --------------------------------------------------------------------------------------------

     [I/O] -------------------------------------------------------
     [I/O] RESTART written in < 00.1s             
     [I/O] In location   : ./cs_100_400.wstat.restart
     [I/O] -------------------------------------------------------

                       *----------*              *----------*               *----------*
     #     Iteration = | starting |   DFPT_dim = |      100 |   Diago_dim = |      100 |  x 2/2
                       *----------*              *----------*               *----------*
     per-process dynamical memory   124.9 Mb
  
       
     --------------------------------------------------------------------------------------------
     Sternheimer eq. solver... with threshold =   1.000000E-06           
     --------------------------------------------------------------------------------------------
     in progress... |##                  | 010% :               02.5s (E)               25.0s (X)
     in progress... |####                | 020% :               04.9s (E)               24.8s (X)
     in progress... |######              | 030% :               07.4s (E)               24.6s (X)
     in progress... |########            | 040% :               09.9s (E)               24.8s (X)
     in progress... |##########          | 050% :               12.3s (E)               24.6s (X)
     in progress... |############        | 060% :               14.7s (E)               24.5s (X)
     in progress... |##############      | 070% :               17.2s (E)               24.5s (X)
     in progress... |################    | 080% :               19.5s (E)               24.4s (X)
     in progress... |##################  | 090% :               21.9s (E)               24.4s (X)
     in progress... |####################| 100% :               24.3s (E)               24.3s (X)
     --------------------------------------------------------------------------------------------
     p-DIAGOX done in < 00.1s with a SCALAPACK grid (3x3)
     --------------------------------------------------------------------------------------------
        
       -4.62757  -1.77677  -1.77348  -1.27908  -1.27458  -1.16802  -0.76328  -0.66719  -0.66072
       -0.59912  -0.50919  -0.50627  -0.42758  -0.39838  -0.39720  -0.34704  -0.31886  -0.31770
       -0.31667  -0.31294  -0.31159  -0.24654  -0.24453  -0.23435  -0.22197  -0.21677  -0.19892
       -0.19775  -0.17639  -0.17215  -0.16887  -0.14499  -0.13234  -0.12784  -0.11172  -0.10854
       -0.10836  -0.10706  -0.10410  -0.10075  -0.09703  -0.09203  -0.08307  -0.08206  -0.07348
       -0.07196  -0.07132  -0.06735  -0.06615  -0.06566  -0.06465  -0.06224  -0.05995  -0.05698
       -0.05422  -0.05321  -0.04965  -0.04940  -0.04861  -0.04447  -0.04197  -0.04119  -0.03992
       -0.03776  -0.03659  -0.03538  -0.03444  -0.03280  -0.03175  -0.03128  -0.03079  -0.02955
       -0.02855  -0.02732  -0.02643  -0.02591  -0.02535  -0.02482  -0.02439  -0.02277  -0.02192
       -0.02111  -0.02087  -0.02035  -0.01969  -0.01900  -0.01786  -0.01761  -0.01679  -0.01641
       -0.01622  -0.01597  -0.01552  -0.01461  -0.01442  -0.01361  -0.01286  -0.01252  -0.01171
       -0.01066
        
     --------------------------------------------------------------------------------------------
     Tot. elapsed time 48.7s,  time spent in last iteration 48.7s
     --------------------------------------------------------------------------------------------

     [I/O] -------------------------------------------------------
     [I/O] RESTART written in < 00.1s             
     [I/O] In location   : ./cs_100_400.wstat.restart
     [I/O] -------------------------------------------------------

                       *----------*              *----------*               *----------*
     #     Iteration = |        1 |   DFPT_dim = |      100 |   Diago_dim = |      200 |
                       *----------*              *----------*               *----------*
     per-process dynamical memory   132.7 Mb
  
       
     --------------------------------------------------------------------------------------------
     Sternheimer eq. solver... with threshold =   1.000000E-12           
     --------------------------------------------------------------------------------------------
     in progress... |##                  | 010% :               03.7s (E)               37.8s (X)
     in progress... |####                | 020% :               07.4s (E)               37.4s (X)
     in progress... |######              | 030% :               11.1s (E)               37.2s (X)
     in progress... |########            | 040% :               14.8s (E)               37.1s (X)
     in progress... |##########          | 050% :               18.4s (E)               36.9s (X)
     in progress... |############        | 060% :               22.1s (E)               36.8s (X)
     in progress... |##############      | 070% :               25.7s (E)               36.8s (X)
     in progress... |################    | 080% :               29.3s (E)               36.7s (X)
     in progress... |##################  | 090% :               33.0s (E)               36.6s (X)
     in progress... |####################| 100% :               36.6s (E)               36.6s (X)
     --------------------------------------------------------------------------------------------
     p-DIAGOX done in < 00.1s with a SCALAPACK grid (6x6)
     --------------------------------------------------------------------------------------------
        
       -4.67995  -1.79016  -1.79015  -1.28712  -1.28711  -1.21778  -0.90331  -0.68957  -0.68956
       -0.61279  -0.52465  -0.52464  -0.45165  -0.41096  -0.41095  -0.38136  -0.34192  -0.32303
       -0.32302  -0.32159  -0.32156  -0.25619  -0.25513  -0.25512  -0.23375  -0.23371  -0.21357
       -0.21357  -0.20013  -0.18416  -0.18414  -0.18360  -0.14285  -0.14276  -0.13205  -0.12905
       -0.12899  -0.11813  -0.11792  -0.11488  -0.11482  -0.10972  -0.10381  -0.10370  -0.09817
       -0.08403  -0.08195  -0.08195  -0.08168  -0.08163  -0.08139  -0.08083  -0.07589  -0.07567
       -0.07324  -0.07303  -0.07264  -0.07240  -0.06937  -0.06486  -0.06428  -0.06405  -0.06083
       -0.06061  -0.05560  -0.04896  -0.04849  -0.04745  -0.04734  -0.04724  -0.04631  -0.04586
       -0.04560  -0.04540  -0.04508  -0.04503  -0.04440  -0.04421  -0.04071  -0.03908  -0.03880
       -0.03827  -0.03799  -0.03763  -0.03546  -0.03515  -0.03456  -0.03392  -0.03355  -0.03318
       -0.03263  -0.03224  -0.03203  -0.03182  -0.03128  -0.03079  -0.03044  -0.03022  -0.02909
       -0.02856
        
     --------------------------------------------------------------------------------------------
     Tot. elapsed time 01m-50.4s,  time spent in last iteration 42.8s
     --------------------------------------------------------------------------------------------

     [I/O] -------------------------------------------------------
     [I/O] RESTART written in < 00.1s             
     [I/O] In location   : ./cs_100_400.wstat.restart
     [I/O] -------------------------------------------------------

                       *----------*              *----------*               *----------*
     #     Iteration = |        2 |   DFPT_dim = |      100 |   Diago_dim = |      300 |
                       *----------*              *----------*               *----------*
     per-process dynamical memory   132.7 Mb
  
       
     --------------------------------------------------------------------------------------------
     Sternheimer eq. solver... with threshold =   1.000000E-12           
     --------------------------------------------------------------------------------------------
     in progress... |##                  | 010% :               03.6s (E)               36.5s (X)
     in progress... |####                | 020% :               07.1s (E)               35.8s (X)
     in progress... |######              | 030% :               10.7s (E)               35.8s (X)
     in progress... |########            | 040% :               14.3s (E)               35.7s (X)
     in progress... |##########          | 050% :               17.8s (E)               35.7s (X)
     in progress... |############        | 060% :               21.4s (E)               35.6s (X)
     in progress... |##############      | 070% :               24.9s (E)               35.6s (X)
     in progress... |################    | 080% :               28.5s (E)               35.6s (X)
     in progress... |##################  | 090% :               32.0s (E)               35.5s (X)
     in progress... |####################| 100% :               35.5s (E)               35.5s (X)
     --------------------------------------------------------------------------------------------
     p-DIAGOX done in < 00.1s with a SCALAPACK grid (9x9)
     --------------------------------------------------------------------------------------------
        
       -4.67995  -1.79016  -1.79015  -1.28712  -1.28711  -1.21778  -0.90331  -0.68958  -0.68957
       -0.61279  -0.52465  -0.52465  -0.45166  -0.41096  -0.41096  -0.38138  -0.34193  -0.32303
       -0.32303  -0.32160  -0.32157  -0.25624  -0.25514  -0.25514  -0.23377  -0.23375  -0.21361
       -0.21360  -0.20032  -0.18419  -0.18419  -0.18372  -0.14291  -0.14283  -0.13237  -0.12916
       -0.12916  -0.11820  -0.11820  -0.11493  -0.11493  -0.10996  -0.10399  -0.10399  -0.09846
       -0.08501  -0.08219  -0.08219  -0.08215  -0.08214  -0.08184  -0.08184  -0.07610  -0.07610
       -0.07367  -0.07367  -0.07332  -0.07332  -0.07015  -0.06562  -0.06543  -0.06543  -0.06128
       -0.06128  -0.05721  -0.04979  -0.04978  -0.04940  -0.04838  -0.04838  -0.04701  -0.04700
       -0.04666  -0.04665  -0.04606  -0.04605  -0.04604  -0.04603  -0.04286  -0.04064  -0.04062
       -0.04009  -0.03902  -0.03899  -0.03678  -0.03676  -0.03601  -0.03598  -0.03559  -0.03557
       -0.03526  -0.03401  -0.03397  -0.03395  -0.03389  -0.03342  -0.03335  -0.03289  -0.03286
       -0.03101
        
     --------------------------------------------------------------------------------------------
     Tot. elapsed time 03m-08.9s,  time spent in last iteration 41.8s
     --------------------------------------------------------------------------------------------

     [I/O] -------------------------------------------------------
     [I/O] RESTART written in < 00.1s             
     [I/O] In location   : ./cs_100_400.wstat.restart
     [I/O] -------------------------------------------------------

                       *----------*              *----------*               *----------*
     #     Iteration = |        3 |   DFPT_dim = |       36 |   Diago_dim = |      336 |
                       *----------*              *----------*               *----------*
     per-process dynamical memory   132.7 Mb
  
       
     --------------------------------------------------------------------------------------------
     Sternheimer eq. solver... with threshold =   1.000000E-12           
     --------------------------------------------------------------------------------------------
     in progress... |#####               | 025% :               03.5s (E)               14.0s (X)
     in progress... |##########          | 050% :               06.9s (E)               13.9s (X)
     in progress... |###############     | 075% :               10.4s (E)               13.9s (X)
     in progress... |####################| 100% :               13.9s (E)               13.9s (X)
     --------------------------------------------------------------------------------------------
     p-DIAGOX done in 00.1s with a SCALAPACK grid (10x10)
     --------------------------------------------------------------------------------------------
        
       -4.67995  -1.79016  -1.79015  -1.28712  -1.28711  -1.21778  -0.90331  -0.68958  -0.68957
       -0.61279  -0.52465  -0.52465  -0.45166  -0.41096  -0.41096  -0.38138  -0.34193  -0.32303
       -0.32303  -0.32160  -0.32157  -0.25624  -0.25514  -0.25514  -0.23377  -0.23375  -0.21361
       -0.21360  -0.20032  -0.18419  -0.18419  -0.18373  -0.14291  -0.14283  -0.13237  -0.12916
       -0.12916  -0.11820  -0.11820  -0.11493  -0.11493  -0.10996  -0.10399  -0.10399  -0.09846
       -0.08502  -0.08219  -0.08219  -0.08215  -0.08215  -0.08184  -0.08184  -0.07610  -0.07610
       -0.07367  -0.07367  -0.07332  -0.07332  -0.07015  -0.06562  -0.06543  -0.06543  -0.06129
       -0.06128  -0.05723  -0.04980  -0.04980  -0.04943  -0.04839  -0.04839  -0.04702  -0.04702
       -0.04668  -0.04667  -0.04608  -0.04607  -0.04605  -0.04605  -0.04292  -0.04067  -0.04067
       -0.04014  -0.03904  -0.03901  -0.03682  -0.03682  -0.03605  -0.03605  -0.03562  -0.03562
       -0.03534  -0.03407  -0.03406  -0.03399  -0.03399  -0.03353  -0.03353  -0.03300  -0.03300
       -0.03109
        
     --------------------------------------------------------------------------------------------
     Tot. elapsed time 04m-21.6s,  time spent in last iteration 17.4s
     --------------------------------------------------------------------------------------------
      
     --------------------------------------------------------------------------------------------
     Database written in 09.2s               
     In location : ./cs_100_400.wstat.save
     --------------------------------------------------------------------------------------------
       
     --------------------------------------------------------------------------------------------
     Convergence achieved !!! in        3 steps                          
     --------------------------------------------------------------------------------------------
       
     --------------------------------------------------------------------------------------------
     ** Now compute kinetic eigenpotentials **                           
     --------------------------------------------------------------------------------------------
       
     --------------------------------------------------------------------------------------------
     Parallelization for newnvecx                                        
     --------------------------------------------------------------------------------------------
     nglob                =           1600
     nlevel               =             10
     Min nglob/nlevel     =            160
     Max nglob/nlevel     =            160
     --------------------------------------------------------------------------------------------
       
     --------------------------------------------------------------------------------------------
     Parallelization for merge_nvecx                                     
     --------------------------------------------------------------------------------------------
     nglob                =           2000
     nlevel               =             10
     Min nglob/nlevel     =            200
     Max nglob/nlevel     =            200
     --------------------------------------------------------------------------------------------

                       *----------*              *----------*               *----------*
     #     Iteration = | starting |   DFPT_dim = |      400 |   Diago_dim = |      400 |  x 1/2
                       *----------*              *----------*               *----------*
       
     --------------------------------------------------------------------------------------------
     Applying projection operator formed by dvg                          
     --------------------------------------------------------------------------------------------
     per-process dynamical memory   231.8 Mb
  
       
     --------------------------------------------------------------------------------------------
     Sternheimer eq. solver... with lite-solver                          
     --------------------------------------------------------------------------------------------
     in progress... |#                   | 005% :               00.3s (E)               07.8s (X)
     in progress... |##                  | 010% :               00.7s (E)               07.9s (X)
     in progress... |###                 | 015% :               01.1s (E)               07.8s (X)
     in progress... |####                | 020% :               01.5s (E)               07.8s (X)
     in progress... |#####               | 025% :               01.9s (E)               07.8s (X)
     in progress... |######              | 030% :               02.3s (E)               07.8s (X)
     in progress... |#######             | 035% :               02.7s (E)               07.7s (X)
     in progress... |########            | 040% :               03.1s (E)               07.7s (X)
     in progress... |#########           | 045% :               03.5s (E)               07.7s (X)
     in progress... |##########          | 050% :               03.8s (E)               07.7s (X)
     in progress... |###########         | 055% :               04.2s (E)               07.7s (X)
     in progress... |############        | 060% :               04.6s (E)               07.7s (X)
     in progress... |#############       | 065% :               05.0s (E)               07.7s (X)
     in progress... |##############      | 070% :               05.4s (E)               07.7s (X)
     in progress... |###############     | 075% :               05.8s (E)               07.7s (X)
     in progress... |################    | 080% :               06.2s (E)               07.7s (X)
     in progress... |#################   | 085% :               06.5s (E)               07.7s (X)
     in progress... |##################  | 090% :               06.9s (E)               07.7s (X)
     in progress... |################### | 095% :               07.3s (E)               07.7s (X)
     in progress... |####################| 100% :               07.7s (E)               07.7s (X)
       
     --------------------------------------------------------------------------------------------
     Applying projection operator formed by dvg                          
     --------------------------------------------------------------------------------------------
     --------------------------------------------------------------------------------------------

     [I/O] -------------------------------------------------------
     [I/O] RESTART written in < 00.1s             
     [I/O] In location   : ./cs_100_400.wstat.restart
     [I/O] -------------------------------------------------------

                       *----------*              *----------*               *----------*
     #     Iteration = | starting |   DFPT_dim = |      400 |   Diago_dim = |      400 |  x 2/2
                       *----------*              *----------*               *----------*
       
     --------------------------------------------------------------------------------------------
     Applying projection operator formed by dvg                          
     --------------------------------------------------------------------------------------------
     per-process dynamical memory   231.8 Mb
  
       
     --------------------------------------------------------------------------------------------
     Sternheimer eq. solver... with threshold =   1.000000E-06           
     --------------------------------------------------------------------------------------------
     in progress... |#                   | 005% :               00.5s (E)               10.4s (X)
     in progress... |##                  | 010% :               01.0s (E)               10.3s (X)
     in progress... |###                 | 015% :               01.5s (E)               10.3s (X)
     in progress... |####                | 020% :               02.0s (E)               10.3s (X)
     in progress... |#####               | 025% :               02.5s (E)               10.3s (X)
     in progress... |######              | 030% :               03.0s (E)               10.3s (X)
     in progress... |#######             | 035% :               03.6s (E)               10.3s (X)
     in progress... |########            | 040% :               04.1s (E)               10.3s (X)
     in progress... |#########           | 045% :               04.6s (E)               10.2s (X)
     in progress... |##########          | 050% :               05.1s (E)               10.2s (X)
     in progress... |###########         | 055% :               05.6s (E)               10.2s (X)
     in progress... |############        | 060% :               06.1s (E)               10.2s (X)
     in progress... |#############       | 065% :               06.6s (E)               10.2s (X)
     in progress... |##############      | 070% :               07.1s (E)               10.2s (X)
     in progress... |###############     | 075% :               07.6s (E)               10.2s (X)
     in progress... |################    | 080% :               08.1s (E)               10.2s (X)
     in progress... |#################   | 085% :               08.6s (E)               10.2s (X)
     in progress... |##################  | 090% :               09.2s (E)               10.2s (X)
     in progress... |################### | 095% :               09.7s (E)               10.2s (X)
     in progress... |####################| 100% :               10.2s (E)               10.2s (X)
       
     --------------------------------------------------------------------------------------------
     Applying projection operator formed by dvg                          
     --------------------------------------------------------------------------------------------
     --------------------------------------------------------------------------------------------
     p-DIAGOX done in 00.3s with a SCALAPACK grid (12x12)
     --------------------------------------------------------------------------------------------
        
       -0.02535  -0.02511  -0.02475  -0.02474  -0.02388  -0.02385  -0.02379  -0.02190  -0.02159
       -0.02155  -0.02118  -0.02117  -0.02100  -0.02096  -0.02036  -0.01987  -0.01984  -0.01956
       -0.01952  -0.01947  -0.01943  -0.01934  -0.01928  -0.01863  -0.01857  -0.01833  -0.01828
       -0.01807  -0.01800  -0.01798  -0.01735  -0.01732  -0.01653  -0.01644  -0.01641  -0.01639
       -0.01635  -0.01589  -0.01586  -0.01553  -0.01508  -0.01504  -0.01493  -0.01484  -0.01474
       -0.01472  -0.01466  -0.01459  -0.01455  -0.01452  -0.01449  -0.01431  -0.01424  -0.01421
       -0.01415  -0.01407  -0.01403  -0.01380  -0.01346  -0.01341  -0.01321  -0.01318  -0.01296
       -0.01275  -0.01266  -0.01256  -0.01251  -0.01222  -0.01216  -0.01194  -0.01184  -0.01174
       -0.01172  -0.01102  -0.01098  -0.01091  -0.01088  -0.01087  -0.01076  -0.01066  -0.01064
       -0.01059  -0.01053  -0.01048  -0.01041  -0.01038  -0.01030  -0.01021  -0.01019  -0.01008
       -0.01005  -0.01000  -0.00987  -0.00983  -0.00972  -0.00966  -0.00956  -0.00948  -0.00943
       -0.00932  -0.00918  -0.00915  -0.00911  -0.00905  -0.00885  -0.00873  -0.00868  -0.00865
       -0.00858  -0.00851  -0.00851  -0.00844  -0.00835  -0.00832  -0.00826  -0.00819  -0.00811
       -0.00806  -0.00804  -0.00795  -0.00792  -0.00787  -0.00783  -0.00769  -0.00766  -0.00761
       -0.00756  -0.00753  -0.00751  -0.00746  -0.00731  -0.00726  -0.00715  -0.00709  -0.00709
       -0.00708  -0.00699  -0.00694  -0.00690  -0.00686  -0.00672  -0.00671  -0.00664  -0.00662
       -0.00653  -0.00650  -0.00649  -0.00641  -0.00634  -0.00629  -0.00624  -0.00620  -0.00617
       -0.00613  -0.00611  -0.00607  -0.00603  -0.00600  -0.00594  -0.00586  -0.00585  -0.00583
       -0.00580  -0.00574  -0.00573  -0.00571  -0.00562  -0.00562  -0.00558  -0.00556  -0.00552
       -0.00548  -0.00544  -0.00543  -0.00541  -0.00536  -0.00532  -0.00527  -0.00525  -0.00522
       -0.00516  -0.00509  -0.00508  -0.00505  -0.00501  -0.00500  -0.00495  -0.00487  -0.00487
       -0.00484  -0.00482  -0.00480  -0.00475  -0.00471  -0.00468  -0.00465  -0.00463  -0.00459
       -0.00458  -0.00454  -0.00450  -0.00446  -0.00443  -0.00442  -0.00437  -0.00435  -0.00433
       -0.00430  -0.00426  -0.00421  -0.00418  -0.00415  -0.00412  -0.00410  -0.00406  -0.00404
       -0.00402  -0.00401  -0.00396  -0.00394  -0.00392  -0.00389  -0.00385  -0.00382  -0.00381
       -0.00378  -0.00373  -0.00372  -0.00370  -0.00367  -0.00366  -0.00364  -0.00363  -0.00360
       -0.00356  -0.00355  -0.00350  -0.00349  -0.00348  -0.00346  -0.00343  -0.00343  -0.00337
       -0.00336  -0.00334  -0.00331  -0.00330  -0.00328  -0.00326  -0.00324  -0.00321  -0.00319
       -0.00317  -0.00315  -0.00313  -0.00309  -0.00307  -0.00304  -0.00303  -0.00301  -0.00299
       -0.00298  -0.00296  -0.00292  -0.00290  -0.00287  -0.00286  -0.00285  -0.00283  -0.00282
       -0.00278  -0.00277  -0.00276  -0.00273  -0.00271  -0.00270  -0.00267  -0.00266  -0.00265
       -0.00264  -0.00263  -0.00261  -0.00258  -0.00253  -0.00252  -0.00251  -0.00248  -0.00247
       -0.00246  -0.00243  -0.00242  -0.00241  -0.00238  -0.00235  -0.00233  -0.00233  -0.00232
       -0.00231  -0.00229  -0.00225  -0.00223  -0.00221  -0.00221  -0.00220  -0.00219  -0.00217
       -0.00215  -0.00214  -0.00211  -0.00210  -0.00209  -0.00207  -0.00206  -0.00204  -0.00202
       -0.00200  -0.00199  -0.00198  -0.00197  -0.00195  -0.00192  -0.00191  -0.00189  -0.00188
       -0.00187  -0.00186  -0.00185  -0.00182  -0.00181  -0.00177  -0.00176  -0.00176  -0.00175
       -0.00173  -0.00172  -0.00170  -0.00169  -0.00168  -0.00167  -0.00165  -0.00163  -0.00162
       -0.00161  -0.00160  -0.00160  -0.00158  -0.00155  -0.00154  -0.00153  -0.00152  -0.00150
       -0.00148  -0.00147  -0.00146  -0.00144  -0.00143  -0.00142  -0.00140  -0.00139  -0.00138
       -0.00138  -0.00135  -0.00133  -0.00132  -0.00131  -0.00128  -0.00127  -0.00126  -0.00125
       -0.00125  -0.00124  -0.00122  -0.00122  -0.00119  -0.00118  -0.00118  -0.00115  -0.00115
       -0.00113  -0.00112  -0.00111  -0.00109  -0.00109  -0.00107  -0.00107  -0.00106  -0.00105
       -0.00102  -0.00099  -0.00098  -0.00096  -0.00096  -0.00095  -0.00093  -0.00092  -0.00091
       -0.00090  -0.00088  -0.00086  -0.00080
        
     --------------------------------------------------------------------------------------------
     Tot. elapsed time 01m-39.8s,  time spent in last iteration 01m-39.8s
     --------------------------------------------------------------------------------------------

     [I/O] -------------------------------------------------------
     [I/O] RESTART written in < 00.1s             
     [I/O] In location   : ./cs_100_400.wstat.restart
     [I/O] -------------------------------------------------------

                       *----------*              *----------*               *----------*
     #     Iteration = |        1 |   DFPT_dim = |      400 |   Diago_dim = |      800 |
                       *----------*              *----------*               *----------*
       
     --------------------------------------------------------------------------------------------
     Applying projection operator formed by dvg                          
     --------------------------------------------------------------------------------------------
     per-process dynamical memory   224.1 Mb
  
       
     --------------------------------------------------------------------------------------------
     Sternheimer eq. solver... with threshold =   1.000000E-12           
     --------------------------------------------------------------------------------------------
     in progress... |#                   | 005% :               00.6s (E)               12.0s (X)
     in progress... |##                  | 010% :               01.2s (E)               12.0s (X)
     in progress... |###                 | 015% :               01.8s (E)               12.0s (X)
     in progress... |####                | 020% :               02.4s (E)               12.1s (X)
     in progress... |#####               | 025% :               03.0s (E)               12.1s (X)
     in progress... |######              | 030% :               03.6s (E)               12.1s (X)
     in progress... |#######             | 035% :               04.2s (E)               12.0s (X)
     in progress... |########            | 040% :               04.8s (E)               12.0s (X)
     in progress... |#########           | 045% :               05.4s (E)               12.0s (X)
     in progress... |##########          | 050% :               06.0s (E)               12.1s (X)
     in progress... |###########         | 055% :               06.6s (E)               12.0s (X)
     in progress... |############        | 060% :               07.2s (E)               12.0s (X)
     in progress... |#############       | 065% :               07.8s (E)               12.0s (X)
     in progress... |##############      | 070% :               08.4s (E)               12.0s (X)
     in progress... |###############     | 075% :               09.0s (E)               12.0s (X)
     in progress... |################    | 080% :               09.6s (E)               12.0s (X)
     in progress... |#################   | 085% :               10.2s (E)               12.0s (X)
     in progress... |##################  | 090% :               10.8s (E)               12.0s (X)
     in progress... |################### | 095% :               11.4s (E)               12.0s (X)
     in progress... |####################| 100% :               12.0s (E)               12.0s (X)
       
     --------------------------------------------------------------------------------------------
     Applying projection operator formed by dvg                          
     --------------------------------------------------------------------------------------------
     --------------------------------------------------------------------------------------------
     p-DIAGOX done in 00.4s with a SCALAPACK grid (12x12)
     --------------------------------------------------------------------------------------------
        
       -0.02570  -0.02555  -0.02497  -0.02496  -0.02424  -0.02402  -0.02402  -0.02211  -0.02176
       -0.02174  -0.02134  -0.02133  -0.02122  -0.02122  -0.02063  -0.02023  -0.02023  -0.01994
       -0.01993  -0.01982  -0.01981  -0.01970  -0.01970  -0.01903  -0.01902  -0.01865  -0.01863
       -0.01847  -0.01822  -0.01821  -0.01769  -0.01768  -0.01709  -0.01685  -0.01685  -0.01685
       -0.01684  -0.01617  -0.01616  -0.01612  -0.01547  -0.01547  -0.01532  -0.01531  -0.01519
       -0.01519  -0.01517  -0.01514  -0.01514  -0.01486  -0.01485  -0.01476  -0.01476  -0.01471
       -0.01471  -0.01453  -0.01453  -0.01417  -0.01385  -0.01384  -0.01357  -0.01354  -0.01353
       -0.01348  -0.01348  -0.01333  -0.01332  -0.01256  -0.01255  -0.01241  -0.01241  -0.01216
       -0.01215  -0.01171  -0.01161  -0.01161  -0.01157  -0.01153  -0.01153  -0.01146  -0.01146
       -0.01133  -0.01130  -0.01129  -0.01129  -0.01129  -0.01115  -0.01115  -0.01105  -0.01105
       -0.01095  -0.01095  -0.01095  -0.01095  -0.01094  -0.01093  -0.01083  -0.01036  -0.01036
       -0.01029  -0.01018  -0.01018  -0.01002  -0.01002  -0.00975  -0.00973  -0.00965  -0.00965
       -0.00955  -0.00953  -0.00952  -0.00946  -0.00945  -0.00923  -0.00922  -0.00918  -0.00917
       -0.00906  -0.00906  -0.00905  -0.00893  -0.00893  -0.00893  -0.00892  -0.00887  -0.00886
       -0.00873  -0.00872  -0.00859  -0.00859  -0.00846  -0.00845  -0.00844  -0.00844  -0.00842
       -0.00841  -0.00836  -0.00835  -0.00830  -0.00798  -0.00783  -0.00782  -0.00780  -0.00780
       -0.00772  -0.00771  -0.00769  -0.00767  -0.00766  -0.00765  -0.00762  -0.00716  -0.00715
       -0.00713  -0.00711  -0.00711  -0.00709  -0.00708  -0.00707  -0.00706  -0.00704  -0.00704
       -0.00696  -0.00695  -0.00693  -0.00691  -0.00691  -0.00689  -0.00689  -0.00688  -0.00687
       -0.00687  -0.00685  -0.00682  -0.00682  -0.00680  -0.00677  -0.00675  -0.00672  -0.00670
       -0.00661  -0.00659  -0.00653  -0.00651  -0.00645  -0.00637  -0.00635  -0.00631  -0.00628
       -0.00627  -0.00625  -0.00619  -0.00616  -0.00615  -0.00613  -0.00611  -0.00604  -0.00603
       -0.00599  -0.00595  -0.00590  -0.00589  -0.00581  -0.00578  -0.00575  -0.00570  -0.00568
       -0.00562  -0.00561  -0.00556  -0.00553  -0.00553  -0.00551  -0.00550  -0.00548  -0.00547
       -0.00546  -0.00545  -0.00541  -0.00539  -0.00538  -0.00535  -0.00535  -0.00532  -0.00530
       -0.00529  -0.00527  -0.00526  -0.00525  -0.00524  -0.00523  -0.00520  -0.00518  -0.00518
       -0.00515  -0.00510  -0.00507  -0.00504  -0.00504  -0.00503  -0.00502  -0.00499  -0.00497
       -0.00495  -0.00494  -0.00487  -0.00486  -0.00475  -0.00475  -0.00471  -0.00469  -0.00468
       -0.00466  -0.00463  -0.00459  -0.00458  -0.00457  -0.00454  -0.00453  -0.00452  -0.00451
       -0.00450  -0.00449  -0.00448  -0.00446  -0.00444  -0.00443  -0.00442  -0.00442  -0.00438
       -0.00436  -0.00435  -0.00434  -0.00432  -0.00431  -0.00429  -0.00428  -0.00427  -0.00424
       -0.00423  -0.00419  -0.00417  -0.00416  -0.00415  -0.00414  -0.00411  -0.00411  -0.00407
       -0.00406  -0.00404  -0.00403  -0.00403  -0.00401  -0.00399  -0.00399  -0.00398  -0.00396
       -0.00395  -0.00392  -0.00390  -0.00387  -0.00386  -0.00384  -0.00382  -0.00380  -0.00378
       -0.00377  -0.00376  -0.00373  -0.00371  -0.00370  -0.00369  -0.00367  -0.00365  -0.00364
       -0.00361  -0.00359  -0.00358  -0.00357  -0.00354  -0.00353  -0.00353  -0.00350  -0.00348
       -0.00348  -0.00346  -0.00345  -0.00344  -0.00343  -0.00342  -0.00341  -0.00340  -0.00340
       -0.00338  -0.00337  -0.00336  -0.00335  -0.00334  -0.00332  -0.00331  -0.00330  -0.00328
       -0.00327  -0.00326  -0.00324  -0.00323  -0.00322  -0.00319  -0.00319  -0.00317  -0.00316
       -0.00315  -0.00314  -0.00313  -0.00312  -0.00311  -0.00309  -0.00308  -0.00308  -0.00306
       -0.00304  -0.00303  -0.00302  -0.00300  -0.00300  -0.00299  -0.00298  -0.00297  -0.00296
       -0.00295  -0.00294  -0.00293  -0.00291  -0.00290  -0.00287  -0.00286  -0.00285  -0.00284
       -0.00283  -0.00281  -0.00279  -0.00279  -0.00279  -0.00278  -0.00276  -0.00276  -0.00273
       -0.00271  -0.00271  -0.00269  -0.00268  -0.00266  -0.00266  -0.00265  -0.00264  -0.00262
       -0.00262  -0.00261  -0.00260  -0.00258
        
     --------------------------------------------------------------------------------------------
     Tot. elapsed time 03m-16.7s,  time spent in last iteration 25.5s
     --------------------------------------------------------------------------------------------

     [I/O] -------------------------------------------------------
     [I/O] RESTART written in < 00.1s             
     [I/O] In location   : ./cs_100_400.wstat.restart
     [I/O] -------------------------------------------------------

                       *----------*              *----------*               *----------*
     #     Iteration = |        2 |   DFPT_dim = |      306 |   Diago_dim = |     1106 |
                       *----------*              *----------*               *----------*
       
     --------------------------------------------------------------------------------------------
     Applying projection operator formed by dvg                          
     --------------------------------------------------------------------------------------------
     per-process dynamical memory   223.6 Mb
  
       
     --------------------------------------------------------------------------------------------
     Sternheimer eq. solver... with threshold =   1.000000E-12           
     --------------------------------------------------------------------------------------------
     in progress... |#                   | 005% :               00.5s (E)               11.9s (X)
     in progress... |##                  | 010% :               01.1s (E)               11.9s (X)
     in progress... |###                 | 015% :               01.5s (E)               10.0s (X)
     in progress... |####                | 020% :               02.1s (E)               10.5s (X)
     in progress... |#####               | 025% :               02.4s (E)               09.6s (X)
     in progress... |######              | 030% :               03.0s (E)               10.0s (X)
     in progress... |#######             | 035% :               03.3s (E)               09.4s (X)
     in progress... |########            | 040% :               03.9s (E)               09.7s (X)
     in progress... |#########           | 045% :               04.2s (E)               09.3s (X)
     in progress... |##########          | 050% :               04.8s (E)               09.6s (X)
     in progress... |###########         | 055% :               05.4s (E)               09.8s (X)
     in progress... |############        | 060% :               05.7s (E)               09.5s (X)
     in progress... |#############       | 065% :               06.3s (E)               09.7s (X)
     in progress... |##############      | 070% :               06.6s (E)               09.4s (X)
     in progress... |###############     | 075% :               07.1s (E)               09.5s (X)
     in progress... |################    | 080% :               07.4s (E)               09.3s (X)
     in progress... |#################   | 085% :               08.0s (E)               09.5s (X)
     in progress... |##################  | 090% :               08.3s (E)               09.3s (X)
     in progress... |################### | 095% :               08.9s (E)               09.4s (X)
     in progress... |####################| 100% :               09.2s (E)               09.2s (X)
       
     --------------------------------------------------------------------------------------------
     Applying projection operator formed by dvg                          
     --------------------------------------------------------------------------------------------
     --------------------------------------------------------------------------------------------
     p-DIAGOX done in 00.6s with a SCALAPACK grid (12x12)
     --------------------------------------------------------------------------------------------
        
       -0.02570  -0.02555  -0.02497  -0.02496  -0.02424  -0.02402  -0.02402  -0.02211  -0.02176
       -0.02174  -0.02134  -0.02133  -0.02122  -0.02122  -0.02063  -0.02023  -0.02023  -0.01994
       -0.01993  -0.01982  -0.01981  -0.01970  -0.01970  -0.01903  -0.01902  -0.01865  -0.01863
       -0.01847  -0.01822  -0.01821  -0.01769  -0.01768  -0.01709  -0.01686  -0.01685  -0.01685
       -0.01685  -0.01617  -0.01617  -0.01612  -0.01547  -0.01547  -0.01532  -0.01531  -0.01519
       -0.01519  -0.01518  -0.01514  -0.01514  -0.01486  -0.01485  -0.01476  -0.01476  -0.01472
       -0.01472  -0.01454  -0.01454  -0.01417  -0.01385  -0.01384  -0.01357  -0.01354  -0.01353
       -0.01349  -0.01348  -0.01333  -0.01333  -0.01256  -0.01255  -0.01242  -0.01242  -0.01216
       -0.01215  -0.01172  -0.01161  -0.01161  -0.01158  -0.01154  -0.01154  -0.01147  -0.01147
       -0.01134  -0.01131  -0.01131  -0.01129  -0.01129  -0.01117  -0.01116  -0.01106  -0.01106
       -0.01096  -0.01096  -0.01096  -0.01096  -0.01095  -0.01095  -0.01084  -0.01038  -0.01038
       -0.01030  -0.01020  -0.01019  -0.01003  -0.01003  -0.00977  -0.00976  -0.00967  -0.00967
       -0.00958  -0.00954  -0.00954  -0.00947  -0.00947  -0.00925  -0.00925  -0.00920  -0.00919
       -0.00908  -0.00908  -0.00908  -0.00895  -0.00895  -0.00895  -0.00895  -0.00890  -0.00890
       -0.00876  -0.00876  -0.00862  -0.00862  -0.00850  -0.00850  -0.00848  -0.00848  -0.00844
       -0.00844  -0.00839  -0.00839  -0.00834  -0.00803  -0.00786  -0.00786  -0.00784  -0.00783
       -0.00775  -0.00775  -0.00773  -0.00773  -0.00769  -0.00769  -0.00767  -0.00721  -0.00719
       -0.00718  -0.00716  -0.00716  -0.00714  -0.00713  -0.00711  -0.00711  -0.00710  -0.00710
       -0.00700  -0.00700  -0.00699  -0.00695  -0.00695  -0.00695  -0.00694  -0.00693  -0.00693
       -0.00693  -0.00693  -0.00689  -0.00689  -0.00687  -0.00687  -0.00682  -0.00681  -0.00681
       -0.00667  -0.00667  -0.00660  -0.00660  -0.00656  -0.00644  -0.00644  -0.00638  -0.00638
       -0.00633  -0.00633  -0.00627  -0.00622  -0.00622  -0.00620  -0.00620  -0.00611  -0.00611
       -0.00609  -0.00609  -0.00600  -0.00599  -0.00588  -0.00588  -0.00587  -0.00578  -0.00577
       -0.00570  -0.00570  -0.00567  -0.00564  -0.00564  -0.00560  -0.00560  -0.00559  -0.00559
       -0.00558  -0.00558  -0.00552  -0.00552  -0.00548  -0.00548  -0.00547  -0.00547  -0.00545
       -0.00545  -0.00540  -0.00540  -0.00539  -0.00539  -0.00539  -0.00536  -0.00536  -0.00533
       -0.00532  -0.00532  -0.00518  -0.00518  -0.00516  -0.00516  -0.00513  -0.00513  -0.00511
       -0.00511  -0.00511  -0.00499  -0.00499  -0.00489  -0.00489  -0.00485  -0.00485  -0.00484
       -0.00484  -0.00483  -0.00473  -0.00473  -0.00472  -0.00472  -0.00470  -0.00469  -0.00468
       -0.00467  -0.00466  -0.00464  -0.00463  -0.00461  -0.00460  -0.00457  -0.00457  -0.00457
       -0.00454  -0.00454  -0.00454  -0.00454  -0.00451  -0.00451  -0.00451  -0.00451  -0.00447
       -0.00447  -0.00441  -0.00441  -0.00439  -0.00438  -0.00434  -0.00434  -0.00432  -0.00432
       -0.00432  -0.00432  -0.00428  -0.00428  -0.00427  -0.00424  -0.00421  -0.00420  -0.00417
       -0.00417  -0.00417  -0.00416  -0.00413  -0.00413  -0.00411  -0.00411  -0.00403  -0.00403
       -0.00401  -0.00401  -0.00397  -0.00395  -0.00394  -0.00390  -0.00390  -0.00390  -0.00390
       -0.00381  -0.00381  -0.00379  -0.00378  -0.00378  -0.00378  -0.00377  -0.00377  -0.00377
       -0.00374  -0.00374  -0.00373  -0.00372  -0.00372  -0.00371  -0.00371  -0.00370  -0.00370
       -0.00366  -0.00366  -0.00366  -0.00365  -0.00365  -0.00364  -0.00364  -0.00363  -0.00361
       -0.00360  -0.00359  -0.00359  -0.00358  -0.00354  -0.00354  -0.00353  -0.00352  -0.00351
       -0.00351  -0.00351  -0.00350  -0.00350  -0.00349  -0.00348  -0.00344  -0.00344  -0.00339
       -0.00338  -0.00338  -0.00337  -0.00337  -0.00336  -0.00335  -0.00335  -0.00334  -0.00334
       -0.00333  -0.00333  -0.00330  -0.00330  -0.00328  -0.00327  -0.00325  -0.00324  -0.00324
       -0.00321  -0.00321  -0.00320  -0.00320  -0.00319  -0.00312  -0.00311  -0.00310  -0.00310
       -0.00309  -0.00306  -0.00306  -0.00305  -0.00303  -0.00302  -0.00302  -0.00302  -0.00301
       -0.00300  -0.00300  -0.00300  -0.00299
        
     --------------------------------------------------------------------------------------------
     Tot. elapsed time 04m-52.8s,  time spent in last iteration 24.4s
     --------------------------------------------------------------------------------------------

     [I/O] -------------------------------------------------------
     [I/O] RESTART written in < 00.1s             
     [I/O] In location   : ./cs_100_400.wstat.restart
     [I/O] -------------------------------------------------------

                       *----------*              *----------*               *----------*
     #     Iteration = |        3 |   DFPT_dim = |       59 |   Diago_dim = |     1165 |
                       *----------*              *----------*               *----------*
       
     --------------------------------------------------------------------------------------------
     Applying projection operator formed by dvg                          
     --------------------------------------------------------------------------------------------
     per-process dynamical memory   219.3 Mb
  
       
     --------------------------------------------------------------------------------------------
     Sternheimer eq. solver... with threshold =   1.000000E-12           
     --------------------------------------------------------------------------------------------
     in progress... |###                 | 015% :               00.3s (E)               02.0s (X)
     in progress... |######              | 030% :               00.5s (E)               01.9s (X)
     in progress... |##########          | 050% :               00.8s (E)               01.7s (X)
     in progress... |#############       | 065% :               01.1s (E)               01.8s (X)
     in progress... |################    | 080% :               01.4s (E)               01.8s (X)
     in progress... |####################| 100% :               01.7s (E)               01.7s (X)
       
     --------------------------------------------------------------------------------------------
     Applying projection operator formed by dvg                          
     --------------------------------------------------------------------------------------------
     --------------------------------------------------------------------------------------------
     p-DIAGOX done in 00.7s with a SCALAPACK grid (12x12)
     --------------------------------------------------------------------------------------------
        
       -0.02570  -0.02555  -0.02497  -0.02496  -0.02424  -0.02402  -0.02402  -0.02211  -0.02176
       -0.02174  -0.02134  -0.02133  -0.02122  -0.02122  -0.02063  -0.02023  -0.02023  -0.01994
       -0.01993  -0.01982  -0.01981  -0.01970  -0.01970  -0.01903  -0.01902  -0.01865  -0.01863
       -0.01847  -0.01822  -0.01821  -0.01769  -0.01768  -0.01709  -0.01686  -0.01685  -0.01685
       -0.01685  -0.01617  -0.01617  -0.01612  -0.01547  -0.01547  -0.01532  -0.01531  -0.01519
       -0.01519  -0.01518  -0.01514  -0.01514  -0.01486  -0.01485  -0.01476  -0.01476  -0.01472
       -0.01472  -0.01454  -0.01454  -0.01417  -0.01385  -0.01384  -0.01357  -0.01354  -0.01353
       -0.01349  -0.01348  -0.01333  -0.01333  -0.01256  -0.01255  -0.01242  -0.01242  -0.01216
       -0.01215  -0.01172  -0.01161  -0.01161  -0.01158  -0.01154  -0.01154  -0.01147  -0.01147
       -0.01134  -0.01131  -0.01131  -0.01129  -0.01129  -0.01117  -0.01116  -0.01106  -0.01106
       -0.01096  -0.01096  -0.01096  -0.01096  -0.01095  -0.01095  -0.01084  -0.01038  -0.01038
       -0.01030  -0.01020  -0.01019  -0.01003  -0.01003  -0.00977  -0.00976  -0.00967  -0.00967
       -0.00958  -0.00954  -0.00954  -0.00947  -0.00947  -0.00925  -0.00925  -0.00920  -0.00919
       -0.00908  -0.00908  -0.00908  -0.00895  -0.00895  -0.00895  -0.00895  -0.00890  -0.00890
       -0.00876  -0.00876  -0.00862  -0.00862  -0.00850  -0.00850  -0.00848  -0.00848  -0.00844
       -0.00844  -0.00839  -0.00839  -0.00834  -0.00803  -0.00786  -0.00786  -0.00784  -0.00783
       -0.00775  -0.00775  -0.00773  -0.00773  -0.00769  -0.00769  -0.00767  -0.00721  -0.00719
       -0.00718  -0.00716  -0.00716  -0.00714  -0.00713  -0.00711  -0.00711  -0.00710  -0.00710
       -0.00700  -0.00700  -0.00699  -0.00695  -0.00695  -0.00695  -0.00694  -0.00693  -0.00693
       -0.00693  -0.00693  -0.00689  -0.00689  -0.00687  -0.00687  -0.00682  -0.00681  -0.00681
       -0.00667  -0.00667  -0.00660  -0.00660  -0.00656  -0.00644  -0.00644  -0.00638  -0.00638
       -0.00633  -0.00633  -0.00627  -0.00622  -0.00622  -0.00620  -0.00620  -0.00611  -0.00611
       -0.00609  -0.00609  -0.00600  -0.00599  -0.00588  -0.00588  -0.00587  -0.00578  -0.00578
       -0.00570  -0.00570  -0.00567  -0.00564  -0.00564  -0.00560  -0.00560  -0.00559  -0.00559
       -0.00558  -0.00558  -0.00552  -0.00552  -0.00548  -0.00548  -0.00547  -0.00547  -0.00546
       -0.00546  -0.00540  -0.00540  -0.00539  -0.00539  -0.00539  -0.00536  -0.00536  -0.00534
       -0.00533  -0.00532  -0.00518  -0.00518  -0.00517  -0.00517  -0.00513  -0.00513  -0.00512
       -0.00511  -0.00511  -0.00499  -0.00499  -0.00489  -0.00489  -0.00486  -0.00486  -0.00484
       -0.00484  -0.00484  -0.00473  -0.00473  -0.00473  -0.00473  -0.00470  -0.00470  -0.00469
       -0.00467  -0.00467  -0.00464  -0.00464  -0.00461  -0.00461  -0.00458  -0.00457  -0.00457
       -0.00455  -0.00455  -0.00454  -0.00454  -0.00452  -0.00451  -0.00451  -0.00451  -0.00447
       -0.00447  -0.00442  -0.00441  -0.00439  -0.00439  -0.00435  -0.00434  -0.00432  -0.00432
       -0.00432  -0.00432  -0.00429  -0.00429  -0.00428  -0.00425  -0.00421  -0.00421  -0.00418
       -0.00418  -0.00417  -0.00417  -0.00414  -0.00414  -0.00412  -0.00411  -0.00403  -0.00403
       -0.00402  -0.00402  -0.00398  -0.00395  -0.00395  -0.00391  -0.00391  -0.00391  -0.00390
       -0.00382  -0.00381  -0.00379  -0.00379  -0.00379  -0.00378  -0.00378  -0.00378  -0.00377
       -0.00375  -0.00375  -0.00374  -0.00373  -0.00373  -0.00372  -0.00372  -0.00371  -0.00371
       -0.00367  -0.00367  -0.00367  -0.00367  -0.00367  -0.00366  -0.00366  -0.00366  -0.00365
       -0.00363  -0.00362  -0.00361  -0.00360  -0.00357  -0.00357  -0.00357  -0.00355  -0.00355
       -0.00354  -0.00354  -0.00354  -0.00353  -0.00353  -0.00353  -0.00347  -0.00347  -0.00342
       -0.00342  -0.00341  -0.00341  -0.00340  -0.00339  -0.00339  -0.00339  -0.00339  -0.00338
       -0.00337  -0.00337  -0.00334  -0.00334  -0.00331  -0.00331  -0.00331  -0.00331  -0.00327
       -0.00327  -0.00325  -0.00325  -0.00323  -0.00322  -0.00316  -0.00316  -0.00315  -0.00314
       -0.00314  -0.00310  -0.00310  -0.00310  -0.00306  -0.00306  -0.00306  -0.00306  -0.00306
       -0.00305  -0.00305  -0.00305  -0.00304
        
     --------------------------------------------------------------------------------------------
     Tot. elapsed time 06m-13.7s,  time spent in last iteration 09.8s
     --------------------------------------------------------------------------------------------
       
     --------------------------------------------------------------------------------------------
     Convergence achieved !!! in        3 steps                          
     --------------------------------------------------------------------------------------------
      
     --------------------------------------------------------------------------------------------
     Database written in < 00.1s             
     In location : ./cs_100_400.wstat.save
     --------------------------------------------------------------------------------------------
 
     WSTAT        :  5m59.36s CPU    12m12.21s WALL

     wstat_readin :      5.77s CPU     38.74s WALL (       1 calls)
     fetch_nml    :      0.00s CPU      0.00s WALL (       1 calls)
     read_xml     :      1.30s CPU      1.51s WALL (       1 calls)
     init_vloc    :      0.11s CPU      0.11s WALL (       2 calls)
     fft          :      0.27s CPU      0.29s WALL (      11 calls)
     fft_scatter  :     33.73s CPU     33.92s WALL (   10192 calls)
     v_of_rho     :      0.30s CPU      0.31s WALL (       1 calls)
     v_xc         :      0.26s CPU      0.28s WALL (       1 calls)
     v_h          :      0.04s CPU      0.04s WALL (       1 calls)
     read_wave    :      4.45s CPU     37.04s WALL (       1 calls)
     davcio       :      0.00s CPU      0.60s WALL (       2 calls)
     init_us_1    :      0.04s CPU      0.05s WALL (       2 calls)
     do_setup     :      0.19s CPU      0.21s WALL (       1 calls)
     init_pw_ar   :      0.19s CPU      0.20s WALL (       1 calls)
     init_at_1    :      0.00s CPU      0.00s WALL (       1 calls)
     storesqvc    :      0.00s CPU      0.00s WALL (       1 calls)
     chidiago     :    171.78s CPU    272.91s WALL (       1 calls)
     randomize    :      1.15s CPU      1.17s WALL (       2 calls)
     paramgs      :     14.49s CPU     14.60s WALL (      11 calls)
     dfpt         :    176.27s CPU    177.30s WALL (      10 calls)
     init_us_2    :      0.04s CPU      0.04s WALL (      10 calls)
     fftw         :     94.47s CPU     94.96s WALL (   10181 calls)
     alphapc      :      0.33s CPU      0.31s WALL (     201 calls)
     wstat_restar :    112.05s CPU    413.54s WALL (       8 calls)
     linstern     :    114.12s CPU    114.69s WALL (     151 calls)
     stern        :    104.02s CPU    104.56s WALL (    3947 calls)
     h_psi_bgrp   :     98.19s CPU     98.65s WALL (    1382 calls)
     h_psi        :     98.19s CPU     98.65s WALL (    1382 calls)
     h_psi:pot    :     97.77s CPU     98.22s WALL (    1382 calls)
     vloc_psi     :     92.69s CPU     93.10s WALL (    1382 calls)
     h_psi:calbec :      3.35s CPU      2.99s WALL (    1382 calls)
     calbec       :      3.35s CPU      2.99s WALL (    1382 calls)
     add_vuspsi   :      1.71s CPU      2.11s WALL (    1382 calls)
     alphapv      :      3.79s CPU      3.75s WALL (    3947 calls)
     build_hr     :      8.17s CPU      8.40s WALL (       8 calls)
     diagox       :      2.42s CPU      2.47s WALL (       8 calls)
     redistr_vr   :      0.30s CPU      0.32s WALL (       6 calls)
     update_vr    :     13.77s CPU     14.13s WALL (       6 calls)
     symm_hr      :      0.32s CPU      0.33s WALL (       6 calls)
     chidiago:las :      0.00s CPU      0.00s WALL (       1 calls)
     refresh_vr   :      4.93s CPU      5.02s WALL (       2 calls)
     pdep_db      :      2.67s CPU      9.28s WALL (       1 calls)
     kinchidiago  :    181.61s CPU    420.32s WALL (       1 calls)
     k_psi        :      0.61s CPU      0.64s WALL (    2565 calls)
     kinchidiago: :      0.00s CPU      0.00s WALL (       1 calls)
     pdep_db_for_ :     10.39s CPU     36.79s WALL (       1 calls)
 
     WSTAT        :  5m59.36s CPU    12m12.21s WALL

 
   This run was terminated on:  11:16:11  13May2018            

=------------------------------------------------------------------------------=
   JOB DONE.
=------------------------------------------------------------------------------=
