
     Program WSTAT v. 2.0.0 starts on 13May2018 at 10:58:52 

     This program is part of the open-source West suite
     for massively parallel calculations of excited states in materials; please cite
         "M. Govoni et al., J. Chem. Theory Comput. 11, 2680 (2015);
          URL http://www.west-code.org", 
     in publications or presentations arising from this work.

     Based on the Quantum ESPRESSO v. 6.1 svn rev. 13369
       
     --------------------------------------------------------------------------------------------
     **MPI** Parallelization Status                                      
     --------------------------------------------------------------------------------------------
                   160                  10             1             1            16
     --------------------------------------------------------------------------------------------
                     N         =         I      X      P      X      B      X      Z
                     ^                   ^             ^             ^             ^
                     |                   |             |             |             |
                   #rnk                  |             |             |             |
                                      #image           |             |             |
                                                     #pool           |             |
                                                                   #bgrp           |
                                                                                 #R&G
     --------------------------------------------------------------------------------------------
     **OPENMP** Parallelization Status
     #thr/rnk               =            1
     --------------------------------------------------------------------------------------------
     #prc = (rnk) * (thr) =          160
     --------------------------------------------------------------------------------------------
       
     --------------------------------------------------------------------------------------------
     I/O Summary : input_west                                            
     --------------------------------------------------------------------------------------------
     qe_prefix      = cs
     west_prefix    = cs
     outdir         = ./
     --------------------------------------------------------------------------------------------
       
     --------------------------------------------------------------------------------------------
     I/O Summary : wstat_control                                         
     --------------------------------------------------------------------------------------------
     wstat_calculation              =              S
     n_pdep_eigen                   =             20
     n_kin_pdep_eigen               =            400
     n_lindhard_eigen               =              0
     n_pdep_times                   =              4
     n_pdep_maxiter                 =            100
     n_dfpt_maxiter                 =            250
     n_pdep_read_from_file          =              0
     trev_pdep                      =   1.000000E-03
     trev_pdep_rel                  =   1.000000E-01
     tr2_dfpt                       =   1.000000E-12
     l_kinetic_only                 =              F
     l_minimize_exx_if_active       =              F
     l_use_ecutrho                  =              F
     l_pure_eigen                   =              F
     --------------------------------------------------------------------------------------------

     Reading data from directory:
     ./cs.save

   Info: using nr1, nr2, nr3 values from input

   Info: using nr1, nr2, nr3 values from input

     IMPORTANT: XC functional enforced from input :
     Exchange-correlation      = PBE ( 1  4  3  4 0 0)
     Any further DFT definition will be discarded
     Please, verify this is what you really want

     Message from routine readpp:
     file ./cs.save/C_ONCV_PBE-1.0.upf not found
     Message from routine readpp:
     file ./cs.save/S_ONCV_PBE-1.0.upf not found
 
     Parallelization info
     --------------------
     sticks:   dense  smooth     PW     G-vecs:    dense   smooth      PW
     Min        1520    1520    379               178660   178660   22323
     Max        1522    1522    384               178666   178666   22328
     Sum       24345   24345   6093              2858633  2858633  357213
 
       
     --------------------------------------------------------------------------------------------
     System Overview                                                     
     --------------------------------------------------------------------------------------------
     gamma_only           =              T
     ecutwfc [Ry]         =      85.000000
     omega [au^3]         =   2.700000E+04
     glob. #G             =         178607
     nbnd                 =            100
     nkstot               =              1
     nspin                =              1
     nelec                =      10.000000
     npol                 =              1
     lsda                 =              F
     noncolin             =              F
     lspinorb             =              F
     domag                =              F
     --------------------------------------------------------------------------------------------

     sFFT G-space:  1429317 G-vectors     R-space: ( 180, 180, 180)
     dFFT G-space:  1429317 G-vectors     R-space: ( 180, 180, 180)

     Cell [a.u.]          =      30.000000      0.000000      0.000000
                          =       0.000000     30.000000      0.000000
                          =       0.000000      0.000000     30.000000
      
     number of ks points=     1
                       cart. coord. in units 2pi/alat
        k(    1) = (   0.0000000   0.0000000   0.0000000), wk =   2.0000000

                       cryst. coord.
        k(    1) = (   0.0000000   0.0000000   0.0000000), wk =   2.0000000
 
     Spherical div        =   1.654268E-01
     Orthorombic div      =   1.628502E-01
       
     --------------------------------------------------------------------------------------------
     Parallelization for nvecx                                           
     --------------------------------------------------------------------------------------------
     nglob                =             80
     nlevel               =             10
     Min nglob/nlevel     =              8
     Max nglob/nlevel     =              8
     --------------------------------------------------------------------------------------------

     [MEM] ----------------------------------------------------------
     [MEM] **Memory** analysis: QE
     [MEM] ----------------------------------------------------------
     [MEM] Allocated arrays           est. size (Mb)     dimensions
     [MEM] ----------------------------------------------------------
     [MEM] Kohn-Sham Wavefunctions      17.03 Mb     (  11164,  100)
     [MEM] NL pseudopotentials           2.73 Mb     (  11164,   16)
     [MEM] Each V/rho on FFT grid        5.93 Mb     ( 388800)
     [MEM] Each G-vector array           0.68 Mb     (  89333)
     [MEM] G-vector shells               0.05 Mb     (   6125)
     [MEM] ----------------------------------------------------------
     [MEM] TOT                          26.42 Mb
     [MEM] ----------------------------------------------------------
     [MEM] 
     [MEM] ----------------------------------------------------------
     [MEM] **Memory** analysis: WSTAT global
     [MEM] ----------------------------------------------------------
     [MEM] Allocated arrays           est. size (Mb)     dimensions
     [MEM] ----------------------------------------------------------
     [MEM] dvg                           1.36 Mb     (  11164,    8)
     [MEM] dng                           1.36 Mb     (  11164,    8)
     [MEM] hr_distr                      0.00 Mb     (     80,    8)
     [MEM] vr_distr                      0.00 Mb     (     80,    8)
     [MEM] ----------------------------------------------------------
     [MEM] TOT                           2.74 Mb
     [MEM] ----------------------------------------------------------
     [MEM] 
     [MEM] ----------------------------------------------------------
     [MEM] **Memory** analysis: WSTAT temporary
     [MEM] ----------------------------------------------------------
     [MEM] Allocated arrays           est. size (Mb)     dimensions
     [MEM] ----------------------------------------------------------
     [MEM] dvpsi                         0.85 Mb     (  11164,    5)
     [MEM] dpsi                          0.85 Mb     (  11164,    5)
     [MEM] ----------------------------------------------------------
     [MEM] Total estimate                1.70 Mb
     [MEM] ----------------------------------------------------------

                       *----------*              *----------*               *----------*
     #     Iteration = | starting |   DFPT_dim = |       20 |   Diago_dim = |       20 |  x 1/2
                       *----------*              *----------*               *----------*
     per-process dynamical memory   114.7 Mb
  
       
     --------------------------------------------------------------------------------------------
     Sternheimer eq. solver... with lite-solver                          
     --------------------------------------------------------------------------------------------
     in progress... |##########          | 050% :               00.1s (E)               00.3s (X)
     in progress... |####################| 100% :               00.3s (E)               00.3s (X)
     --------------------------------------------------------------------------------------------

     [I/O] -------------------------------------------------------
     [I/O] RESTART written in < 00.1s             
     [I/O] In location   : ./cs_20_400.wstat.restart
     [I/O] -------------------------------------------------------

                       *----------*              *----------*               *----------*
     #     Iteration = | starting |   DFPT_dim = |       20 |   Diago_dim = |       20 |  x 2/2
                       *----------*              *----------*               *----------*
     per-process dynamical memory   114.7 Mb
  
       
     --------------------------------------------------------------------------------------------
     Sternheimer eq. solver... with threshold =   1.000000E-06           
     --------------------------------------------------------------------------------------------
     in progress... |##########          | 050% :               02.4s (E)               04.9s (X)
     in progress... |####################| 100% :               04.9s (E)               04.9s (X)
     --------------------------------------------------------------------------------------------
     p-DIAGOX done in < 00.1s with a SCALAPACK grid (2x2)
     --------------------------------------------------------------------------------------------
        
       -4.48895  -1.66528  -1.65081  -1.17689  -1.09243  -0.90445  -0.51106  -0.49641  -0.45019
       -0.38845  -0.34758  -0.29139  -0.27361  -0.26012  -0.24827  -0.23067  -0.21008  -0.19687
       -0.15962  -0.04955
        
     --------------------------------------------------------------------------------------------
     Tot. elapsed time 09.9s,  time spent in last iteration 09.9s
     --------------------------------------------------------------------------------------------

     [I/O] -------------------------------------------------------
     [I/O] RESTART written in < 00.1s             
     [I/O] In location   : ./cs_20_400.wstat.restart
     [I/O] -------------------------------------------------------

                       *----------*              *----------*               *----------*
     #     Iteration = |        1 |   DFPT_dim = |       20 |   Diago_dim = |       40 |
                       *----------*              *----------*               *----------*
     per-process dynamical memory   114.7 Mb
  
       
     --------------------------------------------------------------------------------------------
     Sternheimer eq. solver... with threshold =   1.000000E-12           
     --------------------------------------------------------------------------------------------
     in progress... |##########          | 050% :               03.8s (E)               07.7s (X)
     in progress... |####################| 100% :               07.6s (E)               07.6s (X)
     --------------------------------------------------------------------------------------------
     p-DIAGOX done in < 00.1s with a SCALAPACK grid (2x2)
     --------------------------------------------------------------------------------------------
        
       -4.67980  -1.79002  -1.78976  -1.28667  -1.28579  -1.21419  -0.89075  -0.68418  -0.67251
       -0.59650  -0.50321  -0.49489  -0.41934  -0.40192  -0.38543  -0.34971  -0.31682  -0.31339
       -0.30819  -0.29891
        
     --------------------------------------------------------------------------------------------
     Tot. elapsed time 23.0s,  time spent in last iteration 08.9s
     --------------------------------------------------------------------------------------------

     [I/O] -------------------------------------------------------
     [I/O] RESTART written in < 00.1s             
     [I/O] In location   : ./cs_20_400.wstat.restart
     [I/O] -------------------------------------------------------

                       *----------*              *----------*               *----------*
     #     Iteration = |        2 |   DFPT_dim = |       20 |   Diago_dim = |       60 |
                       *----------*              *----------*               *----------*
     per-process dynamical memory   114.7 Mb
  
       
     --------------------------------------------------------------------------------------------
     Sternheimer eq. solver... with threshold =   1.000000E-12           
     --------------------------------------------------------------------------------------------
     in progress... |##########          | 050% :               03.9s (E)               07.8s (X)
     in progress... |####################| 100% :               07.6s (E)               07.6s (X)
     --------------------------------------------------------------------------------------------
     p-DIAGOX done in < 00.1s with a SCALAPACK grid (2x2)
     --------------------------------------------------------------------------------------------
        
       -4.67995  -1.79016  -1.79015  -1.28712  -1.28711  -1.21778  -0.90326  -0.68954  -0.68937
       -0.61252  -0.52440  -0.52407  -0.45030  -0.41076  -0.41032  -0.37985  -0.33862  -0.32287
       -0.32232  -0.32095
        
     --------------------------------------------------------------------------------------------
     Tot. elapsed time 39.7s,  time spent in last iteration 08.9s
     --------------------------------------------------------------------------------------------

     [I/O] -------------------------------------------------------
     [I/O] RESTART written in < 00.1s             
     [I/O] In location   : ./cs_20_400.wstat.restart
     [I/O] -------------------------------------------------------

                       *----------*              *----------*               *----------*
     #     Iteration = |        3 |   DFPT_dim = |       16 |   Diago_dim = |       76 |
                       *----------*              *----------*               *----------*
     per-process dynamical memory   114.7 Mb
  
       
     --------------------------------------------------------------------------------------------
     Sternheimer eq. solver... with threshold =   1.000000E-12           
     --------------------------------------------------------------------------------------------
     in progress... |##########          | 050% :               03.6s (E)               07.3s (X)
     in progress... |####################| 100% :               07.3s (E)               07.3s (X)
     --------------------------------------------------------------------------------------------
     p-DIAGOX done in < 00.1s with a SCALAPACK grid (2x2)
     --------------------------------------------------------------------------------------------
        
       -4.67995  -1.79016  -1.79015  -1.28712  -1.28711  -1.21779  -0.90331  -0.68958  -0.68957
       -0.61279  -0.52465  -0.52465  -0.45165  -0.41096  -0.41096  -0.38136  -0.34187  -0.32303
       -0.32300  -0.32159
        
     --------------------------------------------------------------------------------------------
     Tot. elapsed time 59.4s,  time spent in last iteration 08.8s
     --------------------------------------------------------------------------------------------

     [I/O] -------------------------------------------------------
     [I/O] RESTART written in < 00.1s             
     [I/O] In location   : ./cs_20_400.wstat.restart
     [I/O] -------------------------------------------------------

                       *----------*              *----------*               *----------*
     #     Iteration = |        4 |   DFPT_dim = |        3 |   Diago_dim = |       79 |
                       *----------*              *----------*               *----------*
     per-process dynamical memory   114.7 Mb
  
       
     --------------------------------------------------------------------------------------------
     Sternheimer eq. solver... with threshold =   1.000000E-12           
     --------------------------------------------------------------------------------------------
     in progress... |####################| 100% :             < 00.1s (E)             < 00.1s (X)
     --------------------------------------------------------------------------------------------
     p-DIAGOX done in < 00.1s with a SCALAPACK grid (2x2)
     --------------------------------------------------------------------------------------------
        
       -4.67995  -1.79016  -1.79015  -1.28712  -1.28711  -1.21779  -0.90331  -0.68958  -0.68957
       -0.61279  -0.52465  -0.52465  -0.45166  -0.41097  -0.41096  -0.38138  -0.34193  -0.32303
       -0.32302  -0.32159
        
     --------------------------------------------------------------------------------------------
     Tot. elapsed time 01m-18.6s,  time spent in last iteration 04.5s
     --------------------------------------------------------------------------------------------
      
     --------------------------------------------------------------------------------------------
     Database written in 01.9s               
     In location : ./cs_20_400.wstat.save
     --------------------------------------------------------------------------------------------
       
     --------------------------------------------------------------------------------------------
     Convergence achieved !!! in        4 steps                          
     --------------------------------------------------------------------------------------------
       
     --------------------------------------------------------------------------------------------
     ** Now compute kinetic eigenpotentials **                           
     --------------------------------------------------------------------------------------------
       
     --------------------------------------------------------------------------------------------
     Parallelization for newnvecx                                        
     --------------------------------------------------------------------------------------------
     nglob                =           1600
     nlevel               =             10
     Min nglob/nlevel     =            160
     Max nglob/nlevel     =            160
     --------------------------------------------------------------------------------------------
       
     --------------------------------------------------------------------------------------------
     Parallelization for merge_nvecx                                     
     --------------------------------------------------------------------------------------------
     nglob                =           1680
     nlevel               =             10
     Min nglob/nlevel     =            168
     Max nglob/nlevel     =            168
     --------------------------------------------------------------------------------------------

                       *----------*              *----------*               *----------*
     #     Iteration = | starting |   DFPT_dim = |      400 |   Diago_dim = |      400 |  x 1/2
                       *----------*              *----------*               *----------*
       
     --------------------------------------------------------------------------------------------
     Applying projection operator formed by dvg                          
     --------------------------------------------------------------------------------------------
     per-process dynamical memory   212.3 Mb
  
       
     --------------------------------------------------------------------------------------------
     Sternheimer eq. solver... with lite-solver                          
     --------------------------------------------------------------------------------------------
     in progress... |#                   | 005% :               00.3s (E)               07.7s (X)
     in progress... |##                  | 010% :               00.7s (E)               07.7s (X)
     in progress... |###                 | 015% :               01.1s (E)               07.7s (X)
     in progress... |####                | 020% :               01.5s (E)               07.7s (X)
     in progress... |#####               | 025% :               01.9s (E)               07.7s (X)
     in progress... |######              | 030% :               02.3s (E)               07.7s (X)
     in progress... |#######             | 035% :               02.6s (E)               07.7s (X)
     in progress... |########            | 040% :               03.0s (E)               07.7s (X)
     in progress... |#########           | 045% :               03.4s (E)               07.7s (X)
     in progress... |##########          | 050% :               03.8s (E)               07.7s (X)
     in progress... |###########         | 055% :               04.2s (E)               07.7s (X)
     in progress... |############        | 060% :               04.6s (E)               07.7s (X)
     in progress... |#############       | 065% :               05.0s (E)               07.7s (X)
     in progress... |##############      | 070% :               05.4s (E)               07.7s (X)
     in progress... |###############     | 075% :               05.7s (E)               07.7s (X)
     in progress... |################    | 080% :               06.1s (E)               07.7s (X)
     in progress... |#################   | 085% :               06.5s (E)               07.7s (X)
     in progress... |##################  | 090% :               06.9s (E)               07.7s (X)
     in progress... |################### | 095% :               07.3s (E)               07.7s (X)
     in progress... |####################| 100% :               07.7s (E)               07.7s (X)
       
     --------------------------------------------------------------------------------------------
     Applying projection operator formed by dvg                          
     --------------------------------------------------------------------------------------------
     --------------------------------------------------------------------------------------------

     [I/O] -------------------------------------------------------
     [I/O] RESTART written in < 00.1s             
     [I/O] In location   : ./cs_20_400.wstat.restart
     [I/O] -------------------------------------------------------

                       *----------*              *----------*               *----------*
     #     Iteration = | starting |   DFPT_dim = |      400 |   Diago_dim = |      400 |  x 2/2
                       *----------*              *----------*               *----------*
       
     --------------------------------------------------------------------------------------------
     Applying projection operator formed by dvg                          
     --------------------------------------------------------------------------------------------
     per-process dynamical memory   212.3 Mb
  
       
     --------------------------------------------------------------------------------------------
     Sternheimer eq. solver... with threshold =   1.000000E-06           
     --------------------------------------------------------------------------------------------
     in progress... |#                   | 005% :               00.5s (E)               10.6s (X)
     in progress... |##                  | 010% :               01.0s (E)               10.5s (X)
     in progress... |###                 | 015% :               01.5s (E)               10.5s (X)
     in progress... |####                | 020% :               02.1s (E)               10.5s (X)
     in progress... |#####               | 025% :               02.6s (E)               10.4s (X)
     in progress... |######              | 030% :               03.1s (E)               10.4s (X)
     in progress... |#######             | 035% :               03.6s (E)               10.4s (X)
     in progress... |########            | 040% :               04.1s (E)               10.4s (X)
     in progress... |#########           | 045% :               04.6s (E)               10.3s (X)
     in progress... |##########          | 050% :               05.1s (E)               10.3s (X)
     in progress... |###########         | 055% :               05.6s (E)               10.3s (X)
     in progress... |############        | 060% :               06.2s (E)               10.3s (X)
     in progress... |#############       | 065% :               06.7s (E)               10.3s (X)
     in progress... |##############      | 070% :               07.2s (E)               10.3s (X)
     in progress... |###############     | 075% :               07.7s (E)               10.3s (X)
     in progress... |################    | 080% :               08.2s (E)               10.3s (X)
     in progress... |#################   | 085% :               08.7s (E)               10.3s (X)
     in progress... |##################  | 090% :               09.2s (E)               10.2s (X)
     in progress... |################### | 095% :               09.7s (E)               10.2s (X)
     in progress... |####################| 100% :               10.2s (E)               10.2s (X)
       
     --------------------------------------------------------------------------------------------
     Applying projection operator formed by dvg                          
     --------------------------------------------------------------------------------------------
     --------------------------------------------------------------------------------------------
     p-DIAGOX done in 00.3s with a SCALAPACK grid (12x12)
     --------------------------------------------------------------------------------------------
        
       -0.18714  -0.14183  -0.13874  -0.13850  -0.13125  -0.13096  -0.12937  -0.12843  -0.11693
       -0.11499  -0.11439  -0.09913  -0.09256  -0.09223  -0.08376  -0.08361  -0.08232  -0.08199
       -0.08181  -0.08150  -0.08068  -0.07429  -0.07193  -0.07158  -0.06712  -0.06083  -0.06074
       -0.05862  -0.05842  -0.05739  -0.05717  -0.05711  -0.05606  -0.05586  -0.05320  -0.05315
       -0.05155  -0.05144  -0.04829  -0.04514  -0.04509  -0.04506  -0.04416  -0.04396  -0.03953
       -0.03864  -0.03851  -0.03801  -0.03789  -0.03754  -0.03740  -0.03637  -0.03619  -0.03587
       -0.03573  -0.03551  -0.03533  -0.03521  -0.03206  -0.03098  -0.03089  -0.03023  -0.03016
       -0.02969  -0.02952  -0.02850  -0.02841  -0.02814  -0.02802  -0.02792  -0.02694  -0.02690
       -0.02675  -0.02649  -0.02640  -0.02608  -0.02605  -0.02483  -0.02480  -0.02449  -0.02436
       -0.02408  -0.02344  -0.02338  -0.02261  -0.02120  -0.02096  -0.02072  -0.02056  -0.02050
       -0.02044  -0.02039  -0.02025  -0.02019  -0.01957  -0.01945  -0.01911  -0.01910  -0.01894
       -0.01889  -0.01870  -0.01851  -0.01783  -0.01769  -0.01759  -0.01738  -0.01726  -0.01722
       -0.01707  -0.01681  -0.01662  -0.01651  -0.01625  -0.01615  -0.01557  -0.01536  -0.01529
       -0.01495  -0.01482  -0.01477  -0.01458  -0.01444  -0.01434  -0.01427  -0.01416  -0.01407
       -0.01402  -0.01376  -0.01369  -0.01362  -0.01357  -0.01346  -0.01337  -0.01327  -0.01313
       -0.01297  -0.01285  -0.01273  -0.01264  -0.01233  -0.01230  -0.01208  -0.01207  -0.01191
       -0.01183  -0.01164  -0.01158  -0.01132  -0.01125  -0.01116  -0.01111  -0.01064  -0.01060
       -0.01056  -0.01050  -0.01038  -0.01030  -0.01017  -0.01011  -0.01005  -0.01000  -0.00992
       -0.00984  -0.00979  -0.00969  -0.00964  -0.00958  -0.00951  -0.00943  -0.00935  -0.00926
       -0.00920  -0.00914  -0.00905  -0.00901  -0.00899  -0.00872  -0.00866  -0.00865  -0.00860
       -0.00841  -0.00836  -0.00830  -0.00822  -0.00816  -0.00814  -0.00811  -0.00802  -0.00797
       -0.00790  -0.00786  -0.00782  -0.00775  -0.00764  -0.00751  -0.00748  -0.00743  -0.00740
       -0.00736  -0.00727  -0.00722  -0.00712  -0.00711  -0.00701  -0.00697  -0.00694  -0.00692
       -0.00685  -0.00679  -0.00668  -0.00667  -0.00657  -0.00652  -0.00644  -0.00641  -0.00634
       -0.00623  -0.00618  -0.00615  -0.00612  -0.00605  -0.00602  -0.00598  -0.00592  -0.00589
       -0.00579  -0.00576  -0.00573  -0.00567  -0.00565  -0.00557  -0.00555  -0.00550  -0.00548
       -0.00544  -0.00540  -0.00538  -0.00536  -0.00533  -0.00530  -0.00525  -0.00522  -0.00517
       -0.00512  -0.00510  -0.00506  -0.00502  -0.00495  -0.00489  -0.00487  -0.00486  -0.00479
       -0.00475  -0.00473  -0.00471  -0.00465  -0.00462  -0.00455  -0.00453  -0.00451  -0.00448
       -0.00444  -0.00439  -0.00437  -0.00435  -0.00428  -0.00426  -0.00424  -0.00422  -0.00414
       -0.00411  -0.00408  -0.00406  -0.00400  -0.00398  -0.00396  -0.00393  -0.00389  -0.00388
       -0.00383  -0.00382  -0.00380  -0.00377  -0.00373  -0.00367  -0.00365  -0.00363  -0.00361
       -0.00357  -0.00354  -0.00352  -0.00348  -0.00345  -0.00342  -0.00340  -0.00338  -0.00335
       -0.00331  -0.00330  -0.00327  -0.00324  -0.00323  -0.00318  -0.00316  -0.00314  -0.00310
       -0.00308  -0.00306  -0.00305  -0.00301  -0.00296  -0.00294  -0.00292  -0.00290  -0.00288
       -0.00286  -0.00284  -0.00283  -0.00277  -0.00274  -0.00273  -0.00270  -0.00269  -0.00266
       -0.00265  -0.00262  -0.00258  -0.00256  -0.00254  -0.00252  -0.00250  -0.00249  -0.00245
       -0.00242  -0.00239  -0.00236  -0.00234  -0.00233  -0.00230  -0.00229  -0.00227  -0.00226
       -0.00223  -0.00222  -0.00219  -0.00215  -0.00214  -0.00212  -0.00211  -0.00208  -0.00205
       -0.00205  -0.00202  -0.00201  -0.00198  -0.00196  -0.00195  -0.00189  -0.00188  -0.00185
       -0.00185  -0.00183  -0.00181  -0.00179  -0.00179  -0.00175  -0.00174  -0.00172  -0.00169
       -0.00168  -0.00164  -0.00163  -0.00160  -0.00159  -0.00158  -0.00158  -0.00154  -0.00153
       -0.00148  -0.00147  -0.00145  -0.00144  -0.00143  -0.00142  -0.00140  -0.00138  -0.00136
       -0.00135  -0.00131  -0.00129  -0.00128  -0.00126  -0.00125  -0.00123  -0.00122  -0.00118
       -0.00117  -0.00114  -0.00111  -0.00015
        
     --------------------------------------------------------------------------------------------
     Tot. elapsed time 40.1s,  time spent in last iteration 40.1s
     --------------------------------------------------------------------------------------------

     [I/O] -------------------------------------------------------
     [I/O] RESTART written in < 00.1s             
     [I/O] In location   : ./cs_20_400.wstat.restart
     [I/O] -------------------------------------------------------

                       *----------*              *----------*               *----------*
     #     Iteration = |        1 |   DFPT_dim = |      400 |   Diago_dim = |      800 |
                       *----------*              *----------*               *----------*
       
     --------------------------------------------------------------------------------------------
     Applying projection operator formed by dvg                          
     --------------------------------------------------------------------------------------------
     per-process dynamical memory   198.3 Mb
  
       
     --------------------------------------------------------------------------------------------
     Sternheimer eq. solver... with threshold =   1.000000E-12           
     --------------------------------------------------------------------------------------------
     in progress... |#                   | 005% :               00.6s (E)               12.1s (X)
     in progress... |##                  | 010% :               01.2s (E)               12.1s (X)
     in progress... |###                 | 015% :               01.8s (E)               12.1s (X)
     in progress... |####                | 020% :               02.4s (E)               12.1s (X)
     in progress... |#####               | 025% :               03.0s (E)               12.0s (X)
     in progress... |######              | 030% :               03.6s (E)               12.0s (X)
     in progress... |#######             | 035% :               04.2s (E)               12.0s (X)
     in progress... |########            | 040% :               04.8s (E)               12.0s (X)
     in progress... |#########           | 045% :               05.4s (E)               12.0s (X)
     in progress... |##########          | 050% :               06.0s (E)               12.0s (X)
     in progress... |###########         | 055% :               06.6s (E)               12.0s (X)
     in progress... |############        | 060% :               07.2s (E)               12.0s (X)
     in progress... |#############       | 065% :               07.8s (E)               12.0s (X)
     in progress... |##############      | 070% :               08.4s (E)               12.0s (X)
     in progress... |###############     | 075% :               09.0s (E)               12.0s (X)
     in progress... |################    | 080% :               09.6s (E)               12.0s (X)
     in progress... |#################   | 085% :               10.2s (E)               12.0s (X)
     in progress... |##################  | 090% :               10.8s (E)               12.0s (X)
     in progress... |################### | 095% :               11.4s (E)               12.0s (X)
     in progress... |####################| 100% :               11.9s (E)               11.9s (X)
       
     --------------------------------------------------------------------------------------------
     Applying projection operator formed by dvg                          
     --------------------------------------------------------------------------------------------
     --------------------------------------------------------------------------------------------
     p-DIAGOX done in 00.4s with a SCALAPACK grid (12x12)
     --------------------------------------------------------------------------------------------
        
       -0.18715  -0.14201  -0.13877  -0.13853  -0.13128  -0.13099  -0.12939  -0.12845  -0.11699
       -0.11502  -0.11441  -0.09955  -0.09265  -0.09230  -0.08383  -0.08371  -0.08240  -0.08204
       -0.08190  -0.08156  -0.08081  -0.07455  -0.07201  -0.07166  -0.06802  -0.06092  -0.06083
       -0.05869  -0.05851  -0.05760  -0.05731  -0.05729  -0.05614  -0.05592  -0.05338  -0.05330
       -0.05177  -0.05166  -0.04875  -0.04670  -0.04532  -0.04529  -0.04437  -0.04419  -0.04108
       -0.03891  -0.03884  -0.03827  -0.03825  -0.03773  -0.03768  -0.03661  -0.03647  -0.03623
       -0.03605  -0.03588  -0.03580  -0.03572  -0.03256  -0.03141  -0.03138  -0.03051  -0.03050
       -0.03003  -0.02993  -0.02886  -0.02882  -0.02877  -0.02847  -0.02844  -0.02742  -0.02737
       -0.02733  -0.02702  -0.02701  -0.02669  -0.02665  -0.02538  -0.02534  -0.02524  -0.02524
       -0.02490  -0.02394  -0.02391  -0.02313  -0.02185  -0.02182  -0.02167  -0.02114  -0.02113
       -0.02107  -0.02104  -0.02101  -0.02097  -0.02022  -0.02020  -0.01981  -0.01980  -0.01971
       -0.01969  -0.01960  -0.01959  -0.01890  -0.01886  -0.01857  -0.01830  -0.01829  -0.01804
       -0.01795  -0.01792  -0.01749  -0.01745  -0.01685  -0.01685  -0.01645  -0.01614  -0.01614
       -0.01600  -0.01598  -0.01573  -0.01547  -0.01546  -0.01527  -0.01526  -0.01517  -0.01515
       -0.01513  -0.01512  -0.01471  -0.01470  -0.01466  -0.01464  -0.01461  -0.01456  -0.01440
       -0.01439  -0.01429  -0.01382  -0.01382  -0.01348  -0.01340  -0.01338  -0.01336  -0.01334
       -0.01320  -0.01319  -0.01283  -0.01248  -0.01248  -0.01239  -0.01239  -0.01177  -0.01176
       -0.01161  -0.01160  -0.01159  -0.01152  -0.01151  -0.01147  -0.01142  -0.01141  -0.01128
       -0.01128  -0.01116  -0.01115  -0.01102  -0.01101  -0.01101  -0.01100  -0.01092  -0.01092
       -0.01091  -0.01089  -0.01080  -0.01074  -0.01074  -0.01028  -0.01021  -0.01008  -0.01008
       -0.01003  -0.01002  -0.01001  -0.01000  -0.00964  -0.00962  -0.00949  -0.00949  -0.00948
       -0.00947  -0.00941  -0.00939  -0.00939  -0.00915  -0.00914  -0.00904  -0.00904  -0.00894
       -0.00890  -0.00890  -0.00886  -0.00885  -0.00882  -0.00881  -0.00875  -0.00874  -0.00864
       -0.00863  -0.00853  -0.00850  -0.00840  -0.00840  -0.00839  -0.00838  -0.00836  -0.00834
       -0.00830  -0.00829  -0.00814  -0.00779  -0.00777  -0.00772  -0.00771  -0.00770  -0.00762
       -0.00762  -0.00759  -0.00758  -0.00757  -0.00755  -0.00748  -0.00709  -0.00708  -0.00707
       -0.00706  -0.00705  -0.00704  -0.00702  -0.00701  -0.00701  -0.00697  -0.00695  -0.00688
       -0.00686  -0.00686  -0.00684  -0.00684  -0.00683  -0.00682  -0.00680  -0.00679  -0.00677
       -0.00676  -0.00673  -0.00671  -0.00669  -0.00665  -0.00664  -0.00659  -0.00658  -0.00652
       -0.00649  -0.00645  -0.00640  -0.00628  -0.00627  -0.00626  -0.00623  -0.00621  -0.00617
       -0.00612  -0.00610  -0.00607  -0.00606  -0.00604  -0.00602  -0.00596  -0.00594  -0.00586
       -0.00581  -0.00580  -0.00578  -0.00573  -0.00570  -0.00564  -0.00561  -0.00558  -0.00556
       -0.00553  -0.00547  -0.00545  -0.00544  -0.00541  -0.00540  -0.00537  -0.00536  -0.00533
       -0.00532  -0.00527  -0.00526  -0.00522  -0.00521  -0.00520  -0.00518  -0.00517  -0.00515
       -0.00514  -0.00512  -0.00510  -0.00508  -0.00505  -0.00504  -0.00501  -0.00498  -0.00498
       -0.00495  -0.00493  -0.00490  -0.00489  -0.00487  -0.00485  -0.00482  -0.00480  -0.00477
       -0.00474  -0.00472  -0.00470  -0.00463  -0.00461  -0.00460  -0.00455  -0.00452  -0.00450
       -0.00449  -0.00445  -0.00443  -0.00442  -0.00442  -0.00440  -0.00439  -0.00436  -0.00435
       -0.00434  -0.00433  -0.00431  -0.00429  -0.00428  -0.00426  -0.00424  -0.00421  -0.00420
       -0.00418  -0.00416  -0.00415  -0.00413  -0.00411  -0.00409  -0.00406  -0.00404  -0.00404
       -0.00402  -0.00399  -0.00398  -0.00396  -0.00394  -0.00392  -0.00390  -0.00387  -0.00387
       -0.00385  -0.00384  -0.00382  -0.00381  -0.00380  -0.00376  -0.00375  -0.00373  -0.00368
       -0.00368  -0.00367  -0.00365  -0.00364  -0.00362  -0.00360  -0.00358  -0.00356  -0.00355
       -0.00354  -0.00353  -0.00352  -0.00349  -0.00347  -0.00346  -0.00345  -0.00342  -0.00341
       -0.00340  -0.00339  -0.00339  -0.00334
        
     --------------------------------------------------------------------------------------------
     Tot. elapsed time 01m-18.5s,  time spent in last iteration 24.2s
     --------------------------------------------------------------------------------------------

     [I/O] -------------------------------------------------------
     [I/O] RESTART written in < 00.1s             
     [I/O] In location   : ./cs_20_400.wstat.restart
     [I/O] -------------------------------------------------------

                       *----------*              *----------*               *----------*
     #     Iteration = |        2 |   DFPT_dim = |      286 |   Diago_dim = |     1086 |
                       *----------*              *----------*               *----------*
       
     --------------------------------------------------------------------------------------------
     Applying projection operator formed by dvg                          
     --------------------------------------------------------------------------------------------
     per-process dynamical memory   198.6 Mb
  
       
     --------------------------------------------------------------------------------------------
     Sternheimer eq. solver... with threshold =   1.000000E-12           
     --------------------------------------------------------------------------------------------
     in progress... |#                   | 005% :               00.6s (E)               12.0s (X)
     in progress... |##                  | 010% :               00.8s (E)               08.9s (X)
     in progress... |###                 | 015% :               01.4s (E)               09.9s (X)
     in progress... |####                | 020% :               01.7s (E)               08.9s (X)
     in progress... |#####               | 025% :               02.3s (E)               09.5s (X)
     in progress... |######              | 030% :               02.6s (E)               08.9s (X)
     in progress... |#######             | 035% :               03.2s (E)               09.4s (X)
     in progress... |########            | 040% :               03.5s (E)               08.9s (X)
     in progress... |#########           | 045% :               04.1s (E)               09.2s (X)
     in progress... |##########          | 050% :               04.4s (E)               08.9s (X)
     in progress... |###########         | 055% :               04.7s (E)               08.7s (X)
     in progress... |############        | 060% :               05.3s (E)               08.9s (X)
     in progress... |#############       | 065% :               05.6s (E)               08.7s (X)
     in progress... |##############      | 070% :               06.2s (E)               08.9s (X)
     in progress... |###############     | 075% :               06.5s (E)               08.7s (X)
     in progress... |################    | 080% :               07.1s (E)               08.9s (X)
     in progress... |#################   | 085% :               07.4s (E)               08.7s (X)
     in progress... |##################  | 090% :               08.0s (E)               08.9s (X)
     in progress... |################### | 095% :               08.3s (E)               08.8s (X)
     in progress... |####################| 100% :               08.6s (E)               08.6s (X)
       
     --------------------------------------------------------------------------------------------
     Applying projection operator formed by dvg                          
     --------------------------------------------------------------------------------------------
     --------------------------------------------------------------------------------------------
     p-DIAGOX done in 00.6s with a SCALAPACK grid (12x12)
     --------------------------------------------------------------------------------------------
        
       -0.18715  -0.14201  -0.13877  -0.13853  -0.13128  -0.13099  -0.12939  -0.12845  -0.11699
       -0.11502  -0.11441  -0.09955  -0.09265  -0.09230  -0.08383  -0.08371  -0.08240  -0.08204
       -0.08190  -0.08156  -0.08081  -0.07455  -0.07201  -0.07166  -0.06802  -0.06092  -0.06083
       -0.05869  -0.05851  -0.05760  -0.05731  -0.05729  -0.05614  -0.05592  -0.05338  -0.05330
       -0.05177  -0.05166  -0.04875  -0.04670  -0.04532  -0.04529  -0.04437  -0.04419  -0.04108
       -0.03892  -0.03884  -0.03827  -0.03825  -0.03773  -0.03768  -0.03661  -0.03648  -0.03623
       -0.03605  -0.03588  -0.03580  -0.03572  -0.03256  -0.03141  -0.03138  -0.03051  -0.03050
       -0.03003  -0.02993  -0.02886  -0.02882  -0.02877  -0.02847  -0.02844  -0.02742  -0.02738
       -0.02733  -0.02702  -0.02701  -0.02669  -0.02665  -0.02538  -0.02534  -0.02524  -0.02524
       -0.02491  -0.02394  -0.02391  -0.02314  -0.02186  -0.02182  -0.02167  -0.02114  -0.02113
       -0.02107  -0.02104  -0.02101  -0.02097  -0.02022  -0.02021  -0.01982  -0.01981  -0.01971
       -0.01969  -0.01961  -0.01960  -0.01890  -0.01887  -0.01858  -0.01831  -0.01830  -0.01805
       -0.01795  -0.01793  -0.01750  -0.01745  -0.01686  -0.01685  -0.01646  -0.01615  -0.01614
       -0.01601  -0.01598  -0.01574  -0.01548  -0.01547  -0.01528  -0.01527  -0.01518  -0.01517
       -0.01514  -0.01513  -0.01472  -0.01472  -0.01467  -0.01465  -0.01462  -0.01456  -0.01442
       -0.01441  -0.01431  -0.01383  -0.01383  -0.01350  -0.01341  -0.01339  -0.01338  -0.01336
       -0.01321  -0.01320  -0.01284  -0.01249  -0.01249  -0.01241  -0.01241  -0.01179  -0.01178
       -0.01163  -0.01162  -0.01161  -0.01154  -0.01153  -0.01149  -0.01145  -0.01144  -0.01130
       -0.01129  -0.01120  -0.01118  -0.01105  -0.01105  -0.01104  -0.01104  -0.01095  -0.01094
       -0.01094  -0.01093  -0.01084  -0.01078  -0.01077  -0.01032  -0.01025  -0.01013  -0.01012
       -0.01009  -0.01008  -0.01004  -0.01003  -0.00967  -0.00966  -0.00954  -0.00953  -0.00952
       -0.00952  -0.00948  -0.00944  -0.00943  -0.00920  -0.00919  -0.00908  -0.00907  -0.00900
       -0.00895  -0.00895  -0.00892  -0.00892  -0.00890  -0.00890  -0.00881  -0.00879  -0.00872
       -0.00871  -0.00858  -0.00856  -0.00847  -0.00847  -0.00846  -0.00845  -0.00845  -0.00843
       -0.00839  -0.00839  -0.00828  -0.00786  -0.00785  -0.00781  -0.00780  -0.00779  -0.00769
       -0.00769  -0.00769  -0.00768  -0.00767  -0.00766  -0.00759  -0.00718  -0.00717  -0.00716
       -0.00715  -0.00715  -0.00713  -0.00713  -0.00711  -0.00711  -0.00709  -0.00708  -0.00696
       -0.00695  -0.00695  -0.00695  -0.00694  -0.00694  -0.00694  -0.00693  -0.00693  -0.00693
       -0.00692  -0.00686  -0.00686  -0.00686  -0.00686  -0.00677  -0.00677  -0.00676  -0.00665
       -0.00664  -0.00659  -0.00658  -0.00649  -0.00642  -0.00641  -0.00635  -0.00634  -0.00633
       -0.00633  -0.00622  -0.00621  -0.00620  -0.00619  -0.00618  -0.00611  -0.00611  -0.00606
       -0.00605  -0.00598  -0.00597  -0.00588  -0.00588  -0.00581  -0.00577  -0.00577  -0.00570
       -0.00569  -0.00563  -0.00563  -0.00560  -0.00560  -0.00559  -0.00558  -0.00557  -0.00557
       -0.00557  -0.00551  -0.00550  -0.00547  -0.00547  -0.00543  -0.00543  -0.00537  -0.00537
       -0.00536  -0.00536  -0.00536  -0.00535  -0.00535  -0.00531  -0.00531  -0.00530  -0.00528
       -0.00528  -0.00516  -0.00516  -0.00515  -0.00514  -0.00513  -0.00512  -0.00507  -0.00504
       -0.00504  -0.00498  -0.00498  -0.00488  -0.00487  -0.00483  -0.00482  -0.00482  -0.00482
       -0.00472  -0.00471  -0.00471  -0.00470  -0.00470  -0.00468  -0.00467  -0.00466  -0.00465
       -0.00463  -0.00463  -0.00462  -0.00459  -0.00458  -0.00456  -0.00456  -0.00453  -0.00453
       -0.00452  -0.00452  -0.00451  -0.00450  -0.00450  -0.00449  -0.00448  -0.00445  -0.00444
       -0.00438  -0.00437  -0.00436  -0.00436  -0.00432  -0.00431  -0.00430  -0.00430  -0.00429
       -0.00428  -0.00424  -0.00421  -0.00420  -0.00419  -0.00419  -0.00418  -0.00416  -0.00415
       -0.00415  -0.00413  -0.00410  -0.00409  -0.00407  -0.00406  -0.00401  -0.00400  -0.00397
       -0.00397  -0.00392  -0.00391  -0.00389  -0.00388  -0.00388  -0.00387  -0.00386  -0.00378
       -0.00377  -0.00376  -0.00375  -0.00375
        
     --------------------------------------------------------------------------------------------
     Tot. elapsed time 01m-54.1s,  time spent in last iteration 21.4s
     --------------------------------------------------------------------------------------------

     [I/O] -------------------------------------------------------
     [I/O] RESTART written in < 00.1s             
     [I/O] In location   : ./cs_20_400.wstat.restart
     [I/O] -------------------------------------------------------

                       *----------*              *----------*               *----------*
     #     Iteration = |        3 |   DFPT_dim = |       37 |   Diago_dim = |     1123 |
                       *----------*              *----------*               *----------*
       
     --------------------------------------------------------------------------------------------
     Applying projection operator formed by dvg                          
     --------------------------------------------------------------------------------------------
     per-process dynamical memory   194.3 Mb
  
       
     --------------------------------------------------------------------------------------------
     Sternheimer eq. solver... with threshold =   1.000000E-12           
     --------------------------------------------------------------------------------------------
     in progress... |#####               | 025% :               00.3s (E)               01.2s (X)
     in progress... |##########          | 050% :               00.5s (E)               01.1s (X)
     in progress... |###############     | 075% :               00.8s (E)               01.1s (X)
     in progress... |####################| 100% :               01.1s (E)               01.1s (X)
       
     --------------------------------------------------------------------------------------------
     Applying projection operator formed by dvg                          
     --------------------------------------------------------------------------------------------
     --------------------------------------------------------------------------------------------
     p-DIAGOX done in 00.6s with a SCALAPACK grid (12x12)
     --------------------------------------------------------------------------------------------
        
       -0.18715  -0.14201  -0.13877  -0.13853  -0.13128  -0.13099  -0.12939  -0.12845  -0.11699
       -0.11502  -0.11441  -0.09955  -0.09265  -0.09230  -0.08383  -0.08371  -0.08240  -0.08204
       -0.08190  -0.08156  -0.08081  -0.07455  -0.07201  -0.07166  -0.06802  -0.06092  -0.06083
       -0.05869  -0.05851  -0.05760  -0.05731  -0.05729  -0.05614  -0.05592  -0.05338  -0.05330
       -0.05177  -0.05166  -0.04875  -0.04670  -0.04532  -0.04529  -0.04437  -0.04419  -0.04108
       -0.03892  -0.03884  -0.03827  -0.03825  -0.03773  -0.03768  -0.03661  -0.03648  -0.03623
       -0.03605  -0.03588  -0.03580  -0.03572  -0.03256  -0.03141  -0.03138  -0.03051  -0.03050
       -0.03003  -0.02993  -0.02886  -0.02882  -0.02877  -0.02847  -0.02844  -0.02742  -0.02738
       -0.02733  -0.02702  -0.02701  -0.02669  -0.02665  -0.02538  -0.02534  -0.02524  -0.02524
       -0.02491  -0.02394  -0.02391  -0.02314  -0.02186  -0.02182  -0.02167  -0.02114  -0.02113
       -0.02107  -0.02104  -0.02101  -0.02097  -0.02022  -0.02021  -0.01982  -0.01981  -0.01971
       -0.01969  -0.01961  -0.01960  -0.01890  -0.01887  -0.01858  -0.01831  -0.01830  -0.01805
       -0.01795  -0.01793  -0.01750  -0.01745  -0.01686  -0.01685  -0.01646  -0.01615  -0.01614
       -0.01601  -0.01598  -0.01574  -0.01548  -0.01547  -0.01528  -0.01527  -0.01518  -0.01517
       -0.01514  -0.01513  -0.01472  -0.01472  -0.01467  -0.01465  -0.01462  -0.01456  -0.01442
       -0.01441  -0.01431  -0.01383  -0.01383  -0.01350  -0.01341  -0.01339  -0.01338  -0.01336
       -0.01321  -0.01320  -0.01284  -0.01249  -0.01249  -0.01241  -0.01241  -0.01179  -0.01178
       -0.01163  -0.01162  -0.01161  -0.01154  -0.01153  -0.01149  -0.01145  -0.01144  -0.01130
       -0.01129  -0.01120  -0.01118  -0.01105  -0.01105  -0.01104  -0.01104  -0.01095  -0.01094
       -0.01094  -0.01093  -0.01084  -0.01078  -0.01077  -0.01032  -0.01025  -0.01013  -0.01012
       -0.01009  -0.01008  -0.01004  -0.01003  -0.00967  -0.00966  -0.00954  -0.00953  -0.00952
       -0.00952  -0.00948  -0.00944  -0.00943  -0.00920  -0.00919  -0.00908  -0.00907  -0.00900
       -0.00895  -0.00895  -0.00892  -0.00892  -0.00890  -0.00890  -0.00881  -0.00879  -0.00872
       -0.00871  -0.00858  -0.00856  -0.00847  -0.00847  -0.00846  -0.00845  -0.00845  -0.00843
       -0.00839  -0.00839  -0.00828  -0.00786  -0.00785  -0.00781  -0.00781  -0.00779  -0.00769
       -0.00769  -0.00769  -0.00768  -0.00768  -0.00766  -0.00759  -0.00718  -0.00717  -0.00716
       -0.00715  -0.00715  -0.00713  -0.00713  -0.00711  -0.00711  -0.00709  -0.00708  -0.00696
       -0.00695  -0.00695  -0.00695  -0.00694  -0.00694  -0.00694  -0.00693  -0.00693  -0.00693
       -0.00692  -0.00686  -0.00686  -0.00686  -0.00686  -0.00677  -0.00677  -0.00676  -0.00665
       -0.00664  -0.00659  -0.00659  -0.00649  -0.00642  -0.00642  -0.00636  -0.00635  -0.00633
       -0.00633  -0.00622  -0.00621  -0.00620  -0.00619  -0.00619  -0.00611  -0.00611  -0.00606
       -0.00606  -0.00598  -0.00597  -0.00588  -0.00588  -0.00582  -0.00577  -0.00577  -0.00570
       -0.00569  -0.00564  -0.00563  -0.00560  -0.00560  -0.00559  -0.00558  -0.00558  -0.00558
       -0.00557  -0.00551  -0.00551  -0.00547  -0.00547  -0.00543  -0.00543  -0.00537  -0.00537
       -0.00537  -0.00537  -0.00536  -0.00536  -0.00536  -0.00532  -0.00531  -0.00530  -0.00529
       -0.00528  -0.00517  -0.00516  -0.00515  -0.00515  -0.00513  -0.00513  -0.00508  -0.00505
       -0.00504  -0.00498  -0.00498  -0.00488  -0.00488  -0.00483  -0.00483  -0.00482  -0.00482
       -0.00472  -0.00472  -0.00471  -0.00471  -0.00470  -0.00468  -0.00468  -0.00466  -0.00466
       -0.00464  -0.00463  -0.00463  -0.00459  -0.00458  -0.00456  -0.00456  -0.00454  -0.00453
       -0.00453  -0.00453  -0.00452  -0.00452  -0.00450  -0.00450  -0.00450  -0.00448  -0.00445
       -0.00439  -0.00439  -0.00437  -0.00437  -0.00435  -0.00434  -0.00433  -0.00433  -0.00432
       -0.00432  -0.00428  -0.00424  -0.00424  -0.00423  -0.00421  -0.00421  -0.00418  -0.00418
       -0.00418  -0.00418  -0.00415  -0.00415  -0.00412  -0.00412  -0.00404  -0.00404  -0.00402
       -0.00401  -0.00396  -0.00395  -0.00393  -0.00392  -0.00392  -0.00391  -0.00391  -0.00382
       -0.00382  -0.00379  -0.00379  -0.00379
        
     --------------------------------------------------------------------------------------------
     Tot. elapsed time 02m-15.9s,  time spent in last iteration 07.6s
     --------------------------------------------------------------------------------------------
       
     --------------------------------------------------------------------------------------------
     Convergence achieved !!! in        3 steps                          
     --------------------------------------------------------------------------------------------
      
     --------------------------------------------------------------------------------------------
     Database written in < 00.1s             
     In location : ./cs_20_400.wstat.save
     --------------------------------------------------------------------------------------------
 
     WSTAT        :  2m48.16s CPU     5m 1.22s WALL

     wstat_readin :      5.76s CPU     40.52s WALL (       1 calls)
     fetch_nml    :      0.00s CPU      0.00s WALL (       1 calls)
     read_xml     :      1.31s CPU      1.61s WALL (       1 calls)
     init_vloc    :      0.10s CPU      0.11s WALL (       2 calls)
     fft          :      0.26s CPU      0.28s WALL (      11 calls)
     fft_scatter  :     13.95s CPU     14.02s WALL (    4032 calls)
     v_of_rho     :      0.30s CPU      0.31s WALL (       1 calls)
     v_xc         :      0.26s CPU      0.28s WALL (       1 calls)
     v_h          :      0.03s CPU      0.04s WALL (       1 calls)
     read_wave    :      4.43s CPU     38.71s WALL (       1 calls)
     davcio       :      0.00s CPU      1.97s WALL (       2 calls)
     init_us_1    :      0.02s CPU      0.02s WALL (       2 calls)
     do_setup     :      0.16s CPU      0.18s WALL (       1 calls)
     init_pw_ar   :      0.16s CPU      0.17s WALL (       1 calls)
     init_at_1    :      0.00s CPU      0.00s WALL (       1 calls)
     storesqvc    :      0.01s CPU      0.01s WALL (       1 calls)
     chidiago     :     50.11s CPU     81.23s WALL (       1 calls)
     randomize    :      0.97s CPU      1.00s WALL (       2 calls)
     paramgs      :     12.66s CPU     12.80s WALL (      12 calls)
     dfpt         :     81.16s CPU     81.69s WALL (      11 calls)
     init_us_2    :      0.04s CPU      0.04s WALL (      11 calls)
     fftw         :     37.68s CPU     37.86s WALL (    4021 calls)
     alphapc      :      0.28s CPU      0.27s WALL (     163 calls)
     wstat_restar :     27.86s CPU     97.38s WALL (       9 calls)
     linstern     :     36.35s CPU     36.54s WALL (     121 calls)
     stern        :     29.07s CPU     29.20s WALL (    2846 calls)
     h_psi_bgrp   :     24.64s CPU     24.78s WALL (     344 calls)
     h_psi        :     24.64s CPU     24.78s WALL (     344 calls)
     h_psi:pot    :     24.52s CPU     24.66s WALL (     344 calls)
     vloc_psi     :     23.31s CPU     23.44s WALL (     344 calls)
     h_psi:calbec :      0.77s CPU      0.71s WALL (     344 calls)
     calbec       :      0.77s CPU      0.71s WALL (     344 calls)
     add_vuspsi   :      0.43s CPU      0.51s WALL (     344 calls)
     alphapv      :      2.80s CPU      2.72s WALL (    2846 calls)
     build_hr     :      7.04s CPU      7.22s WALL (       9 calls)
     diagox       :      2.06s CPU      2.10s WALL (       9 calls)
     redistr_vr   :      0.29s CPU      0.30s WALL (       7 calls)
     update_vr    :     11.65s CPU     11.95s WALL (       7 calls)
     symm_hr      :      0.29s CPU      0.30s WALL (       7 calls)
     chidiago:las :      0.00s CPU      0.00s WALL (       1 calls)
     refresh_vr   :      4.39s CPU      4.46s WALL (       2 calls)
     pdep_db      :      0.63s CPU      1.94s WALL (       1 calls)
     kinchidiago  :    112.12s CPU    179.28s WALL (       1 calls)
     k_psi        :      0.55s CPU      0.57s WALL (    2502 calls)
     kinchidiago: :      0.00s CPU      0.00s WALL (       1 calls)
     pdep_db_for_ :     10.56s CPU     35.59s WALL (       1 calls)
 
     WSTAT        :  2m48.16s CPU     5m 1.23s WALL

 
   This run was terminated on:  11: 3:53  13May2018            

=------------------------------------------------------------------------------=
   JOB DONE.
=------------------------------------------------------------------------------=
