
     Program WSTAT v. 2.0.0 starts on 13May2018 at 11:16:17 

     This program is part of the open-source West suite
     for massively parallel calculations of excited states in materials; please cite
         "M. Govoni et al., J. Chem. Theory Comput. 11, 2680 (2015);
          URL http://www.west-code.org", 
     in publications or presentations arising from this work.

     Based on the Quantum ESPRESSO v. 6.1 svn rev. 13369
       
     --------------------------------------------------------------------------------------------
     **MPI** Parallelization Status                                      
     --------------------------------------------------------------------------------------------
                   160                  10             1             1            16
     --------------------------------------------------------------------------------------------
                     N         =         I      X      P      X      B      X      Z
                     ^                   ^             ^             ^             ^
                     |                   |             |             |             |
                   #rnk                  |             |             |             |
                                      #image           |             |             |
                                                     #pool           |             |
                                                                   #bgrp           |
                                                                                 #R&G
     --------------------------------------------------------------------------------------------
     **OPENMP** Parallelization Status
     #thr/rnk               =            1
     --------------------------------------------------------------------------------------------
     #prc = (rnk) * (thr) =          160
     --------------------------------------------------------------------------------------------
       
     --------------------------------------------------------------------------------------------
     I/O Summary : input_west                                            
     --------------------------------------------------------------------------------------------
     qe_prefix      = cs
     west_prefix    = cs
     outdir         = ./
     --------------------------------------------------------------------------------------------
       
     --------------------------------------------------------------------------------------------
     I/O Summary : wstat_control                                         
     --------------------------------------------------------------------------------------------
     wstat_calculation              =              S
     n_pdep_eigen                   =            420
     n_kin_pdep_eigen               =              0
     n_lindhard_eigen               =              0
     n_pdep_times                   =              4
     n_pdep_maxiter                 =            100
     n_dfpt_maxiter                 =            250
     n_pdep_read_from_file          =              0
     trev_pdep                      =   1.000000E-03
     trev_pdep_rel                  =   1.000000E-01
     tr2_dfpt                       =   1.000000E-12
     l_kinetic_only                 =              F
     l_minimize_exx_if_active       =              F
     l_use_ecutrho                  =              F
     l_pure_eigen                   =              F
     --------------------------------------------------------------------------------------------

     Reading data from directory:
     ./cs.save

   Info: using nr1, nr2, nr3 values from input

   Info: using nr1, nr2, nr3 values from input

     IMPORTANT: XC functional enforced from input :
     Exchange-correlation      = PBE ( 1  4  3  4 0 0)
     Any further DFT definition will be discarded
     Please, verify this is what you really want

     Message from routine readpp:
     file ./cs.save/C_ONCV_PBE-1.0.upf not found
     Message from routine readpp:
     file ./cs.save/S_ONCV_PBE-1.0.upf not found
 
     Parallelization info
     --------------------
     sticks:   dense  smooth     PW     G-vecs:    dense   smooth      PW
     Min        1520    1520    379               178660   178660   22323
     Max        1522    1522    384               178666   178666   22328
     Sum       24345   24345   6093              2858633  2858633  357213
 
       
     --------------------------------------------------------------------------------------------
     System Overview                                                     
     --------------------------------------------------------------------------------------------
     gamma_only           =              T
     ecutwfc [Ry]         =      85.000000
     omega [au^3]         =   2.700000E+04
     glob. #G             =         178607
     nbnd                 =            100
     nkstot               =              1
     nspin                =              1
     nelec                =      10.000000
     npol                 =              1
     lsda                 =              F
     noncolin             =              F
     lspinorb             =              F
     domag                =              F
     --------------------------------------------------------------------------------------------

     sFFT G-space:  1429317 G-vectors     R-space: ( 180, 180, 180)
     dFFT G-space:  1429317 G-vectors     R-space: ( 180, 180, 180)

     Cell [a.u.]          =      30.000000      0.000000      0.000000
                          =       0.000000     30.000000      0.000000
                          =       0.000000      0.000000     30.000000
      
     number of ks points=     1
                       cart. coord. in units 2pi/alat
        k(    1) = (   0.0000000   0.0000000   0.0000000), wk =   2.0000000

                       cryst. coord.
        k(    1) = (   0.0000000   0.0000000   0.0000000), wk =   2.0000000
 
     Spherical div        =   1.654268E-01
     Orthorombic div      =   1.628502E-01
       
     --------------------------------------------------------------------------------------------
     Parallelization for nvecx                                           
     --------------------------------------------------------------------------------------------
     nglob                =           1680
     nlevel               =             10
     Min nglob/nlevel     =            168
     Max nglob/nlevel     =            168
     --------------------------------------------------------------------------------------------

     [MEM] ----------------------------------------------------------
     [MEM] **Memory** analysis: QE
     [MEM] ----------------------------------------------------------
     [MEM] Allocated arrays           est. size (Mb)     dimensions
     [MEM] ----------------------------------------------------------
     [MEM] Kohn-Sham Wavefunctions      17.03 Mb     (  11164,  100)
     [MEM] NL pseudopotentials           2.73 Mb     (  11164,   16)
     [MEM] Each V/rho on FFT grid        5.93 Mb     ( 388800)
     [MEM] Each G-vector array           0.68 Mb     (  89333)
     [MEM] G-vector shells               0.05 Mb     (   6125)
     [MEM] ----------------------------------------------------------
     [MEM] TOT                          26.42 Mb
     [MEM] ----------------------------------------------------------
     [MEM] 
     [MEM] ----------------------------------------------------------
     [MEM] **Memory** analysis: WSTAT global
     [MEM] ----------------------------------------------------------
     [MEM] Allocated arrays           est. size (Mb)     dimensions
     [MEM] ----------------------------------------------------------
     [MEM] dvg                          28.62 Mb     (  11164,  168)
     [MEM] dng                          28.62 Mb     (  11164,  168)
     [MEM] hr_distr                      2.15 Mb     (   1680,  168)
     [MEM] vr_distr                      2.15 Mb     (   1680,  168)
     [MEM] ----------------------------------------------------------
     [MEM] TOT                          61.54 Mb
     [MEM] ----------------------------------------------------------
     [MEM] 
     [MEM] ----------------------------------------------------------
     [MEM] **Memory** analysis: WSTAT temporary
     [MEM] ----------------------------------------------------------
     [MEM] Allocated arrays           est. size (Mb)     dimensions
     [MEM] ----------------------------------------------------------
     [MEM] dvpsi                         0.85 Mb     (  11164,    5)
     [MEM] dpsi                          0.85 Mb     (  11164,    5)
     [MEM] ----------------------------------------------------------
     [MEM] Total estimate                1.70 Mb
     [MEM] ----------------------------------------------------------

                       *----------*              *----------*               *----------*
     #     Iteration = | starting |   DFPT_dim = |      420 |   Diago_dim = |      420 |  x 1/2
                       *----------*              *----------*               *----------*
     per-process dynamical memory   173.4 Mb
  
       
     --------------------------------------------------------------------------------------------
     Sternheimer eq. solver... with lite-solver                          
     --------------------------------------------------------------------------------------------
     in progress... |#                   | 005% :               00.5s (E)               11.7s (X)
     in progress... |##                  | 010% :               00.9s (E)               09.7s (X)
     in progress... |###                 | 015% :               01.3s (E)               09.0s (X)
     in progress... |####                | 020% :               01.7s (E)               08.7s (X)
     in progress... |#####               | 025% :               02.1s (E)               08.5s (X)
     in progress... |######              | 030% :               02.5s (E)               08.4s (X)
     in progress... |#######             | 035% :               02.9s (E)               08.3s (X)
     in progress... |########            | 040% :               03.3s (E)               08.2s (X)
     in progress... |#########           | 045% :               03.6s (E)               08.2s (X)
     in progress... |##########          | 050% :               04.0s (E)               08.1s (X)
     in progress... |###########         | 055% :               04.6s (E)               08.4s (X)
     in progress... |############        | 060% :               05.0s (E)               08.4s (X)
     in progress... |#############       | 065% :               05.4s (E)               08.3s (X)
     in progress... |##############      | 070% :               05.8s (E)               08.3s (X)
     in progress... |###############     | 075% :               06.2s (E)               08.2s (X)
     in progress... |################    | 080% :               06.6s (E)               08.2s (X)
     in progress... |#################   | 085% :               06.9s (E)               08.2s (X)
     in progress... |##################  | 090% :               07.3s (E)               08.1s (X)
     in progress... |################### | 095% :               07.7s (E)               08.1s (X)
     in progress... |####################| 100% :               08.1s (E)               08.1s (X)
     --------------------------------------------------------------------------------------------

     [I/O] -------------------------------------------------------
     [I/O] RESTART written in < 00.1s             
     [I/O] In location   : ./cs_420.wstat.restart
     [I/O] -------------------------------------------------------

                       *----------*              *----------*               *----------*
     #     Iteration = | starting |   DFPT_dim = |      420 |   Diago_dim = |      420 |  x 2/2
                       *----------*              *----------*               *----------*
     per-process dynamical memory   175.6 Mb
  
       
     --------------------------------------------------------------------------------------------
     Sternheimer eq. solver... with threshold =   1.000000E-06           
     --------------------------------------------------------------------------------------------
     in progress... |#                   | 005% :               07.4s (E)           02m-28.3s (X)
     in progress... |##                  | 010% :               12.2s (E)           02m-02.7s (X)
     in progress... |###                 | 015% :               17.1s (E)           01m-54.0s (X)
     in progress... |####                | 020% :               21.8s (E)           01m-49.4s (X)
     in progress... |#####               | 025% :               26.6s (E)           01m-46.5s (X)
     in progress... |######              | 030% :               31.3s (E)           01m-44.4s (X)
     in progress... |#######             | 035% :               36.0s (E)           01m-42.9s (X)
     in progress... |########            | 040% :               40.7s (E)           01m-41.7s (X)
     in progress... |#########           | 045% :               45.3s (E)           01m-40.6s (X)
     in progress... |##########          | 050% :               49.9s (E)           01m-39.8s (X)
     in progress... |###########         | 055% :               56.7s (E)           01m-43.2s (X)
     in progress... |############        | 060% :           01m-01.3s (E)           01m-42.3s (X)
     in progress... |#############       | 065% :           01m-05.9s (E)           01m-41.5s (X)
     in progress... |##############      | 070% :           01m-10.5s (E)           01m-40.7s (X)
     in progress... |###############     | 075% :           01m-15.1s (E)           01m-40.1s (X)
     in progress... |################    | 080% :           01m-19.6s (E)           01m-39.5s (X)
     in progress... |#################   | 085% :           01m-24.1s (E)           01m-38.9s (X)
     in progress... |##################  | 090% :           01m-28.6s (E)           01m-38.4s (X)
     in progress... |################### | 095% :           01m-33.1s (E)           01m-38.0s (X)
     in progress... |####################| 100% :           01m-37.6s (E)           01m-37.6s (X)
     --------------------------------------------------------------------------------------------
     p-DIAGOX done in 00.3s with a SCALAPACK grid (12x12)
     --------------------------------------------------------------------------------------------
        
       -4.65881  -1.78951  -1.78946  -1.28664  -1.28661  -1.19186  -0.84465  -0.68820  -0.68815
       -0.61183  -0.52406  -0.52390  -0.43826  -0.41050  -0.41040  -0.37979  -0.33601  -0.32294
       -0.32290  -0.32144  -0.32140  -0.25492  -0.25486  -0.25292  -0.23344  -0.23337  -0.21328
       -0.21327  -0.19655  -0.18385  -0.18379  -0.18040  -0.14246  -0.14236  -0.12831  -0.12828
       -0.12009  -0.11793  -0.11792  -0.11478  -0.11476  -0.10911  -0.10352  -0.10343  -0.09013
       -0.08328  -0.08171  -0.08164  -0.08146  -0.08141  -0.08042  -0.08029  -0.07588  -0.07581
       -0.07327  -0.07326  -0.07250  -0.07238  -0.06915  -0.06427  -0.06402  -0.06084  -0.06069
       -0.05826  -0.05191  -0.04927  -0.04922  -0.04774  -0.04763  -0.04732  -0.04667  -0.04645
       -0.04607  -0.04594  -0.04577  -0.04569  -0.04541  -0.04517  -0.04170  -0.03985  -0.03952
       -0.03837  -0.03827  -0.03669  -0.03640  -0.03633  -0.03499  -0.03490  -0.03403  -0.03349
       -0.03345  -0.03321  -0.03296  -0.03266  -0.03252  -0.03242  -0.03237  -0.03231  -0.03211
       -0.03025  -0.03011  -0.02943  -0.02919  -0.02890  -0.02841  -0.02829  -0.02812  -0.02542
       -0.02528  -0.02514  -0.02482  -0.02471  -0.02432  -0.02418  -0.02377  -0.02256  -0.02245
       -0.02238  -0.02231  -0.02210  -0.02199  -0.02179  -0.02172  -0.02103  -0.02101  -0.02075
       -0.02065  -0.02060  -0.02047  -0.02005  -0.01967  -0.01940  -0.01882  -0.01856  -0.01841
       -0.01825  -0.01796  -0.01763  -0.01747  -0.01711  -0.01672  -0.01668  -0.01653  -0.01639
       -0.01625  -0.01623  -0.01604  -0.01595  -0.01587  -0.01573  -0.01558  -0.01554  -0.01540
       -0.01536  -0.01525  -0.01499  -0.01487  -0.01462  -0.01453  -0.01440  -0.01435  -0.01421
       -0.01384  -0.01379  -0.01368  -0.01348  -0.01334  -0.01292  -0.01291  -0.01274  -0.01255
       -0.01242  -0.01230  -0.01188  -0.01186  -0.01168  -0.01164  -0.01156  -0.01141  -0.01138
       -0.01128  -0.01118  -0.01111  -0.01105  -0.01091  -0.01088  -0.01087  -0.01081  -0.01069
       -0.01058  -0.01054  -0.01045  -0.01031  -0.01025  -0.01015  -0.01008  -0.00991  -0.00985
       -0.00971  -0.00964  -0.00954  -0.00949  -0.00940  -0.00932  -0.00920  -0.00907  -0.00906
       -0.00902  -0.00895  -0.00884  -0.00878  -0.00868  -0.00860  -0.00850  -0.00846  -0.00833
       -0.00832  -0.00820  -0.00818  -0.00811  -0.00809  -0.00786  -0.00786  -0.00778  -0.00766
       -0.00761  -0.00755  -0.00748  -0.00744  -0.00740  -0.00736  -0.00734  -0.00726  -0.00720
       -0.00703  -0.00692  -0.00688  -0.00683  -0.00677  -0.00673  -0.00669  -0.00663  -0.00655
       -0.00646  -0.00641  -0.00638  -0.00635  -0.00632  -0.00624  -0.00621  -0.00616  -0.00605
       -0.00601  -0.00596  -0.00593  -0.00590  -0.00585  -0.00582  -0.00581  -0.00571  -0.00570
       -0.00564  -0.00558  -0.00554  -0.00549  -0.00546  -0.00542  -0.00536  -0.00530  -0.00529
       -0.00524  -0.00519  -0.00518  -0.00509  -0.00509  -0.00506  -0.00503  -0.00501  -0.00492
       -0.00488  -0.00485  -0.00483  -0.00480  -0.00474  -0.00470  -0.00468  -0.00465  -0.00460
       -0.00457  -0.00452  -0.00450  -0.00446  -0.00442  -0.00436  -0.00431  -0.00428  -0.00424
       -0.00422  -0.00419  -0.00416  -0.00415  -0.00408  -0.00406  -0.00405  -0.00399  -0.00398
       -0.00396  -0.00391  -0.00383  -0.00381  -0.00380  -0.00374  -0.00374  -0.00371  -0.00369
       -0.00366  -0.00361  -0.00359  -0.00355  -0.00352  -0.00351  -0.00347  -0.00344  -0.00341
       -0.00339  -0.00336  -0.00333  -0.00329  -0.00326  -0.00324  -0.00323  -0.00322  -0.00317
       -0.00315  -0.00314  -0.00310  -0.00308  -0.00301  -0.00301  -0.00296  -0.00293  -0.00289
       -0.00288  -0.00285  -0.00282  -0.00281  -0.00276  -0.00274  -0.00270  -0.00268  -0.00266
       -0.00262  -0.00260  -0.00259  -0.00257  -0.00255  -0.00253  -0.00252  -0.00249  -0.00244
       -0.00241  -0.00240  -0.00238  -0.00234  -0.00233  -0.00232  -0.00228  -0.00227  -0.00224
       -0.00221  -0.00220  -0.00218  -0.00215  -0.00214  -0.00212  -0.00209  -0.00206  -0.00206
       -0.00203  -0.00201  -0.00199  -0.00196  -0.00194  -0.00192  -0.00190  -0.00186  -0.00186
       -0.00184  -0.00182  -0.00180  -0.00178  -0.00174  -0.00174  -0.00172  -0.00170  -0.00167
       -0.00165  -0.00164  -0.00160  -0.00160  -0.00158  -0.00157  -0.00152  -0.00149  -0.00148
       -0.00147  -0.00145  -0.00144  -0.00143  -0.00139  -0.00139  -0.00134  -0.00132  -0.00131
       -0.00129  -0.00127  -0.00124  -0.00121  -0.00118  -0.00114
        
     --------------------------------------------------------------------------------------------
     Tot. elapsed time 03m-21.6s,  time spent in last iteration 03m-21.6s
     --------------------------------------------------------------------------------------------

     [I/O] -------------------------------------------------------
     [I/O] RESTART written in < 00.1s             
     [I/O] In location   : ./cs_420.wstat.restart
     [I/O] -------------------------------------------------------

                       *----------*              *----------*               *----------*
     #     Iteration = |        1 |   DFPT_dim = |      420 |   Diago_dim = |      840 |
                       *----------*              *----------*               *----------*
     per-process dynamical memory   163.5 Mb
  
       
     --------------------------------------------------------------------------------------------
     Sternheimer eq. solver... with threshold =   1.000000E-12           
     --------------------------------------------------------------------------------------------
     in progress... |#                   | 005% :               10.8s (E)           03m-37.5s (X)
     in progress... |##                  | 010% :               17.8s (E)           02m-58.9s (X)
     in progress... |###                 | 015% :               24.8s (E)           02m-45.8s (X)
     in progress... |####                | 020% :               31.8s (E)           02m-39.0s (X)
     in progress... |#####               | 025% :               38.7s (E)           02m-34.9s (X)
     in progress... |######              | 030% :               45.6s (E)           02m-32.2s (X)
     in progress... |#######             | 035% :               52.6s (E)           02m-30.2s (X)
     in progress... |########            | 040% :               59.4s (E)           02m-28.7s (X)
     in progress... |#########           | 045% :           01m-06.3s (E)           02m-27.4s (X)
     in progress... |##########          | 050% :           01m-13.2s (E)           02m-26.5s (X)
     in progress... |###########         | 055% :           01m-23.5s (E)           02m-31.9s (X)
     in progress... |############        | 060% :           01m-30.3s (E)           02m-30.5s (X)
     in progress... |#############       | 065% :           01m-37.2s (E)           02m-29.5s (X)
     in progress... |##############      | 070% :           01m-44.0s (E)           02m-28.6s (X)
     in progress... |###############     | 075% :           01m-50.8s (E)           02m-27.8s (X)
     in progress... |################    | 080% :           01m-57.6s (E)           02m-27.1s (X)
     in progress... |#################   | 085% :           02m-04.4s (E)           02m-26.4s (X)
     in progress... |##################  | 090% :           02m-11.2s (E)           02m-25.8s (X)
     in progress... |################### | 095% :           02m-18.0s (E)           02m-25.3s (X)
     in progress... |####################| 100% :           02m-24.8s (E)           02m-24.8s (X)
     --------------------------------------------------------------------------------------------
     p-DIAGOX done in 00.5s with a SCALAPACK grid (12x12)
     --------------------------------------------------------------------------------------------
        
       -4.67995  -1.79016  -1.79015  -1.28712  -1.28711  -1.21778  -0.90331  -0.68958  -0.68957
       -0.61279  -0.52465  -0.52465  -0.45166  -0.41096  -0.41096  -0.38138  -0.34193  -0.32303
       -0.32303  -0.32160  -0.32157  -0.25624  -0.25514  -0.25514  -0.23377  -0.23375  -0.21361
       -0.21360  -0.20032  -0.18419  -0.18419  -0.18372  -0.14291  -0.14283  -0.13237  -0.12916
       -0.12916  -0.11820  -0.11820  -0.11493  -0.11493  -0.10996  -0.10399  -0.10399  -0.09846
       -0.08502  -0.08219  -0.08219  -0.08215  -0.08215  -0.08184  -0.08184  -0.07610  -0.07610
       -0.07367  -0.07367  -0.07332  -0.07332  -0.07015  -0.06562  -0.06543  -0.06543  -0.06129
       -0.06129  -0.05723  -0.04981  -0.04980  -0.04943  -0.04839  -0.04839  -0.04702  -0.04702
       -0.04668  -0.04667  -0.04608  -0.04608  -0.04605  -0.04605  -0.04292  -0.04067  -0.04067
       -0.04014  -0.03904  -0.03901  -0.03682  -0.03682  -0.03605  -0.03605  -0.03562  -0.03562
       -0.03534  -0.03406  -0.03406  -0.03399  -0.03399  -0.03353  -0.03353  -0.03300  -0.03300
       -0.03110  -0.03110  -0.03107  -0.03066  -0.03066  -0.02956  -0.02911  -0.02911  -0.02752
       -0.02663  -0.02663  -0.02660  -0.02607  -0.02607  -0.02533  -0.02533  -0.02351  -0.02350
       -0.02339  -0.02339  -0.02322  -0.02322  -0.02256  -0.02256  -0.02256  -0.02255  -0.02240
       -0.02239  -0.02209  -0.02174  -0.02174  -0.02085  -0.02085  -0.02045  -0.02022  -0.02022
       -0.01923  -0.01923  -0.01886  -0.01863  -0.01863  -0.01822  -0.01771  -0.01771  -0.01753
       -0.01752  -0.01749  -0.01748  -0.01736  -0.01736  -0.01716  -0.01716  -0.01703  -0.01703
       -0.01689  -0.01688  -0.01686  -0.01686  -0.01685  -0.01596  -0.01595  -0.01590  -0.01582
       -0.01582  -0.01579  -0.01578  -0.01552  -0.01551  -0.01452  -0.01452  -0.01444  -0.01444
       -0.01411  -0.01411  -0.01397  -0.01350  -0.01332  -0.01301  -0.01301  -0.01300  -0.01300
       -0.01294  -0.01294  -0.01283  -0.01283  -0.01282  -0.01281  -0.01263  -0.01261  -0.01250
       -0.01249  -0.01246  -0.01246  -0.01238  -0.01237  -0.01232  -0.01231  -0.01230  -0.01191
       -0.01191  -0.01179  -0.01178  -0.01176  -0.01125  -0.01122  -0.01105  -0.01104  -0.01082
       -0.01082  -0.01076  -0.01076  -0.01074  -0.01070  -0.01069  -0.01061  -0.01061  -0.01046
       -0.01011  -0.01011  -0.01010  -0.01009  -0.00995  -0.00994  -0.00976  -0.00975  -0.00975
       -0.00974  -0.00972  -0.00971  -0.00962  -0.00958  -0.00946  -0.00944  -0.00942  -0.00940
       -0.00938  -0.00928  -0.00927  -0.00925  -0.00923  -0.00916  -0.00877  -0.00875  -0.00874
       -0.00872  -0.00867  -0.00866  -0.00863  -0.00861  -0.00858  -0.00843  -0.00842  -0.00803
       -0.00790  -0.00787  -0.00783  -0.00783  -0.00778  -0.00777  -0.00776  -0.00774  -0.00773
       -0.00770  -0.00768  -0.00767  -0.00765  -0.00761  -0.00758  -0.00757  -0.00752  -0.00751
       -0.00749  -0.00747  -0.00747  -0.00745  -0.00744  -0.00742  -0.00741  -0.00741  -0.00739
       -0.00738  -0.00733  -0.00730  -0.00718  -0.00714  -0.00712  -0.00697  -0.00696  -0.00694
       -0.00689  -0.00687  -0.00675  -0.00674  -0.00673  -0.00671  -0.00668  -0.00667  -0.00661
       -0.00660  -0.00654  -0.00653  -0.00648  -0.00643  -0.00631  -0.00625  -0.00622  -0.00621
       -0.00619  -0.00617  -0.00614  -0.00613  -0.00601  -0.00599  -0.00594  -0.00591  -0.00590
       -0.00589  -0.00586  -0.00585  -0.00584  -0.00583  -0.00581  -0.00579  -0.00577  -0.00575
       -0.00574  -0.00572  -0.00569  -0.00567  -0.00565  -0.00563  -0.00562  -0.00558  -0.00555
       -0.00553  -0.00552  -0.00549  -0.00545  -0.00545  -0.00542  -0.00539  -0.00536  -0.00535
       -0.00534  -0.00530  -0.00530  -0.00525  -0.00519  -0.00516  -0.00514  -0.00513  -0.00510
       -0.00508  -0.00504  -0.00503  -0.00499  -0.00493  -0.00488  -0.00485  -0.00484  -0.00482
       -0.00479  -0.00476  -0.00475  -0.00474  -0.00472  -0.00470  -0.00468  -0.00464  -0.00461
       -0.00460  -0.00459  -0.00456  -0.00455  -0.00454  -0.00453  -0.00449  -0.00448  -0.00445
       -0.00444  -0.00443  -0.00442  -0.00441  -0.00438  -0.00437  -0.00435  -0.00432  -0.00430
       -0.00428  -0.00427  -0.00425  -0.00424  -0.00419  -0.00418  -0.00415  -0.00414  -0.00412
       -0.00410  -0.00408  -0.00407  -0.00405  -0.00405  -0.00402  -0.00401  -0.00400  -0.00397
       -0.00395  -0.00392  -0.00391  -0.00388  -0.00386  -0.00384  -0.00384  -0.00382  -0.00380
       -0.00378  -0.00376  -0.00374  -0.00372  -0.00371  -0.00369
        
     --------------------------------------------------------------------------------------------
     Tot. elapsed time 07m-34.4s,  time spent in last iteration 02m-55.7s
     --------------------------------------------------------------------------------------------

     [I/O] -------------------------------------------------------
     [I/O] RESTART written in < 00.1s             
     [I/O] In location   : ./cs_420.wstat.restart
     [I/O] -------------------------------------------------------

                       *----------*              *----------*               *----------*
     #     Iteration = |        2 |   DFPT_dim = |      353 |   Diago_dim = |     1193 |
                       *----------*              *----------*               *----------*
     per-process dynamical memory   163.5 Mb
  
       
     --------------------------------------------------------------------------------------------
     Sternheimer eq. solver... with threshold =   1.000000E-12           
     --------------------------------------------------------------------------------------------
     in progress... |#                   | 005% :               06.7s (E)           02m-15.7s (X)
     in progress... |##                  | 010% :               13.5s (E)           02m-15.5s (X)
     in progress... |###                 | 015% :               20.3s (E)           02m-15.5s (X)
     in progress... |####                | 020% :               27.0s (E)           02m-15.3s (X)
     in progress... |#####               | 025% :               30.3s (E)           02m-01.5s (X)
     in progress... |######              | 030% :               37.2s (E)           02m-04.0s (X)
     in progress... |#######             | 035% :               43.9s (E)           02m-05.5s (X)
     in progress... |########            | 040% :               50.6s (E)           02m-06.6s (X)
     in progress... |#########           | 045% :               57.3s (E)           02m-07.4s (X)
     in progress... |##########          | 050% :           01m-00.7s (E)           02m-01.4s (X)
     in progress... |###########         | 055% :           01m-07.5s (E)           02m-02.7s (X)
     in progress... |############        | 060% :           01m-14.2s (E)           02m-03.6s (X)
     in progress... |#############       | 065% :           01m-20.9s (E)           02m-04.5s (X)
     in progress... |##############      | 070% :           01m-27.6s (E)           02m-05.2s (X)
     in progress... |###############     | 075% :           01m-31.0s (E)           02m-01.3s (X)
     in progress... |################    | 080% :           01m-37.6s (E)           02m-02.1s (X)
     in progress... |#################   | 085% :           01m-44.4s (E)           02m-02.8s (X)
     in progress... |##################  | 090% :           01m-51.0s (E)           02m-03.4s (X)
     in progress... |################### | 095% :           01m-57.7s (E)           02m-03.9s (X)
     in progress... |####################| 100% :           02m-01.1s (E)           02m-01.1s (X)
     --------------------------------------------------------------------------------------------
     p-DIAGOX done in 00.6s with a SCALAPACK grid (12x12)
     --------------------------------------------------------------------------------------------
        
       -4.67995  -1.79016  -1.79015  -1.28712  -1.28711  -1.21778  -0.90331  -0.68958  -0.68957
       -0.61279  -0.52465  -0.52465  -0.45166  -0.41096  -0.41096  -0.38138  -0.34193  -0.32303
       -0.32303  -0.32160  -0.32157  -0.25624  -0.25514  -0.25514  -0.23377  -0.23375  -0.21361
       -0.21360  -0.20032  -0.18419  -0.18419  -0.18372  -0.14291  -0.14283  -0.13237  -0.12916
       -0.12916  -0.11820  -0.11820  -0.11493  -0.11493  -0.10996  -0.10399  -0.10399  -0.09846
       -0.08502  -0.08219  -0.08219  -0.08215  -0.08215  -0.08184  -0.08184  -0.07610  -0.07610
       -0.07367  -0.07367  -0.07332  -0.07332  -0.07015  -0.06562  -0.06543  -0.06543  -0.06129
       -0.06129  -0.05723  -0.04981  -0.04980  -0.04943  -0.04839  -0.04839  -0.04702  -0.04702
       -0.04668  -0.04668  -0.04608  -0.04608  -0.04605  -0.04605  -0.04292  -0.04067  -0.04067
       -0.04015  -0.03904  -0.03901  -0.03682  -0.03682  -0.03605  -0.03605  -0.03562  -0.03562
       -0.03534  -0.03407  -0.03407  -0.03400  -0.03400  -0.03353  -0.03353  -0.03300  -0.03300
       -0.03110  -0.03110  -0.03107  -0.03066  -0.03066  -0.02956  -0.02911  -0.02911  -0.02753
       -0.02663  -0.02663  -0.02661  -0.02608  -0.02607  -0.02533  -0.02533  -0.02351  -0.02351
       -0.02340  -0.02340  -0.02322  -0.02322  -0.02256  -0.02256  -0.02256  -0.02256  -0.02240
       -0.02240  -0.02210  -0.02174  -0.02174  -0.02086  -0.02086  -0.02046  -0.02023  -0.02023
       -0.01924  -0.01924  -0.01887  -0.01863  -0.01863  -0.01824  -0.01772  -0.01772  -0.01753
       -0.01753  -0.01749  -0.01749  -0.01737  -0.01737  -0.01717  -0.01717  -0.01704  -0.01704
       -0.01689  -0.01689  -0.01688  -0.01688  -0.01687  -0.01597  -0.01597  -0.01592  -0.01583
       -0.01583  -0.01580  -0.01580  -0.01554  -0.01553  -0.01454  -0.01454  -0.01446  -0.01446
       -0.01412  -0.01412  -0.01401  -0.01354  -0.01334  -0.01304  -0.01304  -0.01303  -0.01303
       -0.01297  -0.01297  -0.01285  -0.01285  -0.01285  -0.01285  -0.01266  -0.01266  -0.01252
       -0.01252  -0.01248  -0.01248  -0.01241  -0.01241  -0.01235  -0.01235  -0.01234  -0.01196
       -0.01196  -0.01183  -0.01183  -0.01181  -0.01130  -0.01130  -0.01107  -0.01107  -0.01087
       -0.01086  -0.01083  -0.01080  -0.01080  -0.01073  -0.01073  -0.01066  -0.01066  -0.01051
       -0.01016  -0.01016  -0.01014  -0.01014  -0.00998  -0.00998  -0.00981  -0.00981  -0.00980
       -0.00980  -0.00980  -0.00980  -0.00969  -0.00969  -0.00955  -0.00950  -0.00950  -0.00950
       -0.00949  -0.00936  -0.00936  -0.00930  -0.00930  -0.00926  -0.00886  -0.00885  -0.00882
       -0.00882  -0.00874  -0.00873  -0.00873  -0.00869  -0.00869  -0.00849  -0.00849  -0.00813
       -0.00800  -0.00800  -0.00794  -0.00794  -0.00790  -0.00786  -0.00786  -0.00785  -0.00785
       -0.00784  -0.00783  -0.00778  -0.00778  -0.00771  -0.00768  -0.00768  -0.00763  -0.00763
       -0.00760  -0.00759  -0.00759  -0.00759  -0.00756  -0.00756  -0.00756  -0.00756  -0.00750
       -0.00750  -0.00748  -0.00747  -0.00732  -0.00732  -0.00730  -0.00717  -0.00713  -0.00712
       -0.00707  -0.00707  -0.00688  -0.00688  -0.00684  -0.00684  -0.00683  -0.00683  -0.00683
       -0.00683  -0.00674  -0.00674  -0.00662  -0.00662  -0.00653  -0.00640  -0.00640  -0.00635
       -0.00635  -0.00633  -0.00629  -0.00629  -0.00615  -0.00615  -0.00612  -0.00611  -0.00607
       -0.00607  -0.00607  -0.00604  -0.00604  -0.00604  -0.00604  -0.00600  -0.00600  -0.00598
       -0.00598  -0.00594  -0.00594  -0.00593  -0.00593  -0.00589  -0.00589  -0.00588  -0.00588
       -0.00584  -0.00575  -0.00575  -0.00571  -0.00570  -0.00569  -0.00569  -0.00565  -0.00565
       -0.00564  -0.00556  -0.00556  -0.00555  -0.00540  -0.00539  -0.00538  -0.00538  -0.00538
       -0.00538  -0.00535  -0.00535  -0.00525  -0.00525  -0.00516  -0.00515  -0.00515  -0.00509
       -0.00509  -0.00508  -0.00508  -0.00503  -0.00502  -0.00501  -0.00499  -0.00499  -0.00489
       -0.00488  -0.00485  -0.00485  -0.00483  -0.00483  -0.00483  -0.00482  -0.00482  -0.00482
       -0.00481  -0.00481  -0.00480  -0.00479  -0.00478  -0.00477  -0.00477  -0.00472  -0.00471
       -0.00467  -0.00466  -0.00465  -0.00465  -0.00465  -0.00464  -0.00460  -0.00454  -0.00454
       -0.00450  -0.00450  -0.00449  -0.00449  -0.00448  -0.00447  -0.00442  -0.00442  -0.00441
       -0.00436  -0.00436  -0.00432  -0.00431  -0.00428  -0.00428  -0.00424  -0.00421  -0.00421
       -0.00418  -0.00417  -0.00416  -0.00416  -0.00414  -0.00413
        
     --------------------------------------------------------------------------------------------
     Tot. elapsed time 12m-40.6s,  time spent in last iteration 02m-33.5s
     --------------------------------------------------------------------------------------------

     [I/O] -------------------------------------------------------
     [I/O] RESTART written in < 00.1s             
     [I/O] In location   : ./cs_420.wstat.restart
     [I/O] -------------------------------------------------------

                       *----------*              *----------*               *----------*
     #     Iteration = |        3 |   DFPT_dim = |       27 |   Diago_dim = |     1220 |
                       *----------*              *----------*               *----------*
     per-process dynamical memory   165.0 Mb
  
       
     --------------------------------------------------------------------------------------------
     Sternheimer eq. solver... with threshold =   1.000000E-12           
     --------------------------------------------------------------------------------------------
     in progress... |##########          | 050% :               03.3s (E)               06.7s (X)
     in progress... |####################| 100% :               06.6s (E)               06.6s (X)
     --------------------------------------------------------------------------------------------
     p-DIAGOX done in 00.7s with a SCALAPACK grid (12x12)
     --------------------------------------------------------------------------------------------
        
       -4.67995  -1.79016  -1.79015  -1.28712  -1.28711  -1.21778  -0.90331  -0.68958  -0.68957
       -0.61279  -0.52465  -0.52465  -0.45166  -0.41096  -0.41096  -0.38138  -0.34193  -0.32303
       -0.32303  -0.32160  -0.32157  -0.25624  -0.25514  -0.25514  -0.23377  -0.23375  -0.21361
       -0.21360  -0.20032  -0.18419  -0.18419  -0.18372  -0.14291  -0.14283  -0.13237  -0.12916
       -0.12916  -0.11820  -0.11820  -0.11493  -0.11493  -0.10996  -0.10399  -0.10399  -0.09846
       -0.08502  -0.08219  -0.08219  -0.08215  -0.08215  -0.08184  -0.08184  -0.07610  -0.07610
       -0.07367  -0.07367  -0.07332  -0.07332  -0.07015  -0.06562  -0.06543  -0.06543  -0.06129
       -0.06129  -0.05723  -0.04981  -0.04980  -0.04943  -0.04839  -0.04839  -0.04702  -0.04702
       -0.04668  -0.04668  -0.04608  -0.04608  -0.04605  -0.04605  -0.04292  -0.04067  -0.04067
       -0.04015  -0.03904  -0.03901  -0.03682  -0.03682  -0.03605  -0.03605  -0.03562  -0.03562
       -0.03534  -0.03407  -0.03407  -0.03400  -0.03400  -0.03353  -0.03353  -0.03300  -0.03300
       -0.03110  -0.03110  -0.03107  -0.03066  -0.03066  -0.02956  -0.02911  -0.02911  -0.02753
       -0.02663  -0.02663  -0.02661  -0.02608  -0.02607  -0.02533  -0.02533  -0.02351  -0.02351
       -0.02340  -0.02340  -0.02322  -0.02322  -0.02256  -0.02256  -0.02256  -0.02256  -0.02240
       -0.02240  -0.02210  -0.02174  -0.02174  -0.02086  -0.02086  -0.02046  -0.02023  -0.02023
       -0.01924  -0.01924  -0.01887  -0.01863  -0.01863  -0.01824  -0.01772  -0.01772  -0.01753
       -0.01753  -0.01749  -0.01749  -0.01737  -0.01737  -0.01717  -0.01717  -0.01704  -0.01704
       -0.01689  -0.01689  -0.01688  -0.01688  -0.01687  -0.01597  -0.01597  -0.01592  -0.01583
       -0.01583  -0.01580  -0.01580  -0.01554  -0.01553  -0.01454  -0.01454  -0.01446  -0.01446
       -0.01412  -0.01412  -0.01401  -0.01354  -0.01334  -0.01304  -0.01304  -0.01303  -0.01303
       -0.01297  -0.01297  -0.01285  -0.01285  -0.01285  -0.01285  -0.01266  -0.01266  -0.01252
       -0.01252  -0.01248  -0.01248  -0.01241  -0.01241  -0.01235  -0.01235  -0.01234  -0.01196
       -0.01196  -0.01183  -0.01183  -0.01181  -0.01130  -0.01130  -0.01107  -0.01107  -0.01087
       -0.01086  -0.01083  -0.01080  -0.01080  -0.01073  -0.01073  -0.01066  -0.01066  -0.01051
       -0.01016  -0.01016  -0.01014  -0.01014  -0.00998  -0.00998  -0.00981  -0.00981  -0.00980
       -0.00980  -0.00980  -0.00980  -0.00969  -0.00969  -0.00955  -0.00950  -0.00950  -0.00950
       -0.00949  -0.00936  -0.00936  -0.00930  -0.00930  -0.00926  -0.00886  -0.00885  -0.00882
       -0.00882  -0.00874  -0.00874  -0.00873  -0.00869  -0.00869  -0.00849  -0.00849  -0.00813
       -0.00800  -0.00800  -0.00794  -0.00794  -0.00790  -0.00786  -0.00786  -0.00785  -0.00785
       -0.00784  -0.00784  -0.00778  -0.00778  -0.00771  -0.00768  -0.00768  -0.00763  -0.00763
       -0.00760  -0.00760  -0.00759  -0.00759  -0.00757  -0.00756  -0.00756  -0.00756  -0.00750
       -0.00750  -0.00748  -0.00747  -0.00732  -0.00732  -0.00730  -0.00717  -0.00713  -0.00713
       -0.00707  -0.00707  -0.00688  -0.00688  -0.00684  -0.00684  -0.00683  -0.00683  -0.00683
       -0.00683  -0.00674  -0.00674  -0.00662  -0.00662  -0.00653  -0.00640  -0.00640  -0.00635
       -0.00635  -0.00633  -0.00629  -0.00629  -0.00615  -0.00615  -0.00612  -0.00612  -0.00607
       -0.00607  -0.00607  -0.00604  -0.00604  -0.00604  -0.00604  -0.00600  -0.00600  -0.00598
       -0.00598  -0.00594  -0.00594  -0.00594  -0.00594  -0.00590  -0.00589  -0.00588  -0.00588
       -0.00584  -0.00575  -0.00575  -0.00571  -0.00571  -0.00570  -0.00569  -0.00565  -0.00565
       -0.00564  -0.00556  -0.00556  -0.00556  -0.00540  -0.00539  -0.00538  -0.00538  -0.00538
       -0.00538  -0.00536  -0.00536  -0.00526  -0.00525  -0.00516  -0.00516  -0.00515  -0.00509
       -0.00509  -0.00509  -0.00509  -0.00503  -0.00502  -0.00502  -0.00500  -0.00499  -0.00489
       -0.00489  -0.00485  -0.00485  -0.00483  -0.00483  -0.00483  -0.00483  -0.00483  -0.00482
       -0.00482  -0.00481  -0.00481  -0.00479  -0.00479  -0.00478  -0.00478  -0.00472  -0.00472
       -0.00468  -0.00468  -0.00467  -0.00467  -0.00466  -0.00466  -0.00463  -0.00456  -0.00454
       -0.00452  -0.00452  -0.00452  -0.00451  -0.00451  -0.00450  -0.00445  -0.00445  -0.00445
       -0.00439  -0.00439  -0.00434  -0.00434  -0.00431  -0.00431  -0.00427  -0.00423  -0.00423
       -0.00421  -0.00421  -0.00419  -0.00419  -0.00417  -0.00417
        
     --------------------------------------------------------------------------------------------
     Tot. elapsed time 16m-36.8s,  time spent in last iteration 17.8s
     --------------------------------------------------------------------------------------------
      
     --------------------------------------------------------------------------------------------
     Database written in 37.9s               
     In location : ./cs_420.wstat.save
     --------------------------------------------------------------------------------------------
       
     --------------------------------------------------------------------------------------------
     Convergence achieved !!! in        3 steps                          
     --------------------------------------------------------------------------------------------
 
     WSTAT        : 10m45.64s CPU    18m 5.74s WALL

     wstat_readin :      5.93s CPU     40.42s WALL (       1 calls)
     fetch_nml    :      0.00s CPU      0.00s WALL (       1 calls)
     read_xml     :      1.29s CPU      1.50s WALL (       1 calls)
     init_vloc    :      0.11s CPU      0.11s WALL (       2 calls)
     fft          :      0.25s CPU      0.29s WALL (      11 calls)
     fft_scatter  :     87.28s CPU     87.53s WALL (   27365 calls)
     v_of_rho     :      0.30s CPU      0.31s WALL (       1 calls)
     v_xc         :      0.26s CPU      0.28s WALL (       1 calls)
     v_h          :      0.03s CPU      0.04s WALL (       1 calls)
     read_wave    :      4.62s CPU     38.73s WALL (       1 calls)
     davcio       :      0.00s CPU      1.64s WALL (       2 calls)
     init_us_1    :      0.05s CPU      0.05s WALL (       2 calls)
     do_setup     :      0.20s CPU      0.21s WALL (       1 calls)
     init_pw_ar   :      0.20s CPU      0.21s WALL (       1 calls)
     init_at_1    :      0.00s CPU      0.00s WALL (       1 calls)
     storesqvc    :      0.00s CPU      0.00s WALL (       1 calls)
     chidiago     :    639.48s CPU   1045.05s WALL (       1 calls)
     randomize    :      0.97s CPU      0.98s WALL (       1 calls)
     paramgs      :     12.86s CPU     12.97s WALL (       5 calls)
     dfpt         :    432.22s CPU    434.42s WALL (       5 calls)
     init_us_2    :      0.01s CPU      0.02s WALL (       5 calls)
     fftw         :    251.28s CPU    252.41s WALL (   27354 calls)
     alphapc      :      0.28s CPU      0.26s WALL (     164 calls)
     wstat_restar :    153.06s CPU    523.87s WALL (       4 calls)
     linstern     :    345.14s CPU    346.72s WALL (     122 calls)
     stern        :    333.71s CPU    335.19s WALL (    4656 calls)
     h_psi_bgrp   :    327.95s CPU    329.42s WALL (    4656 calls)
     h_psi        :    327.93s CPU    329.40s WALL (    4656 calls)
     h_psi:pot    :    326.43s CPU    327.89s WALL (    4656 calls)
     vloc_psi     :    309.26s CPU    310.61s WALL (    4656 calls)
     h_psi:calbec :     11.41s CPU     10.12s WALL (    4656 calls)
     calbec       :     11.39s CPU     10.10s WALL (    4656 calls)
     add_vuspsi   :      5.71s CPU      7.12s WALL (    4656 calls)
     alphapv      :      4.02s CPU      3.91s WALL (    4656 calls)
     build_hr     :      7.63s CPU      7.84s WALL (       4 calls)
     diagox       :      2.25s CPU      2.31s WALL (       4 calls)
     redistr_vr   :      0.31s CPU      0.32s WALL (       3 calls)
     update_vr    :     13.16s CPU     13.49s WALL (       3 calls)
     symm_hr      :      0.32s CPU      0.33s WALL (       3 calls)
     chidiago:las :      0.00s CPU      0.00s WALL (       1 calls)
     refresh_vr   :      4.88s CPU      4.97s WALL (       1 calls)
     pdep_db      :     11.30s CPU     37.97s WALL (       1 calls)
 
     WSTAT        : 10m45.64s CPU    18m 5.74s WALL

 
   This run was terminated on:  11:34:23  13May2018            

=------------------------------------------------------------------------------=
   JOB DONE.
=------------------------------------------------------------------------------=
