
     Program WSTAT v. 2.0.0 starts on 13May2018 at 11:34:29 

     This program is part of the open-source West suite
     for massively parallel calculations of excited states in materials; please cite
         "M. Govoni et al., J. Chem. Theory Comput. 11, 2680 (2015);
          URL http://www.west-code.org", 
     in publications or presentations arising from this work.

     Based on the Quantum ESPRESSO v. 6.1 svn rev. 13369
       
     --------------------------------------------------------------------------------------------
     **MPI** Parallelization Status                                      
     --------------------------------------------------------------------------------------------
                   160                  10             1             1            16
     --------------------------------------------------------------------------------------------
                     N         =         I      X      P      X      B      X      Z
                     ^                   ^             ^             ^             ^
                     |                   |             |             |             |
                   #rnk                  |             |             |             |
                                      #image           |             |             |
                                                     #pool           |             |
                                                                   #bgrp           |
                                                                                 #R&G
     --------------------------------------------------------------------------------------------
     **OPENMP** Parallelization Status
     #thr/rnk               =            1
     --------------------------------------------------------------------------------------------
     #prc = (rnk) * (thr) =          160
     --------------------------------------------------------------------------------------------
       
     --------------------------------------------------------------------------------------------
     I/O Summary : input_west                                            
     --------------------------------------------------------------------------------------------
     qe_prefix      = cs
     west_prefix    = cs
     outdir         = ./
     --------------------------------------------------------------------------------------------
       
     --------------------------------------------------------------------------------------------
     I/O Summary : wstat_control                                         
     --------------------------------------------------------------------------------------------
     wstat_calculation              =              S
     n_pdep_eigen                   =            500
     n_kin_pdep_eigen               =              0
     n_lindhard_eigen               =              0
     n_pdep_times                   =              4
     n_pdep_maxiter                 =            100
     n_dfpt_maxiter                 =            250
     n_pdep_read_from_file          =              0
     trev_pdep                      =   1.000000E-03
     trev_pdep_rel                  =   1.000000E-01
     tr2_dfpt                       =   1.000000E-12
     l_kinetic_only                 =              F
     l_minimize_exx_if_active       =              F
     l_use_ecutrho                  =              F
     l_pure_eigen                   =              F
     --------------------------------------------------------------------------------------------

     Reading data from directory:
     ./cs.save

   Info: using nr1, nr2, nr3 values from input

   Info: using nr1, nr2, nr3 values from input

     IMPORTANT: XC functional enforced from input :
     Exchange-correlation      = PBE ( 1  4  3  4 0 0)
     Any further DFT definition will be discarded
     Please, verify this is what you really want

     Message from routine readpp:
     file ./cs.save/C_ONCV_PBE-1.0.upf not found
     Message from routine readpp:
     file ./cs.save/S_ONCV_PBE-1.0.upf not found
 
     Parallelization info
     --------------------
     sticks:   dense  smooth     PW     G-vecs:    dense   smooth      PW
     Min        1520    1520    379               178660   178660   22323
     Max        1522    1522    384               178666   178666   22328
     Sum       24345   24345   6093              2858633  2858633  357213
 
       
     --------------------------------------------------------------------------------------------
     System Overview                                                     
     --------------------------------------------------------------------------------------------
     gamma_only           =              T
     ecutwfc [Ry]         =      85.000000
     omega [au^3]         =   2.700000E+04
     glob. #G             =         178607
     nbnd                 =            100
     nkstot               =              1
     nspin                =              1
     nelec                =      10.000000
     npol                 =              1
     lsda                 =              F
     noncolin             =              F
     lspinorb             =              F
     domag                =              F
     --------------------------------------------------------------------------------------------

     sFFT G-space:  1429317 G-vectors     R-space: ( 180, 180, 180)
     dFFT G-space:  1429317 G-vectors     R-space: ( 180, 180, 180)

     Cell [a.u.]          =      30.000000      0.000000      0.000000
                          =       0.000000     30.000000      0.000000
                          =       0.000000      0.000000     30.000000
      
     number of ks points=     1
                       cart. coord. in units 2pi/alat
        k(    1) = (   0.0000000   0.0000000   0.0000000), wk =   2.0000000

                       cryst. coord.
        k(    1) = (   0.0000000   0.0000000   0.0000000), wk =   2.0000000
 
     Spherical div        =   1.654268E-01
     Orthorombic div      =   1.628502E-01
       
     --------------------------------------------------------------------------------------------
     Parallelization for nvecx                                           
     --------------------------------------------------------------------------------------------
     nglob                =           2000
     nlevel               =             10
     Min nglob/nlevel     =            200
     Max nglob/nlevel     =            200
     --------------------------------------------------------------------------------------------

     [MEM] ----------------------------------------------------------
     [MEM] **Memory** analysis: QE
     [MEM] ----------------------------------------------------------
     [MEM] Allocated arrays           est. size (Mb)     dimensions
     [MEM] ----------------------------------------------------------
     [MEM] Kohn-Sham Wavefunctions      17.03 Mb     (  11164,  100)
     [MEM] NL pseudopotentials           2.73 Mb     (  11164,   16)
     [MEM] Each V/rho on FFT grid        5.93 Mb     ( 388800)
     [MEM] Each G-vector array           0.68 Mb     (  89333)
     [MEM] G-vector shells               0.05 Mb     (   6125)
     [MEM] ----------------------------------------------------------
     [MEM] TOT                          26.42 Mb
     [MEM] ----------------------------------------------------------
     [MEM] 
     [MEM] ----------------------------------------------------------
     [MEM] **Memory** analysis: WSTAT global
     [MEM] ----------------------------------------------------------
     [MEM] Allocated arrays           est. size (Mb)     dimensions
     [MEM] ----------------------------------------------------------
     [MEM] dvg                          34.07 Mb     (  11164,  200)
     [MEM] dng                          34.07 Mb     (  11164,  200)
     [MEM] hr_distr                      3.05 Mb     (   2000,  200)
     [MEM] vr_distr                      3.05 Mb     (   2000,  200)
     [MEM] ----------------------------------------------------------
     [MEM] TOT                          74.24 Mb
     [MEM] ----------------------------------------------------------
     [MEM] 
     [MEM] ----------------------------------------------------------
     [MEM] **Memory** analysis: WSTAT temporary
     [MEM] ----------------------------------------------------------
     [MEM] Allocated arrays           est. size (Mb)     dimensions
     [MEM] ----------------------------------------------------------
     [MEM] dvpsi                         0.85 Mb     (  11164,    5)
     [MEM] dpsi                          0.85 Mb     (  11164,    5)
     [MEM] ----------------------------------------------------------
     [MEM] Total estimate                1.70 Mb
     [MEM] ----------------------------------------------------------

                       *----------*              *----------*               *----------*
     #     Iteration = | starting |   DFPT_dim = |      500 |   Diago_dim = |      500 |  x 1/2
                       *----------*              *----------*               *----------*
     per-process dynamical memory   184.5 Mb
  
       
     --------------------------------------------------------------------------------------------
     Sternheimer eq. solver... with lite-solver                          
     --------------------------------------------------------------------------------------------
     in progress... |#                   | 005% :               00.5s (E)               11.6s (X)
     in progress... |##                  | 010% :               00.9s (E)               09.6s (X)
     in progress... |###                 | 015% :               01.5s (E)               10.2s (X)
     in progress... |####                | 020% :               01.9s (E)               09.6s (X)
     in progress... |#####               | 025% :               02.5s (E)               10.0s (X)
     in progress... |######              | 030% :               02.8s (E)               09.6s (X)
     in progress... |#######             | 035% :               03.4s (E)               09.8s (X)
     in progress... |########            | 040% :               03.8s (E)               09.6s (X)
     in progress... |#########           | 045% :               04.4s (E)               09.8s (X)
     in progress... |##########          | 050% :               04.8s (E)               09.6s (X)
     in progress... |###########         | 055% :               05.3s (E)               09.7s (X)
     in progress... |############        | 060% :               05.7s (E)               09.6s (X)
     in progress... |#############       | 065% :               06.3s (E)               09.7s (X)
     in progress... |##############      | 070% :               06.7s (E)               09.6s (X)
     in progress... |###############     | 075% :               07.3s (E)               09.7s (X)
     in progress... |################    | 080% :               07.7s (E)               09.6s (X)
     in progress... |#################   | 085% :               08.2s (E)               09.7s (X)
     in progress... |##################  | 090% :               08.6s (E)               09.6s (X)
     in progress... |################### | 095% :               09.2s (E)               09.7s (X)
     in progress... |####################| 100% :               09.6s (E)               09.6s (X)
     --------------------------------------------------------------------------------------------

     [I/O] -------------------------------------------------------
     [I/O] RESTART written in < 00.1s             
     [I/O] In location   : ./cs_500.wstat.restart
     [I/O] -------------------------------------------------------

                       *----------*              *----------*               *----------*
     #     Iteration = | starting |   DFPT_dim = |      500 |   Diago_dim = |      500 |  x 2/2
                       *----------*              *----------*               *----------*
     per-process dynamical memory   186.8 Mb
  
       
     --------------------------------------------------------------------------------------------
     Sternheimer eq. solver... with threshold =   1.000000E-06           
     --------------------------------------------------------------------------------------------
     in progress... |#                   | 005% :               07.3s (E)           02m-27.7s (X)
     in progress... |##                  | 010% :               12.2s (E)           02m-02.2s (X)
     in progress... |###                 | 015% :               19.4s (E)           02m-09.5s (X)
     in progress... |####                | 020% :               24.1s (E)           02m-00.7s (X)
     in progress... |#####               | 025% :               31.2s (E)           02m-04.9s (X)
     in progress... |######              | 030% :               35.9s (E)           01m-59.7s (X)
     in progress... |#######             | 035% :               42.8s (E)           02m-02.4s (X)
     in progress... |########            | 040% :               47.4s (E)           01m-58.6s (X)
     in progress... |#########           | 045% :               54.3s (E)           02m-00.6s (X)
     in progress... |##########          | 050% :               58.9s (E)           01m-57.8s (X)
     in progress... |###########         | 055% :           01m-05.7s (E)           01m-59.5s (X)
     in progress... |############        | 060% :           01m-10.3s (E)           01m-57.2s (X)
     in progress... |#############       | 065% :           01m-17.1s (E)           01m-58.6s (X)
     in progress... |##############      | 070% :           01m-21.6s (E)           01m-56.5s (X)
     in progress... |###############     | 075% :           01m-28.3s (E)           01m-57.7s (X)
     in progress... |################    | 080% :           01m-32.8s (E)           01m-56.0s (X)
     in progress... |#################   | 085% :           01m-39.5s (E)           01m-57.1s (X)
     in progress... |##################  | 090% :           01m-44.0s (E)           01m-55.5s (X)
     in progress... |################### | 095% :           01m-50.6s (E)           01m-56.4s (X)
     in progress... |####################| 100% :           01m-55.0s (E)           01m-55.0s (X)
     --------------------------------------------------------------------------------------------
     p-DIAGOX done in 00.5s with a SCALAPACK grid (12x12)
     --------------------------------------------------------------------------------------------
        
       -4.66146  -1.78970  -1.78967  -1.28679  -1.28676  -1.19420  -0.85089  -0.68873  -0.68852
       -0.61214  -0.52428  -0.52416  -0.43925  -0.41063  -0.41061  -0.38019  -0.33674  -0.32298
       -0.32296  -0.32150  -0.32146  -0.25500  -0.25498  -0.25326  -0.23353  -0.23351  -0.21343
       -0.21340  -0.19721  -0.18398  -0.18395  -0.18080  -0.14260  -0.14254  -0.12865  -0.12857
       -0.12107  -0.11804  -0.11801  -0.11485  -0.11484  -0.10940  -0.10368  -0.10364  -0.09101
       -0.08377  -0.08181  -0.08177  -0.08174  -0.08166  -0.08091  -0.08082  -0.07598  -0.07594
       -0.07344  -0.07340  -0.07282  -0.07273  -0.06948  -0.06468  -0.06458  -0.06100  -0.06094
       -0.05863  -0.05312  -0.04948  -0.04947  -0.04840  -0.04792  -0.04765  -0.04681  -0.04675
       -0.04631  -0.04628  -0.04589  -0.04588  -0.04565  -0.04557  -0.04223  -0.04020  -0.04002
       -0.03863  -0.03851  -0.03748  -0.03660  -0.03657  -0.03527  -0.03516  -0.03462  -0.03405
       -0.03381  -0.03369  -0.03361  -0.03325  -0.03297  -0.03286  -0.03278  -0.03262  -0.03259
       -0.03057  -0.03051  -0.03003  -0.02985  -0.02940  -0.02879  -0.02867  -0.02860  -0.02591
       -0.02586  -0.02572  -0.02539  -0.02517  -0.02478  -0.02470  -0.02440  -0.02288  -0.02282
       -0.02273  -0.02267  -0.02254  -0.02245  -0.02216  -0.02210  -0.02153  -0.02151  -0.02140
       -0.02136  -0.02106  -0.02098  -0.02075  -0.02015  -0.01999  -0.01928  -0.01902  -0.01889
       -0.01872  -0.01870  -0.01805  -0.01796  -0.01778  -0.01706  -0.01700  -0.01696  -0.01680
       -0.01671  -0.01661  -0.01650  -0.01646  -0.01643  -0.01633  -0.01630  -0.01603  -0.01602
       -0.01597  -0.01587  -0.01567  -0.01548  -0.01510  -0.01502  -0.01495  -0.01485  -0.01480
       -0.01451  -0.01435  -0.01432  -0.01420  -0.01401  -0.01353  -0.01334  -0.01329  -0.01315
       -0.01305  -0.01285  -0.01234  -0.01223  -0.01218  -0.01204  -0.01199  -0.01191  -0.01189
       -0.01184  -0.01179  -0.01175  -0.01171  -0.01161  -0.01146  -0.01143  -0.01137  -0.01127
       -0.01123  -0.01120  -0.01118  -0.01111  -0.01091  -0.01080  -0.01075  -0.01073  -0.01050
       -0.01036  -0.01019  -0.01015  -0.01014  -0.01010  -0.01001  -0.00980  -0.00973  -0.00968
       -0.00957  -0.00952  -0.00948  -0.00943  -0.00927  -0.00922  -0.00917  -0.00907  -0.00899
       -0.00891  -0.00882  -0.00880  -0.00873  -0.00870  -0.00867  -0.00860  -0.00852  -0.00842
       -0.00835  -0.00832  -0.00822  -0.00821  -0.00813  -0.00810  -0.00794  -0.00787  -0.00778
       -0.00775  -0.00768  -0.00764  -0.00753  -0.00749  -0.00743  -0.00736  -0.00734  -0.00729
       -0.00716  -0.00710  -0.00701  -0.00699  -0.00698  -0.00686  -0.00682  -0.00679  -0.00669
       -0.00668  -0.00660  -0.00657  -0.00652  -0.00649  -0.00644  -0.00642  -0.00639  -0.00635
       -0.00631  -0.00627  -0.00622  -0.00619  -0.00618  -0.00613  -0.00607  -0.00604  -0.00603
       -0.00594  -0.00589  -0.00584  -0.00581  -0.00579  -0.00574  -0.00571  -0.00568  -0.00563
       -0.00558  -0.00556  -0.00553  -0.00552  -0.00543  -0.00542  -0.00535  -0.00533  -0.00530
       -0.00526  -0.00522  -0.00518  -0.00513  -0.00510  -0.00507  -0.00506  -0.00499  -0.00493
       -0.00490  -0.00487  -0.00483  -0.00478  -0.00474  -0.00471  -0.00468  -0.00468  -0.00464
       -0.00461  -0.00459  -0.00457  -0.00453  -0.00450  -0.00448  -0.00445  -0.00440  -0.00436
       -0.00432  -0.00428  -0.00426  -0.00423  -0.00422  -0.00418  -0.00416  -0.00413  -0.00409
       -0.00409  -0.00407  -0.00405  -0.00402  -0.00398  -0.00397  -0.00394  -0.00391  -0.00388
       -0.00386  -0.00384  -0.00380  -0.00378  -0.00375  -0.00374  -0.00371  -0.00368  -0.00364
       -0.00360  -0.00358  -0.00355  -0.00353  -0.00352  -0.00349  -0.00348  -0.00342  -0.00341
       -0.00340  -0.00336  -0.00333  -0.00332  -0.00331  -0.00326  -0.00324  -0.00323  -0.00320
       -0.00319  -0.00318  -0.00316  -0.00313  -0.00310  -0.00307  -0.00305  -0.00304  -0.00301
       -0.00300  -0.00300  -0.00296  -0.00293  -0.00290  -0.00288  -0.00287  -0.00283  -0.00282
       -0.00280  -0.00279  -0.00277  -0.00275  -0.00274  -0.00270  -0.00268  -0.00267  -0.00265
       -0.00261  -0.00259  -0.00258  -0.00257  -0.00254  -0.00252  -0.00251  -0.00249  -0.00247
       -0.00246  -0.00244  -0.00240  -0.00239  -0.00237  -0.00237  -0.00236  -0.00234  -0.00233
       -0.00230  -0.00229  -0.00229  -0.00225  -0.00223  -0.00221  -0.00220  -0.00217  -0.00217
       -0.00214  -0.00214  -0.00211  -0.00211  -0.00208  -0.00206  -0.00205  -0.00202  -0.00202
       -0.00201  -0.00200  -0.00197  -0.00194  -0.00193  -0.00190  -0.00190  -0.00189  -0.00186
       -0.00185  -0.00184  -0.00180  -0.00179  -0.00176  -0.00176  -0.00175  -0.00174  -0.00173
       -0.00172  -0.00170  -0.00167  -0.00165  -0.00164  -0.00162  -0.00161  -0.00160  -0.00159
       -0.00158  -0.00156  -0.00155  -0.00153  -0.00152  -0.00151  -0.00149  -0.00147  -0.00146
       -0.00144  -0.00144  -0.00141  -0.00140  -0.00139  -0.00137  -0.00136  -0.00135  -0.00134
       -0.00133  -0.00131  -0.00130  -0.00128  -0.00127  -0.00124  -0.00124  -0.00122  -0.00120
       -0.00120  -0.00119  -0.00118  -0.00116  -0.00114  -0.00113  -0.00112  -0.00111  -0.00109
       -0.00108  -0.00108  -0.00106  -0.00105  -0.00103  -0.00102  -0.00099  -0.00098  -0.00098
       -0.00095  -0.00093  -0.00092  -0.00088  -0.00079
        
     --------------------------------------------------------------------------------------------
     Tot. elapsed time 03m-59.3s,  time spent in last iteration 03m-59.3s
     --------------------------------------------------------------------------------------------

     [I/O] -------------------------------------------------------
     [I/O] RESTART written in < 00.1s             
     [I/O] In location   : ./cs_500.wstat.restart
     [I/O] -------------------------------------------------------

                       *----------*              *----------*               *----------*
     #     Iteration = |        1 |   DFPT_dim = |      500 |   Diago_dim = |     1000 |
                       *----------*              *----------*               *----------*
     per-process dynamical memory   186.8 Mb
  
       
     --------------------------------------------------------------------------------------------
     Sternheimer eq. solver... with threshold =   1.000000E-12           
     --------------------------------------------------------------------------------------------
     in progress... |#                   | 005% :               10.6s (E)           03m-33.1s (X)
     in progress... |##                  | 010% :               17.5s (E)           02m-55.4s (X)
     in progress... |###                 | 015% :               27.9s (E)           03m-06.1s (X)
     in progress... |####                | 020% :               34.8s (E)           02m-54.0s (X)
     in progress... |#####               | 025% :               45.0s (E)           03m-00.0s (X)
     in progress... |######              | 030% :               51.8s (E)           02m-52.7s (X)
     in progress... |#######             | 035% :           01m-02.0s (E)           02m-57.3s (X)
     in progress... |########            | 040% :           01m-08.9s (E)           02m-52.2s (X)
     in progress... |#########           | 045% :           01m-19.0s (E)           02m-55.6s (X)
     in progress... |##########          | 050% :           01m-25.7s (E)           02m-51.4s (X)
     in progress... |###########         | 055% :           01m-35.8s (E)           02m-54.3s (X)
     in progress... |############        | 060% :           01m-42.6s (E)           02m-51.0s (X)
     in progress... |#############       | 065% :           01m-52.7s (E)           02m-53.4s (X)
     in progress... |##############      | 070% :           01m-59.4s (E)           02m-50.6s (X)
     in progress... |###############     | 075% :           02m-09.5s (E)           02m-52.7s (X)
     in progress... |################    | 080% :           02m-16.3s (E)           02m-50.3s (X)
     in progress... |#################   | 085% :           02m-26.3s (E)           02m-52.1s (X)
     in progress... |##################  | 090% :           02m-33.0s (E)           02m-50.0s (X)
     in progress... |################### | 095% :           02m-43.0s (E)           02m-51.5s (X)
     in progress... |####################| 100% :           02m-49.7s (E)           02m-49.7s (X)
     --------------------------------------------------------------------------------------------
     p-DIAGOX done in 00.6s with a SCALAPACK grid (12x12)
     --------------------------------------------------------------------------------------------
        
       -4.67995  -1.79016  -1.79015  -1.28712  -1.28711  -1.21778  -0.90331  -0.68958  -0.68957
       -0.61279  -0.52465  -0.52465  -0.45166  -0.41096  -0.41096  -0.38138  -0.34193  -0.32303
       -0.32303  -0.32160  -0.32157  -0.25624  -0.25514  -0.25514  -0.23377  -0.23375  -0.21361
       -0.21360  -0.20032  -0.18419  -0.18419  -0.18372  -0.14291  -0.14283  -0.13237  -0.12916
       -0.12916  -0.11820  -0.11820  -0.11493  -0.11493  -0.10996  -0.10399  -0.10399  -0.09846
       -0.08502  -0.08219  -0.08219  -0.08215  -0.08215  -0.08184  -0.08184  -0.07610  -0.07610
       -0.07367  -0.07367  -0.07332  -0.07332  -0.07015  -0.06562  -0.06543  -0.06543  -0.06129
       -0.06129  -0.05723  -0.04981  -0.04980  -0.04943  -0.04839  -0.04839  -0.04702  -0.04702
       -0.04668  -0.04667  -0.04608  -0.04608  -0.04605  -0.04605  -0.04292  -0.04067  -0.04067
       -0.04014  -0.03904  -0.03901  -0.03682  -0.03682  -0.03605  -0.03605  -0.03562  -0.03562
       -0.03534  -0.03407  -0.03407  -0.03400  -0.03399  -0.03353  -0.03353  -0.03300  -0.03300
       -0.03110  -0.03110  -0.03107  -0.03066  -0.03066  -0.02956  -0.02911  -0.02911  -0.02753
       -0.02663  -0.02663  -0.02661  -0.02607  -0.02607  -0.02533  -0.02533  -0.02351  -0.02351
       -0.02339  -0.02339  -0.02322  -0.02322  -0.02256  -0.02256  -0.02256  -0.02256  -0.02240
       -0.02240  -0.02210  -0.02174  -0.02174  -0.02086  -0.02086  -0.02045  -0.02022  -0.02022
       -0.01924  -0.01923  -0.01887  -0.01863  -0.01863  -0.01824  -0.01772  -0.01771  -0.01753
       -0.01753  -0.01749  -0.01749  -0.01737  -0.01737  -0.01717  -0.01717  -0.01704  -0.01704
       -0.01689  -0.01689  -0.01687  -0.01687  -0.01686  -0.01597  -0.01596  -0.01591  -0.01583
       -0.01583  -0.01580  -0.01580  -0.01553  -0.01553  -0.01454  -0.01453  -0.01445  -0.01445
       -0.01412  -0.01412  -0.01399  -0.01353  -0.01333  -0.01303  -0.01302  -0.01302  -0.01302
       -0.01296  -0.01296  -0.01284  -0.01284  -0.01284  -0.01283  -0.01265  -0.01264  -0.01252
       -0.01251  -0.01247  -0.01247  -0.01240  -0.01240  -0.01234  -0.01234  -0.01233  -0.01194
       -0.01194  -0.01181  -0.01181  -0.01179  -0.01128  -0.01128  -0.01106  -0.01106  -0.01085
       -0.01085  -0.01081  -0.01079  -0.01078  -0.01072  -0.01072  -0.01064  -0.01064  -0.01049
       -0.01014  -0.01014  -0.01013  -0.01013  -0.00997  -0.00997  -0.00980  -0.00979  -0.00978
       -0.00978  -0.00977  -0.00977  -0.00966  -0.00966  -0.00951  -0.00947  -0.00947  -0.00946
       -0.00945  -0.00933  -0.00933  -0.00928  -0.00928  -0.00922  -0.00882  -0.00882  -0.00879
       -0.00878  -0.00871  -0.00871  -0.00869  -0.00866  -0.00865  -0.00847  -0.00847  -0.00809
       -0.00796  -0.00795  -0.00791  -0.00790  -0.00784  -0.00783  -0.00782  -0.00781  -0.00781
       -0.00779  -0.00778  -0.00774  -0.00773  -0.00766  -0.00765  -0.00764  -0.00758  -0.00757
       -0.00755  -0.00755  -0.00754  -0.00754  -0.00752  -0.00752  -0.00751  -0.00751  -0.00748
       -0.00747  -0.00742  -0.00741  -0.00727  -0.00726  -0.00723  -0.00708  -0.00705  -0.00705
       -0.00699  -0.00698  -0.00683  -0.00683  -0.00680  -0.00679  -0.00677  -0.00676  -0.00674
       -0.00674  -0.00665  -0.00664  -0.00658  -0.00654  -0.00643  -0.00634  -0.00633  -0.00630
       -0.00629  -0.00626  -0.00622  -0.00620  -0.00609  -0.00608  -0.00604  -0.00602  -0.00599
       -0.00598  -0.00597  -0.00597  -0.00596  -0.00594  -0.00593  -0.00593  -0.00592  -0.00587
       -0.00587  -0.00585  -0.00585  -0.00582  -0.00582  -0.00577  -0.00577  -0.00575  -0.00571
       -0.00568  -0.00567  -0.00566  -0.00562  -0.00558  -0.00557  -0.00556  -0.00555  -0.00552
       -0.00551  -0.00547  -0.00545  -0.00544  -0.00532  -0.00530  -0.00530  -0.00526  -0.00525
       -0.00524  -0.00521  -0.00521  -0.00515  -0.00512  -0.00503  -0.00502  -0.00498  -0.00498
       -0.00496  -0.00496  -0.00494  -0.00490  -0.00489  -0.00488  -0.00487  -0.00485  -0.00478
       -0.00476  -0.00475  -0.00474  -0.00473  -0.00471  -0.00471  -0.00469  -0.00468  -0.00468
       -0.00467  -0.00464  -0.00461  -0.00461  -0.00459  -0.00458  -0.00456  -0.00454  -0.00451
       -0.00450  -0.00450  -0.00447  -0.00445  -0.00444  -0.00442  -0.00440  -0.00440  -0.00438
       -0.00435  -0.00432  -0.00431  -0.00430  -0.00427  -0.00427  -0.00425  -0.00424  -0.00421
       -0.00420  -0.00418  -0.00416  -0.00414  -0.00413  -0.00411  -0.00407  -0.00405  -0.00403
       -0.00400  -0.00400  -0.00397  -0.00396  -0.00394  -0.00392  -0.00391  -0.00390  -0.00388
       -0.00386  -0.00386  -0.00385  -0.00383  -0.00381  -0.00380  -0.00379  -0.00376  -0.00376
       -0.00375  -0.00373  -0.00370  -0.00370  -0.00369  -0.00367  -0.00365  -0.00364  -0.00363
       -0.00362  -0.00360  -0.00360  -0.00358  -0.00357  -0.00356  -0.00354  -0.00354  -0.00353
       -0.00352  -0.00352  -0.00350  -0.00349  -0.00348  -0.00346  -0.00345  -0.00344  -0.00342
       -0.00341  -0.00340  -0.00339  -0.00338  -0.00337  -0.00336  -0.00335  -0.00334  -0.00333
       -0.00332  -0.00331  -0.00330  -0.00328  -0.00327  -0.00326  -0.00324  -0.00322  -0.00321
       -0.00320  -0.00319  -0.00317  -0.00314  -0.00314  -0.00313  -0.00310  -0.00309  -0.00307
       -0.00306  -0.00304  -0.00304  -0.00303  -0.00301  -0.00300  -0.00300  -0.00298  -0.00297
       -0.00295  -0.00294  -0.00293  -0.00291  -0.00291
        
     --------------------------------------------------------------------------------------------
     Tot. elapsed time 09m-01.2s,  time spent in last iteration 03m-29.5s
     --------------------------------------------------------------------------------------------

     [I/O] -------------------------------------------------------
     [I/O] RESTART written in < 00.1s             
     [I/O] In location   : ./cs_500.wstat.restart
     [I/O] -------------------------------------------------------

                       *----------*              *----------*               *----------*
     #     Iteration = |        2 |   DFPT_dim = |      384 |   Diago_dim = |     1384 |
                       *----------*              *----------*               *----------*
     per-process dynamical memory   186.8 Mb
  
       
     --------------------------------------------------------------------------------------------
     Sternheimer eq. solver... with threshold =   1.000000E-12           
     --------------------------------------------------------------------------------------------
     in progress... |#                   | 005% :               06.7s (E)           02m-14.6s (X)
     in progress... |##                  | 010% :               13.4s (E)           02m-14.5s (X)
     in progress... |###                 | 015% :               20.1s (E)           02m-14.0s (X)
     in progress... |####                | 020% :               26.8s (E)           02m-14.1s (X)
     in progress... |#####               | 025% :               33.5s (E)           02m-14.1s (X)
     in progress... |######              | 030% :               40.1s (E)           02m-13.9s (X)
     in progress... |#######             | 035% :               46.8s (E)           02m-13.9s (X)
     in progress... |########            | 040% :               53.5s (E)           02m-13.9s (X)
     in progress... |#########           | 045% :           01m-00.2s (E)           02m-13.8s (X)
     in progress... |##########          | 050% :           01m-06.8s (E)           02m-13.7s (X)
     in progress... |###########         | 055% :           01m-13.4s (E)           02m-13.6s (X)
     in progress... |############        | 060% :           01m-20.1s (E)           02m-13.5s (X)
     in progress... |#############       | 065% :           01m-26.7s (E)           02m-13.5s (X)
     in progress... |##############      | 070% :           01m-33.3s (E)           02m-13.3s (X)
     in progress... |###############     | 075% :           01m-40.0s (E)           02m-13.4s (X)
     in progress... |################    | 080% :           01m-46.6s (E)           02m-13.2s (X)
     in progress... |#################   | 085% :           01m-53.2s (E)           02m-13.1s (X)
     in progress... |##################  | 090% :           01m-59.8s (E)           02m-13.1s (X)
     in progress... |################### | 095% :           02m-06.4s (E)           02m-13.1s (X)
     in progress... |####################| 100% :           02m-09.7s (E)           02m-09.7s (X)
     --------------------------------------------------------------------------------------------
     p-DIAGOX done in 00.9s with a SCALAPACK grid (12x12)
     --------------------------------------------------------------------------------------------
        
       -4.67995  -1.79016  -1.79015  -1.28712  -1.28711  -1.21778  -0.90331  -0.68958  -0.68957
       -0.61279  -0.52465  -0.52465  -0.45166  -0.41096  -0.41096  -0.38138  -0.34193  -0.32303
       -0.32303  -0.32160  -0.32157  -0.25624  -0.25514  -0.25514  -0.23377  -0.23375  -0.21361
       -0.21360  -0.20032  -0.18419  -0.18419  -0.18372  -0.14291  -0.14283  -0.13237  -0.12916
       -0.12916  -0.11820  -0.11820  -0.11493  -0.11493  -0.10996  -0.10399  -0.10399  -0.09846
       -0.08502  -0.08219  -0.08219  -0.08215  -0.08215  -0.08184  -0.08184  -0.07610  -0.07610
       -0.07367  -0.07367  -0.07332  -0.07332  -0.07015  -0.06562  -0.06543  -0.06543  -0.06129
       -0.06129  -0.05723  -0.04981  -0.04980  -0.04943  -0.04839  -0.04839  -0.04702  -0.04702
       -0.04668  -0.04668  -0.04608  -0.04608  -0.04605  -0.04605  -0.04292  -0.04067  -0.04067
       -0.04015  -0.03904  -0.03901  -0.03682  -0.03682  -0.03605  -0.03605  -0.03562  -0.03562
       -0.03534  -0.03407  -0.03407  -0.03400  -0.03400  -0.03353  -0.03353  -0.03300  -0.03300
       -0.03110  -0.03110  -0.03107  -0.03066  -0.03066  -0.02956  -0.02911  -0.02911  -0.02753
       -0.02663  -0.02663  -0.02661  -0.02608  -0.02607  -0.02533  -0.02533  -0.02351  -0.02351
       -0.02340  -0.02340  -0.02322  -0.02322  -0.02256  -0.02256  -0.02256  -0.02256  -0.02240
       -0.02240  -0.02210  -0.02174  -0.02174  -0.02086  -0.02086  -0.02046  -0.02023  -0.02023
       -0.01924  -0.01924  -0.01887  -0.01863  -0.01863  -0.01824  -0.01772  -0.01772  -0.01753
       -0.01753  -0.01749  -0.01749  -0.01737  -0.01737  -0.01717  -0.01717  -0.01704  -0.01704
       -0.01689  -0.01689  -0.01688  -0.01688  -0.01687  -0.01597  -0.01597  -0.01592  -0.01583
       -0.01583  -0.01580  -0.01580  -0.01554  -0.01553  -0.01454  -0.01454  -0.01446  -0.01446
       -0.01412  -0.01412  -0.01401  -0.01354  -0.01334  -0.01304  -0.01304  -0.01303  -0.01303
       -0.01297  -0.01297  -0.01285  -0.01285  -0.01285  -0.01285  -0.01266  -0.01266  -0.01252
       -0.01252  -0.01248  -0.01248  -0.01241  -0.01241  -0.01235  -0.01235  -0.01234  -0.01196
       -0.01196  -0.01183  -0.01183  -0.01181  -0.01130  -0.01130  -0.01107  -0.01107  -0.01087
       -0.01086  -0.01083  -0.01080  -0.01080  -0.01073  -0.01073  -0.01066  -0.01066  -0.01051
       -0.01016  -0.01016  -0.01014  -0.01014  -0.00998  -0.00998  -0.00981  -0.00981  -0.00980
       -0.00980  -0.00980  -0.00980  -0.00969  -0.00969  -0.00955  -0.00950  -0.00950  -0.00950
       -0.00949  -0.00936  -0.00936  -0.00930  -0.00930  -0.00926  -0.00886  -0.00886  -0.00882
       -0.00882  -0.00874  -0.00874  -0.00873  -0.00869  -0.00869  -0.00849  -0.00849  -0.00813
       -0.00800  -0.00800  -0.00794  -0.00794  -0.00790  -0.00787  -0.00787  -0.00785  -0.00785
       -0.00784  -0.00784  -0.00778  -0.00778  -0.00771  -0.00768  -0.00768  -0.00763  -0.00763
       -0.00760  -0.00760  -0.00759  -0.00759  -0.00757  -0.00757  -0.00757  -0.00757  -0.00750
       -0.00750  -0.00748  -0.00748  -0.00732  -0.00732  -0.00730  -0.00717  -0.00713  -0.00713
       -0.00707  -0.00707  -0.00688  -0.00688  -0.00684  -0.00684  -0.00683  -0.00683  -0.00683
       -0.00683  -0.00674  -0.00674  -0.00662  -0.00662  -0.00654  -0.00640  -0.00640  -0.00636
       -0.00636  -0.00633  -0.00629  -0.00629  -0.00615  -0.00615  -0.00612  -0.00612  -0.00607
       -0.00607  -0.00607  -0.00605  -0.00604  -0.00604  -0.00604  -0.00600  -0.00600  -0.00599
       -0.00599  -0.00594  -0.00594  -0.00594  -0.00594  -0.00590  -0.00590  -0.00589  -0.00589
       -0.00584  -0.00575  -0.00575  -0.00571  -0.00571  -0.00570  -0.00570  -0.00565  -0.00565
       -0.00565  -0.00557  -0.00556  -0.00556  -0.00540  -0.00540  -0.00539  -0.00539  -0.00539
       -0.00539  -0.00536  -0.00536  -0.00526  -0.00526  -0.00517  -0.00517  -0.00516  -0.00510
       -0.00510  -0.00509  -0.00509  -0.00504  -0.00503  -0.00502  -0.00500  -0.00500  -0.00490
       -0.00490  -0.00486  -0.00486  -0.00484  -0.00484  -0.00484  -0.00484  -0.00483  -0.00483
       -0.00483  -0.00482  -0.00482  -0.00480  -0.00480  -0.00479  -0.00479  -0.00474  -0.00473
       -0.00468  -0.00468  -0.00468  -0.00467  -0.00467  -0.00467  -0.00463  -0.00455  -0.00455
       -0.00451  -0.00451  -0.00451  -0.00451  -0.00451  -0.00450  -0.00444  -0.00444  -0.00444
       -0.00439  -0.00439  -0.00433  -0.00433  -0.00430  -0.00430  -0.00426  -0.00423  -0.00423
       -0.00420  -0.00420  -0.00418  -0.00418  -0.00416  -0.00416  -0.00412  -0.00412  -0.00411
       -0.00408  -0.00407  -0.00405  -0.00403  -0.00403  -0.00402  -0.00401  -0.00399  -0.00399
       -0.00398  -0.00398  -0.00394  -0.00394  -0.00393  -0.00393  -0.00391  -0.00391  -0.00389
       -0.00388  -0.00388  -0.00387  -0.00387  -0.00386  -0.00383  -0.00382  -0.00382  -0.00382
       -0.00381  -0.00381  -0.00380  -0.00379  -0.00379  -0.00377  -0.00377  -0.00372  -0.00371
       -0.00371  -0.00370  -0.00369  -0.00368  -0.00367  -0.00367  -0.00365  -0.00365  -0.00365
       -0.00364  -0.00361  -0.00360  -0.00358  -0.00358  -0.00357  -0.00357  -0.00355  -0.00354
       -0.00352  -0.00351  -0.00351  -0.00347  -0.00347  -0.00344  -0.00343  -0.00338  -0.00335
       -0.00334  -0.00334  -0.00333  -0.00332  -0.00332  -0.00331  -0.00330  -0.00330  -0.00328
       -0.00327  -0.00324  -0.00323  -0.00321  -0.00321
        
     --------------------------------------------------------------------------------------------
     Tot. elapsed time 14m-50.7s,  time spent in last iteration 02m-46.8s
     --------------------------------------------------------------------------------------------

     [I/O] -------------------------------------------------------
     [I/O] RESTART written in < 00.1s             
     [I/O] In location   : ./cs_500.wstat.restart
     [I/O] -------------------------------------------------------

                       *----------*              *----------*               *----------*
     #     Iteration = |        3 |   DFPT_dim = |       17 |   Diago_dim = |     1401 |
                       *----------*              *----------*               *----------*
     per-process dynamical memory   188.5 Mb
  
       
     --------------------------------------------------------------------------------------------
     Sternheimer eq. solver... with threshold =   1.000000E-12           
     --------------------------------------------------------------------------------------------
     in progress... |##########          | 050% :               03.2s (E)               06.5s (X)
     in progress... |####################| 100% :               06.5s (E)               06.5s (X)
     --------------------------------------------------------------------------------------------
     p-DIAGOX done in 00.9s with a SCALAPACK grid (12x12)
     --------------------------------------------------------------------------------------------
        
       -4.67995  -1.79016  -1.79015  -1.28712  -1.28711  -1.21778  -0.90331  -0.68958  -0.68957
       -0.61279  -0.52465  -0.52465  -0.45166  -0.41096  -0.41096  -0.38138  -0.34193  -0.32303
       -0.32303  -0.32160  -0.32157  -0.25624  -0.25514  -0.25514  -0.23377  -0.23375  -0.21361
       -0.21360  -0.20032  -0.18419  -0.18419  -0.18372  -0.14291  -0.14283  -0.13237  -0.12916
       -0.12916  -0.11820  -0.11820  -0.11493  -0.11493  -0.10996  -0.10399  -0.10399  -0.09846
       -0.08502  -0.08219  -0.08219  -0.08215  -0.08215  -0.08184  -0.08184  -0.07610  -0.07610
       -0.07367  -0.07367  -0.07332  -0.07332  -0.07015  -0.06562  -0.06543  -0.06543  -0.06129
       -0.06129  -0.05723  -0.04981  -0.04980  -0.04943  -0.04839  -0.04839  -0.04702  -0.04702
       -0.04668  -0.04668  -0.04608  -0.04608  -0.04605  -0.04605  -0.04292  -0.04067  -0.04067
       -0.04015  -0.03904  -0.03901  -0.03682  -0.03682  -0.03605  -0.03605  -0.03562  -0.03562
       -0.03534  -0.03407  -0.03407  -0.03400  -0.03400  -0.03353  -0.03353  -0.03300  -0.03300
       -0.03110  -0.03110  -0.03107  -0.03066  -0.03066  -0.02956  -0.02911  -0.02911  -0.02753
       -0.02663  -0.02663  -0.02661  -0.02608  -0.02607  -0.02533  -0.02533  -0.02351  -0.02351
       -0.02340  -0.02340  -0.02322  -0.02322  -0.02256  -0.02256  -0.02256  -0.02256  -0.02240
       -0.02240  -0.02210  -0.02174  -0.02174  -0.02086  -0.02086  -0.02046  -0.02023  -0.02023
       -0.01924  -0.01924  -0.01887  -0.01863  -0.01863  -0.01824  -0.01772  -0.01772  -0.01753
       -0.01753  -0.01749  -0.01749  -0.01737  -0.01737  -0.01717  -0.01717  -0.01704  -0.01704
       -0.01689  -0.01689  -0.01688  -0.01688  -0.01687  -0.01597  -0.01597  -0.01592  -0.01583
       -0.01583  -0.01580  -0.01580  -0.01554  -0.01553  -0.01454  -0.01454  -0.01446  -0.01446
       -0.01412  -0.01412  -0.01401  -0.01354  -0.01334  -0.01304  -0.01304  -0.01303  -0.01303
       -0.01297  -0.01297  -0.01285  -0.01285  -0.01285  -0.01285  -0.01266  -0.01266  -0.01252
       -0.01252  -0.01248  -0.01248  -0.01241  -0.01241  -0.01235  -0.01235  -0.01234  -0.01196
       -0.01196  -0.01183  -0.01183  -0.01181  -0.01130  -0.01130  -0.01107  -0.01107  -0.01087
       -0.01086  -0.01083  -0.01080  -0.01080  -0.01073  -0.01073  -0.01066  -0.01066  -0.01051
       -0.01016  -0.01016  -0.01014  -0.01014  -0.00998  -0.00998  -0.00981  -0.00981  -0.00980
       -0.00980  -0.00980  -0.00980  -0.00969  -0.00969  -0.00955  -0.00950  -0.00950  -0.00950
       -0.00949  -0.00936  -0.00936  -0.00930  -0.00930  -0.00926  -0.00886  -0.00886  -0.00882
       -0.00882  -0.00874  -0.00874  -0.00873  -0.00869  -0.00869  -0.00849  -0.00849  -0.00813
       -0.00800  -0.00800  -0.00794  -0.00794  -0.00790  -0.00787  -0.00787  -0.00785  -0.00785
       -0.00784  -0.00784  -0.00778  -0.00778  -0.00771  -0.00768  -0.00768  -0.00763  -0.00763
       -0.00760  -0.00760  -0.00759  -0.00759  -0.00757  -0.00757  -0.00757  -0.00757  -0.00750
       -0.00750  -0.00748  -0.00748  -0.00732  -0.00732  -0.00730  -0.00717  -0.00713  -0.00713
       -0.00707  -0.00707  -0.00688  -0.00688  -0.00684  -0.00684  -0.00683  -0.00683  -0.00683
       -0.00683  -0.00674  -0.00674  -0.00662  -0.00662  -0.00654  -0.00640  -0.00640  -0.00636
       -0.00636  -0.00633  -0.00629  -0.00629  -0.00615  -0.00615  -0.00612  -0.00612  -0.00607
       -0.00607  -0.00607  -0.00605  -0.00605  -0.00604  -0.00604  -0.00600  -0.00600  -0.00599
       -0.00599  -0.00594  -0.00594  -0.00594  -0.00594  -0.00590  -0.00590  -0.00589  -0.00589
       -0.00584  -0.00576  -0.00576  -0.00571  -0.00571  -0.00570  -0.00570  -0.00565  -0.00565
       -0.00565  -0.00557  -0.00556  -0.00556  -0.00540  -0.00540  -0.00539  -0.00539  -0.00539
       -0.00539  -0.00536  -0.00536  -0.00526  -0.00526  -0.00517  -0.00517  -0.00516  -0.00510
       -0.00510  -0.00509  -0.00509  -0.00504  -0.00503  -0.00503  -0.00500  -0.00500  -0.00490
       -0.00490  -0.00486  -0.00486  -0.00484  -0.00484  -0.00484  -0.00484  -0.00483  -0.00483
       -0.00483  -0.00482  -0.00482  -0.00480  -0.00480  -0.00479  -0.00479  -0.00474  -0.00474
       -0.00468  -0.00468  -0.00468  -0.00467  -0.00467  -0.00467  -0.00463  -0.00455  -0.00455
       -0.00451  -0.00451  -0.00451  -0.00451  -0.00451  -0.00450  -0.00445  -0.00444  -0.00444
       -0.00439  -0.00439  -0.00433  -0.00433  -0.00430  -0.00430  -0.00426  -0.00423  -0.00423
       -0.00420  -0.00420  -0.00419  -0.00418  -0.00416  -0.00416  -0.00412  -0.00412  -0.00411
       -0.00408  -0.00408  -0.00405  -0.00403  -0.00403  -0.00402  -0.00402  -0.00399  -0.00399
       -0.00398  -0.00398  -0.00394  -0.00394  -0.00393  -0.00393  -0.00392  -0.00391  -0.00389
       -0.00388  -0.00388  -0.00387  -0.00387  -0.00387  -0.00383  -0.00382  -0.00382  -0.00382
       -0.00381  -0.00381  -0.00381  -0.00379  -0.00379  -0.00377  -0.00377  -0.00372  -0.00372
       -0.00371  -0.00370  -0.00369  -0.00368  -0.00367  -0.00367  -0.00366  -0.00365  -0.00365
       -0.00364  -0.00361  -0.00361  -0.00359  -0.00359  -0.00358  -0.00358  -0.00357  -0.00357
       -0.00354  -0.00353  -0.00352  -0.00349  -0.00349  -0.00346  -0.00344  -0.00338  -0.00335
       -0.00335  -0.00335  -0.00334  -0.00334  -0.00333  -0.00332  -0.00332  -0.00331  -0.00330
       -0.00330  -0.00326  -0.00326  -0.00324  -0.00324
        
     --------------------------------------------------------------------------------------------
     Tot. elapsed time 19m-23.1s,  time spent in last iteration 15.4s
     --------------------------------------------------------------------------------------------
      
     --------------------------------------------------------------------------------------------
     Database written in 44.9s               
     In location : ./cs_500.wstat.save
     --------------------------------------------------------------------------------------------
       
     --------------------------------------------------------------------------------------------
     Convergence achieved !!! in        3 steps                          
     --------------------------------------------------------------------------------------------
 
     WSTAT        : 12m22.33s CPU    21m 3.92s WALL

     wstat_readin :      5.74s CPU     40.42s WALL (       1 calls)
     fetch_nml    :      0.00s CPU      0.00s WALL (       1 calls)
     read_xml     :      1.29s CPU      1.52s WALL (       1 calls)
     init_vloc    :      0.10s CPU      0.11s WALL (       2 calls)
     fft          :      0.26s CPU      0.30s WALL (      11 calls)
     fft_scatter  :     99.50s CPU     99.73s WALL (   31326 calls)
     v_of_rho     :      0.29s CPU      0.31s WALL (       1 calls)
     v_xc         :      0.26s CPU      0.28s WALL (       1 calls)
     v_h          :      0.03s CPU      0.03s WALL (       1 calls)
     read_wave    :      4.44s CPU     38.72s WALL (       1 calls)
     davcio       :      0.00s CPU      2.03s WALL (       2 calls)
     init_us_1    :      0.07s CPU      0.07s WALL (       2 calls)
     do_setup     :      0.22s CPU      0.23s WALL (       1 calls)
     init_pw_ar   :      0.21s CPU      0.22s WALL (       1 calls)
     init_at_1    :      0.00s CPU      0.00s WALL (       1 calls)
     storesqvc    :      0.00s CPU      0.00s WALL (       1 calls)
     chidiago     :    736.33s CPU   1223.22s WALL (       1 calls)
     randomize    :      1.16s CPU      1.17s WALL (       1 calls)
     paramgs      :     16.87s CPU     16.98s WALL (       5 calls)
     dfpt         :    488.76s CPU    491.00s WALL (       5 calls)
     init_us_2    :      0.02s CPU      0.02s WALL (       5 calls)
     fftw         :    286.83s CPU    288.06s WALL (   31315 calls)
     alphapc      :      0.31s CPU      0.31s WALL (     191 calls)
     wstat_restar :    180.47s CPU    622.10s WALL (       4 calls)
     linstern     :    392.43s CPU    394.05s WALL (     141 calls)
     stern        :    379.14s CPU    380.65s WALL (    5313 calls)
     h_psi_bgrp   :    372.57s CPU    374.05s WALL (    5313 calls)
     h_psi        :    372.55s CPU    374.04s WALL (    5313 calls)
     h_psi:pot    :    370.85s CPU    372.35s WALL (    5313 calls)
     vloc_psi     :    351.51s CPU    352.86s WALL (    5313 calls)
     h_psi:calbec :     12.51s CPU     11.26s WALL (    5313 calls)
     calbec       :     12.49s CPU     11.23s WALL (    5313 calls)
     add_vuspsi   :      6.79s CPU      8.18s WALL (    5313 calls)
     alphapv      :      4.58s CPU      4.50s WALL (    5313 calls)
     build_hr     :      9.30s CPU     10.22s WALL (       4 calls)
     diagox       :      3.06s CPU      3.10s WALL (       4 calls)
     redistr_vr   :      0.44s CPU      0.45s WALL (       3 calls)
     update_vr    :     15.29s CPU     16.91s WALL (       3 calls)
     symm_hr      :      0.44s CPU      0.46s WALL (       3 calls)
     chidiago:las :      0.00s CPU      0.00s WALL (       1 calls)
     refresh_vr   :      6.49s CPU      6.83s WALL (       1 calls)
     pdep_db      :     13.16s CPU     44.91s WALL (       1 calls)
 
     WSTAT        : 12m22.33s CPU    21m 3.93s WALL

 
   This run was terminated on:  11:55:33  13May2018            

=------------------------------------------------------------------------------=
   JOB DONE.
=------------------------------------------------------------------------------=
