
     Program WSTAT v. 2.0.0 starts on 10May2018 at 11: 2:32 

     This program is part of the open-source West suite
     for massively parallel calculations of excited states in materials; please cite
         "M. Govoni et al., J. Chem. Theory Comput. 11, 2680 (2015);
          URL http://www.west-code.org", 
     in publications or presentations arising from this work.

     Based on the Quantum ESPRESSO v. 6.1 svn rev. 13369
       
     --------------------------------------------------------------------------------------------
     **MPI** Parallelization Status                                      
     --------------------------------------------------------------------------------------------
                   160                  10             1             1            16
     --------------------------------------------------------------------------------------------
                     N         =         I      X      P      X      B      X      Z
                     ^                   ^             ^             ^             ^
                     |                   |             |             |             |
                   #rnk                  |             |             |             |
                                      #image           |             |             |
                                                     #pool           |             |
                                                                   #bgrp           |
                                                                                 #R&G
     --------------------------------------------------------------------------------------------
     **OPENMP** Parallelization Status
     #thr/rnk               =            1
     --------------------------------------------------------------------------------------------
     #prc = (rnk) * (thr) =          160
     --------------------------------------------------------------------------------------------
       
     --------------------------------------------------------------------------------------------
     I/O Summary : input_west                                            
     --------------------------------------------------------------------------------------------
     qe_prefix      = clf
     west_prefix    = clf
     outdir         = ./
     --------------------------------------------------------------------------------------------
       
     --------------------------------------------------------------------------------------------
     I/O Summary : wstat_control                                         
     --------------------------------------------------------------------------------------------
     wstat_calculation              =              S
     n_pdep_eigen                   =            100
     n_kin_pdep_eigen               =            400
     n_lindhard_eigen               =              0
     n_pdep_times                   =              4
     n_pdep_maxiter                 =            100
     n_dfpt_maxiter                 =            250
     n_pdep_read_from_file          =              0
     trev_pdep                      =   1.000000E-03
     trev_pdep_rel                  =   1.000000E-01
     tr2_dfpt                       =   1.000000E-12
     l_kinetic_only                 =              F
     l_minimize_exx_if_active       =              F
     l_use_ecutrho                  =              F
     l_pure_eigen                   =              F
     --------------------------------------------------------------------------------------------

     Reading data from directory:
     ./clf.save

   Info: using nr1, nr2, nr3 values from input

   Info: using nr1, nr2, nr3 values from input

     IMPORTANT: XC functional enforced from input :
     Exchange-correlation      = PBE ( 1  4  3  4 0 0)
     Any further DFT definition will be discarded
     Please, verify this is what you really want

     Message from routine readpp:
     file ./clf.save/F_ONCV_PBE-1.0.upf not found
     Message from routine readpp:
     file ./clf.save/Cl_ONCV_PBE-1.0.upf not found
 
     Parallelization info
     --------------------
     sticks:   dense  smooth     PW     G-vecs:    dense   smooth      PW
     Min        1520    1520    379               178660   178660   22323
     Max        1522    1522    384               178666   178666   22328
     Sum       24345   24345   6093              2858633  2858633  357213
 
       
     --------------------------------------------------------------------------------------------
     System Overview                                                     
     --------------------------------------------------------------------------------------------
     gamma_only           =              T
     ecutwfc [Ry]         =      85.000000
     omega [au^3]         =   2.700000E+04
     glob. #G             =         178607
     nbnd                 =            100
     nkstot               =              1
     nspin                =              1
     nelec                =      14.000000
     npol                 =              1
     lsda                 =              F
     noncolin             =              F
     lspinorb             =              F
     domag                =              F
     --------------------------------------------------------------------------------------------

     sFFT G-space:  1429317 G-vectors     R-space: ( 180, 180, 180)
     dFFT G-space:  1429317 G-vectors     R-space: ( 180, 180, 180)

     Cell [a.u.]          =      30.000000      0.000000      0.000000
                          =       0.000000     30.000000      0.000000
                          =       0.000000      0.000000     30.000000
      
     number of ks points=     1
                       cart. coord. in units 2pi/alat
        k(    1) = (   0.0000000   0.0000000   0.0000000), wk =   2.0000000

                       cryst. coord.
        k(    1) = (   0.0000000   0.0000000   0.0000000), wk =   2.0000000
 
     Spherical div        =   1.654268E-01
     Orthorombic div      =   1.628502E-01
       
     --------------------------------------------------------------------------------------------
     Parallelization for nvecx                                           
     --------------------------------------------------------------------------------------------
     nglob                =            400
     nlevel               =             10
     Min nglob/nlevel     =             40
     Max nglob/nlevel     =             40
     --------------------------------------------------------------------------------------------

     [MEM] ----------------------------------------------------------
     [MEM] **Memory** analysis: QE
     [MEM] ----------------------------------------------------------
     [MEM] Allocated arrays           est. size (Mb)     dimensions
     [MEM] ----------------------------------------------------------
     [MEM] Kohn-Sham Wavefunctions      17.03 Mb     (  11164,  100)
     [MEM] NL pseudopotentials           2.73 Mb     (  11164,   16)
     [MEM] Each V/rho on FFT grid        5.93 Mb     ( 388800)
     [MEM] Each G-vector array           0.68 Mb     (  89333)
     [MEM] G-vector shells               0.05 Mb     (   6125)
     [MEM] ----------------------------------------------------------
     [MEM] TOT                          26.42 Mb
     [MEM] ----------------------------------------------------------
     [MEM] 
     [MEM] ----------------------------------------------------------
     [MEM] **Memory** analysis: WSTAT global
     [MEM] ----------------------------------------------------------
     [MEM] Allocated arrays           est. size (Mb)     dimensions
     [MEM] ----------------------------------------------------------
     [MEM] dvg                           6.81 Mb     (  11164,   40)
     [MEM] dng                           6.81 Mb     (  11164,   40)
     [MEM] hr_distr                      0.12 Mb     (    400,   40)
     [MEM] vr_distr                      0.12 Mb     (    400,   40)
     [MEM] ----------------------------------------------------------
     [MEM] TOT                          13.87 Mb
     [MEM] ----------------------------------------------------------
     [MEM] 
     [MEM] ----------------------------------------------------------
     [MEM] **Memory** analysis: WSTAT temporary
     [MEM] ----------------------------------------------------------
     [MEM] Allocated arrays           est. size (Mb)     dimensions
     [MEM] ----------------------------------------------------------
     [MEM] dvpsi                         1.19 Mb     (  11164,    7)
     [MEM] dpsi                          1.19 Mb     (  11164,    7)
     [MEM] ----------------------------------------------------------
     [MEM] Total estimate                2.38 Mb
     [MEM] ----------------------------------------------------------

                       *----------*              *----------*               *----------*
     #     Iteration = | starting |   DFPT_dim = |      100 |   Diago_dim = |      100 |  x 1/2
                       *----------*              *----------*               *----------*
     per-process dynamical memory   118.8 Mb
  
       
     --------------------------------------------------------------------------------------------
     Sternheimer eq. solver... with lite-solver                          
     --------------------------------------------------------------------------------------------
     in progress... |##                  | 010% :               00.2s (E)               02.6s (X)
     in progress... |####                | 020% :               00.5s (E)               02.5s (X)
     in progress... |######              | 030% :               00.7s (E)               02.5s (X)
     in progress... |########            | 040% :               01.0s (E)               02.5s (X)
     in progress... |##########          | 050% :               01.2s (E)               02.5s (X)
     in progress... |############        | 060% :               01.5s (E)               02.5s (X)
     in progress... |##############      | 070% :               01.7s (E)               02.5s (X)
     in progress... |################    | 080% :               02.0s (E)               02.5s (X)
     in progress... |##################  | 090% :               02.3s (E)               02.5s (X)
     in progress... |####################| 100% :               02.5s (E)               02.5s (X)
     --------------------------------------------------------------------------------------------

     [I/O] -------------------------------------------------------
     [I/O] RESTART written in < 00.1s             
     [I/O] In location   : ./clf_100_400.wstat.restart
     [I/O] -------------------------------------------------------

                       *----------*              *----------*               *----------*
     #     Iteration = | starting |   DFPT_dim = |      100 |   Diago_dim = |      100 |  x 2/2
                       *----------*              *----------*               *----------*
     per-process dynamical memory   124.9 Mb
  
       
     --------------------------------------------------------------------------------------------
     Sternheimer eq. solver... with threshold =   1.000000E-06           
     --------------------------------------------------------------------------------------------
     in progress... |##                  | 010% :               03.0s (E)               30.5s (X)
     in progress... |####                | 020% :               06.0s (E)               30.3s (X)
     in progress... |######              | 030% :               09.0s (E)               30.3s (X)
     in progress... |########            | 040% :               12.1s (E)               30.2s (X)
     in progress... |##########          | 050% :               15.0s (E)               30.1s (X)
     in progress... |############        | 060% :               18.0s (E)               30.0s (X)
     in progress... |##############      | 070% :               20.9s (E)               29.8s (X)
     in progress... |################    | 080% :               23.7s (E)               29.7s (X)
     in progress... |##################  | 090% :               26.6s (E)               29.5s (X)
     in progress... |####################| 100% :               29.5s (E)               29.5s (X)
     --------------------------------------------------------------------------------------------
     p-DIAGOX done in < 00.1s with a SCALAPACK grid (3x3)
     --------------------------------------------------------------------------------------------
        
       -2.73082  -1.52743  -1.49671  -1.49431  -0.87555  -0.82644  -0.81929  -0.72300  -0.58540
       -0.58128  -0.41759  -0.41512  -0.40934  -0.37882  -0.37724  -0.35151  -0.34587  -0.31721
       -0.30327  -0.30067  -0.28295  -0.27397  -0.25430  -0.25178  -0.24853  -0.23199  -0.20433
       -0.20046  -0.19137  -0.19068  -0.16483  -0.15674  -0.15440  -0.13297  -0.13028  -0.12605
       -0.12182  -0.11983  -0.11852  -0.11410  -0.11158  -0.10882  -0.10551  -0.10402  -0.09778
       -0.09171  -0.08427  -0.08096  -0.07969  -0.07832  -0.07520  -0.07322  -0.07097  -0.06593
       -0.06527  -0.06517  -0.06091  -0.05958  -0.05806  -0.05360  -0.05032  -0.04977  -0.04752
       -0.04458  -0.04212  -0.04083  -0.03973  -0.03892  -0.03741  -0.03656  -0.03536  -0.03483
       -0.03342  -0.03296  -0.03138  -0.03111  -0.03084  -0.02970  -0.02891  -0.02813  -0.02720
       -0.02670  -0.02638  -0.02518  -0.02440  -0.02386  -0.02338  -0.02303  -0.02151  -0.02093
       -0.01987  -0.01933  -0.01853  -0.01826  -0.01749  -0.01677  -0.01551  -0.01487  -0.01391
       -0.01321
        
     --------------------------------------------------------------------------------------------
     Tot. elapsed time 55.1s,  time spent in last iteration 55.1s
     --------------------------------------------------------------------------------------------

     [I/O] -------------------------------------------------------
     [I/O] RESTART written in < 00.1s             
     [I/O] In location   : ./clf_100_400.wstat.restart
     [I/O] -------------------------------------------------------

                       *----------*              *----------*               *----------*
     #     Iteration = |        1 |   DFPT_dim = |      100 |   Diago_dim = |      200 |
                       *----------*              *----------*               *----------*
     per-process dynamical memory   132.7 Mb
  
       
     --------------------------------------------------------------------------------------------
     Sternheimer eq. solver... with threshold =   1.000000E-12           
     --------------------------------------------------------------------------------------------
     in progress... |##                  | 010% :               04.5s (E)               45.9s (X)
     in progress... |####                | 020% :               09.1s (E)               45.8s (X)
     in progress... |######              | 030% :               13.6s (E)               45.5s (X)
     in progress... |########            | 040% :               18.1s (E)               45.3s (X)
     in progress... |##########          | 050% :               22.6s (E)               45.2s (X)
     in progress... |############        | 060% :               27.0s (E)               45.1s (X)
     in progress... |##############      | 070% :               31.4s (E)               44.9s (X)
     in progress... |################    | 080% :               35.9s (E)               44.8s (X)
     in progress... |##################  | 090% :               40.3s (E)               44.8s (X)
     in progress... |####################| 100% :               44.7s (E)               44.7s (X)
     --------------------------------------------------------------------------------------------
     p-DIAGOX done in < 00.1s with a SCALAPACK grid (6x6)
     --------------------------------------------------------------------------------------------
        
       -3.03807  -1.53524  -1.51413  -1.51413  -1.11279  -0.85621  -0.85620  -0.73979  -0.60262
       -0.60262  -0.48515  -0.44843  -0.44842  -0.39064  -0.39063  -0.37721  -0.37721  -0.33704
       -0.31664  -0.31663  -0.30354  -0.30353  -0.26601  -0.26600  -0.26509  -0.25713  -0.23128
       -0.23121  -0.20893  -0.20891  -0.19898  -0.17030  -0.17023  -0.16837  -0.15562  -0.14055
       -0.14052  -0.13762  -0.13759  -0.13464  -0.13459  -0.13202  -0.13194  -0.12357  -0.12356
       -0.11973  -0.10369  -0.10362  -0.10307  -0.09645  -0.09571  -0.09565  -0.08803  -0.08797
       -0.08200  -0.08190  -0.07868  -0.07836  -0.07636  -0.07547  -0.07537  -0.06933  -0.06901
       -0.06519  -0.06512  -0.06319  -0.06298  -0.06253  -0.05994  -0.05222  -0.05018  -0.04977
       -0.04899  -0.04845  -0.04829  -0.04819  -0.04776  -0.04713  -0.04646  -0.04607  -0.04568
       -0.04531  -0.04489  -0.04459  -0.04416  -0.04271  -0.04186  -0.04153  -0.03981  -0.03915
       -0.03851  -0.03834  -0.03805  -0.03726  -0.03567  -0.03468  -0.03453  -0.03426  -0.03389
       -0.03303
        
     --------------------------------------------------------------------------------------------
     Tot. elapsed time 02m-05.5s,  time spent in last iteration 51.9s
     --------------------------------------------------------------------------------------------

     [I/O] -------------------------------------------------------
     [I/O] RESTART written in < 00.1s             
     [I/O] In location   : ./clf_100_400.wstat.restart
     [I/O] -------------------------------------------------------

                       *----------*              *----------*               *----------*
     #     Iteration = |        2 |   DFPT_dim = |      100 |   Diago_dim = |      300 |
                       *----------*              *----------*               *----------*
     per-process dynamical memory   132.7 Mb
  
       
     --------------------------------------------------------------------------------------------
     Sternheimer eq. solver... with threshold =   1.000000E-12           
     --------------------------------------------------------------------------------------------
     in progress... |##                  | 010% :               04.4s (E)               44.6s (X)
     in progress... |####                | 020% :               08.8s (E)               44.4s (X)
     in progress... |######              | 030% :               13.2s (E)               44.2s (X)
     in progress... |########            | 040% :               17.6s (E)               44.1s (X)
     in progress... |##########          | 050% :               21.9s (E)               43.9s (X)
     in progress... |############        | 060% :               26.3s (E)               43.8s (X)
     in progress... |##############      | 070% :               30.7s (E)               43.8s (X)
     in progress... |################    | 080% :               35.0s (E)               43.7s (X)
     in progress... |##################  | 090% :               39.3s (E)               43.7s (X)
     in progress... |####################| 100% :               43.7s (E)               43.7s (X)
     --------------------------------------------------------------------------------------------
     p-DIAGOX done in < 00.1s with a SCALAPACK grid (9x9)
     --------------------------------------------------------------------------------------------
        
       -3.03807  -1.53524  -1.51413  -1.51413  -1.11279  -0.85621  -0.85621  -0.73979  -0.60263
       -0.60263  -0.48517  -0.44845  -0.44845  -0.39065  -0.39064  -0.37723  -0.37722  -0.33706
       -0.31665  -0.31665  -0.30356  -0.30356  -0.26603  -0.26603  -0.26512  -0.25716  -0.23132
       -0.23132  -0.20896  -0.20896  -0.19907  -0.17035  -0.17029  -0.16844  -0.15580  -0.14063
       -0.14063  -0.13774  -0.13774  -0.13476  -0.13476  -0.13211  -0.13210  -0.12375  -0.12375
       -0.11990  -0.10409  -0.10409  -0.10344  -0.09706  -0.09593  -0.09593  -0.08820  -0.08820
       -0.08230  -0.08230  -0.07902  -0.07902  -0.07731  -0.07586  -0.07585  -0.06989  -0.06988
       -0.06591  -0.06590  -0.06395  -0.06395  -0.06354  -0.06208  -0.05365  -0.05125  -0.05125
       -0.05036  -0.05035  -0.04968  -0.04967  -0.04914  -0.04912  -0.04813  -0.04742  -0.04740
       -0.04711  -0.04709  -0.04620  -0.04620  -0.04495  -0.04303  -0.04301  -0.04175  -0.04173
       -0.04011  -0.04008  -0.03997  -0.03995  -0.03808  -0.03690  -0.03684  -0.03629  -0.03624
       -0.03555
        
     --------------------------------------------------------------------------------------------
     Tot. elapsed time 03m-33.5s,  time spent in last iteration 50.9s
     --------------------------------------------------------------------------------------------

     [I/O] -------------------------------------------------------
     [I/O] RESTART written in < 00.1s             
     [I/O] In location   : ./clf_100_400.wstat.restart
     [I/O] -------------------------------------------------------

                       *----------*              *----------*               *----------*
     #     Iteration = |        3 |   DFPT_dim = |       33 |   Diago_dim = |      333 |
                       *----------*              *----------*               *----------*
     per-process dynamical memory   132.7 Mb
  
       
     --------------------------------------------------------------------------------------------
     Sternheimer eq. solver... with threshold =   1.000000E-12           
     --------------------------------------------------------------------------------------------
     in progress... |#####               | 025% :               04.3s (E)               17.3s (X)
     in progress... |##########          | 050% :               08.6s (E)               17.2s (X)
     in progress... |###############     | 075% :               12.9s (E)               17.2s (X)
     in progress... |####################| 100% :               17.2s (E)               17.2s (X)
     --------------------------------------------------------------------------------------------
     p-DIAGOX done in 00.1s with a SCALAPACK grid (10x10)
     --------------------------------------------------------------------------------------------
        
       -3.03807  -1.53524  -1.51413  -1.51413  -1.11279  -0.85621  -0.85621  -0.73979  -0.60263
       -0.60263  -0.48517  -0.44845  -0.44845  -0.39065  -0.39064  -0.37723  -0.37722  -0.33706
       -0.31665  -0.31665  -0.30356  -0.30356  -0.26603  -0.26603  -0.26512  -0.25716  -0.23132
       -0.23132  -0.20896  -0.20896  -0.19907  -0.17035  -0.17029  -0.16844  -0.15580  -0.14063
       -0.14063  -0.13774  -0.13774  -0.13476  -0.13476  -0.13211  -0.13210  -0.12375  -0.12375
       -0.11990  -0.10409  -0.10409  -0.10344  -0.09706  -0.09594  -0.09593  -0.08820  -0.08820
       -0.08230  -0.08230  -0.07902  -0.07902  -0.07731  -0.07586  -0.07586  -0.06989  -0.06989
       -0.06591  -0.06591  -0.06396  -0.06396  -0.06355  -0.06210  -0.05367  -0.05128  -0.05128
       -0.05039  -0.05039  -0.04971  -0.04970  -0.04916  -0.04916  -0.04816  -0.04744  -0.04744
       -0.04713  -0.04712  -0.04622  -0.04622  -0.04502  -0.04306  -0.04306  -0.04180  -0.04180
       -0.04015  -0.04015  -0.04001  -0.04001  -0.03820  -0.03697  -0.03697  -0.03637  -0.03637
       -0.03561
        
     --------------------------------------------------------------------------------------------
     Tot. elapsed time 04m-49.5s,  time spent in last iteration 21.1s
     --------------------------------------------------------------------------------------------
      
     --------------------------------------------------------------------------------------------
     Database written in 10.2s               
     In location : ./clf_100_400.wstat.save
     --------------------------------------------------------------------------------------------
       
     --------------------------------------------------------------------------------------------
     Convergence achieved !!! in        3 steps                          
     --------------------------------------------------------------------------------------------
       
     --------------------------------------------------------------------------------------------
     ** Now compute kinetic eigenpotentials **                           
     --------------------------------------------------------------------------------------------
       
     --------------------------------------------------------------------------------------------
     Parallelization for newnvecx                                        
     --------------------------------------------------------------------------------------------
     nglob                =           1600
     nlevel               =             10
     Min nglob/nlevel     =            160
     Max nglob/nlevel     =            160
     --------------------------------------------------------------------------------------------
       
     --------------------------------------------------------------------------------------------
     Parallelization for merge_nvecx                                     
     --------------------------------------------------------------------------------------------
     nglob                =           2000
     nlevel               =             10
     Min nglob/nlevel     =            200
     Max nglob/nlevel     =            200
     --------------------------------------------------------------------------------------------

                       *----------*              *----------*               *----------*
     #     Iteration = | starting |   DFPT_dim = |      400 |   Diago_dim = |      400 |  x 1/2
                       *----------*              *----------*               *----------*
       
     --------------------------------------------------------------------------------------------
     Applying projection operator formed by dvg                          
     --------------------------------------------------------------------------------------------
     per-process dynamical memory   231.8 Mb
  
       
     --------------------------------------------------------------------------------------------
     Sternheimer eq. solver... with lite-solver                          
     --------------------------------------------------------------------------------------------
     in progress... |#                   | 005% :               00.5s (E)               10.2s (X)
     in progress... |##                  | 010% :               01.0s (E)               10.1s (X)
     in progress... |###                 | 015% :               01.5s (E)               10.1s (X)
     in progress... |####                | 020% :               02.0s (E)               10.1s (X)
     in progress... |#####               | 025% :               02.5s (E)               10.1s (X)
     in progress... |######              | 030% :               03.0s (E)               10.1s (X)
     in progress... |#######             | 035% :               03.5s (E)               10.1s (X)
     in progress... |########            | 040% :               04.0s (E)               10.1s (X)
     in progress... |#########           | 045% :               04.5s (E)               10.1s (X)
     in progress... |##########          | 050% :               05.0s (E)               10.1s (X)
     in progress... |###########         | 055% :               05.5s (E)               10.1s (X)
     in progress... |############        | 060% :               06.1s (E)               10.1s (X)
     in progress... |#############       | 065% :               06.6s (E)               10.1s (X)
     in progress... |##############      | 070% :               07.1s (E)               10.1s (X)
     in progress... |###############     | 075% :               07.6s (E)               10.1s (X)
     in progress... |################    | 080% :               08.1s (E)               10.1s (X)
     in progress... |#################   | 085% :               08.6s (E)               10.1s (X)
     in progress... |##################  | 090% :               09.1s (E)               10.1s (X)
     in progress... |################### | 095% :               09.6s (E)               10.1s (X)
     in progress... |####################| 100% :               10.1s (E)               10.1s (X)
       
     --------------------------------------------------------------------------------------------
     Applying projection operator formed by dvg                          
     --------------------------------------------------------------------------------------------
     --------------------------------------------------------------------------------------------

     [I/O] -------------------------------------------------------
     [I/O] RESTART written in < 00.1s             
     [I/O] In location   : ./clf_100_400.wstat.restart
     [I/O] -------------------------------------------------------

                       *----------*              *----------*               *----------*
     #     Iteration = | starting |   DFPT_dim = |      400 |   Diago_dim = |      400 |  x 2/2
                       *----------*              *----------*               *----------*
       
     --------------------------------------------------------------------------------------------
     Applying projection operator formed by dvg                          
     --------------------------------------------------------------------------------------------
     per-process dynamical memory   231.8 Mb
  
       
     --------------------------------------------------------------------------------------------
     Sternheimer eq. solver... with threshold =   1.000000E-06           
     --------------------------------------------------------------------------------------------
     in progress... |#                   | 005% :               00.7s (E)               15.3s (X)
     in progress... |##                  | 010% :               01.5s (E)               15.3s (X)
     in progress... |###                 | 015% :               02.2s (E)               15.3s (X)
     in progress... |####                | 020% :               03.0s (E)               15.3s (X)
     in progress... |#####               | 025% :               03.8s (E)               15.2s (X)
     in progress... |######              | 030% :               04.5s (E)               15.2s (X)
     in progress... |#######             | 035% :               05.3s (E)               15.1s (X)
     in progress... |########            | 040% :               06.0s (E)               15.1s (X)
     in progress... |#########           | 045% :               06.8s (E)               15.1s (X)
     in progress... |##########          | 050% :               07.5s (E)               15.1s (X)
     in progress... |###########         | 055% :               08.3s (E)               15.1s (X)
     in progress... |############        | 060% :               09.0s (E)               15.0s (X)
     in progress... |#############       | 065% :               09.7s (E)               15.0s (X)
     in progress... |##############      | 070% :               10.5s (E)               15.0s (X)
     in progress... |###############     | 075% :               11.2s (E)               15.0s (X)
     in progress... |################    | 080% :               12.0s (E)               15.0s (X)
     in progress... |#################   | 085% :               12.7s (E)               15.0s (X)
     in progress... |##################  | 090% :               13.5s (E)               15.0s (X)
     in progress... |################### | 095% :               14.2s (E)               14.9s (X)
     in progress... |####################| 100% :               14.9s (E)               14.9s (X)
       
     --------------------------------------------------------------------------------------------
     Applying projection operator formed by dvg                          
     --------------------------------------------------------------------------------------------
     --------------------------------------------------------------------------------------------
     p-DIAGOX done in 00.3s with a SCALAPACK grid (12x12)
     --------------------------------------------------------------------------------------------
        
       -0.02839  -0.02836  -0.02812  -0.02783  -0.02732  -0.02721  -0.02695  -0.02575  -0.02571
       -0.02552  -0.02549  -0.02525  -0.02522  -0.02276  -0.02269  -0.02251  -0.02245  -0.02239
       -0.02149  -0.02139  -0.02107  -0.02075  -0.02074  -0.02061  -0.02018  -0.02002  -0.01986
       -0.01977  -0.01963  -0.01962  -0.01957  -0.01947  -0.01939  -0.01931  -0.01877  -0.01871
       -0.01860  -0.01855  -0.01838  -0.01813  -0.01810  -0.01804  -0.01795  -0.01794  -0.01788
       -0.01785  -0.01782  -0.01767  -0.01725  -0.01690  -0.01684  -0.01670  -0.01653  -0.01625
       -0.01622  -0.01620  -0.01616  -0.01613  -0.01612  -0.01567  -0.01558  -0.01527  -0.01519
       -0.01502  -0.01476  -0.01465  -0.01454  -0.01427  -0.01418  -0.01377  -0.01372  -0.01353
       -0.01348  -0.01343  -0.01319  -0.01310  -0.01277  -0.01271  -0.01263  -0.01263  -0.01260
       -0.01244  -0.01218  -0.01178  -0.01156  -0.01144  -0.01137  -0.01134  -0.01130  -0.01121
       -0.01106  -0.01100  -0.01093  -0.01087  -0.01085  -0.01073  -0.01066  -0.01062  -0.01059
       -0.01055  -0.01049  -0.01037  -0.01036  -0.01023  -0.01016  -0.01011  -0.01003  -0.00998
       -0.00982  -0.00974  -0.00962  -0.00956  -0.00953  -0.00942  -0.00940  -0.00936  -0.00927
       -0.00922  -0.00915  -0.00914  -0.00904  -0.00901  -0.00894  -0.00890  -0.00884  -0.00875
       -0.00865  -0.00856  -0.00855  -0.00843  -0.00841  -0.00838  -0.00833  -0.00825  -0.00823
       -0.00815  -0.00807  -0.00802  -0.00794  -0.00788  -0.00777  -0.00774  -0.00766  -0.00763
       -0.00762  -0.00756  -0.00753  -0.00751  -0.00744  -0.00737  -0.00734  -0.00730  -0.00725
       -0.00720  -0.00716  -0.00709  -0.00704  -0.00691  -0.00683  -0.00675  -0.00672  -0.00666
       -0.00664  -0.00656  -0.00654  -0.00644  -0.00642  -0.00637  -0.00634  -0.00627  -0.00623
       -0.00621  -0.00615  -0.00612  -0.00608  -0.00605  -0.00600  -0.00598  -0.00592  -0.00591
       -0.00591  -0.00586  -0.00581  -0.00572  -0.00571  -0.00564  -0.00558  -0.00553  -0.00551
       -0.00546  -0.00542  -0.00539  -0.00533  -0.00531  -0.00528  -0.00526  -0.00522  -0.00517
       -0.00510  -0.00510  -0.00506  -0.00501  -0.00501  -0.00493  -0.00493  -0.00490  -0.00487
       -0.00485  -0.00484  -0.00478  -0.00476  -0.00473  -0.00469  -0.00464  -0.00464  -0.00458
       -0.00453  -0.00451  -0.00449  -0.00446  -0.00443  -0.00441  -0.00439  -0.00434  -0.00431
       -0.00430  -0.00423  -0.00421  -0.00420  -0.00418  -0.00417  -0.00414  -0.00407  -0.00405
       -0.00401  -0.00400  -0.00396  -0.00394  -0.00391  -0.00387  -0.00386  -0.00385  -0.00383
       -0.00379  -0.00373  -0.00371  -0.00369  -0.00366  -0.00365  -0.00364  -0.00361  -0.00358
       -0.00355  -0.00354  -0.00352  -0.00349  -0.00346  -0.00343  -0.00340  -0.00338  -0.00335
       -0.00334  -0.00331  -0.00330  -0.00329  -0.00326  -0.00325  -0.00323  -0.00320  -0.00317
       -0.00315  -0.00312  -0.00310  -0.00309  -0.00307  -0.00304  -0.00303  -0.00298  -0.00297
       -0.00297  -0.00293  -0.00292  -0.00289  -0.00288  -0.00286  -0.00283  -0.00281  -0.00278
       -0.00277  -0.00275  -0.00274  -0.00271  -0.00270  -0.00267  -0.00264  -0.00263  -0.00261
       -0.00259  -0.00255  -0.00255  -0.00253  -0.00251  -0.00249  -0.00247  -0.00246  -0.00243
       -0.00243  -0.00240  -0.00238  -0.00236  -0.00235  -0.00234  -0.00232  -0.00230  -0.00228
       -0.00227  -0.00226  -0.00224  -0.00223  -0.00221  -0.00220  -0.00217  -0.00215  -0.00214
       -0.00210  -0.00209  -0.00208  -0.00206  -0.00205  -0.00203  -0.00202  -0.00200  -0.00199
       -0.00196  -0.00194  -0.00193  -0.00192  -0.00191  -0.00188  -0.00186  -0.00185  -0.00184
       -0.00181  -0.00178  -0.00178  -0.00177  -0.00175  -0.00174  -0.00173  -0.00171  -0.00170
       -0.00168  -0.00167  -0.00167  -0.00166  -0.00165  -0.00164  -0.00161  -0.00159  -0.00158
       -0.00157  -0.00156  -0.00153  -0.00152  -0.00149  -0.00149  -0.00147  -0.00146  -0.00146
       -0.00144  -0.00143  -0.00140  -0.00138  -0.00137  -0.00136  -0.00135  -0.00133  -0.00132
       -0.00131  -0.00129  -0.00127  -0.00126  -0.00125  -0.00124  -0.00123  -0.00121  -0.00119
       -0.00117  -0.00116  -0.00115  -0.00112  -0.00110  -0.00109  -0.00108  -0.00106  -0.00105
       -0.00103  -0.00102  -0.00098  -0.00075
        
     --------------------------------------------------------------------------------------------
     Tot. elapsed time 01m-47.9s,  time spent in last iteration 01m-47.9s
     --------------------------------------------------------------------------------------------

     [I/O] -------------------------------------------------------
     [I/O] RESTART written in < 00.1s             
     [I/O] In location   : ./clf_100_400.wstat.restart
     [I/O] -------------------------------------------------------

                       *----------*              *----------*               *----------*
     #     Iteration = |        1 |   DFPT_dim = |      400 |   Diago_dim = |      800 |
                       *----------*              *----------*               *----------*
       
     --------------------------------------------------------------------------------------------
     Applying projection operator formed by dvg                          
     --------------------------------------------------------------------------------------------
     per-process dynamical memory   224.0 Mb
  
       
     --------------------------------------------------------------------------------------------
     Sternheimer eq. solver... with threshold =   1.000000E-12           
     --------------------------------------------------------------------------------------------
     in progress... |#                   | 005% :               00.9s (E)               18.9s (X)
     in progress... |##                  | 010% :               01.8s (E)               18.7s (X)
     in progress... |###                 | 015% :               02.8s (E)               18.7s (X)
     in progress... |####                | 020% :               03.7s (E)               18.8s (X)
     in progress... |#####               | 025% :               04.6s (E)               18.7s (X)
     in progress... |######              | 030% :               05.6s (E)               18.7s (X)
     in progress... |#######             | 035% :               06.5s (E)               18.7s (X)
     in progress... |########            | 040% :               07.4s (E)               18.7s (X)
     in progress... |#########           | 045% :               08.4s (E)               18.7s (X)
     in progress... |##########          | 050% :               09.3s (E)               18.7s (X)
     in progress... |###########         | 055% :               10.2s (E)               18.7s (X)
     in progress... |############        | 060% :               11.2s (E)               18.7s (X)
     in progress... |#############       | 065% :               12.1s (E)               18.7s (X)
     in progress... |##############      | 070% :               13.0s (E)               18.6s (X)
     in progress... |###############     | 075% :               14.0s (E)               18.6s (X)
     in progress... |################    | 080% :               14.9s (E)               18.6s (X)
     in progress... |#################   | 085% :               15.8s (E)               18.7s (X)
     in progress... |##################  | 090% :               16.8s (E)               18.6s (X)
     in progress... |################### | 095% :               17.7s (E)               18.6s (X)
     in progress... |####################| 100% :               18.6s (E)               18.6s (X)
       
     --------------------------------------------------------------------------------------------
     Applying projection operator formed by dvg                          
     --------------------------------------------------------------------------------------------
     --------------------------------------------------------------------------------------------
     p-DIAGOX done in 00.4s with a SCALAPACK grid (12x12)
     --------------------------------------------------------------------------------------------
        
       -0.02951  -0.02853  -0.02852  -0.02826  -0.02754  -0.02744  -0.02739  -0.02591  -0.02589
       -0.02569  -0.02567  -0.02547  -0.02545  -0.02298  -0.02298  -0.02277  -0.02262  -0.02260
       -0.02172  -0.02172  -0.02134  -0.02127  -0.02115  -0.02114  -0.02062  -0.02062  -0.02040
       -0.02040  -0.02030  -0.02030  -0.01982  -0.01980  -0.01978  -0.01978  -0.01929  -0.01929
       -0.01926  -0.01925  -0.01916  -0.01853  -0.01852  -0.01846  -0.01845  -0.01836  -0.01835
       -0.01831  -0.01830  -0.01827  -0.01781  -0.01730  -0.01729  -0.01726  -0.01726  -0.01653
       -0.01653  -0.01650  -0.01650  -0.01646  -0.01642  -0.01627  -0.01626  -0.01591  -0.01590
       -0.01577  -0.01522  -0.01515  -0.01515  -0.01477  -0.01476  -0.01433  -0.01432  -0.01426
       -0.01424  -0.01424  -0.01366  -0.01365  -0.01355  -0.01354  -0.01340  -0.01340  -0.01320
       -0.01319  -0.01266  -0.01263  -0.01261  -0.01258  -0.01212  -0.01212  -0.01200  -0.01200
       -0.01182  -0.01181  -0.01174  -0.01173  -0.01171  -0.01170  -0.01158  -0.01157  -0.01153
       -0.01147  -0.01147  -0.01135  -0.01119  -0.01119  -0.01115  -0.01114  -0.01106  -0.01105
       -0.01080  -0.01080  -0.01074  -0.01072  -0.01070  -0.01069  -0.01039  -0.01038  -0.01026
       -0.01025  -0.01022  -0.01022  -0.01022  -0.01021  -0.01020  -0.01016  -0.01016  -0.00980
       -0.00980  -0.00980  -0.00979  -0.00969  -0.00968  -0.00963  -0.00956  -0.00956  -0.00938
       -0.00937  -0.00937  -0.00937  -0.00930  -0.00923  -0.00922  -0.00896  -0.00895  -0.00895
       -0.00894  -0.00893  -0.00881  -0.00880  -0.00879  -0.00870  -0.00868  -0.00861  -0.00860
       -0.00854  -0.00853  -0.00837  -0.00835  -0.00834  -0.00831  -0.00831  -0.00810  -0.00809
       -0.00793  -0.00792  -0.00790  -0.00772  -0.00770  -0.00770  -0.00769  -0.00764  -0.00763
       -0.00760  -0.00758  -0.00744  -0.00744  -0.00733  -0.00732  -0.00727  -0.00727  -0.00725
       -0.00710  -0.00709  -0.00708  -0.00707  -0.00704  -0.00701  -0.00697  -0.00696  -0.00687
       -0.00685  -0.00683  -0.00676  -0.00676  -0.00661  -0.00660  -0.00654  -0.00653  -0.00652
       -0.00651  -0.00650  -0.00645  -0.00644  -0.00638  -0.00634  -0.00633  -0.00631  -0.00630
       -0.00629  -0.00628  -0.00628  -0.00625  -0.00619  -0.00617  -0.00613  -0.00612  -0.00610
       -0.00609  -0.00607  -0.00607  -0.00599  -0.00597  -0.00597  -0.00590  -0.00588  -0.00582
       -0.00581  -0.00580  -0.00578  -0.00577  -0.00572  -0.00572  -0.00570  -0.00569  -0.00568
       -0.00567  -0.00564  -0.00563  -0.00562  -0.00560  -0.00556  -0.00554  -0.00553  -0.00550
       -0.00547  -0.00545  -0.00539  -0.00537  -0.00534  -0.00532  -0.00532  -0.00530  -0.00528
       -0.00527  -0.00525  -0.00521  -0.00520  -0.00518  -0.00514  -0.00512  -0.00510  -0.00505
       -0.00502  -0.00496  -0.00490  -0.00487  -0.00485  -0.00482  -0.00481  -0.00478  -0.00476
       -0.00474  -0.00472  -0.00470  -0.00467  -0.00465  -0.00462  -0.00461  -0.00461  -0.00460
       -0.00459  -0.00455  -0.00454  -0.00451  -0.00451  -0.00447  -0.00447  -0.00445  -0.00444
       -0.00442  -0.00441  -0.00441  -0.00439  -0.00438  -0.00436  -0.00432  -0.00431  -0.00430
       -0.00429  -0.00428  -0.00426  -0.00425  -0.00422  -0.00420  -0.00419  -0.00418  -0.00417
       -0.00415  -0.00412  -0.00411  -0.00408  -0.00408  -0.00406  -0.00404  -0.00403  -0.00401
       -0.00398  -0.00396  -0.00395  -0.00393  -0.00393  -0.00391  -0.00388  -0.00386  -0.00385
       -0.00382  -0.00378  -0.00377  -0.00376  -0.00371  -0.00369  -0.00368  -0.00368  -0.00366
       -0.00364  -0.00363  -0.00361  -0.00361  -0.00360  -0.00358  -0.00357  -0.00356  -0.00354
       -0.00354  -0.00351  -0.00351  -0.00350  -0.00349  -0.00348  -0.00346  -0.00344  -0.00343
       -0.00342  -0.00340  -0.00339  -0.00337  -0.00336  -0.00335  -0.00333  -0.00329  -0.00329
       -0.00327  -0.00326  -0.00324  -0.00323  -0.00321  -0.00318  -0.00318  -0.00316  -0.00314
       -0.00313  -0.00313  -0.00311  -0.00310  -0.00309  -0.00306  -0.00306  -0.00305  -0.00303
       -0.00301  -0.00301  -0.00301  -0.00300  -0.00300  -0.00297  -0.00296  -0.00294  -0.00294
       -0.00292  -0.00290  -0.00290  -0.00289  -0.00288  -0.00286  -0.00286  -0.00284  -0.00284
       -0.00282  -0.00281  -0.00280  -0.00279
        
     --------------------------------------------------------------------------------------------
     Tot. elapsed time 03m-32.2s,  time spent in last iteration 32.8s
     --------------------------------------------------------------------------------------------

     [I/O] -------------------------------------------------------
     [I/O] RESTART written in < 00.1s             
     [I/O] In location   : ./clf_100_400.wstat.restart
     [I/O] -------------------------------------------------------

                       *----------*              *----------*               *----------*
     #     Iteration = |        2 |   DFPT_dim = |      297 |   Diago_dim = |     1097 |
                       *----------*              *----------*               *----------*
       
     --------------------------------------------------------------------------------------------
     Applying projection operator formed by dvg                          
     --------------------------------------------------------------------------------------------
     per-process dynamical memory   223.4 Mb
  
       
     --------------------------------------------------------------------------------------------
     Sternheimer eq. solver... with threshold =   1.000000E-12           
     --------------------------------------------------------------------------------------------
     in progress... |#                   | 005% :               00.9s (E)               18.5s (X)
     in progress... |##                  | 010% :               01.3s (E)               13.8s (X)
     in progress... |###                 | 015% :               02.3s (E)               15.4s (X)
     in progress... |####                | 020% :               02.7s (E)               13.8s (X)
     in progress... |#####               | 025% :               03.7s (E)               14.8s (X)
     in progress... |######              | 030% :               04.1s (E)               13.9s (X)
     in progress... |#######             | 035% :               05.0s (E)               14.5s (X)
     in progress... |########            | 040% :               05.5s (E)               13.8s (X)
     in progress... |#########           | 045% :               06.4s (E)               14.3s (X)
     in progress... |##########          | 050% :               06.9s (E)               13.8s (X)
     in progress... |###########         | 055% :               07.8s (E)               14.2s (X)
     in progress... |############        | 060% :               08.3s (E)               13.8s (X)
     in progress... |#############       | 065% :               09.2s (E)               14.2s (X)
     in progress... |##############      | 070% :               09.7s (E)               13.8s (X)
     in progress... |###############     | 075% :               10.6s (E)               14.2s (X)
     in progress... |################    | 080% :               11.1s (E)               13.8s (X)
     in progress... |#################   | 085% :               12.0s (E)               14.1s (X)
     in progress... |##################  | 090% :               12.4s (E)               13.8s (X)
     in progress... |################### | 095% :               13.4s (E)               14.1s (X)
     in progress... |####################| 100% :               13.8s (E)               13.8s (X)
       
     --------------------------------------------------------------------------------------------
     Applying projection operator formed by dvg                          
     --------------------------------------------------------------------------------------------
     --------------------------------------------------------------------------------------------
     p-DIAGOX done in 00.6s with a SCALAPACK grid (12x12)
     --------------------------------------------------------------------------------------------
        
       -0.02951  -0.02853  -0.02852  -0.02826  -0.02754  -0.02745  -0.02739  -0.02591  -0.02589
       -0.02569  -0.02567  -0.02547  -0.02545  -0.02298  -0.02298  -0.02277  -0.02262  -0.02260
       -0.02172  -0.02172  -0.02134  -0.02127  -0.02115  -0.02114  -0.02062  -0.02062  -0.02040
       -0.02040  -0.02030  -0.02030  -0.01983  -0.01980  -0.01978  -0.01978  -0.01930  -0.01929
       -0.01926  -0.01926  -0.01916  -0.01853  -0.01852  -0.01846  -0.01846  -0.01836  -0.01836
       -0.01831  -0.01830  -0.01827  -0.01781  -0.01730  -0.01730  -0.01726  -0.01726  -0.01653
       -0.01653  -0.01650  -0.01650  -0.01646  -0.01642  -0.01627  -0.01627  -0.01591  -0.01591
       -0.01578  -0.01523  -0.01515  -0.01515  -0.01477  -0.01476  -0.01433  -0.01433  -0.01426
       -0.01424  -0.01424  -0.01366  -0.01366  -0.01355  -0.01355  -0.01341  -0.01341  -0.01320
       -0.01320  -0.01267  -0.01264  -0.01262  -0.01259  -0.01213  -0.01213  -0.01201  -0.01201
       -0.01182  -0.01182  -0.01175  -0.01175  -0.01172  -0.01172  -0.01159  -0.01159  -0.01155
       -0.01148  -0.01148  -0.01136  -0.01120  -0.01120  -0.01116  -0.01116  -0.01107  -0.01107
       -0.01082  -0.01082  -0.01075  -0.01074  -0.01071  -0.01071  -0.01041  -0.01041  -0.01028
       -0.01028  -0.01024  -0.01024  -0.01023  -0.01023  -0.01023  -0.01018  -0.01018  -0.00982
       -0.00982  -0.00982  -0.00982  -0.00971  -0.00971  -0.00965  -0.00959  -0.00959  -0.00940
       -0.00940  -0.00940  -0.00939  -0.00933  -0.00926  -0.00925  -0.00899  -0.00899  -0.00898
       -0.00898  -0.00897  -0.00883  -0.00883  -0.00882  -0.00872  -0.00872  -0.00863  -0.00863
       -0.00857  -0.00857  -0.00842  -0.00838  -0.00837  -0.00835  -0.00835  -0.00814  -0.00813
       -0.00798  -0.00798  -0.00795  -0.00776  -0.00776  -0.00774  -0.00773  -0.00767  -0.00767
       -0.00764  -0.00763  -0.00748  -0.00748  -0.00738  -0.00737  -0.00733  -0.00733  -0.00733
       -0.00715  -0.00715  -0.00712  -0.00712  -0.00708  -0.00708  -0.00701  -0.00701  -0.00691
       -0.00691  -0.00689  -0.00682  -0.00682  -0.00669  -0.00669  -0.00661  -0.00660  -0.00660
       -0.00659  -0.00659  -0.00651  -0.00651  -0.00646  -0.00641  -0.00641  -0.00639  -0.00639
       -0.00637  -0.00637  -0.00635  -0.00635  -0.00628  -0.00628  -0.00621  -0.00621  -0.00619
       -0.00619  -0.00618  -0.00618  -0.00608  -0.00607  -0.00607  -0.00600  -0.00600  -0.00590
       -0.00590  -0.00588  -0.00588  -0.00588  -0.00581  -0.00581  -0.00580  -0.00580  -0.00579
       -0.00578  -0.00578  -0.00577  -0.00571  -0.00571  -0.00566  -0.00566  -0.00566  -0.00566
       -0.00560  -0.00560  -0.00552  -0.00552  -0.00547  -0.00547  -0.00546  -0.00545  -0.00545
       -0.00538  -0.00538  -0.00536  -0.00536  -0.00533  -0.00528  -0.00528  -0.00527  -0.00525
       -0.00525  -0.00508  -0.00508  -0.00501  -0.00501  -0.00496  -0.00495  -0.00492  -0.00492
       -0.00490  -0.00487  -0.00486  -0.00485  -0.00479  -0.00479  -0.00478  -0.00477  -0.00476
       -0.00476  -0.00473  -0.00473  -0.00472  -0.00472  -0.00464  -0.00460  -0.00460  -0.00460
       -0.00460  -0.00460  -0.00459  -0.00459  -0.00458  -0.00455  -0.00455  -0.00452  -0.00451
       -0.00448  -0.00448  -0.00445  -0.00444  -0.00442  -0.00442  -0.00440  -0.00440  -0.00438
       -0.00435  -0.00434  -0.00434  -0.00430  -0.00430  -0.00429  -0.00429  -0.00422  -0.00421
       -0.00421  -0.00421  -0.00417  -0.00417  -0.00414  -0.00413  -0.00413  -0.00412  -0.00411
       -0.00411  -0.00411  -0.00403  -0.00402  -0.00393  -0.00393  -0.00391  -0.00389  -0.00388
       -0.00388  -0.00387  -0.00387  -0.00387  -0.00384  -0.00384  -0.00384  -0.00384  -0.00383
       -0.00383  -0.00382  -0.00374  -0.00374  -0.00374  -0.00373  -0.00371  -0.00371  -0.00371
       -0.00370  -0.00370  -0.00369  -0.00369  -0.00369  -0.00368  -0.00368  -0.00364  -0.00364
       -0.00363  -0.00363  -0.00359  -0.00352  -0.00352  -0.00352  -0.00351  -0.00348  -0.00347
       -0.00346  -0.00345  -0.00342  -0.00341  -0.00340  -0.00339  -0.00338  -0.00337  -0.00337
       -0.00337  -0.00337  -0.00335  -0.00334  -0.00333  -0.00333  -0.00333  -0.00332  -0.00332
       -0.00330  -0.00329  -0.00328  -0.00327  -0.00326  -0.00325  -0.00323  -0.00322  -0.00322
       -0.00322  -0.00321  -0.00320  -0.00319
        
     --------------------------------------------------------------------------------------------
     Tot. elapsed time 05m-13.5s,  time spent in last iteration 29.0s
     --------------------------------------------------------------------------------------------

     [I/O] -------------------------------------------------------
     [I/O] RESTART written in < 00.1s             
     [I/O] In location   : ./clf_100_400.wstat.restart
     [I/O] -------------------------------------------------------

                       *----------*              *----------*               *----------*
     #     Iteration = |        3 |   DFPT_dim = |       38 |   Diago_dim = |     1135 |
                       *----------*              *----------*               *----------*
       
     --------------------------------------------------------------------------------------------
     Applying projection operator formed by dvg                          
     --------------------------------------------------------------------------------------------
     per-process dynamical memory   218.9 Mb
  
       
     --------------------------------------------------------------------------------------------
     Sternheimer eq. solver... with threshold =   1.000000E-12           
     --------------------------------------------------------------------------------------------
     in progress... |#####               | 025% :               00.4s (E)               01.8s (X)
     in progress... |##########          | 050% :               00.9s (E)               01.8s (X)
     in progress... |###############     | 075% :               01.3s (E)               01.8s (X)
     in progress... |####################| 100% :               01.8s (E)               01.8s (X)
       
     --------------------------------------------------------------------------------------------
     Applying projection operator formed by dvg                          
     --------------------------------------------------------------------------------------------
     --------------------------------------------------------------------------------------------
     p-DIAGOX done in 00.6s with a SCALAPACK grid (12x12)
     --------------------------------------------------------------------------------------------
        
       -0.02951  -0.02853  -0.02852  -0.02826  -0.02754  -0.02745  -0.02739  -0.02591  -0.02589
       -0.02569  -0.02567  -0.02547  -0.02545  -0.02298  -0.02298  -0.02277  -0.02262  -0.02260
       -0.02172  -0.02172  -0.02134  -0.02127  -0.02115  -0.02114  -0.02062  -0.02062  -0.02040
       -0.02040  -0.02030  -0.02030  -0.01983  -0.01980  -0.01978  -0.01978  -0.01930  -0.01929
       -0.01926  -0.01926  -0.01916  -0.01853  -0.01852  -0.01846  -0.01846  -0.01836  -0.01836
       -0.01831  -0.01830  -0.01827  -0.01781  -0.01730  -0.01730  -0.01726  -0.01726  -0.01653
       -0.01653  -0.01650  -0.01650  -0.01646  -0.01642  -0.01627  -0.01627  -0.01591  -0.01591
       -0.01578  -0.01523  -0.01515  -0.01515  -0.01477  -0.01476  -0.01433  -0.01433  -0.01426
       -0.01424  -0.01424  -0.01366  -0.01366  -0.01355  -0.01355  -0.01341  -0.01341  -0.01320
       -0.01320  -0.01267  -0.01264  -0.01262  -0.01259  -0.01213  -0.01213  -0.01201  -0.01201
       -0.01182  -0.01182  -0.01175  -0.01175  -0.01172  -0.01172  -0.01159  -0.01159  -0.01155
       -0.01148  -0.01148  -0.01136  -0.01120  -0.01120  -0.01116  -0.01116  -0.01107  -0.01107
       -0.01082  -0.01082  -0.01075  -0.01074  -0.01071  -0.01071  -0.01041  -0.01041  -0.01028
       -0.01028  -0.01024  -0.01024  -0.01023  -0.01023  -0.01023  -0.01018  -0.01018  -0.00982
       -0.00982  -0.00982  -0.00982  -0.00971  -0.00971  -0.00965  -0.00959  -0.00959  -0.00940
       -0.00940  -0.00940  -0.00939  -0.00933  -0.00926  -0.00925  -0.00899  -0.00899  -0.00898
       -0.00898  -0.00897  -0.00883  -0.00883  -0.00882  -0.00872  -0.00872  -0.00863  -0.00863
       -0.00857  -0.00857  -0.00842  -0.00838  -0.00837  -0.00835  -0.00835  -0.00814  -0.00813
       -0.00798  -0.00798  -0.00795  -0.00776  -0.00776  -0.00774  -0.00773  -0.00767  -0.00767
       -0.00764  -0.00763  -0.00749  -0.00748  -0.00738  -0.00737  -0.00733  -0.00733  -0.00733
       -0.00715  -0.00715  -0.00712  -0.00712  -0.00708  -0.00708  -0.00701  -0.00701  -0.00691
       -0.00691  -0.00689  -0.00682  -0.00682  -0.00669  -0.00669  -0.00661  -0.00660  -0.00660
       -0.00659  -0.00659  -0.00651  -0.00651  -0.00646  -0.00641  -0.00641  -0.00639  -0.00639
       -0.00637  -0.00637  -0.00635  -0.00635  -0.00628  -0.00628  -0.00621  -0.00621  -0.00619
       -0.00619  -0.00618  -0.00618  -0.00608  -0.00608  -0.00607  -0.00600  -0.00600  -0.00590
       -0.00590  -0.00588  -0.00588  -0.00588  -0.00581  -0.00581  -0.00580  -0.00580  -0.00579
       -0.00578  -0.00578  -0.00577  -0.00571  -0.00571  -0.00566  -0.00566  -0.00566  -0.00566
       -0.00560  -0.00560  -0.00552  -0.00552  -0.00547  -0.00547  -0.00546  -0.00546  -0.00545
       -0.00538  -0.00538  -0.00536  -0.00536  -0.00533  -0.00528  -0.00528  -0.00527  -0.00525
       -0.00525  -0.00508  -0.00508  -0.00501  -0.00501  -0.00496  -0.00496  -0.00492  -0.00492
       -0.00490  -0.00487  -0.00487  -0.00485  -0.00479  -0.00479  -0.00478  -0.00478  -0.00477
       -0.00476  -0.00473  -0.00473  -0.00472  -0.00472  -0.00464  -0.00461  -0.00460  -0.00460
       -0.00460  -0.00460  -0.00460  -0.00459  -0.00459  -0.00455  -0.00455  -0.00452  -0.00452
       -0.00448  -0.00448  -0.00445  -0.00445  -0.00442  -0.00442  -0.00440  -0.00440  -0.00439
       -0.00435  -0.00435  -0.00435  -0.00430  -0.00430  -0.00430  -0.00429  -0.00422  -0.00422
       -0.00422  -0.00421  -0.00417  -0.00417  -0.00414  -0.00414  -0.00413  -0.00412  -0.00412
       -0.00412  -0.00411  -0.00403  -0.00403  -0.00394  -0.00394  -0.00391  -0.00389  -0.00389
       -0.00388  -0.00388  -0.00388  -0.00387  -0.00385  -0.00385  -0.00384  -0.00384  -0.00384
       -0.00383  -0.00383  -0.00375  -0.00375  -0.00374  -0.00374  -0.00372  -0.00372  -0.00371
       -0.00371  -0.00370  -0.00370  -0.00370  -0.00369  -0.00369  -0.00369  -0.00366  -0.00366
       -0.00365  -0.00365  -0.00362  -0.00355  -0.00355  -0.00354  -0.00353  -0.00352  -0.00352
       -0.00348  -0.00348  -0.00343  -0.00343  -0.00342  -0.00342  -0.00341  -0.00340  -0.00340
       -0.00340  -0.00339  -0.00339  -0.00337  -0.00337  -0.00337  -0.00336  -0.00336  -0.00335
       -0.00335  -0.00333  -0.00332  -0.00331  -0.00331  -0.00329  -0.00326  -0.00326  -0.00325
       -0.00325  -0.00325  -0.00325  -0.00325
        
     --------------------------------------------------------------------------------------------
     Tot. elapsed time 06m-36.5s,  time spent in last iteration 09.5s
     --------------------------------------------------------------------------------------------
       
     --------------------------------------------------------------------------------------------
     Convergence achieved !!! in        3 steps                          
     --------------------------------------------------------------------------------------------
      
     --------------------------------------------------------------------------------------------
     Database written in < 00.1s             
     In location : ./clf_100_400.wstat.save
     --------------------------------------------------------------------------------------------
 
     WSTAT        :  6m48.82s CPU    13m 9.96s WALL

     wstat_readin :      6.39s CPU     41.07s WALL (       1 calls)
     fetch_nml    :      0.00s CPU      0.00s WALL (       1 calls)
     read_xml     :      1.30s CPU      1.50s WALL (       1 calls)
     init_vloc    :      0.11s CPU      0.11s WALL (       2 calls)
     fft          :      0.26s CPU      0.28s WALL (      11 calls)
     fft_scatter  :     41.30s CPU     41.57s WALL (   12517 calls)
     v_of_rho     :      0.29s CPU      0.31s WALL (       1 calls)
     v_xc         :      0.26s CPU      0.28s WALL (       1 calls)
     v_h          :      0.03s CPU      0.04s WALL (       1 calls)
     read_wave    :      5.08s CPU     39.40s WALL (       1 calls)
     davcio       :      0.00s CPU      2.78s WALL (       2 calls)
     init_us_1    :      0.01s CPU      0.02s WALL (       2 calls)
     do_setup     :      0.17s CPU      0.18s WALL (       1 calls)
     init_pw_ar   :      0.16s CPU      0.18s WALL (       1 calls)
     init_at_1    :      0.00s CPU      0.00s WALL (       1 calls)
     storesqvc    :      0.01s CPU      0.01s WALL (       1 calls)
     chidiago     :    200.29s CPU    302.24s WALL (       1 calls)
     randomize    :      1.15s CPU      1.17s WALL (       2 calls)
     paramgs      :     14.33s CPU     14.49s WALL (      11 calls)
     dfpt         :    223.76s CPU    225.65s WALL (      10 calls)
     init_us_2    :      0.04s CPU      0.04s WALL (      10 calls)
     fftw         :    115.73s CPU    116.59s WALL (   12506 calls)
     alphapc      :      0.43s CPU      0.43s WALL (     198 calls)
     wstat_restar :    112.26s CPU    416.38s WALL (       8 calls)
     linstern     :    145.97s CPU    147.07s WALL (     148 calls)
     stern        :    129.14s CPU    130.09s WALL (    4285 calls)
     h_psi_bgrp   :    117.93s CPU    118.81s WALL (    1299 calls)
     h_psi        :    117.92s CPU    118.81s WALL (    1299 calls)
     h_psi:pot    :    117.20s CPU    118.08s WALL (    1299 calls)
     vloc_psi     :    111.59s CPU    112.40s WALL (    1299 calls)
     h_psi:calbec :      3.44s CPU      3.19s WALL (    1299 calls)
     calbec       :      3.44s CPU      3.19s WALL (    1299 calls)
     add_vuspsi   :      2.16s CPU      2.47s WALL (    1299 calls)
     alphapv      :      6.59s CPU      6.61s WALL (    4285 calls)
     build_hr     :      8.04s CPU      8.27s WALL (       8 calls)
     diagox       :      2.42s CPU      2.48s WALL (       8 calls)
     redistr_vr   :      0.30s CPU      0.32s WALL (       6 calls)
     update_vr    :     13.60s CPU     13.92s WALL (       6 calls)
     symm_hr      :      0.32s CPU      0.33s WALL (       6 calls)
     chidiago:las :      0.00s CPU      0.00s WALL (       1 calls)
     refresh_vr   :      4.80s CPU      4.88s WALL (       2 calls)
     pdep_db      :      3.25s CPU     10.21s WALL (       1 calls)
     kinchidiago  :    201.95s CPU    446.43s WALL (       1 calls)
     k_psi        :      1.43s CPU      1.48s WALL (    2986 calls)
     kinchidiago: :      0.00s CPU      0.00s WALL (       1 calls)
     pdep_db_for_ :     11.60s CPU     37.66s WALL (       1 calls)
 
     WSTAT        :  6m48.82s CPU    13m 9.96s WALL

 
   This run was terminated on:  11:15:42  10May2018            

=------------------------------------------------------------------------------=
   JOB DONE.
=------------------------------------------------------------------------------=
