
     Program WSTAT v. 2.0.0 starts on 10May2018 at 11:15:48 

     This program is part of the open-source West suite
     for massively parallel calculations of excited states in materials; please cite
         "M. Govoni et al., J. Chem. Theory Comput. 11, 2680 (2015);
          URL http://www.west-code.org", 
     in publications or presentations arising from this work.

     Based on the Quantum ESPRESSO v. 6.1 svn rev. 13369
       
     --------------------------------------------------------------------------------------------
     **MPI** Parallelization Status                                      
     --------------------------------------------------------------------------------------------
                   160                  10             1             1            16
     --------------------------------------------------------------------------------------------
                     N         =         I      X      P      X      B      X      Z
                     ^                   ^             ^             ^             ^
                     |                   |             |             |             |
                   #rnk                  |             |             |             |
                                      #image           |             |             |
                                                     #pool           |             |
                                                                   #bgrp           |
                                                                                 #R&G
     --------------------------------------------------------------------------------------------
     **OPENMP** Parallelization Status
     #thr/rnk               =            1
     --------------------------------------------------------------------------------------------
     #prc = (rnk) * (thr) =          160
     --------------------------------------------------------------------------------------------
       
     --------------------------------------------------------------------------------------------
     I/O Summary : input_west                                            
     --------------------------------------------------------------------------------------------
     qe_prefix      = clf
     west_prefix    = clf
     outdir         = ./
     --------------------------------------------------------------------------------------------
       
     --------------------------------------------------------------------------------------------
     I/O Summary : wstat_control                                         
     --------------------------------------------------------------------------------------------
     wstat_calculation              =              S
     n_pdep_eigen                   =            420
     n_kin_pdep_eigen               =              0
     n_lindhard_eigen               =              0
     n_pdep_times                   =              4
     n_pdep_maxiter                 =            100
     n_dfpt_maxiter                 =            250
     n_pdep_read_from_file          =              0
     trev_pdep                      =   1.000000E-03
     trev_pdep_rel                  =   1.000000E-01
     tr2_dfpt                       =   1.000000E-12
     l_kinetic_only                 =              F
     l_minimize_exx_if_active       =              F
     l_use_ecutrho                  =              F
     l_pure_eigen                   =              F
     --------------------------------------------------------------------------------------------

     Reading data from directory:
     ./clf.save

   Info: using nr1, nr2, nr3 values from input

   Info: using nr1, nr2, nr3 values from input

     IMPORTANT: XC functional enforced from input :
     Exchange-correlation      = PBE ( 1  4  3  4 0 0)
     Any further DFT definition will be discarded
     Please, verify this is what you really want

     Message from routine readpp:
     file ./clf.save/F_ONCV_PBE-1.0.upf not found
     Message from routine readpp:
     file ./clf.save/Cl_ONCV_PBE-1.0.upf not found
 
     Parallelization info
     --------------------
     sticks:   dense  smooth     PW     G-vecs:    dense   smooth      PW
     Min        1520    1520    379               178660   178660   22323
     Max        1522    1522    384               178666   178666   22328
     Sum       24345   24345   6093              2858633  2858633  357213
 
       
     --------------------------------------------------------------------------------------------
     System Overview                                                     
     --------------------------------------------------------------------------------------------
     gamma_only           =              T
     ecutwfc [Ry]         =      85.000000
     omega [au^3]         =   2.700000E+04
     glob. #G             =         178607
     nbnd                 =            100
     nkstot               =              1
     nspin                =              1
     nelec                =      14.000000
     npol                 =              1
     lsda                 =              F
     noncolin             =              F
     lspinorb             =              F
     domag                =              F
     --------------------------------------------------------------------------------------------

     sFFT G-space:  1429317 G-vectors     R-space: ( 180, 180, 180)
     dFFT G-space:  1429317 G-vectors     R-space: ( 180, 180, 180)

     Cell [a.u.]          =      30.000000      0.000000      0.000000
                          =       0.000000     30.000000      0.000000
                          =       0.000000      0.000000     30.000000
      
     number of ks points=     1
                       cart. coord. in units 2pi/alat
        k(    1) = (   0.0000000   0.0000000   0.0000000), wk =   2.0000000

                       cryst. coord.
        k(    1) = (   0.0000000   0.0000000   0.0000000), wk =   2.0000000
 
     Spherical div        =   1.654268E-01
     Orthorombic div      =   1.628502E-01
       
     --------------------------------------------------------------------------------------------
     Parallelization for nvecx                                           
     --------------------------------------------------------------------------------------------
     nglob                =           1680
     nlevel               =             10
     Min nglob/nlevel     =            168
     Max nglob/nlevel     =            168
     --------------------------------------------------------------------------------------------

     [MEM] ----------------------------------------------------------
     [MEM] **Memory** analysis: QE
     [MEM] ----------------------------------------------------------
     [MEM] Allocated arrays           est. size (Mb)     dimensions
     [MEM] ----------------------------------------------------------
     [MEM] Kohn-Sham Wavefunctions      17.03 Mb     (  11164,  100)
     [MEM] NL pseudopotentials           2.73 Mb     (  11164,   16)
     [MEM] Each V/rho on FFT grid        5.93 Mb     ( 388800)
     [MEM] Each G-vector array           0.68 Mb     (  89333)
     [MEM] G-vector shells               0.05 Mb     (   6125)
     [MEM] ----------------------------------------------------------
     [MEM] TOT                          26.42 Mb
     [MEM] ----------------------------------------------------------
     [MEM] 
     [MEM] ----------------------------------------------------------
     [MEM] **Memory** analysis: WSTAT global
     [MEM] ----------------------------------------------------------
     [MEM] Allocated arrays           est. size (Mb)     dimensions
     [MEM] ----------------------------------------------------------
     [MEM] dvg                          28.62 Mb     (  11164,  168)
     [MEM] dng                          28.62 Mb     (  11164,  168)
     [MEM] hr_distr                      2.15 Mb     (   1680,  168)
     [MEM] vr_distr                      2.15 Mb     (   1680,  168)
     [MEM] ----------------------------------------------------------
     [MEM] TOT                          61.54 Mb
     [MEM] ----------------------------------------------------------
     [MEM] 
     [MEM] ----------------------------------------------------------
     [MEM] **Memory** analysis: WSTAT temporary
     [MEM] ----------------------------------------------------------
     [MEM] Allocated arrays           est. size (Mb)     dimensions
     [MEM] ----------------------------------------------------------
     [MEM] dvpsi                         1.19 Mb     (  11164,    7)
     [MEM] dpsi                          1.19 Mb     (  11164,    7)
     [MEM] ----------------------------------------------------------
     [MEM] Total estimate                2.38 Mb
     [MEM] ----------------------------------------------------------

                       *----------*              *----------*               *----------*
     #     Iteration = | starting |   DFPT_dim = |      420 |   Diago_dim = |      420 |  x 1/2
                       *----------*              *----------*               *----------*
     per-process dynamical memory   168.7 Mb
  
       
     --------------------------------------------------------------------------------------------
     Sternheimer eq. solver... with lite-solver                          
     --------------------------------------------------------------------------------------------
     in progress... |#                   | 005% :               00.7s (E)               15.4s (X)
     in progress... |##                  | 010% :               01.2s (E)               12.7s (X)
     in progress... |###                 | 015% :               01.7s (E)               11.9s (X)
     in progress... |####                | 020% :               02.2s (E)               11.4s (X)
     in progress... |#####               | 025% :               02.8s (E)               11.2s (X)
     in progress... |######              | 030% :               03.3s (E)               11.0s (X)
     in progress... |#######             | 035% :               03.8s (E)               10.8s (X)
     in progress... |########            | 040% :               04.3s (E)               10.8s (X)
     in progress... |#########           | 045% :               04.8s (E)               10.7s (X)
     in progress... |##########          | 050% :               05.3s (E)               10.6s (X)
     in progress... |###########         | 055% :               06.0s (E)               11.0s (X)
     in progress... |############        | 060% :               06.5s (E)               10.9s (X)
     in progress... |#############       | 065% :               07.1s (E)               10.9s (X)
     in progress... |##############      | 070% :               07.6s (E)               10.8s (X)
     in progress... |###############     | 075% :               08.1s (E)               10.8s (X)
     in progress... |################    | 080% :               08.6s (E)               10.7s (X)
     in progress... |#################   | 085% :               09.1s (E)               10.7s (X)
     in progress... |##################  | 090% :               09.6s (E)               10.7s (X)
     in progress... |################### | 095% :               10.1s (E)               10.6s (X)
     in progress... |####################| 100% :               10.6s (E)               10.6s (X)
     --------------------------------------------------------------------------------------------

     [I/O] -------------------------------------------------------
     [I/O] RESTART written in < 00.1s             
     [I/O] In location   : ./clf_420.wstat.restart
     [I/O] -------------------------------------------------------

                       *----------*              *----------*               *----------*
     #     Iteration = | starting |   DFPT_dim = |      420 |   Diago_dim = |      420 |  x 2/2
                       *----------*              *----------*               *----------*
     per-process dynamical memory   175.6 Mb
  
       
     --------------------------------------------------------------------------------------------
     Sternheimer eq. solver... with threshold =   1.000000E-06           
     --------------------------------------------------------------------------------------------
     in progress... |#                   | 005% :               09.0s (E)           03m-01.2s (X)
     in progress... |##                  | 010% :               15.0s (E)           02m-30.3s (X)
     in progress... |###                 | 015% :               20.8s (E)           02m-19.0s (X)
     in progress... |####                | 020% :               26.5s (E)           02m-12.7s (X)
     in progress... |#####               | 025% :               32.2s (E)           02m-09.0s (X)
     in progress... |######              | 030% :               37.8s (E)           02m-06.2s (X)
     in progress... |#######             | 035% :               43.5s (E)           02m-04.2s (X)
     in progress... |########            | 040% :               49.0s (E)           02m-02.6s (X)
     in progress... |#########           | 045% :               54.5s (E)           02m-01.2s (X)
     in progress... |##########          | 050% :           01m-00.1s (E)           02m-00.2s (X)
     in progress... |###########         | 055% :           01m-08.3s (E)           02m-04.3s (X)
     in progress... |############        | 060% :           01m-13.7s (E)           02m-02.9s (X)
     in progress... |#############       | 065% :           01m-19.2s (E)           02m-01.9s (X)
     in progress... |##############      | 070% :           01m-24.8s (E)           02m-01.1s (X)
     in progress... |###############     | 075% :           01m-30.1s (E)           02m-00.2s (X)
     in progress... |################    | 080% :           01m-35.5s (E)           01m-59.4s (X)
     in progress... |#################   | 085% :           01m-40.9s (E)           01m-58.7s (X)
     in progress... |##################  | 090% :           01m-46.2s (E)           01m-58.0s (X)
     in progress... |################### | 095% :           01m-51.5s (E)           01m-57.4s (X)
     in progress... |####################| 100% :           01m-56.8s (E)           01m-56.8s (X)
     --------------------------------------------------------------------------------------------
     p-DIAGOX done in 00.3s with a SCALAPACK grid (12x12)
     --------------------------------------------------------------------------------------------
        
       -2.77049  -1.53424  -1.51355  -1.51342  -0.91632  -0.85470  -0.85461  -0.73757  -0.60204
       -0.60192  -0.46670  -0.44699  -0.44677  -0.39039  -0.39036  -0.37654  -0.37645  -0.32917
       -0.31622  -0.31619  -0.30296  -0.30284  -0.26559  -0.26557  -0.26392  -0.25314  -0.22990
       -0.22982  -0.20854  -0.20842  -0.17875  -0.16995  -0.16984  -0.15553  -0.14163  -0.14035
       -0.14031  -0.13670  -0.13656  -0.13351  -0.13341  -0.13127  -0.13126  -0.12332  -0.12321
       -0.11698  -0.10283  -0.10265  -0.09846  -0.09576  -0.09568  -0.09322  -0.08797  -0.08792
       -0.08193  -0.08188  -0.07862  -0.07857  -0.07551  -0.07511  -0.07509  -0.06924  -0.06900
       -0.06505  -0.06486  -0.06306  -0.06282  -0.06178  -0.05559  -0.05064  -0.05050  -0.04977
       -0.04965  -0.04895  -0.04881  -0.04833  -0.04811  -0.04800  -0.04676  -0.04661  -0.04651
       -0.04636  -0.04623  -0.04525  -0.04517  -0.04356  -0.04260  -0.04254  -0.04079  -0.04068
       -0.03953  -0.03944  -0.03873  -0.03844  -0.03634  -0.03627  -0.03573  -0.03501  -0.03482
       -0.03421  -0.03410  -0.03375  -0.03348  -0.03275  -0.03253  -0.03240  -0.03075  -0.03056
       -0.03036  -0.03015  -0.02951  -0.02945  -0.02929  -0.02677  -0.02668  -0.02651  -0.02635
       -0.02539  -0.02520  -0.02491  -0.02421  -0.02376  -0.02302  -0.02291  -0.02266  -0.02250
       -0.02223  -0.02219  -0.02191  -0.02172  -0.02161  -0.02151  -0.02131  -0.02111  -0.02095
       -0.02090  -0.02060  -0.02048  -0.02031  -0.02022  -0.02010  -0.02001  -0.01984  -0.01969
       -0.01951  -0.01943  -0.01916  -0.01898  -0.01882  -0.01848  -0.01838  -0.01805  -0.01792
       -0.01783  -0.01758  -0.01745  -0.01735  -0.01692  -0.01686  -0.01666  -0.01638  -0.01631
       -0.01617  -0.01593  -0.01584  -0.01559  -0.01522  -0.01515  -0.01507  -0.01476  -0.01471
       -0.01427  -0.01417  -0.01406  -0.01402  -0.01381  -0.01366  -0.01354  -0.01329  -0.01315
       -0.01298  -0.01296  -0.01262  -0.01248  -0.01242  -0.01228  -0.01222  -0.01213  -0.01194
       -0.01184  -0.01171  -0.01157  -0.01155  -0.01146  -0.01138  -0.01129  -0.01124  -0.01114
       -0.01111  -0.01100  -0.01090  -0.01083  -0.01076  -0.01072  -0.01051  -0.01049  -0.01044
       -0.01026  -0.01015  -0.01013  -0.00996  -0.00991  -0.00982  -0.00970  -0.00961  -0.00960
       -0.00946  -0.00942  -0.00937  -0.00924  -0.00922  -0.00905  -0.00898  -0.00892  -0.00886
       -0.00879  -0.00872  -0.00863  -0.00861  -0.00854  -0.00847  -0.00838  -0.00831  -0.00817
       -0.00813  -0.00806  -0.00802  -0.00800  -0.00792  -0.00787  -0.00779  -0.00775  -0.00769
       -0.00760  -0.00755  -0.00751  -0.00750  -0.00738  -0.00737  -0.00732  -0.00726  -0.00711
       -0.00705  -0.00697  -0.00693  -0.00687  -0.00680  -0.00670  -0.00667  -0.00661  -0.00655
       -0.00648  -0.00644  -0.00638  -0.00630  -0.00620  -0.00618  -0.00613  -0.00608  -0.00600
       -0.00592  -0.00589  -0.00584  -0.00580  -0.00573  -0.00565  -0.00562  -0.00556  -0.00553
       -0.00550  -0.00545  -0.00541  -0.00540  -0.00534  -0.00530  -0.00527  -0.00524  -0.00521
       -0.00515  -0.00509  -0.00507  -0.00501  -0.00500  -0.00495  -0.00494  -0.00487  -0.00483
       -0.00479  -0.00472  -0.00470  -0.00467  -0.00464  -0.00460  -0.00457  -0.00453  -0.00447
       -0.00445  -0.00437  -0.00437  -0.00431  -0.00428  -0.00426  -0.00422  -0.00420  -0.00418
       -0.00414  -0.00411  -0.00407  -0.00405  -0.00399  -0.00397  -0.00395  -0.00390  -0.00385
       -0.00384  -0.00379  -0.00378  -0.00374  -0.00371  -0.00367  -0.00364  -0.00362  -0.00357
       -0.00355  -0.00354  -0.00349  -0.00345  -0.00342  -0.00339  -0.00334  -0.00333  -0.00332
       -0.00327  -0.00323  -0.00321  -0.00321  -0.00317  -0.00314  -0.00310  -0.00310  -0.00308
       -0.00303  -0.00299  -0.00299  -0.00296  -0.00293  -0.00292  -0.00288  -0.00284  -0.00282
       -0.00279  -0.00277  -0.00274  -0.00271  -0.00267  -0.00266  -0.00264  -0.00261  -0.00260
       -0.00256  -0.00255  -0.00252  -0.00248  -0.00245  -0.00244  -0.00242  -0.00238  -0.00236
       -0.00234  -0.00231  -0.00230  -0.00226  -0.00225  -0.00223  -0.00222  -0.00219  -0.00216
       -0.00213  -0.00212  -0.00211  -0.00209  -0.00205  -0.00204  -0.00202  -0.00198  -0.00197
       -0.00193  -0.00191  -0.00190  -0.00187  -0.00186  -0.00184  -0.00182  -0.00179  -0.00177
       -0.00176  -0.00172  -0.00171  -0.00168  -0.00166  -0.00164  -0.00160  -0.00159  -0.00157
       -0.00153  -0.00151  -0.00148  -0.00144  -0.00138  -0.00130
        
     --------------------------------------------------------------------------------------------
     Tot. elapsed time 03m-46.6s,  time spent in last iteration 03m-46.6s
     --------------------------------------------------------------------------------------------

     [I/O] -------------------------------------------------------
     [I/O] RESTART written in < 00.1s             
     [I/O] In location   : ./clf_420.wstat.restart
     [I/O] -------------------------------------------------------

                       *----------*              *----------*               *----------*
     #     Iteration = |        1 |   DFPT_dim = |      420 |   Diago_dim = |      840 |
                       *----------*              *----------*               *----------*
     per-process dynamical memory   163.5 Mb
  
       
     --------------------------------------------------------------------------------------------
     Sternheimer eq. solver... with threshold =   1.000000E-12           
     --------------------------------------------------------------------------------------------
     in progress... |#                   | 005% :               13.1s (E)           04m-23.7s (X)
     in progress... |##                  | 010% :               21.7s (E)           03m-37.4s (X)
     in progress... |###                 | 015% :               30.2s (E)           03m-21.5s (X)
     in progress... |####                | 020% :               38.6s (E)           03m-13.4s (X)
     in progress... |#####               | 025% :               47.1s (E)           03m-08.5s (X)
     in progress... |######              | 030% :               55.5s (E)           03m-05.3s (X)
     in progress... |#######             | 035% :           01m-04.0s (E)           03m-03.0s (X)
     in progress... |########            | 040% :           01m-12.4s (E)           03m-01.2s (X)
     in progress... |#########           | 045% :           01m-20.8s (E)           02m-59.7s (X)
     in progress... |##########          | 050% :           01m-29.3s (E)           02m-58.6s (X)
     in progress... |###########         | 055% :           01m-41.8s (E)           03m-05.2s (X)
     in progress... |############        | 060% :           01m-50.2s (E)           03m-03.7s (X)
     in progress... |#############       | 065% :           01m-58.6s (E)           03m-02.4s (X)
     in progress... |##############      | 070% :           02m-06.9s (E)           03m-01.3s (X)
     in progress... |###############     | 075% :           02m-15.2s (E)           03m-00.3s (X)
     in progress... |################    | 080% :           02m-23.5s (E)           02m-59.4s (X)
     in progress... |#################   | 085% :           02m-31.8s (E)           02m-58.6s (X)
     in progress... |##################  | 090% :           02m-40.1s (E)           02m-57.9s (X)
     in progress... |################### | 095% :           02m-48.4s (E)           02m-57.2s (X)
     in progress... |####################| 100% :           02m-56.6s (E)           02m-56.6s (X)
     --------------------------------------------------------------------------------------------
     p-DIAGOX done in 00.5s with a SCALAPACK grid (12x12)
     --------------------------------------------------------------------------------------------
        
       -3.03807  -1.53524  -1.51413  -1.51413  -1.11279  -0.85621  -0.85621  -0.73979  -0.60263
       -0.60263  -0.48517  -0.44845  -0.44845  -0.39065  -0.39064  -0.37723  -0.37722  -0.33706
       -0.31665  -0.31665  -0.30356  -0.30356  -0.26603  -0.26603  -0.26512  -0.25716  -0.23132
       -0.23132  -0.20896  -0.20896  -0.19907  -0.17035  -0.17029  -0.16844  -0.15580  -0.14063
       -0.14063  -0.13774  -0.13774  -0.13476  -0.13476  -0.13211  -0.13210  -0.12375  -0.12375
       -0.11990  -0.10409  -0.10409  -0.10344  -0.09706  -0.09594  -0.09594  -0.08820  -0.08820
       -0.08230  -0.08230  -0.07902  -0.07902  -0.07731  -0.07586  -0.07586  -0.06989  -0.06989
       -0.06591  -0.06591  -0.06396  -0.06396  -0.06355  -0.06210  -0.05366  -0.05128  -0.05128
       -0.05039  -0.05039  -0.04971  -0.04970  -0.04916  -0.04916  -0.04816  -0.04744  -0.04744
       -0.04713  -0.04712  -0.04622  -0.04622  -0.04502  -0.04306  -0.04306  -0.04180  -0.04180
       -0.04015  -0.04015  -0.04001  -0.04001  -0.03820  -0.03697  -0.03697  -0.03637  -0.03637
       -0.03560  -0.03560  -0.03505  -0.03505  -0.03483  -0.03437  -0.03351  -0.03351  -0.03184
       -0.03184  -0.03139  -0.03139  -0.03119  -0.03119  -0.02820  -0.02820  -0.02814  -0.02811
       -0.02811  -0.02704  -0.02666  -0.02665  -0.02567  -0.02400  -0.02400  -0.02368  -0.02368
       -0.02357  -0.02357  -0.02340  -0.02340  -0.02334  -0.02279  -0.02279  -0.02274  -0.02274
       -0.02255  -0.02255  -0.02214  -0.02174  -0.02174  -0.02166  -0.02166  -0.02159  -0.02158
       -0.02112  -0.02112  -0.02102  -0.02085  -0.02084  -0.02010  -0.02009  -0.01964  -0.01964
       -0.01928  -0.01928  -0.01904  -0.01904  -0.01874  -0.01873  -0.01853  -0.01852  -0.01828
       -0.01815  -0.01815  -0.01793  -0.01739  -0.01739  -0.01709  -0.01709  -0.01680  -0.01680
       -0.01662  -0.01636  -0.01636  -0.01594  -0.01594  -0.01571  -0.01571  -0.01560  -0.01559
       -0.01518  -0.01517  -0.01485  -0.01476  -0.01475  -0.01463  -0.01462  -0.01460  -0.01398
       -0.01397  -0.01370  -0.01370  -0.01360  -0.01330  -0.01330  -0.01302  -0.01301  -0.01300
       -0.01292  -0.01291  -0.01284  -0.01283  -0.01268  -0.01267  -0.01232  -0.01232  -0.01231
       -0.01230  -0.01224  -0.01223  -0.01200  -0.01200  -0.01178  -0.01164  -0.01163  -0.01162
       -0.01161  -0.01129  -0.01128  -0.01126  -0.01125  -0.01122  -0.01115  -0.01113  -0.01112
       -0.01110  -0.01110  -0.01109  -0.01107  -0.01106  -0.01075  -0.01066  -0.01065  -0.01063
       -0.01062  -0.01034  -0.01032  -0.01027  -0.01025  -0.01011  -0.01000  -0.01000  -0.00991
       -0.00988  -0.00987  -0.00986  -0.00984  -0.00980  -0.00979  -0.00970  -0.00969  -0.00959
       -0.00959  -0.00957  -0.00953  -0.00950  -0.00936  -0.00933  -0.00920  -0.00918  -0.00912
       -0.00912  -0.00906  -0.00903  -0.00881  -0.00853  -0.00850  -0.00842  -0.00840  -0.00839
       -0.00837  -0.00832  -0.00832  -0.00809  -0.00805  -0.00804  -0.00801  -0.00798  -0.00797
       -0.00795  -0.00791  -0.00789  -0.00768  -0.00767  -0.00765  -0.00759  -0.00758  -0.00757
       -0.00752  -0.00747  -0.00745  -0.00737  -0.00734  -0.00730  -0.00730  -0.00729  -0.00726
       -0.00724  -0.00718  -0.00716  -0.00701  -0.00700  -0.00698  -0.00697  -0.00694  -0.00693
       -0.00688  -0.00686  -0.00683  -0.00680  -0.00676  -0.00670  -0.00667  -0.00666  -0.00663
       -0.00662  -0.00657  -0.00653  -0.00649  -0.00647  -0.00638  -0.00635  -0.00633  -0.00630
       -0.00629  -0.00628  -0.00624  -0.00622  -0.00620  -0.00618  -0.00615  -0.00612  -0.00612
       -0.00608  -0.00607  -0.00604  -0.00601  -0.00600  -0.00597  -0.00596  -0.00594  -0.00591
       -0.00587  -0.00587  -0.00584  -0.00582  -0.00578  -0.00575  -0.00569  -0.00566  -0.00560
       -0.00558  -0.00554  -0.00553  -0.00551  -0.00550  -0.00545  -0.00543  -0.00541  -0.00536
       -0.00534  -0.00534  -0.00529  -0.00525  -0.00521  -0.00517  -0.00514  -0.00511  -0.00510
       -0.00507  -0.00505  -0.00504  -0.00503  -0.00502  -0.00499  -0.00495  -0.00494  -0.00492
       -0.00489  -0.00486  -0.00485  -0.00483  -0.00480  -0.00479  -0.00476  -0.00473  -0.00471
       -0.00471  -0.00468  -0.00464  -0.00463  -0.00460  -0.00456  -0.00455  -0.00453  -0.00449
       -0.00447  -0.00447  -0.00446  -0.00445  -0.00440  -0.00440  -0.00437  -0.00436  -0.00434
       -0.00433  -0.00430  -0.00428  -0.00427  -0.00423  -0.00422  -0.00421  -0.00420  -0.00418
       -0.00416  -0.00414  -0.00411  -0.00409  -0.00408  -0.00406
        
     --------------------------------------------------------------------------------------------
     Tot. elapsed time 08m-36.9s,  time spent in last iteration 03m-32.1s
     --------------------------------------------------------------------------------------------

     [I/O] -------------------------------------------------------
     [I/O] RESTART written in < 00.1s             
     [I/O] In location   : ./clf_420.wstat.restart
     [I/O] -------------------------------------------------------

                       *----------*              *----------*               *----------*
     #     Iteration = |        2 |   DFPT_dim = |      369 |   Diago_dim = |     1209 |
                       *----------*              *----------*               *----------*
     per-process dynamical memory   163.5 Mb
  
       
     --------------------------------------------------------------------------------------------
     Sternheimer eq. solver... with threshold =   1.000000E-12           
     --------------------------------------------------------------------------------------------
     in progress... |#                   | 005% :               08.2s (E)           02m-45.3s (X)
     in progress... |##                  | 010% :               16.5s (E)           02m-45.2s (X)
     in progress... |###                 | 015% :               24.7s (E)           02m-45.0s (X)
     in progress... |####                | 020% :               32.9s (E)           02m-44.9s (X)
     in progress... |#####               | 025% :               41.1s (E)           02m-44.6s (X)
     in progress... |######              | 030% :               49.3s (E)           02m-44.4s (X)
     in progress... |#######             | 035% :               53.4s (E)           02m-32.6s (X)
     in progress... |########            | 040% :           01m-01.6s (E)           02m-34.0s (X)
     in progress... |#########           | 045% :           01m-09.7s (E)           02m-35.0s (X)
     in progress... |##########          | 050% :           01m-17.9s (E)           02m-35.8s (X)
     in progress... |###########         | 055% :           01m-26.0s (E)           02m-36.4s (X)
     in progress... |############        | 060% :           01m-34.2s (E)           02m-37.0s (X)
     in progress... |#############       | 065% :           01m-42.3s (E)           02m-37.4s (X)
     in progress... |##############      | 070% :           01m-46.4s (E)           02m-32.0s (X)
     in progress... |###############     | 075% :           01m-54.5s (E)           02m-32.6s (X)
     in progress... |################    | 080% :           02m-02.7s (E)           02m-33.3s (X)
     in progress... |#################   | 085% :           02m-10.8s (E)           02m-33.9s (X)
     in progress... |##################  | 090% :           02m-18.9s (E)           02m-34.3s (X)
     in progress... |################### | 095% :           02m-27.0s (E)           02m-34.7s (X)
     in progress... |####################| 100% :           02m-31.0s (E)           02m-31.0s (X)
     --------------------------------------------------------------------------------------------
     p-DIAGOX done in 00.7s with a SCALAPACK grid (12x12)
     --------------------------------------------------------------------------------------------
        
       -3.03807  -1.53524  -1.51413  -1.51413  -1.11279  -0.85621  -0.85621  -0.73979  -0.60263
       -0.60263  -0.48517  -0.44845  -0.44845  -0.39065  -0.39064  -0.37723  -0.37722  -0.33706
       -0.31665  -0.31665  -0.30356  -0.30356  -0.26603  -0.26603  -0.26512  -0.25716  -0.23132
       -0.23132  -0.20896  -0.20896  -0.19907  -0.17035  -0.17029  -0.16844  -0.15580  -0.14063
       -0.14063  -0.13774  -0.13774  -0.13476  -0.13476  -0.13211  -0.13210  -0.12375  -0.12375
       -0.11990  -0.10409  -0.10409  -0.10344  -0.09706  -0.09594  -0.09594  -0.08820  -0.08820
       -0.08230  -0.08230  -0.07902  -0.07902  -0.07731  -0.07586  -0.07586  -0.06989  -0.06989
       -0.06591  -0.06591  -0.06396  -0.06396  -0.06355  -0.06210  -0.05367  -0.05128  -0.05128
       -0.05039  -0.05039  -0.04971  -0.04970  -0.04916  -0.04916  -0.04816  -0.04744  -0.04744
       -0.04713  -0.04712  -0.04622  -0.04622  -0.04502  -0.04306  -0.04306  -0.04180  -0.04180
       -0.04015  -0.04015  -0.04001  -0.04001  -0.03821  -0.03697  -0.03697  -0.03637  -0.03637
       -0.03561  -0.03561  -0.03505  -0.03505  -0.03483  -0.03437  -0.03351  -0.03351  -0.03185
       -0.03185  -0.03140  -0.03140  -0.03119  -0.03119  -0.02821  -0.02821  -0.02814  -0.02811
       -0.02811  -0.02705  -0.02666  -0.02666  -0.02567  -0.02400  -0.02400  -0.02368  -0.02368
       -0.02357  -0.02357  -0.02341  -0.02341  -0.02335  -0.02280  -0.02280  -0.02274  -0.02274
       -0.02256  -0.02256  -0.02214  -0.02175  -0.02175  -0.02167  -0.02167  -0.02159  -0.02159
       -0.02113  -0.02113  -0.02103  -0.02085  -0.02085  -0.02010  -0.02009  -0.01965  -0.01965
       -0.01929  -0.01929  -0.01905  -0.01905  -0.01875  -0.01875  -0.01854  -0.01854  -0.01829
       -0.01816  -0.01816  -0.01795  -0.01741  -0.01741  -0.01711  -0.01711  -0.01681  -0.01681
       -0.01664  -0.01638  -0.01638  -0.01596  -0.01596  -0.01572  -0.01572  -0.01562  -0.01562
       -0.01520  -0.01520  -0.01487  -0.01479  -0.01479  -0.01465  -0.01464  -0.01464  -0.01401
       -0.01401  -0.01373  -0.01373  -0.01365  -0.01333  -0.01333  -0.01305  -0.01303  -0.01303
       -0.01294  -0.01294  -0.01286  -0.01286  -0.01270  -0.01270  -0.01234  -0.01234  -0.01234
       -0.01234  -0.01226  -0.01226  -0.01204  -0.01204  -0.01184  -0.01168  -0.01168  -0.01168
       -0.01168  -0.01133  -0.01133  -0.01130  -0.01130  -0.01127  -0.01118  -0.01118  -0.01116
       -0.01116  -0.01115  -0.01115  -0.01113  -0.01113  -0.01081  -0.01070  -0.01070  -0.01069
       -0.01069  -0.01038  -0.01038  -0.01033  -0.01033  -0.01016  -0.01007  -0.01007  -0.00999
       -0.00994  -0.00994  -0.00992  -0.00992  -0.00988  -0.00988  -0.00976  -0.00976  -0.00971
       -0.00964  -0.00963  -0.00960  -0.00960  -0.00944  -0.00944  -0.00927  -0.00927  -0.00922
       -0.00922  -0.00916  -0.00916  -0.00892  -0.00864  -0.00864  -0.00851  -0.00851  -0.00848
       -0.00848  -0.00844  -0.00844  -0.00825  -0.00815  -0.00815  -0.00811  -0.00811  -0.00806
       -0.00806  -0.00802  -0.00802  -0.00780  -0.00780  -0.00775  -0.00770  -0.00770  -0.00767
       -0.00767  -0.00755  -0.00755  -0.00747  -0.00747  -0.00747  -0.00747  -0.00744  -0.00743
       -0.00743  -0.00734  -0.00734  -0.00713  -0.00713  -0.00712  -0.00711  -0.00711  -0.00711
       -0.00711  -0.00699  -0.00699  -0.00695  -0.00695  -0.00689  -0.00689  -0.00685  -0.00685
       -0.00678  -0.00671  -0.00671  -0.00663  -0.00663  -0.00660  -0.00653  -0.00653  -0.00647
       -0.00647  -0.00643  -0.00643  -0.00642  -0.00642  -0.00637  -0.00637  -0.00637  -0.00637
       -0.00629  -0.00629  -0.00624  -0.00624  -0.00624  -0.00623  -0.00622  -0.00622  -0.00622
       -0.00615  -0.00614  -0.00606  -0.00606  -0.00604  -0.00604  -0.00594  -0.00593  -0.00592
       -0.00586  -0.00586  -0.00581  -0.00580  -0.00580  -0.00573  -0.00573  -0.00566  -0.00566
       -0.00566  -0.00565  -0.00555  -0.00555  -0.00550  -0.00544  -0.00540  -0.00540  -0.00536
       -0.00536  -0.00535  -0.00535  -0.00529  -0.00528  -0.00525  -0.00525  -0.00518  -0.00518
       -0.00517  -0.00517  -0.00514  -0.00514  -0.00514  -0.00513  -0.00512  -0.00502  -0.00502
       -0.00498  -0.00498  -0.00496  -0.00496  -0.00491  -0.00491  -0.00488  -0.00488  -0.00488
       -0.00487  -0.00482  -0.00481  -0.00481  -0.00475  -0.00475  -0.00474  -0.00470  -0.00470
       -0.00469  -0.00469  -0.00467  -0.00467  -0.00466  -0.00466  -0.00459  -0.00458  -0.00456
       -0.00456  -0.00455  -0.00450  -0.00449  -0.00448  -0.00447
        
     --------------------------------------------------------------------------------------------
     Tot. elapsed time 14m-20.2s,  time spent in last iteration 03m-07.3s
     --------------------------------------------------------------------------------------------

     [I/O] -------------------------------------------------------
     [I/O] RESTART written in < 00.1s             
     [I/O] In location   : ./clf_420.wstat.restart
     [I/O] -------------------------------------------------------

                       *----------*              *----------*               *----------*
     #     Iteration = |        3 |   DFPT_dim = |        3 |   Diago_dim = |     1212 |
                       *----------*              *----------*               *----------*
     per-process dynamical memory   165.0 Mb
  
       
     --------------------------------------------------------------------------------------------
     Sternheimer eq. solver... with threshold =   1.000000E-12           
     --------------------------------------------------------------------------------------------
     in progress... |####################| 100% :               04.0s (E)               04.0s (X)
     --------------------------------------------------------------------------------------------
     p-DIAGOX done in 00.7s with a SCALAPACK grid (12x12)
     --------------------------------------------------------------------------------------------
        
       -3.03807  -1.53524  -1.51413  -1.51413  -1.11279  -0.85621  -0.85621  -0.73979  -0.60263
       -0.60263  -0.48517  -0.44845  -0.44845  -0.39065  -0.39064  -0.37723  -0.37722  -0.33706
       -0.31665  -0.31665  -0.30356  -0.30356  -0.26603  -0.26603  -0.26512  -0.25716  -0.23132
       -0.23132  -0.20896  -0.20896  -0.19907  -0.17035  -0.17029  -0.16844  -0.15580  -0.14063
       -0.14063  -0.13774  -0.13774  -0.13476  -0.13476  -0.13211  -0.13210  -0.12375  -0.12375
       -0.11990  -0.10409  -0.10409  -0.10344  -0.09706  -0.09594  -0.09594  -0.08820  -0.08820
       -0.08230  -0.08230  -0.07902  -0.07902  -0.07731  -0.07586  -0.07586  -0.06989  -0.06989
       -0.06591  -0.06591  -0.06396  -0.06396  -0.06355  -0.06210  -0.05367  -0.05128  -0.05128
       -0.05039  -0.05039  -0.04971  -0.04970  -0.04916  -0.04916  -0.04816  -0.04744  -0.04744
       -0.04713  -0.04712  -0.04622  -0.04622  -0.04502  -0.04306  -0.04306  -0.04180  -0.04180
       -0.04015  -0.04015  -0.04001  -0.04001  -0.03821  -0.03697  -0.03697  -0.03637  -0.03637
       -0.03561  -0.03561  -0.03505  -0.03505  -0.03483  -0.03437  -0.03351  -0.03351  -0.03185
       -0.03185  -0.03140  -0.03140  -0.03119  -0.03119  -0.02821  -0.02821  -0.02814  -0.02811
       -0.02811  -0.02705  -0.02666  -0.02666  -0.02567  -0.02400  -0.02400  -0.02368  -0.02368
       -0.02357  -0.02357  -0.02341  -0.02341  -0.02335  -0.02280  -0.02280  -0.02274  -0.02274
       -0.02256  -0.02256  -0.02214  -0.02175  -0.02175  -0.02167  -0.02167  -0.02159  -0.02159
       -0.02113  -0.02113  -0.02103  -0.02085  -0.02085  -0.02010  -0.02009  -0.01965  -0.01965
       -0.01929  -0.01929  -0.01905  -0.01905  -0.01875  -0.01875  -0.01854  -0.01854  -0.01829
       -0.01816  -0.01816  -0.01795  -0.01741  -0.01741  -0.01711  -0.01711  -0.01681  -0.01681
       -0.01664  -0.01638  -0.01638  -0.01596  -0.01596  -0.01572  -0.01572  -0.01562  -0.01562
       -0.01520  -0.01520  -0.01487  -0.01479  -0.01479  -0.01465  -0.01464  -0.01464  -0.01401
       -0.01401  -0.01373  -0.01373  -0.01365  -0.01333  -0.01333  -0.01305  -0.01303  -0.01303
       -0.01294  -0.01294  -0.01286  -0.01286  -0.01270  -0.01270  -0.01234  -0.01234  -0.01234
       -0.01234  -0.01226  -0.01226  -0.01204  -0.01204  -0.01184  -0.01168  -0.01168  -0.01168
       -0.01168  -0.01133  -0.01133  -0.01130  -0.01130  -0.01127  -0.01118  -0.01118  -0.01116
       -0.01116  -0.01115  -0.01115  -0.01113  -0.01113  -0.01081  -0.01070  -0.01070  -0.01069
       -0.01069  -0.01038  -0.01038  -0.01033  -0.01033  -0.01016  -0.01007  -0.01007  -0.00999
       -0.00994  -0.00994  -0.00992  -0.00992  -0.00988  -0.00988  -0.00976  -0.00976  -0.00971
       -0.00964  -0.00963  -0.00960  -0.00960  -0.00944  -0.00944  -0.00927  -0.00927  -0.00922
       -0.00922  -0.00916  -0.00916  -0.00892  -0.00864  -0.00864  -0.00851  -0.00851  -0.00848
       -0.00848  -0.00844  -0.00844  -0.00825  -0.00815  -0.00815  -0.00811  -0.00811  -0.00806
       -0.00806  -0.00802  -0.00802  -0.00780  -0.00780  -0.00775  -0.00770  -0.00770  -0.00767
       -0.00767  -0.00755  -0.00755  -0.00747  -0.00747  -0.00747  -0.00747  -0.00744  -0.00743
       -0.00743  -0.00734  -0.00734  -0.00713  -0.00713  -0.00712  -0.00711  -0.00711  -0.00711
       -0.00711  -0.00699  -0.00699  -0.00695  -0.00695  -0.00689  -0.00689  -0.00685  -0.00685
       -0.00678  -0.00671  -0.00671  -0.00663  -0.00663  -0.00660  -0.00653  -0.00653  -0.00647
       -0.00647  -0.00643  -0.00643  -0.00642  -0.00642  -0.00637  -0.00637  -0.00637  -0.00637
       -0.00629  -0.00629  -0.00624  -0.00624  -0.00624  -0.00623  -0.00622  -0.00622  -0.00622
       -0.00615  -0.00614  -0.00606  -0.00606  -0.00604  -0.00604  -0.00595  -0.00593  -0.00592
       -0.00586  -0.00586  -0.00581  -0.00580  -0.00580  -0.00573  -0.00573  -0.00566  -0.00566
       -0.00566  -0.00565  -0.00555  -0.00555  -0.00550  -0.00544  -0.00540  -0.00540  -0.00536
       -0.00536  -0.00535  -0.00535  -0.00529  -0.00528  -0.00525  -0.00525  -0.00519  -0.00518
       -0.00517  -0.00517  -0.00514  -0.00514  -0.00514  -0.00513  -0.00512  -0.00502  -0.00502
       -0.00498  -0.00498  -0.00496  -0.00496  -0.00491  -0.00491  -0.00488  -0.00488  -0.00488
       -0.00487  -0.00482  -0.00481  -0.00481  -0.00475  -0.00475  -0.00474  -0.00470  -0.00470
       -0.00469  -0.00469  -0.00468  -0.00468  -0.00467  -0.00467  -0.00459  -0.00458  -0.00456
       -0.00456  -0.00455  -0.00450  -0.00450  -0.00449  -0.00448
        
     --------------------------------------------------------------------------------------------
     Tot. elapsed time 18m-15.0s,  time spent in last iteration 10.7s
     --------------------------------------------------------------------------------------------
      
     --------------------------------------------------------------------------------------------
     Database written in 38.1s               
     In location : ./clf_420.wstat.save
     --------------------------------------------------------------------------------------------
       
     --------------------------------------------------------------------------------------------
     Convergence achieved !!! in        3 steps                          
     --------------------------------------------------------------------------------------------
 
     WSTAT        : 12m 9.41s CPU    19m45.76s WALL

     wstat_readin :      6.12s CPU     38.64s WALL (       1 calls)
     fetch_nml    :      0.00s CPU      0.01s WALL (       1 calls)
     read_xml     :      1.30s CPU      1.62s WALL (       1 calls)
     init_vloc    :      0.12s CPU      0.12s WALL (       2 calls)
     fft          :      0.26s CPU      0.30s WALL (      11 calls)
     fft_scatter  :    104.14s CPU    105.46s WALL (   33063 calls)
     v_of_rho     :      0.29s CPU      0.31s WALL (       1 calls)
     v_xc         :      0.26s CPU      0.27s WALL (       1 calls)
     v_h          :      0.03s CPU      0.04s WALL (       1 calls)
     read_wave    :      4.80s CPU     36.91s WALL (       1 calls)
     davcio       :      0.00s CPU      0.58s WALL (       2 calls)
     init_us_1    :      0.06s CPU      0.06s WALL (       2 calls)
     do_setup     :      0.29s CPU      0.31s WALL (       1 calls)
     init_pw_ar   :      0.19s CPU      0.21s WALL (       1 calls)
     init_at_1    :      0.00s CPU      0.00s WALL (       1 calls)
     storesqvc    :      0.00s CPU      0.00s WALL (       1 calls)
     chidiago     :    722.96s CPU   1146.72s WALL (       1 calls)
     randomize    :      0.96s CPU      0.98s WALL (       1 calls)
     paramgs      :     12.98s CPU     13.16s WALL (       5 calls)
     dfpt         :    515.48s CPU    521.62s WALL (       5 calls)
     init_us_2    :      0.02s CPU      0.02s WALL (       5 calls)
     fftw         :    301.58s CPU    305.08s WALL (   33052 calls)
     alphapc      :      0.31s CPU      0.32s WALL (     164 calls)
     wstat_restar :    153.05s CPU    534.40s WALL (       4 calls)
     linstern     :    412.66s CPU    417.80s WALL (     122 calls)
     stern        :    396.28s CPU    401.14s WALL (    4311 calls)
     h_psi_bgrp   :    387.33s CPU    392.18s WALL (    4311 calls)
     h_psi        :    387.32s CPU    392.17s WALL (    4311 calls)
     h_psi:pot    :    385.10s CPU    389.84s WALL (    4311 calls)
     vloc_psi     :    365.55s CPU    370.00s WALL (    4311 calls)
     h_psi:calbec :     11.96s CPU     11.07s WALL (    4311 calls)
     calbec       :     11.95s CPU     11.05s WALL (    4311 calls)
     add_vuspsi   :      7.55s CPU      8.75s WALL (    4311 calls)
     alphapv      :      5.67s CPU      5.69s WALL (    4311 calls)
     build_hr     :      7.72s CPU      7.95s WALL (       4 calls)
     diagox       :      2.29s CPU      2.33s WALL (       4 calls)
     redistr_vr   :      0.30s CPU      0.32s WALL (       3 calls)
     update_vr    :     13.21s CPU     13.63s WALL (       3 calls)
     symm_hr      :      0.30s CPU      0.32s WALL (       3 calls)
     chidiago:las :      0.00s CPU      0.00s WALL (       1 calls)
     refresh_vr   :      4.89s CPU      4.99s WALL (       1 calls)
     pdep_db      :     11.30s CPU     38.19s WALL (       1 calls)
 
     WSTAT        : 12m 9.41s CPU    19m45.76s WALL

 
   This run was terminated on:  11:35:34  10May2018            

=------------------------------------------------------------------------------=
   JOB DONE.
=------------------------------------------------------------------------------=
