
     Program WSTAT v. 2.0.0 starts on 25Apr2018 at 13:32:38 

     This program is part of the open-source West suite
     for massively parallel calculations of excited states in materials; please cite
         "M. Govoni et al., J. Chem. Theory Comput. 11, 2680 (2015);
          URL http://www.west-code.org", 
     in publications or presentations arising from this work.

     Based on the Quantum ESPRESSO v. 6.1 svn rev. 13369
       
     --------------------------------------------------------------------------------------------
     **MPI** Parallelization Status                                      
     --------------------------------------------------------------------------------------------
                   160                  10             1             1            16
     --------------------------------------------------------------------------------------------
                     N         =         I      X      P      X      B      X      Z
                     ^                   ^             ^             ^             ^
                     |                   |             |             |             |
                   #rnk                  |             |             |             |
                                      #image           |             |             |
                                                     #pool           |             |
                                                                   #bgrp           |
                                                                                 #R&G
     --------------------------------------------------------------------------------------------
     **OPENMP** Parallelization Status
     #thr/rnk               =            1
     --------------------------------------------------------------------------------------------
     #prc = (rnk) * (thr) =          160
     --------------------------------------------------------------------------------------------
       
     --------------------------------------------------------------------------------------------
     I/O Summary : input_west                                            
     --------------------------------------------------------------------------------------------
     qe_prefix      = c4h4s
     west_prefix    = c4h4s
     outdir         = ./
     --------------------------------------------------------------------------------------------
       
     --------------------------------------------------------------------------------------------
     I/O Summary : wstat_control                                         
     --------------------------------------------------------------------------------------------
     wstat_calculation              =              S
     n_pdep_eigen                   =             20
     n_kin_pdep_eigen               =            400
     n_lindhard_eigen               =              0
     n_pdep_times                   =              4
     n_pdep_maxiter                 =            100
     n_dfpt_maxiter                 =            250
     n_pdep_read_from_file          =              0
     trev_pdep                      =   1.000000E-03
     trev_pdep_rel                  =   1.000000E-01
     tr2_dfpt                       =   1.000000E-12
     l_kinetic_only                 =              F
     l_minimize_exx_if_active       =              F
     l_use_ecutrho                  =              F
     l_pure_eigen                   =              F
     --------------------------------------------------------------------------------------------

     Reading data from directory:
     ./c4h4s.save

   Info: using nr1, nr2, nr3 values from input

   Info: using nr1, nr2, nr3 values from input

     IMPORTANT: XC functional enforced from input :
     Exchange-correlation      = PBE ( 1  4  3  4 0 0)
     Any further DFT definition will be discarded
     Please, verify this is what you really want

     Message from routine readpp:
     file ./c4h4s.save/S_ONCV_PBE-1.0.upf not found
     Message from routine readpp:
     file ./c4h4s.save/C_ONCV_PBE-1.0.upf not found
     Message from routine readpp:
     file ./c4h4s.save/H_ONCV_PBE-1.0.upf not found
 
     Parallelization info
     --------------------
     sticks:   dense  smooth     PW     G-vecs:    dense   smooth      PW
     Min        1520    1520    379               178660   178660   22323
     Max        1522    1522    384               178666   178666   22328
     Sum       24345   24345   6093              2858633  2858633  357213
 
       
     --------------------------------------------------------------------------------------------
     System Overview                                                     
     --------------------------------------------------------------------------------------------
     gamma_only           =              T
     ecutwfc [Ry]         =      85.000000
     omega [au^3]         =   2.700000E+04
     glob. #G             =         178607
     nbnd                 =            100
     nkstot               =              1
     nspin                =              1
     nelec                =      26.000000
     npol                 =              1
     lsda                 =              F
     noncolin             =              F
     lspinorb             =              F
     domag                =              F
     --------------------------------------------------------------------------------------------

     sFFT G-space:  1429317 G-vectors     R-space: ( 180, 180, 180)
     dFFT G-space:  1429317 G-vectors     R-space: ( 180, 180, 180)

     Cell [a.u.]          =      30.000000      0.000000      0.000000
                          =       0.000000     30.000000      0.000000
                          =       0.000000      0.000000     30.000000
      
     number of ks points=     1
                       cart. coord. in units 2pi/alat
        k(    1) = (   0.0000000   0.0000000   0.0000000), wk =   2.0000000

                       cryst. coord.
        k(    1) = (   0.0000000   0.0000000   0.0000000), wk =   2.0000000
 
     Spherical div        =   1.654268E-01
     Orthorombic div      =   1.628502E-01
       
     --------------------------------------------------------------------------------------------
     Parallelization for nvecx                                           
     --------------------------------------------------------------------------------------------
     nglob                =             80
     nlevel               =             10
     Min nglob/nlevel     =              8
     Max nglob/nlevel     =              8
     --------------------------------------------------------------------------------------------

     [MEM] ----------------------------------------------------------
     [MEM] **Memory** analysis: QE
     [MEM] ----------------------------------------------------------
     [MEM] Allocated arrays           est. size (Mb)     dimensions
     [MEM] ----------------------------------------------------------
     [MEM] Kohn-Sham Wavefunctions      17.03 Mb     (  11164,  100)
     [MEM] NL pseudopotentials           8.18 Mb     (  11164,   48)
     [MEM] Each V/rho on FFT grid        5.93 Mb     ( 388800)
     [MEM] Each G-vector array           0.68 Mb     (  89333)
     [MEM] G-vector shells               0.05 Mb     (   6125)
     [MEM] ----------------------------------------------------------
     [MEM] TOT                          31.87 Mb
     [MEM] ----------------------------------------------------------
     [MEM] 
     [MEM] ----------------------------------------------------------
     [MEM] **Memory** analysis: WSTAT global
     [MEM] ----------------------------------------------------------
     [MEM] Allocated arrays           est. size (Mb)     dimensions
     [MEM] ----------------------------------------------------------
     [MEM] dvg                           1.36 Mb     (  11164,    8)
     [MEM] dng                           1.36 Mb     (  11164,    8)
     [MEM] hr_distr                      0.00 Mb     (     80,    8)
     [MEM] vr_distr                      0.00 Mb     (     80,    8)
     [MEM] ----------------------------------------------------------
     [MEM] TOT                           2.74 Mb
     [MEM] ----------------------------------------------------------
     [MEM] 
     [MEM] ----------------------------------------------------------
     [MEM] **Memory** analysis: WSTAT temporary
     [MEM] ----------------------------------------------------------
     [MEM] Allocated arrays           est. size (Mb)     dimensions
     [MEM] ----------------------------------------------------------
     [MEM] dvpsi                         2.21 Mb     (  11164,   13)
     [MEM] dpsi                          2.21 Mb     (  11164,   13)
     [MEM] ----------------------------------------------------------
     [MEM] Total estimate                4.43 Mb
     [MEM] ----------------------------------------------------------

                       *----------*              *----------*               *----------*
     #     Iteration = | starting |   DFPT_dim = |       20 |   Diago_dim = |       20 |  x 1/2
                       *----------*              *----------*               *----------*
     per-process dynamical memory   124.0 Mb
  
       
     --------------------------------------------------------------------------------------------
     Sternheimer eq. solver... with lite-solver                          
     --------------------------------------------------------------------------------------------
     in progress... |##########          | 050% :               00.4s (E)               00.9s (X)
     in progress... |####################| 100% :               00.9s (E)               00.9s (X)
     --------------------------------------------------------------------------------------------

     [I/O] -------------------------------------------------------
     [I/O] RESTART written in < 00.1s             
     [I/O] In location   : ./c4h4s_20_400.wstat.restart
     [I/O] -------------------------------------------------------

                       *----------*              *----------*               *----------*
     #     Iteration = | starting |   DFPT_dim = |       20 |   Diago_dim = |       20 |  x 2/2
                       *----------*              *----------*               *----------*
     per-process dynamical memory   126.3 Mb
  
       
     --------------------------------------------------------------------------------------------
     Sternheimer eq. solver... with threshold =   1.000000E-06           
     --------------------------------------------------------------------------------------------
     in progress... |##########          | 050% :               07.1s (E)               14.2s (X)
     in progress... |####################| 100% :               14.1s (E)               14.1s (X)
     --------------------------------------------------------------------------------------------
     p-DIAGOX done in < 00.1s with a SCALAPACK grid (2x2)
     --------------------------------------------------------------------------------------------
        
       -3.06137  -2.77771  -1.82496  -1.69094  -1.40876  -1.39196  -0.90799  -0.81779  -0.79931
       -0.77358  -0.76963  -0.64535  -0.61687  -0.54027  -0.51344  -0.43937  -0.40964  -0.37087
       -0.33811  -0.09245
        
     --------------------------------------------------------------------------------------------
     Tot. elapsed time 01m-05.2s,  time spent in last iteration 01m-05.2s
     --------------------------------------------------------------------------------------------

     [I/O] -------------------------------------------------------
     [I/O] RESTART written in < 00.1s             
     [I/O] In location   : ./c4h4s_20_400.wstat.restart
     [I/O] -------------------------------------------------------

                       *----------*              *----------*               *----------*
     #     Iteration = |        1 |   DFPT_dim = |       20 |   Diago_dim = |       40 |
                       *----------*              *----------*               *----------*
     per-process dynamical memory   132.4 Mb
  
       
     --------------------------------------------------------------------------------------------
     Sternheimer eq. solver... with threshold =   1.000000E-12           
     --------------------------------------------------------------------------------------------
     in progress... |##########          | 050% :               10.9s (E)               21.9s (X)
     in progress... |####################| 100% :               21.8s (E)               21.8s (X)
     --------------------------------------------------------------------------------------------
     p-DIAGOX done in < 00.1s with a SCALAPACK grid (2x2)
     --------------------------------------------------------------------------------------------
        
       -3.39209  -3.05360  -2.38745  -2.28039  -1.66721  -1.54410  -1.30846  -1.04043  -1.02454
       -0.92805  -0.87863  -0.86500  -0.81266  -0.76058  -0.70056  -0.68483  -0.64748  -0.54666
       -0.52784  -0.45470
        
     --------------------------------------------------------------------------------------------
     Tot. elapsed time 02m-16.5s,  time spent in last iteration 25.1s
     --------------------------------------------------------------------------------------------

     [I/O] -------------------------------------------------------
     [I/O] RESTART written in < 00.1s             
     [I/O] In location   : ./c4h4s_20_400.wstat.restart
     [I/O] -------------------------------------------------------

                       *----------*              *----------*               *----------*
     #     Iteration = |        2 |   DFPT_dim = |       20 |   Diago_dim = |       60 |
                       *----------*              *----------*               *----------*
     per-process dynamical memory   132.4 Mb
  
       
     --------------------------------------------------------------------------------------------
     Sternheimer eq. solver... with threshold =   1.000000E-12           
     --------------------------------------------------------------------------------------------
     in progress... |##########          | 050% :               10.9s (E)               21.9s (X)
     in progress... |####################| 100% :               21.7s (E)               21.7s (X)
     --------------------------------------------------------------------------------------------
     p-DIAGOX done in < 00.1s with a SCALAPACK grid (2x2)
     --------------------------------------------------------------------------------------------
        
       -3.39573  -3.05524  -2.39882  -2.29021  -1.67281  -1.54554  -1.34218  -1.06168  -1.04676
       -0.93444  -0.89020  -0.87818  -0.83865  -0.79500  -0.72849  -0.72062  -0.71411  -0.64024
       -0.59551  -0.55579
        
     --------------------------------------------------------------------------------------------
     Tot. elapsed time 04m-15.0s,  time spent in last iteration 24.9s
     --------------------------------------------------------------------------------------------

     [I/O] -------------------------------------------------------
     [I/O] RESTART written in < 00.1s             
     [I/O] In location   : ./c4h4s_20_400.wstat.restart
     [I/O] -------------------------------------------------------

                       *----------*              *----------*               *----------*
     #     Iteration = |        3 |   DFPT_dim = |       20 |   Diago_dim = |       80 |
                       *----------*              *----------*               *----------*
     per-process dynamical memory   132.4 Mb
  
       
     --------------------------------------------------------------------------------------------
     Sternheimer eq. solver... with threshold =   1.000000E-12           
     --------------------------------------------------------------------------------------------
     in progress... |##########          | 050% :               10.8s (E)               21.6s (X)
     in progress... |####################| 100% :               21.6s (E)               21.6s (X)
     --------------------------------------------------------------------------------------------
     p-DIAGOX done in < 00.1s with a SCALAPACK grid (2x2)
     --------------------------------------------------------------------------------------------
        
       -3.39573  -3.05524  -2.39887  -2.29024  -1.67286  -1.54555  -1.34251  -1.06337  -1.04697
       -0.93490  -0.89123  -0.87866  -0.84035  -0.79708  -0.73211  -0.72444  -0.71713  -0.65619
       -0.61459  -0.60206
        
     --------------------------------------------------------------------------------------------
     Tot. elapsed time 06m-59.4s,  time spent in last iteration 24.8s
     --------------------------------------------------------------------------------------------

       Refresh the basis set

     [I/O] -------------------------------------------------------
     [I/O] RESTART written in < 00.1s             
     [I/O] In location   : ./c4h4s_20_400.wstat.restart
     [I/O] -------------------------------------------------------

                       *----------*              *----------*               *----------*
     #     Iteration = |        4 |   DFPT_dim = |       10 |   Diago_dim = |       30 |
                       *----------*              *----------*               *----------*
     per-process dynamical memory   132.4 Mb
  
       
     --------------------------------------------------------------------------------------------
     Sternheimer eq. solver... with threshold =   1.000000E-12           
     --------------------------------------------------------------------------------------------
     in progress... |####################| 100% :               10.7s (E)               10.7s (X)
     --------------------------------------------------------------------------------------------
     p-DIAGOX done in < 00.1s with a SCALAPACK grid (2x2)
     --------------------------------------------------------------------------------------------
        
       -3.39573  -3.05524  -2.39887  -2.29024  -1.67286  -1.54555  -1.34251  -1.06340  -1.04697
       -0.93491  -0.89126  -0.87867  -0.84041  -0.79714  -0.73231  -0.72460  -0.71724  -0.65791
       -0.61717  -0.60455
        
     --------------------------------------------------------------------------------------------
     Tot. elapsed time 07m-58.1s,  time spent in last iteration 12.4s
     --------------------------------------------------------------------------------------------

     [I/O] -------------------------------------------------------
     [I/O] RESTART written in < 00.1s             
     [I/O] In location   : ./c4h4s_20_400.wstat.restart
     [I/O] -------------------------------------------------------

                       *----------*              *----------*               *----------*
     #     Iteration = |        5 |   DFPT_dim = |        3 |   Diago_dim = |       33 |
                       *----------*              *----------*               *----------*
     per-process dynamical memory   132.4 Mb
  
       
     --------------------------------------------------------------------------------------------
     Sternheimer eq. solver... with threshold =   1.000000E-12           
     --------------------------------------------------------------------------------------------
     in progress... |####################| 100% :               10.7s (E)               10.7s (X)
     --------------------------------------------------------------------------------------------
     p-DIAGOX done in < 00.1s with a SCALAPACK grid (2x2)
     --------------------------------------------------------------------------------------------
        
       -3.39573  -3.05524  -2.39887  -2.29024  -1.67286  -1.54555  -1.34251  -1.06340  -1.04697
       -0.93491  -0.89126  -0.87867  -0.84041  -0.79714  -0.73232  -0.72460  -0.71725  -0.65822
       -0.61745  -0.60503
        
     --------------------------------------------------------------------------------------------
     Tot. elapsed time 09m-19.5s,  time spent in last iteration 12.2s
     --------------------------------------------------------------------------------------------
      
     --------------------------------------------------------------------------------------------
     Database written in 23.6s               
     In location : ./c4h4s_20_400.wstat.save
     --------------------------------------------------------------------------------------------
       
     --------------------------------------------------------------------------------------------
     Convergence achieved !!! in        5 steps                          
     --------------------------------------------------------------------------------------------
       
     --------------------------------------------------------------------------------------------
     ** Now compute kinetic eigenpotentials **                           
     --------------------------------------------------------------------------------------------
       
     --------------------------------------------------------------------------------------------
     Parallelization for newnvecx                                        
     --------------------------------------------------------------------------------------------
     nglob                =           1600
     nlevel               =             10
     Min nglob/nlevel     =            160
     Max nglob/nlevel     =            160
     --------------------------------------------------------------------------------------------
       
     --------------------------------------------------------------------------------------------
     Parallelization for merge_nvecx                                     
     --------------------------------------------------------------------------------------------
     nglob                =           1680
     nlevel               =             10
     Min nglob/nlevel     =            168
     Max nglob/nlevel     =            168
     --------------------------------------------------------------------------------------------

                       *----------*              *----------*               *----------*
     #     Iteration = | starting |   DFPT_dim = |      400 |   Diago_dim = |      400 |  x 1/2
                       *----------*              *----------*               *----------*
       
     --------------------------------------------------------------------------------------------
     Applying projection operator formed by dvg                          
     --------------------------------------------------------------------------------------------
     per-process dynamical memory   227.7 Mb
  
       
     --------------------------------------------------------------------------------------------
     Sternheimer eq. solver... with lite-solver                          
     --------------------------------------------------------------------------------------------
     in progress... |#                   | 005% :               00.8s (E)               17.6s (X)
     in progress... |##                  | 010% :               01.7s (E)               17.5s (X)
     in progress... |###                 | 015% :               02.6s (E)               17.5s (X)
     in progress... |####                | 020% :               03.5s (E)               17.5s (X)
     in progress... |#####               | 025% :               04.3s (E)               17.5s (X)
     in progress... |######              | 030% :               05.2s (E)               17.5s (X)
     in progress... |#######             | 035% :               06.1s (E)               17.5s (X)
     in progress... |########            | 040% :               07.0s (E)               17.5s (X)
     in progress... |#########           | 045% :               07.9s (E)               17.5s (X)
     in progress... |##########          | 050% :               08.7s (E)               17.5s (X)
     in progress... |###########         | 055% :               09.6s (E)               17.5s (X)
     in progress... |############        | 060% :               10.5s (E)               17.5s (X)
     in progress... |#############       | 065% :               11.4s (E)               17.5s (X)
     in progress... |##############      | 070% :               12.2s (E)               17.5s (X)
     in progress... |###############     | 075% :               13.1s (E)               17.5s (X)
     in progress... |################    | 080% :               14.0s (E)               17.5s (X)
     in progress... |#################   | 085% :               14.9s (E)               17.5s (X)
     in progress... |##################  | 090% :               15.8s (E)               17.5s (X)
     in progress... |################### | 095% :               16.6s (E)               17.5s (X)
     in progress... |####################| 100% :               17.5s (E)               17.5s (X)
       
     --------------------------------------------------------------------------------------------
     Applying projection operator formed by dvg                          
     --------------------------------------------------------------------------------------------
     --------------------------------------------------------------------------------------------

     [I/O] -------------------------------------------------------
     [I/O] RESTART written in < 00.1s             
     [I/O] In location   : ./c4h4s_20_400.wstat.restart
     [I/O] -------------------------------------------------------

                       *----------*              *----------*               *----------*
     #     Iteration = | starting |   DFPT_dim = |      400 |   Diago_dim = |      400 |  x 2/2
                       *----------*              *----------*               *----------*
       
     --------------------------------------------------------------------------------------------
     Applying projection operator formed by dvg                          
     --------------------------------------------------------------------------------------------
     per-process dynamical memory   227.7 Mb
  
       
     --------------------------------------------------------------------------------------------
     Sternheimer eq. solver... with threshold =   1.000000E-06           
     --------------------------------------------------------------------------------------------
     in progress... |#                   | 005% :               01.5s (E)               30.2s (X)
     in progress... |##                  | 010% :               03.0s (E)               30.0s (X)
     in progress... |###                 | 015% :               04.4s (E)               29.9s (X)
     in progress... |####                | 020% :               05.9s (E)               29.8s (X)
     in progress... |#####               | 025% :               07.4s (E)               29.8s (X)
     in progress... |######              | 030% :               08.9s (E)               29.7s (X)
     in progress... |#######             | 035% :               10.3s (E)               29.7s (X)
     in progress... |########            | 040% :               11.8s (E)               29.6s (X)
     in progress... |#########           | 045% :               13.3s (E)               29.5s (X)
     in progress... |##########          | 050% :               14.7s (E)               29.4s (X)
     in progress... |###########         | 055% :               16.1s (E)               29.4s (X)
     in progress... |############        | 060% :               17.6s (E)               29.4s (X)
     in progress... |#############       | 065% :               19.0s (E)               29.3s (X)
     in progress... |##############      | 070% :               20.5s (E)               29.3s (X)
     in progress... |###############     | 075% :               21.9s (E)               29.2s (X)
     in progress... |################    | 080% :               23.3s (E)               29.2s (X)
     in progress... |#################   | 085% :               24.8s (E)               29.1s (X)
     in progress... |##################  | 090% :               26.2s (E)               29.1s (X)
     in progress... |################### | 095% :               27.6s (E)               29.1s (X)
     in progress... |####################| 100% :               29.0s (E)               29.0s (X)
       
     --------------------------------------------------------------------------------------------
     Applying projection operator formed by dvg                          
     --------------------------------------------------------------------------------------------
     --------------------------------------------------------------------------------------------
     p-DIAGOX done in 00.8s with a SCALAPACK grid (12x12)
     --------------------------------------------------------------------------------------------
        
       -0.27657  -0.26684  -0.25873  -0.25223  -0.25109  -0.23630  -0.23339  -0.22948  -0.22684
       -0.22652  -0.22456  -0.21998  -0.21790  -0.21758  -0.21262  -0.20252  -0.20059  -0.19731
       -0.19559  -0.18983  -0.18762  -0.18543  -0.18257  -0.18121  -0.17956  -0.17592  -0.17085
       -0.16349  -0.16199  -0.16048  -0.15817  -0.15630  -0.15373  -0.14730  -0.14607  -0.14168
       -0.14046  -0.13912  -0.13857  -0.13426  -0.13182  -0.12835  -0.12810  -0.12769  -0.12606
       -0.12302  -0.12272  -0.12198  -0.12019  -0.11633  -0.11000  -0.10708  -0.10562  -0.10500
       -0.10359  -0.10029  -0.10000  -0.09909  -0.09684  -0.09449  -0.09437  -0.09157  -0.09010
       -0.08888  -0.08743  -0.08715  -0.08684  -0.08543  -0.08341  -0.08275  -0.08219  -0.08010
       -0.07729  -0.07695  -0.07613  -0.07602  -0.07460  -0.07276  -0.07159  -0.07129  -0.07090
       -0.07031  -0.06986  -0.06797  -0.06734  -0.06638  -0.06595  -0.06452  -0.06335  -0.06266
       -0.06233  -0.06206  -0.06166  -0.06082  -0.06031  -0.06002  -0.05935  -0.05910  -0.05871
       -0.05821  -0.05784  -0.05751  -0.05722  -0.05668  -0.05462  -0.05348  -0.05322  -0.05285
       -0.05190  -0.05170  -0.05099  -0.05002  -0.04942  -0.04892  -0.04785  -0.04751  -0.04741
       -0.04699  -0.04640  -0.04616  -0.04592  -0.04498  -0.04463  -0.04431  -0.04384  -0.04338
       -0.04301  -0.04267  -0.04222  -0.04191  -0.04166  -0.04145  -0.04121  -0.04079  -0.04048
       -0.04028  -0.03976  -0.03958  -0.03911  -0.03881  -0.03839  -0.03738  -0.03683  -0.03661
       -0.03628  -0.03617  -0.03581  -0.03568  -0.03535  -0.03485  -0.03462  -0.03432  -0.03389
       -0.03359  -0.03338  -0.03322  -0.03282  -0.03256  -0.03222  -0.03213  -0.03198  -0.03180
       -0.03138  -0.03095  -0.03081  -0.03063  -0.03045  -0.03005  -0.02994  -0.02977  -0.02941
       -0.02934  -0.02890  -0.02878  -0.02870  -0.02844  -0.02805  -0.02795  -0.02792  -0.02763
       -0.02749  -0.02732  -0.02710  -0.02678  -0.02652  -0.02645  -0.02622  -0.02602  -0.02583
       -0.02567  -0.02544  -0.02517  -0.02499  -0.02461  -0.02433  -0.02411  -0.02390  -0.02362
       -0.02343  -0.02328  -0.02317  -0.02312  -0.02271  -0.02260  -0.02242  -0.02225  -0.02206
       -0.02198  -0.02172  -0.02156  -0.02128  -0.02115  -0.02108  -0.02079  -0.02075  -0.02072
       -0.02046  -0.02024  -0.02009  -0.02001  -0.01989  -0.01973  -0.01970  -0.01943  -0.01924
       -0.01916  -0.01897  -0.01882  -0.01870  -0.01856  -0.01852  -0.01823  -0.01813  -0.01799
       -0.01787  -0.01782  -0.01771  -0.01766  -0.01739  -0.01723  -0.01715  -0.01691  -0.01679
       -0.01673  -0.01655  -0.01646  -0.01641  -0.01629  -0.01619  -0.01599  -0.01592  -0.01577
       -0.01563  -0.01556  -0.01547  -0.01545  -0.01537  -0.01529  -0.01522  -0.01487  -0.01475
       -0.01469  -0.01463  -0.01457  -0.01445  -0.01435  -0.01426  -0.01422  -0.01408  -0.01398
       -0.01391  -0.01385  -0.01364  -0.01356  -0.01351  -0.01332  -0.01328  -0.01319  -0.01314
       -0.01308  -0.01288  -0.01278  -0.01272  -0.01270  -0.01257  -0.01244  -0.01234  -0.01222
       -0.01221  -0.01214  -0.01199  -0.01186  -0.01174  -0.01173  -0.01162  -0.01146  -0.01139
       -0.01127  -0.01123  -0.01110  -0.01100  -0.01097  -0.01093  -0.01078  -0.01064  -0.01063
       -0.01051  -0.01040  -0.01037  -0.01022  -0.01014  -0.01011  -0.01001  -0.00993  -0.00988
       -0.00980  -0.00974  -0.00969  -0.00962  -0.00951  -0.00938  -0.00933  -0.00929  -0.00926
       -0.00920  -0.00908  -0.00901  -0.00896  -0.00889  -0.00881  -0.00873  -0.00861  -0.00858
       -0.00849  -0.00845  -0.00832  -0.00828  -0.00823  -0.00819  -0.00808  -0.00805  -0.00799
       -0.00788  -0.00787  -0.00781  -0.00773  -0.00768  -0.00763  -0.00747  -0.00743  -0.00739
       -0.00730  -0.00725  -0.00719  -0.00714  -0.00701  -0.00696  -0.00693  -0.00684  -0.00676
       -0.00672  -0.00664  -0.00659  -0.00655  -0.00649  -0.00644  -0.00641  -0.00639  -0.00627
       -0.00618  -0.00609  -0.00602  -0.00600  -0.00596  -0.00587  -0.00578  -0.00575  -0.00571
       -0.00566  -0.00558  -0.00554  -0.00546  -0.00543  -0.00530  -0.00521  -0.00516  -0.00514
       -0.00508  -0.00503  -0.00491  -0.00485  -0.00471  -0.00468  -0.00467  -0.00457  -0.00456
       -0.00446  -0.00435  -0.00429   0.02845
        
     --------------------------------------------------------------------------------------------
     Tot. elapsed time 04m-06.8s,  time spent in last iteration 04m-06.8s
     --------------------------------------------------------------------------------------------

     [I/O] -------------------------------------------------------
     [I/O] RESTART written in < 00.1s             
     [I/O] In location   : ./c4h4s_20_400.wstat.restart
     [I/O] -------------------------------------------------------

                       *----------*              *----------*               *----------*
     #     Iteration = |        1 |   DFPT_dim = |      400 |   Diago_dim = |      800 |
                       *----------*              *----------*               *----------*
       
     --------------------------------------------------------------------------------------------
     Applying projection operator formed by dvg                          
     --------------------------------------------------------------------------------------------
     per-process dynamical memory   212.3 Mb
  
       
     --------------------------------------------------------------------------------------------
     Sternheimer eq. solver... with threshold =   1.000000E-12           
     --------------------------------------------------------------------------------------------
     in progress... |#                   | 005% :               01.8s (E)               37.8s (X)
     in progress... |##                  | 010% :               03.7s (E)               37.7s (X)
     in progress... |###                 | 015% :               05.6s (E)               37.7s (X)
     in progress... |####                | 020% :               07.5s (E)               37.7s (X)
     in progress... |#####               | 025% :               09.4s (E)               37.6s (X)
     in progress... |######              | 030% :               11.3s (E)               37.7s (X)
     in progress... |#######             | 035% :               13.1s (E)               37.6s (X)
     in progress... |########            | 040% :               15.0s (E)               37.6s (X)
     in progress... |#########           | 045% :               16.9s (E)               37.6s (X)
     in progress... |##########          | 050% :               18.8s (E)               37.6s (X)
     in progress... |###########         | 055% :               20.6s (E)               37.6s (X)
     in progress... |############        | 060% :               22.5s (E)               37.6s (X)
     in progress... |#############       | 065% :               24.4s (E)               37.6s (X)
     in progress... |##############      | 070% :               26.3s (E)               37.6s (X)
     in progress... |###############     | 075% :               28.1s (E)               37.5s (X)
     in progress... |################    | 080% :               30.0s (E)               37.5s (X)
     in progress... |#################   | 085% :               31.9s (E)               37.5s (X)
     in progress... |##################  | 090% :               33.7s (E)               37.5s (X)
     in progress... |################### | 095% :               35.6s (E)               37.5s (X)
     in progress... |####################| 100% :               37.5s (E)               37.5s (X)
       
     --------------------------------------------------------------------------------------------
     Applying projection operator formed by dvg                          
     --------------------------------------------------------------------------------------------
     --------------------------------------------------------------------------------------------
     p-DIAGOX done in 00.4s with a SCALAPACK grid (12x12)
     --------------------------------------------------------------------------------------------
        
       -0.28600  -0.26829  -0.26078  -0.25372  -0.25126  -0.23641  -0.23366  -0.22960  -0.22705
       -0.22665  -0.22479  -0.22013  -0.21819  -0.21772  -0.21300  -0.20274  -0.20079  -0.19752
       -0.19578  -0.19019  -0.18789  -0.18567  -0.18297  -0.18150  -0.18015  -0.17661  -0.17263
       -0.16384  -0.16231  -0.16089  -0.15868  -0.15661  -0.15416  -0.14790  -0.14648  -0.14255
       -0.14093  -0.13957  -0.13905  -0.13510  -0.13240  -0.12900  -0.12870  -0.12834  -0.12683
       -0.12397  -0.12358  -0.12273  -0.12105  -0.11689  -0.11216  -0.10787  -0.10644  -0.10590
       -0.10479  -0.10127  -0.10089  -0.09996  -0.09780  -0.09546  -0.09525  -0.09260  -0.09124
       -0.08977  -0.08871  -0.08832  -0.08786  -0.08669  -0.08491  -0.08377  -0.08298  -0.08090
       -0.07892  -0.07816  -0.07720  -0.07702  -0.07549  -0.07449  -0.07288  -0.07254  -0.07226
       -0.07170  -0.07099  -0.06943  -0.06868  -0.06821  -0.06749  -0.06603  -0.06467  -0.06437
       -0.06391  -0.06375  -0.06370  -0.06253  -0.06199  -0.06173  -0.06120  -0.06068  -0.06040
       -0.06016  -0.05930  -0.05926  -0.05898  -0.05859  -0.05658  -0.05616  -0.05499  -0.05468
       -0.05400  -0.05387  -0.05316  -0.05221  -0.05105  -0.05099  -0.05033  -0.05011  -0.04945
       -0.04928  -0.04914  -0.04870  -0.04849  -0.04741  -0.04726  -0.04682  -0.04642  -0.04571
       -0.04536  -0.04522  -0.04498  -0.04483  -0.04460  -0.04416  -0.04385  -0.04383  -0.04338
       -0.04300  -0.04289  -0.04211  -0.04187  -0.04153  -0.04140  -0.04040  -0.04028  -0.03996
       -0.03984  -0.03895  -0.03869  -0.03846  -0.03816  -0.03782  -0.03779  -0.03765  -0.03728
       -0.03675  -0.03636  -0.03610  -0.03602  -0.03592  -0.03570  -0.03548  -0.03537  -0.03526
       -0.03508  -0.03497  -0.03473  -0.03409  -0.03389  -0.03360  -0.03338  -0.03331  -0.03325
       -0.03292  -0.03282  -0.03275  -0.03255  -0.03224  -0.03211  -0.03198  -0.03157  -0.03132
       -0.03120  -0.03104  -0.03087  -0.03081  -0.03067  -0.03027  -0.03004  -0.02996  -0.02988
       -0.02968  -0.02960  -0.02926  -0.02911  -0.02904  -0.02838  -0.02820  -0.02816  -0.02767
       -0.02751  -0.02737  -0.02728  -0.02714  -0.02708  -0.02701  -0.02693  -0.02678  -0.02661
       -0.02658  -0.02591  -0.02570  -0.02565  -0.02552  -0.02535  -0.02528  -0.02512  -0.02506
       -0.02489  -0.02466  -0.02456  -0.02446  -0.02433  -0.02424  -0.02423  -0.02404  -0.02399
       -0.02384  -0.02374  -0.02370  -0.02346  -0.02337  -0.02332  -0.02322  -0.02310  -0.02283
       -0.02268  -0.02250  -0.02233  -0.02223  -0.02218  -0.02203  -0.02169  -0.02158  -0.02154
       -0.02139  -0.02134  -0.02128  -0.02120  -0.02115  -0.02110  -0.02100  -0.02085  -0.02075
       -0.02064  -0.02051  -0.02048  -0.02029  -0.02024  -0.02014  -0.02006  -0.02005  -0.02000
       -0.01982  -0.01970  -0.01966  -0.01951  -0.01937  -0.01919  -0.01912  -0.01902  -0.01893
       -0.01891  -0.01878  -0.01877  -0.01868  -0.01863  -0.01853  -0.01849  -0.01838  -0.01834
       -0.01822  -0.01817  -0.01811  -0.01807  -0.01792  -0.01789  -0.01780  -0.01768  -0.01761
       -0.01759  -0.01756  -0.01743  -0.01736  -0.01734  -0.01727  -0.01719  -0.01710  -0.01702
       -0.01699  -0.01686  -0.01683  -0.01668  -0.01665  -0.01664  -0.01646  -0.01638  -0.01634
       -0.01619  -0.01610  -0.01603  -0.01599  -0.01592  -0.01583  -0.01575  -0.01573  -0.01558
       -0.01554  -0.01541  -0.01540  -0.01534  -0.01519  -0.01514  -0.01510  -0.01504  -0.01497
       -0.01483  -0.01480  -0.01476  -0.01468  -0.01442  -0.01441  -0.01437  -0.01432  -0.01431
       -0.01423  -0.01419  -0.01408  -0.01403  -0.01395  -0.01390  -0.01385  -0.01380  -0.01377
       -0.01376  -0.01367  -0.01363  -0.01360  -0.01351  -0.01347  -0.01346  -0.01343  -0.01332
       -0.01328  -0.01321  -0.01316  -0.01311  -0.01305  -0.01301  -0.01299  -0.01293  -0.01288
       -0.01280  -0.01276  -0.01269  -0.01264  -0.01262  -0.01251  -0.01245  -0.01239  -0.01234
       -0.01232  -0.01224  -0.01219  -0.01211  -0.01208  -0.01201  -0.01192  -0.01188  -0.01187
       -0.01177  -0.01176  -0.01168  -0.01167  -0.01161  -0.01154  -0.01148  -0.01140  -0.01136
       -0.01135  -0.01133  -0.01127  -0.01124  -0.01123  -0.01113  -0.01106  -0.01102  -0.01101
       -0.01099  -0.01092  -0.01088  -0.01086
        
     --------------------------------------------------------------------------------------------
     Tot. elapsed time 08m-03.0s,  time spent in last iteration 50.6s
     --------------------------------------------------------------------------------------------

     [I/O] -------------------------------------------------------
     [I/O] RESTART written in < 00.1s             
     [I/O] In location   : ./c4h4s_20_400.wstat.restart
     [I/O] -------------------------------------------------------

                       *----------*              *----------*               *----------*
     #     Iteration = |        2 |   DFPT_dim = |      342 |   Diago_dim = |     1142 |
                       *----------*              *----------*               *----------*
       
     --------------------------------------------------------------------------------------------
     Applying projection operator formed by dvg                          
     --------------------------------------------------------------------------------------------
     per-process dynamical memory   211.5 Mb
  
       
     --------------------------------------------------------------------------------------------
     Sternheimer eq. solver... with threshold =   1.000000E-12           
     --------------------------------------------------------------------------------------------
     in progress... |#                   | 005% :               01.8s (E)               37.5s (X)
     in progress... |##                  | 010% :               03.7s (E)               37.3s (X)
     in progress... |###                 | 015% :               05.6s (E)               37.3s (X)
     in progress... |####                | 020% :               06.5s (E)               32.6s (X)
     in progress... |#####               | 025% :               08.3s (E)               33.5s (X)
     in progress... |######              | 030% :               10.2s (E)               34.2s (X)
     in progress... |#######             | 035% :               12.1s (E)               34.6s (X)
     in progress... |########            | 040% :               13.0s (E)               32.6s (X)
     in progress... |#########           | 045% :               14.9s (E)               33.1s (X)
     in progress... |##########          | 050% :               16.7s (E)               33.5s (X)
     in progress... |###########         | 055% :               18.6s (E)               33.8s (X)
     in progress... |############        | 060% :               19.5s (E)               32.5s (X)
     in progress... |#############       | 065% :               21.4s (E)               32.9s (X)
     in progress... |##############      | 070% :               23.2s (E)               33.2s (X)
     in progress... |###############     | 075% :               25.1s (E)               33.5s (X)
     in progress... |################    | 080% :               26.0s (E)               32.5s (X)
     in progress... |#################   | 085% :               27.9s (E)               32.8s (X)
     in progress... |##################  | 090% :               29.7s (E)               33.0s (X)
     in progress... |################### | 095% :               31.6s (E)               33.2s (X)
     in progress... |####################| 100% :               32.5s (E)               32.5s (X)
       
     --------------------------------------------------------------------------------------------
     Applying projection operator formed by dvg                          
     --------------------------------------------------------------------------------------------
     --------------------------------------------------------------------------------------------
     p-DIAGOX done in 00.7s with a SCALAPACK grid (12x12)
     --------------------------------------------------------------------------------------------
        
       -0.28601  -0.26829  -0.26078  -0.25372  -0.25126  -0.23641  -0.23366  -0.22960  -0.22706
       -0.22665  -0.22479  -0.22013  -0.21820  -0.21773  -0.21301  -0.20274  -0.20079  -0.19752
       -0.19579  -0.19020  -0.18790  -0.18568  -0.18297  -0.18150  -0.18015  -0.17661  -0.17263
       -0.16384  -0.16231  -0.16089  -0.15868  -0.15661  -0.15416  -0.14790  -0.14648  -0.14255
       -0.14093  -0.13958  -0.13906  -0.13510  -0.13240  -0.12900  -0.12870  -0.12834  -0.12683
       -0.12397  -0.12358  -0.12273  -0.12105  -0.11689  -0.11216  -0.10787  -0.10645  -0.10590
       -0.10479  -0.10128  -0.10089  -0.09996  -0.09780  -0.09547  -0.09525  -0.09260  -0.09125
       -0.08977  -0.08871  -0.08832  -0.08786  -0.08669  -0.08492  -0.08377  -0.08298  -0.08090
       -0.07892  -0.07816  -0.07720  -0.07702  -0.07549  -0.07449  -0.07289  -0.07255  -0.07226
       -0.07171  -0.07099  -0.06944  -0.06869  -0.06822  -0.06750  -0.06604  -0.06467  -0.06437
       -0.06392  -0.06376  -0.06370  -0.06254  -0.06199  -0.06173  -0.06121  -0.06068  -0.06040
       -0.06017  -0.05931  -0.05926  -0.05899  -0.05860  -0.05659  -0.05617  -0.05500  -0.05470
       -0.05401  -0.05388  -0.05317  -0.05223  -0.05106  -0.05100  -0.05035  -0.05012  -0.04947
       -0.04930  -0.04915  -0.04872  -0.04851  -0.04743  -0.04728  -0.04683  -0.04644  -0.04573
       -0.04538  -0.04525  -0.04500  -0.04485  -0.04462  -0.04418  -0.04387  -0.04385  -0.04340
       -0.04302  -0.04292  -0.04214  -0.04190  -0.04155  -0.04144  -0.04045  -0.04033  -0.03999
       -0.03988  -0.03899  -0.03872  -0.03849  -0.03819  -0.03786  -0.03784  -0.03770  -0.03731
       -0.03680  -0.03641  -0.03615  -0.03605  -0.03596  -0.03576  -0.03553  -0.03543  -0.03533
       -0.03514  -0.03503  -0.03481  -0.03415  -0.03396  -0.03368  -0.03345  -0.03337  -0.03332
       -0.03300  -0.03289  -0.03282  -0.03265  -0.03235  -0.03218  -0.03206  -0.03165  -0.03140
       -0.03130  -0.03115  -0.03097  -0.03091  -0.03075  -0.03035  -0.03014  -0.03004  -0.02998
       -0.02979  -0.02970  -0.02937  -0.02922  -0.02913  -0.02851  -0.02833  -0.02829  -0.02784
       -0.02768  -0.02749  -0.02742  -0.02730  -0.02724  -0.02715  -0.02705  -0.02693  -0.02681
       -0.02673  -0.02606  -0.02584  -0.02581  -0.02572  -0.02550  -0.02547  -0.02531  -0.02523
       -0.02509  -0.02486  -0.02474  -0.02470  -0.02452  -0.02449  -0.02445  -0.02423  -0.02422
       -0.02406  -0.02400  -0.02392  -0.02368  -0.02356  -0.02353  -0.02348  -0.02328  -0.02309
       -0.02286  -0.02268  -0.02265  -0.02247  -0.02244  -0.02235  -0.02192  -0.02186  -0.02173
       -0.02170  -0.02158  -0.02156  -0.02148  -0.02147  -0.02141  -0.02126  -0.02111  -0.02104
       -0.02095  -0.02089  -0.02073  -0.02063  -0.02055  -0.02052  -0.02050  -0.02037  -0.02035
       -0.02017  -0.02011  -0.01999  -0.01989  -0.01973  -0.01962  -0.01947  -0.01937  -0.01933
       -0.01931  -0.01920  -0.01913  -0.01904  -0.01901  -0.01893  -0.01892  -0.01888  -0.01872
       -0.01867  -0.01860  -0.01857  -0.01848  -0.01834  -0.01832  -0.01829  -0.01819  -0.01815
       -0.01812  -0.01808  -0.01798  -0.01787  -0.01782  -0.01776  -0.01776  -0.01761  -0.01747
       -0.01744  -0.01735  -0.01733  -0.01730  -0.01726  -0.01705  -0.01700  -0.01696  -0.01693
       -0.01687  -0.01670  -0.01662  -0.01657  -0.01645  -0.01639  -0.01637  -0.01628  -0.01623
       -0.01619  -0.01610  -0.01607  -0.01598  -0.01594  -0.01578  -0.01571  -0.01570  -0.01559
       -0.01557  -0.01551  -0.01547  -0.01544  -0.01522  -0.01515  -0.01513  -0.01511  -0.01499
       -0.01493  -0.01489  -0.01485  -0.01481  -0.01470  -0.01467  -0.01464  -0.01454  -0.01449
       -0.01446  -0.01444  -0.01439  -0.01438  -0.01435  -0.01433  -0.01426  -0.01421  -0.01420
       -0.01415  -0.01411  -0.01408  -0.01405  -0.01393  -0.01389  -0.01385  -0.01383  -0.01382
       -0.01377  -0.01371  -0.01366  -0.01359  -0.01358  -0.01358  -0.01352  -0.01342  -0.01338
       -0.01335  -0.01332  -0.01320  -0.01318  -0.01312  -0.01311  -0.01303  -0.01289  -0.01284
       -0.01281  -0.01279  -0.01271  -0.01270  -0.01269  -0.01265  -0.01263  -0.01260  -0.01253
       -0.01248  -0.01247  -0.01245  -0.01240  -0.01236  -0.01232  -0.01228  -0.01222  -0.01219
       -0.01210  -0.01209  -0.01205  -0.01199
        
     --------------------------------------------------------------------------------------------
     Tot. elapsed time 11m-57.1s,  time spent in last iteration 48.7s
     --------------------------------------------------------------------------------------------

     [I/O] -------------------------------------------------------
     [I/O] RESTART written in < 00.1s             
     [I/O] In location   : ./c4h4s_20_400.wstat.restart
     [I/O] -------------------------------------------------------

                       *----------*              *----------*               *----------*
     #     Iteration = |        3 |   DFPT_dim = |       34 |   Diago_dim = |     1176 |
                       *----------*              *----------*               *----------*
       
     --------------------------------------------------------------------------------------------
     Applying projection operator formed by dvg                          
     --------------------------------------------------------------------------------------------
     per-process dynamical memory   205.3 Mb
  
       
     --------------------------------------------------------------------------------------------
     Sternheimer eq. solver... with threshold =   1.000000E-12           
     --------------------------------------------------------------------------------------------
     in progress... |######              | 030% :               00.9s (E)               03.1s (X)
     in progress... |#############       | 065% :               01.8s (E)               02.8s (X)
     in progress... |####################| 100% :               02.7s (E)               02.7s (X)
       
     --------------------------------------------------------------------------------------------
     Applying projection operator formed by dvg                          
     --------------------------------------------------------------------------------------------
     --------------------------------------------------------------------------------------------
     p-DIAGOX done in 00.6s with a SCALAPACK grid (12x12)
     --------------------------------------------------------------------------------------------
        
       -0.28601  -0.26829  -0.26078  -0.25372  -0.25126  -0.23641  -0.23366  -0.22960  -0.22706
       -0.22665  -0.22479  -0.22013  -0.21820  -0.21773  -0.21301  -0.20274  -0.20079  -0.19752
       -0.19579  -0.19020  -0.18790  -0.18568  -0.18297  -0.18150  -0.18015  -0.17661  -0.17263
       -0.16384  -0.16231  -0.16089  -0.15868  -0.15661  -0.15416  -0.14790  -0.14648  -0.14255
       -0.14093  -0.13958  -0.13906  -0.13510  -0.13240  -0.12900  -0.12870  -0.12834  -0.12683
       -0.12397  -0.12358  -0.12273  -0.12105  -0.11689  -0.11216  -0.10787  -0.10645  -0.10590
       -0.10479  -0.10128  -0.10089  -0.09996  -0.09780  -0.09547  -0.09525  -0.09260  -0.09125
       -0.08977  -0.08871  -0.08832  -0.08786  -0.08669  -0.08492  -0.08377  -0.08298  -0.08090
       -0.07892  -0.07816  -0.07720  -0.07702  -0.07549  -0.07449  -0.07289  -0.07255  -0.07226
       -0.07171  -0.07099  -0.06944  -0.06869  -0.06822  -0.06750  -0.06604  -0.06467  -0.06437
       -0.06392  -0.06376  -0.06370  -0.06254  -0.06199  -0.06173  -0.06121  -0.06068  -0.06040
       -0.06017  -0.05931  -0.05926  -0.05899  -0.05860  -0.05659  -0.05617  -0.05500  -0.05470
       -0.05401  -0.05388  -0.05317  -0.05223  -0.05106  -0.05100  -0.05035  -0.05012  -0.04947
       -0.04930  -0.04915  -0.04872  -0.04851  -0.04743  -0.04728  -0.04683  -0.04644  -0.04573
       -0.04538  -0.04525  -0.04500  -0.04485  -0.04462  -0.04418  -0.04387  -0.04385  -0.04340
       -0.04302  -0.04292  -0.04214  -0.04190  -0.04155  -0.04144  -0.04045  -0.04033  -0.03999
       -0.03988  -0.03899  -0.03872  -0.03849  -0.03819  -0.03786  -0.03784  -0.03770  -0.03731
       -0.03680  -0.03641  -0.03615  -0.03605  -0.03596  -0.03576  -0.03553  -0.03543  -0.03533
       -0.03514  -0.03503  -0.03481  -0.03415  -0.03396  -0.03368  -0.03345  -0.03337  -0.03332
       -0.03300  -0.03289  -0.03282  -0.03265  -0.03235  -0.03218  -0.03206  -0.03165  -0.03140
       -0.03130  -0.03115  -0.03097  -0.03091  -0.03075  -0.03035  -0.03014  -0.03004  -0.02998
       -0.02979  -0.02970  -0.02937  -0.02922  -0.02913  -0.02851  -0.02833  -0.02829  -0.02784
       -0.02768  -0.02749  -0.02742  -0.02730  -0.02724  -0.02715  -0.02705  -0.02693  -0.02681
       -0.02673  -0.02606  -0.02584  -0.02581  -0.02572  -0.02550  -0.02547  -0.02531  -0.02523
       -0.02509  -0.02486  -0.02475  -0.02470  -0.02452  -0.02449  -0.02445  -0.02423  -0.02422
       -0.02406  -0.02400  -0.02392  -0.02368  -0.02356  -0.02354  -0.02348  -0.02328  -0.02309
       -0.02287  -0.02269  -0.02265  -0.02247  -0.02244  -0.02236  -0.02192  -0.02186  -0.02173
       -0.02170  -0.02159  -0.02157  -0.02148  -0.02147  -0.02141  -0.02126  -0.02111  -0.02104
       -0.02096  -0.02089  -0.02074  -0.02064  -0.02055  -0.02052  -0.02050  -0.02037  -0.02035
       -0.02017  -0.02011  -0.02000  -0.01989  -0.01974  -0.01963  -0.01947  -0.01937  -0.01933
       -0.01931  -0.01920  -0.01913  -0.01904  -0.01901  -0.01893  -0.01892  -0.01888  -0.01872
       -0.01867  -0.01861  -0.01858  -0.01848  -0.01834  -0.01832  -0.01830  -0.01819  -0.01816
       -0.01812  -0.01809  -0.01799  -0.01787  -0.01783  -0.01777  -0.01776  -0.01761  -0.01747
       -0.01745  -0.01736  -0.01733  -0.01731  -0.01727  -0.01705  -0.01700  -0.01697  -0.01694
       -0.01688  -0.01671  -0.01663  -0.01657  -0.01646  -0.01640  -0.01638  -0.01628  -0.01623
       -0.01620  -0.01610  -0.01607  -0.01599  -0.01595  -0.01579  -0.01572  -0.01571  -0.01560
       -0.01557  -0.01552  -0.01548  -0.01545  -0.01524  -0.01516  -0.01514  -0.01512  -0.01500
       -0.01494  -0.01490  -0.01486  -0.01482  -0.01472  -0.01469  -0.01465  -0.01455  -0.01450
       -0.01447  -0.01446  -0.01441  -0.01440  -0.01436  -0.01434  -0.01428  -0.01422  -0.01421
       -0.01416  -0.01413  -0.01410  -0.01407  -0.01394  -0.01390  -0.01386  -0.01385  -0.01383
       -0.01378  -0.01374  -0.01368  -0.01365  -0.01362  -0.01361  -0.01358  -0.01349  -0.01345
       -0.01340  -0.01337  -0.01328  -0.01324  -0.01320  -0.01319  -0.01312  -0.01298  -0.01290
       -0.01289  -0.01285  -0.01282  -0.01279  -0.01277  -0.01273  -0.01272  -0.01270  -0.01262
       -0.01260  -0.01256  -0.01254  -0.01250  -0.01244  -0.01242  -0.01236  -0.01233  -0.01228
       -0.01223  -0.01222  -0.01213  -0.01212
        
     --------------------------------------------------------------------------------------------
     Tot. elapsed time 15m-12.2s,  time spent in last iteration 10.0s
     --------------------------------------------------------------------------------------------
       
     --------------------------------------------------------------------------------------------
     Convergence achieved !!! in        3 steps                          
     --------------------------------------------------------------------------------------------
      
     --------------------------------------------------------------------------------------------
     Database written in < 00.1s             
     In location : ./c4h4s_20_400.wstat.save
     --------------------------------------------------------------------------------------------
 
     WSTAT        : 30m47.80s CPU    33m26.03s WALL

     wstat_readin :      3.46s CPU     25.64s WALL (       1 calls)
     fetch_nml    :      0.27s CPU      0.29s WALL (       1 calls)
     read_xml     :      1.45s CPU      2.16s WALL (       1 calls)
     init_vloc    :      0.16s CPU      0.17s WALL (       2 calls)
     fft          :      0.27s CPU      0.74s WALL (      11 calls)
     fft_scatter  :     40.50s CPU     40.73s WALL (   11801 calls)
     v_of_rho     :      0.31s CPU      0.33s WALL (       1 calls)
     v_xc         :      0.27s CPU      0.29s WALL (       1 calls)
     v_h          :      0.03s CPU      0.04s WALL (       1 calls)
     read_wave    :      1.73s CPU     22.97s WALL (       1 calls)
     davcio       :      0.00s CPU      2.47s WALL (       2 calls)
     init_us_1    :      0.05s CPU      0.06s WALL (       2 calls)
     do_setup     :      0.24s CPU      0.25s WALL (       1 calls)
     init_pw_ar   :      0.23s CPU      0.25s WALL (       1 calls)
     init_at_1    :      0.00s CPU      0.00s WALL (       1 calls)
     storesqvc    :      0.01s CPU      0.02s WALL (       1 calls)
     chidiago     :    545.71s CPU    584.19s WALL (       1 calls)
     randomize    :      0.95s CPU      0.97s WALL (       2 calls)
     paramgs      :     13.64s CPU     13.77s WALL (      13 calls)
     dfpt         :    244.20s CPU    246.36s WALL (      12 calls)
     init_us_2    :      0.08s CPU      0.11s WALL (      12 calls)
     fftw         :    109.91s CPU    110.90s WALL (   11790 calls)
     alphapc      :      0.70s CPU      0.72s WALL (     170 calls)
     wstat_restar :   1095.14s CPU   1186.83s WALL (      10 calls)
     linstern     :    145.47s CPU    146.69s WALL (     128 calls)
     stern        :    113.54s CPU    114.58s WALL (    4219 calls)
     h_psi_bgrp   :     88.62s CPU     89.37s WALL (     588 calls)
     h_psi        :     88.62s CPU     89.37s WALL (     588 calls)
     h_psi:pot    :     87.75s CPU     88.46s WALL (     588 calls)
     vloc_psi     :     83.46s CPU     84.15s WALL (     588 calls)
     h_psi:calbec :      2.39s CPU      2.22s WALL (     588 calls)
     calbec       :      2.39s CPU      2.21s WALL (     588 calls)
     add_vuspsi   :      1.89s CPU      2.09s WALL (     588 calls)
     alphapv      :     11.82s CPU     11.95s WALL (    4219 calls)
     build_hr     :      7.16s CPU      7.38s WALL (      10 calls)
     diagox       :      2.74s CPU      2.90s WALL (      10 calls)
     redistr_vr   :      0.27s CPU      0.28s WALL (       8 calls)
     update_vr    :     12.05s CPU     12.45s WALL (       8 calls)
     symm_hr      :      0.27s CPU      0.28s WALL (       8 calls)
     chidiago:las :      0.12s CPU      0.13s WALL (       2 calls)
     refresh_vr   :      4.63s CPU      4.74s WALL (       4 calls)
     pdep_db      :     21.86s CPU     23.67s WALL (       1 calls)
     kinchidiago  :   1298.37s CPU   1395.26s WALL (       1 calls)
     k_psi        :      4.72s CPU      4.78s WALL (    3631 calls)
     kinchidiago: :      0.00s CPU      0.00s WALL (       1 calls)
     pdep_db_for_ :    438.52s CPU    474.48s WALL (       1 calls)
 
     WSTAT        : 30m47.80s CPU    33m26.03s WALL

 
   This run was terminated on:  14: 6: 4  25Apr2018            

=------------------------------------------------------------------------------=
   JOB DONE.
=------------------------------------------------------------------------------=
