
     Program WSTAT v. 2.0.0 starts on 25Apr2018 at 18:21:49 

     This program is part of the open-source West suite
     for massively parallel calculations of excited states in materials; please cite
         "M. Govoni et al., J. Chem. Theory Comput. 11, 2680 (2015);
          URL http://www.west-code.org", 
     in publications or presentations arising from this work.

     Based on the Quantum ESPRESSO v. 6.1 svn rev. 13369
       
     --------------------------------------------------------------------------------------------
     **MPI** Parallelization Status                                      
     --------------------------------------------------------------------------------------------
                   160                  10             1             1            16
     --------------------------------------------------------------------------------------------
                     N         =         I      X      P      X      B      X      Z
                     ^                   ^             ^             ^             ^
                     |                   |             |             |             |
                   #rnk                  |             |             |             |
                                      #image           |             |             |
                                                     #pool           |             |
                                                                   #bgrp           |
                                                                                 #R&G
     --------------------------------------------------------------------------------------------
     **OPENMP** Parallelization Status
     #thr/rnk               =            1
     --------------------------------------------------------------------------------------------
     #prc = (rnk) * (thr) =          160
     --------------------------------------------------------------------------------------------
       
     --------------------------------------------------------------------------------------------
     I/O Summary : input_west                                            
     --------------------------------------------------------------------------------------------
     qe_prefix      = c4h4s
     west_prefix    = c4h4s
     outdir         = ./
     --------------------------------------------------------------------------------------------
       
     --------------------------------------------------------------------------------------------
     I/O Summary : wstat_control                                         
     --------------------------------------------------------------------------------------------
     wstat_calculation              =              S
     n_pdep_eigen                   =            500
     n_kin_pdep_eigen               =              0
     n_lindhard_eigen               =              0
     n_pdep_times                   =              4
     n_pdep_maxiter                 =            100
     n_dfpt_maxiter                 =            250
     n_pdep_read_from_file          =              0
     trev_pdep                      =   1.000000E-03
     trev_pdep_rel                  =   1.000000E-01
     tr2_dfpt                       =   1.000000E-12
     l_kinetic_only                 =              F
     l_minimize_exx_if_active       =              F
     l_use_ecutrho                  =              F
     l_pure_eigen                   =              F
     --------------------------------------------------------------------------------------------

     Reading data from directory:
     ./c4h4s.save

   Info: using nr1, nr2, nr3 values from input

   Info: using nr1, nr2, nr3 values from input

     IMPORTANT: XC functional enforced from input :
     Exchange-correlation      = PBE ( 1  4  3  4 0 0)
     Any further DFT definition will be discarded
     Please, verify this is what you really want

     Message from routine readpp:
     file ./c4h4s.save/S_ONCV_PBE-1.0.upf not found
     Message from routine readpp:
     file ./c4h4s.save/C_ONCV_PBE-1.0.upf not found
     Message from routine readpp:
     file ./c4h4s.save/H_ONCV_PBE-1.0.upf not found
 
     Parallelization info
     --------------------
     sticks:   dense  smooth     PW     G-vecs:    dense   smooth      PW
     Min        1520    1520    379               178660   178660   22323
     Max        1522    1522    384               178666   178666   22328
     Sum       24345   24345   6093              2858633  2858633  357213
 
       
     --------------------------------------------------------------------------------------------
     System Overview                                                     
     --------------------------------------------------------------------------------------------
     gamma_only           =              T
     ecutwfc [Ry]         =      85.000000
     omega [au^3]         =   2.700000E+04
     glob. #G             =         178607
     nbnd                 =            100
     nkstot               =              1
     nspin                =              1
     nelec                =      26.000000
     npol                 =              1
     lsda                 =              F
     noncolin             =              F
     lspinorb             =              F
     domag                =              F
     --------------------------------------------------------------------------------------------

     sFFT G-space:  1429317 G-vectors     R-space: ( 180, 180, 180)
     dFFT G-space:  1429317 G-vectors     R-space: ( 180, 180, 180)

     Cell [a.u.]          =      30.000000      0.000000      0.000000
                          =       0.000000     30.000000      0.000000
                          =       0.000000      0.000000     30.000000
      
     number of ks points=     1
                       cart. coord. in units 2pi/alat
        k(    1) = (   0.0000000   0.0000000   0.0000000), wk =   2.0000000

                       cryst. coord.
        k(    1) = (   0.0000000   0.0000000   0.0000000), wk =   2.0000000
 
     Spherical div        =   1.654268E-01
     Orthorombic div      =   1.628502E-01
       
     --------------------------------------------------------------------------------------------
     Parallelization for nvecx                                           
     --------------------------------------------------------------------------------------------
     nglob                =           2000
     nlevel               =             10
     Min nglob/nlevel     =            200
     Max nglob/nlevel     =            200
     --------------------------------------------------------------------------------------------

     [MEM] ----------------------------------------------------------
     [MEM] **Memory** analysis: QE
     [MEM] ----------------------------------------------------------
     [MEM] Allocated arrays           est. size (Mb)     dimensions
     [MEM] ----------------------------------------------------------
     [MEM] Kohn-Sham Wavefunctions      17.03 Mb     (  11164,  100)
     [MEM] NL pseudopotentials           8.18 Mb     (  11164,   48)
     [MEM] Each V/rho on FFT grid        5.93 Mb     ( 388800)
     [MEM] Each G-vector array           0.68 Mb     (  89333)
     [MEM] G-vector shells               0.05 Mb     (   6125)
     [MEM] ----------------------------------------------------------
     [MEM] TOT                          31.87 Mb
     [MEM] ----------------------------------------------------------
     [MEM] 
     [MEM] ----------------------------------------------------------
     [MEM] **Memory** analysis: WSTAT global
     [MEM] ----------------------------------------------------------
     [MEM] Allocated arrays           est. size (Mb)     dimensions
     [MEM] ----------------------------------------------------------
     [MEM] dvg                          34.07 Mb     (  11164,  200)
     [MEM] dng                          34.07 Mb     (  11164,  200)
     [MEM] hr_distr                      3.05 Mb     (   2000,  200)
     [MEM] vr_distr                      3.05 Mb     (   2000,  200)
     [MEM] ----------------------------------------------------------
     [MEM] TOT                          74.24 Mb
     [MEM] ----------------------------------------------------------
     [MEM] 
     [MEM] ----------------------------------------------------------
     [MEM] **Memory** analysis: WSTAT temporary
     [MEM] ----------------------------------------------------------
     [MEM] Allocated arrays           est. size (Mb)     dimensions
     [MEM] ----------------------------------------------------------
     [MEM] dvpsi                         2.21 Mb     (  11164,   13)
     [MEM] dpsi                          2.21 Mb     (  11164,   13)
     [MEM] ----------------------------------------------------------
     [MEM] Total estimate                4.43 Mb
     [MEM] ----------------------------------------------------------

                       *----------*              *----------*               *----------*
     #     Iteration = | starting |   DFPT_dim = |      500 |   Diago_dim = |      500 |  x 1/2
                       *----------*              *----------*               *----------*
     per-process dynamical memory   193.8 Mb
  
       
     --------------------------------------------------------------------------------------------
     Sternheimer eq. solver... with lite-solver                          
     --------------------------------------------------------------------------------------------
     in progress... |#                   | 005% :               01.3s (E)               26.9s (X)
     in progress... |##                  | 010% :               02.2s (E)               22.2s (X)
     in progress... |###                 | 015% :               03.5s (E)               23.5s (X)
     in progress... |####                | 020% :               04.4s (E)               22.0s (X)
     in progress... |#####               | 025% :               05.7s (E)               22.9s (X)
     in progress... |######              | 030% :               06.6s (E)               22.0s (X)
     in progress... |#######             | 035% :               07.9s (E)               22.5s (X)
     in progress... |########            | 040% :               08.7s (E)               21.9s (X)
     in progress... |#########           | 045% :               10.0s (E)               22.4s (X)
     in progress... |##########          | 050% :               10.9s (E)               21.9s (X)
     in progress... |###########         | 055% :               12.2s (E)               22.3s (X)
     in progress... |############        | 060% :               13.1s (E)               21.9s (X)
     in progress... |#############       | 065% :               14.4s (E)               22.2s (X)
     in progress... |##############      | 070% :               15.3s (E)               21.9s (X)
     in progress... |###############     | 075% :               16.6s (E)               22.1s (X)
     in progress... |################    | 080% :               17.5s (E)               21.8s (X)
     in progress... |#################   | 085% :               18.8s (E)               22.1s (X)
     in progress... |##################  | 090% :               19.6s (E)               21.8s (X)
     in progress... |################### | 095% :               21.0s (E)               22.1s (X)
     in progress... |####################| 100% :               21.8s (E)               21.8s (X)
     --------------------------------------------------------------------------------------------

     [I/O] -------------------------------------------------------
     [I/O] RESTART written in < 00.1s             
     [I/O] In location   : ./c4h4s_500.wstat.restart
     [I/O] -------------------------------------------------------

                       *----------*              *----------*               *----------*
     #     Iteration = | starting |   DFPT_dim = |      500 |   Diago_dim = |      500 |  x 2/2
                       *----------*              *----------*               *----------*
     per-process dynamical memory   198.4 Mb
  
       
     --------------------------------------------------------------------------------------------
     Sternheimer eq. solver... with threshold =   1.000000E-06           
     --------------------------------------------------------------------------------------------
     in progress... |#                   | 005% :               21.0s (E)           07m-01.9s (X)
     in progress... |##                  | 010% :               34.9s (E)           05m-49.7s (X)
     in progress... |###                 | 015% :               55.5s (E)           06m-10.5s (X)
     in progress... |####                | 020% :           01m-09.1s (E)           05m-45.9s (X)
     in progress... |#####               | 025% :           01m-29.3s (E)           05m-57.5s (X)
     in progress... |######              | 030% :           01m-42.7s (E)           05m-42.4s (X)
     in progress... |#######             | 035% :           02m-02.8s (E)           05m-50.9s (X)
     in progress... |########            | 040% :           02m-16.0s (E)           05m-40.1s (X)
     in progress... |#########           | 045% :           02m-35.6s (E)           05m-45.8s (X)
     in progress... |##########          | 050% :           02m-48.6s (E)           05m-37.3s (X)
     in progress... |###########         | 055% :           03m-08.0s (E)           05m-41.8s (X)
     in progress... |############        | 060% :           03m-20.9s (E)           05m-34.8s (X)
     in progress... |#############       | 065% :           03m-40.3s (E)           05m-38.9s (X)
     in progress... |##############      | 070% :           03m-53.0s (E)           05m-32.9s (X)
     in progress... |###############     | 075% :           04m-12.1s (E)           05m-36.2s (X)
     in progress... |################    | 080% :           04m-24.9s (E)           05m-31.1s (X)
     in progress... |#################   | 085% :           04m-43.9s (E)           05m-34.0s (X)
     in progress... |##################  | 090% :           04m-56.5s (E)           05m-29.5s (X)
     in progress... |################### | 095% :           05m-15.5s (E)           05m-32.1s (X)
     in progress... |####################| 100% :           05m-28.0s (E)           05m-28.0s (X)
     --------------------------------------------------------------------------------------------
     p-DIAGOX done in 00.6s with a SCALAPACK grid (12x12)
     --------------------------------------------------------------------------------------------
        
       -3.39378  -3.04676  -2.36717  -2.28871  -1.63640  -1.54531  -1.34190  -1.04668  -1.03489
       -0.93453  -0.89045  -0.87778  -0.82441  -0.79672  -0.72889  -0.72419  -0.71614  -0.65778
       -0.61703  -0.60447  -0.54576  -0.53221  -0.53125  -0.51682  -0.49840  -0.48638  -0.47528
       -0.45618  -0.43942  -0.43702  -0.41936  -0.40881  -0.40229  -0.39736  -0.38391  -0.38127
       -0.37266  -0.36095  -0.35665  -0.34415  -0.34152  -0.33832  -0.32890  -0.32031  -0.31576
       -0.31256  -0.30413  -0.29542  -0.29479  -0.28825  -0.28199  -0.27188  -0.26886  -0.26870
       -0.26169  -0.25622  -0.24299  -0.24244  -0.24225  -0.23173  -0.22880  -0.22287  -0.21865
       -0.21235  -0.20933  -0.20460  -0.20414  -0.19901  -0.19450  -0.18926  -0.18902  -0.18854
       -0.18594  -0.17214  -0.17084  -0.16435  -0.16335  -0.16202  -0.15056  -0.15009  -0.14964
       -0.14262  -0.13758  -0.13650  -0.13527  -0.13433  -0.13361  -0.13321  -0.13230  -0.13191
       -0.12384  -0.12040  -0.11814  -0.11471  -0.11371  -0.11147  -0.10875  -0.10834  -0.10323
       -0.10280  -0.10160  -0.09996  -0.09946  -0.09642  -0.09570  -0.09442  -0.09320  -0.09297
       -0.09248  -0.09045  -0.09020  -0.08739  -0.08676  -0.08609  -0.08581  -0.08532  -0.08314
       -0.08273  -0.08177  -0.08142  -0.07954  -0.07852  -0.07718  -0.07675  -0.07644  -0.07431
       -0.07309  -0.07254  -0.07160  -0.07133  -0.07036  -0.06956  -0.06704  -0.06609  -0.06536
       -0.06524  -0.06411  -0.06335  -0.06220  -0.06199  -0.06166  -0.06081  -0.06020  -0.06003
       -0.05884  -0.05843  -0.05798  -0.05764  -0.05712  -0.05687  -0.05597  -0.05552  -0.05481
       -0.05471  -0.05396  -0.05312  -0.05270  -0.05205  -0.05190  -0.05178  -0.05163  -0.05079
       -0.05039  -0.04891  -0.04821  -0.04699  -0.04679  -0.04638  -0.04625  -0.04538  -0.04522
       -0.04456  -0.04446  -0.04427  -0.04399  -0.04340  -0.04322  -0.04298  -0.04234  -0.04211
       -0.04200  -0.04131  -0.04119  -0.04046  -0.04032  -0.04005  -0.03979  -0.03924  -0.03913
       -0.03872  -0.03824  -0.03797  -0.03790  -0.03775  -0.03742  -0.03711  -0.03668  -0.03635
       -0.03590  -0.03579  -0.03548  -0.03546  -0.03507  -0.03485  -0.03474  -0.03434  -0.03428
       -0.03406  -0.03382  -0.03348  -0.03296  -0.03282  -0.03228  -0.03217  -0.03157  -0.03096
       -0.03080  -0.03053  -0.03020  -0.02977  -0.02954  -0.02926  -0.02907  -0.02904  -0.02895
       -0.02882  -0.02842  -0.02826  -0.02775  -0.02768  -0.02744  -0.02726  -0.02680  -0.02672
       -0.02634  -0.02621  -0.02601  -0.02596  -0.02580  -0.02546  -0.02532  -0.02515  -0.02500
       -0.02494  -0.02470  -0.02470  -0.02445  -0.02428  -0.02416  -0.02414  -0.02393  -0.02372
       -0.02342  -0.02317  -0.02304  -0.02293  -0.02284  -0.02255  -0.02247  -0.02227  -0.02213
       -0.02198  -0.02176  -0.02174  -0.02142  -0.02120  -0.02117  -0.02099  -0.02085  -0.02076
       -0.02054  -0.02043  -0.02040  -0.02013  -0.02004  -0.01994  -0.01976  -0.01973  -0.01956
       -0.01944  -0.01919  -0.01904  -0.01894  -0.01883  -0.01869  -0.01866  -0.01857  -0.01848
       -0.01835  -0.01824  -0.01800  -0.01790  -0.01784  -0.01767  -0.01756  -0.01750  -0.01740
       -0.01735  -0.01714  -0.01702  -0.01687  -0.01685  -0.01659  -0.01649  -0.01642  -0.01632
       -0.01619  -0.01617  -0.01602  -0.01589  -0.01578  -0.01567  -0.01558  -0.01542  -0.01539
       -0.01531  -0.01528  -0.01514  -0.01508  -0.01500  -0.01492  -0.01473  -0.01471  -0.01457
       -0.01452  -0.01433  -0.01421  -0.01419  -0.01411  -0.01403  -0.01390  -0.01379  -0.01370
       -0.01358  -0.01351  -0.01337  -0.01334  -0.01315  -0.01308  -0.01302  -0.01295  -0.01284
       -0.01276  -0.01272  -0.01258  -0.01246  -0.01242  -0.01231  -0.01221  -0.01219  -0.01207
       -0.01204  -0.01201  -0.01184  -0.01182  -0.01175  -0.01161  -0.01151  -0.01142  -0.01138
       -0.01133  -0.01125  -0.01120  -0.01113  -0.01105  -0.01099  -0.01092  -0.01086  -0.01080
       -0.01069  -0.01056  -0.01055  -0.01049  -0.01035  -0.01033  -0.01022  -0.01014  -0.01010
       -0.00996  -0.00994  -0.00989  -0.00983  -0.00981  -0.00977  -0.00967  -0.00965  -0.00959
       -0.00948  -0.00940  -0.00937  -0.00925  -0.00918  -0.00916  -0.00910  -0.00902  -0.00898
       -0.00893  -0.00887  -0.00881  -0.00869  -0.00866  -0.00864  -0.00854  -0.00847  -0.00843
       -0.00834  -0.00829  -0.00826  -0.00819  -0.00808  -0.00807  -0.00801  -0.00793  -0.00791
       -0.00784  -0.00781  -0.00775  -0.00767  -0.00764  -0.00756  -0.00753  -0.00747  -0.00743
       -0.00741  -0.00736  -0.00722  -0.00719  -0.00711  -0.00707  -0.00705  -0.00700  -0.00694
       -0.00687  -0.00685  -0.00683  -0.00679  -0.00668  -0.00662  -0.00658  -0.00656  -0.00644
       -0.00639  -0.00635  -0.00633  -0.00629  -0.00624  -0.00619  -0.00607  -0.00603  -0.00596
       -0.00592  -0.00586  -0.00584  -0.00579  -0.00576  -0.00571  -0.00567  -0.00564  -0.00559
       -0.00553  -0.00549  -0.00544  -0.00538  -0.00531  -0.00527  -0.00522  -0.00517  -0.00516
       -0.00510  -0.00502  -0.00498  -0.00491  -0.00491  -0.00488  -0.00481  -0.00477  -0.00474
       -0.00469  -0.00466  -0.00462  -0.00459  -0.00452  -0.00442  -0.00439  -0.00437  -0.00434
       -0.00425  -0.00422  -0.00414  -0.00412  -0.00405  -0.00398  -0.00395  -0.00388  -0.00386
       -0.00382  -0.00370  -0.00360  -0.00357  -0.00340
        
     --------------------------------------------------------------------------------------------
     Tot. elapsed time 26m-21.5s,  time spent in last iteration 26m-21.5s
     --------------------------------------------------------------------------------------------

     [I/O] -------------------------------------------------------
     [I/O] RESTART written in < 00.1s             
     [I/O] In location   : ./c4h4s_500.wstat.restart
     [I/O] -------------------------------------------------------

                       *----------*              *----------*               *----------*
     #     Iteration = |        1 |   DFPT_dim = |      500 |   Diago_dim = |     1000 |
                       *----------*              *----------*               *----------*
     per-process dynamical memory   202.9 Mb
  
       
     --------------------------------------------------------------------------------------------
     Sternheimer eq. solver... with threshold =   1.000000E-12           
     --------------------------------------------------------------------------------------------
     in progress... |#                   | 005% :               30.8s (E)           10m-16.7s (X)
     in progress... |##                  | 010% :               51.2s (E)           08m-32.5s (X)
     in progress... |###                 | 015% :           01m-21.7s (E)           09m-04.8s (X)
     in progress... |####                | 020% :           01m-42.0s (E)           08m-30.0s (X)
     in progress... |#####               | 025% :           02m-12.2s (E)           08m-49.1s (X)
     in progress... |######              | 030% :           02m-32.4s (E)           08m-28.0s (X)
     in progress... |#######             | 035% :           03m-02.5s (E)           08m-41.4s (X)
     in progress... |########            | 040% :           03m-22.4s (E)           08m-26.2s (X)
     in progress... |#########           | 045% :           03m-52.4s (E)           08m-36.6s (X)
     in progress... |##########          | 050% :           04m-12.4s (E)           08m-24.9s (X)
     in progress... |###########         | 055% :           04m-42.4s (E)           08m-33.5s (X)
     in progress... |############        | 060% :           05m-02.4s (E)           08m-24.0s (X)
     in progress... |#############       | 065% :           05m-32.2s (E)           08m-31.1s (X)
     in progress... |##############      | 070% :           05m-52.1s (E)           08m-23.0s (X)
     in progress... |###############     | 075% :           06m-21.9s (E)           08m-29.3s (X)
     in progress... |################    | 080% :           06m-41.8s (E)           08m-22.2s (X)
     in progress... |#################   | 085% :           07m-11.6s (E)           08m-27.8s (X)
     in progress... |##################  | 090% :           07m-31.4s (E)           08m-21.6s (X)
     in progress... |################### | 095% :           08m-01.0s (E)           08m-26.3s (X)
     in progress... |####################| 100% :           08m-20.8s (E)           08m-20.8s (X)
     --------------------------------------------------------------------------------------------
     p-DIAGOX done in 00.6s with a SCALAPACK grid (12x12)
     --------------------------------------------------------------------------------------------
        
       -3.39573  -3.05524  -2.39887  -2.29024  -1.67286  -1.54555  -1.34251  -1.06340  -1.04697
       -0.93491  -0.89126  -0.87867  -0.84042  -0.79715  -0.73234  -0.72461  -0.71725  -0.65828
       -0.61754  -0.60520  -0.54879  -0.53602  -0.53343  -0.51779  -0.51343  -0.49896  -0.47591
       -0.45772  -0.44419  -0.43819  -0.42877  -0.40982  -0.40348  -0.39825  -0.38663  -0.38313
       -0.37625  -0.37366  -0.35844  -0.35515  -0.34285  -0.34029  -0.33012  -0.32219  -0.31681
       -0.31371  -0.30564  -0.29645  -0.29599  -0.28985  -0.28670  -0.27306  -0.27016  -0.26963
       -0.26429  -0.25943  -0.24558  -0.24461  -0.24458  -0.23336  -0.23071  -0.22701  -0.22029
       -0.21443  -0.21173  -0.20914  -0.20618  -0.20471  -0.19566  -0.19316  -0.19125  -0.19085
       -0.19004  -0.17821  -0.17410  -0.16728  -0.16627  -0.16565  -0.15599  -0.15133  -0.15123
       -0.14966  -0.14504  -0.13891  -0.13857  -0.13829  -0.13567  -0.13544  -0.13456  -0.13380
       -0.13005  -0.12213  -0.11986  -0.11656  -0.11589  -0.11310  -0.11135  -0.10998  -0.10716
       -0.10456  -0.10357  -0.10175  -0.10155  -0.10015  -0.09889  -0.09757  -0.09691  -0.09521
       -0.09493  -0.09307  -0.09302  -0.08963  -0.08912  -0.08884  -0.08868  -0.08829  -0.08663
       -0.08508  -0.08476  -0.08417  -0.08153  -0.08007  -0.07978  -0.07907  -0.07864  -0.07766
       -0.07532  -0.07479  -0.07438  -0.07411  -0.07372  -0.07319  -0.07239  -0.06941  -0.06892
       -0.06830  -0.06754  -0.06732  -0.06597  -0.06498  -0.06435  -0.06416  -0.06354  -0.06350
       -0.06188  -0.06111  -0.06077  -0.06069  -0.06069  -0.05994  -0.05946  -0.05884  -0.05872
       -0.05815  -0.05743  -0.05691  -0.05597  -0.05584  -0.05527  -0.05457  -0.05443  -0.05424
       -0.05413  -0.05243  -0.05205  -0.05158  -0.05056  -0.05047  -0.04969  -0.04872  -0.04857
       -0.04773  -0.04772  -0.04765  -0.04753  -0.04746  -0.04708  -0.04677  -0.04600  -0.04595
       -0.04577  -0.04497  -0.04491  -0.04449  -0.04418  -0.04391  -0.04355  -0.04313  -0.04311
       -0.04286  -0.04232  -0.04201  -0.04172  -0.04151  -0.04148  -0.04133  -0.04105  -0.04066
       -0.03999  -0.03969  -0.03960  -0.03958  -0.03907  -0.03868  -0.03862  -0.03852  -0.03826
       -0.03793  -0.03750  -0.03745  -0.03706  -0.03697  -0.03692  -0.03685  -0.03660  -0.03587
       -0.03553  -0.03503  -0.03451  -0.03449  -0.03433  -0.03405  -0.03373  -0.03372  -0.03329
       -0.03304  -0.03250  -0.03231  -0.03213  -0.03192  -0.03181  -0.03142  -0.03121  -0.03117
       -0.03102  -0.03098  -0.03032  -0.03028  -0.03026  -0.03012  -0.03005  -0.02981  -0.02967
       -0.02959  -0.02935  -0.02922  -0.02897  -0.02893  -0.02870  -0.02862  -0.02848  -0.02831
       -0.02808  -0.02791  -0.02785  -0.02758  -0.02752  -0.02736  -0.02710  -0.02677  -0.02664
       -0.02646  -0.02644  -0.02639  -0.02605  -0.02591  -0.02588  -0.02585  -0.02563  -0.02554
       -0.02552  -0.02536  -0.02513  -0.02501  -0.02488  -0.02480  -0.02469  -0.02456  -0.02455
       -0.02452  -0.02425  -0.02397  -0.02391  -0.02367  -0.02358  -0.02356  -0.02325  -0.02315
       -0.02311  -0.02307  -0.02275  -0.02269  -0.02266  -0.02265  -0.02247  -0.02242  -0.02237
       -0.02213  -0.02204  -0.02201  -0.02197  -0.02185  -0.02182  -0.02175  -0.02158  -0.02150
       -0.02143  -0.02125  -0.02123  -0.02116  -0.02113  -0.02088  -0.02081  -0.02076  -0.02075
       -0.02072  -0.02067  -0.02057  -0.02052  -0.02039  -0.02021  -0.02018  -0.02008  -0.02000
       -0.01988  -0.01986  -0.01970  -0.01962  -0.01939  -0.01935  -0.01930  -0.01924  -0.01922
       -0.01914  -0.01896  -0.01864  -0.01862  -0.01857  -0.01855  -0.01844  -0.01831  -0.01830
       -0.01821  -0.01807  -0.01795  -0.01791  -0.01772  -0.01764  -0.01762  -0.01757  -0.01751
       -0.01738  -0.01734  -0.01705  -0.01692  -0.01689  -0.01680  -0.01676  -0.01672  -0.01670
       -0.01668  -0.01661  -0.01641  -0.01637  -0.01632  -0.01623  -0.01619  -0.01615  -0.01608
       -0.01605  -0.01598  -0.01592  -0.01587  -0.01580  -0.01577  -0.01570  -0.01565  -0.01562
       -0.01556  -0.01552  -0.01542  -0.01536  -0.01533  -0.01528  -0.01524  -0.01513  -0.01509
       -0.01502  -0.01498  -0.01491  -0.01487  -0.01484  -0.01481  -0.01477  -0.01464  -0.01456
       -0.01455  -0.01454  -0.01442  -0.01440  -0.01437  -0.01431  -0.01424  -0.01411  -0.01408
       -0.01404  -0.01403  -0.01400  -0.01398  -0.01382  -0.01373  -0.01371  -0.01362  -0.01358
       -0.01352  -0.01350  -0.01345  -0.01343  -0.01336  -0.01323  -0.01317  -0.01317  -0.01313
       -0.01308  -0.01303  -0.01297  -0.01292  -0.01287  -0.01284  -0.01276  -0.01275  -0.01264
       -0.01262  -0.01258  -0.01253  -0.01251  -0.01244  -0.01240  -0.01233  -0.01232  -0.01228
       -0.01226  -0.01223  -0.01219  -0.01213  -0.01208  -0.01203  -0.01197  -0.01194  -0.01189
       -0.01187  -0.01182  -0.01179  -0.01177  -0.01170  -0.01165  -0.01161  -0.01159  -0.01155
       -0.01149  -0.01145  -0.01142  -0.01139  -0.01134  -0.01131  -0.01126  -0.01117  -0.01115
       -0.01108  -0.01104  -0.01098  -0.01097  -0.01089  -0.01088  -0.01083  -0.01078  -0.01072
       -0.01065  -0.01064  -0.01060  -0.01057  -0.01048  -0.01047  -0.01047  -0.01043  -0.01041
       -0.01038  -0.01030  -0.01027  -0.01022  -0.01016  -0.01013  -0.01009  -0.01006  -0.01003
       -0.01001  -0.00994  -0.00988  -0.00986  -0.00984
        
     --------------------------------------------------------------------------------------------
     Tot. elapsed time 55m-21.9s,  time spent in last iteration 09m-44.6s
     --------------------------------------------------------------------------------------------

     [I/O] -------------------------------------------------------
     [I/O] RESTART written in < 00.1s             
     [I/O] In location   : ./c4h4s_500.wstat.restart
     [I/O] -------------------------------------------------------

                       *----------*              *----------*               *----------*
     #     Iteration = |        2 |   DFPT_dim = |      486 |   Diago_dim = |     1486 |
                       *----------*              *----------*               *----------*
     per-process dynamical memory   205.2 Mb
  
       
     --------------------------------------------------------------------------------------------
     Sternheimer eq. solver... with threshold =   1.000000E-12           
     --------------------------------------------------------------------------------------------
     in progress... |#                   | 005% :               29.6s (E)           09m-53.9s (X)
     in progress... |##                  | 010% :               49.4s (E)           08m-14.5s (X)
     in progress... |###                 | 015% :           01m-19.0s (E)           08m-47.1s (X)
     in progress... |####                | 020% :           01m-38.7s (E)           08m-13.8s (X)
     in progress... |#####               | 025% :           02m-08.0s (E)           08m-32.1s (X)
     in progress... |######              | 030% :           02m-27.5s (E)           08m-11.7s (X)
     in progress... |#######             | 035% :           02m-56.8s (E)           08m-25.3s (X)
     in progress... |########            | 040% :           03m-16.4s (E)           08m-11.0s (X)
     in progress... |#########           | 045% :           03m-45.8s (E)           08m-21.9s (X)
     in progress... |##########          | 050% :           04m-05.4s (E)           08m-10.8s (X)
     in progress... |###########         | 055% :           04m-24.9s (E)           08m-01.8s (X)
     in progress... |############        | 060% :           04m-54.2s (E)           08m-10.3s (X)
     in progress... |#############       | 065% :           05m-13.6s (E)           08m-02.4s (X)
     in progress... |##############      | 070% :           05m-42.9s (E)           08m-09.9s (X)
     in progress... |###############     | 075% :           06m-02.3s (E)           08m-03.1s (X)
     in progress... |################    | 080% :           06m-31.5s (E)           08m-09.4s (X)
     in progress... |#################   | 085% :           06m-51.0s (E)           08m-03.6s (X)
     in progress... |##################  | 090% :           07m-20.1s (E)           08m-09.0s (X)
     in progress... |################### | 095% :           07m-39.5s (E)           08m-03.7s (X)
     in progress... |####################| 100% :           07m-58.8s (E)           07m-58.8s (X)
     --------------------------------------------------------------------------------------------
     p-DIAGOX done in 01.0s with a SCALAPACK grid (12x12)
     --------------------------------------------------------------------------------------------
        
       -3.39573  -3.05524  -2.39887  -2.29024  -1.67286  -1.54555  -1.34251  -1.06340  -1.04697
       -0.93491  -0.89126  -0.87867  -0.84042  -0.79715  -0.73234  -0.72461  -0.71725  -0.65828
       -0.61754  -0.60520  -0.54879  -0.53602  -0.53343  -0.51779  -0.51343  -0.49896  -0.47591
       -0.45772  -0.44419  -0.43819  -0.42877  -0.40982  -0.40348  -0.39825  -0.38663  -0.38313
       -0.37625  -0.37366  -0.35844  -0.35515  -0.34285  -0.34029  -0.33012  -0.32219  -0.31681
       -0.31371  -0.30564  -0.29645  -0.29599  -0.28985  -0.28670  -0.27306  -0.27016  -0.26963
       -0.26429  -0.25943  -0.24558  -0.24461  -0.24458  -0.23336  -0.23071  -0.22701  -0.22029
       -0.21443  -0.21173  -0.20914  -0.20618  -0.20471  -0.19566  -0.19316  -0.19125  -0.19085
       -0.19004  -0.17821  -0.17410  -0.16728  -0.16627  -0.16565  -0.15599  -0.15133  -0.15123
       -0.14966  -0.14504  -0.13891  -0.13858  -0.13829  -0.13567  -0.13544  -0.13456  -0.13380
       -0.13005  -0.12213  -0.11986  -0.11656  -0.11589  -0.11310  -0.11135  -0.10998  -0.10717
       -0.10456  -0.10357  -0.10175  -0.10155  -0.10016  -0.09890  -0.09758  -0.09691  -0.09521
       -0.09493  -0.09307  -0.09302  -0.08963  -0.08912  -0.08884  -0.08869  -0.08829  -0.08663
       -0.08509  -0.08476  -0.08418  -0.08153  -0.08007  -0.07978  -0.07908  -0.07865  -0.07767
       -0.07532  -0.07480  -0.07439  -0.07412  -0.07372  -0.07320  -0.07239  -0.06941  -0.06893
       -0.06830  -0.06754  -0.06732  -0.06597  -0.06499  -0.06436  -0.06417  -0.06354  -0.06351
       -0.06188  -0.06112  -0.06078  -0.06070  -0.06070  -0.05995  -0.05946  -0.05885  -0.05873
       -0.05816  -0.05745  -0.05692  -0.05598  -0.05585  -0.05528  -0.05458  -0.05444  -0.05426
       -0.05415  -0.05244  -0.05206  -0.05159  -0.05058  -0.05048  -0.04971  -0.04874  -0.04860
       -0.04775  -0.04774  -0.04766  -0.04755  -0.04748  -0.04710  -0.04679  -0.04602  -0.04598
       -0.04580  -0.04500  -0.04493  -0.04451  -0.04421  -0.04394  -0.04358  -0.04315  -0.04314
       -0.04288  -0.04235  -0.04204  -0.04175  -0.04154  -0.04152  -0.04135  -0.04108  -0.04068
       -0.04003  -0.03973  -0.03963  -0.03961  -0.03911  -0.03871  -0.03866  -0.03856  -0.03829
       -0.03798  -0.03753  -0.03748  -0.03710  -0.03701  -0.03696  -0.03689  -0.03664  -0.03593
       -0.03558  -0.03508  -0.03457  -0.03455  -0.03439  -0.03410  -0.03379  -0.03376  -0.03337
       -0.03311  -0.03254  -0.03236  -0.03222  -0.03199  -0.03190  -0.03148  -0.03128  -0.03125
       -0.03109  -0.03104  -0.03039  -0.03037  -0.03033  -0.03020  -0.03013  -0.02987  -0.02976
       -0.02967  -0.02943  -0.02932  -0.02904  -0.02902  -0.02878  -0.02869  -0.02856  -0.02841
       -0.02817  -0.02800  -0.02793  -0.02768  -0.02762  -0.02743  -0.02720  -0.02690  -0.02675
       -0.02657  -0.02653  -0.02651  -0.02616  -0.02603  -0.02599  -0.02596  -0.02577  -0.02565
       -0.02562  -0.02552  -0.02523  -0.02513  -0.02499  -0.02498  -0.02484  -0.02470  -0.02469
       -0.02463  -0.02437  -0.02412  -0.02405  -0.02383  -0.02375  -0.02365  -0.02343  -0.02328
       -0.02327  -0.02323  -0.02291  -0.02286  -0.02285  -0.02281  -0.02263  -0.02262  -0.02259
       -0.02229  -0.02222  -0.02218  -0.02214  -0.02200  -0.02200  -0.02191  -0.02181  -0.02167
       -0.02161  -0.02144  -0.02141  -0.02141  -0.02135  -0.02111  -0.02104  -0.02099  -0.02097
       -0.02090  -0.02090  -0.02080  -0.02075  -0.02061  -0.02038  -0.02038  -0.02034  -0.02018
       -0.02015  -0.02008  -0.01989  -0.01986  -0.01963  -0.01955  -0.01954  -0.01954  -0.01949
       -0.01939  -0.01920  -0.01894  -0.01888  -0.01887  -0.01883  -0.01873  -0.01864  -0.01856
       -0.01847  -0.01844  -0.01831  -0.01826  -0.01802  -0.01798  -0.01795  -0.01795  -0.01788
       -0.01779  -0.01761  -0.01737  -0.01722  -0.01721  -0.01714  -0.01713  -0.01712  -0.01706
       -0.01703  -0.01701  -0.01675  -0.01674  -0.01669  -0.01662  -0.01658  -0.01657  -0.01646
       -0.01644  -0.01640  -0.01633  -0.01629  -0.01627  -0.01626  -0.01616  -0.01614  -0.01608
       -0.01599  -0.01598  -0.01587  -0.01580  -0.01574  -0.01573  -0.01570  -0.01565  -0.01559
       -0.01547  -0.01544  -0.01541  -0.01534  -0.01531  -0.01524  -0.01522  -0.01511  -0.01511
       -0.01504  -0.01499  -0.01496  -0.01489  -0.01485  -0.01478  -0.01474  -0.01469  -0.01465
       -0.01464  -0.01457  -0.01453  -0.01447  -0.01445  -0.01443  -0.01439  -0.01423  -0.01414
       -0.01414  -0.01404  -0.01403  -0.01396  -0.01392  -0.01382  -0.01370  -0.01369  -0.01368
       -0.01365  -0.01360  -0.01355  -0.01352  -0.01350  -0.01345  -0.01344  -0.01340  -0.01329
       -0.01327  -0.01324  -0.01319  -0.01318  -0.01311  -0.01309  -0.01304  -0.01304  -0.01301
       -0.01294  -0.01290  -0.01288  -0.01288  -0.01280  -0.01279  -0.01271  -0.01267  -0.01266
       -0.01262  -0.01257  -0.01255  -0.01253  -0.01240  -0.01238  -0.01237  -0.01234  -0.01233
       -0.01231  -0.01230  -0.01223  -0.01223  -0.01222  -0.01220  -0.01214  -0.01211  -0.01202
       -0.01197  -0.01193  -0.01186  -0.01181  -0.01180  -0.01170  -0.01167  -0.01164  -0.01159
       -0.01154  -0.01152  -0.01150  -0.01148  -0.01147  -0.01141  -0.01141  -0.01139  -0.01129
       -0.01126  -0.01122  -0.01120  -0.01114  -0.01113  -0.01109  -0.01107  -0.01098  -0.01095
       -0.01094  -0.01093  -0.01091  -0.01082  -0.01081
        
     --------------------------------------------------------------------------------------------
     Tot. elapsed time 01h-43m-41.9s,  time spent in last iteration 09m-26.9s
     --------------------------------------------------------------------------------------------

     [I/O] -------------------------------------------------------
     [I/O] RESTART written in < 00.1s             
     [I/O] In location   : ./c4h4s_500.wstat.restart
     [I/O] -------------------------------------------------------

                       *----------*              *----------*               *----------*
     #     Iteration = |        3 |   DFPT_dim = |        1 |   Diago_dim = |     1487 |
                       *----------*              *----------*               *----------*
     per-process dynamical memory   205.2 Mb
  
       
     --------------------------------------------------------------------------------------------
     Sternheimer eq. solver... with threshold =   1.000000E-12           
     --------------------------------------------------------------------------------------------
     in progress... |####################| 100% :             < 00.1s (E)             < 00.1s (X)
     --------------------------------------------------------------------------------------------
     p-DIAGOX done in 01.0s with a SCALAPACK grid (12x12)
     --------------------------------------------------------------------------------------------
        
       -3.39573  -3.05524  -2.39887  -2.29024  -1.67286  -1.54555  -1.34251  -1.06340  -1.04697
       -0.93491  -0.89126  -0.87867  -0.84042  -0.79715  -0.73234  -0.72461  -0.71725  -0.65828
       -0.61754  -0.60520  -0.54879  -0.53602  -0.53343  -0.51779  -0.51343  -0.49896  -0.47591
       -0.45772  -0.44419  -0.43819  -0.42877  -0.40982  -0.40348  -0.39825  -0.38663  -0.38313
       -0.37625  -0.37366  -0.35844  -0.35515  -0.34285  -0.34029  -0.33012  -0.32219  -0.31681
       -0.31371  -0.30564  -0.29645  -0.29599  -0.28985  -0.28670  -0.27306  -0.27016  -0.26963
       -0.26429  -0.25943  -0.24558  -0.24461  -0.24458  -0.23336  -0.23071  -0.22701  -0.22029
       -0.21443  -0.21173  -0.20914  -0.20618  -0.20471  -0.19566  -0.19316  -0.19125  -0.19085
       -0.19004  -0.17821  -0.17410  -0.16728  -0.16627  -0.16565  -0.15599  -0.15133  -0.15123
       -0.14966  -0.14504  -0.13891  -0.13858  -0.13829  -0.13567  -0.13544  -0.13456  -0.13380
       -0.13005  -0.12213  -0.11986  -0.11656  -0.11589  -0.11310  -0.11135  -0.10998  -0.10717
       -0.10456  -0.10357  -0.10175  -0.10155  -0.10016  -0.09890  -0.09758  -0.09691  -0.09521
       -0.09493  -0.09307  -0.09302  -0.08963  -0.08912  -0.08884  -0.08869  -0.08829  -0.08663
       -0.08509  -0.08476  -0.08418  -0.08153  -0.08007  -0.07978  -0.07908  -0.07865  -0.07767
       -0.07532  -0.07480  -0.07439  -0.07412  -0.07372  -0.07320  -0.07239  -0.06941  -0.06893
       -0.06830  -0.06754  -0.06732  -0.06597  -0.06499  -0.06436  -0.06417  -0.06354  -0.06351
       -0.06188  -0.06112  -0.06078  -0.06070  -0.06070  -0.05995  -0.05946  -0.05885  -0.05873
       -0.05816  -0.05745  -0.05692  -0.05598  -0.05585  -0.05528  -0.05458  -0.05444  -0.05426
       -0.05415  -0.05244  -0.05206  -0.05159  -0.05058  -0.05048  -0.04971  -0.04874  -0.04860
       -0.04775  -0.04774  -0.04766  -0.04755  -0.04748  -0.04710  -0.04679  -0.04602  -0.04598
       -0.04580  -0.04500  -0.04493  -0.04451  -0.04421  -0.04394  -0.04358  -0.04315  -0.04314
       -0.04288  -0.04235  -0.04204  -0.04175  -0.04154  -0.04152  -0.04135  -0.04108  -0.04068
       -0.04003  -0.03973  -0.03963  -0.03961  -0.03911  -0.03871  -0.03866  -0.03856  -0.03829
       -0.03798  -0.03753  -0.03748  -0.03710  -0.03701  -0.03696  -0.03689  -0.03664  -0.03593
       -0.03558  -0.03508  -0.03457  -0.03455  -0.03439  -0.03410  -0.03379  -0.03376  -0.03337
       -0.03311  -0.03254  -0.03236  -0.03222  -0.03199  -0.03190  -0.03148  -0.03128  -0.03125
       -0.03109  -0.03104  -0.03039  -0.03037  -0.03033  -0.03020  -0.03013  -0.02987  -0.02976
       -0.02967  -0.02943  -0.02932  -0.02904  -0.02902  -0.02878  -0.02869  -0.02856  -0.02841
       -0.02817  -0.02800  -0.02793  -0.02768  -0.02762  -0.02743  -0.02720  -0.02690  -0.02675
       -0.02657  -0.02653  -0.02651  -0.02616  -0.02603  -0.02599  -0.02596  -0.02577  -0.02565
       -0.02562  -0.02552  -0.02523  -0.02513  -0.02499  -0.02498  -0.02484  -0.02470  -0.02469
       -0.02463  -0.02437  -0.02412  -0.02405  -0.02383  -0.02375  -0.02365  -0.02343  -0.02328
       -0.02327  -0.02323  -0.02291  -0.02286  -0.02285  -0.02281  -0.02263  -0.02262  -0.02259
       -0.02229  -0.02222  -0.02218  -0.02214  -0.02200  -0.02200  -0.02191  -0.02181  -0.02167
       -0.02161  -0.02144  -0.02141  -0.02141  -0.02135  -0.02111  -0.02104  -0.02099  -0.02097
       -0.02090  -0.02090  -0.02080  -0.02075  -0.02061  -0.02038  -0.02038  -0.02034  -0.02018
       -0.02015  -0.02008  -0.01989  -0.01986  -0.01963  -0.01955  -0.01954  -0.01954  -0.01949
       -0.01939  -0.01920  -0.01894  -0.01888  -0.01887  -0.01883  -0.01873  -0.01864  -0.01856
       -0.01847  -0.01844  -0.01831  -0.01826  -0.01802  -0.01798  -0.01795  -0.01795  -0.01788
       -0.01779  -0.01761  -0.01737  -0.01722  -0.01721  -0.01714  -0.01713  -0.01712  -0.01706
       -0.01703  -0.01701  -0.01675  -0.01674  -0.01669  -0.01662  -0.01658  -0.01657  -0.01646
       -0.01644  -0.01640  -0.01633  -0.01629  -0.01627  -0.01626  -0.01616  -0.01614  -0.01608
       -0.01599  -0.01598  -0.01587  -0.01580  -0.01574  -0.01573  -0.01570  -0.01565  -0.01559
       -0.01547  -0.01544  -0.01541  -0.01534  -0.01531  -0.01524  -0.01522  -0.01511  -0.01511
       -0.01504  -0.01499  -0.01496  -0.01489  -0.01485  -0.01478  -0.01474  -0.01469  -0.01465
       -0.01464  -0.01457  -0.01453  -0.01447  -0.01445  -0.01443  -0.01439  -0.01423  -0.01414
       -0.01414  -0.01404  -0.01403  -0.01396  -0.01392  -0.01382  -0.01370  -0.01369  -0.01368
       -0.01365  -0.01360  -0.01355  -0.01352  -0.01350  -0.01345  -0.01344  -0.01340  -0.01329
       -0.01327  -0.01324  -0.01319  -0.01318  -0.01311  -0.01309  -0.01304  -0.01304  -0.01301
       -0.01294  -0.01290  -0.01288  -0.01288  -0.01280  -0.01279  -0.01271  -0.01268  -0.01266
       -0.01262  -0.01257  -0.01255  -0.01253  -0.01240  -0.01238  -0.01237  -0.01234  -0.01233
       -0.01231  -0.01230  -0.01223  -0.01223  -0.01222  -0.01220  -0.01214  -0.01211  -0.01202
       -0.01197  -0.01193  -0.01186  -0.01181  -0.01180  -0.01170  -0.01167  -0.01164  -0.01159
       -0.01154  -0.01153  -0.01150  -0.01148  -0.01147  -0.01142  -0.01141  -0.01139  -0.01129
       -0.01126  -0.01122  -0.01120  -0.01114  -0.01113  -0.01109  -0.01107  -0.01098  -0.01096
       -0.01095  -0.01094  -0.01093  -0.01082  -0.01081
        
     --------------------------------------------------------------------------------------------
     Tot. elapsed time 02h-41m-41.3s,  time spent in last iteration 17.5s
     --------------------------------------------------------------------------------------------
      
     --------------------------------------------------------------------------------------------
     Database written in 09m-48.5s           
     In location : ./c4h4s_500.wstat.save
     --------------------------------------------------------------------------------------------
       
     --------------------------------------------------------------------------------------------
     Convergence achieved !!! in        3 steps                          
     --------------------------------------------------------------------------------------------
 
     WSTAT        :     2h40m CPU        2h52m WALL

     wstat_readin :      3.37s CPU     25.69s WALL (       1 calls)
     fetch_nml    :      0.08s CPU      0.09s WALL (       1 calls)
     read_xml     :      1.43s CPU      2.10s WALL (       1 calls)
     init_vloc    :      0.16s CPU      0.17s WALL (       2 calls)
     fft          :      0.26s CPU      0.74s WALL (      11 calls)
     fft_scatter  :    299.44s CPU    301.07s WALL (   94482 calls)
     v_of_rho     :      0.30s CPU      0.32s WALL (       1 calls)
     v_xc         :      0.27s CPU      0.28s WALL (       1 calls)
     v_h          :      0.03s CPU      0.03s WALL (       1 calls)
     read_wave    :      1.86s CPU     23.49s WALL (       1 calls)
     davcio       :      0.00s CPU      1.96s WALL (       2 calls)
     init_us_1    :      0.03s CPU      0.04s WALL (       2 calls)
     do_setup     :      0.23s CPU      0.24s WALL (       1 calls)
     init_pw_ar   :      0.23s CPU      0.24s WALL (       1 calls)
     init_at_1    :      0.00s CPU      0.00s WALL (       1 calls)
     storesqvc    :      0.01s CPU      0.01s WALL (       1 calls)
     chidiago     :   9600.47s CPU  10305.03s WALL (       1 calls)
     randomize    :      1.14s CPU      1.14s WALL (       1 calls)
     paramgs      :     18.41s CPU     18.61s WALL (       5 calls)
     dfpt         :   1507.05s CPU   1519.52s WALL (       5 calls)
     init_us_2    :      0.04s CPU      0.04s WALL (       5 calls)
     fftw         :    855.91s CPU    863.25s WALL (   94471 calls)
     alphapc      :      0.82s CPU      0.84s WALL (     199 calls)
     wstat_restar :   7492.85s CPU   8127.89s WALL (       4 calls)
     linstern     :   1231.92s CPU   1242.62s WALL (     149 calls)
     stern        :   1174.76s CPU   1184.96s WALL (    7471 calls)
     h_psi_bgrp   :   1140.04s CPU   1149.96s WALL (    7471 calls)
     h_psi        :   1140.01s CPU   1149.94s WALL (    7471 calls)
     h_psi:pot    :   1128.46s CPU   1138.15s WALL (    7471 calls)
     vloc_psi     :   1072.96s CPU   1082.27s WALL (    7471 calls)
     h_psi:calbec :     30.66s CPU     28.76s WALL (    7471 calls)
     calbec       :     30.63s CPU     28.74s WALL (    7471 calls)
     add_vuspsi   :     24.79s CPU     27.07s WALL (    7471 calls)
     alphapv      :     20.14s CPU     20.29s WALL (    7471 calls)
     build_hr     :      9.56s CPU     10.55s WALL (       4 calls)
     diagox       :      3.17s CPU      3.37s WALL (       4 calls)
     redistr_vr   :      0.40s CPU      0.42s WALL (       3 calls)
     update_vr    :     17.07s CPU     18.85s WALL (       3 calls)
     symm_hr      :      0.41s CPU      0.43s WALL (       3 calls)
     chidiago:las :      0.00s CPU      0.00s WALL (       1 calls)
     refresh_vr   :      6.97s CPU      7.29s WALL (       1 calls)
     pdep_db      :    542.94s CPU    588.52s WALL (       1 calls)
 
     WSTAT        :     2h40m CPU        2h52m WALL

 
   This run was terminated on:  21:14: 1  25Apr2018            

=------------------------------------------------------------------------------=
   JOB DONE.
=------------------------------------------------------------------------------=
