
     Program WSTAT v. 2.0.0 starts on 25Apr2018 at 15:55:48 

     This program is part of the open-source West suite
     for massively parallel calculations of excited states in materials; please cite
         "M. Govoni et al., J. Chem. Theory Comput. 11, 2680 (2015);
          URL http://www.west-code.org", 
     in publications or presentations arising from this work.

     Based on the Quantum ESPRESSO v. 6.1 svn rev. 13369
       
     --------------------------------------------------------------------------------------------
     **MPI** Parallelization Status                                      
     --------------------------------------------------------------------------------------------
                   160                  10             1             1            16
     --------------------------------------------------------------------------------------------
                     N         =         I      X      P      X      B      X      Z
                     ^                   ^             ^             ^             ^
                     |                   |             |             |             |
                   #rnk                  |             |             |             |
                                      #image           |             |             |
                                                     #pool           |             |
                                                                   #bgrp           |
                                                                                 #R&G
     --------------------------------------------------------------------------------------------
     **OPENMP** Parallelization Status
     #thr/rnk               =            1
     --------------------------------------------------------------------------------------------
     #prc = (rnk) * (thr) =          160
     --------------------------------------------------------------------------------------------
       
     --------------------------------------------------------------------------------------------
     I/O Summary : input_west                                            
     --------------------------------------------------------------------------------------------
     qe_prefix      = c4h4s
     west_prefix    = c4h4s
     outdir         = ./
     --------------------------------------------------------------------------------------------
       
     --------------------------------------------------------------------------------------------
     I/O Summary : wstat_control                                         
     --------------------------------------------------------------------------------------------
     wstat_calculation              =              S
     n_pdep_eigen                   =            420
     n_kin_pdep_eigen               =              0
     n_lindhard_eigen               =              0
     n_pdep_times                   =              4
     n_pdep_maxiter                 =            100
     n_dfpt_maxiter                 =            250
     n_pdep_read_from_file          =              0
     trev_pdep                      =   1.000000E-03
     trev_pdep_rel                  =   1.000000E-01
     tr2_dfpt                       =   1.000000E-12
     l_kinetic_only                 =              F
     l_minimize_exx_if_active       =              F
     l_use_ecutrho                  =              F
     l_pure_eigen                   =              F
     --------------------------------------------------------------------------------------------

     Reading data from directory:
     ./c4h4s.save

   Info: using nr1, nr2, nr3 values from input

   Info: using nr1, nr2, nr3 values from input

     IMPORTANT: XC functional enforced from input :
     Exchange-correlation      = PBE ( 1  4  3  4 0 0)
     Any further DFT definition will be discarded
     Please, verify this is what you really want

     Message from routine readpp:
     file ./c4h4s.save/S_ONCV_PBE-1.0.upf not found
     Message from routine readpp:
     file ./c4h4s.save/C_ONCV_PBE-1.0.upf not found
     Message from routine readpp:
     file ./c4h4s.save/H_ONCV_PBE-1.0.upf not found
 
     Parallelization info
     --------------------
     sticks:   dense  smooth     PW     G-vecs:    dense   smooth      PW
     Min        1520    1520    379               178660   178660   22323
     Max        1522    1522    384               178666   178666   22328
     Sum       24345   24345   6093              2858633  2858633  357213
 
       
     --------------------------------------------------------------------------------------------
     System Overview                                                     
     --------------------------------------------------------------------------------------------
     gamma_only           =              T
     ecutwfc [Ry]         =      85.000000
     omega [au^3]         =   2.700000E+04
     glob. #G             =         178607
     nbnd                 =            100
     nkstot               =              1
     nspin                =              1
     nelec                =      26.000000
     npol                 =              1
     lsda                 =              F
     noncolin             =              F
     lspinorb             =              F
     domag                =              F
     --------------------------------------------------------------------------------------------

     sFFT G-space:  1429317 G-vectors     R-space: ( 180, 180, 180)
     dFFT G-space:  1429317 G-vectors     R-space: ( 180, 180, 180)

     Cell [a.u.]          =      30.000000      0.000000      0.000000
                          =       0.000000     30.000000      0.000000
                          =       0.000000      0.000000     30.000000
      
     number of ks points=     1
                       cart. coord. in units 2pi/alat
        k(    1) = (   0.0000000   0.0000000   0.0000000), wk =   2.0000000

                       cryst. coord.
        k(    1) = (   0.0000000   0.0000000   0.0000000), wk =   2.0000000
 
     Spherical div        =   1.654268E-01
     Orthorombic div      =   1.628502E-01
       
     --------------------------------------------------------------------------------------------
     Parallelization for nvecx                                           
     --------------------------------------------------------------------------------------------
     nglob                =           1680
     nlevel               =             10
     Min nglob/nlevel     =            168
     Max nglob/nlevel     =            168
     --------------------------------------------------------------------------------------------

     [MEM] ----------------------------------------------------------
     [MEM] **Memory** analysis: QE
     [MEM] ----------------------------------------------------------
     [MEM] Allocated arrays           est. size (Mb)     dimensions
     [MEM] ----------------------------------------------------------
     [MEM] Kohn-Sham Wavefunctions      17.03 Mb     (  11164,  100)
     [MEM] NL pseudopotentials           8.18 Mb     (  11164,   48)
     [MEM] Each V/rho on FFT grid        5.93 Mb     ( 388800)
     [MEM] Each G-vector array           0.68 Mb     (  89333)
     [MEM] G-vector shells               0.05 Mb     (   6125)
     [MEM] ----------------------------------------------------------
     [MEM] TOT                          31.87 Mb
     [MEM] ----------------------------------------------------------
     [MEM] 
     [MEM] ----------------------------------------------------------
     [MEM] **Memory** analysis: WSTAT global
     [MEM] ----------------------------------------------------------
     [MEM] Allocated arrays           est. size (Mb)     dimensions
     [MEM] ----------------------------------------------------------
     [MEM] dvg                          28.62 Mb     (  11164,  168)
     [MEM] dng                          28.62 Mb     (  11164,  168)
     [MEM] hr_distr                      2.15 Mb     (   1680,  168)
     [MEM] vr_distr                      2.15 Mb     (   1680,  168)
     [MEM] ----------------------------------------------------------
     [MEM] TOT                          61.54 Mb
     [MEM] ----------------------------------------------------------
     [MEM] 
     [MEM] ----------------------------------------------------------
     [MEM] **Memory** analysis: WSTAT temporary
     [MEM] ----------------------------------------------------------
     [MEM] Allocated arrays           est. size (Mb)     dimensions
     [MEM] ----------------------------------------------------------
     [MEM] dvpsi                         2.21 Mb     (  11164,   13)
     [MEM] dpsi                          2.21 Mb     (  11164,   13)
     [MEM] ----------------------------------------------------------
     [MEM] Total estimate                4.43 Mb
     [MEM] ----------------------------------------------------------

                       *----------*              *----------*               *----------*
     #     Iteration = | starting |   DFPT_dim = |      420 |   Diago_dim = |      420 |  x 1/2
                       *----------*              *----------*               *----------*
     per-process dynamical memory   182.7 Mb
  
       
     --------------------------------------------------------------------------------------------
     Sternheimer eq. solver... with lite-solver                          
     --------------------------------------------------------------------------------------------
     in progress... |#                   | 005% :               01.3s (E)               26.9s (X)
     in progress... |##                  | 010% :               02.2s (E)               22.2s (X)
     in progress... |###                 | 015% :               03.1s (E)               20.6s (X)
     in progress... |####                | 020% :               03.9s (E)               19.9s (X)
     in progress... |#####               | 025% :               04.8s (E)               19.4s (X)
     in progress... |######              | 030% :               05.7s (E)               19.1s (X)
     in progress... |#######             | 035% :               06.6s (E)               18.8s (X)
     in progress... |########            | 040% :               07.4s (E)               18.7s (X)
     in progress... |#########           | 045% :               08.3s (E)               18.5s (X)
     in progress... |##########          | 050% :               09.2s (E)               18.4s (X)
     in progress... |###########         | 055% :               10.5s (E)               19.1s (X)
     in progress... |############        | 060% :               11.4s (E)               19.0s (X)
     in progress... |#############       | 065% :               12.2s (E)               18.9s (X)
     in progress... |##############      | 070% :               13.1s (E)               18.8s (X)
     in progress... |###############     | 075% :               14.0s (E)               18.7s (X)
     in progress... |################    | 080% :               14.9s (E)               18.6s (X)
     in progress... |#################   | 085% :               15.7s (E)               18.5s (X)
     in progress... |##################  | 090% :               16.6s (E)               18.5s (X)
     in progress... |################### | 095% :               17.5s (E)               18.4s (X)
     in progress... |####################| 100% :               18.4s (E)               18.4s (X)
     --------------------------------------------------------------------------------------------

     [I/O] -------------------------------------------------------
     [I/O] RESTART written in < 00.1s             
     [I/O] In location   : ./c4h4s_420.wstat.restart
     [I/O] -------------------------------------------------------

                       *----------*              *----------*               *----------*
     #     Iteration = | starting |   DFPT_dim = |      420 |   Diago_dim = |      420 |  x 2/2
                       *----------*              *----------*               *----------*
     per-process dynamical memory   184.9 Mb
  
       
     --------------------------------------------------------------------------------------------
     Sternheimer eq. solver... with threshold =   1.000000E-06           
     --------------------------------------------------------------------------------------------
     in progress... |#                   | 005% :               21.1s (E)           07m-02.9s (X)
     in progress... |##                  | 010% :               35.0s (E)           05m-50.4s (X)
     in progress... |###                 | 015% :               48.9s (E)           05m-26.0s (X)
     in progress... |####                | 020% :           01m-02.5s (E)           05m-12.9s (X)
     in progress... |#####               | 025% :           01m-16.0s (E)           05m-04.3s (X)
     in progress... |######              | 030% :           01m-29.6s (E)           04m-58.7s (X)
     in progress... |#######             | 035% :           01m-42.9s (E)           04m-54.2s (X)
     in progress... |########            | 040% :           01m-56.4s (E)           04m-51.0s (X)
     in progress... |#########           | 045% :           02m-09.8s (E)           04m-48.5s (X)
     in progress... |##########          | 050% :           02m-23.0s (E)           04m-46.0s (X)
     in progress... |###########         | 055% :           02m-42.6s (E)           04m-55.7s (X)
     in progress... |############        | 060% :           02m-55.6s (E)           04m-52.7s (X)
     in progress... |#############       | 065% :           03m-08.5s (E)           04m-50.0s (X)
     in progress... |##############      | 070% :           03m-21.4s (E)           04m-47.7s (X)
     in progress... |###############     | 075% :           03m-34.3s (E)           04m-45.7s (X)
     in progress... |################    | 080% :           03m-47.2s (E)           04m-44.0s (X)
     in progress... |#################   | 085% :           04m-00.5s (E)           04m-42.9s (X)
     in progress... |##################  | 090% :           04m-13.3s (E)           04m-41.5s (X)
     in progress... |################### | 095% :           04m-26.1s (E)           04m-40.1s (X)
     in progress... |####################| 100% :           04m-38.8s (E)           04m-38.8s (X)
     --------------------------------------------------------------------------------------------
     p-DIAGOX done in 00.5s with a SCALAPACK grid (12x12)
     --------------------------------------------------------------------------------------------
        
       -3.39289  -3.04526  -2.36541  -2.28788  -1.63346  -1.54514  -1.34163  -1.04651  -1.03335
       -0.93437  -0.89011  -0.87759  -0.82286  -0.79648  -0.72835  -0.72381  -0.71570  -0.65755
       -0.61670  -0.60413  -0.54530  -0.53157  -0.53058  -0.51625  -0.49815  -0.48411  -0.47490
       -0.45563  -0.43886  -0.43646  -0.41819  -0.40809  -0.40172  -0.39681  -0.38346  -0.38039
       -0.37185  -0.35934  -0.35578  -0.34255  -0.34071  -0.33746  -0.32830  -0.31950  -0.31528
       -0.31147  -0.30339  -0.29479  -0.29404  -0.28755  -0.28076  -0.27113  -0.26823  -0.26771
       -0.25997  -0.25489  -0.24239  -0.24111  -0.24083  -0.23082  -0.22747  -0.22151  -0.21794
       -0.21149  -0.20798  -0.20298  -0.20249  -0.19736  -0.19356  -0.18845  -0.18764  -0.18604
       -0.18422  -0.17118  -0.16951  -0.16314  -0.16246  -0.16120  -0.14914  -0.14893  -0.14860
       -0.14132  -0.13577  -0.13483  -0.13411  -0.13284  -0.13218  -0.13192  -0.13116  -0.13017
       -0.12222  -0.11919  -0.11731  -0.11381  -0.11263  -0.11031  -0.10734  -0.10688  -0.10236
       -0.10082  -0.10062  -0.09926  -0.09815  -0.09484  -0.09463  -0.09356  -0.09219  -0.09150
       -0.09138  -0.08916  -0.08857  -0.08634  -0.08562  -0.08512  -0.08454  -0.08425  -0.08213
       -0.08098  -0.08071  -0.07979  -0.07800  -0.07735  -0.07607  -0.07530  -0.07485  -0.07255
       -0.07190  -0.07079  -0.07032  -0.06948  -0.06794  -0.06781  -0.06593  -0.06471  -0.06396
       -0.06370  -0.06275  -0.06152  -0.06071  -0.06035  -0.05999  -0.05947  -0.05857  -0.05827
       -0.05709  -0.05666  -0.05642  -0.05583  -0.05540  -0.05473  -0.05414  -0.05348  -0.05321
       -0.05303  -0.05201  -0.05133  -0.05099  -0.05068  -0.05021  -0.04955  -0.04926  -0.04874
       -0.04866  -0.04742  -0.04637  -0.04535  -0.04520  -0.04497  -0.04415  -0.04373  -0.04350
       -0.04303  -0.04293  -0.04274  -0.04189  -0.04168  -0.04155  -0.04122  -0.04085  -0.04036
       -0.04015  -0.03975  -0.03890  -0.03874  -0.03838  -0.03823  -0.03771  -0.03729  -0.03692
       -0.03677  -0.03648  -0.03627  -0.03577  -0.03569  -0.03530  -0.03516  -0.03495  -0.03457
       -0.03416  -0.03401  -0.03373  -0.03345  -0.03326  -0.03317  -0.03261  -0.03239  -0.03203
       -0.03174  -0.03147  -0.03119  -0.03117  -0.03062  -0.03042  -0.03002  -0.02977  -0.02908
       -0.02870  -0.02851  -0.02825  -0.02806  -0.02788  -0.02742  -0.02731  -0.02704  -0.02688
       -0.02672  -0.02641  -0.02614  -0.02584  -0.02538  -0.02523  -0.02509  -0.02489  -0.02470
       -0.02452  -0.02431  -0.02411  -0.02375  -0.02368  -0.02340  -0.02331  -0.02311  -0.02297
       -0.02286  -0.02262  -0.02252  -0.02245  -0.02241  -0.02208  -0.02198  -0.02155  -0.02143
       -0.02130  -0.02101  -0.02090  -0.02073  -0.02059  -0.02052  -0.02040  -0.02018  -0.02009
       -0.01998  -0.01968  -0.01958  -0.01933  -0.01927  -0.01908  -0.01895  -0.01876  -0.01860
       -0.01846  -0.01843  -0.01833  -0.01805  -0.01798  -0.01771  -0.01762  -0.01754  -0.01745
       -0.01722  -0.01712  -0.01704  -0.01686  -0.01667  -0.01648  -0.01647  -0.01629  -0.01622
       -0.01618  -0.01607  -0.01603  -0.01590  -0.01581  -0.01559  -0.01549  -0.01541  -0.01521
       -0.01517  -0.01500  -0.01499  -0.01485  -0.01478  -0.01466  -0.01453  -0.01445  -0.01417
       -0.01411  -0.01404  -0.01392  -0.01376  -0.01369  -0.01356  -0.01346  -0.01343  -0.01330
       -0.01307  -0.01301  -0.01288  -0.01275  -0.01265  -0.01263  -0.01254  -0.01242  -0.01230
       -0.01222  -0.01209  -0.01200  -0.01190  -0.01184  -0.01168  -0.01158  -0.01149  -0.01149
       -0.01136  -0.01120  -0.01118  -0.01109  -0.01098  -0.01082  -0.01074  -0.01060  -0.01048
       -0.01043  -0.01036  -0.01021  -0.01016  -0.01012  -0.01010  -0.01005  -0.00999  -0.00985
       -0.00972  -0.00965  -0.00958  -0.00946  -0.00943  -0.00937  -0.00932  -0.00923  -0.00918
       -0.00903  -0.00899  -0.00890  -0.00881  -0.00873  -0.00869  -0.00862  -0.00851  -0.00845
       -0.00838  -0.00830  -0.00826  -0.00817  -0.00812  -0.00792  -0.00786  -0.00782  -0.00773
       -0.00768  -0.00759  -0.00754  -0.00746  -0.00741  -0.00735  -0.00730  -0.00724  -0.00712
       -0.00707  -0.00697  -0.00687  -0.00677  -0.00673  -0.00669  -0.00663  -0.00651  -0.00641
       -0.00639  -0.00635  -0.00634  -0.00627  -0.00615  -0.00612  -0.00605  -0.00590  -0.00585
       -0.00580  -0.00576  -0.00567  -0.00563  -0.00557  -0.00552  -0.00539  -0.00526  -0.00518
       -0.00511  -0.00494  -0.00483  -0.00476  -0.00471  -0.00466
        
     --------------------------------------------------------------------------------------------
     Tot. elapsed time 22m-11.8s,  time spent in last iteration 22m-11.8s
     --------------------------------------------------------------------------------------------

     [I/O] -------------------------------------------------------
     [I/O] RESTART written in < 00.1s             
     [I/O] In location   : ./c4h4s_420.wstat.restart
     [I/O] -------------------------------------------------------

                       *----------*              *----------*               *----------*
     #     Iteration = |        1 |   DFPT_dim = |      420 |   Diago_dim = |      840 |
                       *----------*              *----------*               *----------*
     per-process dynamical memory   178.8 Mb
  
       
     --------------------------------------------------------------------------------------------
     Sternheimer eq. solver... with threshold =   1.000000E-12           
     --------------------------------------------------------------------------------------------
     in progress... |#                   | 005% :               30.9s (E)           10m-19.9s (X)
     in progress... |##                  | 010% :               51.6s (E)           08m-36.2s (X)
     in progress... |###                 | 015% :           01m-12.0s (E)           08m-00.0s (X)
     in progress... |####                | 020% :           01m-32.3s (E)           07m-41.7s (X)
     in progress... |#####               | 025% :           01m-52.6s (E)           07m-30.7s (X)
     in progress... |######              | 030% :           02m-12.9s (E)           07m-23.2s (X)
     in progress... |#######             | 035% :           02m-33.2s (E)           07m-17.8s (X)
     in progress... |########            | 040% :           02m-53.4s (E)           07m-13.5s (X)
     in progress... |#########           | 045% :           03m-13.6s (E)           07m-10.3s (X)
     in progress... |##########          | 050% :           03m-34.0s (E)           07m-08.1s (X)
     in progress... |###########         | 055% :           04m-04.2s (E)           07m-24.1s (X)
     in progress... |############        | 060% :           04m-24.3s (E)           07m-20.5s (X)
     in progress... |#############       | 065% :           04m-44.4s (E)           07m-17.5s (X)
     in progress... |##############      | 070% :           05m-04.3s (E)           07m-14.8s (X)
     in progress... |###############     | 075% :           05m-24.4s (E)           07m-12.6s (X)
     in progress... |################    | 080% :           05m-44.5s (E)           07m-10.6s (X)
     in progress... |#################   | 085% :           06m-04.4s (E)           07m-08.8s (X)
     in progress... |##################  | 090% :           06m-24.3s (E)           07m-07.0s (X)
     in progress... |################### | 095% :           06m-44.3s (E)           07m-05.6s (X)
     in progress... |####################| 100% :           07m-04.2s (E)           07m-04.2s (X)
     --------------------------------------------------------------------------------------------
     p-DIAGOX done in 00.5s with a SCALAPACK grid (12x12)
     --------------------------------------------------------------------------------------------
        
       -3.39573  -3.05524  -2.39887  -2.29024  -1.67286  -1.54555  -1.34251  -1.06340  -1.04697
       -0.93491  -0.89126  -0.87867  -0.84042  -0.79715  -0.73234  -0.72461  -0.71725  -0.65828
       -0.61754  -0.60520  -0.54879  -0.53602  -0.53343  -0.51779  -0.51343  -0.49896  -0.47591
       -0.45772  -0.44419  -0.43819  -0.42877  -0.40982  -0.40348  -0.39825  -0.38663  -0.38313
       -0.37625  -0.37366  -0.35844  -0.35515  -0.34285  -0.34029  -0.33012  -0.32219  -0.31681
       -0.31371  -0.30564  -0.29645  -0.29599  -0.28985  -0.28670  -0.27306  -0.27016  -0.26962
       -0.26429  -0.25943  -0.24558  -0.24461  -0.24458  -0.23335  -0.23071  -0.22701  -0.22029
       -0.21443  -0.21173  -0.20914  -0.20618  -0.20471  -0.19566  -0.19316  -0.19125  -0.19085
       -0.19004  -0.17820  -0.17410  -0.16728  -0.16627  -0.16565  -0.15599  -0.15133  -0.15123
       -0.14966  -0.14504  -0.13891  -0.13857  -0.13829  -0.13567  -0.13544  -0.13456  -0.13380
       -0.13005  -0.12213  -0.11986  -0.11655  -0.11589  -0.11309  -0.11134  -0.10997  -0.10716
       -0.10455  -0.10357  -0.10174  -0.10154  -0.10015  -0.09889  -0.09757  -0.09691  -0.09521
       -0.09492  -0.09307  -0.09301  -0.08962  -0.08912  -0.08884  -0.08867  -0.08828  -0.08662
       -0.08508  -0.08475  -0.08417  -0.08153  -0.08007  -0.07977  -0.07907  -0.07864  -0.07765
       -0.07531  -0.07479  -0.07437  -0.07411  -0.07371  -0.07318  -0.07238  -0.06940  -0.06891
       -0.06828  -0.06753  -0.06730  -0.06595  -0.06496  -0.06434  -0.06415  -0.06353  -0.06349
       -0.06186  -0.06110  -0.06076  -0.06068  -0.06067  -0.05992  -0.05943  -0.05882  -0.05869
       -0.05813  -0.05740  -0.05688  -0.05595  -0.05583  -0.05525  -0.05455  -0.05442  -0.05422
       -0.05410  -0.05240  -0.05203  -0.05155  -0.05054  -0.05043  -0.04966  -0.04869  -0.04853
       -0.04770  -0.04770  -0.04762  -0.04748  -0.04742  -0.04705  -0.04674  -0.04597  -0.04590
       -0.04573  -0.04492  -0.04488  -0.04447  -0.04415  -0.04387  -0.04349  -0.04308  -0.04306
       -0.04280  -0.04226  -0.04195  -0.04168  -0.04145  -0.04141  -0.04128  -0.04099  -0.04060
       -0.03994  -0.03964  -0.03956  -0.03950  -0.03899  -0.03861  -0.03855  -0.03848  -0.03820
       -0.03784  -0.03742  -0.03741  -0.03700  -0.03691  -0.03686  -0.03678  -0.03650  -0.03578
       -0.03543  -0.03494  -0.03443  -0.03440  -0.03422  -0.03397  -0.03364  -0.03363  -0.03312
       -0.03290  -0.03239  -0.03225  -0.03198  -0.03184  -0.03169  -0.03131  -0.03108  -0.03103
       -0.03093  -0.03091  -0.03019  -0.03018  -0.03012  -0.03001  -0.02992  -0.02967  -0.02955
       -0.02942  -0.02921  -0.02902  -0.02882  -0.02878  -0.02858  -0.02846  -0.02836  -0.02816
       -0.02796  -0.02779  -0.02773  -0.02743  -0.02736  -0.02722  -0.02692  -0.02658  -0.02645
       -0.02632  -0.02630  -0.02622  -0.02590  -0.02572  -0.02569  -0.02560  -0.02546  -0.02539
       -0.02532  -0.02517  -0.02498  -0.02484  -0.02475  -0.02455  -0.02448  -0.02440  -0.02435
       -0.02430  -0.02404  -0.02375  -0.02367  -0.02342  -0.02338  -0.02337  -0.02304  -0.02297
       -0.02288  -0.02282  -0.02259  -0.02249  -0.02247  -0.02236  -0.02229  -0.02211  -0.02202
       -0.02192  -0.02180  -0.02171  -0.02165  -0.02158  -0.02155  -0.02146  -0.02126  -0.02125
       -0.02117  -0.02102  -0.02100  -0.02089  -0.02078  -0.02052  -0.02051  -0.02048  -0.02045
       -0.02039  -0.02034  -0.02031  -0.02018  -0.02004  -0.01998  -0.01990  -0.01979  -0.01966
       -0.01965  -0.01953  -0.01939  -0.01931  -0.01910  -0.01902  -0.01898  -0.01889  -0.01887
       -0.01874  -0.01854  -0.01833  -0.01823  -0.01817  -0.01814  -0.01807  -0.01798  -0.01795
       -0.01784  -0.01764  -0.01751  -0.01740  -0.01735  -0.01732  -0.01720  -0.01711  -0.01699
       -0.01691  -0.01682  -0.01664  -0.01657  -0.01650  -0.01642  -0.01635  -0.01634  -0.01622
       -0.01618  -0.01609  -0.01603  -0.01592  -0.01589  -0.01586  -0.01575  -0.01569  -0.01564
       -0.01564  -0.01553  -0.01545  -0.01540  -0.01534  -0.01526  -0.01518  -0.01511  -0.01508
       -0.01501  -0.01494  -0.01483  -0.01481  -0.01479  -0.01468  -0.01461  -0.01455  -0.01453
       -0.01450  -0.01444  -0.01437  -0.01433  -0.01426  -0.01422  -0.01416  -0.01410  -0.01403
       -0.01401  -0.01396  -0.01382  -0.01381  -0.01370  -0.01360  -0.01356  -0.01348  -0.01346
       -0.01341  -0.01338  -0.01332  -0.01330  -0.01318  -0.01311  -0.01305  -0.01303  -0.01293
       -0.01292  -0.01286  -0.01280  -0.01275  -0.01272  -0.01266
        
     --------------------------------------------------------------------------------------------
     Tot. elapsed time 46m-36.7s,  time spent in last iteration 08m-11.7s
     --------------------------------------------------------------------------------------------

     [I/O] -------------------------------------------------------
     [I/O] RESTART written in < 00.1s             
     [I/O] In location   : ./c4h4s_420.wstat.restart
     [I/O] -------------------------------------------------------

                       *----------*              *----------*               *----------*
     #     Iteration = |        2 |   DFPT_dim = |      413 |   Diago_dim = |     1253 |
                       *----------*              *----------*               *----------*
     per-process dynamical memory   178.8 Mb
  
       
     --------------------------------------------------------------------------------------------
     Sternheimer eq. solver... with threshold =   1.000000E-12           
     --------------------------------------------------------------------------------------------
     in progress... |#                   | 005% :               29.7s (E)           09m-54.8s (X)
     in progress... |##                  | 010% :               49.6s (E)           08m-16.7s (X)
     in progress... |###                 | 015% :           01m-09.4s (E)           07m-43.3s (X)
     in progress... |####                | 020% :           01m-30.1s (E)           07m-30.9s (X)
     in progress... |#####               | 025% :           01m-49.9s (E)           07m-19.8s (X)
     in progress... |######              | 030% :           02m-09.8s (E)           07m-12.8s (X)
     in progress... |#######             | 035% :           02m-29.6s (E)           07m-07.5s (X)
     in progress... |########            | 040% :           02m-49.4s (E)           07m-03.6s (X)
     in progress... |#########           | 045% :           03m-09.2s (E)           07m-00.4s (X)
     in progress... |##########          | 050% :           03m-28.8s (E)           06m-57.7s (X)
     in progress... |###########         | 055% :           03m-58.3s (E)           07m-13.3s (X)
     in progress... |############        | 060% :           04m-17.9s (E)           07m-09.9s (X)
     in progress... |#############       | 065% :           04m-37.5s (E)           07m-07.0s (X)
     in progress... |##############      | 070% :           04m-57.1s (E)           07m-04.5s (X)
     in progress... |###############     | 075% :           05m-16.7s (E)           07m-02.3s (X)
     in progress... |################    | 080% :           05m-36.2s (E)           07m-00.3s (X)
     in progress... |#################   | 085% :           05m-55.8s (E)           06m-58.6s (X)
     in progress... |##################  | 090% :           06m-15.5s (E)           06m-57.2s (X)
     in progress... |################### | 095% :           06m-34.9s (E)           06m-55.7s (X)
     in progress... |####################| 100% :           06m-54.6s (E)           06m-54.6s (X)
     --------------------------------------------------------------------------------------------
     p-DIAGOX done in 00.7s with a SCALAPACK grid (12x12)
     --------------------------------------------------------------------------------------------
        
       -3.39573  -3.05524  -2.39887  -2.29024  -1.67286  -1.54555  -1.34251  -1.06340  -1.04697
       -0.93491  -0.89126  -0.87867  -0.84042  -0.79715  -0.73234  -0.72461  -0.71725  -0.65828
       -0.61754  -0.60520  -0.54879  -0.53602  -0.53343  -0.51779  -0.51343  -0.49896  -0.47591
       -0.45772  -0.44419  -0.43819  -0.42877  -0.40982  -0.40348  -0.39825  -0.38663  -0.38313
       -0.37625  -0.37366  -0.35844  -0.35515  -0.34285  -0.34029  -0.33012  -0.32219  -0.31681
       -0.31371  -0.30564  -0.29645  -0.29599  -0.28985  -0.28670  -0.27306  -0.27016  -0.26963
       -0.26429  -0.25943  -0.24558  -0.24461  -0.24458  -0.23336  -0.23071  -0.22701  -0.22029
       -0.21443  -0.21173  -0.20914  -0.20618  -0.20471  -0.19566  -0.19316  -0.19125  -0.19085
       -0.19004  -0.17821  -0.17410  -0.16728  -0.16627  -0.16565  -0.15599  -0.15133  -0.15123
       -0.14966  -0.14504  -0.13891  -0.13858  -0.13829  -0.13567  -0.13544  -0.13456  -0.13380
       -0.13005  -0.12213  -0.11986  -0.11656  -0.11589  -0.11310  -0.11135  -0.10998  -0.10717
       -0.10456  -0.10357  -0.10175  -0.10155  -0.10016  -0.09890  -0.09758  -0.09691  -0.09521
       -0.09493  -0.09307  -0.09302  -0.08963  -0.08912  -0.08884  -0.08869  -0.08829  -0.08663
       -0.08509  -0.08476  -0.08418  -0.08153  -0.08007  -0.07978  -0.07908  -0.07865  -0.07767
       -0.07532  -0.07480  -0.07439  -0.07412  -0.07372  -0.07320  -0.07239  -0.06941  -0.06893
       -0.06830  -0.06754  -0.06732  -0.06597  -0.06499  -0.06436  -0.06417  -0.06354  -0.06351
       -0.06188  -0.06112  -0.06078  -0.06070  -0.06070  -0.05995  -0.05946  -0.05885  -0.05873
       -0.05816  -0.05745  -0.05692  -0.05598  -0.05585  -0.05528  -0.05458  -0.05444  -0.05426
       -0.05414  -0.05244  -0.05206  -0.05159  -0.05058  -0.05048  -0.04971  -0.04874  -0.04860
       -0.04775  -0.04774  -0.04766  -0.04755  -0.04748  -0.04710  -0.04679  -0.04602  -0.04598
       -0.04580  -0.04500  -0.04493  -0.04451  -0.04421  -0.04394  -0.04358  -0.04315  -0.04314
       -0.04288  -0.04235  -0.04204  -0.04175  -0.04154  -0.04152  -0.04135  -0.04108  -0.04068
       -0.04003  -0.03973  -0.03963  -0.03961  -0.03911  -0.03871  -0.03866  -0.03856  -0.03829
       -0.03798  -0.03753  -0.03748  -0.03710  -0.03701  -0.03696  -0.03689  -0.03664  -0.03593
       -0.03558  -0.03508  -0.03457  -0.03455  -0.03439  -0.03410  -0.03379  -0.03376  -0.03337
       -0.03311  -0.03254  -0.03236  -0.03222  -0.03199  -0.03190  -0.03148  -0.03128  -0.03125
       -0.03109  -0.03103  -0.03039  -0.03037  -0.03033  -0.03020  -0.03013  -0.02987  -0.02976
       -0.02967  -0.02943  -0.02932  -0.02904  -0.02902  -0.02878  -0.02869  -0.02856  -0.02841
       -0.02817  -0.02800  -0.02793  -0.02768  -0.02761  -0.02743  -0.02720  -0.02690  -0.02675
       -0.02656  -0.02653  -0.02651  -0.02615  -0.02602  -0.02599  -0.02596  -0.02577  -0.02565
       -0.02561  -0.02552  -0.02522  -0.02513  -0.02499  -0.02497  -0.02484  -0.02470  -0.02468
       -0.02463  -0.02437  -0.02412  -0.02405  -0.02383  -0.02374  -0.02365  -0.02343  -0.02328
       -0.02327  -0.02323  -0.02291  -0.02285  -0.02284  -0.02280  -0.02263  -0.02262  -0.02259
       -0.02229  -0.02221  -0.02217  -0.02214  -0.02199  -0.02199  -0.02191  -0.02181  -0.02167
       -0.02161  -0.02144  -0.02141  -0.02140  -0.02134  -0.02110  -0.02103  -0.02098  -0.02097
       -0.02089  -0.02089  -0.02079  -0.02074  -0.02061  -0.02037  -0.02037  -0.02034  -0.02017
       -0.02014  -0.02007  -0.01988  -0.01985  -0.01962  -0.01954  -0.01953  -0.01953  -0.01948
       -0.01938  -0.01919  -0.01892  -0.01887  -0.01886  -0.01882  -0.01872  -0.01862  -0.01855
       -0.01846  -0.01842  -0.01829  -0.01825  -0.01800  -0.01796  -0.01793  -0.01793  -0.01786
       -0.01777  -0.01759  -0.01734  -0.01720  -0.01719  -0.01712  -0.01711  -0.01710  -0.01705
       -0.01701  -0.01700  -0.01672  -0.01671  -0.01667  -0.01660  -0.01655  -0.01655  -0.01644
       -0.01642  -0.01638  -0.01631  -0.01627  -0.01624  -0.01623  -0.01613  -0.01612  -0.01605
       -0.01595  -0.01595  -0.01584  -0.01578  -0.01571  -0.01569  -0.01568  -0.01562  -0.01556
       -0.01544  -0.01541  -0.01537  -0.01530  -0.01527  -0.01520  -0.01519  -0.01508  -0.01507
       -0.01500  -0.01496  -0.01493  -0.01486  -0.01481  -0.01475  -0.01469  -0.01466  -0.01460
       -0.01458  -0.01452  -0.01449  -0.01444  -0.01441  -0.01437  -0.01433  -0.01418  -0.01409
       -0.01408  -0.01399  -0.01397  -0.01391  -0.01388  -0.01377
        
     --------------------------------------------------------------------------------------------
     Tot. elapsed time 01h-27m-24.4s,  time spent in last iteration 08m-06.5s
     --------------------------------------------------------------------------------------------

     [I/O] -------------------------------------------------------
     [I/O] RESTART written in < 00.1s             
     [I/O] In location   : ./c4h4s_420.wstat.restart
     [I/O] -------------------------------------------------------

                       *----------*              *----------*               *----------*
     #     Iteration = |        3 |   DFPT_dim = |       33 |   Diago_dim = |     1286 |
                       *----------*              *----------*               *----------*
     per-process dynamical memory   178.8 Mb
  
       
     --------------------------------------------------------------------------------------------
     Sternheimer eq. solver... with threshold =   1.000000E-12           
     --------------------------------------------------------------------------------------------
     in progress... |######              | 030% :               09.7s (E)               32.4s (X)
     in progress... |#############       | 065% :               19.4s (E)               29.9s (X)
     in progress... |####################| 100% :               29.2s (E)               29.2s (X)
     --------------------------------------------------------------------------------------------
     p-DIAGOX done in 00.8s with a SCALAPACK grid (12x12)
     --------------------------------------------------------------------------------------------
        
       -3.39573  -3.05524  -2.39887  -2.29024  -1.67286  -1.54555  -1.34251  -1.06340  -1.04697
       -0.93491  -0.89126  -0.87867  -0.84042  -0.79715  -0.73234  -0.72461  -0.71725  -0.65828
       -0.61754  -0.60520  -0.54879  -0.53602  -0.53343  -0.51779  -0.51343  -0.49896  -0.47591
       -0.45772  -0.44419  -0.43819  -0.42877  -0.40982  -0.40348  -0.39825  -0.38663  -0.38313
       -0.37625  -0.37366  -0.35844  -0.35515  -0.34285  -0.34029  -0.33012  -0.32219  -0.31681
       -0.31371  -0.30564  -0.29645  -0.29599  -0.28985  -0.28670  -0.27306  -0.27016  -0.26963
       -0.26429  -0.25943  -0.24558  -0.24461  -0.24458  -0.23336  -0.23071  -0.22701  -0.22029
       -0.21443  -0.21173  -0.20914  -0.20618  -0.20471  -0.19566  -0.19316  -0.19125  -0.19085
       -0.19004  -0.17821  -0.17410  -0.16728  -0.16627  -0.16565  -0.15599  -0.15133  -0.15123
       -0.14966  -0.14504  -0.13891  -0.13858  -0.13829  -0.13567  -0.13544  -0.13456  -0.13380
       -0.13005  -0.12213  -0.11986  -0.11656  -0.11589  -0.11310  -0.11135  -0.10998  -0.10717
       -0.10456  -0.10357  -0.10175  -0.10155  -0.10016  -0.09890  -0.09758  -0.09691  -0.09521
       -0.09493  -0.09307  -0.09302  -0.08963  -0.08912  -0.08884  -0.08869  -0.08829  -0.08663
       -0.08509  -0.08476  -0.08418  -0.08153  -0.08007  -0.07978  -0.07908  -0.07865  -0.07767
       -0.07532  -0.07480  -0.07439  -0.07412  -0.07372  -0.07320  -0.07239  -0.06941  -0.06893
       -0.06830  -0.06754  -0.06732  -0.06597  -0.06499  -0.06436  -0.06417  -0.06354  -0.06351
       -0.06188  -0.06112  -0.06078  -0.06070  -0.06070  -0.05995  -0.05946  -0.05885  -0.05873
       -0.05816  -0.05745  -0.05692  -0.05598  -0.05585  -0.05528  -0.05458  -0.05444  -0.05426
       -0.05414  -0.05244  -0.05206  -0.05159  -0.05058  -0.05048  -0.04971  -0.04874  -0.04860
       -0.04775  -0.04774  -0.04766  -0.04755  -0.04748  -0.04710  -0.04679  -0.04602  -0.04598
       -0.04580  -0.04500  -0.04493  -0.04451  -0.04421  -0.04394  -0.04358  -0.04315  -0.04314
       -0.04288  -0.04235  -0.04204  -0.04175  -0.04154  -0.04152  -0.04135  -0.04108  -0.04068
       -0.04003  -0.03973  -0.03963  -0.03961  -0.03911  -0.03871  -0.03866  -0.03856  -0.03829
       -0.03798  -0.03753  -0.03748  -0.03710  -0.03701  -0.03696  -0.03689  -0.03664  -0.03593
       -0.03558  -0.03508  -0.03457  -0.03455  -0.03439  -0.03410  -0.03379  -0.03376  -0.03337
       -0.03311  -0.03254  -0.03236  -0.03222  -0.03199  -0.03190  -0.03148  -0.03128  -0.03125
       -0.03109  -0.03103  -0.03039  -0.03037  -0.03033  -0.03020  -0.03013  -0.02987  -0.02976
       -0.02967  -0.02943  -0.02932  -0.02904  -0.02902  -0.02878  -0.02869  -0.02856  -0.02841
       -0.02817  -0.02800  -0.02793  -0.02768  -0.02761  -0.02743  -0.02720  -0.02690  -0.02675
       -0.02657  -0.02653  -0.02651  -0.02615  -0.02602  -0.02599  -0.02596  -0.02577  -0.02565
       -0.02561  -0.02552  -0.02523  -0.02513  -0.02499  -0.02497  -0.02484  -0.02470  -0.02468
       -0.02463  -0.02437  -0.02412  -0.02405  -0.02383  -0.02374  -0.02365  -0.02343  -0.02328
       -0.02327  -0.02323  -0.02291  -0.02286  -0.02285  -0.02280  -0.02263  -0.02262  -0.02259
       -0.02229  -0.02221  -0.02217  -0.02214  -0.02200  -0.02199  -0.02191  -0.02181  -0.02167
       -0.02161  -0.02144  -0.02141  -0.02141  -0.02134  -0.02111  -0.02104  -0.02099  -0.02097
       -0.02090  -0.02089  -0.02079  -0.02074  -0.02061  -0.02038  -0.02037  -0.02034  -0.02017
       -0.02014  -0.02008  -0.01989  -0.01985  -0.01962  -0.01954  -0.01953  -0.01953  -0.01949
       -0.01938  -0.01919  -0.01893  -0.01888  -0.01886  -0.01882  -0.01872  -0.01863  -0.01856
       -0.01847  -0.01843  -0.01829  -0.01826  -0.01801  -0.01797  -0.01794  -0.01793  -0.01787
       -0.01778  -0.01760  -0.01735  -0.01721  -0.01720  -0.01712  -0.01712  -0.01711  -0.01705
       -0.01701  -0.01700  -0.01673  -0.01672  -0.01668  -0.01661  -0.01656  -0.01656  -0.01645
       -0.01643  -0.01639  -0.01632  -0.01628  -0.01625  -0.01624  -0.01615  -0.01614  -0.01606
       -0.01599  -0.01596  -0.01589  -0.01579  -0.01574  -0.01572  -0.01571  -0.01566  -0.01560
       -0.01545  -0.01542  -0.01538  -0.01533  -0.01531  -0.01524  -0.01522  -0.01512  -0.01508
       -0.01502  -0.01500  -0.01497  -0.01490  -0.01486  -0.01479  -0.01475  -0.01470  -0.01466
       -0.01466  -0.01458  -0.01455  -0.01449  -0.01446  -0.01444  -0.01441  -0.01424  -0.01416
       -0.01415  -0.01405  -0.01404  -0.01398  -0.01393  -0.01383
        
     --------------------------------------------------------------------------------------------
     Tot. elapsed time 02h-16m-59.0s,  time spent in last iteration 48.7s
     --------------------------------------------------------------------------------------------
      
     --------------------------------------------------------------------------------------------
     Database written in 08m-15.1s           
     In location : ./c4h4s_420.wstat.save
     --------------------------------------------------------------------------------------------
       
     --------------------------------------------------------------------------------------------
     Convergence achieved !!! in        3 steps                          
     --------------------------------------------------------------------------------------------
 
     WSTAT        :     2h15m CPU        2h25m WALL

     wstat_readin :      3.26s CPU     23.87s WALL (       1 calls)
     fetch_nml    :      0.04s CPU      0.05s WALL (       1 calls)
     read_xml     :      1.45s CPU      2.19s WALL (       1 calls)
     init_vloc    :      0.16s CPU      0.17s WALL (       2 calls)
     fft          :      0.27s CPU      0.76s WALL (      11 calls)
     fft_scatter  :    262.01s CPU    264.13s WALL (   82534 calls)
     v_of_rho     :      0.31s CPU      0.33s WALL (       1 calls)
     v_xc         :      0.27s CPU      0.29s WALL (       1 calls)
     v_h          :      0.03s CPU      0.04s WALL (       1 calls)
     read_wave    :      1.76s CPU     21.62s WALL (       1 calls)
     davcio       :      0.00s CPU      0.71s WALL (       2 calls)
     init_us_1    :      0.04s CPU      0.04s WALL (       2 calls)
     do_setup     :      0.66s CPU      0.68s WALL (       1 calls)
     init_pw_ar   :      0.22s CPU      0.24s WALL (       1 calls)
     init_at_1    :      0.00s CPU      0.00s WALL (       1 calls)
     storesqvc    :      0.01s CPU      0.01s WALL (       1 calls)
     chidiago     :   8127.56s CPU   8726.61s WALL (       1 calls)
     randomize    :      0.96s CPU      0.97s WALL (       1 calls)
     paramgs      :     13.74s CPU     13.87s WALL (       5 calls)
     dfpt         :   1316.92s CPU   1329.12s WALL (       5 calls)
     init_us_2    :      0.03s CPU      0.04s WALL (       5 calls)
     fftw         :    751.59s CPU    758.97s WALL (   82523 calls)
     alphapc      :      0.70s CPU      0.74s WALL (     171 calls)
     wstat_restar :   6308.48s CPU   6849.29s WALL (       4 calls)
     linstern     :   1079.80s CPU   1090.58s WALL (     129 calls)
     stern        :   1029.83s CPU   1040.18s WALL (    6530 calls)
     h_psi_bgrp   :    999.21s CPU   1009.18s WALL (    6530 calls)
     h_psi        :    999.17s CPU   1009.16s WALL (    6530 calls)
     h_psi:pot    :    988.97s CPU    998.92s WALL (    6530 calls)
     vloc_psi     :    940.41s CPU    949.93s WALL (    6530 calls)
     h_psi:calbec :     27.09s CPU     25.29s WALL (    6530 calls)
     calbec       :     27.08s CPU     25.27s WALL (    6530 calls)
     add_vuspsi   :     21.43s CPU     23.66s WALL (    6530 calls)
     alphapv      :     17.87s CPU     18.07s WALL (    6530 calls)
     build_hr     :      7.80s CPU      8.02s WALL (       4 calls)
     diagox       :      2.55s CPU      2.69s WALL (       4 calls)
     redistr_vr   :      0.29s CPU      0.30s WALL (       3 calls)
     update_vr    :     13.67s CPU     14.11s WALL (       3 calls)
     symm_hr      :      0.31s CPU      0.32s WALL (       3 calls)
     chidiago:las :      0.00s CPU      0.00s WALL (       1 calls)
     refresh_vr   :      5.25s CPU      5.38s WALL (       1 calls)
     pdep_db      :    457.21s CPU    495.16s WALL (       1 calls)
 
     WSTAT        :     2h15m CPU        2h25m WALL

 
   This run was terminated on:  18:21:40  25Apr2018            

=------------------------------------------------------------------------------=
   JOB DONE.
=------------------------------------------------------------------------------=
