
     Program WSTAT v. 2.0.0 starts on 10Sep2017 at 21:56:25 

     This program is part of the open-source West suite
     for massively parallel calculations of excited states in materials; please cite
         "M. Govoni et al., J. Chem. Theory Comput. 11, 2680 (2015);
          URL http://www.west-code.org", 
     in publications or presentations arising from this work.

     Based on the Quantum ESPRESSO v. 6.1 svn rev. 13369
       
     --------------------------------------------------------------------------------------------
     **MPI** Parallelization Status                                      
     --------------------------------------------------------------------------------------------
                   160                  20             1             1             8
     --------------------------------------------------------------------------------------------
                     N         =         I      X      P      X      B      X      Z
                     ^                   ^             ^             ^             ^
                     |                   |             |             |             |
                   #rnk                  |             |             |             |
                                      #image           |             |             |
                                                     #pool           |             |
                                                                   #bgrp           |
                                                                                 #R&G
     --------------------------------------------------------------------------------------------
     **OPENMP** Parallelization Status
     #thr/rnk               =            1
     --------------------------------------------------------------------------------------------
     #prc = (rnk) * (thr) =          160
     --------------------------------------------------------------------------------------------
       
     --------------------------------------------------------------------------------------------
     I/O Summary : input_west                                            
     --------------------------------------------------------------------------------------------
     qe_prefix      = si-500
     west_prefix    = si-500
     outdir         = ./
     --------------------------------------------------------------------------------------------
       
     --------------------------------------------------------------------------------------------
     I/O Summary : wstat_control                                         
     --------------------------------------------------------------------------------------------
     wstat_calculation              =              S
     n_pdep_eigen                   =            500
     n_pdep_times                   =              4
     n_pdep_maxiter                 =            100
     n_dfpt_maxiter                 =            250
     n_pdep_read_from_file          =              0
     trev_pdep                      =   1.000000E-03
     trev_pdep_rel                  =   1.000000E-01
     tr2_dfpt                       =   1.000000E-12
     l_kinetic_only                 =              F
     l_minimize_exx_if_active       =              F
     l_use_ecutrho                  =              F
     --------------------------------------------------------------------------------------------

     Reading data from directory:
     ./si-500.save

   Info: using nr1, nr2, nr3 values from input

   Info: using nr1, nr2, nr3 values from input

     IMPORTANT: XC functional enforced from input :
     Exchange-correlation      = PBE ( 1  4  3  4 0 0)
     Any further DFT definition will be discarded
     Please, verify this is what you really want

 
     Parallelization info
     --------------------
     sticks:   dense  smooth     PW     G-vecs:    dense   smooth      PW
     Min        1174    1174    293               252876   252876   31633
     Max        1176    1176    296               252896   252896   31648
     Sum        9401    9401   2361              2023035  2023035  253121
 
       
     --------------------------------------------------------------------------------------------
     System Overview                                                     
     --------------------------------------------------------------------------------------------
     gamma_only           =              T
     ecutwfc [Ry]         =      70.000000
     omega [au^3]         =   2.556770E+04
     glob. #G             =         126561
     nbnd                 =            700
     nkstot               =              1
     nspin                =              1
     nelec                =    1152.000000
     npol                 =              1
     lsda                 =              F
     noncolin             =              F
     lspinorb             =              F
     domag                =              F
     --------------------------------------------------------------------------------------------

     sFFT G-space:  1011518 G-vectors     R-space: ( 120, 120, 324)
     dFFT G-space:  1011518 G-vectors     R-space: ( 120, 120, 324)

     Cell [a.u.]          =      20.529000      0.000000      0.000000
                          =       0.000000     20.529000      0.000000
                          =       0.000000      0.000000     60.667500
      
     number of ks points=     1
                       cart. coord. in units 2pi/alat
        k(    1) = (   0.0000000   0.0000000   0.0000000), wk =   2.0000000

                       cryst. coord.
        k(    1) = (   0.0000000   0.0000000   0.0000000), wk =   2.0000000
 
     Spherical div        =   1.684599E-01
     Orthorombic div      =   1.456329E-01
       
     --------------------------------------------------------------------------------------------
     Parallelization for nvecx                                           
     --------------------------------------------------------------------------------------------
     nglob                =           2000
     nlevel               =             20
     Min nglob/nlevel     =            100
     Max nglob/nlevel     =            100
     --------------------------------------------------------------------------------------------

     [MEM] ----------------------------------------------------------
     [MEM] **Memory** analysis: QE
     [MEM] ----------------------------------------------------------
     [MEM] Allocated arrays           est. size (Mb)     dimensions
     [MEM] ----------------------------------------------------------
     [MEM] Kohn-Sham Wavefunctions     169.02 Mb     (  15824,  700)
     [MEM] NL pseudopotentials         509.95 Mb     (  15824, 2112)
     [MEM] Each V/rho on FFT grid        9.01 Mb     ( 590400)
     [MEM] Each G-vector array           0.96 Mb     ( 126439)
     [MEM] G-vector shells               0.38 Mb     (  49347)
     [MEM] ----------------------------------------------------------
     [MEM] TOT                         689.32 Mb
     [MEM] ----------------------------------------------------------
     [MEM] 
     [MEM] ----------------------------------------------------------
     [MEM] **Memory** analysis: WSTAT global
     [MEM] ----------------------------------------------------------
     [MEM] Allocated arrays           est. size (Mb)     dimensions
     [MEM] ----------------------------------------------------------
     [MEM] dvg                          24.15 Mb     (  15824,  100)
     [MEM] dng                          24.15 Mb     (  15824,  100)
     [MEM] hr_distr                      1.53 Mb     (   2000,  100)
     [MEM] vr_distr                      1.53 Mb     (   2000,  100)
     [MEM] ----------------------------------------------------------
     [MEM] TOT                          51.34 Mb
     [MEM] ----------------------------------------------------------
     [MEM] 
     [MEM] ----------------------------------------------------------
     [MEM] **Memory** analysis: WSTAT temporary
     [MEM] ----------------------------------------------------------
     [MEM] Allocated arrays           est. size (Mb)     dimensions
     [MEM] ----------------------------------------------------------
     [MEM] dvpsi                       139.08 Mb     (  15824,  576)
     [MEM] dpsi                        139.08 Mb     (  15824,  576)
     [MEM] ----------------------------------------------------------
     [MEM] Total estimate              278.16 Mb
     [MEM] ----------------------------------------------------------

                       *----------*              *----------*               *----------*
     #     Iteration = | starting |   DFPT_dim = |      500 |   Diago_dim = |      500 |  x 1/2
                       *----------*              *----------*               *----------*
     per-process dynamical memory  1025.1 Mb
  
       
     --------------------------------------------------------------------------------------------
     Sternheimer eq. solver... with lite-solver                          
     --------------------------------------------------------------------------------------------
     in progress... |#                   | 005% :               59.2s (E)           19m-44.5s (X)
     in progress... |##                  | 010% :           01m-28.6s (E)           14m-46.3s (X)
     in progress... |###                 | 015% :           01m-58.0s (E)           13m-06.9s (X)
     in progress... |####                | 020% :           02m-27.2s (E)           12m-16.3s (X)
     in progress... |#####               | 025% :           03m-26.0s (E)           13m-44.2s (X)
     in progress... |######              | 030% :           03m-55.4s (E)           13m-04.6s (X)
     in progress... |#######             | 035% :           04m-24.7s (E)           12m-36.5s (X)
     in progress... |########            | 040% :           04m-54.0s (E)           12m-15.2s (X)
     in progress... |#########           | 045% :           05m-52.6s (E)           13m-03.7s (X)
     in progress... |##########          | 050% :           06m-21.9s (E)           12m-43.9s (X)
     in progress... |###########         | 055% :           06m-51.2s (E)           12m-27.7s (X)
     in progress... |############        | 060% :           07m-20.6s (E)           12m-14.3s (X)
     in progress... |#############       | 065% :           08m-19.2s (E)           12m-48.0s (X)
     in progress... |##############      | 070% :           08m-48.5s (E)           12m-35.0s (X)
     in progress... |###############     | 075% :           09m-17.8s (E)           12m-23.7s (X)
     in progress... |################    | 080% :           09m-47.1s (E)           12m-13.8s (X)
     in progress... |#################   | 085% :           10m-45.5s (E)           12m-39.4s (X)
     in progress... |##################  | 090% :           11m-14.7s (E)           12m-29.7s (X)
     in progress... |################### | 095% :           11m-43.9s (E)           12m-21.0s (X)
     in progress... |####################| 100% :           12m-12.9s (E)           12m-12.9s (X)
     --------------------------------------------------------------------------------------------

     [I/O] -------------------------------------------------------
     [I/O] RESTART written in < 00.1s             
     [I/O] In location   : ./si_500.wstat.restart
     [I/O] -------------------------------------------------------

                       *----------*              *----------*               *----------*
     #     Iteration = | starting |   DFPT_dim = |      500 |   Diago_dim = |      500 |  x 2/2
                       *----------*              *----------*               *----------*
     per-process dynamical memory  1039.2 Mb
  
       
     --------------------------------------------------------------------------------------------
     Sternheimer eq. solver... with threshold =   1.000000E-06           
     --------------------------------------------------------------------------------------------
     in progress... |#                   | 005% :           28m-21.4s (E)       09h-27m-09.4s (X)
     in progress... |##                  | 010% :           42m-30.0s (E)       07h-05m-00.7s (X)
     in progress... |###                 | 015% :           56m-26.4s (E)       06h-16m-16.5s (X)
     in progress... |####                | 020% :       01h-10m-25.2s (E)       05h-52m-06.2s (X)
     in progress... |#####               | 025% :       01h-38m-33.0s (E)       06h-34m-12.3s (X)
     in progress... |######              | 030% :       01h-52m-29.2s (E)       06h-14m-57.4s (X)
     in progress... |#######             | 035% :       02h-06m-28.8s (E)       06h-01m-22.3s (X)
     in progress... |########            | 040% :       02h-20m-29.2s (E)       05h-51m-13.2s (X)
     in progress... |#########           | 045% :       02h-48m-06.4s (E)       06h-13m-34.2s (X)
     in progress... |##########          | 050% :       03h-02m-01.3s (E)       06h-04m-02.7s (X)
     in progress... |###########         | 055% :       03h-15m-47.9s (E)       05h-55m-59.9s (X)
     in progress... |############        | 060% :       03h-29m-43.7s (E)       05h-49m-32.9s (X)
     in progress... |#############       | 065% :       03h-57m-29.2s (E)       06h-05m-21.8s (X)
     in progress... |##############      | 070% :       04h-11m-21.1s (E)       05h-59m-04.5s (X)
     in progress... |###############     | 075% :       04h-25m-14.5s (E)       05h-53m-39.3s (X)
     in progress... |################    | 080% :       04h-39m-05.7s (E)       05h-48m-52.2s (X)
     in progress... |#################   | 085% :       05h-06m-37.4s (E)       06h-00m-44.0s (X)
     in progress... |##################  | 090% :       05h-20m-27.4s (E)       05h-56m-03.8s (X)
     in progress... |################### | 095% :       05h-34m-07.8s (E)       05h-51m-43.0s (X)
     in progress... |####################| 100% :       05h-47m-12.0s (E)       05h-47m-12.0s (X)
     --------------------------------------------------------------------------------------------
     p-DIAGOX done in 01.1s with a SCALAPACK grid (12x12)
     --------------------------------------------------------------------------------------------
        
      -10.51067  -9.04086  -8.72126  -6.51399  -5.84267  -5.76499  -5.68030  -5.55272  -5.39485
       -5.27870  -5.17507  -5.12975  -4.89169  -4.58273  -4.48709  -4.43500  -4.11036  -4.04036
       -3.97399  -3.95141  -3.92848  -3.91366  -3.87837  -3.84155  -3.82697  -3.80456  -3.71043
       -3.65415  -3.57168  -3.53116  -3.49348  -3.43615  -3.41871  -3.37217  -3.35565  -3.33947
       -3.30848  -3.26438  -3.19532  -3.13071  -3.10457  -3.08070  -3.05769  -3.04789  -3.03433
       -2.99540  -2.96748  -2.95728  -2.89434  -2.83309  -2.78370  -2.73646  -2.72981  -2.71156
       -2.68307  -2.65434  -2.64534  -2.61617  -2.58904  -2.56952  -2.56496  -2.54682  -2.53190
       -2.50959  -2.47329  -2.46510  -2.44090  -2.43841  -2.43095  -2.41166  -2.39900  -2.39047
       -2.37379  -2.36466  -2.35276  -2.34466  -2.34322  -2.32827  -2.32678  -2.31587  -2.29917
       -2.29655  -2.28627  -2.27543  -2.25887  -2.25088  -2.24897  -2.23708  -2.23255  -2.22626
       -2.21747  -2.20050  -2.19084  -2.18712  -2.17413  -2.16473  -2.15885  -2.13761  -2.13406
       -2.12709  -2.12230  -2.11855  -2.09553  -2.09230  -2.08842  -2.07515  -2.07102  -2.05654
       -2.04768  -2.04520  -2.02806  -2.02107  -2.00971  -2.00313  -1.99835  -1.99585  -1.98616
       -1.98144  -1.97569  -1.97319  -1.96158  -1.95719  -1.95027  -1.93167  -1.92636  -1.92212
       -1.91425  -1.91289  -1.90902  -1.90364  -1.89661  -1.88106  -1.88003  -1.87903  -1.86770
       -1.86297  -1.85788  -1.85198  -1.85135  -1.83926  -1.83888  -1.83411  -1.82910  -1.82060
       -1.81703  -1.80750  -1.80415  -1.79443  -1.79363  -1.77973  -1.77520  -1.77299  -1.76617
       -1.76246  -1.75631  -1.75340  -1.74667  -1.74632  -1.73690  -1.73101  -1.72724  -1.72530
       -1.71836  -1.71164  -1.70670  -1.69889  -1.68845  -1.68714  -1.68316  -1.67677  -1.66947
       -1.66306  -1.65649  -1.65390  -1.65272  -1.64767  -1.64373  -1.63749  -1.63656  -1.62478
       -1.61497  -1.61013  -1.59689  -1.59162  -1.58496  -1.58210  -1.57748  -1.57413  -1.56874
       -1.56625  -1.55940  -1.55166  -1.54757  -1.54288  -1.53738  -1.53112  -1.52388  -1.51562
       -1.51177  -1.50784  -1.49892  -1.49300  -1.48831  -1.48413  -1.47938  -1.47492  -1.47263
       -1.46357  -1.46196  -1.45234  -1.44917  -1.44591  -1.44087  -1.43359  -1.42929  -1.42436
       -1.42217  -1.41757  -1.41334  -1.40784  -1.40291  -1.39477  -1.39182  -1.38310  -1.37945
       -1.37448  -1.36869  -1.36376  -1.36070  -1.35626  -1.35349  -1.34792  -1.34421  -1.33951
       -1.33337  -1.32825  -1.32430  -1.31704  -1.31222  -1.30860  -1.30630  -1.30281  -1.30041
       -1.28997  -1.28861  -1.28459  -1.28105  -1.27883  -1.27089  -1.26793  -1.26303  -1.25931
       -1.25572  -1.25279  -1.24471  -1.24100  -1.23538  -1.23226  -1.22626  -1.21858  -1.21515
       -1.20956  -1.20447  -1.20115  -1.19892  -1.19098  -1.18715  -1.18479  -1.17969  -1.17847
       -1.17343  -1.16638  -1.16401  -1.16139  -1.15255  -1.15172  -1.14714  -1.14396  -1.13954
       -1.13578  -1.13055  -1.12921  -1.12568  -1.12213  -1.11605  -1.11392  -1.10997  -1.10766
       -1.10009  -1.09967  -1.09395  -1.09102  -1.08775  -1.08481  -1.08208  -1.07965  -1.07681
       -1.06981  -1.06740  -1.06294  -1.06155  -1.05603  -1.05190  -1.04957  -1.04848  -1.04423
       -1.03913  -1.03571  -1.03471  -1.03214  -1.03029  -1.02873  -1.02690  -1.02134  -1.01723
       -1.01305  -1.01257  -1.00587  -1.00332  -1.00187  -0.99989  -0.99822  -0.99166  -0.98687
       -0.98455  -0.98165  -0.98013  -0.97959  -0.97699  -0.97469  -0.97228  -0.96823  -0.96322
       -0.95595  -0.95289  -0.95140  -0.95030  -0.94843  -0.94304  -0.94266  -0.93969  -0.93785
       -0.93468  -0.93350  -0.92950  -0.92479  -0.92329  -0.92048  -0.91851  -0.91649  -0.91446
       -0.91024  -0.90866  -0.90770  -0.90367  -0.90257  -0.89698  -0.89341  -0.89048  -0.88472
       -0.88327  -0.88309  -0.87965  -0.87707  -0.87598  -0.87330  -0.86942  -0.86761  -0.86341
       -0.86137  -0.85956  -0.85611  -0.85329  -0.85158  -0.84962  -0.84844  -0.84639  -0.84261
       -0.83996  -0.83554  -0.83443  -0.83156  -0.83043  -0.82484  -0.82128  -0.82019  -0.81855
       -0.81647  -0.81216  -0.81038  -0.80965  -0.80927  -0.80452  -0.80361  -0.79991  -0.79712
       -0.79443  -0.79274  -0.78942  -0.78742  -0.78279  -0.78017  -0.77847  -0.77643  -0.77461
       -0.77306  -0.77007  -0.76448  -0.76279  -0.76145  -0.75864  -0.75774  -0.75474  -0.75167
       -0.74890  -0.74670  -0.74538  -0.74393  -0.73981  -0.73504  -0.73286  -0.72968  -0.72810
       -0.72491  -0.72194  -0.71819  -0.71526  -0.71304  -0.71134  -0.71044  -0.70703  -0.70239
       -0.70022  -0.69915  -0.69741  -0.69448  -0.69121  -0.68868  -0.68563  -0.68507  -0.68218
       -0.68087  -0.67649  -0.67489  -0.67295  -0.67137  -0.66910  -0.66473  -0.66204  -0.66002
       -0.65879  -0.65767  -0.65344  -0.64846  -0.64450  -0.64214  -0.64132  -0.63730  -0.63419
       -0.63344  -0.62984  -0.62792  -0.62613  -0.62296  -0.61959  -0.61611  -0.61474  -0.61327
       -0.61096  -0.60988  -0.60495  -0.60290  -0.59981  -0.59681  -0.59556  -0.59162  -0.58914
       -0.58496  -0.58367  -0.58213  -0.57808  -0.57659  -0.57167  -0.56993  -0.56904  -0.56492
       -0.56227  -0.55791  -0.55444  -0.54664  -0.54578  -0.54446  -0.54097  -0.53846  -0.53223
       -0.52890  -0.52802  -0.52324  -0.50887  -0.50654
        
     --------------------------------------------------------------------------------------------
     Tot. elapsed time 06h-37m-30.4s,  time spent in last iteration 06h-37m-30.4s
     --------------------------------------------------------------------------------------------

     [I/O] -------------------------------------------------------
     [I/O] RESTART written in < 00.1s             
     [I/O] In location   : ./si_500.wstat.restart
     [I/O] -------------------------------------------------------

                       *----------*              *----------*               *----------*
     #     Iteration = |        1 |   DFPT_dim = |      500 |   Diago_dim = |     1000 |
                       *----------*              *----------*               *----------*
     per-process dynamical memory  1030.0 Mb
  
       
     --------------------------------------------------------------------------------------------
     Sternheimer eq. solver... with threshold =   1.000000E-12           
     --------------------------------------------------------------------------------------------
     in progress... |#                   | 005% :           51m-36.9s (E)       17h-12m-19.4s (X)
     in progress... |##                  | 010% :       01h-17m-30.9s (E)       12h-55m-09.9s (X)
     in progress... |###                 | 015% :       01h-43m-20.9s (E)       11h-28m-59.7s (X)
     in progress... |####                | 020% :       02h-09m-07.2s (E)       10h-45m-36.1s (X)
     in progress... |#####               | 025% :       03h-00m-48.3s (E)       12h-03m-13.3s (X)
     in progress... |######              | 030% :       03h-26m-39.9s (E)       11h-28m-53.3s (X)
     in progress... |#######             | 035% :       03h-52m-16.9s (E)       11h-03m-39.9s (X)
     in progress... |########            | 040% :       04h-17m-59.1s (E)       10h-44m-57.9s (X)
     in progress... |#########           | 045% :       05h-09m-13.9s (E)       11h-27m-11.0s (X)
     in progress... |##########          | 050% :       05h-34m-53.9s (E)       11h-09m-47.8s (X)
     in progress... |###########         | 055% :       06h-00m-17.0s (E)       10h-55m-03.6s (X)
     in progress... |############        | 060% :       06h-25m-40.4s (E)       10h-42m-47.4s (X)
     in progress... |#############       | 065% :       07h-16m-45.4s (E)       11h-11m-56.1s (X)
     in progress... |##############      | 070% :       07h-42m-07.4s (E)       11h-00m-10.6s (X)
     in progress... |###############     | 075% :       08h-07m-38.7s (E)       10h-50m-11.6s (X)
     in progress... |################    | 080% :       08h-33m-12.3s (E)       10h-41m-30.4s (X)
     in progress... |#################   | 085% :       09h-24m-05.6s (E)       11h-03m-38.3s (X)
srun: Job step aborted: Waiting up to 32 seconds for job step to finish.
slurmstepd-midway689: error: *** STEP 35767428.0 ON midway689 CANCELLED AT 2017-09-11T15:56:32 DUE TO TIME LIMIT ***
