
     Program WSTAT v. 2.0.0 starts on 10Sep2017 at 17:53:40 

     This program is part of the open-source West suite
     for massively parallel calculations of excited states in materials; please cite
         "M. Govoni et al., J. Chem. Theory Comput. 11, 2680 (2015);
          URL http://www.west-code.org", 
     in publications or presentations arising from this work.

     Based on the Quantum ESPRESSO v. 6.1 svn rev. 13369
       
     --------------------------------------------------------------------------------------------
     **MPI** Parallelization Status                                      
     --------------------------------------------------------------------------------------------
                   160                  20             1             1             8
     --------------------------------------------------------------------------------------------
                     N         =         I      X      P      X      B      X      Z
                     ^                   ^             ^             ^             ^
                     |                   |             |             |             |
                   #rnk                  |             |             |             |
                                      #image           |             |             |
                                                     #pool           |             |
                                                                   #bgrp           |
                                                                                 #R&G
     --------------------------------------------------------------------------------------------
     **OPENMP** Parallelization Status
     #thr/rnk               =            1
     --------------------------------------------------------------------------------------------
     #prc = (rnk) * (thr) =          160
     --------------------------------------------------------------------------------------------
       
     --------------------------------------------------------------------------------------------
     I/O Summary : input_west                                            
     --------------------------------------------------------------------------------------------
     qe_prefix      = si-100-400
     west_prefix    = si-100-400
     outdir         = ./
     --------------------------------------------------------------------------------------------
       
     --------------------------------------------------------------------------------------------
     I/O Summary : wstat_control                                         
     --------------------------------------------------------------------------------------------
     wstat_calculation              =              S
     n_pdep_eigen                   =            100
     n_pdep_times                   =              4
     n_pdep_maxiter                 =            100
     n_dfpt_maxiter                 =            250
     n_pdep_read_from_file          =              0
     trev_pdep                      =   1.000000E-03
     trev_pdep_rel                  =   1.000000E-01
     tr2_dfpt                       =   1.000000E-12
     l_kinetic_only                 =              F
     l_minimize_exx_if_active       =              F
     l_use_ecutrho                  =              F
     --------------------------------------------------------------------------------------------

     Reading data from directory:
     ./si-100-400.save

   Info: using nr1, nr2, nr3 values from input

   Info: using nr1, nr2, nr3 values from input

     IMPORTANT: XC functional enforced from input :
     Exchange-correlation      = PBE ( 1  4  3  4 0 0)
     Any further DFT definition will be discarded
     Please, verify this is what you really want

 
     Parallelization info
     --------------------
     sticks:   dense  smooth     PW     G-vecs:    dense   smooth      PW
     Min        1174    1174    293               252876   252876   31633
     Max        1176    1176    296               252896   252896   31648
     Sum        9401    9401   2361              2023035  2023035  253121
 
       
     --------------------------------------------------------------------------------------------
     System Overview                                                     
     --------------------------------------------------------------------------------------------
     gamma_only           =              T
     ecutwfc [Ry]         =      70.000000
     omega [au^3]         =   2.556770E+04
     glob. #G             =         126561
     nbnd                 =            700
     nkstot               =              1
     nspin                =              1
     nelec                =    1152.000000
     npol                 =              1
     lsda                 =              F
     noncolin             =              F
     lspinorb             =              F
     domag                =              F
     --------------------------------------------------------------------------------------------

     sFFT G-space:  1011518 G-vectors     R-space: ( 120, 120, 324)
     dFFT G-space:  1011518 G-vectors     R-space: ( 120, 120, 324)

     Cell [a.u.]          =      20.529000      0.000000      0.000000
                          =       0.000000     20.529000      0.000000
                          =       0.000000      0.000000     60.667500
      
     number of ks points=     1
                       cart. coord. in units 2pi/alat
        k(    1) = (   0.0000000   0.0000000   0.0000000), wk =   2.0000000

                       cryst. coord.
        k(    1) = (   0.0000000   0.0000000   0.0000000), wk =   2.0000000
 
     Spherical div        =   1.684599E-01
     Orthorombic div      =   1.456329E-01
       
     --------------------------------------------------------------------------------------------
     Parallelization for nvecx                                           
     --------------------------------------------------------------------------------------------
     nglob                =            400
     nlevel               =             20
     Min nglob/nlevel     =             20
     Max nglob/nlevel     =             20
     --------------------------------------------------------------------------------------------

     [MEM] ----------------------------------------------------------
     [MEM] **Memory** analysis: QE
     [MEM] ----------------------------------------------------------
     [MEM] Allocated arrays           est. size (Mb)     dimensions
     [MEM] ----------------------------------------------------------
     [MEM] Kohn-Sham Wavefunctions     169.02 Mb     (  15824,  700)
     [MEM] NL pseudopotentials         509.95 Mb     (  15824, 2112)
     [MEM] Each V/rho on FFT grid        9.01 Mb     ( 590400)
     [MEM] Each G-vector array           0.96 Mb     ( 126439)
     [MEM] G-vector shells               0.38 Mb     (  49347)
     [MEM] ----------------------------------------------------------
     [MEM] TOT                         689.32 Mb
     [MEM] ----------------------------------------------------------
     [MEM] 
     [MEM] ----------------------------------------------------------
     [MEM] **Memory** analysis: WSTAT global
     [MEM] ----------------------------------------------------------
     [MEM] Allocated arrays           est. size (Mb)     dimensions
     [MEM] ----------------------------------------------------------
     [MEM] dvg                           4.83 Mb     (  15824,   20)
     [MEM] dng                           4.83 Mb     (  15824,   20)
     [MEM] hr_distr                      0.06 Mb     (    400,   20)
     [MEM] vr_distr                      0.06 Mb     (    400,   20)
     [MEM] ----------------------------------------------------------
     [MEM] TOT                           9.78 Mb
     [MEM] ----------------------------------------------------------
     [MEM] 
     [MEM] ----------------------------------------------------------
     [MEM] **Memory** analysis: WSTAT temporary
     [MEM] ----------------------------------------------------------
     [MEM] Allocated arrays           est. size (Mb)     dimensions
     [MEM] ----------------------------------------------------------
     [MEM] dvpsi                       139.08 Mb     (  15824,  576)
     [MEM] dpsi                        139.08 Mb     (  15824,  576)
     [MEM] ----------------------------------------------------------
     [MEM] Total estimate              278.16 Mb
     [MEM] ----------------------------------------------------------

                       *----------*              *----------*               *----------*
     #     Iteration = | starting |   DFPT_dim = |      100 |   Diago_dim = |      100 |  x 1/2
                       *----------*              *----------*               *----------*
     per-process dynamical memory   975.7 Mb
  
       
     --------------------------------------------------------------------------------------------
     Sternheimer eq. solver... with lite-solver                          
     --------------------------------------------------------------------------------------------
     in progress... |####                | 020% :               29.6s (E)           02m-28.0s (X)
     in progress... |########            | 040% :               58.7s (E)           02m-26.9s (X)
     in progress... |############        | 060% :           01m-27.9s (E)           02m-26.5s (X)
     in progress... |################    | 080% :           01m-57.1s (E)           02m-26.4s (X)
     in progress... |####################| 100% :           02m-26.3s (E)           02m-26.3s (X)
     --------------------------------------------------------------------------------------------

     [I/O] -------------------------------------------------------
     [I/O] RESTART written in < 00.1s             
     [I/O] In location   : ./si_kin_100_400.wstat.restart
     [I/O] -------------------------------------------------------

                       *----------*              *----------*               *----------*
     #     Iteration = | starting |   DFPT_dim = |      100 |   Diago_dim = |      100 |  x 2/2
                       *----------*              *----------*               *----------*
     per-process dynamical memory   999.0 Mb
  
       
     --------------------------------------------------------------------------------------------
     Sternheimer eq. solver... with threshold =   1.000000E-06           
     --------------------------------------------------------------------------------------------
     in progress... |####                | 020% :           13m-57.9s (E)       01h-09m-49.6s (X)
     in progress... |########            | 040% :           27m-37.3s (E)       01h-09m-03.4s (X)
     in progress... |############        | 060% :           41m-13.4s (E)       01h-08m-42.4s (X)
     in progress... |################    | 080% :           55m-00.5s (E)       01h-08m-45.7s (X)
     in progress... |####################| 100% :       01h-08m-35.9s (E)       01h-08m-35.9s (X)
     --------------------------------------------------------------------------------------------
     p-DIAGOX done in 00.1s with a SCALAPACK grid (3x3)
     --------------------------------------------------------------------------------------------
        
      -10.27571  -8.88466  -7.55569  -6.25910  -5.55667  -5.45221  -5.36151  -5.23485  -5.07411
       -4.88086  -4.78713  -4.74411  -4.34079  -4.28466  -4.08748  -3.89536  -3.76121  -3.74100
       -3.67566  -3.62726  -3.59400  -3.46638  -3.45594  -3.41823  -3.34803  -3.29160  -3.19849
       -3.14567  -3.12524  -3.08158  -3.04213  -3.02825  -3.00120  -2.94157  -2.90575  -2.86537
       -2.83954  -2.79833  -2.76582  -2.73469  -2.70789  -2.63733  -2.62757  -2.59627  -2.57764
       -2.54122  -2.45004  -2.42739  -2.37526  -2.35439  -2.34669  -2.30235  -2.28067  -2.24466
       -2.23590  -2.20428  -2.19380  -2.15377  -2.12027  -2.10188  -2.08081  -2.07844  -2.02029
       -1.99842  -1.98828  -1.96414  -1.95999  -1.94236  -1.91879  -1.89640  -1.87317  -1.85300
       -1.84431  -1.82206  -1.82004  -1.79960  -1.79141  -1.76538  -1.72653  -1.71833  -1.69744
       -1.68736  -1.67699  -1.66311  -1.64459  -1.63778  -1.60817  -1.59621  -1.57935  -1.55957
       -1.53710  -1.51621  -1.51291  -1.49141  -1.47283  -1.46248  -1.45107  -1.43230  -1.38969
       -1.34246
        
     --------------------------------------------------------------------------------------------
     Tot. elapsed time 01h-13m-22.6s,  time spent in last iteration 01h-13m-22.6s
     --------------------------------------------------------------------------------------------

     [I/O] -------------------------------------------------------
     [I/O] RESTART written in < 00.1s             
     [I/O] In location   : ./si_kin_100_400.wstat.restart
     [I/O] -------------------------------------------------------

                       *----------*              *----------*               *----------*
     #     Iteration = |        1 |   DFPT_dim = |      100 |   Diago_dim = |      200 |
                       *----------*              *----------*               *----------*
     per-process dynamical memory   999.3 Mb
  
       
     --------------------------------------------------------------------------------------------
     Sternheimer eq. solver... with threshold =   1.000000E-12           
     --------------------------------------------------------------------------------------------
     in progress... |####                | 020% :           25m-48.1s (E)       02h-09m-00.8s (X)
     in progress... |########            | 040% :           51m-28.6s (E)       02h-08m-41.6s (X)
     in progress... |############        | 060% :       01h-17m-18.9s (E)       02h-08m-51.5s (X)
     in progress... |################    | 080% :       01h-42m-25.4s (E)       02h-08m-01.7s (X)
     in progress... |####################| 100% :       02h-08m-07.7s (E)       02h-08m-07.7s (X)
     --------------------------------------------------------------------------------------------
     p-DIAGOX done in 00.1s with a SCALAPACK grid (6x6)
     --------------------------------------------------------------------------------------------
        
      -10.59545  -9.31981  -9.03779  -6.60307  -5.87280  -5.79581  -5.70302  -5.59141  -5.44482
       -5.32826  -5.21980  -5.17586  -4.94141  -4.66652  -4.56876  -4.49105  -4.18200  -4.13641
       -4.07657  -4.01111  -4.00220  -3.99635  -3.93084  -3.90967  -3.89242  -3.83960  -3.77477
       -3.74086  -3.63845  -3.59814  -3.55480  -3.54484  -3.53207  -3.50802  -3.44617  -3.43691
       -3.40342  -3.37778  -3.35224  -3.32258  -3.29430  -3.27236  -3.20988  -3.20187  -3.17255
       -3.14487  -3.14064  -3.09608  -3.05404  -3.03046  -3.00199  -2.97873  -2.89445  -2.88759
       -2.87711  -2.85170  -2.80790  -2.79309  -2.78224  -2.77015  -2.71743  -2.70958  -2.67790
       -2.63984  -2.62007  -2.58954  -2.56579  -2.54347  -2.52264  -2.50214  -2.49981  -2.47748
       -2.45791  -2.44891  -2.40257  -2.39632  -2.37439  -2.36508  -2.34381  -2.33813  -2.31332
       -2.29947  -2.27627  -2.26010  -2.24919  -2.23455  -2.21110  -2.19642  -2.18253  -2.16455
       -2.14209  -2.13083  -2.12701  -2.11760  -2.08771  -2.06445  -2.04810  -2.02631  -1.99868
       -1.96314
        
     --------------------------------------------------------------------------------------------
     Tot. elapsed time 03h-23m-58.9s,  time spent in last iteration 02h-10m-27.0s
     --------------------------------------------------------------------------------------------

     [I/O] -------------------------------------------------------
     [I/O] RESTART written in < 00.1s             
     [I/O] In location   : ./si_kin_100_400.wstat.restart
     [I/O] -------------------------------------------------------

                       *----------*              *----------*               *----------*
     #     Iteration = |        2 |   DFPT_dim = |      100 |   Diago_dim = |      300 |
                       *----------*              *----------*               *----------*
     per-process dynamical memory   999.3 Mb
  
       
     --------------------------------------------------------------------------------------------
     Sternheimer eq. solver... with threshold =   1.000000E-12           
     --------------------------------------------------------------------------------------------
     in progress... |####                | 020% :           25m-30.7s (E)       02h-07m-33.6s (X)
     in progress... |########            | 040% :           50m-48.3s (E)       02h-07m-00.8s (X)
     in progress... |############        | 060% :       01h-16m-19.5s (E)       02h-07m-12.5s (X)
     in progress... |################    | 080% :       01h-41m-39.4s (E)       02h-07m-04.2s (X)
     in progress... |####################| 100% :       02h-07m-08.8s (E)       02h-07m-08.8s (X)
     --------------------------------------------------------------------------------------------
     p-DIAGOX done in 00.3s with a SCALAPACK grid (9x9)
     --------------------------------------------------------------------------------------------
        
      -10.59830  -9.34188  -9.04117  -6.61361  -5.88210  -5.80727  -5.71650  -5.60633  -5.46023
       -5.35524  -5.23995  -5.18922  -4.97820  -4.69869  -4.60556  -4.53964  -4.24447  -4.17202
       -4.14620  -4.08470  -4.05840  -4.04225  -3.99151  -3.97318  -3.95736  -3.89599  -3.86868
       -3.81841  -3.72661  -3.68302  -3.63245  -3.61599  -3.61041  -3.58738  -3.55219  -3.52895
       -3.50358  -3.48811  -3.46894  -3.45825  -3.42033  -3.40617  -3.38807  -3.34633  -3.34270
       -3.32135  -3.29137  -3.26722  -3.24410  -3.21611  -3.19418  -3.18159  -3.14347  -3.11351
       -3.10137  -3.08510  -3.07091  -3.05771  -3.05062  -3.03142  -3.00386  -2.97239  -2.96710
       -2.94761  -2.92648  -2.92042  -2.90894  -2.87430  -2.85508  -2.84934  -2.84529  -2.82848
       -2.80540  -2.80059  -2.78728  -2.76317  -2.76113  -2.74285  -2.73021  -2.71439  -2.69180
       -2.68497  -2.65676  -2.64555  -2.63073  -2.60406  -2.59848  -2.58568  -2.57792  -2.55060
       -2.52683  -2.50514  -2.48356  -2.47354  -2.45465  -2.45115  -2.43476  -2.42155  -2.38996
       -2.37596
        
     --------------------------------------------------------------------------------------------
     Tot. elapsed time 05h-34m-12.1s,  time spent in last iteration 02h-09m-55.7s
     --------------------------------------------------------------------------------------------

     [I/O] -------------------------------------------------------
     [I/O] RESTART written in < 00.1s             
     [I/O] In location   : ./si_kin_100_400.wstat.restart
     [I/O] -------------------------------------------------------

                       *----------*              *----------*               *----------*
     #     Iteration = |        3 |   DFPT_dim = |      100 |   Diago_dim = |      400 |
                       *----------*              *----------*               *----------*
     per-process dynamical memory  1008.2 Mb
  
       
     --------------------------------------------------------------------------------------------
     Sternheimer eq. solver... with threshold =   1.000000E-12           
     --------------------------------------------------------------------------------------------
     in progress... |####                | 020% :           25m-35.4s (E)       02h-07m-57.2s (X)
     in progress... |########            | 040% :           51m-04.2s (E)       02h-07m-40.6s (X)
     in progress... |############        | 060% :       01h-16m-27.9s (E)       02h-07m-26.5s (X)
     in progress... |################    | 080% :       01h-41m-47.4s (E)       02h-07m-14.3s (X)
     in progress... |####################| 100% :       02h-07m-05.6s (E)       02h-07m-05.6s (X)
     --------------------------------------------------------------------------------------------
     p-DIAGOX done in 00.7s with a SCALAPACK grid (12x12)
     --------------------------------------------------------------------------------------------
        
      -10.59832  -9.34209  -9.04120  -6.61385  -5.88239  -5.80761  -5.71691  -5.60686  -5.46087
       -5.35656  -5.24088  -5.18979  -4.98007  -4.70074  -4.60839  -4.54316  -4.25134  -4.17493
       -4.15462  -4.09311  -4.06342  -4.04690  -3.99988  -3.97816  -3.96080  -3.90245  -3.88075
       -3.82613  -3.73932  -3.69284  -3.64709  -3.63285  -3.61960  -3.59643  -3.57167  -3.54640
       -3.52933  -3.50316  -3.48795  -3.48088  -3.44977  -3.42996  -3.41618  -3.37622  -3.36419
       -3.34732  -3.32399  -3.30016  -3.28574  -3.25899  -3.24139  -3.23333  -3.20948  -3.18768
       -3.16985  -3.15211  -3.14706  -3.12066  -3.10953  -3.10139  -3.07065  -3.05619  -3.04826
       -3.04324  -3.01842  -3.00443  -2.98976  -2.98267  -2.96761  -2.95404  -2.95263  -2.93464
       -2.93122  -2.92110  -2.90770  -2.90520  -2.89380  -2.88198  -2.86407  -2.85534  -2.85236
       -2.84437  -2.82713  -2.82077  -2.81021  -2.79918  -2.78995  -2.78566  -2.77521  -2.75916
       -2.74242  -2.74176  -2.73124  -2.71641  -2.70138  -2.68002  -2.67852  -2.65994  -2.65295
       -2.64072
        
     --------------------------------------------------------------------------------------------
     Tot. elapsed time 07h-44m-14.2s,  time spent in last iteration 02h-09m-35.1s
     --------------------------------------------------------------------------------------------

       Refresh the basis set

     [I/O] -------------------------------------------------------
     [I/O] RESTART written in < 00.1s             
     [I/O] In location   : ./si_kin_100_400.wstat.restart
     [I/O] -------------------------------------------------------

                       *----------*              *----------*               *----------*
     #     Iteration = |        4 |   DFPT_dim = |       89 |   Diago_dim = |      189 |
                       *----------*              *----------*               *----------*
     per-process dynamical memory  1008.2 Mb
  
       
     --------------------------------------------------------------------------------------------
     Sternheimer eq. solver... with threshold =   1.000000E-12           
     --------------------------------------------------------------------------------------------
     in progress... |####                | 020% :           25m-33.5s (E)       02h-07m-47.8s (X)
     in progress... |########            | 040% :           51m-00.6s (E)       02h-07m-31.7s (X)
     in progress... |############        | 060% :       01h-16m-22.8s (E)       02h-07m-18.0s (X)
     in progress... |################    | 080% :       01h-41m-32.5s (E)       02h-06m-55.6s (X)
     in progress... |####################| 100% :       02h-06m-50.1s (E)       02h-06m-50.1s (X)
     --------------------------------------------------------------------------------------------
     p-DIAGOX done in < 00.1s with a SCALAPACK grid (5x5)
     --------------------------------------------------------------------------------------------
        
      -10.59832  -9.34209  -9.04120  -6.61385  -5.88240  -5.80762  -5.71692  -5.60688  -5.46089
       -5.35660  -5.24091  -5.18981  -4.98015  -4.70083  -4.60853  -4.54335  -4.25173  -4.17513
       -4.15513  -4.09373  -4.06386  -4.04730  -4.00059  -3.97857  -3.96103  -3.90299  -3.88190
       -3.82679  -3.74042  -3.69394  -3.64920  -3.63522  -3.62089  -3.59768  -3.57457  -3.54954
       -3.53240  -3.50505  -3.49112  -3.48414  -3.45376  -3.43375  -3.41999  -3.38107  -3.36846
       -3.35249  -3.33255  -3.30579  -3.29377  -3.27176  -3.25946  -3.24550  -3.22148  -3.19734
       -3.18832  -3.16756  -3.16148  -3.13484  -3.12222  -3.11342  -3.09140  -3.07329  -3.06912
       -3.05891  -3.03634  -3.02854  -3.01453  -3.00655  -3.00409  -2.98246  -2.97608  -2.96184
       -2.95505  -2.94363  -2.94053  -2.93347  -2.92343  -2.91981  -2.90413  -2.89123  -2.88622
       -2.87160  -2.86798  -2.86348  -2.85240  -2.83730  -2.83528  -2.82493  -2.82272  -2.81677
       -2.80030  -2.78651  -2.77957  -2.77702  -2.76066  -2.74673  -2.74092  -2.73019  -2.70522
       -2.69711
        
     --------------------------------------------------------------------------------------------
     Tot. elapsed time 09h-51m-47.7s,  time spent in last iteration 02h-07m-24.4s
     --------------------------------------------------------------------------------------------

     [I/O] -------------------------------------------------------
     [I/O] RESTART written in < 00.1s             
     [I/O] In location   : ./si_kin_100_400.wstat.restart
     [I/O] -------------------------------------------------------

                       *----------*              *----------*               *----------*
     #     Iteration = |        5 |   DFPT_dim = |       73 |   Diago_dim = |      262 |
                       *----------*              *----------*               *----------*
     per-process dynamical memory  1008.2 Mb
  
       
     --------------------------------------------------------------------------------------------
     Sternheimer eq. solver... with threshold =   1.000000E-12           
     --------------------------------------------------------------------------------------------
srun: Job step aborted: Waiting up to 32 seconds for job step to finish.
slurmstepd-midway681: error: *** STEP 35764833.0 ON midway681 CANCELLED AT 2017-09-11T03:53:46 DUE TO TIME LIMIT ***
