
     Program WSTAT v. 2.0.0 starts on  5Dec2017 at 16: 6:54 

     This program is part of the open-source West suite
     for massively parallel calculations of excited states in materials; please cite
         "M. Govoni et al., J. Chem. Theory Comput. 11, 2680 (2015);
          URL http://www.west-code.org", 
     in publications or presentations arising from this work.

     Based on the Quantum ESPRESSO v. 6.1 svn rev. 13369
       
     --------------------------------------------------------------------------------------------
     **MPI** Parallelization Status                                      
     --------------------------------------------------------------------------------------------
                   160                  16             1             1            10
     --------------------------------------------------------------------------------------------
                     N         =         I      X      P      X      B      X      Z
                     ^                   ^             ^             ^             ^
                     |                   |             |             |             |
                   #rnk                  |             |             |             |
                                      #image           |             |             |
                                                     #pool           |             |
                                                                   #bgrp           |
                                                                                 #R&G
     --------------------------------------------------------------------------------------------
     **OPENMP** Parallelization Status
     #thr/rnk               =            1
     --------------------------------------------------------------------------------------------
     #prc = (rnk) * (thr) =          160
     --------------------------------------------------------------------------------------------
       
     --------------------------------------------------------------------------------------------
     I/O Summary : input_west                                            
     --------------------------------------------------------------------------------------------
     qe_prefix      = si-1000
     west_prefix    = si-1000
     outdir         = ./
     --------------------------------------------------------------------------------------------
       
     --------------------------------------------------------------------------------------------
     I/O Summary : wstat_control                                         
     --------------------------------------------------------------------------------------------
     wstat_calculation              =              S
     n_pdep_eigen                   =           1000
     n_pdep_times                   =              4
     n_pdep_maxiter                 =            100
     n_dfpt_maxiter                 =            250
     n_pdep_read_from_file          =              0
     trev_pdep                      =   1.000000E-03
     trev_pdep_rel                  =   1.000000E-01
     tr2_dfpt                       =   1.000000E-12
     l_kinetic_only                 =              F
     l_minimize_exx_if_active       =              F
     l_use_ecutrho                  =              F
     --------------------------------------------------------------------------------------------

     Reading data from directory:
     ./si-1000.save

   Info: using nr1, nr2, nr3 values from input

   Info: using nr1, nr2, nr3 values from input

     IMPORTANT: XC functional enforced from input :
     Exchange-correlation      = PBE ( 1  4  3  4 0 0)
     Any further DFT definition will be discarded
     Please, verify this is what you really want

 
     Parallelization info
     --------------------
     sticks:   dense  smooth     PW     G-vecs:    dense   smooth      PW
     Min         472     472    119                24620    24620    3100
     Max         476     476    122                24626    24626    3106
     Sum        4741    4741   1201               246225   246225   31031
 
       
     --------------------------------------------------------------------------------------------
     System Overview                                                     
     --------------------------------------------------------------------------------------------
     gamma_only           =              T
     ecutwfc [Ry]         =      60.000000
     omega [au^3]         =   3.929499E+03
     glob. #G             =          15516
     nbnd                 =            250
     nkstot               =              1
     nspin                =              1
     nelec                =     256.000000
     npol                 =              1
     lsda                 =              F
     noncolin             =              F
     lspinorb             =              F
     domag                =              F
     --------------------------------------------------------------------------------------------

     sFFT G-space:   123113 G-vectors     R-space: (  80,  80,  80)
     dFFT G-space:   123113 G-vectors     R-space: (  80,  80,  80)

     Cell [a.u.]          =      15.780196      0.000000      0.000000
                          =       0.000000     15.780196      0.000000
                          =       0.000000      0.000000     15.780196
      
     number of ks points=     1
                       cart. coord. in units 2pi/alat
        k(    1) = (   0.0000000   0.0000000   0.0000000), wk =   2.0000000

                       cryst. coord.
        k(    1) = (   0.0000000   0.0000000   0.0000000), wk =   2.0000000
 
     Spherical div        =   3.144957E-01
     Orthorombic div      =   3.095974E-01
       
     --------------------------------------------------------------------------------------------
     Parallelization for nvecx                                           
     --------------------------------------------------------------------------------------------
     nglob                =           4000
     nlevel               =             16
     Min nglob/nlevel     =            250
     Max nglob/nlevel     =            250
     --------------------------------------------------------------------------------------------

     [MEM] ----------------------------------------------------------
     [MEM] **Memory** analysis: QE
     [MEM] ----------------------------------------------------------
     [MEM] Allocated arrays           est. size (Mb)     dimensions
     [MEM] ----------------------------------------------------------
     [MEM] Kohn-Sham Wavefunctions       5.92 Mb     (   1552,  250)
     [MEM] NL pseudopotentials          10.61 Mb     (   1552,  448)
     [MEM] Each V/rho on FFT grid        0.78 Mb     (  51200)
     [MEM] Each G-vector array           0.09 Mb     (  12313)
     [MEM] G-vector shells               0.01 Mb     (   1167)
     [MEM] ----------------------------------------------------------
     [MEM] TOT                          17.41 Mb
     [MEM] ----------------------------------------------------------
     [MEM] 
     [MEM] ----------------------------------------------------------
     [MEM] **Memory** analysis: WSTAT global
     [MEM] ----------------------------------------------------------
     [MEM] Allocated arrays           est. size (Mb)     dimensions
     [MEM] ----------------------------------------------------------
     [MEM] dvg                           5.92 Mb     (   1552,  250)
     [MEM] dng                           5.92 Mb     (   1552,  250)
     [MEM] hr_distr                      7.63 Mb     (   4000,  250)
     [MEM] vr_distr                      7.63 Mb     (   4000,  250)
     [MEM] ----------------------------------------------------------
     [MEM] TOT                          27.10 Mb
     [MEM] ----------------------------------------------------------
     [MEM] 
     [MEM] ----------------------------------------------------------
     [MEM] **Memory** analysis: WSTAT temporary
     [MEM] ----------------------------------------------------------
     [MEM] Allocated arrays           est. size (Mb)     dimensions
     [MEM] ----------------------------------------------------------
     [MEM] dvpsi                         3.03 Mb     (   1552,  128)
     [MEM] dpsi                          3.03 Mb     (   1552,  128)
     [MEM] ----------------------------------------------------------
     [MEM] Total estimate                6.06 Mb
     [MEM] ----------------------------------------------------------

                       *----------*              *----------*               *----------*
     #     Iteration = | starting |   DFPT_dim = |     1000 |   Diago_dim = |     1000 |  x 1/2
                       *----------*              *----------*               *----------*
     per-process dynamical memory    74.1 Mb
  
       
     --------------------------------------------------------------------------------------------
     Sternheimer eq. solver... with lite-solver                          
     --------------------------------------------------------------------------------------------
     in progress... |#                   | 005% :               01.5s (E)               31.0s (X)
     in progress... |##                  | 010% :               02.6s (E)               26.8s (X)
     in progress... |###                 | 015% :               03.8s (E)               25.4s (X)
     in progress... |####                | 020% :               04.9s (E)               24.7s (X)
     in progress... |#####               | 025% :               06.0s (E)               24.3s (X)
     in progress... |######              | 030% :               07.2s (E)               24.0s (X)
     in progress... |#######             | 035% :               08.7s (E)               24.9s (X)
     in progress... |########            | 040% :               09.8s (E)               24.6s (X)
     in progress... |#########           | 045% :               11.0s (E)               24.4s (X)
     in progress... |##########          | 050% :               12.1s (E)               24.2s (X)
     in progress... |###########         | 055% :               13.2s (E)               24.1s (X)
     in progress... |############        | 060% :               14.4s (E)               24.0s (X)
     in progress... |#############       | 065% :               15.5s (E)               23.9s (X)
     in progress... |##############      | 070% :               17.0s (E)               24.3s (X)
     in progress... |###############     | 075% :               18.2s (E)               24.2s (X)
     in progress... |################    | 080% :               19.3s (E)               24.1s (X)
     in progress... |#################   | 085% :               20.4s (E)               24.0s (X)
     in progress... |##################  | 090% :               21.6s (E)               24.0s (X)
     in progress... |################### | 095% :               22.7s (E)               23.9s (X)
     in progress... |####################| 100% :               23.8s (E)               23.8s (X)
     --------------------------------------------------------------------------------------------

     [I/O] -------------------------------------------------------
     [I/O] RESTART written in < 00.1s             
     [I/O] In location   : ./si_1000.wstat.restart
     [I/O] -------------------------------------------------------

                       *----------*              *----------*               *----------*
     #     Iteration = | starting |   DFPT_dim = |     1000 |   Diago_dim = |     1000 |  x 2/2
                       *----------*              *----------*               *----------*
     per-process dynamical memory    80.0 Mb
  
       
     --------------------------------------------------------------------------------------------
     Sternheimer eq. solver... with threshold =   1.000000E-06           
     --------------------------------------------------------------------------------------------
     in progress... |#                   | 005% :               37.4s (E)           12m-28.8s (X)
     in progress... |##                  | 010% :           01m-05.3s (E)           10m-53.3s (X)
     in progress... |###                 | 015% :           01m-33.0s (E)           10m-20.6s (X)
     in progress... |####                | 020% :           02m-00.6s (E)           10m-03.3s (X)
     in progress... |#####               | 025% :           02m-28.0s (E)           09m-52.1s (X)
     in progress... |######              | 030% :           02m-55.1s (E)           09m-43.8s (X)
     in progress... |#######             | 035% :           03m-31.1s (E)           10m-03.3s (X)
     in progress... |########            | 040% :           03m-58.0s (E)           09m-55.0s (X)
     in progress... |#########           | 045% :           04m-24.7s (E)           09m-48.4s (X)
     in progress... |##########          | 050% :           04m-51.4s (E)           09m-42.8s (X)
     in progress... |###########         | 055% :           05m-17.9s (E)           09m-38.1s (X)
     in progress... |############        | 060% :           05m-44.4s (E)           09m-34.1s (X)
     in progress... |#############       | 065% :           06m-10.9s (E)           09m-30.6s (X)
     in progress... |##############      | 070% :           06m-46.0s (E)           09m-40.0s (X)
     in progress... |###############     | 075% :           07m-12.2s (E)           09m-36.3s (X)
     in progress... |################    | 080% :           07m-38.4s (E)           09m-33.0s (X)
     in progress... |#################   | 085% :           08m-04.4s (E)           09m-29.9s (X)
     in progress... |##################  | 090% :           08m-30.4s (E)           09m-27.1s (X)
     in progress... |################### | 095% :           08m-56.3s (E)           09m-24.6s (X)
     in progress... |####################| 100% :           09m-22.2s (E)           09m-22.2s (X)
     --------------------------------------------------------------------------------------------
     p-DIAGOX done in 02.6s with a SCALAPACK grid (12x12)
     --------------------------------------------------------------------------------------------
        
       -3.28225  -3.23600  -3.18132  -3.14426  -3.09830  -3.01617  -2.94852  -2.90727  -2.86927
       -2.86014  -2.83915  -2.82180  -2.80169  -2.79163  -2.76777  -2.75232  -2.73599  -2.72072
       -2.70338  -2.69034  -2.67701  -2.65182  -2.64081  -2.62227  -2.59660  -2.58529  -2.56775
       -2.54435  -2.51876  -2.50851  -2.40755  -2.03399  -1.99837  -1.99111  -1.98756  -1.95070
       -1.94011  -1.92709  -1.91292  -1.88683  -1.88031  -1.85646  -1.83873  -1.83370  -1.82214
       -1.80840  -1.78668  -1.76302  -1.74337  -1.71770  -1.68807  -1.64650  -1.62771  -1.58383
       -1.55089  -1.46234  -1.43196  -1.37325  -1.33462  -1.32279  -1.27039  -1.22795  -1.20490
       -1.19684  -1.14483  -1.14162  -1.13662  -1.10520  -1.09301  -1.06824  -1.05257  -1.04366
       -1.02865  -1.02276  -1.01097  -1.00738  -0.99843  -0.98264  -0.98047  -0.97581  -0.94229
       -0.93821  -0.92827  -0.91873  -0.90738  -0.89794  -0.88564  -0.88058  -0.87564  -0.87358
       -0.86701  -0.85038  -0.84402  -0.84227  -0.83381  -0.83041  -0.82990  -0.82599  -0.82440
       -0.81800  -0.81606  -0.81209  -0.81013  -0.80762  -0.80247  -0.79858  -0.79704  -0.79350
       -0.79179  -0.79037  -0.78796  -0.78374  -0.78315  -0.77948  -0.77785  -0.77556  -0.77404
       -0.77260  -0.77162  -0.76701  -0.76483  -0.75745  -0.75615  -0.75382  -0.74356  -0.73993
       -0.73633  -0.73419  -0.71970  -0.70860  -0.70280  -0.70243  -0.70001  -0.69506  -0.68782
       -0.68272  -0.68182  -0.67720  -0.66896  -0.66701  -0.65867  -0.65629  -0.65444  -0.65237
       -0.65079  -0.64840  -0.64485  -0.64120  -0.63931  -0.63651  -0.63630  -0.62842  -0.62541
       -0.62438  -0.61990  -0.61575  -0.61050  -0.60951  -0.60677  -0.60581  -0.60068  -0.59970
       -0.59745  -0.59528  -0.59428  -0.58864  -0.58713  -0.58441  -0.58391  -0.58019  -0.57822
       -0.57634  -0.57552  -0.57241  -0.56867  -0.56682  -0.56558  -0.56311  -0.56141  -0.56013
       -0.55832  -0.55571  -0.55269  -0.55158  -0.54874  -0.54752  -0.54461  -0.54139  -0.53900
       -0.53673  -0.53616  -0.53537  -0.53265  -0.53143  -0.52872  -0.52680  -0.52499  -0.52272
       -0.52170  -0.52023  -0.51769  -0.51370  -0.51247  -0.51157  -0.50889  -0.50784  -0.50594
       -0.50373  -0.50214  -0.49786  -0.49455  -0.49172  -0.49150  -0.48907  -0.48512  -0.48380
       -0.48304  -0.48043  -0.47626  -0.47515  -0.47234  -0.47108  -0.46928  -0.46740  -0.45689
       -0.45025  -0.44526  -0.44270  -0.43745  -0.43396  -0.43302  -0.43146  -0.42804  -0.42638
       -0.42343  -0.42148  -0.41964  -0.41862  -0.41619  -0.41387  -0.41157  -0.41067  -0.40957
       -0.40674  -0.40595  -0.40499  -0.40126  -0.39931  -0.39741  -0.39635  -0.39396  -0.39326
       -0.39206  -0.39087  -0.39004  -0.38771  -0.38565  -0.38499  -0.38289  -0.38181  -0.38024
       -0.37927  -0.37754  -0.37705  -0.37398  -0.37357  -0.37170  -0.37042  -0.37026  -0.36995
       -0.36747  -0.36657  -0.36535  -0.36474  -0.36146  -0.36090  -0.35988  -0.35926  -0.35894
       -0.35744  -0.35617  -0.35507  -0.35392  -0.35350  -0.35215  -0.35076  -0.35045  -0.34956
       -0.34932  -0.34828  -0.34726  -0.34611  -0.34503  -0.34440  -0.34151  -0.34129  -0.34102
       -0.34043  -0.33924  -0.33880  -0.33755  -0.33633  -0.33616  -0.33534  -0.33443  -0.33424
       -0.33336  -0.33285  -0.33111  -0.33019  -0.33014  -0.32967  -0.32942  -0.32837  -0.32773
       -0.32592  -0.32500  -0.32390  -0.32282  -0.32200  -0.32173  -0.32069  -0.32025  -0.32016
       -0.31922  -0.31883  -0.31741  -0.31719  -0.31636  -0.31604  -0.31543  -0.31521  -0.31442
       -0.31339  -0.31261  -0.31215  -0.31128  -0.31089  -0.31046  -0.31014  -0.30987  -0.30923
       -0.30835  -0.30714  -0.30646  -0.30593  -0.30585  -0.30547  -0.30534  -0.30471  -0.30356
       -0.30309  -0.30271  -0.30262  -0.30199  -0.30156  -0.30091  -0.29999  -0.29947  -0.29918
       -0.29908  -0.29825  -0.29799  -0.29706  -0.29680  -0.29622  -0.29559  -0.29498  -0.29421
       -0.29398  -0.29369  -0.29341  -0.29322  -0.29240  -0.29180  -0.29137  -0.29027  -0.29007
       -0.28980  -0.28955  -0.28886  -0.28857  -0.28850  -0.28787  -0.28655  -0.28629  -0.28580
       -0.28539  -0.28481  -0.28456  -0.28411  -0.28347  -0.28306  -0.28281  -0.28228  -0.28207
       -0.28158  -0.28071  -0.28059  -0.28017  -0.27987  -0.27916  -0.27898  -0.27864  -0.27772
       -0.27755  -0.27714  -0.27665  -0.27562  -0.27526  -0.27493  -0.27456  -0.27449  -0.27344
       -0.27293  -0.27280  -0.27240  -0.27179  -0.27151  -0.27129  -0.27073  -0.26998  -0.26967
       -0.26940  -0.26911  -0.26829  -0.26782  -0.26742  -0.26659  -0.26623  -0.26576  -0.26557
       -0.26465  -0.26421  -0.26398  -0.26362  -0.26256  -0.26226  -0.26213  -0.26129  -0.26100
       -0.26092  -0.26041  -0.25966  -0.25957  -0.25933  -0.25853  -0.25764  -0.25725  -0.25659
       -0.25639  -0.25610  -0.25555  -0.25514  -0.25496  -0.25411  -0.25337  -0.25300  -0.25242
       -0.25232  -0.25174  -0.25115  -0.25068  -0.24989  -0.24918  -0.24889  -0.24805  -0.24794
       -0.24723  -0.24694  -0.24655  -0.24616  -0.24526  -0.24486  -0.24411  -0.24395  -0.24315
       -0.24250  -0.24231  -0.24193  -0.24100  -0.24032  -0.24001  -0.23997  -0.23914  -0.23866
       -0.23855  -0.23785  -0.23752  -0.23686  -0.23637  -0.23597  -0.23553  -0.23462  -0.23427
       -0.23365  -0.23294  -0.23245  -0.23218  -0.23136  -0.23105  -0.23054  -0.23021  -0.22981
       -0.22863  -0.22841  -0.22776  -0.22773  -0.22694  -0.22676  -0.22608  -0.22545  -0.22466
       -0.22451  -0.22331  -0.22280  -0.22243  -0.22206  -0.22166  -0.22104  -0.22039  -0.22016
       -0.21943  -0.21901  -0.21824  -0.21809  -0.21754  -0.21713  -0.21647  -0.21607  -0.21572
       -0.21525  -0.21504  -0.21460  -0.21384  -0.21353  -0.21336  -0.21258  -0.21182  -0.21159
       -0.21140  -0.21091  -0.21043  -0.21006  -0.20968  -0.20914  -0.20825  -0.20784  -0.20779
       -0.20706  -0.20663  -0.20636  -0.20581  -0.20515  -0.20499  -0.20488  -0.20414  -0.20366
       -0.20297  -0.20281  -0.20218  -0.20193  -0.20158  -0.20121  -0.20039  -0.19956  -0.19929
       -0.19904  -0.19883  -0.19808  -0.19758  -0.19732  -0.19654  -0.19642  -0.19557  -0.19487
       -0.19434  -0.19423  -0.19351  -0.19321  -0.19298  -0.19289  -0.19224  -0.19167  -0.19152
       -0.19098  -0.19048  -0.19017  -0.18975  -0.18954  -0.18898  -0.18857  -0.18820  -0.18794
       -0.18760  -0.18700  -0.18623  -0.18553  -0.18517  -0.18505  -0.18393  -0.18384  -0.18345
       -0.18273  -0.18259  -0.18161  -0.18136  -0.18121  -0.18069  -0.18051  -0.18022  -0.17880
       -0.17877  -0.17873  -0.17802  -0.17776  -0.17748  -0.17669  -0.17638  -0.17629  -0.17558
       -0.17521  -0.17515  -0.17392  -0.17363  -0.17316  -0.17296  -0.17224  -0.17205  -0.17175
       -0.17120  -0.17085  -0.17031  -0.16959  -0.16925  -0.16915  -0.16825  -0.16803  -0.16795
       -0.16703  -0.16654  -0.16636  -0.16566  -0.16539  -0.16445  -0.16419  -0.16362  -0.16332
       -0.16303  -0.16238  -0.16184  -0.16146  -0.16090  -0.16040  -0.15972  -0.15961  -0.15910
       -0.15847  -0.15804  -0.15763  -0.15729  -0.15681  -0.15641  -0.15624  -0.15540  -0.15475
       -0.15442  -0.15432  -0.15328  -0.15294  -0.15259  -0.15203  -0.15179  -0.15104  -0.15010
       -0.14981  -0.14916  -0.14874  -0.14835  -0.14801  -0.14782  -0.14673  -0.14648  -0.14619
       -0.14559  -0.14536  -0.14457  -0.14434  -0.14416  -0.14376  -0.14319  -0.14311  -0.14213
       -0.14170  -0.14149  -0.14119  -0.14038  -0.13988  -0.13939  -0.13928  -0.13840  -0.13817
       -0.13737  -0.13664  -0.13652  -0.13594  -0.13576  -0.13540  -0.13457  -0.13415  -0.13385
       -0.13313  -0.13292  -0.13242  -0.13204  -0.13161  -0.13128  -0.13053  -0.13018  -0.12992
       -0.12929  -0.12888  -0.12852  -0.12816  -0.12760  -0.12715  -0.12664  -0.12653  -0.12600
       -0.12537  -0.12460  -0.12449  -0.12401  -0.12352  -0.12309  -0.12278  -0.12262  -0.12233
       -0.12174  -0.12134  -0.12103  -0.12076  -0.12035  -0.12024  -0.11986  -0.11945  -0.11871
       -0.11829  -0.11775  -0.11719  -0.11683  -0.11662  -0.11623  -0.11545  -0.11522  -0.11479
       -0.11435  -0.11420  -0.11363  -0.11334  -0.11307  -0.11267  -0.11264  -0.11217  -0.11172
       -0.11153  -0.11140  -0.11118  -0.11050  -0.11003  -0.10966  -0.10924  -0.10908  -0.10845
       -0.10802  -0.10776  -0.10742  -0.10696  -0.10655  -0.10649  -0.10625  -0.10605  -0.10566
       -0.10494  -0.10478  -0.10458  -0.10443  -0.10417  -0.10334  -0.10316  -0.10281  -0.10271
       -0.10265  -0.10243  -0.10203  -0.10139  -0.10106  -0.10092  -0.10075  -0.10031  -0.10021
       -0.09975  -0.09926  -0.09900  -0.09874  -0.09863  -0.09835  -0.09813  -0.09768  -0.09750
       -0.09708  -0.09689  -0.09629  -0.09601  -0.09570  -0.09567  -0.09544  -0.09508  -0.09486
       -0.09432  -0.09394  -0.09362  -0.09352  -0.09316  -0.09297  -0.09261  -0.09233  -0.09208
       -0.09184  -0.09159  -0.09133  -0.09094  -0.09073  -0.09034  -0.09012  -0.09003  -0.08938
       -0.08931  -0.08919  -0.08881  -0.08835  -0.08796  -0.08789  -0.08736  -0.08721  -0.08708
       -0.08700  -0.08667  -0.08634  -0.08623  -0.08596  -0.08564  -0.08545  -0.08525  -0.08513
       -0.08464  -0.08416  -0.08405  -0.08397  -0.08357  -0.08343  -0.08312  -0.08272  -0.08269
       -0.08243  -0.08214  -0.08186  -0.08171  -0.08156  -0.08147  -0.08118  -0.08098  -0.08047
       -0.08023  -0.08001  -0.07979  -0.07955  -0.07923  -0.07908  -0.07896  -0.07860  -0.07853
       -0.07799  -0.07784  -0.07747  -0.07726  -0.07722  -0.07707  -0.07689  -0.07680  -0.07644
       -0.07619  -0.07594  -0.07566  -0.07516  -0.07513  -0.07506  -0.07463  -0.07444  -0.07434
       -0.07391  -0.07372  -0.07319  -0.07289  -0.07287  -0.07264  -0.07254  -0.07243  -0.07213
       -0.07196  -0.07181  -0.07146  -0.07137  -0.07116  -0.07094  -0.07059  -0.07031  -0.06990
       -0.06980  -0.06968  -0.06949  -0.06938  -0.06898  -0.06870  -0.06866  -0.06823  -0.06810
       -0.06787  -0.06763  -0.06728  -0.06724  -0.06689  -0.06686  -0.06657  -0.06641  -0.06610
       -0.06606  -0.06545  -0.06525  -0.06521  -0.06489  -0.06484  -0.06450  -0.06407  -0.06403
       -0.06389  -0.06368  -0.06343  -0.06310  -0.06289  -0.06275  -0.06269  -0.06213  -0.06191
       -0.06164  -0.06149  -0.06120  -0.06094  -0.06083  -0.06053  -0.06045  -0.06013  -0.05992
       -0.05987  -0.05920  -0.05895  -0.05892  -0.05845  -0.05840  -0.05800  -0.05780  -0.05758
       -0.05741  -0.05717  -0.05701  -0.05686  -0.05678  -0.05599  -0.05574  -0.05563  -0.05537
       -0.05530  -0.05500  -0.05483  -0.05455  -0.05420  -0.05385  -0.05374  -0.05364  -0.05343
       -0.05278  -0.05249  -0.05211  -0.05156  -0.05145  -0.05128  -0.05090  -0.05043  -0.04988
       -0.04934
        
     --------------------------------------------------------------------------------------------
     Tot. elapsed time 12m-49.1s,  time spent in last iteration 12m-49.1s
     --------------------------------------------------------------------------------------------

     [I/O] -------------------------------------------------------
     [I/O] RESTART written in < 00.1s             
     [I/O] In location   : ./si_1000.wstat.restart
     [I/O] -------------------------------------------------------

                       *----------*              *----------*               *----------*
     #     Iteration = |        1 |   DFPT_dim = |     1000 |   Diago_dim = |     2000 |
                       *----------*              *----------*               *----------*
     per-process dynamical memory    98.5 Mb
  
       
     --------------------------------------------------------------------------------------------
     Sternheimer eq. solver... with threshold =   1.000000E-12           
     --------------------------------------------------------------------------------------------
     in progress... |#                   | 005% :           01m-07.5s (E)           22m-30.0s (X)
     in progress... |##                  | 010% :           01m-58.0s (E)           19m-40.3s (X)
     in progress... |###                 | 015% :           02m-48.4s (E)           18m-43.1s (X)
     in progress... |####                | 020% :           03m-38.7s (E)           18m-13.6s (X)
     in progress... |#####               | 025% :           04m-28.6s (E)           17m-54.6s (X)
     in progress... |######              | 030% :           05m-18.4s (E)           17m-41.6s (X)
     in progress... |#######             | 035% :           06m-08.3s (E)           17m-32.4s (X)
     in progress... |########            | 040% :           06m-58.1s (E)           17m-25.4s (X)
     in progress... |#########           | 045% :           07m-48.0s (E)           17m-20.0s (X)
     in progress... |##########          | 050% :           08m-37.6s (E)           17m-15.3s (X)
     in progress... |###########         | 055% :           09m-43.5s (E)           17m-40.9s (X)
     in progress... |############        | 060% :           10m-32.6s (E)           17m-34.3s (X)
     in progress... |#############       | 065% :           11m-21.7s (E)           17m-28.8s (X)
     in progress... |##############      | 070% :           12m-10.9s (E)           17m-24.1s (X)
     in progress... |###############     | 075% :           12m-59.9s (E)           17m-19.8s (X)
     in progress... |################    | 080% :           13m-48.7s (E)           17m-15.9s (X)
     in progress... |#################   | 085% :           14m-37.4s (E)           17m-12.3s (X)
     in progress... |##################  | 090% :           15m-26.0s (E)           17m-08.9s (X)
     in progress... |################### | 095% :           16m-14.4s (E)           17m-05.7s (X)
     in progress... |####################| 100% :           17m-02.8s (E)           17m-02.8s (X)
     --------------------------------------------------------------------------------------------
     p-DIAGOX done in 04.3s with a SCALAPACK grid (12x12)
     --------------------------------------------------------------------------------------------
        
       -3.31687  -3.26785  -3.21510  -3.18206  -3.13729  -3.05384  -2.98788  -2.94964  -2.91551
       -2.90476  -2.88622  -2.86948  -2.84842  -2.83848  -2.81794  -2.80140  -2.78446  -2.77154
       -2.75680  -2.74171  -2.72501  -2.69912  -2.68883  -2.66969  -2.65033  -2.63887  -2.62112
       -2.60163  -2.57107  -2.56270  -2.47313  -2.06494  -2.03234  -2.02043  -2.01382  -1.98498
       -1.97461  -1.95829  -1.93710  -1.92160  -1.90829  -1.88065  -1.86526  -1.85625  -1.83631
       -1.83158  -1.80703  -1.78053  -1.75567  -1.72636  -1.70033  -1.65534  -1.63706  -1.59018
       -1.55641  -1.46672  -1.43631  -1.37753  -1.33909  -1.32654  -1.27482  -1.23157  -1.20856
       -1.20119  -1.14873  -1.14525  -1.14055  -1.10937  -1.09736  -1.07234  -1.05700  -1.04787
       -1.03357  -1.02739  -1.01609  -1.01245  -1.00310  -0.98840  -0.98582  -0.98110  -0.94846
       -0.94495  -0.93508  -0.92578  -0.91515  -0.90682  -0.89378  -0.88969  -0.88438  -0.88303
       -0.87770  -0.85953  -0.85434  -0.85209  -0.84622  -0.84192  -0.84104  -0.84011  -0.83761
       -0.82999  -0.82810  -0.82666  -0.82414  -0.82070  -0.81519  -0.81362  -0.80997  -0.80759
       -0.80737  -0.80573  -0.80217  -0.79892  -0.79705  -0.79481  -0.79226  -0.79106  -0.79041
       -0.78846  -0.78576  -0.78307  -0.78152  -0.77442  -0.77131  -0.76951  -0.76052  -0.75705
       -0.75364  -0.75097  -0.73818  -0.72784  -0.72295  -0.72079  -0.71951  -0.71502  -0.70662
       -0.70549  -0.70287  -0.69916  -0.69175  -0.69126  -0.68242  -0.67937  -0.67778  -0.67463
       -0.67405  -0.67202  -0.66693  -0.66482  -0.66315  -0.65986  -0.65734  -0.65291  -0.65177
       -0.64852  -0.64453  -0.64203  -0.63700  -0.63397  -0.63213  -0.62944  -0.62680  -0.62405
       -0.62204  -0.61996  -0.61839  -0.61535  -0.61121  -0.61002  -0.60762  -0.60548  -0.60357
       -0.59896  -0.59806  -0.59504  -0.59243  -0.59070  -0.58959  -0.58767  -0.58502  -0.58354
       -0.58246  -0.57788  -0.57735  -0.57341  -0.57187  -0.56884  -0.56714  -0.56499  -0.56444
       -0.56225  -0.55767  -0.55554  -0.55420  -0.55310  -0.55091  -0.54803  -0.54682  -0.54468
       -0.54142  -0.53878  -0.53729  -0.53659  -0.53538  -0.53420  -0.53192  -0.52978  -0.52942
       -0.52496  -0.52321  -0.51945  -0.51762  -0.51583  -0.51332  -0.51103  -0.50871  -0.50568
       -0.50469  -0.50217  -0.49918  -0.49746  -0.49419  -0.49173  -0.48942  -0.48253  -0.47430
       -0.46795  -0.46300  -0.45986  -0.45668  -0.45294  -0.45051  -0.44816  -0.44433  -0.44299
       -0.44119  -0.43952  -0.43813  -0.43468  -0.43331  -0.43210  -0.42695  -0.42605  -0.42404
       -0.42329  -0.42231  -0.42010  -0.41718  -0.41600  -0.41468  -0.41244  -0.41008  -0.40766
       -0.40702  -0.40629  -0.40550  -0.40373  -0.40247  -0.40221  -0.39898  -0.39835  -0.39574
       -0.39504  -0.39301  -0.39259  -0.39005  -0.38964  -0.38859  -0.38686  -0.38652  -0.38458
       -0.38385  -0.38229  -0.38200  -0.38117  -0.37850  -0.37776  -0.37542  -0.37516  -0.37462
       -0.37381  -0.37272  -0.37258  -0.37186  -0.37132  -0.36991  -0.36846  -0.36792  -0.36729
       -0.36622  -0.36565  -0.36467  -0.36445  -0.36301  -0.36193  -0.36099  -0.36044  -0.35970
       -0.35962  -0.35876  -0.35833  -0.35749  -0.35643  -0.35560  -0.35490  -0.35452  -0.35392
       -0.35313  -0.35224  -0.35195  -0.35176  -0.35149  -0.35098  -0.34986  -0.34912  -0.34842
       -0.34820  -0.34775  -0.34750  -0.34643  -0.34620  -0.34522  -0.34513  -0.34434  -0.34394
       -0.34356  -0.34348  -0.34262  -0.34197  -0.34169  -0.34121  -0.34102  -0.34022  -0.33993
       -0.33938  -0.33909  -0.33799  -0.33792  -0.33750  -0.33717  -0.33689  -0.33675  -0.33599
       -0.33562  -0.33511  -0.33496  -0.33448  -0.33400  -0.33370  -0.33356  -0.33321  -0.33286
       -0.33243  -0.33176  -0.33116  -0.33108  -0.33066  -0.33022  -0.33012  -0.32972  -0.32948
       -0.32904  -0.32872  -0.32864  -0.32824  -0.32781  -0.32748  -0.32707  -0.32674  -0.32654
       -0.32604  -0.32533  -0.32515  -0.32482  -0.32452  -0.32402  -0.32374  -0.32352  -0.32289
       -0.32282  -0.32236  -0.32218  -0.32162  -0.32116  -0.32081  -0.32051  -0.32023  -0.31990
       -0.31952  -0.31940  -0.31906  -0.31851  -0.31822  -0.31804  -0.31792  -0.31742  -0.31710
       -0.31666  -0.31596  -0.31574  -0.31567  -0.31519  -0.31473  -0.31467  -0.31418  -0.31357
       -0.31346  -0.31326  -0.31277  -0.31268  -0.31236  -0.31181  -0.31171  -0.31138  -0.31095
       -0.31081  -0.31066  -0.31046  -0.30964  -0.30938  -0.30865  -0.30833  -0.30817  -0.30785
       -0.30718  -0.30673  -0.30643  -0.30631  -0.30604  -0.30577  -0.30528  -0.30489  -0.30462
       -0.30392  -0.30355  -0.30328  -0.30262  -0.30236  -0.30162  -0.30139  -0.30104  -0.30064
       -0.30029  -0.29978  -0.29945  -0.29920  -0.29903  -0.29805  -0.29737  -0.29681  -0.29619
       -0.29585  -0.29541  -0.29518  -0.29450  -0.29430  -0.29381  -0.29305  -0.29213  -0.29161
       -0.29131  -0.29096  -0.29022  -0.28989  -0.28944  -0.28909  -0.28851  -0.28822  -0.28773
       -0.28697  -0.28634  -0.28602  -0.28564  -0.28537  -0.28501  -0.28405  -0.28386  -0.28355
       -0.28314  -0.28282  -0.28179  -0.28095  -0.28032  -0.28017  -0.27945  -0.27878  -0.27836
       -0.27794  -0.27699  -0.27665  -0.27647  -0.27510  -0.27477  -0.27402  -0.27394  -0.27321
       -0.27306  -0.27247  -0.27180  -0.27126  -0.27054  -0.26997  -0.26886  -0.26845  -0.26805
       -0.26773  -0.26720  -0.26646  -0.26619  -0.26551  -0.26531  -0.26415  -0.26367  -0.26344
       -0.26299  -0.26225  -0.26166  -0.26105  -0.26060  -0.26008  -0.25926  -0.25875  -0.25815
       -0.25707  -0.25662  -0.25609  -0.25477  -0.25388  -0.25372  -0.25329  -0.25220  -0.25217
       -0.25188  -0.25107  -0.25021  -0.25002  -0.24947  -0.24895  -0.24865  -0.24829  -0.24783
       -0.24741  -0.24616  -0.24531  -0.24484  -0.24438  -0.24404  -0.24388  -0.24303  -0.24157
       -0.24120  -0.24081  -0.24032  -0.24023  -0.23970  -0.23919  -0.23882  -0.23804  -0.23754
       -0.23752  -0.23706  -0.23616  -0.23608  -0.23543  -0.23512  -0.23475  -0.23404  -0.23388
       -0.23355  -0.23297  -0.23262  -0.23246  -0.23209  -0.23078  -0.23067  -0.23002  -0.22981
       -0.22918  -0.22844  -0.22828  -0.22803  -0.22744  -0.22729  -0.22664  -0.22580  -0.22569
       -0.22508  -0.22462  -0.22447  -0.22415  -0.22343  -0.22322  -0.22285  -0.22255  -0.22201
       -0.22180  -0.22154  -0.22121  -0.22085  -0.22048  -0.21981  -0.21951  -0.21935  -0.21881
       -0.21846  -0.21784  -0.21755  -0.21752  -0.21669  -0.21637  -0.21590  -0.21572  -0.21538
       -0.21482  -0.21469  -0.21439  -0.21404  -0.21374  -0.21301  -0.21272  -0.21241  -0.21219
       -0.21181  -0.21156  -0.21109  -0.21080  -0.21005  -0.20999  -0.20957  -0.20939  -0.20874
       -0.20850  -0.20846  -0.20803  -0.20765  -0.20725  -0.20677  -0.20641  -0.20606  -0.20559
       -0.20522  -0.20492  -0.20465  -0.20432  -0.20411  -0.20326  -0.20299  -0.20289  -0.20227
       -0.20217  -0.20187  -0.20167  -0.20111  -0.20040  -0.20032  -0.19983  -0.19973  -0.19951
       -0.19900  -0.19866  -0.19831  -0.19812  -0.19779  -0.19706  -0.19684  -0.19667  -0.19654
       -0.19603  -0.19519  -0.19504  -0.19457  -0.19439  -0.19411  -0.19396  -0.19342  -0.19294
       -0.19266  -0.19213  -0.19190  -0.19132  -0.19117  -0.19105  -0.19064  -0.19037  -0.18955
       -0.18924  -0.18897  -0.18877  -0.18830  -0.18793  -0.18747  -0.18736  -0.18685  -0.18653
       -0.18623  -0.18589  -0.18562  -0.18532  -0.18509  -0.18462  -0.18424  -0.18371  -0.18304
       -0.18291  -0.18265  -0.18245  -0.18187  -0.18142  -0.18125  -0.18080  -0.17990  -0.17961
       -0.17936  -0.17903  -0.17827  -0.17790  -0.17752  -0.17705  -0.17689  -0.17633  -0.17541
       -0.17508  -0.17447  -0.17424  -0.17410  -0.17396  -0.17346  -0.17306  -0.17274  -0.17201
       -0.17152  -0.17108  -0.17038  -0.17028  -0.16998  -0.16966  -0.16911  -0.16848  -0.16829
       -0.16806  -0.16758  -0.16715  -0.16686  -0.16656  -0.16590  -0.16509  -0.16486  -0.16440
       -0.16427  -0.16374  -0.16349  -0.16254  -0.16171  -0.16120  -0.16102  -0.16049  -0.16026
       -0.15975  -0.15947  -0.15886  -0.15869  -0.15852  -0.15791  -0.15749  -0.15721  -0.15667
       -0.15576  -0.15544  -0.15518  -0.15496  -0.15450  -0.15414  -0.15366  -0.15304  -0.15237
       -0.15193  -0.15165  -0.15131  -0.15091  -0.15008  -0.14979  -0.14926  -0.14892  -0.14879
       -0.14831  -0.14780  -0.14750  -0.14701  -0.14642  -0.14601  -0.14552  -0.14508  -0.14490
       -0.14427  -0.14418  -0.14373  -0.14332  -0.14308  -0.14238  -0.14218  -0.14141  -0.14073
       -0.14053  -0.14009  -0.13968  -0.13884  -0.13828  -0.13792  -0.13743  -0.13724  -0.13652
       -0.13638  -0.13597  -0.13590  -0.13555  -0.13527  -0.13511  -0.13426  -0.13330  -0.13301
       -0.13266  -0.13193  -0.13177  -0.13161  -0.13141  -0.13090  -0.13071  -0.13026  -0.13012
       -0.12996  -0.12935  -0.12919  -0.12915  -0.12856  -0.12795  -0.12771  -0.12750  -0.12728
       -0.12681  -0.12640  -0.12602  -0.12588  -0.12547  -0.12515  -0.12501  -0.12481  -0.12446
       -0.12414  -0.12373  -0.12339  -0.12299  -0.12286  -0.12264  -0.12236  -0.12191  -0.12147
       -0.12137  -0.12098  -0.12074  -0.12057  -0.12028  -0.12019  -0.11987  -0.11936  -0.11923
       -0.11889  -0.11840  -0.11836  -0.11790  -0.11777  -0.11766  -0.11733  -0.11709  -0.11668
       -0.11636  -0.11613  -0.11581  -0.11539  -0.11528  -0.11498  -0.11458  -0.11407  -0.11397
       -0.11365  -0.11359  -0.11327  -0.11323  -0.11293  -0.11251  -0.11210  -0.11204  -0.11167
       -0.11165  -0.11137  -0.11098  -0.11073  -0.11069  -0.11060  -0.11013  -0.10989  -0.10982
       -0.10950  -0.10926  -0.10904  -0.10892  -0.10864  -0.10839  -0.10812  -0.10794  -0.10775
       -0.10751  -0.10719  -0.10707  -0.10675  -0.10653  -0.10641  -0.10634  -0.10576  -0.10567
       -0.10546  -0.10509  -0.10495  -0.10465  -0.10448  -0.10438  -0.10411  -0.10405  -0.10391
       -0.10379  -0.10359  -0.10338  -0.10316  -0.10311  -0.10292  -0.10270  -0.10245  -0.10227
       -0.10199  -0.10178  -0.10158  -0.10137  -0.10126  -0.10099  -0.10093  -0.10067  -0.10034
       -0.10023  -0.09989  -0.09979  -0.09968  -0.09957  -0.09938  -0.09922  -0.09907  -0.09878
       -0.09864  -0.09844  -0.09816  -0.09795  -0.09780  -0.09756  -0.09730  -0.09725  -0.09708
       -0.09691  -0.09686  -0.09674  -0.09637  -0.09632  -0.09616  -0.09596  -0.09555  -0.09546
       -0.09538  -0.09516  -0.09494  -0.09485  -0.09475  -0.09449  -0.09447  -0.09431  -0.09419
       -0.09403  -0.09376  -0.09369  -0.09337  -0.09333  -0.09317  -0.09302  -0.09276  -0.09267
       -0.09248  -0.09240  -0.09215  -0.09201  -0.09175  -0.09159  -0.09151  -0.09140  -0.09128
       -0.09118
        
     --------------------------------------------------------------------------------------------
     Tot. elapsed time 34m-59.7s,  time spent in last iteration 21m-47.5s
     --------------------------------------------------------------------------------------------

     [I/O] -------------------------------------------------------
     [I/O] RESTART written in < 00.1s             
     [I/O] In location   : ./si_1000.wstat.restart
     [I/O] -------------------------------------------------------

                       *----------*              *----------*               *----------*
     #     Iteration = |        2 |   DFPT_dim = |     1000 |   Diago_dim = |     3000 |
                       *----------*              *----------*               *----------*
     per-process dynamical memory   110.5 Mb
  
       
     --------------------------------------------------------------------------------------------
     Sternheimer eq. solver... with threshold =   1.000000E-12           
     --------------------------------------------------------------------------------------------
     in progress... |#                   | 005% :           01m-04.8s (E)           21m-37.8s (X)
     in progress... |##                  | 010% :           01m-53.4s (E)           18m-54.1s (X)
     in progress... |###                 | 015% :           02m-41.9s (E)           17m-59.7s (X)
     in progress... |####                | 020% :           03m-30.2s (E)           17m-31.3s (X)
     in progress... |#####               | 025% :           04m-18.6s (E)           17m-14.4s (X)
     in progress... |######              | 030% :           05m-06.9s (E)           17m-03.2s (X)
     in progress... |#######             | 035% :           06m-11.3s (E)           17m-40.8s (X)
     in progress... |########            | 040% :           06m-59.6s (E)           17m-29.0s (X)
     in progress... |#########           | 045% :           07m-47.6s (E)           17m-19.1s (X)
     in progress... |##########          | 050% :           08m-35.4s (E)           17m-10.9s (X)
     in progress... |###########         | 055% :           09m-23.2s (E)           17m-04.0s (X)
     in progress... |############        | 060% :           10m-10.8s (E)           16m-58.1s (X)
     in progress... |#############       | 065% :           10m-58.5s (E)           16m-53.1s (X)
     in progress... |##############      | 070% :           12m-01.8s (E)           17m-11.1s (X)
     in progress... |###############     | 075% :           12m-49.2s (E)           17m-05.6s (X)
     in progress... |################    | 080% :           13m-36.7s (E)           17m-00.9s (X)
     in progress... |#################   | 085% :           14m-24.0s (E)           16m-56.5s (X)
     in progress... |##################  | 090% :           15m-11.4s (E)           16m-52.7s (X)
     in progress... |################### | 095% :           15m-58.6s (E)           16m-49.1s (X)
     in progress... |####################| 100% :           16m-45.9s (E)           16m-45.9s (X)
     --------------------------------------------------------------------------------------------
     p-DIAGOX done in 06.9s with a SCALAPACK grid (12x12)
     --------------------------------------------------------------------------------------------
        
       -3.31687  -3.26785  -3.21511  -3.18206  -3.13729  -3.05384  -2.98788  -2.94964  -2.91551
       -2.90476  -2.88622  -2.86948  -2.84842  -2.83849  -2.81794  -2.80140  -2.78447  -2.77154
       -2.75680  -2.74171  -2.72501  -2.69912  -2.68883  -2.66969  -2.65033  -2.63887  -2.62112
       -2.60163  -2.57108  -2.56271  -2.47313  -2.06494  -2.03235  -2.02044  -2.01382  -1.98498
       -1.97461  -1.95830  -1.93710  -1.92160  -1.90830  -1.88066  -1.86526  -1.85625  -1.83631
       -1.83158  -1.80703  -1.78054  -1.75567  -1.72636  -1.70033  -1.65534  -1.63706  -1.59018
       -1.55641  -1.46672  -1.43632  -1.37753  -1.33909  -1.32654  -1.27482  -1.23157  -1.20856
       -1.20119  -1.14873  -1.14525  -1.14056  -1.10938  -1.09736  -1.07235  -1.05700  -1.04787
       -1.03357  -1.02739  -1.01609  -1.01245  -1.00310  -0.98840  -0.98582  -0.98110  -0.94847
       -0.94495  -0.93508  -0.92579  -0.91516  -0.90682  -0.89379  -0.88969  -0.88438  -0.88304
       -0.87770  -0.85954  -0.85435  -0.85210  -0.84623  -0.84193  -0.84105  -0.84012  -0.83762
       -0.83001  -0.82811  -0.82667  -0.82415  -0.82071  -0.81520  -0.81364  -0.80998  -0.80760
       -0.80739  -0.80575  -0.80218  -0.79894  -0.79707  -0.79483  -0.79228  -0.79108  -0.79042
       -0.78848  -0.78577  -0.78308  -0.78153  -0.77444  -0.77133  -0.76952  -0.76054  -0.75707
       -0.75366  -0.75099  -0.73820  -0.72786  -0.72298  -0.72082  -0.71953  -0.71504  -0.70665
       -0.70552  -0.70289  -0.69919  -0.69178  -0.69130  -0.68246  -0.67940  -0.67781  -0.67466
       -0.67408  -0.67205  -0.66696  -0.66486  -0.66318  -0.65989  -0.65737  -0.65295  -0.65181
       -0.64857  -0.64457  -0.64208  -0.63704  -0.63401  -0.63217  -0.62949  -0.62685  -0.62409
       -0.62208  -0.62001  -0.61843  -0.61540  -0.61126  -0.61008  -0.60767  -0.60552  -0.60361
       -0.59901  -0.59811  -0.59508  -0.59247  -0.59076  -0.58964  -0.58772  -0.58507  -0.58358
       -0.58250  -0.57794  -0.57741  -0.57347  -0.57194  -0.56889  -0.56719  -0.56505  -0.56449
       -0.56231  -0.55772  -0.55560  -0.55424  -0.55316  -0.55095  -0.54808  -0.54687  -0.54474
       -0.54147  -0.53883  -0.53736  -0.53665  -0.53543  -0.53427  -0.53197  -0.52983  -0.52948
       -0.52501  -0.52326  -0.51952  -0.51768  -0.51589  -0.51337  -0.51109  -0.50877  -0.50573
       -0.50476  -0.50224  -0.49924  -0.49753  -0.49426  -0.49178  -0.48947  -0.48257  -0.47435
       -0.46801  -0.46306  -0.45993  -0.45677  -0.45301  -0.45057  -0.44823  -0.44440  -0.44306
       -0.44127  -0.43960  -0.43821  -0.43475  -0.43339  -0.43217  -0.42702  -0.42613  -0.42411
       -0.42337  -0.42238  -0.42018  -0.41725  -0.41609  -0.41476  -0.41251  -0.41015  -0.40775
       -0.40710  -0.40636  -0.40558  -0.40382  -0.40257  -0.40231  -0.39909  -0.39844  -0.39581
       -0.39514  -0.39312  -0.39269  -0.39017  -0.38976  -0.38870  -0.38699  -0.38663  -0.38469
       -0.38396  -0.38242  -0.38212  -0.38128  -0.37863  -0.37789  -0.37555  -0.37530  -0.37475
       -0.37394  -0.37287  -0.37271  -0.37198  -0.37148  -0.37003  -0.36860  -0.36807  -0.36741
       -0.36636  -0.36581  -0.36480  -0.36460  -0.36318  -0.36213  -0.36116  -0.36062  -0.35987
       -0.35981  -0.35893  -0.35855  -0.35767  -0.35662  -0.35582  -0.35509  -0.35472  -0.35414
       -0.35337  -0.35244  -0.35216  -0.35195  -0.35170  -0.35118  -0.35013  -0.34935  -0.34863
       -0.34844  -0.34805  -0.34773  -0.34671  -0.34644  -0.34546  -0.34538  -0.34462  -0.34424
       -0.34390  -0.34382  -0.34294  -0.34226  -0.34198  -0.34150  -0.34127  -0.34058  -0.34020
       -0.33965  -0.33941  -0.33834  -0.33822  -0.33787  -0.33753  -0.33719  -0.33701  -0.33627
       -0.33590  -0.33548  -0.33527  -0.33489  -0.33438  -0.33406  -0.33392  -0.33352  -0.33317
       -0.33284  -0.33211  -0.33158  -0.33143  -0.33099  -0.33057  -0.33055  -0.33006  -0.32985
       -0.32941  -0.32909  -0.32898  -0.32866  -0.32823  -0.32786  -0.32742  -0.32714  -0.32697
       -0.32644  -0.32574  -0.32559  -0.32516  -0.32498  -0.32441  -0.32418  -0.32391  -0.32323
       -0.32321  -0.32275  -0.32254  -0.32206  -0.32156  -0.32119  -0.32094  -0.32068  -0.32033
       -0.31998  -0.31980  -0.31951  -0.31900  -0.31864  -0.31859  -0.31839  -0.31787  -0.31754
       -0.31718  -0.31643  -0.31618  -0.31610  -0.31566  -0.31520  -0.31510  -0.31468  -0.31410
       -0.31389  -0.31371  -0.31331  -0.31311  -0.31278  -0.31226  -0.31215  -0.31195  -0.31142
       -0.31130  -0.31112  -0.31092  -0.31009  -0.30987  -0.30920  -0.30885  -0.30867  -0.30836
       -0.30768  -0.30720  -0.30697  -0.30680  -0.30657  -0.30626  -0.30585  -0.30538  -0.30513
       -0.30447  -0.30404  -0.30389  -0.30317  -0.30295  -0.30214  -0.30200  -0.30159  -0.30122
       -0.30084  -0.30024  -0.29989  -0.29972  -0.29957  -0.29856  -0.29789  -0.29728  -0.29674
       -0.29634  -0.29601  -0.29574  -0.29512  -0.29482  -0.29435  -0.29355  -0.29267  -0.29214
       -0.29190  -0.29146  -0.29078  -0.29043  -0.29008  -0.28967  -0.28908  -0.28874  -0.28830
       -0.28747  -0.28690  -0.28673  -0.28622  -0.28605  -0.28557  -0.28466  -0.28440  -0.28418
       -0.28378  -0.28347  -0.28241  -0.28149  -0.28082  -0.28078  -0.28014  -0.27940  -0.27897
       -0.27858  -0.27760  -0.27730  -0.27704  -0.27573  -0.27536  -0.27462  -0.27457  -0.27384
       -0.27362  -0.27318  -0.27254  -0.27208  -0.27106  -0.27055  -0.26946  -0.26909  -0.26859
       -0.26826  -0.26790  -0.26716  -0.26679  -0.26620  -0.26592  -0.26482  -0.26435  -0.26405
       -0.26364  -0.26291  -0.26230  -0.26181  -0.26130  -0.26077  -0.26004  -0.25925  -0.25890
       -0.25773  -0.25744  -0.25681  -0.25538  -0.25448  -0.25444  -0.25388  -0.25297  -0.25275
       -0.25253  -0.25166  -0.25096  -0.25065  -0.25008  -0.24953  -0.24920  -0.24895  -0.24856
       -0.24812  -0.24685  -0.24596  -0.24554  -0.24511  -0.24464  -0.24446  -0.24355  -0.24231
       -0.24198  -0.24148  -0.24101  -0.24089  -0.24030  -0.24002  -0.23960  -0.23872  -0.23835
       -0.23814  -0.23770  -0.23689  -0.23673  -0.23613  -0.23588  -0.23538  -0.23483  -0.23455
       -0.23422  -0.23366  -0.23330  -0.23323  -0.23272  -0.23155  -0.23132  -0.23085  -0.23050
       -0.23006  -0.22918  -0.22893  -0.22875  -0.22826  -0.22814  -0.22743  -0.22665  -0.22634
       -0.22584  -0.22547  -0.22519  -0.22496  -0.22424  -0.22405  -0.22361  -0.22335  -0.22279
       -0.22265  -0.22224  -0.22196  -0.22169  -0.22119  -0.22070  -0.22051  -0.22017  -0.21976
       -0.21917  -0.21863  -0.21846  -0.21834  -0.21778  -0.21719  -0.21679  -0.21662  -0.21621
       -0.21568  -0.21544  -0.21538  -0.21498  -0.21463  -0.21402  -0.21375  -0.21332  -0.21303
       -0.21282  -0.21248  -0.21197  -0.21164  -0.21104  -0.21090  -0.21047  -0.21025  -0.20990
       -0.20959  -0.20935  -0.20904  -0.20867  -0.20822  -0.20780  -0.20744  -0.20707  -0.20676
       -0.20628  -0.20598  -0.20563  -0.20547  -0.20502  -0.20461  -0.20419  -0.20405  -0.20333
       -0.20326  -0.20300  -0.20281  -0.20204  -0.20174  -0.20134  -0.20104  -0.20086  -0.20082
       -0.20009  -0.19985  -0.19956  -0.19935  -0.19896  -0.19837  -0.19829  -0.19804  -0.19761
       -0.19733  -0.19673  -0.19626  -0.19578  -0.19567  -0.19554  -0.19518  -0.19488  -0.19427
       -0.19378  -0.19363  -0.19315  -0.19281  -0.19269  -0.19226  -0.19194  -0.19178  -0.19111
       -0.19070  -0.19035  -0.19024  -0.18980  -0.18946  -0.18903  -0.18870  -0.18834  -0.18809
       -0.18775  -0.18736  -0.18722  -0.18696  -0.18678  -0.18612  -0.18575  -0.18515  -0.18468
       -0.18457  -0.18423  -0.18413  -0.18343  -0.18317  -0.18279  -0.18233  -0.18183  -0.18137
       -0.18126  -0.18076  -0.18004  -0.17978  -0.17920  -0.17870  -0.17836  -0.17829  -0.17732
       -0.17684  -0.17617  -0.17611  -0.17598  -0.17564  -0.17541  -0.17532  -0.17430  -0.17402
       -0.17350  -0.17327  -0.17291  -0.17227  -0.17183  -0.17176  -0.17093  -0.17050  -0.17044
       -0.17036  -0.16960  -0.16951  -0.16923  -0.16849  -0.16802  -0.16734  -0.16708  -0.16677
       -0.16652  -0.16611  -0.16579  -0.16486  -0.16419  -0.16390  -0.16336  -0.16313  -0.16232
       -0.16219  -0.16197  -0.16177  -0.16155  -0.16117  -0.16074  -0.16012  -0.15972  -0.15968
       -0.15847  -0.15823  -0.15809  -0.15798  -0.15731  -0.15672  -0.15629  -0.15603  -0.15520
       -0.15497  -0.15458  -0.15442  -0.15380  -0.15327  -0.15271  -0.15238  -0.15212  -0.15191
       -0.15161  -0.15103  -0.15068  -0.15030  -0.14957  -0.14902  -0.14861  -0.14838  -0.14782
       -0.14717  -0.14703  -0.14648  -0.14632  -0.14585  -0.14484  -0.14478  -0.14446  -0.14363
       -0.14339  -0.14284  -0.14225  -0.14206  -0.14137  -0.14087  -0.14047  -0.14004  -0.13992
       -0.13950  -0.13923  -0.13891  -0.13866  -0.13822  -0.13815  -0.13737  -0.13687  -0.13639
       -0.13619  -0.13563  -0.13504  -0.13481  -0.13468  -0.13428  -0.13376  -0.13368  -0.13353
       -0.13293  -0.13274  -0.13256  -0.13214  -0.13209  -0.13160  -0.13119  -0.13097  -0.13037
       -0.13001  -0.12985  -0.12945  -0.12926  -0.12890  -0.12844  -0.12809  -0.12790  -0.12767
       -0.12743  -0.12690  -0.12669  -0.12645  -0.12623  -0.12583  -0.12561  -0.12532  -0.12510
       -0.12495  -0.12453  -0.12425  -0.12407  -0.12381  -0.12351  -0.12318  -0.12304  -0.12261
       -0.12248  -0.12222  -0.12217  -0.12178  -0.12154  -0.12136  -0.12109  -0.12097  -0.12060
       -0.12020  -0.11981  -0.11929  -0.11910  -0.11899  -0.11852  -0.11835  -0.11811  -0.11782
       -0.11739  -0.11737  -0.11721  -0.11714  -0.11691  -0.11664  -0.11609  -0.11597  -0.11556
       -0.11542  -0.11534  -0.11515  -0.11478  -0.11460  -0.11431  -0.11421  -0.11401  -0.11383
       -0.11370  -0.11357  -0.11342  -0.11306  -0.11297  -0.11265  -0.11231  -0.11210  -0.11197
       -0.11180  -0.11154  -0.11147  -0.11123  -0.11093  -0.11082  -0.11068  -0.11060  -0.11034
       -0.10973  -0.10969  -0.10959  -0.10928  -0.10917  -0.10900  -0.10881  -0.10871  -0.10820
       -0.10806  -0.10788  -0.10767  -0.10754  -0.10750  -0.10732  -0.10716  -0.10693  -0.10679
       -0.10664  -0.10651  -0.10643  -0.10598  -0.10594  -0.10576  -0.10563  -0.10547  -0.10524
       -0.10520  -0.10503  -0.10491  -0.10470  -0.10454  -0.10447  -0.10413  -0.10405  -0.10384
       -0.10373  -0.10355  -0.10320  -0.10303  -0.10286  -0.10269  -0.10261  -0.10240  -0.10225
       -0.10209  -0.10196  -0.10165  -0.10161  -0.10136  -0.10130  -0.10120  -0.10104  -0.10085
       -0.10073  -0.10054  -0.10047  -0.10014  -0.10003  -0.09992  -0.09981  -0.09957  -0.09951
       -0.09929  -0.09916  -0.09913  -0.09897  -0.09883  -0.09862  -0.09844  -0.09842  -0.09831
       -0.09820  -0.09800  -0.09774  -0.09763  -0.09737  -0.09728  -0.09720  -0.09717  -0.09702
       -0.09683
        
     --------------------------------------------------------------------------------------------
     Tot. elapsed time 56m-18.7s,  time spent in last iteration 20m-34.2s
     --------------------------------------------------------------------------------------------

     [I/O] -------------------------------------------------------
     [I/O] RESTART written in < 00.1s             
     [I/O] In location   : ./si_1000.wstat.restart
     [I/O] -------------------------------------------------------

                       *----------*              *----------*               *----------*
     #     Iteration = |        3 |   DFPT_dim = |      371 |   Diago_dim = |     3371 |
                       *----------*              *----------*               *----------*
     per-process dynamical memory   108.6 Mb
  
       
     --------------------------------------------------------------------------------------------
     Sternheimer eq. solver... with threshold =   1.000000E-12           
     --------------------------------------------------------------------------------------------
     in progress... |#                   | 005% :               31.5s (E)           10m-30.6s (X)
     in progress... |##                  | 010% :               47.3s (E)           07m-53.0s (X)
     in progress... |###                 | 015% :           01m-03.0s (E)           07m-00.4s (X)
     in progress... |####                | 020% :           01m-18.8s (E)           06m-34.0s (X)
     in progress... |#####               | 025% :           01m-34.5s (E)           06m-18.2s (X)
     in progress... |######              | 030% :           01m-50.3s (E)           06m-07.7s (X)
     in progress... |#######             | 035% :           02m-21.7s (E)           06m-45.1s (X)
     in progress... |########            | 040% :           02m-37.5s (E)           06m-33.7s (X)
     in progress... |#########           | 045% :           02m-53.2s (E)           06m-24.9s (X)
     in progress... |##########          | 050% :           03m-08.9s (E)           06m-17.9s (X)
     in progress... |###########         | 055% :           03m-24.7s (E)           06m-12.2s (X)
     in progress... |############        | 060% :           03m-40.4s (E)           06m-07.3s (X)
     in progress... |#############       | 065% :           03m-56.1s (E)           06m-03.3s (X)
     in progress... |##############      | 070% :           04m-27.5s (E)           06m-22.2s (X)
     in progress... |###############     | 075% :           04m-43.2s (E)           06m-17.6s (X)
     in progress... |################    | 080% :           04m-58.9s (E)           06m-13.6s (X)
     in progress... |#################   | 085% :           05m-14.6s (E)           06m-10.1s (X)
     in progress... |##################  | 090% :           05m-30.3s (E)           06m-07.0s (X)
     in progress... |################### | 095% :           05m-46.0s (E)           06m-04.2s (X)
     in progress... |####################| 100% :           06m-01.7s (E)           06m-01.7s (X)
     --------------------------------------------------------------------------------------------
     p-DIAGOX done in 08.5s with a SCALAPACK grid (12x12)
     --------------------------------------------------------------------------------------------
        
       -3.31687  -3.26785  -3.21511  -3.18206  -3.13729  -3.05384  -2.98788  -2.94964  -2.91551
       -2.90476  -2.88622  -2.86948  -2.84842  -2.83849  -2.81794  -2.80140  -2.78447  -2.77154
       -2.75680  -2.74171  -2.72501  -2.69912  -2.68883  -2.66969  -2.65033  -2.63887  -2.62112
       -2.60163  -2.57108  -2.56271  -2.47313  -2.06494  -2.03235  -2.02044  -2.01382  -1.98498
       -1.97461  -1.95830  -1.93710  -1.92160  -1.90830  -1.88066  -1.86526  -1.85625  -1.83631
       -1.83158  -1.80703  -1.78054  -1.75567  -1.72636  -1.70033  -1.65534  -1.63706  -1.59018
       -1.55641  -1.46672  -1.43632  -1.37753  -1.33909  -1.32654  -1.27482  -1.23157  -1.20856
       -1.20119  -1.14873  -1.14525  -1.14056  -1.10938  -1.09736  -1.07235  -1.05700  -1.04787
       -1.03357  -1.02739  -1.01609  -1.01245  -1.00310  -0.98840  -0.98582  -0.98110  -0.94847
       -0.94495  -0.93508  -0.92579  -0.91516  -0.90682  -0.89379  -0.88969  -0.88438  -0.88304
       -0.87770  -0.85954  -0.85435  -0.85210  -0.84623  -0.84193  -0.84105  -0.84012  -0.83762
       -0.83001  -0.82811  -0.82667  -0.82415  -0.82071  -0.81520  -0.81364  -0.80998  -0.80760
       -0.80739  -0.80575  -0.80218  -0.79894  -0.79707  -0.79483  -0.79228  -0.79108  -0.79042
       -0.78848  -0.78577  -0.78308  -0.78153  -0.77444  -0.77133  -0.76952  -0.76054  -0.75707
       -0.75366  -0.75099  -0.73820  -0.72786  -0.72298  -0.72082  -0.71953  -0.71504  -0.70665
       -0.70552  -0.70289  -0.69919  -0.69178  -0.69130  -0.68246  -0.67940  -0.67781  -0.67466
       -0.67408  -0.67205  -0.66696  -0.66486  -0.66318  -0.65989  -0.65737  -0.65295  -0.65181
       -0.64857  -0.64457  -0.64208  -0.63704  -0.63401  -0.63217  -0.62949  -0.62685  -0.62409
       -0.62208  -0.62001  -0.61843  -0.61540  -0.61126  -0.61008  -0.60767  -0.60552  -0.60361
       -0.59901  -0.59811  -0.59508  -0.59247  -0.59076  -0.58964  -0.58772  -0.58507  -0.58358
       -0.58250  -0.57794  -0.57741  -0.57347  -0.57194  -0.56889  -0.56719  -0.56505  -0.56449
       -0.56231  -0.55772  -0.55560  -0.55424  -0.55316  -0.55095  -0.54808  -0.54687  -0.54474
       -0.54147  -0.53883  -0.53736  -0.53665  -0.53543  -0.53427  -0.53197  -0.52983  -0.52948
       -0.52501  -0.52326  -0.51952  -0.51768  -0.51589  -0.51337  -0.51109  -0.50877  -0.50573
       -0.50476  -0.50224  -0.49924  -0.49753  -0.49426  -0.49178  -0.48947  -0.48257  -0.47435
       -0.46801  -0.46306  -0.45993  -0.45677  -0.45301  -0.45057  -0.44823  -0.44440  -0.44306
       -0.44127  -0.43960  -0.43821  -0.43475  -0.43339  -0.43217  -0.42702  -0.42613  -0.42411
       -0.42337  -0.42238  -0.42018  -0.41725  -0.41609  -0.41476  -0.41251  -0.41015  -0.40775
       -0.40710  -0.40636  -0.40558  -0.40382  -0.40257  -0.40231  -0.39909  -0.39844  -0.39582
       -0.39514  -0.39312  -0.39269  -0.39017  -0.38976  -0.38870  -0.38699  -0.38663  -0.38469
       -0.38396  -0.38242  -0.38212  -0.38128  -0.37863  -0.37789  -0.37555  -0.37530  -0.37475
       -0.37394  -0.37287  -0.37271  -0.37198  -0.37148  -0.37003  -0.36860  -0.36807  -0.36741
       -0.36636  -0.36581  -0.36480  -0.36460  -0.36318  -0.36213  -0.36116  -0.36062  -0.35987
       -0.35981  -0.35893  -0.35855  -0.35767  -0.35662  -0.35582  -0.35509  -0.35472  -0.35414
       -0.35337  -0.35244  -0.35216  -0.35195  -0.35170  -0.35118  -0.35013  -0.34935  -0.34863
       -0.34844  -0.34805  -0.34773  -0.34671  -0.34644  -0.34546  -0.34538  -0.34462  -0.34424
       -0.34390  -0.34382  -0.34295  -0.34226  -0.34198  -0.34150  -0.34127  -0.34058  -0.34020
       -0.33965  -0.33941  -0.33834  -0.33822  -0.33787  -0.33753  -0.33719  -0.33701  -0.33627
       -0.33590  -0.33548  -0.33527  -0.33489  -0.33438  -0.33406  -0.33392  -0.33352  -0.33317
       -0.33284  -0.33211  -0.33158  -0.33143  -0.33099  -0.33057  -0.33055  -0.33006  -0.32985
       -0.32941  -0.32909  -0.32898  -0.32866  -0.32823  -0.32786  -0.32742  -0.32714  -0.32697
       -0.32644  -0.32574  -0.32559  -0.32516  -0.32498  -0.32441  -0.32419  -0.32391  -0.32323
       -0.32321  -0.32275  -0.32254  -0.32206  -0.32156  -0.32119  -0.32094  -0.32068  -0.32033
       -0.31998  -0.31980  -0.31951  -0.31900  -0.31864  -0.31859  -0.31839  -0.31787  -0.31754
       -0.31718  -0.31643  -0.31618  -0.31610  -0.31566  -0.31520  -0.31510  -0.31468  -0.31410
       -0.31390  -0.31371  -0.31331  -0.31311  -0.31278  -0.31226  -0.31215  -0.31195  -0.31142
       -0.31130  -0.31112  -0.31092  -0.31009  -0.30987  -0.30920  -0.30885  -0.30867  -0.30836
       -0.30768  -0.30721  -0.30697  -0.30680  -0.30657  -0.30626  -0.30586  -0.30538  -0.30513
       -0.30447  -0.30404  -0.30389  -0.30317  -0.30295  -0.30214  -0.30200  -0.30159  -0.30123
       -0.30084  -0.30025  -0.29989  -0.29972  -0.29957  -0.29856  -0.29789  -0.29728  -0.29674
       -0.29634  -0.29601  -0.29574  -0.29512  -0.29482  -0.29435  -0.29355  -0.29267  -0.29214
       -0.29190  -0.29146  -0.29078  -0.29043  -0.29008  -0.28967  -0.28908  -0.28874  -0.28830
       -0.28747  -0.28690  -0.28674  -0.28622  -0.28605  -0.28557  -0.28466  -0.28440  -0.28418
       -0.28378  -0.28348  -0.28241  -0.28150  -0.28082  -0.28078  -0.28014  -0.27941  -0.27897
       -0.27859  -0.27760  -0.27730  -0.27704  -0.27573  -0.27536  -0.27462  -0.27457  -0.27384
       -0.27362  -0.27318  -0.27254  -0.27208  -0.27106  -0.27055  -0.26946  -0.26909  -0.26859
       -0.26826  -0.26790  -0.26716  -0.26679  -0.26621  -0.26592  -0.26482  -0.26435  -0.26405
       -0.26365  -0.26291  -0.26230  -0.26182  -0.26130  -0.26077  -0.26004  -0.25926  -0.25890
       -0.25773  -0.25744  -0.25681  -0.25538  -0.25448  -0.25444  -0.25388  -0.25297  -0.25275
       -0.25253  -0.25166  -0.25096  -0.25065  -0.25008  -0.24953  -0.24920  -0.24895  -0.24856
       -0.24812  -0.24685  -0.24596  -0.24554  -0.24512  -0.24464  -0.24446  -0.24355  -0.24231
       -0.24198  -0.24148  -0.24102  -0.24089  -0.24030  -0.24002  -0.23960  -0.23872  -0.23836
       -0.23814  -0.23770  -0.23689  -0.23673  -0.23613  -0.23588  -0.23538  -0.23483  -0.23455
       -0.23422  -0.23366  -0.23330  -0.23323  -0.23272  -0.23155  -0.23132  -0.23086  -0.23050
       -0.23006  -0.22919  -0.22894  -0.22875  -0.22827  -0.22814  -0.22744  -0.22665  -0.22634
       -0.22584  -0.22548  -0.22519  -0.22496  -0.22424  -0.22405  -0.22362  -0.22335  -0.22279
       -0.22265  -0.22224  -0.22197  -0.22169  -0.22119  -0.22070  -0.22051  -0.22018  -0.21976
       -0.21917  -0.21863  -0.21847  -0.21834  -0.21778  -0.21720  -0.21679  -0.21663  -0.21621
       -0.21569  -0.21545  -0.21538  -0.21499  -0.21463  -0.21403  -0.21376  -0.21332  -0.21303
       -0.21283  -0.21248  -0.21198  -0.21165  -0.21104  -0.21091  -0.21047  -0.21025  -0.20990
       -0.20959  -0.20936  -0.20904  -0.20867  -0.20822  -0.20780  -0.20745  -0.20707  -0.20676
       -0.20628  -0.20598  -0.20563  -0.20547  -0.20502  -0.20462  -0.20420  -0.20406  -0.20334
       -0.20327  -0.20301  -0.20282  -0.20204  -0.20175  -0.20135  -0.20104  -0.20086  -0.20082
       -0.20009  -0.19985  -0.19956  -0.19936  -0.19897  -0.19838  -0.19829  -0.19804  -0.19762
       -0.19733  -0.19674  -0.19627  -0.19578  -0.19568  -0.19555  -0.19519  -0.19488  -0.19428
       -0.19379  -0.19364  -0.19315  -0.19281  -0.19270  -0.19226  -0.19195  -0.19178  -0.19112
       -0.19070  -0.19036  -0.19025  -0.18980  -0.18947  -0.18903  -0.18871  -0.18834  -0.18809
       -0.18776  -0.18737  -0.18723  -0.18697  -0.18678  -0.18613  -0.18576  -0.18516  -0.18469
       -0.18458  -0.18424  -0.18414  -0.18344  -0.18318  -0.18280  -0.18234  -0.18184  -0.18138
       -0.18127  -0.18077  -0.18005  -0.17979  -0.17921  -0.17871  -0.17837  -0.17830  -0.17733
       -0.17685  -0.17618  -0.17612  -0.17599  -0.17565  -0.17542  -0.17533  -0.17431  -0.17403
       -0.17352  -0.17328  -0.17293  -0.17228  -0.17185  -0.17177  -0.17094  -0.17051  -0.17045
       -0.17037  -0.16961  -0.16953  -0.16925  -0.16850  -0.16803  -0.16735  -0.16710  -0.16679
       -0.16654  -0.16613  -0.16581  -0.16487  -0.16420  -0.16392  -0.16338  -0.16315  -0.16234
       -0.16221  -0.16199  -0.16180  -0.16157  -0.16119  -0.16076  -0.16014  -0.15975  -0.15970
       -0.15850  -0.15826  -0.15811  -0.15801  -0.15733  -0.15675  -0.15631  -0.15606  -0.15523
       -0.15500  -0.15460  -0.15445  -0.15383  -0.15330  -0.15274  -0.15242  -0.15215  -0.15193
       -0.15164  -0.15107  -0.15071  -0.15033  -0.14959  -0.14905  -0.14864  -0.14841  -0.14785
       -0.14719  -0.14705  -0.14651  -0.14635  -0.14588  -0.14487  -0.14481  -0.14449  -0.14366
       -0.14342  -0.14287  -0.14229  -0.14209  -0.14141  -0.14091  -0.14051  -0.14007  -0.13995
       -0.13954  -0.13927  -0.13895  -0.13870  -0.13825  -0.13818  -0.13742  -0.13691  -0.13643
       -0.13623  -0.13567  -0.13509  -0.13486  -0.13473  -0.13432  -0.13380  -0.13373  -0.13357
       -0.13297  -0.13279  -0.13261  -0.13218  -0.13214  -0.13165  -0.13124  -0.13102  -0.13041
       -0.13005  -0.12990  -0.12951  -0.12931  -0.12895  -0.12848  -0.12814  -0.12795  -0.12772
       -0.12748  -0.12696  -0.12674  -0.12651  -0.12628  -0.12588  -0.12566  -0.12539  -0.12516
       -0.12500  -0.12459  -0.12430  -0.12413  -0.12387  -0.12358  -0.12324  -0.12309  -0.12267
       -0.12253  -0.12228  -0.12223  -0.12184  -0.12159  -0.12143  -0.12115  -0.12104  -0.12067
       -0.12027  -0.11988  -0.11937  -0.11917  -0.11906  -0.11858  -0.11843  -0.11818  -0.11791
       -0.11748  -0.11745  -0.11727  -0.11721  -0.11698  -0.11672  -0.11619  -0.11605  -0.11564
       -0.11552  -0.11544  -0.11523  -0.11487  -0.11469  -0.11439  -0.11428  -0.11409  -0.11393
       -0.11380  -0.11365  -0.11352  -0.11315  -0.11305  -0.11274  -0.11240  -0.11222  -0.11207
       -0.11192  -0.11164  -0.11159  -0.11134  -0.11104  -0.11091  -0.11080  -0.11070  -0.11044
       -0.10984  -0.10981  -0.10971  -0.10942  -0.10927  -0.10911  -0.10892  -0.10884  -0.10832
       -0.10818  -0.10801  -0.10780  -0.10764  -0.10762  -0.10743  -0.10724  -0.10703  -0.10694
       -0.10677  -0.10666  -0.10655  -0.10613  -0.10608  -0.10587  -0.10577  -0.10561  -0.10539
       -0.10535  -0.10519  -0.10505  -0.10486  -0.10467  -0.10459  -0.10430  -0.10419  -0.10397
       -0.10390  -0.10369  -0.10337  -0.10319  -0.10301  -0.10284  -0.10277  -0.10254  -0.10240
       -0.10224  -0.10212  -0.10183  -0.10177  -0.10153  -0.10148  -0.10134  -0.10122  -0.10102
       -0.10089  -0.10072  -0.10063  -0.10032  -0.10022  -0.10008  -0.09998  -0.09975  -0.09968
       -0.09947  -0.09936  -0.09932  -0.09919  -0.09902  -0.09879  -0.09864  -0.09863  -0.09851
       -0.09841  -0.09819  -0.09790  -0.09782  -0.09756  -0.09751  -0.09739  -0.09735  -0.09723
       -0.09706
        
     --------------------------------------------------------------------------------------------
     Tot. elapsed time 01h-05m-13.5s,  time spent in last iteration 07m-45.2s
     --------------------------------------------------------------------------------------------
      
     --------------------------------------------------------------------------------------------
     Database written in 11.1s               
     In location : ./si_1000.wstat.save
     --------------------------------------------------------------------------------------------
       
     --------------------------------------------------------------------------------------------
     Convergence achieved !!! in        3 steps                          
     --------------------------------------------------------------------------------------------
 
     WSTAT        :     0h31m CPU        1h 5m WALL

     wstat_readin :      0.56s CPU      1.78s WALL (       1 calls)
     fetch_nml    :      0.03s CPU      0.07s WALL (       1 calls)
     read_xml     :      0.31s CPU      0.89s WALL (       1 calls)
     init_vloc    :      0.02s CPU      0.03s WALL (       2 calls)
     fft          :      0.03s CPU      0.21s WALL (      11 calls)
     fft_scatter  :    205.08s CPU    488.07s WALL ( 1351909 calls)
     v_of_rho     :      0.04s CPU      0.10s WALL (       1 calls)
     v_xc         :      0.03s CPU      0.09s WALL (       1 calls)
     v_h          :      0.00s CPU      0.00s WALL (       1 calls)
     read_wave    :      0.21s CPU      0.81s WALL (       1 calls)
     davcio       :      0.00s CPU      0.22s WALL (       2 calls)
     init_us_1    :      0.01s CPU      0.03s WALL (       2 calls)
     do_setup     :      0.03s CPU      0.07s WALL (       1 calls)
     init_pw_ar   :      0.03s CPU      0.07s WALL (       1 calls)
     init_at_1    :      0.00s CPU      0.00s WALL (       1 calls)
     storesqvc    :      0.01s CPU      0.02s WALL (       1 calls)
     chidiago     :   1891.71s CPU   3954.24s WALL (       1 calls)
     randomize    :      0.12s CPU      0.23s WALL (       1 calls)
     paramgs      :      4.58s CPU      9.32s WALL (       5 calls)
     dfpt         :   1846.48s CPU   3702.37s WALL (       5 calls)
     init_us_2    :      0.02s CPU      0.04s WALL (       5 calls)
     fftw         :    747.16s CPU   1493.57s WALL ( 1351898 calls)
     alphapc      :      4.76s CPU      9.44s WALL (     274 calls)
     wstat_restar :     24.30s CPU    172.27s WALL (       4 calls)
     linstern     :   1433.75s CPU   2872.54s WALL (     211 calls)
     stern        :   1348.69s CPU   2687.80s WALL (   14319 calls)
     h_psi_bgrp   :   1175.49s CPU   2338.66s WALL (   14319 calls)
     h_psi        :   1175.46s CPU   2338.64s WALL (   14319 calls)
     h_psi:pot    :   1166.99s CPU   2320.33s WALL (   14319 calls)
     vloc_psi     :    787.27s CPU   1565.60s WALL (   14319 calls)
     h_psi:calbec :    190.80s CPU    429.29s WALL (   14319 calls)
     calbec       :    190.79s CPU    429.23s WALL (   14319 calls)
     add_vuspsi   :    188.85s CPU    325.29s WALL (   14319 calls)
     alphapv      :    161.59s CPU    328.30s WALL (   14319 calls)
     build_hr     :      0.92s CPU      1.86s WALL (       4 calls)
     diagox       :     10.96s CPU     22.62s WALL (       4 calls)
     redistr_vr   :      0.49s CPU      1.01s WALL (       3 calls)
     update_vr    :      1.30s CPU      2.66s WALL (       3 calls)
     symm_hr      :      0.48s CPU      1.01s WALL (       3 calls)
     chidiago:las :      0.00s CPU      0.00s WALL (       1 calls)
     refresh_vr   :      0.43s CPU      0.88s WALL (       1 calls)
     pdep_db      :      1.40s CPU     11.19s WALL (       1 calls)
 
     WSTAT        :     0h31m CPU        1h 5m WALL

 
   This run was terminated on:  17:12:51   5Dec2017            

=------------------------------------------------------------------------------=
   JOB DONE.
=------------------------------------------------------------------------------=
