
     Program WSTAT v. 2.0.0 starts on  6Nov2017 at  9:57:26 

     This program is part of the open-source West suite
     for massively parallel calculations of excited states in materials; please cite
         "M. Govoni et al., J. Chem. Theory Comput. 11, 2680 (2015);
          URL http://www.west-code.org", 
     in publications or presentations arising from this work.

     Based on the Quantum ESPRESSO v. 6.1 svn rev. 13369
       
     --------------------------------------------------------------------------------------------
     **MPI** Parallelization Status                                      
     --------------------------------------------------------------------------------------------
                   160                  16             1             1            10
     --------------------------------------------------------------------------------------------
                     N         =         I      X      P      X      B      X      Z
                     ^                   ^             ^             ^             ^
                     |                   |             |             |             |
                   #rnk                  |             |             |             |
                                      #image           |             |             |
                                                     #pool           |             |
                                                                   #bgrp           |
                                                                                 #R&G
     --------------------------------------------------------------------------------------------
     **OPENMP** Parallelization Status
     #thr/rnk               =            1
     --------------------------------------------------------------------------------------------
     #prc = (rnk) * (thr) =          160
     --------------------------------------------------------------------------------------------
       
     --------------------------------------------------------------------------------------------
     I/O Summary : input_west                                            
     --------------------------------------------------------------------------------------------
     qe_prefix      = si-1000
     west_prefix    = si-1000
     outdir         = ./
     --------------------------------------------------------------------------------------------
       
     --------------------------------------------------------------------------------------------
     I/O Summary : wstat_control                                         
     --------------------------------------------------------------------------------------------
     wstat_calculation              =              S
     n_pdep_eigen                   =           1000
     n_pdep_times                   =              4
     n_pdep_maxiter                 =            100
     n_dfpt_maxiter                 =            250
     n_pdep_read_from_file          =              0
     trev_pdep                      =   1.000000E-03
     trev_pdep_rel                  =   1.000000E-01
     tr2_dfpt                       =   1.000000E-12
     l_kinetic_only                 =              F
     l_minimize_exx_if_active       =              F
     l_use_ecutrho                  =              F
     --------------------------------------------------------------------------------------------

     Reading data from directory:
     ./si-1000.save

   Info: using nr1, nr2, nr3 values from input

   Info: using nr1, nr2, nr3 values from input

     IMPORTANT: XC functional enforced from input :
     Exchange-correlation      = PBE ( 1  4  3  4 0 0)
     Any further DFT definition will be discarded
     Please, verify this is what you really want

 
     Parallelization info
     --------------------
     sticks:   dense  smooth     PW     G-vecs:    dense   smooth      PW
     Min         536     536    134                29584    29584    3706
     Max         538     538    136                29594    29594    3708
     Sum        5377    5377   1353               295907   295907   37073
 
       
     --------------------------------------------------------------------------------------------
     System Overview                                                     
     --------------------------------------------------------------------------------------------
     gamma_only           =              T
     ecutwfc [Ry]         =      40.000000
     omega [au^3]         =   8.650474E+03
     glob. #G             =          18537
     nbnd                 =            250
     nkstot               =              1
     nspin                =              1
     nelec                =     256.000000
     npol                 =              1
     lsda                 =              F
     noncolin             =              F
     lspinorb             =              F
     domag                =              F
     --------------------------------------------------------------------------------------------

     sFFT G-space:   147954 G-vectors     R-space: (  90,  90,  90)
     dFFT G-space:   147954 G-vectors     R-space: (  90,  90,  90)

     Cell [a.u.]          =      20.528000      0.000000      0.000000
                          =       0.000000     20.528000      0.000000
                          =       0.000000      0.000000     20.528000
      
     number of ks points=     1
                       cart. coord. in units 2pi/alat
        k(    1) = (   0.0000000   0.0000000   0.0000000), wk =   2.0000000

                       cryst. coord.
        k(    1) = (   0.0000000   0.0000000   0.0000000), wk =   2.0000000
 
     Spherical div        =   2.417578E-01
     Orthorombic div      =   2.379924E-01
       
     --------------------------------------------------------------------------------------------
     Parallelization for nvecx                                           
     --------------------------------------------------------------------------------------------
     nglob                =           4000
     nlevel               =             16
     Min nglob/nlevel     =            250
     Max nglob/nlevel     =            250
     --------------------------------------------------------------------------------------------

     [MEM] ----------------------------------------------------------
     [MEM] **Memory** analysis: QE
     [MEM] ----------------------------------------------------------
     [MEM] Allocated arrays           est. size (Mb)     dimensions
     [MEM] ----------------------------------------------------------
     [MEM] Kohn-Sham Wavefunctions       7.07 Mb     (   1854,  250)
     [MEM] NL pseudopotentials          14.48 Mb     (   1854,  512)
     [MEM] Each V/rho on FFT grid        1.11 Mb     (  72900)
     [MEM] Each G-vector array           0.11 Mb     (  14797)
     [MEM] G-vector shells               0.01 Mb     (   1325)
     [MEM] ----------------------------------------------------------
     [MEM] TOT                          22.79 Mb
     [MEM] ----------------------------------------------------------
     [MEM] 
     [MEM] ----------------------------------------------------------
     [MEM] **Memory** analysis: WSTAT global
     [MEM] ----------------------------------------------------------
     [MEM] Allocated arrays           est. size (Mb)     dimensions
     [MEM] ----------------------------------------------------------
     [MEM] dvg                           7.07 Mb     (   1854,  250)
     [MEM] dng                           7.07 Mb     (   1854,  250)
     [MEM] hr_distr                      7.63 Mb     (   4000,  250)
     [MEM] vr_distr                      7.63 Mb     (   4000,  250)
     [MEM] ----------------------------------------------------------
     [MEM] TOT                          29.40 Mb
     [MEM] ----------------------------------------------------------
     [MEM] 
     [MEM] ----------------------------------------------------------
     [MEM] **Memory** analysis: WSTAT temporary
     [MEM] ----------------------------------------------------------
     [MEM] Allocated arrays           est. size (Mb)     dimensions
     [MEM] ----------------------------------------------------------
     [MEM] dvpsi                         3.62 Mb     (   1854,  128)
     [MEM] dpsi                          3.62 Mb     (   1854,  128)
     [MEM] ----------------------------------------------------------
     [MEM] Total estimate                7.24 Mb
     [MEM] ----------------------------------------------------------

                       *----------*              *----------*               *----------*
     #     Iteration = | starting |   DFPT_dim = |     1000 |   Diago_dim = |     1000 |  x 1/2
                       *----------*              *----------*               *----------*
     per-process dynamical memory    84.7 Mb
  
       
     --------------------------------------------------------------------------------------------
     Sternheimer eq. solver... with lite-solver                          
     --------------------------------------------------------------------------------------------
     in progress... |#                   | 005% :               02.5s (E)               50.4s (X)
     in progress... |##                  | 010% :               04.3s (E)               43.8s (X)
     in progress... |###                 | 015% :               06.2s (E)               41.6s (X)
     in progress... |####                | 020% :               08.1s (E)               40.5s (X)
     in progress... |#####               | 025% :               09.9s (E)               39.8s (X)
     in progress... |######              | 030% :               11.8s (E)               39.4s (X)
     in progress... |#######             | 035% :               14.3s (E)               40.9s (X)
     in progress... |########            | 040% :               16.1s (E)               40.4s (X)
     in progress... |#########           | 045% :               18.0s (E)               40.0s (X)
     in progress... |##########          | 050% :               19.8s (E)               39.7s (X)
     in progress... |###########         | 055% :               21.7s (E)               39.5s (X)
     in progress... |############        | 060% :               23.5s (E)               39.3s (X)
     in progress... |#############       | 065% :               25.4s (E)               39.1s (X)
     in progress... |##############      | 070% :               27.9s (E)               39.9s (X)
     in progress... |###############     | 075% :               29.8s (E)               39.7s (X)
     in progress... |################    | 080% :               31.6s (E)               39.5s (X)
     in progress... |#################   | 085% :               33.5s (E)               39.4s (X)
     in progress... |##################  | 090% :               35.4s (E)               39.3s (X)
     in progress... |################### | 095% :               37.2s (E)               39.2s (X)
     in progress... |####################| 100% :               39.1s (E)               39.1s (X)
     --------------------------------------------------------------------------------------------

     [I/O] -------------------------------------------------------
     [I/O] RESTART written in < 00.1s             
     [I/O] In location   : ./si_1000.wstat.restart
     [I/O] -------------------------------------------------------

                       *----------*              *----------*               *----------*
     #     Iteration = | starting |   DFPT_dim = |     1000 |   Diago_dim = |     1000 |  x 2/2
                       *----------*              *----------*               *----------*
     per-process dynamical memory    91.0 Mb
  
       
     --------------------------------------------------------------------------------------------
     Sternheimer eq. solver... with threshold =   1.000000E-06           
     --------------------------------------------------------------------------------------------
     in progress... |#                   | 005% :               54.8s (E)           18m-17.5s (X)
     in progress... |##                  | 010% :           01m-35.6s (E)           15m-56.8s (X)
     in progress... |###                 | 015% :           02m-16.2s (E)           15m-08.2s (X)
     in progress... |####                | 020% :           02m-56.5s (E)           14m-42.6s (X)
     in progress... |#####               | 025% :           03m-36.7s (E)           14m-26.9s (X)
     in progress... |######              | 030% :           04m-16.7s (E)           14m-15.8s (X)
     in progress... |#######             | 035% :           05m-09.9s (E)           14m-45.5s (X)
     in progress... |########            | 040% :           05m-49.7s (E)           14m-34.2s (X)
     in progress... |#########           | 045% :           06m-29.4s (E)           14m-25.3s (X)
     in progress... |##########          | 050% :           07m-09.0s (E)           14m-18.0s (X)
     in progress... |###########         | 055% :           07m-48.5s (E)           14m-11.9s (X)
     in progress... |############        | 060% :           08m-27.8s (E)           14m-06.3s (X)
     in progress... |#############       | 065% :           09m-07.0s (E)           14m-01.6s (X)
     in progress... |##############      | 070% :           09m-59.1s (E)           14m-15.9s (X)
     in progress... |###############     | 075% :           10m-38.2s (E)           14m-10.9s (X)
     in progress... |################    | 080% :           11m-17.1s (E)           14m-06.4s (X)
     in progress... |#################   | 085% :           11m-55.9s (E)           14m-02.2s (X)
     in progress... |##################  | 090% :           12m-34.5s (E)           13m-58.4s (X)
     in progress... |################### | 095% :           13m-13.0s (E)           13m-54.7s (X)
     in progress... |####################| 100% :           13m-51.3s (E)           13m-51.3s (X)
     --------------------------------------------------------------------------------------------
     p-DIAGOX done in 02.5s with a SCALAPACK grid (12x12)
     --------------------------------------------------------------------------------------------
        
       -5.49855  -5.49834  -5.49821  -5.49787  -5.49779  -5.49734  -3.86415  -3.86407  -3.86365
       -3.86360  -3.86355  -3.86354  -3.86320  -3.86294  -3.86282  -3.86256  -3.86224  -3.86192
       -3.43002  -3.42975  -3.42917  -3.42915  -2.43707  -2.43685  -2.43665  -2.43645  -2.43620
       -2.43569  -2.33134  -2.33127  -2.33110  -2.33096  -2.33092  -2.33082  -2.33067  -2.33063
       -2.33055  -2.33035  -2.33009  -2.32991  -2.01953  -2.01949  -2.01928  -2.01918  -2.01906
       -2.01901  -2.01892  -2.01875  -2.01844  -2.01836  -2.01813  -2.01768  -1.95378  -1.95331
       -1.95287  -1.95275  -1.95240  -1.95223  -1.95197  -1.95173  -1.95164  -1.95137  -1.95100
       -1.95039  -1.87154  -1.87094  -1.87068  -1.87058  -1.59404  -1.59390  -1.59343  -1.59340
       -1.59307  -1.59300  -1.59269  -1.59255  -1.59243  -1.59235  -1.59169  -1.59109  -1.58022
       -1.57995  -1.57971  -1.57940  -1.57901  -1.57883  -1.56751  -1.56744  -1.56652  -1.56553
       -1.56507  -1.56447  -1.50045  -1.34430  -1.34390  -1.34371  -1.34332  -1.34311  -1.34268
       -1.34224  -1.34215  -1.34199  -1.34178  -1.34136  -1.34064  -1.34020  -1.34000  -1.33970
       -1.33860  -1.29367  -1.29209  -1.29200  -1.29150  -1.29094  -1.28921  -1.21901  -1.21868
       -1.21856  -1.21841  -1.21790  -1.21748  -1.21715  -1.21679  -1.21587  -1.21530  -1.21443
       -1.21428  -1.17342  -1.17322  -1.17266  -1.17237  -1.17184  -1.17139  -1.17091  -1.17052
       -1.16247  -1.16140  -1.16082  -1.16055  -1.16051  -1.15988  -1.15969  -1.15917  -1.15836
       -1.15803  -1.15759  -1.15642  -1.09751  -1.09733  -1.09637  -1.09600  -1.09567  -1.09558
       -1.07759  -1.07670  -1.07575  -1.06196  -1.06078  -1.05989  -1.05952  -1.05840  -1.05717
       -0.97664  -0.97567  -0.97545  -0.97480  -0.97430  -0.97339  -0.97238  -0.97131  -0.93857
       -0.93767  -0.93690  -0.93659  -0.93624  -0.93508  -0.93499  -0.93465  -0.93369  -0.93279
       -0.93114  -0.92893  -0.90284  -0.90212  -0.90156  -0.90078  -0.90029  -0.90005  -0.89900
       -0.89843  -0.89791  -0.89725  -0.89670  -0.89650  -0.82449  -0.82333  -0.82314  -0.82171
       -0.82167  -0.82106  -0.82055  -0.81951  -0.81898  -0.81806  -0.81721  -0.81669  -0.81541
       -0.81464  -0.81288  -0.80199  -0.80162  -0.80086  -0.80061  -0.80001  -0.79941  -0.79880
       -0.79788  -0.79781  -0.79611  -0.79538  -0.79397  -0.77368  -0.77252  -0.77187  -0.77164
       -0.77099  -0.77032  -0.76961  -0.76919  -0.76841  -0.76782  -0.76674  -0.76613  -0.76532
       -0.76373  -0.76349  -0.76303  -0.76237  -0.76121  -0.76070  -0.76027  -0.75976  -0.75832
       -0.75712  -0.75435  -0.68388  -0.68334  -0.67536  -0.67400  -0.67325  -0.67101  -0.66999
       -0.66869  -0.65481  -0.65408  -0.65348  -0.65307  -0.65192  -0.65174  -0.65093  -0.65059
       -0.64936  -0.64837  -0.64729  -0.64599  -0.63729  -0.63698  -0.63648  -0.63522  -0.63505
       -0.63406  -0.63325  -0.63290  -0.63236  -0.63092  -0.63079  -0.62867  -0.62431  -0.62355
       -0.62180  -0.62081  -0.61833  -0.58396  -0.58283  -0.58218  -0.58030  -0.58013  -0.57915
       -0.57768  -0.57639  -0.56594  -0.56489  -0.56436  -0.56377  -0.56320  -0.56273  -0.56119
       -0.55978  -0.55925  -0.55855  -0.55774  -0.55688  -0.55619  -0.55482  -0.55398  -0.55277
       -0.55249  -0.55193  -0.55047  -0.55000  -0.54923  -0.54799  -0.54724  -0.54657  -0.54595
       -0.54474  -0.54367  -0.54233  -0.54196  -0.54042  -0.54007  -0.53896  -0.53880  -0.53794
       -0.53773  -0.53705  -0.53689  -0.53626  -0.53564  -0.53513  -0.53492  -0.53458  -0.53417
       -0.53294  -0.53238  -0.53161  -0.53115  -0.53036  -0.53020  -0.52939  -0.52910  -0.52835
       -0.52742  -0.52600  -0.52579  -0.52368  -0.52301  -0.52155  -0.51999  -0.51804  -0.51770
       -0.51748  -0.51553  -0.51530  -0.51172  -0.50946  -0.50889  -0.50859  -0.50707  -0.50693
       -0.50571  -0.50468  -0.50379  -0.50320  -0.50109  -0.50039  -0.50032  -0.49866  -0.49796
       -0.49465  -0.49408  -0.49319  -0.49232  -0.48936  -0.47930  -0.47852  -0.47619  -0.47605
       -0.47554  -0.47490  -0.47409  -0.46321  -0.46104  -0.46078  -0.45997  -0.45968  -0.45867
       -0.45797  -0.45775  -0.45733  -0.45706  -0.45617  -0.45534  -0.45424  -0.45395  -0.45293
       -0.45191  -0.45113  -0.45008  -0.44956  -0.44791  -0.44682  -0.44646  -0.44394  -0.44310
       -0.44229  -0.44185  -0.44036  -0.43849  -0.43782  -0.43698  -0.43661  -0.43643  -0.43572
       -0.43489  -0.43424  -0.43383  -0.43365  -0.43341  -0.43252  -0.43171  -0.43144  -0.43112
       -0.43047  -0.43027  -0.42926  -0.42865  -0.42820  -0.42745  -0.42704  -0.42643  -0.42568
       -0.42530  -0.42481  -0.42425  -0.42387  -0.42347  -0.42326  -0.42228  -0.42175  -0.42148
       -0.42096  -0.42083  -0.42037  -0.42000  -0.41915  -0.41823  -0.41758  -0.41682  -0.41661
       -0.41638  -0.41576  -0.41496  -0.41472  -0.41337  -0.41300  -0.41271  -0.41208  -0.41142
       -0.41057  -0.41028  -0.41010  -0.40927  -0.40793  -0.40754  -0.40704  -0.40644  -0.40566
       -0.40531  -0.40435  -0.40390  -0.40293  -0.40223  -0.40205  -0.40162  -0.40078  -0.40028
       -0.39919  -0.39743  -0.39640  -0.39609  -0.39457  -0.39395  -0.39309  -0.39196  -0.39138
       -0.39082  -0.38971  -0.38854  -0.38626  -0.38558  -0.38443  -0.38364  -0.38322  -0.38187
       -0.38068  -0.37821  -0.37611  -0.37569  -0.37316  -0.37176  -0.36823  -0.36624  -0.36513
       -0.36439  -0.36393  -0.36293  -0.36266  -0.36205  -0.36017  -0.35975  -0.35949  -0.35863
       -0.35801  -0.35749  -0.35679  -0.35503  -0.35428  -0.35349  -0.35247  -0.35168  -0.35107
       -0.35043  -0.34945  -0.34872  -0.34726  -0.34670  -0.34606  -0.34449  -0.34300  -0.34208
       -0.34133  -0.34011  -0.33957  -0.33772  -0.33754  -0.33638  -0.33627  -0.33558  -0.33443
       -0.33397  -0.33231  -0.33142  -0.33084  -0.32907  -0.32737  -0.32651  -0.32547  -0.32450
       -0.32428  -0.32305  -0.32214  -0.32140  -0.31978  -0.31922  -0.31875  -0.31752  -0.31714
       -0.31578  -0.31518  -0.31454  -0.31336  -0.31225  -0.31213  -0.31145  -0.31046  -0.30929
       -0.30811  -0.30724  -0.30641  -0.30580  -0.30535  -0.30421  -0.30343  -0.30308  -0.30217
       -0.30165  -0.30061  -0.29966  -0.29905  -0.29840  -0.29767  -0.29700  -0.29685  -0.29596
       -0.29583  -0.29492  -0.29434  -0.29411  -0.29340  -0.29261  -0.29236  -0.29165  -0.29131
       -0.29094  -0.29001  -0.28927  -0.28849  -0.28799  -0.28780  -0.28731  -0.28656  -0.28610
       -0.28510  -0.28492  -0.28442  -0.28361  -0.28282  -0.28235  -0.28180  -0.28110  -0.28017
       -0.27976  -0.27905  -0.27798  -0.27710  -0.27640  -0.27631  -0.27534  -0.27495  -0.27362
       -0.27355  -0.27294  -0.27078  -0.27067  -0.26980  -0.26844  -0.26823  -0.26780  -0.26675
       -0.26628  -0.26430  -0.26355  -0.26277  -0.26228  -0.26100  -0.26072  -0.25910  -0.25796
       -0.25698  -0.25620  -0.25580  -0.25492  -0.25392  -0.25251  -0.25171  -0.25120  -0.25080
       -0.24980  -0.24903  -0.24811  -0.24673  -0.24562  -0.24500  -0.24328  -0.24234  -0.24214
       -0.24066  -0.24018  -0.23924  -0.23865  -0.23753  -0.23644  -0.23565  -0.23319  -0.23275
       -0.23234  -0.23130  -0.23086  -0.23004  -0.22965  -0.22894  -0.22793  -0.22689  -0.22563
       -0.22504  -0.22417  -0.22348  -0.22272  -0.22190  -0.22089  -0.22076  -0.21919  -0.21902
       -0.21735  -0.21696  -0.21623  -0.21549  -0.21477  -0.21395  -0.21293  -0.21286  -0.21191
       -0.21095  -0.21020  -0.20945  -0.20829  -0.20793  -0.20751  -0.20703  -0.20641  -0.20580
       -0.20513  -0.20468  -0.20391  -0.20285  -0.20261  -0.20207  -0.20163  -0.20102  -0.20026
       -0.20004  -0.19970  -0.19874  -0.19825  -0.19735  -0.19720  -0.19655  -0.19553  -0.19524
       -0.19471  -0.19397  -0.19353  -0.19307  -0.19281  -0.19208  -0.19156  -0.19141  -0.19037
       -0.18971  -0.18944  -0.18906  -0.18848  -0.18784  -0.18730  -0.18669  -0.18637  -0.18533
       -0.18521  -0.18444  -0.18380  -0.18319  -0.18235  -0.18195  -0.18145  -0.18083  -0.18034
       -0.17940  -0.17928  -0.17880  -0.17767  -0.17738  -0.17672  -0.17634  -0.17589  -0.17526
       -0.17475  -0.17439  -0.17378  -0.17345  -0.17301  -0.17221  -0.17182  -0.17134  -0.17098
       -0.17049  -0.16982  -0.16949  -0.16929  -0.16908  -0.16830  -0.16804  -0.16755  -0.16694
       -0.16607  -0.16544  -0.16538  -0.16492  -0.16418  -0.16390  -0.16330  -0.16309  -0.16207
       -0.16189  -0.16125  -0.16006  -0.16002  -0.15970  -0.15962  -0.15942  -0.15885  -0.15866
       -0.15842  -0.15782  -0.15746  -0.15709  -0.15633  -0.15619  -0.15559  -0.15514  -0.15468
       -0.15416  -0.15392  -0.15358  -0.15306  -0.15271  -0.15217  -0.15203  -0.15154  -0.15110
       -0.15086  -0.15068  -0.15000  -0.14968  -0.14945  -0.14900  -0.14894  -0.14839  -0.14799
       -0.14760  -0.14685  -0.14660  -0.14644  -0.14635  -0.14551  -0.14528  -0.14483  -0.14432
       -0.14413  -0.14346  -0.14327  -0.14284  -0.14276  -0.14197  -0.14188  -0.14151  -0.14133
       -0.14042  -0.14012  -0.13988  -0.13938  -0.13865  -0.13823  -0.13799  -0.13761  -0.13711
       -0.13675  -0.13647  -0.13640  -0.13581  -0.13534  -0.13505  -0.13446  -0.13418  -0.13378
       -0.13347  -0.13324  -0.13274  -0.13231  -0.13205  -0.13144  -0.13123  -0.13096  -0.13045
       -0.13009  -0.12945  -0.12877  -0.12833  -0.12817  -0.12787  -0.12730  -0.12713  -0.12704
       -0.12660  -0.12630  -0.12590  -0.12567  -0.12518  -0.12499  -0.12412  -0.12400  -0.12367
       -0.12322  -0.12270  -0.12227  -0.12169  -0.12136  -0.12071  -0.12038  -0.12009  -0.11955
       -0.11915  -0.11880  -0.11854  -0.11830  -0.11752  -0.11750  -0.11709  -0.11685  -0.11611
       -0.11579  -0.11543  -0.11511  -0.11496  -0.11487  -0.11460  -0.11446  -0.11353  -0.11350
       -0.11301  -0.11251  -0.11227  -0.11202  -0.11168  -0.11111  -0.11075  -0.11029  -0.11017
       -0.10980  -0.10936  -0.10918  -0.10875  -0.10849  -0.10738  -0.10719  -0.10708  -0.10662
       -0.10637  -0.10573  -0.10558  -0.10527  -0.10498  -0.10491  -0.10462  -0.10433  -0.10387
       -0.10346  -0.10324  -0.10253  -0.10229  -0.10203  -0.10144  -0.10129  -0.10096  -0.10063
       -0.10018  -0.09998  -0.09942  -0.09905  -0.09856  -0.09832  -0.09809  -0.09761  -0.09699
       -0.09673  -0.09645  -0.09572  -0.09543  -0.09518  -0.09470  -0.09451  -0.09393  -0.09368
       -0.09356  -0.09322  -0.09280  -0.09257  -0.09182  -0.09153  -0.09097  -0.09055  -0.09033
       -0.09022  -0.08987  -0.08885  -0.08857  -0.08811  -0.08786  -0.08767  -0.08699  -0.08683
       -0.08647  -0.08626  -0.08496  -0.08454  -0.08430  -0.08417  -0.08364  -0.08342  -0.08317
       -0.08271  -0.08162  -0.08111  -0.07986  -0.07947  -0.07941  -0.07888  -0.07821  -0.07763
       -0.07643
        
     --------------------------------------------------------------------------------------------
     Tot. elapsed time 17m-53.4s,  time spent in last iteration 17m-53.4s
     --------------------------------------------------------------------------------------------

     [I/O] -------------------------------------------------------
     [I/O] RESTART written in < 00.1s             
     [I/O] In location   : ./si_1000.wstat.restart
     [I/O] -------------------------------------------------------

                       *----------*              *----------*               *----------*
     #     Iteration = |        1 |   DFPT_dim = |     1000 |   Diago_dim = |     2000 |
                       *----------*              *----------*               *----------*
     per-process dynamical memory   121.3 Mb
  
       
     --------------------------------------------------------------------------------------------
     Sternheimer eq. solver... with threshold =   1.000000E-12           
     --------------------------------------------------------------------------------------------
     in progress... |#                   | 005% :           01m-31.3s (E)           30m-27.3s (X)
     in progress... |##                  | 010% :           02m-39.8s (E)           26m-38.6s (X)
     in progress... |###                 | 015% :           03m-48.2s (E)           25m-21.7s (X)
     in progress... |####                | 020% :           04m-56.8s (E)           24m-44.2s (X)
     in progress... |#####               | 025% :           06m-05.1s (E)           24m-20.5s (X)
     in progress... |######              | 030% :           07m-13.4s (E)           24m-04.7s (X)
     in progress... |#######             | 035% :           08m-21.6s (E)           23m-53.1s (X)
     in progress... |########            | 040% :           09m-29.5s (E)           23m-43.9s (X)
     in progress... |#########           | 045% :           10m-37.6s (E)           23m-36.8s (X)
     in progress... |##########          | 050% :           11m-45.7s (E)           23m-31.4s (X)
     in progress... |###########         | 055% :           13m-16.5s (E)           24m-08.3s (X)
     in progress... |############        | 060% :           14m-24.5s (E)           24m-00.8s (X)
     in progress... |#############       | 065% :           15m-32.1s (E)           23m-54.1s (X)
     in progress... |##############      | 070% :           16m-39.4s (E)           23m-47.7s (X)
     in progress... |###############     | 075% :           17m-46.2s (E)           23m-41.6s (X)
     in progress... |################    | 080% :           18m-52.8s (E)           23m-36.0s (X)
     in progress... |#################   | 085% :           19m-59.4s (E)           23m-31.1s (X)
     in progress... |##################  | 090% :           21m-05.8s (E)           23m-26.4s (X)
     in progress... |################### | 095% :           22m-12.1s (E)           23m-22.2s (X)
     in progress... |####################| 100% :           23m-18.3s (E)           23m-18.3s (X)
     --------------------------------------------------------------------------------------------
     p-DIAGOX done in 04.1s with a SCALAPACK grid (12x12)
     --------------------------------------------------------------------------------------------
        
       -5.50513  -5.50509  -5.50507  -5.50503  -5.50500  -5.50497  -3.86981  -3.86980  -3.86978
       -3.86977  -3.86975  -3.86974  -3.86972  -3.86970  -3.86969  -3.86968  -3.86966  -3.86964
       -3.43602  -3.43601  -3.43601  -3.43598  -2.44199  -2.44198  -2.44198  -2.44197  -2.44197
       -2.44197  -2.33523  -2.33522  -2.33521  -2.33520  -2.33520  -2.33519  -2.33518  -2.33518
       -2.33516  -2.33516  -2.33515  -2.33514  -2.02392  -2.02392  -2.02391  -2.02391  -2.02389
       -2.02389  -2.02389  -2.02389  -2.02387  -2.02387  -2.02387  -2.02386  -1.96074  -1.96074
       -1.96072  -1.96072  -1.96071  -1.96071  -1.96071  -1.96070  -1.96070  -1.96069  -1.96068
       -1.96068  -1.87618  -1.87618  -1.87617  -1.87617  -1.59958  -1.59958  -1.59957  -1.59957
       -1.59957  -1.59957  -1.59956  -1.59956  -1.59956  -1.59956  -1.59955  -1.59955  -1.58476
       -1.58476  -1.58474  -1.58473  -1.58472  -1.58471  -1.57733  -1.57732  -1.57732  -1.57732
       -1.57732  -1.57731  -1.50642  -1.35300  -1.35299  -1.35299  -1.35299  -1.35298  -1.35298
       -1.35298  -1.35297  -1.35297  -1.35297  -1.35296  -1.35296  -1.34949  -1.34948  -1.34948
       -1.34947  -1.30326  -1.30326  -1.30326  -1.30326  -1.30326  -1.30325  -1.22852  -1.22852
       -1.22851  -1.22851  -1.22851  -1.22851  -1.22851  -1.22850  -1.22850  -1.22850  -1.22849
       -1.22849  -1.18369  -1.18368  -1.18368  -1.18368  -1.18368  -1.18368  -1.18367  -1.18367
       -1.17167  -1.17167  -1.17167  -1.17166  -1.17166  -1.17166  -1.17166  -1.17165  -1.17165
       -1.17165  -1.17165  -1.17164  -1.10495  -1.10495  -1.10495  -1.10494  -1.10494  -1.10494
       -1.08946  -1.08946  -1.08946  -1.07452  -1.07452  -1.07452  -1.07452  -1.07451  -1.07451
       -0.98781  -0.98781  -0.98781  -0.98781  -0.98781  -0.98780  -0.98780  -0.98780  -0.95014
       -0.95014  -0.95014  -0.95014  -0.95013  -0.95013  -0.95013  -0.95013  -0.95013  -0.95012
       -0.95012  -0.95012  -0.91420  -0.91420  -0.91420  -0.91420  -0.91419  -0.91419  -0.91419
       -0.91419  -0.91419  -0.91419  -0.91418  -0.91418  -0.83717  -0.83717  -0.83716  -0.83592
       -0.83591  -0.83591  -0.83590  -0.83590  -0.83590  -0.83590  -0.83590  -0.83589  -0.83589
       -0.83589  -0.83588  -0.81443  -0.81442  -0.81442  -0.81442  -0.81442  -0.81441  -0.81441
       -0.81441  -0.81441  -0.81440  -0.81440  -0.81439  -0.78675  -0.78675  -0.78674  -0.78674
       -0.78674  -0.78673  -0.78673  -0.78673  -0.78672  -0.78672  -0.78671  -0.78671  -0.78162
       -0.78162  -0.78161  -0.78161  -0.78161  -0.78160  -0.78160  -0.78160  -0.78160  -0.78159
       -0.78159  -0.78157  -0.70057  -0.70056  -0.69545  -0.69545  -0.69544  -0.69544  -0.69542
       -0.69541  -0.66961  -0.66960  -0.66960  -0.66959  -0.66959  -0.66958  -0.66958  -0.66958
       -0.66957  -0.66957  -0.66956  -0.66955  -0.65516  -0.65515  -0.65515  -0.65514  -0.65512
       -0.65509  -0.65224  -0.65223  -0.65223  -0.65223  -0.65222  -0.65221  -0.64807  -0.64806
       -0.64804  -0.64803  -0.63540  -0.60128  -0.60127  -0.60127  -0.60126  -0.60125  -0.60122
       -0.60121  -0.60118  -0.58804  -0.58802  -0.58800  -0.58797  -0.58520  -0.58519  -0.58519
       -0.58517  -0.58516  -0.58515  -0.58515  -0.58513  -0.58512  -0.58508  -0.58506  -0.58504
       -0.57536  -0.57536  -0.57534  -0.57534  -0.57532  -0.57531  -0.57531  -0.57530  -0.57528
       -0.57527  -0.57524  -0.57519  -0.56295  -0.56294  -0.56292  -0.56290  -0.56289  -0.56287
       -0.56286  -0.56285  -0.56284  -0.56283  -0.56279  -0.56278  -0.56143  -0.56142  -0.56141
       -0.56140  -0.56139  -0.56139  -0.56137  -0.56136  -0.56133  -0.56132  -0.56130  -0.56128
       -0.55698  -0.55697  -0.55694  -0.55691  -0.55690  -0.55685  -0.55556  -0.55556  -0.55555
       -0.55554  -0.55552  -0.55551  -0.54427  -0.54422  -0.54419  -0.54414  -0.54413  -0.54408
       -0.53869  -0.53867  -0.53866  -0.53861  -0.53860  -0.53856  -0.53243  -0.53240  -0.53240
       -0.53238  -0.53237  -0.53234  -0.53232  -0.53229  -0.49922  -0.49920  -0.49916  -0.49913
       -0.49524  -0.49522  -0.49521  -0.48454  -0.48451  -0.48450  -0.48448  -0.48445  -0.48444
       -0.48436  -0.48432  -0.48429  -0.48426  -0.48424  -0.48416  -0.48001  -0.48000  -0.47997
       -0.47994  -0.47994  -0.47993  -0.47990  -0.47989  -0.47988  -0.47984  -0.47982  -0.47976
       -0.46486  -0.46485  -0.46484  -0.46481  -0.46479  -0.46475  -0.46472  -0.46470  -0.46463
       -0.46460  -0.46458  -0.46449  -0.46179  -0.46177  -0.46171  -0.46171  -0.46167  -0.46165
       -0.46162  -0.46159  -0.46155  -0.46153  -0.46146  -0.46142  -0.45979  -0.45978  -0.45973
       -0.45970  -0.45969  -0.45957  -0.45580  -0.45577  -0.45574  -0.45571  -0.45571  -0.45567
       -0.45565  -0.45561  -0.45558  -0.45553  -0.45549  -0.45544  -0.45541  -0.45536  -0.45533
       -0.45529  -0.45528  -0.45522  -0.45516  -0.45516  -0.45505  -0.45500  -0.45498  -0.45487
       -0.44900  -0.44896  -0.44895  -0.44893  -0.44890  -0.44885  -0.44881  -0.44880  -0.44874
       -0.44870  -0.44860  -0.44855  -0.44406  -0.44405  -0.44401  -0.44400  -0.44397  -0.44394
       -0.44389  -0.44385  -0.44372  -0.44369  -0.44366  -0.44360  -0.44118  -0.44115  -0.44113
       -0.44111  -0.44109  -0.44105  -0.44104  -0.44100  -0.44097  -0.44092  -0.44089  -0.44081
       -0.43365  -0.43363  -0.43360  -0.43352  -0.43347  -0.43346  -0.41443  -0.41433  -0.41425
       -0.41402  -0.41388  -0.41369  -0.39137  -0.39136  -0.39133  -0.39131  -0.39128  -0.39125
       -0.39123  -0.39120  -0.39118  -0.39114  -0.39106  -0.39103  -0.39040  -0.39031  -0.38999
       -0.38987  -0.38980  -0.38962  -0.38957  -0.38952  -0.38927  -0.38913  -0.38886  -0.38881
       -0.38869  -0.38845  -0.38835  -0.38527  -0.38523  -0.38511  -0.38506  -0.38500  -0.38493
       -0.38482  -0.38480  -0.38457  -0.38432  -0.38416  -0.38375  -0.38278  -0.38275  -0.38272
       -0.38268  -0.38267  -0.38263  -0.38261  -0.38256  -0.38254  -0.38251  -0.38242  -0.38236
       -0.38224  -0.38220  -0.38211  -0.38204  -0.38197  -0.38194  -0.38191  -0.38173  -0.38163
       -0.38140  -0.38137  -0.38109  -0.37879  -0.37815  -0.37805  -0.36462  -0.36458  -0.36440
       -0.36416  -0.34273  -0.34267  -0.34264  -0.34242  -0.34238  -0.34229  -0.33287  -0.33279
       -0.33257  -0.33251  -0.33240  -0.33231  -0.33215  -0.33192  -0.33019  -0.33008  -0.33000
       -0.32970  -0.32947  -0.32945  -0.32645  -0.32640  -0.32634  -0.32627  -0.32622  -0.32620
       -0.32617  -0.32609  -0.32603  -0.32597  -0.32593  -0.32590  -0.32585  -0.32582  -0.32577
       -0.32565  -0.32564  -0.32561  -0.32558  -0.32554  -0.32541  -0.32527  -0.32524  -0.32516
       -0.32511  -0.32505  -0.32491  -0.32475  -0.32460  -0.32450  -0.31201  -0.31194  -0.31188
       -0.31185  -0.31180  -0.31172  -0.31166  -0.31161  -0.31151  -0.31143  -0.31137  -0.31115
       -0.30112  -0.30099  -0.30060  -0.30044  -0.30025  -0.29995  -0.29731  -0.29679  -0.29661
       -0.29011  -0.28997  -0.28987  -0.28978  -0.28796  -0.28787  -0.28769  -0.28748  -0.28731
       -0.28719  -0.28403  -0.28370  -0.28351  -0.28334  -0.28326  -0.28304  -0.28299  -0.28283
       -0.27330  -0.27312  -0.27298  -0.27295  -0.27284  -0.27271  -0.27246  -0.27229  -0.27208
       -0.27190  -0.27189  -0.27154  -0.27137  -0.27128  -0.27115  -0.27054  -0.26017  -0.25991
       -0.25974  -0.25971  -0.25959  -0.25954  -0.25939  -0.25917  -0.25888  -0.25870  -0.25861
       -0.25858  -0.25851  -0.25841  -0.25835  -0.25810  -0.25797  -0.25787  -0.25769  -0.25758
       -0.25741  -0.25704  -0.25701  -0.25645  -0.25571  -0.25562  -0.25521  -0.25494  -0.25484
       -0.25426  -0.24699  -0.24665  -0.24656  -0.24636  -0.24616  -0.24585  -0.23334  -0.23318
       -0.23302  -0.23290  -0.23288  -0.23256  -0.23217  -0.23206  -0.23190  -0.23150  -0.23132
       -0.23085  -0.23012  -0.22988  -0.22971  -0.22945  -0.22938  -0.22916  -0.22874  -0.22858
       -0.22837  -0.22806  -0.22787  -0.22756  -0.22613  -0.22569  -0.22547  -0.22531  -0.22519
       -0.22507  -0.22484  -0.22471  -0.22440  -0.22415  -0.22387  -0.22343  -0.22011  -0.21976
       -0.21973  -0.21951  -0.21928  -0.21913  -0.21886  -0.21878  -0.21873  -0.21849  -0.21825
       -0.21752  -0.21556  -0.20893  -0.20822  -0.20755  -0.20739  -0.20714  -0.20677  -0.20668
       -0.20638  -0.20633  -0.20630  -0.20575  -0.20535  -0.20500  -0.20485  -0.20445  -0.20433
       -0.20378  -0.20321  -0.20297  -0.20286  -0.20276  -0.20270  -0.20256  -0.20247  -0.20237
       -0.20225  -0.20214  -0.20186  -0.20184  -0.20172  -0.20155  -0.20135  -0.20111  -0.20094
       -0.19915  -0.19891  -0.19870  -0.19851  -0.19829  -0.19797  -0.19765  -0.19763  -0.19752
       -0.19735  -0.19721  -0.19716  -0.19701  -0.19679  -0.19657  -0.19649  -0.19629  -0.19624
       -0.19596  -0.19567  -0.19550  -0.19531  -0.19506  -0.19492  -0.19474  -0.19429  -0.19416
       -0.19397  -0.19365  -0.19344  -0.19308  -0.19288  -0.19270  -0.19253  -0.19221  -0.19201
       -0.19193  -0.19156  -0.19124  -0.19110  -0.19057  -0.19038  -0.19015  -0.18953  -0.18890
       -0.18873  -0.18844  -0.18805  -0.18788  -0.18748  -0.18664  -0.18631  -0.18510  -0.18450
       -0.18418  -0.18353  -0.18296  -0.18278  -0.18189  -0.18171  -0.18132  -0.18106  -0.18053
       -0.18029  -0.17987  -0.17960  -0.17957  -0.17915  -0.17902  -0.17844  -0.17794  -0.17764
       -0.17737  -0.17634  -0.17595  -0.17592  -0.17530  -0.17509  -0.17459  -0.17408  -0.17372
       -0.17341  -0.17309  -0.17302  -0.17287  -0.17260  -0.17252  -0.17223  -0.17216  -0.17207
       -0.17184  -0.17162  -0.17150  -0.17131  -0.17101  -0.17086  -0.17051  -0.17040  -0.17031
       -0.17004  -0.16963  -0.16951  -0.16929  -0.16916  -0.16902  -0.16858  -0.16826  -0.16818
       -0.16788  -0.16783  -0.16751  -0.16727  -0.16686  -0.16662  -0.16633  -0.16616  -0.16562
       -0.16538  -0.16481  -0.16437  -0.16393  -0.16332  -0.16313  -0.16303  -0.16253  -0.16221
       -0.16162  -0.16103  -0.16057  -0.16021  -0.15967  -0.15854  -0.15675  -0.15661  -0.15586
       -0.15566  -0.15540  -0.15476  -0.15411  -0.15330  -0.15277  -0.15259  -0.15206  -0.15174
       -0.15142  -0.15097  -0.15065  -0.14976  -0.14949  -0.14913  -0.14896  -0.14835  -0.14772
       -0.14725  -0.14704  -0.14672  -0.14629  -0.14514  -0.14487  -0.14480  -0.14445  -0.14354
       -0.14292  -0.14155  -0.14126  -0.14112  -0.14098  -0.14069  -0.14018  -0.14010  -0.13999
       -0.13979  -0.13950  -0.13924  -0.13916  -0.13895  -0.13880  -0.13866  -0.13853  -0.13815
       -0.13789  -0.13755  -0.13744  -0.13724  -0.13699  -0.13680  -0.13665  -0.13652  -0.13625
       -0.13604  -0.13594  -0.13573  -0.13559  -0.13558  -0.13535  -0.13496  -0.13480  -0.13434
       -0.13421
        
     --------------------------------------------------------------------------------------------
     Tot. elapsed time 47m-04.3s,  time spent in last iteration 28m-44.1s
     --------------------------------------------------------------------------------------------

     [I/O] -------------------------------------------------------
     [I/O] RESTART written in < 00.1s             
     [I/O] In location   : ./si_1000.wstat.restart
     [I/O] -------------------------------------------------------

                       *----------*              *----------*               *----------*
     #     Iteration = |        2 |   DFPT_dim = |     1000 |   Diago_dim = |     3000 |
                       *----------*              *----------*               *----------*
     per-process dynamical memory   125.0 Mb
  
       
     --------------------------------------------------------------------------------------------
     Sternheimer eq. solver... with threshold =   1.000000E-12           
     --------------------------------------------------------------------------------------------
     in progress... |#                   | 005% :           01m-28.1s (E)           29m-22.7s (X)
     in progress... |##                  | 010% :           02m-34.0s (E)           25m-40.2s (X)
     in progress... |###                 | 015% :           03m-40.0s (E)           24m-26.6s (X)
     in progress... |####                | 020% :           04m-45.9s (E)           23m-49.5s (X)
     in progress... |#####               | 025% :           05m-51.5s (E)           23m-26.2s (X)
     in progress... |######              | 030% :           06m-57.1s (E)           23m-10.4s (X)
     in progress... |#######             | 035% :           08m-24.5s (E)           24m-01.4s (X)
     in progress... |########            | 040% :           09m-29.9s (E)           23m-44.8s (X)
     in progress... |#########           | 045% :           10m-35.3s (E)           23m-31.9s (X)
     in progress... |##########          | 050% :           11m-40.7s (E)           23m-21.5s (X)
     in progress... |###########         | 055% :           12m-46.1s (E)           23m-13.0s (X)
     in progress... |############        | 060% :           13m-51.4s (E)           23m-05.6s (X)
     in progress... |#############       | 065% :           14m-56.5s (E)           22m-59.3s (X)
     in progress... |##############      | 070% :           16m-23.3s (E)           23m-24.8s (X)
     in progress... |###############     | 075% :           17m-28.4s (E)           23m-17.8s (X)
     in progress... |################    | 080% :           18m-33.3s (E)           23m-11.6s (X)
     in progress... |#################   | 085% :           19m-38.2s (E)           23m-06.2s (X)
     in progress... |##################  | 090% :           20m-43.1s (E)           23m-01.3s (X)
     in progress... |################### | 095% :           21m-47.9s (E)           22m-56.8s (X)
     in progress... |####################| 100% :           22m-52.7s (E)           22m-52.7s (X)
     --------------------------------------------------------------------------------------------
     p-DIAGOX done in 06.4s with a SCALAPACK grid (12x12)
     --------------------------------------------------------------------------------------------
        
       -5.50513  -5.50510  -5.50507  -5.50503  -5.50500  -5.50497  -3.86981  -3.86980  -3.86978
       -3.86977  -3.86975  -3.86974  -3.86972  -3.86970  -3.86969  -3.86968  -3.86966  -3.86964
       -3.43602  -3.43601  -3.43601  -3.43598  -2.44199  -2.44198  -2.44198  -2.44197  -2.44197
       -2.44197  -2.33523  -2.33523  -2.33521  -2.33520  -2.33520  -2.33519  -2.33518  -2.33518
       -2.33516  -2.33516  -2.33515  -2.33514  -2.02392  -2.02392  -2.02391  -2.02391  -2.02389
       -2.02389  -2.02389  -2.02389  -2.02387  -2.02387  -2.02387  -2.02386  -1.96074  -1.96074
       -1.96073  -1.96072  -1.96071  -1.96071  -1.96071  -1.96071  -1.96070  -1.96069  -1.96068
       -1.96068  -1.87618  -1.87618  -1.87618  -1.87617  -1.59958  -1.59958  -1.59958  -1.59957
       -1.59957  -1.59957  -1.59957  -1.59956  -1.59956  -1.59956  -1.59956  -1.59956  -1.58476
       -1.58476  -1.58474  -1.58474  -1.58473  -1.58472  -1.57733  -1.57733  -1.57733  -1.57732
       -1.57732  -1.57732  -1.50643  -1.35300  -1.35300  -1.35299  -1.35299  -1.35299  -1.35299
       -1.35298  -1.35298  -1.35298  -1.35297  -1.35297  -1.35296  -1.34950  -1.34949  -1.34948
       -1.34948  -1.30327  -1.30327  -1.30327  -1.30327  -1.30327  -1.30327  -1.22853  -1.22853
       -1.22852  -1.22852  -1.22852  -1.22852  -1.22852  -1.22851  -1.22851  -1.22851  -1.22850
       -1.22850  -1.18370  -1.18369  -1.18369  -1.18369  -1.18369  -1.18369  -1.18368  -1.18368
       -1.17168  -1.17168  -1.17168  -1.17167  -1.17167  -1.17167  -1.17167  -1.17166  -1.17166
       -1.17166  -1.17166  -1.17165  -1.10496  -1.10496  -1.10495  -1.10495  -1.10495  -1.10495
       -1.08947  -1.08947  -1.08947  -1.07454  -1.07453  -1.07453  -1.07453  -1.07453  -1.07453
       -0.98783  -0.98783  -0.98782  -0.98782  -0.98782  -0.98782  -0.98782  -0.98782  -0.95016
       -0.95016  -0.95016  -0.95016  -0.95016  -0.95016  -0.95016  -0.95015  -0.95015  -0.95015
       -0.95015  -0.95015  -0.91422  -0.91422  -0.91422  -0.91422  -0.91422  -0.91422  -0.91421
       -0.91421  -0.91421  -0.91421  -0.91421  -0.91420  -0.83720  -0.83720  -0.83720  -0.83594
       -0.83594  -0.83594  -0.83594  -0.83594  -0.83593  -0.83593  -0.83593  -0.83593  -0.83593
       -0.83593  -0.83593  -0.81445  -0.81445  -0.81445  -0.81445  -0.81445  -0.81445  -0.81445
       -0.81445  -0.81444  -0.81444  -0.81444  -0.81444  -0.78678  -0.78678  -0.78678  -0.78678
       -0.78678  -0.78678  -0.78678  -0.78678  -0.78678  -0.78677  -0.78677  -0.78677  -0.78166
       -0.78166  -0.78165  -0.78165  -0.78165  -0.78165  -0.78165  -0.78165  -0.78165  -0.78165
       -0.78165  -0.78164  -0.70060  -0.70060  -0.69553  -0.69553  -0.69552  -0.69552  -0.69552
       -0.69552  -0.66965  -0.66965  -0.66965  -0.66965  -0.66965  -0.66965  -0.66965  -0.66964
       -0.66964  -0.66964  -0.66964  -0.66964  -0.65522  -0.65522  -0.65522  -0.65522  -0.65522
       -0.65522  -0.65229  -0.65229  -0.65229  -0.65228  -0.65228  -0.65228  -0.64816  -0.64816
       -0.64816  -0.64816  -0.63551  -0.60136  -0.60136  -0.60136  -0.60136  -0.60136  -0.60136
       -0.60136  -0.60135  -0.58821  -0.58821  -0.58821  -0.58821  -0.58531  -0.58531  -0.58530
       -0.58530  -0.58530  -0.58530  -0.58530  -0.58530  -0.58530  -0.58530  -0.58530  -0.58530
       -0.57549  -0.57549  -0.57549  -0.57548  -0.57548  -0.57548  -0.57548  -0.57548  -0.57548
       -0.57548  -0.57548  -0.57548  -0.56307  -0.56307  -0.56307  -0.56307  -0.56307  -0.56307
       -0.56307  -0.56307  -0.56307  -0.56307  -0.56307  -0.56307  -0.56154  -0.56154  -0.56154
       -0.56154  -0.56154  -0.56154  -0.56153  -0.56153  -0.56153  -0.56153  -0.56153  -0.56153
       -0.55717  -0.55716  -0.55716  -0.55716  -0.55716  -0.55716  -0.55568  -0.55568  -0.55568
       -0.55567  -0.55567  -0.55567  -0.54456  -0.54455  -0.54455  -0.54455  -0.54455  -0.54455
       -0.53886  -0.53886  -0.53886  -0.53886  -0.53886  -0.53886  -0.53257  -0.53257  -0.53257
       -0.53257  -0.53257  -0.53257  -0.53256  -0.53256  -0.49938  -0.49938  -0.49938  -0.49938
       -0.49538  -0.49538  -0.49538  -0.48481  -0.48481  -0.48481  -0.48480  -0.48480  -0.48480
       -0.48480  -0.48480  -0.48480  -0.48480  -0.48480  -0.48480  -0.48017  -0.48017  -0.48017
       -0.48017  -0.48017  -0.48017  -0.48017  -0.48017  -0.48017  -0.48017  -0.48017  -0.48017
       -0.46511  -0.46511  -0.46510  -0.46510  -0.46510  -0.46510  -0.46510  -0.46510  -0.46510
       -0.46510  -0.46510  -0.46510  -0.46206  -0.46206  -0.46206  -0.46206  -0.46206  -0.46206
       -0.46206  -0.46206  -0.46206  -0.46206  -0.46206  -0.46206  -0.46007  -0.46007  -0.46007
       -0.46007  -0.46007  -0.46007  -0.45612  -0.45612  -0.45612  -0.45612  -0.45612  -0.45612
       -0.45612  -0.45612  -0.45612  -0.45612  -0.45612  -0.45612  -0.45574  -0.45574  -0.45574
       -0.45574  -0.45574  -0.45574  -0.45574  -0.45574  -0.45574  -0.45574  -0.45574  -0.45574
       -0.44931  -0.44931  -0.44931  -0.44931  -0.44931  -0.44931  -0.44931  -0.44930  -0.44930
       -0.44930  -0.44930  -0.44930  -0.44445  -0.44445  -0.44445  -0.44445  -0.44445  -0.44445
       -0.44445  -0.44445  -0.44445  -0.44445  -0.44445  -0.44445  -0.44140  -0.44140  -0.44140
       -0.44140  -0.44140  -0.44139  -0.44139  -0.44139  -0.44139  -0.44139  -0.44139  -0.44139
       -0.43390  -0.43390  -0.43389  -0.43389  -0.43389  -0.43389  -0.41532  -0.41532  -0.41532
       -0.41532  -0.41532  -0.41532  -0.39169  -0.39169  -0.39169  -0.39169  -0.39169  -0.39169
       -0.39169  -0.39169  -0.39169  -0.39169  -0.39169  -0.39169  -0.39123  -0.39123  -0.39122
       -0.39085  -0.39085  -0.39085  -0.39085  -0.39085  -0.39085  -0.39084  -0.39084  -0.38982
       -0.38981  -0.38981  -0.38981  -0.38610  -0.38610  -0.38610  -0.38610  -0.38610  -0.38610
       -0.38609  -0.38609  -0.38609  -0.38609  -0.38609  -0.38609  -0.38320  -0.38320  -0.38320
       -0.38319  -0.38319  -0.38319  -0.38319  -0.38319  -0.38319  -0.38319  -0.38319  -0.38319
       -0.38308  -0.38308  -0.38308  -0.38308  -0.38308  -0.38308  -0.38308  -0.38308  -0.38308
       -0.38308  -0.38307  -0.38307  -0.37996  -0.37996  -0.37996  -0.36535  -0.36534  -0.36534
       -0.36534  -0.34332  -0.34332  -0.34332  -0.34332  -0.34332  -0.34332  -0.33378  -0.33378
       -0.33378  -0.33378  -0.33378  -0.33378  -0.33378  -0.33378  -0.33126  -0.33126  -0.33126
       -0.33126  -0.33126  -0.33125  -0.32709  -0.32709  -0.32709  -0.32709  -0.32709  -0.32709
       -0.32709  -0.32709  -0.32709  -0.32709  -0.32709  -0.32709  -0.32681  -0.32681  -0.32681
       -0.32681  -0.32681  -0.32681  -0.32641  -0.32641  -0.32641  -0.32641  -0.32640  -0.32640
       -0.32640  -0.32640  -0.32640  -0.32640  -0.32640  -0.32640  -0.31245  -0.31245  -0.31245
       -0.31245  -0.31245  -0.31245  -0.31245  -0.31245  -0.31245  -0.31245  -0.31245  -0.31245
       -0.30246  -0.30246  -0.30246  -0.30245  -0.30245  -0.30245  -0.29882  -0.29882  -0.29882
       -0.29063  -0.29063  -0.29063  -0.29063  -0.28895  -0.28895  -0.28895  -0.28895  -0.28895
       -0.28895  -0.28630  -0.28630  -0.28434  -0.28434  -0.28434  -0.28434  -0.28434  -0.28434
       -0.27473  -0.27472  -0.27472  -0.27472  -0.27472  -0.27472  -0.27472  -0.27471  -0.27336
       -0.27336  -0.27336  -0.27336  -0.27336  -0.27335  -0.27335  -0.27335  -0.26186  -0.26186
       -0.26186  -0.26186  -0.26186  -0.26185  -0.26185  -0.26185  -0.26185  -0.26185  -0.26185
       -0.26184  -0.26031  -0.26031  -0.26031  -0.26031  -0.26031  -0.26031  -0.26030  -0.26030
       -0.26030  -0.26030  -0.26030  -0.26029  -0.25851  -0.25850  -0.25850  -0.25850  -0.25850
       -0.25849  -0.24818  -0.24818  -0.24818  -0.24818  -0.24817  -0.24817  -0.23540  -0.23540
       -0.23540  -0.23540  -0.23539  -0.23539  -0.23539  -0.23538  -0.23538  -0.23538  -0.23537
       -0.23537  -0.23263  -0.23262  -0.23262  -0.23262  -0.23262  -0.23261  -0.23261  -0.23261
       -0.23260  -0.23260  -0.23259  -0.23259  -0.22794  -0.22793  -0.22793  -0.22793  -0.22793
       -0.22793  -0.22792  -0.22792  -0.22792  -0.22792  -0.22791  -0.22790  -0.22169  -0.22169
       -0.22168  -0.22168  -0.22168  -0.22168  -0.22168  -0.22167  -0.22167  -0.22167  -0.22166
       -0.22166  -0.21616  -0.21294  -0.21291  -0.21291  -0.21289  -0.21288  -0.21287  -0.21120
       -0.21119  -0.21119  -0.21118  -0.21118  -0.21117  -0.21117  -0.21116  -0.21116  -0.21114
       -0.21113  -0.21112  -0.20484  -0.20483  -0.20482  -0.20481  -0.20449  -0.20448  -0.20448
       -0.20448  -0.20448  -0.20447  -0.20447  -0.20447  -0.20447  -0.20447  -0.20446  -0.20445
       -0.20237  -0.20237  -0.20236  -0.20235  -0.20235  -0.20234  -0.20233  -0.20233  -0.20232
       -0.20231  -0.20228  -0.20226  -0.20193  -0.20192  -0.20192  -0.20191  -0.20190  -0.20190
       -0.20189  -0.20187  -0.20187  -0.20185  -0.20185  -0.20184  -0.20077  -0.20077  -0.20076
       -0.20076  -0.20075  -0.20075  -0.20075  -0.20074  -0.20073  -0.20072  -0.20071  -0.20070
       -0.20069  -0.20068  -0.20068  -0.20067  -0.20067  -0.20066  -0.20064  -0.20062  -0.20062
       -0.20061  -0.20060  -0.20055  -0.19506  -0.19506  -0.19505  -0.19504  -0.19503  -0.19502
       -0.18873  -0.18871  -0.18870  -0.18870  -0.18869  -0.18868  -0.18868  -0.18866  -0.18866
       -0.18864  -0.18862  -0.18861  -0.18614  -0.18569  -0.18568  -0.18566  -0.18566  -0.18565
       -0.18564  -0.18563  -0.18562  -0.18561  -0.18560  -0.18557  -0.18554  -0.17824  -0.17822
       -0.17821  -0.17820  -0.17819  -0.17818  -0.17815  -0.17814  -0.17814  -0.17813  -0.17809
       -0.17802  -0.17752  -0.17751  -0.17750  -0.17750  -0.17749  -0.17748  -0.17746  -0.17745
       -0.17744  -0.17743  -0.17742  -0.17740  -0.17529  -0.17528  -0.17528  -0.17527  -0.17527
       -0.17526  -0.17525  -0.17524  -0.17524  -0.17524  -0.17524  -0.17522  -0.17071  -0.17071
       -0.17070  -0.17070  -0.17069  -0.17066  -0.17007  -0.17007  -0.17006  -0.17003  -0.17003
       -0.17002  -0.17001  -0.17001  -0.17000  -0.16998  -0.16996  -0.16993  -0.16138  -0.16136
       -0.16135  -0.16133  -0.16131  -0.16128  -0.16125  -0.16122  -0.16120  -0.16115  -0.16112
       -0.16108  -0.16055  -0.16054  -0.16053  -0.16052  -0.16052  -0.16049  -0.15734  -0.15732
       -0.15730  -0.15729  -0.15727  -0.15724  -0.15524  -0.15523  -0.15519  -0.15517  -0.15514
       -0.15511  -0.14805  -0.14803  -0.14799  -0.14791  -0.14632  -0.14626  -0.14620  -0.14619
       -0.14605  -0.14590  -0.14445  -0.14444  -0.14444  -0.14442  -0.14441  -0.14440  -0.14440
       -0.14439  -0.14439  -0.14438  -0.14436  -0.14436  -0.14435  -0.14432  -0.14432  -0.14430
       -0.14430  -0.14429  -0.14427  -0.14424  -0.14327  -0.14325  -0.14323  -0.14322  -0.14321
       -0.14319
        
     --------------------------------------------------------------------------------------------
     Tot. elapsed time 01h-15m-42.5s,  time spent in last iteration 27m-41.7s
     --------------------------------------------------------------------------------------------

     [I/O] -------------------------------------------------------
     [I/O] RESTART written in < 00.1s             
     [I/O] In location   : ./si_1000.wstat.restart
     [I/O] -------------------------------------------------------

                       *----------*              *----------*               *----------*
     #     Iteration = |        3 |   DFPT_dim = |      425 |   Diago_dim = |     3425 |
                       *----------*              *----------*               *----------*
     per-process dynamical memory   122.3 Mb
  
       
     --------------------------------------------------------------------------------------------
     Sternheimer eq. solver... with threshold =   1.000000E-12           
     --------------------------------------------------------------------------------------------
     in progress... |#                   | 005% :               43.1s (E)           14m-22.3s (X)
     in progress... |##                  | 010% :           01m-04.6s (E)           10m-46.5s (X)
     in progress... |###                 | 015% :           01m-47.7s (E)           11m-58.4s (X)
     in progress... |####                | 020% :           02m-09.3s (E)           10m-46.6s (X)
     in progress... |#####               | 025% :           02m-30.8s (E)           10m-03.5s (X)
     in progress... |######              | 030% :           03m-14.0s (E)           10m-46.8s (X)
     in progress... |#######             | 035% :           03m-35.6s (E)           10m-16.1s (X)
     in progress... |########            | 040% :           03m-57.1s (E)           09m-52.9s (X)
     in progress... |#########           | 045% :           04m-40.2s (E)           10m-22.7s (X)
     in progress... |##########          | 050% :           05m-01.8s (E)           10m-03.6s (X)
     in progress... |###########         | 055% :           05m-23.4s (E)           09m-48.0s (X)
     in progress... |############        | 060% :           06m-06.5s (E)           10m-10.8s (X)
     in progress... |#############       | 065% :           06m-28.0s (E)           09m-57.0s (X)
     in progress... |##############      | 070% :           06m-49.6s (E)           09m-45.1s (X)
     in progress... |###############     | 075% :           07m-32.6s (E)           10m-03.5s (X)
     in progress... |################    | 080% :           07m-54.2s (E)           09m-52.8s (X)
     in progress... |#################   | 085% :           08m-15.7s (E)           09m-43.2s (X)
     in progress... |##################  | 090% :           08m-58.7s (E)           09m-58.5s (X)
     in progress... |################### | 095% :           09m-20.2s (E)           09m-49.7s (X)
     in progress... |####################| 100% :           09m-41.7s (E)           09m-41.7s (X)
     --------------------------------------------------------------------------------------------
     p-DIAGOX done in 08.2s with a SCALAPACK grid (12x12)
     --------------------------------------------------------------------------------------------
        
       -5.50513  -5.50510  -5.50507  -5.50503  -5.50500  -5.50497  -3.86981  -3.86980  -3.86978
       -3.86977  -3.86975  -3.86974  -3.86972  -3.86970  -3.86969  -3.86968  -3.86966  -3.86964
       -3.43602  -3.43601  -3.43601  -3.43598  -2.44199  -2.44198  -2.44198  -2.44197  -2.44197
       -2.44197  -2.33523  -2.33523  -2.33521  -2.33520  -2.33520  -2.33519  -2.33518  -2.33518
       -2.33516  -2.33516  -2.33515  -2.33514  -2.02392  -2.02392  -2.02391  -2.02391  -2.02389
       -2.02389  -2.02389  -2.02389  -2.02387  -2.02387  -2.02387  -2.02386  -1.96074  -1.96074
       -1.96073  -1.96072  -1.96071  -1.96071  -1.96071  -1.96071  -1.96070  -1.96069  -1.96068
       -1.96068  -1.87618  -1.87618  -1.87618  -1.87617  -1.59958  -1.59958  -1.59958  -1.59957
       -1.59957  -1.59957  -1.59957  -1.59956  -1.59956  -1.59956  -1.59956  -1.59956  -1.58476
       -1.58476  -1.58474  -1.58474  -1.58473  -1.58472  -1.57733  -1.57733  -1.57733  -1.57732
       -1.57732  -1.57732  -1.50643  -1.35300  -1.35300  -1.35299  -1.35299  -1.35299  -1.35299
       -1.35298  -1.35298  -1.35298  -1.35297  -1.35297  -1.35296  -1.34950  -1.34949  -1.34948
       -1.34948  -1.30327  -1.30327  -1.30327  -1.30327  -1.30327  -1.30327  -1.22853  -1.22853
       -1.22852  -1.22852  -1.22852  -1.22852  -1.22852  -1.22851  -1.22851  -1.22851  -1.22850
       -1.22850  -1.18370  -1.18369  -1.18369  -1.18369  -1.18369  -1.18369  -1.18368  -1.18368
       -1.17168  -1.17168  -1.17168  -1.17167  -1.17167  -1.17167  -1.17167  -1.17166  -1.17166
       -1.17166  -1.17166  -1.17165  -1.10496  -1.10496  -1.10495  -1.10495  -1.10495  -1.10495
       -1.08947  -1.08947  -1.08947  -1.07454  -1.07453  -1.07453  -1.07453  -1.07453  -1.07453
       -0.98783  -0.98783  -0.98782  -0.98782  -0.98782  -0.98782  -0.98782  -0.98782  -0.95016
       -0.95016  -0.95016  -0.95016  -0.95016  -0.95016  -0.95016  -0.95015  -0.95015  -0.95015
       -0.95015  -0.95015  -0.91422  -0.91422  -0.91422  -0.91422  -0.91422  -0.91422  -0.91421
       -0.91421  -0.91421  -0.91421  -0.91421  -0.91420  -0.83720  -0.83720  -0.83720  -0.83594
       -0.83594  -0.83594  -0.83594  -0.83594  -0.83593  -0.83593  -0.83593  -0.83593  -0.83593
       -0.83593  -0.83593  -0.81445  -0.81445  -0.81445  -0.81445  -0.81445  -0.81445  -0.81445
       -0.81445  -0.81444  -0.81444  -0.81444  -0.81444  -0.78678  -0.78678  -0.78678  -0.78678
       -0.78678  -0.78678  -0.78678  -0.78678  -0.78678  -0.78677  -0.78677  -0.78677  -0.78166
       -0.78166  -0.78165  -0.78165  -0.78165  -0.78165  -0.78165  -0.78165  -0.78165  -0.78165
       -0.78165  -0.78164  -0.70060  -0.70060  -0.69553  -0.69553  -0.69552  -0.69552  -0.69552
       -0.69552  -0.66965  -0.66965  -0.66965  -0.66965  -0.66965  -0.66965  -0.66965  -0.66964
       -0.66964  -0.66964  -0.66964  -0.66964  -0.65522  -0.65522  -0.65522  -0.65522  -0.65522
       -0.65522  -0.65229  -0.65229  -0.65229  -0.65228  -0.65228  -0.65228  -0.64816  -0.64816
       -0.64816  -0.64816  -0.63551  -0.60136  -0.60136  -0.60136  -0.60136  -0.60136  -0.60136
       -0.60136  -0.60136  -0.58821  -0.58821  -0.58821  -0.58821  -0.58531  -0.58531  -0.58530
       -0.58530  -0.58530  -0.58530  -0.58530  -0.58530  -0.58530  -0.58530  -0.58530  -0.58530
       -0.57549  -0.57549  -0.57549  -0.57549  -0.57548  -0.57548  -0.57548  -0.57548  -0.57548
       -0.57548  -0.57548  -0.57548  -0.56307  -0.56307  -0.56307  -0.56307  -0.56307  -0.56307
       -0.56307  -0.56307  -0.56307  -0.56307  -0.56307  -0.56307  -0.56154  -0.56154  -0.56154
       -0.56154  -0.56154  -0.56154  -0.56153  -0.56153  -0.56153  -0.56153  -0.56153  -0.56153
       -0.55717  -0.55716  -0.55716  -0.55716  -0.55716  -0.55716  -0.55568  -0.55568  -0.55568
       -0.55567  -0.55567  -0.55567  -0.54456  -0.54455  -0.54455  -0.54455  -0.54455  -0.54455
       -0.53886  -0.53886  -0.53886  -0.53886  -0.53886  -0.53886  -0.53257  -0.53257  -0.53257
       -0.53257  -0.53257  -0.53257  -0.53257  -0.53256  -0.49938  -0.49938  -0.49938  -0.49938
       -0.49538  -0.49538  -0.49538  -0.48481  -0.48481  -0.48481  -0.48480  -0.48480  -0.48480
       -0.48480  -0.48480  -0.48480  -0.48480  -0.48480  -0.48480  -0.48017  -0.48017  -0.48017
       -0.48017  -0.48017  -0.48017  -0.48017  -0.48017  -0.48017  -0.48017  -0.48017  -0.48017
       -0.46511  -0.46511  -0.46511  -0.46511  -0.46510  -0.46510  -0.46510  -0.46510  -0.46510
       -0.46510  -0.46510  -0.46510  -0.46206  -0.46206  -0.46206  -0.46206  -0.46206  -0.46206
       -0.46206  -0.46206  -0.46206  -0.46206  -0.46206  -0.46206  -0.46007  -0.46007  -0.46007
       -0.46007  -0.46007  -0.46007  -0.45612  -0.45612  -0.45612  -0.45612  -0.45612  -0.45612
       -0.45612  -0.45612  -0.45612  -0.45612  -0.45612  -0.45612  -0.45574  -0.45574  -0.45574
       -0.45574  -0.45574  -0.45574  -0.45574  -0.45574  -0.45574  -0.45574  -0.45574  -0.45574
       -0.44931  -0.44931  -0.44931  -0.44931  -0.44931  -0.44931  -0.44931  -0.44930  -0.44930
       -0.44930  -0.44930  -0.44930  -0.44446  -0.44446  -0.44445  -0.44445  -0.44445  -0.44445
       -0.44445  -0.44445  -0.44445  -0.44445  -0.44445  -0.44445  -0.44140  -0.44140  -0.44140
       -0.44140  -0.44140  -0.44140  -0.44139  -0.44139  -0.44139  -0.44139  -0.44139  -0.44139
       -0.43390  -0.43390  -0.43390  -0.43389  -0.43389  -0.43389  -0.41533  -0.41533  -0.41532
       -0.41532  -0.41532  -0.41532  -0.39169  -0.39169  -0.39169  -0.39169  -0.39169  -0.39169
       -0.39169  -0.39169  -0.39169  -0.39169  -0.39169  -0.39169  -0.39123  -0.39123  -0.39123
       -0.39086  -0.39085  -0.39085  -0.39085  -0.39085  -0.39085  -0.39085  -0.39085  -0.38982
       -0.38982  -0.38982  -0.38981  -0.38610  -0.38610  -0.38610  -0.38610  -0.38610  -0.38610
       -0.38610  -0.38610  -0.38610  -0.38610  -0.38609  -0.38609  -0.38320  -0.38320  -0.38320
       -0.38320  -0.38320  -0.38320  -0.38320  -0.38320  -0.38320  -0.38319  -0.38319  -0.38319
       -0.38308  -0.38308  -0.38308  -0.38308  -0.38308  -0.38308  -0.38308  -0.38308  -0.38308
       -0.38308  -0.38308  -0.38308  -0.37997  -0.37997  -0.37997  -0.36535  -0.36535  -0.36535
       -0.36534  -0.34332  -0.34332  -0.34332  -0.34332  -0.34332  -0.34332  -0.33378  -0.33378
       -0.33378  -0.33378  -0.33378  -0.33378  -0.33378  -0.33378  -0.33126  -0.33126  -0.33126
       -0.33126  -0.33126  -0.33126  -0.32709  -0.32709  -0.32709  -0.32709  -0.32709  -0.32709
       -0.32709  -0.32709  -0.32709  -0.32709  -0.32709  -0.32709  -0.32681  -0.32681  -0.32681
       -0.32681  -0.32681  -0.32681  -0.32641  -0.32641  -0.32641  -0.32641  -0.32641  -0.32641
       -0.32641  -0.32641  -0.32641  -0.32641  -0.32641  -0.32641  -0.31246  -0.31246  -0.31246
       -0.31246  -0.31245  -0.31245  -0.31245  -0.31245  -0.31245  -0.31245  -0.31245  -0.31245
       -0.30246  -0.30246  -0.30246  -0.30246  -0.30246  -0.30246  -0.29883  -0.29883  -0.29883
       -0.29063  -0.29063  -0.29063  -0.29063  -0.28896  -0.28896  -0.28896  -0.28896  -0.28896
       -0.28896  -0.28631  -0.28631  -0.28435  -0.28435  -0.28435  -0.28435  -0.28435  -0.28435
       -0.27473  -0.27473  -0.27473  -0.27473  -0.27473  -0.27473  -0.27473  -0.27473  -0.27337
       -0.27337  -0.27337  -0.27337  -0.27337  -0.27337  -0.27337  -0.27337  -0.26187  -0.26187
       -0.26187  -0.26187  -0.26187  -0.26187  -0.26187  -0.26187  -0.26187  -0.26187  -0.26187
       -0.26187  -0.26032  -0.26032  -0.26032  -0.26032  -0.26032  -0.26032  -0.26032  -0.26032
       -0.26032  -0.26032  -0.26032  -0.26032  -0.25852  -0.25852  -0.25852  -0.25852  -0.25852
       -0.25852  -0.24819  -0.24819  -0.24819  -0.24819  -0.24819  -0.24819  -0.23542  -0.23542
       -0.23542  -0.23542  -0.23542  -0.23542  -0.23542  -0.23542  -0.23542  -0.23542  -0.23542
       -0.23542  -0.23265  -0.23265  -0.23265  -0.23265  -0.23265  -0.23265  -0.23265  -0.23265
       -0.23265  -0.23265  -0.23265  -0.23265  -0.22796  -0.22796  -0.22796  -0.22796  -0.22796
       -0.22796  -0.22796  -0.22796  -0.22796  -0.22796  -0.22796  -0.22796  -0.22170  -0.22170
       -0.22170  -0.22170  -0.22170  -0.22170  -0.22170  -0.22170  -0.22170  -0.22170  -0.22170
       -0.22170  -0.21617  -0.21300  -0.21300  -0.21300  -0.21300  -0.21300  -0.21300  -0.21124
       -0.21124  -0.21124  -0.21124  -0.21124  -0.21124  -0.21124  -0.21124  -0.21124  -0.21124
       -0.21124  -0.21124  -0.20487  -0.20487  -0.20487  -0.20487  -0.20451  -0.20451  -0.20451
       -0.20451  -0.20451  -0.20451  -0.20451  -0.20451  -0.20451  -0.20451  -0.20451  -0.20451
       -0.20243  -0.20243  -0.20243  -0.20243  -0.20243  -0.20243  -0.20243  -0.20243  -0.20243
       -0.20243  -0.20243  -0.20243  -0.20198  -0.20198  -0.20198  -0.20198  -0.20198  -0.20198
       -0.20198  -0.20198  -0.20198  -0.20198  -0.20198  -0.20198  -0.20082  -0.20082  -0.20082
       -0.20082  -0.20082  -0.20082  -0.20082  -0.20082  -0.20082  -0.20082  -0.20082  -0.20082
       -0.20077  -0.20077  -0.20077  -0.20077  -0.20077  -0.20077  -0.20077  -0.20077  -0.20077
       -0.20077  -0.20077  -0.20077  -0.19512  -0.19512  -0.19512  -0.19512  -0.19512  -0.19512
       -0.18878  -0.18878  -0.18878  -0.18878  -0.18878  -0.18878  -0.18878  -0.18878  -0.18878
       -0.18878  -0.18878  -0.18878  -0.18625  -0.18577  -0.18577  -0.18577  -0.18577  -0.18577
       -0.18577  -0.18577  -0.18577  -0.18577  -0.18577  -0.18577  -0.18577  -0.17833  -0.17833
       -0.17833  -0.17833  -0.17833  -0.17832  -0.17832  -0.17832  -0.17832  -0.17832  -0.17832
       -0.17832  -0.17759  -0.17759  -0.17759  -0.17759  -0.17759  -0.17759  -0.17759  -0.17759
       -0.17759  -0.17759  -0.17758  -0.17758  -0.17534  -0.17534  -0.17534  -0.17534  -0.17534
       -0.17534  -0.17534  -0.17534  -0.17534  -0.17534  -0.17534  -0.17534  -0.17075  -0.17075
       -0.17075  -0.17075  -0.17075  -0.17075  -0.17015  -0.17015  -0.17015  -0.17015  -0.17015
       -0.17015  -0.17015  -0.17015  -0.17015  -0.17015  -0.17015  -0.17015  -0.16155  -0.16155
       -0.16155  -0.16155  -0.16155  -0.16155  -0.16155  -0.16155  -0.16155  -0.16155  -0.16155
       -0.16155  -0.16063  -0.16063  -0.16063  -0.16063  -0.16063  -0.16063  -0.15748  -0.15748
       -0.15748  -0.15748  -0.15748  -0.15748  -0.15545  -0.15545  -0.15545  -0.15545  -0.15545
       -0.15545  -0.14833  -0.14833  -0.14833  -0.14832  -0.14686  -0.14686  -0.14686  -0.14686
       -0.14686  -0.14685  -0.14461  -0.14461  -0.14461  -0.14461  -0.14461  -0.14461  -0.14461
       -0.14461  -0.14453  -0.14453  -0.14453  -0.14453  -0.14453  -0.14453  -0.14453  -0.14453
       -0.14453  -0.14453  -0.14453  -0.14453  -0.14345  -0.14345  -0.14344  -0.14344  -0.14344
       -0.14344
        
     --------------------------------------------------------------------------------------------
     Tot. elapsed time 01h-28m-54.8s,  time spent in last iteration 11m-42.2s
     --------------------------------------------------------------------------------------------
      
     --------------------------------------------------------------------------------------------
     Database written in 13.2s               
     In location : ./si_1000.wstat.save
     --------------------------------------------------------------------------------------------
       
     --------------------------------------------------------------------------------------------
     Convergence achieved !!! in        3 steps                          
     --------------------------------------------------------------------------------------------
 
     WSTAT        :     0h43m CPU        1h29m WALL

     wstat_readin :      0.60s CPU      4.93s WALL (       1 calls)
     fetch_nml    :      0.01s CPU      0.06s WALL (       1 calls)
     read_xml     :      0.33s CPU      1.81s WALL (       1 calls)
     init_vloc    :      0.01s CPU      0.02s WALL (       2 calls)
     fft          :      0.03s CPU      1.01s WALL (      11 calls)
     fft_scatter  :    269.75s CPU    788.06s WALL ( 1275603 calls)
     v_of_rho     :      0.04s CPU      0.10s WALL (       1 calls)
     v_xc         :      0.04s CPU      0.09s WALL (       1 calls)
     v_h          :      0.00s CPU      0.00s WALL (       1 calls)
     read_wave    :      0.25s CPU      3.05s WALL (       1 calls)
     davcio       :      0.00s CPU      0.91s WALL (       2 calls)
     init_us_1    :      0.00s CPU      0.01s WALL (       2 calls)
     do_setup     :      0.04s CPU      0.08s WALL (       1 calls)
     init_pw_ar   :      0.04s CPU      0.08s WALL (       1 calls)
     init_at_1    :      0.00s CPU      0.00s WALL (       1 calls)
     storesqvc    :      0.00s CPU      0.01s WALL (       1 calls)
     chidiago     :   2588.05s CPU   5369.62s WALL (       1 calls)
     randomize    :      0.14s CPU      0.27s WALL (       1 calls)
     paramgs      :      5.09s CPU     10.28s WALL (       5 calls)
     dfpt         :   2539.96s CPU   5091.45s WALL (       5 calls)
     init_us_2    :      0.03s CPU      0.06s WALL (       5 calls)
     fftw         :   1162.14s CPU   2353.10s WALL ( 1275592 calls)
     alphapc      :      5.70s CPU     11.27s WALL (     278 calls)
     wstat_restar :     26.05s CPU    202.65s WALL (       4 calls)
     linstern     :   2022.01s CPU   4050.98s WALL (     215 calls)
     stern        :   1923.52s CPU   3833.44s WALL (   13696 calls)
     h_psi_bgrp   :   1729.68s CPU   3439.48s WALL (   13696 calls)
     h_psi        :   1729.65s CPU   3439.43s WALL (   13696 calls)
     h_psi:pot    :   1718.97s CPU   3419.74s WALL (   13696 calls)
     vloc_psi     :   1208.72s CPU   2408.63s WALL (   13696 calls)
     h_psi:calbec :    247.17s CPU    534.19s WALL (   13696 calls)
     calbec       :    247.14s CPU    534.15s WALL (   13696 calls)
     add_vuspsi   :    263.04s CPU    476.84s WALL (   13696 calls)
     alphapv      :    180.76s CPU    369.88s WALL (   13696 calls)
     build_hr     :      1.10s CPU      2.24s WALL (       4 calls)
     diagox       :     10.44s CPU     21.35s WALL (       4 calls)
     redistr_vr   :      0.48s CPU      1.00s WALL (       3 calls)
     update_vr    :      1.56s CPU      3.22s WALL (       3 calls)
     symm_hr      :      0.47s CPU      1.01s WALL (       3 calls)
     chidiago:las :      0.00s CPU      0.00s WALL (       1 calls)
     refresh_vr   :      0.51s CPU      1.03s WALL (       1 calls)
     pdep_db      :      1.88s CPU     13.24s WALL (       1 calls)
 
     WSTAT        :     0h43m CPU        1h29m WALL

 
   This run was terminated on:  11:27: 1   6Nov2017            

=------------------------------------------------------------------------------=
   JOB DONE.
=------------------------------------------------------------------------------=
