
     Program WSTAT v. 2.0.0 starts on  3Jun2017 at 11: 4:21 

     This program is part of the open-source West suite
     for massively parallel calculations of excited states in materials; please cite
         "M. Govoni et al., J. Chem. Theory Comput. 11, 2680 (2015);
          URL http://www.west-code.org", 
     in publications or presentations arising from this work.

     Based on the Quantum ESPRESSO v. 6.1 svn rev. 13369
       
     --------------------------------------------------------------------------------------------
     **MPI** Parallelization Status                                      
     --------------------------------------------------------------------------------------------
                   160                  16             1             1            10
     --------------------------------------------------------------------------------------------
                     N         =         I      X      P      X      B      X      Z
                     ^                   ^             ^             ^             ^
                     |                   |             |             |             |
                   #rnk                  |             |             |             |
                                      #image           |             |             |
                                                     #pool           |             |
                                                                   #bgrp           |
                                                                                 #R&G
     --------------------------------------------------------------------------------------------
     **OPENMP** Parallelization Status
     #thr/rnk               =            1
     --------------------------------------------------------------------------------------------
     #prc = (rnk) * (thr) =          160
     --------------------------------------------------------------------------------------------
       
     --------------------------------------------------------------------------------------------
     I/O Summary : input_west                                            
     --------------------------------------------------------------------------------------------
     qe_prefix      = si-kin-1000
     west_prefix    = si-kin-1000
     outdir         = ./
     --------------------------------------------------------------------------------------------
       
     --------------------------------------------------------------------------------------------
     I/O Summary : wstat_control                                         
     --------------------------------------------------------------------------------------------
     wstat_calculation              =              S
     n_pdep_eigen                   =           1000
     n_pdep_times                   =              4
     n_pdep_maxiter                 =            100
     n_dfpt_maxiter                 =            250
     n_pdep_read_from_file          =              0
     trev_pdep                      =   1.000000E-03
     trev_pdep_rel                  =   1.000000E-01
     tr2_dfpt                       =   1.000000E-12
     l_kinetic_only                 =              T
     l_minimize_exx_if_active       =              F
     l_use_ecutrho                  =              F
     --------------------------------------------------------------------------------------------

     Reading data from directory:
     ./si-kin-1000.save

   Info: using nr1, nr2, nr3 values from input

   Info: using nr1, nr2, nr3 values from input

     IMPORTANT: XC functional enforced from input :
     Exchange-correlation      = PBE ( 1  4  3  4 0 0)
     Any further DFT definition will be discarded
     Please, verify this is what you really want

 
     Parallelization info
     --------------------
     sticks:   dense  smooth     PW     G-vecs:    dense   smooth      PW
     Min         536     536    134                29584    29584    3706
     Max         538     538    136                29594    29594    3708
     Sum        5377    5377   1353               295907   295907   37073
 
       
     --------------------------------------------------------------------------------------------
     System Overview                                                     
     --------------------------------------------------------------------------------------------
     gamma_only           =              T
     ecutwfc [Ry]         =      40.000000
     omega [au^3]         =   8.650474E+03
     glob. #G             =          18537
     nbnd                 =            250
     nkstot               =              1
     nspin                =              1
     nelec                =     256.000000
     npol                 =              1
     lsda                 =              F
     noncolin             =              F
     lspinorb             =              F
     domag                =              F
     --------------------------------------------------------------------------------------------

     sFFT G-space:   147954 G-vectors     R-space: (  90,  90,  90)
     dFFT G-space:   147954 G-vectors     R-space: (  90,  90,  90)

     Cell [a.u.]          =      20.528000      0.000000      0.000000
                          =       0.000000     20.528000      0.000000
                          =       0.000000      0.000000     20.528000
      
     number of ks points=     1
                       cart. coord. in units 2pi/alat
        k(    1) = (   0.0000000   0.0000000   0.0000000), wk =   2.0000000

                       cryst. coord.
        k(    1) = (   0.0000000   0.0000000   0.0000000), wk =   2.0000000
 
     Spherical div        =   2.417578E-01
     Orthorombic div      =   2.379924E-01
       
     --------------------------------------------------------------------------------------------
     Parallelization for nvecx                                           
     --------------------------------------------------------------------------------------------
     nglob                =           4000
     nlevel               =             16
     Min nglob/nlevel     =            250
     Max nglob/nlevel     =            250
     --------------------------------------------------------------------------------------------

     [MEM] ----------------------------------------------------------
     [MEM] **Memory** analysis: QE
     [MEM] ----------------------------------------------------------
     [MEM] Allocated arrays           est. size (Mb)     dimensions
     [MEM] ----------------------------------------------------------
     [MEM] Kohn-Sham Wavefunctions       7.07 Mb     (   1854,  250)
     [MEM] NL pseudopotentials          14.48 Mb     (   1854,  512)
     [MEM] Each V/rho on FFT grid        1.11 Mb     (  72900)
     [MEM] Each G-vector array           0.11 Mb     (  14797)
     [MEM] G-vector shells               0.01 Mb     (   1325)
     [MEM] ----------------------------------------------------------
     [MEM] TOT                          22.79 Mb
     [MEM] ----------------------------------------------------------
     [MEM] 
     [MEM] ----------------------------------------------------------
     [MEM] **Memory** analysis: WSTAT global
     [MEM] ----------------------------------------------------------
     [MEM] Allocated arrays           est. size (Mb)     dimensions
     [MEM] ----------------------------------------------------------
     [MEM] dvg                           7.07 Mb     (   1854,  250)
     [MEM] dng                           7.07 Mb     (   1854,  250)
     [MEM] hr_distr                      7.63 Mb     (   4000,  250)
     [MEM] vr_distr                      7.63 Mb     (   4000,  250)
     [MEM] ----------------------------------------------------------
     [MEM] TOT                          29.40 Mb
     [MEM] ----------------------------------------------------------
     [MEM] 
     [MEM] ----------------------------------------------------------
     [MEM] **Memory** analysis: WSTAT temporary
     [MEM] ----------------------------------------------------------
     [MEM] Allocated arrays           est. size (Mb)     dimensions
     [MEM] ----------------------------------------------------------
     [MEM] dvpsi                         3.62 Mb     (   1854,  128)
     [MEM] dpsi                          3.62 Mb     (   1854,  128)
     [MEM] ----------------------------------------------------------
     [MEM] Total estimate                7.24 Mb
     [MEM] ----------------------------------------------------------

                       *----------*              *----------*               *----------*
     #     Iteration = | starting |   DFPT_dim = |     1000 |   Diago_dim = |     1000 |  x 1/2
                       *----------*              *----------*               *----------*
     per-process dynamical memory    84.7 Mb
  
       
     --------------------------------------------------------------------------------------------
     Sternheimer eq. solver... with lite-solver                          
     --------------------------------------------------------------------------------------------
     in progress... |#                   | 005% :               01.5s (E)               31.1s (X)
     in progress... |##                  | 010% :               02.6s (E)               26.3s (X)
     in progress... |###                 | 015% :               03.7s (E)               24.7s (X)
     in progress... |####                | 020% :               04.8s (E)               24.0s (X)
     in progress... |#####               | 025% :               05.8s (E)               23.5s (X)
     in progress... |######              | 030% :               06.9s (E)               23.2s (X)
     in progress... |#######             | 035% :               08.4s (E)               24.0s (X)
     in progress... |########            | 040% :               09.5s (E)               23.7s (X)
     in progress... |#########           | 045% :               10.5s (E)               23.5s (X)
     in progress... |##########          | 050% :               11.6s (E)               23.3s (X)
     in progress... |###########         | 055% :               12.7s (E)               23.2s (X)
     in progress... |############        | 060% :               13.8s (E)               23.0s (X)
     in progress... |#############       | 065% :               14.9s (E)               22.9s (X)
     in progress... |##############      | 070% :               16.3s (E)               23.4s (X)
     in progress... |###############     | 075% :               17.4s (E)               23.2s (X)
     in progress... |################    | 080% :               18.5s (E)               23.1s (X)
     in progress... |#################   | 085% :               19.6s (E)               23.1s (X)
     in progress... |##################  | 090% :               20.7s (E)               23.0s (X)
     in progress... |################### | 095% :               21.8s (E)               22.9s (X)
     in progress... |####################| 100% :               22.8s (E)               22.8s (X)
     --------------------------------------------------------------------------------------------

     [I/O] -------------------------------------------------------
     [I/O] RESTART written in < 00.1s             
     [I/O] In location   : ./si_kin_1000.wstat.restart
     [I/O] -------------------------------------------------------

                       *----------*              *----------*               *----------*
     #     Iteration = | starting |   DFPT_dim = |     1000 |   Diago_dim = |     1000 |  x 2/2
                       *----------*              *----------*               *----------*
     per-process dynamical memory    91.0 Mb
  
       
     --------------------------------------------------------------------------------------------
     Sternheimer eq. solver... with threshold =   1.000000E-06           
     --------------------------------------------------------------------------------------------
     in progress... |#                   | 005% :               04.2s (E)           01m-25.1s (X)
     in progress... |##                  | 010% :               07.4s (E)           01m-14.8s (X)
     in progress... |###                 | 015% :               10.7s (E)           01m-11.6s (X)
     in progress... |####                | 020% :               14.0s (E)           01m-10.2s (X)
     in progress... |#####               | 025% :               17.3s (E)           01m-09.3s (X)
     in progress... |######              | 030% :               20.5s (E)           01m-08.5s (X)
     in progress... |#######             | 035% :               24.7s (E)           01m-10.7s (X)
     in progress... |########            | 040% :               27.8s (E)           01m-09.7s (X)
     in progress... |#########           | 045% :               31.0s (E)           01m-08.9s (X)
     in progress... |##########          | 050% :               34.1s (E)           01m-08.2s (X)
     in progress... |###########         | 055% :               37.2s (E)           01m-07.7s (X)
     in progress... |############        | 060% :               40.3s (E)           01m-07.2s (X)
     in progress... |#############       | 065% :               43.4s (E)           01m-06.8s (X)
     in progress... |##############      | 070% :               47.5s (E)           01m-07.9s (X)
     in progress... |###############     | 075% :               50.6s (E)           01m-07.5s (X)
     in progress... |################    | 080% :               53.8s (E)           01m-07.2s (X)
     in progress... |#################   | 085% :               57.0s (E)           01m-07.1s (X)
     in progress... |##################  | 090% :           01m-00.3s (E)           01m-07.0s (X)
     in progress... |################### | 095% :           01m-03.4s (E)           01m-06.8s (X)
     in progress... |####################| 100% :           01m-06.5s (E)           01m-06.5s (X)
     --------------------------------------------------------------------------------------------
     p-DIAGOX done in 01.7s with a SCALAPACK grid (12x12)
     --------------------------------------------------------------------------------------------
        
       -2.85791  -2.85637  -2.85387  -2.85240  -2.85024  -2.84941  -2.07648  -2.07509  -2.07195
       -2.07046  -2.06938  -2.06879  -2.06734  -2.06707  -2.06576  -2.06398  -2.06253  -2.06026
       -1.96287  -1.96139  -1.95950  -1.95715  -1.30234  -1.30188  -1.30085  -1.30045  -1.29858
       -1.29791  -1.15624  -1.15600  -1.15521  -1.15472  -1.15420  -1.15366  -1.15292  -1.15268
       -1.15219  -1.15164  -1.15035  -1.14971  -1.14619  -1.14387  -1.14323  -1.14223  -1.14208
       -1.14106  -1.14038  -1.13993  -1.13963  -1.13901  -1.13826  -1.13729  -1.06227  -1.06166
       -1.06104  -1.06027  -1.05983  -1.05895  -1.05880  -1.05812  -1.05789  -1.05711  -1.05678
       -1.05584  -0.96434  -0.96198  -0.95930  -0.95698  -0.87265  -0.87143  -0.86864  -0.86767
       -0.86706  -0.86649  -0.86576  -0.86506  -0.86353  -0.86305  -0.86255  -0.86148  -0.84002
       -0.83920  -0.83852  -0.83826  -0.83800  -0.83624  -0.83311  -0.83255  -0.83189  -0.83143
       -0.83093  -0.82998  -0.79116  -0.75332  -0.75253  -0.75206  -0.75112  -0.74729  -0.74712
       -0.74620  -0.74532  -0.74518  -0.74478  -0.74214  -0.74132  -0.74075  -0.74059  -0.74004
       -0.73980  -0.73956  -0.73932  -0.73880  -0.73796  -0.73762  -0.73716  -0.68458  -0.68382
       -0.68354  -0.68333  -0.68308  -0.68299  -0.68248  -0.68227  -0.68201  -0.68104  -0.68077
       -0.68047  -0.65721  -0.65542  -0.65471  -0.65401  -0.65318  -0.65306  -0.65258  -0.65246
       -0.65190  -0.65178  -0.65164  -0.65120  -0.65082  -0.65050  -0.64972  -0.64926  -0.64805
       -0.64726  -0.62686  -0.62634  -0.62573  -0.62116  -0.62104  -0.62023  -0.61935  -0.61924
       -0.61859  -0.61541  -0.61491  -0.61480  -0.61411  -0.61393  -0.61323  -0.61299  -0.61270
       -0.57802  -0.57722  -0.57685  -0.57648  -0.57646  -0.57614  -0.57592  -0.57522  -0.54512
       -0.54478  -0.54448  -0.54433  -0.54398  -0.54336  -0.54296  -0.54283  -0.54258  -0.54181
       -0.54139  -0.54049  -0.52150  -0.52111  -0.52072  -0.52069  -0.52010  -0.51960  -0.51934
       -0.51909  -0.51876  -0.51841  -0.51830  -0.51787  -0.49420  -0.49339  -0.49285  -0.49271
       -0.49266  -0.49211  -0.49180  -0.49141  -0.49126  -0.49028  -0.48991  -0.48912  -0.48480
       -0.48444  -0.48396  -0.48379  -0.48306  -0.48302  -0.48268  -0.48212  -0.48178  -0.48139
       -0.48120  -0.48037  -0.47210  -0.46364  -0.46136  -0.46082  -0.45837  -0.45443  -0.45370
       -0.45334  -0.44981  -0.44961  -0.44939  -0.44839  -0.44775  -0.44672  -0.44653  -0.44615
       -0.44593  -0.44560  -0.44510  -0.44389  -0.42980  -0.42882  -0.42852  -0.42820  -0.42813
       -0.42769  -0.42744  -0.42696  -0.42673  -0.42610  -0.42562  -0.42412  -0.41982  -0.41951
       -0.41884  -0.41854  -0.41832  -0.41774  -0.41758  -0.41713  -0.41704  -0.41690  -0.41651
       -0.41560  -0.41533  -0.41499  -0.39709  -0.39694  -0.39667  -0.39618  -0.39584  -0.39558
       -0.39514  -0.39479  -0.39376  -0.39314  -0.39238  -0.39227  -0.37470  -0.37401  -0.37315
       -0.37247  -0.37190  -0.37049  -0.36877  -0.36798  -0.36753  -0.36670  -0.36549  -0.36527
       -0.36501  -0.36478  -0.36444  -0.36431  -0.36376  -0.36320  -0.36306  -0.36264  -0.36232
       -0.36218  -0.36187  -0.36153  -0.36136  -0.36079  -0.36017  -0.35973  -0.35963  -0.35871
       -0.35863  -0.35839  -0.35703  -0.35587  -0.35529  -0.34375  -0.34277  -0.34214  -0.34167
       -0.34101  -0.34083  -0.34039  -0.34004  -0.33962  -0.33939  -0.33880  -0.33867  -0.33855
       -0.33807  -0.33798  -0.33743  -0.33725  -0.33710  -0.33675  -0.33655  -0.33600  -0.33591
       -0.33558  -0.33530  -0.33485  -0.33468  -0.33436  -0.33432  -0.33359  -0.33344  -0.33328
       -0.33304  -0.33293  -0.33279  -0.33198  -0.33171  -0.33141  -0.33133  -0.33123  -0.33093
       -0.33056  -0.32962  -0.32940  -0.32899  -0.32880  -0.32844  -0.32827  -0.32805  -0.32753
       -0.32736  -0.32711  -0.32695  -0.32653  -0.32599  -0.32555  -0.32544  -0.32499  -0.32454
       -0.32427  -0.32354  -0.32352  -0.32301  -0.32236  -0.32220  -0.32199  -0.32150  -0.32104
       -0.32042  -0.31993  -0.31948  -0.31937  -0.31910  -0.31881  -0.31851  -0.31807  -0.31785
       -0.31749  -0.31700  -0.31688  -0.31652  -0.31601  -0.31589  -0.31551  -0.31478  -0.31454
       -0.31431  -0.31418  -0.31351  -0.31290  -0.31242  -0.31229  -0.31165  -0.31135  -0.31112
       -0.31044  -0.31001  -0.30909  -0.30875  -0.30797  -0.30741  -0.30601  -0.30520  -0.29951
       -0.29912  -0.29827  -0.29811  -0.29681  -0.29650  -0.29584  -0.29564  -0.29358  -0.29259
       -0.27338  -0.27279  -0.27269  -0.27202  -0.27188  -0.27136  -0.27119  -0.27094  -0.27079
       -0.27026  -0.27014  -0.26989  -0.26982  -0.26932  -0.26908  -0.26884  -0.26867  -0.26832
       -0.26817  -0.26786  -0.26743  -0.26693  -0.26687  -0.26665  -0.26634  -0.26610  -0.26606
       -0.26563  -0.26546  -0.26541  -0.26524  -0.26481  -0.26462  -0.26407  -0.26400  -0.26374
       -0.26341  -0.26309  -0.26267  -0.26244  -0.26189  -0.26175  -0.26163  -0.26137  -0.26110
       -0.26102  -0.26055  -0.26023  -0.26009  -0.25988  -0.25957  -0.25915  -0.25900  -0.25857
       -0.25817  -0.25799  -0.25778  -0.25757  -0.25726  -0.25674  -0.25643  -0.25578  -0.25527
       -0.25480  -0.25460  -0.25447  -0.25378  -0.25350  -0.25338  -0.25297  -0.25286  -0.25231
       -0.25169  -0.25097  -0.25067  -0.25018  -0.24983  -0.24918  -0.24913  -0.24838  -0.24798
       -0.24760  -0.24693  -0.24586  -0.24579  -0.24540  -0.24500  -0.24460  -0.24342  -0.24312
       -0.24236  -0.24179  -0.24135  -0.24064  -0.24029  -0.23970  -0.23929  -0.23796  -0.23773
       -0.23735  -0.23686  -0.23581  -0.23544  -0.23426  -0.23349  -0.23308  -0.23205  -0.23143
       -0.23067  -0.22944  -0.22883  -0.22798  -0.22320  -0.22274  -0.22230  -0.22162  -0.22138
       -0.22085  -0.22026  -0.21955  -0.21922  -0.21883  -0.21844  -0.21785  -0.21762  -0.21708
       -0.21674  -0.21642  -0.21565  -0.21539  -0.21483  -0.21467  -0.21397  -0.21364  -0.21324
       -0.21310  -0.21251  -0.21236  -0.21179  -0.21143  -0.21128  -0.21077  -0.21047  -0.20999
       -0.20971  -0.20884  -0.20879  -0.20850  -0.20825  -0.20798  -0.20702  -0.20658  -0.20630
       -0.20579  -0.20575  -0.20544  -0.20532  -0.20500  -0.20462  -0.20412  -0.20401  -0.20370
       -0.20341  -0.20296  -0.20292  -0.20227  -0.20220  -0.20193  -0.20154  -0.20121  -0.20096
       -0.20062  -0.19993  -0.19961  -0.19952  -0.19910  -0.19889  -0.19830  -0.19794  -0.19770
       -0.19743  -0.19683  -0.19649  -0.19626  -0.19595  -0.19547  -0.19534  -0.19477  -0.19439
       -0.19418  -0.19393  -0.19315  -0.19305  -0.19276  -0.19206  -0.19202  -0.19125  -0.19045
       -0.19036  -0.19014  -0.18917  -0.18877  -0.18853  -0.18811  -0.18795  -0.18779  -0.18671
       -0.18605  -0.18591  -0.18517  -0.18494  -0.18458  -0.18397  -0.18363  -0.18305  -0.18263
       -0.18228  -0.18156  -0.18102  -0.18031  -0.18007  -0.17988  -0.17959  -0.17888  -0.17859
       -0.17766  -0.17705  -0.17587  -0.17583  -0.17560  -0.17520  -0.17432  -0.17354  -0.17338
       -0.17259  -0.17226  -0.17181  -0.17065  -0.17017  -0.16977  -0.16889  -0.16871  -0.16827
       -0.16777  -0.16625  -0.16603  -0.16579  -0.16550  -0.16495  -0.16467  -0.16402  -0.16394
       -0.16379  -0.16338  -0.16311  -0.16300  -0.16221  -0.16191  -0.16188  -0.16117  -0.16091
       -0.16080  -0.16031  -0.15999  -0.15967  -0.15950  -0.15907  -0.15889  -0.15831  -0.15796
       -0.15773  -0.15754  -0.15707  -0.15695  -0.15649  -0.15614  -0.15600  -0.15549  -0.15479
       -0.15472  -0.15458  -0.15416  -0.15378  -0.15347  -0.15296  -0.15271  -0.15246  -0.15241
       -0.15182  -0.15169  -0.15128  -0.15080  -0.15064  -0.15001  -0.14979  -0.14955  -0.14924
       -0.14886  -0.14858  -0.14851  -0.14804  -0.14783  -0.14724  -0.14695  -0.14680  -0.14640
       -0.14613  -0.14566  -0.14539  -0.14531  -0.14479  -0.14427  -0.14412  -0.14394  -0.14339
       -0.14329  -0.14300  -0.14245  -0.14178  -0.14158  -0.14132  -0.14112  -0.14068  -0.14034
       -0.13989  -0.13983  -0.13952  -0.13886  -0.13855  -0.13780  -0.13763  -0.13741  -0.13717
       -0.13659  -0.13621  -0.13586  -0.13545  -0.13517  -0.13458  -0.13447  -0.13435  -0.13402
       -0.13350  -0.13338  -0.13293  -0.13253  -0.13212  -0.13174  -0.13141  -0.13137  -0.13113
       -0.13066  -0.13031  -0.13009  -0.12957  -0.12938  -0.12871  -0.12862  -0.12847  -0.12823
       -0.12765  -0.12743  -0.12713  -0.12676  -0.12630  -0.12618  -0.12552  -0.12522  -0.12502
       -0.12473  -0.12442  -0.12417  -0.12410  -0.12371  -0.12349  -0.12328  -0.12278  -0.12260
       -0.12243  -0.12202  -0.12196  -0.12170  -0.12144  -0.12073  -0.12051  -0.12005  -0.11974
       -0.11956  -0.11948  -0.11913  -0.11902  -0.11855  -0.11835  -0.11799  -0.11769  -0.11754
       -0.11717  -0.11684  -0.11663  -0.11654  -0.11569  -0.11531  -0.11519  -0.11487  -0.11473
       -0.11458  -0.11409  -0.11381  -0.11366  -0.11351  -0.11338  -0.11314  -0.11281  -0.11258
       -0.11229  -0.11192  -0.11146  -0.11140  -0.11117  -0.11083  -0.11045  -0.10983  -0.10949
       -0.10936  -0.10914  -0.10901  -0.10885  -0.10833  -0.10829  -0.10799  -0.10766  -0.10731
       -0.10728  -0.10697  -0.10693  -0.10669  -0.10616  -0.10594  -0.10568  -0.10534  -0.10491
       -0.10478  -0.10440  -0.10428  -0.10415  -0.10355  -0.10326  -0.10314  -0.10309  -0.10260
       -0.10240  -0.10197  -0.10173  -0.10151  -0.10130  -0.10094  -0.10065  -0.10027  -0.09980
       -0.09969  -0.09950  -0.09916  -0.09887  -0.09846  -0.09823  -0.09812  -0.09759  -0.09742
       -0.09696  -0.09680  -0.09674  -0.09619  -0.09606  -0.09599  -0.09572  -0.09545  -0.09519
       -0.09509  -0.09477  -0.09446  -0.09437  -0.09406  -0.09393  -0.09352  -0.09333  -0.09289
       -0.09272  -0.09224  -0.09204  -0.09185  -0.09156  -0.09140  -0.09112  -0.09092  -0.09079
       -0.09032  -0.09007  -0.08996  -0.08972  -0.08921  -0.08920  -0.08904  -0.08860  -0.08811
       -0.08797  -0.08758  -0.08754  -0.08717  -0.08695  -0.08655  -0.08626  -0.08611  -0.08593
       -0.08584  -0.08575  -0.08547  -0.08517  -0.08483  -0.08455  -0.08410  -0.08372  -0.08339
       -0.08338  -0.08301  -0.08270  -0.08254  -0.08238  -0.08209  -0.08181  -0.08176  -0.08126
       -0.08110  -0.08084  -0.08058  -0.08035  -0.08004  -0.07972  -0.07937  -0.07893  -0.07857
       -0.07832  -0.07826  -0.07816  -0.07749  -0.07734  -0.07677  -0.07672  -0.07627  -0.07596
       -0.07565  -0.07552  -0.07516  -0.07494  -0.07484  -0.07444  -0.07401  -0.07353  -0.07314
       -0.07282  -0.07270  -0.07232  -0.07218  -0.07194  -0.07143  -0.07108  -0.07084  -0.07055
       -0.06980  -0.06943  -0.06893  -0.06845  -0.06813  -0.06753  -0.06723  -0.06643  -0.06597
       -0.06573
        
     --------------------------------------------------------------------------------------------
     Tot. elapsed time 01m-54.9s,  time spent in last iteration 01m-54.9s
     --------------------------------------------------------------------------------------------

     [I/O] -------------------------------------------------------
     [I/O] RESTART written in < 00.1s             
     [I/O] In location   : ./si_kin_1000.wstat.restart
     [I/O] -------------------------------------------------------

                       *----------*              *----------*               *----------*
     #     Iteration = |        1 |   DFPT_dim = |     1000 |   Diago_dim = |     2000 |
                       *----------*              *----------*               *----------*
     per-process dynamical memory   105.4 Mb
  
       
     --------------------------------------------------------------------------------------------
     Sternheimer eq. solver... with threshold =   1.000000E-12           
     --------------------------------------------------------------------------------------------
     in progress... |#                   | 005% :               06.0s (E)           02m-01.6s (X)
     in progress... |##                  | 010% :               10.7s (E)           01m-47.4s (X)
     in progress... |###                 | 015% :               15.4s (E)           01m-42.9s (X)
     in progress... |####                | 020% :               20.1s (E)           01m-40.7s (X)
     in progress... |#####               | 025% :               24.8s (E)           01m-39.5s (X)
     in progress... |######              | 030% :               29.5s (E)           01m-38.6s (X)
     in progress... |#######             | 035% :               34.2s (E)           01m-37.7s (X)
     in progress... |########            | 040% :               38.8s (E)           01m-37.0s (X)
     in progress... |#########           | 045% :               43.3s (E)           01m-36.4s (X)
     in progress... |##########          | 050% :               47.9s (E)           01m-35.9s (X)
     in progress... |###########         | 055% :               54.0s (E)           01m-38.2s (X)
     in progress... |############        | 060% :               58.5s (E)           01m-37.6s (X)
     in progress... |#############       | 065% :           01m-03.1s (E)           01m-37.0s (X)
     in progress... |##############      | 070% :           01m-07.6s (E)           01m-36.6s (X)
     in progress... |###############     | 075% :           01m-12.3s (E)           01m-36.4s (X)
     in progress... |################    | 080% :           01m-17.0s (E)           01m-36.2s (X)
     in progress... |#################   | 085% :           01m-21.6s (E)           01m-36.1s (X)
     in progress... |##################  | 090% :           01m-26.3s (E)           01m-35.9s (X)
     in progress... |################### | 095% :           01m-30.9s (E)           01m-35.7s (X)
     in progress... |####################| 100% :           01m-35.4s (E)           01m-35.4s (X)
     --------------------------------------------------------------------------------------------
     p-DIAGOX done in 02.4s with a SCALAPACK grid (12x12)
     --------------------------------------------------------------------------------------------
        
       -2.85873  -2.85715  -2.85454  -2.85323  -2.85090  -2.85018  -2.07690  -2.07549  -2.07235
       -2.07080  -2.06975  -2.06918  -2.06772  -2.06748  -2.06617  -2.06443  -2.06296  -2.06069
       -1.96310  -1.96158  -1.95972  -1.95737  -1.30291  -1.30243  -1.30137  -1.30110  -1.29916
       -1.29841  -1.15659  -1.15634  -1.15563  -1.15515  -1.15457  -1.15406  -1.15334  -1.15309
       -1.15261  -1.15198  -1.15077  -1.15007  -1.14722  -1.14489  -1.14420  -1.14334  -1.14308
       -1.14203  -1.14134  -1.14094  -1.14056  -1.14010  -1.13927  -1.13823  -1.06304  -1.06250
       -1.06186  -1.06119  -1.06068  -1.05973  -1.05963  -1.05902  -1.05879  -1.05803  -1.05762
       -1.05684  -0.96581  -0.96365  -0.96101  -0.95866  -0.87441  -0.87336  -0.87041  -0.86953
       -0.86884  -0.86820  -0.86784  -0.86683  -0.86537  -0.86494  -0.86444  -0.86337  -0.84189
       -0.84085  -0.84031  -0.83995  -0.83993  -0.83816  -0.83427  -0.83362  -0.83303  -0.83248
       -0.83204  -0.83113  -0.79332  -0.75583  -0.75492  -0.75426  -0.75418  -0.74942  -0.74915
       -0.74813  -0.74728  -0.74701  -0.74678  -0.74356  -0.74285  -0.74226  -0.74221  -0.74160
       -0.74141  -0.74108  -0.74096  -0.74022  -0.73954  -0.73933  -0.73874  -0.68681  -0.68605
       -0.68585  -0.68574  -0.68559  -0.68546  -0.68486  -0.68450  -0.68434  -0.68389  -0.68307
       -0.68292  -0.66147  -0.65951  -0.65898  -0.65702  -0.65609  -0.65554  -0.65509  -0.65491
       -0.65469  -0.65426  -0.65398  -0.65356  -0.65341  -0.65302  -0.65278  -0.65217  -0.65173
       -0.65134  -0.62993  -0.62924  -0.62847  -0.62309  -0.62292  -0.62233  -0.62167  -0.62147
       -0.62076  -0.61766  -0.61750  -0.61712  -0.61699  -0.61626  -0.61580  -0.61566  -0.61544
       -0.58020  -0.57996  -0.57966  -0.57955  -0.57912  -0.57903  -0.57823  -0.57810  -0.54854
       -0.54845  -0.54826  -0.54806  -0.54764  -0.54721  -0.54701  -0.54698  -0.54690  -0.54635
       -0.54547  -0.54515  -0.52517  -0.52480  -0.52459  -0.52438  -0.52393  -0.52372  -0.52353
       -0.52336  -0.52331  -0.52298  -0.52284  -0.52273  -0.49791  -0.49730  -0.49684  -0.49677
       -0.49643  -0.49618  -0.49608  -0.49592  -0.49567  -0.49518  -0.49493  -0.49449  -0.48878
       -0.48850  -0.48845  -0.48787  -0.48772  -0.48754  -0.48718  -0.48694  -0.48673  -0.48639
       -0.48622  -0.48567  -0.48367  -0.46884  -0.46658  -0.46606  -0.46378  -0.45944  -0.45892
       -0.45844  -0.45605  -0.45543  -0.45508  -0.45475  -0.45466  -0.45379  -0.45364  -0.45343
       -0.45322  -0.45248  -0.45224  -0.45189  -0.43624  -0.43589  -0.43568  -0.43560  -0.43532
       -0.43492  -0.43455  -0.43445  -0.43420  -0.43400  -0.43374  -0.43365  -0.42491  -0.42444
       -0.42425  -0.42395  -0.42374  -0.42355  -0.42347  -0.42322  -0.42310  -0.42282  -0.42263
       -0.42250  -0.42226  -0.42203  -0.40312  -0.40287  -0.40246  -0.40233  -0.40214  -0.40180
       -0.40143  -0.40112  -0.40103  -0.40083  -0.40057  -0.40014  -0.38337  -0.38329  -0.38274
       -0.38221  -0.38217  -0.38173  -0.38165  -0.38067  -0.38011  -0.37974  -0.37859  -0.37782
       -0.37422  -0.37397  -0.37364  -0.37332  -0.37307  -0.37300  -0.37279  -0.37234  -0.37231
       -0.37204  -0.37181  -0.37144  -0.37135  -0.37115  -0.37083  -0.37073  -0.37066  -0.37037
       -0.37018  -0.37005  -0.36977  -0.36947  -0.36849  -0.35438  -0.35381  -0.35362  -0.35327
       -0.34956  -0.34934  -0.34910  -0.34896  -0.34888  -0.34872  -0.34862  -0.34859  -0.34836
       -0.34813  -0.34807  -0.34786  -0.34730  -0.34706  -0.34686  -0.34652  -0.34643  -0.34620
       -0.34434  -0.34397  -0.34391  -0.34364  -0.34363  -0.34347  -0.34331  -0.34322  -0.34300
       -0.34284  -0.34266  -0.34260  -0.34255  -0.34242  -0.34232  -0.34217  -0.34204  -0.34184
       -0.34178  -0.34146  -0.34121  -0.34102  -0.34094  -0.34063  -0.34016  -0.34003  -0.33989
       -0.33952  -0.33914  -0.33874  -0.33863  -0.33851  -0.33822  -0.33814  -0.33775  -0.33768
       -0.33738  -0.33718  -0.33695  -0.33683  -0.33666  -0.33660  -0.33648  -0.33627  -0.33606
       -0.33602  -0.33595  -0.33583  -0.33572  -0.33501  -0.33155  -0.33089  -0.33040  -0.33032
       -0.33023  -0.32984  -0.32960  -0.32952  -0.32937  -0.32899  -0.32880  -0.32875  -0.32864
       -0.32845  -0.32824  -0.32796  -0.32783  -0.32766  -0.32522  -0.32483  -0.32461  -0.32436
       -0.32425  -0.32381  -0.32366  -0.32338  -0.32327  -0.32293  -0.32284  -0.32230  -0.30997
       -0.30981  -0.30923  -0.30884  -0.30850  -0.30835  -0.30815  -0.30797  -0.30769  -0.30714
       -0.28350  -0.28343  -0.28325  -0.28319  -0.28310  -0.28288  -0.28263  -0.28246  -0.28239
       -0.28225  -0.28209  -0.28201  -0.28190  -0.28187  -0.28176  -0.28158  -0.28137  -0.28121
       -0.28107  -0.28085  -0.28071  -0.28060  -0.28050  -0.28039  -0.28029  -0.28017  -0.28004
       -0.27997  -0.27991  -0.27989  -0.27973  -0.27968  -0.27947  -0.27939  -0.27935  -0.27926
       -0.27920  -0.27906  -0.27900  -0.27892  -0.27881  -0.27869  -0.27837  -0.27831  -0.27807
       -0.27799  -0.27790  -0.27779  -0.27768  -0.27764  -0.27760  -0.27748  -0.27737  -0.27729
       -0.27723  -0.27716  -0.27711  -0.27698  -0.27689  -0.27681  -0.27674  -0.27669  -0.27660
       -0.27653  -0.27648  -0.27636  -0.27487  -0.27484  -0.27440  -0.27436  -0.27427  -0.27411
       -0.27401  -0.27388  -0.27373  -0.27370  -0.27358  -0.27354  -0.27342  -0.27324  -0.27313
       -0.27303  -0.27291  -0.27274  -0.27262  -0.27253  -0.27248  -0.27236  -0.27222  -0.27216
       -0.26270  -0.26172  -0.26101  -0.26085  -0.25883  -0.25876  -0.25863  -0.25859  -0.25847
       -0.25827  -0.25816  -0.25811  -0.25800  -0.25784  -0.25759  -0.25750  -0.25126  -0.25116
       -0.25096  -0.25067  -0.25041  -0.25030  -0.23433  -0.23410  -0.23389  -0.23380  -0.23364
       -0.23344  -0.23321  -0.23301  -0.23278  -0.23269  -0.23261  -0.23246  -0.23157  -0.23152
       -0.23136  -0.23127  -0.23117  -0.23093  -0.23052  -0.23031  -0.22998  -0.22989  -0.22961
       -0.22940  -0.22929  -0.22920  -0.22912  -0.22894  -0.22889  -0.22872  -0.22860  -0.22844
       -0.22820  -0.22649  -0.22614  -0.22603  -0.22595  -0.22376  -0.22355  -0.22333  -0.22324
       -0.22288  -0.22258  -0.22245  -0.22239  -0.22214  -0.22212  -0.22183  -0.22175  -0.22144
       -0.22143  -0.22127  -0.22109  -0.22105  -0.22101  -0.22097  -0.22087  -0.22078  -0.22065
       -0.22053  -0.22044  -0.22038  -0.22035  -0.22021  -0.22017  -0.22013  -0.22003  -0.22001
       -0.21990  -0.21987  -0.21983  -0.21971  -0.21960  -0.21959  -0.21952  -0.21938  -0.21934
       -0.21930  -0.21917  -0.21912  -0.21906  -0.21905  -0.21892  -0.21887  -0.21879  -0.21866
       -0.21861  -0.21857  -0.21844  -0.21833  -0.21815  -0.21789  -0.21784  -0.21770  -0.21762
       -0.21747  -0.21723  -0.21698  -0.21673  -0.21662  -0.21648  -0.21616  -0.21402  -0.21392
       -0.21378  -0.21361  -0.21339  -0.21330  -0.21320  -0.21274  -0.21265  -0.21231  -0.21209
       -0.21173  -0.21154  -0.21072  -0.21045  -0.21035  -0.21012  -0.21001  -0.20968  -0.19790
       -0.19772  -0.19759  -0.19731  -0.19726  -0.19706  -0.19697  -0.19668  -0.19517  -0.19490
       -0.19478  -0.19447  -0.19432  -0.19411  -0.19405  -0.19393  -0.19375  -0.18418  -0.18407
       -0.18397  -0.18385  -0.18381  -0.18369  -0.18367  -0.18311  -0.18270  -0.18242  -0.18222
       -0.18213  -0.18196  -0.18174  -0.18171  -0.18159  -0.18147  -0.18132  -0.18117  -0.18111
       -0.18098  -0.18089  -0.17921  -0.17917  -0.17910  -0.17897  -0.17885  -0.17874  -0.17845
       -0.17840  -0.17820  -0.17812  -0.17795  -0.17780  -0.17615  -0.17601  -0.17585  -0.17565
       -0.17554  -0.17533  -0.17531  -0.17523  -0.17515  -0.17509  -0.17497  -0.17487  -0.17484
       -0.17474  -0.17471  -0.17456  -0.17450  -0.17445  -0.17431  -0.17430  -0.17418  -0.17412
       -0.17390  -0.17388  -0.17371  -0.17357  -0.17338  -0.17329  -0.17319  -0.17312  -0.17283
       -0.17268  -0.17266  -0.17239  -0.17233  -0.17206  -0.17195  -0.17174  -0.17171  -0.17146
       -0.17102  -0.17071  -0.16840  -0.16822  -0.16783  -0.16753  -0.16715  -0.16704  -0.16580
       -0.16556  -0.16514  -0.16509  -0.16496  -0.16480  -0.16474  -0.16462  -0.16456  -0.16451
       -0.16424  -0.16399  -0.16386  -0.16382  -0.16365  -0.16351  -0.16338  -0.16324  -0.16312
       -0.16299  -0.16266  -0.16262  -0.16222  -0.16172  -0.15836  -0.15797  -0.15792  -0.15789
       -0.15776  -0.15745  -0.15713  -0.15683  -0.15666  -0.15600  -0.14755  -0.14750  -0.14747
       -0.14725  -0.14715  -0.14709  -0.14689  -0.14681  -0.14666  -0.14657  -0.14644  -0.14628
       -0.14625  -0.14607  -0.14597  -0.14593  -0.14571  -0.14569  -0.14553  -0.14545  -0.14527
       -0.14511  -0.14497  -0.14461  -0.14448  -0.14438  -0.14399  -0.14396  -0.14360  -0.14359
       -0.14329  -0.14307  -0.14280  -0.14262  -0.14235  -0.14223  -0.14211  -0.14197  -0.14191
       -0.14171  -0.14154  -0.14149  -0.14130  -0.14110  -0.14093  -0.14086  -0.14066  -0.14038
       -0.14033  -0.14004  -0.13991  -0.13971  -0.13939  -0.13908  -0.13870  -0.13665  -0.13639
       -0.13624  -0.13613  -0.13601  -0.13593  -0.13579  -0.13568  -0.13561  -0.13548  -0.13531
       -0.13525  -0.13518  -0.13501  -0.13495  -0.13489  -0.13469  -0.13463  -0.13453  -0.13449
       -0.13434  -0.13421  -0.13412  -0.13407  -0.13388  -0.13374  -0.13364  -0.13353  -0.13344
       -0.13327  -0.13327  -0.13318  -0.13315  -0.13289  -0.13281  -0.13267  -0.13256  -0.13248
       -0.13242  -0.13215  -0.13211  -0.13204  -0.13187  -0.13180  -0.13163  -0.13153  -0.13147
       -0.13134  -0.13114  -0.13098  -0.13094  -0.13080  -0.13066  -0.13063  -0.13054  -0.13016
       -0.12993  -0.12990  -0.12985  -0.12967  -0.12949  -0.12936  -0.12911  -0.12889  -0.12880
       -0.12870  -0.12844  -0.12824  -0.12784  -0.12775  -0.12767  -0.12748  -0.12729  -0.12719
       -0.12705  -0.12657  -0.12644  -0.12601  -0.12580  -0.12530  -0.12501  -0.12487  -0.12477
       -0.12459  -0.12434  -0.12417  -0.12401  -0.12390  -0.12360  -0.12345  -0.12330  -0.12289
       -0.12261  -0.12243  -0.12210  -0.12159  -0.12142  -0.12122  -0.12108  -0.12074  -0.12062
       -0.12036  -0.12026  -0.12012  -0.11980  -0.11937  -0.11910  -0.11889  -0.11863  -0.11822
       -0.11805  -0.11779  -0.11758  -0.11750  -0.11732  -0.11702  -0.11683  -0.11678  -0.11632
       -0.11621  -0.11596  -0.11556  -0.11548  -0.11526  -0.11485  -0.11461  -0.11423  -0.11401
       -0.11377  -0.11366  -0.11338  -0.11316  -0.11309  -0.11275  -0.11254  -0.11236  -0.11223
       -0.11206  -0.11176  -0.11146  -0.11111  -0.11085  -0.11073  -0.11071  -0.11025  -0.11014
       -0.10993  -0.10970  -0.10965  -0.10949  -0.10934  -0.10923  -0.10905  -0.10879  -0.10865
       -0.10857
        
     --------------------------------------------------------------------------------------------
     Tot. elapsed time 03m-55.4s,  time spent in last iteration 01m-44.8s
     --------------------------------------------------------------------------------------------

     [I/O] -------------------------------------------------------
     [I/O] RESTART written in < 00.1s             
     [I/O] In location   : ./si_kin_1000.wstat.restart
     [I/O] -------------------------------------------------------

                       *----------*              *----------*               *----------*
     #     Iteration = |        2 |   DFPT_dim = |      942 |   Diago_dim = |     2942 |
                       *----------*              *----------*               *----------*
     per-process dynamical memory   108.4 Mb
  
       
     --------------------------------------------------------------------------------------------
     Sternheimer eq. solver... with threshold =   1.000000E-12           
     --------------------------------------------------------------------------------------------
     in progress... |#                   | 005% :               04.5s (E)           01m-30.7s (X)
     in progress... |##                  | 010% :               09.1s (E)           01m-31.3s (X)
     in progress... |###                 | 015% :               13.7s (E)           01m-31.8s (X)
     in progress... |####                | 020% :               18.4s (E)           01m-32.2s (X)
     in progress... |#####               | 025% :               23.0s (E)           01m-32.3s (X)
     in progress... |######              | 030% :               27.6s (E)           01m-32.1s (X)
     in progress... |#######             | 035% :               32.2s (E)           01m-32.1s (X)
     in progress... |########            | 040% :               36.7s (E)           01m-31.8s (X)
     in progress... |#########           | 045% :               41.2s (E)           01m-31.6s (X)
     in progress... |##########          | 050% :               45.7s (E)           01m-31.4s (X)
     in progress... |###########         | 055% :               50.2s (E)           01m-31.2s (X)
     in progress... |############        | 060% :               54.6s (E)           01m-31.1s (X)
     in progress... |#############       | 065% :               59.1s (E)           01m-30.9s (X)
     in progress... |##############      | 070% :           01m-03.6s (E)           01m-30.8s (X)
     in progress... |###############     | 075% :           01m-08.0s (E)           01m-30.7s (X)
     in progress... |################    | 080% :           01m-12.4s (E)           01m-30.5s (X)
     in progress... |#################   | 085% :           01m-16.9s (E)           01m-30.5s (X)
     in progress... |##################  | 090% :           01m-21.3s (E)           01m-30.4s (X)
     in progress... |################### | 095% :           01m-25.8s (E)           01m-30.3s (X)
     in progress... |####################| 100% :           01m-28.8s (E)           01m-28.8s (X)
     --------------------------------------------------------------------------------------------
     p-DIAGOX done in 03.3s with a SCALAPACK grid (12x12)
     --------------------------------------------------------------------------------------------
        
       -2.85878  -2.85720  -2.85459  -2.85328  -2.85096  -2.85024  -2.07693  -2.07552  -2.07238
       -2.07082  -2.06977  -2.06920  -2.06775  -2.06751  -2.06619  -2.06446  -2.06299  -2.06071
       -1.96311  -1.96159  -1.95973  -1.95738  -1.30294  -1.30246  -1.30140  -1.30113  -1.29919
       -1.29844  -1.15660  -1.15635  -1.15565  -1.15516  -1.15458  -1.15407  -1.15335  -1.15310
       -1.15263  -1.15200  -1.15078  -1.15009  -1.14726  -1.14493  -1.14424  -1.14338  -1.14311
       -1.14206  -1.14138  -1.14098  -1.14060  -1.14014  -1.13931  -1.13827  -1.06306  -1.06252
       -1.06189  -1.06122  -1.06071  -1.05976  -1.05966  -1.05904  -1.05881  -1.05805  -1.05764
       -1.05686  -0.96589  -0.96373  -0.96108  -0.95873  -0.87446  -0.87341  -0.87046  -0.86959
       -0.86889  -0.86825  -0.86789  -0.86687  -0.86542  -0.86499  -0.86449  -0.86342  -0.84191
       -0.84088  -0.84034  -0.83997  -0.83996  -0.83819  -0.83430  -0.83364  -0.83305  -0.83250
       -0.83206  -0.83116  -0.79333  -0.75585  -0.75494  -0.75428  -0.75420  -0.74945  -0.74919
       -0.74816  -0.74732  -0.74705  -0.74681  -0.74358  -0.74288  -0.74228  -0.74224  -0.74163
       -0.74143  -0.74110  -0.74098  -0.74024  -0.73957  -0.73936  -0.73877  -0.68683  -0.68607
       -0.68587  -0.68576  -0.68561  -0.68548  -0.68488  -0.68452  -0.68436  -0.68392  -0.68309
       -0.68294  -0.66153  -0.65957  -0.65905  -0.65708  -0.65614  -0.65558  -0.65513  -0.65495
       -0.65474  -0.65431  -0.65404  -0.65359  -0.65345  -0.65306  -0.65282  -0.65222  -0.65178
       -0.65138  -0.62996  -0.62927  -0.62849  -0.62311  -0.62294  -0.62236  -0.62169  -0.62149
       -0.62078  -0.61770  -0.61754  -0.61717  -0.61704  -0.61630  -0.61584  -0.61570  -0.61548
       -0.58023  -0.58000  -0.57969  -0.57958  -0.57915  -0.57906  -0.57826  -0.57813  -0.54857
       -0.54847  -0.54829  -0.54809  -0.54767  -0.54724  -0.54703  -0.54701  -0.54692  -0.54638
       -0.54549  -0.54518  -0.52520  -0.52484  -0.52463  -0.52442  -0.52397  -0.52376  -0.52356
       -0.52340  -0.52334  -0.52301  -0.52287  -0.52276  -0.49794  -0.49732  -0.49687  -0.49681
       -0.49646  -0.49621  -0.49611  -0.49595  -0.49570  -0.49521  -0.49496  -0.49453  -0.48883
       -0.48854  -0.48849  -0.48792  -0.48777  -0.48758  -0.48722  -0.48698  -0.48677  -0.48644
       -0.48627  -0.48571  -0.48376  -0.46887  -0.46661  -0.46608  -0.46380  -0.45953  -0.45901
       -0.45852  -0.45613  -0.45551  -0.45515  -0.45483  -0.45474  -0.45387  -0.45371  -0.45350
       -0.45329  -0.45256  -0.45231  -0.45197  -0.43633  -0.43597  -0.43576  -0.43568  -0.43541
       -0.43500  -0.43462  -0.43453  -0.43427  -0.43408  -0.43380  -0.43373  -0.42498  -0.42451
       -0.42432  -0.42402  -0.42380  -0.42363  -0.42354  -0.42328  -0.42318  -0.42290  -0.42269
       -0.42257  -0.42233  -0.42210  -0.40319  -0.40295  -0.40254  -0.40241  -0.40221  -0.40188
       -0.40152  -0.40121  -0.40112  -0.40091  -0.40064  -0.40023  -0.38347  -0.38342  -0.38288
       -0.38230  -0.38228  -0.38188  -0.38178  -0.38081  -0.38031  -0.37991  -0.37881  -0.37804
       -0.37433  -0.37408  -0.37375  -0.37343  -0.37319  -0.37312  -0.37289  -0.37246  -0.37242
       -0.37215  -0.37192  -0.37154  -0.37144  -0.37124  -0.37093  -0.37082  -0.37075  -0.37045
       -0.37027  -0.37014  -0.36986  -0.36955  -0.36857  -0.35454  -0.35400  -0.35378  -0.35345
       -0.34971  -0.34952  -0.34924  -0.34911  -0.34905  -0.34886  -0.34878  -0.34874  -0.34856
       -0.34829  -0.34823  -0.34802  -0.34741  -0.34716  -0.34697  -0.34662  -0.34653  -0.34631
       -0.34445  -0.34408  -0.34403  -0.34378  -0.34375  -0.34358  -0.34341  -0.34333  -0.34311
       -0.34298  -0.34281  -0.34273  -0.34270  -0.34253  -0.34244  -0.34230  -0.34217  -0.34197
       -0.34191  -0.34158  -0.34135  -0.34117  -0.34104  -0.34077  -0.34031  -0.34019  -0.34006
       -0.33974  -0.33931  -0.33893  -0.33883  -0.33870  -0.33842  -0.33830  -0.33794  -0.33789
       -0.33756  -0.33735  -0.33717  -0.33702  -0.33685  -0.33678  -0.33667  -0.33642  -0.33625
       -0.33623  -0.33611  -0.33603  -0.33590  -0.33519  -0.33172  -0.33108  -0.33056  -0.33050
       -0.33040  -0.33001  -0.32975  -0.32968  -0.32952  -0.32918  -0.32896  -0.32893  -0.32882
       -0.32864  -0.32838  -0.32813  -0.32800  -0.32785  -0.32534  -0.32493  -0.32471  -0.32447
       -0.32434  -0.32391  -0.32376  -0.32347  -0.32339  -0.32304  -0.32294  -0.32239  -0.31016
       -0.31001  -0.30939  -0.30901  -0.30865  -0.30854  -0.30833  -0.30814  -0.30785  -0.30733
       -0.28381  -0.28372  -0.28358  -0.28346  -0.28340  -0.28321  -0.28306  -0.28285  -0.28275
       -0.28257  -0.28241  -0.28237  -0.28220  -0.28216  -0.28208  -0.28195  -0.28169  -0.28156
       -0.28143  -0.28124  -0.28109  -0.28096  -0.28083  -0.28073  -0.28064  -0.28059  -0.28042
       -0.28033  -0.28031  -0.28023  -0.28011  -0.28007  -0.27983  -0.27980  -0.27972  -0.27962
       -0.27957  -0.27940  -0.27936  -0.27932  -0.27921  -0.27909  -0.27871  -0.27869  -0.27848
       -0.27831  -0.27826  -0.27811  -0.27807  -0.27803  -0.27796  -0.27786  -0.27778  -0.27773
       -0.27765  -0.27754  -0.27751  -0.27738  -0.27732  -0.27720  -0.27717  -0.27711  -0.27697
       -0.27693  -0.27687  -0.27673  -0.27519  -0.27515  -0.27480  -0.27469  -0.27464  -0.27453
       -0.27439  -0.27428  -0.27417  -0.27406  -0.27401  -0.27392  -0.27376  -0.27363  -0.27355
       -0.27350  -0.27324  -0.27316  -0.27304  -0.27292  -0.27281  -0.27266  -0.27263  -0.27246
       -0.26304  -0.26215  -0.26135  -0.26128  -0.25919  -0.25914  -0.25909  -0.25896  -0.25889
       -0.25868  -0.25865  -0.25853  -0.25844  -0.25829  -0.25800  -0.25791  -0.25166  -0.25155
       -0.25133  -0.25108  -0.25083  -0.25069  -0.23467  -0.23455  -0.23437  -0.23425  -0.23410
       -0.23389  -0.23368  -0.23355  -0.23328  -0.23318  -0.23307  -0.23294  -0.23233  -0.23217
       -0.23208  -0.23185  -0.23167  -0.23163  -0.23124  -0.23093  -0.23058  -0.23056  -0.23009
       -0.22996  -0.22991  -0.22985  -0.22973  -0.22963  -0.22945  -0.22927  -0.22923  -0.22903
       -0.22879  -0.22737  -0.22716  -0.22705  -0.22693  -0.22425  -0.22411  -0.22401  -0.22389
       -0.22353  -0.22316  -0.22309  -0.22303  -0.22289  -0.22273  -0.22262  -0.22239  -0.22230
       -0.22213  -0.22204  -0.22196  -0.22193  -0.22186  -0.22179  -0.22171  -0.22164  -0.22158
       -0.22151  -0.22146  -0.22135  -0.22126  -0.22122  -0.22118  -0.22115  -0.22111  -0.22108
       -0.22105  -0.22098  -0.22095  -0.22090  -0.22084  -0.22079  -0.22074  -0.22068  -0.22059
       -0.22049  -0.22044  -0.22042  -0.22031  -0.22023  -0.22017  -0.22012  -0.21998  -0.21990
       -0.21981  -0.21975  -0.21959  -0.21949  -0.21935  -0.21905  -0.21878  -0.21871  -0.21861
       -0.21847  -0.21833  -0.21806  -0.21780  -0.21758  -0.21744  -0.21710  -0.21532  -0.21519
       -0.21506  -0.21478  -0.21475  -0.21473  -0.21403  -0.21385  -0.21349  -0.21338  -0.21286
       -0.21259  -0.21240  -0.21147  -0.21110  -0.21098  -0.21086  -0.21075  -0.21038  -0.19891
       -0.19873  -0.19863  -0.19858  -0.19838  -0.19831  -0.19814  -0.19811  -0.19643  -0.19640
       -0.19629  -0.19610  -0.19603  -0.19583  -0.19572  -0.19551  -0.19534  -0.18578  -0.18569
       -0.18563  -0.18557  -0.18542  -0.18534  -0.18526  -0.18519  -0.18421  -0.18390  -0.18382
       -0.18377  -0.18359  -0.18352  -0.18349  -0.18331  -0.18325  -0.18318  -0.18311  -0.18306
       -0.18292  -0.18278  -0.18075  -0.18064  -0.18048  -0.18035  -0.18028  -0.18027  -0.18020
       -0.18015  -0.18009  -0.18000  -0.17993  -0.17986  -0.17757  -0.17741  -0.17732  -0.17718
       -0.17703  -0.17692  -0.17681  -0.17676  -0.17668  -0.17666  -0.17661  -0.17658  -0.17647
       -0.17645  -0.17639  -0.17636  -0.17621  -0.17618  -0.17608  -0.17597  -0.17592  -0.17584
       -0.17584  -0.17579  -0.17571  -0.17567  -0.17552  -0.17544  -0.17540  -0.17533  -0.17495
       -0.17463  -0.17454  -0.17439  -0.17425  -0.17403  -0.17399  -0.17381  -0.17375  -0.17357
       -0.17343  -0.17318  -0.17045  -0.17031  -0.17018  -0.17011  -0.16996  -0.16971  -0.16753
       -0.16730  -0.16721  -0.16703  -0.16691  -0.16683  -0.16680  -0.16671  -0.16656  -0.16645
       -0.16634  -0.16629  -0.16617  -0.16613  -0.16611  -0.16602  -0.16600  -0.16592  -0.16580
       -0.16563  -0.16559  -0.16551  -0.16549  -0.16526  -0.16039  -0.16018  -0.16007  -0.15992
       -0.15948  -0.15926  -0.15921  -0.15908  -0.15898  -0.15884  -0.14957  -0.14947  -0.14933
       -0.14922  -0.14915  -0.14913  -0.14906  -0.14904  -0.14899  -0.14896  -0.14884  -0.14880
       -0.14876  -0.14868  -0.14865  -0.14858  -0.14845  -0.14841  -0.14838  -0.14832  -0.14825
       -0.14824  -0.14815  -0.14800  -0.14754  -0.14740  -0.14731  -0.14724  -0.14702  -0.14683
       -0.14672  -0.14568  -0.14566  -0.14558  -0.14552  -0.14548  -0.14541  -0.14539  -0.14532
       -0.14528  -0.14523  -0.14513  -0.14509  -0.14370  -0.14357  -0.14347  -0.14336  -0.14334
       -0.14333  -0.14319  -0.14317  -0.14307  -0.14301  -0.14288  -0.14274  -0.13905  -0.13896
       -0.13892  -0.13882  -0.13877  -0.13874  -0.13863  -0.13851  -0.13839  -0.13834  -0.13825
       -0.13816  -0.13808  -0.13798  -0.13792  -0.13786  -0.13785  -0.13777  -0.13775  -0.13774
       -0.13770  -0.13764  -0.13762  -0.13758  -0.13755  -0.13748  -0.13744  -0.13741  -0.13740
       -0.13736  -0.13729  -0.13727  -0.13722  -0.13719  -0.13711  -0.13710  -0.13706  -0.13700
       -0.13691  -0.13690  -0.13686  -0.13684  -0.13680  -0.13679  -0.13675  -0.13670  -0.13664
       -0.13662  -0.13641  -0.13638  -0.13623  -0.13620  -0.13615  -0.13608  -0.13604  -0.13603
       -0.13600  -0.13595  -0.13588  -0.13583  -0.13573  -0.13570  -0.13566  -0.13561  -0.13561
       -0.13555  -0.13553  -0.13544  -0.13542  -0.13538  -0.13535  -0.13524  -0.13513  -0.13512
       -0.13500  -0.13496  -0.13495  -0.13492  -0.13483  -0.13473  -0.13469  -0.13463  -0.13460
       -0.13451  -0.12909  -0.12903  -0.12899  -0.12897  -0.12893  -0.12888  -0.12887  -0.12876
       -0.12875  -0.12872  -0.12866  -0.12863  -0.12856  -0.12852  -0.12850  -0.12844  -0.12835
       -0.12832  -0.12715  -0.12699  -0.12695  -0.12693  -0.12688  -0.12682  -0.12676  -0.12675
       -0.12672  -0.12664  -0.12662  -0.12655  -0.12367  -0.12358  -0.12351  -0.12341  -0.12241
       -0.12218  -0.12209  -0.12202  -0.12198  -0.12194  -0.12190  -0.12185  -0.12097  -0.12085
       -0.12078  -0.12068  -0.12060  -0.12057  -0.12051  -0.12047  -0.12040  -0.12032  -0.12024
       -0.12017  -0.11778  -0.11775  -0.11765  -0.11764  -0.11751  -0.11747  -0.11747  -0.11740
       -0.11732  -0.11729  -0.11726  -0.11719  -0.11674  -0.11667  -0.11662  -0.11643  -0.11536
       -0.11516
        
     --------------------------------------------------------------------------------------------
     Tot. elapsed time 06m-06.1s,  time spent in last iteration 01m-39.3s
     --------------------------------------------------------------------------------------------

     [I/O] -------------------------------------------------------
     [I/O] RESTART written in < 00.1s             
     [I/O] In location   : ./si_kin_1000.wstat.restart
     [I/O] -------------------------------------------------------

                       *----------*              *----------*               *----------*
     #     Iteration = |        3 |   DFPT_dim = |      389 |   Diago_dim = |     3331 |
                       *----------*              *----------*               *----------*
     per-process dynamical memory   115.4 Mb
  
       
     --------------------------------------------------------------------------------------------
     Sternheimer eq. solver... with threshold =   1.000000E-12           
     --------------------------------------------------------------------------------------------
     in progress... |#                   | 005% :               02.9s (E)               59.9s (X)
     in progress... |##                  | 010% :               04.4s (E)               44.9s (X)
     in progress... |###                 | 015% :               05.9s (E)               39.8s (X)
     in progress... |####                | 020% :               07.4s (E)               37.4s (X)
     in progress... |#####               | 025% :               10.5s (E)               42.0s (X)
     in progress... |######              | 030% :               12.0s (E)               40.1s (X)
     in progress... |#######             | 035% :               13.5s (E)               38.7s (X)
     in progress... |########            | 040% :               15.0s (E)               37.7s (X)
     in progress... |#########           | 045% :               18.1s (E)               40.3s (X)
     in progress... |##########          | 050% :               19.6s (E)               39.3s (X)
     in progress... |###########         | 055% :               21.2s (E)               38.5s (X)
     in progress... |############        | 060% :               22.7s (E)               37.8s (X)
     in progress... |#############       | 065% :               25.7s (E)               39.6s (X)
     in progress... |##############      | 070% :               27.2s (E)               38.9s (X)
     in progress... |###############     | 075% :               28.8s (E)               38.4s (X)
     in progress... |################    | 080% :               30.3s (E)               37.8s (X)
     in progress... |#################   | 085% :               33.2s (E)               39.1s (X)
     in progress... |##################  | 090% :               34.7s (E)               38.6s (X)
     in progress... |################### | 095% :               36.2s (E)               38.1s (X)
     in progress... |####################| 100% :               37.7s (E)               37.7s (X)
     --------------------------------------------------------------------------------------------
     p-DIAGOX done in 04.1s with a SCALAPACK grid (12x12)
     --------------------------------------------------------------------------------------------
        
       -2.85879  -2.85721  -2.85460  -2.85329  -2.85097  -2.85025  -2.07693  -2.07553  -2.07238
       -2.07083  -2.06978  -2.06921  -2.06776  -2.06752  -2.06620  -2.06446  -2.06300  -2.06072
       -1.96311  -1.96160  -1.95973  -1.95738  -1.30294  -1.30247  -1.30141  -1.30113  -1.29919
       -1.29845  -1.15660  -1.15635  -1.15565  -1.15517  -1.15458  -1.15407  -1.15335  -1.15310
       -1.15263  -1.15200  -1.15078  -1.15009  -1.14727  -1.14494  -1.14425  -1.14339  -1.14312
       -1.14207  -1.14139  -1.14099  -1.14061  -1.14015  -1.13932  -1.13828  -1.06306  -1.06253
       -1.06189  -1.06122  -1.06071  -1.05976  -1.05966  -1.05905  -1.05882  -1.05806  -1.05765
       -1.05687  -0.96591  -0.96375  -0.96110  -0.95875  -0.87447  -0.87342  -0.87047  -0.86960
       -0.86890  -0.86826  -0.86790  -0.86689  -0.86543  -0.86500  -0.86450  -0.86343  -0.84192
       -0.84088  -0.84035  -0.83998  -0.83996  -0.83819  -0.83430  -0.83364  -0.83306  -0.83251
       -0.83206  -0.83116  -0.79333  -0.75585  -0.75494  -0.75428  -0.75421  -0.74946  -0.74919
       -0.74816  -0.74732  -0.74705  -0.74682  -0.74358  -0.74289  -0.74228  -0.74224  -0.74163
       -0.74144  -0.74110  -0.74099  -0.74024  -0.73957  -0.73936  -0.73877  -0.68684  -0.68607
       -0.68587  -0.68576  -0.68561  -0.68548  -0.68488  -0.68452  -0.68436  -0.68392  -0.68309
       -0.68294  -0.66154  -0.65958  -0.65905  -0.65709  -0.65615  -0.65558  -0.65514  -0.65496
       -0.65474  -0.65431  -0.65404  -0.65360  -0.65345  -0.65307  -0.65283  -0.65222  -0.65179
       -0.65139  -0.62996  -0.62927  -0.62850  -0.62311  -0.62295  -0.62236  -0.62169  -0.62149
       -0.62078  -0.61771  -0.61755  -0.61718  -0.61704  -0.61630  -0.61584  -0.61570  -0.61548
       -0.58023  -0.58000  -0.57969  -0.57958  -0.57916  -0.57906  -0.57826  -0.57813  -0.54857
       -0.54848  -0.54829  -0.54809  -0.54767  -0.54725  -0.54704  -0.54701  -0.54693  -0.54638
       -0.54550  -0.54518  -0.52520  -0.52484  -0.52463  -0.52442  -0.52397  -0.52376  -0.52357
       -0.52340  -0.52335  -0.52302  -0.52288  -0.52276  -0.49794  -0.49733  -0.49687  -0.49681
       -0.49646  -0.49621  -0.49611  -0.49595  -0.49570  -0.49521  -0.49497  -0.49453  -0.48883
       -0.48855  -0.48850  -0.48792  -0.48777  -0.48759  -0.48722  -0.48699  -0.48678  -0.48644
       -0.48627  -0.48572  -0.48376  -0.46887  -0.46661  -0.46608  -0.46380  -0.45954  -0.45901
       -0.45853  -0.45613  -0.45551  -0.45515  -0.45483  -0.45474  -0.45388  -0.45372  -0.45351
       -0.45330  -0.45256  -0.45231  -0.45198  -0.43634  -0.43598  -0.43577  -0.43569  -0.43542
       -0.43500  -0.43463  -0.43453  -0.43428  -0.43408  -0.43381  -0.43374  -0.42498  -0.42451
       -0.42432  -0.42403  -0.42381  -0.42363  -0.42355  -0.42329  -0.42318  -0.42290  -0.42270
       -0.42257  -0.42233  -0.42210  -0.40319  -0.40295  -0.40254  -0.40241  -0.40221  -0.40188
       -0.40152  -0.40121  -0.40112  -0.40092  -0.40064  -0.40024  -0.38347  -0.38342  -0.38288
       -0.38230  -0.38228  -0.38188  -0.38178  -0.38081  -0.38032  -0.37992  -0.37881  -0.37804
       -0.37434  -0.37408  -0.37375  -0.37343  -0.37319  -0.37313  -0.37290  -0.37246  -0.37242
       -0.37215  -0.37192  -0.37154  -0.37144  -0.37124  -0.37094  -0.37082  -0.37076  -0.37046
       -0.37027  -0.37014  -0.36986  -0.36955  -0.36857  -0.35455  -0.35400  -0.35378  -0.35346
       -0.34972  -0.34952  -0.34924  -0.34911  -0.34906  -0.34886  -0.34879  -0.34875  -0.34857
       -0.34829  -0.34823  -0.34803  -0.34741  -0.34716  -0.34697  -0.34663  -0.34654  -0.34631
       -0.34446  -0.34408  -0.34403  -0.34379  -0.34375  -0.34358  -0.34341  -0.34333  -0.34311
       -0.34298  -0.34281  -0.34273  -0.34271  -0.34253  -0.34244  -0.34230  -0.34217  -0.34197
       -0.34191  -0.34159  -0.34135  -0.34118  -0.34104  -0.34077  -0.34031  -0.34019  -0.34007
       -0.33974  -0.33931  -0.33893  -0.33883  -0.33871  -0.33842  -0.33831  -0.33795  -0.33790
       -0.33757  -0.33736  -0.33718  -0.33703  -0.33686  -0.33678  -0.33668  -0.33643  -0.33626
       -0.33624  -0.33612  -0.33604  -0.33590  -0.33520  -0.33173  -0.33108  -0.33056  -0.33050
       -0.33041  -0.33001  -0.32976  -0.32969  -0.32953  -0.32918  -0.32897  -0.32893  -0.32883
       -0.32865  -0.32838  -0.32814  -0.32800  -0.32785  -0.32534  -0.32493  -0.32472  -0.32447
       -0.32434  -0.32391  -0.32376  -0.32347  -0.32339  -0.32304  -0.32294  -0.32239  -0.31016
       -0.31002  -0.30939  -0.30901  -0.30865  -0.30854  -0.30833  -0.30814  -0.30786  -0.30733
       -0.28381  -0.28372  -0.28358  -0.28346  -0.28340  -0.28321  -0.28306  -0.28285  -0.28275
       -0.28257  -0.28242  -0.28237  -0.28221  -0.28217  -0.28208  -0.28195  -0.28170  -0.28156
       -0.28143  -0.28125  -0.28109  -0.28097  -0.28083  -0.28073  -0.28064  -0.28059  -0.28043
       -0.28033  -0.28031  -0.28023  -0.28011  -0.28007  -0.27984  -0.27981  -0.27972  -0.27962
       -0.27957  -0.27940  -0.27936  -0.27933  -0.27922  -0.27910  -0.27871  -0.27869  -0.27848
       -0.27831  -0.27826  -0.27812  -0.27807  -0.27804  -0.27796  -0.27786  -0.27779  -0.27774
       -0.27766  -0.27754  -0.27751  -0.27738  -0.27732  -0.27720  -0.27717  -0.27711  -0.27697
       -0.27693  -0.27687  -0.27674  -0.27520  -0.27515  -0.27481  -0.27469  -0.27464  -0.27453
       -0.27440  -0.27428  -0.27417  -0.27406  -0.27402  -0.27393  -0.27377  -0.27363  -0.27355
       -0.27350  -0.27325  -0.27316  -0.27304  -0.27293  -0.27281  -0.27267  -0.27263  -0.27246
       -0.26305  -0.26215  -0.26135  -0.26128  -0.25919  -0.25914  -0.25909  -0.25896  -0.25890
       -0.25868  -0.25865  -0.25853  -0.25845  -0.25829  -0.25800  -0.25792  -0.25166  -0.25155
       -0.25133  -0.25108  -0.25083  -0.25070  -0.23468  -0.23455  -0.23437  -0.23425  -0.23411
       -0.23390  -0.23368  -0.23356  -0.23328  -0.23318  -0.23307  -0.23294  -0.23233  -0.23217
       -0.23208  -0.23186  -0.23168  -0.23164  -0.23125  -0.23093  -0.23059  -0.23056  -0.23010
       -0.22997  -0.22991  -0.22986  -0.22974  -0.22964  -0.22945  -0.22928  -0.22924  -0.22903
       -0.22880  -0.22738  -0.22716  -0.22705  -0.22693  -0.22426  -0.22412  -0.22401  -0.22390
       -0.22353  -0.22317  -0.22309  -0.22303  -0.22290  -0.22273  -0.22263  -0.22240  -0.22231
       -0.22213  -0.22205  -0.22197  -0.22194  -0.22186  -0.22179  -0.22172  -0.22165  -0.22159
       -0.22152  -0.22147  -0.22135  -0.22127  -0.22123  -0.22118  -0.22116  -0.22111  -0.22109
       -0.22106  -0.22099  -0.22095  -0.22090  -0.22085  -0.22080  -0.22075  -0.22069  -0.22060
       -0.22050  -0.22045  -0.22043  -0.22032  -0.22024  -0.22018  -0.22013  -0.21999  -0.21990
       -0.21982  -0.21976  -0.21959  -0.21950  -0.21935  -0.21906  -0.21879  -0.21872  -0.21862
       -0.21848  -0.21834  -0.21807  -0.21781  -0.21759  -0.21744  -0.21710  -0.21533  -0.21520
       -0.21507  -0.21479  -0.21477  -0.21474  -0.21404  -0.21386  -0.21350  -0.21339  -0.21287
       -0.21259  -0.21241  -0.21148  -0.21111  -0.21098  -0.21086  -0.21076  -0.21039  -0.19892
       -0.19874  -0.19864  -0.19859  -0.19839  -0.19832  -0.19815  -0.19812  -0.19645  -0.19642
       -0.19631  -0.19612  -0.19604  -0.19585  -0.19573  -0.19552  -0.19536  -0.18581  -0.18571
       -0.18565  -0.18559  -0.18544  -0.18536  -0.18528  -0.18521  -0.18423  -0.18392  -0.18384
       -0.18379  -0.18360  -0.18355  -0.18351  -0.18333  -0.18328  -0.18320  -0.18314  -0.18309
       -0.18293  -0.18280  -0.18077  -0.18067  -0.18050  -0.18037  -0.18030  -0.18029  -0.18022
       -0.18017  -0.18011  -0.18002  -0.17995  -0.17988  -0.17759  -0.17743  -0.17734  -0.17721
       -0.17706  -0.17695  -0.17683  -0.17678  -0.17671  -0.17668  -0.17664  -0.17660  -0.17650
       -0.17647  -0.17642  -0.17639  -0.17623  -0.17621  -0.17611  -0.17599  -0.17595  -0.17587
       -0.17586  -0.17581  -0.17573  -0.17569  -0.17554  -0.17546  -0.17542  -0.17535  -0.17497
       -0.17466  -0.17456  -0.17442  -0.17427  -0.17406  -0.17402  -0.17383  -0.17377  -0.17359
       -0.17346  -0.17321  -0.17048  -0.17034  -0.17021  -0.17015  -0.17001  -0.16975  -0.16756
       -0.16734  -0.16725  -0.16707  -0.16695  -0.16686  -0.16683  -0.16673  -0.16660  -0.16649
       -0.16638  -0.16632  -0.16620  -0.16617  -0.16615  -0.16605  -0.16603  -0.16596  -0.16584
       -0.16566  -0.16562  -0.16555  -0.16552  -0.16530  -0.16043  -0.16023  -0.16011  -0.15998
       -0.15951  -0.15929  -0.15923  -0.15911  -0.15901  -0.15887  -0.14963  -0.14954  -0.14939
       -0.14931  -0.14922  -0.14921  -0.14913  -0.14911  -0.14907  -0.14902  -0.14890  -0.14888
       -0.14883  -0.14875  -0.14869  -0.14865  -0.14850  -0.14847  -0.14844  -0.14837  -0.14832
       -0.14830  -0.14820  -0.14805  -0.14763  -0.14748  -0.14739  -0.14731  -0.14709  -0.14690
       -0.14681  -0.14578  -0.14574  -0.14565  -0.14562  -0.14559  -0.14550  -0.14550  -0.14540
       -0.14535  -0.14533  -0.14520  -0.14519  -0.14377  -0.14363  -0.14354  -0.14344  -0.14341
       -0.14339  -0.14326  -0.14323  -0.14313  -0.14308  -0.14296  -0.14281  -0.13917  -0.13909
       -0.13904  -0.13895  -0.13893  -0.13890  -0.13872  -0.13863  -0.13851  -0.13844  -0.13835
       -0.13826  -0.13820  -0.13814  -0.13806  -0.13798  -0.13796  -0.13789  -0.13787  -0.13785
       -0.13784  -0.13780  -0.13773  -0.13770  -0.13770  -0.13761  -0.13756  -0.13755  -0.13752
       -0.13748  -0.13743  -0.13740  -0.13738  -0.13734  -0.13730  -0.13723  -0.13722  -0.13714
       -0.13709  -0.13704  -0.13704  -0.13700  -0.13697  -0.13697  -0.13691  -0.13688  -0.13682
       -0.13679  -0.13655  -0.13653  -0.13639  -0.13636  -0.13633  -0.13625  -0.13623  -0.13618
       -0.13616  -0.13611  -0.13606  -0.13598  -0.13592  -0.13586  -0.13584  -0.13580  -0.13578
       -0.13577  -0.13571  -0.13566  -0.13565  -0.13561  -0.13555  -0.13547  -0.13531  -0.13526
       -0.13515  -0.13510  -0.13507  -0.13505  -0.13499  -0.13491  -0.13483  -0.13478  -0.13474
       -0.13465  -0.12923  -0.12920  -0.12912  -0.12911  -0.12908  -0.12904  -0.12901  -0.12895
       -0.12895  -0.12889  -0.12883  -0.12883  -0.12873  -0.12872  -0.12867  -0.12863  -0.12855
       -0.12849  -0.12734  -0.12727  -0.12720  -0.12719  -0.12714  -0.12709  -0.12705  -0.12702
       -0.12698  -0.12695  -0.12693  -0.12685  -0.12383  -0.12375  -0.12366  -0.12357  -0.12257
       -0.12240  -0.12227  -0.12221  -0.12220  -0.12215  -0.12210  -0.12206  -0.12122  -0.12113
       -0.12110  -0.12100  -0.12091  -0.12088  -0.12085  -0.12073  -0.12071  -0.12066  -0.12061
       -0.12052  -0.11803  -0.11802  -0.11792  -0.11791  -0.11786  -0.11778  -0.11777  -0.11769
       -0.11767  -0.11765  -0.11758  -0.11754  -0.11701  -0.11698  -0.11690  -0.11679  -0.11561
       -0.11545
        
     --------------------------------------------------------------------------------------------
     Tot. elapsed time 07m-36.9s,  time spent in last iteration 45.4s
     --------------------------------------------------------------------------------------------
      
     --------------------------------------------------------------------------------------------
     Database written in 07.8s               
     In location : ./si_kin_1000.wstat.save
     --------------------------------------------------------------------------------------------
       
     --------------------------------------------------------------------------------------------
     Convergence achieved !!! in        3 steps                          
     --------------------------------------------------------------------------------------------
 
     WSTAT        :  6m18.00s CPU     8m13.72s WALL

     wstat_readin :      0.75s CPU      3.19s WALL (       1 calls)
     fetch_nml    :      0.03s CPU      0.04s WALL (       1 calls)
     read_xml     :      0.35s CPU      1.56s WALL (       1 calls)
     init_vloc    :      0.02s CPU      0.04s WALL (       2 calls)
     fft          :      0.03s CPU      1.05s WALL (      11 calls)
     fft_scatter  :     22.74s CPU     19.44s WALL (   70187 calls)
     v_of_rho     :      0.05s CPU      0.07s WALL (       1 calls)
     v_xc         :      0.05s CPU      0.06s WALL (       1 calls)
     v_h          :      0.00s CPU      0.00s WALL (       1 calls)
     read_wave    :      0.37s CPU      1.42s WALL (       1 calls)
     davcio       :      0.00s CPU      0.64s WALL (       2 calls)
     init_us_1    :      0.01s CPU      0.01s WALL (       2 calls)
     do_setup     :      0.05s CPU      0.05s WALL (       1 calls)
     init_pw_ar   :      0.04s CPU      0.05s WALL (       1 calls)
     init_at_1    :      0.00s CPU      0.00s WALL (       1 calls)
     storesqvc    :      0.01s CPU      0.01s WALL (       1 calls)
     chidiago     :    377.18s CPU    486.37s WALL (       1 calls)
     randomize    :      0.18s CPU      0.18s WALL (       1 calls)
     paramgs      :      4.80s CPU      4.85s WALL (       5 calls)
     dfpt         :    318.44s CPU    320.84s WALL (       5 calls)
     init_us_2    :      0.04s CPU      0.05s WALL (       5 calls)
     fftw         :     74.49s CPU     74.50s WALL (   70176 calls)
     alphapc      :      5.81s CPU      5.87s WALL (     272 calls)
     wstat_restar :     32.84s CPU    112.16s WALL (       4 calls)
     linstern     :    207.54s CPU    209.23s WALL (     209 calls)
     stern        :    132.72s CPU    133.34s WALL (    6916 calls)
     k_psi        :     12.64s CPU     12.68s WALL (    6916 calls)
     alphapv      :    101.34s CPU    101.76s WALL (    6916 calls)
     build_hr     :      1.95s CPU      1.98s WALL (       4 calls)
     diagox       :     11.18s CPU     11.70s WALL (       4 calls)
     redistr_vr   :      1.02s CPU      1.08s WALL (       3 calls)
     update_vr    :      2.64s CPU      2.72s WALL (       3 calls)
     symm_hr      :      1.02s CPU      1.07s WALL (       3 calls)
     chidiago:las :      0.00s CPU      0.00s WALL (       1 calls)
     refresh_vr   :      0.71s CPU      0.73s WALL (       1 calls)
     pdep_db      :      2.06s CPU      7.80s WALL (       1 calls)
 
     WSTAT        :  6m18.00s CPU     8m13.72s WALL

 
   This run was terminated on:  11:12:34   3Jun2017            

=------------------------------------------------------------------------------=
   JOB DONE.
=------------------------------------------------------------------------------=
