
     Program WSTAT v. 2.0.0 starts on  2Jun2017 at 17:39:17 

     This program is part of the open-source West suite
     for massively parallel calculations of excited states in materials; please cite
         "M. Govoni et al., J. Chem. Theory Comput. 11, 2680 (2015);
          URL http://www.west-code.org", 
     in publications or presentations arising from this work.

     Based on the Quantum ESPRESSO v. 6.1 svn rev. 13369
       
     --------------------------------------------------------------------------------------------
     **MPI** Parallelization Status                                      
     --------------------------------------------------------------------------------------------
                   160                  16             1             1            10
     --------------------------------------------------------------------------------------------
                     N         =         I      X      P      X      B      X      Z
                     ^                   ^             ^             ^             ^
                     |                   |             |             |             |
                   #rnk                  |             |             |             |
                                      #image           |             |             |
                                                     #pool           |             |
                                                                   #bgrp           |
                                                                                 #R&G
     --------------------------------------------------------------------------------------------
     **OPENMP** Parallelization Status
     #thr/rnk               =            1
     --------------------------------------------------------------------------------------------
     #prc = (rnk) * (thr) =          160
     --------------------------------------------------------------------------------------------
       
     --------------------------------------------------------------------------------------------
     I/O Summary : input_west                                            
     --------------------------------------------------------------------------------------------
     qe_prefix      = ./si-100-700
     west_prefix    = ./si-100-700
     outdir         = ./
     --------------------------------------------------------------------------------------------
       
     --------------------------------------------------------------------------------------------
     I/O Summary : wstat_control                                         
     --------------------------------------------------------------------------------------------
     wstat_calculation              =              S
     n_pdep_eigen                   =            100
     n_pdep_times                   =              4
     n_pdep_maxiter                 =            100
     n_dfpt_maxiter                 =            250
     n_pdep_read_from_file          =              0
     trev_pdep                      =   1.000000E-03
     trev_pdep_rel                  =   1.000000E-01
     tr2_dfpt                       =   1.000000E-12
     l_kinetic_only                 =              F
     l_minimize_exx_if_active       =              F
     l_use_ecutrho                  =              F
     --------------------------------------------------------------------------------------------

     Reading data from directory:
     ././si-100-700.save

   Info: using nr1, nr2, nr3 values from input

   Info: using nr1, nr2, nr3 values from input

     IMPORTANT: XC functional enforced from input :
     Exchange-correlation      = PBE ( 1  4  3  4 0 0)
     Any further DFT definition will be discarded
     Please, verify this is what you really want

 
     Parallelization info
     --------------------
     sticks:   dense  smooth     PW     G-vecs:    dense   smooth      PW
     Min         536     536    134                29584    29584    3706
     Max         538     538    136                29594    29594    3708
     Sum        5377    5377   1353               295907   295907   37073
 
       
     --------------------------------------------------------------------------------------------
     System Overview                                                     
     --------------------------------------------------------------------------------------------
     gamma_only           =              T
     ecutwfc [Ry]         =      40.000000
     omega [au^3]         =   8.650474E+03
     glob. #G             =          18537
     nbnd                 =            250
     nkstot               =              1
     nspin                =              1
     nelec                =     256.000000
     npol                 =              1
     lsda                 =              F
     noncolin             =              F
     lspinorb             =              F
     domag                =              F
     --------------------------------------------------------------------------------------------

     sFFT G-space:   147954 G-vectors     R-space: (  90,  90,  90)
     dFFT G-space:   147954 G-vectors     R-space: (  90,  90,  90)

     Cell [a.u.]          =      20.528000      0.000000      0.000000
                          =       0.000000     20.528000      0.000000
                          =       0.000000      0.000000     20.528000
      
     number of ks points=     1
                       cart. coord. in units 2pi/alat
        k(    1) = (   0.0000000   0.0000000   0.0000000), wk =   2.0000000

                       cryst. coord.
        k(    1) = (   0.0000000   0.0000000   0.0000000), wk =   2.0000000
 
     Spherical div        =   2.417578E-01
     Orthorombic div      =   2.379924E-01
       
     --------------------------------------------------------------------------------------------
     Parallelization for nvecx                                           
     --------------------------------------------------------------------------------------------
     nglob                =            400
     nlevel               =             16
     Min nglob/nlevel     =             25
     Max nglob/nlevel     =             25
     --------------------------------------------------------------------------------------------

     [MEM] ----------------------------------------------------------
     [MEM] **Memory** analysis: QE
     [MEM] ----------------------------------------------------------
     [MEM] Allocated arrays           est. size (Mb)     dimensions
     [MEM] ----------------------------------------------------------
     [MEM] Kohn-Sham Wavefunctions       7.07 Mb     (   1854,  250)
     [MEM] NL pseudopotentials          14.48 Mb     (   1854,  512)
     [MEM] Each V/rho on FFT grid        1.11 Mb     (  72900)
     [MEM] Each G-vector array           0.11 Mb     (  14797)
     [MEM] G-vector shells               0.01 Mb     (   1325)
     [MEM] ----------------------------------------------------------
     [MEM] TOT                          22.79 Mb
     [MEM] ----------------------------------------------------------
     [MEM] 
     [MEM] ----------------------------------------------------------
     [MEM] **Memory** analysis: WSTAT global
     [MEM] ----------------------------------------------------------
     [MEM] Allocated arrays           est. size (Mb)     dimensions
     [MEM] ----------------------------------------------------------
     [MEM] dvg                           0.71 Mb     (   1854,   25)
     [MEM] dng                           0.71 Mb     (   1854,   25)
     [MEM] hr_distr                      0.08 Mb     (    400,   25)
     [MEM] vr_distr                      0.08 Mb     (    400,   25)
     [MEM] ----------------------------------------------------------
     [MEM] TOT                           1.57 Mb
     [MEM] ----------------------------------------------------------
     [MEM] 
     [MEM] ----------------------------------------------------------
     [MEM] **Memory** analysis: WSTAT temporary
     [MEM] ----------------------------------------------------------
     [MEM] Allocated arrays           est. size (Mb)     dimensions
     [MEM] ----------------------------------------------------------
     [MEM] dvpsi                         3.62 Mb     (   1854,  128)
     [MEM] dpsi                          3.62 Mb     (   1854,  128)
     [MEM] ----------------------------------------------------------
     [MEM] Total estimate                7.24 Mb
     [MEM] ----------------------------------------------------------

                       *----------*              *----------*               *----------*
     #     Iteration = | starting |   DFPT_dim = |      100 |   Diago_dim = |      100 |  x 1/2
                       *----------*              *----------*               *----------*
     per-process dynamical memory    55.4 Mb
  
       
     --------------------------------------------------------------------------------------------
     Sternheimer eq. solver... with lite-solver                          
     --------------------------------------------------------------------------------------------
     in progress... |##                  | 010% :               00.4s (E)               04.2s (X)
     in progress... |#####               | 025% :               00.8s (E)               03.2s (X)
     in progress... |########            | 040% :               01.2s (E)               03.0s (X)
     in progress... |###########         | 055% :               01.6s (E)               02.9s (X)
     in progress... |##############      | 070% :               02.0s (E)               02.8s (X)
     in progress... |#################   | 085% :               02.4s (E)               02.8s (X)
     in progress... |####################| 100% :               02.7s (E)               02.7s (X)
     --------------------------------------------------------------------------------------------

     [I/O] -------------------------------------------------------
     [I/O] RESTART written in < 00.1s             
     [I/O] In location   : ././si_kin_100_700.wstat.restart
     [I/O] -------------------------------------------------------

                       *----------*              *----------*               *----------*
     #     Iteration = | starting |   DFPT_dim = |      100 |   Diago_dim = |      100 |  x 2/2
                       *----------*              *----------*               *----------*
     per-process dynamical memory    64.7 Mb
  
       
     --------------------------------------------------------------------------------------------
     Sternheimer eq. solver... with threshold =   1.000000E-06           
     --------------------------------------------------------------------------------------------
     in progress... |##                  | 010% :               08.6s (E)           01m-26.4s (X)
     in progress... |#####               | 025% :               17.2s (E)           01m-09.0s (X)
     in progress... |########            | 040% :               25.8s (E)           01m-04.6s (X)
     in progress... |###########         | 055% :               34.4s (E)           01m-02.6s (X)
     in progress... |##############      | 070% :               43.0s (E)           01m-01.4s (X)
     in progress... |#################   | 085% :               51.6s (E)           01m-00.7s (X)
     in progress... |####################| 100% :           01m-00.2s (E)           01m-00.2s (X)
     --------------------------------------------------------------------------------------------
     p-DIAGOX done in < 00.1s with a SCALAPACK grid (3x3)
     --------------------------------------------------------------------------------------------
        
       -5.46307  -5.46020  -5.45113  -5.44768  -5.44599  -5.42675  -3.80210  -3.80010  -3.79393
       -3.78732  -3.78632  -3.77771  -3.76866  -3.75717  -3.75355  -3.73815  -3.70728  -3.67996
       -3.33403  -3.30777  -3.28197  -3.24249  -2.30934  -2.29745  -2.28247  -2.27460  -2.21844
       -2.21435  -2.14317  -2.13261  -2.11810  -2.06195  -2.05627  -2.02395  -2.00817  -1.99060
       -1.94264  -1.92683  -1.91630  -1.88047  -1.85351  -1.84172  -1.82744  -1.81371  -1.81049
       -1.79526  -1.78560  -1.78079  -1.77141  -1.76030  -1.73587  -1.72524  -1.70307  -1.69244
       -1.67958  -1.66236  -1.63432  -1.61274  -1.59113  -1.57631  -1.55293  -1.53272  -1.50603
       -1.47813  -1.45914  -1.42702  -1.40318  -1.35454  -1.35034  -1.34399  -1.32379  -1.29992
       -1.28812  -1.27194  -1.25897  -1.21629  -1.20518  -1.18828  -1.18337  -1.16570  -1.14654
       -1.13052  -1.11457  -1.09956  -1.06421  -1.04625  -1.03742  -1.03207  -1.01488  -0.98550
       -0.96884  -0.96527  -0.94789  -0.92467  -0.90044  -0.88739  -0.87902  -0.86858  -0.82958
       -0.82007
        
     --------------------------------------------------------------------------------------------
     Tot. elapsed time 01m-07.8s,  time spent in last iteration 01m-07.8s
     --------------------------------------------------------------------------------------------

     [I/O] -------------------------------------------------------
     [I/O] RESTART written in < 00.1s             
     [I/O] In location   : ././si_kin_100_700.wstat.restart
     [I/O] -------------------------------------------------------

                       *----------*              *----------*               *----------*
     #     Iteration = |        1 |   DFPT_dim = |      100 |   Diago_dim = |      200 |
                       *----------*              *----------*               *----------*
     per-process dynamical memory    80.1 Mb
  
       
     --------------------------------------------------------------------------------------------
     Sternheimer eq. solver... with threshold =   1.000000E-12           
     --------------------------------------------------------------------------------------------
     in progress... |###                 | 015% :               15.1s (E)           01m-40.6s (X)
     in progress... |######              | 030% :               30.3s (E)           01m-41.1s (X)
     in progress... |##########          | 050% :               45.5s (E)           01m-31.0s (X)
     in progress... |#############       | 065% :           01m-00.8s (E)           01m-33.6s (X)
     in progress... |################    | 080% :           01m-16.0s (E)           01m-35.0s (X)
     in progress... |####################| 100% :           01m-31.2s (E)           01m-31.2s (X)
     --------------------------------------------------------------------------------------------
     p-DIAGOX done in 00.1s with a SCALAPACK grid (6x6)
     --------------------------------------------------------------------------------------------
        
       -5.50468  -5.50463  -5.50461  -5.50453  -5.50446  -5.50418  -3.86864  -3.86858  -3.86853
       -3.86816  -3.86798  -3.86789  -3.86765  -3.86710  -3.86688  -3.86649  -3.86502  -3.86427
       -3.43355  -3.43211  -3.43130  -3.42826  -2.42989  -2.42914  -2.42820  -2.42568  -2.41979
       -2.41264  -2.32058  -2.31948  -2.31425  -2.31041  -2.30691  -2.29955  -2.29529  -2.29193
       -2.28888  -2.27173  -2.26579  -2.25626  -2.00256  -2.00033  -1.99474  -1.98980  -1.98835
       -1.98021  -1.97641  -1.96876  -1.95888  -1.95492  -1.95237  -1.94728  -1.94155  -1.94011
       -1.93685  -1.93448  -1.93044  -1.92460  -1.91418  -1.90129  -1.89482  -1.88738  -1.87864
       -1.85720  -1.82848  -1.80569  -1.80226  -1.77307  -1.56560  -1.56110  -1.56013  -1.55515
       -1.55028  -1.53600  -1.52973  -1.51787  -1.50809  -1.50393  -1.49484  -1.48655  -1.46588
       -1.45485  -1.43100  -1.40713  -1.39538  -1.37169  -1.35645  -1.34144  -1.28976  -1.28601
       -1.27243  -1.26544  -1.24447  -1.22960  -1.22891  -1.21165  -1.18973  -1.17957  -1.16991
       -1.15634
        
     --------------------------------------------------------------------------------------------
     Tot. elapsed time 02m-56.8s,  time spent in last iteration 01m-47.3s
     --------------------------------------------------------------------------------------------

     [I/O] -------------------------------------------------------
     [I/O] RESTART written in < 00.1s             
     [I/O] In location   : ././si_kin_100_700.wstat.restart
     [I/O] -------------------------------------------------------

                       *----------*              *----------*               *----------*
     #     Iteration = |        2 |   DFPT_dim = |      100 |   Diago_dim = |      300 |
                       *----------*              *----------*               *----------*
     per-process dynamical memory    82.5 Mb
  
       
     --------------------------------------------------------------------------------------------
     Sternheimer eq. solver... with threshold =   1.000000E-12           
     --------------------------------------------------------------------------------------------
     in progress... |###                 | 015% :               15.0s (E)           01m-40.0s (X)
     in progress... |######              | 030% :               30.2s (E)           01m-40.6s (X)
     in progress... |##########          | 050% :               45.4s (E)           01m-30.8s (X)
     in progress... |#############       | 065% :           01m-00.5s (E)           01m-33.2s (X)
     in progress... |################    | 080% :           01m-15.7s (E)           01m-34.7s (X)
     in progress... |####################| 100% :           01m-31.0s (E)           01m-31.0s (X)
     --------------------------------------------------------------------------------------------
     p-DIAGOX done in 00.1s with a SCALAPACK grid (9x9)
     --------------------------------------------------------------------------------------------
        
       -5.50513  -5.50509  -5.50506  -5.50503  -5.50500  -5.50497  -3.86979  -3.86978  -3.86975
       -3.86974  -3.86974  -3.86971  -3.86970  -3.86968  -3.86966  -3.86965  -3.86963  -3.86961
       -3.43598  -3.43597  -3.43593  -3.43592  -2.44159  -2.44154  -2.44137  -2.44129  -2.44108
       -2.44060  -2.33472  -2.33457  -2.33432  -2.33423  -2.33390  -2.33369  -2.33355  -2.33323
       -2.33280  -2.33213  -2.33150  -2.33051  -2.02247  -2.02238  -2.02193  -2.02123  -2.02081
       -2.02028  -2.01937  -2.01880  -2.01828  -2.01718  -2.01257  -2.01161  -1.95990  -1.95984
       -1.95973  -1.95953  -1.95918  -1.95884  -1.95842  -1.95727  -1.95700  -1.95557  -1.95477
       -1.95252  -1.87402  -1.87090  -1.87053  -1.86884  -1.59591  -1.59416  -1.59296  -1.59164
       -1.59153  -1.58871  -1.58802  -1.58634  -1.58180  -1.57936  -1.57878  -1.57361  -1.56622
       -1.56315  -1.55694  -1.55480  -1.54685  -1.53954  -1.53193  -1.53049  -1.51064  -1.50242
       -1.49082  -1.48197  -1.40850  -1.33499  -1.32699  -1.32332  -1.31948  -1.31471  -1.30522
       -1.29396
        
     --------------------------------------------------------------------------------------------
     Tot. elapsed time 04m-47.8s,  time spent in last iteration 01m-47.7s
     --------------------------------------------------------------------------------------------

     [I/O] -------------------------------------------------------
     [I/O] RESTART written in < 00.1s             
     [I/O] In location   : ././si_kin_100_700.wstat.restart
     [I/O] -------------------------------------------------------

                       *----------*              *----------*               *----------*
     #     Iteration = |        3 |   DFPT_dim = |       94 |   Diago_dim = |      394 |
                       *----------*              *----------*               *----------*
     per-process dynamical memory    89.9 Mb
  
       
     --------------------------------------------------------------------------------------------
     Sternheimer eq. solver... with threshold =   1.000000E-12           
     --------------------------------------------------------------------------------------------
     in progress... |###                 | 015% :               15.2s (E)           01m-41.8s (X)
     in progress... |######              | 030% :               30.6s (E)           01m-42.1s (X)
     in progress... |##########          | 050% :               46.0s (E)           01m-32.0s (X)
     in progress... |#############       | 065% :           01m-01.2s (E)           01m-34.2s (X)
     in progress... |################    | 080% :           01m-16.6s (E)           01m-35.8s (X)
     in progress... |####################| 100% :           01m-32.0s (E)           01m-32.0s (X)
     --------------------------------------------------------------------------------------------
     p-DIAGOX done in 00.2s with a SCALAPACK grid (12x12)
     --------------------------------------------------------------------------------------------
        
       -5.50513  -5.50510  -5.50507  -5.50503  -5.50500  -5.50497  -3.86981  -3.86980  -3.86978
       -3.86977  -3.86975  -3.86974  -3.86972  -3.86970  -3.86969  -3.86968  -3.86966  -3.86964
       -3.43602  -3.43601  -3.43601  -3.43598  -2.44198  -2.44197  -2.44196  -2.44196  -2.44195
       -2.44195  -2.33519  -2.33519  -2.33518  -2.33518  -2.33516  -2.33516  -2.33515  -2.33514
       -2.33512  -2.33511  -2.33509  -2.33506  -2.02386  -2.02385  -2.02384  -2.02381  -2.02381
       -2.02378  -2.02377  -2.02373  -2.02370  -2.02363  -2.02345  -2.02343  -1.96071  -1.96069
       -1.96068  -1.96067  -1.96065  -1.96065  -1.96063  -1.96060  -1.96057  -1.96052  -1.96048
       -1.96037  -1.87611  -1.87600  -1.87595  -1.87588  -1.59930  -1.59921  -1.59907  -1.59888
       -1.59882  -1.59865  -1.59844  -1.59799  -1.59772  -1.59731  -1.59692  -1.59435  -1.58275
       -1.58225  -1.58140  -1.58067  -1.57927  -1.57755  -1.57640  -1.57590  -1.57517  -1.57401
       -1.57342  -1.57056  -1.49539  -1.35119  -1.35020  -1.34999  -1.34905  -1.34772  -1.34680
       -1.34513
        
     --------------------------------------------------------------------------------------------
     Tot. elapsed time 06m-25.0s,  time spent in last iteration 01m-32.5s
     --------------------------------------------------------------------------------------------

       Refresh the basis set

     [I/O] -------------------------------------------------------
     [I/O] RESTART written in < 00.1s             
     [I/O] In location   : ././si_kin_100_700.wstat.restart
     [I/O] -------------------------------------------------------

                       *----------*              *----------*               *----------*
     #     Iteration = |        4 |   DFPT_dim = |       66 |   Diago_dim = |      166 |
                       *----------*              *----------*               *----------*
     per-process dynamical memory    89.9 Mb
  
       
     --------------------------------------------------------------------------------------------
     Sternheimer eq. solver... with threshold =   1.000000E-12           
     --------------------------------------------------------------------------------------------
     in progress... |#####               | 025% :               14.9s (E)               59.7s (X)
     in progress... |##########          | 050% :               30.0s (E)           01m-00.0s (X)
     in progress... |###############     | 075% :               46.8s (E)           01m-02.4s (X)
     in progress... |####################| 100% :           01m-02.2s (E)           01m-02.2s (X)
     --------------------------------------------------------------------------------------------
     p-DIAGOX done in < 00.1s with a SCALAPACK grid (5x5)
     --------------------------------------------------------------------------------------------
        
       -5.50513  -5.50510  -5.50507  -5.50503  -5.50500  -5.50497  -3.86981  -3.86980  -3.86978
       -3.86977  -3.86975  -3.86974  -3.86972  -3.86970  -3.86969  -3.86968  -3.86966  -3.86964
       -3.43602  -3.43601  -3.43601  -3.43598  -2.44199  -2.44198  -2.44198  -2.44197  -2.44197
       -2.44197  -2.33523  -2.33522  -2.33521  -2.33520  -2.33519  -2.33519  -2.33518  -2.33518
       -2.33516  -2.33516  -2.33515  -2.33514  -2.02391  -2.02391  -2.02390  -2.02390  -2.02389
       -2.02388  -2.02388  -2.02387  -2.02387  -2.02386  -2.02385  -2.02384  -1.96073  -1.96073
       -1.96072  -1.96071  -1.96071  -1.96071  -1.96070  -1.96070  -1.96070  -1.96068  -1.96067
       -1.96066  -1.87618  -1.87616  -1.87616  -1.87615  -1.59953  -1.59952  -1.59951  -1.59948
       -1.59946  -1.59944  -1.59942  -1.59930  -1.59924  -1.59917  -1.59910  -1.59871  -1.58446
       -1.58437  -1.58423  -1.58404  -1.58363  -1.58341  -1.57723  -1.57715  -1.57713  -1.57694
       -1.57680  -1.57639  -1.50401  -1.35248  -1.35244  -1.35207  -1.35185  -1.35134  -1.35108
       -1.34904
        
     --------------------------------------------------------------------------------------------
     Tot. elapsed time 07m-45.0s,  time spent in last iteration 01m-18.0s
     --------------------------------------------------------------------------------------------

     [I/O] -------------------------------------------------------
     [I/O] RESTART written in < 00.1s             
     [I/O] In location   : ././si_kin_100_700.wstat.restart
     [I/O] -------------------------------------------------------

                       *----------*              *----------*               *----------*
     #     Iteration = |        5 |   DFPT_dim = |       24 |   Diago_dim = |      190 |
                       *----------*              *----------*               *----------*
     per-process dynamical memory    90.5 Mb
  
       
     --------------------------------------------------------------------------------------------
     Sternheimer eq. solver... with threshold =   1.000000E-12           
     --------------------------------------------------------------------------------------------
     in progress... |####################| 100% :               15.2s (E)               15.2s (X)
     --------------------------------------------------------------------------------------------
     p-DIAGOX done in < 00.1s with a SCALAPACK grid (5x5)
     --------------------------------------------------------------------------------------------
        
       -5.50513  -5.50510  -5.50507  -5.50503  -5.50500  -5.50497  -3.86981  -3.86980  -3.86978
       -3.86977  -3.86975  -3.86974  -3.86972  -3.86970  -3.86969  -3.86968  -3.86966  -3.86964
       -3.43602  -3.43601  -3.43601  -3.43598  -2.44199  -2.44198  -2.44198  -2.44197  -2.44197
       -2.44197  -2.33523  -2.33522  -2.33521  -2.33520  -2.33520  -2.33519  -2.33518  -2.33518
       -2.33516  -2.33516  -2.33515  -2.33514  -2.02392  -2.02391  -2.02391  -2.02390  -2.02389
       -2.02389  -2.02389  -2.02388  -2.02387  -2.02387  -2.02386  -2.02385  -1.96074  -1.96073
       -1.96072  -1.96072  -1.96071  -1.96071  -1.96071  -1.96070  -1.96070  -1.96069  -1.96068
       -1.96068  -1.87618  -1.87618  -1.87617  -1.87617  -1.59956  -1.59955  -1.59954  -1.59953
       -1.59952  -1.59952  -1.59951  -1.59950  -1.59949  -1.59948  -1.59946  -1.59940  -1.58469
       -1.58467  -1.58464  -1.58461  -1.58449  -1.58447  -1.57730  -1.57729  -1.57727  -1.57726
       -1.57722  -1.57713  -1.50571  -1.35282  -1.35278  -1.35267  -1.35230  -1.35195  -1.35182
       -1.34973
        
     --------------------------------------------------------------------------------------------
     Tot. elapsed time 08m-23.4s,  time spent in last iteration 30.8s
     --------------------------------------------------------------------------------------------

     [I/O] -------------------------------------------------------
     [I/O] RESTART written in < 00.1s             
     [I/O] In location   : ././si_kin_100_700.wstat.restart
     [I/O] -------------------------------------------------------

                       *----------*              *----------*               *----------*
     #     Iteration = |        6 |   DFPT_dim = |        2 |   Diago_dim = |      192 |
                       *----------*              *----------*               *----------*
     per-process dynamical memory    90.5 Mb
  
       
     --------------------------------------------------------------------------------------------
     Sternheimer eq. solver... with threshold =   1.000000E-12           
     --------------------------------------------------------------------------------------------
     in progress... |####################| 100% :             < 00.1s (E)             < 00.1s (X)
     --------------------------------------------------------------------------------------------
     p-DIAGOX done in < 00.1s with a SCALAPACK grid (6x6)
     --------------------------------------------------------------------------------------------
        
       -5.50513  -5.50510  -5.50507  -5.50503  -5.50500  -5.50497  -3.86981  -3.86980  -3.86978
       -3.86977  -3.86975  -3.86974  -3.86972  -3.86970  -3.86969  -3.86968  -3.86966  -3.86964
       -3.43602  -3.43601  -3.43601  -3.43598  -2.44199  -2.44198  -2.44198  -2.44197  -2.44197
       -2.44197  -2.33523  -2.33522  -2.33521  -2.33520  -2.33520  -2.33519  -2.33518  -2.33518
       -2.33516  -2.33516  -2.33515  -2.33514  -2.02392  -2.02391  -2.02391  -2.02390  -2.02389
       -2.02389  -2.02389  -2.02388  -2.02387  -2.02387  -2.02386  -2.02385  -1.96074  -1.96073
       -1.96072  -1.96072  -1.96071  -1.96071  -1.96071  -1.96070  -1.96070  -1.96069  -1.96068
       -1.96068  -1.87618  -1.87618  -1.87617  -1.87617  -1.59956  -1.59955  -1.59954  -1.59954
       -1.59953  -1.59952  -1.59952  -1.59951  -1.59950  -1.59949  -1.59948  -1.59941  -1.58469
       -1.58468  -1.58467  -1.58464  -1.58462  -1.58454  -1.57730  -1.57729  -1.57727  -1.57727
       -1.57723  -1.57719  -1.50618  -1.35283  -1.35279  -1.35268  -1.35233  -1.35196  -1.35184
       -1.34975
        
     --------------------------------------------------------------------------------------------
     Tot. elapsed time 08m-41.3s,  time spent in last iteration 15.0s
     --------------------------------------------------------------------------------------------
      
     --------------------------------------------------------------------------------------------
     Database written in 01.0s               
     In location : ././si_kin_100_700.wstat.save
     --------------------------------------------------------------------------------------------
       
     --------------------------------------------------------------------------------------------
     Convergence achieved !!! in        6 steps                          
     --------------------------------------------------------------------------------------------
 
     WSTAT        :  8m19.71s CPU     8m47.27s WALL

     wstat_readin :      0.84s CPU      2.14s WALL (       1 calls)
     fetch_nml    :      0.01s CPU      0.03s WALL (       1 calls)
     read_xml     :      0.34s CPU      0.70s WALL (       1 calls)
     init_vloc    :      0.01s CPU      0.02s WALL (       2 calls)
     fft          :      0.03s CPU      0.31s WALL (      11 calls)
     fft_scatter  :     56.67s CPU     46.73s WALL (  192589 calls)
     v_of_rho     :      0.05s CPU      0.06s WALL (       1 calls)
     v_xc         :      0.05s CPU      0.05s WALL (       1 calls)
     v_h          :      0.00s CPU      0.00s WALL (       1 calls)
     read_wave    :      0.49s CPU      1.39s WALL (       1 calls)
     davcio       :      0.00s CPU      0.36s WALL (       2 calls)
     init_us_1    :      0.27s CPU      0.27s WALL (       2 calls)
     do_setup     :      0.30s CPU      0.31s WALL (       1 calls)
     init_pw_ar   :      0.30s CPU      0.31s WALL (       1 calls)
     init_at_1    :      0.00s CPU      0.00s WALL (       1 calls)
     storesqvc    :      0.01s CPU      0.01s WALL (       1 calls)
     chidiago     :    498.55s CPU    524.63s WALL (       1 calls)
     randomize    :      0.02s CPU      0.02s WALL (       1 calls)
     paramgs      :      0.48s CPU      0.49s WALL (       8 calls)
     dfpt         :    490.82s CPU    494.46s WALL (       8 calls)
     init_us_2    :      0.05s CPU      0.06s WALL (       8 calls)
     fftw         :    227.98s CPU    228.09s WALL (  192578 calls)
     alphapc      :      0.82s CPU      0.84s WALL (      37 calls)
     wstat_restar :      5.46s CPU     24.48s WALL (       7 calls)
     linstern     :    397.14s CPU    399.99s WALL (      30 calls)
     stern        :    376.21s CPU    378.82s WALL (    2088 calls)
     h_psi_bgrp   :    341.38s CPU    343.81s WALL (    2088 calls)
     h_psi        :    341.37s CPU    343.81s WALL (    2088 calls)
     h_psi:pot    :    336.50s CPU    338.84s WALL (    2088 calls)
     vloc_psi     :    236.41s CPU    238.00s WALL (    2088 calls)
     h_psi:calbec :     49.73s CPU     49.62s WALL (    2088 calls)
     calbec       :     49.72s CPU     49.61s WALL (    2088 calls)
     add_vuspsi   :     50.35s CPU     51.21s WALL (    2088 calls)
     alphapv      :     30.13s CPU     30.32s WALL (    2088 calls)
     build_hr     :      0.25s CPU      0.27s WALL (       7 calls)
     diagox       :      0.70s CPU      0.76s WALL (       7 calls)
     redistr_vr   :      0.03s CPU      0.05s WALL (       6 calls)
     update_vr    :      0.41s CPU      0.44s WALL (       6 calls)
     symm_hr      :      0.03s CPU      0.05s WALL (       6 calls)
     chidiago:las :      0.07s CPU      0.08s WALL (       2 calls)
     refresh_vr   :      0.10s CPU      0.11s WALL (       3 calls)
     pdep_db      :      0.20s CPU      1.04s WALL (       1 calls)
 
     WSTAT        :  8m19.71s CPU     8m47.27s WALL

 
   This run was terminated on:  17:48: 4   2Jun2017            

=------------------------------------------------------------------------------=
   JOB DONE.
=------------------------------------------------------------------------------=
