
     Program WSTAT v. 2.0.0 starts on  2Jun2017 at 15:41:58 

     This program is part of the open-source West suite
     for massively parallel calculations of excited states in materials; please cite
         "M. Govoni et al., J. Chem. Theory Comput. 11, 2680 (2015);
          URL http://www.west-code.org", 
     in publications or presentations arising from this work.

     Based on the Quantum ESPRESSO v. 6.1 svn rev. 13369
       
     --------------------------------------------------------------------------------------------
     **MPI** Parallelization Status                                      
     --------------------------------------------------------------------------------------------
                   160                  16             1             1            10
     --------------------------------------------------------------------------------------------
                     N         =         I      X      P      X      B      X      Z
                     ^                   ^             ^             ^             ^
                     |                   |             |             |             |
                   #rnk                  |             |             |             |
                                      #image           |             |             |
                                                     #pool           |             |
                                                                   #bgrp           |
                                                                                 #R&G
     --------------------------------------------------------------------------------------------
     **OPENMP** Parallelization Status
     #thr/rnk               =            1
     --------------------------------------------------------------------------------------------
     #prc = (rnk) * (thr) =          160
     --------------------------------------------------------------------------------------------
       
     --------------------------------------------------------------------------------------------
     I/O Summary : input_west                                            
     --------------------------------------------------------------------------------------------
     qe_prefix      = ./si-20-300
     west_prefix    = ./si-20-300
     outdir         = ./
     --------------------------------------------------------------------------------------------
       
     --------------------------------------------------------------------------------------------
     I/O Summary : wstat_control                                         
     --------------------------------------------------------------------------------------------
     wstat_calculation              =              S
     n_pdep_eigen                   =             20
     n_pdep_times                   =              4
     n_pdep_maxiter                 =            100
     n_dfpt_maxiter                 =            250
     n_pdep_read_from_file          =              0
     trev_pdep                      =   1.000000E-03
     trev_pdep_rel                  =   1.000000E-01
     tr2_dfpt                       =   1.000000E-12
     l_kinetic_only                 =              F
     l_minimize_exx_if_active       =              F
     l_use_ecutrho                  =              F
     --------------------------------------------------------------------------------------------

     Reading data from directory:
     ././si-20-300.save

   Info: using nr1, nr2, nr3 values from input

   Info: using nr1, nr2, nr3 values from input

     IMPORTANT: XC functional enforced from input :
     Exchange-correlation      = PBE ( 1  4  3  4 0 0)
     Any further DFT definition will be discarded
     Please, verify this is what you really want

 
     Parallelization info
     --------------------
     sticks:   dense  smooth     PW     G-vecs:    dense   smooth      PW
     Min         536     536    134                29584    29584    3706
     Max         538     538    136                29594    29594    3708
     Sum        5377    5377   1353               295907   295907   37073
 
       
     --------------------------------------------------------------------------------------------
     System Overview                                                     
     --------------------------------------------------------------------------------------------
     gamma_only           =              T
     ecutwfc [Ry]         =      40.000000
     omega [au^3]         =   8.650474E+03
     glob. #G             =          18537
     nbnd                 =            250
     nkstot               =              1
     nspin                =              1
     nelec                =     256.000000
     npol                 =              1
     lsda                 =              F
     noncolin             =              F
     lspinorb             =              F
     domag                =              F
     --------------------------------------------------------------------------------------------

     sFFT G-space:   147954 G-vectors     R-space: (  90,  90,  90)
     dFFT G-space:   147954 G-vectors     R-space: (  90,  90,  90)

     Cell [a.u.]          =      20.528000      0.000000      0.000000
                          =       0.000000     20.528000      0.000000
                          =       0.000000      0.000000     20.528000
      
     number of ks points=     1
                       cart. coord. in units 2pi/alat
        k(    1) = (   0.0000000   0.0000000   0.0000000), wk =   2.0000000

                       cryst. coord.
        k(    1) = (   0.0000000   0.0000000   0.0000000), wk =   2.0000000
 
     Spherical div        =   2.417578E-01
     Orthorombic div      =   2.379924E-01
       
     --------------------------------------------------------------------------------------------
     Parallelization for nvecx                                           
     --------------------------------------------------------------------------------------------
     nglob                =             80
     nlevel               =             16
     Min nglob/nlevel     =              5
     Max nglob/nlevel     =              5
     --------------------------------------------------------------------------------------------

     [MEM] ----------------------------------------------------------
     [MEM] **Memory** analysis: QE
     [MEM] ----------------------------------------------------------
     [MEM] Allocated arrays           est. size (Mb)     dimensions
     [MEM] ----------------------------------------------------------
     [MEM] Kohn-Sham Wavefunctions       7.07 Mb     (   1854,  250)
     [MEM] NL pseudopotentials          14.48 Mb     (   1854,  512)
     [MEM] Each V/rho on FFT grid        1.11 Mb     (  72900)
     [MEM] Each G-vector array           0.11 Mb     (  14797)
     [MEM] G-vector shells               0.01 Mb     (   1325)
     [MEM] ----------------------------------------------------------
     [MEM] TOT                          22.79 Mb
     [MEM] ----------------------------------------------------------
     [MEM] 
     [MEM] ----------------------------------------------------------
     [MEM] **Memory** analysis: WSTAT global
     [MEM] ----------------------------------------------------------
     [MEM] Allocated arrays           est. size (Mb)     dimensions
     [MEM] ----------------------------------------------------------
     [MEM] dvg                           0.14 Mb     (   1854,    5)
     [MEM] dng                           0.14 Mb     (   1854,    5)
     [MEM] hr_distr                      0.00 Mb     (     80,    5)
     [MEM] vr_distr                      0.00 Mb     (     80,    5)
     [MEM] ----------------------------------------------------------
     [MEM] TOT                           0.29 Mb
     [MEM] ----------------------------------------------------------
     [MEM] 
     [MEM] ----------------------------------------------------------
     [MEM] **Memory** analysis: WSTAT temporary
     [MEM] ----------------------------------------------------------
     [MEM] Allocated arrays           est. size (Mb)     dimensions
     [MEM] ----------------------------------------------------------
     [MEM] dvpsi                         3.62 Mb     (   1854,  128)
     [MEM] dpsi                          3.62 Mb     (   1854,  128)
     [MEM] ----------------------------------------------------------
     [MEM] Total estimate                7.24 Mb
     [MEM] ----------------------------------------------------------

                       *----------*              *----------*               *----------*
     #     Iteration = | starting |   DFPT_dim = |       20 |   Diago_dim = |       20 |  x 1/2
                       *----------*              *----------*               *----------*
     per-process dynamical memory    54.6 Mb
  
       
     --------------------------------------------------------------------------------------------
     Sternheimer eq. solver... with lite-solver                          
     --------------------------------------------------------------------------------------------
     in progress... |##########          | 050% :               00.4s (E)               00.8s (X)
     in progress... |####################| 100% :               00.8s (E)               00.8s (X)
     --------------------------------------------------------------------------------------------

     [I/O] -------------------------------------------------------
     [I/O] RESTART written in < 00.1s             
     [I/O] In location   : ././si_kin_20_300.wstat.restart
     [I/O] -------------------------------------------------------

                       *----------*              *----------*               *----------*
     #     Iteration = | starting |   DFPT_dim = |       20 |   Diago_dim = |       20 |  x 2/2
                       *----------*              *----------*               *----------*
     per-process dynamical memory    63.6 Mb
  
       
     --------------------------------------------------------------------------------------------
     Sternheimer eq. solver... with threshold =   1.000000E-06           
     --------------------------------------------------------------------------------------------
     in progress... |##########          | 050% :               08.7s (E)               17.5s (X)
     in progress... |####################| 100% :               17.4s (E)               17.4s (X)
     --------------------------------------------------------------------------------------------
     p-DIAGOX done in < 00.1s with a SCALAPACK grid (2x2)
     --------------------------------------------------------------------------------------------
        
       -5.31859  -5.30592  -5.09683  -4.88843  -4.53400  -4.43686  -3.61701  -3.53697  -3.46777
       -3.32809  -3.21385  -3.18733  -3.03108  -2.95881  -2.78977  -2.66973  -2.41574  -2.28923
       -2.03116  -1.98283
        
     --------------------------------------------------------------------------------------------
     Tot. elapsed time 19.5s,  time spent in last iteration 19.5s
     --------------------------------------------------------------------------------------------

     [I/O] -------------------------------------------------------
     [I/O] RESTART written in < 00.1s             
     [I/O] In location   : ././si_kin_20_300.wstat.restart
     [I/O] -------------------------------------------------------

                       *----------*              *----------*               *----------*
     #     Iteration = |        1 |   DFPT_dim = |       20 |   Diago_dim = |       40 |
                       *----------*              *----------*               *----------*
     per-process dynamical memory    79.0 Mb
  
       
     --------------------------------------------------------------------------------------------
     Sternheimer eq. solver... with threshold =   1.000000E-12           
     --------------------------------------------------------------------------------------------
     in progress... |####################| 100% :               15.3s (E)               15.3s (X)
     --------------------------------------------------------------------------------------------
     p-DIAGOX done in < 00.1s with a SCALAPACK grid (2x2)
     --------------------------------------------------------------------------------------------
        
       -5.49734  -5.49359  -5.48283  -5.43910  -5.41664  -5.32268  -3.84721  -3.84541  -3.82090
       -3.79681  -3.79169  -3.77022  -3.76068  -3.69619  -3.66562  -3.52865  -3.35922  -3.33582
       -3.14533  -2.76756
        
     --------------------------------------------------------------------------------------------
     Tot. elapsed time 50.9s,  time spent in last iteration 30.9s
     --------------------------------------------------------------------------------------------

     [I/O] -------------------------------------------------------
     [I/O] RESTART written in < 00.1s             
     [I/O] In location   : ././si_kin_20_300.wstat.restart
     [I/O] -------------------------------------------------------

                       *----------*              *----------*               *----------*
     #     Iteration = |        2 |   DFPT_dim = |       20 |   Diago_dim = |       60 |
                       *----------*              *----------*               *----------*
     per-process dynamical memory    81.4 Mb
  
       
     --------------------------------------------------------------------------------------------
     Sternheimer eq. solver... with threshold =   1.000000E-12           
     --------------------------------------------------------------------------------------------
     in progress... |####################| 100% :               15.2s (E)               15.2s (X)
     --------------------------------------------------------------------------------------------
     p-DIAGOX done in < 00.1s with a SCALAPACK grid (2x2)
     --------------------------------------------------------------------------------------------
        
       -5.50485  -5.50476  -5.50438  -5.50314  -5.49789  -5.49138  -3.86875  -3.86834  -3.86715
       -3.86567  -3.86512  -3.86229  -3.86036  -3.85227  -3.84804  -3.82867  -3.73490  -3.66750
       -3.42379  -3.34827
        
     --------------------------------------------------------------------------------------------
     Tot. elapsed time 01m-23.0s,  time spent in last iteration 31.0s
     --------------------------------------------------------------------------------------------

     [I/O] -------------------------------------------------------
     [I/O] RESTART written in < 00.1s             
     [I/O] In location   : ././si_kin_20_300.wstat.restart
     [I/O] -------------------------------------------------------

                       *----------*              *----------*               *----------*
     #     Iteration = |        3 |   DFPT_dim = |       20 |   Diago_dim = |       80 |
                       *----------*              *----------*               *----------*
     per-process dynamical memory    81.4 Mb
  
       
     --------------------------------------------------------------------------------------------
     Sternheimer eq. solver... with threshold =   1.000000E-12           
     --------------------------------------------------------------------------------------------
     in progress... |####################| 100% :               15.2s (E)               15.2s (X)
     --------------------------------------------------------------------------------------------
     p-DIAGOX done in < 00.1s with a SCALAPACK grid (2x2)
     --------------------------------------------------------------------------------------------
        
       -5.50510  -5.50507  -5.50502  -5.50500  -5.50484  -5.50461  -3.86971  -3.86966  -3.86961
       -3.86950  -3.86944  -3.86936  -3.86920  -3.86871  -3.86815  -3.86712  -3.85717  -3.85294
       -3.43507  -3.42988
        
     --------------------------------------------------------------------------------------------
     Tot. elapsed time 01m-54.6s,  time spent in last iteration 30.5s
     --------------------------------------------------------------------------------------------

       Refresh the basis set

     [I/O] -------------------------------------------------------
     [I/O] RESTART written in < 00.1s             
     [I/O] In location   : ././si_kin_20_300.wstat.restart
     [I/O] -------------------------------------------------------

                       *----------*              *----------*               *----------*
     #     Iteration = |        4 |   DFPT_dim = |       16 |   Diago_dim = |       36 |
                       *----------*              *----------*               *----------*
     per-process dynamical memory    81.4 Mb
  
       
     --------------------------------------------------------------------------------------------
     Sternheimer eq. solver... with threshold =   1.000000E-12           
     --------------------------------------------------------------------------------------------
     in progress... |####################| 100% :               15.4s (E)               15.4s (X)
     --------------------------------------------------------------------------------------------
     p-DIAGOX done in < 00.1s with a SCALAPACK grid (2x2)
     --------------------------------------------------------------------------------------------
        
       -5.50512  -5.50509  -5.50506  -5.50503  -5.50500  -5.50496  -3.86978  -3.86974  -3.86973
       -3.86972  -3.86969  -3.86968  -3.86964  -3.86959  -3.86955  -3.86943  -3.86828  -3.86751
       -3.43586  -3.43513
        
     --------------------------------------------------------------------------------------------
     Tot. elapsed time 02m-10.6s,  time spent in last iteration 15.5s
     --------------------------------------------------------------------------------------------

     [I/O] -------------------------------------------------------
     [I/O] RESTART written in < 00.1s             
     [I/O] In location   : ././si_kin_20_300.wstat.restart
     [I/O] -------------------------------------------------------

                       *----------*              *----------*               *----------*
     #     Iteration = |        5 |   DFPT_dim = |        5 |   Diago_dim = |       41 |
                       *----------*              *----------*               *----------*
     per-process dynamical memory    81.4 Mb
  
       
     --------------------------------------------------------------------------------------------
     Sternheimer eq. solver... with threshold =   1.000000E-12           
     --------------------------------------------------------------------------------------------
     in progress... |####################| 100% :             < 00.1s (E)             < 00.1s (X)
     --------------------------------------------------------------------------------------------
     p-DIAGOX done in < 00.1s with a SCALAPACK grid (2x2)
     --------------------------------------------------------------------------------------------
        
       -5.50513  -5.50509  -5.50507  -5.50503  -5.50500  -5.50497  -3.86978  -3.86975  -3.86974
       -3.86973  -3.86972  -3.86970  -3.86969  -3.86966  -3.86964  -3.86959  -3.86947  -3.86926
       -3.43594  -3.43590
        
     --------------------------------------------------------------------------------------------
     Tot. elapsed time 02m-26.9s,  time spent in last iteration 15.5s
     --------------------------------------------------------------------------------------------

     [I/O] -------------------------------------------------------
     [I/O] RESTART written in < 00.1s             
     [I/O] In location   : ././si_kin_20_300.wstat.restart
     [I/O] -------------------------------------------------------

                       *----------*              *----------*               *----------*
     #     Iteration = |        6 |   DFPT_dim = |        2 |   Diago_dim = |       43 |
                       *----------*              *----------*               *----------*
     per-process dynamical memory    81.4 Mb
  
       
     --------------------------------------------------------------------------------------------
     Sternheimer eq. solver... with threshold =   1.000000E-12           
     --------------------------------------------------------------------------------------------
     in progress... |####################| 100% :             < 00.1s (E)             < 00.1s (X)
     --------------------------------------------------------------------------------------------
     p-DIAGOX done in < 00.1s with a SCALAPACK grid (2x2)
     --------------------------------------------------------------------------------------------
        
       -5.50513  -5.50509  -5.50507  -5.50503  -5.50500  -5.50497  -3.86978  -3.86976  -3.86974
       -3.86974  -3.86972  -3.86970  -3.86969  -3.86966  -3.86964  -3.86960  -3.86959  -3.86951
       -3.43596  -3.43590
        
     --------------------------------------------------------------------------------------------
     Tot. elapsed time 02m-42.4s,  time spent in last iteration 14.8s
     --------------------------------------------------------------------------------------------
      
     --------------------------------------------------------------------------------------------
     Database written in 00.4s               
     In location : ././si_kin_20_300.wstat.save
     --------------------------------------------------------------------------------------------
       
     --------------------------------------------------------------------------------------------
     Convergence achieved !!! in        6 steps                          
     --------------------------------------------------------------------------------------------
 
     WSTAT        :  2m38.52s CPU     2m46.37s WALL

     wstat_readin :      0.88s CPU      1.87s WALL (       1 calls)
     fetch_nml    :      0.30s CPU      0.33s WALL (       1 calls)
     read_xml     :      0.32s CPU      0.58s WALL (       1 calls)
     init_vloc    :      0.01s CPU      0.01s WALL (       2 calls)
     fft          :      0.04s CPU      0.25s WALL (      11 calls)
     fft_scatter  :      9.26s CPU      8.27s WALL (   37355 calls)
     v_of_rho     :      0.05s CPU      0.06s WALL (       1 calls)
     v_xc         :      0.05s CPU      0.05s WALL (       1 calls)
     v_h          :      0.00s CPU      0.00s WALL (       1 calls)
     read_wave    :      0.25s CPU      0.94s WALL (       1 calls)
     davcio       :      0.00s CPU      0.66s WALL (       2 calls)
     init_us_1    :      0.01s CPU      0.01s WALL (       2 calls)
     do_setup     :      0.05s CPU      0.06s WALL (       1 calls)
     init_pw_ar   :      0.04s CPU      0.05s WALL (       1 calls)
     init_at_1    :      0.00s CPU      0.00s WALL (       1 calls)
     storesqvc    :      0.01s CPU      0.02s WALL (       1 calls)
     chidiago     :    157.57s CPU    164.27s WALL (       1 calls)
     randomize    :      0.00s CPU      0.01s WALL (       1 calls)
     paramgs      :      0.13s CPU      0.14s WALL (       8 calls)
     dfpt         :    155.30s CPU    156.70s WALL (       8 calls)
     init_us_2    :      0.05s CPU      0.06s WALL (       8 calls)
     fftw         :     43.31s CPU     43.65s WALL (   37344 calls)
     alphapc      :      0.18s CPU      0.19s WALL (       8 calls)
     wstat_restar :      1.78s CPU      5.18s WALL (       7 calls)
     linstern     :     75.65s CPU     76.39s WALL (       6 calls)
     stern        :     71.64s CPU     72.36s WALL (     400 calls)
     h_psi_bgrp   :     64.99s CPU     65.63s WALL (     400 calls)
     h_psi        :     64.99s CPU     65.63s WALL (     400 calls)
     h_psi:pot    :     64.03s CPU     64.67s WALL (     400 calls)
     vloc_psi     :     45.07s CPU     45.51s WALL (     400 calls)
     h_psi:calbec :      9.39s CPU      9.37s WALL (     400 calls)
     calbec       :      9.38s CPU      9.36s WALL (     400 calls)
     add_vuspsi   :      9.57s CPU      9.79s WALL (     400 calls)
     alphapv      :      5.78s CPU      5.84s WALL (     400 calls)
     build_hr     :      0.06s CPU      0.08s WALL (       7 calls)
     diagox       :      0.03s CPU      0.03s WALL (       7 calls)
     redistr_vr   :      0.00s CPU      0.00s WALL (       6 calls)
     update_vr    :      0.10s CPU      0.12s WALL (       6 calls)
     symm_hr      :      0.00s CPU      0.00s WALL (       6 calls)
     chidiago:las :      0.02s CPU      0.02s WALL (       2 calls)
     refresh_vr   :      0.03s CPU      0.03s WALL (       3 calls)
     pdep_db      :      0.07s CPU      0.45s WALL (       1 calls)
 
     WSTAT        :  2m38.52s CPU     2m46.37s WALL

 
   This run was terminated on:  15:44:44   2Jun2017            

=------------------------------------------------------------------------------=
   JOB DONE.
=------------------------------------------------------------------------------=
