
     Program WSTAT v. 2.0.0 starts on  2Jun2017 at 16:35:22 

     This program is part of the open-source West suite
     for massively parallel calculations of excited states in materials; please cite
         "M. Govoni et al., J. Chem. Theory Comput. 11, 2680 (2015);
          URL http://www.west-code.org", 
     in publications or presentations arising from this work.

     Based on the Quantum ESPRESSO v. 6.1 svn rev. 13369
       
     --------------------------------------------------------------------------------------------
     **MPI** Parallelization Status                                      
     --------------------------------------------------------------------------------------------
                   160                  16             1             1            10
     --------------------------------------------------------------------------------------------
                     N         =         I      X      P      X      B      X      Z
                     ^                   ^             ^             ^             ^
                     |                   |             |             |             |
                   #rnk                  |             |             |             |
                                      #image           |             |             |
                                                     #pool           |             |
                                                                   #bgrp           |
                                                                                 #R&G
     --------------------------------------------------------------------------------------------
     **OPENMP** Parallelization Status
     #thr/rnk               =            1
     --------------------------------------------------------------------------------------------
     #prc = (rnk) * (thr) =          160
     --------------------------------------------------------------------------------------------
       
     --------------------------------------------------------------------------------------------
     I/O Summary : input_west                                            
     --------------------------------------------------------------------------------------------
     qe_prefix      = ./si-60-700
     west_prefix    = ./si-60-700
     outdir         = ./
     --------------------------------------------------------------------------------------------
       
     --------------------------------------------------------------------------------------------
     I/O Summary : wstat_control                                         
     --------------------------------------------------------------------------------------------
     wstat_calculation              =              S
     n_pdep_eigen                   =             60
     n_pdep_times                   =              4
     n_pdep_maxiter                 =            100
     n_dfpt_maxiter                 =            250
     n_pdep_read_from_file          =              0
     trev_pdep                      =   1.000000E-03
     trev_pdep_rel                  =   1.000000E-01
     tr2_dfpt                       =   1.000000E-12
     l_kinetic_only                 =              F
     l_minimize_exx_if_active       =              F
     l_use_ecutrho                  =              F
     --------------------------------------------------------------------------------------------

     Reading data from directory:
     ././si-60-700.save

   Info: using nr1, nr2, nr3 values from input

   Info: using nr1, nr2, nr3 values from input

     IMPORTANT: XC functional enforced from input :
     Exchange-correlation      = PBE ( 1  4  3  4 0 0)
     Any further DFT definition will be discarded
     Please, verify this is what you really want

 
     Parallelization info
     --------------------
     sticks:   dense  smooth     PW     G-vecs:    dense   smooth      PW
     Min         536     536    134                29584    29584    3706
     Max         538     538    136                29594    29594    3708
     Sum        5377    5377   1353               295907   295907   37073
 
       
     --------------------------------------------------------------------------------------------
     System Overview                                                     
     --------------------------------------------------------------------------------------------
     gamma_only           =              T
     ecutwfc [Ry]         =      40.000000
     omega [au^3]         =   8.650474E+03
     glob. #G             =          18537
     nbnd                 =            250
     nkstot               =              1
     nspin                =              1
     nelec                =     256.000000
     npol                 =              1
     lsda                 =              F
     noncolin             =              F
     lspinorb             =              F
     domag                =              F
     --------------------------------------------------------------------------------------------

     sFFT G-space:   147954 G-vectors     R-space: (  90,  90,  90)
     dFFT G-space:   147954 G-vectors     R-space: (  90,  90,  90)

     Cell [a.u.]          =      20.528000      0.000000      0.000000
                          =       0.000000     20.528000      0.000000
                          =       0.000000      0.000000     20.528000
      
     number of ks points=     1
                       cart. coord. in units 2pi/alat
        k(    1) = (   0.0000000   0.0000000   0.0000000), wk =   2.0000000

                       cryst. coord.
        k(    1) = (   0.0000000   0.0000000   0.0000000), wk =   2.0000000
 
     Spherical div        =   2.417578E-01
     Orthorombic div      =   2.379924E-01
       
     --------------------------------------------------------------------------------------------
     Parallelization for nvecx                                           
     --------------------------------------------------------------------------------------------
     nglob                =            240
     nlevel               =             16
     Min nglob/nlevel     =             15
     Max nglob/nlevel     =             15
     --------------------------------------------------------------------------------------------

     [MEM] ----------------------------------------------------------
     [MEM] **Memory** analysis: QE
     [MEM] ----------------------------------------------------------
     [MEM] Allocated arrays           est. size (Mb)     dimensions
     [MEM] ----------------------------------------------------------
     [MEM] Kohn-Sham Wavefunctions       7.07 Mb     (   1854,  250)
     [MEM] NL pseudopotentials          14.48 Mb     (   1854,  512)
     [MEM] Each V/rho on FFT grid        1.11 Mb     (  72900)
     [MEM] Each G-vector array           0.11 Mb     (  14797)
     [MEM] G-vector shells               0.01 Mb     (   1325)
     [MEM] ----------------------------------------------------------
     [MEM] TOT                          22.79 Mb
     [MEM] ----------------------------------------------------------
     [MEM] 
     [MEM] ----------------------------------------------------------
     [MEM] **Memory** analysis: WSTAT global
     [MEM] ----------------------------------------------------------
     [MEM] Allocated arrays           est. size (Mb)     dimensions
     [MEM] ----------------------------------------------------------
     [MEM] dvg                           0.42 Mb     (   1854,   15)
     [MEM] dng                           0.42 Mb     (   1854,   15)
     [MEM] hr_distr                      0.03 Mb     (    240,   15)
     [MEM] vr_distr                      0.03 Mb     (    240,   15)
     [MEM] ----------------------------------------------------------
     [MEM] TOT                           0.90 Mb
     [MEM] ----------------------------------------------------------
     [MEM] 
     [MEM] ----------------------------------------------------------
     [MEM] **Memory** analysis: WSTAT temporary
     [MEM] ----------------------------------------------------------
     [MEM] Allocated arrays           est. size (Mb)     dimensions
     [MEM] ----------------------------------------------------------
     [MEM] dvpsi                         3.62 Mb     (   1854,  128)
     [MEM] dpsi                          3.62 Mb     (   1854,  128)
     [MEM] ----------------------------------------------------------
     [MEM] Total estimate                7.24 Mb
     [MEM] ----------------------------------------------------------

                       *----------*              *----------*               *----------*
     #     Iteration = | starting |   DFPT_dim = |       60 |   Diago_dim = |       60 |  x 1/2
                       *----------*              *----------*               *----------*
     per-process dynamical memory    54.6 Mb
  
       
     --------------------------------------------------------------------------------------------
     Sternheimer eq. solver... with lite-solver                          
     --------------------------------------------------------------------------------------------
     in progress... |#####               | 025% :               00.4s (E)               01.7s (X)
     in progress... |##########          | 050% :               00.8s (E)               01.6s (X)
     in progress... |###############     | 075% :               01.2s (E)               01.6s (X)
     in progress... |####################| 100% :               01.6s (E)               01.6s (X)
     --------------------------------------------------------------------------------------------

     [I/O] -------------------------------------------------------
     [I/O] RESTART written in < 00.1s             
     [I/O] In location   : ././si_kin_60_700.wstat.restart
     [I/O] -------------------------------------------------------

                       *----------*              *----------*               *----------*
     #     Iteration = | starting |   DFPT_dim = |       60 |   Diago_dim = |       60 |  x 2/2
                       *----------*              *----------*               *----------*
     per-process dynamical memory    64.1 Mb
  
       
     --------------------------------------------------------------------------------------------
     Sternheimer eq. solver... with threshold =   1.000000E-06           
     --------------------------------------------------------------------------------------------
     in progress... |#####               | 025% :               08.6s (E)               34.7s (X)
     in progress... |##########          | 050% :               17.3s (E)               34.7s (X)
     in progress... |###############     | 075% :               25.9s (E)               34.6s (X)
     in progress... |####################| 100% :               34.5s (E)               34.5s (X)
     --------------------------------------------------------------------------------------------
     p-DIAGOX done in < 00.1s with a SCALAPACK grid (2x2)
     --------------------------------------------------------------------------------------------
        
       -5.43996  -5.41805  -5.41006  -5.39114  -5.36526  -5.31006  -3.76440  -3.74564  -3.74050
       -3.72573  -3.71409  -3.69355  -3.68490  -3.66855  -3.63482  -3.57558  -3.49374  -3.36166
       -3.24441  -3.19663  -3.11924  -3.04297  -2.21042  -2.19417  -2.15842  -2.12243  -2.10134
       -2.05148  -2.01572  -1.96035  -1.93506  -1.89826  -1.86756  -1.83461  -1.82048  -1.78767
       -1.77415  -1.75149  -1.73152  -1.71421  -1.69730  -1.67712  -1.65533  -1.62952  -1.62298
       -1.60865  -1.56969  -1.52624  -1.47257  -1.43584  -1.42866  -1.41165  -1.38558  -1.35213
       -1.30700  -1.30262  -1.24548  -1.20004  -1.12102  -1.10260
        
     --------------------------------------------------------------------------------------------
     Tot. elapsed time 38.6s,  time spent in last iteration 38.6s
     --------------------------------------------------------------------------------------------

     [I/O] -------------------------------------------------------
     [I/O] RESTART written in < 00.1s             
     [I/O] In location   : ././si_kin_60_700.wstat.restart
     [I/O] -------------------------------------------------------

                       *----------*              *----------*               *----------*
     #     Iteration = |        1 |   DFPT_dim = |       60 |   Diago_dim = |      120 |
                       *----------*              *----------*               *----------*
     per-process dynamical memory    79.5 Mb
  
       
     --------------------------------------------------------------------------------------------
     Sternheimer eq. solver... with threshold =   1.000000E-12           
     --------------------------------------------------------------------------------------------
     in progress... |#####               | 025% :               15.3s (E)           01m-01.3s (X)
     in progress... |##########          | 050% :               30.6s (E)           01m-01.2s (X)
     in progress... |###############     | 075% :               45.7s (E)           01m-01.0s (X)
     in progress... |####################| 100% :           01m-00.9s (E)           01m-00.9s (X)
     --------------------------------------------------------------------------------------------
     p-DIAGOX done in < 00.1s with a SCALAPACK grid (3x3)
     --------------------------------------------------------------------------------------------
        
       -5.50394  -5.50386  -5.50336  -5.50293  -5.50246  -5.50050  -3.86632  -3.86623  -3.86461
       -3.86386  -3.86357  -3.86130  -3.86049  -3.85906  -3.85850  -3.85222  -3.84640  -3.82926
       -3.42661  -3.42487  -3.41399  -3.40039  -2.40771  -2.40594  -2.38253  -2.37942  -2.35505
       -2.34193  -2.26793  -2.26612  -2.25869  -2.23913  -2.22466  -2.22232  -2.19554  -2.16976
       -2.14374  -2.08012  -2.06055  -2.03429  -1.95489  -1.95254  -1.94767  -1.93460  -1.92725
       -1.91560  -1.91091  -1.90380  -1.87731  -1.86381  -1.85350  -1.82859  -1.81763  -1.76667
       -1.74853  -1.70501  -1.65390  -1.59893  -1.53472  -1.48404
        
     --------------------------------------------------------------------------------------------
     Tot. elapsed time 01m-41.8s,  time spent in last iteration 01m-02.2s
     --------------------------------------------------------------------------------------------

     [I/O] -------------------------------------------------------
     [I/O] RESTART written in < 00.1s             
     [I/O] In location   : ././si_kin_60_700.wstat.restart
     [I/O] -------------------------------------------------------

                       *----------*              *----------*               *----------*
     #     Iteration = |        2 |   DFPT_dim = |       60 |   Diago_dim = |      180 |
                       *----------*              *----------*               *----------*
     per-process dynamical memory    81.9 Mb
  
       
     --------------------------------------------------------------------------------------------
     Sternheimer eq. solver... with threshold =   1.000000E-12           
     --------------------------------------------------------------------------------------------
     in progress... |#####               | 025% :               15.3s (E)           01m-01.5s (X)
     in progress... |##########          | 050% :               30.5s (E)           01m-01.1s (X)
     in progress... |###############     | 075% :               45.9s (E)           01m-01.2s (X)
     in progress... |####################| 100% :           01m-01.3s (E)           01m-01.3s (X)
     --------------------------------------------------------------------------------------------
     p-DIAGOX done in < 00.1s with a SCALAPACK grid (5x5)
     --------------------------------------------------------------------------------------------
        
       -5.50510  -5.50507  -5.50505  -5.50501  -5.50498  -5.50493  -3.86972  -3.86966  -3.86963
       -3.86961  -3.86959  -3.86955  -3.86954  -3.86951  -3.86943  -3.86930  -3.86902  -3.86872
       -3.43575  -3.43558  -3.43526  -3.43438  -2.43882  -2.43768  -2.43501  -2.43226  -2.42974
       -2.42016  -2.33052  -2.32847  -2.32650  -2.32415  -2.32231  -2.31602  -2.31300  -2.30823
       -2.30144  -2.28395  -2.26074  -2.22974  -2.01399  -2.00789  -2.00572  -1.99956  -1.99645
       -1.97915  -1.97754  -1.95931  -1.95815  -1.95269  -1.95188  -1.95152  -1.94605  -1.94366
       -1.93137  -1.91897  -1.90370  -1.89838  -1.87371  -1.82094
        
     --------------------------------------------------------------------------------------------
     Tot. elapsed time 02m-46.1s,  time spent in last iteration 01m-01.9s
     --------------------------------------------------------------------------------------------

     [I/O] -------------------------------------------------------
     [I/O] RESTART written in < 00.1s             
     [I/O] In location   : ././si_kin_60_700.wstat.restart
     [I/O] -------------------------------------------------------

                       *----------*              *----------*               *----------*
     #     Iteration = |        3 |   DFPT_dim = |       60 |   Diago_dim = |      240 |
                       *----------*              *----------*               *----------*
     per-process dynamical memory    86.1 Mb
  
       
     --------------------------------------------------------------------------------------------
     Sternheimer eq. solver... with threshold =   1.000000E-12           
     --------------------------------------------------------------------------------------------
     in progress... |######              | 030% :               15.0s (E)               50.1s (X)
     in progress... |#############       | 065% :               30.3s (E)               46.6s (X)
     in progress... |####################| 100% :               45.6s (E)               45.6s (X)
     --------------------------------------------------------------------------------------------
     p-DIAGOX done in 00.1s with a SCALAPACK grid (7x7)
     --------------------------------------------------------------------------------------------
        
       -5.50513  -5.50510  -5.50507  -5.50503  -5.50500  -5.50497  -3.86981  -3.86980  -3.86977
       -3.86976  -3.86975  -3.86974  -3.86972  -3.86970  -3.86968  -3.86967  -3.86965  -3.86963
       -3.43601  -3.43599  -3.43597  -3.43596  -2.44180  -2.44166  -2.44154  -2.44131  -2.44090
       -2.43933  -2.33496  -2.33479  -2.33465  -2.33444  -2.33425  -2.33377  -2.33330  -2.33285
       -2.33258  -2.33027  -2.32759  -2.32304  -2.02285  -2.02240  -2.02129  -2.02094  -2.01953
       -2.01745  -2.01597  -2.01384  -2.00351  -1.99630  -1.99317  -1.96823  -1.96023  -1.95978
       -1.95930  -1.95806  -1.95709  -1.95530  -1.95439  -1.94763
        
     --------------------------------------------------------------------------------------------
     Tot. elapsed time 03m-50.6s,  time spent in last iteration 01m-01.7s
     --------------------------------------------------------------------------------------------

       Refresh the basis set

     [I/O] -------------------------------------------------------
     [I/O] RESTART written in < 00.1s             
     [I/O] In location   : ././si_kin_60_700.wstat.restart
     [I/O] -------------------------------------------------------

                       *----------*              *----------*               *----------*
     #     Iteration = |        4 |   DFPT_dim = |       39 |   Diago_dim = |       99 |
                       *----------*              *----------*               *----------*
     per-process dynamical memory    87.0 Mb
  
       
     --------------------------------------------------------------------------------------------
     Sternheimer eq. solver... with threshold =   1.000000E-12           
     --------------------------------------------------------------------------------------------
     in progress... |######              | 030% :               15.0s (E)               50.1s (X)
     in progress... |#############       | 065% :               30.0s (E)               46.2s (X)
     in progress... |####################| 100% :               45.3s (E)               45.3s (X)
     --------------------------------------------------------------------------------------------
     p-DIAGOX done in < 00.1s with a SCALAPACK grid (3x3)
     --------------------------------------------------------------------------------------------
        
       -5.50513  -5.50510  -5.50507  -5.50503  -5.50500  -5.50497  -3.86981  -3.86980  -3.86978
       -3.86977  -3.86975  -3.86974  -3.86972  -3.86970  -3.86969  -3.86968  -3.86966  -3.86964
       -3.43602  -3.43601  -3.43601  -3.43598  -2.44196  -2.44194  -2.44193  -2.44190  -2.44184
       -2.44162  -2.33517  -2.33514  -2.33513  -2.33512  -2.33509  -2.33504  -2.33495  -2.33489
       -2.33486  -2.33455  -2.33401  -2.33290  -2.02372  -2.02365  -2.02344  -2.02325  -2.02308
       -2.02257  -2.02219  -2.02182  -2.01840  -2.01418  -2.01353  -1.98455  -1.96064  -1.96054
       -1.96045  -1.96031  -1.95998  -1.95971  -1.95939  -1.95774
        
     --------------------------------------------------------------------------------------------
     Tot. elapsed time 04m-37.5s,  time spent in last iteration 45.9s
     --------------------------------------------------------------------------------------------

     [I/O] -------------------------------------------------------
     [I/O] RESTART written in < 00.1s             
     [I/O] In location   : ././si_kin_60_700.wstat.restart
     [I/O] -------------------------------------------------------

                       *----------*              *----------*               *----------*
     #     Iteration = |        5 |   DFPT_dim = |       25 |   Diago_dim = |      124 |
                       *----------*              *----------*               *----------*
     per-process dynamical memory    89.3 Mb
  
       
     --------------------------------------------------------------------------------------------
     Sternheimer eq. solver... with threshold =   1.000000E-12           
     --------------------------------------------------------------------------------------------
     in progress... |####################| 100% :               15.1s (E)               15.1s (X)
     --------------------------------------------------------------------------------------------
     p-DIAGOX done in < 00.1s with a SCALAPACK grid (3x3)
     --------------------------------------------------------------------------------------------
        
       -5.50513  -5.50510  -5.50507  -5.50503  -5.50500  -5.50497  -3.86981  -3.86980  -3.86978
       -3.86977  -3.86975  -3.86974  -3.86972  -3.86970  -3.86969  -3.86968  -3.86966  -3.86964
       -3.43602  -3.43601  -3.43601  -3.43598  -2.44197  -2.44197  -2.44197  -2.44196  -2.44194
       -2.44192  -2.33520  -2.33519  -2.33518  -2.33517  -2.33516  -2.33515  -2.33515  -2.33514
       -2.33511  -2.33508  -2.33493  -2.33462  -2.02386  -2.02382  -2.02379  -2.02378  -2.02369
       -2.02358  -2.02340  -2.02331  -2.02237  -2.01870  -2.01771  -1.99152  -1.96068  -1.96067
       -1.96064  -1.96061  -1.96053  -1.96048  -1.96027  -1.95967
        
     --------------------------------------------------------------------------------------------
     Tot. elapsed time 05m-09.8s,  time spent in last iteration 30.6s
     --------------------------------------------------------------------------------------------

     [I/O] -------------------------------------------------------
     [I/O] RESTART written in < 00.1s             
     [I/O] In location   : ././si_kin_60_700.wstat.restart
     [I/O] -------------------------------------------------------

                       *----------*              *----------*               *----------*
     #     Iteration = |        6 |   DFPT_dim = |        9 |   Diago_dim = |      133 |
                       *----------*              *----------*               *----------*
     per-process dynamical memory    89.3 Mb
  
       
     --------------------------------------------------------------------------------------------
     Sternheimer eq. solver... with threshold =   1.000000E-12           
     --------------------------------------------------------------------------------------------
     in progress... |####################| 100% :               15.1s (E)               15.1s (X)
     --------------------------------------------------------------------------------------------
     p-DIAGOX done in < 00.1s with a SCALAPACK grid (4x4)
     --------------------------------------------------------------------------------------------
        
       -5.50513  -5.50510  -5.50507  -5.50503  -5.50500  -5.50497  -3.86981  -3.86980  -3.86978
       -3.86977  -3.86975  -3.86974  -3.86972  -3.86970  -3.86969  -3.86968  -3.86966  -3.86964
       -3.43602  -3.43601  -3.43601  -3.43598  -2.44198  -2.44198  -2.44197  -2.44196  -2.44196
       -2.44195  -2.33521  -2.33520  -2.33519  -2.33518  -2.33518  -2.33517  -2.33516  -2.33515
       -2.33513  -2.33512  -2.33507  -2.33502  -2.02387  -2.02385  -2.02383  -2.02379  -2.02378
       -2.02373  -2.02366  -2.02359  -2.02320  -2.02019  -2.01925  -1.99762  -1.96068  -1.96067
       -1.96065  -1.96062  -1.96057  -1.96054  -1.96039  -1.96009
        
     --------------------------------------------------------------------------------------------
     Tot. elapsed time 05m-27.0s,  time spent in last iteration 15.4s
     --------------------------------------------------------------------------------------------

     [I/O] -------------------------------------------------------
     [I/O] RESTART written in < 00.1s             
     [I/O] In location   : ././si_kin_60_700.wstat.restart
     [I/O] -------------------------------------------------------

                       *----------*              *----------*               *----------*
     #     Iteration = |        7 |   DFPT_dim = |        3 |   Diago_dim = |      136 |
                       *----------*              *----------*               *----------*
     per-process dynamical memory    89.3 Mb
  
       
     --------------------------------------------------------------------------------------------
     Sternheimer eq. solver... with threshold =   1.000000E-12           
     --------------------------------------------------------------------------------------------
     in progress... |####################| 100% :             < 00.1s (E)             < 00.1s (X)
     --------------------------------------------------------------------------------------------
     p-DIAGOX done in < 00.1s with a SCALAPACK grid (4x4)
     --------------------------------------------------------------------------------------------
        
       -5.50513  -5.50510  -5.50507  -5.50503  -5.50500  -5.50497  -3.86981  -3.86980  -3.86978
       -3.86977  -3.86975  -3.86974  -3.86972  -3.86970  -3.86969  -3.86968  -3.86966  -3.86964
       -3.43602  -3.43601  -3.43601  -3.43598  -2.44198  -2.44198  -2.44197  -2.44197  -2.44196
       -2.44195  -2.33522  -2.33520  -2.33519  -2.33519  -2.33518  -2.33517  -2.33516  -2.33515
       -2.33514  -2.33513  -2.33512  -2.33511  -2.02387  -2.02385  -2.02383  -2.02380  -2.02378
       -2.02374  -2.02367  -2.02359  -2.02326  -2.02192  -2.02110  -2.01229  -1.96068  -1.96068
       -1.96066  -1.96062  -1.96058  -1.96054  -1.96043  -1.96015
        
     --------------------------------------------------------------------------------------------
     Tot. elapsed time 05m-44.3s,  time spent in last iteration 15.2s
     --------------------------------------------------------------------------------------------

     [I/O] -------------------------------------------------------
     [I/O] RESTART written in < 00.1s             
     [I/O] In location   : ././si_kin_60_700.wstat.restart
     [I/O] -------------------------------------------------------

                       *----------*              *----------*               *----------*
     #     Iteration = |        8 |   DFPT_dim = |        3 |   Diago_dim = |      139 |
                       *----------*              *----------*               *----------*
     per-process dynamical memory    89.3 Mb
  
       
     --------------------------------------------------------------------------------------------
     Sternheimer eq. solver... with threshold =   1.000000E-12           
     --------------------------------------------------------------------------------------------
     in progress... |####################| 100% :             < 00.1s (E)             < 00.1s (X)
     --------------------------------------------------------------------------------------------
     p-DIAGOX done in < 00.1s with a SCALAPACK grid (4x4)
     --------------------------------------------------------------------------------------------
        
       -5.50513  -5.50510  -5.50507  -5.50503  -5.50500  -5.50497  -3.86981  -3.86980  -3.86978
       -3.86977  -3.86975  -3.86974  -3.86972  -3.86970  -3.86969  -3.86968  -3.86966  -3.86964
       -3.43602  -3.43601  -3.43601  -3.43598  -2.44198  -2.44198  -2.44197  -2.44197  -2.44196
       -2.44195  -2.33522  -2.33520  -2.33519  -2.33519  -2.33518  -2.33517  -2.33517  -2.33516
       -2.33514  -2.33513  -2.33512  -2.33512  -2.02387  -2.02385  -2.02383  -2.02380  -2.02378
       -2.02376  -2.02369  -2.02360  -2.02336  -2.02300  -2.02272  -2.02062  -1.96068  -1.96068
       -1.96066  -1.96063  -1.96058  -1.96055  -1.96047  -1.96029
        
     --------------------------------------------------------------------------------------------
     Tot. elapsed time 06m-01.7s,  time spent in last iteration 15.3s
     --------------------------------------------------------------------------------------------

     [I/O] -------------------------------------------------------
     [I/O] RESTART written in < 00.1s             
     [I/O] In location   : ././si_kin_60_700.wstat.restart
     [I/O] -------------------------------------------------------

                       *----------*              *----------*               *----------*
     #     Iteration = |        9 |   DFPT_dim = |        3 |   Diago_dim = |      142 |
                       *----------*              *----------*               *----------*
     per-process dynamical memory    89.3 Mb
  
       
     --------------------------------------------------------------------------------------------
     Sternheimer eq. solver... with threshold =   1.000000E-12           
     --------------------------------------------------------------------------------------------
     in progress... |####################| 100% :             < 00.1s (E)             < 00.1s (X)
     --------------------------------------------------------------------------------------------
     p-DIAGOX done in < 00.1s with a SCALAPACK grid (4x4)
     --------------------------------------------------------------------------------------------
        
       -5.50513  -5.50510  -5.50507  -5.50503  -5.50500  -5.50497  -3.86981  -3.86980  -3.86978
       -3.86977  -3.86975  -3.86974  -3.86972  -3.86970  -3.86969  -3.86968  -3.86966  -3.86964
       -3.43602  -3.43601  -3.43601  -3.43598  -2.44198  -2.44198  -2.44197  -2.44197  -2.44196
       -2.44196  -2.33522  -2.33520  -2.33519  -2.33519  -2.33519  -2.33517  -2.33517  -2.33516
       -2.33514  -2.33514  -2.33512  -2.33512  -2.02387  -2.02385  -2.02384  -2.02383  -2.02379
       -2.02378  -2.02374  -2.02367  -2.02359  -2.02359  -2.02330  -2.02299  -1.96069  -1.96068
       -1.96066  -1.96063  -1.96060  -1.96057  -1.96053  -1.96048
        
     --------------------------------------------------------------------------------------------
     Tot. elapsed time 06m-19.1s,  time spent in last iteration 15.3s
     --------------------------------------------------------------------------------------------

     [I/O] -------------------------------------------------------
     [I/O] RESTART written in < 00.1s             
     [I/O] In location   : ././si_kin_60_700.wstat.restart
     [I/O] -------------------------------------------------------

                       *----------*              *----------*               *----------*
     #     Iteration = |       10 |   DFPT_dim = |        1 |   Diago_dim = |      143 |
                       *----------*              *----------*               *----------*
     per-process dynamical memory    89.3 Mb
  
       
     --------------------------------------------------------------------------------------------
     Sternheimer eq. solver... with threshold =   1.000000E-12           
     --------------------------------------------------------------------------------------------
     in progress... |####################| 100% :             < 00.1s (E)             < 00.1s (X)
     --------------------------------------------------------------------------------------------
     p-DIAGOX done in < 00.1s with a SCALAPACK grid (4x4)
     --------------------------------------------------------------------------------------------
        
       -5.50513  -5.50510  -5.50507  -5.50503  -5.50500  -5.50497  -3.86981  -3.86980  -3.86978
       -3.86977  -3.86975  -3.86974  -3.86972  -3.86970  -3.86969  -3.86968  -3.86966  -3.86964
       -3.43602  -3.43601  -3.43601  -3.43598  -2.44198  -2.44198  -2.44197  -2.44197  -2.44196
       -2.44196  -2.33522  -2.33520  -2.33519  -2.33519  -2.33519  -2.33517  -2.33517  -2.33516
       -2.33514  -2.33514  -2.33512  -2.33512  -2.02387  -2.02385  -2.02384  -2.02383  -2.02381
       -2.02378  -2.02375  -2.02369  -2.02359  -2.02359  -2.02346  -2.02329  -1.96069  -1.96068
       -1.96066  -1.96063  -1.96060  -1.96060  -1.96056  -1.96050
        
     --------------------------------------------------------------------------------------------
     Tot. elapsed time 06m-35.3s,  time spent in last iteration 14.2s
     --------------------------------------------------------------------------------------------
      
     --------------------------------------------------------------------------------------------
     Database written in 00.6s               
     In location : ././si_kin_60_700.wstat.save
     --------------------------------------------------------------------------------------------
       
     --------------------------------------------------------------------------------------------
     Convergence achieved !!! in       10 steps                          
     --------------------------------------------------------------------------------------------
 
     WSTAT        :  6m19.33s CPU     6m44.13s WALL

     wstat_readin :      0.76s CPU      2.16s WALL (       1 calls)
     fetch_nml    :      0.00s CPU      0.05s WALL (       1 calls)
     read_xml     :      0.34s CPU      0.76s WALL (       1 calls)
     init_vloc    :      0.02s CPU      0.03s WALL (       2 calls)
     fft          :      0.03s CPU      0.32s WALL (      11 calls)
     fft_scatter  :     31.40s CPU     27.60s WALL (  131003 calls)
     v_of_rho     :      0.05s CPU      0.06s WALL (       1 calls)
     v_xc         :      0.05s CPU      0.05s WALL (       1 calls)
     v_h          :      0.00s CPU      0.00s WALL (       1 calls)
     read_wave    :      0.40s CPU      1.33s WALL (       1 calls)
     davcio       :      0.00s CPU      0.90s WALL (       2 calls)
     init_us_1    :      0.18s CPU      0.19s WALL (       2 calls)
     do_setup     :      0.22s CPU      0.23s WALL (       1 calls)
     init_pw_ar   :      0.22s CPU      0.22s WALL (       1 calls)
     init_at_1    :      0.00s CPU      0.00s WALL (       1 calls)
     storesqvc    :      0.01s CPU      0.01s WALL (       1 calls)
     chidiago     :    378.33s CPU    401.33s WALL (       1 calls)
     randomize    :      0.01s CPU      0.01s WALL (       1 calls)
     paramgs      :      0.44s CPU      0.44s WALL (      12 calls)
     dfpt         :    371.33s CPU    373.64s WALL (      12 calls)
     init_us_2    :      0.07s CPU      0.10s WALL (      12 calls)
     fftw         :    151.17s CPU    151.60s WALL (  130992 calls)
     alphapc      :      0.54s CPU      0.55s WALL (      24 calls)
     wstat_restar :      5.18s CPU     19.56s WALL (      11 calls)
     linstern     :    268.46s CPU    269.99s WALL (      20 calls)
     stern        :    254.17s CPU    255.61s WALL (    1421 calls)
     h_psi_bgrp   :    230.02s CPU    231.31s WALL (    1421 calls)
     h_psi        :    230.02s CPU    231.31s WALL (    1421 calls)
     h_psi:pot    :    226.55s CPU    227.82s WALL (    1421 calls)
     vloc_psi     :    158.13s CPU    158.93s WALL (    1421 calls)
     h_psi:calbec :     33.37s CPU     33.25s WALL (    1421 calls)
     calbec       :     33.37s CPU     33.24s WALL (    1421 calls)
     add_vuspsi   :     35.03s CPU     35.63s WALL (    1421 calls)
     alphapv      :     20.96s CPU     21.08s WALL (    1421 calls)
     build_hr     :      0.24s CPU      0.27s WALL (      11 calls)
     diagox       :      0.37s CPU      0.47s WALL (      11 calls)
     redistr_vr   :      0.01s CPU      0.06s WALL (      10 calls)
     update_vr    :      0.42s CPU      0.46s WALL (      10 calls)
     symm_hr      :      0.02s CPU      0.06s WALL (      10 calls)
     chidiago:las :      0.04s CPU      0.05s WALL (       2 calls)
     refresh_vr   :      0.06s CPU      0.07s WALL (       3 calls)
     pdep_db      :      0.20s CPU      0.68s WALL (       1 calls)
 
     WSTAT        :  6m19.33s CPU     6m44.13s WALL

 
   This run was terminated on:  16:42: 6   2Jun2017            

=------------------------------------------------------------------------------=
   JOB DONE.
=------------------------------------------------------------------------------=
