
     Program WSTAT v. 2.0.0 starts on  1Oct2019 at 11:59:56 

     This program is part of the open-source West suite
     for massively parallel calculations of excited states in materials; please cite
         "M. Govoni et al., J. Chem. Theory Comput. 11, 2680 (2015);
          URL http://www.west-code.org", 
     in publications or presentations arising from this work.

     Based on the Quantum ESPRESSO v. 6.1 svn rev. 13369
       
     --------------------------------------------------------------------------------------------
     **MPI** Parallelization Status                                      
     --------------------------------------------------------------------------------------------
                   160                  10             1             1            16
     --------------------------------------------------------------------------------------------
                     N         =         I      X      P      X      B      X      Z
                     ^                   ^             ^             ^             ^
                     |                   |             |             |             |
                   #rnk                  |             |             |             |
                                      #image           |             |             |
                                                     #pool           |             |
                                                                   #bgrp           |
                                                                                 #R&G
     --------------------------------------------------------------------------------------------
     #prc =          160
     --------------------------------------------------------------------------------------------
       
     --------------------------------------------------------------------------------------------
     I/O Summary : input_west                                            
     --------------------------------------------------------------------------------------------
     qe_prefix      = ch4
     west_prefix    = ch4
     outdir         = ./
     --------------------------------------------------------------------------------------------
       
     --------------------------------------------------------------------------------------------
     I/O Summary : wstat_control                                         
     --------------------------------------------------------------------------------------------
     wstat_calculation              =              S
     n_pdep_eigen                   =              5
     n_kin_pdep_eigen               =            400
     n_lindhard_eigen               =              0
     n_pdep_times                   =              4
     n_pdep_maxiter                 =            100
     n_dfpt_maxiter                 =            250
     n_pdep_read_from_file          =              0
     trev_pdep                      =   1.000000E-03
     trev_pdep_rel                  =   1.000000E-01
     tr2_dfpt                       =   1.000000E-12
     l_kinetic_only                 =              F
     l_minimize_exx_if_active       =              F
     l_use_ecutrho                  =              F
     l_pure_eigen                   =              F
     --------------------------------------------------------------------------------------------

     Reading data from directory:
     ./ch4.save

   Info: using nr1, nr2, nr3 values from input

   Info: using nr1, nr2, nr3 values from input

     IMPORTANT: XC functional enforced from input :
     Exchange-correlation      = PBE ( 1  4  3  4 0 0)
     Any further DFT definition will be discarded
     Please, verify this is what you really want

 
     Parallelization info
     --------------------
     sticks:   dense  smooth     PW     G-vecs:    dense   smooth      PW
     Min        1520    1520    379               178660   178660   22323
     Max        1522    1522    384               178666   178666   22328
     Sum       24345   24345   6093              2858633  2858633  357213
 
       
     --------------------------------------------------------------------------------------------
     System Overview                                                     
     --------------------------------------------------------------------------------------------
     gamma_only           =              T
     ecutwfc [Ry]         =      85.000000
     omega [au^3]         =   2.700000E+04
     glob. #G             =         178607
     nbnd                 =            100
     nkstot               =              1
     nspin                =              1
     nelec                =       8.000000
     npol                 =              1
     lsda                 =              F
     noncolin             =              F
     lspinorb             =              F
     domag                =              F
     --------------------------------------------------------------------------------------------

     sFFT G-space:  1429317 G-vectors     R-space: ( 180, 180, 180)
     dFFT G-space:  1429317 G-vectors     R-space: ( 180, 180, 180)

     Cell [a.u.]          =      30.000000      0.000000      0.000000
                          =       0.000000     30.000000      0.000000
                          =       0.000000      0.000000     30.000000
      
     number of ks points=     1
                       cart. coord. in units 2pi/alat
        k(    1) = (   0.0000000   0.0000000   0.0000000), wk =   2.0000000

                       cryst. coord.
        k(    1) = (   0.0000000   0.0000000   0.0000000), wk =   2.0000000
 
     Spherical div        =   1.654268E-01
     Orthorombic div      =   1.628502E-01
       
     --------------------------------------------------------------------------------------------
     Parallelization for nvecx                                           
     --------------------------------------------------------------------------------------------
     nglob                =             20
     nlevel               =             10
     Min nglob/nlevel     =              2
     Max nglob/nlevel     =              2
     --------------------------------------------------------------------------------------------

     [MEM] ----------------------------------------------------------
     [MEM] **Memory** analysis: QE
     [MEM] ----------------------------------------------------------
     [MEM] Allocated arrays           est. size (Mb)     dimensions
     [MEM] ----------------------------------------------------------
     [MEM] Kohn-Sham Wavefunctions      17.03 Mb     (  11164,  100)
     [MEM] NL pseudopotentials           2.73 Mb     (  11164,   16)
     [MEM] Each V/rho on FFT grid        5.93 Mb     ( 388800)
     [MEM] Each G-vector array           0.68 Mb     (  89333)
     [MEM] G-vector shells               0.05 Mb     (   6125)
     [MEM] ----------------------------------------------------------
     [MEM] TOT                          26.42 Mb
     [MEM] ----------------------------------------------------------
     [MEM] 
     [MEM] ----------------------------------------------------------
     [MEM] **Memory** analysis: WSTAT global
     [MEM] ----------------------------------------------------------
     [MEM] Allocated arrays           est. size (Mb)     dimensions
     [MEM] ----------------------------------------------------------
     [MEM] dvg                           0.34 Mb     (  11164,    2)
     [MEM] dng                           0.34 Mb     (  11164,    2)
     [MEM] hr_distr                      0.00 Mb     (     20,    2)
     [MEM] vr_distr                      0.00 Mb     (     20,    2)
     [MEM] ----------------------------------------------------------
     [MEM] TOT                           0.68 Mb
     [MEM] ----------------------------------------------------------
     [MEM] 
     [MEM] ----------------------------------------------------------
     [MEM] **Memory** analysis: WSTAT temporary
     [MEM] ----------------------------------------------------------
     [MEM] Allocated arrays           est. size (Mb)     dimensions
     [MEM] ----------------------------------------------------------
     [MEM] dvpsi                         0.68 Mb     (  11164,    4)
     [MEM] dpsi                          0.68 Mb     (  11164,    4)
     [MEM] ----------------------------------------------------------
     [MEM] Total estimate                1.36 Mb
     [MEM] ----------------------------------------------------------

                       *----------*              *----------*               *----------*
     #     Iteration = | starting |   DFPT_dim = |        5 |   Diago_dim = |        5 |  x 1/2
                       *----------*              *----------*               *----------*
     per-process dynamical memory   109.5 Mb
  
       
     --------------------------------------------------------------------------------------------
     Sternheimer eq. solver... with lite-solver                          
     --------------------------------------------------------------------------------------------
     in progress... |####################| 100% :               00.2s (E)               00.2s (X)
     --------------------------------------------------------------------------------------------

     [I/O] -------------------------------------------------------
     [I/O] RESTART written in < 00.1s             
     [I/O] In location   : ./ch4_5_400.wstat.restart
     [I/O] -------------------------------------------------------

                       *----------*              *----------*               *----------*
     #     Iteration = | starting |   DFPT_dim = |        5 |   Diago_dim = |        5 |  x 2/2
                       *----------*              *----------*               *----------*
     per-process dynamical memory   109.5 Mb
  
       
     --------------------------------------------------------------------------------------------
     Sternheimer eq. solver... with threshold =   1.000000E-06           
     --------------------------------------------------------------------------------------------
     in progress... |####################| 100% :               01.8s (E)               01.8s (X)
     --------------------------------------------------------------------------------------------
     p-DIAGOX done in < 00.1s with a SCALAPACK grid (2x2)
     --------------------------------------------------------------------------------------------
        
       -0.90915  -0.86084  -0.75093  -0.49293  -0.26730
        
     --------------------------------------------------------------------------------------------
     Tot. elapsed time 04.3s,  time spent in last iteration 04.3s
     --------------------------------------------------------------------------------------------

     [I/O] -------------------------------------------------------
     [I/O] RESTART written in < 00.1s             
     [I/O] In location   : ./ch4_5_400.wstat.restart
     [I/O] -------------------------------------------------------

                       *----------*              *----------*               *----------*
     #     Iteration = |        1 |   DFPT_dim = |        5 |   Diago_dim = |       10 |
                       *----------*              *----------*               *----------*
     per-process dynamical memory   111.8 Mb
  
       
     --------------------------------------------------------------------------------------------
     Sternheimer eq. solver... with threshold =   1.000000E-12           
     --------------------------------------------------------------------------------------------
     in progress... |####################| 100% :             < 00.1s (E)             < 00.1s (X)
     --------------------------------------------------------------------------------------------
     p-DIAGOX done in < 00.1s with a SCALAPACK grid (2x2)
     --------------------------------------------------------------------------------------------
        
       -1.75674  -0.95049  -0.93858  -0.92682  -0.56389
        
     --------------------------------------------------------------------------------------------
     Tot. elapsed time 09.7s,  time spent in last iteration 03.2s
     --------------------------------------------------------------------------------------------

     [I/O] -------------------------------------------------------
     [I/O] RESTART written in < 00.1s             
     [I/O] In location   : ./ch4_5_400.wstat.restart
     [I/O] -------------------------------------------------------

                       *----------*              *----------*               *----------*
     #     Iteration = |        2 |   DFPT_dim = |        5 |   Diago_dim = |       15 |
                       *----------*              *----------*               *----------*
     per-process dynamical memory   111.8 Mb
  
       
     --------------------------------------------------------------------------------------------
     Sternheimer eq. solver... with threshold =   1.000000E-12           
     --------------------------------------------------------------------------------------------
     in progress... |####################| 100% :               02.9s (E)               02.9s (X)
     --------------------------------------------------------------------------------------------
     p-DIAGOX done in < 00.1s with a SCALAPACK grid (2x2)
     --------------------------------------------------------------------------------------------
        
       -1.88837  -0.95333  -0.95236  -0.95131  -0.61645
        
     --------------------------------------------------------------------------------------------
     Tot. elapsed time 14.9s,  time spent in last iteration 03.1s
     --------------------------------------------------------------------------------------------

     [I/O] -------------------------------------------------------
     [I/O] RESTART written in < 00.1s             
     [I/O] In location   : ./ch4_5_400.wstat.restart
     [I/O] -------------------------------------------------------

                       *----------*              *----------*               *----------*
     #     Iteration = |        3 |   DFPT_dim = |        5 |   Diago_dim = |       20 |
                       *----------*              *----------*               *----------*
     per-process dynamical memory   111.8 Mb
  
       
     --------------------------------------------------------------------------------------------
     Sternheimer eq. solver... with threshold =   1.000000E-12           
     --------------------------------------------------------------------------------------------
     in progress... |####################| 100% :             < 00.1s (E)             < 00.1s (X)
     --------------------------------------------------------------------------------------------
     p-DIAGOX done in < 00.1s with a SCALAPACK grid (2x2)
     --------------------------------------------------------------------------------------------
        
       -1.88981  -0.95338  -0.95334  -0.95324  -0.62550
        
     --------------------------------------------------------------------------------------------
     Tot. elapsed time 22.2s,  time spent in last iteration 03.2s
     --------------------------------------------------------------------------------------------

       Refresh the basis set

     [I/O] -------------------------------------------------------
     [I/O] RESTART written in < 00.1s             
     [I/O] In location   : ./ch4_5_400.wstat.restart
     [I/O] -------------------------------------------------------

                       *----------*              *----------*               *----------*
     #     Iteration = |        4 |   DFPT_dim = |        3 |   Diago_dim = |        8 |
                       *----------*              *----------*               *----------*
     per-process dynamical memory   111.8 Mb
  
       
     --------------------------------------------------------------------------------------------
     Sternheimer eq. solver... with threshold =   1.000000E-12           
     --------------------------------------------------------------------------------------------
     in progress... |####################| 100% :             < 00.1s (E)             < 00.1s (X)
     --------------------------------------------------------------------------------------------
     p-DIAGOX done in < 00.1s with a SCALAPACK grid (2x2)
     --------------------------------------------------------------------------------------------
        
       -1.88982  -0.95338  -0.95338  -0.95337  -0.62588
        
     --------------------------------------------------------------------------------------------
     Tot. elapsed time 27.8s,  time spent in last iteration 03.1s
     --------------------------------------------------------------------------------------------
      
     --------------------------------------------------------------------------------------------
     Database written in 01.0s               
     In location : ./ch4_5_400.wstat.save
     --------------------------------------------------------------------------------------------
       
     --------------------------------------------------------------------------------------------
     Convergence achieved !!! in        4 steps                          
     --------------------------------------------------------------------------------------------
       
     --------------------------------------------------------------------------------------------
     ** Now compute kinetic eigenpotentials **                           
     --------------------------------------------------------------------------------------------
       
     --------------------------------------------------------------------------------------------
     Parallelization for newnvecx                                        
     --------------------------------------------------------------------------------------------
     nglob                =           1600
     nlevel               =             10
     Min nglob/nlevel     =            160
     Max nglob/nlevel     =            160
     --------------------------------------------------------------------------------------------
       
     --------------------------------------------------------------------------------------------
     Parallelization for merge_nvecx                                     
     --------------------------------------------------------------------------------------------
     nglob                =           1620
     nlevel               =             10
     Min nglob/nlevel     =            162
     Max nglob/nlevel     =            162
     --------------------------------------------------------------------------------------------

                       *----------*              *----------*               *----------*
     #     Iteration = | starting |   DFPT_dim = |      400 |   Diago_dim = |      400 |  x 1/2
                       *----------*              *----------*               *----------*
       
     --------------------------------------------------------------------------------------------
     Applying projection operator formed by dvg                          
     --------------------------------------------------------------------------------------------
     per-process dynamical memory   206.0 Mb
  
       
     --------------------------------------------------------------------------------------------
     Sternheimer eq. solver... with lite-solver                          
     --------------------------------------------------------------------------------------------
     in progress... |#                   | 005% :               00.4s (E)               08.5s (X)
     in progress... |##                  | 010% :               00.8s (E)               08.4s (X)
     in progress... |###                 | 015% :               01.2s (E)               08.4s (X)
     in progress... |####                | 020% :               01.6s (E)               08.4s (X)
     in progress... |#####               | 025% :               02.1s (E)               08.4s (X)
     in progress... |######              | 030% :               02.5s (E)               08.4s (X)
     in progress... |#######             | 035% :               02.9s (E)               08.4s (X)
     in progress... |########            | 040% :               03.3s (E)               08.4s (X)
     in progress... |#########           | 045% :               03.7s (E)               08.4s (X)
     in progress... |##########          | 050% :               04.2s (E)               08.4s (X)
     in progress... |###########         | 055% :               04.6s (E)               08.4s (X)
     in progress... |############        | 060% :               05.0s (E)               08.4s (X)
     in progress... |#############       | 065% :               05.4s (E)               08.4s (X)
     in progress... |##############      | 070% :               05.8s (E)               08.4s (X)
     in progress... |###############     | 075% :               06.3s (E)               08.4s (X)
     in progress... |################    | 080% :               06.7s (E)               08.4s (X)
     in progress... |#################   | 085% :               07.1s (E)               08.4s (X)
     in progress... |##################  | 090% :               07.5s (E)               08.4s (X)
     in progress... |################### | 095% :               08.0s (E)               08.4s (X)
     in progress... |####################| 100% :               08.4s (E)               08.4s (X)
       
     --------------------------------------------------------------------------------------------
     Applying projection operator formed by dvg                          
     --------------------------------------------------------------------------------------------
     --------------------------------------------------------------------------------------------

     [I/O] -------------------------------------------------------
     [I/O] RESTART written in < 00.1s             
     [I/O] In location   : ./ch4_5_400.wstat.restart
     [I/O] -------------------------------------------------------

                       *----------*              *----------*               *----------*
     #     Iteration = | starting |   DFPT_dim = |      400 |   Diago_dim = |      400 |  x 2/2
                       *----------*              *----------*               *----------*
       
     --------------------------------------------------------------------------------------------
     Applying projection operator formed by dvg                          
     --------------------------------------------------------------------------------------------
     per-process dynamical memory   206.0 Mb
  
       
     --------------------------------------------------------------------------------------------
     Sternheimer eq. solver... with threshold =   1.000000E-06           
     --------------------------------------------------------------------------------------------
     in progress... |#                   | 005% :               00.5s (E)               10.7s (X)
     in progress... |##                  | 010% :               01.0s (E)               10.6s (X)
     in progress... |###                 | 015% :               01.5s (E)               10.5s (X)
     in progress... |####                | 020% :               02.1s (E)               10.5s (X)
     in progress... |#####               | 025% :               02.6s (E)               10.5s (X)
     in progress... |######              | 030% :               03.1s (E)               10.5s (X)
     in progress... |#######             | 035% :               03.6s (E)               10.5s (X)
     in progress... |########            | 040% :               04.1s (E)               10.4s (X)
     in progress... |#########           | 045% :               04.7s (E)               10.4s (X)
     in progress... |##########          | 050% :               05.2s (E)               10.4s (X)
     in progress... |###########         | 055% :               05.7s (E)               10.4s (X)
     in progress... |############        | 060% :               06.2s (E)               10.4s (X)
     in progress... |#############       | 065% :               06.7s (E)               10.3s (X)
     in progress... |##############      | 070% :               07.2s (E)               10.3s (X)
     in progress... |###############     | 075% :               07.7s (E)               10.3s (X)
     in progress... |################    | 080% :               08.2s (E)               10.3s (X)
     in progress... |#################   | 085% :               08.7s (E)               10.3s (X)
     in progress... |##################  | 090% :               09.2s (E)               10.3s (X)
     in progress... |################### | 095% :               09.8s (E)               10.3s (X)
     in progress... |####################| 100% :               10.3s (E)               10.3s (X)
       
     --------------------------------------------------------------------------------------------
     Applying projection operator formed by dvg                          
     --------------------------------------------------------------------------------------------
     --------------------------------------------------------------------------------------------
     p-DIAGOX done in 00.8s with a SCALAPACK grid (12x12)
     --------------------------------------------------------------------------------------------
        
       -0.29337  -0.29013  -0.24557  -0.24397  -0.23463  -0.23408  -0.23074  -0.21981  -0.17589
       -0.17418  -0.16852  -0.14148  -0.13664  -0.13409  -0.13307  -0.11648  -0.11525  -0.11091
       -0.10661  -0.10489  -0.08532  -0.08516  -0.08232  -0.07499  -0.07373  -0.07251  -0.07090
       -0.06895  -0.06678  -0.06606  -0.06564  -0.06477  -0.05659  -0.05622  -0.05516  -0.05317
       -0.04934  -0.04773  -0.04765  -0.04646  -0.04576  -0.04525  -0.04465  -0.04175  -0.04132
       -0.04099  -0.04047  -0.04011  -0.03820  -0.03698  -0.03554  -0.03478  -0.03464  -0.03425
       -0.03386  -0.03366  -0.03136  -0.03110  -0.03086  -0.02926  -0.02860  -0.02841  -0.02832
       -0.02812  -0.02768  -0.02758  -0.02743  -0.02723  -0.02590  -0.02577  -0.02567  -0.02497
       -0.02262  -0.02238  -0.02231  -0.02213  -0.02208  -0.02182  -0.02175  -0.02149  -0.02114
       -0.02059  -0.02024  -0.01991  -0.01972  -0.01950  -0.01896  -0.01857  -0.01843  -0.01797
       -0.01795  -0.01776  -0.01737  -0.01727  -0.01717  -0.01699  -0.01652  -0.01609  -0.01599
       -0.01590  -0.01586  -0.01573  -0.01554  -0.01547  -0.01532  -0.01517  -0.01501  -0.01476
       -0.01409  -0.01404  -0.01393  -0.01389  -0.01387  -0.01350  -0.01345  -0.01338  -0.01280
       -0.01272  -0.01266  -0.01257  -0.01251  -0.01245  -0.01238  -0.01231  -0.01215  -0.01200
       -0.01185  -0.01171  -0.01151  -0.01133  -0.01095  -0.01084  -0.01073  -0.01051  -0.01046
       -0.01032  -0.01026  -0.01015  -0.01010  -0.00993  -0.00980  -0.00979  -0.00966  -0.00960
       -0.00955  -0.00943  -0.00940  -0.00933  -0.00923  -0.00917  -0.00903  -0.00902  -0.00882
       -0.00874  -0.00873  -0.00868  -0.00846  -0.00842  -0.00840  -0.00838  -0.00828  -0.00822
       -0.00811  -0.00802  -0.00800  -0.00787  -0.00785  -0.00771  -0.00764  -0.00755  -0.00744
       -0.00735  -0.00732  -0.00731  -0.00725  -0.00715  -0.00711  -0.00705  -0.00698  -0.00693
       -0.00687  -0.00683  -0.00676  -0.00671  -0.00659  -0.00656  -0.00652  -0.00645  -0.00640
       -0.00629  -0.00623  -0.00616  -0.00615  -0.00605  -0.00599  -0.00595  -0.00592  -0.00584
       -0.00576  -0.00571  -0.00569  -0.00563  -0.00561  -0.00555  -0.00551  -0.00549  -0.00541
       -0.00537  -0.00535  -0.00529  -0.00523  -0.00515  -0.00512  -0.00509  -0.00505  -0.00499
       -0.00493  -0.00491  -0.00485  -0.00481  -0.00478  -0.00476  -0.00471  -0.00470  -0.00466
       -0.00464  -0.00459  -0.00454  -0.00446  -0.00444  -0.00442  -0.00439  -0.00433  -0.00433
       -0.00427  -0.00423  -0.00422  -0.00418  -0.00415  -0.00411  -0.00409  -0.00408  -0.00401
       -0.00400  -0.00397  -0.00391  -0.00391  -0.00389  -0.00384  -0.00379  -0.00379  -0.00377
       -0.00371  -0.00369  -0.00368  -0.00361  -0.00359  -0.00354  -0.00352  -0.00348  -0.00346
       -0.00345  -0.00342  -0.00340  -0.00337  -0.00336  -0.00333  -0.00329  -0.00325  -0.00323
       -0.00319  -0.00316  -0.00313  -0.00310  -0.00307  -0.00306  -0.00303  -0.00302  -0.00299
       -0.00297  -0.00293  -0.00291  -0.00288  -0.00288  -0.00284  -0.00281  -0.00278  -0.00276
       -0.00273  -0.00272  -0.00271  -0.00267  -0.00265  -0.00263  -0.00260  -0.00259  -0.00256
       -0.00255  -0.00252  -0.00248  -0.00245  -0.00244  -0.00242  -0.00242  -0.00240  -0.00236
       -0.00235  -0.00232  -0.00231  -0.00229  -0.00225  -0.00225  -0.00223  -0.00221  -0.00218
       -0.00213  -0.00212  -0.00211  -0.00208  -0.00207  -0.00205  -0.00204  -0.00202  -0.00200
       -0.00199  -0.00196  -0.00193  -0.00191  -0.00191  -0.00189  -0.00188  -0.00187  -0.00185
       -0.00183  -0.00182  -0.00179  -0.00177  -0.00177  -0.00175  -0.00173  -0.00172  -0.00170
       -0.00169  -0.00165  -0.00164  -0.00163  -0.00161  -0.00157  -0.00156  -0.00155  -0.00154
       -0.00154  -0.00151  -0.00149  -0.00147  -0.00146  -0.00145  -0.00145  -0.00143  -0.00141
       -0.00140  -0.00137  -0.00136  -0.00135  -0.00133  -0.00132  -0.00130  -0.00127  -0.00125
       -0.00125  -0.00123  -0.00122  -0.00121  -0.00118  -0.00117  -0.00115  -0.00114  -0.00113
       -0.00112  -0.00111  -0.00110  -0.00109  -0.00107  -0.00106  -0.00105  -0.00104  -0.00102
       -0.00101  -0.00100  -0.00099  -0.00096  -0.00094  -0.00091  -0.00090  -0.00090  -0.00088
       -0.00087  -0.00085  -0.00081   0.03627
        
     --------------------------------------------------------------------------------------------
     Tot. elapsed time 30.0s,  time spent in last iteration 30.0s
     --------------------------------------------------------------------------------------------

     [I/O] -------------------------------------------------------
     [I/O] RESTART written in < 00.1s             
     [I/O] In location   : ./ch4_5_400.wstat.restart
     [I/O] -------------------------------------------------------

                       *----------*              *----------*               *----------*
     #     Iteration = |        1 |   DFPT_dim = |      400 |   Diago_dim = |      800 |
                       *----------*              *----------*               *----------*
       
     --------------------------------------------------------------------------------------------
     Applying projection operator formed by dvg                          
     --------------------------------------------------------------------------------------------
     per-process dynamical memory   190.7 Mb
  
       
     --------------------------------------------------------------------------------------------
     Sternheimer eq. solver... with threshold =   1.000000E-12           
     --------------------------------------------------------------------------------------------
     in progress... |#                   | 005% :               00.5s (E)               11.4s (X)
     in progress... |##                  | 010% :               01.1s (E)               11.3s (X)
     in progress... |###                 | 015% :               01.6s (E)               11.2s (X)
     in progress... |####                | 020% :               02.2s (E)               11.2s (X)
     in progress... |#####               | 025% :               02.8s (E)               11.2s (X)
     in progress... |######              | 030% :               03.3s (E)               11.2s (X)
     in progress... |#######             | 035% :               03.9s (E)               11.1s (X)
     in progress... |########            | 040% :               04.4s (E)               11.1s (X)
     in progress... |#########           | 045% :               05.0s (E)               11.2s (X)
     in progress... |##########          | 050% :               05.6s (E)               11.3s (X)
     in progress... |###########         | 055% :               06.2s (E)               11.2s (X)
     in progress... |############        | 060% :               06.7s (E)               11.2s (X)
     in progress... |#############       | 065% :               07.3s (E)               11.2s (X)
     in progress... |##############      | 070% :               07.8s (E)               11.2s (X)
     in progress... |###############     | 075% :               08.4s (E)               11.2s (X)
     in progress... |################    | 080% :               08.9s (E)               11.2s (X)
     in progress... |#################   | 085% :               09.5s (E)               11.2s (X)
     in progress... |##################  | 090% :               10.1s (E)               11.2s (X)
     in progress... |################### | 095% :               10.6s (E)               11.2s (X)
     in progress... |####################| 100% :               11.2s (E)               11.2s (X)
       
     --------------------------------------------------------------------------------------------
     Applying projection operator formed by dvg                          
     --------------------------------------------------------------------------------------------
     --------------------------------------------------------------------------------------------
     p-DIAGOX done in 00.4s with a SCALAPACK grid (12x12)
     --------------------------------------------------------------------------------------------
        
       -0.29354  -0.29016  -0.24565  -0.24400  -0.23807  -0.23423  -0.23112  -0.22825  -0.17596
       -0.17445  -0.16926  -0.14206  -0.13672  -0.13413  -0.13314  -0.11653  -0.11530  -0.11098
       -0.10664  -0.10494  -0.08538  -0.08533  -0.08238  -0.07512  -0.07381  -0.07265  -0.07096
       -0.06900  -0.06689  -0.06678  -0.06569  -0.06483  -0.05681  -0.05640  -0.05583  -0.05482
       -0.04951  -0.04783  -0.04773  -0.04670  -0.04613  -0.04543  -0.04506  -0.04189  -0.04157
       -0.04111  -0.04059  -0.04026  -0.03837  -0.03735  -0.03570  -0.03511  -0.03488  -0.03439
       -0.03402  -0.03391  -0.03323  -0.03138  -0.03128  -0.03109  -0.02885  -0.02871  -0.02851
       -0.02836  -0.02802  -0.02790  -0.02772  -0.02753  -0.02617  -0.02605  -0.02596  -0.02536
       -0.02291  -0.02272  -0.02267  -0.02252  -0.02242  -0.02223  -0.02212  -0.02195  -0.02160
       -0.02115  -0.02085  -0.02042  -0.02018  -0.01989  -0.01939  -0.01890  -0.01881  -0.01852
       -0.01828  -0.01822  -0.01785  -0.01776  -0.01753  -0.01749  -0.01711  -0.01650  -0.01642
       -0.01634  -0.01630  -0.01627  -0.01614  -0.01609  -0.01605  -0.01571  -0.01558  -0.01552
       -0.01469  -0.01463  -0.01459  -0.01457  -0.01454  -0.01420  -0.01407  -0.01403  -0.01374
       -0.01345  -0.01342  -0.01335  -0.01317  -0.01316  -0.01310  -0.01309  -0.01305  -0.01278
       -0.01268  -0.01265  -0.01261  -0.01197  -0.01172  -0.01168  -0.01163  -0.01134  -0.01128
       -0.01120  -0.01116  -0.01116  -0.01113  -0.01092  -0.01081  -0.01074  -0.01071  -0.01036
       -0.01028  -0.01024  -0.01022  -0.01021  -0.01019  -0.01015  -0.01010  -0.01006  -0.00978
       -0.00960  -0.00954  -0.00952  -0.00950  -0.00932  -0.00930  -0.00927  -0.00926  -0.00917
       -0.00915  -0.00915  -0.00911  -0.00905  -0.00894  -0.00892  -0.00890  -0.00848  -0.00847
       -0.00843  -0.00835  -0.00832  -0.00830  -0.00829  -0.00827  -0.00823  -0.00820  -0.00819
       -0.00798  -0.00797  -0.00794  -0.00778  -0.00774  -0.00773  -0.00772  -0.00771  -0.00769
       -0.00769  -0.00763  -0.00755  -0.00737  -0.00733  -0.00731  -0.00727  -0.00707  -0.00705
       -0.00702  -0.00701  -0.00699  -0.00687  -0.00685  -0.00683  -0.00664  -0.00660  -0.00659
       -0.00658  -0.00657  -0.00655  -0.00654  -0.00649  -0.00646  -0.00643  -0.00634  -0.00633
       -0.00629  -0.00615  -0.00614  -0.00612  -0.00600  -0.00599  -0.00598  -0.00597  -0.00596
       -0.00595  -0.00593  -0.00592  -0.00590  -0.00588  -0.00585  -0.00580  -0.00573  -0.00561
       -0.00560  -0.00559  -0.00554  -0.00552  -0.00549  -0.00548  -0.00547  -0.00545  -0.00540
       -0.00539  -0.00537  -0.00535  -0.00532  -0.00531  -0.00529  -0.00527  -0.00527  -0.00526
       -0.00521  -0.00521  -0.00517  -0.00514  -0.00513  -0.00511  -0.00506  -0.00505  -0.00504
       -0.00502  -0.00499  -0.00492  -0.00487  -0.00486  -0.00464  -0.00462  -0.00461  -0.00460
       -0.00459  -0.00458  -0.00458  -0.00457  -0.00456  -0.00454  -0.00453  -0.00452  -0.00451
       -0.00450  -0.00448  -0.00447  -0.00445  -0.00440  -0.00436  -0.00434  -0.00433  -0.00433
       -0.00431  -0.00426  -0.00423  -0.00422  -0.00418  -0.00417  -0.00415  -0.00411  -0.00409
       -0.00408  -0.00404  -0.00402  -0.00399  -0.00396  -0.00394  -0.00392  -0.00391  -0.00390
       -0.00389  -0.00386  -0.00386  -0.00384  -0.00382  -0.00380  -0.00379  -0.00376  -0.00373
       -0.00371  -0.00370  -0.00369  -0.00367  -0.00364  -0.00363  -0.00362  -0.00361  -0.00360
       -0.00358  -0.00357  -0.00356  -0.00352  -0.00351  -0.00348  -0.00348  -0.00346  -0.00345
       -0.00342  -0.00340  -0.00339  -0.00338  -0.00337  -0.00335  -0.00333  -0.00332  -0.00331
       -0.00329  -0.00328  -0.00327  -0.00325  -0.00322  -0.00321  -0.00319  -0.00316  -0.00316
       -0.00315  -0.00313  -0.00312  -0.00311  -0.00309  -0.00308  -0.00306  -0.00306  -0.00304
       -0.00303  -0.00302  -0.00301  -0.00299  -0.00297  -0.00296  -0.00295  -0.00295  -0.00294
       -0.00293  -0.00290  -0.00289  -0.00286  -0.00286  -0.00286  -0.00283  -0.00282  -0.00279
       -0.00279  -0.00278  -0.00275  -0.00275  -0.00273  -0.00273  -0.00271  -0.00270  -0.00269
       -0.00267  -0.00266  -0.00264  -0.00263  -0.00261  -0.00261  -0.00259  -0.00258  -0.00258
       -0.00255  -0.00253  -0.00253  -0.00252
        
     --------------------------------------------------------------------------------------------
     Tot. elapsed time 57.7s,  time spent in last iteration 22.8s
     --------------------------------------------------------------------------------------------

     [I/O] -------------------------------------------------------
     [I/O] RESTART written in < 00.1s             
     [I/O] In location   : ./ch4_5_400.wstat.restart
     [I/O] -------------------------------------------------------

                       *----------*              *----------*               *----------*
     #     Iteration = |        2 |   DFPT_dim = |      259 |   Diago_dim = |     1059 |
                       *----------*              *----------*               *----------*
       
     --------------------------------------------------------------------------------------------
     Applying projection operator formed by dvg                          
     --------------------------------------------------------------------------------------------
     per-process dynamical memory   188.2 Mb
  
       
     --------------------------------------------------------------------------------------------
     Sternheimer eq. solver... with threshold =   1.000000E-12           
     --------------------------------------------------------------------------------------------
     in progress... |#                   | 005% :               00.5s (E)               11.2s (X)
     in progress... |##                  | 010% :               00.8s (E)               08.3s (X)
     in progress... |###                 | 015% :               01.1s (E)               07.4s (X)
     in progress... |####                | 020% :               01.6s (E)               08.3s (X)
     in progress... |#####               | 025% :               01.9s (E)               07.8s (X)
     in progress... |######              | 030% :               02.2s (E)               07.4s (X)
     in progress... |#######             | 035% :               02.7s (E)               07.9s (X)
     in progress... |########            | 040% :               03.0s (E)               07.6s (X)
     in progress... |#########           | 045% :               03.3s (E)               07.4s (X)
     in progress... |##########          | 050% :               03.6s (E)               07.2s (X)
     in progress... |###########         | 055% :               04.1s (E)               07.6s (X)
     in progress... |############        | 060% :               04.4s (E)               07.4s (X)
     in progress... |#############       | 065% :               04.7s (E)               07.2s (X)
     in progress... |##############      | 070% :               05.2s (E)               07.5s (X)
     in progress... |###############     | 075% :               05.5s (E)               07.4s (X)
     in progress... |################    | 080% :               05.8s (E)               07.3s (X)
     in progress... |#################   | 085% :               06.4s (E)               07.5s (X)
     in progress... |##################  | 090% :               06.6s (E)               07.4s (X)
     in progress... |################### | 095% :               06.9s (E)               07.3s (X)
     in progress... |####################| 100% :               07.2s (E)               07.2s (X)
       
     --------------------------------------------------------------------------------------------
     Applying projection operator formed by dvg                          
     --------------------------------------------------------------------------------------------
     --------------------------------------------------------------------------------------------
     p-DIAGOX done in 00.5s with a SCALAPACK grid (12x12)
     --------------------------------------------------------------------------------------------
        
       -0.29354  -0.29016  -0.24565  -0.24400  -0.23807  -0.23423  -0.23112  -0.22825  -0.17596
       -0.17445  -0.16926  -0.14206  -0.13672  -0.13413  -0.13314  -0.11653  -0.11530  -0.11098
       -0.10664  -0.10494  -0.08538  -0.08533  -0.08238  -0.07512  -0.07381  -0.07265  -0.07096
       -0.06900  -0.06689  -0.06678  -0.06569  -0.06483  -0.05681  -0.05640  -0.05583  -0.05482
       -0.04951  -0.04783  -0.04773  -0.04670  -0.04613  -0.04543  -0.04506  -0.04189  -0.04157
       -0.04111  -0.04059  -0.04026  -0.03837  -0.03735  -0.03570  -0.03511  -0.03488  -0.03439
       -0.03402  -0.03391  -0.03323  -0.03139  -0.03128  -0.03109  -0.02885  -0.02871  -0.02851
       -0.02836  -0.02802  -0.02790  -0.02772  -0.02753  -0.02617  -0.02605  -0.02596  -0.02536
       -0.02291  -0.02272  -0.02267  -0.02252  -0.02242  -0.02223  -0.02212  -0.02195  -0.02160
       -0.02115  -0.02085  -0.02042  -0.02018  -0.01989  -0.01939  -0.01891  -0.01881  -0.01853
       -0.01828  -0.01822  -0.01785  -0.01776  -0.01753  -0.01749  -0.01711  -0.01650  -0.01642
       -0.01635  -0.01630  -0.01627  -0.01614  -0.01610  -0.01606  -0.01571  -0.01558  -0.01552
       -0.01469  -0.01463  -0.01460  -0.01457  -0.01455  -0.01420  -0.01408  -0.01403  -0.01374
       -0.01345  -0.01342  -0.01335  -0.01318  -0.01317  -0.01311  -0.01309  -0.01305  -0.01278
       -0.01268  -0.01265  -0.01262  -0.01197  -0.01172  -0.01169  -0.01163  -0.01135  -0.01129
       -0.01121  -0.01117  -0.01116  -0.01114  -0.01093  -0.01082  -0.01074  -0.01072  -0.01037
       -0.01029  -0.01025  -0.01023  -0.01021  -0.01020  -0.01016  -0.01011  -0.01007  -0.00979
       -0.00961  -0.00955  -0.00953  -0.00951  -0.00933  -0.00931  -0.00928  -0.00927  -0.00918
       -0.00917  -0.00916  -0.00913  -0.00907  -0.00896  -0.00894  -0.00892  -0.00850  -0.00849
       -0.00845  -0.00837  -0.00834  -0.00832  -0.00831  -0.00830  -0.00825  -0.00822  -0.00821
       -0.00800  -0.00799  -0.00796  -0.00781  -0.00777  -0.00776  -0.00774  -0.00773  -0.00772
       -0.00772  -0.00765  -0.00757  -0.00741  -0.00737  -0.00735  -0.00732  -0.00710  -0.00708
       -0.00706  -0.00705  -0.00703  -0.00690  -0.00689  -0.00686  -0.00667  -0.00664  -0.00663
       -0.00663  -0.00661  -0.00660  -0.00659  -0.00654  -0.00651  -0.00649  -0.00638  -0.00637
       -0.00634  -0.00620  -0.00618  -0.00618  -0.00606  -0.00604  -0.00604  -0.00603  -0.00603
       -0.00603  -0.00600  -0.00599  -0.00596  -0.00595  -0.00592  -0.00588  -0.00579  -0.00567
       -0.00566  -0.00565  -0.00561  -0.00557  -0.00556  -0.00555  -0.00555  -0.00552  -0.00547
       -0.00546  -0.00544  -0.00543  -0.00539  -0.00538  -0.00538  -0.00536  -0.00534  -0.00534
       -0.00531  -0.00529  -0.00526  -0.00524  -0.00523  -0.00522  -0.00513  -0.00513  -0.00512
       -0.00512  -0.00511  -0.00501  -0.00500  -0.00498  -0.00471  -0.00471  -0.00470  -0.00470
       -0.00469  -0.00469  -0.00468  -0.00467  -0.00465  -0.00464  -0.00464  -0.00463  -0.00462
       -0.00462  -0.00460  -0.00460  -0.00458  -0.00453  -0.00451  -0.00450  -0.00449  -0.00449
       -0.00444  -0.00440  -0.00436  -0.00435  -0.00434  -0.00432  -0.00431  -0.00425  -0.00424
       -0.00424  -0.00416  -0.00416  -0.00415  -0.00407  -0.00406  -0.00406  -0.00406  -0.00405
       -0.00405  -0.00405  -0.00405  -0.00401  -0.00400  -0.00399  -0.00398  -0.00393  -0.00392
       -0.00391  -0.00387  -0.00386  -0.00386  -0.00383  -0.00382  -0.00382  -0.00381  -0.00374
       -0.00374  -0.00373  -0.00372  -0.00371  -0.00371  -0.00370  -0.00370  -0.00367  -0.00365
       -0.00365  -0.00364  -0.00363  -0.00362  -0.00362  -0.00361  -0.00361  -0.00358  -0.00354
       -0.00354  -0.00353  -0.00348  -0.00348  -0.00348  -0.00344  -0.00342  -0.00340  -0.00337
       -0.00336  -0.00335  -0.00333  -0.00332  -0.00331  -0.00331  -0.00329  -0.00329  -0.00328
       -0.00327  -0.00325  -0.00323  -0.00322  -0.00322  -0.00321  -0.00321  -0.00321  -0.00321
       -0.00320  -0.00319  -0.00318  -0.00318  -0.00315  -0.00314  -0.00312  -0.00311  -0.00311
       -0.00305  -0.00305  -0.00304  -0.00302  -0.00301  -0.00301  -0.00300  -0.00300  -0.00300
       -0.00299  -0.00298  -0.00289  -0.00288  -0.00288  -0.00287  -0.00287  -0.00286  -0.00285
       -0.00284  -0.00283  -0.00281  -0.00280
        
     --------------------------------------------------------------------------------------------
     Tot. elapsed time 01m-21.0s,  time spent in last iteration 19.0s
     --------------------------------------------------------------------------------------------

     [I/O] -------------------------------------------------------
     [I/O] RESTART written in < 00.1s             
     [I/O] In location   : ./ch4_5_400.wstat.restart
     [I/O] -------------------------------------------------------

                       *----------*              *----------*               *----------*
     #     Iteration = |        3 |   DFPT_dim = |       25 |   Diago_dim = |     1084 |
                       *----------*              *----------*               *----------*
       
     --------------------------------------------------------------------------------------------
     Applying projection operator formed by dvg                          
     --------------------------------------------------------------------------------------------
     per-process dynamical memory   183.7 Mb
  
       
     --------------------------------------------------------------------------------------------
     Sternheimer eq. solver... with threshold =   1.000000E-12           
     --------------------------------------------------------------------------------------------
     in progress... |######              | 030% :               00.2s (E)               00.9s (X)
     in progress... |#############       | 065% :               00.5s (E)               00.8s (X)
     in progress... |####################| 100% :               00.8s (E)               00.8s (X)
       
     --------------------------------------------------------------------------------------------
     Applying projection operator formed by dvg                          
     --------------------------------------------------------------------------------------------
     --------------------------------------------------------------------------------------------
     p-DIAGOX done in 00.5s with a SCALAPACK grid (12x12)
     --------------------------------------------------------------------------------------------
        
       -0.29354  -0.29016  -0.24565  -0.24400  -0.23807  -0.23423  -0.23112  -0.22825  -0.17596
       -0.17445  -0.16926  -0.14206  -0.13672  -0.13413  -0.13314  -0.11653  -0.11530  -0.11098
       -0.10664  -0.10494  -0.08538  -0.08533  -0.08238  -0.07512  -0.07381  -0.07265  -0.07096
       -0.06900  -0.06689  -0.06678  -0.06569  -0.06483  -0.05681  -0.05640  -0.05583  -0.05482
       -0.04951  -0.04783  -0.04773  -0.04670  -0.04613  -0.04543  -0.04506  -0.04189  -0.04157
       -0.04111  -0.04059  -0.04026  -0.03837  -0.03735  -0.03570  -0.03511  -0.03488  -0.03439
       -0.03402  -0.03391  -0.03323  -0.03139  -0.03128  -0.03109  -0.02885  -0.02871  -0.02851
       -0.02836  -0.02802  -0.02790  -0.02772  -0.02753  -0.02617  -0.02605  -0.02596  -0.02536
       -0.02291  -0.02272  -0.02267  -0.02252  -0.02242  -0.02223  -0.02212  -0.02195  -0.02160
       -0.02115  -0.02085  -0.02042  -0.02018  -0.01989  -0.01939  -0.01891  -0.01881  -0.01853
       -0.01828  -0.01822  -0.01785  -0.01776  -0.01753  -0.01749  -0.01711  -0.01650  -0.01642
       -0.01635  -0.01630  -0.01627  -0.01614  -0.01610  -0.01606  -0.01571  -0.01558  -0.01552
       -0.01469  -0.01463  -0.01460  -0.01457  -0.01455  -0.01420  -0.01408  -0.01403  -0.01374
       -0.01345  -0.01342  -0.01335  -0.01318  -0.01317  -0.01311  -0.01309  -0.01305  -0.01278
       -0.01268  -0.01265  -0.01262  -0.01197  -0.01172  -0.01169  -0.01163  -0.01135  -0.01129
       -0.01121  -0.01117  -0.01116  -0.01114  -0.01093  -0.01082  -0.01074  -0.01072  -0.01037
       -0.01029  -0.01025  -0.01023  -0.01021  -0.01020  -0.01016  -0.01011  -0.01007  -0.00979
       -0.00961  -0.00955  -0.00953  -0.00951  -0.00933  -0.00931  -0.00928  -0.00927  -0.00918
       -0.00917  -0.00916  -0.00913  -0.00907  -0.00896  -0.00894  -0.00892  -0.00850  -0.00849
       -0.00845  -0.00837  -0.00834  -0.00832  -0.00831  -0.00830  -0.00825  -0.00822  -0.00821
       -0.00800  -0.00799  -0.00796  -0.00781  -0.00777  -0.00776  -0.00774  -0.00773  -0.00772
       -0.00772  -0.00765  -0.00757  -0.00741  -0.00737  -0.00735  -0.00732  -0.00710  -0.00708
       -0.00706  -0.00705  -0.00703  -0.00690  -0.00689  -0.00686  -0.00667  -0.00664  -0.00663
       -0.00663  -0.00661  -0.00660  -0.00659  -0.00654  -0.00651  -0.00649  -0.00638  -0.00637
       -0.00634  -0.00620  -0.00619  -0.00618  -0.00606  -0.00604  -0.00604  -0.00603  -0.00603
       -0.00603  -0.00600  -0.00599  -0.00596  -0.00595  -0.00592  -0.00588  -0.00579  -0.00567
       -0.00566  -0.00565  -0.00561  -0.00557  -0.00556  -0.00555  -0.00555  -0.00552  -0.00547
       -0.00546  -0.00544  -0.00543  -0.00539  -0.00538  -0.00538  -0.00536  -0.00534  -0.00534
       -0.00531  -0.00529  -0.00526  -0.00524  -0.00524  -0.00522  -0.00513  -0.00513  -0.00512
       -0.00512  -0.00511  -0.00501  -0.00501  -0.00498  -0.00471  -0.00471  -0.00470  -0.00470
       -0.00469  -0.00469  -0.00468  -0.00467  -0.00465  -0.00465  -0.00464  -0.00463  -0.00462
       -0.00462  -0.00460  -0.00460  -0.00458  -0.00453  -0.00452  -0.00450  -0.00449  -0.00449
       -0.00444  -0.00440  -0.00436  -0.00435  -0.00434  -0.00432  -0.00431  -0.00425  -0.00424
       -0.00424  -0.00416  -0.00416  -0.00415  -0.00407  -0.00406  -0.00406  -0.00406  -0.00405
       -0.00405  -0.00405  -0.00405  -0.00401  -0.00401  -0.00399  -0.00398  -0.00393  -0.00392
       -0.00392  -0.00387  -0.00386  -0.00386  -0.00383  -0.00382  -0.00382  -0.00381  -0.00374
       -0.00374  -0.00373  -0.00372  -0.00371  -0.00371  -0.00371  -0.00370  -0.00367  -0.00365
       -0.00365  -0.00364  -0.00363  -0.00362  -0.00362  -0.00362  -0.00361  -0.00358  -0.00354
       -0.00354  -0.00354  -0.00349  -0.00348  -0.00348  -0.00345  -0.00342  -0.00340  -0.00337
       -0.00337  -0.00336  -0.00333  -0.00332  -0.00331  -0.00331  -0.00330  -0.00329  -0.00328
       -0.00327  -0.00326  -0.00323  -0.00322  -0.00322  -0.00322  -0.00322  -0.00321  -0.00321
       -0.00321  -0.00320  -0.00320  -0.00320  -0.00316  -0.00316  -0.00314  -0.00314  -0.00313
       -0.00306  -0.00306  -0.00305  -0.00304  -0.00303  -0.00303  -0.00303  -0.00302  -0.00302
       -0.00302  -0.00302  -0.00291  -0.00290  -0.00290  -0.00290  -0.00289  -0.00289  -0.00289
       -0.00288  -0.00286  -0.00284  -0.00283
        
     --------------------------------------------------------------------------------------------
     Tot. elapsed time 01m-31.3s,  time spent in last iteration 06.2s
     --------------------------------------------------------------------------------------------
       
     --------------------------------------------------------------------------------------------
     Convergence achieved !!! in        3 steps                          
     --------------------------------------------------------------------------------------------
      
     --------------------------------------------------------------------------------------------
     Database written in < 00.1s             
     In location : ./ch4_5_400.wstat.save
     --------------------------------------------------------------------------------------------
 
     WSTAT        :  1m58.87s CPU     3m35.72s WALL

     wstat_readin :      6.05s CPU     45.75s WALL (       1 calls)
     fetch_nml    :      0.00s CPU      0.00s WALL (       1 calls)
     read_xml     :      1.45s CPU      1.54s WALL (       1 calls)
     init_vloc    :      0.11s CPU      0.11s WALL (       2 calls)
     fft          :      0.33s CPU      0.36s WALL (      11 calls)
     fft_scatter  :      6.99s CPU      7.64s WALL (    1747 calls)
     v_of_rho     :      0.36s CPU      0.39s WALL (       1 calls)
     v_xc         :      0.32s CPU      0.35s WALL (       1 calls)
     v_h          :      0.04s CPU      0.04s WALL (       1 calls)
     read_wave    :      4.59s CPU     43.38s WALL (       1 calls)
     davcio       :      0.00s CPU      0.71s WALL (       2 calls)
     init_us_1    :      0.50s CPU      0.51s WALL (       2 calls)
     do_setup     :      0.63s CPU      0.85s WALL (       1 calls)
     init_pw_ar   :      0.62s CPU      0.84s WALL (       1 calls)
     init_at_1    :      0.00s CPU      0.00s WALL (       1 calls)
     storesqvc    :      0.01s CPU      0.01s WALL (       1 calls)
     chidiago     :     18.24s CPU     28.97s WALL (       1 calls)
     randomize    :      0.94s CPU      0.96s WALL (       2 calls)
     paramgs      :     11.22s CPU     11.33s WALL (      12 calls)
     dfpt         :     55.09s CPU     56.44s WALL (      11 calls)
     init_us_2    :      0.04s CPU      0.05s WALL (      11 calls)
     fftw         :     24.47s CPU     25.27s WALL (    1736 calls)
     alphapc      :      0.25s CPU      0.26s WALL (     152 calls)
     wstat_restar :      7.82s CPU     29.82s WALL (       9 calls)
     linstern     :     11.34s CPU     11.53s WALL (     111 calls)
     stern        :      6.59s CPU      6.74s WALL (    2274 calls)
     h_psi_bgrp   :      4.10s CPU      4.22s WALL (      61 calls)
     h_psi        :      4.10s CPU      4.22s WALL (      61 calls)
     h_psi:pot    :      4.09s CPU      4.21s WALL (      61 calls)
     vloc_psi     :      3.90s CPU      4.01s WALL (      61 calls)
     h_psi:calbec :      0.14s CPU      0.14s WALL (      61 calls)
     calbec       :      0.14s CPU      0.14s WALL (      61 calls)
     add_vuspsi   :      0.05s CPU      0.05s WALL (      61 calls)
     alphapv      :      1.57s CPU      1.59s WALL (    2274 calls)
     build_hr     :      5.71s CPU      6.24s WALL (       9 calls)
     diagox       :      2.33s CPU      2.44s WALL (       9 calls)
     redistr_vr   :      0.23s CPU      0.26s WALL (       7 calls)
     update_vr    :     10.74s CPU     11.55s WALL (       7 calls)
     symm_hr      :      0.24s CPU      0.26s WALL (       7 calls)
     chidiago:las :      0.03s CPU      0.04s WALL (       2 calls)
     refresh_vr   :      4.59s CPU      4.79s WALL (       4 calls)
     pdep_db      :      0.27s CPU      1.01s WALL (       1 calls)
     kinchidiago  :     93.93s CPU    140.13s WALL (       1 calls)
     k_psi        :      0.31s CPU      0.32s WALL (    2213 calls)
     kinchidiago: :      0.00s CPU      0.00s WALL (       1 calls)
     pdep_db_for_ :     10.64s CPU     41.18s WALL (       1 calls)
 
     WSTAT        :  1m58.87s CPU     3m35.72s WALL

 
   This run was terminated on:  12: 3:32   1Oct2019            

=------------------------------------------------------------------------------=
   JOB DONE.
=------------------------------------------------------------------------------=
