
     Program WSTAT v. 2.0.0 starts on 27Sep2019 at 15:55: 9 

     This program is part of the open-source West suite
     for massively parallel calculations of excited states in materials; please cite
         "M. Govoni et al., J. Chem. Theory Comput. 11, 2680 (2015);
          URL http://www.west-code.org", 
     in publications or presentations arising from this work.

     Based on the Quantum ESPRESSO v. 6.1 svn rev. 13369
       
     --------------------------------------------------------------------------------------------
     **MPI** Parallelization Status                                      
     --------------------------------------------------------------------------------------------
                   160                  10             1             1            16
     --------------------------------------------------------------------------------------------
                     N         =         I      X      P      X      B      X      Z
                     ^                   ^             ^             ^             ^
                     |                   |             |             |             |
                   #rnk                  |             |             |             |
                                      #image           |             |             |
                                                     #pool           |             |
                                                                   #bgrp           |
                                                                                 #R&G
     --------------------------------------------------------------------------------------------
     #prc =          160
     --------------------------------------------------------------------------------------------
       
     --------------------------------------------------------------------------------------------
     I/O Summary : input_west                                            
     --------------------------------------------------------------------------------------------
     qe_prefix      = ch4
     west_prefix    = ch4
     outdir         = ./
     --------------------------------------------------------------------------------------------
       
     --------------------------------------------------------------------------------------------
     I/O Summary : wstat_control                                         
     --------------------------------------------------------------------------------------------
     wstat_calculation              =              S
     n_pdep_eigen                   =             20
     n_kin_pdep_eigen               =              0
     n_lindhard_eigen               =              0
     n_pdep_times                   =              4
     n_pdep_maxiter                 =            100
     n_dfpt_maxiter                 =            250
     n_pdep_read_from_file          =              0
     trev_pdep                      =   1.000000E-03
     trev_pdep_rel                  =   1.000000E-01
     tr2_dfpt                       =   1.000000E-12
     l_kinetic_only                 =              F
     l_minimize_exx_if_active       =              F
     l_use_ecutrho                  =              F
     l_pure_eigen                   =              F
     --------------------------------------------------------------------------------------------

     Reading data from directory:
     ./ch4.save

   Info: using nr1, nr2, nr3 values from input

   Info: using nr1, nr2, nr3 values from input

     IMPORTANT: XC functional enforced from input :
     Exchange-correlation      = PBE ( 1  4  3  4 0 0)
     Any further DFT definition will be discarded
     Please, verify this is what you really want

 
     Parallelization info
     --------------------
     sticks:   dense  smooth     PW     G-vecs:    dense   smooth      PW
     Min        1520    1520    379               178660   178660   22323
     Max        1522    1522    384               178666   178666   22328
     Sum       24345   24345   6093              2858633  2858633  357213
 
       
     --------------------------------------------------------------------------------------------
     System Overview                                                     
     --------------------------------------------------------------------------------------------
     gamma_only           =              T
     ecutwfc [Ry]         =      85.000000
     omega [au^3]         =   2.700000E+04
     glob. #G             =         178607
     nbnd                 =            100
     nkstot               =              1
     nspin                =              1
     nelec                =       8.000000
     npol                 =              1
     lsda                 =              F
     noncolin             =              F
     lspinorb             =              F
     domag                =              F
     --------------------------------------------------------------------------------------------

     sFFT G-space:  1429317 G-vectors     R-space: ( 180, 180, 180)
     dFFT G-space:  1429317 G-vectors     R-space: ( 180, 180, 180)

     Cell [a.u.]          =      30.000000      0.000000      0.000000
                          =       0.000000     30.000000      0.000000
                          =       0.000000      0.000000     30.000000
      
     number of ks points=     1
                       cart. coord. in units 2pi/alat
        k(    1) = (   0.0000000   0.0000000   0.0000000), wk =   2.0000000

                       cryst. coord.
        k(    1) = (   0.0000000   0.0000000   0.0000000), wk =   2.0000000
 
     Spherical div        =   1.654268E-01
     Orthorombic div      =   1.628502E-01
       
     --------------------------------------------------------------------------------------------
     Parallelization for nvecx                                           
     --------------------------------------------------------------------------------------------
     nglob                =             80
     nlevel               =             10
     Min nglob/nlevel     =              8
     Max nglob/nlevel     =              8
     --------------------------------------------------------------------------------------------

     [MEM] ----------------------------------------------------------
     [MEM] **Memory** analysis: QE
     [MEM] ----------------------------------------------------------
     [MEM] Allocated arrays           est. size (Mb)     dimensions
     [MEM] ----------------------------------------------------------
     [MEM] Kohn-Sham Wavefunctions      17.03 Mb     (  11164,  100)
     [MEM] NL pseudopotentials           2.73 Mb     (  11164,   16)
     [MEM] Each V/rho on FFT grid        5.93 Mb     ( 388800)
     [MEM] Each G-vector array           0.68 Mb     (  89333)
     [MEM] G-vector shells               0.05 Mb     (   6125)
     [MEM] ----------------------------------------------------------
     [MEM] TOT                          26.42 Mb
     [MEM] ----------------------------------------------------------
     [MEM] 
     [MEM] ----------------------------------------------------------
     [MEM] **Memory** analysis: WSTAT global
     [MEM] ----------------------------------------------------------
     [MEM] Allocated arrays           est. size (Mb)     dimensions
     [MEM] ----------------------------------------------------------
     [MEM] dvg                           1.36 Mb     (  11164,    8)
     [MEM] dng                           1.36 Mb     (  11164,    8)
     [MEM] hr_distr                      0.00 Mb     (     80,    8)
     [MEM] vr_distr                      0.00 Mb     (     80,    8)
     [MEM] ----------------------------------------------------------
     [MEM] TOT                           2.74 Mb
     [MEM] ----------------------------------------------------------
     [MEM] 
     [MEM] ----------------------------------------------------------
     [MEM] **Memory** analysis: WSTAT temporary
     [MEM] ----------------------------------------------------------
     [MEM] Allocated arrays           est. size (Mb)     dimensions
     [MEM] ----------------------------------------------------------
     [MEM] dvpsi                         0.68 Mb     (  11164,    4)
     [MEM] dpsi                          0.68 Mb     (  11164,    4)
     [MEM] ----------------------------------------------------------
     [MEM] Total estimate                1.36 Mb
     [MEM] ----------------------------------------------------------

                       *----------*              *----------*               *----------*
     #     Iteration = | starting |   DFPT_dim = |       20 |   Diago_dim = |       20 |  x 1/2
                       *----------*              *----------*               *----------*
     per-process dynamical memory   108.8 Mb
  
       
     --------------------------------------------------------------------------------------------
     Sternheimer eq. solver... with lite-solver                          
     --------------------------------------------------------------------------------------------
     in progress... |##########          | 050% :               00.2s (E)               00.4s (X)
     in progress... |####################| 100% :               00.4s (E)               00.4s (X)
     --------------------------------------------------------------------------------------------

     [I/O] -------------------------------------------------------
     [I/O] RESTART written in < 00.1s             
     [I/O] In location   : ./ch4_20.wstat.restart
     [I/O] -------------------------------------------------------

                       *----------*              *----------*               *----------*
     #     Iteration = | starting |   DFPT_dim = |       20 |   Diago_dim = |       20 |  x 2/2
                       *----------*              *----------*               *----------*
     per-process dynamical memory   108.8 Mb
  
       
     --------------------------------------------------------------------------------------------
     Sternheimer eq. solver... with threshold =   1.000000E-06           
     --------------------------------------------------------------------------------------------
     in progress... |##########          | 050% :               01.7s (E)               03.5s (X)
     in progress... |####################| 100% :               03.5s (E)               03.5s (X)
     --------------------------------------------------------------------------------------------
     p-DIAGOX done in < 00.1s with a SCALAPACK grid (2x2)
     --------------------------------------------------------------------------------------------
        
       -1.33771  -0.93952  -0.93080  -0.91900  -0.53229  -0.50264  -0.47771  -0.34593  -0.33187
       -0.32123  -0.31584  -0.28457  -0.25392  -0.20881  -0.18773  -0.15686  -0.14333  -0.09701
       -0.09515  -0.04968
        
     --------------------------------------------------------------------------------------------
     Tot. elapsed time 08.0s,  time spent in last iteration 08.0s
     --------------------------------------------------------------------------------------------

     [I/O] -------------------------------------------------------
     [I/O] RESTART written in < 00.1s             
     [I/O] In location   : ./ch4_20.wstat.restart
     [I/O] -------------------------------------------------------

                       *----------*              *----------*               *----------*
     #     Iteration = |        1 |   DFPT_dim = |       20 |   Diago_dim = |       40 |
                       *----------*              *----------*               *----------*
     per-process dynamical memory   108.8 Mb
  
       
     --------------------------------------------------------------------------------------------
     Sternheimer eq. solver... with threshold =   1.000000E-12           
     --------------------------------------------------------------------------------------------
     in progress... |##########          | 050% :               02.8s (E)               05.7s (X)
     in progress... |####################| 100% :               05.7s (E)               05.7s (X)
     --------------------------------------------------------------------------------------------
     p-DIAGOX done in < 00.1s with a SCALAPACK grid (2x2)
     --------------------------------------------------------------------------------------------
        
       -1.88871  -0.95334  -0.95331  -0.95315  -0.62523  -0.62418  -0.62379  -0.43109  -0.40003
       -0.39964  -0.39775  -0.39560  -0.38915  -0.27188  -0.27078  -0.26524  -0.22013  -0.20698
       -0.19477  -0.18021
        
     --------------------------------------------------------------------------------------------
     Tot. elapsed time 17.8s,  time spent in last iteration 06.0s
     --------------------------------------------------------------------------------------------

     [I/O] -------------------------------------------------------
     [I/O] RESTART written in < 00.1s             
     [I/O] In location   : ./ch4_20.wstat.restart
     [I/O] -------------------------------------------------------

                       *----------*              *----------*               *----------*
     #     Iteration = |        2 |   DFPT_dim = |       20 |   Diago_dim = |       60 |
                       *----------*              *----------*               *----------*
     per-process dynamical memory   108.8 Mb
  
       
     --------------------------------------------------------------------------------------------
     Sternheimer eq. solver... with threshold =   1.000000E-12           
     --------------------------------------------------------------------------------------------
     in progress... |##########          | 050% :               02.8s (E)               05.6s (X)
     in progress... |####################| 100% :               05.5s (E)               05.5s (X)
     --------------------------------------------------------------------------------------------
     p-DIAGOX done in < 00.1s with a SCALAPACK grid (2x2)
     --------------------------------------------------------------------------------------------
        
       -1.88982  -0.95338  -0.95338  -0.95338  -0.62594  -0.62594  -0.62594  -0.44590  -0.40093
       -0.40093  -0.40090  -0.40009  -0.40007  -0.27582  -0.27579  -0.27575  -0.22421  -0.22401
       -0.22242  -0.21267
        
     --------------------------------------------------------------------------------------------
     Tot. elapsed time 31.4s,  time spent in last iteration 06.0s
     --------------------------------------------------------------------------------------------

     [I/O] -------------------------------------------------------
     [I/O] RESTART written in < 00.1s             
     [I/O] In location   : ./ch4_20.wstat.restart
     [I/O] -------------------------------------------------------

                       *----------*              *----------*               *----------*
     #     Iteration = |        3 |   DFPT_dim = |       15 |   Diago_dim = |       75 |
                       *----------*              *----------*               *----------*
     per-process dynamical memory   108.8 Mb
  
       
     --------------------------------------------------------------------------------------------
     Sternheimer eq. solver... with threshold =   1.000000E-12           
     --------------------------------------------------------------------------------------------
     in progress... |##########          | 050% :               02.7s (E)               05.4s (X)
     in progress... |####################| 100% :               05.4s (E)               05.4s (X)
     --------------------------------------------------------------------------------------------
     p-DIAGOX done in < 00.1s with a SCALAPACK grid (2x2)
     --------------------------------------------------------------------------------------------
        
       -1.88982  -0.95338  -0.95338  -0.95338  -0.62594  -0.62594  -0.62594  -0.44597  -0.40094
       -0.40094  -0.40094  -0.40011  -0.40011  -0.27589  -0.27589  -0.27589  -0.22430  -0.22430
       -0.22428  -0.21302
        
     --------------------------------------------------------------------------------------------
     Tot. elapsed time 49.5s,  time spent in last iteration 05.9s
     --------------------------------------------------------------------------------------------

     [I/O] -------------------------------------------------------
     [I/O] RESTART written in < 00.1s             
     [I/O] In location   : ./ch4_20.wstat.restart
     [I/O] -------------------------------------------------------

                       *----------*              *----------*               *----------*
     #     Iteration = |        4 |   DFPT_dim = |        1 |   Diago_dim = |       76 |
                       *----------*              *----------*               *----------*
     per-process dynamical memory   108.8 Mb
  
       
     --------------------------------------------------------------------------------------------
     Sternheimer eq. solver... with threshold =   1.000000E-12           
     --------------------------------------------------------------------------------------------
     in progress... |####################| 100% :             < 00.1s (E)             < 00.1s (X)
     --------------------------------------------------------------------------------------------
     p-DIAGOX done in < 00.1s with a SCALAPACK grid (2x2)
     --------------------------------------------------------------------------------------------
        
       -1.88982  -0.95338  -0.95338  -0.95338  -0.62594  -0.62594  -0.62594  -0.44597  -0.40094
       -0.40094  -0.40094  -0.40011  -0.40011  -0.27589  -0.27589  -0.27589  -0.22430  -0.22430
       -0.22430  -0.21302
        
     --------------------------------------------------------------------------------------------
     Tot. elapsed time 01m-08.9s,  time spent in last iteration 03.0s
     --------------------------------------------------------------------------------------------
      
     --------------------------------------------------------------------------------------------
     Database written in 02.7s               
     In location : ./ch4_20.wstat.save
     --------------------------------------------------------------------------------------------
       
     --------------------------------------------------------------------------------------------
     Convergence achieved !!! in        4 steps                          
     --------------------------------------------------------------------------------------------
 
     WSTAT        :  0m44.34s CPU     1m51.92s WALL

     wstat_readin :      6.22s CPU     39.55s WALL (       1 calls)
     fetch_nml    :      0.00s CPU      0.00s WALL (       1 calls)
     read_xml     :      1.36s CPU      1.56s WALL (       1 calls)
     init_vloc    :      0.11s CPU      0.11s WALL (       2 calls)
     fft          :      0.33s CPU      0.36s WALL (      11 calls)
     fft_scatter  :      3.47s CPU      3.53s WALL (    1061 calls)
     v_of_rho     :      0.35s CPU      0.37s WALL (       1 calls)
     v_xc         :      0.31s CPU      0.33s WALL (       1 calls)
     v_h          :      0.04s CPU      0.04s WALL (       1 calls)
     read_wave    :      4.85s CPU     37.97s WALL (       1 calls)
     davcio       :      0.00s CPU      0.08s WALL (       2 calls)
     init_us_1    :      0.01s CPU      0.02s WALL (       2 calls)
     do_setup     :      0.18s CPU      0.19s WALL (       1 calls)
     init_pw_ar   :      0.18s CPU      0.19s WALL (       1 calls)
     init_at_1    :      0.00s CPU      0.00s WALL (       1 calls)
     storesqvc    :      0.01s CPU      0.01s WALL (       1 calls)
     chidiago     :     37.93s CPU     72.16s WALL (       1 calls)
     randomize    :      0.05s CPU      0.06s WALL (       1 calls)
     paramgs      :      0.29s CPU      0.30s WALL (       6 calls)
     dfpt         :     23.74s CPU     24.00s WALL (       6 calls)
     init_us_2    :      0.02s CPU      0.02s WALL (       6 calls)
     fftw         :     15.77s CPU     15.90s WALL (    1050 calls)
     alphapc      :      0.01s CPU      0.01s WALL (      10 calls)
     wstat_restar :     11.74s CPU     43.67s WALL (       5 calls)
     linstern     :     18.51s CPU     18.65s WALL (       8 calls)
     stern        :     18.08s CPU     18.21s WALL (     269 calls)
     h_psi_bgrp   :     17.91s CPU     18.03s WALL (     269 calls)
     h_psi        :     17.91s CPU     18.03s WALL (     269 calls)
     h_psi:pot    :     17.84s CPU     17.98s WALL (     269 calls)
     vloc_psi     :     17.05s CPU     17.18s WALL (     269 calls)
     h_psi:calbec :      0.63s CPU      0.52s WALL (     269 calls)
     calbec       :      0.63s CPU      0.51s WALL (     269 calls)
     add_vuspsi   :      0.16s CPU      0.29s WALL (     269 calls)
     alphapv      :      0.12s CPU      0.12s WALL (     269 calls)
     build_hr     :      0.32s CPU      0.33s WALL (       5 calls)
     diagox       :      0.02s CPU      0.02s WALL (       5 calls)
     redistr_vr   :      0.00s CPU      0.00s WALL (       4 calls)
     update_vr    :      0.51s CPU      0.52s WALL (       4 calls)
     symm_hr      :      0.00s CPU      0.00s WALL (       4 calls)
     chidiago:las :      0.00s CPU      0.00s WALL (       1 calls)
     refresh_vr   :      0.06s CPU      0.07s WALL (       1 calls)
     pdep_db      :      1.19s CPU      2.73s WALL (       1 calls)
 
     WSTAT        :  0m44.34s CPU     1m51.93s WALL

 
   This run was terminated on:  15:57: 1  27Sep2019            

=------------------------------------------------------------------------------=
   JOB DONE.
=------------------------------------------------------------------------------=
