
     Program WSTAT v. 2.0.0 starts on  9Jul2018 at 16:29: 9 

     This program is part of the open-source West suite
     for massively parallel calculations of excited states in materials; please cite
         "M. Govoni et al., J. Chem. Theory Comput. 11, 2680 (2015);
          URL http://www.west-code.org", 
     in publications or presentations arising from this work.

     Based on the Quantum ESPRESSO v. 6.1 svn rev. 13369
       
     --------------------------------------------------------------------------------------------
     **MPI** Parallelization Status                                      
     --------------------------------------------------------------------------------------------
                   160                  10             1             1            16
     --------------------------------------------------------------------------------------------
                     N         =         I      X      P      X      B      X      Z
                     ^                   ^             ^             ^             ^
                     |                   |             |             |             |
                   #rnk                  |             |             |             |
                                      #image           |             |             |
                                                     #pool           |             |
                                                                   #bgrp           |
                                                                                 #R&G
     --------------------------------------------------------------------------------------------
     **OPENMP** Parallelization Status
     #thr/rnk               =            1
     --------------------------------------------------------------------------------------------
     #prc = (rnk) * (thr) =          160
     --------------------------------------------------------------------------------------------
       
     --------------------------------------------------------------------------------------------
     I/O Summary : input_west                                            
     --------------------------------------------------------------------------------------------
     qe_prefix      = hcn
     west_prefix    = hcn
     outdir         = ./
     --------------------------------------------------------------------------------------------
       
     --------------------------------------------------------------------------------------------
     I/O Summary : wstat_control                                         
     --------------------------------------------------------------------------------------------
     wstat_calculation              =              S
     n_pdep_eigen                   =            500
     n_kin_pdep_eigen               =              0
     n_lindhard_eigen               =              0
     n_pdep_times                   =              4
     n_pdep_maxiter                 =            100
     n_dfpt_maxiter                 =            250
     n_pdep_read_from_file          =              0
     trev_pdep                      =   1.000000E-03
     trev_pdep_rel                  =   1.000000E-01
     tr2_dfpt                       =   1.000000E-12
     l_kinetic_only                 =              F
     l_minimize_exx_if_active       =              F
     l_use_ecutrho                  =              F
     l_pure_eigen                   =              F
     --------------------------------------------------------------------------------------------

     Reading data from directory:
     ./hcn.save

   Info: using nr1, nr2, nr3 values from input

   Info: using nr1, nr2, nr3 values from input

     IMPORTANT: XC functional enforced from input :
     Exchange-correlation      = PBE ( 1  4  3  4 0 0)
     Any further DFT definition will be discarded
     Please, verify this is what you really want

     Message from routine readpp:
     file ./hcn.save/C_ONCV_PBE-1.0.upf not found
     Message from routine readpp:
     file ./hcn.save/N_ONCV_PBE-1.0.upf not found
     Message from routine readpp:
     file ./hcn.save/H_ONCV_PBE-1.0.upf not found
 
     Parallelization info
     --------------------
     sticks:   dense  smooth     PW     G-vecs:    dense   smooth      PW
     Min        1520    1520    379               178660   178660   22323
     Max        1522    1522    384               178666   178666   22328
     Sum       24345   24345   6093              2858633  2858633  357213
 
       
     --------------------------------------------------------------------------------------------
     System Overview                                                     
     --------------------------------------------------------------------------------------------
     gamma_only           =              T
     ecutwfc [Ry]         =      85.000000
     omega [au^3]         =   2.700000E+04
     glob. #G             =         178607
     nbnd                 =            100
     nkstot               =              1
     nspin                =              1
     nelec                =      10.000000
     npol                 =              1
     lsda                 =              F
     noncolin             =              F
     lspinorb             =              F
     domag                =              F
     --------------------------------------------------------------------------------------------

     sFFT G-space:  1429317 G-vectors     R-space: ( 180, 180, 180)
     dFFT G-space:  1429317 G-vectors     R-space: ( 180, 180, 180)

     Cell [a.u.]          =      30.000000      0.000000      0.000000
                          =       0.000000     30.000000      0.000000
                          =       0.000000      0.000000     30.000000
      
     number of ks points=     1
                       cart. coord. in units 2pi/alat
        k(    1) = (   0.0000000   0.0000000   0.0000000), wk =   2.0000000

                       cryst. coord.
        k(    1) = (   0.0000000   0.0000000   0.0000000), wk =   2.0000000
 
     Spherical div        =   1.654268E-01
     Orthorombic div      =   1.628502E-01
       
     --------------------------------------------------------------------------------------------
     Parallelization for nvecx                                           
     --------------------------------------------------------------------------------------------
     nglob                =           2000
     nlevel               =             10
     Min nglob/nlevel     =            200
     Max nglob/nlevel     =            200
     --------------------------------------------------------------------------------------------

     [MEM] ----------------------------------------------------------
     [MEM] **Memory** analysis: QE
     [MEM] ----------------------------------------------------------
     [MEM] Allocated arrays           est. size (Mb)     dimensions
     [MEM] ----------------------------------------------------------
     [MEM] Kohn-Sham Wavefunctions      17.03 Mb     (  11164,  100)
     [MEM] NL pseudopotentials           3.07 Mb     (  11164,   18)
     [MEM] Each V/rho on FFT grid        5.93 Mb     ( 388800)
     [MEM] Each G-vector array           0.68 Mb     (  89333)
     [MEM] G-vector shells               0.05 Mb     (   6125)
     [MEM] ----------------------------------------------------------
     [MEM] TOT                          26.76 Mb
     [MEM] ----------------------------------------------------------
     [MEM] 
     [MEM] ----------------------------------------------------------
     [MEM] **Memory** analysis: WSTAT global
     [MEM] ----------------------------------------------------------
     [MEM] Allocated arrays           est. size (Mb)     dimensions
     [MEM] ----------------------------------------------------------
     [MEM] dvg                          34.07 Mb     (  11164,  200)
     [MEM] dng                          34.07 Mb     (  11164,  200)
     [MEM] hr_distr                      3.05 Mb     (   2000,  200)
     [MEM] vr_distr                      3.05 Mb     (   2000,  200)
     [MEM] ----------------------------------------------------------
     [MEM] TOT                          74.24 Mb
     [MEM] ----------------------------------------------------------
     [MEM] 
     [MEM] ----------------------------------------------------------
     [MEM] **Memory** analysis: WSTAT temporary
     [MEM] ----------------------------------------------------------
     [MEM] Allocated arrays           est. size (Mb)     dimensions
     [MEM] ----------------------------------------------------------
     [MEM] dvpsi                         0.85 Mb     (  11164,    5)
     [MEM] dpsi                          0.85 Mb     (  11164,    5)
     [MEM] ----------------------------------------------------------
     [MEM] Total estimate                1.70 Mb
     [MEM] ----------------------------------------------------------

                       *----------*              *----------*               *----------*
     #     Iteration = | starting |   DFPT_dim = |      500 |   Diago_dim = |      500 |  x 1/2
                       *----------*              *----------*               *----------*
     per-process dynamical memory   188.5 Mb
  
       
     --------------------------------------------------------------------------------------------
     Sternheimer eq. solver... with lite-solver                          
     --------------------------------------------------------------------------------------------
     in progress... |#                   | 005% :               00.5s (E)               11.6s (X)
     in progress... |##                  | 010% :               00.9s (E)               09.6s (X)
     in progress... |###                 | 015% :               01.5s (E)               10.3s (X)
     in progress... |####                | 020% :               01.9s (E)               09.6s (X)
     in progress... |#####               | 025% :               02.5s (E)               10.0s (X)
     in progress... |######              | 030% :               02.8s (E)               09.6s (X)
     in progress... |#######             | 035% :               03.4s (E)               09.9s (X)
     in progress... |########            | 040% :               03.8s (E)               09.6s (X)
     in progress... |#########           | 045% :               04.4s (E)               09.8s (X)
     in progress... |##########          | 050% :               04.8s (E)               09.6s (X)
     in progress... |###########         | 055% :               05.3s (E)               09.7s (X)
     in progress... |############        | 060% :               05.7s (E)               09.6s (X)
     in progress... |#############       | 065% :               06.3s (E)               09.7s (X)
     in progress... |##############      | 070% :               06.7s (E)               09.6s (X)
     in progress... |###############     | 075% :               07.3s (E)               09.7s (X)
     in progress... |################    | 080% :               07.6s (E)               09.6s (X)
     in progress... |#################   | 085% :               08.2s (E)               09.7s (X)
     in progress... |##################  | 090% :               08.6s (E)               09.6s (X)
     in progress... |################### | 095% :               09.2s (E)               09.7s (X)
     in progress... |####################| 100% :               09.6s (E)               09.6s (X)
     --------------------------------------------------------------------------------------------

     [I/O] -------------------------------------------------------
     [I/O] RESTART written in < 00.1s             
     [I/O] In location   : ./hcn_500.wstat.restart
     [I/O] -------------------------------------------------------

                       *----------*              *----------*               *----------*
     #     Iteration = | starting |   DFPT_dim = |      500 |   Diago_dim = |      500 |  x 2/2
                       *----------*              *----------*               *----------*
     per-process dynamical memory   190.7 Mb
  
       
     --------------------------------------------------------------------------------------------
     Sternheimer eq. solver... with threshold =   1.000000E-06           
     --------------------------------------------------------------------------------------------
     in progress... |#                   | 005% :               06.4s (E)           02m-08.0s (X)
     in progress... |##                  | 010% :               10.6s (E)           01m-46.6s (X)
     in progress... |###                 | 015% :               16.8s (E)           01m-52.0s (X)
     in progress... |####                | 020% :               20.8s (E)           01m-44.2s (X)
     in progress... |#####               | 025% :               26.8s (E)           01m-47.4s (X)
     in progress... |######              | 030% :               30.8s (E)           01m-42.7s (X)
     in progress... |#######             | 035% :               36.7s (E)           01m-44.9s (X)
     in progress... |########            | 040% :               40.6s (E)           01m-41.6s (X)
     in progress... |#########           | 045% :               46.4s (E)           01m-43.3s (X)
     in progress... |##########          | 050% :               50.3s (E)           01m-40.7s (X)
     in progress... |###########         | 055% :               56.1s (E)           01m-42.0s (X)
     in progress... |############        | 060% :               59.9s (E)           01m-39.9s (X)
     in progress... |#############       | 065% :           01m-05.8s (E)           01m-41.2s (X)
     in progress... |##############      | 070% :           01m-09.6s (E)           01m-39.5s (X)
     in progress... |###############     | 075% :           01m-15.3s (E)           01m-40.4s (X)
     in progress... |################    | 080% :           01m-19.1s (E)           01m-38.9s (X)
     in progress... |#################   | 085% :           01m-24.7s (E)           01m-39.6s (X)
     in progress... |##################  | 090% :           01m-28.5s (E)           01m-38.3s (X)
     in progress... |################### | 095% :           01m-34.1s (E)           01m-39.0s (X)
     in progress... |####################| 100% :           01m-37.8s (E)           01m-37.8s (X)
     --------------------------------------------------------------------------------------------
     p-DIAGOX done in 00.4s with a SCALAPACK grid (12x12)
     --------------------------------------------------------------------------------------------
        
       -4.27298  -1.23620  -1.17437  -1.17435  -0.78004  -0.78003  -0.63080  -0.58524  -0.53592
       -0.53586  -0.42056  -0.37043  -0.37040  -0.34789  -0.33546  -0.33543  -0.29303  -0.27551
       -0.27550  -0.22968  -0.22967  -0.22135  -0.18602  -0.18228  -0.18224  -0.16609  -0.16601
       -0.14875  -0.14874  -0.14841  -0.14839  -0.12816  -0.12814  -0.12501  -0.11372  -0.11126
       -0.11123  -0.10538  -0.09987  -0.09983  -0.09071  -0.09070  -0.08754  -0.08748  -0.07877
       -0.07384  -0.06626  -0.06623  -0.06540  -0.06536  -0.06363  -0.06353  -0.06314  -0.05598
       -0.05591  -0.05351  -0.05349  -0.05252  -0.05246  -0.05241  -0.05185  -0.05180  -0.04542
       -0.04423  -0.04418  -0.04344  -0.04322  -0.04294  -0.04127  -0.04122  -0.03940  -0.03917
       -0.03912  -0.03656  -0.03650  -0.03644  -0.03640  -0.03617  -0.03610  -0.03592  -0.03588
       -0.03396  -0.03328  -0.03326  -0.03139  -0.03015  -0.03002  -0.02871  -0.02868  -0.02846
       -0.02842  -0.02838  -0.02695  -0.02672  -0.02573  -0.02559  -0.02477  -0.02469  -0.02456
       -0.02411  -0.02410  -0.02347  -0.02343  -0.02283  -0.02278  -0.02215  -0.02160  -0.02156
       -0.02102  -0.02093  -0.02084  -0.02077  -0.02074  -0.02007  -0.01997  -0.01971  -0.01965
       -0.01958  -0.01956  -0.01940  -0.01886  -0.01883  -0.01764  -0.01761  -0.01748  -0.01746
       -0.01744  -0.01737  -0.01733  -0.01725  -0.01721  -0.01679  -0.01673  -0.01658  -0.01644
       -0.01634  -0.01544  -0.01537  -0.01516  -0.01509  -0.01477  -0.01443  -0.01438  -0.01407
       -0.01403  -0.01393  -0.01384  -0.01369  -0.01365  -0.01358  -0.01350  -0.01297  -0.01281
       -0.01264  -0.01255  -0.01251  -0.01246  -0.01242  -0.01230  -0.01228  -0.01221  -0.01215
       -0.01203  -0.01190  -0.01188  -0.01181  -0.01140  -0.01129  -0.01104  -0.01092  -0.01090
       -0.01074  -0.01066  -0.01059  -0.01048  -0.01042  -0.01033  -0.01027  -0.01020  -0.01018
       -0.01007  -0.01003  -0.01001  -0.00988  -0.00983  -0.00972  -0.00955  -0.00952  -0.00930
       -0.00925  -0.00918  -0.00911  -0.00908  -0.00903  -0.00898  -0.00893  -0.00891  -0.00886
       -0.00879  -0.00871  -0.00865  -0.00852  -0.00849  -0.00826  -0.00820  -0.00817  -0.00806
       -0.00798  -0.00789  -0.00777  -0.00772  -0.00769  -0.00768  -0.00759  -0.00752  -0.00748
       -0.00739  -0.00735  -0.00727  -0.00719  -0.00711  -0.00709  -0.00699  -0.00698  -0.00693
       -0.00691  -0.00684  -0.00669  -0.00668  -0.00663  -0.00661  -0.00654  -0.00652  -0.00648
       -0.00645  -0.00640  -0.00633  -0.00631  -0.00623  -0.00621  -0.00621  -0.00610  -0.00606
       -0.00602  -0.00599  -0.00594  -0.00590  -0.00585  -0.00584  -0.00582  -0.00576  -0.00574
       -0.00566  -0.00561  -0.00558  -0.00551  -0.00549  -0.00547  -0.00536  -0.00532  -0.00529
       -0.00527  -0.00525  -0.00515  -0.00514  -0.00513  -0.00508  -0.00507  -0.00504  -0.00503
       -0.00498  -0.00493  -0.00491  -0.00487  -0.00485  -0.00483  -0.00478  -0.00474  -0.00470
       -0.00466  -0.00465  -0.00461  -0.00459  -0.00456  -0.00452  -0.00448  -0.00444  -0.00441
       -0.00438  -0.00435  -0.00431  -0.00428  -0.00423  -0.00422  -0.00419  -0.00418  -0.00411
       -0.00410  -0.00408  -0.00405  -0.00398  -0.00396  -0.00395  -0.00392  -0.00388  -0.00386
       -0.00384  -0.00378  -0.00376  -0.00373  -0.00371  -0.00367  -0.00365  -0.00364  -0.00363
       -0.00361  -0.00358  -0.00356  -0.00352  -0.00350  -0.00348  -0.00346  -0.00341  -0.00338
       -0.00338  -0.00334  -0.00332  -0.00329  -0.00328  -0.00326  -0.00324  -0.00322  -0.00321
       -0.00319  -0.00317  -0.00316  -0.00310  -0.00309  -0.00307  -0.00306  -0.00303  -0.00301
       -0.00298  -0.00297  -0.00294  -0.00293  -0.00292  -0.00291  -0.00287  -0.00285  -0.00282
       -0.00282  -0.00280  -0.00277  -0.00274  -0.00273  -0.00271  -0.00269  -0.00267  -0.00267
       -0.00262  -0.00260  -0.00260  -0.00258  -0.00255  -0.00253  -0.00253  -0.00249  -0.00247
       -0.00247  -0.00246  -0.00243  -0.00242  -0.00241  -0.00238  -0.00237  -0.00235  -0.00233
       -0.00231  -0.00229  -0.00227  -0.00226  -0.00225  -0.00222  -0.00220  -0.00220  -0.00218
       -0.00216  -0.00215  -0.00212  -0.00211  -0.00210  -0.00209  -0.00206  -0.00205  -0.00204
       -0.00203  -0.00200  -0.00199  -0.00199  -0.00197  -0.00194  -0.00193  -0.00193  -0.00189
       -0.00187  -0.00187  -0.00186  -0.00185  -0.00184  -0.00183  -0.00182  -0.00180  -0.00178
       -0.00176  -0.00173  -0.00173  -0.00172  -0.00170  -0.00170  -0.00169  -0.00167  -0.00166
       -0.00163  -0.00162  -0.00161  -0.00159  -0.00158  -0.00157  -0.00155  -0.00153  -0.00153
       -0.00150  -0.00149  -0.00148  -0.00147  -0.00146  -0.00144  -0.00144  -0.00142  -0.00142
       -0.00141  -0.00140  -0.00138  -0.00136  -0.00135  -0.00134  -0.00132  -0.00131  -0.00130
       -0.00130  -0.00129  -0.00128  -0.00126  -0.00125  -0.00124  -0.00123  -0.00121  -0.00121
       -0.00119  -0.00118  -0.00118  -0.00117  -0.00115  -0.00114  -0.00112  -0.00112  -0.00111
       -0.00110  -0.00108  -0.00107  -0.00106  -0.00105  -0.00104  -0.00103  -0.00102  -0.00100
       -0.00099  -0.00098  -0.00097  -0.00096  -0.00094  -0.00092  -0.00092  -0.00091  -0.00090
       -0.00089  -0.00087  -0.00086  -0.00085  -0.00084  -0.00083  -0.00081  -0.00080  -0.00079
       -0.00077  -0.00076  -0.00074  -0.00071  -0.00047
        
     --------------------------------------------------------------------------------------------
     Tot. elapsed time 03m-44.0s,  time spent in last iteration 03m-44.0s
     --------------------------------------------------------------------------------------------

     [I/O] -------------------------------------------------------
     [I/O] RESTART written in < 00.1s             
     [I/O] In location   : ./hcn_500.wstat.restart
     [I/O] -------------------------------------------------------

                       *----------*              *----------*               *----------*
     #     Iteration = |        1 |   DFPT_dim = |      500 |   Diago_dim = |     1000 |
                       *----------*              *----------*               *----------*
     per-process dynamical memory   190.7 Mb
  
       
     --------------------------------------------------------------------------------------------
     Sternheimer eq. solver... with threshold =   1.000000E-12           
     --------------------------------------------------------------------------------------------
     in progress... |#                   | 005% :               09.3s (E)           03m-06.4s (X)
     in progress... |##                  | 010% :               15.2s (E)           02m-32.7s (X)
     in progress... |###                 | 015% :               24.1s (E)           02m-41.1s (X)
     in progress... |####                | 020% :               30.0s (E)           02m-30.4s (X)
     in progress... |#####               | 025% :               38.9s (E)           02m-35.8s (X)
     in progress... |######              | 030% :               44.8s (E)           02m-29.5s (X)
     in progress... |#######             | 035% :               53.6s (E)           02m-33.3s (X)
     in progress... |########            | 040% :               59.4s (E)           02m-28.6s (X)
     in progress... |#########           | 045% :           01m-08.2s (E)           02m-31.6s (X)
     in progress... |##########          | 050% :           01m-14.0s (E)           02m-28.0s (X)
     in progress... |###########         | 055% :           01m-22.6s (E)           02m-30.3s (X)
     in progress... |############        | 060% :           01m-28.4s (E)           02m-27.4s (X)
     in progress... |#############       | 065% :           01m-37.1s (E)           02m-29.4s (X)
     in progress... |##############      | 070% :           01m-42.8s (E)           02m-26.9s (X)
     in progress... |###############     | 075% :           01m-51.5s (E)           02m-28.7s (X)
     in progress... |################    | 080% :           01m-57.3s (E)           02m-26.6s (X)
     in progress... |#################   | 085% :           02m-06.0s (E)           02m-28.2s (X)
     in progress... |##################  | 090% :           02m-11.7s (E)           02m-26.4s (X)
     in progress... |################### | 095% :           02m-20.4s (E)           02m-27.8s (X)
     in progress... |####################| 100% :           02m-26.2s (E)           02m-26.2s (X)
     --------------------------------------------------------------------------------------------
     p-DIAGOX done in 00.6s with a SCALAPACK grid (12x12)
     --------------------------------------------------------------------------------------------
        
       -4.30321  -1.31674  -1.17461  -1.17460  -0.78011  -0.78011  -0.65279  -0.59343  -0.53710
       -0.53709  -0.42583  -0.37071  -0.37071  -0.34923  -0.33570  -0.33570  -0.30799  -0.27554
       -0.27554  -0.22971  -0.22970  -0.22268  -0.18952  -0.18253  -0.18252  -0.16650  -0.16650
       -0.14877  -0.14877  -0.14847  -0.14846  -0.13732  -0.12871  -0.12869  -0.11569  -0.11162
       -0.11162  -0.11137  -0.10015  -0.10015  -0.09076  -0.09076  -0.08781  -0.08781  -0.07988
       -0.07463  -0.06643  -0.06643  -0.06564  -0.06564  -0.06380  -0.06380  -0.06350  -0.05613
       -0.05613  -0.05450  -0.05361  -0.05361  -0.05251  -0.05251  -0.05208  -0.05208  -0.04573
       -0.04438  -0.04438  -0.04378  -0.04378  -0.04358  -0.04157  -0.04157  -0.04002  -0.03958
       -0.03958  -0.03675  -0.03674  -0.03656  -0.03655  -0.03649  -0.03648  -0.03641  -0.03641
       -0.03435  -0.03385  -0.03384  -0.03185  -0.03090  -0.03090  -0.03003  -0.02914  -0.02914
       -0.02873  -0.02873  -0.02737  -0.02737  -0.02682  -0.02628  -0.02628  -0.02508  -0.02508
       -0.02439  -0.02439  -0.02364  -0.02364  -0.02328  -0.02328  -0.02300  -0.02218  -0.02218
       -0.02154  -0.02151  -0.02150  -0.02120  -0.02120  -0.02092  -0.02075  -0.02075  -0.02014
       -0.02014  -0.02012  -0.02012  -0.01981  -0.01981  -0.01868  -0.01808  -0.01808  -0.01795
       -0.01794  -0.01780  -0.01780  -0.01773  -0.01773  -0.01769  -0.01763  -0.01763  -0.01731
       -0.01731  -0.01663  -0.01637  -0.01637  -0.01633  -0.01632  -0.01548  -0.01491  -0.01491
       -0.01483  -0.01483  -0.01468  -0.01468  -0.01463  -0.01462  -0.01447  -0.01382  -0.01382
       -0.01356  -0.01356  -0.01355  -0.01319  -0.01319  -0.01299  -0.01299  -0.01294  -0.01294
       -0.01272  -0.01272  -0.01245  -0.01245  -0.01224  -0.01224  -0.01217  -0.01176  -0.01176
       -0.01174  -0.01174  -0.01169  -0.01169  -0.01165  -0.01150  -0.01134  -0.01133  -0.01121
       -0.01121  -0.01093  -0.01093  -0.01091  -0.01091  -0.01090  -0.01090  -0.01077  -0.01077
       -0.01063  -0.01026  -0.00991  -0.00991  -0.00986  -0.00986  -0.00985  -0.00985  -0.00974
       -0.00974  -0.00970  -0.00969  -0.00964  -0.00964  -0.00956  -0.00955  -0.00925  -0.00907
       -0.00907  -0.00904  -0.00904  -0.00902  -0.00902  -0.00897  -0.00883  -0.00882  -0.00872
       -0.00872  -0.00863  -0.00845  -0.00845  -0.00838  -0.00838  -0.00831  -0.00830  -0.00830
       -0.00830  -0.00815  -0.00815  -0.00811  -0.00788  -0.00787  -0.00756  -0.00756  -0.00752
       -0.00751  -0.00747  -0.00746  -0.00746  -0.00746  -0.00745  -0.00739  -0.00739  -0.00727
       -0.00726  -0.00724  -0.00723  -0.00720  -0.00719  -0.00707  -0.00698  -0.00698  -0.00696
       -0.00696  -0.00695  -0.00695  -0.00694  -0.00679  -0.00678  -0.00677  -0.00674  -0.00673
       -0.00664  -0.00663  -0.00656  -0.00655  -0.00637  -0.00637  -0.00637  -0.00636  -0.00636
       -0.00635  -0.00634  -0.00633  -0.00633  -0.00632  -0.00631  -0.00625  -0.00598  -0.00597
       -0.00596  -0.00593  -0.00591  -0.00588  -0.00587  -0.00581  -0.00581  -0.00577  -0.00577
       -0.00575  -0.00574  -0.00570  -0.00569  -0.00569  -0.00568  -0.00567  -0.00566  -0.00550
       -0.00550  -0.00544  -0.00543  -0.00543  -0.00542  -0.00536  -0.00534  -0.00528  -0.00527
       -0.00526  -0.00526  -0.00524  -0.00518  -0.00516  -0.00514  -0.00510  -0.00509  -0.00508
       -0.00508  -0.00504  -0.00499  -0.00498  -0.00498  -0.00497  -0.00495  -0.00493  -0.00489
       -0.00488  -0.00485  -0.00484  -0.00477  -0.00477  -0.00476  -0.00460  -0.00460  -0.00457
       -0.00454  -0.00453  -0.00452  -0.00451  -0.00449  -0.00448  -0.00446  -0.00445  -0.00441
       -0.00441  -0.00441  -0.00440  -0.00439  -0.00438  -0.00437  -0.00435  -0.00433  -0.00430
       -0.00429  -0.00423  -0.00421  -0.00421  -0.00420  -0.00418  -0.00416  -0.00414  -0.00413
       -0.00413  -0.00412  -0.00408  -0.00407  -0.00405  -0.00405  -0.00402  -0.00400  -0.00398
       -0.00397  -0.00395  -0.00394  -0.00393  -0.00391  -0.00391  -0.00388  -0.00387  -0.00385
       -0.00384  -0.00384  -0.00383  -0.00381  -0.00379  -0.00376  -0.00374  -0.00372  -0.00371
       -0.00369  -0.00368  -0.00366  -0.00365  -0.00360  -0.00357  -0.00354  -0.00353  -0.00352
       -0.00351  -0.00351  -0.00350  -0.00349  -0.00349  -0.00347  -0.00346  -0.00346  -0.00345
       -0.00343  -0.00341  -0.00340  -0.00338  -0.00337  -0.00336  -0.00334  -0.00333  -0.00332
       -0.00331  -0.00330  -0.00325  -0.00323  -0.00323  -0.00322  -0.00319  -0.00318  -0.00317
       -0.00315  -0.00314  -0.00311  -0.00311  -0.00310  -0.00309  -0.00307  -0.00306  -0.00305
       -0.00304  -0.00304  -0.00303  -0.00302  -0.00301  -0.00299  -0.00299  -0.00297  -0.00295
       -0.00295  -0.00293  -0.00291  -0.00289  -0.00288  -0.00288  -0.00287  -0.00285  -0.00284
       -0.00283  -0.00282  -0.00281  -0.00280  -0.00279  -0.00278  -0.00277  -0.00276  -0.00275
       -0.00274  -0.00273  -0.00272  -0.00271  -0.00270  -0.00269  -0.00268  -0.00267  -0.00266
       -0.00265  -0.00264  -0.00263  -0.00262  -0.00261  -0.00259  -0.00259  -0.00258  -0.00257
       -0.00255  -0.00255  -0.00254  -0.00252  -0.00251  -0.00250  -0.00249  -0.00248  -0.00247
       -0.00246  -0.00244  -0.00243  -0.00243  -0.00242  -0.00242  -0.00241  -0.00240  -0.00239
       -0.00238  -0.00237  -0.00234  -0.00234  -0.00233
        
     --------------------------------------------------------------------------------------------
     Tot. elapsed time 08m-20.0s,  time spent in last iteration 03m-02.3s
     --------------------------------------------------------------------------------------------

     [I/O] -------------------------------------------------------
     [I/O] RESTART written in < 00.1s             
     [I/O] In location   : ./hcn_500.wstat.restart
     [I/O] -------------------------------------------------------

                       *----------*              *----------*               *----------*
     #     Iteration = |        2 |   DFPT_dim = |      355 |   Diago_dim = |     1355 |
                       *----------*              *----------*               *----------*
     per-process dynamical memory   190.7 Mb
  
       
     --------------------------------------------------------------------------------------------
     Sternheimer eq. solver... with threshold =   1.000000E-12           
     --------------------------------------------------------------------------------------------
     in progress... |#                   | 005% :               05.8s (E)           01m-56.1s (X)
     in progress... |##                  | 010% :               11.5s (E)           01m-55.1s (X)
     in progress... |###                 | 015% :               17.2s (E)           01m-55.0s (X)
     in progress... |####                | 020% :               23.0s (E)           01m-55.0s (X)
     in progress... |#####               | 025% :               25.8s (E)           01m-43.3s (X)
     in progress... |######              | 030% :               31.6s (E)           01m-45.3s (X)
     in progress... |#######             | 035% :               37.2s (E)           01m-46.5s (X)
     in progress... |########            | 040% :               42.9s (E)           01m-47.4s (X)
     in progress... |#########           | 045% :               48.6s (E)           01m-48.0s (X)
     in progress... |##########          | 050% :               51.4s (E)           01m-42.9s (X)
     in progress... |###########         | 055% :               57.1s (E)           01m-43.9s (X)
     in progress... |############        | 060% :           01m-02.8s (E)           01m-44.7s (X)
     in progress... |#############       | 065% :           01m-08.4s (E)           01m-45.3s (X)
     in progress... |##############      | 070% :           01m-14.1s (E)           01m-45.9s (X)
     in progress... |###############     | 075% :           01m-16.9s (E)           01m-42.6s (X)
     in progress... |################    | 080% :           01m-22.6s (E)           01m-43.3s (X)
     in progress... |#################   | 085% :           01m-28.3s (E)           01m-43.9s (X)
     in progress... |##################  | 090% :           01m-33.9s (E)           01m-44.3s (X)
     in progress... |################### | 095% :           01m-39.6s (E)           01m-44.8s (X)
     in progress... |####################| 100% :           01m-42.4s (E)           01m-42.4s (X)
     --------------------------------------------------------------------------------------------
     p-DIAGOX done in 00.9s with a SCALAPACK grid (12x12)
     --------------------------------------------------------------------------------------------
        
       -4.30321  -1.31674  -1.17461  -1.17460  -0.78011  -0.78011  -0.65279  -0.59343  -0.53710
       -0.53709  -0.42583  -0.37071  -0.37071  -0.34923  -0.33570  -0.33570  -0.30799  -0.27554
       -0.27554  -0.22971  -0.22970  -0.22268  -0.18952  -0.18253  -0.18252  -0.16650  -0.16650
       -0.14877  -0.14877  -0.14847  -0.14846  -0.13732  -0.12871  -0.12869  -0.11569  -0.11162
       -0.11162  -0.11137  -0.10015  -0.10015  -0.09076  -0.09076  -0.08781  -0.08781  -0.07988
       -0.07463  -0.06643  -0.06643  -0.06564  -0.06564  -0.06380  -0.06380  -0.06350  -0.05613
       -0.05613  -0.05450  -0.05361  -0.05361  -0.05251  -0.05251  -0.05208  -0.05208  -0.04573
       -0.04438  -0.04438  -0.04378  -0.04378  -0.04358  -0.04157  -0.04157  -0.04002  -0.03958
       -0.03958  -0.03675  -0.03675  -0.03656  -0.03655  -0.03649  -0.03648  -0.03641  -0.03641
       -0.03435  -0.03385  -0.03384  -0.03185  -0.03090  -0.03090  -0.03003  -0.02914  -0.02914
       -0.02873  -0.02873  -0.02737  -0.02737  -0.02682  -0.02628  -0.02628  -0.02508  -0.02508
       -0.02439  -0.02439  -0.02364  -0.02364  -0.02328  -0.02328  -0.02300  -0.02218  -0.02218
       -0.02154  -0.02151  -0.02151  -0.02120  -0.02120  -0.02092  -0.02075  -0.02075  -0.02014
       -0.02014  -0.02012  -0.02012  -0.01981  -0.01981  -0.01869  -0.01808  -0.01808  -0.01795
       -0.01795  -0.01780  -0.01780  -0.01773  -0.01773  -0.01769  -0.01764  -0.01764  -0.01731
       -0.01731  -0.01664  -0.01637  -0.01637  -0.01633  -0.01633  -0.01548  -0.01492  -0.01492
       -0.01484  -0.01484  -0.01468  -0.01468  -0.01463  -0.01463  -0.01448  -0.01382  -0.01382
       -0.01356  -0.01356  -0.01356  -0.01319  -0.01319  -0.01300  -0.01300  -0.01295  -0.01295
       -0.01272  -0.01272  -0.01245  -0.01245  -0.01224  -0.01224  -0.01218  -0.01176  -0.01176
       -0.01175  -0.01175  -0.01170  -0.01170  -0.01165  -0.01150  -0.01134  -0.01134  -0.01122
       -0.01122  -0.01094  -0.01094  -0.01092  -0.01092  -0.01091  -0.01091  -0.01078  -0.01078
       -0.01065  -0.01027  -0.00991  -0.00991  -0.00987  -0.00987  -0.00986  -0.00986  -0.00975
       -0.00975  -0.00970  -0.00970  -0.00965  -0.00965  -0.00957  -0.00957  -0.00926  -0.00908
       -0.00908  -0.00905  -0.00905  -0.00904  -0.00904  -0.00899  -0.00885  -0.00885  -0.00873
       -0.00873  -0.00866  -0.00846  -0.00846  -0.00840  -0.00840  -0.00832  -0.00832  -0.00831
       -0.00831  -0.00817  -0.00817  -0.00814  -0.00789  -0.00789  -0.00759  -0.00759  -0.00753
       -0.00753  -0.00749  -0.00748  -0.00748  -0.00748  -0.00748  -0.00741  -0.00741  -0.00728
       -0.00728  -0.00726  -0.00726  -0.00722  -0.00722  -0.00710  -0.00700  -0.00700  -0.00699
       -0.00697  -0.00697  -0.00697  -0.00697  -0.00684  -0.00681  -0.00681  -0.00678  -0.00678
       -0.00668  -0.00668  -0.00657  -0.00657  -0.00640  -0.00640  -0.00640  -0.00640  -0.00639
       -0.00639  -0.00638  -0.00637  -0.00637  -0.00636  -0.00636  -0.00629  -0.00602  -0.00602
       -0.00600  -0.00597  -0.00597  -0.00591  -0.00591  -0.00585  -0.00585  -0.00582  -0.00582
       -0.00580  -0.00580  -0.00573  -0.00573  -0.00572  -0.00572  -0.00569  -0.00569  -0.00554
       -0.00554  -0.00549  -0.00549  -0.00549  -0.00549  -0.00542  -0.00542  -0.00535  -0.00534
       -0.00534  -0.00532  -0.00532  -0.00526  -0.00523  -0.00523  -0.00516  -0.00516  -0.00512
       -0.00512  -0.00511  -0.00504  -0.00504  -0.00503  -0.00503  -0.00502  -0.00502  -0.00496
       -0.00496  -0.00490  -0.00490  -0.00487  -0.00487  -0.00486  -0.00468  -0.00467  -0.00467
       -0.00460  -0.00460  -0.00459  -0.00459  -0.00459  -0.00459  -0.00452  -0.00452  -0.00448
       -0.00448  -0.00448  -0.00448  -0.00447  -0.00447  -0.00447  -0.00446  -0.00446  -0.00436
       -0.00436  -0.00434  -0.00428  -0.00428  -0.00425  -0.00425  -0.00425  -0.00425  -0.00424
       -0.00422  -0.00422  -0.00418  -0.00418  -0.00417  -0.00417  -0.00415  -0.00415  -0.00408
       -0.00406  -0.00406  -0.00404  -0.00404  -0.00402  -0.00402  -0.00397  -0.00397  -0.00396
       -0.00396  -0.00396  -0.00396  -0.00395  -0.00395  -0.00388  -0.00388  -0.00384  -0.00384
       -0.00384  -0.00383  -0.00383  -0.00378  -0.00369  -0.00369  -0.00366  -0.00366  -0.00365
       -0.00365  -0.00363  -0.00363  -0.00361  -0.00361  -0.00359  -0.00359  -0.00358  -0.00358
       -0.00356  -0.00356  -0.00355  -0.00355  -0.00351  -0.00350  -0.00350  -0.00350  -0.00350
       -0.00344  -0.00344  -0.00341  -0.00341  -0.00339  -0.00339  -0.00335  -0.00333  -0.00333
       -0.00330  -0.00330  -0.00327  -0.00327  -0.00325  -0.00325  -0.00324  -0.00324  -0.00321
       -0.00320  -0.00319  -0.00319  -0.00319  -0.00318  -0.00318  -0.00317  -0.00317  -0.00315
       -0.00314  -0.00314  -0.00313  -0.00313  -0.00310  -0.00310  -0.00307  -0.00307  -0.00306
       -0.00302  -0.00302  -0.00302  -0.00302  -0.00297  -0.00293  -0.00293  -0.00293  -0.00293
       -0.00293  -0.00292  -0.00292  -0.00292  -0.00290  -0.00290  -0.00289  -0.00289  -0.00289
       -0.00287  -0.00287  -0.00286  -0.00286  -0.00286  -0.00285  -0.00282  -0.00281  -0.00279
       -0.00279  -0.00278  -0.00277  -0.00277  -0.00273  -0.00273  -0.00271  -0.00270  -0.00269
       -0.00269  -0.00267  -0.00267  -0.00267  -0.00264  -0.00263  -0.00262  -0.00262  -0.00261
       -0.00260  -0.00259  -0.00259  -0.00257  -0.00257
        
     --------------------------------------------------------------------------------------------
     Tot. elapsed time 13m-39.6s,  time spent in last iteration 02m-13.6s
     --------------------------------------------------------------------------------------------

     [I/O] -------------------------------------------------------
     [I/O] RESTART written in < 00.1s             
     [I/O] In location   : ./hcn_500.wstat.restart
     [I/O] -------------------------------------------------------

                       *----------*              *----------*               *----------*
     #     Iteration = |        3 |   DFPT_dim = |        4 |   Diago_dim = |     1359 |
                       *----------*              *----------*               *----------*
     per-process dynamical memory   192.5 Mb
  
       
     --------------------------------------------------------------------------------------------
     Sternheimer eq. solver... with threshold =   1.000000E-12           
     --------------------------------------------------------------------------------------------
     in progress... |####################| 100% :             < 00.1s (E)             < 00.1s (X)
     --------------------------------------------------------------------------------------------
     p-DIAGOX done in 00.9s with a SCALAPACK grid (12x12)
     --------------------------------------------------------------------------------------------
        
       -4.30321  -1.31674  -1.17461  -1.17460  -0.78011  -0.78011  -0.65279  -0.59343  -0.53710
       -0.53709  -0.42583  -0.37071  -0.37071  -0.34923  -0.33570  -0.33570  -0.30799  -0.27554
       -0.27554  -0.22971  -0.22970  -0.22268  -0.18952  -0.18253  -0.18252  -0.16650  -0.16650
       -0.14877  -0.14877  -0.14847  -0.14846  -0.13732  -0.12871  -0.12869  -0.11569  -0.11162
       -0.11162  -0.11137  -0.10015  -0.10015  -0.09076  -0.09076  -0.08781  -0.08781  -0.07988
       -0.07463  -0.06643  -0.06643  -0.06564  -0.06564  -0.06380  -0.06380  -0.06350  -0.05613
       -0.05613  -0.05450  -0.05361  -0.05361  -0.05251  -0.05251  -0.05208  -0.05208  -0.04573
       -0.04438  -0.04438  -0.04378  -0.04378  -0.04358  -0.04157  -0.04157  -0.04002  -0.03958
       -0.03958  -0.03675  -0.03675  -0.03656  -0.03655  -0.03649  -0.03648  -0.03641  -0.03641
       -0.03435  -0.03385  -0.03384  -0.03185  -0.03090  -0.03090  -0.03003  -0.02914  -0.02914
       -0.02873  -0.02873  -0.02737  -0.02737  -0.02682  -0.02628  -0.02628  -0.02508  -0.02508
       -0.02439  -0.02439  -0.02364  -0.02364  -0.02328  -0.02328  -0.02300  -0.02218  -0.02218
       -0.02154  -0.02151  -0.02151  -0.02120  -0.02120  -0.02092  -0.02075  -0.02075  -0.02014
       -0.02014  -0.02012  -0.02012  -0.01981  -0.01981  -0.01869  -0.01808  -0.01808  -0.01795
       -0.01795  -0.01780  -0.01780  -0.01773  -0.01773  -0.01769  -0.01764  -0.01764  -0.01731
       -0.01731  -0.01664  -0.01637  -0.01637  -0.01633  -0.01633  -0.01548  -0.01492  -0.01492
       -0.01484  -0.01484  -0.01468  -0.01468  -0.01463  -0.01463  -0.01448  -0.01382  -0.01382
       -0.01356  -0.01356  -0.01356  -0.01319  -0.01319  -0.01300  -0.01300  -0.01295  -0.01295
       -0.01272  -0.01272  -0.01245  -0.01245  -0.01224  -0.01224  -0.01218  -0.01176  -0.01176
       -0.01175  -0.01175  -0.01170  -0.01170  -0.01165  -0.01150  -0.01134  -0.01134  -0.01122
       -0.01122  -0.01094  -0.01094  -0.01092  -0.01092  -0.01091  -0.01091  -0.01078  -0.01078
       -0.01065  -0.01027  -0.00991  -0.00991  -0.00987  -0.00987  -0.00986  -0.00986  -0.00975
       -0.00975  -0.00970  -0.00970  -0.00965  -0.00965  -0.00957  -0.00957  -0.00926  -0.00908
       -0.00908  -0.00905  -0.00905  -0.00904  -0.00904  -0.00899  -0.00885  -0.00885  -0.00873
       -0.00873  -0.00866  -0.00846  -0.00846  -0.00840  -0.00840  -0.00832  -0.00832  -0.00831
       -0.00831  -0.00817  -0.00817  -0.00814  -0.00789  -0.00789  -0.00759  -0.00759  -0.00753
       -0.00753  -0.00749  -0.00748  -0.00748  -0.00748  -0.00748  -0.00741  -0.00741  -0.00728
       -0.00728  -0.00726  -0.00726  -0.00722  -0.00722  -0.00710  -0.00700  -0.00700  -0.00699
       -0.00697  -0.00697  -0.00697  -0.00697  -0.00684  -0.00681  -0.00681  -0.00678  -0.00678
       -0.00668  -0.00668  -0.00657  -0.00657  -0.00640  -0.00640  -0.00640  -0.00640  -0.00639
       -0.00639  -0.00638  -0.00637  -0.00637  -0.00636  -0.00636  -0.00629  -0.00602  -0.00602
       -0.00600  -0.00597  -0.00597  -0.00591  -0.00591  -0.00585  -0.00585  -0.00582  -0.00582
       -0.00580  -0.00580  -0.00573  -0.00573  -0.00572  -0.00572  -0.00569  -0.00569  -0.00554
       -0.00554  -0.00549  -0.00549  -0.00549  -0.00549  -0.00542  -0.00542  -0.00535  -0.00534
       -0.00534  -0.00532  -0.00532  -0.00526  -0.00523  -0.00523  -0.00516  -0.00516  -0.00512
       -0.00512  -0.00511  -0.00504  -0.00504  -0.00503  -0.00503  -0.00502  -0.00502  -0.00496
       -0.00496  -0.00490  -0.00490  -0.00487  -0.00487  -0.00486  -0.00468  -0.00467  -0.00467
       -0.00460  -0.00460  -0.00459  -0.00459  -0.00459  -0.00459  -0.00452  -0.00452  -0.00448
       -0.00448  -0.00448  -0.00448  -0.00447  -0.00447  -0.00447  -0.00446  -0.00446  -0.00436
       -0.00436  -0.00434  -0.00428  -0.00428  -0.00425  -0.00425  -0.00425  -0.00425  -0.00424
       -0.00422  -0.00422  -0.00418  -0.00418  -0.00417  -0.00417  -0.00415  -0.00415  -0.00408
       -0.00406  -0.00406  -0.00404  -0.00404  -0.00402  -0.00402  -0.00397  -0.00397  -0.00396
       -0.00396  -0.00396  -0.00396  -0.00395  -0.00395  -0.00388  -0.00388  -0.00384  -0.00384
       -0.00384  -0.00383  -0.00383  -0.00378  -0.00369  -0.00369  -0.00366  -0.00366  -0.00365
       -0.00365  -0.00363  -0.00363  -0.00361  -0.00361  -0.00359  -0.00359  -0.00358  -0.00358
       -0.00356  -0.00356  -0.00355  -0.00355  -0.00351  -0.00350  -0.00350  -0.00350  -0.00350
       -0.00344  -0.00344  -0.00341  -0.00341  -0.00339  -0.00339  -0.00335  -0.00333  -0.00333
       -0.00330  -0.00330  -0.00327  -0.00327  -0.00325  -0.00325  -0.00324  -0.00324  -0.00321
       -0.00320  -0.00319  -0.00319  -0.00319  -0.00318  -0.00318  -0.00317  -0.00317  -0.00315
       -0.00314  -0.00314  -0.00313  -0.00313  -0.00310  -0.00310  -0.00307  -0.00307  -0.00306
       -0.00302  -0.00302  -0.00302  -0.00302  -0.00297  -0.00293  -0.00293  -0.00293  -0.00293
       -0.00293  -0.00293  -0.00292  -0.00292  -0.00290  -0.00290  -0.00289  -0.00289  -0.00289
       -0.00287  -0.00287  -0.00287  -0.00287  -0.00286  -0.00286  -0.00282  -0.00281  -0.00279
       -0.00279  -0.00278  -0.00278  -0.00277  -0.00273  -0.00273  -0.00271  -0.00271  -0.00270
       -0.00269  -0.00268  -0.00267  -0.00267  -0.00264  -0.00264  -0.00262  -0.00262  -0.00261
       -0.00260  -0.00260  -0.00259  -0.00259  -0.00259
        
     --------------------------------------------------------------------------------------------
     Tot. elapsed time 18m-04.7s,  time spent in last iteration 11.7s
     --------------------------------------------------------------------------------------------
      
     --------------------------------------------------------------------------------------------
     Database written in 45.5s               
     In location : ./hcn_500.wstat.save
     --------------------------------------------------------------------------------------------
       
     --------------------------------------------------------------------------------------------
     Convergence achieved !!! in        3 steps                          
     --------------------------------------------------------------------------------------------
 
     WSTAT        : 11m30.68s CPU    19m43.63s WALL

     wstat_readin :      5.88s CPU     38.52s WALL (       1 calls)
     fetch_nml    :      0.00s CPU      0.00s WALL (       1 calls)
     read_xml     :      1.33s CPU      1.56s WALL (       1 calls)
     init_vloc    :      0.16s CPU      0.16s WALL (       2 calls)
     fft          :      0.26s CPU      0.31s WALL (      11 calls)
     fft_scatter  :     82.08s CPU     82.14s WALL (   25679 calls)
     v_of_rho     :      0.29s CPU      0.31s WALL (       1 calls)
     v_xc         :      0.25s CPU      0.27s WALL (       1 calls)
     v_h          :      0.03s CPU      0.04s WALL (       1 calls)
     read_wave    :      4.54s CPU     36.78s WALL (       1 calls)
     davcio       :      0.00s CPU      0.74s WALL (       2 calls)
     init_us_1    :      0.03s CPU      0.03s WALL (       2 calls)
     do_setup     :      0.21s CPU      0.22s WALL (       1 calls)
     init_pw_ar   :      0.20s CPU      0.21s WALL (       1 calls)
     init_at_1    :      0.00s CPU      0.00s WALL (       1 calls)
     storesqvc    :      0.00s CPU      0.00s WALL (       1 calls)
     chidiago     :    684.54s CPU   1144.83s WALL (       1 calls)
     randomize    :      1.15s CPU      1.16s WALL (       1 calls)
     paramgs      :     16.50s CPU     16.60s WALL (       5 calls)
     dfpt         :    406.85s CPU    408.62s WALL (       5 calls)
     init_us_2    :      0.02s CPU      0.02s WALL (       5 calls)
     fftw         :    234.31s CPU    235.28s WALL (   25668 calls)
     alphapc      :      0.31s CPU      0.30s WALL (     186 calls)
     wstat_restar :    209.86s CPU    626.91s WALL (       4 calls)
     linstern     :    319.17s CPU    320.44s WALL (     136 calls)
     stern        :    308.26s CPU    309.52s WALL (    4025 calls)
     h_psi_bgrp   :    303.15s CPU    304.36s WALL (    4025 calls)
     h_psi        :    303.14s CPU    304.35s WALL (    4025 calls)
     h_psi:pot    :    301.85s CPU    303.04s WALL (    4025 calls)
     vloc_psi     :    283.51s CPU    284.55s WALL (    4025 calls)
     h_psi:calbec :     11.36s CPU     10.33s WALL (    4025 calls)
     calbec       :     11.34s CPU     10.31s WALL (    4025 calls)
     add_vuspsi   :      6.95s CPU      8.13s WALL (    4025 calls)
     alphapv      :      3.46s CPU      3.43s WALL (    4025 calls)
     build_hr     :      9.23s CPU     10.21s WALL (       4 calls)
     diagox       :      2.94s CPU      2.99s WALL (       4 calls)
     redistr_vr   :      0.42s CPU      0.44s WALL (       3 calls)
     update_vr    :     15.10s CPU     16.65s WALL (       3 calls)
     symm_hr      :      0.42s CPU      0.45s WALL (       3 calls)
     chidiago:las :      0.00s CPU      0.00s WALL (       1 calls)
     refresh_vr   :      6.49s CPU      6.74s WALL (       1 calls)
     pdep_db      :     14.75s CPU     45.57s WALL (       1 calls)
 
     WSTAT        : 11m30.68s CPU    19m43.64s WALL

 
   This run was terminated on:  16:48:52   9Jul2018            

=------------------------------------------------------------------------------=
   JOB DONE.
=------------------------------------------------------------------------------=
