
     Program WSTAT v. 2.0.0 starts on 13May2018 at 20:51:20 

     This program is part of the open-source West suite
     for massively parallel calculations of excited states in materials; please cite
         "M. Govoni et al., J. Chem. Theory Comput. 11, 2680 (2015);
          URL http://www.west-code.org", 
     in publications or presentations arising from this work.

     Based on the Quantum ESPRESSO v. 6.1 svn rev. 13369
       
     --------------------------------------------------------------------------------------------
     **MPI** Parallelization Status                                      
     --------------------------------------------------------------------------------------------
                   160                  10             1             1            16
     --------------------------------------------------------------------------------------------
                     N         =         I      X      P      X      B      X      Z
                     ^                   ^             ^             ^             ^
                     |                   |             |             |             |
                   #rnk                  |             |             |             |
                                      #image           |             |             |
                                                     #pool           |             |
                                                                   #bgrp           |
                                                                                 #R&G
     --------------------------------------------------------------------------------------------
     **OPENMP** Parallelization Status
     #thr/rnk               =            1
     --------------------------------------------------------------------------------------------
     #prc = (rnk) * (thr) =          160
     --------------------------------------------------------------------------------------------
       
     --------------------------------------------------------------------------------------------
     I/O Summary : input_west                                            
     --------------------------------------------------------------------------------------------
     qe_prefix      = f2
     west_prefix    = f2
     outdir         = ./
     --------------------------------------------------------------------------------------------
       
     --------------------------------------------------------------------------------------------
     I/O Summary : wstat_control                                         
     --------------------------------------------------------------------------------------------
     wstat_calculation              =              S
     n_pdep_eigen                   =            100
     n_kin_pdep_eigen               =            400
     n_lindhard_eigen               =              0
     n_pdep_times                   =              4
     n_pdep_maxiter                 =            100
     n_dfpt_maxiter                 =            250
     n_pdep_read_from_file          =              0
     trev_pdep                      =   1.000000E-03
     trev_pdep_rel                  =   1.000000E-01
     tr2_dfpt                       =   1.000000E-12
     l_kinetic_only                 =              F
     l_minimize_exx_if_active       =              F
     l_use_ecutrho                  =              F
     l_pure_eigen                   =              F
     --------------------------------------------------------------------------------------------

     Reading data from directory:
     ./f2.save

   Info: using nr1, nr2, nr3 values from input

   Info: using nr1, nr2, nr3 values from input

     IMPORTANT: XC functional enforced from input :
     Exchange-correlation      = PBE ( 1  4  3  4 0 0)
     Any further DFT definition will be discarded
     Please, verify this is what you really want

     Message from routine readpp:
     file ./f2.save/F_ONCV_PBE-1.0.upf not found
 
     Parallelization info
     --------------------
     sticks:   dense  smooth     PW     G-vecs:    dense   smooth      PW
     Min        1520    1520    379               178660   178660   22323
     Max        1522    1522    384               178666   178666   22328
     Sum       24345   24345   6093              2858633  2858633  357213
 
       
     --------------------------------------------------------------------------------------------
     System Overview                                                     
     --------------------------------------------------------------------------------------------
     gamma_only           =              T
     ecutwfc [Ry]         =      85.000000
     omega [au^3]         =   2.700000E+04
     glob. #G             =         178607
     nbnd                 =            100
     nkstot               =              1
     nspin                =              1
     nelec                =      14.000000
     npol                 =              1
     lsda                 =              F
     noncolin             =              F
     lspinorb             =              F
     domag                =              F
     --------------------------------------------------------------------------------------------

     sFFT G-space:  1429317 G-vectors     R-space: ( 180, 180, 180)
     dFFT G-space:  1429317 G-vectors     R-space: ( 180, 180, 180)

     Cell [a.u.]          =      30.000000      0.000000      0.000000
                          =       0.000000     30.000000      0.000000
                          =       0.000000      0.000000     30.000000
      
     number of ks points=     1
                       cart. coord. in units 2pi/alat
        k(    1) = (   0.0000000   0.0000000   0.0000000), wk =   2.0000000

                       cryst. coord.
        k(    1) = (   0.0000000   0.0000000   0.0000000), wk =   2.0000000
 
     Spherical div        =   1.654268E-01
     Orthorombic div      =   1.628502E-01
       
     --------------------------------------------------------------------------------------------
     Parallelization for nvecx                                           
     --------------------------------------------------------------------------------------------
     nglob                =            400
     nlevel               =             10
     Min nglob/nlevel     =             40
     Max nglob/nlevel     =             40
     --------------------------------------------------------------------------------------------

     [MEM] ----------------------------------------------------------
     [MEM] **Memory** analysis: QE
     [MEM] ----------------------------------------------------------
     [MEM] Allocated arrays           est. size (Mb)     dimensions
     [MEM] ----------------------------------------------------------
     [MEM] Kohn-Sham Wavefunctions      17.03 Mb     (  11164,  100)
     [MEM] NL pseudopotentials           2.73 Mb     (  11164,   16)
     [MEM] Each V/rho on FFT grid        5.93 Mb     ( 388800)
     [MEM] Each G-vector array           0.68 Mb     (  89333)
     [MEM] G-vector shells               0.05 Mb     (   6125)
     [MEM] ----------------------------------------------------------
     [MEM] TOT                          26.42 Mb
     [MEM] ----------------------------------------------------------
     [MEM] 
     [MEM] ----------------------------------------------------------
     [MEM] **Memory** analysis: WSTAT global
     [MEM] ----------------------------------------------------------
     [MEM] Allocated arrays           est. size (Mb)     dimensions
     [MEM] ----------------------------------------------------------
     [MEM] dvg                           6.81 Mb     (  11164,   40)
     [MEM] dng                           6.81 Mb     (  11164,   40)
     [MEM] hr_distr                      0.12 Mb     (    400,   40)
     [MEM] vr_distr                      0.12 Mb     (    400,   40)
     [MEM] ----------------------------------------------------------
     [MEM] TOT                          13.87 Mb
     [MEM] ----------------------------------------------------------
     [MEM] 
     [MEM] ----------------------------------------------------------
     [MEM] **Memory** analysis: WSTAT temporary
     [MEM] ----------------------------------------------------------
     [MEM] Allocated arrays           est. size (Mb)     dimensions
     [MEM] ----------------------------------------------------------
     [MEM] dvpsi                         1.19 Mb     (  11164,    7)
     [MEM] dpsi                          1.19 Mb     (  11164,    7)
     [MEM] ----------------------------------------------------------
     [MEM] Total estimate                2.38 Mb
     [MEM] ----------------------------------------------------------

                       *----------*              *----------*               *----------*
     #     Iteration = | starting |   DFPT_dim = |      100 |   Diago_dim = |      100 |  x 1/2
                       *----------*              *----------*               *----------*
     per-process dynamical memory   115.2 Mb
  
       
     --------------------------------------------------------------------------------------------
     Sternheimer eq. solver... with lite-solver                          
     --------------------------------------------------------------------------------------------
     in progress... |##                  | 010% :               00.2s (E)               02.5s (X)
     in progress... |####                | 020% :               00.5s (E)               02.5s (X)
     in progress... |######              | 030% :               00.7s (E)               02.5s (X)
     in progress... |########            | 040% :               01.0s (E)               02.5s (X)
     in progress... |##########          | 050% :               01.2s (E)               02.5s (X)
     in progress... |############        | 060% :               01.5s (E)               02.5s (X)
     in progress... |##############      | 070% :               01.7s (E)               02.5s (X)
     in progress... |################    | 080% :               02.0s (E)               02.5s (X)
     in progress... |##################  | 090% :               02.3s (E)               02.5s (X)
     in progress... |####################| 100% :               02.5s (E)               02.5s (X)
     --------------------------------------------------------------------------------------------

     [I/O] -------------------------------------------------------
     [I/O] RESTART written in < 00.1s             
     [I/O] In location   : ./f2_100_400.wstat.restart
     [I/O] -------------------------------------------------------

                       *----------*              *----------*               *----------*
     #     Iteration = | starting |   DFPT_dim = |      100 |   Diago_dim = |      100 |  x 2/2
                       *----------*              *----------*               *----------*
     per-process dynamical memory   121.3 Mb
  
       
     --------------------------------------------------------------------------------------------
     Sternheimer eq. solver... with threshold =   1.000000E-06           
     --------------------------------------------------------------------------------------------
     in progress... |##                  | 010% :               02.9s (E)               29.3s (X)
     in progress... |####                | 020% :               05.8s (E)               29.1s (X)
     in progress... |######              | 030% :               08.7s (E)               29.1s (X)
     in progress... |########            | 040% :               11.6s (E)               29.0s (X)
     in progress... |##########          | 050% :               14.4s (E)               28.9s (X)
     in progress... |############        | 060% :               17.2s (E)               28.8s (X)
     in progress... |##############      | 070% :               20.1s (E)               28.7s (X)
     in progress... |################    | 080% :               22.9s (E)               28.6s (X)
     in progress... |##################  | 090% :               25.6s (E)               28.5s (X)
     in progress... |####################| 100% :               28.4s (E)               28.4s (X)
     --------------------------------------------------------------------------------------------
     p-DIAGOX done in < 00.1s with a SCALAPACK grid (3x3)
     --------------------------------------------------------------------------------------------
        
       -3.74617  -1.14448  -1.12821  -1.10764  -0.84633  -0.77376  -0.64196  -0.63229  -0.48578
       -0.48285  -0.44371  -0.39181  -0.38734  -0.35083  -0.34721  -0.25588  -0.25117  -0.22673
       -0.20957  -0.20785  -0.20137  -0.19948  -0.19396  -0.17991  -0.14196  -0.13885  -0.13701
       -0.13582  -0.13291  -0.12920  -0.12866  -0.12767  -0.12514  -0.12226  -0.12132  -0.11490
       -0.11250  -0.11029  -0.10441  -0.10154  -0.09499  -0.09198  -0.09068  -0.08815  -0.08433
       -0.07640  -0.06748  -0.06506  -0.06326  -0.06070  -0.05803  -0.05377  -0.04633  -0.04500
       -0.04308  -0.04181  -0.04068  -0.04006  -0.03937  -0.03903  -0.03685  -0.03652  -0.03505
       -0.03494  -0.03378  -0.03277  -0.03261  -0.03215  -0.03141  -0.03014  -0.02991  -0.02954
       -0.02825  -0.02804  -0.02735  -0.02548  -0.02476  -0.02376  -0.02309  -0.02232  -0.02178
       -0.02032  -0.01931  -0.01863  -0.01812  -0.01766  -0.01726  -0.01673  -0.01632  -0.01623
       -0.01509  -0.01497  -0.01325  -0.01318  -0.01270  -0.01232  -0.01209  -0.01155  -0.01042
       -0.01007
        
     --------------------------------------------------------------------------------------------
     Tot. elapsed time 54.1s,  time spent in last iteration 54.1s
     --------------------------------------------------------------------------------------------

     [I/O] -------------------------------------------------------
     [I/O] RESTART written in < 00.1s             
     [I/O] In location   : ./f2_100_400.wstat.restart
     [I/O] -------------------------------------------------------

                       *----------*              *----------*               *----------*
     #     Iteration = |        1 |   DFPT_dim = |      100 |   Diago_dim = |      200 |
                       *----------*              *----------*               *----------*
     per-process dynamical memory   129.1 Mb
  
       
     --------------------------------------------------------------------------------------------
     Sternheimer eq. solver... with threshold =   1.000000E-12           
     --------------------------------------------------------------------------------------------
     in progress... |##                  | 010% :               04.4s (E)               44.1s (X)
     in progress... |####                | 020% :               08.8s (E)               44.0s (X)
     in progress... |######              | 030% :               13.2s (E)               44.0s (X)
     in progress... |########            | 040% :               17.5s (E)               43.8s (X)
     in progress... |##########          | 050% :               21.9s (E)               43.8s (X)
     in progress... |############        | 060% :               26.2s (E)               43.7s (X)
     in progress... |##############      | 070% :               30.5s (E)               43.6s (X)
     in progress... |################    | 080% :               34.8s (E)               43.5s (X)
     in progress... |##################  | 090% :               39.1s (E)               43.5s (X)
     in progress... |####################| 100% :               43.4s (E)               43.4s (X)
     --------------------------------------------------------------------------------------------
     p-DIAGOX done in < 00.1s with a SCALAPACK grid (6x6)
     --------------------------------------------------------------------------------------------
        
       -3.76479  -1.35924  -1.23016  -1.23014  -0.96784  -0.78615  -0.67543  -0.67542  -0.49871
       -0.49870  -0.48544  -0.41049  -0.41048  -0.36189  -0.36188  -0.26587  -0.26586  -0.26005
       -0.22351  -0.22350  -0.21649  -0.21648  -0.20244  -0.19653  -0.16512  -0.15772  -0.15397
       -0.15396  -0.14262  -0.14261  -0.14071  -0.14068  -0.13605  -0.13603  -0.13235  -0.13234
       -0.13155  -0.13154  -0.12105  -0.11933  -0.11933  -0.10870  -0.10865  -0.10725  -0.10718
       -0.10477  -0.09162  -0.07775  -0.07703  -0.07696  -0.07607  -0.07604  -0.05670  -0.05629
       -0.05605  -0.05441  -0.05215  -0.05206  -0.05048  -0.05045  -0.05011  -0.04997  -0.04897
       -0.04848  -0.04828  -0.04819  -0.04629  -0.04562  -0.04531  -0.04494  -0.04478  -0.04325
       -0.04306  -0.04195  -0.04116  -0.04093  -0.04060  -0.03959  -0.03791  -0.03766  -0.03716
       -0.03701  -0.03674  -0.03671  -0.03544  -0.03534  -0.03485  -0.03406  -0.03172  -0.03131
       -0.03062  -0.02961  -0.02902  -0.02747  -0.02638  -0.02628  -0.02526  -0.02474  -0.02401
       -0.02221
        
     --------------------------------------------------------------------------------------------
     Tot. elapsed time 02m-03.0s,  time spent in last iteration 50.6s
     --------------------------------------------------------------------------------------------

     [I/O] -------------------------------------------------------
     [I/O] RESTART written in < 00.1s             
     [I/O] In location   : ./f2_100_400.wstat.restart
     [I/O] -------------------------------------------------------

                       *----------*              *----------*               *----------*
     #     Iteration = |        2 |   DFPT_dim = |      100 |   Diago_dim = |      300 |
                       *----------*              *----------*               *----------*
     per-process dynamical memory   129.1 Mb
  
       
     --------------------------------------------------------------------------------------------
     Sternheimer eq. solver... with threshold =   1.000000E-12           
     --------------------------------------------------------------------------------------------
     in progress... |##                  | 010% :               04.2s (E)               42.8s (X)
     in progress... |####                | 020% :               08.5s (E)               42.7s (X)
     in progress... |######              | 030% :               12.7s (E)               42.5s (X)
     in progress... |########            | 040% :               17.0s (E)               42.5s (X)
     in progress... |##########          | 050% :               21.2s (E)               42.5s (X)
     in progress... |############        | 060% :               25.5s (E)               42.6s (X)
     in progress... |##############      | 070% :               29.7s (E)               42.5s (X)
     in progress... |################    | 080% :               34.0s (E)               42.5s (X)
     in progress... |##################  | 090% :               38.2s (E)               42.4s (X)
     in progress... |####################| 100% :               42.4s (E)               42.4s (X)
     --------------------------------------------------------------------------------------------
     p-DIAGOX done in < 00.1s with a SCALAPACK grid (9x9)
     --------------------------------------------------------------------------------------------
        
       -3.76479  -1.35924  -1.23016  -1.23015  -0.96784  -0.78615  -0.67544  -0.67542  -0.49871
       -0.49870  -0.48545  -0.41050  -0.41049  -0.36190  -0.36189  -0.26588  -0.26587  -0.26007
       -0.22353  -0.22353  -0.21650  -0.21650  -0.20245  -0.19657  -0.16517  -0.15779  -0.15400
       -0.15399  -0.14265  -0.14265  -0.14075  -0.14074  -0.13608  -0.13608  -0.13237  -0.13237
       -0.13161  -0.13161  -0.12112  -0.11939  -0.11938  -0.10882  -0.10882  -0.10730  -0.10730
       -0.10485  -0.09187  -0.07801  -0.07729  -0.07728  -0.07624  -0.07623  -0.05711  -0.05655
       -0.05655  -0.05535  -0.05237  -0.05237  -0.05107  -0.05106  -0.05061  -0.05061  -0.04940
       -0.04939  -0.04888  -0.04888  -0.04707  -0.04622  -0.04622  -0.04552  -0.04552  -0.04390
       -0.04389  -0.04289  -0.04180  -0.04179  -0.04129  -0.04128  -0.03876  -0.03875  -0.03844
       -0.03844  -0.03717  -0.03707  -0.03707  -0.03628  -0.03627  -0.03568  -0.03285  -0.03285
       -0.03261  -0.03163  -0.03161  -0.02878  -0.02874  -0.02739  -0.02621  -0.02613  -0.02612
       -0.02406
        
     --------------------------------------------------------------------------------------------
     Tot. elapsed time 03m-29.3s,  time spent in last iteration 49.6s
     --------------------------------------------------------------------------------------------

     [I/O] -------------------------------------------------------
     [I/O] RESTART written in < 00.1s             
     [I/O] In location   : ./f2_100_400.wstat.restart
     [I/O] -------------------------------------------------------

                       *----------*              *----------*               *----------*
     #     Iteration = |        3 |   DFPT_dim = |       18 |   Diago_dim = |      318 |
                       *----------*              *----------*               *----------*
     per-process dynamical memory   129.1 Mb
  
       
     --------------------------------------------------------------------------------------------
     Sternheimer eq. solver... with threshold =   1.000000E-12           
     --------------------------------------------------------------------------------------------
     in progress... |##########          | 050% :               04.1s (E)               08.3s (X)
     in progress... |####################| 100% :               08.3s (E)               08.3s (X)
     --------------------------------------------------------------------------------------------
     p-DIAGOX done in < 00.1s with a SCALAPACK grid (9x9)
     --------------------------------------------------------------------------------------------
        
       -3.76479  -1.35924  -1.23016  -1.23015  -0.96784  -0.78615  -0.67544  -0.67542  -0.49871
       -0.49870  -0.48545  -0.41050  -0.41049  -0.36190  -0.36189  -0.26588  -0.26587  -0.26007
       -0.22353  -0.22353  -0.21650  -0.21650  -0.20245  -0.19657  -0.16517  -0.15779  -0.15400
       -0.15399  -0.14265  -0.14265  -0.14075  -0.14074  -0.13608  -0.13608  -0.13237  -0.13237
       -0.13161  -0.13161  -0.12112  -0.11939  -0.11938  -0.10882  -0.10882  -0.10730  -0.10730
       -0.10485  -0.09187  -0.07801  -0.07729  -0.07728  -0.07624  -0.07624  -0.05711  -0.05655
       -0.05655  -0.05535  -0.05237  -0.05237  -0.05107  -0.05107  -0.05061  -0.05061  -0.04940
       -0.04939  -0.04888  -0.04888  -0.04708  -0.04622  -0.04622  -0.04553  -0.04553  -0.04390
       -0.04390  -0.04289  -0.04180  -0.04180  -0.04130  -0.04130  -0.03878  -0.03877  -0.03846
       -0.03845  -0.03718  -0.03707  -0.03707  -0.03630  -0.03629  -0.03570  -0.03288  -0.03288
       -0.03267  -0.03167  -0.03167  -0.02880  -0.02880  -0.02742  -0.02624  -0.02615  -0.02615
       -0.02421
        
     --------------------------------------------------------------------------------------------
     Tot. elapsed time 04m-34.8s,  time spent in last iteration 11.0s
     --------------------------------------------------------------------------------------------
      
     --------------------------------------------------------------------------------------------
     Database written in 09.0s               
     In location : ./f2_100_400.wstat.save
     --------------------------------------------------------------------------------------------
       
     --------------------------------------------------------------------------------------------
     Convergence achieved !!! in        3 steps                          
     --------------------------------------------------------------------------------------------
       
     --------------------------------------------------------------------------------------------
     ** Now compute kinetic eigenpotentials **                           
     --------------------------------------------------------------------------------------------
       
     --------------------------------------------------------------------------------------------
     Parallelization for newnvecx                                        
     --------------------------------------------------------------------------------------------
     nglob                =           1600
     nlevel               =             10
     Min nglob/nlevel     =            160
     Max nglob/nlevel     =            160
     --------------------------------------------------------------------------------------------
       
     --------------------------------------------------------------------------------------------
     Parallelization for merge_nvecx                                     
     --------------------------------------------------------------------------------------------
     nglob                =           2000
     nlevel               =             10
     Min nglob/nlevel     =            200
     Max nglob/nlevel     =            200
     --------------------------------------------------------------------------------------------

                       *----------*              *----------*               *----------*
     #     Iteration = | starting |   DFPT_dim = |      400 |   Diago_dim = |      400 |  x 1/2
                       *----------*              *----------*               *----------*
       
     --------------------------------------------------------------------------------------------
     Applying projection operator formed by dvg                          
     --------------------------------------------------------------------------------------------
     per-process dynamical memory   228.2 Mb
  
       
     --------------------------------------------------------------------------------------------
     Sternheimer eq. solver... with lite-solver                          
     --------------------------------------------------------------------------------------------
     in progress... |#                   | 005% :               00.5s (E)               10.2s (X)
     in progress... |##                  | 010% :               01.0s (E)               10.1s (X)
     in progress... |###                 | 015% :               01.5s (E)               10.1s (X)
     in progress... |####                | 020% :               02.0s (E)               10.1s (X)
     in progress... |#####               | 025% :               02.5s (E)               10.1s (X)
     in progress... |######              | 030% :               03.0s (E)               10.1s (X)
     in progress... |#######             | 035% :               03.5s (E)               10.1s (X)
     in progress... |########            | 040% :               04.0s (E)               10.1s (X)
     in progress... |#########           | 045% :               04.5s (E)               10.1s (X)
     in progress... |##########          | 050% :               05.0s (E)               10.1s (X)
     in progress... |###########         | 055% :               05.5s (E)               10.1s (X)
     in progress... |############        | 060% :               06.0s (E)               10.1s (X)
     in progress... |#############       | 065% :               06.6s (E)               10.1s (X)
     in progress... |##############      | 070% :               07.1s (E)               10.1s (X)
     in progress... |###############     | 075% :               07.6s (E)               10.1s (X)
     in progress... |################    | 080% :               08.1s (E)               10.1s (X)
     in progress... |#################   | 085% :               08.6s (E)               10.1s (X)
     in progress... |##################  | 090% :               09.1s (E)               10.1s (X)
     in progress... |################### | 095% :               09.6s (E)               10.1s (X)
     in progress... |####################| 100% :               10.1s (E)               10.1s (X)
       
     --------------------------------------------------------------------------------------------
     Applying projection operator formed by dvg                          
     --------------------------------------------------------------------------------------------
     --------------------------------------------------------------------------------------------

     [I/O] -------------------------------------------------------
     [I/O] RESTART written in < 00.1s             
     [I/O] In location   : ./f2_100_400.wstat.restart
     [I/O] -------------------------------------------------------

                       *----------*              *----------*               *----------*
     #     Iteration = | starting |   DFPT_dim = |      400 |   Diago_dim = |      400 |  x 2/2
                       *----------*              *----------*               *----------*
       
     --------------------------------------------------------------------------------------------
     Applying projection operator formed by dvg                          
     --------------------------------------------------------------------------------------------
     per-process dynamical memory   228.2 Mb
  
       
     --------------------------------------------------------------------------------------------
     Sternheimer eq. solver... with threshold =   1.000000E-06           
     --------------------------------------------------------------------------------------------
     in progress... |#                   | 005% :               00.7s (E)               15.6s (X)
     in progress... |##                  | 010% :               01.5s (E)               15.5s (X)
     in progress... |###                 | 015% :               02.3s (E)               15.5s (X)
     in progress... |####                | 020% :               03.1s (E)               15.5s (X)
     in progress... |#####               | 025% :               03.8s (E)               15.5s (X)
     in progress... |######              | 030% :               04.6s (E)               15.4s (X)
     in progress... |#######             | 035% :               05.4s (E)               15.4s (X)
     in progress... |########            | 040% :               06.1s (E)               15.4s (X)
     in progress... |#########           | 045% :               06.9s (E)               15.4s (X)
     in progress... |##########          | 050% :               07.6s (E)               15.3s (X)
     in progress... |###########         | 055% :               08.4s (E)               15.3s (X)
     in progress... |############        | 060% :               09.2s (E)               15.3s (X)
     in progress... |#############       | 065% :               09.9s (E)               15.3s (X)
     in progress... |##############      | 070% :               10.7s (E)               15.3s (X)
     in progress... |###############     | 075% :               11.4s (E)               15.3s (X)
     in progress... |################    | 080% :               12.2s (E)               15.3s (X)
     in progress... |#################   | 085% :               12.9s (E)               15.2s (X)
     in progress... |##################  | 090% :               13.7s (E)               15.2s (X)
     in progress... |################### | 095% :               14.5s (E)               15.2s (X)
     in progress... |####################| 100% :               15.2s (E)               15.2s (X)
       
     --------------------------------------------------------------------------------------------
     Applying projection operator formed by dvg                          
     --------------------------------------------------------------------------------------------
     --------------------------------------------------------------------------------------------
     p-DIAGOX done in 00.3s with a SCALAPACK grid (12x12)
     --------------------------------------------------------------------------------------------
        
       -0.02088  -0.02084  -0.02054  -0.02050  -0.02011  -0.02002  -0.01983  -0.01980  -0.01976
       -0.01973  -0.01945  -0.01942  -0.01890  -0.01888  -0.01886  -0.01883  -0.01864  -0.01861
       -0.01834  -0.01826  -0.01785  -0.01780  -0.01773  -0.01745  -0.01738  -0.01672  -0.01669
       -0.01661  -0.01658  -0.01648  -0.01646  -0.01641  -0.01632  -0.01600  -0.01583  -0.01582
       -0.01552  -0.01548  -0.01530  -0.01498  -0.01493  -0.01480  -0.01463  -0.01461  -0.01459
       -0.01401  -0.01398  -0.01396  -0.01385  -0.01353  -0.01351  -0.01336  -0.01232  -0.01230
       -0.01221  -0.01218  -0.01189  -0.01178  -0.01167  -0.01095  -0.01090  -0.01076  -0.01049
       -0.01045  -0.01039  -0.01036  -0.01034  -0.01030  -0.01028  -0.01022  -0.01019  -0.01016
       -0.01004  -0.00997  -0.00991  -0.00983  -0.00980  -0.00973  -0.00968  -0.00962  -0.00957
       -0.00951  -0.00950  -0.00943  -0.00940  -0.00937  -0.00931  -0.00928  -0.00919  -0.00916
       -0.00910  -0.00905  -0.00892  -0.00886  -0.00878  -0.00866  -0.00862  -0.00857  -0.00845
       -0.00840  -0.00832  -0.00825  -0.00822  -0.00813  -0.00800  -0.00795  -0.00793  -0.00787
       -0.00783  -0.00772  -0.00768  -0.00761  -0.00755  -0.00750  -0.00741  -0.00732  -0.00730
       -0.00721  -0.00715  -0.00702  -0.00701  -0.00699  -0.00688  -0.00673  -0.00666  -0.00662
       -0.00656  -0.00636  -0.00630  -0.00620  -0.00615  -0.00608  -0.00601  -0.00599  -0.00590
       -0.00585  -0.00579  -0.00575  -0.00567  -0.00565  -0.00560  -0.00558  -0.00553  -0.00552
       -0.00548  -0.00546  -0.00537  -0.00535  -0.00534  -0.00532  -0.00527  -0.00521  -0.00520
       -0.00518  -0.00515  -0.00510  -0.00509  -0.00505  -0.00500  -0.00499  -0.00496  -0.00494
       -0.00492  -0.00486  -0.00485  -0.00481  -0.00478  -0.00475  -0.00473  -0.00466  -0.00463
       -0.00458  -0.00457  -0.00453  -0.00451  -0.00447  -0.00446  -0.00442  -0.00438  -0.00436
       -0.00433  -0.00430  -0.00428  -0.00426  -0.00423  -0.00418  -0.00416  -0.00413  -0.00410
       -0.00404  -0.00402  -0.00399  -0.00397  -0.00396  -0.00391  -0.00388  -0.00386  -0.00385
       -0.00378  -0.00377  -0.00375  -0.00371  -0.00367  -0.00364  -0.00362  -0.00356  -0.00351
       -0.00350  -0.00348  -0.00347  -0.00344  -0.00342  -0.00340  -0.00339  -0.00337  -0.00333
       -0.00331  -0.00327  -0.00325  -0.00321  -0.00319  -0.00317  -0.00315  -0.00314  -0.00310
       -0.00307  -0.00303  -0.00299  -0.00295  -0.00294  -0.00292  -0.00290  -0.00288  -0.00285
       -0.00285  -0.00282  -0.00279  -0.00278  -0.00274  -0.00271  -0.00270  -0.00269  -0.00268
       -0.00263  -0.00261  -0.00260  -0.00258  -0.00257  -0.00255  -0.00253  -0.00251  -0.00247
       -0.00246  -0.00245  -0.00243  -0.00241  -0.00240  -0.00240  -0.00238  -0.00234  -0.00233
       -0.00230  -0.00227  -0.00226  -0.00225  -0.00224  -0.00223  -0.00222  -0.00221  -0.00219
       -0.00217  -0.00216  -0.00213  -0.00211  -0.00210  -0.00210  -0.00208  -0.00206  -0.00203
       -0.00201  -0.00199  -0.00198  -0.00197  -0.00195  -0.00194  -0.00193  -0.00192  -0.00191
       -0.00190  -0.00188  -0.00188  -0.00186  -0.00183  -0.00183  -0.00180  -0.00179  -0.00177
       -0.00177  -0.00174  -0.00174  -0.00173  -0.00171  -0.00170  -0.00169  -0.00168  -0.00165
       -0.00164  -0.00163  -0.00162  -0.00161  -0.00160  -0.00158  -0.00157  -0.00155  -0.00154
       -0.00153  -0.00150  -0.00149  -0.00148  -0.00147  -0.00146  -0.00145  -0.00144  -0.00143
       -0.00142  -0.00140  -0.00139  -0.00138  -0.00137  -0.00135  -0.00135  -0.00133  -0.00132
       -0.00131  -0.00130  -0.00129  -0.00128  -0.00127  -0.00126  -0.00124  -0.00123  -0.00122
       -0.00121  -0.00119  -0.00118  -0.00117  -0.00116  -0.00115  -0.00114  -0.00113  -0.00112
       -0.00112  -0.00111  -0.00110  -0.00109  -0.00107  -0.00106  -0.00105  -0.00105  -0.00103
       -0.00102  -0.00101  -0.00101  -0.00099  -0.00099  -0.00098  -0.00096  -0.00096  -0.00096
       -0.00094  -0.00092  -0.00092  -0.00091  -0.00090  -0.00089  -0.00087  -0.00087  -0.00086
       -0.00085  -0.00083  -0.00082  -0.00081  -0.00080  -0.00080  -0.00079  -0.00078  -0.00078
       -0.00077  -0.00076  -0.00074  -0.00072  -0.00072  -0.00070  -0.00069  -0.00068  -0.00067
       -0.00065  -0.00064  -0.00062   0.00008
        
     --------------------------------------------------------------------------------------------
     Tot. elapsed time 01m-46.2s,  time spent in last iteration 01m-46.2s
     --------------------------------------------------------------------------------------------

     [I/O] -------------------------------------------------------
     [I/O] RESTART written in < 00.1s             
     [I/O] In location   : ./f2_100_400.wstat.restart
     [I/O] -------------------------------------------------------

                       *----------*              *----------*               *----------*
     #     Iteration = |        1 |   DFPT_dim = |      400 |   Diago_dim = |      800 |
                       *----------*              *----------*               *----------*
       
     --------------------------------------------------------------------------------------------
     Applying projection operator formed by dvg                          
     --------------------------------------------------------------------------------------------
     per-process dynamical memory   220.1 Mb
  
       
     --------------------------------------------------------------------------------------------
     Sternheimer eq. solver... with threshold =   1.000000E-12           
     --------------------------------------------------------------------------------------------
     in progress... |#                   | 005% :               00.9s (E)               19.0s (X)
     in progress... |##                  | 010% :               01.9s (E)               19.1s (X)
     in progress... |###                 | 015% :               02.8s (E)               19.1s (X)
     in progress... |####                | 020% :               03.8s (E)               19.1s (X)
     in progress... |#####               | 025% :               04.7s (E)               19.1s (X)
     in progress... |######              | 030% :               05.7s (E)               19.1s (X)
     in progress... |#######             | 035% :               06.6s (E)               19.1s (X)
     in progress... |########            | 040% :               07.6s (E)               19.1s (X)
     in progress... |#########           | 045% :               08.6s (E)               19.1s (X)
     in progress... |##########          | 050% :               09.5s (E)               19.1s (X)
     in progress... |###########         | 055% :               10.5s (E)               19.1s (X)
     in progress... |############        | 060% :               11.4s (E)               19.1s (X)
     in progress... |#############       | 065% :               12.4s (E)               19.1s (X)
     in progress... |##############      | 070% :               13.3s (E)               19.1s (X)
     in progress... |###############     | 075% :               14.4s (E)               19.2s (X)
     in progress... |################    | 080% :               15.3s (E)               19.2s (X)
     in progress... |#################   | 085% :               16.3s (E)               19.2s (X)
     in progress... |##################  | 090% :               17.3s (E)               19.2s (X)
     in progress... |################### | 095% :               18.2s (E)               19.2s (X)
     in progress... |####################| 100% :               19.1s (E)               19.1s (X)
       
     --------------------------------------------------------------------------------------------
     Applying projection operator formed by dvg                          
     --------------------------------------------------------------------------------------------
     --------------------------------------------------------------------------------------------
     p-DIAGOX done in 00.4s with a SCALAPACK grid (12x12)
     --------------------------------------------------------------------------------------------
        
       -0.02110  -0.02110  -0.02071  -0.02070  -0.02037  -0.02034  -0.02011  -0.02010  -0.02007
       -0.02006  -0.01958  -0.01956  -0.01919  -0.01918  -0.01908  -0.01907  -0.01892  -0.01891
       -0.01851  -0.01850  -0.01806  -0.01806  -0.01804  -0.01772  -0.01772  -0.01692  -0.01692
       -0.01680  -0.01679  -0.01674  -0.01674  -0.01660  -0.01659  -0.01623  -0.01606  -0.01605
       -0.01599  -0.01598  -0.01570  -0.01525  -0.01524  -0.01503  -0.01487  -0.01483  -0.01482
       -0.01426  -0.01424  -0.01422  -0.01421  -0.01366  -0.01361  -0.01360  -0.01264  -0.01262
       -0.01254  -0.01253  -0.01210  -0.01207  -0.01198  -0.01137  -0.01136  -0.01126  -0.01094
       -0.01094  -0.01085  -0.01085  -0.01081  -0.01081  -0.01074  -0.01074  -0.01070  -0.01060
       -0.01060  -0.01057  -0.01054  -0.01054  -0.01020  -0.01020  -0.01019  -0.01018  -0.01017
       -0.01016  -0.01015  -0.01014  -0.00997  -0.00997  -0.00984  -0.00984  -0.00979  -0.00978
       -0.00970  -0.00969  -0.00955  -0.00954  -0.00949  -0.00948  -0.00945  -0.00925  -0.00925
       -0.00901  -0.00900  -0.00893  -0.00892  -0.00888  -0.00887  -0.00871  -0.00871  -0.00863
       -0.00859  -0.00859  -0.00859  -0.00859  -0.00850  -0.00808  -0.00808  -0.00808  -0.00807
       -0.00799  -0.00798  -0.00795  -0.00795  -0.00781  -0.00746  -0.00746  -0.00740  -0.00739
       -0.00739  -0.00729  -0.00728  -0.00709  -0.00693  -0.00692  -0.00680  -0.00680  -0.00662
       -0.00662  -0.00661  -0.00647  -0.00646  -0.00643  -0.00642  -0.00640  -0.00639  -0.00631
       -0.00630  -0.00620  -0.00614  -0.00613  -0.00612  -0.00612  -0.00611  -0.00611  -0.00610
       -0.00609  -0.00606  -0.00605  -0.00591  -0.00591  -0.00591  -0.00590  -0.00588  -0.00588
       -0.00585  -0.00584  -0.00574  -0.00574  -0.00569  -0.00569  -0.00563  -0.00563  -0.00561
       -0.00561  -0.00560  -0.00559  -0.00554  -0.00553  -0.00548  -0.00547  -0.00537  -0.00537
       -0.00525  -0.00525  -0.00515  -0.00514  -0.00510  -0.00510  -0.00507  -0.00506  -0.00505
       -0.00504  -0.00503  -0.00499  -0.00499  -0.00498  -0.00496  -0.00495  -0.00494  -0.00493
       -0.00492  -0.00491  -0.00482  -0.00480  -0.00479  -0.00466  -0.00466  -0.00465  -0.00465
       -0.00461  -0.00460  -0.00449  -0.00446  -0.00445  -0.00436  -0.00435  -0.00434  -0.00426
       -0.00424  -0.00423  -0.00422  -0.00421  -0.00421  -0.00418  -0.00418  -0.00414  -0.00411
       -0.00411  -0.00401  -0.00400  -0.00396  -0.00395  -0.00388  -0.00387  -0.00387  -0.00385
       -0.00385  -0.00384  -0.00383  -0.00378  -0.00377  -0.00376  -0.00376  -0.00366  -0.00364
       -0.00363  -0.00363  -0.00362  -0.00360  -0.00359  -0.00358  -0.00356  -0.00356  -0.00355
       -0.00355  -0.00352  -0.00351  -0.00349  -0.00348  -0.00348  -0.00347  -0.00346  -0.00344
       -0.00339  -0.00336  -0.00334  -0.00333  -0.00333  -0.00332  -0.00332  -0.00329  -0.00328
       -0.00327  -0.00327  -0.00325  -0.00325  -0.00324  -0.00322  -0.00320  -0.00319  -0.00318
       -0.00317  -0.00316  -0.00315  -0.00314  -0.00312  -0.00305  -0.00303  -0.00301  -0.00300
       -0.00299  -0.00297  -0.00297  -0.00296  -0.00295  -0.00294  -0.00293  -0.00293  -0.00291
       -0.00290  -0.00287  -0.00286  -0.00282  -0.00281  -0.00280  -0.00279  -0.00279  -0.00278
       -0.00277  -0.00276  -0.00274  -0.00273  -0.00272  -0.00270  -0.00270  -0.00268  -0.00268
       -0.00266  -0.00265  -0.00264  -0.00262  -0.00260  -0.00260  -0.00258  -0.00255  -0.00254
       -0.00253  -0.00253  -0.00252  -0.00251  -0.00249  -0.00247  -0.00246  -0.00245  -0.00243
       -0.00242  -0.00240  -0.00239  -0.00238  -0.00234  -0.00233  -0.00232  -0.00229  -0.00228
       -0.00227  -0.00226  -0.00226  -0.00224  -0.00224  -0.00223  -0.00221  -0.00221  -0.00221
       -0.00219  -0.00218  -0.00217  -0.00216  -0.00215  -0.00214  -0.00213  -0.00212  -0.00211
       -0.00210  -0.00209  -0.00208  -0.00206  -0.00206  -0.00205  -0.00204  -0.00204  -0.00204
       -0.00202  -0.00202  -0.00201  -0.00200  -0.00199  -0.00198  -0.00198  -0.00196  -0.00196
       -0.00195  -0.00194  -0.00193  -0.00193  -0.00191  -0.00190  -0.00189  -0.00188  -0.00188
       -0.00187  -0.00186  -0.00186  -0.00185  -0.00184  -0.00183  -0.00183  -0.00181  -0.00180
       -0.00180  -0.00179  -0.00179  -0.00177
        
     --------------------------------------------------------------------------------------------
     Tot. elapsed time 03m-30.2s,  time spent in last iteration 33.2s
     --------------------------------------------------------------------------------------------

     [I/O] -------------------------------------------------------
     [I/O] RESTART written in < 00.1s             
     [I/O] In location   : ./f2_100_400.wstat.restart
     [I/O] -------------------------------------------------------

                       *----------*              *----------*               *----------*
     #     Iteration = |        2 |   DFPT_dim = |      289 |   Diago_dim = |     1089 |
                       *----------*              *----------*               *----------*
       
     --------------------------------------------------------------------------------------------
     Applying projection operator formed by dvg                          
     --------------------------------------------------------------------------------------------
     per-process dynamical memory   219.3 Mb
  
       
     --------------------------------------------------------------------------------------------
     Sternheimer eq. solver... with threshold =   1.000000E-12           
     --------------------------------------------------------------------------------------------
     in progress... |#                   | 005% :               00.9s (E)               18.9s (X)
     in progress... |##                  | 010% :               01.4s (E)               14.2s (X)
     in progress... |###                 | 015% :               02.3s (E)               15.7s (X)
     in progress... |####                | 020% :               02.8s (E)               14.2s (X)
     in progress... |#####               | 025% :               03.7s (E)               15.1s (X)
     in progress... |######              | 030% :               04.2s (E)               14.1s (X)
     in progress... |#######             | 035% :               05.2s (E)               14.8s (X)
     in progress... |########            | 040% :               05.6s (E)               14.2s (X)
     in progress... |#########           | 045% :               06.6s (E)               14.7s (X)
     in progress... |##########          | 050% :               07.1s (E)               14.2s (X)
     in progress... |###########         | 055% :               07.5s (E)               13.7s (X)
     in progress... |############        | 060% :               08.5s (E)               14.2s (X)
     in progress... |#############       | 065% :               08.9s (E)               13.8s (X)
     in progress... |##############      | 070% :               09.9s (E)               14.1s (X)
     in progress... |###############     | 075% :               10.3s (E)               13.8s (X)
     in progress... |################    | 080% :               11.3s (E)               14.1s (X)
     in progress... |#################   | 085% :               11.8s (E)               13.8s (X)
     in progress... |##################  | 090% :               12.7s (E)               14.1s (X)
     in progress... |################### | 095% :               13.2s (E)               13.9s (X)
     in progress... |####################| 100% :               13.7s (E)               13.7s (X)
       
     --------------------------------------------------------------------------------------------
     Applying projection operator formed by dvg                          
     --------------------------------------------------------------------------------------------
     --------------------------------------------------------------------------------------------
     p-DIAGOX done in 00.6s with a SCALAPACK grid (12x12)
     --------------------------------------------------------------------------------------------
        
       -0.02110  -0.02110  -0.02071  -0.02070  -0.02037  -0.02034  -0.02011  -0.02010  -0.02007
       -0.02006  -0.01958  -0.01956  -0.01919  -0.01918  -0.01908  -0.01907  -0.01892  -0.01891
       -0.01851  -0.01850  -0.01807  -0.01806  -0.01804  -0.01772  -0.01772  -0.01692  -0.01692
       -0.01680  -0.01679  -0.01674  -0.01674  -0.01660  -0.01659  -0.01623  -0.01606  -0.01605
       -0.01599  -0.01598  -0.01570  -0.01525  -0.01524  -0.01503  -0.01487  -0.01483  -0.01482
       -0.01426  -0.01424  -0.01422  -0.01421  -0.01366  -0.01361  -0.01360  -0.01264  -0.01262
       -0.01254  -0.01253  -0.01210  -0.01207  -0.01198  -0.01137  -0.01137  -0.01127  -0.01094
       -0.01094  -0.01085  -0.01085  -0.01081  -0.01081  -0.01074  -0.01074  -0.01070  -0.01060
       -0.01060  -0.01057  -0.01055  -0.01054  -0.01020  -0.01020  -0.01019  -0.01019  -0.01017
       -0.01017  -0.01016  -0.01014  -0.00997  -0.00997  -0.00985  -0.00984  -0.00979  -0.00978
       -0.00970  -0.00970  -0.00955  -0.00954  -0.00949  -0.00949  -0.00945  -0.00925  -0.00925
       -0.00901  -0.00900  -0.00893  -0.00893  -0.00888  -0.00888  -0.00872  -0.00872  -0.00864
       -0.00860  -0.00860  -0.00860  -0.00859  -0.00851  -0.00809  -0.00808  -0.00808  -0.00807
       -0.00799  -0.00799  -0.00796  -0.00795  -0.00781  -0.00747  -0.00746  -0.00740  -0.00740
       -0.00739  -0.00730  -0.00729  -0.00710  -0.00694  -0.00693  -0.00681  -0.00680  -0.00663
       -0.00663  -0.00663  -0.00648  -0.00648  -0.00644  -0.00644  -0.00641  -0.00641  -0.00632
       -0.00632  -0.00621  -0.00615  -0.00615  -0.00613  -0.00613  -0.00613  -0.00612  -0.00611
       -0.00611  -0.00607  -0.00607  -0.00593  -0.00593  -0.00593  -0.00593  -0.00589  -0.00589
       -0.00587  -0.00587  -0.00575  -0.00575  -0.00571  -0.00571  -0.00565  -0.00565  -0.00564
       -0.00563  -0.00562  -0.00562  -0.00555  -0.00555  -0.00550  -0.00549  -0.00539  -0.00539
       -0.00527  -0.00527  -0.00518  -0.00518  -0.00512  -0.00511  -0.00509  -0.00508  -0.00508
       -0.00506  -0.00506  -0.00503  -0.00501  -0.00501  -0.00500  -0.00499  -0.00495  -0.00495
       -0.00494  -0.00494  -0.00485  -0.00484  -0.00484  -0.00470  -0.00469  -0.00468  -0.00468
       -0.00463  -0.00463  -0.00453  -0.00448  -0.00448  -0.00439  -0.00438  -0.00438  -0.00429
       -0.00429  -0.00427  -0.00427  -0.00423  -0.00423  -0.00420  -0.00420  -0.00417  -0.00413
       -0.00413  -0.00404  -0.00404  -0.00400  -0.00400  -0.00393  -0.00393  -0.00391  -0.00390
       -0.00390  -0.00388  -0.00388  -0.00382  -0.00382  -0.00382  -0.00382  -0.00372  -0.00372
       -0.00368  -0.00368  -0.00367  -0.00367  -0.00365  -0.00365  -0.00364  -0.00364  -0.00360
       -0.00360  -0.00358  -0.00358  -0.00356  -0.00356  -0.00354  -0.00354  -0.00351  -0.00351
       -0.00349  -0.00342  -0.00342  -0.00342  -0.00341  -0.00341  -0.00337  -0.00336  -0.00336
       -0.00333  -0.00333  -0.00332  -0.00332  -0.00330  -0.00330  -0.00327  -0.00327  -0.00327
       -0.00327  -0.00323  -0.00323  -0.00321  -0.00321  -0.00314  -0.00314  -0.00310  -0.00310
       -0.00308  -0.00308  -0.00307  -0.00304  -0.00304  -0.00302  -0.00302  -0.00301  -0.00301
       -0.00300  -0.00298  -0.00298  -0.00288  -0.00288  -0.00288  -0.00288  -0.00287  -0.00287
       -0.00286  -0.00286  -0.00286  -0.00285  -0.00281  -0.00280  -0.00280  -0.00280  -0.00278
       -0.00278  -0.00277  -0.00277  -0.00275  -0.00275  -0.00268  -0.00268  -0.00263  -0.00263
       -0.00262  -0.00261  -0.00261  -0.00259  -0.00259  -0.00257  -0.00257  -0.00254  -0.00254
       -0.00253  -0.00252  -0.00252  -0.00249  -0.00248  -0.00240  -0.00239  -0.00239  -0.00239
       -0.00239  -0.00239  -0.00238  -0.00238  -0.00238  -0.00236  -0.00236  -0.00233  -0.00233
       -0.00233  -0.00232  -0.00232  -0.00232  -0.00232  -0.00232  -0.00229  -0.00229  -0.00228
       -0.00228  -0.00226  -0.00226  -0.00224  -0.00223  -0.00221  -0.00221  -0.00221  -0.00220
       -0.00219  -0.00219  -0.00217  -0.00216  -0.00213  -0.00213  -0.00212  -0.00212  -0.00211
       -0.00211  -0.00211  -0.00210  -0.00210  -0.00210  -0.00210  -0.00210  -0.00209  -0.00209
       -0.00209  -0.00208  -0.00208  -0.00204  -0.00203  -0.00200  -0.00200  -0.00198  -0.00198
       -0.00197  -0.00196  -0.00195  -0.00194
        
     --------------------------------------------------------------------------------------------
     Tot. elapsed time 05m-08.2s,  time spent in last iteration 28.2s
     --------------------------------------------------------------------------------------------

     [I/O] -------------------------------------------------------
     [I/O] RESTART written in < 00.1s             
     [I/O] In location   : ./f2_100_400.wstat.restart
     [I/O] -------------------------------------------------------

                       *----------*              *----------*               *----------*
     #     Iteration = |        3 |   DFPT_dim = |        9 |   Diago_dim = |     1098 |
                       *----------*              *----------*               *----------*
       
     --------------------------------------------------------------------------------------------
     Applying projection operator formed by dvg                          
     --------------------------------------------------------------------------------------------
     per-process dynamical memory   214.2 Mb
  
       
     --------------------------------------------------------------------------------------------
     Sternheimer eq. solver... with threshold =   1.000000E-12           
     --------------------------------------------------------------------------------------------
     in progress... |####################| 100% :               00.4s (E)               00.4s (X)
       
     --------------------------------------------------------------------------------------------
     Applying projection operator formed by dvg                          
     --------------------------------------------------------------------------------------------
     --------------------------------------------------------------------------------------------
     p-DIAGOX done in 00.6s with a SCALAPACK grid (12x12)
     --------------------------------------------------------------------------------------------
        
       -0.02110  -0.02110  -0.02071  -0.02070  -0.02037  -0.02034  -0.02011  -0.02010  -0.02007
       -0.02006  -0.01958  -0.01956  -0.01919  -0.01918  -0.01908  -0.01907  -0.01892  -0.01891
       -0.01851  -0.01850  -0.01807  -0.01806  -0.01804  -0.01772  -0.01772  -0.01692  -0.01692
       -0.01680  -0.01679  -0.01674  -0.01674  -0.01660  -0.01659  -0.01623  -0.01606  -0.01605
       -0.01599  -0.01598  -0.01570  -0.01525  -0.01524  -0.01503  -0.01487  -0.01483  -0.01482
       -0.01426  -0.01424  -0.01422  -0.01421  -0.01366  -0.01361  -0.01360  -0.01264  -0.01262
       -0.01254  -0.01253  -0.01210  -0.01207  -0.01198  -0.01137  -0.01137  -0.01127  -0.01094
       -0.01094  -0.01085  -0.01085  -0.01081  -0.01081  -0.01074  -0.01074  -0.01070  -0.01060
       -0.01060  -0.01057  -0.01055  -0.01054  -0.01020  -0.01020  -0.01019  -0.01019  -0.01017
       -0.01017  -0.01016  -0.01014  -0.00997  -0.00997  -0.00985  -0.00984  -0.00979  -0.00978
       -0.00970  -0.00970  -0.00955  -0.00954  -0.00949  -0.00949  -0.00945  -0.00925  -0.00925
       -0.00901  -0.00900  -0.00893  -0.00893  -0.00888  -0.00888  -0.00872  -0.00872  -0.00864
       -0.00860  -0.00860  -0.00860  -0.00859  -0.00851  -0.00809  -0.00808  -0.00808  -0.00807
       -0.00799  -0.00799  -0.00796  -0.00795  -0.00781  -0.00747  -0.00746  -0.00740  -0.00740
       -0.00739  -0.00730  -0.00729  -0.00710  -0.00694  -0.00693  -0.00681  -0.00680  -0.00663
       -0.00663  -0.00663  -0.00648  -0.00648  -0.00644  -0.00644  -0.00641  -0.00641  -0.00632
       -0.00632  -0.00621  -0.00615  -0.00615  -0.00613  -0.00613  -0.00613  -0.00612  -0.00611
       -0.00611  -0.00607  -0.00607  -0.00593  -0.00593  -0.00593  -0.00593  -0.00589  -0.00589
       -0.00587  -0.00587  -0.00575  -0.00575  -0.00571  -0.00571  -0.00565  -0.00565  -0.00564
       -0.00563  -0.00562  -0.00562  -0.00555  -0.00555  -0.00550  -0.00549  -0.00539  -0.00539
       -0.00527  -0.00527  -0.00518  -0.00518  -0.00512  -0.00511  -0.00509  -0.00508  -0.00508
       -0.00506  -0.00506  -0.00503  -0.00501  -0.00501  -0.00500  -0.00499  -0.00495  -0.00495
       -0.00494  -0.00494  -0.00485  -0.00484  -0.00484  -0.00470  -0.00469  -0.00468  -0.00468
       -0.00463  -0.00463  -0.00453  -0.00448  -0.00448  -0.00439  -0.00438  -0.00438  -0.00429
       -0.00429  -0.00427  -0.00427  -0.00423  -0.00423  -0.00420  -0.00420  -0.00417  -0.00413
       -0.00413  -0.00404  -0.00404  -0.00400  -0.00400  -0.00393  -0.00393  -0.00391  -0.00390
       -0.00390  -0.00388  -0.00388  -0.00382  -0.00382  -0.00382  -0.00382  -0.00372  -0.00372
       -0.00368  -0.00368  -0.00367  -0.00367  -0.00365  -0.00365  -0.00364  -0.00364  -0.00360
       -0.00360  -0.00358  -0.00358  -0.00356  -0.00356  -0.00354  -0.00354  -0.00351  -0.00351
       -0.00349  -0.00342  -0.00342  -0.00342  -0.00341  -0.00341  -0.00337  -0.00336  -0.00336
       -0.00333  -0.00333  -0.00332  -0.00332  -0.00330  -0.00330  -0.00327  -0.00327  -0.00327
       -0.00327  -0.00323  -0.00323  -0.00321  -0.00321  -0.00314  -0.00314  -0.00310  -0.00310
       -0.00308  -0.00308  -0.00307  -0.00304  -0.00304  -0.00302  -0.00302  -0.00301  -0.00301
       -0.00300  -0.00298  -0.00298  -0.00288  -0.00288  -0.00288  -0.00288  -0.00287  -0.00287
       -0.00286  -0.00286  -0.00286  -0.00285  -0.00281  -0.00280  -0.00280  -0.00280  -0.00278
       -0.00278  -0.00277  -0.00277  -0.00275  -0.00275  -0.00268  -0.00268  -0.00263  -0.00263
       -0.00262  -0.00261  -0.00261  -0.00259  -0.00259  -0.00257  -0.00257  -0.00254  -0.00254
       -0.00254  -0.00252  -0.00252  -0.00249  -0.00249  -0.00240  -0.00239  -0.00239  -0.00239
       -0.00239  -0.00239  -0.00238  -0.00238  -0.00238  -0.00236  -0.00236  -0.00233  -0.00233
       -0.00233  -0.00233  -0.00232  -0.00232  -0.00232  -0.00232  -0.00229  -0.00229  -0.00228
       -0.00228  -0.00226  -0.00226  -0.00224  -0.00223  -0.00222  -0.00221  -0.00221  -0.00221
       -0.00219  -0.00219  -0.00218  -0.00216  -0.00214  -0.00213  -0.00212  -0.00212  -0.00211
       -0.00211  -0.00211  -0.00211  -0.00211  -0.00210  -0.00210  -0.00210  -0.00210  -0.00210
       -0.00210  -0.00209  -0.00209  -0.00206  -0.00206  -0.00200  -0.00200  -0.00199  -0.00198
       -0.00197  -0.00196  -0.00195  -0.00195
        
     --------------------------------------------------------------------------------------------
     Tot. elapsed time 06m-25.7s,  time spent in last iteration 07.7s
     --------------------------------------------------------------------------------------------
       
     --------------------------------------------------------------------------------------------
     Convergence achieved !!! in        3 steps                          
     --------------------------------------------------------------------------------------------
      
     --------------------------------------------------------------------------------------------
     Database written in < 00.1s             
     In location : ./f2_100_400.wstat.save
     --------------------------------------------------------------------------------------------
 
     WSTAT        :  6m31.98s CPU    12m38.61s WALL

     wstat_readin :      5.85s CPU     40.99s WALL (       1 calls)
     fetch_nml    :      0.00s CPU      0.00s WALL (       1 calls)
     read_xml     :      1.24s CPU      1.39s WALL (       1 calls)
     init_vloc    :      0.06s CPU      0.06s WALL (       2 calls)
     fft          :      0.26s CPU      0.28s WALL (      11 calls)
     fft_scatter  :     38.27s CPU     38.36s WALL (   11595 calls)
     v_of_rho     :      0.29s CPU      0.30s WALL (       1 calls)
     v_xc         :      0.25s CPU      0.27s WALL (       1 calls)
     v_h          :      0.03s CPU      0.04s WALL (       1 calls)
     read_wave    :      4.61s CPU     39.59s WALL (       1 calls)
     davcio       :      0.00s CPU      2.91s WALL (       2 calls)
     init_us_1    :      0.26s CPU      0.26s WALL (       2 calls)
     do_setup     :      0.39s CPU      0.40s WALL (       1 calls)
     init_pw_ar   :      0.38s CPU      0.39s WALL (       1 calls)
     init_at_1    :      0.00s CPU      0.00s WALL (       1 calls)
     storesqvc    :      0.00s CPU      0.00s WALL (       1 calls)
     chidiago     :    186.94s CPU    285.46s WALL (       1 calls)
     randomize    :      1.15s CPU      1.17s WALL (       2 calls)
     paramgs      :     13.96s CPU     14.12s WALL (      11 calls)
     dfpt         :    210.01s CPU    211.07s WALL (      10 calls)
     init_us_2    :      0.03s CPU      0.03s WALL (      10 calls)
     fftw         :    106.69s CPU    107.14s WALL (   11584 calls)
     alphapc      :      0.42s CPU      0.42s WALL (     192 calls)
     wstat_restar :    112.64s CPU    406.63s WALL (       8 calls)
     linstern     :    134.82s CPU    135.43s WALL (     142 calls)
     stern        :    118.28s CPU    118.83s WALL (    4555 calls)
     h_psi_bgrp   :    107.30s CPU    107.77s WALL (    1157 calls)
     h_psi        :    107.30s CPU    107.76s WALL (    1157 calls)
     h_psi:pot    :    106.69s CPU    107.14s WALL (    1157 calls)
     vloc_psi     :    101.19s CPU    101.60s WALL (    1157 calls)
     h_psi:calbec :      3.37s CPU      3.10s WALL (    1157 calls)
     calbec       :      3.37s CPU      3.09s WALL (    1157 calls)
     add_vuspsi   :      2.11s CPU      2.43s WALL (    1157 calls)
     alphapv      :      6.49s CPU      6.50s WALL (    4555 calls)
     build_hr     :      7.94s CPU      8.14s WALL (       8 calls)
     diagox       :      2.28s CPU      2.34s WALL (       8 calls)
     redistr_vr   :      0.31s CPU      0.32s WALL (       6 calls)
     update_vr    :     13.18s CPU     13.50s WALL (       6 calls)
     symm_hr      :      0.31s CPU      0.33s WALL (       6 calls)
     chidiago:las :      0.00s CPU      0.00s WALL (       1 calls)
     refresh_vr   :      4.89s CPU      4.96s WALL (       2 calls)
     pdep_db      :      2.67s CPU      9.04s WALL (       1 calls)
     kinchidiago  :    198.79s CPU    431.72s WALL (       1 calls)
     k_psi        :      1.46s CPU      1.48s WALL (    3398 calls)
     kinchidiago: :      0.00s CPU      0.00s WALL (       1 calls)
     pdep_db_for_ :     10.28s CPU     35.99s WALL (       1 calls)
 
     WSTAT        :  6m31.98s CPU    12m38.62s WALL

 
   This run was terminated on:  21: 3:59  13May2018            

=------------------------------------------------------------------------------=
   JOB DONE.
=------------------------------------------------------------------------------=
