
     Program WSTAT v. 2.0.0 starts on 13May2018 at 21: 4: 5 

     This program is part of the open-source West suite
     for massively parallel calculations of excited states in materials; please cite
         "M. Govoni et al., J. Chem. Theory Comput. 11, 2680 (2015);
          URL http://www.west-code.org", 
     in publications or presentations arising from this work.

     Based on the Quantum ESPRESSO v. 6.1 svn rev. 13369
       
     --------------------------------------------------------------------------------------------
     **MPI** Parallelization Status                                      
     --------------------------------------------------------------------------------------------
                   160                  10             1             1            16
     --------------------------------------------------------------------------------------------
                     N         =         I      X      P      X      B      X      Z
                     ^                   ^             ^             ^             ^
                     |                   |             |             |             |
                   #rnk                  |             |             |             |
                                      #image           |             |             |
                                                     #pool           |             |
                                                                   #bgrp           |
                                                                                 #R&G
     --------------------------------------------------------------------------------------------
     **OPENMP** Parallelization Status
     #thr/rnk               =            1
     --------------------------------------------------------------------------------------------
     #prc = (rnk) * (thr) =          160
     --------------------------------------------------------------------------------------------
       
     --------------------------------------------------------------------------------------------
     I/O Summary : input_west                                            
     --------------------------------------------------------------------------------------------
     qe_prefix      = f2
     west_prefix    = f2
     outdir         = ./
     --------------------------------------------------------------------------------------------
       
     --------------------------------------------------------------------------------------------
     I/O Summary : wstat_control                                         
     --------------------------------------------------------------------------------------------
     wstat_calculation              =              S
     n_pdep_eigen                   =            420
     n_kin_pdep_eigen               =              0
     n_lindhard_eigen               =              0
     n_pdep_times                   =              4
     n_pdep_maxiter                 =            100
     n_dfpt_maxiter                 =            250
     n_pdep_read_from_file          =              0
     trev_pdep                      =   1.000000E-03
     trev_pdep_rel                  =   1.000000E-01
     tr2_dfpt                       =   1.000000E-12
     l_kinetic_only                 =              F
     l_minimize_exx_if_active       =              F
     l_use_ecutrho                  =              F
     l_pure_eigen                   =              F
     --------------------------------------------------------------------------------------------

     Reading data from directory:
     ./f2.save

   Info: using nr1, nr2, nr3 values from input

   Info: using nr1, nr2, nr3 values from input

     IMPORTANT: XC functional enforced from input :
     Exchange-correlation      = PBE ( 1  4  3  4 0 0)
     Any further DFT definition will be discarded
     Please, verify this is what you really want

     Message from routine readpp:
     file ./f2.save/F_ONCV_PBE-1.0.upf not found
 
     Parallelization info
     --------------------
     sticks:   dense  smooth     PW     G-vecs:    dense   smooth      PW
     Min        1520    1520    379               178660   178660   22323
     Max        1522    1522    384               178666   178666   22328
     Sum       24345   24345   6093              2858633  2858633  357213
 
       
     --------------------------------------------------------------------------------------------
     System Overview                                                     
     --------------------------------------------------------------------------------------------
     gamma_only           =              T
     ecutwfc [Ry]         =      85.000000
     omega [au^3]         =   2.700000E+04
     glob. #G             =         178607
     nbnd                 =            100
     nkstot               =              1
     nspin                =              1
     nelec                =      14.000000
     npol                 =              1
     lsda                 =              F
     noncolin             =              F
     lspinorb             =              F
     domag                =              F
     --------------------------------------------------------------------------------------------

     sFFT G-space:  1429317 G-vectors     R-space: ( 180, 180, 180)
     dFFT G-space:  1429317 G-vectors     R-space: ( 180, 180, 180)

     Cell [a.u.]          =      30.000000      0.000000      0.000000
                          =       0.000000     30.000000      0.000000
                          =       0.000000      0.000000     30.000000
      
     number of ks points=     1
                       cart. coord. in units 2pi/alat
        k(    1) = (   0.0000000   0.0000000   0.0000000), wk =   2.0000000

                       cryst. coord.
        k(    1) = (   0.0000000   0.0000000   0.0000000), wk =   2.0000000
 
     Spherical div        =   1.654268E-01
     Orthorombic div      =   1.628502E-01
       
     --------------------------------------------------------------------------------------------
     Parallelization for nvecx                                           
     --------------------------------------------------------------------------------------------
     nglob                =           1680
     nlevel               =             10
     Min nglob/nlevel     =            168
     Max nglob/nlevel     =            168
     --------------------------------------------------------------------------------------------

     [MEM] ----------------------------------------------------------
     [MEM] **Memory** analysis: QE
     [MEM] ----------------------------------------------------------
     [MEM] Allocated arrays           est. size (Mb)     dimensions
     [MEM] ----------------------------------------------------------
     [MEM] Kohn-Sham Wavefunctions      17.03 Mb     (  11164,  100)
     [MEM] NL pseudopotentials           2.73 Mb     (  11164,   16)
     [MEM] Each V/rho on FFT grid        5.93 Mb     ( 388800)
     [MEM] Each G-vector array           0.68 Mb     (  89333)
     [MEM] G-vector shells               0.05 Mb     (   6125)
     [MEM] ----------------------------------------------------------
     [MEM] TOT                          26.42 Mb
     [MEM] ----------------------------------------------------------
     [MEM] 
     [MEM] ----------------------------------------------------------
     [MEM] **Memory** analysis: WSTAT global
     [MEM] ----------------------------------------------------------
     [MEM] Allocated arrays           est. size (Mb)     dimensions
     [MEM] ----------------------------------------------------------
     [MEM] dvg                          28.62 Mb     (  11164,  168)
     [MEM] dng                          28.62 Mb     (  11164,  168)
     [MEM] hr_distr                      2.15 Mb     (   1680,  168)
     [MEM] vr_distr                      2.15 Mb     (   1680,  168)
     [MEM] ----------------------------------------------------------
     [MEM] TOT                          61.54 Mb
     [MEM] ----------------------------------------------------------
     [MEM] 
     [MEM] ----------------------------------------------------------
     [MEM] **Memory** analysis: WSTAT temporary
     [MEM] ----------------------------------------------------------
     [MEM] Allocated arrays           est. size (Mb)     dimensions
     [MEM] ----------------------------------------------------------
     [MEM] dvpsi                         1.19 Mb     (  11164,    7)
     [MEM] dpsi                          1.19 Mb     (  11164,    7)
     [MEM] ----------------------------------------------------------
     [MEM] Total estimate                2.38 Mb
     [MEM] ----------------------------------------------------------

                       *----------*              *----------*               *----------*
     #     Iteration = | starting |   DFPT_dim = |      420 |   Diago_dim = |      420 |  x 1/2
                       *----------*              *----------*               *----------*
     per-process dynamical memory   169.7 Mb
  
       
     --------------------------------------------------------------------------------------------
     Sternheimer eq. solver... with lite-solver                          
     --------------------------------------------------------------------------------------------
     in progress... |#                   | 005% :               00.7s (E)               15.4s (X)
     in progress... |##                  | 010% :               01.2s (E)               12.7s (X)
     in progress... |###                 | 015% :               01.7s (E)               11.9s (X)
     in progress... |####                | 020% :               02.3s (E)               11.5s (X)
     in progress... |#####               | 025% :               02.8s (E)               11.2s (X)
     in progress... |######              | 030% :               03.3s (E)               11.0s (X)
     in progress... |#######             | 035% :               03.8s (E)               10.9s (X)
     in progress... |########            | 040% :               04.3s (E)               10.8s (X)
     in progress... |#########           | 045% :               04.8s (E)               10.7s (X)
     in progress... |##########          | 050% :               05.3s (E)               10.7s (X)
     in progress... |###########         | 055% :               06.1s (E)               11.1s (X)
     in progress... |############        | 060% :               06.6s (E)               11.0s (X)
     in progress... |#############       | 065% :               07.1s (E)               10.9s (X)
     in progress... |##############      | 070% :               07.6s (E)               10.9s (X)
     in progress... |###############     | 075% :               08.1s (E)               10.8s (X)
     in progress... |################    | 080% :               08.6s (E)               10.8s (X)
     in progress... |#################   | 085% :               09.1s (E)               10.7s (X)
     in progress... |##################  | 090% :               09.6s (E)               10.7s (X)
     in progress... |################### | 095% :               10.1s (E)               10.7s (X)
     in progress... |####################| 100% :               10.7s (E)               10.7s (X)
     --------------------------------------------------------------------------------------------

     [I/O] -------------------------------------------------------
     [I/O] RESTART written in < 00.1s             
     [I/O] In location   : ./f2_420.wstat.restart
     [I/O] -------------------------------------------------------

                       *----------*              *----------*               *----------*
     #     Iteration = | starting |   DFPT_dim = |      420 |   Diago_dim = |      420 |  x 2/2
                       *----------*              *----------*               *----------*
     per-process dynamical memory   172.0 Mb
  
       
     --------------------------------------------------------------------------------------------
     Sternheimer eq. solver... with threshold =   1.000000E-06           
     --------------------------------------------------------------------------------------------
     in progress... |#                   | 005% :               08.7s (E)           02m-55.4s (X)
     in progress... |##                  | 010% :               14.4s (E)           02m-24.7s (X)
     in progress... |###                 | 015% :               20.1s (E)           02m-14.3s (X)
     in progress... |####                | 020% :               25.7s (E)           02m-08.8s (X)
     in progress... |#####               | 025% :               31.3s (E)           02m-05.2s (X)
     in progress... |######              | 030% :               36.7s (E)           02m-02.6s (X)
     in progress... |#######             | 035% :               42.2s (E)           02m-00.6s (X)
     in progress... |########            | 040% :               47.6s (E)           01m-59.1s (X)
     in progress... |#########           | 045% :               53.0s (E)           01m-57.8s (X)
     in progress... |##########          | 050% :               58.4s (E)           01m-56.8s (X)
     in progress... |###########         | 055% :           01m-06.4s (E)           02m-00.7s (X)
     in progress... |############        | 060% :           01m-11.7s (E)           01m-59.5s (X)
     in progress... |#############       | 065% :           01m-17.0s (E)           01m-58.5s (X)
     in progress... |##############      | 070% :           01m-22.3s (E)           01m-57.7s (X)
     in progress... |###############     | 075% :           01m-27.7s (E)           01m-56.9s (X)
     in progress... |################    | 080% :           01m-33.0s (E)           01m-56.2s (X)
     in progress... |#################   | 085% :           01m-38.2s (E)           01m-55.5s (X)
     in progress... |##################  | 090% :           01m-43.3s (E)           01m-54.8s (X)
     in progress... |################### | 095% :           01m-48.6s (E)           01m-54.3s (X)
     in progress... |####################| 100% :           01m-53.7s (E)           01m-53.7s (X)
     --------------------------------------------------------------------------------------------
     p-DIAGOX done in 00.3s with a SCALAPACK grid (12x12)
     --------------------------------------------------------------------------------------------
        
       -3.76432  -1.22673  -1.22527  -1.13105  -0.88336  -0.78567  -0.67404  -0.67388  -0.49827
       -0.49809  -0.48378  -0.40991  -0.40985  -0.36166  -0.36162  -0.26563  -0.26555  -0.24344
       -0.22296  -0.22282  -0.21610  -0.21595  -0.20082  -0.19636  -0.15727  -0.15336  -0.15315
       -0.14255  -0.14254  -0.14030  -0.14016  -0.13599  -0.13597  -0.13213  -0.13207  -0.13081
       -0.13068  -0.12383  -0.11888  -0.11863  -0.10831  -0.10823  -0.10694  -0.10677  -0.10432
       -0.10316  -0.08977  -0.07776  -0.07680  -0.07670  -0.07587  -0.07585  -0.05604  -0.05599
       -0.05590  -0.05443  -0.05214  -0.05209  -0.05080  -0.05074  -0.05036  -0.05032  -0.04915
       -0.04914  -0.04857  -0.04847  -0.04647  -0.04591  -0.04579  -0.04528  -0.04515  -0.04345
       -0.04332  -0.04142  -0.04141  -0.04095  -0.04086  -0.03829  -0.03825  -0.03779  -0.03760
       -0.03659  -0.03646  -0.03607  -0.03595  -0.03540  -0.03527  -0.03513  -0.03189  -0.03157
       -0.03122  -0.03065  -0.03053  -0.02786  -0.02755  -0.02647  -0.02530  -0.02518  -0.02475
       -0.02334  -0.02328  -0.02280  -0.02259  -0.02257  -0.02224  -0.02220  -0.02210  -0.02207
       -0.02184  -0.02169  -0.02160  -0.02156  -0.02097  -0.02091  -0.02073  -0.02058  -0.02046
       -0.02038  -0.02015  -0.02007  -0.01958  -0.01949  -0.01937  -0.01917  -0.01912  -0.01845
       -0.01834  -0.01820  -0.01813  -0.01786  -0.01783  -0.01783  -0.01758  -0.01754  -0.01722
       -0.01707  -0.01687  -0.01672  -0.01642  -0.01615  -0.01590  -0.01577  -0.01567  -0.01557
       -0.01539  -0.01493  -0.01482  -0.01471  -0.01457  -0.01439  -0.01418  -0.01363  -0.01324
       -0.01296  -0.01280  -0.01273  -0.01240  -0.01230  -0.01208  -0.01151  -0.01125  -0.01116
       -0.01105  -0.01096  -0.01087  -0.01082  -0.01076  -0.01068  -0.01060  -0.01054  -0.01049
       -0.01039  -0.01034  -0.01026  -0.01019  -0.01009  -0.01007  -0.01003  -0.00996  -0.00991
       -0.00984  -0.00979  -0.00976  -0.00969  -0.00965  -0.00958  -0.00955  -0.00938  -0.00932
       -0.00929  -0.00918  -0.00915  -0.00903  -0.00896  -0.00887  -0.00880  -0.00873  -0.00859
       -0.00856  -0.00846  -0.00836  -0.00832  -0.00829  -0.00815  -0.00815  -0.00807  -0.00795
       -0.00789  -0.00778  -0.00769  -0.00766  -0.00761  -0.00755  -0.00746  -0.00738  -0.00735
       -0.00718  -0.00713  -0.00709  -0.00708  -0.00691  -0.00681  -0.00671  -0.00661  -0.00660
       -0.00642  -0.00634  -0.00631  -0.00623  -0.00613  -0.00601  -0.00590  -0.00585  -0.00579
       -0.00575  -0.00569  -0.00565  -0.00561  -0.00558  -0.00548  -0.00543  -0.00539  -0.00535
       -0.00531  -0.00528  -0.00522  -0.00521  -0.00515  -0.00513  -0.00511  -0.00506  -0.00502
       -0.00495  -0.00490  -0.00489  -0.00485  -0.00481  -0.00477  -0.00474  -0.00473  -0.00469
       -0.00463  -0.00460  -0.00458  -0.00454  -0.00453  -0.00449  -0.00446  -0.00438  -0.00436
       -0.00431  -0.00427  -0.00423  -0.00421  -0.00420  -0.00415  -0.00411  -0.00408  -0.00407
       -0.00403  -0.00397  -0.00395  -0.00390  -0.00382  -0.00382  -0.00379  -0.00378  -0.00376
       -0.00372  -0.00368  -0.00362  -0.00357  -0.00355  -0.00353  -0.00352  -0.00345  -0.00345
       -0.00342  -0.00342  -0.00335  -0.00333  -0.00331  -0.00330  -0.00328  -0.00322  -0.00321
       -0.00314  -0.00311  -0.00308  -0.00307  -0.00301  -0.00298  -0.00295  -0.00293  -0.00290
       -0.00287  -0.00285  -0.00283  -0.00282  -0.00278  -0.00275  -0.00274  -0.00269  -0.00268
       -0.00266  -0.00264  -0.00263  -0.00261  -0.00259  -0.00257  -0.00254  -0.00253  -0.00251
       -0.00249  -0.00247  -0.00242  -0.00239  -0.00238  -0.00236  -0.00235  -0.00231  -0.00229
       -0.00226  -0.00224  -0.00222  -0.00220  -0.00217  -0.00215  -0.00213  -0.00211  -0.00210
       -0.00207  -0.00207  -0.00204  -0.00202  -0.00201  -0.00198  -0.00196  -0.00195  -0.00191
       -0.00190  -0.00188  -0.00187  -0.00186  -0.00185  -0.00182  -0.00179  -0.00178  -0.00175
       -0.00174  -0.00174  -0.00171  -0.00169  -0.00168  -0.00165  -0.00164  -0.00162  -0.00160
       -0.00159  -0.00157  -0.00155  -0.00153  -0.00152  -0.00150  -0.00149  -0.00147  -0.00146
       -0.00143  -0.00143  -0.00140  -0.00138  -0.00137  -0.00136  -0.00132  -0.00132  -0.00129
       -0.00127  -0.00126  -0.00125  -0.00124  -0.00122  -0.00120  -0.00118  -0.00117  -0.00115
       -0.00112  -0.00110  -0.00110  -0.00107  -0.00106  -0.00104  -0.00102  -0.00102  -0.00100
       -0.00098  -0.00098  -0.00094  -0.00090  -0.00088  -0.00082
        
     --------------------------------------------------------------------------------------------
     Tot. elapsed time 03m-44.2s,  time spent in last iteration 03m-44.2s
     --------------------------------------------------------------------------------------------

     [I/O] -------------------------------------------------------
     [I/O] RESTART written in < 00.1s             
     [I/O] In location   : ./f2_420.wstat.restart
     [I/O] -------------------------------------------------------

                       *----------*              *----------*               *----------*
     #     Iteration = |        1 |   DFPT_dim = |      420 |   Diago_dim = |      840 |
                       *----------*              *----------*               *----------*
     per-process dynamical memory   165.9 Mb
  
       
     --------------------------------------------------------------------------------------------
     Sternheimer eq. solver... with threshold =   1.000000E-12           
     --------------------------------------------------------------------------------------------
     in progress... |#                   | 005% :               12.8s (E)           04m-16.8s (X)
     in progress... |##                  | 010% :               21.1s (E)           03m-31.9s (X)
     in progress... |###                 | 015% :               29.4s (E)           03m-16.4s (X)
     in progress... |####                | 020% :               37.7s (E)           03m-08.5s (X)
     in progress... |#####               | 025% :               45.9s (E)           03m-03.9s (X)
     in progress... |######              | 030% :               54.2s (E)           03m-00.8s (X)
     in progress... |#######             | 035% :           01m-02.4s (E)           02m-58.4s (X)
     in progress... |########            | 040% :           01m-10.6s (E)           02m-56.6s (X)
     in progress... |#########           | 045% :           01m-18.8s (E)           02m-55.3s (X)
     in progress... |##########          | 050% :           01m-27.0s (E)           02m-54.1s (X)
     in progress... |###########         | 055% :           01m-39.2s (E)           03m-00.4s (X)
     in progress... |############        | 060% :           01m-47.3s (E)           02m-58.8s (X)
     in progress... |#############       | 065% :           01m-55.3s (E)           02m-57.5s (X)
     in progress... |##############      | 070% :           02m-03.4s (E)           02m-56.3s (X)
     in progress... |###############     | 075% :           02m-11.5s (E)           02m-55.3s (X)
     in progress... |################    | 080% :           02m-19.5s (E)           02m-54.4s (X)
     in progress... |#################   | 085% :           02m-27.6s (E)           02m-53.6s (X)
     in progress... |##################  | 090% :           02m-35.6s (E)           02m-52.9s (X)
     in progress... |################### | 095% :           02m-43.6s (E)           02m-52.3s (X)
     in progress... |####################| 100% :           02m-51.7s (E)           02m-51.7s (X)
     --------------------------------------------------------------------------------------------
     p-DIAGOX done in 00.5s with a SCALAPACK grid (12x12)
     --------------------------------------------------------------------------------------------
        
       -3.76479  -1.35924  -1.23016  -1.23015  -0.96784  -0.78615  -0.67544  -0.67542  -0.49871
       -0.49870  -0.48545  -0.41050  -0.41049  -0.36190  -0.36189  -0.26588  -0.26587  -0.26007
       -0.22353  -0.22353  -0.21650  -0.21650  -0.20245  -0.19657  -0.16517  -0.15779  -0.15400
       -0.15399  -0.14265  -0.14265  -0.14075  -0.14074  -0.13608  -0.13608  -0.13237  -0.13237
       -0.13161  -0.13161  -0.12112  -0.11939  -0.11938  -0.10882  -0.10882  -0.10730  -0.10730
       -0.10485  -0.09187  -0.07801  -0.07729  -0.07728  -0.07624  -0.07624  -0.05711  -0.05655
       -0.05655  -0.05535  -0.05237  -0.05237  -0.05107  -0.05107  -0.05061  -0.05061  -0.04940
       -0.04940  -0.04889  -0.04888  -0.04708  -0.04622  -0.04622  -0.04553  -0.04553  -0.04390
       -0.04390  -0.04290  -0.04180  -0.04180  -0.04130  -0.04130  -0.03878  -0.03878  -0.03845
       -0.03845  -0.03720  -0.03708  -0.03707  -0.03630  -0.03630  -0.03570  -0.03288  -0.03288
       -0.03267  -0.03167  -0.03167  -0.02880  -0.02880  -0.02742  -0.02627  -0.02615  -0.02615
       -0.02422  -0.02398  -0.02398  -0.02332  -0.02332  -0.02280  -0.02280  -0.02276  -0.02276
       -0.02264  -0.02264  -0.02249  -0.02248  -0.02177  -0.02177  -0.02144  -0.02144  -0.02122
       -0.02122  -0.02085  -0.02085  -0.02068  -0.02027  -0.02027  -0.01988  -0.01988  -0.01945
       -0.01945  -0.01920  -0.01912  -0.01912  -0.01879  -0.01879  -0.01876  -0.01876  -0.01807
       -0.01807  -0.01797  -0.01797  -0.01763  -0.01749  -0.01731  -0.01731  -0.01710  -0.01679
       -0.01679  -0.01609  -0.01608  -0.01590  -0.01590  -0.01583  -0.01583  -0.01545  -0.01431
       -0.01431  -0.01427  -0.01427  -0.01381  -0.01381  -0.01353  -0.01275  -0.01238  -0.01238
       -0.01206  -0.01191  -0.01191  -0.01187  -0.01187  -0.01179  -0.01175  -0.01174  -0.01166
       -0.01166  -0.01159  -0.01158  -0.01148  -0.01148  -0.01123  -0.01123  -0.01113  -0.01113
       -0.01103  -0.01103  -0.01102  -0.01102  -0.01098  -0.01097  -0.01080  -0.01080  -0.01065
       -0.01065  -0.01055  -0.01052  -0.01051  -0.01048  -0.01048  -0.01030  -0.01030  -0.01000
       -0.01000  -0.00979  -0.00979  -0.00967  -0.00966  -0.00960  -0.00960  -0.00947  -0.00946
       -0.00937  -0.00934  -0.00934  -0.00930  -0.00929  -0.00920  -0.00874  -0.00874  -0.00873
       -0.00873  -0.00873  -0.00873  -0.00869  -0.00868  -0.00862  -0.00812  -0.00812  -0.00803
       -0.00803  -0.00802  -0.00789  -0.00788  -0.00764  -0.00749  -0.00748  -0.00741  -0.00740
       -0.00720  -0.00716  -0.00714  -0.00696  -0.00695  -0.00691  -0.00690  -0.00681  -0.00680
       -0.00673  -0.00669  -0.00668  -0.00650  -0.00649  -0.00648  -0.00648  -0.00647  -0.00646
       -0.00644  -0.00644  -0.00644  -0.00643  -0.00642  -0.00641  -0.00640  -0.00638  -0.00637
       -0.00628  -0.00621  -0.00620  -0.00616  -0.00613  -0.00601  -0.00600  -0.00598  -0.00596
       -0.00594  -0.00594  -0.00589  -0.00588  -0.00584  -0.00583  -0.00579  -0.00577  -0.00571
       -0.00570  -0.00564  -0.00561  -0.00549  -0.00544  -0.00542  -0.00542  -0.00540  -0.00538
       -0.00537  -0.00536  -0.00535  -0.00534  -0.00533  -0.00532  -0.00528  -0.00526  -0.00521
       -0.00521  -0.00519  -0.00518  -0.00507  -0.00505  -0.00503  -0.00491  -0.00491  -0.00489
       -0.00488  -0.00485  -0.00484  -0.00479  -0.00473  -0.00470  -0.00464  -0.00458  -0.00457
       -0.00450  -0.00449  -0.00446  -0.00446  -0.00443  -0.00443  -0.00442  -0.00441  -0.00440
       -0.00438  -0.00437  -0.00421  -0.00420  -0.00417  -0.00416  -0.00407  -0.00406  -0.00404
       -0.00404  -0.00403  -0.00403  -0.00400  -0.00391  -0.00390  -0.00388  -0.00385  -0.00377
       -0.00375  -0.00373  -0.00372  -0.00372  -0.00371  -0.00370  -0.00369  -0.00368  -0.00367
       -0.00367  -0.00365  -0.00364  -0.00364  -0.00361  -0.00359  -0.00358  -0.00355  -0.00355
       -0.00354  -0.00351  -0.00350  -0.00349  -0.00346  -0.00345  -0.00345  -0.00343  -0.00342
       -0.00341  -0.00338  -0.00337  -0.00334  -0.00333  -0.00330  -0.00330  -0.00329  -0.00327
       -0.00326  -0.00325  -0.00323  -0.00320  -0.00318  -0.00315  -0.00314  -0.00313  -0.00311
       -0.00310  -0.00307  -0.00306  -0.00304  -0.00303  -0.00301  -0.00300  -0.00298  -0.00298
       -0.00296  -0.00292  -0.00291  -0.00289  -0.00289  -0.00288  -0.00287  -0.00285  -0.00284
       -0.00282  -0.00280  -0.00278  -0.00276  -0.00275  -0.00274  -0.00273  -0.00272  -0.00271
       -0.00270  -0.00270  -0.00267  -0.00267  -0.00266  -0.00265
        
     --------------------------------------------------------------------------------------------
     Tot. elapsed time 08m-29.0s,  time spent in last iteration 03m-26.1s
     --------------------------------------------------------------------------------------------

     [I/O] -------------------------------------------------------
     [I/O] RESTART written in < 00.1s             
     [I/O] In location   : ./f2_420.wstat.restart
     [I/O] -------------------------------------------------------

                       *----------*              *----------*               *----------*
     #     Iteration = |        2 |   DFPT_dim = |      327 |   Diago_dim = |     1167 |
                       *----------*              *----------*               *----------*
     per-process dynamical memory   165.9 Mb
  
       
     --------------------------------------------------------------------------------------------
     Sternheimer eq. solver... with threshold =   1.000000E-12           
     --------------------------------------------------------------------------------------------
     in progress... |#                   | 005% :               08.0s (E)           02m-40.6s (X)
     in progress... |##                  | 010% :               16.0s (E)           02m-40.1s (X)
     in progress... |###                 | 015% :               20.0s (E)           02m-13.4s (X)
     in progress... |####                | 020% :               28.2s (E)           02m-21.1s (X)
     in progress... |#####               | 025% :               36.7s (E)           02m-26.9s (X)
     in progress... |######              | 030% :               40.7s (E)           02m-15.7s (X)
     in progress... |#######             | 035% :               48.6s (E)           02m-19.0s (X)
     in progress... |########            | 040% :               56.6s (E)           02m-21.6s (X)
     in progress... |#########           | 045% :           01m-00.6s (E)           02m-14.7s (X)
     in progress... |##########          | 050% :           01m-08.5s (E)           02m-17.0s (X)
     in progress... |###########         | 055% :           01m-16.5s (E)           02m-19.1s (X)
     in progress... |############        | 060% :           01m-20.5s (E)           02m-14.2s (X)
     in progress... |#############       | 065% :           01m-28.4s (E)           02m-16.1s (X)
     in progress... |##############      | 070% :           01m-36.3s (E)           02m-17.6s (X)
     in progress... |###############     | 075% :           01m-40.2s (E)           02m-13.6s (X)
     in progress... |################    | 080% :           01m-48.1s (E)           02m-15.1s (X)
     in progress... |#################   | 085% :           01m-55.9s (E)           02m-16.4s (X)
     in progress... |##################  | 090% :           01m-59.9s (E)           02m-13.2s (X)
     in progress... |################### | 095% :           02m-07.7s (E)           02m-14.5s (X)
     in progress... |####################| 100% :           02m-11.7s (E)           02m-11.7s (X)
     --------------------------------------------------------------------------------------------
     p-DIAGOX done in 00.6s with a SCALAPACK grid (12x12)
     --------------------------------------------------------------------------------------------
        
       -3.76479  -1.35924  -1.23016  -1.23015  -0.96784  -0.78615  -0.67544  -0.67542  -0.49871
       -0.49870  -0.48545  -0.41050  -0.41049  -0.36190  -0.36189  -0.26588  -0.26587  -0.26007
       -0.22353  -0.22353  -0.21650  -0.21650  -0.20245  -0.19657  -0.16517  -0.15779  -0.15400
       -0.15399  -0.14265  -0.14265  -0.14075  -0.14074  -0.13608  -0.13608  -0.13237  -0.13237
       -0.13161  -0.13161  -0.12112  -0.11939  -0.11938  -0.10882  -0.10882  -0.10730  -0.10730
       -0.10485  -0.09187  -0.07801  -0.07729  -0.07728  -0.07624  -0.07624  -0.05711  -0.05655
       -0.05655  -0.05535  -0.05237  -0.05237  -0.05107  -0.05107  -0.05061  -0.05061  -0.04940
       -0.04940  -0.04889  -0.04888  -0.04708  -0.04622  -0.04622  -0.04553  -0.04553  -0.04390
       -0.04390  -0.04290  -0.04180  -0.04180  -0.04130  -0.04130  -0.03878  -0.03878  -0.03846
       -0.03845  -0.03720  -0.03708  -0.03707  -0.03630  -0.03630  -0.03570  -0.03288  -0.03288
       -0.03267  -0.03167  -0.03167  -0.02881  -0.02880  -0.02742  -0.02627  -0.02615  -0.02615
       -0.02422  -0.02398  -0.02398  -0.02332  -0.02332  -0.02280  -0.02280  -0.02276  -0.02276
       -0.02264  -0.02264  -0.02249  -0.02249  -0.02177  -0.02177  -0.02144  -0.02144  -0.02122
       -0.02122  -0.02085  -0.02085  -0.02068  -0.02028  -0.02027  -0.01988  -0.01988  -0.01946
       -0.01946  -0.01920  -0.01913  -0.01913  -0.01879  -0.01879  -0.01876  -0.01876  -0.01807
       -0.01807  -0.01798  -0.01798  -0.01763  -0.01749  -0.01731  -0.01731  -0.01710  -0.01680
       -0.01680  -0.01609  -0.01609  -0.01590  -0.01590  -0.01584  -0.01584  -0.01545  -0.01431
       -0.01431  -0.01427  -0.01427  -0.01382  -0.01382  -0.01354  -0.01276  -0.01239  -0.01239
       -0.01207  -0.01192  -0.01192  -0.01188  -0.01188  -0.01180  -0.01175  -0.01175  -0.01167
       -0.01167  -0.01159  -0.01159  -0.01149  -0.01149  -0.01123  -0.01123  -0.01114  -0.01114
       -0.01103  -0.01103  -0.01103  -0.01103  -0.01098  -0.01098  -0.01081  -0.01081  -0.01066
       -0.01066  -0.01057  -0.01052  -0.01052  -0.01049  -0.01049  -0.01031  -0.01031  -0.01001
       -0.01001  -0.00980  -0.00980  -0.00968  -0.00968  -0.00961  -0.00961  -0.00948  -0.00948
       -0.00938  -0.00936  -0.00936  -0.00931  -0.00931  -0.00922  -0.00875  -0.00875  -0.00874
       -0.00874  -0.00874  -0.00874  -0.00871  -0.00871  -0.00864  -0.00813  -0.00813  -0.00806
       -0.00804  -0.00804  -0.00791  -0.00791  -0.00767  -0.00751  -0.00751  -0.00743  -0.00743
       -0.00723  -0.00719  -0.00719  -0.00700  -0.00700  -0.00694  -0.00694  -0.00684  -0.00684
       -0.00678  -0.00672  -0.00672  -0.00652  -0.00652  -0.00652  -0.00652  -0.00650  -0.00650
       -0.00648  -0.00648  -0.00648  -0.00646  -0.00646  -0.00645  -0.00644  -0.00641  -0.00641
       -0.00635  -0.00625  -0.00625  -0.00620  -0.00620  -0.00604  -0.00604  -0.00602  -0.00602
       -0.00598  -0.00598  -0.00594  -0.00594  -0.00587  -0.00587  -0.00583  -0.00583  -0.00574
       -0.00574  -0.00570  -0.00570  -0.00554  -0.00548  -0.00548  -0.00548  -0.00548  -0.00545
       -0.00541  -0.00541  -0.00540  -0.00540  -0.00539  -0.00539  -0.00531  -0.00531  -0.00529
       -0.00529  -0.00525  -0.00524  -0.00515  -0.00515  -0.00514  -0.00499  -0.00499  -0.00495
       -0.00495  -0.00490  -0.00490  -0.00487  -0.00479  -0.00479  -0.00470  -0.00465  -0.00465
       -0.00459  -0.00459  -0.00453  -0.00452  -0.00452  -0.00452  -0.00451  -0.00447  -0.00447
       -0.00443  -0.00443  -0.00428  -0.00428  -0.00427  -0.00427  -0.00415  -0.00415  -0.00415
       -0.00414  -0.00414  -0.00411  -0.00411  -0.00399  -0.00399  -0.00399  -0.00399  -0.00389
       -0.00389  -0.00384  -0.00384  -0.00384  -0.00384  -0.00383  -0.00383  -0.00380  -0.00380
       -0.00380  -0.00379  -0.00378  -0.00378  -0.00376  -0.00376  -0.00375  -0.00372  -0.00372
       -0.00369  -0.00369  -0.00363  -0.00359  -0.00359  -0.00359  -0.00357  -0.00357  -0.00355
       -0.00355  -0.00355  -0.00355  -0.00346  -0.00346  -0.00344  -0.00344  -0.00341  -0.00341
       -0.00341  -0.00341  -0.00340  -0.00340  -0.00336  -0.00336  -0.00327  -0.00327  -0.00327
       -0.00327  -0.00327  -0.00327  -0.00324  -0.00324  -0.00318  -0.00318  -0.00316  -0.00316
       -0.00314  -0.00314  -0.00314  -0.00314  -0.00302  -0.00302  -0.00302  -0.00301  -0.00301
       -0.00301  -0.00300  -0.00300  -0.00298  -0.00298  -0.00298  -0.00293  -0.00292  -0.00292
       -0.00292  -0.00292  -0.00290  -0.00290  -0.00289  -0.00289
        
     --------------------------------------------------------------------------------------------
     Tot. elapsed time 13m-46.5s,  time spent in last iteration 02m-43.9s
     --------------------------------------------------------------------------------------------
      
     --------------------------------------------------------------------------------------------
     Database written in 38.2s               
     In location : ./f2_420.wstat.save
     --------------------------------------------------------------------------------------------
       
     --------------------------------------------------------------------------------------------
     Convergence achieved !!! in        2 steps                          
     --------------------------------------------------------------------------------------------
 
     WSTAT        : 10m26.73s CPU    15m16.21s WALL

     wstat_readin :      6.10s CPU     41.04s WALL (       1 calls)
     fetch_nml    :      0.00s CPU      0.00s WALL (       1 calls)
     read_xml     :      1.23s CPU      1.41s WALL (       1 calls)
     init_vloc    :      0.05s CPU      0.05s WALL (       2 calls)
     fft          :      0.26s CPU      0.30s WALL (      11 calls)
     fft_scatter  :     99.09s CPU     99.53s WALL (   30704 calls)
     v_of_rho     :      0.28s CPU      0.30s WALL (       1 calls)
     v_xc         :      0.25s CPU      0.27s WALL (       1 calls)
     v_h          :      0.03s CPU      0.04s WALL (       1 calls)
     read_wave    :      4.86s CPU     39.44s WALL (       1 calls)
     davcio       :      0.00s CPU      1.64s WALL (       2 calls)
     init_us_1    :      0.04s CPU      0.04s WALL (       2 calls)
     do_setup     :      0.16s CPU      0.18s WALL (       1 calls)
     init_pw_ar   :      0.16s CPU      0.17s WALL (       1 calls)
     init_at_1    :      0.00s CPU      0.00s WALL (       1 calls)
     storesqvc    :      0.00s CPU      0.00s WALL (       1 calls)
     chidiago     :    620.44s CPU    874.95s WALL (       1 calls)
     randomize    :      0.97s CPU      0.98s WALL (       1 calls)
     paramgs      :     11.21s CPU     11.27s WALL (       4 calls)
     dfpt         :    483.79s CPU    486.49s WALL (       4 calls)
     init_us_2    :      0.01s CPU      0.01s WALL (       4 calls)
     fftw         :    282.08s CPU    283.52s WALL (   30693 calls)
     alphapc      :      0.34s CPU      0.34s WALL (     159 calls)
     wstat_restar :     90.23s CPU    309.13s WALL (       3 calls)
     linstern     :    385.55s CPU    387.56s WALL (     117 calls)
     stern        :    370.40s CPU    372.30s WALL (    3890 calls)
     h_psi_bgrp   :    362.20s CPU    364.15s WALL (    3890 calls)
     h_psi        :    362.18s CPU    364.13s WALL (    3890 calls)
     h_psi:pot    :    360.17s CPU    362.01s WALL (    3890 calls)
     vloc_psi     :    341.58s CPU    343.35s WALL (    3890 calls)
     h_psi:calbec :     11.29s CPU     10.32s WALL (    3890 calls)
     calbec       :     11.28s CPU     10.31s WALL (    3890 calls)
     add_vuspsi   :      7.27s CPU      8.30s WALL (    3890 calls)
     alphapv      :      5.18s CPU      5.20s WALL (    3890 calls)
     build_hr     :      6.17s CPU      6.34s WALL (       3 calls)
     diagox       :      1.52s CPU      1.55s WALL (       3 calls)
     redistr_vr   :      0.20s CPU      0.22s WALL (       2 calls)
     update_vr    :     10.00s CPU     10.21s WALL (       2 calls)
     symm_hr      :      0.20s CPU      0.22s WALL (       2 calls)
     chidiago:las :      0.00s CPU      0.00s WALL (       1 calls)
     refresh_vr   :      4.72s CPU      4.80s WALL (       1 calls)
     pdep_db      :     11.16s CPU     38.27s WALL (       1 calls)
 
     WSTAT        : 10m26.73s CPU    15m16.22s WALL

 
   This run was terminated on:  21:19:21  13May2018            

=------------------------------------------------------------------------------=
   JOB DONE.
=------------------------------------------------------------------------------=
