
     Program WSTAT v. 2.0.0 starts on 22Jan2019 at 16: 7:25 

     This program is part of the open-source West suite
     for massively parallel calculations of excited states in materials; please cite
         "M. Govoni et al., J. Chem. Theory Comput. 11, 2680 (2015);
          URL http://www.west-code.org", 
     in publications or presentations arising from this work.

     Based on the Quantum ESPRESSO v. 6.1 svn rev. 13369
       
     --------------------------------------------------------------------------------------------
     **MPI** Parallelization Status                                      
     --------------------------------------------------------------------------------------------
                   160                  10             1             1            16
     --------------------------------------------------------------------------------------------
                     N         =         I      X      P      X      B      X      Z
                     ^                   ^             ^             ^             ^
                     |                   |             |             |             |
                   #rnk                  |             |             |             |
                                      #image           |             |             |
                                                     #pool           |             |
                                                                   #bgrp           |
                                                                                 #R&G
     --------------------------------------------------------------------------------------------
     **OPENMP** Parallelization Status
     #thr/rnk               =            1
     --------------------------------------------------------------------------------------------
     #prc = (rnk) * (thr) =          160
     --------------------------------------------------------------------------------------------
       
     --------------------------------------------------------------------------------------------
     I/O Summary : input_west                                            
     --------------------------------------------------------------------------------------------
     qe_prefix      = hf
     west_prefix    = hf
     outdir         = ./
     --------------------------------------------------------------------------------------------
       
     --------------------------------------------------------------------------------------------
     I/O Summary : wstat_control                                         
     --------------------------------------------------------------------------------------------
     wstat_calculation              =              S
     n_pdep_eigen                   =            100
     n_kin_pdep_eigen               =            400
     n_lindhard_eigen               =              0
     n_pdep_times                   =              4
     n_pdep_maxiter                 =            100
     n_dfpt_maxiter                 =            250
     n_pdep_read_from_file          =              0
     trev_pdep                      =   1.000000E-03
     trev_pdep_rel                  =   1.000000E-01
     tr2_dfpt                       =   1.000000E-12
     l_kinetic_only                 =              F
     l_minimize_exx_if_active       =              F
     l_use_ecutrho                  =              F
     l_pure_eigen                   =              F
     --------------------------------------------------------------------------------------------

     Reading data from directory:
     ./hf.save

   Info: using nr1, nr2, nr3 values from input

   Info: using nr1, nr2, nr3 values from input

     IMPORTANT: XC functional enforced from input :
     Exchange-correlation      = PBE ( 1  4  3  4 0 0)
     Any further DFT definition will be discarded
     Please, verify this is what you really want

     Message from routine readpp:
     file ./hf.save/F_ONCV_PBE-1.0.upf not found
     Message from routine readpp:
     file ./hf.save/H_ONCV_PBE-1.0.upf not found
 
     Parallelization info
     --------------------
     sticks:   dense  smooth     PW     G-vecs:    dense   smooth      PW
     Min        1520    1520    379               178660   178660   22323
     Max        1522    1522    384               178666   178666   22328
     Sum       24345   24345   6093              2858633  2858633  357213
 
       
     --------------------------------------------------------------------------------------------
     System Overview                                                     
     --------------------------------------------------------------------------------------------
     gamma_only           =              T
     ecutwfc [Ry]         =      85.000000
     omega [au^3]         =   2.700000E+04
     glob. #G             =         178607
     nbnd                 =            100
     nkstot               =              1
     nspin                =              1
     nelec                =       8.000000
     npol                 =              1
     lsda                 =              F
     noncolin             =              F
     lspinorb             =              F
     domag                =              F
     --------------------------------------------------------------------------------------------

     sFFT G-space:  1429317 G-vectors     R-space: ( 180, 180, 180)
     dFFT G-space:  1429317 G-vectors     R-space: ( 180, 180, 180)

     Cell [a.u.]          =      30.000000      0.000000      0.000000
                          =       0.000000     30.000000      0.000000
                          =       0.000000      0.000000     30.000000
      
     number of ks points=     1
                       cart. coord. in units 2pi/alat
        k(    1) = (   0.0000000   0.0000000   0.0000000), wk =   2.0000000

                       cryst. coord.
        k(    1) = (   0.0000000   0.0000000   0.0000000), wk =   2.0000000
 
     Spherical div        =   1.654268E-01
     Orthorombic div      =   1.628502E-01
       
     --------------------------------------------------------------------------------------------
     Parallelization for nvecx                                           
     --------------------------------------------------------------------------------------------
     nglob                =            400
     nlevel               =             10
     Min nglob/nlevel     =             40
     Max nglob/nlevel     =             40
     --------------------------------------------------------------------------------------------

     [MEM] ----------------------------------------------------------
     [MEM] **Memory** analysis: QE
     [MEM] ----------------------------------------------------------
     [MEM] Allocated arrays           est. size (Mb)     dimensions
     [MEM] ----------------------------------------------------------
     [MEM] Kohn-Sham Wavefunctions      17.03 Mb     (  11164,  100)
     [MEM] NL pseudopotentials           1.70 Mb     (  11164,   10)
     [MEM] Each V/rho on FFT grid        5.93 Mb     ( 388800)
     [MEM] Each G-vector array           0.68 Mb     (  89333)
     [MEM] G-vector shells               0.05 Mb     (   6125)
     [MEM] ----------------------------------------------------------
     [MEM] TOT                          25.40 Mb
     [MEM] ----------------------------------------------------------
     [MEM] 
     [MEM] ----------------------------------------------------------
     [MEM] **Memory** analysis: WSTAT global
     [MEM] ----------------------------------------------------------
     [MEM] Allocated arrays           est. size (Mb)     dimensions
     [MEM] ----------------------------------------------------------
     [MEM] dvg                           6.81 Mb     (  11164,   40)
     [MEM] dng                           6.81 Mb     (  11164,   40)
     [MEM] hr_distr                      0.12 Mb     (    400,   40)
     [MEM] vr_distr                      0.12 Mb     (    400,   40)
     [MEM] ----------------------------------------------------------
     [MEM] TOT                          13.87 Mb
     [MEM] ----------------------------------------------------------
     [MEM] 
     [MEM] ----------------------------------------------------------
     [MEM] **Memory** analysis: WSTAT temporary
     [MEM] ----------------------------------------------------------
     [MEM] Allocated arrays           est. size (Mb)     dimensions
     [MEM] ----------------------------------------------------------
     [MEM] dvpsi                         0.68 Mb     (  11164,    4)
     [MEM] dpsi                          0.68 Mb     (  11164,    4)
     [MEM] ----------------------------------------------------------
     [MEM] Total estimate                1.36 Mb
     [MEM] ----------------------------------------------------------

                       *----------*              *----------*               *----------*
     #     Iteration = | starting |   DFPT_dim = |      100 |   Diago_dim = |      100 |  x 1/2
                       *----------*              *----------*               *----------*
     per-process dynamical memory   117.7 Mb
  
       
     --------------------------------------------------------------------------------------------
     Sternheimer eq. solver... with lite-solver                          
     --------------------------------------------------------------------------------------------
     in progress... |##                  | 010% :               00.1s (E)               01.5s (X)
     in progress... |####                | 020% :               00.3s (E)               01.5s (X)
     in progress... |######              | 030% :               00.4s (E)               01.5s (X)
     in progress... |########            | 040% :               00.6s (E)               01.5s (X)
     in progress... |##########          | 050% :               00.7s (E)               01.5s (X)
     in progress... |############        | 060% :               00.9s (E)               01.5s (X)
     in progress... |##############      | 070% :               01.0s (E)               01.5s (X)
     in progress... |################    | 080% :               01.2s (E)               01.5s (X)
     in progress... |##################  | 090% :               01.3s (E)               01.5s (X)
     in progress... |####################| 100% :               01.5s (E)               01.5s (X)
     --------------------------------------------------------------------------------------------

     [I/O] -------------------------------------------------------
     [I/O] RESTART written in < 00.1s             
     [I/O] In location   : ./hf_100_400.wstat.restart
     [I/O] -------------------------------------------------------

                       *----------*              *----------*               *----------*
     #     Iteration = | starting |   DFPT_dim = |      100 |   Diago_dim = |      100 |  x 2/2
                       *----------*              *----------*               *----------*
     per-process dynamical memory   123.8 Mb
  
       
     --------------------------------------------------------------------------------------------
     Sternheimer eq. solver... with threshold =   1.000000E-06           
     --------------------------------------------------------------------------------------------
     in progress... |##                  | 010% :               01.3s (E)               13.1s (X)
     in progress... |####                | 020% :               02.6s (E)               13.1s (X)
     in progress... |######              | 030% :               03.9s (E)               13.0s (X)
     in progress... |########            | 040% :               05.1s (E)               12.9s (X)
     in progress... |##########          | 050% :               06.4s (E)               12.9s (X)
     in progress... |############        | 060% :               07.6s (E)               12.8s (X)
     in progress... |##############      | 070% :               08.9s (E)               12.7s (X)
     in progress... |################    | 080% :               10.1s (E)               12.7s (X)
     in progress... |##################  | 090% :               11.4s (E)               12.6s (X)
     in progress... |####################| 100% :               12.6s (E)               12.6s (X)
     --------------------------------------------------------------------------------------------
     p-DIAGOX done in < 00.1s with a SCALAPACK grid (3x3)
     --------------------------------------------------------------------------------------------
        
       -1.65951  -0.70518  -0.61628  -0.61559  -0.48094  -0.38529  -0.38346  -0.28028  -0.27711
       -0.25897  -0.23451  -0.23322  -0.20917  -0.17170  -0.16970  -0.14266  -0.14123  -0.14044
       -0.13763  -0.13745  -0.13140  -0.13026  -0.12754  -0.12503  -0.10451  -0.08250  -0.07507
       -0.07275  -0.06605  -0.06059  -0.05832  -0.05188  -0.05085  -0.04834  -0.04620  -0.04615
       -0.04527  -0.04439  -0.04357  -0.04306  -0.04224  -0.04203  -0.04075  -0.03934  -0.03903
       -0.03187  -0.03063  -0.02993  -0.02944  -0.02720  -0.02437  -0.02375  -0.02258  -0.02208
       -0.02148  -0.02118  -0.02048  -0.02031  -0.01913  -0.01804  -0.01773  -0.01737  -0.01697
       -0.01679  -0.01642  -0.01581  -0.01540  -0.01496  -0.01461  -0.01444  -0.01414  -0.01324
       -0.01281  -0.01260  -0.01212  -0.01173  -0.01144  -0.01111  -0.01064  -0.01051  -0.00999
       -0.00958  -0.00927  -0.00873  -0.00861  -0.00812  -0.00761  -0.00756  -0.00748  -0.00720
       -0.00661  -0.00655  -0.00644  -0.00627  -0.00576  -0.00557  -0.00539  -0.00499  -0.00489
       -0.00461
        
     --------------------------------------------------------------------------------------------
     Tot. elapsed time 35.5s,  time spent in last iteration 35.5s
     --------------------------------------------------------------------------------------------

     [I/O] -------------------------------------------------------
     [I/O] RESTART written in < 00.1s             
     [I/O] In location   : ./hf_100_400.wstat.restart
     [I/O] -------------------------------------------------------

                       *----------*              *----------*               *----------*
     #     Iteration = |        1 |   DFPT_dim = |      100 |   Diago_dim = |      200 |
                       *----------*              *----------*               *----------*
     per-process dynamical memory   131.7 Mb
  
       
     --------------------------------------------------------------------------------------------
     Sternheimer eq. solver... with threshold =   1.000000E-12           
     --------------------------------------------------------------------------------------------
     in progress... |##                  | 010% :               02.0s (E)               20.3s (X)
     in progress... |####                | 020% :               04.0s (E)               20.1s (X)
     in progress... |######              | 030% :               06.0s (E)               20.1s (X)
     in progress... |########            | 040% :               08.0s (E)               20.0s (X)
     in progress... |##########          | 050% :               09.9s (E)               19.9s (X)
     in progress... |############        | 060% :               11.8s (E)               19.8s (X)
     in progress... |##############      | 070% :               13.8s (E)               19.7s (X)
     in progress... |################    | 080% :               15.7s (E)               19.6s (X)
     in progress... |##################  | 090% :               17.6s (E)               19.6s (X)
     in progress... |####################| 100% :               19.5s (E)               19.5s (X)
     --------------------------------------------------------------------------------------------
     p-DIAGOX done in < 00.1s with a SCALAPACK grid (6x6)
     --------------------------------------------------------------------------------------------
        
       -2.03839  -0.72704  -0.61764  -0.61764  -0.49170  -0.39016  -0.39015  -0.28932  -0.28932
       -0.26590  -0.24308  -0.24308  -0.22122  -0.20011  -0.17500  -0.17500  -0.14531  -0.14530
       -0.13986  -0.13986  -0.13772  -0.13772  -0.13445  -0.13259  -0.13259  -0.09094  -0.08172
       -0.08171  -0.07344  -0.06585  -0.06583  -0.05714  -0.05589  -0.05588  -0.05197  -0.05091
       -0.05090  -0.05012  -0.05008  -0.04973  -0.04972  -0.04702  -0.04696  -0.04659  -0.04656
       -0.04064  -0.03909  -0.03905  -0.03785  -0.03782  -0.03349  -0.03049  -0.02998  -0.02985
       -0.02876  -0.02870  -0.02711  -0.02698  -0.02576  -0.02467  -0.02446  -0.02408  -0.02395
       -0.02274  -0.02264  -0.02238  -0.02221  -0.02211  -0.02196  -0.02159  -0.02143  -0.02128
       -0.02120  -0.02111  -0.02045  -0.02004  -0.01985  -0.01906  -0.01895  -0.01881  -0.01869
       -0.01702  -0.01644  -0.01635  -0.01619  -0.01615  -0.01499  -0.01488  -0.01405  -0.01385
       -0.01347  -0.01303  -0.01292  -0.01225  -0.01218  -0.01186  -0.01170  -0.01151  -0.01144
       -0.01137
        
     --------------------------------------------------------------------------------------------
     Tot. elapsed time 01m-18.3s,  time spent in last iteration 23.8s
     --------------------------------------------------------------------------------------------

     [I/O] -------------------------------------------------------
     [I/O] RESTART written in < 00.1s             
     [I/O] In location   : ./hf_100_400.wstat.restart
     [I/O] -------------------------------------------------------

                       *----------*              *----------*               *----------*
     #     Iteration = |        2 |   DFPT_dim = |      100 |   Diago_dim = |      300 |
                       *----------*              *----------*               *----------*
     per-process dynamical memory   131.7 Mb
  
       
     --------------------------------------------------------------------------------------------
     Sternheimer eq. solver... with threshold =   1.000000E-12           
     --------------------------------------------------------------------------------------------
     in progress... |##                  | 010% :               01.9s (E)               19.2s (X)
     in progress... |####                | 020% :               03.8s (E)               19.2s (X)
     in progress... |######              | 030% :               05.7s (E)               19.2s (X)
     in progress... |########            | 040% :               07.6s (E)               19.2s (X)
     in progress... |##########          | 050% :               09.6s (E)               19.2s (X)
     in progress... |############        | 060% :               11.5s (E)               19.1s (X)
     in progress... |##############      | 070% :               13.3s (E)               19.1s (X)
     in progress... |################    | 080% :               15.2s (E)               19.1s (X)
     in progress... |##################  | 090% :               17.1s (E)               19.0s (X)
     in progress... |####################| 100% :               19.0s (E)               19.0s (X)
     --------------------------------------------------------------------------------------------
     p-DIAGOX done in < 00.1s with a SCALAPACK grid (9x9)
     --------------------------------------------------------------------------------------------
        
       -2.03839  -0.72704  -0.61764  -0.61764  -0.49170  -0.39016  -0.39015  -0.28932  -0.28932
       -0.26590  -0.24308  -0.24308  -0.22122  -0.20011  -0.17500  -0.17500  -0.14531  -0.14530
       -0.13987  -0.13986  -0.13772  -0.13772  -0.13445  -0.13259  -0.13259  -0.09095  -0.08174
       -0.08173  -0.07346  -0.06587  -0.06587  -0.05721  -0.05591  -0.05591  -0.05203  -0.05097
       -0.05096  -0.05015  -0.05015  -0.04980  -0.04980  -0.04705  -0.04705  -0.04664  -0.04664
       -0.04082  -0.03916  -0.03916  -0.03792  -0.03792  -0.03369  -0.03064  -0.03015  -0.03015
       -0.02896  -0.02896  -0.02728  -0.02728  -0.02612  -0.02491  -0.02491  -0.02440  -0.02440
       -0.02302  -0.02302  -0.02268  -0.02268  -0.02266  -0.02266  -0.02207  -0.02189  -0.02189
       -0.02175  -0.02174  -0.02110  -0.02074  -0.02074  -0.01952  -0.01952  -0.01937  -0.01937
       -0.01768  -0.01675  -0.01674  -0.01673  -0.01672  -0.01611  -0.01568  -0.01564  -0.01464
       -0.01463  -0.01430  -0.01340  -0.01329  -0.01328  -0.01326  -0.01323  -0.01233  -0.01229
       -0.01222
        
     --------------------------------------------------------------------------------------------
     Tot. elapsed time 02m-19.6s,  time spent in last iteration 23.3s
     --------------------------------------------------------------------------------------------

     [I/O] -------------------------------------------------------
     [I/O] RESTART written in < 00.1s             
     [I/O] In location   : ./hf_100_400.wstat.restart
     [I/O] -------------------------------------------------------

                       *----------*              *----------*               *----------*
     #     Iteration = |        3 |   DFPT_dim = |        8 |   Diago_dim = |      308 |
                       *----------*              *----------*               *----------*
     per-process dynamical memory   131.7 Mb
  
       
     --------------------------------------------------------------------------------------------
     Sternheimer eq. solver... with threshold =   1.000000E-12           
     --------------------------------------------------------------------------------------------
     in progress... |####################| 100% :               01.8s (E)               01.8s (X)
     --------------------------------------------------------------------------------------------
     p-DIAGOX done in < 00.1s with a SCALAPACK grid (9x9)
     --------------------------------------------------------------------------------------------
        
       -2.03839  -0.72704  -0.61764  -0.61764  -0.49170  -0.39016  -0.39015  -0.28932  -0.28932
       -0.26590  -0.24308  -0.24308  -0.22122  -0.20011  -0.17500  -0.17500  -0.14531  -0.14530
       -0.13987  -0.13986  -0.13772  -0.13772  -0.13445  -0.13259  -0.13259  -0.09095  -0.08174
       -0.08173  -0.07346  -0.06587  -0.06587  -0.05721  -0.05591  -0.05591  -0.05203  -0.05097
       -0.05096  -0.05015  -0.05015  -0.04980  -0.04980  -0.04705  -0.04705  -0.04664  -0.04664
       -0.04082  -0.03916  -0.03916  -0.03792  -0.03792  -0.03369  -0.03064  -0.03015  -0.03015
       -0.02896  -0.02896  -0.02728  -0.02728  -0.02612  -0.02491  -0.02491  -0.02440  -0.02440
       -0.02302  -0.02302  -0.02268  -0.02268  -0.02266  -0.02266  -0.02207  -0.02189  -0.02189
       -0.02175  -0.02175  -0.02111  -0.02074  -0.02074  -0.01953  -0.01953  -0.01937  -0.01937
       -0.01768  -0.01675  -0.01675  -0.01673  -0.01673  -0.01614  -0.01570  -0.01568  -0.01468
       -0.01466  -0.01432  -0.01341  -0.01334  -0.01334  -0.01333  -0.01333  -0.01234  -0.01231
       -0.01223
        
     --------------------------------------------------------------------------------------------
     Tot. elapsed time 03m-20.0s,  time spent in last iteration 03.6s
     --------------------------------------------------------------------------------------------
      
     --------------------------------------------------------------------------------------------
     Database written in 09.3s               
     In location : ./hf_100_400.wstat.save
     --------------------------------------------------------------------------------------------
       
     --------------------------------------------------------------------------------------------
     Convergence achieved !!! in        3 steps                          
     --------------------------------------------------------------------------------------------
       
     --------------------------------------------------------------------------------------------
     ** Now compute kinetic eigenpotentials **                           
     --------------------------------------------------------------------------------------------
       
     --------------------------------------------------------------------------------------------
     Parallelization for newnvecx                                        
     --------------------------------------------------------------------------------------------
     nglob                =           1600
     nlevel               =             10
     Min nglob/nlevel     =            160
     Max nglob/nlevel     =            160
     --------------------------------------------------------------------------------------------
       
     --------------------------------------------------------------------------------------------
     Parallelization for merge_nvecx                                     
     --------------------------------------------------------------------------------------------
     nglob                =           2000
     nlevel               =             10
     Min nglob/nlevel     =            200
     Max nglob/nlevel     =            200
     --------------------------------------------------------------------------------------------

                       *----------*              *----------*               *----------*
     #     Iteration = | starting |   DFPT_dim = |      400 |   Diago_dim = |      400 |  x 1/2
                       *----------*              *----------*               *----------*
       
     --------------------------------------------------------------------------------------------
     Applying projection operator formed by dvg                          
     --------------------------------------------------------------------------------------------
     per-process dynamical memory   230.8 Mb
  
       
     --------------------------------------------------------------------------------------------
     Sternheimer eq. solver... with lite-solver                          
     --------------------------------------------------------------------------------------------
     in progress... |#                   | 005% :               00.3s (E)               06.0s (X)
     in progress... |##                  | 010% :               00.5s (E)               05.9s (X)
     in progress... |###                 | 015% :               00.8s (E)               05.9s (X)
     in progress... |####                | 020% :               01.1s (E)               05.9s (X)
     in progress... |#####               | 025% :               01.4s (E)               05.9s (X)
     in progress... |######              | 030% :               01.7s (E)               05.9s (X)
     in progress... |#######             | 035% :               02.0s (E)               05.9s (X)
     in progress... |########            | 040% :               02.3s (E)               05.9s (X)
     in progress... |#########           | 045% :               02.6s (E)               05.9s (X)
     in progress... |##########          | 050% :               02.9s (E)               05.9s (X)
     in progress... |###########         | 055% :               03.2s (E)               05.9s (X)
     in progress... |############        | 060% :               03.5s (E)               05.9s (X)
     in progress... |#############       | 065% :               03.8s (E)               05.9s (X)
     in progress... |##############      | 070% :               04.1s (E)               05.9s (X)
     in progress... |###############     | 075% :               04.4s (E)               05.9s (X)
     in progress... |################    | 080% :               04.7s (E)               05.9s (X)
     in progress... |#################   | 085% :               05.0s (E)               05.9s (X)
     in progress... |##################  | 090% :               05.3s (E)               05.9s (X)
     in progress... |################### | 095% :               05.6s (E)               05.9s (X)
     in progress... |####################| 100% :               05.9s (E)               05.9s (X)
       
     --------------------------------------------------------------------------------------------
     Applying projection operator formed by dvg                          
     --------------------------------------------------------------------------------------------
     --------------------------------------------------------------------------------------------

     [I/O] -------------------------------------------------------
     [I/O] RESTART written in < 00.1s             
     [I/O] In location   : ./hf_100_400.wstat.restart
     [I/O] -------------------------------------------------------

                       *----------*              *----------*               *----------*
     #     Iteration = | starting |   DFPT_dim = |      400 |   Diago_dim = |      400 |  x 2/2
                       *----------*              *----------*               *----------*
       
     --------------------------------------------------------------------------------------------
     Applying projection operator formed by dvg                          
     --------------------------------------------------------------------------------------------
     per-process dynamical memory   230.8 Mb
  
       
     --------------------------------------------------------------------------------------------
     Sternheimer eq. solver... with threshold =   1.000000E-06           
     --------------------------------------------------------------------------------------------
     in progress... |#                   | 005% :               00.4s (E)               08.1s (X)
     in progress... |##                  | 010% :               00.8s (E)               08.1s (X)
     in progress... |###                 | 015% :               01.2s (E)               08.1s (X)
     in progress... |####                | 020% :               01.6s (E)               08.0s (X)
     in progress... |#####               | 025% :               02.0s (E)               08.0s (X)
     in progress... |######              | 030% :               02.4s (E)               08.0s (X)
     in progress... |#######             | 035% :               02.8s (E)               08.0s (X)
     in progress... |########            | 040% :               03.2s (E)               08.0s (X)
     in progress... |#########           | 045% :               03.6s (E)               08.0s (X)
     in progress... |##########          | 050% :               04.0s (E)               08.0s (X)
     in progress... |###########         | 055% :               04.3s (E)               07.9s (X)
     in progress... |############        | 060% :               04.7s (E)               07.9s (X)
     in progress... |#############       | 065% :               05.1s (E)               07.9s (X)
     in progress... |##############      | 070% :               05.5s (E)               07.9s (X)
     in progress... |###############     | 075% :               05.9s (E)               07.9s (X)
     in progress... |################    | 080% :               06.3s (E)               07.9s (X)
     in progress... |#################   | 085% :               06.7s (E)               07.9s (X)
     in progress... |##################  | 090% :               07.1s (E)               07.9s (X)
     in progress... |################### | 095% :               07.5s (E)               07.9s (X)
     in progress... |####################| 100% :               07.9s (E)               07.9s (X)
       
     --------------------------------------------------------------------------------------------
     Applying projection operator formed by dvg                          
     --------------------------------------------------------------------------------------------
     --------------------------------------------------------------------------------------------
     p-DIAGOX done in 00.3s with a SCALAPACK grid (12x12)
     --------------------------------------------------------------------------------------------
        
       -0.01118  -0.01081  -0.01075  -0.01073  -0.01072  -0.01071  -0.01070  -0.01056  -0.01054
       -0.01052  -0.01036  -0.01034  -0.01031  -0.01029  -0.01015  -0.01013  -0.00968  -0.00967
       -0.00935  -0.00933  -0.00931  -0.00929  -0.00883  -0.00865  -0.00859  -0.00856  -0.00806
       -0.00800  -0.00798  -0.00794  -0.00792  -0.00791  -0.00789  -0.00759  -0.00755  -0.00727
       -0.00706  -0.00704  -0.00693  -0.00692  -0.00674  -0.00656  -0.00651  -0.00650  -0.00649
       -0.00649  -0.00644  -0.00631  -0.00630  -0.00613  -0.00612  -0.00610  -0.00605  -0.00601
       -0.00595  -0.00593  -0.00590  -0.00588  -0.00583  -0.00580  -0.00576  -0.00565  -0.00563
       -0.00561  -0.00558  -0.00554  -0.00552  -0.00546  -0.00541  -0.00515  -0.00511  -0.00504
       -0.00503  -0.00501  -0.00495  -0.00492  -0.00479  -0.00477  -0.00465  -0.00464  -0.00459
       -0.00456  -0.00454  -0.00450  -0.00444  -0.00441  -0.00436  -0.00430  -0.00427  -0.00424
       -0.00423  -0.00417  -0.00410  -0.00402  -0.00396  -0.00391  -0.00388  -0.00380  -0.00377
       -0.00375  -0.00373  -0.00372  -0.00370  -0.00365  -0.00360  -0.00358  -0.00354  -0.00352
       -0.00351  -0.00349  -0.00348  -0.00343  -0.00342  -0.00339  -0.00337  -0.00335  -0.00332
       -0.00329  -0.00326  -0.00324  -0.00323  -0.00320  -0.00319  -0.00310  -0.00305  -0.00305
       -0.00305  -0.00301  -0.00299  -0.00298  -0.00294  -0.00292  -0.00288  -0.00283  -0.00281
       -0.00280  -0.00278  -0.00277  -0.00276  -0.00274  -0.00273  -0.00270  -0.00268  -0.00266
       -0.00264  -0.00263  -0.00262  -0.00257  -0.00256  -0.00254  -0.00250  -0.00248  -0.00243
       -0.00242  -0.00239  -0.00237  -0.00234  -0.00231  -0.00229  -0.00228  -0.00225  -0.00223
       -0.00222  -0.00221  -0.00218  -0.00218  -0.00217  -0.00215  -0.00213  -0.00212  -0.00210
       -0.00207  -0.00205  -0.00205  -0.00202  -0.00199  -0.00197  -0.00195  -0.00193  -0.00191
       -0.00190  -0.00189  -0.00188  -0.00186  -0.00185  -0.00184  -0.00183  -0.00182  -0.00180
       -0.00178  -0.00177  -0.00176  -0.00175  -0.00173  -0.00171  -0.00170  -0.00169  -0.00167
       -0.00166  -0.00165  -0.00163  -0.00161  -0.00160  -0.00160  -0.00159  -0.00158  -0.00157
       -0.00157  -0.00155  -0.00154  -0.00153  -0.00151  -0.00150  -0.00150  -0.00147  -0.00146
       -0.00146  -0.00146  -0.00144  -0.00143  -0.00141  -0.00140  -0.00140  -0.00138  -0.00137
       -0.00136  -0.00135  -0.00133  -0.00131  -0.00130  -0.00130  -0.00129  -0.00129  -0.00127
       -0.00126  -0.00124  -0.00123  -0.00122  -0.00122  -0.00120  -0.00120  -0.00119  -0.00118
       -0.00118  -0.00116  -0.00115  -0.00114  -0.00113  -0.00113  -0.00112  -0.00111  -0.00110
       -0.00109  -0.00108  -0.00108  -0.00108  -0.00107  -0.00107  -0.00104  -0.00104  -0.00103
       -0.00102  -0.00101  -0.00101  -0.00100  -0.00099  -0.00098  -0.00096  -0.00096  -0.00096
       -0.00095  -0.00094  -0.00094  -0.00093  -0.00093  -0.00091  -0.00090  -0.00089  -0.00089
       -0.00088  -0.00088  -0.00087  -0.00086  -0.00086  -0.00085  -0.00085  -0.00084  -0.00083
       -0.00082  -0.00081  -0.00081  -0.00080  -0.00080  -0.00079  -0.00078  -0.00077  -0.00077
       -0.00076  -0.00076  -0.00075  -0.00074  -0.00074  -0.00073  -0.00072  -0.00072  -0.00071
       -0.00071  -0.00070  -0.00070  -0.00069  -0.00069  -0.00068  -0.00068  -0.00067  -0.00067
       -0.00065  -0.00065  -0.00065  -0.00064  -0.00064  -0.00063  -0.00063  -0.00062  -0.00062
       -0.00061  -0.00061  -0.00060  -0.00059  -0.00059  -0.00058  -0.00057  -0.00057  -0.00057
       -0.00056  -0.00055  -0.00055  -0.00054  -0.00054  -0.00053  -0.00053  -0.00052  -0.00051
       -0.00051  -0.00051  -0.00051  -0.00050  -0.00049  -0.00049  -0.00048  -0.00048  -0.00047
       -0.00047  -0.00047  -0.00046  -0.00046  -0.00045  -0.00045  -0.00045  -0.00044  -0.00044
       -0.00044  -0.00043  -0.00042  -0.00042  -0.00042  -0.00041  -0.00041  -0.00041  -0.00040
       -0.00040  -0.00039  -0.00039  -0.00038  -0.00038  -0.00038  -0.00037  -0.00037  -0.00037
       -0.00036  -0.00036  -0.00035  -0.00035  -0.00034  -0.00034  -0.00034  -0.00033  -0.00033
       -0.00032  -0.00032  -0.00031  -0.00031  -0.00031  -0.00030  -0.00030  -0.00028  -0.00028
       -0.00028  -0.00028  -0.00026  -0.00001
        
     --------------------------------------------------------------------------------------------
     Tot. elapsed time 01m-36.4s,  time spent in last iteration 01m-36.4s
     --------------------------------------------------------------------------------------------

     [I/O] -------------------------------------------------------
     [I/O] RESTART written in < 00.1s             
     [I/O] In location   : ./hf_100_400.wstat.restart
     [I/O] -------------------------------------------------------

                       *----------*              *----------*               *----------*
     #     Iteration = |        1 |   DFPT_dim = |      400 |   Diago_dim = |      800 |
                       *----------*              *----------*               *----------*
       
     --------------------------------------------------------------------------------------------
     Applying projection operator formed by dvg                          
     --------------------------------------------------------------------------------------------
     per-process dynamical memory   222.6 Mb
  
       
     --------------------------------------------------------------------------------------------
     Sternheimer eq. solver... with threshold =   1.000000E-12           
     --------------------------------------------------------------------------------------------
     in progress... |#                   | 005% :               00.4s (E)               09.5s (X)
     in progress... |##                  | 010% :               00.9s (E)               09.5s (X)
     in progress... |###                 | 015% :               01.4s (E)               09.5s (X)
     in progress... |####                | 020% :               01.9s (E)               09.5s (X)
     in progress... |#####               | 025% :               02.3s (E)               09.5s (X)
     in progress... |######              | 030% :               02.8s (E)               09.5s (X)
     in progress... |#######             | 035% :               03.3s (E)               09.5s (X)
     in progress... |########            | 040% :               03.8s (E)               09.5s (X)
     in progress... |#########           | 045% :               04.2s (E)               09.5s (X)
     in progress... |##########          | 050% :               04.7s (E)               09.4s (X)
     in progress... |###########         | 055% :               05.2s (E)               09.4s (X)
     in progress... |############        | 060% :               05.6s (E)               09.4s (X)
     in progress... |#############       | 065% :               06.1s (E)               09.5s (X)
     in progress... |##############      | 070% :               06.6s (E)               09.4s (X)
     in progress... |###############     | 075% :               07.1s (E)               09.4s (X)
     in progress... |################    | 080% :               07.5s (E)               09.4s (X)
     in progress... |#################   | 085% :               08.0s (E)               09.4s (X)
     in progress... |##################  | 090% :               08.5s (E)               09.4s (X)
     in progress... |################### | 095% :               09.0s (E)               09.4s (X)
     in progress... |####################| 100% :               09.4s (E)               09.4s (X)
       
     --------------------------------------------------------------------------------------------
     Applying projection operator formed by dvg                          
     --------------------------------------------------------------------------------------------
     --------------------------------------------------------------------------------------------
     p-DIAGOX done in 00.4s with a SCALAPACK grid (12x12)
     --------------------------------------------------------------------------------------------
        
       -0.01132  -0.01094  -0.01094  -0.01087  -0.01087  -0.01076  -0.01075  -0.01067  -0.01066
       -0.01063  -0.01048  -0.01047  -0.01042  -0.01041  -0.01025  -0.01025  -0.00978  -0.00978
       -0.00940  -0.00940  -0.00939  -0.00939  -0.00894  -0.00873  -0.00868  -0.00868  -0.00824
       -0.00811  -0.00811  -0.00807  -0.00806  -0.00795  -0.00795  -0.00776  -0.00775  -0.00741
       -0.00725  -0.00725  -0.00709  -0.00709  -0.00690  -0.00674  -0.00674  -0.00670  -0.00670
       -0.00657  -0.00657  -0.00639  -0.00639  -0.00634  -0.00634  -0.00631  -0.00630  -0.00624
       -0.00624  -0.00624  -0.00622  -0.00622  -0.00602  -0.00602  -0.00601  -0.00601  -0.00589
       -0.00589  -0.00588  -0.00588  -0.00578  -0.00578  -0.00554  -0.00547  -0.00547  -0.00528
       -0.00528  -0.00527  -0.00527  -0.00527  -0.00516  -0.00515  -0.00497  -0.00491  -0.00491
       -0.00486  -0.00486  -0.00486  -0.00486  -0.00472  -0.00471  -0.00457  -0.00457  -0.00452
       -0.00452  -0.00448  -0.00448  -0.00438  -0.00432  -0.00432  -0.00422  -0.00421  -0.00415
       -0.00411  -0.00411  -0.00406  -0.00406  -0.00406  -0.00397  -0.00397  -0.00389  -0.00389
       -0.00382  -0.00382  -0.00378  -0.00377  -0.00375  -0.00375  -0.00374  -0.00374  -0.00372
       -0.00370  -0.00370  -0.00368  -0.00368  -0.00366  -0.00366  -0.00353  -0.00352  -0.00351
       -0.00351  -0.00345  -0.00345  -0.00344  -0.00344  -0.00334  -0.00333  -0.00332  -0.00315
       -0.00315  -0.00315  -0.00312  -0.00311  -0.00311  -0.00310  -0.00309  -0.00305  -0.00305
       -0.00304  -0.00304  -0.00304  -0.00304  -0.00301  -0.00301  -0.00294  -0.00294  -0.00292
       -0.00292  -0.00288  -0.00288  -0.00274  -0.00273  -0.00272  -0.00272  -0.00267  -0.00265
       -0.00264  -0.00264  -0.00261  -0.00261  -0.00260  -0.00260  -0.00257  -0.00257  -0.00256
       -0.00256  -0.00251  -0.00248  -0.00248  -0.00245  -0.00245  -0.00245  -0.00245  -0.00238
       -0.00237  -0.00234  -0.00234  -0.00234  -0.00233  -0.00233  -0.00233  -0.00233  -0.00232
       -0.00225  -0.00225  -0.00224  -0.00223  -0.00222  -0.00221  -0.00221  -0.00218  -0.00217
       -0.00216  -0.00216  -0.00215  -0.00215  -0.00212  -0.00212  -0.00208  -0.00207  -0.00207
       -0.00207  -0.00206  -0.00206  -0.00199  -0.00198  -0.00197  -0.00197  -0.00195  -0.00195
       -0.00195  -0.00194  -0.00193  -0.00193  -0.00190  -0.00187  -0.00187  -0.00186  -0.00185
       -0.00185  -0.00184  -0.00184  -0.00180  -0.00180  -0.00180  -0.00179  -0.00179  -0.00179
       -0.00178  -0.00177  -0.00176  -0.00176  -0.00173  -0.00172  -0.00170  -0.00170  -0.00169
       -0.00168  -0.00164  -0.00163  -0.00162  -0.00161  -0.00161  -0.00160  -0.00159  -0.00159
       -0.00158  -0.00155  -0.00155  -0.00155  -0.00154  -0.00153  -0.00152  -0.00152  -0.00152
       -0.00151  -0.00151  -0.00151  -0.00150  -0.00150  -0.00149  -0.00149  -0.00149  -0.00148
       -0.00147  -0.00147  -0.00146  -0.00144  -0.00143  -0.00143  -0.00142  -0.00141  -0.00140
       -0.00137  -0.00136  -0.00136  -0.00135  -0.00134  -0.00134  -0.00134  -0.00133  -0.00133
       -0.00133  -0.00132  -0.00130  -0.00129  -0.00128  -0.00128  -0.00127  -0.00127  -0.00127
       -0.00126  -0.00126  -0.00126  -0.00126  -0.00125  -0.00125  -0.00124  -0.00124  -0.00123
       -0.00122  -0.00122  -0.00121  -0.00120  -0.00119  -0.00118  -0.00118  -0.00117  -0.00117
       -0.00115  -0.00115  -0.00114  -0.00113  -0.00112  -0.00112  -0.00111  -0.00110  -0.00110
       -0.00110  -0.00109  -0.00109  -0.00108  -0.00107  -0.00107  -0.00106  -0.00106  -0.00106
       -0.00106  -0.00105  -0.00104  -0.00103  -0.00102  -0.00102  -0.00102  -0.00102  -0.00101
       -0.00101  -0.00101  -0.00100  -0.00100  -0.00099  -0.00099  -0.00098  -0.00098  -0.00097
       -0.00096  -0.00096  -0.00095  -0.00095  -0.00094  -0.00093  -0.00093  -0.00093  -0.00092
       -0.00092  -0.00091  -0.00091  -0.00091  -0.00090  -0.00090  -0.00089  -0.00089  -0.00089
       -0.00089  -0.00088  -0.00087  -0.00087  -0.00087  -0.00086  -0.00086  -0.00086  -0.00086
       -0.00085  -0.00084  -0.00084  -0.00084  -0.00083  -0.00082  -0.00082  -0.00081  -0.00081
       -0.00080  -0.00080  -0.00080  -0.00079  -0.00079  -0.00079  -0.00079  -0.00078  -0.00078
       -0.00077  -0.00077  -0.00077  -0.00076
        
     --------------------------------------------------------------------------------------------
     Tot. elapsed time 03m-12.1s,  time spent in last iteration 22.6s
     --------------------------------------------------------------------------------------------

     [I/O] -------------------------------------------------------
     [I/O] RESTART written in < 00.1s             
     [I/O] In location   : ./hf_100_400.wstat.restart
     [I/O] -------------------------------------------------------

                       *----------*              *----------*               *----------*
     #     Iteration = |        2 |   DFPT_dim = |      297 |   Diago_dim = |     1097 |
                       *----------*              *----------*               *----------*
       
     --------------------------------------------------------------------------------------------
     Applying projection operator formed by dvg                          
     --------------------------------------------------------------------------------------------
     per-process dynamical memory   222.0 Mb
  
       
     --------------------------------------------------------------------------------------------
     Sternheimer eq. solver... with threshold =   1.000000E-12           
     --------------------------------------------------------------------------------------------
     in progress... |#                   | 005% :               00.4s (E)               09.3s (X)
     in progress... |##                  | 010% :               00.7s (E)               07.0s (X)
     in progress... |###                 | 015% :               01.1s (E)               07.8s (X)
     in progress... |####                | 020% :               01.4s (E)               07.0s (X)
     in progress... |#####               | 025% :               01.8s (E)               07.5s (X)
     in progress... |######              | 030% :               02.1s (E)               07.0s (X)
     in progress... |#######             | 035% :               02.5s (E)               07.3s (X)
     in progress... |########            | 040% :               02.8s (E)               07.0s (X)
     in progress... |#########           | 045% :               03.2s (E)               07.3s (X)
     in progress... |##########          | 050% :               03.5s (E)               07.0s (X)
     in progress... |###########         | 055% :               04.0s (E)               07.2s (X)
     in progress... |############        | 060% :               04.2s (E)               07.0s (X)
     in progress... |#############       | 065% :               04.7s (E)               07.2s (X)
     in progress... |##############      | 070% :               04.9s (E)               07.0s (X)
     in progress... |###############     | 075% :               05.4s (E)               07.2s (X)
     in progress... |################    | 080% :               05.6s (E)               07.0s (X)
     in progress... |#################   | 085% :               06.1s (E)               07.2s (X)
     in progress... |##################  | 090% :               06.3s (E)               07.0s (X)
     in progress... |################### | 095% :               06.8s (E)               07.1s (X)
     in progress... |####################| 100% :               07.0s (E)               07.0s (X)
       
     --------------------------------------------------------------------------------------------
     Applying projection operator formed by dvg                          
     --------------------------------------------------------------------------------------------
     --------------------------------------------------------------------------------------------
     p-DIAGOX done in 00.6s with a SCALAPACK grid (12x12)
     --------------------------------------------------------------------------------------------
        
       -0.01132  -0.01094  -0.01094  -0.01087  -0.01087  -0.01076  -0.01075  -0.01067  -0.01066
       -0.01063  -0.01048  -0.01047  -0.01042  -0.01041  -0.01025  -0.01025  -0.00978  -0.00978
       -0.00940  -0.00940  -0.00939  -0.00939  -0.00894  -0.00873  -0.00868  -0.00868  -0.00824
       -0.00811  -0.00811  -0.00807  -0.00806  -0.00795  -0.00795  -0.00776  -0.00775  -0.00741
       -0.00726  -0.00725  -0.00709  -0.00709  -0.00690  -0.00674  -0.00674  -0.00670  -0.00670
       -0.00657  -0.00657  -0.00639  -0.00639  -0.00634  -0.00634  -0.00631  -0.00630  -0.00624
       -0.00624  -0.00624  -0.00622  -0.00622  -0.00602  -0.00602  -0.00601  -0.00601  -0.00589
       -0.00589  -0.00588  -0.00588  -0.00578  -0.00578  -0.00554  -0.00547  -0.00547  -0.00529
       -0.00528  -0.00527  -0.00527  -0.00527  -0.00516  -0.00515  -0.00497  -0.00491  -0.00491
       -0.00486  -0.00486  -0.00486  -0.00486  -0.00472  -0.00472  -0.00457  -0.00457  -0.00452
       -0.00452  -0.00448  -0.00448  -0.00438  -0.00432  -0.00432  -0.00422  -0.00422  -0.00415
       -0.00412  -0.00412  -0.00407  -0.00406  -0.00406  -0.00398  -0.00398  -0.00390  -0.00389
       -0.00382  -0.00382  -0.00378  -0.00378  -0.00375  -0.00375  -0.00375  -0.00374  -0.00372
       -0.00371  -0.00370  -0.00368  -0.00368  -0.00366  -0.00366  -0.00353  -0.00353  -0.00352
       -0.00351  -0.00345  -0.00345  -0.00344  -0.00344  -0.00334  -0.00333  -0.00333  -0.00316
       -0.00315  -0.00315  -0.00312  -0.00312  -0.00311  -0.00311  -0.00309  -0.00305  -0.00305
       -0.00305  -0.00305  -0.00304  -0.00304  -0.00302  -0.00302  -0.00295  -0.00294  -0.00293
       -0.00292  -0.00288  -0.00288  -0.00274  -0.00274  -0.00273  -0.00273  -0.00268  -0.00265
       -0.00264  -0.00264  -0.00262  -0.00262  -0.00260  -0.00260  -0.00258  -0.00258  -0.00257
       -0.00257  -0.00252  -0.00248  -0.00248  -0.00246  -0.00246  -0.00246  -0.00246  -0.00239
       -0.00239  -0.00235  -0.00235  -0.00235  -0.00235  -0.00235  -0.00234  -0.00234  -0.00234
       -0.00226  -0.00225  -0.00225  -0.00223  -0.00223  -0.00222  -0.00222  -0.00219  -0.00219
       -0.00218  -0.00218  -0.00216  -0.00216  -0.00214  -0.00213  -0.00209  -0.00209  -0.00208
       -0.00208  -0.00208  -0.00208  -0.00201  -0.00199  -0.00199  -0.00198  -0.00197  -0.00197
       -0.00196  -0.00196  -0.00195  -0.00195  -0.00191  -0.00189  -0.00189  -0.00187  -0.00187
       -0.00186  -0.00186  -0.00186  -0.00182  -0.00182  -0.00181  -0.00181  -0.00181  -0.00181
       -0.00180  -0.00180  -0.00178  -0.00178  -0.00173  -0.00173  -0.00172  -0.00172  -0.00171
       -0.00171  -0.00167  -0.00166  -0.00166  -0.00164  -0.00164  -0.00162  -0.00162  -0.00160
       -0.00160  -0.00158  -0.00158  -0.00158  -0.00157  -0.00157  -0.00154  -0.00154  -0.00154
       -0.00154  -0.00153  -0.00153  -0.00153  -0.00153  -0.00152  -0.00152  -0.00152  -0.00152
       -0.00151  -0.00151  -0.00151  -0.00146  -0.00146  -0.00145  -0.00145  -0.00144  -0.00144
       -0.00140  -0.00139  -0.00139  -0.00138  -0.00138  -0.00137  -0.00137  -0.00136  -0.00136
       -0.00135  -0.00135  -0.00133  -0.00133  -0.00132  -0.00132  -0.00131  -0.00130  -0.00130
       -0.00130  -0.00130  -0.00130  -0.00130  -0.00129  -0.00129  -0.00128  -0.00128  -0.00127
       -0.00127  -0.00126  -0.00126  -0.00126  -0.00125  -0.00125  -0.00121  -0.00121  -0.00121
       -0.00121  -0.00121  -0.00120  -0.00120  -0.00116  -0.00116  -0.00116  -0.00116  -0.00115
       -0.00114  -0.00114  -0.00114  -0.00114  -0.00112  -0.00112  -0.00111  -0.00111  -0.00111
       -0.00110  -0.00110  -0.00110  -0.00109  -0.00109  -0.00108  -0.00107  -0.00106  -0.00106
       -0.00105  -0.00105  -0.00105  -0.00104  -0.00104  -0.00104  -0.00104  -0.00104  -0.00104
       -0.00103  -0.00103  -0.00102  -0.00102  -0.00102  -0.00102  -0.00101  -0.00101  -0.00100
       -0.00100  -0.00100  -0.00100  -0.00098  -0.00098  -0.00097  -0.00097  -0.00097  -0.00096
       -0.00096  -0.00094  -0.00094  -0.00093  -0.00093  -0.00092  -0.00092  -0.00092  -0.00092
       -0.00092  -0.00092  -0.00091  -0.00091  -0.00091  -0.00089  -0.00089  -0.00089  -0.00088
       -0.00088  -0.00088  -0.00087  -0.00087  -0.00087  -0.00087  -0.00085  -0.00085  -0.00085
       -0.00084  -0.00084  -0.00084  -0.00084
        
     --------------------------------------------------------------------------------------------
     Tot. elapsed time 04m-47.5s,  time spent in last iteration 21.8s
     --------------------------------------------------------------------------------------------

     [I/O] -------------------------------------------------------
     [I/O] RESTART written in < 00.1s             
     [I/O] In location   : ./hf_100_400.wstat.restart
     [I/O] -------------------------------------------------------

                       *----------*              *----------*               *----------*
     #     Iteration = |        3 |   DFPT_dim = |        6 |   Diago_dim = |     1103 |
                       *----------*              *----------*               *----------*
       
     --------------------------------------------------------------------------------------------
     Applying projection operator formed by dvg                          
     --------------------------------------------------------------------------------------------
     per-process dynamical memory   216.8 Mb
  
       
     --------------------------------------------------------------------------------------------
     Sternheimer eq. solver... with threshold =   1.000000E-12           
     --------------------------------------------------------------------------------------------
     in progress... |####################| 100% :               00.2s (E)               00.2s (X)
       
     --------------------------------------------------------------------------------------------
     Applying projection operator formed by dvg                          
     --------------------------------------------------------------------------------------------
     --------------------------------------------------------------------------------------------
     p-DIAGOX done in 00.6s with a SCALAPACK grid (12x12)
     --------------------------------------------------------------------------------------------
        
       -0.01132  -0.01094  -0.01094  -0.01087  -0.01087  -0.01076  -0.01075  -0.01067  -0.01066
       -0.01063  -0.01048  -0.01047  -0.01042  -0.01041  -0.01025  -0.01025  -0.00978  -0.00978
       -0.00940  -0.00940  -0.00939  -0.00939  -0.00894  -0.00873  -0.00868  -0.00868  -0.00824
       -0.00811  -0.00811  -0.00807  -0.00806  -0.00795  -0.00795  -0.00776  -0.00775  -0.00741
       -0.00726  -0.00725  -0.00709  -0.00709  -0.00690  -0.00674  -0.00674  -0.00670  -0.00670
       -0.00657  -0.00657  -0.00639  -0.00639  -0.00634  -0.00634  -0.00631  -0.00630  -0.00624
       -0.00624  -0.00624  -0.00622  -0.00622  -0.00602  -0.00602  -0.00601  -0.00601  -0.00589
       -0.00589  -0.00588  -0.00588  -0.00578  -0.00578  -0.00554  -0.00547  -0.00547  -0.00529
       -0.00528  -0.00527  -0.00527  -0.00527  -0.00516  -0.00515  -0.00497  -0.00491  -0.00491
       -0.00486  -0.00486  -0.00486  -0.00486  -0.00472  -0.00472  -0.00457  -0.00457  -0.00452
       -0.00452  -0.00448  -0.00448  -0.00438  -0.00432  -0.00432  -0.00422  -0.00422  -0.00415
       -0.00412  -0.00412  -0.00407  -0.00406  -0.00406  -0.00398  -0.00398  -0.00390  -0.00389
       -0.00382  -0.00382  -0.00378  -0.00378  -0.00375  -0.00375  -0.00375  -0.00374  -0.00372
       -0.00371  -0.00370  -0.00368  -0.00368  -0.00366  -0.00366  -0.00353  -0.00353  -0.00352
       -0.00351  -0.00345  -0.00345  -0.00344  -0.00344  -0.00334  -0.00333  -0.00333  -0.00316
       -0.00315  -0.00315  -0.00312  -0.00312  -0.00311  -0.00311  -0.00309  -0.00305  -0.00305
       -0.00305  -0.00305  -0.00304  -0.00304  -0.00302  -0.00302  -0.00295  -0.00294  -0.00293
       -0.00292  -0.00288  -0.00288  -0.00274  -0.00274  -0.00273  -0.00273  -0.00268  -0.00265
       -0.00264  -0.00264  -0.00262  -0.00262  -0.00260  -0.00260  -0.00258  -0.00258  -0.00257
       -0.00257  -0.00252  -0.00248  -0.00248  -0.00246  -0.00246  -0.00246  -0.00246  -0.00239
       -0.00239  -0.00235  -0.00235  -0.00235  -0.00235  -0.00235  -0.00234  -0.00234  -0.00234
       -0.00226  -0.00225  -0.00225  -0.00223  -0.00223  -0.00222  -0.00222  -0.00219  -0.00219
       -0.00218  -0.00218  -0.00216  -0.00216  -0.00214  -0.00213  -0.00209  -0.00209  -0.00208
       -0.00208  -0.00208  -0.00208  -0.00201  -0.00199  -0.00199  -0.00198  -0.00197  -0.00197
       -0.00196  -0.00196  -0.00195  -0.00195  -0.00191  -0.00189  -0.00189  -0.00187  -0.00187
       -0.00186  -0.00186  -0.00186  -0.00182  -0.00182  -0.00181  -0.00181  -0.00181  -0.00181
       -0.00180  -0.00180  -0.00178  -0.00178  -0.00173  -0.00173  -0.00172  -0.00172  -0.00171
       -0.00171  -0.00167  -0.00166  -0.00166  -0.00164  -0.00164  -0.00162  -0.00162  -0.00160
       -0.00160  -0.00158  -0.00158  -0.00158  -0.00157  -0.00157  -0.00154  -0.00154  -0.00154
       -0.00154  -0.00153  -0.00153  -0.00153  -0.00153  -0.00152  -0.00152  -0.00152  -0.00152
       -0.00151  -0.00151  -0.00151  -0.00146  -0.00146  -0.00145  -0.00145  -0.00144  -0.00144
       -0.00140  -0.00139  -0.00139  -0.00138  -0.00138  -0.00137  -0.00137  -0.00136  -0.00136
       -0.00135  -0.00135  -0.00133  -0.00133  -0.00132  -0.00132  -0.00131  -0.00130  -0.00130
       -0.00130  -0.00130  -0.00130  -0.00130  -0.00129  -0.00129  -0.00128  -0.00128  -0.00127
       -0.00127  -0.00126  -0.00126  -0.00126  -0.00125  -0.00125  -0.00121  -0.00121  -0.00121
       -0.00121  -0.00121  -0.00120  -0.00120  -0.00116  -0.00116  -0.00116  -0.00116  -0.00115
       -0.00114  -0.00114  -0.00114  -0.00114  -0.00112  -0.00112  -0.00111  -0.00111  -0.00111
       -0.00110  -0.00110  -0.00110  -0.00109  -0.00109  -0.00108  -0.00107  -0.00106  -0.00106
       -0.00105  -0.00105  -0.00105  -0.00104  -0.00104  -0.00104  -0.00104  -0.00104  -0.00104
       -0.00103  -0.00103  -0.00102  -0.00102  -0.00102  -0.00102  -0.00101  -0.00101  -0.00101
       -0.00100  -0.00100  -0.00100  -0.00098  -0.00098  -0.00097  -0.00097  -0.00097  -0.00096
       -0.00096  -0.00094  -0.00094  -0.00093  -0.00093  -0.00092  -0.00092  -0.00092  -0.00092
       -0.00092  -0.00092  -0.00091  -0.00091  -0.00091  -0.00089  -0.00089  -0.00089  -0.00089
       -0.00088  -0.00088  -0.00088  -0.00088  -0.00087  -0.00087  -0.00085  -0.00085  -0.00085
       -0.00085  -0.00085  -0.00084  -0.00084
        
     --------------------------------------------------------------------------------------------
     Tot. elapsed time 06m-08.0s,  time spent in last iteration 07.4s
     --------------------------------------------------------------------------------------------
       
     --------------------------------------------------------------------------------------------
     Convergence achieved !!! in        3 steps                          
     --------------------------------------------------------------------------------------------
      
     --------------------------------------------------------------------------------------------
     Database written in < 00.1s             
     In location : ./hf_100_400.wstat.save
     --------------------------------------------------------------------------------------------
 
     WSTAT        :  4m42.44s CPU    11m 8.09s WALL

     wstat_readin :      6.26s CPU     40.43s WALL (       1 calls)
     fetch_nml    :      0.00s CPU      0.00s WALL (       1 calls)
     read_xml     :      1.27s CPU      1.57s WALL (       1 calls)
     init_vloc    :      0.11s CPU      0.11s WALL (       2 calls)
     fft          :      0.26s CPU      0.27s WALL (      11 calls)
     fft_scatter  :     18.40s CPU     18.48s WALL (    5495 calls)
     v_of_rho     :      0.29s CPU      0.30s WALL (       1 calls)
     v_xc         :      0.26s CPU      0.27s WALL (       1 calls)
     v_h          :      0.03s CPU      0.04s WALL (       1 calls)
     read_wave    :      4.98s CPU     38.82s WALL (       1 calls)
     davcio       :      0.00s CPU      1.42s WALL (       2 calls)
     init_us_1    :      0.17s CPU      0.17s WALL (       2 calls)
     do_setup     :      0.32s CPU      0.33s WALL (       1 calls)
     init_pw_ar   :      0.31s CPU      0.33s WALL (       1 calls)
     init_at_1    :      0.00s CPU      0.00s WALL (       1 calls)
     storesqvc    :      0.00s CPU      0.00s WALL (       1 calls)
     chidiago     :    106.94s CPU    211.63s WALL (       1 calls)
     randomize    :      1.15s CPU      1.17s WALL (       2 calls)
     paramgs      :     13.94s CPU     14.11s WALL (      11 calls)
     dfpt         :    100.52s CPU    101.35s WALL (      10 calls)
     init_us_2    :      0.03s CPU      0.03s WALL (      10 calls)
     fftw         :     50.77s CPU     51.13s WALL (    5484 calls)
     alphapc      :      0.22s CPU      0.20s WALL (     192 calls)
     wstat_restar :    111.74s CPU    423.08s WALL (       8 calls)
     linstern     :     56.35s CPU     56.73s WALL (     142 calls)
     stern        :     49.25s CPU     49.60s WALL (    3943 calls)
     h_psi_bgrp   :     45.67s CPU     46.00s WALL (     949 calls)
     h_psi        :     45.67s CPU     45.99s WALL (     949 calls)
     h_psi:pot    :     45.52s CPU     45.80s WALL (     949 calls)
     vloc_psi     :     43.74s CPU     44.05s WALL (     949 calls)
     h_psi:calbec :      1.47s CPU      1.22s WALL (     949 calls)
     calbec       :      1.47s CPU      1.22s WALL (     949 calls)
     add_vuspsi   :      0.31s CPU      0.52s WALL (     949 calls)
     alphapv      :      2.32s CPU      2.27s WALL (    3943 calls)
     build_hr     :      8.11s CPU      8.38s WALL (       8 calls)
     diagox       :      2.32s CPU      2.38s WALL (       8 calls)
     redistr_vr   :      0.29s CPU      0.31s WALL (       6 calls)
     update_vr    :     13.18s CPU     13.58s WALL (       6 calls)
     symm_hr      :      0.29s CPU      0.32s WALL (       6 calls)
     chidiago:las :      0.00s CPU      0.00s WALL (       1 calls)
     refresh_vr   :      4.68s CPU      4.77s WALL (       2 calls)
     pdep_db      :      2.52s CPU      9.37s WALL (       1 calls)
     kinchidiago  :    168.91s CPU    415.65s WALL (       1 calls)
     k_psi        :      0.39s CPU      0.38s WALL (    2994 calls)
     kinchidiago: :      0.00s CPU      0.00s WALL (       1 calls)
     pdep_db_for_ :     10.55s CPU     37.19s WALL (       1 calls)
 
     WSTAT        :  4m42.44s CPU    11m 8.09s WALL

 
   This run was terminated on:  16:18:33  22Jan2019            

=------------------------------------------------------------------------------=
   JOB DONE.
=------------------------------------------------------------------------------=
