
     Program WSTAT v. 2.0.0 starts on 22Jan2019 at 16: 2:37 

     This program is part of the open-source West suite
     for massively parallel calculations of excited states in materials; please cite
         "M. Govoni et al., J. Chem. Theory Comput. 11, 2680 (2015);
          URL http://www.west-code.org", 
     in publications or presentations arising from this work.

     Based on the Quantum ESPRESSO v. 6.1 svn rev. 13369
       
     --------------------------------------------------------------------------------------------
     **MPI** Parallelization Status                                      
     --------------------------------------------------------------------------------------------
                   160                  10             1             1            16
     --------------------------------------------------------------------------------------------
                     N         =         I      X      P      X      B      X      Z
                     ^                   ^             ^             ^             ^
                     |                   |             |             |             |
                   #rnk                  |             |             |             |
                                      #image           |             |             |
                                                     #pool           |             |
                                                                   #bgrp           |
                                                                                 #R&G
     --------------------------------------------------------------------------------------------
     **OPENMP** Parallelization Status
     #thr/rnk               =            1
     --------------------------------------------------------------------------------------------
     #prc = (rnk) * (thr) =          160
     --------------------------------------------------------------------------------------------
       
     --------------------------------------------------------------------------------------------
     I/O Summary : input_west                                            
     --------------------------------------------------------------------------------------------
     qe_prefix      = hf
     west_prefix    = hf
     outdir         = ./
     --------------------------------------------------------------------------------------------
       
     --------------------------------------------------------------------------------------------
     I/O Summary : wstat_control                                         
     --------------------------------------------------------------------------------------------
     wstat_calculation              =              S
     n_pdep_eigen                   =             20
     n_kin_pdep_eigen               =            400
     n_lindhard_eigen               =              0
     n_pdep_times                   =              4
     n_pdep_maxiter                 =            100
     n_dfpt_maxiter                 =            250
     n_pdep_read_from_file          =              0
     trev_pdep                      =   1.000000E-03
     trev_pdep_rel                  =   1.000000E-01
     tr2_dfpt                       =   1.000000E-12
     l_kinetic_only                 =              F
     l_minimize_exx_if_active       =              F
     l_use_ecutrho                  =              F
     l_pure_eigen                   =              F
     --------------------------------------------------------------------------------------------

     Reading data from directory:
     ./hf.save

   Info: using nr1, nr2, nr3 values from input

   Info: using nr1, nr2, nr3 values from input

     IMPORTANT: XC functional enforced from input :
     Exchange-correlation      = PBE ( 1  4  3  4 0 0)
     Any further DFT definition will be discarded
     Please, verify this is what you really want

     Message from routine readpp:
     file ./hf.save/F_ONCV_PBE-1.0.upf not found
     Message from routine readpp:
     file ./hf.save/H_ONCV_PBE-1.0.upf not found
 
     Parallelization info
     --------------------
     sticks:   dense  smooth     PW     G-vecs:    dense   smooth      PW
     Min        1520    1520    379               178660   178660   22323
     Max        1522    1522    384               178666   178666   22328
     Sum       24345   24345   6093              2858633  2858633  357213
 
       
     --------------------------------------------------------------------------------------------
     System Overview                                                     
     --------------------------------------------------------------------------------------------
     gamma_only           =              T
     ecutwfc [Ry]         =      85.000000
     omega [au^3]         =   2.700000E+04
     glob. #G             =         178607
     nbnd                 =            100
     nkstot               =              1
     nspin                =              1
     nelec                =       8.000000
     npol                 =              1
     lsda                 =              F
     noncolin             =              F
     lspinorb             =              F
     domag                =              F
     --------------------------------------------------------------------------------------------

     sFFT G-space:  1429317 G-vectors     R-space: ( 180, 180, 180)
     dFFT G-space:  1429317 G-vectors     R-space: ( 180, 180, 180)

     Cell [a.u.]          =      30.000000      0.000000      0.000000
                          =       0.000000     30.000000      0.000000
                          =       0.000000      0.000000     30.000000
      
     number of ks points=     1
                       cart. coord. in units 2pi/alat
        k(    1) = (   0.0000000   0.0000000   0.0000000), wk =   2.0000000

                       cryst. coord.
        k(    1) = (   0.0000000   0.0000000   0.0000000), wk =   2.0000000
 
     Spherical div        =   1.654268E-01
     Orthorombic div      =   1.628502E-01
       
     --------------------------------------------------------------------------------------------
     Parallelization for nvecx                                           
     --------------------------------------------------------------------------------------------
     nglob                =             80
     nlevel               =             10
     Min nglob/nlevel     =              8
     Max nglob/nlevel     =              8
     --------------------------------------------------------------------------------------------

     [MEM] ----------------------------------------------------------
     [MEM] **Memory** analysis: QE
     [MEM] ----------------------------------------------------------
     [MEM] Allocated arrays           est. size (Mb)     dimensions
     [MEM] ----------------------------------------------------------
     [MEM] Kohn-Sham Wavefunctions      17.03 Mb     (  11164,  100)
     [MEM] NL pseudopotentials           1.70 Mb     (  11164,   10)
     [MEM] Each V/rho on FFT grid        5.93 Mb     ( 388800)
     [MEM] Each G-vector array           0.68 Mb     (  89333)
     [MEM] G-vector shells               0.05 Mb     (   6125)
     [MEM] ----------------------------------------------------------
     [MEM] TOT                          25.40 Mb
     [MEM] ----------------------------------------------------------
     [MEM] 
     [MEM] ----------------------------------------------------------
     [MEM] **Memory** analysis: WSTAT global
     [MEM] ----------------------------------------------------------
     [MEM] Allocated arrays           est. size (Mb)     dimensions
     [MEM] ----------------------------------------------------------
     [MEM] dvg                           1.36 Mb     (  11164,    8)
     [MEM] dng                           1.36 Mb     (  11164,    8)
     [MEM] hr_distr                      0.00 Mb     (     80,    8)
     [MEM] vr_distr                      0.00 Mb     (     80,    8)
     [MEM] ----------------------------------------------------------
     [MEM] TOT                           2.74 Mb
     [MEM] ----------------------------------------------------------
     [MEM] 
     [MEM] ----------------------------------------------------------
     [MEM] **Memory** analysis: WSTAT temporary
     [MEM] ----------------------------------------------------------
     [MEM] Allocated arrays           est. size (Mb)     dimensions
     [MEM] ----------------------------------------------------------
     [MEM] dvpsi                         0.68 Mb     (  11164,    4)
     [MEM] dpsi                          0.68 Mb     (  11164,    4)
     [MEM] ----------------------------------------------------------
     [MEM] Total estimate                1.36 Mb
     [MEM] ----------------------------------------------------------

                       *----------*              *----------*               *----------*
     #     Iteration = | starting |   DFPT_dim = |       20 |   Diago_dim = |       20 |  x 1/2
                       *----------*              *----------*               *----------*
     per-process dynamical memory   113.7 Mb
  
       
     --------------------------------------------------------------------------------------------
     Sternheimer eq. solver... with lite-solver                          
     --------------------------------------------------------------------------------------------
     in progress... |##########          | 050% :               00.1s (E)               00.3s (X)
     in progress... |####################| 100% :               00.3s (E)               00.3s (X)
     --------------------------------------------------------------------------------------------

     [I/O] -------------------------------------------------------
     [I/O] RESTART written in < 00.1s             
     [I/O] In location   : ./hf_20_400.wstat.restart
     [I/O] -------------------------------------------------------

                       *----------*              *----------*               *----------*
     #     Iteration = | starting |   DFPT_dim = |       20 |   Diago_dim = |       20 |  x 2/2
                       *----------*              *----------*               *----------*
     per-process dynamical memory   113.7 Mb
  
       
     --------------------------------------------------------------------------------------------
     Sternheimer eq. solver... with threshold =   1.000000E-06           
     --------------------------------------------------------------------------------------------
     in progress... |##########          | 050% :               01.3s (E)               02.6s (X)
     in progress... |####################| 100% :               02.6s (E)               02.6s (X)
     --------------------------------------------------------------------------------------------
     p-DIAGOX done in < 00.1s with a SCALAPACK grid (2x2)
     --------------------------------------------------------------------------------------------
        
       -1.45381  -0.66316  -0.57785  -0.56281  -0.35989  -0.31278  -0.28735  -0.19654  -0.19332
       -0.17303  -0.14995  -0.14454  -0.13141  -0.11988  -0.10420  -0.10174  -0.09662  -0.07983
       -0.06657  -0.06047
        
     --------------------------------------------------------------------------------------------
     Tot. elapsed time 07.3s,  time spent in last iteration 07.3s
     --------------------------------------------------------------------------------------------

     [I/O] -------------------------------------------------------
     [I/O] RESTART written in < 00.1s             
     [I/O] In location   : ./hf_20_400.wstat.restart
     [I/O] -------------------------------------------------------

                       *----------*              *----------*               *----------*
     #     Iteration = |        1 |   DFPT_dim = |       20 |   Diago_dim = |       40 |
                       *----------*              *----------*               *----------*
     per-process dynamical memory   113.7 Mb
  
       
     --------------------------------------------------------------------------------------------
     Sternheimer eq. solver... with threshold =   1.000000E-12           
     --------------------------------------------------------------------------------------------
     in progress... |##########          | 050% :               02.0s (E)               04.1s (X)
     in progress... |####################| 100% :               04.1s (E)               04.1s (X)
     --------------------------------------------------------------------------------------------
     p-DIAGOX done in < 00.1s with a SCALAPACK grid (2x2)
     --------------------------------------------------------------------------------------------
        
       -2.03797  -0.72673  -0.61756  -0.61620  -0.48981  -0.38990  -0.38572  -0.28099  -0.27301
       -0.25118  -0.23054  -0.21675  -0.19976  -0.19250  -0.17355  -0.16451  -0.14406  -0.14172
       -0.13478  -0.13273
        
     --------------------------------------------------------------------------------------------
     Tot. elapsed time 16.5s,  time spent in last iteration 05.0s
     --------------------------------------------------------------------------------------------

     [I/O] -------------------------------------------------------
     [I/O] RESTART written in < 00.1s             
     [I/O] In location   : ./hf_20_400.wstat.restart
     [I/O] -------------------------------------------------------

                       *----------*              *----------*               *----------*
     #     Iteration = |        2 |   DFPT_dim = |       20 |   Diago_dim = |       60 |
                       *----------*              *----------*               *----------*
     per-process dynamical memory   113.7 Mb
  
       
     --------------------------------------------------------------------------------------------
     Sternheimer eq. solver... with threshold =   1.000000E-12           
     --------------------------------------------------------------------------------------------
     in progress... |##########          | 050% :               02.0s (E)               04.1s (X)
     in progress... |####################| 100% :               04.1s (E)               04.1s (X)
     --------------------------------------------------------------------------------------------
     p-DIAGOX done in < 00.1s with a SCALAPACK grid (2x2)
     --------------------------------------------------------------------------------------------
        
       -2.03839  -0.72704  -0.61764  -0.61764  -0.49170  -0.39015  -0.39014  -0.28925  -0.28912
       -0.26577  -0.24293  -0.24279  -0.22118  -0.20002  -0.17496  -0.17452  -0.14523  -0.14507
       -0.13932  -0.13821
        
     --------------------------------------------------------------------------------------------
     Tot. elapsed time 29.1s,  time spent in last iteration 04.9s
     --------------------------------------------------------------------------------------------

     [I/O] -------------------------------------------------------
     [I/O] RESTART written in < 00.1s             
     [I/O] In location   : ./hf_20_400.wstat.restart
     [I/O] -------------------------------------------------------

                       *----------*              *----------*               *----------*
     #     Iteration = |        3 |   DFPT_dim = |       16 |   Diago_dim = |       76 |
                       *----------*              *----------*               *----------*
     per-process dynamical memory   113.7 Mb
  
       
     --------------------------------------------------------------------------------------------
     Sternheimer eq. solver... with threshold =   1.000000E-12           
     --------------------------------------------------------------------------------------------
     in progress... |##########          | 050% :               02.0s (E)               04.0s (X)
     in progress... |####################| 100% :               04.0s (E)               04.0s (X)
     --------------------------------------------------------------------------------------------
     p-DIAGOX done in < 00.1s with a SCALAPACK grid (2x2)
     --------------------------------------------------------------------------------------------
        
       -2.03839  -0.72704  -0.61764  -0.61764  -0.49170  -0.39016  -0.39015  -0.28932  -0.28932
       -0.26590  -0.24308  -0.24308  -0.22122  -0.20011  -0.17500  -0.17500  -0.14531  -0.14530
       -0.13986  -0.13982
        
     --------------------------------------------------------------------------------------------
     Tot. elapsed time 45.6s,  time spent in last iteration 04.9s
     --------------------------------------------------------------------------------------------

     [I/O] -------------------------------------------------------
     [I/O] RESTART written in < 00.1s             
     [I/O] In location   : ./hf_20_400.wstat.restart
     [I/O] -------------------------------------------------------

                       *----------*              *----------*               *----------*
     #     Iteration = |        4 |   DFPT_dim = |        1 |   Diago_dim = |       77 |
                       *----------*              *----------*               *----------*
     per-process dynamical memory   113.7 Mb
  
       
     --------------------------------------------------------------------------------------------
     Sternheimer eq. solver... with threshold =   1.000000E-12           
     --------------------------------------------------------------------------------------------
     in progress... |####################| 100% :             < 00.1s (E)             < 00.1s (X)
     --------------------------------------------------------------------------------------------
     p-DIAGOX done in < 00.1s with a SCALAPACK grid (2x2)
     --------------------------------------------------------------------------------------------
        
       -2.03839  -0.72704  -0.61764  -0.61764  -0.49170  -0.39016  -0.39015  -0.28932  -0.28932
       -0.26590  -0.24308  -0.24308  -0.22122  -0.20011  -0.17500  -0.17500  -0.14531  -0.14530
       -0.13986  -0.13986
        
     --------------------------------------------------------------------------------------------
     Tot. elapsed time 01m-03.6s,  time spent in last iteration 02.2s
     --------------------------------------------------------------------------------------------
      
     --------------------------------------------------------------------------------------------
     Database written in 02.0s               
     In location : ./hf_20_400.wstat.save
     --------------------------------------------------------------------------------------------
       
     --------------------------------------------------------------------------------------------
     Convergence achieved !!! in        4 steps                          
     --------------------------------------------------------------------------------------------
       
     --------------------------------------------------------------------------------------------
     ** Now compute kinetic eigenpotentials **                           
     --------------------------------------------------------------------------------------------
       
     --------------------------------------------------------------------------------------------
     Parallelization for newnvecx                                        
     --------------------------------------------------------------------------------------------
     nglob                =           1600
     nlevel               =             10
     Min nglob/nlevel     =            160
     Max nglob/nlevel     =            160
     --------------------------------------------------------------------------------------------
       
     --------------------------------------------------------------------------------------------
     Parallelization for merge_nvecx                                     
     --------------------------------------------------------------------------------------------
     nglob                =           1680
     nlevel               =             10
     Min nglob/nlevel     =            168
     Max nglob/nlevel     =            168
     --------------------------------------------------------------------------------------------

                       *----------*              *----------*               *----------*
     #     Iteration = | starting |   DFPT_dim = |      400 |   Diago_dim = |      400 |  x 1/2
                       *----------*              *----------*               *----------*
       
     --------------------------------------------------------------------------------------------
     Applying projection operator formed by dvg                          
     --------------------------------------------------------------------------------------------
     per-process dynamical memory   211.3 Mb
  
       
     --------------------------------------------------------------------------------------------
     Sternheimer eq. solver... with lite-solver                          
     --------------------------------------------------------------------------------------------
     in progress... |#                   | 005% :               00.2s (E)               05.9s (X)
     in progress... |##                  | 010% :               00.5s (E)               05.9s (X)
     in progress... |###                 | 015% :               00.8s (E)               05.9s (X)
     in progress... |####                | 020% :               01.1s (E)               05.9s (X)
     in progress... |#####               | 025% :               01.4s (E)               05.9s (X)
     in progress... |######              | 030% :               01.7s (E)               05.9s (X)
     in progress... |#######             | 035% :               02.0s (E)               05.9s (X)
     in progress... |########            | 040% :               02.3s (E)               05.9s (X)
     in progress... |#########           | 045% :               02.6s (E)               05.9s (X)
     in progress... |##########          | 050% :               02.9s (E)               05.9s (X)
     in progress... |###########         | 055% :               03.2s (E)               05.9s (X)
     in progress... |############        | 060% :               03.5s (E)               05.9s (X)
     in progress... |#############       | 065% :               03.8s (E)               05.9s (X)
     in progress... |##############      | 070% :               04.1s (E)               05.9s (X)
     in progress... |###############     | 075% :               04.4s (E)               05.9s (X)
     in progress... |################    | 080% :               04.7s (E)               05.9s (X)
     in progress... |#################   | 085% :               05.0s (E)               05.9s (X)
     in progress... |##################  | 090% :               05.3s (E)               05.9s (X)
     in progress... |################### | 095% :               05.6s (E)               05.9s (X)
     in progress... |####################| 100% :               05.9s (E)               05.9s (X)
       
     --------------------------------------------------------------------------------------------
     Applying projection operator formed by dvg                          
     --------------------------------------------------------------------------------------------
     --------------------------------------------------------------------------------------------

     [I/O] -------------------------------------------------------
     [I/O] RESTART written in < 00.1s             
     [I/O] In location   : ./hf_20_400.wstat.restart
     [I/O] -------------------------------------------------------

                       *----------*              *----------*               *----------*
     #     Iteration = | starting |   DFPT_dim = |      400 |   Diago_dim = |      400 |  x 2/2
                       *----------*              *----------*               *----------*
       
     --------------------------------------------------------------------------------------------
     Applying projection operator formed by dvg                          
     --------------------------------------------------------------------------------------------
     per-process dynamical memory   211.3 Mb
  
       
     --------------------------------------------------------------------------------------------
     Sternheimer eq. solver... with threshold =   1.000000E-06           
     --------------------------------------------------------------------------------------------
     in progress... |#                   | 005% :               00.4s (E)               08.2s (X)
     in progress... |##                  | 010% :               00.8s (E)               08.5s (X)
     in progress... |###                 | 015% :               01.2s (E)               08.5s (X)
     in progress... |####                | 020% :               01.6s (E)               08.4s (X)
     in progress... |#####               | 025% :               02.0s (E)               08.3s (X)
     in progress... |######              | 030% :               02.4s (E)               08.3s (X)
     in progress... |#######             | 035% :               02.8s (E)               08.2s (X)
     in progress... |########            | 040% :               03.2s (E)               08.2s (X)
     in progress... |#########           | 045% :               03.7s (E)               08.2s (X)
     in progress... |##########          | 050% :               04.0s (E)               08.1s (X)
     in progress... |###########         | 055% :               04.4s (E)               08.1s (X)
     in progress... |############        | 060% :               04.8s (E)               08.1s (X)
     in progress... |#############       | 065% :               05.2s (E)               08.1s (X)
     in progress... |##############      | 070% :               05.6s (E)               08.1s (X)
     in progress... |###############     | 075% :               06.0s (E)               08.1s (X)
     in progress... |################    | 080% :               06.4s (E)               08.0s (X)
     in progress... |#################   | 085% :               06.8s (E)               08.0s (X)
     in progress... |##################  | 090% :               07.2s (E)               08.0s (X)
     in progress... |################### | 095% :               07.6s (E)               08.0s (X)
     in progress... |####################| 100% :               08.0s (E)               08.0s (X)
       
     --------------------------------------------------------------------------------------------
     Applying projection operator formed by dvg                          
     --------------------------------------------------------------------------------------------
     --------------------------------------------------------------------------------------------
     p-DIAGOX done in 00.6s with a SCALAPACK grid (12x12)
     --------------------------------------------------------------------------------------------
        
       -0.09940  -0.09898  -0.09701  -0.09485  -0.09465  -0.06529  -0.06252  -0.06228  -0.05412
       -0.05103  -0.05098  -0.04657  -0.04561  -0.04550  -0.04261  -0.04258  -0.04241  -0.04233
       -0.04176  -0.04061  -0.04050  -0.03949  -0.03938  -0.03883  -0.03875  -0.03348  -0.03067
       -0.03054  -0.02917  -0.02910  -0.02764  -0.02554  -0.02552  -0.02499  -0.02427  -0.02423
       -0.02356  -0.02351  -0.02209  -0.02144  -0.02140  -0.02131  -0.02125  -0.02044  -0.02043
       -0.02028  -0.02022  -0.01993  -0.01979  -0.01946  -0.01941  -0.01925  -0.01918  -0.01826
       -0.01796  -0.01793  -0.01763  -0.01702  -0.01699  -0.01694  -0.01691  -0.01503  -0.01434
       -0.01421  -0.01415  -0.01405  -0.01384  -0.01370  -0.01361  -0.01299  -0.01296  -0.01231
       -0.01193  -0.01186  -0.01171  -0.01164  -0.01117  -0.01108  -0.01102  -0.01096  -0.01087
       -0.01068  -0.01063  -0.01058  -0.01050  -0.01037  -0.01032  -0.01025  -0.01023  -0.01016
       -0.01011  -0.01004  -0.01001  -0.00997  -0.00979  -0.00970  -0.00939  -0.00920  -0.00903
       -0.00901  -0.00891  -0.00891  -0.00834  -0.00814  -0.00811  -0.00799  -0.00782  -0.00772
       -0.00768  -0.00763  -0.00757  -0.00751  -0.00741  -0.00731  -0.00722  -0.00688  -0.00677
       -0.00675  -0.00660  -0.00650  -0.00643  -0.00630  -0.00628  -0.00618  -0.00612  -0.00598
       -0.00596  -0.00592  -0.00590  -0.00581  -0.00578  -0.00577  -0.00573  -0.00570  -0.00570
       -0.00565  -0.00557  -0.00553  -0.00551  -0.00549  -0.00543  -0.00541  -0.00535  -0.00528
       -0.00522  -0.00518  -0.00513  -0.00505  -0.00495  -0.00491  -0.00484  -0.00481  -0.00474
       -0.00471  -0.00465  -0.00457  -0.00452  -0.00441  -0.00438  -0.00433  -0.00429  -0.00426
       -0.00422  -0.00418  -0.00414  -0.00409  -0.00405  -0.00403  -0.00399  -0.00395  -0.00391
       -0.00384  -0.00383  -0.00377  -0.00369  -0.00363  -0.00359  -0.00354  -0.00352  -0.00350
       -0.00348  -0.00345  -0.00337  -0.00334  -0.00331  -0.00330  -0.00328  -0.00324  -0.00323
       -0.00320  -0.00318  -0.00315  -0.00314  -0.00309  -0.00307  -0.00305  -0.00303  -0.00300
       -0.00299  -0.00297  -0.00295  -0.00292  -0.00288  -0.00287  -0.00281  -0.00281  -0.00277
       -0.00274  -0.00272  -0.00267  -0.00264  -0.00263  -0.00261  -0.00258  -0.00256  -0.00253
       -0.00250  -0.00249  -0.00247  -0.00246  -0.00243  -0.00238  -0.00238  -0.00235  -0.00232
       -0.00230  -0.00228  -0.00226  -0.00223  -0.00222  -0.00222  -0.00221  -0.00219  -0.00214
       -0.00213  -0.00211  -0.00208  -0.00203  -0.00202  -0.00201  -0.00201  -0.00200  -0.00198
       -0.00197  -0.00195  -0.00192  -0.00189  -0.00188  -0.00186  -0.00185  -0.00183  -0.00180
       -0.00178  -0.00177  -0.00176  -0.00175  -0.00173  -0.00172  -0.00171  -0.00169  -0.00167
       -0.00166  -0.00165  -0.00163  -0.00162  -0.00160  -0.00158  -0.00156  -0.00155  -0.00154
       -0.00153  -0.00151  -0.00150  -0.00148  -0.00147  -0.00146  -0.00145  -0.00142  -0.00142
       -0.00141  -0.00139  -0.00138  -0.00136  -0.00136  -0.00134  -0.00133  -0.00132  -0.00131
       -0.00130  -0.00130  -0.00128  -0.00126  -0.00125  -0.00123  -0.00123  -0.00121  -0.00120
       -0.00119  -0.00118  -0.00117  -0.00116  -0.00115  -0.00114  -0.00112  -0.00112  -0.00111
       -0.00110  -0.00108  -0.00107  -0.00106  -0.00105  -0.00104  -0.00103  -0.00102  -0.00101
       -0.00100  -0.00099  -0.00099  -0.00097  -0.00096  -0.00095  -0.00094  -0.00093  -0.00092
       -0.00092  -0.00091  -0.00090  -0.00089  -0.00088  -0.00087  -0.00087  -0.00087  -0.00085
       -0.00085  -0.00083  -0.00083  -0.00082  -0.00081  -0.00080  -0.00079  -0.00078  -0.00078
       -0.00077  -0.00076  -0.00075  -0.00075  -0.00074  -0.00074  -0.00073  -0.00072  -0.00071
       -0.00071  -0.00069  -0.00069  -0.00068  -0.00067  -0.00066  -0.00066  -0.00066  -0.00065
       -0.00064  -0.00063  -0.00062  -0.00062  -0.00061  -0.00061  -0.00060  -0.00059  -0.00059
       -0.00059  -0.00057  -0.00057  -0.00057  -0.00056  -0.00055  -0.00055  -0.00054  -0.00053
       -0.00052  -0.00052  -0.00050  -0.00049  -0.00049  -0.00048  -0.00047  -0.00046  -0.00046
       -0.00045  -0.00045  -0.00045  -0.00043  -0.00043  -0.00042  -0.00042  -0.00041  -0.00041
       -0.00039  -0.00037  -0.00036  -0.00008
        
     --------------------------------------------------------------------------------------------
     Tot. elapsed time 36.6s,  time spent in last iteration 36.6s
     --------------------------------------------------------------------------------------------

     [I/O] -------------------------------------------------------
     [I/O] RESTART written in < 00.1s             
     [I/O] In location   : ./hf_20_400.wstat.restart
     [I/O] -------------------------------------------------------

                       *----------*              *----------*               *----------*
     #     Iteration = |        1 |   DFPT_dim = |      400 |   Diago_dim = |      800 |
                       *----------*              *----------*               *----------*
       
     --------------------------------------------------------------------------------------------
     Applying projection operator formed by dvg                          
     --------------------------------------------------------------------------------------------
     per-process dynamical memory   197.3 Mb
  
       
     --------------------------------------------------------------------------------------------
     Sternheimer eq. solver... with threshold =   1.000000E-12           
     --------------------------------------------------------------------------------------------
     in progress... |#                   | 005% :               00.4s (E)               09.6s (X)
     in progress... |##                  | 010% :               00.9s (E)               09.5s (X)
     in progress... |###                 | 015% :               01.4s (E)               09.6s (X)
     in progress... |####                | 020% :               01.9s (E)               09.6s (X)
     in progress... |#####               | 025% :               02.3s (E)               09.5s (X)
     in progress... |######              | 030% :               02.8s (E)               09.5s (X)
     in progress... |#######             | 035% :               03.3s (E)               09.5s (X)
     in progress... |########            | 040% :               03.8s (E)               09.5s (X)
     in progress... |#########           | 045% :               04.2s (E)               09.5s (X)
     in progress... |##########          | 050% :               04.7s (E)               09.5s (X)
     in progress... |###########         | 055% :               05.2s (E)               09.5s (X)
     in progress... |############        | 060% :               05.7s (E)               09.5s (X)
     in progress... |#############       | 065% :               06.1s (E)               09.5s (X)
     in progress... |##############      | 070% :               06.6s (E)               09.5s (X)
     in progress... |###############     | 075% :               07.1s (E)               09.5s (X)
     in progress... |################    | 080% :               07.5s (E)               09.4s (X)
     in progress... |#################   | 085% :               08.0s (E)               09.4s (X)
     in progress... |##################  | 090% :               08.5s (E)               09.5s (X)
     in progress... |################### | 095% :               09.0s (E)               09.4s (X)
     in progress... |####################| 100% :               09.4s (E)               09.4s (X)
       
     --------------------------------------------------------------------------------------------
     Applying projection operator formed by dvg                          
     --------------------------------------------------------------------------------------------
     --------------------------------------------------------------------------------------------
     p-DIAGOX done in 00.4s with a SCALAPACK grid (12x12)
     --------------------------------------------------------------------------------------------
        
       -0.09941  -0.09899  -0.09720  -0.09486  -0.09466  -0.06534  -0.06253  -0.06229  -0.05422
       -0.05106  -0.05101  -0.04818  -0.04565  -0.04553  -0.04265  -0.04261  -0.04245  -0.04237
       -0.04187  -0.04064  -0.04054  -0.03951  -0.03940  -0.03890  -0.03879  -0.03396  -0.03075
       -0.03066  -0.02921  -0.02914  -0.02779  -0.02563  -0.02562  -0.02509  -0.02436  -0.02432
       -0.02367  -0.02364  -0.02222  -0.02156  -0.02155  -0.02144  -0.02142  -0.02058  -0.02057
       -0.02041  -0.02041  -0.02006  -0.02002  -0.01962  -0.01960  -0.01942  -0.01936  -0.01849
       -0.01816  -0.01815  -0.01793  -0.01720  -0.01719  -0.01716  -0.01714  -0.01531  -0.01462
       -0.01459  -0.01432  -0.01431  -0.01418  -0.01394  -0.01393  -0.01322  -0.01322  -0.01258
       -0.01215  -0.01214  -0.01198  -0.01197  -0.01152  -0.01132  -0.01131  -0.01130  -0.01128
       -0.01094  -0.01093  -0.01087  -0.01086  -0.01069  -0.01068  -0.01066  -0.01066  -0.01055
       -0.01048  -0.01047  -0.01041  -0.01041  -0.01022  -0.01021  -0.00977  -0.00975  -0.00941
       -0.00939  -0.00938  -0.00936  -0.00896  -0.00871  -0.00867  -0.00866  -0.00821  -0.00810
       -0.00810  -0.00805  -0.00804  -0.00794  -0.00793  -0.00775  -0.00775  -0.00728  -0.00725
       -0.00725  -0.00708  -0.00707  -0.00687  -0.00674  -0.00674  -0.00670  -0.00669  -0.00654
       -0.00653  -0.00639  -0.00639  -0.00630  -0.00630  -0.00626  -0.00625  -0.00624  -0.00623
       -0.00622  -0.00621  -0.00621  -0.00602  -0.00602  -0.00601  -0.00601  -0.00589  -0.00589
       -0.00588  -0.00588  -0.00578  -0.00577  -0.00551  -0.00547  -0.00546  -0.00528  -0.00527
       -0.00527  -0.00527  -0.00523  -0.00513  -0.00513  -0.00496  -0.00490  -0.00490  -0.00486
       -0.00486  -0.00485  -0.00485  -0.00471  -0.00471  -0.00456  -0.00456  -0.00452  -0.00451
       -0.00448  -0.00447  -0.00436  -0.00431  -0.00431  -0.00421  -0.00421  -0.00414  -0.00411
       -0.00410  -0.00407  -0.00405  -0.00405  -0.00397  -0.00397  -0.00389  -0.00388  -0.00381
       -0.00381  -0.00377  -0.00376  -0.00374  -0.00374  -0.00374  -0.00373  -0.00370  -0.00370
       -0.00369  -0.00367  -0.00367  -0.00365  -0.00365  -0.00352  -0.00352  -0.00350  -0.00350
       -0.00344  -0.00344  -0.00343  -0.00343  -0.00332  -0.00331  -0.00331  -0.00314  -0.00314
       -0.00313  -0.00311  -0.00310  -0.00309  -0.00309  -0.00308  -0.00305  -0.00304  -0.00303
       -0.00303  -0.00303  -0.00302  -0.00300  -0.00299  -0.00292  -0.00292  -0.00291  -0.00290
       -0.00287  -0.00287  -0.00273  -0.00272  -0.00271  -0.00270  -0.00266  -0.00263  -0.00262
       -0.00262  -0.00261  -0.00260  -0.00259  -0.00258  -0.00256  -0.00256  -0.00255  -0.00254
       -0.00248  -0.00246  -0.00245  -0.00244  -0.00243  -0.00243  -0.00243  -0.00236  -0.00235
       -0.00232  -0.00232  -0.00232  -0.00232  -0.00231  -0.00231  -0.00230  -0.00230  -0.00223
       -0.00223  -0.00222  -0.00221  -0.00220  -0.00220  -0.00219  -0.00216  -0.00216  -0.00214
       -0.00214  -0.00214  -0.00213  -0.00210  -0.00209  -0.00207  -0.00205  -0.00205  -0.00205
       -0.00204  -0.00203  -0.00196  -0.00195  -0.00195  -0.00194  -0.00193  -0.00192  -0.00192
       -0.00192  -0.00189  -0.00188  -0.00186  -0.00184  -0.00184  -0.00183  -0.00182  -0.00182
       -0.00181  -0.00181  -0.00178  -0.00178  -0.00177  -0.00177  -0.00177  -0.00176  -0.00175
       -0.00174  -0.00173  -0.00172  -0.00171  -0.00170  -0.00167  -0.00166  -0.00164  -0.00163
       -0.00160  -0.00160  -0.00159  -0.00157  -0.00157  -0.00156  -0.00156  -0.00155  -0.00154
       -0.00152  -0.00151  -0.00151  -0.00150  -0.00149  -0.00149  -0.00149  -0.00149  -0.00148
       -0.00148  -0.00147  -0.00147  -0.00146  -0.00145  -0.00144  -0.00144  -0.00143  -0.00143
       -0.00142  -0.00141  -0.00140  -0.00140  -0.00139  -0.00138  -0.00134  -0.00134  -0.00134
       -0.00133  -0.00132  -0.00131  -0.00131  -0.00130  -0.00130  -0.00130  -0.00129  -0.00128
       -0.00127  -0.00126  -0.00125  -0.00125  -0.00124  -0.00124  -0.00123  -0.00123  -0.00122
       -0.00122  -0.00121  -0.00121  -0.00120  -0.00119  -0.00119  -0.00118  -0.00117  -0.00116
       -0.00116  -0.00115  -0.00115  -0.00113  -0.00113  -0.00112  -0.00111  -0.00110  -0.00109
       -0.00109  -0.00108  -0.00107  -0.00107
        
     --------------------------------------------------------------------------------------------
     Tot. elapsed time 01m-13.0s,  time spent in last iteration 21.3s
     --------------------------------------------------------------------------------------------

     [I/O] -------------------------------------------------------
     [I/O] RESTART written in < 00.1s             
     [I/O] In location   : ./hf_20_400.wstat.restart
     [I/O] -------------------------------------------------------

                       *----------*              *----------*               *----------*
     #     Iteration = |        2 |   DFPT_dim = |      263 |   Diago_dim = |     1063 |
                       *----------*              *----------*               *----------*
       
     --------------------------------------------------------------------------------------------
     Applying projection operator formed by dvg                          
     --------------------------------------------------------------------------------------------
     per-process dynamical memory   197.2 Mb
  
       
     --------------------------------------------------------------------------------------------
     Sternheimer eq. solver... with threshold =   1.000000E-12           
     --------------------------------------------------------------------------------------------
     in progress... |#                   | 005% :               00.4s (E)               09.4s (X)
     in progress... |##                  | 010% :               00.7s (E)               07.0s (X)
     in progress... |###                 | 015% :               01.1s (E)               07.8s (X)
     in progress... |####                | 020% :               01.4s (E)               07.1s (X)
     in progress... |#####               | 025% :               01.6s (E)               06.6s (X)
     in progress... |######              | 030% :               02.1s (E)               07.1s (X)
     in progress... |#######             | 035% :               02.3s (E)               06.7s (X)
     in progress... |########            | 040% :               02.6s (E)               06.5s (X)
     in progress... |#########           | 045% :               03.0s (E)               06.8s (X)
     in progress... |##########          | 050% :               03.3s (E)               06.6s (X)
     in progress... |###########         | 055% :               03.5s (E)               06.4s (X)
     in progress... |############        | 060% :               04.0s (E)               06.7s (X)
     in progress... |#############       | 065% :               04.2s (E)               06.5s (X)
     in progress... |##############      | 070% :               04.4s (E)               06.4s (X)
     in progress... |###############     | 075% :               04.9s (E)               06.6s (X)
     in progress... |################    | 080% :               05.1s (E)               06.4s (X)
     in progress... |#################   | 085% :               05.4s (E)               06.3s (X)
     in progress... |##################  | 090% :               05.9s (E)               06.5s (X)
     in progress... |################### | 095% :               06.1s (E)               06.4s (X)
     in progress... |####################| 100% :               06.3s (E)               06.3s (X)
       
     --------------------------------------------------------------------------------------------
     Applying projection operator formed by dvg                          
     --------------------------------------------------------------------------------------------
     --------------------------------------------------------------------------------------------
     p-DIAGOX done in 00.5s with a SCALAPACK grid (12x12)
     --------------------------------------------------------------------------------------------
        
       -0.09941  -0.09899  -0.09720  -0.09486  -0.09466  -0.06534  -0.06253  -0.06229  -0.05422
       -0.05106  -0.05101  -0.04818  -0.04565  -0.04553  -0.04265  -0.04261  -0.04245  -0.04237
       -0.04187  -0.04064  -0.04054  -0.03951  -0.03940  -0.03890  -0.03879  -0.03396  -0.03075
       -0.03066  -0.02921  -0.02914  -0.02779  -0.02563  -0.02562  -0.02509  -0.02436  -0.02432
       -0.02367  -0.02364  -0.02222  -0.02156  -0.02155  -0.02144  -0.02142  -0.02058  -0.02057
       -0.02041  -0.02041  -0.02006  -0.02002  -0.01962  -0.01960  -0.01942  -0.01936  -0.01849
       -0.01816  -0.01815  -0.01793  -0.01720  -0.01719  -0.01716  -0.01714  -0.01531  -0.01462
       -0.01460  -0.01432  -0.01431  -0.01418  -0.01394  -0.01393  -0.01322  -0.01322  -0.01258
       -0.01215  -0.01214  -0.01198  -0.01197  -0.01152  -0.01132  -0.01131  -0.01130  -0.01128
       -0.01094  -0.01093  -0.01087  -0.01086  -0.01069  -0.01068  -0.01066  -0.01066  -0.01055
       -0.01048  -0.01047  -0.01041  -0.01041  -0.01022  -0.01021  -0.00977  -0.00975  -0.00941
       -0.00940  -0.00939  -0.00937  -0.00896  -0.00871  -0.00867  -0.00866  -0.00821  -0.00810
       -0.00810  -0.00805  -0.00804  -0.00794  -0.00793  -0.00775  -0.00775  -0.00728  -0.00725
       -0.00725  -0.00708  -0.00707  -0.00687  -0.00674  -0.00674  -0.00670  -0.00670  -0.00654
       -0.00653  -0.00640  -0.00639  -0.00630  -0.00630  -0.00626  -0.00625  -0.00624  -0.00623
       -0.00623  -0.00621  -0.00621  -0.00602  -0.00602  -0.00602  -0.00601  -0.00589  -0.00589
       -0.00588  -0.00588  -0.00578  -0.00577  -0.00551  -0.00547  -0.00546  -0.00528  -0.00528
       -0.00527  -0.00527  -0.00523  -0.00514  -0.00513  -0.00496  -0.00491  -0.00490  -0.00486
       -0.00486  -0.00485  -0.00485  -0.00472  -0.00471  -0.00457  -0.00456  -0.00452  -0.00451
       -0.00448  -0.00448  -0.00437  -0.00432  -0.00432  -0.00422  -0.00422  -0.00415  -0.00412
       -0.00411  -0.00407  -0.00406  -0.00406  -0.00398  -0.00397  -0.00390  -0.00389  -0.00382
       -0.00382  -0.00377  -0.00377  -0.00375  -0.00375  -0.00374  -0.00374  -0.00371  -0.00370
       -0.00369  -0.00368  -0.00368  -0.00366  -0.00366  -0.00353  -0.00353  -0.00352  -0.00351
       -0.00345  -0.00345  -0.00344  -0.00344  -0.00333  -0.00333  -0.00332  -0.00316  -0.00315
       -0.00315  -0.00312  -0.00311  -0.00311  -0.00310  -0.00309  -0.00306  -0.00305  -0.00305
       -0.00304  -0.00304  -0.00304  -0.00302  -0.00302  -0.00293  -0.00293  -0.00292  -0.00292
       -0.00288  -0.00288  -0.00275  -0.00274  -0.00273  -0.00273  -0.00268  -0.00265  -0.00264
       -0.00264  -0.00262  -0.00262  -0.00260  -0.00260  -0.00258  -0.00258  -0.00257  -0.00257
       -0.00250  -0.00248  -0.00247  -0.00246  -0.00246  -0.00246  -0.00246  -0.00239  -0.00239
       -0.00235  -0.00235  -0.00235  -0.00235  -0.00234  -0.00234  -0.00234  -0.00234  -0.00226
       -0.00225  -0.00225  -0.00223  -0.00223  -0.00222  -0.00222  -0.00219  -0.00219  -0.00217
       -0.00217  -0.00216  -0.00216  -0.00213  -0.00213  -0.00209  -0.00209  -0.00208  -0.00208
       -0.00208  -0.00208  -0.00201  -0.00199  -0.00199  -0.00198  -0.00197  -0.00196  -0.00196
       -0.00196  -0.00195  -0.00195  -0.00190  -0.00189  -0.00188  -0.00187  -0.00186  -0.00186
       -0.00186  -0.00185  -0.00182  -0.00181  -0.00181  -0.00181  -0.00181  -0.00181  -0.00180
       -0.00180  -0.00178  -0.00178  -0.00173  -0.00173  -0.00172  -0.00172  -0.00171  -0.00170
       -0.00167  -0.00166  -0.00165  -0.00164  -0.00164  -0.00163  -0.00162  -0.00161  -0.00160
       -0.00158  -0.00158  -0.00158  -0.00157  -0.00156  -0.00154  -0.00154  -0.00154  -0.00154
       -0.00153  -0.00153  -0.00153  -0.00153  -0.00152  -0.00152  -0.00152  -0.00151  -0.00151
       -0.00151  -0.00150  -0.00146  -0.00146  -0.00145  -0.00145  -0.00144  -0.00144  -0.00140
       -0.00139  -0.00139  -0.00138  -0.00137  -0.00137  -0.00136  -0.00136  -0.00136  -0.00135
       -0.00135  -0.00133  -0.00133  -0.00131  -0.00131  -0.00131  -0.00130  -0.00130  -0.00130
       -0.00130  -0.00130  -0.00129  -0.00129  -0.00129  -0.00128  -0.00127  -0.00127  -0.00127
       -0.00126  -0.00126  -0.00125  -0.00124  -0.00124  -0.00121  -0.00121  -0.00120  -0.00120
       -0.00119  -0.00119  -0.00119  -0.00115
        
     --------------------------------------------------------------------------------------------
     Tot. elapsed time 01m-46.3s,  time spent in last iteration 18.2s
     --------------------------------------------------------------------------------------------

     [I/O] -------------------------------------------------------
     [I/O] RESTART written in < 00.1s             
     [I/O] In location   : ./hf_20_400.wstat.restart
     [I/O] -------------------------------------------------------

                       *----------*              *----------*               *----------*
     #     Iteration = |        3 |   DFPT_dim = |        4 |   Diago_dim = |     1067 |
                       *----------*              *----------*               *----------*
       
     --------------------------------------------------------------------------------------------
     Applying projection operator formed by dvg                          
     --------------------------------------------------------------------------------------------
     per-process dynamical memory   192.5 Mb
  
       
     --------------------------------------------------------------------------------------------
     Sternheimer eq. solver... with threshold =   1.000000E-12           
     --------------------------------------------------------------------------------------------
     in progress... |####################| 100% :             < 00.1s (E)             < 00.1s (X)
       
     --------------------------------------------------------------------------------------------
     Applying projection operator formed by dvg                          
     --------------------------------------------------------------------------------------------
     --------------------------------------------------------------------------------------------
     p-DIAGOX done in 00.5s with a SCALAPACK grid (12x12)
     --------------------------------------------------------------------------------------------
        
       -0.09941  -0.09899  -0.09720  -0.09486  -0.09466  -0.06534  -0.06253  -0.06229  -0.05422
       -0.05106  -0.05101  -0.04818  -0.04565  -0.04553  -0.04265  -0.04261  -0.04245  -0.04237
       -0.04187  -0.04064  -0.04054  -0.03951  -0.03940  -0.03890  -0.03879  -0.03396  -0.03075
       -0.03066  -0.02921  -0.02914  -0.02779  -0.02563  -0.02562  -0.02509  -0.02436  -0.02432
       -0.02367  -0.02364  -0.02222  -0.02156  -0.02155  -0.02144  -0.02142  -0.02058  -0.02057
       -0.02041  -0.02041  -0.02006  -0.02002  -0.01962  -0.01960  -0.01942  -0.01936  -0.01849
       -0.01816  -0.01815  -0.01793  -0.01720  -0.01719  -0.01716  -0.01714  -0.01531  -0.01462
       -0.01460  -0.01432  -0.01431  -0.01418  -0.01394  -0.01393  -0.01322  -0.01322  -0.01258
       -0.01215  -0.01214  -0.01198  -0.01197  -0.01152  -0.01132  -0.01131  -0.01130  -0.01128
       -0.01094  -0.01093  -0.01087  -0.01086  -0.01069  -0.01068  -0.01066  -0.01066  -0.01055
       -0.01048  -0.01047  -0.01041  -0.01041  -0.01022  -0.01021  -0.00977  -0.00975  -0.00941
       -0.00940  -0.00939  -0.00937  -0.00896  -0.00871  -0.00867  -0.00866  -0.00821  -0.00810
       -0.00810  -0.00805  -0.00804  -0.00794  -0.00793  -0.00775  -0.00775  -0.00728  -0.00725
       -0.00725  -0.00708  -0.00707  -0.00687  -0.00674  -0.00674  -0.00670  -0.00670  -0.00654
       -0.00653  -0.00640  -0.00639  -0.00630  -0.00630  -0.00626  -0.00625  -0.00624  -0.00623
       -0.00623  -0.00621  -0.00621  -0.00602  -0.00602  -0.00602  -0.00601  -0.00589  -0.00589
       -0.00588  -0.00588  -0.00578  -0.00577  -0.00551  -0.00547  -0.00546  -0.00528  -0.00528
       -0.00527  -0.00527  -0.00523  -0.00514  -0.00513  -0.00496  -0.00491  -0.00490  -0.00486
       -0.00486  -0.00485  -0.00485  -0.00472  -0.00471  -0.00457  -0.00456  -0.00452  -0.00451
       -0.00448  -0.00448  -0.00437  -0.00432  -0.00432  -0.00422  -0.00422  -0.00415  -0.00412
       -0.00411  -0.00407  -0.00406  -0.00406  -0.00398  -0.00397  -0.00390  -0.00389  -0.00382
       -0.00382  -0.00377  -0.00377  -0.00375  -0.00375  -0.00374  -0.00374  -0.00371  -0.00370
       -0.00369  -0.00368  -0.00368  -0.00366  -0.00366  -0.00353  -0.00353  -0.00352  -0.00351
       -0.00345  -0.00345  -0.00344  -0.00344  -0.00333  -0.00333  -0.00332  -0.00316  -0.00315
       -0.00315  -0.00312  -0.00311  -0.00311  -0.00310  -0.00309  -0.00306  -0.00305  -0.00305
       -0.00304  -0.00304  -0.00304  -0.00302  -0.00302  -0.00293  -0.00293  -0.00292  -0.00292
       -0.00288  -0.00288  -0.00275  -0.00274  -0.00273  -0.00273  -0.00268  -0.00265  -0.00264
       -0.00264  -0.00262  -0.00262  -0.00260  -0.00260  -0.00258  -0.00258  -0.00257  -0.00257
       -0.00250  -0.00248  -0.00247  -0.00246  -0.00246  -0.00246  -0.00246  -0.00239  -0.00239
       -0.00235  -0.00235  -0.00235  -0.00235  -0.00234  -0.00234  -0.00234  -0.00234  -0.00226
       -0.00225  -0.00225  -0.00223  -0.00223  -0.00222  -0.00222  -0.00219  -0.00219  -0.00217
       -0.00217  -0.00216  -0.00216  -0.00213  -0.00213  -0.00209  -0.00209  -0.00208  -0.00208
       -0.00208  -0.00208  -0.00201  -0.00199  -0.00199  -0.00198  -0.00197  -0.00196  -0.00196
       -0.00196  -0.00195  -0.00195  -0.00190  -0.00189  -0.00188  -0.00187  -0.00186  -0.00186
       -0.00186  -0.00185  -0.00182  -0.00181  -0.00181  -0.00181  -0.00181  -0.00181  -0.00180
       -0.00180  -0.00178  -0.00178  -0.00173  -0.00173  -0.00172  -0.00172  -0.00171  -0.00170
       -0.00167  -0.00166  -0.00165  -0.00164  -0.00164  -0.00163  -0.00162  -0.00161  -0.00160
       -0.00158  -0.00158  -0.00158  -0.00157  -0.00156  -0.00154  -0.00154  -0.00154  -0.00154
       -0.00153  -0.00153  -0.00153  -0.00153  -0.00152  -0.00152  -0.00152  -0.00151  -0.00151
       -0.00151  -0.00150  -0.00146  -0.00146  -0.00145  -0.00145  -0.00144  -0.00144  -0.00140
       -0.00139  -0.00139  -0.00138  -0.00137  -0.00137  -0.00136  -0.00136  -0.00136  -0.00135
       -0.00135  -0.00133  -0.00133  -0.00131  -0.00131  -0.00131  -0.00130  -0.00130  -0.00130
       -0.00130  -0.00130  -0.00129  -0.00129  -0.00129  -0.00128  -0.00127  -0.00127  -0.00127
       -0.00126  -0.00126  -0.00125  -0.00124  -0.00124  -0.00121  -0.00121  -0.00121  -0.00121
       -0.00120  -0.00120  -0.00120  -0.00115
        
     --------------------------------------------------------------------------------------------
     Tot. elapsed time 02m-07.4s,  time spent in last iteration 06.4s
     --------------------------------------------------------------------------------------------
       
     --------------------------------------------------------------------------------------------
     Convergence achieved !!! in        3 steps                          
     --------------------------------------------------------------------------------------------
      
     --------------------------------------------------------------------------------------------
     Database written in < 00.1s             
     In location : ./hf_20_400.wstat.save
     --------------------------------------------------------------------------------------------
 
     WSTAT        :  2m20.03s CPU     4m40.06s WALL

     wstat_readin :      6.09s CPU     40.92s WALL (       1 calls)
     fetch_nml    :      0.02s CPU      0.02s WALL (       1 calls)
     read_xml     :      1.31s CPU      1.72s WALL (       1 calls)
     init_vloc    :      0.11s CPU      0.11s WALL (       2 calls)
     fft          :      0.26s CPU      0.40s WALL (      11 calls)
     fft_scatter  :      9.15s CPU      9.19s WALL (    2591 calls)
     v_of_rho     :      0.29s CPU      0.30s WALL (       1 calls)
     v_xc         :      0.26s CPU      0.27s WALL (       1 calls)
     v_h          :      0.03s CPU      0.04s WALL (       1 calls)
     read_wave    :      4.76s CPU     39.12s WALL (       1 calls)
     davcio       :      0.00s CPU      0.95s WALL (       2 calls)
     init_us_1    :      0.03s CPU      0.04s WALL (       2 calls)
     do_setup     :      0.18s CPU      0.20s WALL (       1 calls)
     init_pw_ar   :      0.18s CPU      0.19s WALL (       1 calls)
     init_at_1    :      0.00s CPU      0.00s WALL (       1 calls)
     storesqvc    :      0.00s CPU      0.01s WALL (       1 calls)
     chidiago     :     33.94s CPU     66.28s WALL (       1 calls)
     randomize    :      0.97s CPU      1.00s WALL (       2 calls)
     paramgs      :     12.13s CPU     12.25s WALL (      12 calls)
     dfpt         :     53.38s CPU     53.87s WALL (      11 calls)
     init_us_2    :      0.03s CPU      0.03s WALL (      11 calls)
     fftw         :     24.10s CPU     24.30s WALL (    2580 calls)
     alphapc      :      0.19s CPU      0.17s WALL (     157 calls)
     wstat_restar :     28.31s CPU    102.00s WALL (       9 calls)
     linstern     :     21.59s CPU     21.73s WALL (     115 calls)
     stern        :     15.93s CPU     16.03s WALL (    3169 calls)
     h_psi_bgrp   :     12.94s CPU     13.02s WALL (     269 calls)
     h_psi        :     12.94s CPU     13.02s WALL (     269 calls)
     h_psi:pot    :     12.90s CPU     12.97s WALL (     269 calls)
     vloc_psi     :     12.40s CPU     12.48s WALL (     269 calls)
     h_psi:calbec :      0.41s CPU      0.35s WALL (     269 calls)
     calbec       :      0.41s CPU      0.35s WALL (     269 calls)
     add_vuspsi   :      0.08s CPU      0.15s WALL (     269 calls)
     alphapv      :      1.95s CPU      1.89s WALL (    3169 calls)
     build_hr     :      6.87s CPU      7.10s WALL (       9 calls)
     diagox       :      2.23s CPU      2.33s WALL (       9 calls)
     redistr_vr   :      0.29s CPU      0.30s WALL (       7 calls)
     update_vr    :     11.41s CPU     11.81s WALL (       7 calls)
     symm_hr      :      0.29s CPU      0.30s WALL (       7 calls)
     chidiago:las :      0.00s CPU      0.00s WALL (       1 calls)
     refresh_vr   :      4.33s CPU      4.42s WALL (       2 calls)
     pdep_db      :      0.66s CPU      2.02s WALL (       1 calls)
     kinchidiago  :     99.81s CPU    172.60s WALL (       1 calls)
     k_psi        :      0.35s CPU      0.39s WALL (    2900 calls)
     kinchidiago: :      0.00s CPU      0.00s WALL (       1 calls)
     pdep_db_for_ :     10.24s CPU     37.46s WALL (       1 calls)
 
     WSTAT        :  2m20.03s CPU     4m40.06s WALL

 
   This run was terminated on:  16: 7:17  22Jan2019            

=------------------------------------------------------------------------------=
   JOB DONE.
=------------------------------------------------------------------------------=
