
     Program WSTAT v. 2.0.0 starts on 22Jan2019 at 16:29:38 

     This program is part of the open-source West suite
     for massively parallel calculations of excited states in materials; please cite
         "M. Govoni et al., J. Chem. Theory Comput. 11, 2680 (2015);
          URL http://www.west-code.org", 
     in publications or presentations arising from this work.

     Based on the Quantum ESPRESSO v. 6.1 svn rev. 13369
       
     --------------------------------------------------------------------------------------------
     **MPI** Parallelization Status                                      
     --------------------------------------------------------------------------------------------
                   160                  10             1             1            16
     --------------------------------------------------------------------------------------------
                     N         =         I      X      P      X      B      X      Z
                     ^                   ^             ^             ^             ^
                     |                   |             |             |             |
                   #rnk                  |             |             |             |
                                      #image           |             |             |
                                                     #pool           |             |
                                                                   #bgrp           |
                                                                                 #R&G
     --------------------------------------------------------------------------------------------
     **OPENMP** Parallelization Status
     #thr/rnk               =            1
     --------------------------------------------------------------------------------------------
     #prc = (rnk) * (thr) =          160
     --------------------------------------------------------------------------------------------
       
     --------------------------------------------------------------------------------------------
     I/O Summary : input_west                                            
     --------------------------------------------------------------------------------------------
     qe_prefix      = hf
     west_prefix    = hf
     outdir         = ./
     --------------------------------------------------------------------------------------------
       
     --------------------------------------------------------------------------------------------
     I/O Summary : wstat_control                                         
     --------------------------------------------------------------------------------------------
     wstat_calculation              =              S
     n_pdep_eigen                   =            500
     n_kin_pdep_eigen               =              0
     n_lindhard_eigen               =              0
     n_pdep_times                   =              4
     n_pdep_maxiter                 =            100
     n_dfpt_maxiter                 =            250
     n_pdep_read_from_file          =              0
     trev_pdep                      =   1.000000E-03
     trev_pdep_rel                  =   1.000000E-01
     tr2_dfpt                       =   1.000000E-12
     l_kinetic_only                 =              F
     l_minimize_exx_if_active       =              F
     l_use_ecutrho                  =              F
     l_pure_eigen                   =              F
     --------------------------------------------------------------------------------------------

     Reading data from directory:
     ./hf.save

   Info: using nr1, nr2, nr3 values from input

   Info: using nr1, nr2, nr3 values from input

     IMPORTANT: XC functional enforced from input :
     Exchange-correlation      = PBE ( 1  4  3  4 0 0)
     Any further DFT definition will be discarded
     Please, verify this is what you really want

     Message from routine readpp:
     file ./hf.save/F_ONCV_PBE-1.0.upf not found
     Message from routine readpp:
     file ./hf.save/H_ONCV_PBE-1.0.upf not found
 
     Parallelization info
     --------------------
     sticks:   dense  smooth     PW     G-vecs:    dense   smooth      PW
     Min        1520    1520    379               178660   178660   22323
     Max        1522    1522    384               178666   178666   22328
     Sum       24345   24345   6093              2858633  2858633  357213
 
       
     --------------------------------------------------------------------------------------------
     System Overview                                                     
     --------------------------------------------------------------------------------------------
     gamma_only           =              T
     ecutwfc [Ry]         =      85.000000
     omega [au^3]         =   2.700000E+04
     glob. #G             =         178607
     nbnd                 =            100
     nkstot               =              1
     nspin                =              1
     nelec                =       8.000000
     npol                 =              1
     lsda                 =              F
     noncolin             =              F
     lspinorb             =              F
     domag                =              F
     --------------------------------------------------------------------------------------------

     sFFT G-space:  1429317 G-vectors     R-space: ( 180, 180, 180)
     dFFT G-space:  1429317 G-vectors     R-space: ( 180, 180, 180)

     Cell [a.u.]          =      30.000000      0.000000      0.000000
                          =       0.000000     30.000000      0.000000
                          =       0.000000      0.000000     30.000000
      
     number of ks points=     1
                       cart. coord. in units 2pi/alat
        k(    1) = (   0.0000000   0.0000000   0.0000000), wk =   2.0000000

                       cryst. coord.
        k(    1) = (   0.0000000   0.0000000   0.0000000), wk =   2.0000000
 
     Spherical div        =   1.654268E-01
     Orthorombic div      =   1.628502E-01
       
     --------------------------------------------------------------------------------------------
     Parallelization for nvecx                                           
     --------------------------------------------------------------------------------------------
     nglob                =           2000
     nlevel               =             10
     Min nglob/nlevel     =            200
     Max nglob/nlevel     =            200
     --------------------------------------------------------------------------------------------

     [MEM] ----------------------------------------------------------
     [MEM] **Memory** analysis: QE
     [MEM] ----------------------------------------------------------
     [MEM] Allocated arrays           est. size (Mb)     dimensions
     [MEM] ----------------------------------------------------------
     [MEM] Kohn-Sham Wavefunctions      17.03 Mb     (  11164,  100)
     [MEM] NL pseudopotentials           1.70 Mb     (  11164,   10)
     [MEM] Each V/rho on FFT grid        5.93 Mb     ( 388800)
     [MEM] Each G-vector array           0.68 Mb     (  89333)
     [MEM] G-vector shells               0.05 Mb     (   6125)
     [MEM] ----------------------------------------------------------
     [MEM] TOT                          25.40 Mb
     [MEM] ----------------------------------------------------------
     [MEM] 
     [MEM] ----------------------------------------------------------
     [MEM] **Memory** analysis: WSTAT global
     [MEM] ----------------------------------------------------------
     [MEM] Allocated arrays           est. size (Mb)     dimensions
     [MEM] ----------------------------------------------------------
     [MEM] dvg                          34.07 Mb     (  11164,  200)
     [MEM] dng                          34.07 Mb     (  11164,  200)
     [MEM] hr_distr                      3.05 Mb     (   2000,  200)
     [MEM] vr_distr                      3.05 Mb     (   2000,  200)
     [MEM] ----------------------------------------------------------
     [MEM] TOT                          74.24 Mb
     [MEM] ----------------------------------------------------------
     [MEM] 
     [MEM] ----------------------------------------------------------
     [MEM] **Memory** analysis: WSTAT temporary
     [MEM] ----------------------------------------------------------
     [MEM] Allocated arrays           est. size (Mb)     dimensions
     [MEM] ----------------------------------------------------------
     [MEM] dvpsi                         0.68 Mb     (  11164,    4)
     [MEM] dpsi                          0.68 Mb     (  11164,    4)
     [MEM] ----------------------------------------------------------
     [MEM] Total estimate                1.36 Mb
     [MEM] ----------------------------------------------------------

                       *----------*              *----------*               *----------*
     #     Iteration = | starting |   DFPT_dim = |      500 |   Diago_dim = |      500 |  x 1/2
                       *----------*              *----------*               *----------*
     per-process dynamical memory   183.5 Mb
  
       
     --------------------------------------------------------------------------------------------
     Sternheimer eq. solver... with lite-solver                          
     --------------------------------------------------------------------------------------------
     in progress... |#                   | 005% :               00.4s (E)               09.0s (X)
     in progress... |##                  | 010% :               00.7s (E)               07.5s (X)
     in progress... |###                 | 015% :               01.2s (E)               08.0s (X)
     in progress... |####                | 020% :               01.5s (E)               07.5s (X)
     in progress... |#####               | 025% :               01.9s (E)               07.8s (X)
     in progress... |######              | 030% :               02.2s (E)               07.5s (X)
     in progress... |#######             | 035% :               02.6s (E)               07.7s (X)
     in progress... |########            | 040% :               02.9s (E)               07.4s (X)
     in progress... |#########           | 045% :               03.4s (E)               07.6s (X)
     in progress... |##########          | 050% :               03.7s (E)               07.4s (X)
     in progress... |###########         | 055% :               04.1s (E)               07.6s (X)
     in progress... |############        | 060% :               04.4s (E)               07.4s (X)
     in progress... |#############       | 065% :               04.9s (E)               07.6s (X)
     in progress... |##############      | 070% :               05.2s (E)               07.4s (X)
     in progress... |###############     | 075% :               05.6s (E)               07.5s (X)
     in progress... |################    | 080% :               05.9s (E)               07.4s (X)
     in progress... |#################   | 085% :               06.4s (E)               07.5s (X)
     in progress... |##################  | 090% :               06.7s (E)               07.4s (X)
     in progress... |################### | 095% :               07.1s (E)               07.5s (X)
     in progress... |####################| 100% :               07.4s (E)               07.4s (X)
     --------------------------------------------------------------------------------------------

     [I/O] -------------------------------------------------------
     [I/O] RESTART written in < 00.1s             
     [I/O] In location   : ./hf_500.wstat.restart
     [I/O] -------------------------------------------------------

                       *----------*              *----------*               *----------*
     #     Iteration = | starting |   DFPT_dim = |      500 |   Diago_dim = |      500 |  x 2/2
                       *----------*              *----------*               *----------*
     per-process dynamical memory   185.7 Mb
  
       
     --------------------------------------------------------------------------------------------
     Sternheimer eq. solver... with threshold =   1.000000E-06           
     --------------------------------------------------------------------------------------------
     in progress... |#                   | 005% :               03.9s (E)           01m-18.5s (X)
     in progress... |##                  | 010% :               06.4s (E)           01m-04.5s (X)
     in progress... |###                 | 015% :               10.1s (E)           01m-07.9s (X)
     in progress... |####                | 020% :               12.5s (E)           01m-02.9s (X)
     in progress... |#####               | 025% :               16.2s (E)           01m-04.8s (X)
     in progress... |######              | 030% :               18.6s (E)           01m-02.0s (X)
     in progress... |#######             | 035% :               22.2s (E)           01m-03.4s (X)
     in progress... |########            | 040% :               24.6s (E)           01m-01.5s (X)
     in progress... |#########           | 045% :               28.1s (E)           01m-02.5s (X)
     in progress... |##########          | 050% :               30.4s (E)           01m-00.9s (X)
     in progress... |###########         | 055% :               33.9s (E)           01m-01.8s (X)
     in progress... |############        | 060% :               36.3s (E)           01m-00.5s (X)
     in progress... |#############       | 065% :               39.7s (E)           01m-01.1s (X)
     in progress... |##############      | 070% :               42.0s (E)           01m-00.0s (X)
     in progress... |###############     | 075% :               45.5s (E)           01m-00.7s (X)
     in progress... |################    | 080% :               47.8s (E)               59.8s (X)
     in progress... |#################   | 085% :               51.3s (E)           01m-00.4s (X)
     in progress... |##################  | 090% :               53.6s (E)               59.5s (X)
     in progress... |################### | 095% :               57.0s (E)           01m-00.0s (X)
     in progress... |####################| 100% :               59.3s (E)               59.3s (X)
     --------------------------------------------------------------------------------------------
     p-DIAGOX done in 00.4s with a SCALAPACK grid (12x12)
     --------------------------------------------------------------------------------------------
        
       -1.78796  -0.71527  -0.61762  -0.61761  -0.48969  -0.39007  -0.39005  -0.28918  -0.28916
       -0.26555  -0.24297  -0.24294  -0.21460  -0.17493  -0.17493  -0.16280  -0.14520  -0.14518
       -0.13985  -0.13985  -0.13767  -0.13766  -0.13250  -0.13249  -0.12784  -0.09084  -0.08167
       -0.08165  -0.07240  -0.06583  -0.06582  -0.05679  -0.05588  -0.05588  -0.05126  -0.05094
       -0.05093  -0.05012  -0.05011  -0.04975  -0.04974  -0.04700  -0.04699  -0.04660  -0.04659
       -0.04003  -0.03900  -0.03900  -0.03775  -0.03772  -0.03162  -0.03007  -0.03006  -0.02973
       -0.02878  -0.02873  -0.02722  -0.02720  -0.02595  -0.02481  -0.02479  -0.02433  -0.02432
       -0.02293  -0.02293  -0.02262  -0.02259  -0.02256  -0.02253  -0.02180  -0.02178  -0.02168
       -0.02165  -0.02162  -0.02091  -0.02057  -0.02055  -0.01939  -0.01935  -0.01923  -0.01920
       -0.01739  -0.01652  -0.01647  -0.01644  -0.01641  -0.01580  -0.01554  -0.01551  -0.01455
       -0.01452  -0.01376  -0.01320  -0.01317  -0.01313  -0.01311  -0.01292  -0.01218  -0.01215
       -0.01213  -0.01204  -0.01171  -0.01163  -0.01162  -0.01160  -0.01150  -0.01148  -0.01141
       -0.01132  -0.01127  -0.01108  -0.01104  -0.01103  -0.01099  -0.01095  -0.01091  -0.01039
       -0.01028  -0.01000  -0.00996  -0.00989  -0.00988  -0.00929  -0.00921  -0.00918  -0.00913
       -0.00873  -0.00858  -0.00855  -0.00852  -0.00846  -0.00837  -0.00831  -0.00816  -0.00809
       -0.00779  -0.00756  -0.00746  -0.00740  -0.00733  -0.00713  -0.00697  -0.00692  -0.00689
       -0.00680  -0.00678  -0.00675  -0.00661  -0.00657  -0.00648  -0.00645  -0.00643  -0.00638
       -0.00637  -0.00629  -0.00625  -0.00622  -0.00618  -0.00614  -0.00607  -0.00601  -0.00598
       -0.00594  -0.00589  -0.00585  -0.00577  -0.00570  -0.00564  -0.00553  -0.00549  -0.00539
       -0.00531  -0.00526  -0.00523  -0.00520  -0.00518  -0.00508  -0.00500  -0.00494  -0.00486
       -0.00479  -0.00478  -0.00474  -0.00471  -0.00470  -0.00464  -0.00456  -0.00449  -0.00446
       -0.00443  -0.00441  -0.00438  -0.00435  -0.00424  -0.00416  -0.00409  -0.00402  -0.00401
       -0.00396  -0.00393  -0.00391  -0.00388  -0.00385  -0.00378  -0.00375  -0.00373  -0.00370
       -0.00367  -0.00364  -0.00363  -0.00357  -0.00356  -0.00356  -0.00351  -0.00348  -0.00347
       -0.00345  -0.00342  -0.00339  -0.00339  -0.00335  -0.00331  -0.00330  -0.00325  -0.00324
       -0.00322  -0.00317  -0.00313  -0.00311  -0.00310  -0.00305  -0.00302  -0.00296  -0.00294
       -0.00290  -0.00288  -0.00287  -0.00286  -0.00283  -0.00281  -0.00280  -0.00277  -0.00274
       -0.00273  -0.00272  -0.00271  -0.00267  -0.00265  -0.00263  -0.00261  -0.00259  -0.00258
       -0.00251  -0.00250  -0.00248  -0.00246  -0.00243  -0.00242  -0.00238  -0.00237  -0.00235
       -0.00234  -0.00230  -0.00229  -0.00226  -0.00224  -0.00224  -0.00222  -0.00222  -0.00218
       -0.00216  -0.00213  -0.00212  -0.00212  -0.00209  -0.00207  -0.00204  -0.00203  -0.00203
       -0.00200  -0.00197  -0.00197  -0.00195  -0.00193  -0.00193  -0.00191  -0.00190  -0.00189
       -0.00188  -0.00186  -0.00183  -0.00182  -0.00180  -0.00179  -0.00178  -0.00177  -0.00175
       -0.00174  -0.00173  -0.00172  -0.00172  -0.00170  -0.00168  -0.00165  -0.00163  -0.00162
       -0.00162  -0.00160  -0.00160  -0.00158  -0.00157  -0.00156  -0.00154  -0.00154  -0.00152
       -0.00151  -0.00150  -0.00149  -0.00147  -0.00147  -0.00146  -0.00145  -0.00144  -0.00142
       -0.00142  -0.00141  -0.00139  -0.00138  -0.00138  -0.00137  -0.00134  -0.00134  -0.00132
       -0.00131  -0.00131  -0.00130  -0.00129  -0.00127  -0.00125  -0.00124  -0.00124  -0.00123
       -0.00122  -0.00122  -0.00121  -0.00120  -0.00119  -0.00117  -0.00116  -0.00115  -0.00115
       -0.00113  -0.00113  -0.00112  -0.00112  -0.00110  -0.00109  -0.00108  -0.00107  -0.00107
       -0.00106  -0.00105  -0.00103  -0.00103  -0.00102  -0.00101  -0.00101  -0.00100  -0.00099
       -0.00098  -0.00097  -0.00097  -0.00096  -0.00096  -0.00095  -0.00095  -0.00093  -0.00093
       -0.00093  -0.00091  -0.00090  -0.00089  -0.00089  -0.00088  -0.00087  -0.00087  -0.00086
       -0.00085  -0.00085  -0.00084  -0.00083  -0.00083  -0.00082  -0.00081  -0.00081  -0.00080
       -0.00080  -0.00079  -0.00078  -0.00077  -0.00077  -0.00076  -0.00076  -0.00075  -0.00075
       -0.00074  -0.00073  -0.00072  -0.00071  -0.00071  -0.00071  -0.00070  -0.00069  -0.00069
       -0.00068  -0.00067  -0.00067  -0.00066  -0.00066  -0.00065  -0.00065  -0.00064  -0.00063
       -0.00063  -0.00063  -0.00062  -0.00062  -0.00061  -0.00061  -0.00060  -0.00059  -0.00059
       -0.00059  -0.00059  -0.00058  -0.00057  -0.00056  -0.00055  -0.00055  -0.00055  -0.00055
       -0.00054  -0.00054  -0.00053  -0.00053  -0.00052  -0.00051  -0.00051  -0.00050  -0.00050
       -0.00050  -0.00049  -0.00049  -0.00049  -0.00048  -0.00047  -0.00047  -0.00047  -0.00045
       -0.00045  -0.00045  -0.00044  -0.00044  -0.00043  -0.00043  -0.00043  -0.00042  -0.00042
       -0.00041  -0.00041  -0.00041  -0.00040  -0.00040  -0.00040  -0.00039  -0.00038  -0.00038
       -0.00037  -0.00037  -0.00036  -0.00036  -0.00035  -0.00035  -0.00034  -0.00034  -0.00034
       -0.00033  -0.00033  -0.00032  -0.00032  -0.00032  -0.00031  -0.00031  -0.00030  -0.00030
       -0.00029  -0.00028  -0.00028  -0.00027  -0.00022
        
     --------------------------------------------------------------------------------------------
     Tot. elapsed time 02m-58.9s,  time spent in last iteration 02m-58.9s
     --------------------------------------------------------------------------------------------

     [I/O] -------------------------------------------------------
     [I/O] RESTART written in < 00.1s             
     [I/O] In location   : ./hf_500.wstat.restart
     [I/O] -------------------------------------------------------

                       *----------*              *----------*               *----------*
     #     Iteration = |        1 |   DFPT_dim = |      500 |   Diago_dim = |     1000 |
                       *----------*              *----------*               *----------*
     per-process dynamical memory   185.7 Mb
  
       
     --------------------------------------------------------------------------------------------
     Sternheimer eq. solver... with threshold =   1.000000E-12           
     --------------------------------------------------------------------------------------------
     in progress... |#                   | 005% :               05.7s (E)           01m-55.5s (X)
     in progress... |##                  | 010% :               09.5s (E)           01m-35.0s (X)
     in progress... |###                 | 015% :               15.0s (E)           01m-40.1s (X)
     in progress... |####                | 020% :               18.6s (E)           01m-33.4s (X)
     in progress... |#####               | 025% :               24.1s (E)           01m-36.7s (X)
     in progress... |######              | 030% :               27.8s (E)           01m-32.9s (X)
     in progress... |#######             | 035% :               33.3s (E)           01m-35.2s (X)
     in progress... |########            | 040% :               36.9s (E)           01m-32.3s (X)
     in progress... |#########           | 045% :               42.3s (E)           01m-34.1s (X)
     in progress... |##########          | 050% :               45.9s (E)           01m-31.9s (X)
     in progress... |###########         | 055% :               51.3s (E)           01m-33.3s (X)
     in progress... |############        | 060% :               54.9s (E)           01m-31.6s (X)
     in progress... |#############       | 065% :           01m-00.3s (E)           01m-32.8s (X)
     in progress... |##############      | 070% :           01m-03.8s (E)           01m-31.2s (X)
     in progress... |###############     | 075% :           01m-09.2s (E)           01m-32.3s (X)
     in progress... |################    | 080% :           01m-12.7s (E)           01m-30.9s (X)
     in progress... |#################   | 085% :           01m-18.1s (E)           01m-31.9s (X)
     in progress... |##################  | 090% :           01m-21.6s (E)           01m-30.7s (X)
     in progress... |################### | 095% :           01m-27.0s (E)           01m-31.6s (X)
     in progress... |####################| 100% :           01m-30.6s (E)           01m-30.6s (X)
     --------------------------------------------------------------------------------------------
     p-DIAGOX done in 00.6s with a SCALAPACK grid (12x12)
     --------------------------------------------------------------------------------------------
        
       -2.03839  -0.72704  -0.61764  -0.61764  -0.49170  -0.39016  -0.39015  -0.28932  -0.28932
       -0.26590  -0.24308  -0.24308  -0.22122  -0.20011  -0.17500  -0.17500  -0.14531  -0.14530
       -0.13987  -0.13986  -0.13772  -0.13772  -0.13445  -0.13259  -0.13259  -0.09095  -0.08174
       -0.08173  -0.07346  -0.06587  -0.06587  -0.05721  -0.05591  -0.05591  -0.05203  -0.05097
       -0.05096  -0.05015  -0.05015  -0.04980  -0.04980  -0.04705  -0.04705  -0.04664  -0.04664
       -0.04082  -0.03916  -0.03916  -0.03792  -0.03792  -0.03369  -0.03064  -0.03015  -0.03015
       -0.02896  -0.02896  -0.02728  -0.02728  -0.02612  -0.02491  -0.02491  -0.02440  -0.02440
       -0.02302  -0.02302  -0.02268  -0.02268  -0.02267  -0.02267  -0.02207  -0.02190  -0.02190
       -0.02175  -0.02175  -0.02111  -0.02075  -0.02075  -0.01953  -0.01953  -0.01938  -0.01938
       -0.01769  -0.01675  -0.01675  -0.01673  -0.01673  -0.01614  -0.01570  -0.01570  -0.01468
       -0.01468  -0.01432  -0.01342  -0.01334  -0.01334  -0.01333  -0.01333  -0.01239  -0.01239
       -0.01228  -0.01228  -0.01205  -0.01205  -0.01180  -0.01180  -0.01168  -0.01168  -0.01166
       -0.01157  -0.01157  -0.01129  -0.01129  -0.01125  -0.01125  -0.01122  -0.01122  -0.01065
       -0.01065  -0.01020  -0.01020  -0.01019  -0.01018  -0.00985  -0.00968  -0.00955  -0.00955
       -0.00901  -0.00882  -0.00882  -0.00881  -0.00881  -0.00865  -0.00865  -0.00838  -0.00838
       -0.00821  -0.00778  -0.00778  -0.00770  -0.00770  -0.00751  -0.00721  -0.00721  -0.00718
       -0.00718  -0.00718  -0.00718  -0.00700  -0.00700  -0.00677  -0.00677  -0.00677  -0.00672
       -0.00672  -0.00658  -0.00658  -0.00654  -0.00654  -0.00647  -0.00647  -0.00637  -0.00637
       -0.00622  -0.00622  -0.00621  -0.00621  -0.00617  -0.00617  -0.00607  -0.00582  -0.00582
       -0.00571  -0.00560  -0.00560  -0.00558  -0.00558  -0.00557  -0.00557  -0.00534  -0.00527
       -0.00527  -0.00520  -0.00520  -0.00519  -0.00519  -0.00501  -0.00501  -0.00486  -0.00486
       -0.00480  -0.00479  -0.00474  -0.00474  -0.00471  -0.00460  -0.00460  -0.00447  -0.00443
       -0.00443  -0.00436  -0.00435  -0.00435  -0.00434  -0.00434  -0.00416  -0.00416  -0.00410
       -0.00409  -0.00403  -0.00403  -0.00398  -0.00398  -0.00396  -0.00394  -0.00394  -0.00390
       -0.00390  -0.00389  -0.00389  -0.00388  -0.00388  -0.00385  -0.00385  -0.00370  -0.00370
       -0.00368  -0.00368  -0.00359  -0.00359  -0.00359  -0.00358  -0.00358  -0.00349  -0.00349
       -0.00335  -0.00332  -0.00332  -0.00330  -0.00330  -0.00329  -0.00327  -0.00327  -0.00321
       -0.00321  -0.00319  -0.00318  -0.00317  -0.00317  -0.00316  -0.00316  -0.00314  -0.00314
       -0.00308  -0.00308  -0.00301  -0.00301  -0.00288  -0.00287  -0.00284  -0.00284  -0.00283
       -0.00280  -0.00277  -0.00277  -0.00274  -0.00274  -0.00271  -0.00271  -0.00268  -0.00268
       -0.00268  -0.00267  -0.00267  -0.00262  -0.00262  -0.00256  -0.00256  -0.00254  -0.00254
       -0.00246  -0.00246  -0.00246  -0.00245  -0.00242  -0.00242  -0.00242  -0.00242  -0.00241
       -0.00241  -0.00238  -0.00238  -0.00236  -0.00234  -0.00234  -0.00229  -0.00229  -0.00229
       -0.00229  -0.00226  -0.00226  -0.00226  -0.00225  -0.00220  -0.00219  -0.00215  -0.00215
       -0.00215  -0.00214  -0.00214  -0.00213  -0.00211  -0.00207  -0.00207  -0.00206  -0.00205
       -0.00205  -0.00203  -0.00203  -0.00203  -0.00201  -0.00200  -0.00195  -0.00194  -0.00194
       -0.00194  -0.00193  -0.00192  -0.00192  -0.00189  -0.00188  -0.00186  -0.00186  -0.00186
       -0.00186  -0.00185  -0.00185  -0.00185  -0.00184  -0.00181  -0.00181  -0.00177  -0.00176
       -0.00175  -0.00175  -0.00172  -0.00169  -0.00169  -0.00167  -0.00167  -0.00166  -0.00166
       -0.00166  -0.00165  -0.00165  -0.00161  -0.00161  -0.00160  -0.00159  -0.00159  -0.00158
       -0.00158  -0.00158  -0.00158  -0.00157  -0.00157  -0.00156  -0.00155  -0.00154  -0.00154
       -0.00153  -0.00153  -0.00153  -0.00152  -0.00151  -0.00151  -0.00151  -0.00150  -0.00146
       -0.00145  -0.00143  -0.00142  -0.00142  -0.00142  -0.00141  -0.00140  -0.00139  -0.00139
       -0.00139  -0.00139  -0.00138  -0.00134  -0.00133  -0.00133  -0.00133  -0.00132  -0.00132
       -0.00131  -0.00131  -0.00131  -0.00131  -0.00130  -0.00130  -0.00130  -0.00129  -0.00129
       -0.00129  -0.00128  -0.00128  -0.00126  -0.00126  -0.00125  -0.00124  -0.00124  -0.00123
       -0.00123  -0.00120  -0.00120  -0.00119  -0.00118  -0.00117  -0.00117  -0.00116  -0.00115
       -0.00115  -0.00114  -0.00114  -0.00113  -0.00113  -0.00112  -0.00112  -0.00111  -0.00111
       -0.00110  -0.00110  -0.00110  -0.00109  -0.00109  -0.00108  -0.00108  -0.00107  -0.00106
       -0.00106  -0.00106  -0.00105  -0.00105  -0.00105  -0.00104  -0.00104  -0.00103  -0.00103
       -0.00102  -0.00101  -0.00101  -0.00100  -0.00100  -0.00099  -0.00099  -0.00098  -0.00097
       -0.00096  -0.00096  -0.00096  -0.00096  -0.00095  -0.00095  -0.00095  -0.00094  -0.00094
       -0.00094  -0.00093  -0.00092  -0.00092  -0.00092  -0.00092  -0.00091  -0.00091  -0.00091
       -0.00090  -0.00090  -0.00090  -0.00089  -0.00089  -0.00087  -0.00087  -0.00086  -0.00086
       -0.00086  -0.00085  -0.00085  -0.00084  -0.00084  -0.00084  -0.00083  -0.00083  -0.00083
       -0.00082  -0.00082  -0.00081  -0.00081  -0.00081
        
     --------------------------------------------------------------------------------------------
     Tot. elapsed time 06m-34.6s,  time spent in last iteration 01m-59.5s
     --------------------------------------------------------------------------------------------

     [I/O] -------------------------------------------------------
     [I/O] RESTART written in < 00.1s             
     [I/O] In location   : ./hf_500.wstat.restart
     [I/O] -------------------------------------------------------

                       *----------*              *----------*               *----------*
     #     Iteration = |        2 |   DFPT_dim = |      321 |   Diago_dim = |     1321 |
                       *----------*              *----------*               *----------*
     per-process dynamical memory   185.7 Mb
  
       
     --------------------------------------------------------------------------------------------
     Sternheimer eq. solver... with threshold =   1.000000E-12           
     --------------------------------------------------------------------------------------------
     in progress... |#                   | 005% :               03.5s (E)           01m-11.8s (X)
     in progress... |##                  | 010% :               07.1s (E)           01m-11.6s (X)
     in progress... |###                 | 015% :               08.9s (E)               59.6s (X)
     in progress... |####                | 020% :               12.5s (E)           01m-02.5s (X)
     in progress... |#####               | 025% :               16.0s (E)           01m-04.3s (X)
     in progress... |######              | 030% :               17.8s (E)               59.5s (X)
     in progress... |#######             | 035% :               21.3s (E)           01m-01.0s (X)
     in progress... |########            | 040% :               24.8s (E)           01m-02.2s (X)
     in progress... |#########           | 045% :               26.6s (E)               59.1s (X)
     in progress... |##########          | 050% :               30.1s (E)           01m-00.3s (X)
     in progress... |###########         | 055% :               33.6s (E)           01m-01.2s (X)
     in progress... |############        | 060% :               35.4s (E)               59.0s (X)
     in progress... |#############       | 065% :               38.9s (E)               59.9s (X)
     in progress... |##############      | 070% :               42.4s (E)           01m-00.6s (X)
     in progress... |###############     | 075% :               44.2s (E)               58.9s (X)
     in progress... |################    | 080% :               47.6s (E)               59.6s (X)
     in progress... |#################   | 085% :               51.2s (E)           01m-00.2s (X)
     in progress... |##################  | 090% :               52.9s (E)               58.8s (X)
     in progress... |################### | 095% :               56.4s (E)               59.4s (X)
     in progress... |####################| 100% :               58.2s (E)               58.2s (X)
     --------------------------------------------------------------------------------------------
     p-DIAGOX done in 00.8s with a SCALAPACK grid (12x12)
     --------------------------------------------------------------------------------------------
        
       -2.03839  -0.72704  -0.61764  -0.61764  -0.49170  -0.39016  -0.39015  -0.28932  -0.28932
       -0.26590  -0.24308  -0.24308  -0.22122  -0.20011  -0.17500  -0.17500  -0.14531  -0.14530
       -0.13987  -0.13986  -0.13772  -0.13772  -0.13445  -0.13259  -0.13259  -0.09095  -0.08174
       -0.08173  -0.07346  -0.06587  -0.06587  -0.05721  -0.05591  -0.05591  -0.05203  -0.05097
       -0.05096  -0.05015  -0.05015  -0.04980  -0.04980  -0.04705  -0.04705  -0.04664  -0.04664
       -0.04082  -0.03916  -0.03916  -0.03792  -0.03792  -0.03369  -0.03064  -0.03015  -0.03015
       -0.02896  -0.02896  -0.02728  -0.02728  -0.02612  -0.02491  -0.02491  -0.02440  -0.02440
       -0.02302  -0.02302  -0.02268  -0.02268  -0.02267  -0.02267  -0.02207  -0.02190  -0.02190
       -0.02175  -0.02175  -0.02111  -0.02075  -0.02075  -0.01953  -0.01953  -0.01938  -0.01938
       -0.01769  -0.01675  -0.01675  -0.01673  -0.01673  -0.01614  -0.01570  -0.01570  -0.01468
       -0.01468  -0.01432  -0.01342  -0.01334  -0.01334  -0.01333  -0.01333  -0.01239  -0.01239
       -0.01228  -0.01228  -0.01205  -0.01205  -0.01180  -0.01180  -0.01168  -0.01168  -0.01166
       -0.01157  -0.01157  -0.01129  -0.01129  -0.01125  -0.01125  -0.01122  -0.01122  -0.01065
       -0.01065  -0.01020  -0.01020  -0.01019  -0.01018  -0.00985  -0.00968  -0.00955  -0.00955
       -0.00901  -0.00882  -0.00882  -0.00881  -0.00881  -0.00865  -0.00865  -0.00838  -0.00838
       -0.00821  -0.00778  -0.00778  -0.00770  -0.00770  -0.00751  -0.00721  -0.00721  -0.00718
       -0.00718  -0.00718  -0.00718  -0.00700  -0.00700  -0.00677  -0.00677  -0.00677  -0.00672
       -0.00672  -0.00658  -0.00658  -0.00654  -0.00654  -0.00647  -0.00647  -0.00637  -0.00637
       -0.00622  -0.00622  -0.00621  -0.00621  -0.00617  -0.00617  -0.00607  -0.00582  -0.00582
       -0.00571  -0.00560  -0.00560  -0.00558  -0.00558  -0.00557  -0.00557  -0.00534  -0.00527
       -0.00527  -0.00520  -0.00520  -0.00519  -0.00519  -0.00501  -0.00501  -0.00486  -0.00486
       -0.00480  -0.00480  -0.00474  -0.00474  -0.00471  -0.00461  -0.00461  -0.00448  -0.00443
       -0.00443  -0.00436  -0.00435  -0.00435  -0.00434  -0.00434  -0.00416  -0.00416  -0.00410
       -0.00410  -0.00403  -0.00403  -0.00398  -0.00398  -0.00396  -0.00394  -0.00394  -0.00390
       -0.00390  -0.00389  -0.00389  -0.00388  -0.00388  -0.00386  -0.00386  -0.00370  -0.00370
       -0.00368  -0.00368  -0.00359  -0.00359  -0.00359  -0.00358  -0.00358  -0.00350  -0.00350
       -0.00335  -0.00332  -0.00332  -0.00330  -0.00330  -0.00329  -0.00328  -0.00328  -0.00322
       -0.00322  -0.00319  -0.00319  -0.00317  -0.00317  -0.00316  -0.00316  -0.00315  -0.00315
       -0.00308  -0.00308  -0.00301  -0.00301  -0.00288  -0.00288  -0.00284  -0.00284  -0.00284
       -0.00281  -0.00277  -0.00277  -0.00274  -0.00274  -0.00272  -0.00272  -0.00268  -0.00268
       -0.00268  -0.00268  -0.00268  -0.00263  -0.00263  -0.00256  -0.00256  -0.00255  -0.00255
       -0.00247  -0.00247  -0.00246  -0.00246  -0.00243  -0.00243  -0.00242  -0.00242  -0.00242
       -0.00242  -0.00238  -0.00238  -0.00237  -0.00234  -0.00234  -0.00230  -0.00230  -0.00229
       -0.00229  -0.00227  -0.00227  -0.00226  -0.00226  -0.00221  -0.00221  -0.00216  -0.00216
       -0.00215  -0.00215  -0.00214  -0.00214  -0.00212  -0.00208  -0.00208  -0.00207  -0.00206
       -0.00206  -0.00204  -0.00204  -0.00204  -0.00202  -0.00202  -0.00197  -0.00195  -0.00195
       -0.00195  -0.00195  -0.00193  -0.00193  -0.00190  -0.00190  -0.00187  -0.00187  -0.00187
       -0.00187  -0.00187  -0.00187  -0.00186  -0.00186  -0.00182  -0.00182  -0.00178  -0.00178
       -0.00178  -0.00178  -0.00173  -0.00172  -0.00172  -0.00169  -0.00169  -0.00168  -0.00168
       -0.00167  -0.00166  -0.00166  -0.00163  -0.00163  -0.00162  -0.00162  -0.00160  -0.00160
       -0.00160  -0.00159  -0.00159  -0.00158  -0.00158  -0.00158  -0.00158  -0.00156  -0.00156
       -0.00156  -0.00156  -0.00155  -0.00155  -0.00153  -0.00153  -0.00152  -0.00152  -0.00149
       -0.00149  -0.00146  -0.00144  -0.00144  -0.00142  -0.00142  -0.00142  -0.00142  -0.00142
       -0.00142  -0.00141  -0.00141  -0.00136  -0.00136  -0.00136  -0.00136  -0.00136  -0.00134
       -0.00134  -0.00134  -0.00133  -0.00133  -0.00133  -0.00133  -0.00133  -0.00132  -0.00132
       -0.00132  -0.00132  -0.00132  -0.00130  -0.00130  -0.00128  -0.00128  -0.00127  -0.00126
       -0.00126  -0.00124  -0.00124  -0.00123  -0.00123  -0.00120  -0.00120  -0.00120  -0.00119
       -0.00119  -0.00119  -0.00119  -0.00117  -0.00117  -0.00115  -0.00115  -0.00114  -0.00114
       -0.00113  -0.00113  -0.00113  -0.00113  -0.00112  -0.00112  -0.00110  -0.00110  -0.00109
       -0.00109  -0.00109  -0.00109  -0.00109  -0.00109  -0.00109  -0.00107  -0.00107  -0.00107
       -0.00107  -0.00106  -0.00106  -0.00106  -0.00106  -0.00104  -0.00104  -0.00104  -0.00104
       -0.00103  -0.00102  -0.00102  -0.00102  -0.00101  -0.00101  -0.00100  -0.00100  -0.00100
       -0.00099  -0.00099  -0.00097  -0.00097  -0.00095  -0.00095  -0.00095  -0.00095  -0.00095
       -0.00095  -0.00095  -0.00095  -0.00095  -0.00093  -0.00093  -0.00093  -0.00092  -0.00092
       -0.00092  -0.00091  -0.00091  -0.00091  -0.00090  -0.00089  -0.00089  -0.00088  -0.00088
       -0.00087  -0.00087  -0.00087  -0.00087  -0.00087
        
     --------------------------------------------------------------------------------------------
     Tot. elapsed time 11m-06.1s,  time spent in last iteration 01m-20.8s
     --------------------------------------------------------------------------------------------
      
     --------------------------------------------------------------------------------------------
     Database written in 47.2s               
     In location : ./hf_500.wstat.save
     --------------------------------------------------------------------------------------------
       
     --------------------------------------------------------------------------------------------
     Convergence achieved !!! in        2 steps                          
     --------------------------------------------------------------------------------------------
 
     WSTAT        :  6m56.47s CPU    12m47.80s WALL

     wstat_readin :      6.31s CPU     40.42s WALL (       1 calls)
     fetch_nml    :      0.00s CPU      0.00s WALL (       1 calls)
     read_xml     :      1.28s CPU      1.53s WALL (       1 calls)
     init_vloc    :      0.11s CPU      0.11s WALL (       2 calls)
     fft          :      0.26s CPU      0.28s WALL (      11 calls)
     fft_scatter  :     50.37s CPU     50.64s WALL (   15701 calls)
     v_of_rho     :      0.29s CPU      0.31s WALL (       1 calls)
     v_xc         :      0.25s CPU      0.27s WALL (       1 calls)
     v_h          :      0.03s CPU      0.04s WALL (       1 calls)
     read_wave    :      5.01s CPU     38.87s WALL (       1 calls)
     davcio       :      0.00s CPU      0.62s WALL (       2 calls)
     init_us_1    :      0.19s CPU      0.19s WALL (       2 calls)
     do_setup     :      0.34s CPU      0.35s WALL (       1 calls)
     init_pw_ar   :      0.33s CPU      0.35s WALL (       1 calls)
     init_at_1    :      0.00s CPU      0.00s WALL (       1 calls)
     storesqvc    :      0.01s CPU      0.01s WALL (       1 calls)
     chidiago     :    409.80s CPU    727.00s WALL (       1 calls)
     randomize    :      1.15s CPU      1.17s WALL (       1 calls)
     paramgs      :     13.99s CPU     14.12s WALL (       4 calls)
     dfpt         :    243.33s CPU    245.18s WALL (       4 calls)
     init_us_2    :      0.01s CPU      0.01s WALL (       4 calls)
     fftw         :    143.35s CPU    144.45s WALL (   15690 calls)
     alphapc      :      0.22s CPU      0.20s WALL (     183 calls)
     wstat_restar :    109.44s CPU    381.40s WALL (       3 calls)
     linstern     :    187.04s CPU    188.42s WALL (     133 calls)
     stern        :    180.26s CPU    181.54s WALL (    3679 calls)
     h_psi_bgrp   :    177.27s CPU    178.59s WALL (    3679 calls)
     h_psi        :    177.26s CPU    178.58s WALL (    3679 calls)
     h_psi:pot    :    176.65s CPU    177.87s WALL (    3679 calls)
     vloc_psi     :    169.30s CPU    170.58s WALL (    3679 calls)
     h_psi:calbec :      6.21s CPU      5.13s WALL (    3679 calls)
     calbec       :      6.19s CPU      5.12s WALL (    3679 calls)
     add_vuspsi   :      1.12s CPU      2.13s WALL (    3679 calls)
     alphapv      :      2.09s CPU      1.97s WALL (    3679 calls)
     build_hr     :      7.49s CPU      8.21s WALL (       3 calls)
     diagox       :      2.01s CPU      2.05s WALL (       3 calls)
     redistr_vr   :      0.29s CPU      0.30s WALL (       2 calls)
     update_vr    :     11.77s CPU     12.89s WALL (       2 calls)
     symm_hr      :      0.28s CPU      0.29s WALL (       2 calls)
     chidiago:las :      0.00s CPU      0.00s WALL (       1 calls)
     refresh_vr   :      5.86s CPU      6.24s WALL (       1 calls)
     pdep_db      :     13.29s CPU     47.23s WALL (       1 calls)
 
     WSTAT        :  6m56.47s CPU    12m47.80s WALL

 
   This run was terminated on:  16:42:26  22Jan2019            

=------------------------------------------------------------------------------=
   JOB DONE.
=------------------------------------------------------------------------------=
