
     Program WSTAT v. 2.0.0 starts on 21May2018 at 12:21:36 

     This program is part of the open-source West suite
     for massively parallel calculations of excited states in materials; please cite
         "M. Govoni et al., J. Chem. Theory Comput. 11, 2680 (2015);
          URL http://www.west-code.org", 
     in publications or presentations arising from this work.

     Based on the Quantum ESPRESSO v. 6.1 svn rev. 13369
       
     --------------------------------------------------------------------------------------------
     **MPI** Parallelization Status                                      
     --------------------------------------------------------------------------------------------
                   160                  10             1             1            16
     --------------------------------------------------------------------------------------------
                     N         =         I      X      P      X      B      X      Z
                     ^                   ^             ^             ^             ^
                     |                   |             |             |             |
                   #rnk                  |             |             |             |
                                      #image           |             |             |
                                                     #pool           |             |
                                                                   #bgrp           |
                                                                                 #R&G
     --------------------------------------------------------------------------------------------
     **OPENMP** Parallelization Status
     #thr/rnk               =            1
     --------------------------------------------------------------------------------------------
     #prc = (rnk) * (thr) =          160
     --------------------------------------------------------------------------------------------
       
     --------------------------------------------------------------------------------------------
     I/O Summary : input_west                                            
     --------------------------------------------------------------------------------------------
     qe_prefix      = h2co
     west_prefix    = h2co
     outdir         = ./
     --------------------------------------------------------------------------------------------
       
     --------------------------------------------------------------------------------------------
     I/O Summary : wstat_control                                         
     --------------------------------------------------------------------------------------------
     wstat_calculation              =              S
     n_pdep_eigen                   =            420
     n_kin_pdep_eigen               =              0
     n_lindhard_eigen               =              0
     n_pdep_times                   =              4
     n_pdep_maxiter                 =            100
     n_dfpt_maxiter                 =            250
     n_pdep_read_from_file          =              0
     trev_pdep                      =   1.000000E-03
     trev_pdep_rel                  =   1.000000E-01
     tr2_dfpt                       =   1.000000E-12
     l_kinetic_only                 =              F
     l_minimize_exx_if_active       =              F
     l_use_ecutrho                  =              F
     l_pure_eigen                   =              F
     --------------------------------------------------------------------------------------------

     Reading data from directory:
     ./h2co.save

   Info: using nr1, nr2, nr3 values from input

   Info: using nr1, nr2, nr3 values from input

     IMPORTANT: XC functional enforced from input :
     Exchange-correlation      = PBE ( 1  4  3  4 0 0)
     Any further DFT definition will be discarded
     Please, verify this is what you really want

     Message from routine readpp:
     file ./h2co.save/O_ONCV_PBE-1.0.upf not found
     Message from routine readpp:
     file ./h2co.save/C_ONCV_PBE-1.0.upf not found
     Message from routine readpp:
     file ./h2co.save/H_ONCV_PBE-1.0.upf not found
 
     Parallelization info
     --------------------
     sticks:   dense  smooth     PW     G-vecs:    dense   smooth      PW
     Min        1520    1520    379               178660   178660   22323
     Max        1522    1522    384               178666   178666   22328
     Sum       24345   24345   6093              2858633  2858633  357213
 
       
     --------------------------------------------------------------------------------------------
     System Overview                                                     
     --------------------------------------------------------------------------------------------
     gamma_only           =              T
     ecutwfc [Ry]         =      85.000000
     omega [au^3]         =   2.700000E+04
     glob. #G             =         178607
     nbnd                 =            100
     nkstot               =              1
     nspin                =              1
     nelec                =      12.000000
     npol                 =              1
     lsda                 =              F
     noncolin             =              F
     lspinorb             =              F
     domag                =              F
     --------------------------------------------------------------------------------------------

     sFFT G-space:  1429317 G-vectors     R-space: ( 180, 180, 180)
     dFFT G-space:  1429317 G-vectors     R-space: ( 180, 180, 180)

     Cell [a.u.]          =      30.000000      0.000000      0.000000
                          =       0.000000     30.000000      0.000000
                          =       0.000000      0.000000     30.000000
      
     number of ks points=     1
                       cart. coord. in units 2pi/alat
        k(    1) = (   0.0000000   0.0000000   0.0000000), wk =   2.0000000

                       cryst. coord.
        k(    1) = (   0.0000000   0.0000000   0.0000000), wk =   2.0000000
 
     Spherical div        =   1.654268E-01
     Orthorombic div      =   1.628502E-01
       
     --------------------------------------------------------------------------------------------
     Parallelization for nvecx                                           
     --------------------------------------------------------------------------------------------
     nglob                =           1680
     nlevel               =             10
     Min nglob/nlevel     =            168
     Max nglob/nlevel     =            168
     --------------------------------------------------------------------------------------------

     [MEM] ----------------------------------------------------------
     [MEM] **Memory** analysis: QE
     [MEM] ----------------------------------------------------------
     [MEM] Allocated arrays           est. size (Mb)     dimensions
     [MEM] ----------------------------------------------------------
     [MEM] Kohn-Sham Wavefunctions      17.03 Mb     (  11164,  100)
     [MEM] NL pseudopotentials           3.41 Mb     (  11164,   20)
     [MEM] Each V/rho on FFT grid        5.93 Mb     ( 388800)
     [MEM] Each G-vector array           0.68 Mb     (  89333)
     [MEM] G-vector shells               0.05 Mb     (   6125)
     [MEM] ----------------------------------------------------------
     [MEM] TOT                          27.10 Mb
     [MEM] ----------------------------------------------------------
     [MEM] 
     [MEM] ----------------------------------------------------------
     [MEM] **Memory** analysis: WSTAT global
     [MEM] ----------------------------------------------------------
     [MEM] Allocated arrays           est. size (Mb)     dimensions
     [MEM] ----------------------------------------------------------
     [MEM] dvg                          28.62 Mb     (  11164,  168)
     [MEM] dng                          28.62 Mb     (  11164,  168)
     [MEM] hr_distr                      2.15 Mb     (   1680,  168)
     [MEM] vr_distr                      2.15 Mb     (   1680,  168)
     [MEM] ----------------------------------------------------------
     [MEM] TOT                          61.54 Mb
     [MEM] ----------------------------------------------------------
     [MEM] 
     [MEM] ----------------------------------------------------------
     [MEM] **Memory** analysis: WSTAT temporary
     [MEM] ----------------------------------------------------------
     [MEM] Allocated arrays           est. size (Mb)     dimensions
     [MEM] ----------------------------------------------------------
     [MEM] dvpsi                         1.02 Mb     (  11164,    6)
     [MEM] dpsi                          1.02 Mb     (  11164,    6)
     [MEM] ----------------------------------------------------------
     [MEM] Total estimate                2.04 Mb
     [MEM] ----------------------------------------------------------

                       *----------*              *----------*               *----------*
     #     Iteration = | starting |   DFPT_dim = |      420 |   Diago_dim = |      420 |  x 1/2
                       *----------*              *----------*               *----------*
     per-process dynamical memory   177.7 Mb
  
       
     --------------------------------------------------------------------------------------------
     Sternheimer eq. solver... with lite-solver                          
     --------------------------------------------------------------------------------------------
     in progress... |#                   | 005% :               00.6s (E)               12.9s (X)
     in progress... |##                  | 010% :               01.0s (E)               10.6s (X)
     in progress... |###                 | 015% :               01.4s (E)               09.9s (X)
     in progress... |####                | 020% :               01.9s (E)               09.5s (X)
     in progress... |#####               | 025% :               02.3s (E)               09.3s (X)
     in progress... |######              | 030% :               02.7s (E)               09.1s (X)
     in progress... |#######             | 035% :               03.1s (E)               09.0s (X)
     in progress... |########            | 040% :               03.5s (E)               08.9s (X)
     in progress... |#########           | 045% :               04.0s (E)               08.9s (X)
     in progress... |##########          | 050% :               04.4s (E)               08.8s (X)
     in progress... |###########         | 055% :               05.0s (E)               09.2s (X)
     in progress... |############        | 060% :               05.4s (E)               09.1s (X)
     in progress... |#############       | 065% :               05.9s (E)               09.0s (X)
     in progress... |##############      | 070% :               06.3s (E)               09.0s (X)
     in progress... |###############     | 075% :               06.7s (E)               09.0s (X)
     in progress... |################    | 080% :               07.1s (E)               08.9s (X)
     in progress... |#################   | 085% :               07.5s (E)               08.9s (X)
     in progress... |##################  | 090% :               08.0s (E)               08.9s (X)
     in progress... |################### | 095% :               08.4s (E)               08.8s (X)
     in progress... |####################| 100% :               08.8s (E)               08.8s (X)
     --------------------------------------------------------------------------------------------

     [I/O] -------------------------------------------------------
     [I/O] RESTART written in < 00.1s             
     [I/O] In location   : ./h2co_420.wstat.restart
     [I/O] -------------------------------------------------------

                       *----------*              *----------*               *----------*
     #     Iteration = | starting |   DFPT_dim = |      420 |   Diago_dim = |      420 |  x 2/2
                       *----------*              *----------*               *----------*
     per-process dynamical memory   179.9 Mb
  
       
     --------------------------------------------------------------------------------------------
     Sternheimer eq. solver... with threshold =   1.000000E-06           
     --------------------------------------------------------------------------------------------
     in progress... |#                   | 005% :               07.4s (E)           02m-29.3s (X)
     in progress... |##                  | 010% :               12.3s (E)           02m-03.4s (X)
     in progress... |###                 | 015% :               17.2s (E)           01m-54.7s (X)
     in progress... |####                | 020% :               21.9s (E)           01m-49.7s (X)
     in progress... |#####               | 025% :               26.6s (E)           01m-46.4s (X)
     in progress... |######              | 030% :               31.3s (E)           01m-44.3s (X)
     in progress... |#######             | 035% :               35.9s (E)           01m-42.6s (X)
     in progress... |########            | 040% :               40.5s (E)           01m-41.2s (X)
     in progress... |#########           | 045% :               45.0s (E)           01m-40.1s (X)
     in progress... |##########          | 050% :               49.6s (E)           01m-39.2s (X)
     in progress... |###########         | 055% :               56.4s (E)           01m-42.5s (X)
     in progress... |############        | 060% :           01m-00.9s (E)           01m-41.5s (X)
     in progress... |#############       | 065% :           01m-05.3s (E)           01m-40.5s (X)
     in progress... |##############      | 070% :           01m-09.7s (E)           01m-39.7s (X)
     in progress... |###############     | 075% :           01m-14.4s (E)           01m-39.2s (X)
     in progress... |################    | 080% :           01m-18.8s (E)           01m-38.6s (X)
     in progress... |#################   | 085% :           01m-23.3s (E)           01m-38.0s (X)
     in progress... |##################  | 090% :           01m-27.7s (E)           01m-37.5s (X)
     in progress... |################### | 095% :           01m-32.2s (E)           01m-37.0s (X)
     in progress... |####################| 100% :           01m-36.5s (E)           01m-36.5s (X)
     --------------------------------------------------------------------------------------------
     p-DIAGOX done in 00.3s with a SCALAPACK grid (12x12)
     --------------------------------------------------------------------------------------------
        
       -3.50901  -1.43039  -1.13455  -0.87409  -0.82715  -0.73598  -0.69135  -0.65300  -0.59707
       -0.55900  -0.49680  -0.43199  -0.43185  -0.40603  -0.39324  -0.34895  -0.33282  -0.29538
       -0.27812  -0.27744  -0.26355  -0.24899  -0.22290  -0.20762  -0.19548  -0.19202  -0.19111
       -0.18605  -0.15930  -0.15801  -0.15638  -0.14947  -0.14835  -0.14253  -0.14067  -0.13737
       -0.13346  -0.13157  -0.12501  -0.12189  -0.12024  -0.10387  -0.10004  -0.09959  -0.09621
       -0.09089  -0.08915  -0.08664  -0.08054  -0.07596  -0.07486  -0.07188  -0.07170  -0.06937
       -0.06917  -0.06500  -0.06191  -0.06184  -0.06147  -0.06009  -0.05890  -0.05687  -0.05464
       -0.05383  -0.05196  -0.05163  -0.05066  -0.04934  -0.04889  -0.04852  -0.04776  -0.04766
       -0.04680  -0.04627  -0.04577  -0.04520  -0.04348  -0.04343  -0.04289  -0.04147  -0.04071
       -0.03900  -0.03866  -0.03789  -0.03648  -0.03620  -0.03589  -0.03539  -0.03446  -0.03413
       -0.03332  -0.03322  -0.03283  -0.03207  -0.03073  -0.02983  -0.02950  -0.02941  -0.02882
       -0.02868  -0.02863  -0.02808  -0.02645  -0.02573  -0.02559  -0.02533  -0.02527  -0.02494
       -0.02430  -0.02409  -0.02402  -0.02363  -0.02327  -0.02294  -0.02272  -0.02239  -0.02227
       -0.02216  -0.02204  -0.02180  -0.02145  -0.02130  -0.02119  -0.02092  -0.02085  -0.02081
       -0.02063  -0.02026  -0.02021  -0.01998  -0.01990  -0.01970  -0.01951  -0.01915  -0.01835
       -0.01827  -0.01811  -0.01796  -0.01770  -0.01731  -0.01708  -0.01694  -0.01686  -0.01679
       -0.01670  -0.01628  -0.01623  -0.01598  -0.01575  -0.01567  -0.01532  -0.01511  -0.01500
       -0.01477  -0.01462  -0.01449  -0.01429  -0.01418  -0.01399  -0.01396  -0.01384  -0.01360
       -0.01347  -0.01333  -0.01331  -0.01306  -0.01290  -0.01282  -0.01243  -0.01223  -0.01219
       -0.01211  -0.01195  -0.01177  -0.01169  -0.01166  -0.01158  -0.01153  -0.01144  -0.01130
       -0.01122  -0.01111  -0.01095  -0.01090  -0.01084  -0.01074  -0.01070  -0.01055  -0.01041
       -0.01038  -0.01030  -0.01022  -0.01015  -0.01009  -0.00993  -0.00987  -0.00977  -0.00970
       -0.00966  -0.00960  -0.00946  -0.00936  -0.00934  -0.00923  -0.00918  -0.00911  -0.00902
       -0.00892  -0.00878  -0.00866  -0.00856  -0.00852  -0.00844  -0.00841  -0.00834  -0.00820
       -0.00817  -0.00812  -0.00799  -0.00793  -0.00789  -0.00779  -0.00778  -0.00760  -0.00758
       -0.00747  -0.00745  -0.00741  -0.00736  -0.00730  -0.00728  -0.00726  -0.00717  -0.00707
       -0.00700  -0.00698  -0.00686  -0.00682  -0.00677  -0.00666  -0.00663  -0.00658  -0.00646
       -0.00645  -0.00643  -0.00640  -0.00629  -0.00626  -0.00618  -0.00617  -0.00608  -0.00601
       -0.00598  -0.00594  -0.00591  -0.00588  -0.00581  -0.00569  -0.00567  -0.00565  -0.00559
       -0.00551  -0.00549  -0.00544  -0.00540  -0.00539  -0.00532  -0.00529  -0.00523  -0.00518
       -0.00515  -0.00513  -0.00506  -0.00505  -0.00497  -0.00495  -0.00486  -0.00484  -0.00480
       -0.00477  -0.00476  -0.00470  -0.00466  -0.00460  -0.00456  -0.00455  -0.00450  -0.00444
       -0.00442  -0.00438  -0.00436  -0.00432  -0.00431  -0.00424  -0.00420  -0.00418  -0.00415
       -0.00409  -0.00404  -0.00402  -0.00402  -0.00400  -0.00395  -0.00393  -0.00391  -0.00385
       -0.00384  -0.00376  -0.00375  -0.00371  -0.00368  -0.00366  -0.00366  -0.00362  -0.00356
       -0.00353  -0.00352  -0.00349  -0.00345  -0.00344  -0.00339  -0.00338  -0.00333  -0.00328
       -0.00326  -0.00324  -0.00322  -0.00319  -0.00316  -0.00314  -0.00310  -0.00306  -0.00303
       -0.00301  -0.00298  -0.00297  -0.00296  -0.00294  -0.00291  -0.00286  -0.00285  -0.00282
       -0.00278  -0.00276  -0.00274  -0.00271  -0.00269  -0.00267  -0.00265  -0.00260  -0.00259
       -0.00256  -0.00253  -0.00252  -0.00248  -0.00247  -0.00244  -0.00241  -0.00240  -0.00236
       -0.00234  -0.00232  -0.00232  -0.00227  -0.00225  -0.00223  -0.00222  -0.00220  -0.00218
       -0.00216  -0.00214  -0.00214  -0.00209  -0.00208  -0.00207  -0.00203  -0.00202  -0.00200
       -0.00198  -0.00196  -0.00193  -0.00191  -0.00188  -0.00186  -0.00185  -0.00183  -0.00181
       -0.00180  -0.00179  -0.00176  -0.00174  -0.00172  -0.00171  -0.00169  -0.00168  -0.00164
       -0.00163  -0.00162  -0.00161  -0.00156  -0.00155  -0.00153  -0.00153  -0.00152  -0.00148
       -0.00147  -0.00140  -0.00138  -0.00138  -0.00136  -0.00135  -0.00133  -0.00132  -0.00128
       -0.00127  -0.00125  -0.00124  -0.00123  -0.00117  -0.00113
        
     --------------------------------------------------------------------------------------------
     Tot. elapsed time 03m-21.8s,  time spent in last iteration 03m-21.8s
     --------------------------------------------------------------------------------------------

     [I/O] -------------------------------------------------------
     [I/O] RESTART written in < 00.1s             
     [I/O] In location   : ./h2co_420.wstat.restart
     [I/O] -------------------------------------------------------

                       *----------*              *----------*               *----------*
     #     Iteration = |        1 |   DFPT_dim = |      420 |   Diago_dim = |      840 |
                       *----------*              *----------*               *----------*
     per-process dynamical memory   167.8 Mb
  
       
     --------------------------------------------------------------------------------------------
     Sternheimer eq. solver... with threshold =   1.000000E-12           
     --------------------------------------------------------------------------------------------
     in progress... |#                   | 005% :               10.8s (E)           03m-36.0s (X)
     in progress... |##                  | 010% :               17.8s (E)           02m-58.7s (X)
     in progress... |###                 | 015% :               24.8s (E)           02m-45.4s (X)
     in progress... |####                | 020% :               31.7s (E)           02m-38.6s (X)
     in progress... |#####               | 025% :               38.7s (E)           02m-34.8s (X)
     in progress... |######              | 030% :               45.6s (E)           02m-32.1s (X)
     in progress... |#######             | 035% :               52.5s (E)           02m-30.1s (X)
     in progress... |########            | 040% :               59.4s (E)           02m-28.7s (X)
     in progress... |#########           | 045% :           01m-06.4s (E)           02m-27.6s (X)
     in progress... |##########          | 050% :           01m-13.3s (E)           02m-26.7s (X)
     in progress... |###########         | 055% :           01m-23.6s (E)           02m-32.0s (X)
     in progress... |############        | 060% :           01m-30.5s (E)           02m-30.8s (X)
     in progress... |#############       | 065% :           01m-37.2s (E)           02m-29.6s (X)
     in progress... |##############      | 070% :           01m-44.0s (E)           02m-28.7s (X)
     in progress... |###############     | 075% :           01m-50.9s (E)           02m-27.9s (X)
     in progress... |################    | 080% :           01m-57.7s (E)           02m-27.1s (X)
     in progress... |#################   | 085% :           02m-04.5s (E)           02m-26.5s (X)
     in progress... |##################  | 090% :           02m-11.3s (E)           02m-25.9s (X)
     in progress... |################### | 095% :           02m-18.1s (E)           02m-25.3s (X)
     in progress... |####################| 100% :           02m-24.8s (E)           02m-24.8s (X)
     --------------------------------------------------------------------------------------------
     p-DIAGOX done in 00.5s with a SCALAPACK grid (12x12)
     --------------------------------------------------------------------------------------------
        
       -3.61383  -1.54010  -1.13486  -0.87428  -0.82735  -0.73605  -0.69725  -0.65571  -0.63279
       -0.55914  -0.49772  -0.43385  -0.43303  -0.40735  -0.39343  -0.35207  -0.33328  -0.29561
       -0.28685  -0.27913  -0.26370  -0.24951  -0.22344  -0.22313  -0.20218  -0.19599  -0.19147
       -0.18751  -0.15983  -0.15840  -0.15761  -0.15073  -0.14859  -0.14449  -0.14311  -0.14091
       -0.13794  -0.13384  -0.13147  -0.12217  -0.12054  -0.10471  -0.10247  -0.10073  -0.09994
       -0.09127  -0.08965  -0.08701  -0.08092  -0.07650  -0.07624  -0.07273  -0.07232  -0.06975
       -0.06963  -0.06549  -0.06357  -0.06215  -0.06185  -0.06066  -0.05987  -0.05727  -0.05528
       -0.05440  -0.05318  -0.05279  -0.05130  -0.04984  -0.04977  -0.04914  -0.04877  -0.04819
       -0.04747  -0.04693  -0.04638  -0.04592  -0.04527  -0.04397  -0.04379  -0.04324  -0.04142
       -0.04046  -0.03989  -0.03920  -0.03883  -0.03745  -0.03679  -0.03624  -0.03545  -0.03490
       -0.03489  -0.03453  -0.03340  -0.03308  -0.03150  -0.03099  -0.03056  -0.03022  -0.02999
       -0.02969  -0.02958  -0.02875  -0.02761  -0.02677  -0.02649  -0.02641  -0.02639  -0.02624
       -0.02544  -0.02523  -0.02507  -0.02496  -0.02470  -0.02467  -0.02380  -0.02375  -0.02346
       -0.02318  -0.02315  -0.02289  -0.02269  -0.02252  -0.02251  -0.02212  -0.02208  -0.02207
       -0.02204  -0.02167  -0.02159  -0.02148  -0.02115  -0.02093  -0.02091  -0.02061  -0.01992
       -0.01981  -0.01981  -0.01958  -0.01925  -0.01871  -0.01855  -0.01833  -0.01829  -0.01828
       -0.01828  -0.01816  -0.01760  -0.01744  -0.01731  -0.01727  -0.01714  -0.01701  -0.01668
       -0.01656  -0.01617  -0.01584  -0.01581  -0.01576  -0.01562  -0.01557  -0.01554  -0.01541
       -0.01540  -0.01503  -0.01476  -0.01465  -0.01447  -0.01435  -0.01430  -0.01405  -0.01389
       -0.01381  -0.01359  -0.01332  -0.01331  -0.01324  -0.01315  -0.01310  -0.01309  -0.01294
       -0.01289  -0.01286  -0.01284  -0.01252  -0.01246  -0.01244  -0.01238  -0.01216  -0.01203
       -0.01202  -0.01199  -0.01194  -0.01189  -0.01181  -0.01177  -0.01175  -0.01162  -0.01155
       -0.01146  -0.01145  -0.01139  -0.01137  -0.01131  -0.01125  -0.01115  -0.01110  -0.01090
       -0.01088  -0.01077  -0.01073  -0.01056  -0.01054  -0.01051  -0.01037  -0.01034  -0.01016
       -0.01014  -0.01010  -0.01008  -0.01002  -0.00986  -0.00980  -0.00977  -0.00962  -0.00948
       -0.00945  -0.00939  -0.00938  -0.00934  -0.00925  -0.00923  -0.00919  -0.00916  -0.00913
       -0.00907  -0.00906  -0.00896  -0.00887  -0.00878  -0.00869  -0.00869  -0.00859  -0.00856
       -0.00851  -0.00850  -0.00844  -0.00842  -0.00834  -0.00824  -0.00822  -0.00813  -0.00811
       -0.00811  -0.00801  -0.00791  -0.00788  -0.00787  -0.00770  -0.00769  -0.00765  -0.00762
       -0.00761  -0.00755  -0.00754  -0.00751  -0.00748  -0.00745  -0.00737  -0.00734  -0.00729
       -0.00726  -0.00724  -0.00720  -0.00718  -0.00713  -0.00707  -0.00703  -0.00694  -0.00687
       -0.00685  -0.00684  -0.00678  -0.00673  -0.00673  -0.00671  -0.00669  -0.00665  -0.00662
       -0.00662  -0.00660  -0.00658  -0.00649  -0.00649  -0.00645  -0.00643  -0.00639  -0.00633
       -0.00630  -0.00629  -0.00627  -0.00624  -0.00622  -0.00618  -0.00613  -0.00611  -0.00608
       -0.00604  -0.00602  -0.00601  -0.00598  -0.00594  -0.00587  -0.00586  -0.00584  -0.00577
       -0.00572  -0.00571  -0.00570  -0.00567  -0.00564  -0.00563  -0.00560  -0.00558  -0.00551
       -0.00548  -0.00547  -0.00544  -0.00543  -0.00542  -0.00541  -0.00539  -0.00538  -0.00536
       -0.00533  -0.00528  -0.00527  -0.00523  -0.00522  -0.00517  -0.00516  -0.00514  -0.00509
       -0.00506  -0.00505  -0.00503  -0.00501  -0.00501  -0.00498  -0.00493  -0.00492  -0.00488
       -0.00485  -0.00482  -0.00481  -0.00475  -0.00473  -0.00472  -0.00469  -0.00466  -0.00466
       -0.00464  -0.00459  -0.00457  -0.00452  -0.00451  -0.00449  -0.00446  -0.00446  -0.00441
       -0.00437  -0.00435  -0.00434  -0.00431  -0.00430  -0.00428  -0.00427  -0.00424  -0.00421
       -0.00418  -0.00416  -0.00415  -0.00413  -0.00412  -0.00411  -0.00409  -0.00404  -0.00402
       -0.00401  -0.00400  -0.00399  -0.00397  -0.00397  -0.00394  -0.00393  -0.00390  -0.00389
       -0.00387  -0.00386  -0.00385  -0.00383  -0.00381  -0.00379  -0.00377  -0.00376  -0.00375
       -0.00373  -0.00373  -0.00370  -0.00369  -0.00367  -0.00365  -0.00363  -0.00362  -0.00360
       -0.00359  -0.00357  -0.00354  -0.00354  -0.00352  -0.00351
        
     --------------------------------------------------------------------------------------------
     Tot. elapsed time 07m-34.7s,  time spent in last iteration 02m-56.2s
     --------------------------------------------------------------------------------------------

     [I/O] -------------------------------------------------------
     [I/O] RESTART written in < 00.1s             
     [I/O] In location   : ./h2co_420.wstat.restart
     [I/O] -------------------------------------------------------

                       *----------*              *----------*               *----------*
     #     Iteration = |        2 |   DFPT_dim = |      362 |   Diago_dim = |     1202 |
                       *----------*              *----------*               *----------*
     per-process dynamical memory   167.8 Mb
  
       
     --------------------------------------------------------------------------------------------
     Sternheimer eq. solver... with threshold =   1.000000E-12           
     --------------------------------------------------------------------------------------------
     in progress... |#                   | 005% :               06.7s (E)           02m-15.3s (X)
     in progress... |##                  | 010% :               13.5s (E)           02m-15.6s (X)
     in progress... |###                 | 015% :               20.2s (E)           02m-15.3s (X)
     in progress... |####                | 020% :               27.0s (E)           02m-15.2s (X)
     in progress... |#####               | 025% :               33.7s (E)           02m-15.1s (X)
     in progress... |######              | 030% :               40.5s (E)           02m-15.0s (X)
     in progress... |#######             | 035% :               43.8s (E)           02m-05.3s (X)
     in progress... |########            | 040% :               50.5s (E)           02m-06.3s (X)
     in progress... |#########           | 045% :               57.2s (E)           02m-07.1s (X)
     in progress... |##########          | 050% :           01m-03.9s (E)           02m-07.8s (X)
     in progress... |###########         | 055% :           01m-10.6s (E)           02m-08.3s (X)
     in progress... |############        | 060% :           01m-17.2s (E)           02m-08.8s (X)
     in progress... |#############       | 065% :           01m-23.9s (E)           02m-09.1s (X)
     in progress... |##############      | 070% :           01m-27.2s (E)           02m-04.6s (X)
     in progress... |###############     | 075% :           01m-33.9s (E)           02m-05.3s (X)
     in progress... |################    | 080% :           01m-40.6s (E)           02m-05.8s (X)
     in progress... |#################   | 085% :           01m-47.2s (E)           02m-06.1s (X)
     in progress... |##################  | 090% :           01m-53.9s (E)           02m-06.6s (X)
     in progress... |################### | 095% :           02m-00.6s (E)           02m-06.9s (X)
     in progress... |####################| 100% :           02m-03.9s (E)           02m-03.9s (X)
     --------------------------------------------------------------------------------------------
     p-DIAGOX done in 00.7s with a SCALAPACK grid (12x12)
     --------------------------------------------------------------------------------------------
        
       -3.61383  -1.54010  -1.13486  -0.87428  -0.82735  -0.73605  -0.69725  -0.65571  -0.63279
       -0.55914  -0.49772  -0.43385  -0.43303  -0.40735  -0.39343  -0.35207  -0.33328  -0.29561
       -0.28685  -0.27913  -0.26370  -0.24951  -0.22344  -0.22313  -0.20218  -0.19599  -0.19147
       -0.18751  -0.15983  -0.15840  -0.15761  -0.15073  -0.14859  -0.14449  -0.14311  -0.14091
       -0.13794  -0.13384  -0.13147  -0.12217  -0.12054  -0.10471  -0.10247  -0.10073  -0.09994
       -0.09127  -0.08965  -0.08701  -0.08092  -0.07650  -0.07624  -0.07273  -0.07232  -0.06975
       -0.06963  -0.06549  -0.06357  -0.06215  -0.06185  -0.06066  -0.05987  -0.05727  -0.05528
       -0.05440  -0.05318  -0.05279  -0.05130  -0.04984  -0.04977  -0.04914  -0.04877  -0.04819
       -0.04747  -0.04693  -0.04638  -0.04592  -0.04527  -0.04397  -0.04379  -0.04324  -0.04142
       -0.04046  -0.03989  -0.03920  -0.03883  -0.03745  -0.03679  -0.03624  -0.03545  -0.03490
       -0.03490  -0.03453  -0.03340  -0.03308  -0.03151  -0.03099  -0.03057  -0.03022  -0.02999
       -0.02969  -0.02958  -0.02875  -0.02761  -0.02677  -0.02649  -0.02642  -0.02639  -0.02624
       -0.02544  -0.02523  -0.02507  -0.02496  -0.02470  -0.02467  -0.02380  -0.02375  -0.02347
       -0.02318  -0.02316  -0.02289  -0.02269  -0.02252  -0.02251  -0.02212  -0.02208  -0.02207
       -0.02204  -0.02168  -0.02159  -0.02149  -0.02115  -0.02094  -0.02092  -0.02062  -0.01992
       -0.01982  -0.01982  -0.01958  -0.01926  -0.01871  -0.01855  -0.01834  -0.01830  -0.01829
       -0.01829  -0.01817  -0.01761  -0.01745  -0.01732  -0.01727  -0.01715  -0.01702  -0.01668
       -0.01658  -0.01618  -0.01585  -0.01582  -0.01577  -0.01563  -0.01559  -0.01555  -0.01542
       -0.01542  -0.01504  -0.01477  -0.01466  -0.01448  -0.01436  -0.01432  -0.01407  -0.01391
       -0.01383  -0.01360  -0.01334  -0.01333  -0.01325  -0.01317  -0.01313  -0.01310  -0.01296
       -0.01291  -0.01288  -0.01286  -0.01253  -0.01249  -0.01246  -0.01240  -0.01219  -0.01206
       -0.01205  -0.01202  -0.01196  -0.01191  -0.01184  -0.01179  -0.01178  -0.01165  -0.01157
       -0.01150  -0.01148  -0.01143  -0.01140  -0.01135  -0.01129  -0.01118  -0.01113  -0.01094
       -0.01092  -0.01080  -0.01077  -0.01060  -0.01057  -0.01055  -0.01041  -0.01038  -0.01021
       -0.01017  -0.01015  -0.01013  -0.01007  -0.00991  -0.00985  -0.00982  -0.00967  -0.00953
       -0.00950  -0.00945  -0.00945  -0.00940  -0.00931  -0.00929  -0.00923  -0.00922  -0.00919
       -0.00913  -0.00912  -0.00901  -0.00895  -0.00885  -0.00875  -0.00874  -0.00867  -0.00863
       -0.00858  -0.00858  -0.00852  -0.00848  -0.00843  -0.00830  -0.00828  -0.00821  -0.00820
       -0.00817  -0.00808  -0.00798  -0.00796  -0.00793  -0.00778  -0.00778  -0.00773  -0.00773
       -0.00771  -0.00765  -0.00764  -0.00764  -0.00756  -0.00754  -0.00745  -0.00744  -0.00739
       -0.00736  -0.00735  -0.00732  -0.00730  -0.00729  -0.00720  -0.00713  -0.00705  -0.00701
       -0.00699  -0.00696  -0.00689  -0.00686  -0.00683  -0.00683  -0.00681  -0.00679  -0.00677
       -0.00676  -0.00672  -0.00671  -0.00664  -0.00663  -0.00660  -0.00659  -0.00653  -0.00645
       -0.00643  -0.00643  -0.00642  -0.00641  -0.00639  -0.00638  -0.00627  -0.00626  -0.00622
       -0.00621  -0.00621  -0.00616  -0.00616  -0.00611  -0.00604  -0.00601  -0.00600  -0.00595
       -0.00592  -0.00592  -0.00587  -0.00585  -0.00585  -0.00585  -0.00574  -0.00572  -0.00567
       -0.00565  -0.00563  -0.00563  -0.00563  -0.00561  -0.00560  -0.00559  -0.00555  -0.00555
       -0.00553  -0.00546  -0.00546  -0.00544  -0.00543  -0.00536  -0.00533  -0.00533  -0.00532
       -0.00532  -0.00528  -0.00527  -0.00526  -0.00525  -0.00525  -0.00525  -0.00516  -0.00516
       -0.00515  -0.00507  -0.00507  -0.00507  -0.00499  -0.00499  -0.00497  -0.00493  -0.00489
       -0.00487  -0.00486  -0.00481  -0.00481  -0.00477  -0.00475  -0.00475  -0.00470  -0.00469
       -0.00467  -0.00466  -0.00461  -0.00460  -0.00458  -0.00457  -0.00455  -0.00454  -0.00454
       -0.00451  -0.00450  -0.00446  -0.00445  -0.00445  -0.00443  -0.00443  -0.00443  -0.00440
       -0.00438  -0.00436  -0.00431  -0.00429  -0.00429  -0.00429  -0.00427  -0.00426  -0.00422
       -0.00420  -0.00418  -0.00414  -0.00413  -0.00413  -0.00413  -0.00412  -0.00411  -0.00409
       -0.00409  -0.00406  -0.00403  -0.00403  -0.00402  -0.00401  -0.00399  -0.00397  -0.00397
       -0.00395  -0.00394  -0.00392  -0.00391  -0.00391  -0.00389
        
     --------------------------------------------------------------------------------------------
     Tot. elapsed time 12m-40.7s,  time spent in last iteration 02m-34.3s
     --------------------------------------------------------------------------------------------

     [I/O] -------------------------------------------------------
     [I/O] RESTART written in < 00.1s             
     [I/O] In location   : ./h2co_420.wstat.restart
     [I/O] -------------------------------------------------------

                       *----------*              *----------*               *----------*
     #     Iteration = |        3 |   DFPT_dim = |        6 |   Diago_dim = |     1208 |
                       *----------*              *----------*               *----------*
     per-process dynamical memory   169.3 Mb
  
       
     --------------------------------------------------------------------------------------------
     Sternheimer eq. solver... with threshold =   1.000000E-12           
     --------------------------------------------------------------------------------------------
     in progress... |####################| 100% :             < 00.1s (E)             < 00.1s (X)
     --------------------------------------------------------------------------------------------
     p-DIAGOX done in 00.7s with a SCALAPACK grid (12x12)
     --------------------------------------------------------------------------------------------
        
       -3.61383  -1.54010  -1.13486  -0.87428  -0.82735  -0.73605  -0.69725  -0.65571  -0.63279
       -0.55914  -0.49772  -0.43385  -0.43303  -0.40735  -0.39343  -0.35207  -0.33328  -0.29561
       -0.28685  -0.27913  -0.26370  -0.24951  -0.22344  -0.22313  -0.20218  -0.19599  -0.19147
       -0.18751  -0.15983  -0.15840  -0.15761  -0.15073  -0.14859  -0.14449  -0.14311  -0.14091
       -0.13794  -0.13384  -0.13147  -0.12217  -0.12054  -0.10471  -0.10247  -0.10073  -0.09994
       -0.09127  -0.08965  -0.08701  -0.08092  -0.07650  -0.07624  -0.07273  -0.07232  -0.06975
       -0.06963  -0.06549  -0.06357  -0.06215  -0.06185  -0.06066  -0.05987  -0.05727  -0.05528
       -0.05440  -0.05318  -0.05279  -0.05130  -0.04984  -0.04977  -0.04914  -0.04877  -0.04819
       -0.04747  -0.04693  -0.04638  -0.04592  -0.04527  -0.04397  -0.04379  -0.04324  -0.04142
       -0.04046  -0.03989  -0.03920  -0.03883  -0.03745  -0.03679  -0.03624  -0.03545  -0.03490
       -0.03490  -0.03453  -0.03340  -0.03308  -0.03151  -0.03099  -0.03057  -0.03022  -0.02999
       -0.02969  -0.02958  -0.02875  -0.02761  -0.02677  -0.02649  -0.02642  -0.02639  -0.02624
       -0.02544  -0.02523  -0.02507  -0.02496  -0.02470  -0.02467  -0.02380  -0.02375  -0.02347
       -0.02318  -0.02316  -0.02289  -0.02269  -0.02252  -0.02251  -0.02212  -0.02208  -0.02207
       -0.02204  -0.02168  -0.02159  -0.02149  -0.02115  -0.02094  -0.02092  -0.02062  -0.01992
       -0.01982  -0.01982  -0.01958  -0.01926  -0.01871  -0.01855  -0.01834  -0.01830  -0.01829
       -0.01829  -0.01817  -0.01761  -0.01745  -0.01732  -0.01727  -0.01715  -0.01702  -0.01668
       -0.01658  -0.01618  -0.01585  -0.01582  -0.01577  -0.01563  -0.01559  -0.01555  -0.01542
       -0.01542  -0.01504  -0.01477  -0.01466  -0.01448  -0.01436  -0.01432  -0.01407  -0.01391
       -0.01383  -0.01360  -0.01334  -0.01333  -0.01325  -0.01317  -0.01313  -0.01310  -0.01296
       -0.01291  -0.01288  -0.01286  -0.01253  -0.01249  -0.01246  -0.01240  -0.01219  -0.01206
       -0.01205  -0.01202  -0.01196  -0.01191  -0.01184  -0.01179  -0.01178  -0.01165  -0.01157
       -0.01150  -0.01148  -0.01143  -0.01140  -0.01135  -0.01129  -0.01118  -0.01113  -0.01094
       -0.01092  -0.01080  -0.01077  -0.01060  -0.01057  -0.01055  -0.01041  -0.01038  -0.01021
       -0.01017  -0.01015  -0.01013  -0.01007  -0.00991  -0.00985  -0.00982  -0.00967  -0.00953
       -0.00950  -0.00945  -0.00945  -0.00940  -0.00931  -0.00929  -0.00923  -0.00922  -0.00919
       -0.00913  -0.00912  -0.00901  -0.00895  -0.00885  -0.00875  -0.00874  -0.00867  -0.00863
       -0.00858  -0.00858  -0.00852  -0.00848  -0.00843  -0.00830  -0.00828  -0.00821  -0.00820
       -0.00817  -0.00808  -0.00798  -0.00796  -0.00793  -0.00778  -0.00778  -0.00773  -0.00773
       -0.00771  -0.00765  -0.00764  -0.00764  -0.00756  -0.00754  -0.00745  -0.00744  -0.00739
       -0.00736  -0.00735  -0.00732  -0.00730  -0.00729  -0.00720  -0.00713  -0.00705  -0.00701
       -0.00699  -0.00696  -0.00689  -0.00686  -0.00683  -0.00683  -0.00681  -0.00679  -0.00677
       -0.00676  -0.00672  -0.00671  -0.00664  -0.00663  -0.00660  -0.00659  -0.00653  -0.00645
       -0.00643  -0.00643  -0.00642  -0.00641  -0.00639  -0.00638  -0.00627  -0.00626  -0.00622
       -0.00621  -0.00621  -0.00616  -0.00616  -0.00611  -0.00604  -0.00601  -0.00600  -0.00595
       -0.00592  -0.00592  -0.00587  -0.00585  -0.00585  -0.00585  -0.00574  -0.00572  -0.00567
       -0.00565  -0.00563  -0.00563  -0.00563  -0.00561  -0.00560  -0.00559  -0.00555  -0.00555
       -0.00553  -0.00546  -0.00546  -0.00544  -0.00543  -0.00536  -0.00533  -0.00533  -0.00532
       -0.00532  -0.00528  -0.00527  -0.00526  -0.00525  -0.00525  -0.00525  -0.00516  -0.00516
       -0.00515  -0.00507  -0.00507  -0.00507  -0.00499  -0.00499  -0.00497  -0.00493  -0.00489
       -0.00487  -0.00486  -0.00481  -0.00481  -0.00477  -0.00475  -0.00475  -0.00470  -0.00469
       -0.00467  -0.00466  -0.00461  -0.00460  -0.00458  -0.00457  -0.00455  -0.00454  -0.00454
       -0.00451  -0.00450  -0.00447  -0.00445  -0.00445  -0.00443  -0.00443  -0.00443  -0.00440
       -0.00438  -0.00436  -0.00431  -0.00429  -0.00429  -0.00429  -0.00427  -0.00426  -0.00422
       -0.00420  -0.00418  -0.00414  -0.00413  -0.00413  -0.00413  -0.00412  -0.00411  -0.00409
       -0.00409  -0.00406  -0.00403  -0.00403  -0.00402  -0.00401  -0.00399  -0.00398  -0.00398
       -0.00396  -0.00395  -0.00394  -0.00393  -0.00393  -0.00391
        
     --------------------------------------------------------------------------------------------
     Tot. elapsed time 16m-28.0s,  time spent in last iteration 10.1s
     --------------------------------------------------------------------------------------------
      
     --------------------------------------------------------------------------------------------
     Database written in 37.4s               
     In location : ./h2co_420.wstat.save
     --------------------------------------------------------------------------------------------
       
     --------------------------------------------------------------------------------------------
     Convergence achieved !!! in        3 steps                          
     --------------------------------------------------------------------------------------------
 
     WSTAT        : 10m48.17s CPU    17m59.33s WALL

     wstat_readin :      6.32s CPU     41.35s WALL (       1 calls)
     fetch_nml    :      0.00s CPU      0.00s WALL (       1 calls)
     read_xml     :      1.35s CPU      2.47s WALL (       1 calls)
     init_vloc    :      0.16s CPU      0.16s WALL (       2 calls)
     fft          :      0.27s CPU      0.98s WALL (      11 calls)
     fft_scatter  :     84.29s CPU     84.44s WALL (   26375 calls)
     v_of_rho     :      0.29s CPU      0.31s WALL (       1 calls)
     v_xc         :      0.26s CPU      0.27s WALL (       1 calls)
     v_h          :      0.03s CPU      0.04s WALL (       1 calls)
     read_wave    :      4.96s CPU     38.69s WALL (       1 calls)
     davcio       :      0.00s CPU      1.81s WALL (       2 calls)
     init_us_1    :      0.01s CPU      0.01s WALL (       2 calls)
     do_setup     :      0.19s CPU      0.21s WALL (       1 calls)
     init_pw_ar   :      0.19s CPU      0.21s WALL (       1 calls)
     init_at_1    :      0.00s CPU      0.00s WALL (       1 calls)
     storesqvc    :      0.00s CPU      0.00s WALL (       1 calls)
     chidiago     :    641.63s CPU   1037.72s WALL (       1 calls)
     randomize    :      0.95s CPU      0.96s WALL (       1 calls)
     paramgs      :     13.16s CPU     13.26s WALL (       5 calls)
     dfpt         :    426.16s CPU    428.39s WALL (       5 calls)
     init_us_2    :      0.02s CPU      0.02s WALL (       5 calls)
     fftw         :    239.06s CPU    240.28s WALL (   26364 calls)
     alphapc      :      0.28s CPU      0.27s WALL (     163 calls)
     wstat_restar :    160.34s CPU    520.91s WALL (       4 calls)
     linstern     :    338.15s CPU    339.89s WALL (     121 calls)
     stern        :    324.30s CPU    325.92s WALL (    4309 calls)
     h_psi_bgrp   :    317.47s CPU    319.07s WALL (    4309 calls)
     h_psi        :    317.44s CPU    319.06s WALL (    4309 calls)
     h_psi:pot    :    315.85s CPU    317.45s WALL (    4309 calls)
     vloc_psi     :    293.38s CPU    294.83s WALL (    4309 calls)
     h_psi:calbec :     13.50s CPU     12.37s WALL (    4309 calls)
     calbec       :     13.48s CPU     12.35s WALL (    4309 calls)
     add_vuspsi   :      8.95s CPU     10.22s WALL (    4309 calls)
     alphapv      :      4.56s CPU      4.51s WALL (    4309 calls)
     build_hr     :      7.70s CPU      7.92s WALL (       4 calls)
     diagox       :      2.24s CPU      2.28s WALL (       4 calls)
     redistr_vr   :      0.30s CPU      0.32s WALL (       3 calls)
     update_vr    :     12.88s CPU     13.19s WALL (       3 calls)
     symm_hr      :      0.31s CPU      0.32s WALL (       3 calls)
     chidiago:las :      0.00s CPU      0.00s WALL (       1 calls)
     refresh_vr   :      5.07s CPU      5.14s WALL (       1 calls)
     pdep_db      :     12.02s CPU     37.48s WALL (       1 calls)
 
     WSTAT        : 10m48.18s CPU    17m59.33s WALL

 
   This run was terminated on:  12:39:35  21May2018            

=------------------------------------------------------------------------------=
   JOB DONE.
=------------------------------------------------------------------------------=
