
     Program WSTAT v. 2.0.0 starts on 21May2018 at 12: 4:11 

     This program is part of the open-source West suite
     for massively parallel calculations of excited states in materials; please cite
         "M. Govoni et al., J. Chem. Theory Comput. 11, 2680 (2015);
          URL http://www.west-code.org", 
     in publications or presentations arising from this work.

     Based on the Quantum ESPRESSO v. 6.1 svn rev. 13369
       
     --------------------------------------------------------------------------------------------
     **MPI** Parallelization Status                                      
     --------------------------------------------------------------------------------------------
                   160                  10             1             1            16
     --------------------------------------------------------------------------------------------
                     N         =         I      X      P      X      B      X      Z
                     ^                   ^             ^             ^             ^
                     |                   |             |             |             |
                   #rnk                  |             |             |             |
                                      #image           |             |             |
                                                     #pool           |             |
                                                                   #bgrp           |
                                                                                 #R&G
     --------------------------------------------------------------------------------------------
     **OPENMP** Parallelization Status
     #thr/rnk               =            1
     --------------------------------------------------------------------------------------------
     #prc = (rnk) * (thr) =          160
     --------------------------------------------------------------------------------------------
       
     --------------------------------------------------------------------------------------------
     I/O Summary : input_west                                            
     --------------------------------------------------------------------------------------------
     qe_prefix      = h2co
     west_prefix    = h2co
     outdir         = ./
     --------------------------------------------------------------------------------------------
       
     --------------------------------------------------------------------------------------------
     I/O Summary : wstat_control                                         
     --------------------------------------------------------------------------------------------
     wstat_calculation              =              S
     n_pdep_eigen                   =             20
     n_kin_pdep_eigen               =            400
     n_lindhard_eigen               =              0
     n_pdep_times                   =              4
     n_pdep_maxiter                 =            100
     n_dfpt_maxiter                 =            250
     n_pdep_read_from_file          =              0
     trev_pdep                      =   1.000000E-03
     trev_pdep_rel                  =   1.000000E-01
     tr2_dfpt                       =   1.000000E-12
     l_kinetic_only                 =              F
     l_minimize_exx_if_active       =              F
     l_use_ecutrho                  =              F
     l_pure_eigen                   =              F
     --------------------------------------------------------------------------------------------

     Reading data from directory:
     ./h2co.save

   Info: using nr1, nr2, nr3 values from input

   Info: using nr1, nr2, nr3 values from input

     IMPORTANT: XC functional enforced from input :
     Exchange-correlation      = PBE ( 1  4  3  4 0 0)
     Any further DFT definition will be discarded
     Please, verify this is what you really want

     Message from routine readpp:
     file ./h2co.save/O_ONCV_PBE-1.0.upf not found
     Message from routine readpp:
     file ./h2co.save/C_ONCV_PBE-1.0.upf not found
     Message from routine readpp:
     file ./h2co.save/H_ONCV_PBE-1.0.upf not found
 
     Parallelization info
     --------------------
     sticks:   dense  smooth     PW     G-vecs:    dense   smooth      PW
     Min        1520    1520    379               178660   178660   22323
     Max        1522    1522    384               178666   178666   22328
     Sum       24345   24345   6093              2858633  2858633  357213
 
       
     --------------------------------------------------------------------------------------------
     System Overview                                                     
     --------------------------------------------------------------------------------------------
     gamma_only           =              T
     ecutwfc [Ry]         =      85.000000
     omega [au^3]         =   2.700000E+04
     glob. #G             =         178607
     nbnd                 =            100
     nkstot               =              1
     nspin                =              1
     nelec                =      12.000000
     npol                 =              1
     lsda                 =              F
     noncolin             =              F
     lspinorb             =              F
     domag                =              F
     --------------------------------------------------------------------------------------------

     sFFT G-space:  1429317 G-vectors     R-space: ( 180, 180, 180)
     dFFT G-space:  1429317 G-vectors     R-space: ( 180, 180, 180)

     Cell [a.u.]          =      30.000000      0.000000      0.000000
                          =       0.000000     30.000000      0.000000
                          =       0.000000      0.000000     30.000000
      
     number of ks points=     1
                       cart. coord. in units 2pi/alat
        k(    1) = (   0.0000000   0.0000000   0.0000000), wk =   2.0000000

                       cryst. coord.
        k(    1) = (   0.0000000   0.0000000   0.0000000), wk =   2.0000000
 
     Spherical div        =   1.654268E-01
     Orthorombic div      =   1.628502E-01
       
     --------------------------------------------------------------------------------------------
     Parallelization for nvecx                                           
     --------------------------------------------------------------------------------------------
     nglob                =             80
     nlevel               =             10
     Min nglob/nlevel     =              8
     Max nglob/nlevel     =              8
     --------------------------------------------------------------------------------------------

     [MEM] ----------------------------------------------------------
     [MEM] **Memory** analysis: QE
     [MEM] ----------------------------------------------------------
     [MEM] Allocated arrays           est. size (Mb)     dimensions
     [MEM] ----------------------------------------------------------
     [MEM] Kohn-Sham Wavefunctions      17.03 Mb     (  11164,  100)
     [MEM] NL pseudopotentials           3.41 Mb     (  11164,   20)
     [MEM] Each V/rho on FFT grid        5.93 Mb     ( 388800)
     [MEM] Each G-vector array           0.68 Mb     (  89333)
     [MEM] G-vector shells               0.05 Mb     (   6125)
     [MEM] ----------------------------------------------------------
     [MEM] TOT                          27.10 Mb
     [MEM] ----------------------------------------------------------
     [MEM] 
     [MEM] ----------------------------------------------------------
     [MEM] **Memory** analysis: WSTAT global
     [MEM] ----------------------------------------------------------
     [MEM] Allocated arrays           est. size (Mb)     dimensions
     [MEM] ----------------------------------------------------------
     [MEM] dvg                           1.36 Mb     (  11164,    8)
     [MEM] dng                           1.36 Mb     (  11164,    8)
     [MEM] hr_distr                      0.00 Mb     (     80,    8)
     [MEM] vr_distr                      0.00 Mb     (     80,    8)
     [MEM] ----------------------------------------------------------
     [MEM] TOT                           2.74 Mb
     [MEM] ----------------------------------------------------------
     [MEM] 
     [MEM] ----------------------------------------------------------
     [MEM] **Memory** analysis: WSTAT temporary
     [MEM] ----------------------------------------------------------
     [MEM] Allocated arrays           est. size (Mb)     dimensions
     [MEM] ----------------------------------------------------------
     [MEM] dvpsi                         1.02 Mb     (  11164,    6)
     [MEM] dpsi                          1.02 Mb     (  11164,    6)
     [MEM] ----------------------------------------------------------
     [MEM] Total estimate                2.04 Mb
     [MEM] ----------------------------------------------------------

                       *----------*              *----------*               *----------*
     #     Iteration = | starting |   DFPT_dim = |       20 |   Diago_dim = |       20 |  x 1/2
                       *----------*              *----------*               *----------*
     per-process dynamical memory   119.1 Mb
  
       
     --------------------------------------------------------------------------------------------
     Sternheimer eq. solver... with lite-solver                          
     --------------------------------------------------------------------------------------------
     in progress... |##########          | 050% :               00.2s (E)               00.4s (X)
     in progress... |####################| 100% :               00.4s (E)               00.4s (X)
     --------------------------------------------------------------------------------------------

     [I/O] -------------------------------------------------------
     [I/O] RESTART written in < 00.1s             
     [I/O] In location   : ./h2co_20_400.wstat.restart
     [I/O] -------------------------------------------------------

                       *----------*              *----------*               *----------*
     #     Iteration = | starting |   DFPT_dim = |       20 |   Diago_dim = |       20 |  x 2/2
                       *----------*              *----------*               *----------*
     per-process dynamical memory   119.1 Mb
  
       
     --------------------------------------------------------------------------------------------
     Sternheimer eq. solver... with threshold =   1.000000E-06           
     --------------------------------------------------------------------------------------------
     in progress... |##########          | 050% :               02.5s (E)               05.0s (X)
     in progress... |####################| 100% :               05.0s (E)               05.0s (X)
     --------------------------------------------------------------------------------------------
     p-DIAGOX done in < 00.1s with a SCALAPACK grid (2x2)
     --------------------------------------------------------------------------------------------
        
       -3.22197  -1.12728  -1.05139  -0.83956  -0.69916  -0.64773  -0.60378  -0.48350  -0.43977
       -0.40783  -0.32765  -0.27617  -0.26012  -0.21588  -0.20822  -0.18354  -0.15836  -0.14428
       -0.13235  -0.07728
        
     --------------------------------------------------------------------------------------------
     Tot. elapsed time 10.3s,  time spent in last iteration 10.3s
     --------------------------------------------------------------------------------------------

     [I/O] -------------------------------------------------------
     [I/O] RESTART written in < 00.1s             
     [I/O] In location   : ./h2co_20_400.wstat.restart
     [I/O] -------------------------------------------------------

                       *----------*              *----------*               *----------*
     #     Iteration = |        1 |   DFPT_dim = |       20 |   Diago_dim = |       40 |
                       *----------*              *----------*               *----------*
     per-process dynamical memory   119.1 Mb
  
       
     --------------------------------------------------------------------------------------------
     Sternheimer eq. solver... with threshold =   1.000000E-12           
     --------------------------------------------------------------------------------------------
     in progress... |##########          | 050% :               03.7s (E)               07.5s (X)
     in progress... |####################| 100% :               07.5s (E)               07.5s (X)
     --------------------------------------------------------------------------------------------
     p-DIAGOX done in < 00.1s with a SCALAPACK grid (2x2)
     --------------------------------------------------------------------------------------------
        
       -3.61355  -1.53905  -1.13465  -0.87380  -0.82488  -0.73530  -0.69449  -0.63969  -0.62832
       -0.55238  -0.46275  -0.41403  -0.39383  -0.37941  -0.32590  -0.31598  -0.28912  -0.28016
       -0.26072  -0.21352
        
     --------------------------------------------------------------------------------------------
     Tot. elapsed time 22.8s,  time spent in last iteration 08.8s
     --------------------------------------------------------------------------------------------

     [I/O] -------------------------------------------------------
     [I/O] RESTART written in < 00.1s             
     [I/O] In location   : ./h2co_20_400.wstat.restart
     [I/O] -------------------------------------------------------

                       *----------*              *----------*               *----------*
     #     Iteration = |        2 |   DFPT_dim = |       20 |   Diago_dim = |       60 |
                       *----------*              *----------*               *----------*
     per-process dynamical memory   119.1 Mb
  
       
     --------------------------------------------------------------------------------------------
     Sternheimer eq. solver... with threshold =   1.000000E-12           
     --------------------------------------------------------------------------------------------
     in progress... |##########          | 050% :               03.7s (E)               07.5s (X)
     in progress... |####################| 100% :               07.5s (E)               07.5s (X)
     --------------------------------------------------------------------------------------------
     p-DIAGOX done in < 00.1s with a SCALAPACK grid (2x2)
     --------------------------------------------------------------------------------------------
        
       -3.61383  -1.54011  -1.13486  -0.87427  -0.82734  -0.73604  -0.69721  -0.65549  -0.63275
       -0.55896  -0.49579  -0.43320  -0.43140  -0.40682  -0.39235  -0.34989  -0.33219  -0.29385
       -0.28586  -0.25919
        
     --------------------------------------------------------------------------------------------
     Tot. elapsed time 39.2s,  time spent in last iteration 08.8s
     --------------------------------------------------------------------------------------------

     [I/O] -------------------------------------------------------
     [I/O] RESTART written in < 00.1s             
     [I/O] In location   : ./h2co_20_400.wstat.restart
     [I/O] -------------------------------------------------------

                       *----------*              *----------*               *----------*
     #     Iteration = |        3 |   DFPT_dim = |       16 |   Diago_dim = |       76 |
                       *----------*              *----------*               *----------*
     per-process dynamical memory   119.1 Mb
  
       
     --------------------------------------------------------------------------------------------
     Sternheimer eq. solver... with threshold =   1.000000E-12           
     --------------------------------------------------------------------------------------------
     in progress... |##########          | 050% :               03.7s (E)               07.5s (X)
     in progress... |####################| 100% :               07.4s (E)               07.4s (X)
     --------------------------------------------------------------------------------------------
     p-DIAGOX done in < 00.1s with a SCALAPACK grid (2x2)
     --------------------------------------------------------------------------------------------
        
       -3.61383  -1.54012  -1.13486  -0.87428  -0.82735  -0.73605  -0.69725  -0.65572  -0.63279
       -0.55913  -0.49771  -0.43384  -0.43301  -0.40735  -0.39341  -0.35203  -0.33326  -0.29556
       -0.28684  -0.27793
        
     --------------------------------------------------------------------------------------------
     Tot. elapsed time 59.0s,  time spent in last iteration 08.7s
     --------------------------------------------------------------------------------------------

       Refresh the basis set

     [I/O] -------------------------------------------------------
     [I/O] RESTART written in < 00.1s             
     [I/O] In location   : ./h2co_20_400.wstat.restart
     [I/O] -------------------------------------------------------

                       *----------*              *----------*               *----------*
     #     Iteration = |        4 |   DFPT_dim = |        7 |   Diago_dim = |       27 |
                       *----------*              *----------*               *----------*
     per-process dynamical memory   119.1 Mb
  
       
     --------------------------------------------------------------------------------------------
     Sternheimer eq. solver... with threshold =   1.000000E-12           
     --------------------------------------------------------------------------------------------
     in progress... |####################| 100% :               03.7s (E)               03.7s (X)
     --------------------------------------------------------------------------------------------
     p-DIAGOX done in < 00.1s with a SCALAPACK grid (2x2)
     --------------------------------------------------------------------------------------------
        
       -3.61383  -1.54012  -1.13486  -0.87428  -0.82735  -0.73605  -0.69725  -0.65572  -0.63279
       -0.55914  -0.49772  -0.43385  -0.43303  -0.40735  -0.39343  -0.35206  -0.33328  -0.29561
       -0.28686  -0.27908
        
     --------------------------------------------------------------------------------------------
     Tot. elapsed time 01m-07.2s,  time spent in last iteration 04.4s
     --------------------------------------------------------------------------------------------

     [I/O] -------------------------------------------------------
     [I/O] RESTART written in < 00.1s             
     [I/O] In location   : ./h2co_20_400.wstat.restart
     [I/O] -------------------------------------------------------

                       *----------*              *----------*               *----------*
     #     Iteration = |        5 |   DFPT_dim = |        1 |   Diago_dim = |       28 |
                       *----------*              *----------*               *----------*
     per-process dynamical memory   119.1 Mb
  
       
     --------------------------------------------------------------------------------------------
     Sternheimer eq. solver... with threshold =   1.000000E-12           
     --------------------------------------------------------------------------------------------
     in progress... |####################| 100% :             < 00.1s (E)             < 00.1s (X)
     --------------------------------------------------------------------------------------------
     p-DIAGOX done in < 00.1s with a SCALAPACK grid (2x2)
     --------------------------------------------------------------------------------------------
        
       -3.61383  -1.54012  -1.13486  -0.87428  -0.82735  -0.73605  -0.69725  -0.65572  -0.63279
       -0.55914  -0.49772  -0.43385  -0.43303  -0.40735  -0.39343  -0.35206  -0.33328  -0.29561
       -0.28686  -0.27912
        
     --------------------------------------------------------------------------------------------
     Tot. elapsed time 01m-16.5s,  time spent in last iteration 03.9s
     --------------------------------------------------------------------------------------------
      
     --------------------------------------------------------------------------------------------
     Database written in 02.0s               
     In location : ./h2co_20_400.wstat.save
     --------------------------------------------------------------------------------------------
       
     --------------------------------------------------------------------------------------------
     Convergence achieved !!! in        5 steps                          
     --------------------------------------------------------------------------------------------
       
     --------------------------------------------------------------------------------------------
     ** Now compute kinetic eigenpotentials **                           
     --------------------------------------------------------------------------------------------
       
     --------------------------------------------------------------------------------------------
     Parallelization for newnvecx                                        
     --------------------------------------------------------------------------------------------
     nglob                =           1600
     nlevel               =             10
     Min nglob/nlevel     =            160
     Max nglob/nlevel     =            160
     --------------------------------------------------------------------------------------------
       
     --------------------------------------------------------------------------------------------
     Parallelization for merge_nvecx                                     
     --------------------------------------------------------------------------------------------
     nglob                =           1680
     nlevel               =             10
     Min nglob/nlevel     =            168
     Max nglob/nlevel     =            168
     --------------------------------------------------------------------------------------------

                       *----------*              *----------*               *----------*
     #     Iteration = | starting |   DFPT_dim = |      400 |   Diago_dim = |      400 |  x 1/2
                       *----------*              *----------*               *----------*
       
     --------------------------------------------------------------------------------------------
     Applying projection operator formed by dvg                          
     --------------------------------------------------------------------------------------------
     per-process dynamical memory   216.6 Mb
  
       
     --------------------------------------------------------------------------------------------
     Sternheimer eq. solver... with lite-solver                          
     --------------------------------------------------------------------------------------------
     in progress... |#                   | 005% :               00.4s (E)               08.4s (X)
     in progress... |##                  | 010% :               00.8s (E)               08.4s (X)
     in progress... |###                 | 015% :               01.2s (E)               08.4s (X)
     in progress... |####                | 020% :               01.6s (E)               08.4s (X)
     in progress... |#####               | 025% :               02.1s (E)               08.4s (X)
     in progress... |######              | 030% :               02.5s (E)               08.4s (X)
     in progress... |#######             | 035% :               02.9s (E)               08.4s (X)
     in progress... |########            | 040% :               03.3s (E)               08.4s (X)
     in progress... |#########           | 045% :               03.7s (E)               08.4s (X)
     in progress... |##########          | 050% :               04.2s (E)               08.4s (X)
     in progress... |###########         | 055% :               04.6s (E)               08.4s (X)
     in progress... |############        | 060% :               05.0s (E)               08.4s (X)
     in progress... |#############       | 065% :               05.4s (E)               08.4s (X)
     in progress... |##############      | 070% :               05.8s (E)               08.4s (X)
     in progress... |###############     | 075% :               06.3s (E)               08.4s (X)
     in progress... |################    | 080% :               06.7s (E)               08.4s (X)
     in progress... |#################   | 085% :               07.1s (E)               08.4s (X)
     in progress... |##################  | 090% :               07.5s (E)               08.4s (X)
     in progress... |################### | 095% :               07.9s (E)               08.4s (X)
     in progress... |####################| 100% :               08.4s (E)               08.4s (X)
       
     --------------------------------------------------------------------------------------------
     Applying projection operator formed by dvg                          
     --------------------------------------------------------------------------------------------
     --------------------------------------------------------------------------------------------

     [I/O] -------------------------------------------------------
     [I/O] RESTART written in < 00.1s             
     [I/O] In location   : ./h2co_20_400.wstat.restart
     [I/O] -------------------------------------------------------

                       *----------*              *----------*               *----------*
     #     Iteration = | starting |   DFPT_dim = |      400 |   Diago_dim = |      400 |  x 2/2
                       *----------*              *----------*               *----------*
       
     --------------------------------------------------------------------------------------------
     Applying projection operator formed by dvg                          
     --------------------------------------------------------------------------------------------
     per-process dynamical memory   216.6 Mb
  
       
     --------------------------------------------------------------------------------------------
     Sternheimer eq. solver... with threshold =   1.000000E-06           
     --------------------------------------------------------------------------------------------
     in progress... |#                   | 005% :               00.6s (E)               12.6s (X)
     in progress... |##                  | 010% :               01.2s (E)               12.6s (X)
     in progress... |###                 | 015% :               01.8s (E)               12.6s (X)
     in progress... |####                | 020% :               02.5s (E)               12.6s (X)
     in progress... |#####               | 025% :               03.1s (E)               12.6s (X)
     in progress... |######              | 030% :               03.7s (E)               12.5s (X)
     in progress... |#######             | 035% :               04.3s (E)               12.5s (X)
     in progress... |########            | 040% :               05.0s (E)               12.5s (X)
     in progress... |#########           | 045% :               05.6s (E)               12.5s (X)
     in progress... |##########          | 050% :               06.2s (E)               12.4s (X)
     in progress... |###########         | 055% :               06.8s (E)               12.4s (X)
     in progress... |############        | 060% :               07.4s (E)               12.4s (X)
     in progress... |#############       | 065% :               08.0s (E)               12.4s (X)
     in progress... |##############      | 070% :               08.6s (E)               12.4s (X)
     in progress... |###############     | 075% :               09.2s (E)               12.3s (X)
     in progress... |################    | 080% :               09.9s (E)               12.3s (X)
     in progress... |#################   | 085% :               10.5s (E)               12.3s (X)
     in progress... |##################  | 090% :               11.1s (E)               12.3s (X)
     in progress... |################### | 095% :               11.7s (E)               12.3s (X)
     in progress... |####################| 100% :               12.3s (E)               12.3s (X)
       
     --------------------------------------------------------------------------------------------
     Applying projection operator formed by dvg                          
     --------------------------------------------------------------------------------------------
     --------------------------------------------------------------------------------------------
     p-DIAGOX done in 00.4s with a SCALAPACK grid (12x12)
     --------------------------------------------------------------------------------------------
        
       -0.16629  -0.15533  -0.14840  -0.14089  -0.13137  -0.12424  -0.12215  -0.11626  -0.11059
       -0.10692  -0.10508  -0.10448  -0.10180  -0.09912  -0.09718  -0.09140  -0.09062  -0.08859
       -0.08638  -0.08607  -0.08544  -0.07473  -0.07389  -0.07024  -0.06839  -0.06622  -0.06477
       -0.06334  -0.06014  -0.05760  -0.05547  -0.05370  -0.05359  -0.05339  -0.05291  -0.05032
       -0.04880  -0.04850  -0.04710  -0.04646  -0.04536  -0.04487  -0.04332  -0.04324  -0.04207
       -0.04182  -0.04161  -0.03966  -0.03946  -0.03923  -0.03873  -0.03804  -0.03783  -0.03736
       -0.03686  -0.03623  -0.03542  -0.03518  -0.03434  -0.03353  -0.03250  -0.03156  -0.03145
       -0.03102  -0.03060  -0.02921  -0.02908  -0.02857  -0.02826  -0.02811  -0.02769  -0.02746
       -0.02715  -0.02655  -0.02592  -0.02525  -0.02495  -0.02484  -0.02437  -0.02421  -0.02405
       -0.02396  -0.02239  -0.02218  -0.02192  -0.02190  -0.02179  -0.02123  -0.02106  -0.02089
       -0.02063  -0.02042  -0.02015  -0.01975  -0.01973  -0.01969  -0.01922  -0.01909  -0.01901
       -0.01882  -0.01873  -0.01854  -0.01840  -0.01818  -0.01808  -0.01800  -0.01769  -0.01763
       -0.01746  -0.01715  -0.01700  -0.01695  -0.01663  -0.01638  -0.01610  -0.01605  -0.01580
       -0.01566  -0.01554  -0.01519  -0.01498  -0.01492  -0.01470  -0.01464  -0.01453  -0.01430
       -0.01414  -0.01387  -0.01380  -0.01370  -0.01358  -0.01326  -0.01322  -0.01313  -0.01306
       -0.01291  -0.01271  -0.01259  -0.01241  -0.01233  -0.01223  -0.01219  -0.01202  -0.01193
       -0.01188  -0.01176  -0.01168  -0.01133  -0.01115  -0.01103  -0.01091  -0.01081  -0.01077
       -0.01061  -0.01058  -0.01043  -0.01039  -0.01034  -0.01029  -0.01023  -0.01011  -0.01006
       -0.01002  -0.00993  -0.00982  -0.00971  -0.00965  -0.00951  -0.00940  -0.00930  -0.00924
       -0.00922  -0.00908  -0.00901  -0.00889  -0.00881  -0.00880  -0.00878  -0.00870  -0.00865
       -0.00863  -0.00853  -0.00847  -0.00841  -0.00831  -0.00824  -0.00819  -0.00808  -0.00804
       -0.00796  -0.00788  -0.00784  -0.00778  -0.00767  -0.00763  -0.00759  -0.00746  -0.00740
       -0.00733  -0.00731  -0.00721  -0.00710  -0.00708  -0.00701  -0.00695  -0.00687  -0.00681
       -0.00679  -0.00671  -0.00667  -0.00658  -0.00654  -0.00651  -0.00642  -0.00640  -0.00633
       -0.00632  -0.00622  -0.00622  -0.00614  -0.00612  -0.00605  -0.00602  -0.00597  -0.00593
       -0.00587  -0.00583  -0.00577  -0.00575  -0.00569  -0.00565  -0.00562  -0.00553  -0.00550
       -0.00543  -0.00541  -0.00537  -0.00534  -0.00526  -0.00524  -0.00517  -0.00515  -0.00514
       -0.00511  -0.00505  -0.00500  -0.00494  -0.00492  -0.00486  -0.00483  -0.00482  -0.00481
       -0.00471  -0.00469  -0.00464  -0.00458  -0.00457  -0.00453  -0.00450  -0.00448  -0.00443
       -0.00439  -0.00432  -0.00430  -0.00427  -0.00425  -0.00421  -0.00419  -0.00412  -0.00409
       -0.00405  -0.00402  -0.00400  -0.00398  -0.00397  -0.00393  -0.00391  -0.00386  -0.00382
       -0.00379  -0.00372  -0.00371  -0.00369  -0.00365  -0.00362  -0.00360  -0.00358  -0.00355
       -0.00349  -0.00349  -0.00347  -0.00346  -0.00343  -0.00340  -0.00336  -0.00331  -0.00330
       -0.00326  -0.00322  -0.00320  -0.00315  -0.00312  -0.00310  -0.00306  -0.00305  -0.00304
       -0.00301  -0.00300  -0.00295  -0.00292  -0.00291  -0.00288  -0.00286  -0.00285  -0.00284
       -0.00280  -0.00277  -0.00276  -0.00272  -0.00270  -0.00269  -0.00268  -0.00263  -0.00262
       -0.00260  -0.00257  -0.00254  -0.00252  -0.00251  -0.00249  -0.00245  -0.00242  -0.00239
       -0.00238  -0.00236  -0.00233  -0.00231  -0.00229  -0.00228  -0.00224  -0.00223  -0.00220
       -0.00218  -0.00217  -0.00216  -0.00213  -0.00210  -0.00209  -0.00206  -0.00205  -0.00201
       -0.00200  -0.00199  -0.00195  -0.00195  -0.00193  -0.00191  -0.00190  -0.00189  -0.00188
       -0.00185  -0.00184  -0.00181  -0.00181  -0.00179  -0.00178  -0.00175  -0.00173  -0.00172
       -0.00170  -0.00168  -0.00163  -0.00162  -0.00160  -0.00158  -0.00155  -0.00155  -0.00154
       -0.00151  -0.00149  -0.00146  -0.00145  -0.00143  -0.00141  -0.00141  -0.00138  -0.00136
       -0.00135  -0.00133  -0.00131  -0.00129  -0.00126  -0.00123  -0.00122  -0.00120  -0.00118
       -0.00117  -0.00113  -0.00109  -0.00054
        
     --------------------------------------------------------------------------------------------
     Tot. elapsed time 43.3s,  time spent in last iteration 43.3s
     --------------------------------------------------------------------------------------------

     [I/O] -------------------------------------------------------
     [I/O] RESTART written in < 00.1s             
     [I/O] In location   : ./h2co_20_400.wstat.restart
     [I/O] -------------------------------------------------------

                       *----------*              *----------*               *----------*
     #     Iteration = |        1 |   DFPT_dim = |      400 |   Diago_dim = |      800 |
                       *----------*              *----------*               *----------*
       
     --------------------------------------------------------------------------------------------
     Applying projection operator formed by dvg                          
     --------------------------------------------------------------------------------------------
     per-process dynamical memory   202.7 Mb
  
       
     --------------------------------------------------------------------------------------------
     Sternheimer eq. solver... with threshold =   1.000000E-12           
     --------------------------------------------------------------------------------------------
     in progress... |#                   | 005% :               00.7s (E)               15.0s (X)
     in progress... |##                  | 010% :               01.4s (E)               14.9s (X)
     in progress... |###                 | 015% :               02.2s (E)               14.9s (X)
     in progress... |####                | 020% :               02.9s (E)               14.9s (X)
     in progress... |#####               | 025% :               03.7s (E)               14.9s (X)
     in progress... |######              | 030% :               04.4s (E)               14.9s (X)
     in progress... |#######             | 035% :               05.2s (E)               14.8s (X)
     in progress... |########            | 040% :               05.9s (E)               14.9s (X)
     in progress... |#########           | 045% :               06.7s (E)               14.8s (X)
     in progress... |##########          | 050% :               07.4s (E)               14.8s (X)
     in progress... |###########         | 055% :               08.1s (E)               14.8s (X)
     in progress... |############        | 060% :               08.9s (E)               14.8s (X)
     in progress... |#############       | 065% :               09.6s (E)               14.8s (X)
     in progress... |##############      | 070% :               10.3s (E)               14.8s (X)
     in progress... |###############     | 075% :               11.1s (E)               14.8s (X)
     in progress... |################    | 080% :               11.8s (E)               14.8s (X)
     in progress... |#################   | 085% :               12.6s (E)               14.8s (X)
     in progress... |##################  | 090% :               13.3s (E)               14.8s (X)
     in progress... |################### | 095% :               14.0s (E)               14.8s (X)
     in progress... |####################| 100% :               14.8s (E)               14.8s (X)
       
     --------------------------------------------------------------------------------------------
     Applying projection operator formed by dvg                          
     --------------------------------------------------------------------------------------------
     --------------------------------------------------------------------------------------------
     p-DIAGOX done in 00.4s with a SCALAPACK grid (12x12)
     --------------------------------------------------------------------------------------------
        
       -0.16637  -0.15608  -0.15111  -0.14093  -0.13151  -0.12428  -0.12219  -0.11630  -0.11064
       -0.10696  -0.10519  -0.10454  -0.10186  -0.09917  -0.09762  -0.09206  -0.09067  -0.08867
       -0.08643  -0.08614  -0.08548  -0.07482  -0.07409  -0.07032  -0.06881  -0.06629  -0.06484
       -0.06348  -0.06028  -0.05769  -0.05565  -0.05392  -0.05380  -0.05354  -0.05312  -0.05042
       -0.04907  -0.04886  -0.04724  -0.04667  -0.04559  -0.04528  -0.04388  -0.04359  -0.04260
       -0.04226  -0.04184  -0.04001  -0.03980  -0.03960  -0.03911  -0.03840  -0.03823  -0.03798
       -0.03716  -0.03664  -0.03605  -0.03554  -0.03463  -0.03408  -0.03284  -0.03207  -0.03183
       -0.03174  -0.03107  -0.02966  -0.02958  -0.02900  -0.02882  -0.02867  -0.02806  -0.02790
       -0.02764  -0.02728  -0.02642  -0.02582  -0.02549  -0.02540  -0.02509  -0.02482  -0.02457
       -0.02449  -0.02297  -0.02293  -0.02273  -0.02267  -0.02257  -0.02190  -0.02181  -0.02166
       -0.02162  -0.02106  -0.02089  -0.02069  -0.02047  -0.02044  -0.01996  -0.01995  -0.01991
       -0.01975  -0.01965  -0.01960  -0.01951  -0.01913  -0.01906  -0.01880  -0.01875  -0.01854
       -0.01846  -0.01805  -0.01791  -0.01786  -0.01769  -0.01762  -0.01723  -0.01718  -0.01718
       -0.01698  -0.01666  -0.01625  -0.01607  -0.01592  -0.01585  -0.01559  -0.01555  -0.01552
       -0.01536  -0.01508  -0.01506  -0.01491  -0.01486  -0.01451  -0.01440  -0.01437  -0.01399
       -0.01397  -0.01391  -0.01383  -0.01376  -0.01375  -0.01369  -0.01366  -0.01351  -0.01326
       -0.01311  -0.01302  -0.01277  -0.01262  -0.01251  -0.01238  -0.01227  -0.01208  -0.01194
       -0.01193  -0.01182  -0.01181  -0.01179  -0.01178  -0.01167  -0.01163  -0.01157  -0.01147
       -0.01137  -0.01129  -0.01118  -0.01117  -0.01109  -0.01106  -0.01097  -0.01075  -0.01072
       -0.01070  -0.01068  -0.01064  -0.01062  -0.01054  -0.01036  -0.01033  -0.01026  -0.01022
       -0.01019  -0.01016  -0.01010  -0.01003  -0.00983  -0.00982  -0.00981  -0.00973  -0.00971
       -0.00963  -0.00959  -0.00955  -0.00938  -0.00937  -0.00922  -0.00919  -0.00914  -0.00905
       -0.00903  -0.00900  -0.00888  -0.00883  -0.00874  -0.00873  -0.00860  -0.00857  -0.00852
       -0.00846  -0.00844  -0.00835  -0.00834  -0.00832  -0.00829  -0.00826  -0.00820  -0.00819
       -0.00812  -0.00805  -0.00801  -0.00789  -0.00788  -0.00784  -0.00781  -0.00778  -0.00776
       -0.00774  -0.00765  -0.00758  -0.00751  -0.00750  -0.00742  -0.00740  -0.00738  -0.00728
       -0.00724  -0.00723  -0.00708  -0.00701  -0.00698  -0.00698  -0.00695  -0.00693  -0.00688
       -0.00686  -0.00686  -0.00683  -0.00680  -0.00675  -0.00671  -0.00669  -0.00667  -0.00664
       -0.00662  -0.00656  -0.00654  -0.00643  -0.00641  -0.00640  -0.00636  -0.00633  -0.00629
       -0.00626  -0.00625  -0.00619  -0.00617  -0.00615  -0.00613  -0.00610  -0.00609  -0.00607
       -0.00604  -0.00599  -0.00593  -0.00591  -0.00590  -0.00588  -0.00584  -0.00581  -0.00580
       -0.00574  -0.00573  -0.00568  -0.00567  -0.00564  -0.00562  -0.00559  -0.00557  -0.00552
       -0.00547  -0.00547  -0.00545  -0.00541  -0.00541  -0.00537  -0.00534  -0.00529  -0.00526
       -0.00523  -0.00519  -0.00519  -0.00516  -0.00515  -0.00513  -0.00509  -0.00507  -0.00506
       -0.00504  -0.00502  -0.00499  -0.00497  -0.00496  -0.00494  -0.00491  -0.00490  -0.00487
       -0.00485  -0.00481  -0.00480  -0.00478  -0.00477  -0.00474  -0.00472  -0.00471  -0.00469
       -0.00468  -0.00463  -0.00460  -0.00459  -0.00453  -0.00453  -0.00450  -0.00450  -0.00446
       -0.00444  -0.00440  -0.00439  -0.00438  -0.00435  -0.00431  -0.00429  -0.00428  -0.00425
       -0.00422  -0.00419  -0.00416  -0.00416  -0.00413  -0.00412  -0.00409  -0.00407  -0.00405
       -0.00404  -0.00401  -0.00399  -0.00397  -0.00396  -0.00393  -0.00391  -0.00389  -0.00387
       -0.00387  -0.00385  -0.00384  -0.00383  -0.00380  -0.00378  -0.00375  -0.00375  -0.00375
       -0.00372  -0.00370  -0.00369  -0.00368  -0.00366  -0.00364  -0.00361  -0.00360  -0.00360
       -0.00356  -0.00355  -0.00354  -0.00352  -0.00352  -0.00350  -0.00349  -0.00347  -0.00345
       -0.00344  -0.00342  -0.00340  -0.00338  -0.00337  -0.00336  -0.00334  -0.00333  -0.00332
       -0.00330  -0.00328  -0.00326  -0.00326
        
     --------------------------------------------------------------------------------------------
     Tot. elapsed time 01m-24.2s,  time spent in last iteration 27.2s
     --------------------------------------------------------------------------------------------

     [I/O] -------------------------------------------------------
     [I/O] RESTART written in < 00.1s             
     [I/O] In location   : ./h2co_20_400.wstat.restart
     [I/O] -------------------------------------------------------

                       *----------*              *----------*               *----------*
     #     Iteration = |        2 |   DFPT_dim = |      290 |   Diago_dim = |     1090 |
                       *----------*              *----------*               *----------*
       
     --------------------------------------------------------------------------------------------
     Applying projection operator formed by dvg                          
     --------------------------------------------------------------------------------------------
     per-process dynamical memory   202.1 Mb
  
       
     --------------------------------------------------------------------------------------------
     Sternheimer eq. solver... with threshold =   1.000000E-12           
     --------------------------------------------------------------------------------------------
     in progress... |#                   | 005% :               00.7s (E)               14.7s (X)
     in progress... |##                  | 010% :               01.1s (E)               11.0s (X)
     in progress... |###                 | 015% :               01.8s (E)               12.2s (X)
     in progress... |####                | 020% :               02.2s (E)               11.0s (X)
     in progress... |#####               | 025% :               02.9s (E)               11.7s (X)
     in progress... |######              | 030% :               03.3s (E)               11.0s (X)
     in progress... |#######             | 035% :               04.0s (E)               11.5s (X)
     in progress... |########            | 040% :               04.4s (E)               11.0s (X)
     in progress... |#########           | 045% :               05.1s (E)               11.4s (X)
     in progress... |##########          | 050% :               05.5s (E)               11.0s (X)
     in progress... |###########         | 055% :               05.8s (E)               10.6s (X)
     in progress... |############        | 060% :               06.6s (E)               11.0s (X)
     in progress... |#############       | 065% :               06.9s (E)               10.7s (X)
     in progress... |##############      | 070% :               07.6s (E)               10.9s (X)
     in progress... |###############     | 075% :               08.0s (E)               10.7s (X)
     in progress... |################    | 080% :               08.7s (E)               10.9s (X)
     in progress... |#################   | 085% :               09.1s (E)               10.7s (X)
     in progress... |##################  | 090% :               09.8s (E)               10.9s (X)
     in progress... |################### | 095% :               10.2s (E)               10.7s (X)
     in progress... |####################| 100% :               10.6s (E)               10.6s (X)
       
     --------------------------------------------------------------------------------------------
     Applying projection operator formed by dvg                          
     --------------------------------------------------------------------------------------------
     --------------------------------------------------------------------------------------------
     p-DIAGOX done in 00.6s with a SCALAPACK grid (12x12)
     --------------------------------------------------------------------------------------------
        
       -0.16637  -0.15608  -0.15111  -0.14093  -0.13151  -0.12428  -0.12219  -0.11630  -0.11064
       -0.10696  -0.10519  -0.10454  -0.10186  -0.09917  -0.09762  -0.09206  -0.09067  -0.08867
       -0.08643  -0.08614  -0.08548  -0.07482  -0.07409  -0.07032  -0.06881  -0.06629  -0.06484
       -0.06348  -0.06028  -0.05769  -0.05565  -0.05392  -0.05380  -0.05354  -0.05312  -0.05042
       -0.04907  -0.04886  -0.04724  -0.04667  -0.04559  -0.04528  -0.04388  -0.04359  -0.04260
       -0.04226  -0.04184  -0.04001  -0.03980  -0.03960  -0.03911  -0.03840  -0.03823  -0.03798
       -0.03716  -0.03664  -0.03605  -0.03554  -0.03463  -0.03408  -0.03284  -0.03207  -0.03183
       -0.03174  -0.03107  -0.02966  -0.02958  -0.02900  -0.02882  -0.02867  -0.02806  -0.02790
       -0.02764  -0.02729  -0.02642  -0.02582  -0.02549  -0.02540  -0.02509  -0.02482  -0.02457
       -0.02449  -0.02298  -0.02293  -0.02273  -0.02267  -0.02257  -0.02190  -0.02181  -0.02166
       -0.02162  -0.02107  -0.02089  -0.02069  -0.02047  -0.02044  -0.01996  -0.01996  -0.01991
       -0.01975  -0.01965  -0.01960  -0.01952  -0.01913  -0.01907  -0.01880  -0.01875  -0.01854
       -0.01847  -0.01806  -0.01791  -0.01787  -0.01769  -0.01763  -0.01724  -0.01719  -0.01719
       -0.01699  -0.01667  -0.01626  -0.01608  -0.01592  -0.01585  -0.01560  -0.01555  -0.01553
       -0.01537  -0.01509  -0.01507  -0.01492  -0.01487  -0.01452  -0.01440  -0.01438  -0.01400
       -0.01398  -0.01392  -0.01385  -0.01378  -0.01376  -0.01371  -0.01367  -0.01353  -0.01328
       -0.01312  -0.01303  -0.01279  -0.01264  -0.01253  -0.01240  -0.01229  -0.01210  -0.01197
       -0.01195  -0.01184  -0.01183  -0.01181  -0.01180  -0.01169  -0.01165  -0.01160  -0.01149
       -0.01139  -0.01131  -0.01120  -0.01119  -0.01111  -0.01107  -0.01099  -0.01078  -0.01075
       -0.01073  -0.01070  -0.01067  -0.01065  -0.01057  -0.01039  -0.01036  -0.01029  -0.01025
       -0.01022  -0.01019  -0.01013  -0.01008  -0.00987  -0.00986  -0.00985  -0.00977  -0.00974
       -0.00967  -0.00963  -0.00960  -0.00942  -0.00941  -0.00926  -0.00923  -0.00919  -0.00911
       -0.00908  -0.00905  -0.00893  -0.00889  -0.00880  -0.00878  -0.00865  -0.00862  -0.00858
       -0.00851  -0.00850  -0.00840  -0.00839  -0.00838  -0.00835  -0.00832  -0.00825  -0.00824
       -0.00818  -0.00811  -0.00809  -0.00795  -0.00794  -0.00793  -0.00788  -0.00787  -0.00783
       -0.00782  -0.00771  -0.00768  -0.00757  -0.00755  -0.00751  -0.00748  -0.00747  -0.00736
       -0.00731  -0.00730  -0.00717  -0.00711  -0.00708  -0.00707  -0.00704  -0.00703  -0.00698
       -0.00697  -0.00696  -0.00694  -0.00691  -0.00687  -0.00680  -0.00678  -0.00676  -0.00676
       -0.00672  -0.00669  -0.00666  -0.00656  -0.00656  -0.00653  -0.00643  -0.00642  -0.00641
       -0.00639  -0.00638  -0.00632  -0.00630  -0.00629  -0.00627  -0.00625  -0.00624  -0.00620
       -0.00619  -0.00618  -0.00608  -0.00607  -0.00603  -0.00600  -0.00600  -0.00598  -0.00592
       -0.00592  -0.00589  -0.00585  -0.00584  -0.00581  -0.00579  -0.00575  -0.00573  -0.00573
       -0.00566  -0.00565  -0.00563  -0.00559  -0.00557  -0.00555  -0.00552  -0.00549  -0.00545
       -0.00544  -0.00539  -0.00538  -0.00537  -0.00533  -0.00529  -0.00525  -0.00524  -0.00523
       -0.00522  -0.00522  -0.00520  -0.00516  -0.00516  -0.00515  -0.00509  -0.00509  -0.00508
       -0.00507  -0.00501  -0.00499  -0.00498  -0.00497  -0.00496  -0.00493  -0.00491  -0.00490
       -0.00489  -0.00488  -0.00488  -0.00487  -0.00486  -0.00478  -0.00478  -0.00475  -0.00474
       -0.00473  -0.00473  -0.00467  -0.00466  -0.00461  -0.00459  -0.00457  -0.00452  -0.00451
       -0.00450  -0.00449  -0.00445  -0.00444  -0.00444  -0.00440  -0.00438  -0.00433  -0.00432
       -0.00432  -0.00431  -0.00429  -0.00426  -0.00424  -0.00423  -0.00420  -0.00420  -0.00419
       -0.00417  -0.00417  -0.00415  -0.00414  -0.00414  -0.00412  -0.00411  -0.00410  -0.00408
       -0.00402  -0.00401  -0.00400  -0.00400  -0.00399  -0.00397  -0.00395  -0.00393  -0.00392
       -0.00392  -0.00388  -0.00386  -0.00386  -0.00386  -0.00385  -0.00385  -0.00383  -0.00380
       -0.00379  -0.00378  -0.00376  -0.00375  -0.00373  -0.00372  -0.00371  -0.00370  -0.00370
       -0.00369  -0.00367  -0.00365  -0.00364
        
     --------------------------------------------------------------------------------------------
     Tot. elapsed time 02m-01.8s,  time spent in last iteration 24.0s
     --------------------------------------------------------------------------------------------

     [I/O] -------------------------------------------------------
     [I/O] RESTART written in < 00.1s             
     [I/O] In location   : ./h2co_20_400.wstat.restart
     [I/O] -------------------------------------------------------

                       *----------*              *----------*               *----------*
     #     Iteration = |        3 |   DFPT_dim = |       17 |   Diago_dim = |     1107 |
                       *----------*              *----------*               *----------*
       
     --------------------------------------------------------------------------------------------
     Applying projection operator formed by dvg                          
     --------------------------------------------------------------------------------------------
     per-process dynamical memory   197.0 Mb
  
       
     --------------------------------------------------------------------------------------------
     Sternheimer eq. solver... with threshold =   1.000000E-12           
     --------------------------------------------------------------------------------------------
     in progress... |##########          | 050% :               00.3s (E)               00.7s (X)
     in progress... |####################| 100% :               00.7s (E)               00.7s (X)
       
     --------------------------------------------------------------------------------------------
     Applying projection operator formed by dvg                          
     --------------------------------------------------------------------------------------------
     --------------------------------------------------------------------------------------------
     p-DIAGOX done in 00.6s with a SCALAPACK grid (12x12)
     --------------------------------------------------------------------------------------------
        
       -0.16637  -0.15608  -0.15111  -0.14093  -0.13151  -0.12428  -0.12219  -0.11630  -0.11064
       -0.10696  -0.10519  -0.10454  -0.10186  -0.09917  -0.09762  -0.09206  -0.09067  -0.08867
       -0.08643  -0.08614  -0.08548  -0.07482  -0.07409  -0.07032  -0.06881  -0.06629  -0.06484
       -0.06348  -0.06028  -0.05769  -0.05565  -0.05392  -0.05380  -0.05354  -0.05312  -0.05042
       -0.04907  -0.04886  -0.04724  -0.04667  -0.04559  -0.04528  -0.04388  -0.04359  -0.04260
       -0.04226  -0.04184  -0.04001  -0.03980  -0.03960  -0.03911  -0.03840  -0.03823  -0.03798
       -0.03716  -0.03664  -0.03605  -0.03554  -0.03463  -0.03408  -0.03284  -0.03207  -0.03183
       -0.03174  -0.03107  -0.02966  -0.02958  -0.02900  -0.02882  -0.02867  -0.02806  -0.02790
       -0.02764  -0.02729  -0.02642  -0.02582  -0.02549  -0.02540  -0.02509  -0.02482  -0.02457
       -0.02449  -0.02298  -0.02293  -0.02273  -0.02267  -0.02257  -0.02190  -0.02181  -0.02166
       -0.02162  -0.02107  -0.02089  -0.02069  -0.02047  -0.02044  -0.01996  -0.01996  -0.01991
       -0.01975  -0.01965  -0.01960  -0.01952  -0.01913  -0.01907  -0.01880  -0.01875  -0.01854
       -0.01847  -0.01806  -0.01791  -0.01787  -0.01769  -0.01763  -0.01724  -0.01719  -0.01719
       -0.01699  -0.01667  -0.01626  -0.01608  -0.01592  -0.01585  -0.01560  -0.01555  -0.01553
       -0.01537  -0.01509  -0.01507  -0.01492  -0.01487  -0.01452  -0.01440  -0.01438  -0.01400
       -0.01398  -0.01392  -0.01385  -0.01378  -0.01376  -0.01371  -0.01367  -0.01353  -0.01328
       -0.01312  -0.01303  -0.01279  -0.01264  -0.01253  -0.01240  -0.01229  -0.01210  -0.01197
       -0.01195  -0.01184  -0.01183  -0.01181  -0.01180  -0.01169  -0.01165  -0.01160  -0.01149
       -0.01139  -0.01131  -0.01120  -0.01119  -0.01111  -0.01107  -0.01099  -0.01078  -0.01075
       -0.01073  -0.01070  -0.01067  -0.01065  -0.01057  -0.01039  -0.01036  -0.01029  -0.01025
       -0.01022  -0.01019  -0.01013  -0.01008  -0.00987  -0.00986  -0.00985  -0.00978  -0.00974
       -0.00967  -0.00963  -0.00960  -0.00942  -0.00941  -0.00926  -0.00923  -0.00919  -0.00911
       -0.00908  -0.00905  -0.00893  -0.00889  -0.00880  -0.00878  -0.00865  -0.00862  -0.00858
       -0.00851  -0.00850  -0.00840  -0.00839  -0.00838  -0.00835  -0.00832  -0.00825  -0.00824
       -0.00818  -0.00811  -0.00809  -0.00795  -0.00794  -0.00793  -0.00788  -0.00787  -0.00783
       -0.00782  -0.00771  -0.00768  -0.00757  -0.00755  -0.00751  -0.00748  -0.00747  -0.00736
       -0.00731  -0.00730  -0.00717  -0.00711  -0.00708  -0.00707  -0.00704  -0.00703  -0.00698
       -0.00697  -0.00696  -0.00694  -0.00691  -0.00687  -0.00680  -0.00678  -0.00677  -0.00676
       -0.00672  -0.00669  -0.00666  -0.00656  -0.00656  -0.00653  -0.00643  -0.00642  -0.00641
       -0.00639  -0.00638  -0.00632  -0.00630  -0.00629  -0.00627  -0.00625  -0.00624  -0.00620
       -0.00619  -0.00618  -0.00608  -0.00607  -0.00603  -0.00600  -0.00600  -0.00598  -0.00592
       -0.00592  -0.00589  -0.00585  -0.00584  -0.00581  -0.00579  -0.00575  -0.00573  -0.00573
       -0.00566  -0.00565  -0.00563  -0.00559  -0.00557  -0.00555  -0.00552  -0.00549  -0.00545
       -0.00544  -0.00539  -0.00538  -0.00537  -0.00533  -0.00529  -0.00525  -0.00524  -0.00524
       -0.00523  -0.00522  -0.00521  -0.00517  -0.00516  -0.00515  -0.00509  -0.00509  -0.00508
       -0.00507  -0.00501  -0.00499  -0.00498  -0.00497  -0.00496  -0.00493  -0.00491  -0.00490
       -0.00489  -0.00488  -0.00488  -0.00488  -0.00486  -0.00479  -0.00478  -0.00475  -0.00474
       -0.00473  -0.00473  -0.00467  -0.00466  -0.00461  -0.00459  -0.00457  -0.00452  -0.00451
       -0.00450  -0.00449  -0.00445  -0.00444  -0.00444  -0.00440  -0.00438  -0.00433  -0.00433
       -0.00432  -0.00431  -0.00429  -0.00426  -0.00424  -0.00423  -0.00421  -0.00421  -0.00419
       -0.00418  -0.00417  -0.00415  -0.00415  -0.00414  -0.00412  -0.00411  -0.00410  -0.00408
       -0.00403  -0.00402  -0.00401  -0.00400  -0.00400  -0.00397  -0.00396  -0.00395  -0.00393
       -0.00393  -0.00389  -0.00388  -0.00388  -0.00387  -0.00387  -0.00386  -0.00385  -0.00381
       -0.00381  -0.00380  -0.00378  -0.00378  -0.00376  -0.00375  -0.00374  -0.00374  -0.00373
       -0.00372  -0.00371  -0.00369  -0.00367
        
     --------------------------------------------------------------------------------------------
     Tot. elapsed time 02m-23.0s,  time spent in last iteration 07.1s
     --------------------------------------------------------------------------------------------
       
     --------------------------------------------------------------------------------------------
     Convergence achieved !!! in        3 steps                          
     --------------------------------------------------------------------------------------------
      
     --------------------------------------------------------------------------------------------
     Database written in < 00.1s             
     In location : ./h2co_20_400.wstat.save
     --------------------------------------------------------------------------------------------
 
     WSTAT        :  2m59.31s CPU     5m 4.61s WALL

     wstat_readin :      6.17s CPU     39.36s WALL (       1 calls)
     fetch_nml    :      0.01s CPU      0.02s WALL (       1 calls)
     read_xml     :      1.37s CPU      1.75s WALL (       1 calls)
     init_vloc    :      0.16s CPU      0.16s WALL (       2 calls)
     fft          :      0.26s CPU      0.27s WALL (      11 calls)
     fft_scatter  :     15.18s CPU     15.20s WALL (    4365 calls)
     v_of_rho     :      0.29s CPU      0.31s WALL (       1 calls)
     v_xc         :      0.26s CPU      0.27s WALL (       1 calls)
     v_h          :      0.03s CPU      0.04s WALL (       1 calls)
     read_wave    :      4.78s CPU     37.57s WALL (       1 calls)
     davcio       :      0.00s CPU      0.79s WALL (       2 calls)
     init_us_1    :      0.18s CPU      0.19s WALL (       2 calls)
     do_setup     :      0.36s CPU      0.38s WALL (       1 calls)
     init_pw_ar   :      0.36s CPU      0.38s WALL (       1 calls)
     init_at_1    :      0.00s CPU      0.00s WALL (       1 calls)
     storesqvc    :      0.01s CPU      0.01s WALL (       1 calls)
     chidiago     :     52.51s CPU     79.03s WALL (       1 calls)
     randomize    :      0.95s CPU      0.98s WALL (       2 calls)
     paramgs      :     12.66s CPU     12.77s WALL (      13 calls)
     dfpt         :     91.72s CPU     92.28s WALL (      12 calls)
     init_us_2    :      0.05s CPU      0.05s WALL (      12 calls)
     fftw         :     40.69s CPU     40.86s WALL (    4354 calls)
     alphapc      :      0.29s CPU      0.28s WALL (     162 calls)
     wstat_restar :     26.22s CPU     90.55s WALL (      10 calls)
     linstern     :     44.41s CPU     44.64s WALL (     120 calls)
     stern        :     34.16s CPU     34.35s WALL (    3839 calls)
     h_psi_bgrp   :     27.51s CPU     27.64s WALL (     375 calls)
     h_psi        :     27.50s CPU     27.64s WALL (     375 calls)
     h_psi:pot    :     27.34s CPU     27.48s WALL (     375 calls)
     vloc_psi     :     25.45s CPU     25.57s WALL (     375 calls)
     h_psi:calbec :      1.14s CPU      1.06s WALL (     375 calls)
     calbec       :      1.14s CPU      1.06s WALL (     375 calls)
     add_vuspsi   :      0.74s CPU      0.85s WALL (     375 calls)
     alphapv      :      4.12s CPU      4.07s WALL (    3839 calls)
     build_hr     :      7.11s CPU      7.29s WALL (      10 calls)
     diagox       :      2.23s CPU      2.31s WALL (      10 calls)
     redistr_vr   :      0.28s CPU      0.29s WALL (       8 calls)
     update_vr    :     12.27s CPU     12.57s WALL (       8 calls)
     symm_hr      :      0.28s CPU      0.30s WALL (       8 calls)
     chidiago:las :      0.13s CPU      0.13s WALL (       2 calls)
     refresh_vr   :      4.58s CPU      4.64s WALL (       4 calls)
     pdep_db      :      0.79s CPU      2.03s WALL (       1 calls)
     kinchidiago  :    120.25s CPU    185.78s WALL (       1 calls)
     k_psi        :      0.97s CPU      0.95s WALL (    3464 calls)
     kinchidiago: :      0.00s CPU      0.00s WALL (       1 calls)
     pdep_db_for_ :     10.94s CPU     35.15s WALL (       1 calls)
 
     WSTAT        :  2m59.31s CPU     5m 4.61s WALL

 
   This run was terminated on:  12: 9:16  21May2018            

=------------------------------------------------------------------------------=
   JOB DONE.
=------------------------------------------------------------------------------=
