
     Program WSTAT v. 2.0.0 starts on 21May2018 at 12:39:42 

     This program is part of the open-source West suite
     for massively parallel calculations of excited states in materials; please cite
         "M. Govoni et al., J. Chem. Theory Comput. 11, 2680 (2015);
          URL http://www.west-code.org", 
     in publications or presentations arising from this work.

     Based on the Quantum ESPRESSO v. 6.1 svn rev. 13369
       
     --------------------------------------------------------------------------------------------
     **MPI** Parallelization Status                                      
     --------------------------------------------------------------------------------------------
                   160                  10             1             1            16
     --------------------------------------------------------------------------------------------
                     N         =         I      X      P      X      B      X      Z
                     ^                   ^             ^             ^             ^
                     |                   |             |             |             |
                   #rnk                  |             |             |             |
                                      #image           |             |             |
                                                     #pool           |             |
                                                                   #bgrp           |
                                                                                 #R&G
     --------------------------------------------------------------------------------------------
     **OPENMP** Parallelization Status
     #thr/rnk               =            1
     --------------------------------------------------------------------------------------------
     #prc = (rnk) * (thr) =          160
     --------------------------------------------------------------------------------------------
       
     --------------------------------------------------------------------------------------------
     I/O Summary : input_west                                            
     --------------------------------------------------------------------------------------------
     qe_prefix      = h2co
     west_prefix    = h2co
     outdir         = ./
     --------------------------------------------------------------------------------------------
       
     --------------------------------------------------------------------------------------------
     I/O Summary : wstat_control                                         
     --------------------------------------------------------------------------------------------
     wstat_calculation              =              S
     n_pdep_eigen                   =            500
     n_kin_pdep_eigen               =              0
     n_lindhard_eigen               =              0
     n_pdep_times                   =              4
     n_pdep_maxiter                 =            100
     n_dfpt_maxiter                 =            250
     n_pdep_read_from_file          =              0
     trev_pdep                      =   1.000000E-03
     trev_pdep_rel                  =   1.000000E-01
     tr2_dfpt                       =   1.000000E-12
     l_kinetic_only                 =              F
     l_minimize_exx_if_active       =              F
     l_use_ecutrho                  =              F
     l_pure_eigen                   =              F
     --------------------------------------------------------------------------------------------

     Reading data from directory:
     ./h2co.save

   Info: using nr1, nr2, nr3 values from input

   Info: using nr1, nr2, nr3 values from input

     IMPORTANT: XC functional enforced from input :
     Exchange-correlation      = PBE ( 1  4  3  4 0 0)
     Any further DFT definition will be discarded
     Please, verify this is what you really want

     Message from routine readpp:
     file ./h2co.save/O_ONCV_PBE-1.0.upf not found
     Message from routine readpp:
     file ./h2co.save/C_ONCV_PBE-1.0.upf not found
     Message from routine readpp:
     file ./h2co.save/H_ONCV_PBE-1.0.upf not found
 
     Parallelization info
     --------------------
     sticks:   dense  smooth     PW     G-vecs:    dense   smooth      PW
     Min        1520    1520    379               178660   178660   22323
     Max        1522    1522    384               178666   178666   22328
     Sum       24345   24345   6093              2858633  2858633  357213
 
       
     --------------------------------------------------------------------------------------------
     System Overview                                                     
     --------------------------------------------------------------------------------------------
     gamma_only           =              T
     ecutwfc [Ry]         =      85.000000
     omega [au^3]         =   2.700000E+04
     glob. #G             =         178607
     nbnd                 =            100
     nkstot               =              1
     nspin                =              1
     nelec                =      12.000000
     npol                 =              1
     lsda                 =              F
     noncolin             =              F
     lspinorb             =              F
     domag                =              F
     --------------------------------------------------------------------------------------------

     sFFT G-space:  1429317 G-vectors     R-space: ( 180, 180, 180)
     dFFT G-space:  1429317 G-vectors     R-space: ( 180, 180, 180)

     Cell [a.u.]          =      30.000000      0.000000      0.000000
                          =       0.000000     30.000000      0.000000
                          =       0.000000      0.000000     30.000000
      
     number of ks points=     1
                       cart. coord. in units 2pi/alat
        k(    1) = (   0.0000000   0.0000000   0.0000000), wk =   2.0000000

                       cryst. coord.
        k(    1) = (   0.0000000   0.0000000   0.0000000), wk =   2.0000000
 
     Spherical div        =   1.654268E-01
     Orthorombic div      =   1.628502E-01
       
     --------------------------------------------------------------------------------------------
     Parallelization for nvecx                                           
     --------------------------------------------------------------------------------------------
     nglob                =           2000
     nlevel               =             10
     Min nglob/nlevel     =            200
     Max nglob/nlevel     =            200
     --------------------------------------------------------------------------------------------

     [MEM] ----------------------------------------------------------
     [MEM] **Memory** analysis: QE
     [MEM] ----------------------------------------------------------
     [MEM] Allocated arrays           est. size (Mb)     dimensions
     [MEM] ----------------------------------------------------------
     [MEM] Kohn-Sham Wavefunctions      17.03 Mb     (  11164,  100)
     [MEM] NL pseudopotentials           3.41 Mb     (  11164,   20)
     [MEM] Each V/rho on FFT grid        5.93 Mb     ( 388800)
     [MEM] Each G-vector array           0.68 Mb     (  89333)
     [MEM] G-vector shells               0.05 Mb     (   6125)
     [MEM] ----------------------------------------------------------
     [MEM] TOT                          27.10 Mb
     [MEM] ----------------------------------------------------------
     [MEM] 
     [MEM] ----------------------------------------------------------
     [MEM] **Memory** analysis: WSTAT global
     [MEM] ----------------------------------------------------------
     [MEM] Allocated arrays           est. size (Mb)     dimensions
     [MEM] ----------------------------------------------------------
     [MEM] dvg                          34.07 Mb     (  11164,  200)
     [MEM] dng                          34.07 Mb     (  11164,  200)
     [MEM] hr_distr                      3.05 Mb     (   2000,  200)
     [MEM] vr_distr                      3.05 Mb     (   2000,  200)
     [MEM] ----------------------------------------------------------
     [MEM] TOT                          74.24 Mb
     [MEM] ----------------------------------------------------------
     [MEM] 
     [MEM] ----------------------------------------------------------
     [MEM] **Memory** analysis: WSTAT temporary
     [MEM] ----------------------------------------------------------
     [MEM] Allocated arrays           est. size (Mb)     dimensions
     [MEM] ----------------------------------------------------------
     [MEM] dvpsi                         1.02 Mb     (  11164,    6)
     [MEM] dpsi                          1.02 Mb     (  11164,    6)
     [MEM] ----------------------------------------------------------
     [MEM] Total estimate                2.04 Mb
     [MEM] ----------------------------------------------------------

                       *----------*              *----------*               *----------*
     #     Iteration = | starting |   DFPT_dim = |      500 |   Diago_dim = |      500 |  x 1/2
                       *----------*              *----------*               *----------*
     per-process dynamical memory   188.8 Mb
  
       
     --------------------------------------------------------------------------------------------
     Sternheimer eq. solver... with lite-solver                          
     --------------------------------------------------------------------------------------------
     in progress... |#                   | 005% :               00.6s (E)               12.8s (X)
     in progress... |##                  | 010% :               01.0s (E)               10.6s (X)
     in progress... |###                 | 015% :               01.7s (E)               11.3s (X)
     in progress... |####                | 020% :               02.1s (E)               10.6s (X)
     in progress... |#####               | 025% :               02.7s (E)               11.0s (X)
     in progress... |######              | 030% :               03.1s (E)               10.6s (X)
     in progress... |#######             | 035% :               03.8s (E)               10.9s (X)
     in progress... |########            | 040% :               04.2s (E)               10.6s (X)
     in progress... |#########           | 045% :               04.8s (E)               10.8s (X)
     in progress... |##########          | 050% :               05.2s (E)               10.5s (X)
     in progress... |###########         | 055% :               05.9s (E)               10.7s (X)
     in progress... |############        | 060% :               06.3s (E)               10.5s (X)
     in progress... |#############       | 065% :               06.9s (E)               10.7s (X)
     in progress... |##############      | 070% :               07.4s (E)               10.5s (X)
     in progress... |###############     | 075% :               08.0s (E)               10.7s (X)
     in progress... |################    | 080% :               08.4s (E)               10.5s (X)
     in progress... |#################   | 085% :               09.1s (E)               10.7s (X)
     in progress... |##################  | 090% :               09.5s (E)               10.5s (X)
     in progress... |################### | 095% :               10.1s (E)               10.6s (X)
     in progress... |####################| 100% :               10.5s (E)               10.5s (X)
     --------------------------------------------------------------------------------------------

     [I/O] -------------------------------------------------------
     [I/O] RESTART written in < 00.1s             
     [I/O] In location   : ./h2co_500.wstat.restart
     [I/O] -------------------------------------------------------

                       *----------*              *----------*               *----------*
     #     Iteration = | starting |   DFPT_dim = |      500 |   Diago_dim = |      500 |  x 2/2
                       *----------*              *----------*               *----------*
     per-process dynamical memory   197.2 Mb
  
       
     --------------------------------------------------------------------------------------------
     Sternheimer eq. solver... with threshold =   1.000000E-06           
     --------------------------------------------------------------------------------------------
     in progress... |#                   | 005% :               07.4s (E)           02m-29.7s (X)
     in progress... |##                  | 010% :               12.3s (E)           02m-03.7s (X)
     in progress... |###                 | 015% :               19.5s (E)           02m-10.6s (X)
     in progress... |####                | 020% :               24.3s (E)           02m-01.7s (X)
     in progress... |#####               | 025% :               31.3s (E)           02m-05.5s (X)
     in progress... |######              | 030% :               36.0s (E)           02m-00.1s (X)
     in progress... |#######             | 035% :               42.9s (E)           02m-02.6s (X)
     in progress... |########            | 040% :               47.5s (E)           01m-58.7s (X)
     in progress... |#########           | 045% :               54.2s (E)           02m-00.5s (X)
     in progress... |##########          | 050% :               58.7s (E)           01m-57.5s (X)
     in progress... |###########         | 055% :           01m-05.5s (E)           01m-59.1s (X)
     in progress... |############        | 060% :           01m-10.0s (E)           01m-56.6s (X)
     in progress... |#############       | 065% :           01m-16.7s (E)           01m-58.1s (X)
     in progress... |##############      | 070% :           01m-21.2s (E)           01m-56.0s (X)
     in progress... |###############     | 075% :           01m-27.9s (E)           01m-57.2s (X)
     in progress... |################    | 080% :           01m-32.4s (E)           01m-55.5s (X)
     in progress... |#################   | 085% :           01m-38.9s (E)           01m-56.4s (X)
     in progress... |##################  | 090% :           01m-43.3s (E)           01m-54.8s (X)
     in progress... |################### | 095% :           01m-49.8s (E)           01m-55.6s (X)
     in progress... |####################| 100% :           01m-54.2s (E)           01m-54.2s (X)
     --------------------------------------------------------------------------------------------
     p-DIAGOX done in 00.4s with a SCALAPACK grid (12x12)
     --------------------------------------------------------------------------------------------
        
       -3.51586  -1.43715  -1.13465  -0.87415  -0.82722  -0.73601  -0.69159  -0.65383  -0.59969
       -0.55905  -0.49708  -0.43234  -0.43223  -0.40642  -0.39331  -0.34921  -0.33299  -0.29545
       -0.27845  -0.27789  -0.26360  -0.24915  -0.22298  -0.20828  -0.19566  -0.19347  -0.19125
       -0.18635  -0.15951  -0.15814  -0.15653  -0.14988  -0.14844  -0.14272  -0.14117  -0.13759
       -0.13362  -0.13205  -0.12605  -0.12200  -0.12039  -0.10413  -0.10027  -0.09993  -0.09721
       -0.09102  -0.08935  -0.08678  -0.08069  -0.07608  -0.07512  -0.07209  -0.07195  -0.06951
       -0.06936  -0.06522  -0.06221  -0.06199  -0.06159  -0.06034  -0.05912  -0.05705  -0.05491
       -0.05409  -0.05232  -0.05198  -0.05092  -0.04953  -0.04926  -0.04880  -0.04797  -0.04791
       -0.04711  -0.04655  -0.04602  -0.04551  -0.04388  -0.04360  -0.04324  -0.04185  -0.04101
       -0.03952  -0.03906  -0.03839  -0.03708  -0.03672  -0.03624  -0.03575  -0.03486  -0.03448
       -0.03377  -0.03364  -0.03309  -0.03248  -0.03104  -0.03014  -0.02980  -0.02976  -0.02929
       -0.02909  -0.02897  -0.02834  -0.02681  -0.02611  -0.02588  -0.02571  -0.02566  -0.02548
       -0.02466  -0.02449  -0.02435  -0.02404  -0.02382  -0.02353  -0.02314  -0.02284  -0.02264
       -0.02260  -0.02245  -0.02230  -0.02186  -0.02185  -0.02173  -0.02142  -0.02136  -0.02130
       -0.02111  -0.02075  -0.02063  -0.02060  -0.02037  -0.02018  -0.02005  -0.01987  -0.01887
       -0.01884  -0.01875  -0.01857  -0.01844  -0.01780  -0.01760  -0.01744  -0.01736  -0.01729
       -0.01712  -0.01705  -0.01677  -0.01646  -0.01633  -0.01624  -0.01594  -0.01579  -0.01548
       -0.01533  -0.01523  -0.01504  -0.01486  -0.01478  -0.01469  -0.01456  -0.01443  -0.01429
       -0.01399  -0.01391  -0.01380  -0.01374  -0.01364  -0.01341  -0.01289  -0.01281  -0.01275
       -0.01264  -0.01242  -0.01235  -0.01227  -0.01218  -0.01216  -0.01207  -0.01197  -0.01184
       -0.01176  -0.01171  -0.01150  -0.01141  -0.01136  -0.01129  -0.01125  -0.01116  -0.01106
       -0.01091  -0.01079  -0.01077  -0.01067  -0.01060  -0.01053  -0.01052  -0.01049  -0.01035
       -0.01026  -0.01021  -0.01011  -0.01007  -0.00989  -0.00987  -0.00974  -0.00966  -0.00963
       -0.00958  -0.00947  -0.00935  -0.00929  -0.00922  -0.00901  -0.00901  -0.00887  -0.00882
       -0.00876  -0.00867  -0.00865  -0.00851  -0.00849  -0.00844  -0.00837  -0.00835  -0.00825
       -0.00818  -0.00811  -0.00803  -0.00798  -0.00794  -0.00790  -0.00784  -0.00777  -0.00770
       -0.00766  -0.00760  -0.00751  -0.00745  -0.00733  -0.00728  -0.00723  -0.00720  -0.00713
       -0.00708  -0.00700  -0.00694  -0.00693  -0.00686  -0.00681  -0.00674  -0.00673  -0.00668
       -0.00662  -0.00659  -0.00648  -0.00645  -0.00642  -0.00641  -0.00634  -0.00629  -0.00624
       -0.00618  -0.00610  -0.00610  -0.00603  -0.00602  -0.00598  -0.00595  -0.00585  -0.00581
       -0.00581  -0.00577  -0.00568  -0.00562  -0.00560  -0.00557  -0.00554  -0.00548  -0.00547
       -0.00541  -0.00540  -0.00535  -0.00532  -0.00530  -0.00521  -0.00518  -0.00514  -0.00512
       -0.00507  -0.00507  -0.00504  -0.00500  -0.00495  -0.00490  -0.00488  -0.00484  -0.00481
       -0.00480  -0.00477  -0.00477  -0.00472  -0.00469  -0.00464  -0.00461  -0.00456  -0.00455
       -0.00453  -0.00446  -0.00443  -0.00442  -0.00441  -0.00437  -0.00429  -0.00427  -0.00426
       -0.00420  -0.00417  -0.00416  -0.00414  -0.00413  -0.00410  -0.00407  -0.00403  -0.00400
       -0.00397  -0.00393  -0.00391  -0.00390  -0.00388  -0.00383  -0.00381  -0.00380  -0.00372
       -0.00369  -0.00366  -0.00364  -0.00359  -0.00359  -0.00358  -0.00357  -0.00353  -0.00350
       -0.00349  -0.00346  -0.00342  -0.00342  -0.00338  -0.00336  -0.00334  -0.00331  -0.00329
       -0.00327  -0.00326  -0.00323  -0.00322  -0.00319  -0.00315  -0.00313  -0.00311  -0.00310
       -0.00306  -0.00303  -0.00301  -0.00300  -0.00298  -0.00296  -0.00295  -0.00293  -0.00290
       -0.00286  -0.00285  -0.00284  -0.00283  -0.00279  -0.00278  -0.00277  -0.00274  -0.00273
       -0.00269  -0.00267  -0.00266  -0.00265  -0.00262  -0.00260  -0.00258  -0.00254  -0.00253
       -0.00251  -0.00249  -0.00248  -0.00247  -0.00244  -0.00241  -0.00240  -0.00238  -0.00237
       -0.00236  -0.00234  -0.00229  -0.00228  -0.00228  -0.00227  -0.00224  -0.00223  -0.00221
       -0.00220  -0.00218  -0.00214  -0.00213  -0.00212  -0.00211  -0.00209  -0.00208  -0.00206
       -0.00204  -0.00204  -0.00202  -0.00200  -0.00198  -0.00197  -0.00195  -0.00193  -0.00191
       -0.00189  -0.00188  -0.00187  -0.00185  -0.00184  -0.00183  -0.00181  -0.00180  -0.00180
       -0.00178  -0.00177  -0.00176  -0.00174  -0.00171  -0.00170  -0.00168  -0.00167  -0.00165
       -0.00163  -0.00163  -0.00161  -0.00160  -0.00158  -0.00157  -0.00155  -0.00153  -0.00151
       -0.00151  -0.00149  -0.00148  -0.00147  -0.00146  -0.00145  -0.00143  -0.00142  -0.00141
       -0.00139  -0.00137  -0.00136  -0.00135  -0.00135  -0.00133  -0.00132  -0.00130  -0.00129
       -0.00129  -0.00128  -0.00126  -0.00125  -0.00123  -0.00121  -0.00120  -0.00119  -0.00118
       -0.00116  -0.00115  -0.00113  -0.00113  -0.00111  -0.00110  -0.00109  -0.00109  -0.00107
       -0.00105  -0.00105  -0.00103  -0.00101  -0.00100  -0.00096  -0.00096  -0.00095  -0.00093
       -0.00091  -0.00090  -0.00088  -0.00085  -0.00082
        
     --------------------------------------------------------------------------------------------
     Tot. elapsed time 03m-58.7s,  time spent in last iteration 03m-58.7s
     --------------------------------------------------------------------------------------------

     [I/O] -------------------------------------------------------
     [I/O] RESTART written in < 00.1s             
     [I/O] In location   : ./h2co_500.wstat.restart
     [I/O] -------------------------------------------------------

                       *----------*              *----------*               *----------*
     #     Iteration = |        1 |   DFPT_dim = |      500 |   Diago_dim = |     1000 |
                       *----------*              *----------*               *----------*
     per-process dynamical memory   197.2 Mb
  
       
     --------------------------------------------------------------------------------------------
     Sternheimer eq. solver... with threshold =   1.000000E-12           
     --------------------------------------------------------------------------------------------
     in progress... |#                   | 005% :               10.7s (E)           03m-34.6s (X)
     in progress... |##                  | 010% :               17.7s (E)           02m-57.7s (X)
     in progress... |###                 | 015% :               28.2s (E)           03m-08.2s (X)
     in progress... |####                | 020% :               35.1s (E)           02m-55.9s (X)
     in progress... |#####               | 025% :               45.5s (E)           03m-02.0s (X)
     in progress... |######              | 030% :               52.5s (E)           02m-55.0s (X)
     in progress... |#######             | 035% :           01m-02.8s (E)           02m-59.5s (X)
     in progress... |########            | 040% :           01m-09.7s (E)           02m-54.3s (X)
     in progress... |#########           | 045% :           01m-20.0s (E)           02m-57.8s (X)
     in progress... |##########          | 050% :           01m-26.7s (E)           02m-53.5s (X)
     in progress... |###########         | 055% :           01m-36.9s (E)           02m-56.3s (X)
     in progress... |############        | 060% :           01m-43.8s (E)           02m-53.0s (X)
     in progress... |#############       | 065% :           01m-53.9s (E)           02m-55.3s (X)
     in progress... |##############      | 070% :           02m-00.7s (E)           02m-52.4s (X)
     in progress... |###############     | 075% :           02m-10.8s (E)           02m-54.4s (X)
     in progress... |################    | 080% :           02m-17.5s (E)           02m-51.9s (X)
     in progress... |#################   | 085% :           02m-27.6s (E)           02m-53.7s (X)
     in progress... |##################  | 090% :           02m-34.4s (E)           02m-51.6s (X)
     in progress... |################### | 095% :           02m-44.5s (E)           02m-53.2s (X)
     in progress... |####################| 100% :           02m-51.2s (E)           02m-51.2s (X)
     --------------------------------------------------------------------------------------------
     p-DIAGOX done in 00.6s with a SCALAPACK grid (12x12)
     --------------------------------------------------------------------------------------------
        
       -3.61383  -1.54010  -1.13486  -0.87428  -0.82735  -0.73605  -0.69725  -0.65571  -0.63279
       -0.55914  -0.49772  -0.43385  -0.43303  -0.40735  -0.39343  -0.35207  -0.33328  -0.29561
       -0.28685  -0.27913  -0.26370  -0.24951  -0.22344  -0.22313  -0.20218  -0.19599  -0.19147
       -0.18751  -0.15983  -0.15840  -0.15761  -0.15073  -0.14859  -0.14449  -0.14311  -0.14091
       -0.13794  -0.13384  -0.13147  -0.12217  -0.12054  -0.10471  -0.10247  -0.10073  -0.09994
       -0.09127  -0.08965  -0.08701  -0.08092  -0.07650  -0.07624  -0.07273  -0.07232  -0.06975
       -0.06963  -0.06549  -0.06357  -0.06215  -0.06185  -0.06066  -0.05987  -0.05727  -0.05528
       -0.05440  -0.05318  -0.05279  -0.05130  -0.04984  -0.04977  -0.04914  -0.04877  -0.04819
       -0.04747  -0.04693  -0.04638  -0.04592  -0.04527  -0.04397  -0.04379  -0.04324  -0.04142
       -0.04046  -0.03989  -0.03920  -0.03883  -0.03745  -0.03679  -0.03624  -0.03545  -0.03490
       -0.03490  -0.03453  -0.03340  -0.03308  -0.03151  -0.03099  -0.03057  -0.03022  -0.02999
       -0.02969  -0.02958  -0.02875  -0.02761  -0.02677  -0.02649  -0.02642  -0.02639  -0.02624
       -0.02544  -0.02523  -0.02507  -0.02496  -0.02470  -0.02467  -0.02380  -0.02375  -0.02346
       -0.02318  -0.02316  -0.02289  -0.02269  -0.02252  -0.02251  -0.02212  -0.02208  -0.02207
       -0.02204  -0.02168  -0.02159  -0.02149  -0.02115  -0.02093  -0.02092  -0.02061  -0.01992
       -0.01982  -0.01982  -0.01958  -0.01926  -0.01871  -0.01855  -0.01834  -0.01829  -0.01829
       -0.01828  -0.01817  -0.01760  -0.01744  -0.01732  -0.01727  -0.01714  -0.01701  -0.01668
       -0.01657  -0.01617  -0.01585  -0.01582  -0.01576  -0.01562  -0.01558  -0.01555  -0.01542
       -0.01541  -0.01504  -0.01477  -0.01465  -0.01448  -0.01436  -0.01431  -0.01406  -0.01390
       -0.01382  -0.01360  -0.01333  -0.01333  -0.01325  -0.01316  -0.01312  -0.01310  -0.01295
       -0.01291  -0.01287  -0.01286  -0.01253  -0.01248  -0.01246  -0.01239  -0.01218  -0.01205
       -0.01204  -0.01201  -0.01195  -0.01191  -0.01183  -0.01179  -0.01177  -0.01164  -0.01157
       -0.01149  -0.01147  -0.01142  -0.01139  -0.01133  -0.01128  -0.01117  -0.01112  -0.01093
       -0.01091  -0.01079  -0.01076  -0.01059  -0.01056  -0.01054  -0.01040  -0.01037  -0.01019
       -0.01016  -0.01013  -0.01012  -0.01005  -0.00989  -0.00983  -0.00980  -0.00965  -0.00951
       -0.00948  -0.00943  -0.00942  -0.00938  -0.00928  -0.00927  -0.00922  -0.00920  -0.00917
       -0.00911  -0.00910  -0.00899  -0.00892  -0.00882  -0.00873  -0.00872  -0.00864  -0.00861
       -0.00856  -0.00856  -0.00849  -0.00846  -0.00840  -0.00828  -0.00826  -0.00818  -0.00817
       -0.00815  -0.00805  -0.00796  -0.00793  -0.00791  -0.00775  -0.00774  -0.00770  -0.00769
       -0.00767  -0.00761  -0.00759  -0.00759  -0.00754  -0.00751  -0.00742  -0.00741  -0.00735
       -0.00732  -0.00731  -0.00727  -0.00726  -0.00724  -0.00716  -0.00709  -0.00701  -0.00695
       -0.00694  -0.00691  -0.00685  -0.00681  -0.00680  -0.00679  -0.00676  -0.00675  -0.00672
       -0.00670  -0.00668  -0.00666  -0.00659  -0.00656  -0.00656  -0.00655  -0.00648  -0.00640
       -0.00638  -0.00637  -0.00636  -0.00634  -0.00630  -0.00629  -0.00622  -0.00620  -0.00617
       -0.00615  -0.00612  -0.00611  -0.00609  -0.00604  -0.00598  -0.00595  -0.00594  -0.00588
       -0.00586  -0.00584  -0.00580  -0.00578  -0.00577  -0.00576  -0.00569  -0.00567  -0.00560
       -0.00558  -0.00557  -0.00556  -0.00555  -0.00553  -0.00551  -0.00550  -0.00549  -0.00547
       -0.00546  -0.00539  -0.00538  -0.00536  -0.00534  -0.00529  -0.00526  -0.00525  -0.00524
       -0.00521  -0.00519  -0.00518  -0.00518  -0.00515  -0.00515  -0.00513  -0.00506  -0.00504
       -0.00502  -0.00498  -0.00497  -0.00495  -0.00487  -0.00486  -0.00484  -0.00482  -0.00479
       -0.00478  -0.00474  -0.00471  -0.00470  -0.00467  -0.00465  -0.00462  -0.00459  -0.00458
       -0.00457  -0.00453  -0.00451  -0.00448  -0.00446  -0.00443  -0.00442  -0.00442  -0.00441
       -0.00438  -0.00437  -0.00434  -0.00432  -0.00431  -0.00430  -0.00428  -0.00427  -0.00424
       -0.00423  -0.00418  -0.00417  -0.00415  -0.00415  -0.00414  -0.00412  -0.00409  -0.00408
       -0.00405  -0.00403  -0.00401  -0.00400  -0.00399  -0.00398  -0.00397  -0.00396  -0.00396
       -0.00393  -0.00392  -0.00391  -0.00389  -0.00387  -0.00384  -0.00383  -0.00382  -0.00381
       -0.00380  -0.00378  -0.00376  -0.00375  -0.00374  -0.00372  -0.00369  -0.00369  -0.00368
       -0.00367  -0.00364  -0.00363  -0.00361  -0.00360  -0.00360  -0.00358  -0.00357  -0.00355
       -0.00354  -0.00353  -0.00352  -0.00351  -0.00350  -0.00349  -0.00349  -0.00345  -0.00345
       -0.00344  -0.00343  -0.00341  -0.00340  -0.00339  -0.00338  -0.00335  -0.00335  -0.00331
       -0.00330  -0.00328  -0.00327  -0.00325  -0.00325  -0.00324  -0.00323  -0.00322  -0.00320
       -0.00319  -0.00317  -0.00316  -0.00314  -0.00312  -0.00311  -0.00310  -0.00308  -0.00308
       -0.00306  -0.00305  -0.00303  -0.00303  -0.00302  -0.00300  -0.00299  -0.00298  -0.00296
       -0.00296  -0.00294  -0.00294  -0.00292  -0.00291  -0.00289  -0.00289  -0.00287  -0.00285
       -0.00284  -0.00283  -0.00282  -0.00281  -0.00279  -0.00278  -0.00277  -0.00276  -0.00274
       -0.00273  -0.00273  -0.00272  -0.00270  -0.00269
        
     --------------------------------------------------------------------------------------------
     Tot. elapsed time 09m-02.1s,  time spent in last iteration 03m-30.5s
     --------------------------------------------------------------------------------------------

     [I/O] -------------------------------------------------------
     [I/O] RESTART written in < 00.1s             
     [I/O] In location   : ./h2co_500.wstat.restart
     [I/O] -------------------------------------------------------

                       *----------*              *----------*               *----------*
     #     Iteration = |        2 |   DFPT_dim = |      374 |   Diago_dim = |     1374 |
                       *----------*              *----------*               *----------*
     per-process dynamical memory   197.2 Mb
  
       
     --------------------------------------------------------------------------------------------
     Sternheimer eq. solver... with threshold =   1.000000E-12           
     --------------------------------------------------------------------------------------------
     in progress... |#                   | 005% :               06.7s (E)           02m-15.1s (X)
     in progress... |##                  | 010% :               13.4s (E)           02m-14.8s (X)
     in progress... |###                 | 015% :               20.2s (E)           02m-14.8s (X)
     in progress... |####                | 020% :               26.9s (E)           02m-14.8s (X)
     in progress... |#####               | 025% :               33.7s (E)           02m-14.8s (X)
     in progress... |######              | 030% :               40.4s (E)           02m-14.9s (X)
     in progress... |#######             | 035% :               47.1s (E)           02m-14.6s (X)
     in progress... |########            | 040% :               53.8s (E)           02m-14.5s (X)
     in progress... |#########           | 045% :           01m-00.5s (E)           02m-14.4s (X)
     in progress... |##########          | 050% :           01m-03.8s (E)           02m-07.6s (X)
     in progress... |###########         | 055% :           01m-10.4s (E)           02m-08.1s (X)
     in progress... |############        | 060% :           01m-17.0s (E)           02m-08.4s (X)
     in progress... |#############       | 065% :           01m-23.7s (E)           02m-08.8s (X)
     in progress... |##############      | 070% :           01m-30.3s (E)           02m-09.0s (X)
     in progress... |###############     | 075% :           01m-36.9s (E)           02m-09.3s (X)
     in progress... |################    | 080% :           01m-43.6s (E)           02m-09.5s (X)
     in progress... |#################   | 085% :           01m-50.2s (E)           02m-09.7s (X)
     in progress... |##################  | 090% :           01m-56.9s (E)           02m-09.9s (X)
     in progress... |################### | 095% :           02m-03.5s (E)           02m-10.0s (X)
     in progress... |####################| 100% :           02m-06.8s (E)           02m-06.8s (X)
     --------------------------------------------------------------------------------------------
     p-DIAGOX done in 00.9s with a SCALAPACK grid (12x12)
     --------------------------------------------------------------------------------------------
        
       -3.61383  -1.54010  -1.13486  -0.87428  -0.82735  -0.73605  -0.69725  -0.65571  -0.63279
       -0.55914  -0.49772  -0.43385  -0.43303  -0.40735  -0.39343  -0.35207  -0.33328  -0.29561
       -0.28685  -0.27913  -0.26370  -0.24951  -0.22344  -0.22313  -0.20218  -0.19599  -0.19147
       -0.18751  -0.15983  -0.15840  -0.15761  -0.15073  -0.14859  -0.14449  -0.14311  -0.14091
       -0.13794  -0.13384  -0.13147  -0.12217  -0.12054  -0.10471  -0.10247  -0.10073  -0.09994
       -0.09127  -0.08965  -0.08701  -0.08092  -0.07650  -0.07624  -0.07273  -0.07232  -0.06975
       -0.06963  -0.06549  -0.06357  -0.06215  -0.06185  -0.06066  -0.05987  -0.05727  -0.05528
       -0.05440  -0.05318  -0.05279  -0.05130  -0.04984  -0.04977  -0.04914  -0.04877  -0.04819
       -0.04747  -0.04693  -0.04638  -0.04592  -0.04527  -0.04397  -0.04379  -0.04324  -0.04142
       -0.04046  -0.03989  -0.03920  -0.03883  -0.03745  -0.03679  -0.03624  -0.03545  -0.03490
       -0.03490  -0.03453  -0.03340  -0.03308  -0.03151  -0.03099  -0.03057  -0.03022  -0.02999
       -0.02969  -0.02958  -0.02875  -0.02761  -0.02677  -0.02649  -0.02642  -0.02639  -0.02624
       -0.02544  -0.02523  -0.02507  -0.02496  -0.02470  -0.02467  -0.02380  -0.02375  -0.02347
       -0.02318  -0.02316  -0.02289  -0.02269  -0.02252  -0.02251  -0.02212  -0.02208  -0.02207
       -0.02204  -0.02168  -0.02159  -0.02149  -0.02115  -0.02094  -0.02092  -0.02062  -0.01992
       -0.01982  -0.01982  -0.01958  -0.01926  -0.01871  -0.01855  -0.01834  -0.01830  -0.01829
       -0.01829  -0.01817  -0.01761  -0.01745  -0.01732  -0.01727  -0.01715  -0.01702  -0.01668
       -0.01658  -0.01618  -0.01585  -0.01582  -0.01577  -0.01563  -0.01559  -0.01555  -0.01542
       -0.01542  -0.01504  -0.01477  -0.01465  -0.01448  -0.01436  -0.01432  -0.01407  -0.01391
       -0.01383  -0.01360  -0.01334  -0.01333  -0.01325  -0.01317  -0.01313  -0.01310  -0.01296
       -0.01291  -0.01288  -0.01286  -0.01253  -0.01249  -0.01246  -0.01240  -0.01219  -0.01206
       -0.01205  -0.01202  -0.01196  -0.01191  -0.01184  -0.01179  -0.01178  -0.01165  -0.01157
       -0.01150  -0.01148  -0.01143  -0.01140  -0.01135  -0.01129  -0.01118  -0.01113  -0.01094
       -0.01092  -0.01080  -0.01077  -0.01060  -0.01057  -0.01055  -0.01041  -0.01038  -0.01021
       -0.01017  -0.01015  -0.01013  -0.01007  -0.00991  -0.00985  -0.00982  -0.00967  -0.00953
       -0.00950  -0.00945  -0.00945  -0.00940  -0.00931  -0.00929  -0.00923  -0.00922  -0.00919
       -0.00913  -0.00912  -0.00901  -0.00895  -0.00885  -0.00875  -0.00874  -0.00867  -0.00863
       -0.00858  -0.00858  -0.00852  -0.00848  -0.00843  -0.00830  -0.00828  -0.00821  -0.00820
       -0.00817  -0.00808  -0.00798  -0.00796  -0.00793  -0.00778  -0.00778  -0.00774  -0.00773
       -0.00771  -0.00765  -0.00764  -0.00764  -0.00756  -0.00754  -0.00745  -0.00744  -0.00739
       -0.00736  -0.00736  -0.00732  -0.00730  -0.00729  -0.00720  -0.00713  -0.00705  -0.00701
       -0.00699  -0.00696  -0.00689  -0.00686  -0.00683  -0.00683  -0.00681  -0.00680  -0.00677
       -0.00676  -0.00672  -0.00671  -0.00665  -0.00663  -0.00660  -0.00659  -0.00653  -0.00645
       -0.00643  -0.00643  -0.00642  -0.00641  -0.00639  -0.00638  -0.00627  -0.00626  -0.00623
       -0.00621  -0.00621  -0.00617  -0.00616  -0.00611  -0.00605  -0.00601  -0.00600  -0.00595
       -0.00592  -0.00592  -0.00587  -0.00586  -0.00585  -0.00585  -0.00574  -0.00572  -0.00567
       -0.00565  -0.00564  -0.00563  -0.00563  -0.00561  -0.00560  -0.00559  -0.00555  -0.00555
       -0.00553  -0.00546  -0.00546  -0.00545  -0.00544  -0.00536  -0.00534  -0.00534  -0.00533
       -0.00532  -0.00528  -0.00528  -0.00527  -0.00526  -0.00526  -0.00525  -0.00517  -0.00516
       -0.00515  -0.00508  -0.00507  -0.00507  -0.00499  -0.00499  -0.00498  -0.00493  -0.00490
       -0.00488  -0.00487  -0.00482  -0.00482  -0.00478  -0.00476  -0.00476  -0.00471  -0.00470
       -0.00467  -0.00467  -0.00461  -0.00461  -0.00459  -0.00458  -0.00455  -0.00455  -0.00455
       -0.00451  -0.00451  -0.00447  -0.00446  -0.00446  -0.00444  -0.00444  -0.00444  -0.00441
       -0.00439  -0.00437  -0.00432  -0.00430  -0.00430  -0.00429  -0.00428  -0.00427  -0.00424
       -0.00422  -0.00420  -0.00415  -0.00415  -0.00414  -0.00414  -0.00412  -0.00412  -0.00410
       -0.00410  -0.00407  -0.00404  -0.00404  -0.00403  -0.00402  -0.00401  -0.00400  -0.00398
       -0.00396  -0.00396  -0.00393  -0.00393  -0.00393  -0.00391  -0.00390  -0.00388  -0.00385
       -0.00383  -0.00383  -0.00382  -0.00381  -0.00379  -0.00378  -0.00378  -0.00377  -0.00373
       -0.00373  -0.00371  -0.00371  -0.00370  -0.00368  -0.00367  -0.00367  -0.00367  -0.00365
       -0.00364  -0.00362  -0.00362  -0.00362  -0.00360  -0.00359  -0.00359  -0.00357  -0.00357
       -0.00353  -0.00350  -0.00349  -0.00349  -0.00348  -0.00347  -0.00346  -0.00345  -0.00345
       -0.00344  -0.00341  -0.00339  -0.00339  -0.00337  -0.00336  -0.00335  -0.00331  -0.00330
       -0.00329  -0.00328  -0.00327  -0.00327  -0.00326  -0.00325  -0.00325  -0.00323  -0.00322
       -0.00322  -0.00320  -0.00319  -0.00319  -0.00316  -0.00315  -0.00314  -0.00313  -0.00313
       -0.00312  -0.00311  -0.00310  -0.00308  -0.00308  -0.00307  -0.00307  -0.00306  -0.00305
       -0.00305  -0.00304  -0.00302  -0.00301  -0.00300
        
     --------------------------------------------------------------------------------------------
     Tot. elapsed time 14m-47.4s,  time spent in last iteration 02m-43.4s
     --------------------------------------------------------------------------------------------

     [I/O] -------------------------------------------------------
     [I/O] RESTART written in < 00.1s             
     [I/O] In location   : ./h2co_500.wstat.restart
     [I/O] -------------------------------------------------------

                       *----------*              *----------*               *----------*
     #     Iteration = |        3 |   DFPT_dim = |       11 |   Diago_dim = |     1385 |
                       *----------*              *----------*               *----------*
     per-process dynamical memory   197.2 Mb
  
       
     --------------------------------------------------------------------------------------------
     Sternheimer eq. solver... with threshold =   1.000000E-12           
     --------------------------------------------------------------------------------------------
     in progress... |####################| 100% :               03.2s (E)               03.2s (X)
     --------------------------------------------------------------------------------------------
     p-DIAGOX done in 00.9s with a SCALAPACK grid (12x12)
     --------------------------------------------------------------------------------------------
        
       -3.61383  -1.54010  -1.13486  -0.87428  -0.82735  -0.73605  -0.69725  -0.65571  -0.63279
       -0.55914  -0.49772  -0.43385  -0.43303  -0.40735  -0.39343  -0.35207  -0.33328  -0.29561
       -0.28685  -0.27913  -0.26370  -0.24951  -0.22344  -0.22313  -0.20218  -0.19599  -0.19147
       -0.18751  -0.15983  -0.15840  -0.15761  -0.15073  -0.14859  -0.14449  -0.14311  -0.14091
       -0.13794  -0.13384  -0.13147  -0.12217  -0.12054  -0.10471  -0.10247  -0.10073  -0.09994
       -0.09127  -0.08965  -0.08701  -0.08092  -0.07650  -0.07624  -0.07273  -0.07232  -0.06975
       -0.06963  -0.06549  -0.06357  -0.06215  -0.06185  -0.06066  -0.05987  -0.05727  -0.05528
       -0.05440  -0.05318  -0.05279  -0.05130  -0.04984  -0.04977  -0.04914  -0.04877  -0.04819
       -0.04747  -0.04693  -0.04638  -0.04592  -0.04527  -0.04397  -0.04379  -0.04324  -0.04142
       -0.04046  -0.03989  -0.03920  -0.03883  -0.03745  -0.03679  -0.03624  -0.03545  -0.03490
       -0.03490  -0.03453  -0.03340  -0.03308  -0.03151  -0.03099  -0.03057  -0.03022  -0.02999
       -0.02969  -0.02958  -0.02875  -0.02761  -0.02677  -0.02649  -0.02642  -0.02639  -0.02624
       -0.02544  -0.02523  -0.02507  -0.02496  -0.02470  -0.02467  -0.02380  -0.02375  -0.02347
       -0.02318  -0.02316  -0.02289  -0.02269  -0.02252  -0.02251  -0.02212  -0.02208  -0.02207
       -0.02204  -0.02168  -0.02159  -0.02149  -0.02115  -0.02094  -0.02092  -0.02062  -0.01992
       -0.01982  -0.01982  -0.01958  -0.01926  -0.01871  -0.01855  -0.01834  -0.01830  -0.01829
       -0.01829  -0.01817  -0.01761  -0.01745  -0.01732  -0.01727  -0.01715  -0.01702  -0.01668
       -0.01658  -0.01618  -0.01585  -0.01582  -0.01577  -0.01563  -0.01559  -0.01555  -0.01542
       -0.01542  -0.01504  -0.01477  -0.01465  -0.01448  -0.01436  -0.01432  -0.01407  -0.01391
       -0.01383  -0.01360  -0.01334  -0.01333  -0.01325  -0.01317  -0.01313  -0.01310  -0.01296
       -0.01291  -0.01288  -0.01286  -0.01253  -0.01249  -0.01246  -0.01240  -0.01219  -0.01206
       -0.01205  -0.01202  -0.01196  -0.01191  -0.01184  -0.01179  -0.01178  -0.01165  -0.01157
       -0.01150  -0.01148  -0.01143  -0.01140  -0.01135  -0.01129  -0.01118  -0.01113  -0.01094
       -0.01092  -0.01080  -0.01077  -0.01060  -0.01057  -0.01055  -0.01041  -0.01038  -0.01021
       -0.01017  -0.01015  -0.01013  -0.01007  -0.00991  -0.00985  -0.00982  -0.00967  -0.00953
       -0.00950  -0.00945  -0.00945  -0.00940  -0.00931  -0.00929  -0.00923  -0.00922  -0.00919
       -0.00913  -0.00912  -0.00901  -0.00895  -0.00885  -0.00875  -0.00874  -0.00867  -0.00863
       -0.00858  -0.00858  -0.00852  -0.00848  -0.00843  -0.00830  -0.00828  -0.00821  -0.00820
       -0.00817  -0.00808  -0.00798  -0.00796  -0.00793  -0.00778  -0.00778  -0.00774  -0.00773
       -0.00771  -0.00765  -0.00764  -0.00764  -0.00756  -0.00754  -0.00745  -0.00744  -0.00739
       -0.00736  -0.00736  -0.00732  -0.00730  -0.00729  -0.00720  -0.00713  -0.00705  -0.00701
       -0.00699  -0.00696  -0.00689  -0.00686  -0.00683  -0.00683  -0.00681  -0.00680  -0.00677
       -0.00676  -0.00672  -0.00671  -0.00665  -0.00663  -0.00660  -0.00659  -0.00653  -0.00645
       -0.00643  -0.00643  -0.00642  -0.00641  -0.00639  -0.00638  -0.00627  -0.00626  -0.00623
       -0.00621  -0.00621  -0.00617  -0.00616  -0.00611  -0.00605  -0.00601  -0.00600  -0.00595
       -0.00592  -0.00592  -0.00587  -0.00586  -0.00585  -0.00585  -0.00574  -0.00572  -0.00567
       -0.00565  -0.00564  -0.00563  -0.00563  -0.00561  -0.00560  -0.00559  -0.00555  -0.00555
       -0.00553  -0.00546  -0.00546  -0.00545  -0.00544  -0.00536  -0.00534  -0.00534  -0.00533
       -0.00532  -0.00528  -0.00528  -0.00527  -0.00526  -0.00526  -0.00525  -0.00517  -0.00516
       -0.00515  -0.00508  -0.00508  -0.00507  -0.00500  -0.00499  -0.00498  -0.00493  -0.00490
       -0.00488  -0.00487  -0.00482  -0.00482  -0.00478  -0.00476  -0.00476  -0.00471  -0.00470
       -0.00467  -0.00467  -0.00461  -0.00461  -0.00459  -0.00458  -0.00455  -0.00455  -0.00455
       -0.00452  -0.00451  -0.00447  -0.00446  -0.00446  -0.00444  -0.00444  -0.00444  -0.00441
       -0.00439  -0.00437  -0.00432  -0.00430  -0.00430  -0.00429  -0.00428  -0.00427  -0.00424
       -0.00422  -0.00420  -0.00415  -0.00415  -0.00414  -0.00414  -0.00412  -0.00412  -0.00410
       -0.00410  -0.00407  -0.00404  -0.00404  -0.00403  -0.00402  -0.00401  -0.00400  -0.00398
       -0.00396  -0.00396  -0.00393  -0.00393  -0.00393  -0.00391  -0.00390  -0.00388  -0.00385
       -0.00383  -0.00383  -0.00382  -0.00381  -0.00379  -0.00378  -0.00378  -0.00377  -0.00373
       -0.00373  -0.00371  -0.00371  -0.00370  -0.00368  -0.00368  -0.00367  -0.00367  -0.00365
       -0.00364  -0.00362  -0.00362  -0.00362  -0.00360  -0.00359  -0.00359  -0.00357  -0.00357
       -0.00353  -0.00350  -0.00349  -0.00349  -0.00349  -0.00347  -0.00346  -0.00345  -0.00345
       -0.00344  -0.00341  -0.00340  -0.00339  -0.00337  -0.00336  -0.00335  -0.00331  -0.00330
       -0.00329  -0.00328  -0.00328  -0.00327  -0.00326  -0.00325  -0.00325  -0.00323  -0.00322
       -0.00322  -0.00320  -0.00319  -0.00319  -0.00316  -0.00315  -0.00315  -0.00314  -0.00314
       -0.00313  -0.00312  -0.00311  -0.00309  -0.00309  -0.00309  -0.00308  -0.00307  -0.00306
       -0.00306  -0.00306  -0.00304  -0.00303  -0.00303
        
     --------------------------------------------------------------------------------------------
     Tot. elapsed time 19m-12.0s,  time spent in last iteration 14.6s
     --------------------------------------------------------------------------------------------
      
     --------------------------------------------------------------------------------------------
     Database written in 44.6s               
     In location : ./h2co_500.wstat.save
     --------------------------------------------------------------------------------------------
       
     --------------------------------------------------------------------------------------------
     Convergence achieved !!! in        3 steps                          
     --------------------------------------------------------------------------------------------
 
     WSTAT        : 12m29.90s CPU    20m51.03s WALL

     wstat_readin :      6.11s CPU     40.31s WALL (       1 calls)
     fetch_nml    :      0.00s CPU      0.00s WALL (       1 calls)
     read_xml     :      1.34s CPU      2.44s WALL (       1 calls)
     init_vloc    :      0.19s CPU      0.19s WALL (       2 calls)
     fft          :      0.27s CPU      1.09s WALL (      11 calls)
     fft_scatter  :     96.89s CPU     97.21s WALL (   29957 calls)
     v_of_rho     :      0.30s CPU      0.31s WALL (       1 calls)
     v_xc         :      0.26s CPU      0.27s WALL (       1 calls)
     v_h          :      0.03s CPU      0.04s WALL (       1 calls)
     read_wave    :      4.75s CPU     37.85s WALL (       1 calls)
     davcio       :      0.00s CPU      0.82s WALL (       2 calls)
     init_us_1    :      0.16s CPU      0.17s WALL (       2 calls)
     do_setup     :      0.37s CPU      0.39s WALL (       1 calls)
     init_pw_ar   :      0.37s CPU      0.38s WALL (       1 calls)
     init_at_1    :      0.00s CPU      0.00s WALL (       1 calls)
     storesqvc    :      0.00s CPU      0.00s WALL (       1 calls)
     chidiago     :    743.38s CPU   1210.27s WALL (       1 calls)
     randomize    :      1.13s CPU      1.14s WALL (       1 calls)
     paramgs      :     16.80s CPU     16.91s WALL (       5 calls)
     dfpt         :    484.17s CPU    486.69s WALL (       5 calls)
     init_us_2    :      0.02s CPU      0.02s WALL (       5 calls)
     fftw         :    274.29s CPU    275.41s WALL (   29946 calls)
     alphapc      :      0.33s CPU      0.32s WALL (     189 calls)
     wstat_restar :    190.70s CPU    614.57s WALL (       4 calls)
     linstern     :    384.54s CPU    386.35s WALL (     139 calls)
     stern        :    368.93s CPU    370.61s WALL (    4889 calls)
     h_psi_bgrp   :    360.72s CPU    362.45s WALL (    4889 calls)
     h_psi        :    360.69s CPU    362.43s WALL (    4889 calls)
     h_psi:pot    :    358.85s CPU    360.48s WALL (    4889 calls)
     vloc_psi     :    334.58s CPU    336.02s WALL (    4889 calls)
     h_psi:calbec :     14.83s CPU     13.51s WALL (    4889 calls)
     calbec       :     14.81s CPU     13.49s WALL (    4889 calls)
     add_vuspsi   :      9.40s CPU     10.91s WALL (    4889 calls)
     alphapv      :      5.41s CPU      5.39s WALL (    4889 calls)
     build_hr     :      9.64s CPU     10.58s WALL (       4 calls)
     diagox       :      2.97s CPU      3.02s WALL (       4 calls)
     redistr_vr   :      0.43s CPU      0.45s WALL (       3 calls)
     update_vr    :     15.93s CPU     17.47s WALL (       3 calls)
     symm_hr      :      0.45s CPU      0.46s WALL (       3 calls)
     chidiago:las :      0.00s CPU      0.00s WALL (       1 calls)
     refresh_vr   :      6.40s CPU      6.69s WALL (       1 calls)
     pdep_db      :     13.94s CPU     44.68s WALL (       1 calls)
 
     WSTAT        : 12m29.90s CPU    20m51.03s WALL

 
   This run was terminated on:  13: 0:33  21May2018            

=------------------------------------------------------------------------------=
   JOB DONE.
=------------------------------------------------------------------------------=
