
     Program WSTAT v. 2.0.0 starts on 30Apr2018 at 13:39:30 

     This program is part of the open-source West suite
     for massively parallel calculations of excited states in materials; please cite
         "M. Govoni et al., J. Chem. Theory Comput. 11, 2680 (2015);
          URL http://www.west-code.org", 
     in publications or presentations arising from this work.

     Based on the Quantum ESPRESSO v. 6.1 svn rev. 13369
       
     --------------------------------------------------------------------------------------------
     **MPI** Parallelization Status                                      
     --------------------------------------------------------------------------------------------
                   160                  10             1             1            16
     --------------------------------------------------------------------------------------------
                     N         =         I      X      P      X      B      X      Z
                     ^                   ^             ^             ^             ^
                     |                   |             |             |             |
                   #rnk                  |             |             |             |
                                      #image           |             |             |
                                                     #pool           |             |
                                                                   #bgrp           |
                                                                                 #R&G
     --------------------------------------------------------------------------------------------
     **OPENMP** Parallelization Status
     #thr/rnk               =            1
     --------------------------------------------------------------------------------------------
     #prc = (rnk) * (thr) =          160
     --------------------------------------------------------------------------------------------
       
     --------------------------------------------------------------------------------------------
     I/O Summary : input_west                                            
     --------------------------------------------------------------------------------------------
     qe_prefix      = ch3oh
     west_prefix    = ch3oh
     outdir         = ./
     --------------------------------------------------------------------------------------------
       
     --------------------------------------------------------------------------------------------
     I/O Summary : wstat_control                                         
     --------------------------------------------------------------------------------------------
     wstat_calculation              =              S
     n_pdep_eigen                   =            420
     n_kin_pdep_eigen               =              0
     n_lindhard_eigen               =              0
     n_pdep_times                   =              4
     n_pdep_maxiter                 =            100
     n_dfpt_maxiter                 =            250
     n_pdep_read_from_file          =              0
     trev_pdep                      =   1.000000E-03
     trev_pdep_rel                  =   1.000000E-01
     tr2_dfpt                       =   1.000000E-12
     l_kinetic_only                 =              F
     l_minimize_exx_if_active       =              F
     l_use_ecutrho                  =              F
     l_pure_eigen                   =              F
     --------------------------------------------------------------------------------------------

     Reading data from directory:
     ./ch3oh.save

   Info: using nr1, nr2, nr3 values from input

   Info: using nr1, nr2, nr3 values from input

     IMPORTANT: XC functional enforced from input :
     Exchange-correlation      = PBE ( 1  4  3  4 0 0)
     Any further DFT definition will be discarded
     Please, verify this is what you really want

     Message from routine readpp:
     file ./ch3oh.save/C_ONCV_PBE-1.0.upf not found
     Message from routine readpp:
     file ./ch3oh.save/O_ONCV_PBE-1.0.upf not found
     Message from routine readpp:
     file ./ch3oh.save/H_ONCV_PBE-1.0.upf not found
 
     Parallelization info
     --------------------
     sticks:   dense  smooth     PW     G-vecs:    dense   smooth      PW
     Min        1520    1520    379               178660   178660   22323
     Max        1522    1522    384               178666   178666   22328
     Sum       24345   24345   6093              2858633  2858633  357213
 
       
     --------------------------------------------------------------------------------------------
     System Overview                                                     
     --------------------------------------------------------------------------------------------
     gamma_only           =              T
     ecutwfc [Ry]         =      85.000000
     omega [au^3]         =   2.700000E+04
     glob. #G             =         178607
     nbnd                 =            100
     nkstot               =              1
     nspin                =              1
     nelec                =      14.000000
     npol                 =              1
     lsda                 =              F
     noncolin             =              F
     lspinorb             =              F
     domag                =              F
     --------------------------------------------------------------------------------------------

     sFFT G-space:  1429317 G-vectors     R-space: ( 180, 180, 180)
     dFFT G-space:  1429317 G-vectors     R-space: ( 180, 180, 180)

     Cell [a.u.]          =      30.000000      0.000000      0.000000
                          =       0.000000     30.000000      0.000000
                          =       0.000000      0.000000     30.000000
      
     number of ks points=     1
                       cart. coord. in units 2pi/alat
        k(    1) = (   0.0000000   0.0000000   0.0000000), wk =   2.0000000

                       cryst. coord.
        k(    1) = (   0.0000000   0.0000000   0.0000000), wk =   2.0000000
 
     Spherical div        =   1.654268E-01
     Orthorombic div      =   1.628502E-01
       
     --------------------------------------------------------------------------------------------
     Parallelization for nvecx                                           
     --------------------------------------------------------------------------------------------
     nglob                =           1680
     nlevel               =             10
     Min nglob/nlevel     =            168
     Max nglob/nlevel     =            168
     --------------------------------------------------------------------------------------------

     [MEM] ----------------------------------------------------------
     [MEM] **Memory** analysis: QE
     [MEM] ----------------------------------------------------------
     [MEM] Allocated arrays           est. size (Mb)     dimensions
     [MEM] ----------------------------------------------------------
     [MEM] Kohn-Sham Wavefunctions      17.03 Mb     (  11164,  100)
     [MEM] NL pseudopotentials           4.09 Mb     (  11164,   24)
     [MEM] Each V/rho on FFT grid        5.93 Mb     ( 388800)
     [MEM] Each G-vector array           0.68 Mb     (  89333)
     [MEM] G-vector shells               0.05 Mb     (   6125)
     [MEM] ----------------------------------------------------------
     [MEM] TOT                          27.78 Mb
     [MEM] ----------------------------------------------------------
     [MEM] 
     [MEM] ----------------------------------------------------------
     [MEM] **Memory** analysis: WSTAT global
     [MEM] ----------------------------------------------------------
     [MEM] Allocated arrays           est. size (Mb)     dimensions
     [MEM] ----------------------------------------------------------
     [MEM] dvg                          28.62 Mb     (  11164,  168)
     [MEM] dng                          28.62 Mb     (  11164,  168)
     [MEM] hr_distr                      2.15 Mb     (   1680,  168)
     [MEM] vr_distr                      2.15 Mb     (   1680,  168)
     [MEM] ----------------------------------------------------------
     [MEM] TOT                          61.54 Mb
     [MEM] ----------------------------------------------------------
     [MEM] 
     [MEM] ----------------------------------------------------------
     [MEM] **Memory** analysis: WSTAT temporary
     [MEM] ----------------------------------------------------------
     [MEM] Allocated arrays           est. size (Mb)     dimensions
     [MEM] ----------------------------------------------------------
     [MEM] dvpsi                         1.19 Mb     (  11164,    7)
     [MEM] dpsi                          1.19 Mb     (  11164,    7)
     [MEM] ----------------------------------------------------------
     [MEM] Total estimate                2.38 Mb
     [MEM] ----------------------------------------------------------

                       *----------*              *----------*               *----------*
     #     Iteration = | starting |   DFPT_dim = |      420 |   Diago_dim = |      420 |  x 1/2
                       *----------*              *----------*               *----------*
     per-process dynamical memory   178.4 Mb
  
       
     --------------------------------------------------------------------------------------------
     Sternheimer eq. solver... with lite-solver                          
     --------------------------------------------------------------------------------------------
     in progress... |#                   | 005% :               00.7s (E)               15.3s (X)
     in progress... |##                  | 010% :               01.2s (E)               12.7s (X)
     in progress... |###                 | 015% :               01.7s (E)               11.9s (X)
     in progress... |####                | 020% :               02.2s (E)               11.4s (X)
     in progress... |#####               | 025% :               02.8s (E)               11.2s (X)
     in progress... |######              | 030% :               03.3s (E)               11.0s (X)
     in progress... |#######             | 035% :               03.8s (E)               10.8s (X)
     in progress... |########            | 040% :               04.3s (E)               10.7s (X)
     in progress... |#########           | 045% :               04.8s (E)               10.7s (X)
     in progress... |##########          | 050% :               05.3s (E)               10.6s (X)
     in progress... |###########         | 055% :               06.0s (E)               11.0s (X)
     in progress... |############        | 060% :               06.6s (E)               11.0s (X)
     in progress... |#############       | 065% :               07.1s (E)               10.9s (X)
     in progress... |##############      | 070% :               07.6s (E)               10.8s (X)
     in progress... |###############     | 075% :               08.1s (E)               10.8s (X)
     in progress... |################    | 080% :               08.6s (E)               10.7s (X)
     in progress... |#################   | 085% :               09.1s (E)               10.7s (X)
     in progress... |##################  | 090% :               09.6s (E)               10.7s (X)
     in progress... |################### | 095% :               10.1s (E)               10.6s (X)
     in progress... |####################| 100% :               10.6s (E)               10.6s (X)
     --------------------------------------------------------------------------------------------

     [I/O] -------------------------------------------------------
     [I/O] RESTART written in < 00.1s             
     [I/O] In location   : ./ch3oh_420.wstat.restart
     [I/O] -------------------------------------------------------

                       *----------*              *----------*               *----------*
     #     Iteration = | starting |   DFPT_dim = |      420 |   Diago_dim = |      420 |  x 2/2
                       *----------*              *----------*               *----------*
     per-process dynamical memory   180.7 Mb
  
       
     --------------------------------------------------------------------------------------------
     Sternheimer eq. solver... with threshold =   1.000000E-06           
     --------------------------------------------------------------------------------------------
     in progress... |#                   | 005% :               09.7s (E)           03m-14.5s (X)
     in progress... |##                  | 010% :               16.0s (E)           02m-40.3s (X)
     in progress... |###                 | 015% :               22.3s (E)           02m-28.8s (X)
     in progress... |####                | 020% :               28.5s (E)           02m-22.8s (X)
     in progress... |#####               | 025% :               34.7s (E)           02m-18.8s (X)
     in progress... |######              | 030% :               40.7s (E)           02m-15.9s (X)
     in progress... |#######             | 035% :               46.8s (E)           02m-13.8s (X)
     in progress... |########            | 040% :               52.9s (E)           02m-12.2s (X)
     in progress... |#########           | 045% :               58.8s (E)           02m-10.8s (X)
     in progress... |##########          | 050% :           01m-04.8s (E)           02m-09.7s (X)
     in progress... |###########         | 055% :           01m-13.8s (E)           02m-14.2s (X)
     in progress... |############        | 060% :           01m-19.8s (E)           02m-13.0s (X)
     in progress... |#############       | 065% :           01m-25.6s (E)           02m-11.7s (X)
     in progress... |##############      | 070% :           01m-31.5s (E)           02m-10.7s (X)
     in progress... |###############     | 075% :           01m-37.3s (E)           02m-09.8s (X)
     in progress... |################    | 080% :           01m-43.1s (E)           02m-08.9s (X)
     in progress... |#################   | 085% :           01m-48.9s (E)           02m-08.1s (X)
     in progress... |##################  | 090% :           01m-54.6s (E)           02m-07.4s (X)
     in progress... |################### | 095% :           02m-00.4s (E)           02m-06.7s (X)
     in progress... |####################| 100% :           02m-06.1s (E)           02m-06.1s (X)
     --------------------------------------------------------------------------------------------
     p-DIAGOX done in 00.3s with a SCALAPACK grid (12x12)
     --------------------------------------------------------------------------------------------
        
       -2.21737  -1.79063  -1.00236  -0.93771  -0.83995  -0.77607  -0.74000  -0.67150  -0.64351
       -0.61269  -0.56941  -0.46674  -0.44065  -0.41108  -0.40380  -0.40129  -0.36749  -0.34155
       -0.32525  -0.30760  -0.29437  -0.29330  -0.27922  -0.27484  -0.26784  -0.23173  -0.22808
       -0.22106  -0.21114  -0.20263  -0.19328  -0.18913  -0.18711  -0.18206  -0.16957  -0.16204
       -0.15354  -0.15103  -0.15011  -0.14966  -0.14639  -0.13489  -0.13227  -0.12851  -0.11783
       -0.11701  -0.11074  -0.10749  -0.10198  -0.10148  -0.10118  -0.09443  -0.08899  -0.08652
       -0.08642  -0.08555  -0.07873  -0.07745  -0.07646  -0.07386  -0.07201  -0.07141  -0.07085
       -0.06870  -0.06606  -0.06460  -0.06406  -0.06213  -0.06100  -0.05869  -0.05856  -0.05807
       -0.05782  -0.05668  -0.05650  -0.05526  -0.05352  -0.05297  -0.05249  -0.05196  -0.05146
       -0.04969  -0.04865  -0.04843  -0.04785  -0.04729  -0.04703  -0.04486  -0.04429  -0.04392
       -0.04249  -0.04218  -0.04155  -0.04070  -0.04020  -0.03807  -0.03778  -0.03690  -0.03666
       -0.03558  -0.03532  -0.03456  -0.03427  -0.03371  -0.03299  -0.03252  -0.03222  -0.03135
       -0.03126  -0.03080  -0.03059  -0.03021  -0.02955  -0.02942  -0.02920  -0.02908  -0.02810
       -0.02784  -0.02754  -0.02737  -0.02692  -0.02659  -0.02631  -0.02611  -0.02547  -0.02509
       -0.02490  -0.02466  -0.02417  -0.02408  -0.02403  -0.02372  -0.02366  -0.02347  -0.02334
       -0.02313  -0.02269  -0.02238  -0.02213  -0.02197  -0.02187  -0.02170  -0.02148  -0.02128
       -0.02108  -0.02106  -0.02061  -0.02052  -0.02019  -0.01990  -0.01978  -0.01962  -0.01924
       -0.01883  -0.01862  -0.01837  -0.01823  -0.01796  -0.01790  -0.01769  -0.01760  -0.01748
       -0.01710  -0.01701  -0.01684  -0.01656  -0.01634  -0.01626  -0.01600  -0.01584  -0.01567
       -0.01552  -0.01531  -0.01528  -0.01511  -0.01500  -0.01492  -0.01469  -0.01460  -0.01456
       -0.01425  -0.01423  -0.01414  -0.01390  -0.01386  -0.01367  -0.01361  -0.01347  -0.01329
       -0.01321  -0.01296  -0.01289  -0.01280  -0.01271  -0.01258  -0.01254  -0.01234  -0.01228
       -0.01217  -0.01214  -0.01199  -0.01182  -0.01178  -0.01165  -0.01150  -0.01134  -0.01131
       -0.01131  -0.01109  -0.01104  -0.01097  -0.01089  -0.01080  -0.01068  -0.01058  -0.01045
       -0.01032  -0.01023  -0.01021  -0.01012  -0.00999  -0.00990  -0.00982  -0.00976  -0.00973
       -0.00964  -0.00953  -0.00946  -0.00941  -0.00933  -0.00926  -0.00916  -0.00912  -0.00910
       -0.00901  -0.00897  -0.00887  -0.00875  -0.00866  -0.00861  -0.00857  -0.00842  -0.00835
       -0.00829  -0.00819  -0.00812  -0.00807  -0.00803  -0.00797  -0.00785  -0.00781  -0.00768
       -0.00766  -0.00758  -0.00757  -0.00750  -0.00740  -0.00734  -0.00729  -0.00716  -0.00709
       -0.00707  -0.00700  -0.00696  -0.00694  -0.00686  -0.00679  -0.00676  -0.00671  -0.00667
       -0.00663  -0.00652  -0.00650  -0.00646  -0.00642  -0.00636  -0.00627  -0.00626  -0.00617
       -0.00614  -0.00609  -0.00604  -0.00600  -0.00596  -0.00592  -0.00584  -0.00583  -0.00580
       -0.00573  -0.00571  -0.00563  -0.00559  -0.00556  -0.00549  -0.00543  -0.00539  -0.00535
       -0.00530  -0.00527  -0.00523  -0.00521  -0.00517  -0.00512  -0.00510  -0.00504  -0.00501
       -0.00494  -0.00490  -0.00487  -0.00481  -0.00479  -0.00475  -0.00474  -0.00468  -0.00464
       -0.00461  -0.00458  -0.00454  -0.00451  -0.00448  -0.00444  -0.00437  -0.00429  -0.00429
       -0.00427  -0.00423  -0.00420  -0.00416  -0.00415  -0.00411  -0.00407  -0.00404  -0.00398
       -0.00397  -0.00394  -0.00389  -0.00388  -0.00386  -0.00383  -0.00380  -0.00375  -0.00372
       -0.00370  -0.00365  -0.00357  -0.00355  -0.00354  -0.00351  -0.00351  -0.00347  -0.00344
       -0.00339  -0.00338  -0.00331  -0.00328  -0.00326  -0.00324  -0.00320  -0.00318  -0.00314
       -0.00312  -0.00309  -0.00305  -0.00303  -0.00301  -0.00300  -0.00298  -0.00293  -0.00288
       -0.00288  -0.00285  -0.00282  -0.00279  -0.00277  -0.00270  -0.00270  -0.00266  -0.00265
       -0.00263  -0.00261  -0.00258  -0.00256  -0.00255  -0.00253  -0.00249  -0.00247  -0.00241
       -0.00239  -0.00238  -0.00235  -0.00232  -0.00230  -0.00230  -0.00225  -0.00222  -0.00221
       -0.00219  -0.00215  -0.00212  -0.00209  -0.00207  -0.00204  -0.00203  -0.00198  -0.00196
       -0.00193  -0.00191  -0.00188  -0.00186  -0.00186  -0.00184  -0.00181  -0.00176  -0.00174
       -0.00172  -0.00169  -0.00164  -0.00162  -0.00159  -0.00149
        
     --------------------------------------------------------------------------------------------
     Tot. elapsed time 04m-13.2s,  time spent in last iteration 04m-13.2s
     --------------------------------------------------------------------------------------------

     [I/O] -------------------------------------------------------
     [I/O] RESTART written in < 00.1s             
     [I/O] In location   : ./ch3oh_420.wstat.restart
     [I/O] -------------------------------------------------------

                       *----------*              *----------*               *----------*
     #     Iteration = |        1 |   DFPT_dim = |      420 |   Diago_dim = |      840 |
                       *----------*              *----------*               *----------*
     per-process dynamical memory   174.6 Mb
  
       
     --------------------------------------------------------------------------------------------
     Sternheimer eq. solver... with threshold =   1.000000E-12           
     --------------------------------------------------------------------------------------------
     in progress... |#                   | 005% :               14.1s (E)           04m-43.6s (X)
     in progress... |##                  | 010% :               23.4s (E)           03m-54.0s (X)
     in progress... |###                 | 015% :               32.5s (E)           03m-37.2s (X)
     in progress... |####                | 020% :               41.7s (E)           03m-28.5s (X)
     in progress... |#####               | 025% :               50.8s (E)           03m-23.2s (X)
     in progress... |######              | 030% :               59.8s (E)           03m-19.6s (X)
     in progress... |#######             | 035% :           01m-08.9s (E)           03m-17.0s (X)
     in progress... |########            | 040% :           01m-18.0s (E)           03m-15.0s (X)
     in progress... |#########           | 045% :           01m-27.1s (E)           03m-13.6s (X)
     in progress... |##########          | 050% :           01m-36.1s (E)           03m-12.2s (X)
     in progress... |###########         | 055% :           01m-49.5s (E)           03m-19.2s (X)
     in progress... |############        | 060% :           01m-58.5s (E)           03m-17.5s (X)
     in progress... |#############       | 065% :           02m-07.4s (E)           03m-16.1s (X)
     in progress... |##############      | 070% :           02m-16.3s (E)           03m-14.8s (X)
     in progress... |###############     | 075% :           02m-25.3s (E)           03m-13.8s (X)
     in progress... |################    | 080% :           02m-34.3s (E)           03m-12.9s (X)
     in progress... |#################   | 085% :           02m-43.3s (E)           03m-12.1s (X)
     in progress... |##################  | 090% :           02m-52.2s (E)           03m-11.3s (X)
     in progress... |################### | 095% :           03m-01.2s (E)           03m-10.7s (X)
     in progress... |####################| 100% :           03m-10.2s (E)           03m-10.2s (X)
     --------------------------------------------------------------------------------------------
     p-DIAGOX done in 00.5s with a SCALAPACK grid (12x12)
     --------------------------------------------------------------------------------------------
        
       -2.41280  -1.86550  -1.00663  -0.93793  -0.84657  -0.78147  -0.74037  -0.67453  -0.64366
       -0.61546  -0.57019  -0.47479  -0.44098  -0.41220  -0.40422  -0.40398  -0.36817  -0.34221
       -0.32737  -0.30915  -0.29619  -0.29548  -0.28095  -0.27931  -0.27017  -0.23648  -0.22857
       -0.22702  -0.21733  -0.21031  -0.20364  -0.19372  -0.19000  -0.18714  -0.17044  -0.17010
       -0.15497  -0.15188  -0.15163  -0.15108  -0.14749  -0.14271  -0.13299  -0.13022  -0.12002
       -0.11759  -0.11152  -0.10778  -0.10296  -0.10279  -0.10218  -0.09575  -0.08986  -0.08785
       -0.08699  -0.08587  -0.08000  -0.07817  -0.07795  -0.07469  -0.07266  -0.07220  -0.07172
       -0.06935  -0.06698  -0.06511  -0.06488  -0.06322  -0.06216  -0.06001  -0.05940  -0.05886
       -0.05873  -0.05765  -0.05745  -0.05631  -0.05447  -0.05424  -0.05325  -0.05312  -0.05267
       -0.05137  -0.05085  -0.04970  -0.04925  -0.04814  -0.04806  -0.04660  -0.04574  -0.04514
       -0.04386  -0.04366  -0.04314  -0.04232  -0.04143  -0.04087  -0.03893  -0.03883  -0.03807
       -0.03775  -0.03697  -0.03656  -0.03533  -0.03456  -0.03425  -0.03375  -0.03361  -0.03318
       -0.03242  -0.03217  -0.03206  -0.03157  -0.03145  -0.03103  -0.03063  -0.03028  -0.03018
       -0.02932  -0.02914  -0.02910  -0.02853  -0.02838  -0.02804  -0.02801  -0.02741  -0.02671
       -0.02644  -0.02637  -0.02629  -0.02571  -0.02544  -0.02539  -0.02530  -0.02520  -0.02508
       -0.02495  -0.02448  -0.02431  -0.02417  -0.02373  -0.02361  -0.02358  -0.02348  -0.02323
       -0.02297  -0.02283  -0.02278  -0.02242  -0.02228  -0.02158  -0.02156  -0.02145  -0.02099
       -0.02074  -0.02053  -0.02053  -0.02040  -0.02003  -0.01993  -0.01981  -0.01964  -0.01945
       -0.01925  -0.01924  -0.01887  -0.01855  -0.01843  -0.01833  -0.01790  -0.01776  -0.01773
       -0.01751  -0.01747  -0.01730  -0.01710  -0.01709  -0.01701  -0.01689  -0.01671  -0.01668
       -0.01649  -0.01631  -0.01620  -0.01612  -0.01607  -0.01567  -0.01563  -0.01561  -0.01551
       -0.01536  -0.01523  -0.01499  -0.01492  -0.01487  -0.01478  -0.01464  -0.01459  -0.01454
       -0.01442  -0.01433  -0.01430  -0.01421  -0.01410  -0.01396  -0.01375  -0.01368  -0.01365
       -0.01348  -0.01344  -0.01340  -0.01333  -0.01332  -0.01314  -0.01311  -0.01299  -0.01296
       -0.01290  -0.01272  -0.01266  -0.01255  -0.01251  -0.01235  -0.01231  -0.01230  -0.01221
       -0.01212  -0.01201  -0.01197  -0.01190  -0.01185  -0.01183  -0.01174  -0.01165  -0.01163
       -0.01151  -0.01136  -0.01131  -0.01130  -0.01121  -0.01111  -0.01099  -0.01094  -0.01087
       -0.01074  -0.01069  -0.01059  -0.01056  -0.01052  -0.01048  -0.01045  -0.01037  -0.01035
       -0.01032  -0.01027  -0.01015  -0.01009  -0.01005  -0.01002  -0.00991  -0.00980  -0.00976
       -0.00965  -0.00962  -0.00959  -0.00958  -0.00949  -0.00946  -0.00942  -0.00931  -0.00925
       -0.00922  -0.00920  -0.00917  -0.00911  -0.00910  -0.00904  -0.00899  -0.00896  -0.00891
       -0.00881  -0.00878  -0.00877  -0.00873  -0.00871  -0.00867  -0.00865  -0.00860  -0.00851
       -0.00850  -0.00843  -0.00835  -0.00834  -0.00828  -0.00819  -0.00814  -0.00809  -0.00807
       -0.00803  -0.00801  -0.00795  -0.00793  -0.00790  -0.00785  -0.00783  -0.00778  -0.00772
       -0.00768  -0.00761  -0.00759  -0.00757  -0.00752  -0.00751  -0.00747  -0.00744  -0.00740
       -0.00737  -0.00734  -0.00730  -0.00726  -0.00719  -0.00714  -0.00714  -0.00712  -0.00710
       -0.00705  -0.00700  -0.00690  -0.00688  -0.00684  -0.00681  -0.00679  -0.00678  -0.00674
       -0.00671  -0.00669  -0.00668  -0.00662  -0.00662  -0.00657  -0.00655  -0.00653  -0.00649
       -0.00646  -0.00644  -0.00638  -0.00636  -0.00633  -0.00629  -0.00628  -0.00624  -0.00623
       -0.00620  -0.00617  -0.00614  -0.00610  -0.00609  -0.00604  -0.00601  -0.00597  -0.00595
       -0.00594  -0.00590  -0.00589  -0.00582  -0.00581  -0.00578  -0.00576  -0.00574  -0.00573
       -0.00570  -0.00567  -0.00565  -0.00561  -0.00559  -0.00558  -0.00555  -0.00552  -0.00551
       -0.00549  -0.00548  -0.00545  -0.00542  -0.00539  -0.00536  -0.00534  -0.00533  -0.00528
       -0.00526  -0.00524  -0.00523  -0.00520  -0.00519  -0.00512  -0.00510  -0.00509  -0.00507
       -0.00505  -0.00503  -0.00499  -0.00497  -0.00495  -0.00493  -0.00490  -0.00487  -0.00486
       -0.00483  -0.00482  -0.00480  -0.00479  -0.00477  -0.00474  -0.00471  -0.00469  -0.00467
       -0.00464  -0.00464  -0.00461  -0.00458  -0.00454  -0.00453
        
     --------------------------------------------------------------------------------------------
     Tot. elapsed time 09m-33.1s,  time spent in last iteration 03m-46.2s
     --------------------------------------------------------------------------------------------

     [I/O] -------------------------------------------------------
     [I/O] RESTART written in < 00.1s             
     [I/O] In location   : ./ch3oh_420.wstat.restart
     [I/O] -------------------------------------------------------

                       *----------*              *----------*               *----------*
     #     Iteration = |        2 |   DFPT_dim = |      383 |   Diago_dim = |     1223 |
                       *----------*              *----------*               *----------*
     per-process dynamical memory   174.6 Mb
  
       
     --------------------------------------------------------------------------------------------
     Sternheimer eq. solver... with threshold =   1.000000E-12           
     --------------------------------------------------------------------------------------------
     in progress... |#                   | 005% :               08.8s (E)           02m-57.7s (X)
     in progress... |##                  | 010% :               17.6s (E)           02m-56.9s (X)
     in progress... |###                 | 015% :               26.5s (E)           02m-57.1s (X)
     in progress... |####                | 020% :               35.4s (E)           02m-57.3s (X)
     in progress... |#####               | 025% :               44.2s (E)           02m-57.1s (X)
     in progress... |######              | 030% :               53.0s (E)           02m-56.8s (X)
     in progress... |#######             | 035% :           01m-01.9s (E)           02m-56.9s (X)
     in progress... |########            | 040% :           01m-10.7s (E)           02m-56.9s (X)
     in progress... |#########           | 045% :           01m-19.5s (E)           02m-56.8s (X)
     in progress... |##########          | 050% :           01m-28.2s (E)           02m-56.5s (X)
     in progress... |###########         | 055% :           01m-37.0s (E)           02m-56.4s (X)
     in progress... |############        | 060% :           01m-45.8s (E)           02m-56.4s (X)
     in progress... |#############       | 065% :           01m-54.6s (E)           02m-56.3s (X)
     in progress... |##############      | 070% :           02m-03.4s (E)           02m-56.3s (X)
     in progress... |###############     | 075% :           02m-12.1s (E)           02m-56.2s (X)
     in progress... |################    | 080% :           02m-20.9s (E)           02m-56.1s (X)
     in progress... |#################   | 085% :           02m-29.6s (E)           02m-56.0s (X)
     in progress... |##################  | 090% :           02m-38.3s (E)           02m-55.9s (X)
     in progress... |################### | 095% :           02m-47.0s (E)           02m-55.8s (X)
     in progress... |####################| 100% :           02m-51.4s (E)           02m-51.4s (X)
     --------------------------------------------------------------------------------------------
     p-DIAGOX done in 00.7s with a SCALAPACK grid (12x12)
     --------------------------------------------------------------------------------------------
        
       -2.41280  -1.86550  -1.00663  -0.93793  -0.84657  -0.78147  -0.74037  -0.67453  -0.64366
       -0.61546  -0.57019  -0.47479  -0.44098  -0.41220  -0.40422  -0.40398  -0.36817  -0.34221
       -0.32737  -0.30915  -0.29619  -0.29548  -0.28095  -0.27931  -0.27017  -0.23648  -0.22857
       -0.22702  -0.21733  -0.21031  -0.20364  -0.19372  -0.19000  -0.18714  -0.17044  -0.17010
       -0.15497  -0.15188  -0.15163  -0.15108  -0.14749  -0.14271  -0.13299  -0.13022  -0.12002
       -0.11759  -0.11152  -0.10778  -0.10296  -0.10279  -0.10218  -0.09575  -0.08986  -0.08785
       -0.08699  -0.08587  -0.08000  -0.07817  -0.07795  -0.07469  -0.07266  -0.07220  -0.07172
       -0.06935  -0.06698  -0.06511  -0.06488  -0.06322  -0.06217  -0.06001  -0.05940  -0.05886
       -0.05873  -0.05765  -0.05745  -0.05632  -0.05447  -0.05425  -0.05325  -0.05312  -0.05267
       -0.05137  -0.05085  -0.04970  -0.04925  -0.04814  -0.04806  -0.04660  -0.04574  -0.04514
       -0.04386  -0.04366  -0.04314  -0.04232  -0.04143  -0.04087  -0.03893  -0.03884  -0.03807
       -0.03775  -0.03698  -0.03656  -0.03534  -0.03456  -0.03426  -0.03375  -0.03361  -0.03318
       -0.03242  -0.03217  -0.03206  -0.03157  -0.03145  -0.03104  -0.03063  -0.03028  -0.03018
       -0.02933  -0.02914  -0.02910  -0.02854  -0.02838  -0.02805  -0.02801  -0.02742  -0.02672
       -0.02644  -0.02638  -0.02629  -0.02572  -0.02545  -0.02539  -0.02531  -0.02520  -0.02509
       -0.02496  -0.02449  -0.02432  -0.02418  -0.02374  -0.02362  -0.02359  -0.02349  -0.02324
       -0.02298  -0.02284  -0.02279  -0.02243  -0.02229  -0.02159  -0.02157  -0.02146  -0.02100
       -0.02076  -0.02055  -0.02054  -0.02042  -0.02004  -0.01994  -0.01983  -0.01966  -0.01947
       -0.01927  -0.01926  -0.01888  -0.01856  -0.01845  -0.01835  -0.01792  -0.01778  -0.01775
       -0.01753  -0.01749  -0.01732  -0.01712  -0.01712  -0.01703  -0.01693  -0.01674  -0.01671
       -0.01652  -0.01633  -0.01622  -0.01614  -0.01610  -0.01569  -0.01565  -0.01564  -0.01555
       -0.01539  -0.01527  -0.01503  -0.01495  -0.01490  -0.01481  -0.01468  -0.01463  -0.01458
       -0.01447  -0.01437  -0.01433  -0.01425  -0.01414  -0.01399  -0.01381  -0.01372  -0.01371
       -0.01353  -0.01349  -0.01346  -0.01337  -0.01337  -0.01318  -0.01316  -0.01305  -0.01303
       -0.01295  -0.01278  -0.01272  -0.01261  -0.01256  -0.01241  -0.01237  -0.01237  -0.01227
       -0.01219  -0.01206  -0.01205  -0.01197  -0.01190  -0.01190  -0.01183  -0.01173  -0.01172
       -0.01158  -0.01143  -0.01137  -0.01137  -0.01128  -0.01119  -0.01107  -0.01103  -0.01093
       -0.01086  -0.01081  -0.01068  -0.01066  -0.01064  -0.01059  -0.01056  -0.01048  -0.01047
       -0.01043  -0.01037  -0.01026  -0.01019  -0.01018  -0.01013  -0.01001  -0.00990  -0.00987
       -0.00981  -0.00972  -0.00971  -0.00968  -0.00960  -0.00960  -0.00955  -0.00943  -0.00937
       -0.00937  -0.00934  -0.00930  -0.00928  -0.00924  -0.00916  -0.00914  -0.00911  -0.00904
       -0.00898  -0.00895  -0.00892  -0.00889  -0.00888  -0.00887  -0.00880  -0.00877  -0.00867
       -0.00866  -0.00864  -0.00854  -0.00853  -0.00845  -0.00840  -0.00832  -0.00828  -0.00824
       -0.00824  -0.00818  -0.00816  -0.00814  -0.00812  -0.00805  -0.00801  -0.00801  -0.00792
       -0.00789  -0.00779  -0.00779  -0.00778  -0.00776  -0.00771  -0.00771  -0.00765  -0.00764
       -0.00763  -0.00758  -0.00754  -0.00747  -0.00745  -0.00738  -0.00738  -0.00736  -0.00736
       -0.00732  -0.00724  -0.00717  -0.00717  -0.00715  -0.00710  -0.00705  -0.00704  -0.00701
       -0.00700  -0.00697  -0.00691  -0.00691  -0.00689  -0.00688  -0.00687  -0.00681  -0.00679
       -0.00675  -0.00671  -0.00669  -0.00668  -0.00665  -0.00662  -0.00658  -0.00654  -0.00654
       -0.00650  -0.00648  -0.00647  -0.00641  -0.00638  -0.00637  -0.00634  -0.00628  -0.00628
       -0.00626  -0.00623  -0.00622  -0.00619  -0.00616  -0.00612  -0.00611  -0.00608  -0.00607
       -0.00605  -0.00603  -0.00600  -0.00598  -0.00597  -0.00596  -0.00593  -0.00592  -0.00589
       -0.00588  -0.00587  -0.00582  -0.00580  -0.00578  -0.00577  -0.00573  -0.00570  -0.00568
       -0.00567  -0.00564  -0.00562  -0.00559  -0.00559  -0.00556  -0.00555  -0.00551  -0.00549
       -0.00547  -0.00546  -0.00545  -0.00541  -0.00541  -0.00538  -0.00537  -0.00533  -0.00531
       -0.00530  -0.00529  -0.00525  -0.00525  -0.00523  -0.00521  -0.00521  -0.00520  -0.00516
       -0.00514  -0.00511  -0.00508  -0.00507  -0.00507  -0.00506
        
     --------------------------------------------------------------------------------------------
     Tot. elapsed time 16m-10.3s,  time spent in last iteration 03m-29.7s
     --------------------------------------------------------------------------------------------

     [I/O] -------------------------------------------------------
     [I/O] RESTART written in < 00.1s             
     [I/O] In location   : ./ch3oh_420.wstat.restart
     [I/O] -------------------------------------------------------

                       *----------*              *----------*               *----------*
     #     Iteration = |        3 |   DFPT_dim = |        9 |   Diago_dim = |     1232 |
                       *----------*              *----------*               *----------*
     per-process dynamical memory   174.6 Mb
  
       
     --------------------------------------------------------------------------------------------
     Sternheimer eq. solver... with threshold =   1.000000E-12           
     --------------------------------------------------------------------------------------------
     in progress... |####################| 100% :               04.3s (E)               04.3s (X)
     --------------------------------------------------------------------------------------------
     p-DIAGOX done in 00.7s with a SCALAPACK grid (12x12)
     --------------------------------------------------------------------------------------------
        
       -2.41280  -1.86550  -1.00663  -0.93793  -0.84657  -0.78147  -0.74037  -0.67453  -0.64366
       -0.61546  -0.57019  -0.47479  -0.44098  -0.41220  -0.40422  -0.40398  -0.36817  -0.34221
       -0.32737  -0.30915  -0.29619  -0.29548  -0.28095  -0.27931  -0.27017  -0.23648  -0.22857
       -0.22702  -0.21733  -0.21031  -0.20364  -0.19372  -0.19000  -0.18714  -0.17044  -0.17010
       -0.15497  -0.15188  -0.15163  -0.15108  -0.14749  -0.14271  -0.13299  -0.13022  -0.12002
       -0.11759  -0.11152  -0.10778  -0.10296  -0.10279  -0.10218  -0.09575  -0.08986  -0.08785
       -0.08699  -0.08587  -0.08000  -0.07817  -0.07795  -0.07469  -0.07266  -0.07220  -0.07172
       -0.06935  -0.06698  -0.06511  -0.06488  -0.06322  -0.06217  -0.06001  -0.05940  -0.05886
       -0.05873  -0.05765  -0.05745  -0.05632  -0.05447  -0.05425  -0.05325  -0.05312  -0.05267
       -0.05137  -0.05085  -0.04970  -0.04925  -0.04814  -0.04806  -0.04660  -0.04574  -0.04514
       -0.04386  -0.04366  -0.04314  -0.04232  -0.04143  -0.04087  -0.03893  -0.03884  -0.03807
       -0.03775  -0.03698  -0.03656  -0.03534  -0.03456  -0.03426  -0.03375  -0.03361  -0.03318
       -0.03242  -0.03217  -0.03206  -0.03157  -0.03145  -0.03104  -0.03063  -0.03028  -0.03018
       -0.02933  -0.02914  -0.02910  -0.02854  -0.02838  -0.02805  -0.02801  -0.02742  -0.02672
       -0.02644  -0.02638  -0.02629  -0.02572  -0.02545  -0.02539  -0.02531  -0.02520  -0.02509
       -0.02496  -0.02449  -0.02432  -0.02418  -0.02374  -0.02362  -0.02359  -0.02349  -0.02324
       -0.02298  -0.02284  -0.02279  -0.02243  -0.02229  -0.02159  -0.02157  -0.02146  -0.02100
       -0.02076  -0.02055  -0.02054  -0.02042  -0.02004  -0.01994  -0.01983  -0.01966  -0.01947
       -0.01927  -0.01926  -0.01888  -0.01856  -0.01845  -0.01835  -0.01792  -0.01778  -0.01775
       -0.01753  -0.01749  -0.01732  -0.01712  -0.01712  -0.01703  -0.01693  -0.01674  -0.01671
       -0.01652  -0.01633  -0.01622  -0.01614  -0.01610  -0.01569  -0.01565  -0.01564  -0.01555
       -0.01539  -0.01527  -0.01503  -0.01495  -0.01490  -0.01481  -0.01468  -0.01463  -0.01458
       -0.01447  -0.01437  -0.01433  -0.01425  -0.01414  -0.01399  -0.01381  -0.01372  -0.01371
       -0.01353  -0.01349  -0.01346  -0.01337  -0.01337  -0.01318  -0.01316  -0.01305  -0.01303
       -0.01295  -0.01278  -0.01272  -0.01261  -0.01256  -0.01241  -0.01237  -0.01237  -0.01227
       -0.01219  -0.01206  -0.01205  -0.01197  -0.01190  -0.01190  -0.01183  -0.01173  -0.01172
       -0.01158  -0.01143  -0.01137  -0.01137  -0.01128  -0.01119  -0.01107  -0.01103  -0.01093
       -0.01086  -0.01081  -0.01068  -0.01066  -0.01064  -0.01059  -0.01056  -0.01048  -0.01047
       -0.01043  -0.01037  -0.01026  -0.01019  -0.01018  -0.01013  -0.01001  -0.00990  -0.00987
       -0.00981  -0.00972  -0.00971  -0.00968  -0.00960  -0.00960  -0.00955  -0.00943  -0.00937
       -0.00937  -0.00934  -0.00930  -0.00928  -0.00924  -0.00916  -0.00914  -0.00911  -0.00904
       -0.00898  -0.00895  -0.00892  -0.00889  -0.00888  -0.00887  -0.00880  -0.00877  -0.00867
       -0.00866  -0.00864  -0.00854  -0.00853  -0.00845  -0.00840  -0.00832  -0.00828  -0.00825
       -0.00824  -0.00818  -0.00816  -0.00814  -0.00812  -0.00805  -0.00801  -0.00801  -0.00792
       -0.00789  -0.00779  -0.00779  -0.00778  -0.00776  -0.00771  -0.00771  -0.00765  -0.00764
       -0.00763  -0.00758  -0.00754  -0.00747  -0.00745  -0.00738  -0.00738  -0.00736  -0.00736
       -0.00732  -0.00724  -0.00717  -0.00717  -0.00715  -0.00710  -0.00705  -0.00705  -0.00701
       -0.00700  -0.00697  -0.00691  -0.00691  -0.00689  -0.00688  -0.00687  -0.00681  -0.00679
       -0.00675  -0.00671  -0.00669  -0.00668  -0.00665  -0.00662  -0.00658  -0.00654  -0.00654
       -0.00650  -0.00648  -0.00647  -0.00641  -0.00638  -0.00637  -0.00634  -0.00628  -0.00628
       -0.00626  -0.00623  -0.00622  -0.00619  -0.00616  -0.00612  -0.00611  -0.00608  -0.00608
       -0.00605  -0.00603  -0.00600  -0.00598  -0.00597  -0.00596  -0.00593  -0.00592  -0.00589
       -0.00588  -0.00587  -0.00582  -0.00581  -0.00578  -0.00577  -0.00573  -0.00570  -0.00568
       -0.00567  -0.00564  -0.00562  -0.00559  -0.00559  -0.00556  -0.00555  -0.00551  -0.00549
       -0.00547  -0.00546  -0.00545  -0.00541  -0.00541  -0.00538  -0.00537  -0.00533  -0.00531
       -0.00530  -0.00529  -0.00526  -0.00525  -0.00523  -0.00523  -0.00522  -0.00521  -0.00518
       -0.00516  -0.00514  -0.00510  -0.00509  -0.00509  -0.00508
        
     --------------------------------------------------------------------------------------------
     Tot. elapsed time 20m-52.8s,  time spent in last iteration 11.3s
     --------------------------------------------------------------------------------------------
      
     --------------------------------------------------------------------------------------------
     Database written in 46.6s               
     In location : ./ch3oh_420.wstat.save
     --------------------------------------------------------------------------------------------
       
     --------------------------------------------------------------------------------------------
     Convergence achieved !!! in        3 steps                          
     --------------------------------------------------------------------------------------------
 
     WSTAT        : 15m 8.79s CPU    22m32.17s WALL

     wstat_readin :      5.99s CPU     39.74s WALL (       1 calls)
     fetch_nml    :      0.00s CPU      0.00s WALL (       1 calls)
     read_xml     :      1.35s CPU      1.68s WALL (       1 calls)
     init_vloc    :      0.16s CPU      0.16s WALL (       2 calls)
     fft          :      0.25s CPU      0.29s WALL (      11 calls)
     fft_scatter  :    112.75s CPU    112.95s WALL (   35383 calls)
     v_of_rho     :      0.30s CPU      0.31s WALL (       1 calls)
     v_xc         :      0.26s CPU      0.28s WALL (       1 calls)
     v_h          :      0.03s CPU      0.04s WALL (       1 calls)
     read_wave    :      4.63s CPU     37.89s WALL (       1 calls)
     davcio       :      0.00s CPU      1.76s WALL (       2 calls)
     init_us_1    :      0.07s CPU      0.07s WALL (       2 calls)
     do_setup     :      0.27s CPU      0.28s WALL (       1 calls)
     init_pw_ar   :      0.25s CPU      0.26s WALL (       1 calls)
     init_at_1    :      0.00s CPU      0.00s WALL (       1 calls)
     storesqvc    :      0.00s CPU      0.00s WALL (       1 calls)
     chidiago     :    902.50s CPU   1312.11s WALL (       1 calls)
     randomize    :      0.95s CPU      0.96s WALL (       1 calls)
     paramgs      :     13.35s CPU     13.45s WALL (       5 calls)
     dfpt         :    565.86s CPU    568.31s WALL (       5 calls)
     init_us_2    :      0.02s CPU      0.02s WALL (       5 calls)
     fftw         :    322.28s CPU    323.71s WALL (   35372 calls)
     alphapc      :      0.35s CPU      0.35s WALL (     166 calls)
     wstat_restar :    272.72s CPU    645.02s WALL (       4 calls)
     linstern     :    459.00s CPU    460.84s WALL (     124 calls)
     stern        :    441.35s CPU    443.08s WALL (    4364 calls)
     h_psi_bgrp   :    431.85s CPU    433.64s WALL (    4364 calls)
     h_psi        :    431.83s CPU    433.63s WALL (    4364 calls)
     h_psi:pot    :    429.60s CPU    431.33s WALL (    4364 calls)
     vloc_psi     :    395.98s CPU    397.55s WALL (    4364 calls)
     h_psi:calbec :     18.30s CPU     17.37s WALL (    4364 calls)
     calbec       :     18.29s CPU     17.35s WALL (    4364 calls)
     add_vuspsi   :     15.28s CPU     16.38s WALL (    4364 calls)
     alphapv      :      5.93s CPU      5.93s WALL (    4364 calls)
     build_hr     :      7.74s CPU      7.94s WALL (       4 calls)
     diagox       :      2.30s CPU      2.33s WALL (       4 calls)
     redistr_vr   :      0.30s CPU      0.31s WALL (       3 calls)
     update_vr    :     13.20s CPU     13.60s WALL (       3 calls)
     symm_hr      :      0.31s CPU      0.32s WALL (       3 calls)
     chidiago:las :      0.00s CPU      0.00s WALL (       1 calls)
     refresh_vr   :      4.78s CPU      4.85s WALL (       1 calls)
     pdep_db      :     20.16s CPU     46.62s WALL (       1 calls)
 
     WSTAT        : 15m 8.79s CPU    22m32.18s WALL

 
   This run was terminated on:  14: 2: 3  30Apr2018            

=------------------------------------------------------------------------------=
   JOB DONE.
=------------------------------------------------------------------------------=
