
     Program WSTAT v. 2.0.0 starts on 30Apr2018 at 14: 2:14 

     This program is part of the open-source West suite
     for massively parallel calculations of excited states in materials; please cite
         "M. Govoni et al., J. Chem. Theory Comput. 11, 2680 (2015);
          URL http://www.west-code.org", 
     in publications or presentations arising from this work.

     Based on the Quantum ESPRESSO v. 6.1 svn rev. 13369
       
     --------------------------------------------------------------------------------------------
     **MPI** Parallelization Status                                      
     --------------------------------------------------------------------------------------------
                   160                  10             1             1            16
     --------------------------------------------------------------------------------------------
                     N         =         I      X      P      X      B      X      Z
                     ^                   ^             ^             ^             ^
                     |                   |             |             |             |
                   #rnk                  |             |             |             |
                                      #image           |             |             |
                                                     #pool           |             |
                                                                   #bgrp           |
                                                                                 #R&G
     --------------------------------------------------------------------------------------------
     **OPENMP** Parallelization Status
     #thr/rnk               =            1
     --------------------------------------------------------------------------------------------
     #prc = (rnk) * (thr) =          160
     --------------------------------------------------------------------------------------------
       
     --------------------------------------------------------------------------------------------
     I/O Summary : input_west                                            
     --------------------------------------------------------------------------------------------
     qe_prefix      = ch3oh
     west_prefix    = ch3oh
     outdir         = ./
     --------------------------------------------------------------------------------------------
       
     --------------------------------------------------------------------------------------------
     I/O Summary : wstat_control                                         
     --------------------------------------------------------------------------------------------
     wstat_calculation              =              S
     n_pdep_eigen                   =            500
     n_kin_pdep_eigen               =              0
     n_lindhard_eigen               =              0
     n_pdep_times                   =              4
     n_pdep_maxiter                 =            100
     n_dfpt_maxiter                 =            250
     n_pdep_read_from_file          =              0
     trev_pdep                      =   1.000000E-03
     trev_pdep_rel                  =   1.000000E-01
     tr2_dfpt                       =   1.000000E-12
     l_kinetic_only                 =              F
     l_minimize_exx_if_active       =              F
     l_use_ecutrho                  =              F
     l_pure_eigen                   =              F
     --------------------------------------------------------------------------------------------

     Reading data from directory:
     ./ch3oh.save

   Info: using nr1, nr2, nr3 values from input

   Info: using nr1, nr2, nr3 values from input

     IMPORTANT: XC functional enforced from input :
     Exchange-correlation      = PBE ( 1  4  3  4 0 0)
     Any further DFT definition will be discarded
     Please, verify this is what you really want

     Message from routine readpp:
     file ./ch3oh.save/C_ONCV_PBE-1.0.upf not found
     Message from routine readpp:
     file ./ch3oh.save/O_ONCV_PBE-1.0.upf not found
     Message from routine readpp:
     file ./ch3oh.save/H_ONCV_PBE-1.0.upf not found
 
     Parallelization info
     --------------------
     sticks:   dense  smooth     PW     G-vecs:    dense   smooth      PW
     Min        1520    1520    379               178660   178660   22323
     Max        1522    1522    384               178666   178666   22328
     Sum       24345   24345   6093              2858633  2858633  357213
 
       
     --------------------------------------------------------------------------------------------
     System Overview                                                     
     --------------------------------------------------------------------------------------------
     gamma_only           =              T
     ecutwfc [Ry]         =      85.000000
     omega [au^3]         =   2.700000E+04
     glob. #G             =         178607
     nbnd                 =            100
     nkstot               =              1
     nspin                =              1
     nelec                =      14.000000
     npol                 =              1
     lsda                 =              F
     noncolin             =              F
     lspinorb             =              F
     domag                =              F
     --------------------------------------------------------------------------------------------

     sFFT G-space:  1429317 G-vectors     R-space: ( 180, 180, 180)
     dFFT G-space:  1429317 G-vectors     R-space: ( 180, 180, 180)

     Cell [a.u.]          =      30.000000      0.000000      0.000000
                          =       0.000000     30.000000      0.000000
                          =       0.000000      0.000000     30.000000
      
     number of ks points=     1
                       cart. coord. in units 2pi/alat
        k(    1) = (   0.0000000   0.0000000   0.0000000), wk =   2.0000000

                       cryst. coord.
        k(    1) = (   0.0000000   0.0000000   0.0000000), wk =   2.0000000
 
     Spherical div        =   1.654268E-01
     Orthorombic div      =   1.628502E-01
       
     --------------------------------------------------------------------------------------------
     Parallelization for nvecx                                           
     --------------------------------------------------------------------------------------------
     nglob                =           2000
     nlevel               =             10
     Min nglob/nlevel     =            200
     Max nglob/nlevel     =            200
     --------------------------------------------------------------------------------------------

     [MEM] ----------------------------------------------------------
     [MEM] **Memory** analysis: QE
     [MEM] ----------------------------------------------------------
     [MEM] Allocated arrays           est. size (Mb)     dimensions
     [MEM] ----------------------------------------------------------
     [MEM] Kohn-Sham Wavefunctions      17.03 Mb     (  11164,  100)
     [MEM] NL pseudopotentials           4.09 Mb     (  11164,   24)
     [MEM] Each V/rho on FFT grid        5.93 Mb     ( 388800)
     [MEM] Each G-vector array           0.68 Mb     (  89333)
     [MEM] G-vector shells               0.05 Mb     (   6125)
     [MEM] ----------------------------------------------------------
     [MEM] TOT                          27.78 Mb
     [MEM] ----------------------------------------------------------
     [MEM] 
     [MEM] ----------------------------------------------------------
     [MEM] **Memory** analysis: WSTAT global
     [MEM] ----------------------------------------------------------
     [MEM] Allocated arrays           est. size (Mb)     dimensions
     [MEM] ----------------------------------------------------------
     [MEM] dvg                          34.07 Mb     (  11164,  200)
     [MEM] dng                          34.07 Mb     (  11164,  200)
     [MEM] hr_distr                      3.05 Mb     (   2000,  200)
     [MEM] vr_distr                      3.05 Mb     (   2000,  200)
     [MEM] ----------------------------------------------------------
     [MEM] TOT                          74.24 Mb
     [MEM] ----------------------------------------------------------
     [MEM] 
     [MEM] ----------------------------------------------------------
     [MEM] **Memory** analysis: WSTAT temporary
     [MEM] ----------------------------------------------------------
     [MEM] Allocated arrays           est. size (Mb)     dimensions
     [MEM] ----------------------------------------------------------
     [MEM] dvpsi                         1.19 Mb     (  11164,    7)
     [MEM] dpsi                          1.19 Mb     (  11164,    7)
     [MEM] ----------------------------------------------------------
     [MEM] Total estimate                2.38 Mb
     [MEM] ----------------------------------------------------------

                       *----------*              *----------*               *----------*
     #     Iteration = | starting |   DFPT_dim = |      500 |   Diago_dim = |      500 |  x 1/2
                       *----------*              *----------*               *----------*
     per-process dynamical memory   189.6 Mb
  
       
     --------------------------------------------------------------------------------------------
     Sternheimer eq. solver... with lite-solver                          
     --------------------------------------------------------------------------------------------
     in progress... |#                   | 005% :               00.7s (E)               15.3s (X)
     in progress... |##                  | 010% :               01.2s (E)               12.7s (X)
     in progress... |###                 | 015% :               02.0s (E)               13.5s (X)
     in progress... |####                | 020% :               02.5s (E)               12.7s (X)
     in progress... |#####               | 025% :               03.3s (E)               13.2s (X)
     in progress... |######              | 030% :               03.8s (E)               12.7s (X)
     in progress... |#######             | 035% :               04.5s (E)               13.0s (X)
     in progress... |########            | 040% :               05.0s (E)               12.7s (X)
     in progress... |#########           | 045% :               05.8s (E)               12.9s (X)
     in progress... |##########          | 050% :               06.3s (E)               12.7s (X)
     in progress... |###########         | 055% :               07.1s (E)               12.9s (X)
     in progress... |############        | 060% :               07.6s (E)               12.7s (X)
     in progress... |#############       | 065% :               08.3s (E)               12.8s (X)
     in progress... |##############      | 070% :               08.8s (E)               12.7s (X)
     in progress... |###############     | 075% :               09.6s (E)               12.8s (X)
     in progress... |################    | 080% :               10.1s (E)               12.7s (X)
     in progress... |#################   | 085% :               10.9s (E)               12.8s (X)
     in progress... |##################  | 090% :               11.4s (E)               12.6s (X)
     in progress... |################### | 095% :               12.1s (E)               12.8s (X)
     in progress... |####################| 100% :               12.7s (E)               12.7s (X)
     --------------------------------------------------------------------------------------------

     [I/O] -------------------------------------------------------
     [I/O] RESTART written in < 00.1s             
     [I/O] In location   : ./ch3oh_500.wstat.restart
     [I/O] -------------------------------------------------------

                       *----------*              *----------*               *----------*
     #     Iteration = | starting |   DFPT_dim = |      500 |   Diago_dim = |      500 |  x 2/2
                       *----------*              *----------*               *----------*
     per-process dynamical memory   191.8 Mb
  
       
     --------------------------------------------------------------------------------------------
     Sternheimer eq. solver... with threshold =   1.000000E-06           
     --------------------------------------------------------------------------------------------
     in progress... |#                   | 005% :               09.7s (E)           03m-14.5s (X)
     in progress... |##                  | 010% :               16.0s (E)           02m-40.3s (X)
     in progress... |###                 | 015% :               25.4s (E)           02m-49.7s (X)
     in progress... |####                | 020% :               31.6s (E)           02m-38.2s (X)
     in progress... |#####               | 025% :               40.7s (E)           02m-43.1s (X)
     in progress... |######              | 030% :               46.8s (E)           02m-36.1s (X)
     in progress... |#######             | 035% :               55.8s (E)           02m-39.6s (X)
     in progress... |########            | 040% :           01m-01.8s (E)           02m-34.6s (X)
     in progress... |#########           | 045% :           01m-10.8s (E)           02m-37.4s (X)
     in progress... |##########          | 050% :           01m-16.8s (E)           02m-33.7s (X)
     in progress... |###########         | 055% :           01m-25.6s (E)           02m-35.7s (X)
     in progress... |############        | 060% :           01m-31.5s (E)           02m-32.5s (X)
     in progress... |#############       | 065% :           01m-40.3s (E)           02m-34.3s (X)
     in progress... |##############      | 070% :           01m-46.0s (E)           02m-31.5s (X)
     in progress... |###############     | 075% :           01m-54.7s (E)           02m-32.9s (X)
     in progress... |################    | 080% :           02m-00.4s (E)           02m-30.5s (X)
     in progress... |#################   | 085% :           02m-09.1s (E)           02m-31.8s (X)
     in progress... |##################  | 090% :           02m-14.8s (E)           02m-29.8s (X)
     in progress... |################### | 095% :           02m-23.3s (E)           02m-30.8s (X)
     in progress... |####################| 100% :           02m-29.0s (E)           02m-29.0s (X)
     --------------------------------------------------------------------------------------------
     p-DIAGOX done in 00.4s with a SCALAPACK grid (12x12)
     --------------------------------------------------------------------------------------------
        
       -2.22567  -1.79613  -1.00272  -0.93776  -0.84032  -0.77659  -0.74011  -0.67176  -0.64356
       -0.61289  -0.56965  -0.46738  -0.44078  -0.41120  -0.40386  -0.40147  -0.36765  -0.34182
       -0.32607  -0.30806  -0.29497  -0.29384  -0.27925  -0.27512  -0.26839  -0.23195  -0.22823
       -0.22164  -0.21131  -0.20297  -0.19349  -0.18939  -0.18782  -0.18335  -0.16973  -0.16287
       -0.15383  -0.15136  -0.15069  -0.15026  -0.14671  -0.13583  -0.13254  -0.12892  -0.11822
       -0.11722  -0.11108  -0.10759  -0.10231  -0.10176  -0.10159  -0.09481  -0.08918  -0.08686
       -0.08668  -0.08568  -0.07907  -0.07772  -0.07709  -0.07420  -0.07226  -0.07158  -0.07152
       -0.06902  -0.06649  -0.06485  -0.06435  -0.06252  -0.06131  -0.05911  -0.05894  -0.05830
       -0.05816  -0.05693  -0.05687  -0.05574  -0.05386  -0.05348  -0.05279  -0.05246  -0.05179
       -0.05013  -0.04934  -0.04892  -0.04847  -0.04759  -0.04753  -0.04552  -0.04481  -0.04445
       -0.04304  -0.04263  -0.04225  -0.04130  -0.04072  -0.03871  -0.03835  -0.03734  -0.03718
       -0.03608  -0.03593  -0.03532  -0.03464  -0.03409  -0.03339  -0.03292  -0.03257  -0.03204
       -0.03166  -0.03126  -0.03098  -0.03078  -0.03045  -0.03004  -0.02957  -0.02952  -0.02895
       -0.02827  -0.02811  -0.02790  -0.02746  -0.02728  -0.02703  -0.02662  -0.02621  -0.02564
       -0.02549  -0.02533  -0.02491  -0.02470  -0.02458  -0.02451  -0.02420  -0.02398  -0.02389
       -0.02386  -0.02336  -0.02313  -0.02278  -0.02263  -0.02255  -0.02236  -0.02227  -0.02204
       -0.02171  -0.02166  -0.02153  -0.02127  -0.02076  -0.02067  -0.02033  -0.02029  -0.01973
       -0.01937  -0.01922  -0.01912  -0.01892  -0.01884  -0.01856  -0.01835  -0.01819  -0.01802
       -0.01786  -0.01760  -0.01748  -0.01740  -0.01728  -0.01686  -0.01677  -0.01658  -0.01636
       -0.01630  -0.01622  -0.01610  -0.01583  -0.01564  -0.01548  -0.01541  -0.01537  -0.01513
       -0.01501  -0.01495  -0.01481  -0.01462  -0.01447  -0.01429  -0.01423  -0.01415  -0.01391
       -0.01384  -0.01369  -0.01365  -0.01354  -0.01347  -0.01337  -0.01323  -0.01310  -0.01302
       -0.01295  -0.01282  -0.01271  -0.01265  -0.01246  -0.01240  -0.01215  -0.01212  -0.01205
       -0.01194  -0.01187  -0.01173  -0.01169  -0.01161  -0.01155  -0.01149  -0.01129  -0.01126
       -0.01114  -0.01112  -0.01100  -0.01097  -0.01080  -0.01069  -0.01058  -0.01057  -0.01049
       -0.01037  -0.01033  -0.01026  -0.01018  -0.01018  -0.01014  -0.01005  -0.00999  -0.00984
       -0.00978  -0.00973  -0.00966  -0.00959  -0.00945  -0.00941  -0.00928  -0.00918  -0.00911
       -0.00907  -0.00903  -0.00895  -0.00888  -0.00884  -0.00877  -0.00870  -0.00866  -0.00863
       -0.00847  -0.00843  -0.00840  -0.00836  -0.00825  -0.00813  -0.00809  -0.00808  -0.00800
       -0.00789  -0.00782  -0.00778  -0.00772  -0.00767  -0.00762  -0.00760  -0.00755  -0.00749
       -0.00736  -0.00734  -0.00727  -0.00725  -0.00719  -0.00714  -0.00712  -0.00707  -0.00703
       -0.00699  -0.00691  -0.00685  -0.00683  -0.00679  -0.00675  -0.00671  -0.00662  -0.00660
       -0.00655  -0.00651  -0.00649  -0.00640  -0.00637  -0.00631  -0.00629  -0.00620  -0.00618
       -0.00613  -0.00611  -0.00607  -0.00602  -0.00598  -0.00595  -0.00593  -0.00590  -0.00585
       -0.00580  -0.00571  -0.00568  -0.00566  -0.00563  -0.00562  -0.00558  -0.00554  -0.00549
       -0.00546  -0.00540  -0.00539  -0.00535  -0.00533  -0.00527  -0.00524  -0.00523  -0.00518
       -0.00516  -0.00510  -0.00505  -0.00504  -0.00498  -0.00496  -0.00491  -0.00490  -0.00485
       -0.00481  -0.00477  -0.00477  -0.00468  -0.00466  -0.00463  -0.00459  -0.00459  -0.00454
       -0.00452  -0.00450  -0.00447  -0.00443  -0.00441  -0.00437  -0.00436  -0.00433  -0.00428
       -0.00426  -0.00423  -0.00423  -0.00416  -0.00413  -0.00410  -0.00408  -0.00405  -0.00402
       -0.00400  -0.00399  -0.00396  -0.00393  -0.00390  -0.00389  -0.00385  -0.00383  -0.00381
       -0.00379  -0.00376  -0.00373  -0.00367  -0.00365  -0.00363  -0.00359  -0.00358  -0.00355
       -0.00353  -0.00350  -0.00348  -0.00345  -0.00343  -0.00341  -0.00338  -0.00337  -0.00334
       -0.00330  -0.00327  -0.00326  -0.00324  -0.00321  -0.00319  -0.00317  -0.00314  -0.00312
       -0.00311  -0.00308  -0.00308  -0.00306  -0.00305  -0.00302  -0.00299  -0.00297  -0.00295
       -0.00293  -0.00292  -0.00288  -0.00287  -0.00281  -0.00279  -0.00277  -0.00276  -0.00274
       -0.00274  -0.00268  -0.00266  -0.00264  -0.00262  -0.00260  -0.00259  -0.00257  -0.00256
       -0.00254  -0.00252  -0.00250  -0.00249  -0.00245  -0.00244  -0.00241  -0.00240  -0.00238
       -0.00235  -0.00234  -0.00232  -0.00230  -0.00227  -0.00224  -0.00222  -0.00220  -0.00218
       -0.00218  -0.00216  -0.00215  -0.00214  -0.00211  -0.00209  -0.00208  -0.00206  -0.00204
       -0.00203  -0.00200  -0.00199  -0.00197  -0.00196  -0.00195  -0.00193  -0.00190  -0.00189
       -0.00186  -0.00185  -0.00182  -0.00181  -0.00180  -0.00178  -0.00177  -0.00174  -0.00172
       -0.00171  -0.00170  -0.00169  -0.00166  -0.00166  -0.00162  -0.00160  -0.00159  -0.00159
       -0.00156  -0.00155  -0.00154  -0.00153  -0.00151  -0.00150  -0.00148  -0.00147  -0.00144
       -0.00142  -0.00140  -0.00138  -0.00137  -0.00135  -0.00132  -0.00130  -0.00126  -0.00125
       -0.00124  -0.00120  -0.00118  -0.00114  -0.00103
        
     --------------------------------------------------------------------------------------------
     Tot. elapsed time 04m-39.1s,  time spent in last iteration 04m-39.1s
     --------------------------------------------------------------------------------------------

     [I/O] -------------------------------------------------------
     [I/O] RESTART written in < 00.1s             
     [I/O] In location   : ./ch3oh_500.wstat.restart
     [I/O] -------------------------------------------------------

                       *----------*              *----------*               *----------*
     #     Iteration = |        1 |   DFPT_dim = |      500 |   Diago_dim = |     1000 |
                       *----------*              *----------*               *----------*
     per-process dynamical memory   191.8 Mb
  
       
     --------------------------------------------------------------------------------------------
     Sternheimer eq. solver... with threshold =   1.000000E-12           
     --------------------------------------------------------------------------------------------
     in progress... |#                   | 005% :               14.0s (E)           04m-40.6s (X)
     in progress... |##                  | 010% :               23.1s (E)           03m-51.6s (X)
     in progress... |###                 | 015% :               36.8s (E)           04m-05.4s (X)
     in progress... |####                | 020% :               45.9s (E)           03m-49.5s (X)
     in progress... |#####               | 025% :               59.4s (E)           03m-57.9s (X)
     in progress... |######              | 030% :           01m-08.5s (E)           03m-48.3s (X)
     in progress... |#######             | 035% :           01m-22.0s (E)           03m-54.4s (X)
     in progress... |########            | 040% :           01m-30.9s (E)           03m-47.4s (X)
     in progress... |#########           | 045% :           01m-44.4s (E)           03m-52.1s (X)
     in progress... |##########          | 050% :           01m-53.4s (E)           03m-46.8s (X)
     in progress... |###########         | 055% :           02m-06.8s (E)           03m-50.6s (X)
     in progress... |############        | 060% :           02m-15.7s (E)           03m-46.1s (X)
     in progress... |#############       | 065% :           02m-29.0s (E)           03m-49.3s (X)
     in progress... |##############      | 070% :           02m-37.8s (E)           03m-45.5s (X)
     in progress... |###############     | 075% :           02m-51.1s (E)           03m-48.2s (X)
     in progress... |################    | 080% :           03m-00.0s (E)           03m-45.0s (X)
     in progress... |#################   | 085% :           03m-13.2s (E)           03m-47.3s (X)
     in progress... |##################  | 090% :           03m-22.0s (E)           03m-44.5s (X)
     in progress... |################### | 095% :           03m-35.2s (E)           03m-46.5s (X)
     in progress... |####################| 100% :           03m-44.0s (E)           03m-44.0s (X)
     --------------------------------------------------------------------------------------------
     p-DIAGOX done in 00.6s with a SCALAPACK grid (12x12)
     --------------------------------------------------------------------------------------------
        
       -2.41280  -1.86550  -1.00663  -0.93793  -0.84657  -0.78147  -0.74037  -0.67453  -0.64366
       -0.61546  -0.57019  -0.47479  -0.44098  -0.41220  -0.40422  -0.40398  -0.36817  -0.34221
       -0.32737  -0.30915  -0.29619  -0.29548  -0.28095  -0.27931  -0.27017  -0.23648  -0.22857
       -0.22702  -0.21733  -0.21031  -0.20364  -0.19372  -0.19000  -0.18714  -0.17044  -0.17010
       -0.15497  -0.15188  -0.15163  -0.15108  -0.14749  -0.14271  -0.13299  -0.13022  -0.12002
       -0.11759  -0.11152  -0.10778  -0.10296  -0.10279  -0.10218  -0.09575  -0.08986  -0.08785
       -0.08699  -0.08587  -0.08000  -0.07817  -0.07795  -0.07469  -0.07266  -0.07220  -0.07172
       -0.06935  -0.06698  -0.06511  -0.06488  -0.06322  -0.06217  -0.06001  -0.05940  -0.05886
       -0.05873  -0.05765  -0.05745  -0.05632  -0.05447  -0.05425  -0.05325  -0.05312  -0.05267
       -0.05137  -0.05085  -0.04970  -0.04925  -0.04814  -0.04806  -0.04660  -0.04574  -0.04514
       -0.04386  -0.04366  -0.04314  -0.04232  -0.04143  -0.04087  -0.03893  -0.03884  -0.03807
       -0.03775  -0.03698  -0.03656  -0.03534  -0.03456  -0.03425  -0.03375  -0.03361  -0.03318
       -0.03242  -0.03217  -0.03206  -0.03157  -0.03145  -0.03104  -0.03063  -0.03028  -0.03018
       -0.02933  -0.02914  -0.02910  -0.02854  -0.02838  -0.02805  -0.02801  -0.02742  -0.02672
       -0.02644  -0.02638  -0.02629  -0.02572  -0.02545  -0.02539  -0.02531  -0.02520  -0.02509
       -0.02496  -0.02449  -0.02432  -0.02418  -0.02374  -0.02362  -0.02359  -0.02348  -0.02324
       -0.02298  -0.02283  -0.02279  -0.02243  -0.02229  -0.02159  -0.02157  -0.02145  -0.02100
       -0.02075  -0.02054  -0.02054  -0.02042  -0.02004  -0.01994  -0.01982  -0.01965  -0.01946
       -0.01926  -0.01925  -0.01887  -0.01856  -0.01844  -0.01835  -0.01791  -0.01778  -0.01774
       -0.01753  -0.01749  -0.01731  -0.01711  -0.01711  -0.01702  -0.01692  -0.01673  -0.01670
       -0.01651  -0.01632  -0.01621  -0.01613  -0.01610  -0.01568  -0.01564  -0.01563  -0.01554
       -0.01538  -0.01525  -0.01502  -0.01494  -0.01489  -0.01479  -0.01467  -0.01462  -0.01456
       -0.01446  -0.01436  -0.01432  -0.01423  -0.01413  -0.01397  -0.01379  -0.01371  -0.01369
       -0.01351  -0.01347  -0.01344  -0.01336  -0.01336  -0.01317  -0.01315  -0.01303  -0.01301
       -0.01293  -0.01276  -0.01270  -0.01258  -0.01255  -0.01239  -0.01235  -0.01234  -0.01225
       -0.01217  -0.01204  -0.01202  -0.01194  -0.01188  -0.01187  -0.01181  -0.01170  -0.01168
       -0.01156  -0.01141  -0.01135  -0.01135  -0.01125  -0.01117  -0.01104  -0.01100  -0.01090
       -0.01081  -0.01077  -0.01064  -0.01062  -0.01060  -0.01056  -0.01052  -0.01044  -0.01043
       -0.01039  -0.01033  -0.01021  -0.01015  -0.01014  -0.01009  -0.00997  -0.00986  -0.00984
       -0.00975  -0.00968  -0.00966  -0.00963  -0.00956  -0.00956  -0.00951  -0.00938  -0.00932
       -0.00932  -0.00928  -0.00925  -0.00921  -0.00919  -0.00911  -0.00909  -0.00905  -0.00900
       -0.00893  -0.00889  -0.00887  -0.00883  -0.00882  -0.00879  -0.00874  -0.00872  -0.00860
       -0.00860  -0.00857  -0.00848  -0.00846  -0.00839  -0.00831  -0.00825  -0.00820  -0.00818
       -0.00817  -0.00810  -0.00809  -0.00806  -0.00803  -0.00797  -0.00794  -0.00791  -0.00784
       -0.00780  -0.00773  -0.00771  -0.00769  -0.00767  -0.00762  -0.00760  -0.00756  -0.00753
       -0.00752  -0.00750  -0.00745  -0.00738  -0.00736  -0.00728  -0.00727  -0.00725  -0.00724
       -0.00724  -0.00716  -0.00707  -0.00707  -0.00703  -0.00700  -0.00695  -0.00693  -0.00690
       -0.00688  -0.00686  -0.00681  -0.00679  -0.00677  -0.00676  -0.00675  -0.00671  -0.00668
       -0.00660  -0.00659  -0.00656  -0.00653  -0.00652  -0.00651  -0.00646  -0.00643  -0.00640
       -0.00639  -0.00633  -0.00631  -0.00627  -0.00623  -0.00621  -0.00620  -0.00616  -0.00614
       -0.00612  -0.00610  -0.00607  -0.00604  -0.00599  -0.00597  -0.00595  -0.00593  -0.00591
       -0.00590  -0.00588  -0.00586  -0.00584  -0.00582  -0.00579  -0.00578  -0.00575  -0.00574
       -0.00572  -0.00569  -0.00566  -0.00564  -0.00561  -0.00559  -0.00554  -0.00552  -0.00552
       -0.00549  -0.00548  -0.00546  -0.00543  -0.00540  -0.00539  -0.00536  -0.00532  -0.00530
       -0.00529  -0.00527  -0.00523  -0.00522  -0.00521  -0.00519  -0.00516  -0.00513  -0.00511
       -0.00510  -0.00508  -0.00506  -0.00504  -0.00501  -0.00500  -0.00498  -0.00495  -0.00493
       -0.00492  -0.00489  -0.00488  -0.00487  -0.00486  -0.00483  -0.00478  -0.00478  -0.00476
       -0.00474  -0.00470  -0.00467  -0.00466  -0.00464  -0.00462  -0.00462  -0.00460  -0.00460
       -0.00458  -0.00456  -0.00456  -0.00452  -0.00451  -0.00450  -0.00448  -0.00445  -0.00444
       -0.00441  -0.00437  -0.00437  -0.00434  -0.00434  -0.00432  -0.00431  -0.00429  -0.00429
       -0.00428  -0.00424  -0.00424  -0.00421  -0.00419  -0.00419  -0.00415  -0.00414  -0.00410
       -0.00410  -0.00409  -0.00407  -0.00405  -0.00404  -0.00401  -0.00400  -0.00400  -0.00398
       -0.00396  -0.00394  -0.00393  -0.00392  -0.00391  -0.00389  -0.00387  -0.00386  -0.00384
       -0.00383  -0.00380  -0.00379  -0.00377  -0.00376  -0.00374  -0.00372  -0.00371  -0.00370
       -0.00369  -0.00367  -0.00366  -0.00365  -0.00363  -0.00362  -0.00361  -0.00360  -0.00359
       -0.00358  -0.00355  -0.00353  -0.00352  -0.00352
        
     --------------------------------------------------------------------------------------------
     Tot. elapsed time 10m-38.3s,  time spent in last iteration 04m-29.2s
     --------------------------------------------------------------------------------------------

     [I/O] -------------------------------------------------------
     [I/O] RESTART written in < 00.1s             
     [I/O] In location   : ./ch3oh_500.wstat.restart
     [I/O] -------------------------------------------------------

                       *----------*              *----------*               *----------*
     #     Iteration = |        2 |   DFPT_dim = |      426 |   Diago_dim = |     1426 |
                       *----------*              *----------*               *----------*
     per-process dynamical memory   193.1 Mb
  
       
     --------------------------------------------------------------------------------------------
     Sternheimer eq. solver... with threshold =   1.000000E-12           
     --------------------------------------------------------------------------------------------
     in progress... |#                   | 005% :               13.9s (E)           04m-39.0s (X)
     in progress... |##                  | 010% :               22.6s (E)           03m-46.8s (X)
     in progress... |###                 | 015% :               31.5s (E)           03m-30.0s (X)
     in progress... |####                | 020% :               40.3s (E)           03m-21.6s (X)
     in progress... |#####               | 025% :               49.2s (E)           03m-16.8s (X)
     in progress... |######              | 030% :               57.9s (E)           03m-13.2s (X)
     in progress... |#######             | 035% :           01m-10.9s (E)           03m-22.8s (X)
     in progress... |########            | 040% :           01m-19.7s (E)           03m-19.3s (X)
     in progress... |#########           | 045% :           01m-28.5s (E)           03m-16.7s (X)
     in progress... |##########          | 050% :           01m-37.2s (E)           03m-14.4s (X)
     in progress... |###########         | 055% :           01m-45.9s (E)           03m-12.5s (X)
     in progress... |############        | 060% :           01m-54.6s (E)           03m-11.0s (X)
     in progress... |#############       | 065% :           02m-03.3s (E)           03m-09.6s (X)
     in progress... |##############      | 070% :           02m-16.3s (E)           03m-14.7s (X)
     in progress... |###############     | 075% :           02m-25.0s (E)           03m-13.3s (X)
     in progress... |################    | 080% :           02m-33.7s (E)           03m-12.2s (X)
     in progress... |#################   | 085% :           02m-42.4s (E)           03m-11.1s (X)
     in progress... |##################  | 090% :           02m-51.0s (E)           03m-10.0s (X)
     in progress... |################### | 095% :           02m-59.7s (E)           03m-09.1s (X)
     in progress... |####################| 100% :           03m-08.2s (E)           03m-08.2s (X)
     --------------------------------------------------------------------------------------------
     p-DIAGOX done in 00.9s with a SCALAPACK grid (12x12)
     --------------------------------------------------------------------------------------------
        
       -2.41280  -1.86550  -1.00663  -0.93793  -0.84657  -0.78147  -0.74037  -0.67453  -0.64366
       -0.61546  -0.57019  -0.47479  -0.44098  -0.41220  -0.40422  -0.40398  -0.36817  -0.34221
       -0.32737  -0.30915  -0.29619  -0.29548  -0.28095  -0.27931  -0.27017  -0.23648  -0.22857
       -0.22702  -0.21733  -0.21031  -0.20364  -0.19372  -0.19000  -0.18714  -0.17044  -0.17010
       -0.15497  -0.15188  -0.15163  -0.15108  -0.14749  -0.14271  -0.13299  -0.13022  -0.12002
       -0.11759  -0.11152  -0.10778  -0.10296  -0.10279  -0.10218  -0.09575  -0.08986  -0.08785
       -0.08699  -0.08587  -0.08000  -0.07817  -0.07795  -0.07469  -0.07266  -0.07220  -0.07172
       -0.06935  -0.06698  -0.06511  -0.06488  -0.06322  -0.06217  -0.06001  -0.05940  -0.05886
       -0.05873  -0.05765  -0.05745  -0.05632  -0.05447  -0.05425  -0.05325  -0.05312  -0.05267
       -0.05137  -0.05085  -0.04970  -0.04925  -0.04814  -0.04806  -0.04660  -0.04574  -0.04514
       -0.04386  -0.04366  -0.04314  -0.04232  -0.04143  -0.04087  -0.03893  -0.03884  -0.03807
       -0.03775  -0.03698  -0.03656  -0.03534  -0.03456  -0.03426  -0.03375  -0.03361  -0.03318
       -0.03242  -0.03217  -0.03206  -0.03157  -0.03145  -0.03104  -0.03063  -0.03028  -0.03018
       -0.02933  -0.02914  -0.02910  -0.02854  -0.02838  -0.02805  -0.02801  -0.02742  -0.02672
       -0.02644  -0.02638  -0.02629  -0.02572  -0.02545  -0.02539  -0.02531  -0.02520  -0.02509
       -0.02496  -0.02449  -0.02432  -0.02418  -0.02374  -0.02362  -0.02359  -0.02349  -0.02324
       -0.02298  -0.02284  -0.02279  -0.02243  -0.02229  -0.02159  -0.02157  -0.02146  -0.02100
       -0.02076  -0.02055  -0.02054  -0.02042  -0.02004  -0.01994  -0.01983  -0.01966  -0.01947
       -0.01927  -0.01926  -0.01888  -0.01856  -0.01845  -0.01835  -0.01792  -0.01778  -0.01775
       -0.01753  -0.01749  -0.01732  -0.01712  -0.01712  -0.01703  -0.01693  -0.01674  -0.01671
       -0.01652  -0.01633  -0.01622  -0.01614  -0.01610  -0.01569  -0.01565  -0.01564  -0.01555
       -0.01539  -0.01527  -0.01503  -0.01495  -0.01490  -0.01481  -0.01468  -0.01463  -0.01458
       -0.01447  -0.01437  -0.01433  -0.01425  -0.01414  -0.01399  -0.01381  -0.01372  -0.01371
       -0.01353  -0.01349  -0.01346  -0.01337  -0.01337  -0.01318  -0.01316  -0.01305  -0.01303
       -0.01295  -0.01278  -0.01272  -0.01261  -0.01257  -0.01241  -0.01237  -0.01237  -0.01227
       -0.01219  -0.01206  -0.01205  -0.01197  -0.01190  -0.01190  -0.01183  -0.01173  -0.01172
       -0.01158  -0.01143  -0.01137  -0.01137  -0.01128  -0.01119  -0.01107  -0.01103  -0.01093
       -0.01086  -0.01081  -0.01068  -0.01066  -0.01064  -0.01059  -0.01057  -0.01048  -0.01047
       -0.01043  -0.01037  -0.01026  -0.01019  -0.01018  -0.01013  -0.01001  -0.00990  -0.00987
       -0.00981  -0.00972  -0.00971  -0.00968  -0.00960  -0.00960  -0.00955  -0.00943  -0.00937
       -0.00937  -0.00934  -0.00930  -0.00928  -0.00924  -0.00916  -0.00915  -0.00911  -0.00904
       -0.00898  -0.00895  -0.00893  -0.00890  -0.00888  -0.00887  -0.00880  -0.00877  -0.00867
       -0.00866  -0.00864  -0.00854  -0.00853  -0.00845  -0.00840  -0.00832  -0.00828  -0.00825
       -0.00824  -0.00818  -0.00816  -0.00814  -0.00812  -0.00805  -0.00802  -0.00801  -0.00792
       -0.00789  -0.00780  -0.00780  -0.00778  -0.00777  -0.00771  -0.00771  -0.00765  -0.00764
       -0.00763  -0.00758  -0.00754  -0.00747  -0.00746  -0.00738  -0.00738  -0.00736  -0.00736
       -0.00733  -0.00725  -0.00718  -0.00718  -0.00716  -0.00710  -0.00706  -0.00705  -0.00702
       -0.00700  -0.00697  -0.00692  -0.00692  -0.00690  -0.00689  -0.00687  -0.00681  -0.00680
       -0.00675  -0.00672  -0.00670  -0.00669  -0.00665  -0.00662  -0.00658  -0.00655  -0.00654
       -0.00651  -0.00649  -0.00648  -0.00641  -0.00638  -0.00638  -0.00635  -0.00629  -0.00628
       -0.00627  -0.00624  -0.00623  -0.00620  -0.00617  -0.00613  -0.00612  -0.00609  -0.00608
       -0.00606  -0.00604  -0.00601  -0.00599  -0.00598  -0.00597  -0.00594  -0.00593  -0.00590
       -0.00589  -0.00588  -0.00583  -0.00582  -0.00579  -0.00578  -0.00574  -0.00571  -0.00569
       -0.00568  -0.00566  -0.00563  -0.00560  -0.00560  -0.00558  -0.00556  -0.00552  -0.00550
       -0.00548  -0.00547  -0.00547  -0.00543  -0.00543  -0.00540  -0.00539  -0.00535  -0.00532
       -0.00532  -0.00530  -0.00527  -0.00527  -0.00524  -0.00522  -0.00522  -0.00522  -0.00518
       -0.00516  -0.00513  -0.00509  -0.00509  -0.00508  -0.00508  -0.00501  -0.00501  -0.00500
       -0.00497  -0.00492  -0.00492  -0.00490  -0.00489  -0.00488  -0.00487  -0.00487  -0.00485
       -0.00483  -0.00482  -0.00479  -0.00479  -0.00478  -0.00477  -0.00475  -0.00472  -0.00471
       -0.00469  -0.00466  -0.00466  -0.00463  -0.00463  -0.00463  -0.00459  -0.00459  -0.00457
       -0.00456  -0.00455  -0.00454  -0.00454  -0.00453  -0.00451  -0.00450  -0.00447  -0.00445
       -0.00445  -0.00440  -0.00438  -0.00438  -0.00436  -0.00434  -0.00433  -0.00432  -0.00430
       -0.00429  -0.00428  -0.00426  -0.00426  -0.00423  -0.00420  -0.00420  -0.00418  -0.00417
       -0.00417  -0.00416  -0.00411  -0.00410  -0.00410  -0.00408  -0.00407  -0.00406  -0.00405
       -0.00405  -0.00404  -0.00402  -0.00401  -0.00401  -0.00401  -0.00399  -0.00398  -0.00396
       -0.00395  -0.00394  -0.00393  -0.00392  -0.00391
        
     --------------------------------------------------------------------------------------------
     Tot. elapsed time 17m-28.3s,  time spent in last iteration 03m-53.6s
     --------------------------------------------------------------------------------------------

     [I/O] -------------------------------------------------------
     [I/O] RESTART written in < 00.1s             
     [I/O] In location   : ./ch3oh_500.wstat.restart
     [I/O] -------------------------------------------------------

                       *----------*              *----------*               *----------*
     #     Iteration = |        3 |   DFPT_dim = |       10 |   Diago_dim = |     1436 |
                       *----------*              *----------*               *----------*
     per-process dynamical memory   194.3 Mb
  
       
     --------------------------------------------------------------------------------------------
     Sternheimer eq. solver... with threshold =   1.000000E-12           
     --------------------------------------------------------------------------------------------
     in progress... |####################| 100% :               04.2s (E)               04.2s (X)
     --------------------------------------------------------------------------------------------
     p-DIAGOX done in 00.9s with a SCALAPACK grid (12x12)
     --------------------------------------------------------------------------------------------
        
       -2.41280  -1.86550  -1.00663  -0.93793  -0.84657  -0.78147  -0.74037  -0.67453  -0.64366
       -0.61546  -0.57019  -0.47479  -0.44098  -0.41220  -0.40422  -0.40398  -0.36817  -0.34221
       -0.32737  -0.30915  -0.29619  -0.29548  -0.28095  -0.27931  -0.27017  -0.23648  -0.22857
       -0.22702  -0.21733  -0.21031  -0.20364  -0.19372  -0.19000  -0.18714  -0.17044  -0.17010
       -0.15497  -0.15188  -0.15163  -0.15108  -0.14749  -0.14271  -0.13299  -0.13022  -0.12002
       -0.11759  -0.11152  -0.10778  -0.10296  -0.10279  -0.10218  -0.09575  -0.08986  -0.08785
       -0.08699  -0.08587  -0.08000  -0.07817  -0.07795  -0.07469  -0.07266  -0.07220  -0.07172
       -0.06935  -0.06698  -0.06511  -0.06488  -0.06322  -0.06217  -0.06001  -0.05940  -0.05886
       -0.05873  -0.05765  -0.05745  -0.05632  -0.05447  -0.05425  -0.05325  -0.05312  -0.05267
       -0.05137  -0.05085  -0.04970  -0.04925  -0.04814  -0.04806  -0.04660  -0.04574  -0.04514
       -0.04386  -0.04366  -0.04314  -0.04232  -0.04143  -0.04087  -0.03893  -0.03884  -0.03807
       -0.03775  -0.03698  -0.03656  -0.03534  -0.03456  -0.03426  -0.03375  -0.03361  -0.03318
       -0.03242  -0.03217  -0.03206  -0.03157  -0.03145  -0.03104  -0.03063  -0.03028  -0.03018
       -0.02933  -0.02914  -0.02910  -0.02854  -0.02838  -0.02805  -0.02801  -0.02742  -0.02672
       -0.02644  -0.02638  -0.02629  -0.02572  -0.02545  -0.02539  -0.02531  -0.02520  -0.02509
       -0.02496  -0.02449  -0.02432  -0.02418  -0.02374  -0.02362  -0.02359  -0.02349  -0.02324
       -0.02298  -0.02284  -0.02279  -0.02243  -0.02229  -0.02159  -0.02157  -0.02146  -0.02100
       -0.02076  -0.02055  -0.02054  -0.02042  -0.02004  -0.01994  -0.01983  -0.01966  -0.01947
       -0.01927  -0.01926  -0.01888  -0.01856  -0.01845  -0.01835  -0.01792  -0.01778  -0.01775
       -0.01753  -0.01749  -0.01732  -0.01712  -0.01712  -0.01703  -0.01693  -0.01674  -0.01671
       -0.01652  -0.01633  -0.01622  -0.01614  -0.01610  -0.01569  -0.01565  -0.01564  -0.01555
       -0.01539  -0.01527  -0.01503  -0.01495  -0.01490  -0.01481  -0.01468  -0.01463  -0.01458
       -0.01447  -0.01437  -0.01433  -0.01425  -0.01414  -0.01399  -0.01381  -0.01372  -0.01371
       -0.01353  -0.01349  -0.01346  -0.01337  -0.01337  -0.01318  -0.01316  -0.01305  -0.01303
       -0.01295  -0.01278  -0.01272  -0.01261  -0.01257  -0.01241  -0.01237  -0.01237  -0.01227
       -0.01219  -0.01206  -0.01205  -0.01197  -0.01190  -0.01190  -0.01183  -0.01173  -0.01172
       -0.01158  -0.01143  -0.01137  -0.01137  -0.01128  -0.01119  -0.01107  -0.01103  -0.01093
       -0.01086  -0.01081  -0.01068  -0.01066  -0.01064  -0.01059  -0.01057  -0.01048  -0.01047
       -0.01043  -0.01037  -0.01026  -0.01019  -0.01018  -0.01013  -0.01001  -0.00990  -0.00987
       -0.00981  -0.00972  -0.00971  -0.00968  -0.00960  -0.00960  -0.00955  -0.00943  -0.00937
       -0.00937  -0.00934  -0.00930  -0.00928  -0.00924  -0.00916  -0.00915  -0.00911  -0.00904
       -0.00898  -0.00895  -0.00893  -0.00890  -0.00888  -0.00887  -0.00880  -0.00877  -0.00867
       -0.00866  -0.00864  -0.00854  -0.00854  -0.00845  -0.00840  -0.00832  -0.00828  -0.00825
       -0.00824  -0.00818  -0.00816  -0.00814  -0.00812  -0.00805  -0.00802  -0.00801  -0.00792
       -0.00789  -0.00780  -0.00780  -0.00778  -0.00777  -0.00771  -0.00771  -0.00765  -0.00764
       -0.00763  -0.00758  -0.00754  -0.00747  -0.00746  -0.00738  -0.00738  -0.00736  -0.00736
       -0.00733  -0.00725  -0.00718  -0.00718  -0.00716  -0.00710  -0.00706  -0.00705  -0.00702
       -0.00700  -0.00697  -0.00692  -0.00692  -0.00690  -0.00689  -0.00687  -0.00681  -0.00680
       -0.00675  -0.00672  -0.00670  -0.00669  -0.00665  -0.00662  -0.00658  -0.00655  -0.00654
       -0.00651  -0.00649  -0.00648  -0.00641  -0.00638  -0.00638  -0.00635  -0.00629  -0.00628
       -0.00627  -0.00624  -0.00623  -0.00620  -0.00617  -0.00613  -0.00612  -0.00609  -0.00608
       -0.00606  -0.00604  -0.00601  -0.00599  -0.00598  -0.00597  -0.00594  -0.00593  -0.00590
       -0.00589  -0.00588  -0.00583  -0.00582  -0.00579  -0.00578  -0.00574  -0.00571  -0.00569
       -0.00568  -0.00566  -0.00563  -0.00560  -0.00560  -0.00558  -0.00556  -0.00552  -0.00550
       -0.00549  -0.00547  -0.00547  -0.00543  -0.00543  -0.00540  -0.00539  -0.00535  -0.00532
       -0.00532  -0.00531  -0.00527  -0.00527  -0.00524  -0.00523  -0.00522  -0.00522  -0.00518
       -0.00516  -0.00513  -0.00509  -0.00509  -0.00509  -0.00508  -0.00501  -0.00501  -0.00500
       -0.00497  -0.00492  -0.00492  -0.00490  -0.00489  -0.00488  -0.00487  -0.00487  -0.00485
       -0.00483  -0.00482  -0.00479  -0.00479  -0.00478  -0.00477  -0.00475  -0.00472  -0.00471
       -0.00469  -0.00466  -0.00466  -0.00463  -0.00463  -0.00463  -0.00459  -0.00459  -0.00457
       -0.00456  -0.00456  -0.00454  -0.00454  -0.00453  -0.00451  -0.00450  -0.00447  -0.00445
       -0.00445  -0.00440  -0.00438  -0.00438  -0.00437  -0.00434  -0.00433  -0.00432  -0.00430
       -0.00429  -0.00428  -0.00427  -0.00426  -0.00423  -0.00420  -0.00420  -0.00418  -0.00418
       -0.00417  -0.00416  -0.00412  -0.00410  -0.00410  -0.00408  -0.00407  -0.00407  -0.00406
       -0.00405  -0.00404  -0.00403  -0.00403  -0.00402  -0.00402  -0.00401  -0.00399  -0.00398
       -0.00397  -0.00396  -0.00395  -0.00394  -0.00393
        
     --------------------------------------------------------------------------------------------
     Tot. elapsed time 21m-55.3s,  time spent in last iteration 12.9s
     --------------------------------------------------------------------------------------------
      
     --------------------------------------------------------------------------------------------
     Database written in 43.7s               
     In location : ./ch3oh_500.wstat.save
     --------------------------------------------------------------------------------------------
       
     --------------------------------------------------------------------------------------------
     Convergence achieved !!! in        3 steps                          
     --------------------------------------------------------------------------------------------
 
     WSTAT        : 15m 1.53s CPU    23m33.42s WALL

     wstat_readin :      5.87s CPU     40.76s WALL (       1 calls)
     fetch_nml    :      0.00s CPU      0.00s WALL (       1 calls)
     read_xml     :      1.35s CPU      1.60s WALL (       1 calls)
     init_vloc    :      0.16s CPU      0.16s WALL (       2 calls)
     fft          :      0.26s CPU      0.29s WALL (      11 calls)
     fft_scatter  :    129.15s CPU    129.48s WALL (   40633 calls)
     v_of_rho     :      0.29s CPU      0.31s WALL (       1 calls)
     v_xc         :      0.26s CPU      0.28s WALL (       1 calls)
     v_h          :      0.03s CPU      0.04s WALL (       1 calls)
     read_wave    :      4.50s CPU     38.93s WALL (       1 calls)
     davcio       :      0.00s CPU      2.45s WALL (       2 calls)
     init_us_1    :      0.01s CPU      0.02s WALL (       2 calls)
     do_setup     :      0.20s CPU      0.21s WALL (       1 calls)
     init_pw_ar   :      0.19s CPU      0.21s WALL (       1 calls)
     init_at_1    :      0.00s CPU      0.00s WALL (       1 calls)
     storesqvc    :      0.00s CPU      0.00s WALL (       1 calls)
     chidiago     :    895.43s CPU   1372.40s WALL (       1 calls)
     randomize    :      1.14s CPU      1.16s WALL (       1 calls)
     paramgs      :     17.58s CPU     17.73s WALL (       5 calls)
     dfpt         :    651.35s CPU    654.80s WALL (       5 calls)
     init_us_2    :      0.02s CPU      0.02s WALL (       5 calls)
     fftw         :    370.86s CPU    372.66s WALL (   40622 calls)
     alphapc      :      0.41s CPU      0.42s WALL (     194 calls)
     wstat_restar :    175.52s CPU    608.53s WALL (       4 calls)
     linstern     :    526.57s CPU    529.23s WALL (     144 calls)
     stern        :    506.25s CPU    508.80s WALL (    5006 calls)
     h_psi_bgrp   :    495.30s CPU    497.89s WALL (    5006 calls)
     h_psi        :    495.28s CPU    497.87s WALL (    5006 calls)
     h_psi:pot    :    492.67s CPU    495.13s WALL (    5006 calls)
     vloc_psi     :    453.91s CPU    456.20s WALL (    5006 calls)
     h_psi:calbec :     20.94s CPU     19.83s WALL (    5006 calls)
     calbec       :     20.93s CPU     19.81s WALL (    5006 calls)
     add_vuspsi   :     17.78s CPU     19.06s WALL (    5006 calls)
     alphapv      :      6.90s CPU      6.93s WALL (    5006 calls)
     build_hr     :      9.41s CPU     10.31s WALL (       4 calls)
     diagox       :      3.06s CPU      3.10s WALL (       4 calls)
     redistr_vr   :      0.43s CPU      0.45s WALL (       3 calls)
     update_vr    :     16.58s CPU     18.13s WALL (       3 calls)
     symm_hr      :      0.44s CPU      0.46s WALL (       3 calls)
     chidiago:las :      0.00s CPU      0.00s WALL (       1 calls)
     refresh_vr   :      6.74s CPU      7.02s WALL (       1 calls)
     pdep_db      :     12.54s CPU     43.71s WALL (       1 calls)
 
     WSTAT        : 15m 1.53s CPU    23m33.42s WALL

 
   This run was terminated on:  14:25:47  30Apr2018            

=------------------------------------------------------------------------------=
   JOB DONE.
=------------------------------------------------------------------------------=
