
     Program WSTAT v. 2.0.0 starts on 30Apr2018 at 13:21: 1 

     This program is part of the open-source West suite
     for massively parallel calculations of excited states in materials; please cite
         "M. Govoni et al., J. Chem. Theory Comput. 11, 2680 (2015);
          URL http://www.west-code.org", 
     in publications or presentations arising from this work.

     Based on the Quantum ESPRESSO v. 6.1 svn rev. 13369
       
     --------------------------------------------------------------------------------------------
     **MPI** Parallelization Status                                      
     --------------------------------------------------------------------------------------------
                   160                  10             1             1            16
     --------------------------------------------------------------------------------------------
                     N         =         I      X      P      X      B      X      Z
                     ^                   ^             ^             ^             ^
                     |                   |             |             |             |
                   #rnk                  |             |             |             |
                                      #image           |             |             |
                                                     #pool           |             |
                                                                   #bgrp           |
                                                                                 #R&G
     --------------------------------------------------------------------------------------------
     **OPENMP** Parallelization Status
     #thr/rnk               =            1
     --------------------------------------------------------------------------------------------
     #prc = (rnk) * (thr) =          160
     --------------------------------------------------------------------------------------------
       
     --------------------------------------------------------------------------------------------
     I/O Summary : input_west                                            
     --------------------------------------------------------------------------------------------
     qe_prefix      = ch3oh
     west_prefix    = ch3oh
     outdir         = ./
     --------------------------------------------------------------------------------------------
       
     --------------------------------------------------------------------------------------------
     I/O Summary : wstat_control                                         
     --------------------------------------------------------------------------------------------
     wstat_calculation              =              S
     n_pdep_eigen                   =             20
     n_kin_pdep_eigen               =            400
     n_lindhard_eigen               =              0
     n_pdep_times                   =              4
     n_pdep_maxiter                 =            100
     n_dfpt_maxiter                 =            250
     n_pdep_read_from_file          =              0
     trev_pdep                      =   1.000000E-03
     trev_pdep_rel                  =   1.000000E-01
     tr2_dfpt                       =   1.000000E-12
     l_kinetic_only                 =              F
     l_minimize_exx_if_active       =              F
     l_use_ecutrho                  =              F
     l_pure_eigen                   =              F
     --------------------------------------------------------------------------------------------

     Reading data from directory:
     ./ch3oh.save

   Info: using nr1, nr2, nr3 values from input

   Info: using nr1, nr2, nr3 values from input

     IMPORTANT: XC functional enforced from input :
     Exchange-correlation      = PBE ( 1  4  3  4 0 0)
     Any further DFT definition will be discarded
     Please, verify this is what you really want

     Message from routine readpp:
     file ./ch3oh.save/C_ONCV_PBE-1.0.upf not found
     Message from routine readpp:
     file ./ch3oh.save/O_ONCV_PBE-1.0.upf not found
     Message from routine readpp:
     file ./ch3oh.save/H_ONCV_PBE-1.0.upf not found
 
     Parallelization info
     --------------------
     sticks:   dense  smooth     PW     G-vecs:    dense   smooth      PW
     Min        1520    1520    379               178660   178660   22323
     Max        1522    1522    384               178666   178666   22328
     Sum       24345   24345   6093              2858633  2858633  357213
 
       
     --------------------------------------------------------------------------------------------
     System Overview                                                     
     --------------------------------------------------------------------------------------------
     gamma_only           =              T
     ecutwfc [Ry]         =      85.000000
     omega [au^3]         =   2.700000E+04
     glob. #G             =         178607
     nbnd                 =            100
     nkstot               =              1
     nspin                =              1
     nelec                =      14.000000
     npol                 =              1
     lsda                 =              F
     noncolin             =              F
     lspinorb             =              F
     domag                =              F
     --------------------------------------------------------------------------------------------

     sFFT G-space:  1429317 G-vectors     R-space: ( 180, 180, 180)
     dFFT G-space:  1429317 G-vectors     R-space: ( 180, 180, 180)

     Cell [a.u.]          =      30.000000      0.000000      0.000000
                          =       0.000000     30.000000      0.000000
                          =       0.000000      0.000000     30.000000
      
     number of ks points=     1
                       cart. coord. in units 2pi/alat
        k(    1) = (   0.0000000   0.0000000   0.0000000), wk =   2.0000000

                       cryst. coord.
        k(    1) = (   0.0000000   0.0000000   0.0000000), wk =   2.0000000
 
     Spherical div        =   1.654268E-01
     Orthorombic div      =   1.628502E-01
       
     --------------------------------------------------------------------------------------------
     Parallelization for nvecx                                           
     --------------------------------------------------------------------------------------------
     nglob                =             80
     nlevel               =             10
     Min nglob/nlevel     =              8
     Max nglob/nlevel     =              8
     --------------------------------------------------------------------------------------------

     [MEM] ----------------------------------------------------------
     [MEM] **Memory** analysis: QE
     [MEM] ----------------------------------------------------------
     [MEM] Allocated arrays           est. size (Mb)     dimensions
     [MEM] ----------------------------------------------------------
     [MEM] Kohn-Sham Wavefunctions      17.03 Mb     (  11164,  100)
     [MEM] NL pseudopotentials           4.09 Mb     (  11164,   24)
     [MEM] Each V/rho on FFT grid        5.93 Mb     ( 388800)
     [MEM] Each G-vector array           0.68 Mb     (  89333)
     [MEM] G-vector shells               0.05 Mb     (   6125)
     [MEM] ----------------------------------------------------------
     [MEM] TOT                          27.78 Mb
     [MEM] ----------------------------------------------------------
     [MEM] 
     [MEM] ----------------------------------------------------------
     [MEM] **Memory** analysis: WSTAT global
     [MEM] ----------------------------------------------------------
     [MEM] Allocated arrays           est. size (Mb)     dimensions
     [MEM] ----------------------------------------------------------
     [MEM] dvg                           1.36 Mb     (  11164,    8)
     [MEM] dng                           1.36 Mb     (  11164,    8)
     [MEM] hr_distr                      0.00 Mb     (     80,    8)
     [MEM] vr_distr                      0.00 Mb     (     80,    8)
     [MEM] ----------------------------------------------------------
     [MEM] TOT                           2.74 Mb
     [MEM] ----------------------------------------------------------
     [MEM] 
     [MEM] ----------------------------------------------------------
     [MEM] **Memory** analysis: WSTAT temporary
     [MEM] ----------------------------------------------------------
     [MEM] Allocated arrays           est. size (Mb)     dimensions
     [MEM] ----------------------------------------------------------
     [MEM] dvpsi                         1.19 Mb     (  11164,    7)
     [MEM] dpsi                          1.19 Mb     (  11164,    7)
     [MEM] ----------------------------------------------------------
     [MEM] Total estimate                2.38 Mb
     [MEM] ----------------------------------------------------------

                       *----------*              *----------*               *----------*
     #     Iteration = | starting |   DFPT_dim = |       20 |   Diago_dim = |       20 |  x 1/2
                       *----------*              *----------*               *----------*
     per-process dynamical memory   119.8 Mb
  
       
     --------------------------------------------------------------------------------------------
     Sternheimer eq. solver... with lite-solver                          
     --------------------------------------------------------------------------------------------
     in progress... |##########          | 050% :               00.2s (E)               00.5s (X)
     in progress... |####################| 100% :               00.5s (E)               00.5s (X)
     --------------------------------------------------------------------------------------------

     [I/O] -------------------------------------------------------
     [I/O] RESTART written in < 00.1s             
     [I/O] In location   : ./ch3oh_20_400.wstat.restart
     [I/O] -------------------------------------------------------

                       *----------*              *----------*               *----------*
     #     Iteration = | starting |   DFPT_dim = |       20 |   Diago_dim = |       20 |  x 2/2
                       *----------*              *----------*               *----------*
     per-process dynamical memory   119.8 Mb
  
       
     --------------------------------------------------------------------------------------------
     Sternheimer eq. solver... with threshold =   1.000000E-06           
     --------------------------------------------------------------------------------------------
     in progress... |##########          | 050% :               03.2s (E)               06.5s (X)
     in progress... |####################| 100% :               06.5s (E)               06.5s (X)
     --------------------------------------------------------------------------------------------
     p-DIAGOX done in < 00.1s with a SCALAPACK grid (2x2)
     --------------------------------------------------------------------------------------------
        
       -1.82883  -1.44153  -0.96276  -0.90594  -0.72720  -0.68223  -0.59057  -0.56361  -0.51249
       -0.46759  -0.37776  -0.33285  -0.29757  -0.27692  -0.24286  -0.23391  -0.18937  -0.18036
       -0.16710  -0.08318
        
     --------------------------------------------------------------------------------------------
     Tot. elapsed time 11.9s,  time spent in last iteration 11.9s
     --------------------------------------------------------------------------------------------

     [I/O] -------------------------------------------------------
     [I/O] RESTART written in < 00.1s             
     [I/O] In location   : ./ch3oh_20_400.wstat.restart
     [I/O] -------------------------------------------------------

                       *----------*              *----------*               *----------*
     #     Iteration = |        1 |   DFPT_dim = |       20 |   Diago_dim = |       40 |
                       *----------*              *----------*               *----------*
     per-process dynamical memory   119.8 Mb
  
       
     --------------------------------------------------------------------------------------------
     Sternheimer eq. solver... with threshold =   1.000000E-12           
     --------------------------------------------------------------------------------------------
     in progress... |##########          | 050% :               04.9s (E)               09.8s (X)
     in progress... |####################| 100% :               09.8s (E)               09.8s (X)
     --------------------------------------------------------------------------------------------
     p-DIAGOX done in < 00.1s with a SCALAPACK grid (2x2)
     --------------------------------------------------------------------------------------------
        
       -2.40939  -1.86470  -1.00624  -0.93748  -0.84444  -0.77766  -0.73305  -0.66929  -0.63465
       -0.60519  -0.55284  -0.43879  -0.42636  -0.39221  -0.38084  -0.35354  -0.32486  -0.29588
       -0.27031  -0.25750
        
     --------------------------------------------------------------------------------------------
     Tot. elapsed time 26.7s,  time spent in last iteration 11.2s
     --------------------------------------------------------------------------------------------

     [I/O] -------------------------------------------------------
     [I/O] RESTART written in < 00.1s             
     [I/O] In location   : ./ch3oh_20_400.wstat.restart
     [I/O] -------------------------------------------------------

                       *----------*              *----------*               *----------*
     #     Iteration = |        2 |   DFPT_dim = |       20 |   Diago_dim = |       60 |
                       *----------*              *----------*               *----------*
     per-process dynamical memory   119.8 Mb
  
       
     --------------------------------------------------------------------------------------------
     Sternheimer eq. solver... with threshold =   1.000000E-12           
     --------------------------------------------------------------------------------------------
     in progress... |##########          | 050% :               04.9s (E)               09.8s (X)
     in progress... |####################| 100% :               09.7s (E)               09.7s (X)
     --------------------------------------------------------------------------------------------
     p-DIAGOX done in < 00.1s with a SCALAPACK grid (2x2)
     --------------------------------------------------------------------------------------------
        
       -2.41280  -1.86550  -1.00663  -0.93793  -0.84656  -0.78142  -0.74027  -0.67442  -0.64346
       -0.61532  -0.56982  -0.47222  -0.44036  -0.41150  -0.40307  -0.39957  -0.36722  -0.34061
       -0.31165  -0.29387
        
     --------------------------------------------------------------------------------------------
     Tot. elapsed time 45.4s,  time spent in last iteration 11.4s
     --------------------------------------------------------------------------------------------

     [I/O] -------------------------------------------------------
     [I/O] RESTART written in < 00.1s             
     [I/O] In location   : ./ch3oh_20_400.wstat.restart
     [I/O] -------------------------------------------------------

                       *----------*              *----------*               *----------*
     #     Iteration = |        3 |   DFPT_dim = |       17 |   Diago_dim = |       77 |
                       *----------*              *----------*               *----------*
     per-process dynamical memory   119.8 Mb
  
       
     --------------------------------------------------------------------------------------------
     Sternheimer eq. solver... with threshold =   1.000000E-12           
     --------------------------------------------------------------------------------------------
     in progress... |##########          | 050% :               04.8s (E)               09.7s (X)
     in progress... |####################| 100% :               09.7s (E)               09.7s (X)
     --------------------------------------------------------------------------------------------
     p-DIAGOX done in < 00.1s with a SCALAPACK grid (2x2)
     --------------------------------------------------------------------------------------------
        
       -2.41280  -1.86550  -1.00663  -0.93793  -0.84657  -0.78147  -0.74037  -0.67453  -0.64366
       -0.61546  -0.57019  -0.47475  -0.44098  -0.41218  -0.40419  -0.40392  -0.36816  -0.34216
       -0.32696  -0.30825
        
     --------------------------------------------------------------------------------------------
     Tot. elapsed time 01m-07.7s,  time spent in last iteration 11.1s
     --------------------------------------------------------------------------------------------

       Refresh the basis set

     [I/O] -------------------------------------------------------
     [I/O] RESTART written in < 00.1s             
     [I/O] In location   : ./ch3oh_20_400.wstat.restart
     [I/O] -------------------------------------------------------

                       *----------*              *----------*               *----------*
     #     Iteration = |        4 |   DFPT_dim = |        6 |   Diago_dim = |       26 |
                       *----------*              *----------*               *----------*
     per-process dynamical memory   119.8 Mb
  
       
     --------------------------------------------------------------------------------------------
     Sternheimer eq. solver... with threshold =   1.000000E-12           
     --------------------------------------------------------------------------------------------
     in progress... |####################| 100% :               04.8s (E)               04.8s (X)
     --------------------------------------------------------------------------------------------
     p-DIAGOX done in < 00.1s with a SCALAPACK grid (2x2)
     --------------------------------------------------------------------------------------------
        
       -2.41280  -1.86550  -1.00663  -0.93793  -0.84657  -0.78147  -0.74037  -0.67453  -0.64366
       -0.61546  -0.57019  -0.47478  -0.44098  -0.41220  -0.40422  -0.40398  -0.36817  -0.34221
       -0.32734  -0.30905
        
     --------------------------------------------------------------------------------------------
     Tot. elapsed time 01m-17.1s,  time spent in last iteration 05.6s
     --------------------------------------------------------------------------------------------
      
     --------------------------------------------------------------------------------------------
     Database written in 01.7s               
     In location : ./ch3oh_20_400.wstat.save
     --------------------------------------------------------------------------------------------
       
     --------------------------------------------------------------------------------------------
     Convergence achieved !!! in        4 steps                          
     --------------------------------------------------------------------------------------------
       
     --------------------------------------------------------------------------------------------
     ** Now compute kinetic eigenpotentials **                           
     --------------------------------------------------------------------------------------------
       
     --------------------------------------------------------------------------------------------
     Parallelization for newnvecx                                        
     --------------------------------------------------------------------------------------------
     nglob                =           1600
     nlevel               =             10
     Min nglob/nlevel     =            160
     Max nglob/nlevel     =            160
     --------------------------------------------------------------------------------------------
       
     --------------------------------------------------------------------------------------------
     Parallelization for merge_nvecx                                     
     --------------------------------------------------------------------------------------------
     nglob                =           1680
     nlevel               =             10
     Min nglob/nlevel     =            168
     Max nglob/nlevel     =            168
     --------------------------------------------------------------------------------------------

                       *----------*              *----------*               *----------*
     #     Iteration = | starting |   DFPT_dim = |      400 |   Diago_dim = |      400 |  x 1/2
                       *----------*              *----------*               *----------*
       
     --------------------------------------------------------------------------------------------
     Applying projection operator formed by dvg                          
     --------------------------------------------------------------------------------------------
     per-process dynamical memory   217.4 Mb
  
       
     --------------------------------------------------------------------------------------------
     Sternheimer eq. solver... with lite-solver                          
     --------------------------------------------------------------------------------------------
     in progress... |#                   | 005% :               00.5s (E)               10.2s (X)
     in progress... |##                  | 010% :               01.0s (E)               10.2s (X)
     in progress... |###                 | 015% :               01.5s (E)               10.2s (X)
     in progress... |####                | 020% :               02.0s (E)               10.2s (X)
     in progress... |#####               | 025% :               02.5s (E)               10.1s (X)
     in progress... |######              | 030% :               03.0s (E)               10.1s (X)
     in progress... |#######             | 035% :               03.5s (E)               10.1s (X)
     in progress... |########            | 040% :               04.0s (E)               10.1s (X)
     in progress... |#########           | 045% :               04.5s (E)               10.1s (X)
     in progress... |##########          | 050% :               05.0s (E)               10.1s (X)
     in progress... |###########         | 055% :               05.5s (E)               10.1s (X)
     in progress... |############        | 060% :               06.0s (E)               10.1s (X)
     in progress... |#############       | 065% :               06.6s (E)               10.1s (X)
     in progress... |##############      | 070% :               07.1s (E)               10.1s (X)
     in progress... |###############     | 075% :               07.6s (E)               10.1s (X)
     in progress... |################    | 080% :               08.1s (E)               10.1s (X)
     in progress... |#################   | 085% :               08.6s (E)               10.1s (X)
     in progress... |##################  | 090% :               09.1s (E)               10.1s (X)
     in progress... |################### | 095% :               09.6s (E)               10.1s (X)
     in progress... |####################| 100% :               10.1s (E)               10.1s (X)
       
     --------------------------------------------------------------------------------------------
     Applying projection operator formed by dvg                          
     --------------------------------------------------------------------------------------------
     --------------------------------------------------------------------------------------------

     [I/O] -------------------------------------------------------
     [I/O] RESTART written in < 00.1s             
     [I/O] In location   : ./ch3oh_20_400.wstat.restart
     [I/O] -------------------------------------------------------

                       *----------*              *----------*               *----------*
     #     Iteration = | starting |   DFPT_dim = |      400 |   Diago_dim = |      400 |  x 2/2
                       *----------*              *----------*               *----------*
       
     --------------------------------------------------------------------------------------------
     Applying projection operator formed by dvg                          
     --------------------------------------------------------------------------------------------
     per-process dynamical memory   217.4 Mb
  
       
     --------------------------------------------------------------------------------------------
     Sternheimer eq. solver... with threshold =   1.000000E-06           
     --------------------------------------------------------------------------------------------
     in progress... |#                   | 005% :               00.7s (E)               15.6s (X)
     in progress... |##                  | 010% :               01.5s (E)               15.6s (X)
     in progress... |###                 | 015% :               02.3s (E)               15.5s (X)
     in progress... |####                | 020% :               03.1s (E)               15.5s (X)
     in progress... |#####               | 025% :               03.8s (E)               15.5s (X)
     in progress... |######              | 030% :               04.6s (E)               15.4s (X)
     in progress... |#######             | 035% :               05.3s (E)               15.4s (X)
     in progress... |########            | 040% :               06.1s (E)               15.4s (X)
     in progress... |#########           | 045% :               06.9s (E)               15.3s (X)
     in progress... |##########          | 050% :               07.6s (E)               15.3s (X)
     in progress... |###########         | 055% :               08.4s (E)               15.3s (X)
     in progress... |############        | 060% :               09.1s (E)               15.3s (X)
     in progress... |#############       | 065% :               09.9s (E)               15.2s (X)
     in progress... |##############      | 070% :               10.6s (E)               15.2s (X)
     in progress... |###############     | 075% :               11.4s (E)               15.2s (X)
     in progress... |################    | 080% :               12.1s (E)               15.2s (X)
     in progress... |#################   | 085% :               12.9s (E)               15.2s (X)
     in progress... |##################  | 090% :               13.6s (E)               15.2s (X)
     in progress... |################### | 095% :               14.4s (E)               15.2s (X)
     in progress... |####################| 100% :               15.1s (E)               15.1s (X)
       
     --------------------------------------------------------------------------------------------
     Applying projection operator formed by dvg                          
     --------------------------------------------------------------------------------------------
     --------------------------------------------------------------------------------------------
     p-DIAGOX done in 00.4s with a SCALAPACK grid (12x12)
     --------------------------------------------------------------------------------------------
        
       -0.18497  -0.17407  -0.16313  -0.15974  -0.15787  -0.15160  -0.14337  -0.14257  -0.13708
       -0.13389  -0.13329  -0.12654  -0.12113  -0.11687  -0.11334  -0.11273  -0.10723  -0.10534
       -0.10366  -0.10152  -0.10062  -0.09422  -0.08871  -0.08848  -0.08536  -0.08357  -0.08016
       -0.07987  -0.07390  -0.07243  -0.07227  -0.06605  -0.06569  -0.06491  -0.06473  -0.06225
       -0.05946  -0.05876  -0.05719  -0.05658  -0.05559  -0.05493  -0.05350  -0.05298  -0.05169
       -0.05106  -0.05071  -0.04815  -0.04735  -0.04721  -0.04553  -0.04531  -0.04484  -0.04453
       -0.04427  -0.04357  -0.04311  -0.04249  -0.04160  -0.04147  -0.04058  -0.04032  -0.04015
       -0.03882  -0.03873  -0.03744  -0.03738  -0.03599  -0.03539  -0.03458  -0.03414  -0.03391
       -0.03371  -0.03236  -0.03212  -0.03182  -0.03129  -0.03060  -0.03024  -0.02977  -0.02931
       -0.02909  -0.02854  -0.02820  -0.02776  -0.02747  -0.02724  -0.02664  -0.02653  -0.02632
       -0.02601  -0.02578  -0.02536  -0.02499  -0.02490  -0.02476  -0.02437  -0.02385  -0.02358
       -0.02324  -0.02309  -0.02278  -0.02260  -0.02252  -0.02211  -0.02180  -0.02147  -0.02119
       -0.02098  -0.02076  -0.02056  -0.02050  -0.02038  -0.02032  -0.01996  -0.01981  -0.01950
       -0.01936  -0.01927  -0.01910  -0.01897  -0.01892  -0.01874  -0.01848  -0.01836  -0.01799
       -0.01787  -0.01771  -0.01754  -0.01725  -0.01700  -0.01689  -0.01687  -0.01643  -0.01631
       -0.01610  -0.01598  -0.01565  -0.01554  -0.01550  -0.01530  -0.01515  -0.01500  -0.01495
       -0.01468  -0.01445  -0.01429  -0.01419  -0.01406  -0.01395  -0.01382  -0.01374  -0.01363
       -0.01356  -0.01338  -0.01321  -0.01317  -0.01302  -0.01298  -0.01288  -0.01270  -0.01267
       -0.01258  -0.01237  -0.01231  -0.01221  -0.01213  -0.01206  -0.01181  -0.01178  -0.01173
       -0.01153  -0.01137  -0.01135  -0.01130  -0.01124  -0.01121  -0.01104  -0.01093  -0.01092
       -0.01076  -0.01073  -0.01070  -0.01052  -0.01043  -0.01034  -0.01026  -0.01018  -0.00998
       -0.00991  -0.00990  -0.00986  -0.00974  -0.00973  -0.00965  -0.00947  -0.00941  -0.00931
       -0.00928  -0.00922  -0.00903  -0.00901  -0.00895  -0.00891  -0.00884  -0.00877  -0.00865
       -0.00857  -0.00853  -0.00848  -0.00843  -0.00836  -0.00833  -0.00824  -0.00823  -0.00813
       -0.00805  -0.00797  -0.00791  -0.00786  -0.00779  -0.00772  -0.00766  -0.00763  -0.00753
       -0.00737  -0.00730  -0.00724  -0.00723  -0.00718  -0.00709  -0.00695  -0.00693  -0.00689
       -0.00684  -0.00681  -0.00673  -0.00668  -0.00667  -0.00659  -0.00655  -0.00652  -0.00648
       -0.00641  -0.00634  -0.00631  -0.00625  -0.00619  -0.00616  -0.00612  -0.00605  -0.00600
       -0.00594  -0.00588  -0.00587  -0.00579  -0.00578  -0.00575  -0.00571  -0.00565  -0.00560
       -0.00556  -0.00550  -0.00547  -0.00543  -0.00541  -0.00537  -0.00536  -0.00535  -0.00529
       -0.00526  -0.00520  -0.00518  -0.00517  -0.00513  -0.00504  -0.00501  -0.00492  -0.00491
       -0.00487  -0.00482  -0.00479  -0.00476  -0.00471  -0.00464  -0.00462  -0.00458  -0.00456
       -0.00455  -0.00450  -0.00445  -0.00442  -0.00442  -0.00436  -0.00434  -0.00428  -0.00425
       -0.00422  -0.00417  -0.00416  -0.00412  -0.00409  -0.00406  -0.00402  -0.00399  -0.00396
       -0.00389  -0.00388  -0.00386  -0.00380  -0.00377  -0.00375  -0.00371  -0.00366  -0.00365
       -0.00361  -0.00361  -0.00359  -0.00350  -0.00349  -0.00346  -0.00345  -0.00341  -0.00339
       -0.00336  -0.00333  -0.00331  -0.00326  -0.00324  -0.00320  -0.00318  -0.00316  -0.00314
       -0.00311  -0.00309  -0.00305  -0.00302  -0.00299  -0.00298  -0.00296  -0.00289  -0.00288
       -0.00286  -0.00284  -0.00280  -0.00277  -0.00275  -0.00274  -0.00273  -0.00269  -0.00266
       -0.00263  -0.00261  -0.00260  -0.00256  -0.00255  -0.00252  -0.00249  -0.00246  -0.00243
       -0.00242  -0.00239  -0.00236  -0.00235  -0.00234  -0.00231  -0.00228  -0.00225  -0.00225
       -0.00219  -0.00219  -0.00216  -0.00213  -0.00212  -0.00210  -0.00208  -0.00206  -0.00202
       -0.00200  -0.00198  -0.00197  -0.00195  -0.00190  -0.00188  -0.00186  -0.00184  -0.00180
       -0.00177  -0.00174  -0.00173  -0.00169  -0.00168  -0.00167  -0.00165  -0.00163  -0.00162
       -0.00154  -0.00149  -0.00145   0.00244
        
     --------------------------------------------------------------------------------------------
     Tot. elapsed time 48.0s,  time spent in last iteration 48.0s
     --------------------------------------------------------------------------------------------

     [I/O] -------------------------------------------------------
     [I/O] RESTART written in < 00.1s             
     [I/O] In location   : ./ch3oh_20_400.wstat.restart
     [I/O] -------------------------------------------------------

                       *----------*              *----------*               *----------*
     #     Iteration = |        1 |   DFPT_dim = |      400 |   Diago_dim = |      800 |
                       *----------*              *----------*               *----------*
       
     --------------------------------------------------------------------------------------------
     Applying projection operator formed by dvg                          
     --------------------------------------------------------------------------------------------
     per-process dynamical memory   203.4 Mb
  
       
     --------------------------------------------------------------------------------------------
     Sternheimer eq. solver... with threshold =   1.000000E-12           
     --------------------------------------------------------------------------------------------
     in progress... |#                   | 005% :               00.9s (E)               18.7s (X)
     in progress... |##                  | 010% :               01.8s (E)               18.6s (X)
     in progress... |###                 | 015% :               02.7s (E)               18.5s (X)
     in progress... |####                | 020% :               03.7s (E)               18.5s (X)
     in progress... |#####               | 025% :               04.6s (E)               18.4s (X)
     in progress... |######              | 030% :               05.5s (E)               18.4s (X)
     in progress... |#######             | 035% :               06.4s (E)               18.3s (X)
     in progress... |########            | 040% :               07.3s (E)               18.3s (X)
     in progress... |#########           | 045% :               08.2s (E)               18.3s (X)
     in progress... |##########          | 050% :               09.1s (E)               18.3s (X)
     in progress... |###########         | 055% :               10.0s (E)               18.3s (X)
     in progress... |############        | 060% :               10.9s (E)               18.3s (X)
     in progress... |#############       | 065% :               11.8s (E)               18.3s (X)
     in progress... |##############      | 070% :               12.8s (E)               18.2s (X)
     in progress... |###############     | 075% :               13.7s (E)               18.2s (X)
     in progress... |################    | 080% :               14.6s (E)               18.2s (X)
     in progress... |#################   | 085% :               15.5s (E)               18.2s (X)
     in progress... |##################  | 090% :               16.4s (E)               18.2s (X)
     in progress... |################### | 095% :               17.3s (E)               18.2s (X)
     in progress... |####################| 100% :               18.2s (E)               18.2s (X)
       
     --------------------------------------------------------------------------------------------
     Applying projection operator formed by dvg                          
     --------------------------------------------------------------------------------------------
     --------------------------------------------------------------------------------------------
     p-DIAGOX done in 00.4s with a SCALAPACK grid (12x12)
     --------------------------------------------------------------------------------------------
        
       -0.18935  -0.17411  -0.16424  -0.15999  -0.15886  -0.15170  -0.14343  -0.14262  -0.13729
       -0.13396  -0.13336  -0.12664  -0.12123  -0.11712  -0.11360  -0.11283  -0.10738  -0.10548
       -0.10379  -0.10175  -0.10077  -0.09492  -0.08884  -0.08859  -0.08567  -0.08371  -0.08026
       -0.07995  -0.07401  -0.07252  -0.07239  -0.06618  -0.06583  -0.06506  -0.06502  -0.06254
       -0.05980  -0.05900  -0.05756  -0.05680  -0.05587  -0.05520  -0.05382  -0.05320  -0.05211
       -0.05144  -0.05109  -0.04863  -0.04770  -0.04765  -0.04598  -0.04584  -0.04523  -0.04497
       -0.04463  -0.04436  -0.04359  -0.04320  -0.04214  -0.04199  -0.04132  -0.04096  -0.04075
       -0.03940  -0.03919  -0.03800  -0.03787  -0.03662  -0.03610  -0.03529  -0.03498  -0.03454
       -0.03448  -0.03360  -0.03287  -0.03260  -0.03194  -0.03119  -0.03090  -0.03087  -0.02995
       -0.02991  -0.02920  -0.02903  -0.02844  -0.02820  -0.02794  -0.02775  -0.02728  -0.02713
       -0.02680  -0.02669  -0.02642  -0.02597  -0.02574  -0.02572  -0.02554  -0.02473  -0.02466
       -0.02437  -0.02418  -0.02406  -0.02372  -0.02360  -0.02345  -0.02288  -0.02262  -0.02261
       -0.02212  -0.02201  -0.02177  -0.02160  -0.02155  -0.02145  -0.02140  -0.02112  -0.02091
       -0.02078  -0.02057  -0.02050  -0.02031  -0.02015  -0.02005  -0.01981  -0.01974  -0.01935
       -0.01919  -0.01917  -0.01872  -0.01868  -0.01839  -0.01830  -0.01821  -0.01788  -0.01778
       -0.01765  -0.01750  -0.01717  -0.01706  -0.01690  -0.01675  -0.01661  -0.01653  -0.01647
       -0.01636  -0.01627  -0.01621  -0.01573  -0.01568  -0.01556  -0.01552  -0.01532  -0.01525
       -0.01514  -0.01501  -0.01496  -0.01486  -0.01478  -0.01471  -0.01447  -0.01440  -0.01435
       -0.01430  -0.01422  -0.01412  -0.01396  -0.01389  -0.01379  -0.01372  -0.01365  -0.01335
       -0.01334  -0.01331  -0.01321  -0.01317  -0.01304  -0.01299  -0.01293  -0.01280  -0.01270
       -0.01262  -0.01261  -0.01251  -0.01246  -0.01237  -0.01232  -0.01220  -0.01207  -0.01201
       -0.01197  -0.01186  -0.01185  -0.01172  -0.01170  -0.01167  -0.01148  -0.01145  -0.01141
       -0.01136  -0.01128  -0.01115  -0.01113  -0.01111  -0.01108  -0.01099  -0.01096  -0.01083
       -0.01067  -0.01057  -0.01053  -0.01053  -0.01049  -0.01041  -0.01032  -0.01030  -0.01020
       -0.01012  -0.01004  -0.00998  -0.00990  -0.00984  -0.00983  -0.00976  -0.00965  -0.00961
       -0.00954  -0.00953  -0.00947  -0.00944  -0.00940  -0.00932  -0.00930  -0.00924  -0.00921
       -0.00917  -0.00914  -0.00909  -0.00905  -0.00898  -0.00887  -0.00885  -0.00875  -0.00872
       -0.00870  -0.00866  -0.00862  -0.00860  -0.00854  -0.00845  -0.00835  -0.00833  -0.00832
       -0.00830  -0.00825  -0.00819  -0.00816  -0.00814  -0.00809  -0.00806  -0.00806  -0.00800
       -0.00796  -0.00795  -0.00794  -0.00787  -0.00786  -0.00776  -0.00770  -0.00768  -0.00765
       -0.00761  -0.00758  -0.00751  -0.00748  -0.00743  -0.00738  -0.00735  -0.00734  -0.00731
       -0.00726  -0.00725  -0.00718  -0.00716  -0.00713  -0.00711  -0.00705  -0.00702  -0.00698
       -0.00697  -0.00692  -0.00688  -0.00685  -0.00682  -0.00680  -0.00678  -0.00672  -0.00671
       -0.00667  -0.00661  -0.00658  -0.00657  -0.00655  -0.00650  -0.00647  -0.00645  -0.00640
       -0.00639  -0.00633  -0.00633  -0.00628  -0.00626  -0.00623  -0.00620  -0.00618  -0.00616
       -0.00614  -0.00608  -0.00606  -0.00604  -0.00602  -0.00600  -0.00596  -0.00592  -0.00589
       -0.00586  -0.00586  -0.00578  -0.00577  -0.00575  -0.00571  -0.00569  -0.00565  -0.00563
       -0.00560  -0.00557  -0.00553  -0.00552  -0.00550  -0.00546  -0.00544  -0.00543  -0.00538
       -0.00536  -0.00534  -0.00532  -0.00530  -0.00526  -0.00525  -0.00525  -0.00524  -0.00522
       -0.00518  -0.00516  -0.00515  -0.00512  -0.00510  -0.00507  -0.00505  -0.00503  -0.00503
       -0.00499  -0.00498  -0.00493  -0.00492  -0.00490  -0.00487  -0.00485  -0.00484  -0.00483
       -0.00477  -0.00477  -0.00474  -0.00471  -0.00470  -0.00468  -0.00465  -0.00464  -0.00462
       -0.00461  -0.00459  -0.00457  -0.00453  -0.00451  -0.00449  -0.00445  -0.00444  -0.00443
       -0.00441  -0.00439  -0.00437  -0.00436  -0.00434  -0.00433  -0.00431  -0.00428  -0.00425
       -0.00423  -0.00422  -0.00420  -0.00417
        
     --------------------------------------------------------------------------------------------
     Tot. elapsed time 01m-32.5s,  time spent in last iteration 30.7s
     --------------------------------------------------------------------------------------------

     [I/O] -------------------------------------------------------
     [I/O] RESTART written in < 00.1s             
     [I/O] In location   : ./ch3oh_20_400.wstat.restart
     [I/O] -------------------------------------------------------

                       *----------*              *----------*               *----------*
     #     Iteration = |        2 |   DFPT_dim = |      309 |   Diago_dim = |     1109 |
                       *----------*              *----------*               *----------*
       
     --------------------------------------------------------------------------------------------
     Applying projection operator formed by dvg                          
     --------------------------------------------------------------------------------------------
     per-process dynamical memory   204.0 Mb
  
       
     --------------------------------------------------------------------------------------------
     Sternheimer eq. solver... with threshold =   1.000000E-12           
     --------------------------------------------------------------------------------------------
     in progress... |#                   | 005% :               00.9s (E)               18.3s (X)
     in progress... |##                  | 010% :               01.8s (E)               18.1s (X)
     in progress... |###                 | 015% :               02.2s (E)               15.1s (X)
     in progress... |####                | 020% :               03.1s (E)               15.9s (X)
     in progress... |#####               | 025% :               03.6s (E)               14.5s (X)
     in progress... |######              | 030% :               04.5s (E)               15.1s (X)
     in progress... |#######             | 035% :               05.0s (E)               14.3s (X)
     in progress... |########            | 040% :               05.9s (E)               14.7s (X)
     in progress... |#########           | 045% :               06.3s (E)               14.1s (X)
     in progress... |##########          | 050% :               07.2s (E)               14.5s (X)
     in progress... |###########         | 055% :               08.1s (E)               14.8s (X)
     in progress... |############        | 060% :               08.6s (E)               14.3s (X)
     in progress... |#############       | 065% :               09.5s (E)               14.6s (X)
     in progress... |##############      | 070% :               10.0s (E)               14.2s (X)
     in progress... |###############     | 075% :               10.9s (E)               14.5s (X)
     in progress... |################    | 080% :               11.3s (E)               14.1s (X)
     in progress... |#################   | 085% :               12.2s (E)               14.4s (X)
     in progress... |##################  | 090% :               12.7s (E)               14.1s (X)
     in progress... |################### | 095% :               13.6s (E)               14.3s (X)
     in progress... |####################| 100% :               14.0s (E)               14.0s (X)
       
     --------------------------------------------------------------------------------------------
     Applying projection operator formed by dvg                          
     --------------------------------------------------------------------------------------------
     --------------------------------------------------------------------------------------------
     p-DIAGOX done in 00.6s with a SCALAPACK grid (12x12)
     --------------------------------------------------------------------------------------------
        
       -0.18935  -0.17411  -0.16424  -0.15999  -0.15886  -0.15170  -0.14343  -0.14262  -0.13729
       -0.13396  -0.13336  -0.12664  -0.12123  -0.11712  -0.11360  -0.11283  -0.10738  -0.10548
       -0.10379  -0.10176  -0.10077  -0.09492  -0.08884  -0.08859  -0.08567  -0.08371  -0.08026
       -0.07995  -0.07401  -0.07252  -0.07239  -0.06618  -0.06583  -0.06506  -0.06502  -0.06254
       -0.05980  -0.05900  -0.05756  -0.05680  -0.05587  -0.05520  -0.05382  -0.05320  -0.05211
       -0.05144  -0.05109  -0.04863  -0.04770  -0.04765  -0.04598  -0.04584  -0.04523  -0.04497
       -0.04464  -0.04436  -0.04359  -0.04320  -0.04214  -0.04199  -0.04132  -0.04097  -0.04075
       -0.03940  -0.03919  -0.03800  -0.03787  -0.03662  -0.03610  -0.03529  -0.03498  -0.03454
       -0.03448  -0.03360  -0.03287  -0.03260  -0.03194  -0.03119  -0.03090  -0.03087  -0.02996
       -0.02991  -0.02920  -0.02903  -0.02845  -0.02820  -0.02794  -0.02775  -0.02729  -0.02713
       -0.02681  -0.02670  -0.02642  -0.02598  -0.02574  -0.02573  -0.02555  -0.02473  -0.02466
       -0.02437  -0.02418  -0.02407  -0.02372  -0.02361  -0.02346  -0.02289  -0.02262  -0.02262
       -0.02213  -0.02202  -0.02178  -0.02161  -0.02156  -0.02146  -0.02140  -0.02113  -0.02092
       -0.02079  -0.02058  -0.02051  -0.02032  -0.02015  -0.02006  -0.01982  -0.01975  -0.01936
       -0.01920  -0.01918  -0.01873  -0.01869  -0.01840  -0.01831  -0.01822  -0.01789  -0.01779
       -0.01767  -0.01751  -0.01719  -0.01707  -0.01691  -0.01677  -0.01662  -0.01655  -0.01649
       -0.01638  -0.01629  -0.01623  -0.01575  -0.01570  -0.01557  -0.01554  -0.01535  -0.01527
       -0.01517  -0.01503  -0.01499  -0.01488  -0.01480  -0.01473  -0.01449  -0.01443  -0.01437
       -0.01432  -0.01426  -0.01414  -0.01399  -0.01392  -0.01382  -0.01376  -0.01368  -0.01338
       -0.01337  -0.01335  -0.01325  -0.01321  -0.01309  -0.01302  -0.01297  -0.01283  -0.01274
       -0.01267  -0.01265  -0.01255  -0.01252  -0.01244  -0.01237  -0.01224  -0.01213  -0.01207
       -0.01203  -0.01192  -0.01191  -0.01178  -0.01175  -0.01173  -0.01154  -0.01151  -0.01147
       -0.01143  -0.01134  -0.01121  -0.01120  -0.01117  -0.01115  -0.01106  -0.01104  -0.01090
       -0.01073  -0.01067  -0.01061  -0.01060  -0.01057  -0.01048  -0.01039  -0.01038  -0.01028
       -0.01020  -0.01010  -0.01007  -0.00999  -0.00995  -0.00991  -0.00987  -0.00977  -0.00971
       -0.00963  -0.00962  -0.00960  -0.00957  -0.00952  -0.00948  -0.00941  -0.00934  -0.00931
       -0.00929  -0.00925  -0.00921  -0.00916  -0.00909  -0.00898  -0.00896  -0.00887  -0.00885
       -0.00882  -0.00878  -0.00875  -0.00874  -0.00869  -0.00857  -0.00848  -0.00846  -0.00845
       -0.00844  -0.00840  -0.00835  -0.00830  -0.00828  -0.00827  -0.00823  -0.00821  -0.00816
       -0.00815  -0.00812  -0.00809  -0.00805  -0.00804  -0.00796  -0.00792  -0.00786  -0.00781
       -0.00777  -0.00774  -0.00772  -0.00766  -0.00762  -0.00758  -0.00753  -0.00752  -0.00748
       -0.00745  -0.00744  -0.00740  -0.00739  -0.00735  -0.00730  -0.00727  -0.00724  -0.00720
       -0.00716  -0.00714  -0.00711  -0.00708  -0.00705  -0.00703  -0.00703  -0.00702  -0.00697
       -0.00695  -0.00687  -0.00682  -0.00680  -0.00680  -0.00678  -0.00674  -0.00669  -0.00669
       -0.00663  -0.00661  -0.00661  -0.00655  -0.00654  -0.00652  -0.00647  -0.00646  -0.00644
       -0.00642  -0.00637  -0.00636  -0.00634  -0.00631  -0.00630  -0.00627  -0.00621  -0.00621
       -0.00616  -0.00616  -0.00611  -0.00609  -0.00608  -0.00604  -0.00600  -0.00597  -0.00595
       -0.00591  -0.00590  -0.00588  -0.00586  -0.00581  -0.00579  -0.00576  -0.00575  -0.00574
       -0.00573  -0.00571  -0.00570  -0.00566  -0.00565  -0.00563  -0.00559  -0.00559  -0.00557
       -0.00556  -0.00555  -0.00551  -0.00551  -0.00549  -0.00548  -0.00545  -0.00543  -0.00541
       -0.00541  -0.00540  -0.00537  -0.00536  -0.00530  -0.00526  -0.00525  -0.00524  -0.00521
       -0.00520  -0.00519  -0.00518  -0.00516  -0.00513  -0.00511  -0.00510  -0.00506  -0.00505
       -0.00504  -0.00502  -0.00500  -0.00499  -0.00498  -0.00495  -0.00493  -0.00492  -0.00490
       -0.00489  -0.00487  -0.00487  -0.00485  -0.00482  -0.00481  -0.00480  -0.00478  -0.00475
       -0.00473  -0.00471  -0.00467  -0.00465
        
     --------------------------------------------------------------------------------------------
     Tot. elapsed time 02m-14.5s,  time spent in last iteration 28.3s
     --------------------------------------------------------------------------------------------

     [I/O] -------------------------------------------------------
     [I/O] RESTART written in < 00.1s             
     [I/O] In location   : ./ch3oh_20_400.wstat.restart
     [I/O] -------------------------------------------------------

                       *----------*              *----------*               *----------*
     #     Iteration = |        3 |   DFPT_dim = |       19 |   Diago_dim = |     1128 |
                       *----------*              *----------*               *----------*
       
     --------------------------------------------------------------------------------------------
     Applying projection operator formed by dvg                          
     --------------------------------------------------------------------------------------------
     per-process dynamical memory   198.6 Mb
  
       
     --------------------------------------------------------------------------------------------
     Sternheimer eq. solver... with threshold =   1.000000E-12           
     --------------------------------------------------------------------------------------------
     in progress... |##########          | 050% :               00.4s (E)               00.9s (X)
     in progress... |####################| 100% :               00.9s (E)               00.9s (X)
       
     --------------------------------------------------------------------------------------------
     Applying projection operator formed by dvg                          
     --------------------------------------------------------------------------------------------
     --------------------------------------------------------------------------------------------
     p-DIAGOX done in 00.6s with a SCALAPACK grid (12x12)
     --------------------------------------------------------------------------------------------
        
       -0.18935  -0.17411  -0.16424  -0.15999  -0.15886  -0.15170  -0.14343  -0.14262  -0.13729
       -0.13396  -0.13336  -0.12664  -0.12123  -0.11712  -0.11360  -0.11283  -0.10738  -0.10548
       -0.10379  -0.10176  -0.10077  -0.09492  -0.08884  -0.08859  -0.08567  -0.08371  -0.08026
       -0.07995  -0.07401  -0.07252  -0.07239  -0.06618  -0.06583  -0.06506  -0.06502  -0.06254
       -0.05980  -0.05900  -0.05756  -0.05680  -0.05587  -0.05520  -0.05382  -0.05320  -0.05211
       -0.05144  -0.05109  -0.04863  -0.04770  -0.04765  -0.04598  -0.04584  -0.04523  -0.04497
       -0.04464  -0.04436  -0.04359  -0.04320  -0.04214  -0.04199  -0.04132  -0.04097  -0.04075
       -0.03940  -0.03919  -0.03800  -0.03787  -0.03662  -0.03610  -0.03529  -0.03498  -0.03454
       -0.03448  -0.03360  -0.03287  -0.03260  -0.03194  -0.03119  -0.03090  -0.03087  -0.02996
       -0.02991  -0.02920  -0.02903  -0.02845  -0.02820  -0.02794  -0.02775  -0.02729  -0.02713
       -0.02681  -0.02670  -0.02642  -0.02598  -0.02574  -0.02573  -0.02555  -0.02473  -0.02466
       -0.02437  -0.02418  -0.02407  -0.02372  -0.02361  -0.02346  -0.02289  -0.02262  -0.02262
       -0.02213  -0.02202  -0.02178  -0.02161  -0.02156  -0.02146  -0.02140  -0.02113  -0.02092
       -0.02079  -0.02058  -0.02051  -0.02032  -0.02015  -0.02006  -0.01982  -0.01975  -0.01936
       -0.01920  -0.01918  -0.01873  -0.01869  -0.01840  -0.01831  -0.01822  -0.01789  -0.01779
       -0.01767  -0.01751  -0.01719  -0.01707  -0.01691  -0.01677  -0.01662  -0.01655  -0.01649
       -0.01638  -0.01629  -0.01623  -0.01575  -0.01570  -0.01557  -0.01554  -0.01535  -0.01527
       -0.01517  -0.01503  -0.01499  -0.01488  -0.01480  -0.01473  -0.01449  -0.01443  -0.01437
       -0.01432  -0.01426  -0.01414  -0.01399  -0.01392  -0.01382  -0.01376  -0.01368  -0.01338
       -0.01337  -0.01335  -0.01325  -0.01321  -0.01309  -0.01302  -0.01297  -0.01283  -0.01274
       -0.01267  -0.01265  -0.01255  -0.01252  -0.01244  -0.01237  -0.01224  -0.01213  -0.01207
       -0.01203  -0.01192  -0.01191  -0.01178  -0.01175  -0.01173  -0.01154  -0.01151  -0.01147
       -0.01143  -0.01134  -0.01121  -0.01120  -0.01117  -0.01115  -0.01106  -0.01104  -0.01090
       -0.01073  -0.01067  -0.01061  -0.01060  -0.01057  -0.01048  -0.01039  -0.01038  -0.01028
       -0.01020  -0.01011  -0.01007  -0.00999  -0.00995  -0.00991  -0.00987  -0.00977  -0.00971
       -0.00963  -0.00962  -0.00960  -0.00957  -0.00952  -0.00948  -0.00941  -0.00934  -0.00931
       -0.00929  -0.00925  -0.00921  -0.00916  -0.00909  -0.00898  -0.00896  -0.00887  -0.00886
       -0.00882  -0.00878  -0.00875  -0.00874  -0.00869  -0.00857  -0.00849  -0.00846  -0.00845
       -0.00844  -0.00840  -0.00835  -0.00830  -0.00828  -0.00827  -0.00824  -0.00821  -0.00816
       -0.00815  -0.00812  -0.00809  -0.00805  -0.00804  -0.00796  -0.00792  -0.00786  -0.00781
       -0.00777  -0.00774  -0.00772  -0.00766  -0.00762  -0.00758  -0.00753  -0.00752  -0.00748
       -0.00745  -0.00745  -0.00740  -0.00739  -0.00735  -0.00730  -0.00727  -0.00724  -0.00721
       -0.00716  -0.00714  -0.00711  -0.00708  -0.00705  -0.00704  -0.00703  -0.00702  -0.00697
       -0.00696  -0.00687  -0.00682  -0.00681  -0.00680  -0.00678  -0.00674  -0.00669  -0.00669
       -0.00663  -0.00661  -0.00661  -0.00655  -0.00654  -0.00652  -0.00647  -0.00646  -0.00645
       -0.00642  -0.00637  -0.00636  -0.00634  -0.00631  -0.00630  -0.00627  -0.00622  -0.00621
       -0.00617  -0.00616  -0.00612  -0.00609  -0.00608  -0.00604  -0.00600  -0.00597  -0.00595
       -0.00591  -0.00590  -0.00588  -0.00586  -0.00582  -0.00579  -0.00576  -0.00575  -0.00574
       -0.00573  -0.00571  -0.00570  -0.00567  -0.00566  -0.00563  -0.00559  -0.00559  -0.00557
       -0.00556  -0.00556  -0.00552  -0.00552  -0.00550  -0.00548  -0.00545  -0.00543  -0.00542
       -0.00542  -0.00540  -0.00538  -0.00537  -0.00531  -0.00526  -0.00526  -0.00525  -0.00522
       -0.00521  -0.00520  -0.00519  -0.00517  -0.00514  -0.00512  -0.00510  -0.00507  -0.00506
       -0.00504  -0.00502  -0.00502  -0.00501  -0.00501  -0.00500  -0.00496  -0.00495  -0.00494
       -0.00492  -0.00491  -0.00491  -0.00489  -0.00487  -0.00485  -0.00484  -0.00481  -0.00477
       -0.00477  -0.00476  -0.00472  -0.00469
        
     --------------------------------------------------------------------------------------------
     Tot. elapsed time 02m-35.8s,  time spent in last iteration 07.2s
     --------------------------------------------------------------------------------------------
       
     --------------------------------------------------------------------------------------------
     Convergence achieved !!! in        3 steps                          
     --------------------------------------------------------------------------------------------
      
     --------------------------------------------------------------------------------------------
     Database written in < 00.1s             
     In location : ./ch3oh_20_400.wstat.save
     --------------------------------------------------------------------------------------------
 
     WSTAT        :  3m15.85s CPU     5m19.81s WALL

     wstat_readin :      7.58s CPU     41.21s WALL (       1 calls)
     fetch_nml    :      0.04s CPU      0.04s WALL (       1 calls)
     read_xml     :      1.37s CPU      1.74s WALL (       1 calls)
     init_vloc    :      0.16s CPU      0.16s WALL (       2 calls)
     fft          :      0.26s CPU      0.28s WALL (      11 calls)
     fft_scatter  :     18.83s CPU     18.87s WALL (    5509 calls)
     v_of_rho     :      0.29s CPU      0.31s WALL (       1 calls)
     v_xc         :      0.26s CPU      0.28s WALL (       1 calls)
     v_h          :      0.03s CPU      0.04s WALL (       1 calls)
     read_wave    :      6.15s CPU     39.25s WALL (       1 calls)
     davcio       :      0.00s CPU      1.57s WALL (       2 calls)
     init_us_1    :      0.10s CPU      0.10s WALL (       2 calls)
     do_setup     :      0.28s CPU      0.29s WALL (       1 calls)
     init_pw_ar   :      0.28s CPU      0.29s WALL (       1 calls)
     init_at_1    :      0.00s CPU      0.00s WALL (       1 calls)
     storesqvc    :      0.01s CPU      0.01s WALL (       1 calls)
     chidiago     :     56.42s CPU     79.35s WALL (       1 calls)
     randomize    :      0.95s CPU      0.97s WALL (       2 calls)
     paramgs      :     12.85s CPU     12.96s WALL (      12 calls)
     dfpt         :    111.19s CPU    111.71s WALL (      11 calls)
     init_us_2    :      0.05s CPU      0.05s WALL (      11 calls)
     fftw         :     51.25s CPU     51.48s WALL (    5498 calls)
     alphapc      :      0.36s CPU      0.36s WALL (     164 calls)
     wstat_restar :     22.68s CPU     84.48s WALL (       9 calls)
     linstern     :     57.96s CPU     58.22s WALL (     122 calls)
     stern        :     44.88s CPU     45.10s WALL (    3923 calls)
     h_psi_bgrp   :     35.90s CPU     36.06s WALL (     366 calls)
     h_psi        :     35.90s CPU     36.06s WALL (     366 calls)
     h_psi:pot    :     35.69s CPU     35.86s WALL (     366 calls)
     vloc_psi     :     32.99s CPU     33.14s WALL (     366 calls)
     h_psi:calbec :      1.47s CPU      1.39s WALL (     366 calls)
     calbec       :      1.46s CPU      1.39s WALL (     366 calls)
     add_vuspsi   :      1.23s CPU      1.33s WALL (     366 calls)
     alphapv      :      5.21s CPU      5.19s WALL (    3923 calls)
     build_hr     :      7.32s CPU      7.50s WALL (       9 calls)
     diagox       :      2.19s CPU      2.23s WALL (       9 calls)
     redistr_vr   :      0.29s CPU      0.30s WALL (       7 calls)
     update_vr    :     12.17s CPU     12.49s WALL (       7 calls)
     symm_hr      :      0.28s CPU      0.29s WALL (       7 calls)
     chidiago:las :      0.13s CPU      0.13s WALL (       2 calls)
     refresh_vr   :      4.50s CPU      4.58s WALL (       4 calls)
     pdep_db      :      0.47s CPU      1.78s WALL (       1 calls)
     kinchidiago  :    131.56s CPU    198.94s WALL (       1 calls)
     k_psi        :      1.35s CPU      1.36s WALL (    3557 calls)
     kinchidiago: :      0.00s CPU      0.00s WALL (       1 calls)
     pdep_db_for_ :     10.38s CPU     35.37s WALL (       1 calls)
 
     WSTAT        :  3m15.86s CPU     5m19.82s WALL

 
   This run was terminated on:  13:26:20  30Apr2018            

=------------------------------------------------------------------------------=
   JOB DONE.
=------------------------------------------------------------------------------=
