
     Program AVERAGE v.6.1 (svn rev. 13369) starts on 18Sep2017 at 16:45:36 

     This program is part of the open-source Quantum ESPRESSO suite
     for quantum simulation of materials; please cite
         "P. Giannozzi et al., J. Phys.:Condens. Matter 21 395502 (2009);
          URL http://www.quantum-espresso.org", 
     in publications or presentations arising from this work. More details at
     http://www.quantum-espresso.org/quote

     Parallel version (MPI & OpenMP), running on      20 processor cores
     Number of MPI processes:                 1
     Threads/MPI process:                    20
     Reading header from file  si-atom.dat

   Info: using nr1, nr2, nr3 values from input

   Info: using nr1, nr2, nr3 values from input
 
     G-vector sticks info
     --------------------
     sticks:   dense  smooth     PW     G-vecs:    dense   smooth      PW
     Sum        9401    9401      1               684885   684885       1
 
     Reading data from file  si-atom.dat
    0.000000000   -0.130533892   -0.045001335
    0.013686000   -0.130504179   -0.045000885
    0.027372000   -0.130415144   -0.044999564
    0.041058000   -0.130266934   -0.044997372
    0.054744000   -0.130059791   -0.044994308
    0.068430000   -0.129794052   -0.044990370
    0.082116000   -0.129470143   -0.044985558
    0.095802000   -0.129088579   -0.044979869
    0.109488000   -0.128649958   -0.044973302
    0.123174000   -0.128154958   -0.044965855
    0.136860000   -0.127604328   -0.044957524
    0.150546000   -0.126998889   -0.044948308
    0.164232000   -0.126339526   -0.044938204
    0.177918000   -0.125627183   -0.044927208
    0.191604000   -0.124862858   -0.044915316
    0.205290000   -0.124047604   -0.044902527
    0.218976000   -0.123182518   -0.044888835
    0.232662000   -0.122268746   -0.044874238
    0.246348000   -0.121307473   -0.044858730
    0.260034000   -0.120299931   -0.044842308
    0.273720000   -0.119247389   -0.044824967
    0.287406000   -0.118151159   -0.044806702
    0.301092000   -0.117012597   -0.044787509
    0.314778000   -0.115833099   -0.044767382
    0.328464000   -0.114614108   -0.044746315
    0.342150000   -0.113357114   -0.044724304
    0.355836000   -0.112063654   -0.044701342
    0.369522000   -0.110735317   -0.044677422
    0.383208000   -0.109373745   -0.044652538
    0.396894000   -0.107980633   -0.044626683
    0.410580000   -0.106557733   -0.044599850
    0.424266000   -0.105106849   -0.044572032
    0.437952000   -0.103629842   -0.044543219
    0.451638000   -0.102128627   -0.044513404
    0.465324000   -0.100605167   -0.044482579
    0.479010000   -0.099061475   -0.044450735
    0.492696000   -0.097499606   -0.044417862
    0.506382000   -0.095921652   -0.044383951
    0.520068000   -0.094329738   -0.044348992
    0.533754000   -0.092726011   -0.044312976
    0.547440000   -0.091112635   -0.044275892
    0.561126000   -0.089491780   -0.044237730
    0.574812000   -0.087865616   -0.044198480
    0.588498000   -0.086236298   -0.044158130
    0.602184000   -0.084605962   -0.044116670
    0.615870000   -0.082976711   -0.044074089
    0.629556000   -0.081350610   -0.044030375
    0.643242000   -0.079729672   -0.043985516
    0.656928000   -0.078115851   -0.043939502
    0.670614000   -0.076511036   -0.043892319
    0.684300000   -0.074917042   -0.043843956
    0.697986000   -0.073335604   -0.043794400
    0.711672000   -0.071768370   -0.043743639
    0.725358000   -0.070216900   -0.043691658
    0.739044000   -0.068682660   -0.043638446
    0.752730000   -0.067167019   -0.043583986
    0.766416000   -0.065671250   -0.043528266
    0.780102000   -0.064196524   -0.043471271
    0.793788000   -0.062743916   -0.043412985
    0.807474000   -0.061314400   -0.043353393
    0.821160000   -0.059908853   -0.043292478
    0.834846000   -0.058528055   -0.043230225
    0.848532000   -0.057172690   -0.043166616
    0.862218000   -0.055843348   -0.043101634
    0.875904000   -0.054540526   -0.043035262
    0.889590000   -0.053264632   -0.042967482
    0.903276000   -0.052015982   -0.042898276
    0.916962000   -0.050794805   -0.042827626
    0.930648000   -0.049601242   -0.042755512
    0.944334000   -0.048435350   -0.042681917
    0.958020000   -0.047297100   -0.042606823
    0.971706000   -0.046186377   -0.042530210
    0.985392000   -0.045102987   -0.042452061
    0.999078000   -0.044046651   -0.042372357
    1.012764000   -0.043017013   -0.042291080
    1.026450000   -0.042013637   -0.042208213
    1.040136000   -0.041036011   -0.042123737
    1.053822000   -0.040083554   -0.042037636
    1.067508000   -0.039155612   -0.041949891
    1.081194000   -0.038251471   -0.041860486
    1.094880000   -0.037370355   -0.041769403
    1.108566000   -0.036511438   -0.041676623
    1.122252000   -0.035673849   -0.041582131
    1.135938000   -0.034856677   -0.041485906
    1.149624000   -0.034058983   -0.041387932
    1.163310000   -0.033279809   -0.041288187
    1.176996000   -0.032518185   -0.041186653
    1.190682000   -0.031773141   -0.041083307
    1.204368000   -0.031043716   -0.040978128
    1.218054000   -0.030328969   -0.040871090
    1.231740000   -0.029627985   -0.040762170
    1.245426000   -0.028939889   -0.040651338
    1.259112000   -0.028263851   -0.040538566
    1.272798000   -0.027599092   -0.040423822
    1.286484000   -0.026944896   -0.040307073
    1.300170000   -0.026300609   -0.040188282
    1.313856000   -0.025665646   -0.040067410
    1.327542000   -0.025039493   -0.039944417
    1.341228000   -0.024421707   -0.039819258
    1.354914000   -0.023811918   -0.039691887
    1.368600000   -0.023209824   -0.039562254
    1.382286000   -0.022615188   -0.039430307
    1.395972000   -0.022027837   -0.039295993
    1.409658000   -0.021447653   -0.039159253
    1.423344000   -0.020874570   -0.039020029
    1.437030000   -0.020308562   -0.038878258
    1.450716000   -0.019749640   -0.038733877
    1.464402000   -0.019197846   -0.038586820
    1.478088000   -0.018653237   -0.038437019
    1.491774000   -0.018115886   -0.038284404
    1.505460000   -0.017585873   -0.038128905
    1.519146000   -0.017063273   -0.037970450
    1.532832000   -0.016548158   -0.037808965
    1.546518000   -0.016040587   -0.037644377
    1.560204000   -0.015540603   -0.037476611
    1.573890000   -0.015048231   -0.037305592
    1.587576000   -0.014563477   -0.037131246
    1.601262000   -0.014086321   -0.036953498
    1.614948000   -0.013616725   -0.036772273
    1.628634000   -0.013154629   -0.036587498
    1.642320000   -0.012699954   -0.036399100
    1.656006000   -0.012252602   -0.036207007
    1.669692000   -0.011812463   -0.036011148
    1.683378000   -0.011379413   -0.035811456
    1.697064000   -0.010953323   -0.035607863
    1.710750000   -0.010534055   -0.035400304
    1.724436000   -0.010121472   -0.035188718
    1.738122000   -0.009715438   -0.034973044
    1.751808000   -0.009315819   -0.034753225
    1.765494000   -0.008922488   -0.034529209
    1.779180000   -0.008535327   -0.034300944
    1.792866000   -0.008154225   -0.034068386
    1.806552000   -0.007779081   -0.033831490
    1.820238000   -0.007409803   -0.033590220
    1.833924000   -0.007046311   -0.033344542
    1.847610000   -0.006688530   -0.033094426
    1.861296000   -0.006336395   -0.032839849
    1.874982000   -0.005989847   -0.032580792
    1.888668000   -0.005648829   -0.032317241
    1.902354000   -0.005313291   -0.032049189
    1.916040000   -0.004983179   -0.031776633
    1.929726000   -0.004658444   -0.031499576
    1.943412000   -0.004339031   -0.031218028
    1.957098000   -0.004024884   -0.030932003
    1.970784000   -0.003715943   -0.030641523
    1.984470000   -0.003412141   -0.030346615
    1.998156000   -0.003113409   -0.030047312
    2.011842000   -0.002819672   -0.029743652
    2.025528000   -0.002530851   -0.029435680
    2.039214000   -0.002246861   -0.029123446
    2.052900000   -0.001967618   -0.028807007
    2.066586000   -0.001693032   -0.028486424
    2.080272000   -0.001423014   -0.028161763
    2.093958000   -0.001157475   -0.027833098
    2.107644000   -0.000896327   -0.027500505
    2.121330000   -0.000639487   -0.027164066
    2.135016000   -0.000386873   -0.026823869
    2.148702000   -0.000138408   -0.026480005
    2.162388000    0.000105980   -0.026132570
    2.176074000    0.000346358   -0.025781665
    2.189760000    0.000582786   -0.025427394
    2.203446000    0.000815320   -0.025069866
    2.217132000    0.001044012   -0.024709194
    2.230818000    0.001268909   -0.024345494
    2.244504000    0.001490054   -0.023978886
    2.258190000    0.001707487   -0.023609494
    2.271876000    0.001921248   -0.023237445
    2.285562000    0.002131377   -0.022862869
    2.299248000    0.002337911   -0.022485900
    2.312934000    0.002540891   -0.022106676
    2.326620000    0.002740361   -0.021725335
    2.340306000    0.002936365   -0.021342021
    2.353992000    0.003128951   -0.020956879
    2.367678000    0.003318171   -0.020570058
    2.381364000    0.003504080   -0.020181707
    2.395050000    0.003686736   -0.019791979
    2.408736000    0.003866200   -0.019401029
    2.422422000    0.004042537   -0.019009015
    2.436108000    0.004215809   -0.018616093
    2.449794000    0.004386085   -0.018222424
    2.463480000    0.004553428   -0.017828170
    2.477166000    0.004717903   -0.017433490
    2.490852000    0.004879575   -0.017038550
    2.504538000    0.005038503   -0.016643510
    2.518224000    0.005194746   -0.016248534
    2.531910000    0.005348356   -0.015853785
    2.545596000    0.005499384   -0.015459426
    2.559282000    0.005647876   -0.015065618
    2.572968000    0.005793873   -0.014672522
    2.586654000    0.005937413   -0.014280299
    2.600340000    0.006078531   -0.013889105
    2.614026000    0.006217258   -0.013499098
    2.627712000    0.006353622   -0.013110432
    2.641398000    0.006487650   -0.012723260
    2.655084000    0.006619368   -0.012337733
    2.668770000    0.006748802   -0.011953998
    2.682456000    0.006875977   -0.011572201
    2.696142000    0.007000921   -0.011192484
    2.709828000    0.007123662   -0.010814987
    2.723514000    0.007244231   -0.010439846
    2.737200000    0.007362661   -0.010067196
    2.750886000    0.007478987   -0.009697166
    2.764572000    0.007593246   -0.009329884
    2.778258000    0.007705479   -0.008965473
    2.791944000    0.007815728   -0.008604053
    2.805630000    0.007924035   -0.008245739
    2.819316000    0.008030444   -0.007890645
    2.833002000    0.008134999   -0.007538879
    2.846688000    0.008237745   -0.007190546
    2.860374000    0.008338724   -0.006845745
    2.874060000    0.008437976   -0.006504572
    2.887746000    0.008535542   -0.006167118
    2.901432000    0.008631457   -0.005833471
    2.915118000    0.008725754   -0.005503712
    2.928804000    0.008818465   -0.005177918
    2.942490000    0.008909615   -0.004856161
    2.956176000    0.008999228   -0.004538507
    2.969862000    0.009087326   -0.004225018
    2.983548000    0.009173927   -0.003915748
    2.997234000    0.009259047   -0.003610749
    3.010920000    0.009342701   -0.003310064
    3.024606000    0.009424903   -0.003013731
    3.038292000    0.009505665   -0.002721784
    3.051978000    0.009585001   -0.002434248
    3.065664000    0.009662926   -0.002151144
    3.079350000    0.009739454   -0.001872487
    3.093036000    0.009814603   -0.001598285
    3.106722000    0.009888391   -0.001328542
    3.120408000    0.009960840   -0.001063255
    3.134094000    0.010031972   -0.000802414
    3.147780000    0.010101813   -0.000546007
    3.161466000    0.010170390   -0.000294013
    3.175152000    0.010237731   -0.000046408
    3.188838000    0.010303865    0.000196838
    3.202524000    0.010368823    0.000435758
    3.216210000    0.010432636    0.000670392
    3.229896000    0.010495333    0.000900782
    3.243582000    0.010556943    0.001126975
    3.257268000    0.010617493    0.001349023
    3.270954000    0.010677010    0.001566980
    3.284640000    0.010735518    0.001780902
    3.298326000    0.010793036    0.001990851
    3.312012000    0.010849584    0.002196889
    3.325698000    0.010905178    0.002399083
    3.339384000    0.010959831    0.002597499
    3.353070000    0.011013556    0.002792207
    3.366756000    0.011066361    0.002983279
    3.380442000    0.011118256    0.003170787
    3.394128000    0.011169246    0.003354805
    3.407814000    0.011219339    0.003535407
    3.421500000    0.011268541    0.003712669
    3.435186000    0.011316859    0.003886665
    3.448872000    0.011364302    0.004057473
    3.462558000    0.011410877    0.004225168
    3.476244000    0.011456596    0.004389825
    3.489930000    0.011501472    0.004551518
    3.503616000    0.011545518    0.004710323
    3.517302000    0.011588750    0.004866312
    3.530988000    0.011631186    0.005019556
    3.544674000    0.011672847    0.005170127
    3.558360000    0.011713750    0.005318094
    3.572046000    0.011753919    0.005463522
    3.585732000    0.011793374    0.005606479
    3.599418000    0.011832137    0.005747025
    3.613104000    0.011870229    0.005885223
    3.626790000    0.011907670    0.006021130
    3.640476000    0.011944477    0.006154803
    3.654162000    0.011980669    0.006286293
    3.667848000    0.012016259    0.006415653
    3.681534000    0.012051260    0.006542930
    3.695220000    0.012085684    0.006668170
    3.708906000    0.012119538    0.006791414
    3.722592000    0.012152830    0.006912703
    3.736278000    0.012185563    0.007032076
    3.749964000    0.012217741    0.007149566
    3.763650000    0.012249367    0.007265207
    3.777336000    0.012280443    0.007379031
    3.791022000    0.012310969    0.007491065
    3.804708000    0.012340948    0.007601337
    3.818394000    0.012370381    0.007709873
    3.832080000    0.012399273    0.007816696
    3.845766000    0.012427628    0.007921830
    3.859452000    0.012455452    0.008025297
    3.873138000    0.012482752    0.008127117
    3.886824000    0.012509539    0.008227311
    3.900510000    0.012535823    0.008325899
    3.914196000    0.012561618    0.008422901
    3.927882000    0.012586936    0.008518336
    3.941568000    0.012611793    0.008612223
    3.955254000    0.012636204    0.008704581
    3.968940000    0.012660184    0.008795431
    3.982626000    0.012683750    0.008884791
    3.996312000    0.012706915    0.008972681
    4.009998000    0.012729693    0.009059122
    4.023684000    0.012752097    0.009144134
    4.037370000    0.012774138    0.009227736
    4.051056000    0.012795825    0.009309951
    4.064742000    0.012817166    0.009390797
    4.078428000    0.012838165    0.009470297
    4.092114000    0.012858826    0.009548470
    4.105800000    0.012879152    0.009625338
    4.119486000    0.012899143    0.009700922
    4.133172000    0.012918799    0.009775241
    4.146858000    0.012938119    0.009848317
    4.160544000    0.012957102    0.009920168
    4.174230000    0.012975745    0.009990816
    4.187916000    0.012994049    0.010060280
    4.201602000    0.013012013    0.010128577
    4.215288000    0.013029638    0.010195728
    4.228974000    0.013046927    0.010261751
    4.242660000    0.013063882    0.010326663
    4.256346000    0.013080509    0.010390483
    4.270032000    0.013096816    0.010453226
    4.283718000    0.013112809    0.010514911
    4.297404000    0.013128499    0.010575554
    4.311090000    0.013143897    0.010635171
    4.324776000    0.013159012    0.010693778
    4.338462000    0.013173858    0.010751391
    4.352148000    0.013188446    0.010808025
    4.365834000    0.013202787    0.010863697
    4.379520000    0.013216892    0.010918420
    4.393206000    0.013230771    0.010972211
    4.406892000    0.013244432    0.011025084
    4.420578000    0.013257882    0.011077053
    4.434264000    0.013271127    0.011128134
    4.447950000    0.013284171    0.011178341
    4.461636000    0.013297016    0.011227689
    4.475322000    0.013309662    0.011276191
    4.489008000    0.013322109    0.011323863
    4.502694000    0.013334356    0.011370716
    4.516380000    0.013346399    0.011416766
    4.530066000    0.013358236    0.011462026
    4.543752000    0.013369864    0.011506509
    4.557438000    0.013381280    0.011550227
    4.571124000    0.013392482    0.011593195
    4.584810000    0.013403468    0.011635424
    4.598496000    0.013414237    0.011676927
    4.612182000    0.013424792    0.011717715
    4.625868000    0.013435135    0.011757801
    4.639554000    0.013445269    0.011797196
    4.653240000    0.013455199    0.011835912
    4.666926000    0.013464932    0.011873959
    4.680612000    0.013474477    0.011911349
    4.694298000    0.013483840    0.011948093
    4.707984000    0.013493032    0.011984201
    4.721670000    0.013502061    0.012019683
    4.735356000    0.013510937    0.012054550
    4.749042000    0.013519668    0.012088812
    4.762728000    0.013528263    0.012122479
    4.776414000    0.013536729    0.012155562
    4.790100000    0.013545072    0.012188069
    4.803786000    0.013553296    0.012220012
    4.817472000    0.013561403    0.012251398
    4.831158000    0.013569397    0.012282240
    4.844844000    0.013577276    0.012312544
    4.858530000    0.013585040    0.012342322
    4.872216000    0.013592687    0.012371581
    4.885902000    0.013600212    0.012400332
    4.899588000    0.013607613    0.012428583
    4.913274000    0.013614886    0.012456343
    4.926960000    0.013622027    0.012483620
    4.940646000    0.013629032    0.012510423
    4.954332000    0.013635899    0.012536761
    4.968018000    0.013642626    0.012562640
    4.981704000    0.013649211    0.012588070
    4.995390000    0.013655656    0.012613058
    5.009076000    0.013661961    0.012637611
    5.022762000    0.013668132    0.012661736
    5.036448000    0.013674171    0.012685442
    5.050134000    0.013680085    0.012708735
    5.063820000    0.013685880    0.012731621
    5.077506000    0.013691563    0.012754109
    5.091192000    0.013697142    0.012776204
    5.104878000    0.013702624    0.012797913
    5.118564000    0.013708017    0.012819242
    5.132250000    0.013713328    0.012840199
    5.145936000    0.013718564    0.012860789
    5.159622000    0.013723729    0.012881018
    5.173308000    0.013728828    0.012900893
    5.186994000    0.013733862    0.012920420
    5.200680000    0.013738835    0.012939605
    5.214366000    0.013743745    0.012958454
    5.228052000    0.013748591    0.012976973
    5.241738000    0.013753371    0.012995167
    5.255424000    0.013758083    0.013013044
    5.269110000    0.013762721    0.013030607
    5.282796000    0.013767282    0.013047863
    5.296482000    0.013771761    0.013064817
    5.310168000    0.013776154    0.013081475
    5.323854000    0.013780457    0.013097842
    5.337540000    0.013784669    0.013113922
    5.351226000    0.013788785    0.013129722
    5.364912000    0.013792807    0.013145245
    5.378598000    0.013796734    0.013160497
    5.392284000    0.013800567    0.013175483
    5.405970000    0.013804311    0.013190206
    5.419656000    0.013807968    0.013204671
    5.433342000    0.013811545    0.013218882
    5.447028000    0.013815046    0.013232845
    5.460714000    0.013818478    0.013246563
    5.474400000    0.013821848    0.013260039
    5.488086000    0.013825163    0.013273279
    5.501772000    0.013828428    0.013286286
    5.515458000    0.013831650    0.013299064
    5.529144000    0.013834832    0.013311617
    5.542830000    0.013837980    0.013323949
    5.556516000    0.013841096    0.013336064
    5.570202000    0.013844181    0.013347965
    5.583888000    0.013847235    0.013359657
    5.597574000    0.013850258    0.013371143
    5.611260000    0.013853247    0.013382427
    5.624946000    0.013856199    0.013393512
    5.638632000    0.013859111    0.013404403
    5.652318000    0.013861977    0.013415102
    5.666004000    0.013864794    0.013425613
    5.679690000    0.013867557    0.013435940
    5.693376000    0.013870262    0.013446086
    5.707062000    0.013872906    0.013456054
    5.720748000    0.013875485    0.013465848
    5.734434000    0.013877998    0.013475470
    5.748120000    0.013880444    0.013484924
    5.761806000    0.013882823    0.013494212
    5.775492000    0.013885139    0.013503337
    5.789178000    0.013887393    0.013512303
    5.802864000    0.013889589    0.013521111
    5.816550000    0.013891732    0.013529765
    5.830236000    0.013893828    0.013538267
    5.843922000    0.013895882    0.013546620
    5.857608000    0.013897901    0.013554825
    5.871294000    0.013899889    0.013562886
    5.884980000    0.013901853    0.013570805
    5.898666000    0.013903796    0.013578585
    5.912352000    0.013905724    0.013586228
    5.926038000    0.013907638    0.013593735
    5.939724000    0.013909540    0.013601111
    5.953410000    0.013911432    0.013608356
    5.967096000    0.013913311    0.013615474
    5.980782000    0.013915177    0.013622466
    5.994468000    0.013917026    0.013629335
    6.008154000    0.013918856    0.013636084
    6.021840000    0.013920661    0.013642714
    6.035526000    0.013922438    0.013649227
    6.049212000    0.013924181    0.013655627
    6.062898000    0.013925887    0.013661914
    6.076584000    0.013927552    0.013668092
    6.090270000    0.013929171    0.013674161
    6.103956000    0.013930744    0.013680125
    6.117642000    0.013932267    0.013685984
    6.131328000    0.013933742    0.013691741
    6.145014000    0.013935169    0.013697398
    6.158700000    0.013936549    0.013702955
    6.172386000    0.013937886    0.013708416
    6.186072000    0.013939184    0.013713780
    6.199758000    0.013940447    0.013719051
    6.213444000    0.013941681    0.013724229
    6.227130000    0.013942890    0.013729317
    6.240816000    0.013944081    0.013734314
    6.254502000    0.013945258    0.013739224
    6.268188000    0.013946425    0.013744047
    6.281874000    0.013947588    0.013748786
    6.295560000    0.013948748    0.013753440
    6.309246000    0.013949908    0.013758012
    6.322932000    0.013951068    0.013762504
    6.336618000    0.013952229    0.013766916
    6.350304000    0.013953389    0.013771251
    6.363990000    0.013954546    0.013775509
    6.377676000    0.013955696    0.013779692
    6.391362000    0.013956835    0.013783801
    6.405048000    0.013957960    0.013787839
    6.418734000    0.013959066    0.013791806
    6.432420000    0.013960148    0.013795703
    6.446106000    0.013961202    0.013799532
    6.459792000    0.013962224    0.013803294
    6.473478000    0.013963212    0.013806991
    6.487164000    0.013964163    0.013810623
    6.500850000    0.013965077    0.013814192
    6.514536000    0.013965953    0.013817699
    6.528222000    0.013966793    0.013821145
    6.541908000    0.013967599    0.013824530
    6.555594000    0.013968373    0.013827856
    6.569280000    0.013969120    0.013831125
    6.582966000    0.013969845    0.013834335
    6.596652000    0.013970552    0.013837490
    6.610338000    0.013971246    0.013840589
    6.624024000    0.013971932    0.013843633
    6.637710000    0.013972615    0.013846623
    6.651396000    0.013973299    0.013849561
    6.665082000    0.013973987    0.013852446
    6.678768000    0.013974680    0.013855280
    6.692454000    0.013975382    0.013858065
    6.706140000    0.013976091    0.013860799
    6.719826000    0.013976806    0.013863485
    6.733512000    0.013977527    0.013866124
    6.747198000    0.013978250    0.013868716
    6.760884000    0.013978971    0.013871263
    6.774570000    0.013979688    0.013873764
    6.788256000    0.013980394    0.013876222
    6.801942000    0.013981086    0.013878636
    6.815628000    0.013981760    0.013881008
    6.829314000    0.013982411    0.013883339
    6.843000000    0.013983037    0.013885629
    6.856686000    0.013983634    0.013887879
    6.870372000    0.013984201    0.013890090
    6.884058000    0.013984738    0.013892263
    6.897744000    0.013985244    0.013894397
    6.911430000    0.013985723    0.013896495
    6.925116000    0.013986175    0.013898556
    6.938802000    0.013986604    0.013900580
    6.952488000    0.013987014    0.013902570
    6.966174000    0.013987410    0.013904524
    6.979860000    0.013987796    0.013906444
    6.993546000    0.013988178    0.013908329
    7.007232000    0.013988558    0.013910182
    7.020918000    0.013988942    0.013912001
    7.034604000    0.013989334    0.013913788
    7.048290000    0.013989734    0.013915543
    7.061976000    0.013990146    0.013917266
    7.075662000    0.013990570    0.013918959
    7.089348000    0.013991006    0.013920622
    7.103034000    0.013991452    0.013922254
    7.116720000    0.013991905    0.013923858
    7.130406000    0.013992364    0.013925433
    7.144092000    0.013992823    0.013926980
    7.157778000    0.013993279    0.013928500
    7.171464000    0.013993728    0.013929993
    7.185150000    0.013994166    0.013931459
    7.198836000    0.013994587    0.013932900
    7.212522000    0.013994989    0.013934316
    7.226208000    0.013995368    0.013935707
    7.239894000    0.013995723    0.013937074
    7.253580000    0.013996053    0.013938417
    7.267266000    0.013996356    0.013939736
    7.280952000    0.013996635    0.013941033
    7.294638000    0.013996891    0.013942307
    7.308324000    0.013997126    0.013943559
    7.322010000    0.013997344    0.013944788
    7.335696000    0.013997549    0.013945996
    7.349382000    0.013997746    0.013947182
    7.363068000    0.013997939    0.013948348
    7.376754000    0.013998132    0.013949492
    7.390440000    0.013998329    0.013950616
    7.404126000    0.013998535    0.013951720
    7.417812000    0.013998751    0.013952803
    7.431498000    0.013998981    0.013953867
    7.445184000    0.013999225    0.013954912
    7.458870000    0.013999483    0.013955937
    7.472556000    0.013999755    0.013956944
    7.486242000    0.014000038    0.013957933
    7.499928000    0.014000330    0.013958904
    7.513614000    0.014000628    0.013959857
    7.527300000    0.014000928    0.013960794
    7.540986000    0.014001225    0.013961713
    7.554672000    0.014001516    0.013962616
    7.568358000    0.014001796    0.013963504
    7.582044000    0.014002061    0.013964375
    7.595730000    0.014002308    0.013965232
    7.609416000    0.014002534    0.013966073
    7.623102000    0.014002739    0.013966900
    7.636788000    0.014002921    0.013967712
    7.650474000    0.014003080    0.013968510
    7.664160000    0.014003218    0.013969294
    7.677846000    0.014003337    0.013970064
    7.691532000    0.014003440    0.013970821
    7.705218000    0.014003530    0.013971565
    7.718904000    0.014003612    0.013972295
    7.732590000    0.014003689    0.013973011
    7.746276000    0.014003767    0.013973715
    7.759962000    0.014003849    0.013974406
    7.773648000    0.014003938    0.013975085
    7.787334000    0.014004039    0.013975750
    7.801020000    0.014004154    0.013976404
    7.814706000    0.014004284    0.013977045
    7.828392000    0.014004429    0.013977674
    7.842078000    0.014004590    0.013978292
    7.855764000    0.014004766    0.013978898
    7.869450000    0.014004953    0.013979493
    7.883136000    0.014005148    0.013980077
    7.896822000    0.014005350    0.013980650
    7.910508000    0.014005553    0.013981213
    7.924194000    0.014005753    0.013981765
    7.937880000    0.014005946    0.013982308
    7.951566000    0.014006128    0.013982841
    7.965252000    0.014006296    0.013983365
    7.978938000    0.014006447    0.013983879
    7.992624000    0.014006578    0.013984384
    8.006310000    0.014006689    0.013984881
    8.019996000    0.014006779    0.013985368
    8.033682000    0.014006849    0.013985848
    8.047368000    0.014006901    0.013986318
    8.061054000    0.014006936    0.013986781
    8.074740000    0.014006959    0.013987235
    8.088426000    0.014006972    0.013987681
    8.102112000    0.014006981    0.013988119
    8.115798000    0.014006988    0.013988548
    8.129484000    0.014006999    0.013988970
    8.143170000    0.014007017    0.013989384
    8.156856000    0.014007046    0.013989790
    8.170542000    0.014007088    0.013990188
    8.184228000    0.014007145    0.013990579
    8.197914000    0.014007218    0.013990961
    8.211600000    0.014007309    0.013991337
    8.225286000    0.014007414    0.013991705
    8.238972000    0.014007534    0.013992066
    8.252658000    0.014007665    0.013992420
    8.266344000    0.014007804    0.013992768
    8.280030000    0.014007948    0.013993109
    8.293716000    0.014008092    0.013993443
    8.307402000    0.014008233    0.013993771
    8.321088000    0.014008366    0.013994094
    8.334774000    0.014008488    0.013994410
    8.348460000    0.014008595    0.013994721
    8.362146000    0.014008685    0.013995027
    8.375832000    0.014008757    0.013995327
    8.389518000    0.014008809    0.013995621
    8.403204000    0.014008842    0.013995911
    8.416890000    0.014008856    0.013996195
    8.430576000    0.014008855    0.013996475
    8.444262000    0.014008840    0.013996749
    8.457948000    0.014008815    0.013997018
    8.471634000    0.014008783    0.013997283
    8.485320000    0.014008750    0.013997542
    8.499006000    0.014008718    0.013997797
    8.512692000    0.014008692    0.013998046
    8.526378000    0.014008675    0.013998290
    8.540064000    0.014008672    0.013998530
    8.553750000    0.014008682    0.013998765
    8.567436000    0.014008710    0.013998994
    8.581122000    0.014008754    0.013999220
    8.594808000    0.014008815    0.013999440
    8.608494000    0.014008891    0.013999656
    8.622180000    0.014008980    0.013999867
    8.635866000    0.014009080    0.014000075
    8.649552000    0.014009187    0.014000278
    8.663238000    0.014009297    0.014000477
    8.676924000    0.014009406    0.014000672
    8.690610000    0.014009510    0.014000864
    8.704296000    0.014009606    0.014001052
    8.717982000    0.014009689    0.014001236
    8.731668000    0.014009758    0.014001417
    8.745354000    0.014009810    0.014001595
    8.759040000    0.014009843    0.014001770
    8.772726000    0.014009858    0.014001942
    8.786412000    0.014009855    0.014002110
    8.800098000    0.014009835    0.014002276
    8.813784000    0.014009801    0.014002439
    8.827470000    0.014009756    0.014002598
    8.841156000    0.014009703    0.014002755
    8.854842000    0.014009647    0.014002909
    8.868528000    0.014009590    0.014003059
    8.882214000    0.014009538    0.014003206
    8.895900000    0.014009494    0.014003351
    8.909586000    0.014009461    0.014003492
    8.923272000    0.014009442    0.014003630
    8.936958000    0.014009439    0.014003765
    8.950644000    0.014009453    0.014003896
    8.964330000    0.014009484    0.014004025
    8.978016000    0.014009531    0.014004151
    8.991702000    0.014009593    0.014004274
    9.005388000    0.014009667    0.014004394
    9.019074000    0.014009750    0.014004511
    9.032760000    0.014009839    0.014004626
    9.046446000    0.014009929    0.014004739
    9.060132000    0.014010017    0.014004849
    9.073818000    0.014010099    0.014004957
    9.087504000    0.014010171    0.014005063
    9.101190000    0.014010230    0.014005167
    9.114876000    0.014010274    0.014005269
    9.128562000    0.014010301    0.014005369
    9.142248000    0.014010309    0.014005467
    9.155934000    0.014010300    0.014005563
    9.169620000    0.014010274    0.014005658
    9.183306000    0.014010233    0.014005751
    9.196992000    0.014010180    0.014005842
    9.210678000    0.014010117    0.014005931
    9.224364000    0.014010049    0.014006019
    9.238050000    0.014009979    0.014006104
    9.251736000    0.014009912    0.014006188
    9.265422000    0.014009851    0.014006270
    9.279108000    0.014009800    0.014006349
    9.292794000    0.014009761    0.014006427
    9.306480000    0.014009738    0.014006502
    9.320166000    0.014009731    0.014006576
    9.333852000    0.014009741    0.014006647
    9.347538000    0.014009768    0.014006716
    9.361224000    0.014009811    0.014006784
    9.374910000    0.014009868    0.014006849
    9.388596000    0.014009935    0.014006913
    9.402282000    0.014010011    0.014006975
    9.415968000    0.014010090    0.014007035
    9.429654000    0.014010169    0.014007094
    9.443340000    0.014010244    0.014007152
    9.457026000    0.014010312    0.014007208
    9.470712000    0.014010369    0.014007263
    9.484398000    0.014010411    0.014007316
    9.498084000    0.014010438    0.014007369
    9.511770000    0.014010447    0.014007421
    9.525456000    0.014010439    0.014007471
    9.539142000    0.014010414    0.014007521
    9.552828000    0.014010373    0.014007569
    9.566514000    0.014010318    0.014007617
    9.580200000    0.014010253    0.014007663
    9.593886000    0.014010181    0.014007708
    9.607572000    0.014010105    0.014007752
    9.621258000    0.014010029    0.014007795
    9.634944000    0.014009958    0.014007836
    9.648630000    0.014009896    0.014007876
    9.662316000    0.014009844    0.014007915
    9.676002000    0.014009806    0.014007952
    9.689688000    0.014009785    0.014007988
    9.703374000    0.014009780    0.014008022
    9.717060000    0.014009792    0.014008054
    9.730746000    0.014009821    0.014008086
    9.744432000    0.014009865    0.014008116
    9.758118000    0.014009922    0.014008144
    9.771804000    0.014009988    0.014008171
    9.785490000    0.014010060    0.014008198
    9.799176000    0.014010134    0.014008223
    9.812862000    0.014010206    0.014008247
    9.826548000    0.014010273    0.014008270
    9.840234000    0.014010331    0.014008292
    9.853920000    0.014010376    0.014008314
    9.867606000    0.014010407    0.014008335
    9.881292000    0.014010421    0.014008355
    9.894978000    0.014010418    0.014008374
    9.908664000    0.014010397    0.014008393
    9.922350000    0.014010361    0.014008411
    9.936036000    0.014010309    0.014008429
    9.949722000    0.014010246    0.014008446
    9.963408000    0.014010173    0.014008462
    9.977094000    0.014010095    0.014008477
    9.990780000    0.014010016    0.014008491
   10.004466000    0.014009939    0.014008505
   10.018152000    0.014009868    0.014008517
   10.031838000    0.014009807    0.014008528
   10.045524000    0.014009759    0.014008538
   10.059210000    0.014009726    0.014008547
   10.072896000    0.014009709    0.014008555
   10.086582000    0.014009710    0.014008561
   10.100268000    0.014009727    0.014008566
   10.113954000    0.014009760    0.014008570
   10.127640000    0.014009808    0.014008573
   10.141326000    0.014009866    0.014008575
   10.155012000    0.014009932    0.014008576
   10.168698000    0.014010003    0.014008576
   10.182384000    0.014010074    0.014008575
   10.196070000    0.014010142    0.014008573
   10.209756000    0.014010202    0.014008571
   10.223442000    0.014010251    0.014008568
   10.237128000    0.014010287    0.014008564
   10.250814000    0.014010308    0.014008560
   10.264500000    0.014010312    0.014008555
   10.278186000    0.014010298    0.014008550
   10.291872000    0.014010267    0.014008544
   10.305558000    0.014010221    0.014008537
   10.319244000    0.014010161    0.014008530
   10.332930000    0.014010091    0.014008523
   10.346616000    0.014010013    0.014008514
   10.360302000    0.014009932    0.014008505
   10.373988000    0.014009851    0.014008495
   10.387674000    0.014009775    0.014008484
   10.401360000    0.014009706    0.014008472
   10.415046000    0.014009649    0.014008459
   10.428732000    0.014009606    0.014008445
   10.442418000    0.014009578    0.014008430
   10.456104000    0.014009567    0.014008413
   10.469790000    0.014009574    0.014008395
   10.483476000    0.014009597    0.014008376
   10.497162000    0.014009635    0.014008356
   10.510848000    0.014009686    0.014008335
   10.524534000    0.014009746    0.014008312
   10.538220000    0.014009813    0.014008289
   10.551906000    0.014009882    0.014008264
   10.565592000    0.014009950    0.014008239
   10.579278000    0.014010013    0.014008213
   10.592964000    0.014010066    0.014008186
   10.606650000    0.014010107    0.014008158
   10.620336000    0.014010134    0.014008130
   10.634022000    0.014010144    0.014008101
   10.647708000    0.014010137    0.014008071
   10.661394000    0.014010113    0.014008041
   10.675080000    0.014010072    0.014008010
   10.688766000    0.014010017    0.014007979
   10.702452000    0.014009949    0.014007946
   10.716138000    0.014009872    0.014007913
   10.729824000    0.014009789    0.014007879
   10.743510000    0.014009705    0.014007844
   10.757196000    0.014009623    0.014007807
   10.770882000    0.014009547    0.014007770
   10.784568000    0.014009480    0.014007731
   10.798254000    0.014009426    0.014007691
   10.811940000    0.014009387    0.014007650
   10.825626000    0.014009365    0.014007607
   10.839312000    0.014009359    0.014007563
   10.852998000    0.014009371    0.014007517
   10.866684000    0.014009398    0.014007470
   10.880370000    0.014009440    0.014007421
   10.894056000    0.014009492    0.014007371
   10.907742000    0.014009553    0.014007319
   10.921428000    0.014009619    0.014007267
   10.935114000    0.014009684    0.014007212
   10.948800000    0.014009747    0.014007157
   10.962486000    0.014009802    0.014007101
   10.976172000    0.014009846    0.014007043
   10.989858000    0.014009877    0.014006985
   11.003544000    0.014009892    0.014006925
   11.017230000    0.014009890    0.014006864
   11.030916000    0.014009871    0.014006803
   11.044602000    0.014009834    0.014006740
   11.058288000    0.014009781    0.014006676
   11.071974000    0.014009714    0.014006611
   11.085660000    0.014009637    0.014006545
   11.099346000    0.014009551    0.014006477
   11.113032000    0.014009462    0.014006408
   11.126718000    0.014009373    0.014006338
   11.140404000    0.014009287    0.014006266
   11.154090000    0.014009209    0.014006192
   11.167776000    0.014009143    0.014006116
   11.181462000    0.014009090    0.014006039
   11.195148000    0.014009052    0.014005959
   11.208834000    0.014009032    0.014005878
   11.222520000    0.014009029    0.014005794
   11.236206000    0.014009042    0.014005709
   11.249892000    0.014009070    0.014005621
   11.263578000    0.014009111    0.014005531
   11.277264000    0.014009162    0.014005440
   11.290950000    0.014009220    0.014005346
   11.304636000    0.014009279    0.014005250
   11.318322000    0.014009337    0.014005153
   11.332008000    0.014009390    0.014005053
   11.345694000    0.014009433    0.014004952
   11.359380000    0.014009464    0.014004849
   11.373066000    0.014009480    0.014004744
   11.386752000    0.014009479    0.014004638
   11.400438000    0.014009460    0.014004529
   11.414124000    0.014009423    0.014004419
   11.427810000    0.014009369    0.014004307
   11.441496000    0.014009300    0.014004193
   11.455182000    0.014009218    0.014004077
   11.468868000    0.014009126    0.014003959
   11.482554000    0.014009028    0.014003839
   11.496240000    0.014008927    0.014003716
   11.509926000    0.014008828    0.014003591
   11.523612000    0.014008735    0.014003464
   11.537298000    0.014008651    0.014003333
   11.550984000    0.014008579    0.014003200
   11.564670000    0.014008522    0.014003064
   11.578356000    0.014008481    0.014002926
   11.592042000    0.014008457    0.014002784
   11.605728000    0.014008450    0.014002639
   11.619414000    0.014008458    0.014002491
   11.633100000    0.014008481    0.014002340
   11.646786000    0.014008515    0.014002185
   11.660472000    0.014008557    0.014002028
   11.674158000    0.014008604    0.014001867
   11.687844000    0.014008650    0.014001704
   11.701530000    0.014008693    0.014001537
   11.715216000    0.014008728    0.014001367
   11.728902000    0.014008752    0.014001194
   11.742588000    0.014008761    0.014001019
   11.756274000    0.014008754    0.014000840
   11.769960000    0.014008729    0.014000658
   11.783646000    0.014008686    0.014000473
   11.797332000    0.014008624    0.014000285
   11.811018000    0.014008545    0.014000094
   11.824704000    0.014008451    0.013999899
   11.838390000    0.014008346    0.013999701
   11.852076000    0.014008231    0.013999499
   11.865762000    0.014008112    0.013999294
   11.879448000    0.014007992    0.013999085
   11.893134000    0.014007875    0.013998872
   11.906820000    0.014007765    0.013998654
   11.920506000    0.014007665    0.013998433
   11.934192000    0.014007579    0.013998207
   11.947878000    0.014007508    0.013997976
   11.961564000    0.014007454    0.013997741
   11.975250000    0.014007417    0.013997501
   11.988936000    0.014007396    0.013997256
   12.002622000    0.014007390    0.013997007
   12.016308000    0.014007396    0.013996752
   12.029994000    0.014007412    0.013996493
   12.043680000    0.014007433    0.013996228
   12.057366000    0.014007457    0.013995959
   12.071052000    0.014007478    0.013995684
   12.084738000    0.014007493    0.013995405
   12.098424000    0.014007498    0.013995120
   12.112110000    0.014007490    0.013994831
   12.125796000    0.014007465    0.013994536
   12.139482000    0.014007422    0.013994237
   12.153168000    0.014007360    0.013993932
   12.166854000    0.014007278    0.013993622
   12.180540000    0.014007178    0.013993306
   12.194226000    0.014007060    0.013992985
   12.207912000    0.014006929    0.013992659
   12.221598000    0.014006786    0.013992326
   12.235284000    0.014006635    0.013991988
   12.248970000    0.014006480    0.013991643
   12.262656000    0.014006327    0.013991292
   12.276342000    0.014006177    0.013990935
   12.290028000    0.014006036    0.013990571
   12.303714000    0.014005906    0.013990200
   12.317400000    0.014005790    0.013989821
   12.331086000    0.014005690    0.013989436
   12.344772000    0.014005606    0.013989043
   12.358458000    0.014005539    0.013988642
   12.372144000    0.014005487    0.013988234
   12.385830000    0.014005448    0.013987818
   12.399516000    0.014005420    0.013987394
   12.413202000    0.014005399    0.013986963
   12.426888000    0.014005382    0.013986523
   12.440574000    0.014005363    0.013986075
   12.454260000    0.014005339    0.013985619
   12.467946000    0.014005307    0.013985155
   12.481632000    0.014005261    0.013984682
   12.495318000    0.014005200    0.013984201
   12.509004000    0.014005119    0.013983712
   12.522690000    0.014005019    0.013983214
   12.536376000    0.014004898    0.013982708
   12.550062000    0.014004757    0.013982192
   12.563748000    0.014004596    0.013981668
   12.577434000    0.014004418    0.013981134
   12.591120000    0.014004225    0.013980591
   12.604806000    0.014004022    0.013980039
   12.618492000    0.014003812    0.013979476
   12.632178000    0.014003599    0.013978903
   12.645864000    0.014003388    0.013978320
   12.659550000    0.014003182    0.013977726
   12.673236000    0.014002985    0.013977121
   12.686922000    0.014002800    0.013976505
   12.700608000    0.014002629    0.013975877
   12.714294000    0.014002473    0.013975238
   12.727980000    0.014002333    0.013974587
   12.741666000    0.014002208    0.013973923
   12.755352000    0.014002097    0.013973247
   12.769038000    0.014001997    0.013972559
   12.782724000    0.014001905    0.013971858
   12.796410000    0.014001818    0.013971144
   12.810096000    0.014001730    0.013970417
   12.823782000    0.014001639    0.013969677
   12.837468000    0.014001538    0.013968924
   12.851154000    0.014001426    0.013968157
   12.864840000    0.014001297    0.013967376
   12.878526000    0.014001148    0.013966582
   12.892212000    0.014000979    0.013965774
   12.905898000    0.014000787    0.013964952
   12.919584000    0.014000572    0.013964115
   12.933270000    0.014000335    0.013963264
   12.946956000    0.014000078    0.013962397
   12.960642000    0.013999803    0.013961516
   12.974328000    0.013999513    0.013960618
   12.988014000    0.013999213    0.013959705
   13.001700000    0.013998905    0.013958776
   13.015386000    0.013998596    0.013957829
   13.029072000    0.013998288    0.013956866
   13.042758000    0.013997985    0.013955885
   13.056444000    0.013997692    0.013954886
   13.070130000    0.013997410    0.013953869
   13.083816000    0.013997142    0.013952834
   13.097502000    0.013996888    0.013951779
   13.111188000    0.013996648    0.013950705
   13.124874000    0.013996421    0.013949612
   13.138560000    0.013996206    0.013948498
   13.152246000    0.013995998    0.013947364
   13.165932000    0.013995795    0.013946210
   13.179618000    0.013995592    0.013945034
   13.193304000    0.013995386    0.013943838
   13.206990000    0.013995170    0.013942620
   13.220676000    0.013994942    0.013941380
   13.234362000    0.013994697    0.013940119
   13.248048000    0.013994431    0.013938835
   13.261734000    0.013994142    0.013937528
   13.275420000    0.013993829    0.013936199
   13.289106000    0.013993489    0.013934846
   13.302792000    0.013993124    0.013933469
   13.316478000    0.013992734    0.013932068
   13.330164000    0.013992323    0.013930642
   13.343850000    0.013991891    0.013929191
   13.357536000    0.013991444    0.013927715
   13.371222000    0.013990985    0.013926212
   13.384908000    0.013990519    0.013924682
   13.398594000    0.013990049    0.013923125
   13.412280000    0.013989581    0.013921540
   13.425966000    0.013989117    0.013919926
   13.439652000    0.013988661    0.013918284
   13.453338000    0.013988216    0.013916611
   13.467024000    0.013987782    0.013914909
   13.480710000    0.013987360    0.013913175
   13.494396000    0.013986949    0.013911410
   13.508082000    0.013986548    0.013909613
   13.521768000    0.013986153    0.013907784
   13.535454000    0.013985763    0.013905922
   13.549140000    0.013985371    0.013904026
   13.562826000    0.013984975    0.013902097
   13.576512000    0.013984569    0.013900132
   13.590198000    0.013984149    0.013898133
   13.603884000    0.013983709    0.013896098
   13.617570000    0.013983247    0.013894028
   13.631256000    0.013982759    0.013891920
   13.644942000    0.013982242    0.013889776
   13.658628000    0.013981696    0.013887593
   13.672314000    0.013981118    0.013885372
   13.686000000    0.013980511    0.013883112
   13.699686000    0.013979876    0.013880812
   13.713372000    0.013979214    0.013878472
   13.727058000    0.013978531    0.013876089
   13.740744000    0.013977828    0.013873665
   13.754430000    0.013977112    0.013871198
   13.768116000    0.013976386    0.013868686
   13.781802000    0.013975654    0.013866130
   13.795488000    0.013974921    0.013863528
   13.809174000    0.013974191    0.013860880
   13.822860000    0.013973465    0.013858183
   13.836546000    0.013972746    0.013855439
   13.850232000    0.013972035    0.013852645
   13.863918000    0.013971331    0.013849801
   13.877604000    0.013970633    0.013846905
   13.891290000    0.013969940    0.013843958
   13.904976000    0.013969247    0.013840958
   13.918662000    0.013968550    0.013837904
   13.932348000    0.013967846    0.013834795
   13.946034000    0.013967129    0.013831631
   13.959720000    0.013966395    0.013828410
   13.973406000    0.013965637    0.013825132
   13.987092000    0.013964853    0.013821796
   14.000778000    0.013964037    0.013818401
   14.014464000    0.013963187    0.013814945
   14.028150000    0.013962301    0.013811429
   14.041836000    0.013961377    0.013807850
   14.055522000    0.013960416    0.013804208
   14.069208000    0.013959418    0.013800501
   14.082894000    0.013958386    0.013796729
   14.096580000    0.013957322    0.013792890
   14.110266000    0.013956230    0.013788983
   14.123952000    0.013955114    0.013785006
   14.137638000    0.013953979    0.013780959
   14.151324000    0.013952830    0.013776840
   14.165010000    0.013951670    0.013772647
   14.178696000    0.013950503    0.013768379
   14.192382000    0.013949333    0.013764035
   14.206068000    0.013948162    0.013759613
   14.219754000    0.013946992    0.013755111
   14.233440000    0.013945822    0.013750529
   14.247126000    0.013944652    0.013745865
   14.260812000    0.013943480    0.013741117
   14.274498000    0.013942302    0.013736284
   14.288184000    0.013941115    0.013731365
   14.301870000    0.013939915    0.013726357
   14.315556000    0.013938696    0.013721260
   14.329242000    0.013937452    0.013716072
   14.342928000    0.013936179    0.013710792
   14.356614000    0.013934871    0.013705417
   14.370300000    0.013933524    0.013699947
   14.383986000    0.013932134    0.013694380
   14.397672000    0.013930697    0.013688714
   14.411358000    0.013929212    0.013682947
   14.425044000    0.013927679    0.013677078
   14.438730000    0.013926096    0.013671105
   14.452416000    0.013924467    0.013665026
   14.466102000    0.013922792    0.013658838
   14.479788000    0.013921077    0.013652541
   14.493474000    0.013919323    0.013646132
   14.507160000    0.013917536    0.013639609
   14.520846000    0.013915721    0.013632969
   14.534532000    0.013913882    0.013626211
   14.548218000    0.013912022    0.013619332
   14.561904000    0.013910147    0.013612330
   14.575590000    0.013908257    0.013605203
   14.589276000    0.013906356    0.013597948
   14.602962000    0.013904444    0.013590563
   14.616648000    0.013902520    0.013583046
   14.630334000    0.013900582    0.013575394
   14.644020000    0.013898629    0.013567605
   14.657706000    0.013896655    0.013559676
   14.671392000    0.013894657    0.013551605
   14.685078000    0.013892629    0.013543390
   14.698764000    0.013890565    0.013535028
   14.712450000    0.013888459    0.013526517
   14.726136000    0.013886306    0.013517853
   14.739822000    0.013884100    0.013509035
   14.753508000    0.013881836    0.013500060
   14.767194000    0.013879511    0.013490925
   14.780880000    0.013877121    0.013481628
   14.794566000    0.013874665    0.013472165
   14.808252000    0.013872142    0.013462533
   14.821938000    0.013869553    0.013452730
   14.835624000    0.013866900    0.013442752
   14.849310000    0.013864185    0.013432597
   14.862996000    0.013861412    0.013422261
   14.876682000    0.013858585    0.013411740
   14.890368000    0.013855709    0.013401031
   14.904054000    0.013852788    0.013390131
   14.917740000    0.013849826    0.013379037
   14.931426000    0.013846827    0.013367744
   14.945112000    0.013843794    0.013356248
   14.958798000    0.013840730    0.013344547
   14.972484000    0.013837635    0.013332636
   14.986170000    0.013834510    0.013320512
   14.999856000    0.013831352    0.013308171
   15.013542000    0.013828160    0.013295609
   15.027228000    0.013824928    0.013282821
   15.040914000    0.013821653    0.013269805
   15.054600000    0.013818329    0.013256556
   15.068286000    0.013814949    0.013243070
   15.081972000    0.013811507    0.013229344
   15.095658000    0.013807996    0.013215372
   15.109344000    0.013804410    0.013201151
   15.123030000    0.013800743    0.013186676
   15.136716000    0.013796989    0.013171944
   15.150402000    0.013793146    0.013156950
   15.164088000    0.013789209    0.013141689
   15.177774000    0.013785178    0.013126156
   15.191460000    0.013781052    0.013110348
   15.205146000    0.013776831    0.013094258
   15.218832000    0.013772517    0.013077882
   15.232518000    0.013768114    0.013061215
   15.246204000    0.013763626    0.013044252
   15.259890000    0.013759055    0.013026987
   15.273576000    0.013754407    0.013009415
   15.287262000    0.013749686    0.012991530
   15.300948000    0.013744896    0.012973326
   15.314634000    0.013740040    0.012954798
   15.328320000    0.013735121    0.012935940
   15.342006000    0.013730138    0.012916747
   15.355692000    0.013725094    0.012897211
   15.369378000    0.013719986    0.012877327
   15.383064000    0.013714811    0.012857089
   15.396750000    0.013709566    0.012836490
   15.410436000    0.013704245    0.012815525
   15.424122000    0.013698842    0.012794186
   15.437808000    0.013693350    0.012772469
   15.451494000    0.013687762    0.012750365
   15.465180000    0.013682069    0.012727869
   15.478866000    0.013676265    0.012704974
   15.492552000    0.013670341    0.012681672
   15.506238000    0.013664292    0.012657958
   15.519924000    0.013658112    0.012633824
   15.533610000    0.013651797    0.012609262
   15.547296000    0.013645342    0.012584266
   15.560982000    0.013638748    0.012558828
   15.574668000    0.013632012    0.012532940
   15.588354000    0.013625135    0.012506594
   15.602040000    0.013618121    0.012479782
   15.615726000    0.013610970    0.012452497
   15.629412000    0.013603688    0.012424728
   15.643098000    0.013596277    0.012396469
   15.656784000    0.013588742    0.012367710
   15.670470000    0.013581086    0.012338442
   15.684156000    0.013573312    0.012308656
   15.697842000    0.013565423    0.012278343
   15.711528000    0.013557420    0.012247494
   15.725214000    0.013549303    0.012216099
   15.738900000    0.013541070    0.012184149
   15.752586000    0.013532718    0.012151633
   15.766272000    0.013524243    0.012118542
   15.779958000    0.013515638    0.012084867
   15.793644000    0.013506897    0.012050597
   15.807330000    0.013498012    0.012015722
   15.821016000    0.013488973    0.011980232
   15.834702000    0.013479772    0.011944116
   15.848388000    0.013470399    0.011907365
   15.862074000    0.013460846    0.011869967
   15.875760000    0.013451103    0.011831912
   15.889446000    0.013441163    0.011793189
   15.903132000    0.013431020    0.011753786
   15.916818000    0.013420668    0.011713692
   15.930504000    0.013410104    0.011672896
   15.944190000    0.013399325    0.011631386
   15.957876000    0.013388329    0.011589149
   15.971562000    0.013377119    0.011546174
   15.985248000    0.013365693    0.011502448
   15.998934000    0.013354056    0.011457958
   16.012620000    0.013342210    0.011412691
   16.026306000    0.013330157    0.011366634
   16.039992000    0.013317902    0.011319773
   16.053678000    0.013305445    0.011272095
   16.067364000    0.013292790    0.011223585
   16.081050000    0.013279936    0.011174230
   16.094736000    0.013266883    0.011124016
   16.108422000    0.013253628    0.011072928
   16.122108000    0.013240169    0.011020951
   16.135794000    0.013226499    0.010968072
   16.149480000    0.013212611    0.010914274
   16.163166000    0.013198497    0.010859544
   16.176852000    0.013184147    0.010803866
   16.190538000    0.013169550    0.010747225
   16.204224000    0.013154695    0.010689606
   16.217910000    0.013139570    0.010630992
   16.231596000    0.013124164    0.010571369
   16.245282000    0.013108464    0.010510719
   16.258968000    0.013092462    0.010449028
   16.272654000    0.013076147    0.010386278
   16.286340000    0.013059510    0.010322452
   16.300026000    0.013042546    0.010257534
   16.313712000    0.013025249    0.010191505
   16.327398000    0.013007615    0.010124348
   16.341084000    0.012989642    0.010056044
   16.354770000    0.012971329    0.009986575
   16.368456000    0.012952677    0.009915921
   16.382142000    0.012933685    0.009844064
   16.395828000    0.012914356    0.009770983
   16.409514000    0.012894692    0.009696658
   16.423200000    0.012874692    0.009621068
   16.436886000    0.012854357    0.009544195
   16.450572000    0.012833687    0.009466016
   16.464258000    0.012812679    0.009386511
   16.477944000    0.012791330    0.009305659
   16.491630000    0.012769635    0.009223440
   16.505316000    0.012747585    0.009139832
   16.519002000    0.012725172    0.009054816
   16.532688000    0.012702385    0.008968370
   16.546374000    0.012679211    0.008880474
   16.560060000    0.012655637    0.008791109
   16.573746000    0.012631648    0.008700255
   16.587432000    0.012607229    0.008607892
   16.601118000    0.012582364    0.008514001
   16.614804000    0.012557037    0.008418561
   16.628490000    0.012531234    0.008321555
   16.642176000    0.012504941    0.008222963
   16.655862000    0.012478146    0.008122765
   16.669548000    0.012450837    0.008020940
   16.683234000    0.012423005    0.007917470
   16.696920000    0.012394642    0.007812332
   16.710606000    0.012365742    0.007705505
   16.724292000    0.012336300    0.007596965
   16.737978000    0.012306313    0.007486689
   16.751664000    0.012275779    0.007374652
   16.765350000    0.012244695    0.007260825
   16.779036000    0.012213061    0.007145180
   16.792722000    0.012180874    0.007027687
   16.806408000    0.012148133    0.006908311
   16.820094000    0.012114834    0.006787019
   16.833780000    0.012080971    0.006663772
   16.847466000    0.012046540    0.006538530
   16.861152000    0.012011530    0.006411250
   16.874838000    0.011975932    0.006281888
   16.888524000    0.011939733    0.006150394
   16.902210000    0.011902918    0.006016720
   16.915896000    0.011865470    0.005880810
   16.929582000    0.011827370    0.005742610
   16.943268000    0.011788599    0.005602062
   16.956954000    0.011749136    0.005459104
   16.970640000    0.011708960    0.005313673
   16.984326000    0.011668049    0.005165705
   16.998012000    0.011626381    0.005015132
   17.011698000    0.011583937    0.004861886
   17.025384000    0.011540697    0.004705896
   17.039070000    0.011496644    0.004547091
   17.052756000    0.011451761    0.004385396
   17.066442000    0.011406035    0.004220738
   17.080128000    0.011359452    0.004053043
   17.093814000    0.011312002    0.003882234
   17.107500000    0.011263677    0.003708237
   17.121186000    0.011214468    0.003530975
   17.134872000    0.011164368    0.003350373
   17.148558000    0.011113370    0.003166355
   17.162244000    0.011061469    0.002978847
   17.175930000    0.011008657    0.002787775
   17.189616000    0.010954925    0.002593067
   17.203302000    0.010900265    0.002394651
   17.216988000    0.010844664    0.002192458
   17.230674000    0.010788110    0.001986421
   17.244360000    0.010730585    0.001776473
   17.258046000    0.010672071    0.001562551
   17.271732000    0.010612547    0.001344596
   17.285418000    0.010551990    0.001122550
   17.299104000    0.010490374    0.000896357
   17.312790000    0.010427671    0.000665969
   17.326476000    0.010363852    0.000431337
   17.340162000    0.010298887    0.000192419
   17.353848000    0.010232747   -0.000050825
   17.367534000    0.010165400   -0.000298428
   17.381220000    0.010096818   -0.000550419
   17.394906000    0.010026971   -0.000806824
   17.408592000    0.009955832   -0.001067662
   17.422278000    0.009883378   -0.001332947
   17.435964000    0.009809584   -0.001602687
   17.449650000    0.009734429   -0.001876886
   17.463336000    0.009657896   -0.002155539
   17.477022000    0.009579966   -0.002438640
   17.490708000    0.009500624   -0.002726172
   17.504394000    0.009419856   -0.003018116
   17.518080000    0.009337650   -0.003314444
   17.531766000    0.009253991   -0.003615125
   17.545452000    0.009168865   -0.003920121
   17.559138000    0.009082260   -0.004229386
   17.572824000    0.008994157   -0.004542870
   17.586510000    0.008904538   -0.004860520
   17.600196000    0.008813384   -0.005182272
   17.613882000    0.008720669   -0.005508061
   17.627568000    0.008626367   -0.005837815
   17.641254000    0.008530448   -0.006171456
   17.654940000    0.008432878   -0.006508904
   17.668626000    0.008333621   -0.006850071
   17.682312000    0.008232638   -0.007194867
   17.695998000    0.008129888   -0.007543194
   17.709684000    0.008025329   -0.007894954
   17.723370000    0.007918916   -0.008250041
   17.737056000    0.007810606   -0.008608348
   17.750742000    0.007700354   -0.008969761
   17.764428000    0.007588117   -0.009334166
   17.778114000    0.007473854   -0.009701441
   17.791800000    0.007357525   -0.010071463
   17.805486000    0.007239093   -0.010444106
   17.819172000    0.007118521   -0.010819239
   17.832858000    0.006995777   -0.011196728
   17.846544000    0.006870830   -0.011576437
   17.860230000    0.006743652   -0.011958226
   17.873916000    0.006614216   -0.012341952
   17.887602000    0.006482496   -0.012727471
   17.901288000    0.006348466   -0.013114634
   17.914974000    0.006212100   -0.013503291
   17.928660000    0.006073371   -0.013893289
   17.942346000    0.005932252   -0.014284473
   17.956032000    0.005788710   -0.014676688
   17.969718000    0.005642711   -0.015069774
   17.983404000    0.005494218   -0.015463572
   17.997090000    0.005343189   -0.015857921
   18.010776000    0.005189578   -0.016252659
   18.024462000    0.005033335   -0.016647625
   18.038148000    0.004874406   -0.017042654
   18.051834000    0.004712734   -0.017437584
   18.065520000    0.004548258   -0.017832252
   18.079206000    0.004380914   -0.018226496
   18.092892000    0.004210639   -0.018620153
   18.106578000    0.004037367   -0.019013063
   18.120264000    0.003861031   -0.019405066
   18.133950000    0.003681567   -0.019796004
   18.147636000    0.003498912   -0.020185720
   18.161322000    0.003313004   -0.020574059
   18.175008000    0.003123785   -0.020960868
   18.188694000    0.002931200   -0.021345997
   18.202380000    0.002735198   -0.021729299
   18.216066000    0.002535730   -0.022110626
   18.229752000    0.002332752   -0.022489838
   18.243438000    0.002126220   -0.022866793
   18.257124000    0.001916094   -0.023241355
   18.270810000    0.001702335   -0.023613391
   18.284496000    0.001484904   -0.023982769
   18.298182000    0.001263763   -0.024349363
   18.311868000    0.001038870   -0.024713049
   18.325554000    0.000810181   -0.025073707
   18.339240000    0.000577650   -0.025431221
   18.352926000    0.000341226   -0.025785477
   18.366612000    0.000100853   -0.026136367
   18.380298000   -0.000143531   -0.026483787
   18.393984000   -0.000391992   -0.026827636
   18.407670000   -0.000644601   -0.027167817
   18.421356000   -0.000901436   -0.027504240
   18.435042000   -0.001162578   -0.027836818
   18.448728000   -0.001428111   -0.028165467
   18.462414000   -0.001698123   -0.028490112
   18.476100000   -0.001972703   -0.028810679
   18.489786000   -0.002251940   -0.029127101
   18.503472000   -0.002535923   -0.029439318
   18.517158000   -0.002824737   -0.029747274
   18.530844000   -0.003118467   -0.030050917
   18.544530000   -0.003417191   -0.030350203
   18.558216000   -0.003720985   -0.030645094
   18.571902000   -0.004029919   -0.030935557
   18.585588000   -0.004344057   -0.031221564
   18.599274000   -0.004663462   -0.031503094
   18.612960000   -0.004988188   -0.031780133
   18.626646000   -0.005318290   -0.032052672
   18.640332000   -0.005653819   -0.032320706
   18.654018000   -0.005994826   -0.032584238
   18.667704000   -0.006341365   -0.032843277
   18.681390000   -0.006693489   -0.033097835
   18.695076000   -0.007051259   -0.033347932
   18.708762000   -0.007414740   -0.033593592
   18.722448000   -0.007784006   -0.033834843
   18.736134000   -0.008159139   -0.034071719
   18.749820000   -0.008540229   -0.034304258
   18.763506000   -0.008927377   -0.034532503
   18.777192000   -0.009320695   -0.034756500
   18.790878000   -0.009720300   -0.034976298
   18.804564000   -0.010126321   -0.035191953
   18.818250000   -0.010538890   -0.035403519
   18.831936000   -0.010958144   -0.035611058
   18.845622000   -0.011384220   -0.035814630
   18.859308000   -0.011817255   -0.036014302
   18.872994000   -0.012257379   -0.036210140
   18.886680000   -0.012704715   -0.036402212
   18.900366000   -0.013159374   -0.036590589
   18.914052000   -0.013621454   -0.036775343
   18.927738000   -0.014091032   -0.036956547
   18.941424000   -0.014568171   -0.037134274
   18.955110000   -0.015052908   -0.037308598
   18.968796000   -0.015545262   -0.037479595
   18.982482000   -0.016045227   -0.037647340
   18.996168000   -0.016552780   -0.037811906
   19.009854000   -0.017067876   -0.037973369
   19.023540000   -0.017590456   -0.038131802
   19.037226000   -0.018120450   -0.038287279
   19.050912000   -0.018657780   -0.038439872
   19.064598000   -0.019202368   -0.038589650
   19.078284000   -0.019754142   -0.038736685
   19.091970000   -0.020313042   -0.038881043
   19.105656000   -0.020879028   -0.039022791
   19.119342000   -0.021452089   -0.039161993
   19.133028000   -0.022032250   -0.039298709
   19.146714000   -0.022619578   -0.039433001
   19.160400000   -0.023214190   -0.039564924
   19.174086000   -0.023816261   -0.039694534
   19.187772000   -0.024426025   -0.039821882
   19.201458000   -0.025043786   -0.039947017
   19.215144000   -0.025669914   -0.040069987
   19.228830000   -0.026304851   -0.040190835
   19.242516000   -0.026949112   -0.040309602
   19.256202000   -0.027603282   -0.040426327
   19.269888000   -0.028268013   -0.040541047
   19.283574000   -0.028944024   -0.040653795
   19.297260000   -0.029632093   -0.040764602
   19.310946000   -0.030333048   -0.040873499
   19.324632000   -0.031047766   -0.040980512
   19.338318000   -0.031777162   -0.041085667
   19.352004000   -0.032522176   -0.041188988
   19.365690000   -0.033283770   -0.041290497
   19.379376000   -0.034062913   -0.041390217
   19.393062000   -0.034860576   -0.041488167
   19.406748000   -0.035677717   -0.041584366
   19.420434000   -0.036515275   -0.041678833
   19.434120000   -0.037374159   -0.041771587
   19.447806000   -0.038255242   -0.041862646
   19.461492000   -0.039159350   -0.041952026
   19.475178000   -0.040087258   -0.042039745
   19.488864000   -0.041039682   -0.042125821
   19.502550000   -0.042017273   -0.042210271
   19.516236000   -0.043020614   -0.042293112
   19.529922000   -0.044050217   -0.042374363
   19.543608000   -0.045106517   -0.042454041
   19.557294000   -0.046189871   -0.042532165
   19.570980000   -0.047300556   -0.042608751
   19.584666000   -0.048438770   -0.042683820
   19.598352000   -0.049604624   -0.042757389
   19.612038000   -0.050798148   -0.042829476
   19.625724000   -0.052019287   -0.042900101
   19.639410000   -0.053267898   -0.042969281
   19.653096000   -0.054543753   -0.043037034
   19.666782000   -0.055846535   -0.043103380
   19.680468000   -0.057175837   -0.043168335
   19.694154000   -0.058531161   -0.043231917
   19.707840000   -0.059911918   -0.043294144
   19.721526000   -0.061317424   -0.043355032
   19.735212000   -0.062746897   -0.043414597
   19.748898000   -0.064199463   -0.043472857
   19.762584000   -0.065674146   -0.043529825
   19.776270000   -0.067169872   -0.043585518
   19.789956000   -0.068685470   -0.043639951
   19.803642000   -0.070219666   -0.043693137
   19.817328000   -0.071771091   -0.043745090
   19.831014000   -0.073338280   -0.043795825
   19.844700000   -0.074919674   -0.043845353
   19.858386000   -0.076513622   -0.043893689
   19.872072000   -0.078118391   -0.043940844
   19.885758000   -0.079732166   -0.043986832
   19.899444000   -0.081353057   -0.044031663
   19.913130000   -0.082979111   -0.044075350
   19.926816000   -0.084608314   -0.044117904
   19.940502000   -0.086238602   -0.044159336
   19.954188000   -0.087867872   -0.044199658
   19.967874000   -0.089493988   -0.044238881
   19.981560000   -0.091114794   -0.044277015
   19.995246000   -0.092728121   -0.044314072
   20.008932000   -0.094331798   -0.044350060
   20.022618000   -0.095923663   -0.044384991
   20.036304000   -0.097501566   -0.044418874
   20.049990000   -0.099063385   -0.044451720
   20.063676000   -0.100607026   -0.044483536
   20.077362000   -0.102130435   -0.044514334
   20.091048000   -0.103631599   -0.044544120
   20.104734000   -0.105108554   -0.044572905
   20.118420000   -0.106559385   -0.044600696
   20.132106000   -0.107982234   -0.044627501
   20.145792000   -0.109375293   -0.044653328
   20.159478000   -0.110736812   -0.044678184
   20.173164000   -0.112065096   -0.044702075
   20.186850000   -0.113358503   -0.044725010
   20.200536000   -0.114615444   -0.044746993
   20.214222000   -0.115834381   -0.044768031
   20.227908000   -0.117013825   -0.044788130
   20.241594000   -0.118152333   -0.044807295
   20.255280000   -0.119248507   -0.044825532
   20.268966000   -0.120300995   -0.044842845
   20.282652000   -0.121308482   -0.044859239
   20.296338000   -0.122269700   -0.044874718
   20.310024000   -0.123183417   -0.044889288
   20.323710000   -0.124048448   -0.044902951
   20.337396000   -0.124863646   -0.044915713
   20.351082000   -0.125627915   -0.044927575
   20.364768000   -0.126340203   -0.044938543
   20.378454000   -0.126999510   -0.044948620
   20.392140000   -0.127604892   -0.044957807
   20.405826000   -0.128155466   -0.044966110
   20.419512000   -0.128650410   -0.044973529
   20.433198000   -0.129088975   -0.044980068
   20.446884000   -0.129470482   -0.044985728
   20.460570000   -0.129794335   -0.044990512
   20.474256000   -0.130060018   -0.044994421
   20.487942000   -0.130267104   -0.044997457
   20.501628000   -0.130415257   -0.044999621
   20.515314000   -0.130504236   -0.045000913
 
     AVERAGE      :     0.39s CPU         0.43s WALL

 
   This run was terminated on:  16:45:37  18Sep2017            

=------------------------------------------------------------------------------=
   JOB DONE.
=------------------------------------------------------------------------------=
