
     Program WSTAT v. 2.0.0 starts on 11May2018 at 15: 6:14 

     This program is part of the open-source West suite
     for massively parallel calculations of excited states in materials; please cite
         "M. Govoni et al., J. Chem. Theory Comput. 11, 2680 (2015);
          URL http://www.west-code.org", 
     in publications or presentations arising from this work.

     Based on the Quantum ESPRESSO v. 6.1 svn rev. 13369
       
     --------------------------------------------------------------------------------------------
     **MPI** Parallelization Status                                      
     --------------------------------------------------------------------------------------------
                   160                  10             1             1            16
     --------------------------------------------------------------------------------------------
                     N         =         I      X      P      X      B      X      Z
                     ^                   ^             ^             ^             ^
                     |                   |             |             |             |
                   #rnk                  |             |             |             |
                                      #image           |             |             |
                                                     #pool           |             |
                                                                   #bgrp           |
                                                                                 #R&G
     --------------------------------------------------------------------------------------------
     **OPENMP** Parallelization Status
     #thr/rnk               =            1
     --------------------------------------------------------------------------------------------
     #prc = (rnk) * (thr) =          160
     --------------------------------------------------------------------------------------------
       
     --------------------------------------------------------------------------------------------
     I/O Summary : input_west                                            
     --------------------------------------------------------------------------------------------
     qe_prefix      = co
     west_prefix    = co
     outdir         = ./
     --------------------------------------------------------------------------------------------
       
     --------------------------------------------------------------------------------------------
     I/O Summary : wstat_control                                         
     --------------------------------------------------------------------------------------------
     wstat_calculation              =              S
     n_pdep_eigen                   =             20
     n_kin_pdep_eigen               =            400
     n_lindhard_eigen               =              0
     n_pdep_times                   =              4
     n_pdep_maxiter                 =            100
     n_dfpt_maxiter                 =            250
     n_pdep_read_from_file          =              0
     trev_pdep                      =   1.000000E-03
     trev_pdep_rel                  =   1.000000E-01
     tr2_dfpt                       =   1.000000E-12
     l_kinetic_only                 =              F
     l_minimize_exx_if_active       =              F
     l_use_ecutrho                  =              F
     l_pure_eigen                   =              F
     --------------------------------------------------------------------------------------------

     Reading data from directory:
     ./co.save

   Info: using nr1, nr2, nr3 values from input

   Info: using nr1, nr2, nr3 values from input

     IMPORTANT: XC functional enforced from input :
     Exchange-correlation      = PBE ( 1  4  3  4 0 0)
     Any further DFT definition will be discarded
     Please, verify this is what you really want

     Message from routine readpp:
     file ./co.save/O_ONCV_PBE-1.0.upf not found
     Message from routine readpp:
     file ./co.save/C_ONCV_PBE-1.0.upf not found
 
     Parallelization info
     --------------------
     sticks:   dense  smooth     PW     G-vecs:    dense   smooth      PW
     Min        1520    1520    379               178660   178660   22323
     Max        1522    1522    384               178666   178666   22328
     Sum       24345   24345   6093              2858633  2858633  357213
 
       
     --------------------------------------------------------------------------------------------
     System Overview                                                     
     --------------------------------------------------------------------------------------------
     gamma_only           =              T
     ecutwfc [Ry]         =      85.000000
     omega [au^3]         =   2.700000E+04
     glob. #G             =         178607
     nbnd                 =            100
     nkstot               =              1
     nspin                =              1
     nelec                =      10.000000
     npol                 =              1
     lsda                 =              F
     noncolin             =              F
     lspinorb             =              F
     domag                =              F
     --------------------------------------------------------------------------------------------

     sFFT G-space:  1429317 G-vectors     R-space: ( 180, 180, 180)
     dFFT G-space:  1429317 G-vectors     R-space: ( 180, 180, 180)

     Cell [a.u.]          =      30.000000      0.000000      0.000000
                          =       0.000000     30.000000      0.000000
                          =       0.000000      0.000000     30.000000
      
     number of ks points=     1
                       cart. coord. in units 2pi/alat
        k(    1) = (   0.0000000   0.0000000   0.0000000), wk =   2.0000000

                       cryst. coord.
        k(    1) = (   0.0000000   0.0000000   0.0000000), wk =   2.0000000
 
     Spherical div        =   1.654268E-01
     Orthorombic div      =   1.628502E-01
       
     --------------------------------------------------------------------------------------------
     Parallelization for nvecx                                           
     --------------------------------------------------------------------------------------------
     nglob                =             80
     nlevel               =             10
     Min nglob/nlevel     =              8
     Max nglob/nlevel     =              8
     --------------------------------------------------------------------------------------------

     [MEM] ----------------------------------------------------------
     [MEM] **Memory** analysis: QE
     [MEM] ----------------------------------------------------------
     [MEM] Allocated arrays           est. size (Mb)     dimensions
     [MEM] ----------------------------------------------------------
     [MEM] Kohn-Sham Wavefunctions      17.03 Mb     (  11164,  100)
     [MEM] NL pseudopotentials           2.73 Mb     (  11164,   16)
     [MEM] Each V/rho on FFT grid        5.93 Mb     ( 388800)
     [MEM] Each G-vector array           0.68 Mb     (  89333)
     [MEM] G-vector shells               0.05 Mb     (   6125)
     [MEM] ----------------------------------------------------------
     [MEM] TOT                          26.42 Mb
     [MEM] ----------------------------------------------------------
     [MEM] 
     [MEM] ----------------------------------------------------------
     [MEM] **Memory** analysis: WSTAT global
     [MEM] ----------------------------------------------------------
     [MEM] Allocated arrays           est. size (Mb)     dimensions
     [MEM] ----------------------------------------------------------
     [MEM] dvg                           1.36 Mb     (  11164,    8)
     [MEM] dng                           1.36 Mb     (  11164,    8)
     [MEM] hr_distr                      0.00 Mb     (     80,    8)
     [MEM] vr_distr                      0.00 Mb     (     80,    8)
     [MEM] ----------------------------------------------------------
     [MEM] TOT                           2.74 Mb
     [MEM] ----------------------------------------------------------
     [MEM] 
     [MEM] ----------------------------------------------------------
     [MEM] **Memory** analysis: WSTAT temporary
     [MEM] ----------------------------------------------------------
     [MEM] Allocated arrays           est. size (Mb)     dimensions
     [MEM] ----------------------------------------------------------
     [MEM] dvpsi                         0.85 Mb     (  11164,    5)
     [MEM] dpsi                          0.85 Mb     (  11164,    5)
     [MEM] ----------------------------------------------------------
     [MEM] Total estimate                1.70 Mb
     [MEM] ----------------------------------------------------------

                       *----------*              *----------*               *----------*
     #     Iteration = | starting |   DFPT_dim = |       20 |   Diago_dim = |       20 |  x 1/2
                       *----------*              *----------*               *----------*
     per-process dynamical memory   114.7 Mb
  
       
     --------------------------------------------------------------------------------------------
     Sternheimer eq. solver... with lite-solver                          
     --------------------------------------------------------------------------------------------
     in progress... |##########          | 050% :               00.1s (E)               00.3s (X)
     in progress... |####################| 100% :               00.3s (E)               00.3s (X)
     --------------------------------------------------------------------------------------------

     [I/O] -------------------------------------------------------
     [I/O] RESTART written in < 00.1s             
     [I/O] In location   : ./co_20_400.wstat.restart
     [I/O] -------------------------------------------------------

                       *----------*              *----------*               *----------*
     #     Iteration = | starting |   DFPT_dim = |       20 |   Diago_dim = |       20 |  x 2/2
                       *----------*              *----------*               *----------*
     per-process dynamical memory   114.7 Mb
  
       
     --------------------------------------------------------------------------------------------
     Sternheimer eq. solver... with threshold =   1.000000E-06           
     --------------------------------------------------------------------------------------------
     in progress... |##########          | 050% :               02.0s (E)               04.1s (X)
     in progress... |####################| 100% :               04.1s (E)               04.1s (X)
     --------------------------------------------------------------------------------------------
     p-DIAGOX done in < 00.1s with a SCALAPACK grid (2x2)
     --------------------------------------------------------------------------------------------
        
       -3.29607  -1.38071  -1.34087  -0.69866  -0.67045  -0.60271  -0.56025  -0.32148  -0.31241
       -0.27187  -0.25659  -0.24224  -0.20855  -0.18626  -0.17388  -0.17002  -0.15174  -0.12938
       -0.10814  -0.06635
        
     --------------------------------------------------------------------------------------------
     Tot. elapsed time 09.5s,  time spent in last iteration 09.5s
     --------------------------------------------------------------------------------------------

     [I/O] -------------------------------------------------------
     [I/O] RESTART written in < 00.1s             
     [I/O] In location   : ./co_20_400.wstat.restart
     [I/O] -------------------------------------------------------

                       *----------*              *----------*               *----------*
     #     Iteration = |        1 |   DFPT_dim = |       20 |   Diago_dim = |       40 |
                       *----------*              *----------*               *----------*
     per-process dynamical memory   114.7 Mb
  
       
     --------------------------------------------------------------------------------------------
     Sternheimer eq. solver... with threshold =   1.000000E-12           
     --------------------------------------------------------------------------------------------
     in progress... |##########          | 050% :               03.1s (E)               06.3s (X)
     in progress... |####################| 100% :               06.3s (E)               06.3s (X)
     --------------------------------------------------------------------------------------------
     p-DIAGOX done in < 00.1s with a SCALAPACK grid (2x2)
     --------------------------------------------------------------------------------------------
        
       -3.67655  -1.45712  -1.45710  -1.05323  -0.76117  -0.75993  -0.66654  -0.46775  -0.45948
       -0.42004  -0.36031  -0.35332  -0.34944  -0.29118  -0.25396  -0.24826  -0.22163  -0.22023
       -0.21618  -0.21047
        
     --------------------------------------------------------------------------------------------
     Tot. elapsed time 20.7s,  time spent in last iteration 07.6s
     --------------------------------------------------------------------------------------------

     [I/O] -------------------------------------------------------
     [I/O] RESTART written in < 00.1s             
     [I/O] In location   : ./co_20_400.wstat.restart
     [I/O] -------------------------------------------------------

                       *----------*              *----------*               *----------*
     #     Iteration = |        2 |   DFPT_dim = |       20 |   Diago_dim = |       60 |
                       *----------*              *----------*               *----------*
     per-process dynamical memory   114.7 Mb
  
       
     --------------------------------------------------------------------------------------------
     Sternheimer eq. solver... with threshold =   1.000000E-12           
     --------------------------------------------------------------------------------------------
     in progress... |##########          | 050% :               03.1s (E)               06.3s (X)
     in progress... |####################| 100% :               06.3s (E)               06.3s (X)
     --------------------------------------------------------------------------------------------
     p-DIAGOX done in < 00.1s with a SCALAPACK grid (2x2)
     --------------------------------------------------------------------------------------------
        
       -3.67666  -1.45716  -1.45716  -1.05439  -0.76196  -0.76195  -0.66816  -0.47255  -0.47242
       -0.43915  -0.36697  -0.36661  -0.35754  -0.30979  -0.30887  -0.28154  -0.24147  -0.23166
       -0.23154  -0.22562
        
     --------------------------------------------------------------------------------------------
     Tot. elapsed time 35.4s,  time spent in last iteration 07.5s
     --------------------------------------------------------------------------------------------

     [I/O] -------------------------------------------------------
     [I/O] RESTART written in < 00.1s             
     [I/O] In location   : ./co_20_400.wstat.restart
     [I/O] -------------------------------------------------------

                       *----------*              *----------*               *----------*
     #     Iteration = |        3 |   DFPT_dim = |       16 |   Diago_dim = |       76 |
                       *----------*              *----------*               *----------*
     per-process dynamical memory   114.7 Mb
  
       
     --------------------------------------------------------------------------------------------
     Sternheimer eq. solver... with threshold =   1.000000E-12           
     --------------------------------------------------------------------------------------------
     in progress... |##########          | 050% :               03.1s (E)               06.3s (X)
     in progress... |####################| 100% :               06.3s (E)               06.3s (X)
     --------------------------------------------------------------------------------------------
     p-DIAGOX done in < 00.1s with a SCALAPACK grid (2x2)
     --------------------------------------------------------------------------------------------
        
       -3.67666  -1.45716  -1.45716  -1.05439  -0.76196  -0.76196  -0.66816  -0.47257  -0.47257
       -0.43934  -0.36707  -0.36707  -0.35763  -0.31030  -0.31029  -0.28255  -0.24236  -0.23240
       -0.23239  -0.22578
        
     --------------------------------------------------------------------------------------------
     Tot. elapsed time 54.0s,  time spent in last iteration 07.4s
     --------------------------------------------------------------------------------------------

     [I/O] -------------------------------------------------------
     [I/O] RESTART written in < 00.1s             
     [I/O] In location   : ./co_20_400.wstat.restart
     [I/O] -------------------------------------------------------

                       *----------*              *----------*               *----------*
     #     Iteration = |        4 |   DFPT_dim = |        2 |   Diago_dim = |       78 |
                       *----------*              *----------*               *----------*
     per-process dynamical memory   114.7 Mb
  
       
     --------------------------------------------------------------------------------------------
     Sternheimer eq. solver... with threshold =   1.000000E-12           
     --------------------------------------------------------------------------------------------
     in progress... |####################| 100% :             < 00.1s (E)             < 00.1s (X)
     --------------------------------------------------------------------------------------------
     p-DIAGOX done in < 00.1s with a SCALAPACK grid (2x2)
     --------------------------------------------------------------------------------------------
        
       -3.67666  -1.45716  -1.45716  -1.05439  -0.76196  -0.76196  -0.66816  -0.47257  -0.47257
       -0.43934  -0.36707  -0.36707  -0.35763  -0.31030  -0.31030  -0.28257  -0.24237  -0.23240
       -0.23239  -0.22578
        
     --------------------------------------------------------------------------------------------
     Tot. elapsed time 01m-11.9s,  time spent in last iteration 03.6s
     --------------------------------------------------------------------------------------------
      
     --------------------------------------------------------------------------------------------
     Database written in 01.9s               
     In location : ./co_20_400.wstat.save
     --------------------------------------------------------------------------------------------
       
     --------------------------------------------------------------------------------------------
     Convergence achieved !!! in        4 steps                          
     --------------------------------------------------------------------------------------------
       
     --------------------------------------------------------------------------------------------
     ** Now compute kinetic eigenpotentials **                           
     --------------------------------------------------------------------------------------------
       
     --------------------------------------------------------------------------------------------
     Parallelization for newnvecx                                        
     --------------------------------------------------------------------------------------------
     nglob                =           1600
     nlevel               =             10
     Min nglob/nlevel     =            160
     Max nglob/nlevel     =            160
     --------------------------------------------------------------------------------------------
       
     --------------------------------------------------------------------------------------------
     Parallelization for merge_nvecx                                     
     --------------------------------------------------------------------------------------------
     nglob                =           1680
     nlevel               =             10
     Min nglob/nlevel     =            168
     Max nglob/nlevel     =            168
     --------------------------------------------------------------------------------------------

                       *----------*              *----------*               *----------*
     #     Iteration = | starting |   DFPT_dim = |      400 |   Diago_dim = |      400 |  x 1/2
                       *----------*              *----------*               *----------*
       
     --------------------------------------------------------------------------------------------
     Applying projection operator formed by dvg                          
     --------------------------------------------------------------------------------------------
     per-process dynamical memory   212.3 Mb
  
       
     --------------------------------------------------------------------------------------------
     Sternheimer eq. solver... with lite-solver                          
     --------------------------------------------------------------------------------------------
     in progress... |#                   | 005% :               00.3s (E)               07.7s (X)
     in progress... |##                  | 010% :               00.7s (E)               07.7s (X)
     in progress... |###                 | 015% :               01.1s (E)               07.7s (X)
     in progress... |####                | 020% :               01.5s (E)               07.7s (X)
     in progress... |#####               | 025% :               01.9s (E)               07.7s (X)
     in progress... |######              | 030% :               02.3s (E)               07.7s (X)
     in progress... |#######             | 035% :               02.7s (E)               07.7s (X)
     in progress... |########            | 040% :               03.0s (E)               07.7s (X)
     in progress... |#########           | 045% :               03.4s (E)               07.7s (X)
     in progress... |##########          | 050% :               03.8s (E)               07.7s (X)
     in progress... |###########         | 055% :               04.2s (E)               07.7s (X)
     in progress... |############        | 060% :               04.6s (E)               07.7s (X)
     in progress... |#############       | 065% :               05.0s (E)               07.7s (X)
     in progress... |##############      | 070% :               05.4s (E)               07.7s (X)
     in progress... |###############     | 075% :               05.7s (E)               07.7s (X)
     in progress... |################    | 080% :               06.1s (E)               07.7s (X)
     in progress... |#################   | 085% :               06.5s (E)               07.7s (X)
     in progress... |##################  | 090% :               06.9s (E)               07.7s (X)
     in progress... |################### | 095% :               07.3s (E)               07.7s (X)
     in progress... |####################| 100% :               07.7s (E)               07.7s (X)
       
     --------------------------------------------------------------------------------------------
     Applying projection operator formed by dvg                          
     --------------------------------------------------------------------------------------------
     --------------------------------------------------------------------------------------------

     [I/O] -------------------------------------------------------
     [I/O] RESTART written in < 00.1s             
     [I/O] In location   : ./co_20_400.wstat.restart
     [I/O] -------------------------------------------------------

                       *----------*              *----------*               *----------*
     #     Iteration = | starting |   DFPT_dim = |      400 |   Diago_dim = |      400 |  x 2/2
                       *----------*              *----------*               *----------*
       
     --------------------------------------------------------------------------------------------
     Applying projection operator formed by dvg                          
     --------------------------------------------------------------------------------------------
     per-process dynamical memory   212.3 Mb
  
       
     --------------------------------------------------------------------------------------------
     Sternheimer eq. solver... with threshold =   1.000000E-06           
     --------------------------------------------------------------------------------------------
     in progress... |#                   | 005% :               00.5s (E)               10.8s (X)
     in progress... |##                  | 010% :               01.0s (E)               10.7s (X)
     in progress... |###                 | 015% :               01.6s (E)               10.7s (X)
     in progress... |####                | 020% :               02.1s (E)               10.7s (X)
     in progress... |#####               | 025% :               02.6s (E)               10.7s (X)
     in progress... |######              | 030% :               03.2s (E)               10.6s (X)
     in progress... |#######             | 035% :               03.7s (E)               10.6s (X)
     in progress... |########            | 040% :               04.2s (E)               10.6s (X)
     in progress... |#########           | 045% :               04.7s (E)               10.6s (X)
     in progress... |##########          | 050% :               05.3s (E)               10.6s (X)
     in progress... |###########         | 055% :               05.8s (E)               10.5s (X)
     in progress... |############        | 060% :               06.3s (E)               10.5s (X)
     in progress... |#############       | 065% :               06.8s (E)               10.5s (X)
     in progress... |##############      | 070% :               07.3s (E)               10.5s (X)
     in progress... |###############     | 075% :               07.9s (E)               10.5s (X)
     in progress... |################    | 080% :               08.4s (E)               10.5s (X)
     in progress... |#################   | 085% :               08.9s (E)               10.5s (X)
     in progress... |##################  | 090% :               09.4s (E)               10.5s (X)
     in progress... |################### | 095% :               09.9s (E)               10.5s (X)
     in progress... |####################| 100% :               10.4s (E)               10.4s (X)
       
     --------------------------------------------------------------------------------------------
     Applying projection operator formed by dvg                          
     --------------------------------------------------------------------------------------------
     --------------------------------------------------------------------------------------------
     p-DIAGOX done in 00.5s with a SCALAPACK grid (12x12)
     --------------------------------------------------------------------------------------------
        
       -0.15165  -0.12865  -0.10616  -0.10609  -0.09994  -0.09974  -0.09797  -0.09772  -0.09722
       -0.09702  -0.09572  -0.08530  -0.08369  -0.08341  -0.07199  -0.07191  -0.06739  -0.06428
       -0.06416  -0.06328  -0.06110  -0.06106  -0.05625  -0.05619  -0.05433  -0.04989  -0.04936
       -0.04907  -0.04783  -0.04763  -0.04239  -0.04234  -0.04077  -0.04077  -0.04072  -0.04063
       -0.04058  -0.04050  -0.03868  -0.03603  -0.03575  -0.03571  -0.03563  -0.03551  -0.03169
       -0.03156  -0.02998  -0.02992  -0.02961  -0.02916  -0.02909  -0.02892  -0.02892  -0.02829
       -0.02767  -0.02757  -0.02751  -0.02747  -0.02736  -0.02519  -0.02514  -0.02480  -0.02472
       -0.02322  -0.02316  -0.02308  -0.02192  -0.02109  -0.02101  -0.02087  -0.02075  -0.02054
       -0.02047  -0.01993  -0.01982  -0.01947  -0.01941  -0.01934  -0.01923  -0.01860  -0.01853
       -0.01846  -0.01838  -0.01782  -0.01777  -0.01768  -0.01753  -0.01734  -0.01677  -0.01666
       -0.01650  -0.01637  -0.01629  -0.01621  -0.01530  -0.01507  -0.01469  -0.01458  -0.01451
       -0.01437  -0.01435  -0.01431  -0.01413  -0.01409  -0.01401  -0.01365  -0.01358  -0.01339
       -0.01332  -0.01325  -0.01313  -0.01302  -0.01244  -0.01230  -0.01223  -0.01220  -0.01206
       -0.01199  -0.01185  -0.01120  -0.01102  -0.01092  -0.01088  -0.01085  -0.01072  -0.01069
       -0.01057  -0.01049  -0.01046  -0.01031  -0.01028  -0.01014  -0.01005  -0.01003  -0.01000
       -0.00996  -0.00983  -0.00978  -0.00965  -0.00959  -0.00952  -0.00942  -0.00927  -0.00923
       -0.00908  -0.00904  -0.00897  -0.00886  -0.00878  -0.00862  -0.00854  -0.00850  -0.00842
       -0.00837  -0.00823  -0.00813  -0.00800  -0.00792  -0.00791  -0.00783  -0.00772  -0.00772
       -0.00764  -0.00760  -0.00755  -0.00752  -0.00744  -0.00738  -0.00730  -0.00723  -0.00717
       -0.00716  -0.00706  -0.00701  -0.00694  -0.00684  -0.00678  -0.00666  -0.00662  -0.00660
       -0.00654  -0.00647  -0.00641  -0.00635  -0.00625  -0.00621  -0.00616  -0.00612  -0.00607
       -0.00602  -0.00600  -0.00591  -0.00585  -0.00577  -0.00574  -0.00565  -0.00562  -0.00561
       -0.00558  -0.00553  -0.00550  -0.00537  -0.00535  -0.00531  -0.00525  -0.00522  -0.00520
       -0.00513  -0.00507  -0.00504  -0.00502  -0.00499  -0.00493  -0.00492  -0.00489  -0.00486
       -0.00482  -0.00477  -0.00471  -0.00468  -0.00466  -0.00461  -0.00459  -0.00453  -0.00451
       -0.00446  -0.00442  -0.00441  -0.00433  -0.00428  -0.00424  -0.00423  -0.00419  -0.00417
       -0.00414  -0.00412  -0.00410  -0.00407  -0.00401  -0.00399  -0.00398  -0.00391  -0.00388
       -0.00387  -0.00385  -0.00379  -0.00377  -0.00375  -0.00370  -0.00369  -0.00366  -0.00364
       -0.00363  -0.00357  -0.00355  -0.00353  -0.00348  -0.00345  -0.00343  -0.00339  -0.00334
       -0.00331  -0.00331  -0.00330  -0.00327  -0.00322  -0.00321  -0.00320  -0.00315  -0.00315
       -0.00312  -0.00311  -0.00307  -0.00305  -0.00301  -0.00299  -0.00297  -0.00292  -0.00288
       -0.00287  -0.00286  -0.00285  -0.00281  -0.00280  -0.00277  -0.00273  -0.00271  -0.00270
       -0.00268  -0.00267  -0.00263  -0.00262  -0.00259  -0.00257  -0.00255  -0.00253  -0.00251
       -0.00250  -0.00247  -0.00244  -0.00243  -0.00240  -0.00238  -0.00237  -0.00232  -0.00232
       -0.00230  -0.00228  -0.00227  -0.00225  -0.00223  -0.00222  -0.00217  -0.00216  -0.00214
       -0.00213  -0.00209  -0.00209  -0.00208  -0.00207  -0.00206  -0.00202  -0.00200  -0.00199
       -0.00197  -0.00196  -0.00191  -0.00190  -0.00188  -0.00187  -0.00185  -0.00183  -0.00182
       -0.00182  -0.00178  -0.00177  -0.00176  -0.00174  -0.00173  -0.00170  -0.00169  -0.00168
       -0.00166  -0.00165  -0.00162  -0.00161  -0.00158  -0.00158  -0.00157  -0.00155  -0.00154
       -0.00153  -0.00152  -0.00150  -0.00149  -0.00147  -0.00146  -0.00144  -0.00144  -0.00140
       -0.00139  -0.00137  -0.00136  -0.00134  -0.00133  -0.00131  -0.00128  -0.00127  -0.00126
       -0.00125  -0.00123  -0.00122  -0.00121  -0.00120  -0.00119  -0.00118  -0.00117  -0.00116
       -0.00115  -0.00113  -0.00112  -0.00111  -0.00110  -0.00108  -0.00107  -0.00105  -0.00103
       -0.00102  -0.00101  -0.00099  -0.00098  -0.00096  -0.00095  -0.00093  -0.00090  -0.00087
       -0.00087  -0.00086  -0.00083  -0.00082
        
     --------------------------------------------------------------------------------------------
     Tot. elapsed time 40.8s,  time spent in last iteration 40.8s
     --------------------------------------------------------------------------------------------

     [I/O] -------------------------------------------------------
     [I/O] RESTART written in < 00.1s             
     [I/O] In location   : ./co_20_400.wstat.restart
     [I/O] -------------------------------------------------------

                       *----------*              *----------*               *----------*
     #     Iteration = |        1 |   DFPT_dim = |      400 |   Diago_dim = |      800 |
                       *----------*              *----------*               *----------*
       
     --------------------------------------------------------------------------------------------
     Applying projection operator formed by dvg                          
     --------------------------------------------------------------------------------------------
     per-process dynamical memory   198.3 Mb
  
       
     --------------------------------------------------------------------------------------------
     Sternheimer eq. solver... with threshold =   1.000000E-12           
     --------------------------------------------------------------------------------------------
     in progress... |#                   | 005% :               00.6s (E)               12.6s (X)
     in progress... |##                  | 010% :               01.2s (E)               12.5s (X)
     in progress... |###                 | 015% :               01.8s (E)               12.5s (X)
     in progress... |####                | 020% :               02.5s (E)               12.5s (X)
     in progress... |#####               | 025% :               03.1s (E)               12.5s (X)
     in progress... |######              | 030% :               03.7s (E)               12.5s (X)
     in progress... |#######             | 035% :               04.3s (E)               12.5s (X)
     in progress... |########            | 040% :               05.0s (E)               12.5s (X)
     in progress... |#########           | 045% :               05.6s (E)               12.5s (X)
     in progress... |##########          | 050% :               06.2s (E)               12.5s (X)
     in progress... |###########         | 055% :               06.8s (E)               12.4s (X)
     in progress... |############        | 060% :               07.4s (E)               12.4s (X)
     in progress... |#############       | 065% :               08.1s (E)               12.4s (X)
     in progress... |##############      | 070% :               08.7s (E)               12.4s (X)
     in progress... |###############     | 075% :               09.3s (E)               12.4s (X)
     in progress... |################    | 080% :               09.9s (E)               12.4s (X)
     in progress... |#################   | 085% :               10.5s (E)               12.4s (X)
     in progress... |##################  | 090% :               11.2s (E)               12.4s (X)
     in progress... |################### | 095% :               11.8s (E)               12.4s (X)
     in progress... |####################| 100% :               12.4s (E)               12.4s (X)
       
     --------------------------------------------------------------------------------------------
     Applying projection operator formed by dvg                          
     --------------------------------------------------------------------------------------------
     --------------------------------------------------------------------------------------------
     p-DIAGOX done in 00.4s with a SCALAPACK grid (12x12)
     --------------------------------------------------------------------------------------------
        
       -0.15169  -0.13085  -0.10618  -0.10611  -0.09997  -0.09978  -0.09802  -0.09776  -0.09729
       -0.09715  -0.09621  -0.08568  -0.08451  -0.08347  -0.07205  -0.07197  -0.06745  -0.06432
       -0.06424  -0.06385  -0.06116  -0.06111  -0.05634  -0.05631  -0.05456  -0.05014  -0.04942
       -0.04912  -0.04791  -0.04770  -0.04252  -0.04247  -0.04095  -0.04093  -0.04087  -0.04080
       -0.04074  -0.04071  -0.03912  -0.03670  -0.03589  -0.03586  -0.03583  -0.03569  -0.03198
       -0.03191  -0.03016  -0.03013  -0.03005  -0.02958  -0.02953  -0.02908  -0.02905  -0.02897
       -0.02810  -0.02779  -0.02776  -0.02774  -0.02768  -0.02555  -0.02549  -0.02515  -0.02501
       -0.02384  -0.02350  -0.02343  -0.02227  -0.02150  -0.02145  -0.02131  -0.02126  -0.02084
       -0.02083  -0.02033  -0.02028  -0.02010  -0.02007  -0.01974  -0.01973  -0.01950  -0.01897
       -0.01893  -0.01887  -0.01825  -0.01823  -0.01823  -0.01819  -0.01806  -0.01730  -0.01728
       -0.01707  -0.01704  -0.01688  -0.01687  -0.01606  -0.01605  -0.01545  -0.01531  -0.01530
       -0.01517  -0.01516  -0.01479  -0.01478  -0.01477  -0.01457  -0.01456  -0.01413  -0.01411
       -0.01410  -0.01408  -0.01394  -0.01391  -0.01332  -0.01303  -0.01301  -0.01290  -0.01288
       -0.01277  -0.01276  -0.01217  -0.01189  -0.01175  -0.01174  -0.01167  -0.01166  -0.01155
       -0.01153  -0.01129  -0.01129  -0.01128  -0.01127  -0.01109  -0.01108  -0.01096  -0.01094
       -0.01085  -0.01077  -0.01075  -0.01061  -0.01061  -0.01060  -0.01059  -0.01044  -0.01007
       -0.01006  -0.01002  -0.01000  -0.00999  -0.00991  -0.00989  -0.00960  -0.00959  -0.00948
       -0.00947  -0.00946  -0.00913  -0.00913  -0.00896  -0.00896  -0.00895  -0.00895  -0.00893
       -0.00879  -0.00878  -0.00844  -0.00844  -0.00838  -0.00837  -0.00827  -0.00827  -0.00822
       -0.00822  -0.00820  -0.00812  -0.00811  -0.00810  -0.00809  -0.00782  -0.00776  -0.00775
       -0.00770  -0.00768  -0.00762  -0.00762  -0.00760  -0.00759  -0.00746  -0.00738  -0.00737
       -0.00735  -0.00734  -0.00708  -0.00686  -0.00685  -0.00685  -0.00684  -0.00683  -0.00682
       -0.00679  -0.00679  -0.00656  -0.00655  -0.00649  -0.00648  -0.00648  -0.00646  -0.00637
       -0.00636  -0.00634  -0.00633  -0.00631  -0.00631  -0.00630  -0.00619  -0.00619  -0.00615
       -0.00614  -0.00613  -0.00608  -0.00607  -0.00602  -0.00600  -0.00598  -0.00595  -0.00593
       -0.00589  -0.00586  -0.00581  -0.00579  -0.00566  -0.00564  -0.00555  -0.00554  -0.00549
       -0.00548  -0.00545  -0.00540  -0.00538  -0.00537  -0.00536  -0.00523  -0.00522  -0.00522
       -0.00514  -0.00514  -0.00512  -0.00507  -0.00505  -0.00501  -0.00499  -0.00496  -0.00496
       -0.00494  -0.00492  -0.00490  -0.00488  -0.00487  -0.00486  -0.00485  -0.00484  -0.00483
       -0.00478  -0.00478  -0.00473  -0.00472  -0.00470  -0.00469  -0.00467  -0.00467  -0.00465
       -0.00463  -0.00462  -0.00454  -0.00453  -0.00442  -0.00441  -0.00438  -0.00437  -0.00433
       -0.00431  -0.00427  -0.00424  -0.00423  -0.00416  -0.00415  -0.00414  -0.00413  -0.00412
       -0.00410  -0.00409  -0.00400  -0.00400  -0.00397  -0.00396  -0.00394  -0.00393  -0.00391
       -0.00389  -0.00386  -0.00385  -0.00383  -0.00381  -0.00380  -0.00378  -0.00377  -0.00376
       -0.00375  -0.00372  -0.00371  -0.00371  -0.00368  -0.00366  -0.00363  -0.00361  -0.00359
       -0.00358  -0.00356  -0.00353  -0.00352  -0.00351  -0.00348  -0.00346  -0.00346  -0.00344
       -0.00343  -0.00342  -0.00341  -0.00341  -0.00340  -0.00337  -0.00336  -0.00335  -0.00333
       -0.00331  -0.00329  -0.00327  -0.00325  -0.00324  -0.00322  -0.00320  -0.00319  -0.00318
       -0.00316  -0.00314  -0.00313  -0.00311  -0.00308  -0.00307  -0.00305  -0.00303  -0.00302
       -0.00300  -0.00299  -0.00298  -0.00297  -0.00296  -0.00295  -0.00294  -0.00293  -0.00292
       -0.00290  -0.00288  -0.00287  -0.00286  -0.00284  -0.00283  -0.00281  -0.00280  -0.00279
       -0.00277  -0.00276  -0.00275  -0.00274  -0.00273  -0.00272  -0.00270  -0.00269  -0.00266
       -0.00266  -0.00265  -0.00263  -0.00262  -0.00261  -0.00260  -0.00259  -0.00258  -0.00255
       -0.00254  -0.00253  -0.00251  -0.00251  -0.00250  -0.00249  -0.00247  -0.00247  -0.00245
       -0.00244  -0.00243  -0.00242  -0.00240
        
     --------------------------------------------------------------------------------------------
     Tot. elapsed time 01m-19.6s,  time spent in last iteration 24.8s
     --------------------------------------------------------------------------------------------

     [I/O] -------------------------------------------------------
     [I/O] RESTART written in < 00.1s             
     [I/O] In location   : ./co_20_400.wstat.restart
     [I/O] -------------------------------------------------------

                       *----------*              *----------*               *----------*
     #     Iteration = |        2 |   DFPT_dim = |      263 |   Diago_dim = |     1063 |
                       *----------*              *----------*               *----------*
       
     --------------------------------------------------------------------------------------------
     Applying projection operator formed by dvg                          
     --------------------------------------------------------------------------------------------
     per-process dynamical memory   197.4 Mb
  
       
     --------------------------------------------------------------------------------------------
     Sternheimer eq. solver... with threshold =   1.000000E-12           
     --------------------------------------------------------------------------------------------
     in progress... |#                   | 005% :               00.6s (E)               12.4s (X)
     in progress... |##                  | 010% :               00.9s (E)               09.3s (X)
     in progress... |###                 | 015% :               01.5s (E)               10.3s (X)
     in progress... |####                | 020% :               01.8s (E)               09.3s (X)
     in progress... |#####               | 025% :               02.1s (E)               08.7s (X)
     in progress... |######              | 030% :               02.8s (E)               09.3s (X)
     in progress... |#######             | 035% :               03.1s (E)               08.9s (X)
     in progress... |########            | 040% :               03.4s (E)               08.5s (X)
     in progress... |#########           | 045% :               04.0s (E)               08.9s (X)
     in progress... |##########          | 050% :               04.3s (E)               08.7s (X)
     in progress... |###########         | 055% :               04.6s (E)               08.4s (X)
     in progress... |############        | 060% :               05.2s (E)               08.8s (X)
     in progress... |#############       | 065% :               05.6s (E)               08.6s (X)
     in progress... |##############      | 070% :               05.9s (E)               08.4s (X)
     in progress... |###############     | 075% :               06.5s (E)               08.7s (X)
     in progress... |################    | 080% :               06.8s (E)               08.5s (X)
     in progress... |#################   | 085% :               07.1s (E)               08.4s (X)
     in progress... |##################  | 090% :               07.7s (E)               08.6s (X)
     in progress... |################### | 095% :               08.0s (E)               08.4s (X)
     in progress... |####################| 100% :               08.3s (E)               08.3s (X)
       
     --------------------------------------------------------------------------------------------
     Applying projection operator formed by dvg                          
     --------------------------------------------------------------------------------------------
     --------------------------------------------------------------------------------------------
     p-DIAGOX done in 00.6s with a SCALAPACK grid (12x12)
     --------------------------------------------------------------------------------------------
        
       -0.15169  -0.13085  -0.10618  -0.10611  -0.09997  -0.09978  -0.09802  -0.09776  -0.09729
       -0.09715  -0.09621  -0.08568  -0.08451  -0.08347  -0.07205  -0.07197  -0.06745  -0.06432
       -0.06424  -0.06385  -0.06116  -0.06111  -0.05634  -0.05631  -0.05456  -0.05014  -0.04942
       -0.04912  -0.04791  -0.04770  -0.04252  -0.04247  -0.04095  -0.04093  -0.04087  -0.04080
       -0.04074  -0.04071  -0.03912  -0.03670  -0.03589  -0.03586  -0.03583  -0.03569  -0.03198
       -0.03191  -0.03016  -0.03013  -0.03005  -0.02958  -0.02954  -0.02908  -0.02905  -0.02897
       -0.02810  -0.02779  -0.02776  -0.02774  -0.02769  -0.02555  -0.02549  -0.02515  -0.02501
       -0.02384  -0.02350  -0.02343  -0.02227  -0.02150  -0.02145  -0.02131  -0.02126  -0.02084
       -0.02084  -0.02033  -0.02028  -0.02010  -0.02007  -0.01974  -0.01973  -0.01951  -0.01897
       -0.01893  -0.01887  -0.01826  -0.01823  -0.01823  -0.01819  -0.01806  -0.01730  -0.01728
       -0.01707  -0.01704  -0.01688  -0.01687  -0.01606  -0.01605  -0.01545  -0.01532  -0.01530
       -0.01517  -0.01516  -0.01479  -0.01478  -0.01477  -0.01457  -0.01456  -0.01413  -0.01411
       -0.01410  -0.01408  -0.01394  -0.01392  -0.01333  -0.01303  -0.01302  -0.01291  -0.01288
       -0.01277  -0.01276  -0.01218  -0.01189  -0.01176  -0.01174  -0.01167  -0.01167  -0.01156
       -0.01154  -0.01130  -0.01129  -0.01129  -0.01128  -0.01109  -0.01109  -0.01097  -0.01094
       -0.01086  -0.01077  -0.01077  -0.01062  -0.01061  -0.01061  -0.01060  -0.01045  -0.01007
       -0.01007  -0.01003  -0.01001  -0.01001  -0.00992  -0.00990  -0.00961  -0.00960  -0.00949
       -0.00948  -0.00948  -0.00915  -0.00914  -0.00898  -0.00898  -0.00897  -0.00896  -0.00896
       -0.00880  -0.00879  -0.00846  -0.00846  -0.00840  -0.00839  -0.00828  -0.00828  -0.00823
       -0.00823  -0.00822  -0.00813  -0.00812  -0.00812  -0.00810  -0.00784  -0.00778  -0.00778
       -0.00772  -0.00770  -0.00765  -0.00764  -0.00762  -0.00761  -0.00748  -0.00739  -0.00739
       -0.00737  -0.00736  -0.00713  -0.00689  -0.00688  -0.00687  -0.00687  -0.00686  -0.00686
       -0.00682  -0.00681  -0.00658  -0.00658  -0.00652  -0.00652  -0.00651  -0.00650  -0.00641
       -0.00640  -0.00640  -0.00639  -0.00635  -0.00634  -0.00634  -0.00623  -0.00623  -0.00620
       -0.00616  -0.00616  -0.00611  -0.00611  -0.00606  -0.00605  -0.00603  -0.00603  -0.00597
       -0.00593  -0.00592  -0.00585  -0.00584  -0.00570  -0.00570  -0.00560  -0.00560  -0.00556
       -0.00555  -0.00555  -0.00545  -0.00545  -0.00543  -0.00542  -0.00531  -0.00528  -0.00528
       -0.00521  -0.00521  -0.00519  -0.00513  -0.00513  -0.00507  -0.00507  -0.00501  -0.00500
       -0.00500  -0.00500  -0.00496  -0.00496  -0.00495  -0.00493  -0.00492  -0.00490  -0.00490
       -0.00489  -0.00489  -0.00480  -0.00480  -0.00477  -0.00477  -0.00477  -0.00476  -0.00475
       -0.00472  -0.00472  -0.00463  -0.00463  -0.00451  -0.00451  -0.00447  -0.00446  -0.00442
       -0.00442  -0.00437  -0.00433  -0.00433  -0.00424  -0.00424  -0.00423  -0.00423  -0.00422
       -0.00422  -0.00422  -0.00413  -0.00409  -0.00409  -0.00405  -0.00405  -0.00402  -0.00402
       -0.00400  -0.00400  -0.00396  -0.00396  -0.00394  -0.00394  -0.00393  -0.00393  -0.00388
       -0.00388  -0.00383  -0.00383  -0.00382  -0.00382  -0.00379  -0.00379  -0.00375  -0.00375
       -0.00374  -0.00374  -0.00368  -0.00368  -0.00366  -0.00362  -0.00361  -0.00359  -0.00359
       -0.00357  -0.00357  -0.00356  -0.00356  -0.00354  -0.00354  -0.00354  -0.00353  -0.00349
       -0.00349  -0.00347  -0.00347  -0.00342  -0.00342  -0.00341  -0.00340  -0.00337  -0.00337
       -0.00330  -0.00330  -0.00329  -0.00327  -0.00327  -0.00327  -0.00326  -0.00319  -0.00319
       -0.00317  -0.00316  -0.00316  -0.00313  -0.00313  -0.00312  -0.00312  -0.00309  -0.00309
       -0.00308  -0.00308  -0.00307  -0.00307  -0.00306  -0.00306  -0.00303  -0.00303  -0.00302
       -0.00300  -0.00300  -0.00298  -0.00298  -0.00295  -0.00293  -0.00293  -0.00289  -0.00289
       -0.00289  -0.00289  -0.00288  -0.00288  -0.00282  -0.00281  -0.00280  -0.00280  -0.00277
       -0.00276  -0.00275  -0.00275  -0.00275  -0.00272  -0.00272  -0.00269  -0.00268  -0.00268
       -0.00267  -0.00266  -0.00265  -0.00264
        
     --------------------------------------------------------------------------------------------
     Tot. elapsed time 01m-54.6s,  time spent in last iteration 20.7s
     --------------------------------------------------------------------------------------------
       
     --------------------------------------------------------------------------------------------
     Convergence achieved !!! in        2 steps                          
     --------------------------------------------------------------------------------------------
      
     --------------------------------------------------------------------------------------------
     Database written in < 00.1s             
     In location : ./co_20_400.wstat.save
     --------------------------------------------------------------------------------------------
 
     WSTAT        :  2m32.19s CPU     4m33.01s WALL

     wstat_readin :      5.83s CPU     40.01s WALL (       1 calls)
     fetch_nml    :      0.02s CPU      0.03s WALL (       1 calls)
     read_xml     :      1.31s CPU      2.08s WALL (       1 calls)
     init_vloc    :      0.11s CPU      0.11s WALL (       2 calls)
     fft          :      0.26s CPU      0.28s WALL (      11 calls)
     fft_scatter  :     12.53s CPU     12.58s WALL (    3638 calls)
     v_of_rho     :      0.29s CPU      0.31s WALL (       1 calls)
     v_xc         :      0.25s CPU      0.27s WALL (       1 calls)
     v_h          :      0.03s CPU      0.04s WALL (       1 calls)
     read_wave    :      4.49s CPU     37.89s WALL (       1 calls)
     davcio       :      0.00s CPU      1.95s WALL (       2 calls)
     init_us_1    :      0.31s CPU      0.32s WALL (       2 calls)
     do_setup     :      0.46s CPU      0.48s WALL (       1 calls)
     init_pw_ar   :      0.46s CPU      0.48s WALL (       1 calls)
     init_at_1    :      0.00s CPU      0.00s WALL (       1 calls)
     storesqvc    :      0.01s CPU      0.01s WALL (       1 calls)
     chidiago     :     44.75s CPU     74.44s WALL (       1 calls)
     randomize    :      0.97s CPU      0.99s WALL (       2 calls)
     paramgs      :     11.05s CPU     11.20s WALL (      11 calls)
     dfpt         :     73.97s CPU     74.64s WALL (      10 calls)
     init_us_2    :      0.03s CPU      0.04s WALL (      10 calls)
     fftw         :     33.82s CPU     34.07s WALL (    3627 calls)
     alphapc      :      0.25s CPU      0.24s WALL (     157 calls)
     wstat_restar :     24.69s CPU     82.56s WALL (       8 calls)
     linstern     :     32.22s CPU     32.44s WALL (     115 calls)
     stern        :     24.84s CPU     24.96s WALL (    2729 calls)
     h_psi_bgrp   :     20.40s CPU     20.52s WALL (     274 calls)
     h_psi        :     20.40s CPU     20.52s WALL (     274 calls)
     h_psi:pot    :     20.30s CPU     20.43s WALL (     274 calls)
     vloc_psi     :     19.22s CPU     19.33s WALL (     274 calls)
     h_psi:calbec :      0.71s CPU      0.64s WALL (     274 calls)
     calbec       :      0.71s CPU      0.64s WALL (     274 calls)
     add_vuspsi   :      0.37s CPU      0.45s WALL (     274 calls)
     alphapv      :      2.77s CPU      2.73s WALL (    2729 calls)
     build_hr     :      5.68s CPU      5.85s WALL (       8 calls)
     diagox       :      1.65s CPU      1.75s WALL (       8 calls)
     redistr_vr   :      0.19s CPU      0.20s WALL (       6 calls)
     update_vr    :      9.11s CPU      9.36s WALL (       6 calls)
     symm_hr      :      0.19s CPU      0.20s WALL (       6 calls)
     chidiago:las :      0.00s CPU      0.00s WALL (       1 calls)
     refresh_vr   :      4.25s CPU      4.35s WALL (       2 calls)
     pdep_db      :      0.71s CPU      1.96s WALL (       1 calls)
     kinchidiago  :    101.14s CPU    158.03s WALL (       1 calls)
     k_psi        :      0.57s CPU      0.59s WALL (    2455 calls)
     kinchidiago: :      0.00s CPU      0.00s WALL (       1 calls)
     pdep_db_for_ :     10.91s CPU     35.65s WALL (       1 calls)
 
     WSTAT        :  2m32.19s CPU     4m33.02s WALL

 
   This run was terminated on:  15:10:47  11May2018            

=------------------------------------------------------------------------------=
   JOB DONE.
=------------------------------------------------------------------------------=
