
     Program WSTAT v. 2.0.0 starts on 11May2018 at 15:22:52 

     This program is part of the open-source West suite
     for massively parallel calculations of excited states in materials; please cite
         "M. Govoni et al., J. Chem. Theory Comput. 11, 2680 (2015);
          URL http://www.west-code.org", 
     in publications or presentations arising from this work.

     Based on the Quantum ESPRESSO v. 6.1 svn rev. 13369
       
     --------------------------------------------------------------------------------------------
     **MPI** Parallelization Status                                      
     --------------------------------------------------------------------------------------------
                   160                  10             1             1            16
     --------------------------------------------------------------------------------------------
                     N         =         I      X      P      X      B      X      Z
                     ^                   ^             ^             ^             ^
                     |                   |             |             |             |
                   #rnk                  |             |             |             |
                                      #image           |             |             |
                                                     #pool           |             |
                                                                   #bgrp           |
                                                                                 #R&G
     --------------------------------------------------------------------------------------------
     **OPENMP** Parallelization Status
     #thr/rnk               =            1
     --------------------------------------------------------------------------------------------
     #prc = (rnk) * (thr) =          160
     --------------------------------------------------------------------------------------------
       
     --------------------------------------------------------------------------------------------
     I/O Summary : input_west                                            
     --------------------------------------------------------------------------------------------
     qe_prefix      = co
     west_prefix    = co
     outdir         = ./
     --------------------------------------------------------------------------------------------
       
     --------------------------------------------------------------------------------------------
     I/O Summary : wstat_control                                         
     --------------------------------------------------------------------------------------------
     wstat_calculation              =              S
     n_pdep_eigen                   =            420
     n_kin_pdep_eigen               =              0
     n_lindhard_eigen               =              0
     n_pdep_times                   =              4
     n_pdep_maxiter                 =            100
     n_dfpt_maxiter                 =            250
     n_pdep_read_from_file          =              0
     trev_pdep                      =   1.000000E-03
     trev_pdep_rel                  =   1.000000E-01
     tr2_dfpt                       =   1.000000E-12
     l_kinetic_only                 =              F
     l_minimize_exx_if_active       =              F
     l_use_ecutrho                  =              F
     l_pure_eigen                   =              F
     --------------------------------------------------------------------------------------------

     Reading data from directory:
     ./co.save

   Info: using nr1, nr2, nr3 values from input

   Info: using nr1, nr2, nr3 values from input

     IMPORTANT: XC functional enforced from input :
     Exchange-correlation      = PBE ( 1  4  3  4 0 0)
     Any further DFT definition will be discarded
     Please, verify this is what you really want

     Message from routine readpp:
     file ./co.save/O_ONCV_PBE-1.0.upf not found
     Message from routine readpp:
     file ./co.save/C_ONCV_PBE-1.0.upf not found
 
     Parallelization info
     --------------------
     sticks:   dense  smooth     PW     G-vecs:    dense   smooth      PW
     Min        1520    1520    379               178660   178660   22323
     Max        1522    1522    384               178666   178666   22328
     Sum       24345   24345   6093              2858633  2858633  357213
 
       
     --------------------------------------------------------------------------------------------
     System Overview                                                     
     --------------------------------------------------------------------------------------------
     gamma_only           =              T
     ecutwfc [Ry]         =      85.000000
     omega [au^3]         =   2.700000E+04
     glob. #G             =         178607
     nbnd                 =            100
     nkstot               =              1
     nspin                =              1
     nelec                =      10.000000
     npol                 =              1
     lsda                 =              F
     noncolin             =              F
     lspinorb             =              F
     domag                =              F
     --------------------------------------------------------------------------------------------

     sFFT G-space:  1429317 G-vectors     R-space: ( 180, 180, 180)
     dFFT G-space:  1429317 G-vectors     R-space: ( 180, 180, 180)

     Cell [a.u.]          =      30.000000      0.000000      0.000000
                          =       0.000000     30.000000      0.000000
                          =       0.000000      0.000000     30.000000
      
     number of ks points=     1
                       cart. coord. in units 2pi/alat
        k(    1) = (   0.0000000   0.0000000   0.0000000), wk =   2.0000000

                       cryst. coord.
        k(    1) = (   0.0000000   0.0000000   0.0000000), wk =   2.0000000
 
     Spherical div        =   1.654268E-01
     Orthorombic div      =   1.628502E-01
       
     --------------------------------------------------------------------------------------------
     Parallelization for nvecx                                           
     --------------------------------------------------------------------------------------------
     nglob                =           1680
     nlevel               =             10
     Min nglob/nlevel     =            168
     Max nglob/nlevel     =            168
     --------------------------------------------------------------------------------------------

     [MEM] ----------------------------------------------------------
     [MEM] **Memory** analysis: QE
     [MEM] ----------------------------------------------------------
     [MEM] Allocated arrays           est. size (Mb)     dimensions
     [MEM] ----------------------------------------------------------
     [MEM] Kohn-Sham Wavefunctions      17.03 Mb     (  11164,  100)
     [MEM] NL pseudopotentials           2.73 Mb     (  11164,   16)
     [MEM] Each V/rho on FFT grid        5.93 Mb     ( 388800)
     [MEM] Each G-vector array           0.68 Mb     (  89333)
     [MEM] G-vector shells               0.05 Mb     (   6125)
     [MEM] ----------------------------------------------------------
     [MEM] TOT                          26.42 Mb
     [MEM] ----------------------------------------------------------
     [MEM] 
     [MEM] ----------------------------------------------------------
     [MEM] **Memory** analysis: WSTAT global
     [MEM] ----------------------------------------------------------
     [MEM] Allocated arrays           est. size (Mb)     dimensions
     [MEM] ----------------------------------------------------------
     [MEM] dvg                          28.62 Mb     (  11164,  168)
     [MEM] dng                          28.62 Mb     (  11164,  168)
     [MEM] hr_distr                      2.15 Mb     (   1680,  168)
     [MEM] vr_distr                      2.15 Mb     (   1680,  168)
     [MEM] ----------------------------------------------------------
     [MEM] TOT                          61.54 Mb
     [MEM] ----------------------------------------------------------
     [MEM] 
     [MEM] ----------------------------------------------------------
     [MEM] **Memory** analysis: WSTAT temporary
     [MEM] ----------------------------------------------------------
     [MEM] Allocated arrays           est. size (Mb)     dimensions
     [MEM] ----------------------------------------------------------
     [MEM] dvpsi                         0.85 Mb     (  11164,    5)
     [MEM] dpsi                          0.85 Mb     (  11164,    5)
     [MEM] ----------------------------------------------------------
     [MEM] Total estimate                1.70 Mb
     [MEM] ----------------------------------------------------------

                       *----------*              *----------*               *----------*
     #     Iteration = | starting |   DFPT_dim = |      420 |   Diago_dim = |      420 |  x 1/2
                       *----------*              *----------*               *----------*
     per-process dynamical memory   173.4 Mb
  
       
     --------------------------------------------------------------------------------------------
     Sternheimer eq. solver... with lite-solver                          
     --------------------------------------------------------------------------------------------
     in progress... |#                   | 005% :               00.5s (E)               11.7s (X)
     in progress... |##                  | 010% :               00.9s (E)               09.7s (X)
     in progress... |###                 | 015% :               01.3s (E)               09.0s (X)
     in progress... |####                | 020% :               01.7s (E)               08.7s (X)
     in progress... |#####               | 025% :               02.1s (E)               08.5s (X)
     in progress... |######              | 030% :               02.5s (E)               08.3s (X)
     in progress... |#######             | 035% :               02.9s (E)               08.3s (X)
     in progress... |########            | 040% :               03.2s (E)               08.2s (X)
     in progress... |#########           | 045% :               03.6s (E)               08.1s (X)
     in progress... |##########          | 050% :               04.0s (E)               08.1s (X)
     in progress... |###########         | 055% :               04.6s (E)               08.4s (X)
     in progress... |############        | 060% :               05.0s (E)               08.3s (X)
     in progress... |#############       | 065% :               05.4s (E)               08.3s (X)
     in progress... |##############      | 070% :               05.8s (E)               08.3s (X)
     in progress... |###############     | 075% :               06.2s (E)               08.2s (X)
     in progress... |################    | 080% :               06.5s (E)               08.2s (X)
     in progress... |#################   | 085% :               06.9s (E)               08.2s (X)
     in progress... |##################  | 090% :               07.3s (E)               08.1s (X)
     in progress... |################### | 095% :               07.7s (E)               08.1s (X)
     in progress... |####################| 100% :               08.1s (E)               08.1s (X)
     --------------------------------------------------------------------------------------------

     [I/O] -------------------------------------------------------
     [I/O] RESTART written in < 00.1s             
     [I/O] In location   : ./co_420.wstat.restart
     [I/O] -------------------------------------------------------

                       *----------*              *----------*               *----------*
     #     Iteration = | starting |   DFPT_dim = |      420 |   Diago_dim = |      420 |  x 2/2
                       *----------*              *----------*               *----------*
     per-process dynamical memory   175.6 Mb
  
       
     --------------------------------------------------------------------------------------------
     Sternheimer eq. solver... with threshold =   1.000000E-06           
     --------------------------------------------------------------------------------------------
     in progress... |#                   | 005% :               06.2s (E)           02m-04.5s (X)
     in progress... |##                  | 010% :               10.2s (E)           01m-42.9s (X)
     in progress... |###                 | 015% :               14.3s (E)           01m-35.7s (X)
     in progress... |####                | 020% :               18.3s (E)           01m-31.5s (X)
     in progress... |#####               | 025% :               22.2s (E)           01m-29.0s (X)
     in progress... |######              | 030% :               26.1s (E)           01m-27.0s (X)
     in progress... |#######             | 035% :               29.9s (E)           01m-25.6s (X)
     in progress... |########            | 040% :               33.7s (E)           01m-24.4s (X)
     in progress... |#########           | 045% :               37.5s (E)           01m-23.4s (X)
     in progress... |##########          | 050% :               41.3s (E)           01m-22.7s (X)
     in progress... |###########         | 055% :               47.0s (E)           01m-25.5s (X)
     in progress... |############        | 060% :               50.8s (E)           01m-24.7s (X)
     in progress... |#############       | 065% :               54.6s (E)           01m-24.0s (X)
     in progress... |##############      | 070% :               58.3s (E)           01m-23.3s (X)
     in progress... |###############     | 075% :           01m-02.1s (E)           01m-22.8s (X)
     in progress... |################    | 080% :           01m-05.9s (E)           01m-22.4s (X)
     in progress... |#################   | 085% :           01m-09.6s (E)           01m-21.9s (X)
     in progress... |##################  | 090% :           01m-13.3s (E)           01m-21.4s (X)
     in progress... |################### | 095% :           01m-17.0s (E)           01m-21.1s (X)
     in progress... |####################| 100% :           01m-20.7s (E)           01m-20.7s (X)
     --------------------------------------------------------------------------------------------
     p-DIAGOX done in 00.4s with a SCALAPACK grid (12x12)
     --------------------------------------------------------------------------------------------
        
       -3.55844  -1.45686  -1.45680  -0.94070  -0.76176  -0.76176  -0.66784  -0.47128  -0.47105
       -0.43766  -0.36660  -0.36657  -0.34751  -0.30968  -0.30964  -0.27029  -0.24165  -0.23236
       -0.23235  -0.22576  -0.22575  -0.19221  -0.16322  -0.16318  -0.14616  -0.14614  -0.14457
       -0.14454  -0.13959  -0.13958  -0.13868  -0.12941  -0.12919  -0.10963  -0.10265  -0.10257
       -0.09437  -0.08697  -0.08693  -0.08684  -0.08590  -0.08588  -0.07909  -0.07904  -0.07176
       -0.06624  -0.06344  -0.06337  -0.06230  -0.06227  -0.05190  -0.05189  -0.05120  -0.05103
       -0.05082  -0.05080  -0.04930  -0.04928  -0.04850  -0.04533  -0.04530  -0.04450  -0.04375
       -0.04369  -0.03911  -0.03906  -0.03768  -0.03755  -0.03740  -0.03613  -0.03601  -0.03490
       -0.03442  -0.03438  -0.03434  -0.03344  -0.03334  -0.03309  -0.03300  -0.03223  -0.03216
       -0.03119  -0.03104  -0.02737  -0.02727  -0.02611  -0.02539  -0.02490  -0.02486  -0.02466
       -0.02454  -0.02338  -0.02333  -0.02294  -0.02285  -0.02266  -0.02246  -0.02231  -0.02228
       -0.02194  -0.02192  -0.02168  -0.02123  -0.02053  -0.02039  -0.02024  -0.02017  -0.02001
       -0.01933  -0.01915  -0.01911  -0.01898  -0.01867  -0.01852  -0.01750  -0.01737  -0.01675
       -0.01655  -0.01655  -0.01640  -0.01621  -0.01612  -0.01608  -0.01588  -0.01581  -0.01572
       -0.01547  -0.01536  -0.01524  -0.01521  -0.01495  -0.01488  -0.01454  -0.01437  -0.01425
       -0.01392  -0.01370  -0.01366  -0.01356  -0.01244  -0.01228  -0.01217  -0.01206  -0.01204
       -0.01204  -0.01186  -0.01177  -0.01166  -0.01159  -0.01147  -0.01138  -0.01125  -0.01117
       -0.01115  -0.01101  -0.01096  -0.01088  -0.01085  -0.01077  -0.01062  -0.01053  -0.01052
       -0.01036  -0.01034  -0.01022  -0.01012  -0.00994  -0.00988  -0.00981  -0.00958  -0.00940
       -0.00936  -0.00925  -0.00920  -0.00903  -0.00894  -0.00881  -0.00872  -0.00861  -0.00855
       -0.00853  -0.00840  -0.00838  -0.00834  -0.00830  -0.00817  -0.00816  -0.00809  -0.00796
       -0.00795  -0.00791  -0.00784  -0.00770  -0.00765  -0.00757  -0.00750  -0.00733  -0.00728
       -0.00726  -0.00719  -0.00716  -0.00712  -0.00698  -0.00692  -0.00685  -0.00679  -0.00672
       -0.00668  -0.00660  -0.00654  -0.00645  -0.00643  -0.00632  -0.00626  -0.00619  -0.00613
       -0.00610  -0.00601  -0.00598  -0.00595  -0.00590  -0.00579  -0.00574  -0.00567  -0.00565
       -0.00562  -0.00558  -0.00555  -0.00553  -0.00544  -0.00541  -0.00537  -0.00529  -0.00526
       -0.00523  -0.00521  -0.00520  -0.00515  -0.00513  -0.00504  -0.00496  -0.00495  -0.00491
       -0.00485  -0.00483  -0.00476  -0.00474  -0.00471  -0.00467  -0.00463  -0.00460  -0.00455
       -0.00452  -0.00445  -0.00443  -0.00439  -0.00437  -0.00434  -0.00432  -0.00426  -0.00423
       -0.00417  -0.00414  -0.00409  -0.00406  -0.00404  -0.00401  -0.00397  -0.00394  -0.00393
       -0.00389  -0.00387  -0.00384  -0.00382  -0.00379  -0.00373  -0.00372  -0.00370  -0.00365
       -0.00361  -0.00357  -0.00354  -0.00352  -0.00350  -0.00347  -0.00347  -0.00341  -0.00337
       -0.00335  -0.00334  -0.00332  -0.00328  -0.00326  -0.00320  -0.00316  -0.00315  -0.00312
       -0.00310  -0.00308  -0.00305  -0.00303  -0.00303  -0.00298  -0.00293  -0.00291  -0.00289
       -0.00288  -0.00285  -0.00280  -0.00279  -0.00278  -0.00277  -0.00273  -0.00271  -0.00268
       -0.00267  -0.00266  -0.00260  -0.00258  -0.00256  -0.00255  -0.00252  -0.00251  -0.00248
       -0.00246  -0.00243  -0.00242  -0.00240  -0.00237  -0.00235  -0.00234  -0.00231  -0.00228
       -0.00227  -0.00226  -0.00223  -0.00221  -0.00220  -0.00219  -0.00215  -0.00213  -0.00212
       -0.00210  -0.00209  -0.00206  -0.00204  -0.00202  -0.00200  -0.00199  -0.00198  -0.00196
       -0.00194  -0.00192  -0.00189  -0.00188  -0.00187  -0.00185  -0.00182  -0.00180  -0.00180
       -0.00179  -0.00176  -0.00175  -0.00175  -0.00172  -0.00171  -0.00170  -0.00168  -0.00167
       -0.00165  -0.00164  -0.00160  -0.00159  -0.00158  -0.00156  -0.00154  -0.00154  -0.00152
       -0.00151  -0.00148  -0.00147  -0.00145  -0.00144  -0.00143  -0.00141  -0.00139  -0.00137
       -0.00136  -0.00133  -0.00132  -0.00131  -0.00129  -0.00129  -0.00128  -0.00126  -0.00124
       -0.00123  -0.00121  -0.00120  -0.00118  -0.00117  -0.00116  -0.00114  -0.00113  -0.00111
       -0.00109  -0.00108  -0.00108  -0.00105  -0.00104  -0.00102  -0.00101  -0.00099  -0.00097
       -0.00095  -0.00094  -0.00093  -0.00090  -0.00088  -0.00072
        
     --------------------------------------------------------------------------------------------
     Tot. elapsed time 03m-03.1s,  time spent in last iteration 03m-03.1s
     --------------------------------------------------------------------------------------------

     [I/O] -------------------------------------------------------
     [I/O] RESTART written in < 00.1s             
     [I/O] In location   : ./co_420.wstat.restart
     [I/O] -------------------------------------------------------

                       *----------*              *----------*               *----------*
     #     Iteration = |        1 |   DFPT_dim = |      420 |   Diago_dim = |      840 |
                       *----------*              *----------*               *----------*
     per-process dynamical memory   163.5 Mb
  
       
     --------------------------------------------------------------------------------------------
     Sternheimer eq. solver... with threshold =   1.000000E-12           
     --------------------------------------------------------------------------------------------
     in progress... |#                   | 005% :               09.0s (E)           03m-01.1s (X)
     in progress... |##                  | 010% :               14.8s (E)           02m-28.8s (X)
     in progress... |###                 | 015% :               20.7s (E)           02m-18.0s (X)
     in progress... |####                | 020% :               26.5s (E)           02m-12.7s (X)
     in progress... |#####               | 025% :               32.2s (E)           02m-09.0s (X)
     in progress... |######              | 030% :               37.9s (E)           02m-06.5s (X)
     in progress... |#######             | 035% :               43.7s (E)           02m-04.9s (X)
     in progress... |########            | 040% :               49.4s (E)           02m-03.7s (X)
     in progress... |#########           | 045% :               55.2s (E)           02m-02.7s (X)
     in progress... |##########          | 050% :           01m-00.9s (E)           02m-01.9s (X)
     in progress... |###########         | 055% :           01m-09.4s (E)           02m-06.2s (X)
     in progress... |############        | 060% :           01m-15.0s (E)           02m-05.1s (X)
     in progress... |#############       | 065% :           01m-20.7s (E)           02m-04.2s (X)
     in progress... |##############      | 070% :           01m-26.3s (E)           02m-03.2s (X)
     in progress... |###############     | 075% :           01m-31.9s (E)           02m-02.5s (X)
     in progress... |################    | 080% :           01m-37.4s (E)           02m-01.8s (X)
     in progress... |#################   | 085% :           01m-43.0s (E)           02m-01.2s (X)
     in progress... |##################  | 090% :           01m-48.6s (E)           02m-00.7s (X)
     in progress... |################### | 095% :           01m-54.2s (E)           02m-00.2s (X)
     in progress... |####################| 100% :           01m-59.7s (E)           01m-59.7s (X)
     --------------------------------------------------------------------------------------------
     p-DIAGOX done in 00.5s with a SCALAPACK grid (12x12)
     --------------------------------------------------------------------------------------------
        
       -3.67666  -1.45716  -1.45716  -1.05439  -0.76196  -0.76196  -0.66816  -0.47257  -0.47257
       -0.43934  -0.36707  -0.36707  -0.35764  -0.31030  -0.31030  -0.28257  -0.24237  -0.23240
       -0.23240  -0.22578  -0.22577  -0.19855  -0.16370  -0.16370  -0.15493  -0.14648  -0.14648
       -0.14465  -0.14465  -0.13964  -0.13964  -0.13021  -0.13020  -0.11965  -0.10334  -0.10334
       -0.09551  -0.08723  -0.08722  -0.08716  -0.08598  -0.08597  -0.07948  -0.07948  -0.07227
       -0.06671  -0.06368  -0.06368  -0.06267  -0.06267  -0.05207  -0.05207  -0.05149  -0.05149
       -0.05109  -0.05109  -0.04945  -0.04945  -0.04908  -0.04561  -0.04561  -0.04536  -0.04402
       -0.04402  -0.03973  -0.03973  -0.03860  -0.03847  -0.03847  -0.03664  -0.03664  -0.03593
       -0.03491  -0.03456  -0.03456  -0.03399  -0.03399  -0.03337  -0.03337  -0.03302  -0.03302
       -0.03184  -0.03184  -0.02859  -0.02775  -0.02775  -0.02654  -0.02573  -0.02573  -0.02547
       -0.02547  -0.02377  -0.02377  -0.02356  -0.02355  -0.02342  -0.02342  -0.02338  -0.02308
       -0.02308  -0.02230  -0.02230  -0.02215  -0.02131  -0.02131  -0.02120  -0.02079  -0.02079
       -0.02006  -0.02006  -0.02001  -0.02001  -0.01947  -0.01946  -0.01842  -0.01842  -0.01778
       -0.01768  -0.01768  -0.01733  -0.01728  -0.01728  -0.01661  -0.01661  -0.01639  -0.01639
       -0.01633  -0.01633  -0.01604  -0.01604  -0.01603  -0.01602  -0.01582  -0.01552  -0.01552
       -0.01522  -0.01522  -0.01434  -0.01434  -0.01412  -0.01360  -0.01360  -0.01349  -0.01311
       -0.01311  -0.01305  -0.01304  -0.01264  -0.01260  -0.01260  -0.01238  -0.01238  -0.01224
       -0.01224  -0.01224  -0.01224  -0.01204  -0.01204  -0.01195  -0.01189  -0.01189  -0.01162
       -0.01161  -0.01154  -0.01154  -0.01151  -0.01119  -0.01119  -0.01095  -0.01095  -0.01094
       -0.01093  -0.01051  -0.01050  -0.01050  -0.01010  -0.01010  -0.01004  -0.01004  -0.00997
       -0.00997  -0.00991  -0.00965  -0.00965  -0.00946  -0.00945  -0.00923  -0.00923  -0.00908
       -0.00899  -0.00899  -0.00894  -0.00893  -0.00890  -0.00890  -0.00886  -0.00885  -0.00863
       -0.00862  -0.00857  -0.00856  -0.00856  -0.00840  -0.00840  -0.00834  -0.00834  -0.00805
       -0.00804  -0.00804  -0.00801  -0.00800  -0.00780  -0.00762  -0.00761  -0.00756  -0.00755
       -0.00744  -0.00743  -0.00742  -0.00741  -0.00706  -0.00705  -0.00705  -0.00703  -0.00702
       -0.00701  -0.00700  -0.00697  -0.00696  -0.00689  -0.00688  -0.00687  -0.00685  -0.00683
       -0.00682  -0.00663  -0.00660  -0.00659  -0.00659  -0.00657  -0.00657  -0.00656  -0.00653
       -0.00652  -0.00651  -0.00649  -0.00645  -0.00625  -0.00624  -0.00624  -0.00623  -0.00622
       -0.00620  -0.00618  -0.00604  -0.00603  -0.00584  -0.00583  -0.00579  -0.00576  -0.00561
       -0.00560  -0.00559  -0.00554  -0.00553  -0.00552  -0.00547  -0.00546  -0.00542  -0.00541
       -0.00540  -0.00531  -0.00529  -0.00528  -0.00526  -0.00524  -0.00522  -0.00521  -0.00520
       -0.00519  -0.00517  -0.00516  -0.00516  -0.00514  -0.00512  -0.00510  -0.00507  -0.00505
       -0.00504  -0.00503  -0.00498  -0.00495  -0.00488  -0.00488  -0.00486  -0.00485  -0.00480
       -0.00477  -0.00470  -0.00468  -0.00462  -0.00452  -0.00452  -0.00449  -0.00448  -0.00445
       -0.00443  -0.00442  -0.00440  -0.00436  -0.00436  -0.00434  -0.00430  -0.00420  -0.00419
       -0.00419  -0.00417  -0.00417  -0.00415  -0.00414  -0.00410  -0.00409  -0.00408  -0.00405
       -0.00404  -0.00403  -0.00401  -0.00398  -0.00396  -0.00393  -0.00391  -0.00389  -0.00388
       -0.00386  -0.00384  -0.00384  -0.00381  -0.00380  -0.00378  -0.00376  -0.00373  -0.00370
       -0.00369  -0.00368  -0.00367  -0.00366  -0.00364  -0.00363  -0.00361  -0.00360  -0.00359
       -0.00359  -0.00358  -0.00356  -0.00354  -0.00354  -0.00352  -0.00350  -0.00349  -0.00348
       -0.00345  -0.00343  -0.00342  -0.00340  -0.00335  -0.00334  -0.00331  -0.00329  -0.00327
       -0.00325  -0.00323  -0.00322  -0.00320  -0.00319  -0.00316  -0.00316  -0.00314  -0.00312
       -0.00311  -0.00309  -0.00309  -0.00307  -0.00307  -0.00305  -0.00303  -0.00302  -0.00300
       -0.00299  -0.00298  -0.00298  -0.00296  -0.00295  -0.00294  -0.00294  -0.00292  -0.00288
       -0.00288  -0.00287  -0.00285  -0.00285  -0.00282  -0.00282  -0.00281  -0.00280  -0.00278
       -0.00277  -0.00276  -0.00274  -0.00273  -0.00272  -0.00271  -0.00269  -0.00267  -0.00267
       -0.00265  -0.00265  -0.00263  -0.00262  -0.00259  -0.00257
        
     --------------------------------------------------------------------------------------------
     Tot. elapsed time 06m-46.4s,  time spent in last iteration 02m-27.4s
     --------------------------------------------------------------------------------------------

     [I/O] -------------------------------------------------------
     [I/O] RESTART written in < 00.1s             
     [I/O] In location   : ./co_420.wstat.restart
     [I/O] -------------------------------------------------------

                       *----------*              *----------*               *----------*
     #     Iteration = |        2 |   DFPT_dim = |      315 |   Diago_dim = |     1155 |
                       *----------*              *----------*               *----------*
     per-process dynamical memory   163.5 Mb
  
       
     --------------------------------------------------------------------------------------------
     Sternheimer eq. solver... with threshold =   1.000000E-12           
     --------------------------------------------------------------------------------------------
     in progress... |#                   | 005% :               05.5s (E)           01m-51.0s (X)
     in progress... |##                  | 010% :               11.1s (E)           01m-51.0s (X)
     in progress... |###                 | 015% :               13.8s (E)           01m-32.5s (X)
     in progress... |####                | 020% :               19.4s (E)           01m-37.3s (X)
     in progress... |#####               | 025% :               22.2s (E)           01m-29.0s (X)
     in progress... |######              | 030% :               27.7s (E)           01m-32.6s (X)
     in progress... |#######             | 035% :               33.3s (E)           01m-35.2s (X)
     in progress... |########            | 040% :               36.1s (E)           01m-30.3s (X)
     in progress... |#########           | 045% :               41.6s (E)           01m-32.6s (X)
     in progress... |##########          | 050% :               44.4s (E)           01m-28.8s (X)
     in progress... |###########         | 055% :               49.9s (E)           01m-30.8s (X)
     in progress... |############        | 060% :               55.4s (E)           01m-32.4s (X)
     in progress... |#############       | 065% :               58.2s (E)           01m-29.5s (X)
     in progress... |##############      | 070% :           01m-03.7s (E)           01m-31.0s (X)
     in progress... |###############     | 075% :           01m-06.4s (E)           01m-28.6s (X)
     in progress... |################    | 080% :           01m-11.9s (E)           01m-29.9s (X)
     in progress... |#################   | 085% :           01m-17.4s (E)           01m-31.1s (X)
     in progress... |##################  | 090% :           01m-20.2s (E)           01m-29.1s (X)
     in progress... |################### | 095% :           01m-25.7s (E)           01m-30.2s (X)
     in progress... |####################| 100% :           01m-28.4s (E)           01m-28.4s (X)
     --------------------------------------------------------------------------------------------
     p-DIAGOX done in 00.6s with a SCALAPACK grid (12x12)
     --------------------------------------------------------------------------------------------
        
       -3.67666  -1.45716  -1.45716  -1.05439  -0.76196  -0.76196  -0.66816  -0.47257  -0.47257
       -0.43934  -0.36707  -0.36707  -0.35764  -0.31030  -0.31030  -0.28257  -0.24237  -0.23240
       -0.23240  -0.22578  -0.22577  -0.19855  -0.16370  -0.16370  -0.15493  -0.14648  -0.14648
       -0.14465  -0.14465  -0.13964  -0.13964  -0.13021  -0.13020  -0.11965  -0.10334  -0.10334
       -0.09551  -0.08723  -0.08722  -0.08716  -0.08598  -0.08597  -0.07948  -0.07948  -0.07227
       -0.06671  -0.06368  -0.06368  -0.06267  -0.06267  -0.05207  -0.05207  -0.05149  -0.05149
       -0.05109  -0.05109  -0.04945  -0.04945  -0.04908  -0.04561  -0.04561  -0.04536  -0.04402
       -0.04402  -0.03973  -0.03973  -0.03860  -0.03847  -0.03847  -0.03664  -0.03664  -0.03593
       -0.03491  -0.03456  -0.03456  -0.03399  -0.03399  -0.03337  -0.03337  -0.03302  -0.03302
       -0.03184  -0.03184  -0.02859  -0.02775  -0.02775  -0.02654  -0.02573  -0.02573  -0.02547
       -0.02547  -0.02377  -0.02377  -0.02356  -0.02356  -0.02343  -0.02343  -0.02338  -0.02308
       -0.02308  -0.02230  -0.02230  -0.02215  -0.02131  -0.02131  -0.02120  -0.02079  -0.02079
       -0.02006  -0.02006  -0.02001  -0.02001  -0.01947  -0.01947  -0.01842  -0.01842  -0.01778
       -0.01768  -0.01768  -0.01734  -0.01728  -0.01728  -0.01661  -0.01661  -0.01639  -0.01639
       -0.01634  -0.01634  -0.01604  -0.01604  -0.01603  -0.01603  -0.01583  -0.01553  -0.01553
       -0.01522  -0.01522  -0.01434  -0.01434  -0.01412  -0.01360  -0.01360  -0.01349  -0.01311
       -0.01311  -0.01305  -0.01305  -0.01264  -0.01261  -0.01261  -0.01238  -0.01238  -0.01225
       -0.01225  -0.01225  -0.01225  -0.01205  -0.01205  -0.01196  -0.01190  -0.01190  -0.01163
       -0.01162  -0.01155  -0.01155  -0.01152  -0.01120  -0.01120  -0.01096  -0.01096  -0.01095
       -0.01095  -0.01052  -0.01051  -0.01051  -0.01011  -0.01011  -0.01005  -0.01005  -0.00998
       -0.00998  -0.00992  -0.00966  -0.00966  -0.00947  -0.00947  -0.00925  -0.00925  -0.00911
       -0.00900  -0.00900  -0.00894  -0.00894  -0.00892  -0.00892  -0.00887  -0.00887  -0.00865
       -0.00865  -0.00859  -0.00858  -0.00858  -0.00842  -0.00842  -0.00836  -0.00836  -0.00807
       -0.00807  -0.00807  -0.00802  -0.00802  -0.00785  -0.00763  -0.00763  -0.00758  -0.00758
       -0.00746  -0.00746  -0.00744  -0.00744  -0.00709  -0.00708  -0.00708  -0.00705  -0.00705
       -0.00704  -0.00704  -0.00699  -0.00699  -0.00693  -0.00693  -0.00690  -0.00690  -0.00686
       -0.00686  -0.00668  -0.00663  -0.00663  -0.00663  -0.00663  -0.00662  -0.00662  -0.00656
       -0.00656  -0.00655  -0.00655  -0.00648  -0.00629  -0.00629  -0.00629  -0.00628  -0.00628
       -0.00624  -0.00624  -0.00609  -0.00609  -0.00589  -0.00589  -0.00584  -0.00584  -0.00568
       -0.00566  -0.00565  -0.00559  -0.00559  -0.00558  -0.00553  -0.00553  -0.00548  -0.00548
       -0.00546  -0.00536  -0.00536  -0.00533  -0.00533  -0.00531  -0.00531  -0.00527  -0.00527
       -0.00525  -0.00525  -0.00523  -0.00523  -0.00522  -0.00522  -0.00516  -0.00516  -0.00516
       -0.00514  -0.00514  -0.00505  -0.00505  -0.00496  -0.00496  -0.00494  -0.00494  -0.00490
       -0.00490  -0.00476  -0.00476  -0.00475  -0.00461  -0.00461  -0.00458  -0.00458  -0.00457
       -0.00452  -0.00452  -0.00449  -0.00449  -0.00448  -0.00445  -0.00445  -0.00428  -0.00428
       -0.00428  -0.00427  -0.00425  -0.00425  -0.00424  -0.00424  -0.00420  -0.00420  -0.00420
       -0.00420  -0.00415  -0.00415  -0.00409  -0.00408  -0.00407  -0.00407  -0.00400  -0.00400
       -0.00398  -0.00398  -0.00398  -0.00398  -0.00396  -0.00393  -0.00393  -0.00387  -0.00383
       -0.00382  -0.00382  -0.00382  -0.00381  -0.00380  -0.00380  -0.00375  -0.00375  -0.00374
       -0.00374  -0.00373  -0.00372  -0.00367  -0.00367  -0.00367  -0.00367  -0.00365  -0.00364
       -0.00363  -0.00363  -0.00356  -0.00355  -0.00355  -0.00349  -0.00349  -0.00347  -0.00344
       -0.00344  -0.00337  -0.00337  -0.00335  -0.00334  -0.00333  -0.00332  -0.00330  -0.00330
       -0.00327  -0.00327  -0.00325  -0.00325  -0.00323  -0.00323  -0.00323  -0.00323  -0.00322
       -0.00321  -0.00321  -0.00318  -0.00318  -0.00318  -0.00318  -0.00317  -0.00313  -0.00313
       -0.00309  -0.00308  -0.00306  -0.00306  -0.00305  -0.00303  -0.00303  -0.00298  -0.00298
       -0.00296  -0.00296  -0.00296  -0.00295  -0.00294  -0.00294  -0.00294  -0.00290  -0.00290
       -0.00287  -0.00287  -0.00284  -0.00284  -0.00282  -0.00282
        
     --------------------------------------------------------------------------------------------
     Tot. elapsed time 11m-11.3s,  time spent in last iteration 01m-53.5s
     --------------------------------------------------------------------------------------------
      
     --------------------------------------------------------------------------------------------
     Database written in 37.2s               
     In location : ./co_420.wstat.save
     --------------------------------------------------------------------------------------------
       
     --------------------------------------------------------------------------------------------
     Convergence achieved !!! in        2 steps                          
     --------------------------------------------------------------------------------------------
 
     WSTAT        :  8m 0.63s CPU    12m39.60s WALL

     wstat_readin :      5.82s CPU     38.60s WALL (       1 calls)
     fetch_nml    :      0.00s CPU      0.01s WALL (       1 calls)
     read_xml     :      1.28s CPU      2.32s WALL (       1 calls)
     init_vloc    :      0.11s CPU      0.11s WALL (       2 calls)
     fft          :      0.26s CPU      1.11s WALL (      11 calls)
     fft_scatter  :     68.29s CPU     68.64s WALL (   21487 calls)
     v_of_rho     :      0.29s CPU      0.31s WALL (       1 calls)
     v_xc         :      0.25s CPU      0.27s WALL (       1 calls)
     v_h          :      0.03s CPU      0.04s WALL (       1 calls)
     read_wave    :      4.53s CPU     36.27s WALL (       1 calls)
     davcio       :      0.00s CPU      0.48s WALL (       2 calls)
     init_us_1    :      0.25s CPU      0.26s WALL (       2 calls)
     do_setup     :      0.40s CPU      0.42s WALL (       1 calls)
     init_pw_ar   :      0.40s CPU      0.42s WALL (       1 calls)
     init_at_1    :      0.00s CPU      0.00s WALL (       1 calls)
     storesqvc    :      0.00s CPU      0.00s WALL (       1 calls)
     chidiago     :    474.37s CPU    720.53s WALL (       1 calls)
     randomize    :      0.97s CPU      0.98s WALL (       1 calls)
     paramgs      :     10.95s CPU     11.07s WALL (       4 calls)
     dfpt         :    334.57s CPU    337.23s WALL (       4 calls)
     init_us_2    :      0.01s CPU      0.02s WALL (       4 calls)
     fftw         :    196.48s CPU    197.99s WALL (   21476 calls)
     alphapc      :      0.24s CPU      0.23s WALL (     158 calls)
     wstat_restar :     93.48s CPU    303.49s WALL (       3 calls)
     linstern     :    264.47s CPU    266.52s WALL (     116 calls)
     stern        :    255.49s CPU    257.43s WALL (    3487 calls)
     h_psi_bgrp   :    251.02s CPU    252.94s WALL (    3487 calls)
     h_psi        :    251.00s CPU    252.93s WALL (    3487 calls)
     h_psi:pot    :    249.79s CPU    251.72s WALL (    3487 calls)
     vloc_psi     :    236.58s CPU    238.43s WALL (    3487 calls)
     h_psi:calbec :      8.74s CPU      7.83s WALL (    3487 calls)
     calbec       :      8.73s CPU      7.82s WALL (    3487 calls)
     add_vuspsi   :      4.43s CPU      5.43s WALL (    3487 calls)
     alphapv      :      3.13s CPU      3.06s WALL (    3487 calls)
     build_hr     :      5.91s CPU      6.08s WALL (       3 calls)
     diagox       :      1.59s CPU      1.61s WALL (       3 calls)
     redistr_vr   :      0.21s CPU      0.21s WALL (       2 calls)
     update_vr    :      9.46s CPU      9.96s WALL (       2 calls)
     symm_hr      :      0.21s CPU      0.22s WALL (       2 calls)
     chidiago:las :      0.00s CPU      0.00s WALL (       1 calls)
     refresh_vr   :      4.83s CPU      4.97s WALL (       1 calls)
     pdep_db      :     11.73s CPU     37.25s WALL (       1 calls)
 
     WSTAT        :  8m 0.63s CPU    12m39.61s WALL

 
   This run was terminated on:  15:35:32  11May2018            

=------------------------------------------------------------------------------=
   JOB DONE.
=------------------------------------------------------------------------------=
