
     Program WSTAT v. 2.0.0 starts on 11May2018 at 15:35:42 

     This program is part of the open-source West suite
     for massively parallel calculations of excited states in materials; please cite
         "M. Govoni et al., J. Chem. Theory Comput. 11, 2680 (2015);
          URL http://www.west-code.org", 
     in publications or presentations arising from this work.

     Based on the Quantum ESPRESSO v. 6.1 svn rev. 13369
       
     --------------------------------------------------------------------------------------------
     **MPI** Parallelization Status                                      
     --------------------------------------------------------------------------------------------
                   160                  10             1             1            16
     --------------------------------------------------------------------------------------------
                     N         =         I      X      P      X      B      X      Z
                     ^                   ^             ^             ^             ^
                     |                   |             |             |             |
                   #rnk                  |             |             |             |
                                      #image           |             |             |
                                                     #pool           |             |
                                                                   #bgrp           |
                                                                                 #R&G
     --------------------------------------------------------------------------------------------
     **OPENMP** Parallelization Status
     #thr/rnk               =            1
     --------------------------------------------------------------------------------------------
     #prc = (rnk) * (thr) =          160
     --------------------------------------------------------------------------------------------
       
     --------------------------------------------------------------------------------------------
     I/O Summary : input_west                                            
     --------------------------------------------------------------------------------------------
     qe_prefix      = co
     west_prefix    = co
     outdir         = ./
     --------------------------------------------------------------------------------------------
       
     --------------------------------------------------------------------------------------------
     I/O Summary : wstat_control                                         
     --------------------------------------------------------------------------------------------
     wstat_calculation              =              S
     n_pdep_eigen                   =            500
     n_kin_pdep_eigen               =              0
     n_lindhard_eigen               =              0
     n_pdep_times                   =              4
     n_pdep_maxiter                 =            100
     n_dfpt_maxiter                 =            250
     n_pdep_read_from_file          =              0
     trev_pdep                      =   1.000000E-03
     trev_pdep_rel                  =   1.000000E-01
     tr2_dfpt                       =   1.000000E-12
     l_kinetic_only                 =              F
     l_minimize_exx_if_active       =              F
     l_use_ecutrho                  =              F
     l_pure_eigen                   =              F
     --------------------------------------------------------------------------------------------

     Reading data from directory:
     ./co.save

   Info: using nr1, nr2, nr3 values from input

   Info: using nr1, nr2, nr3 values from input

     IMPORTANT: XC functional enforced from input :
     Exchange-correlation      = PBE ( 1  4  3  4 0 0)
     Any further DFT definition will be discarded
     Please, verify this is what you really want

     Message from routine readpp:
     file ./co.save/O_ONCV_PBE-1.0.upf not found
     Message from routine readpp:
     file ./co.save/C_ONCV_PBE-1.0.upf not found
 
     Parallelization info
     --------------------
     sticks:   dense  smooth     PW     G-vecs:    dense   smooth      PW
     Min        1520    1520    379               178660   178660   22323
     Max        1522    1522    384               178666   178666   22328
     Sum       24345   24345   6093              2858633  2858633  357213
 
       
     --------------------------------------------------------------------------------------------
     System Overview                                                     
     --------------------------------------------------------------------------------------------
     gamma_only           =              T
     ecutwfc [Ry]         =      85.000000
     omega [au^3]         =   2.700000E+04
     glob. #G             =         178607
     nbnd                 =            100
     nkstot               =              1
     nspin                =              1
     nelec                =      10.000000
     npol                 =              1
     lsda                 =              F
     noncolin             =              F
     lspinorb             =              F
     domag                =              F
     --------------------------------------------------------------------------------------------

     sFFT G-space:  1429317 G-vectors     R-space: ( 180, 180, 180)
     dFFT G-space:  1429317 G-vectors     R-space: ( 180, 180, 180)

     Cell [a.u.]          =      30.000000      0.000000      0.000000
                          =       0.000000     30.000000      0.000000
                          =       0.000000      0.000000     30.000000
      
     number of ks points=     1
                       cart. coord. in units 2pi/alat
        k(    1) = (   0.0000000   0.0000000   0.0000000), wk =   2.0000000

                       cryst. coord.
        k(    1) = (   0.0000000   0.0000000   0.0000000), wk =   2.0000000
 
     Spherical div        =   1.654268E-01
     Orthorombic div      =   1.628502E-01
       
     --------------------------------------------------------------------------------------------
     Parallelization for nvecx                                           
     --------------------------------------------------------------------------------------------
     nglob                =           2000
     nlevel               =             10
     Min nglob/nlevel     =            200
     Max nglob/nlevel     =            200
     --------------------------------------------------------------------------------------------

     [MEM] ----------------------------------------------------------
     [MEM] **Memory** analysis: QE
     [MEM] ----------------------------------------------------------
     [MEM] Allocated arrays           est. size (Mb)     dimensions
     [MEM] ----------------------------------------------------------
     [MEM] Kohn-Sham Wavefunctions      17.03 Mb     (  11164,  100)
     [MEM] NL pseudopotentials           2.73 Mb     (  11164,   16)
     [MEM] Each V/rho on FFT grid        5.93 Mb     ( 388800)
     [MEM] Each G-vector array           0.68 Mb     (  89333)
     [MEM] G-vector shells               0.05 Mb     (   6125)
     [MEM] ----------------------------------------------------------
     [MEM] TOT                          26.42 Mb
     [MEM] ----------------------------------------------------------
     [MEM] 
     [MEM] ----------------------------------------------------------
     [MEM] **Memory** analysis: WSTAT global
     [MEM] ----------------------------------------------------------
     [MEM] Allocated arrays           est. size (Mb)     dimensions
     [MEM] ----------------------------------------------------------
     [MEM] dvg                          34.07 Mb     (  11164,  200)
     [MEM] dng                          34.07 Mb     (  11164,  200)
     [MEM] hr_distr                      3.05 Mb     (   2000,  200)
     [MEM] vr_distr                      3.05 Mb     (   2000,  200)
     [MEM] ----------------------------------------------------------
     [MEM] TOT                          74.24 Mb
     [MEM] ----------------------------------------------------------
     [MEM] 
     [MEM] ----------------------------------------------------------
     [MEM] **Memory** analysis: WSTAT temporary
     [MEM] ----------------------------------------------------------
     [MEM] Allocated arrays           est. size (Mb)     dimensions
     [MEM] ----------------------------------------------------------
     [MEM] dvpsi                         0.85 Mb     (  11164,    5)
     [MEM] dpsi                          0.85 Mb     (  11164,    5)
     [MEM] ----------------------------------------------------------
     [MEM] Total estimate                1.70 Mb
     [MEM] ----------------------------------------------------------

                       *----------*              *----------*               *----------*
     #     Iteration = | starting |   DFPT_dim = |      500 |   Diago_dim = |      500 |  x 1/2
                       *----------*              *----------*               *----------*
     per-process dynamical memory   184.5 Mb
  
       
     --------------------------------------------------------------------------------------------
     Sternheimer eq. solver... with lite-solver                          
     --------------------------------------------------------------------------------------------
     in progress... |#                   | 005% :               00.5s (E)               11.6s (X)
     in progress... |##                  | 010% :               00.9s (E)               09.6s (X)
     in progress... |###                 | 015% :               01.5s (E)               10.3s (X)
     in progress... |####                | 020% :               01.9s (E)               09.6s (X)
     in progress... |#####               | 025% :               02.5s (E)               10.0s (X)
     in progress... |######              | 030% :               02.8s (E)               09.6s (X)
     in progress... |#######             | 035% :               03.4s (E)               09.9s (X)
     in progress... |########            | 040% :               03.8s (E)               09.6s (X)
     in progress... |#########           | 045% :               04.4s (E)               09.8s (X)
     in progress... |##########          | 050% :               04.8s (E)               09.6s (X)
     in progress... |###########         | 055% :               05.3s (E)               09.8s (X)
     in progress... |############        | 060% :               05.7s (E)               09.6s (X)
     in progress... |#############       | 065% :               06.3s (E)               09.7s (X)
     in progress... |##############      | 070% :               06.7s (E)               09.6s (X)
     in progress... |###############     | 075% :               07.3s (E)               09.7s (X)
     in progress... |################    | 080% :               07.6s (E)               09.6s (X)
     in progress... |#################   | 085% :               08.2s (E)               09.7s (X)
     in progress... |##################  | 090% :               08.6s (E)               09.6s (X)
     in progress... |################### | 095% :               09.2s (E)               09.7s (X)
     in progress... |####################| 100% :               09.6s (E)               09.6s (X)
     --------------------------------------------------------------------------------------------

     [I/O] -------------------------------------------------------
     [I/O] RESTART written in < 00.1s             
     [I/O] In location   : ./co_500.wstat.restart
     [I/O] -------------------------------------------------------

                       *----------*              *----------*               *----------*
     #     Iteration = | starting |   DFPT_dim = |      500 |   Diago_dim = |      500 |  x 2/2
                       *----------*              *----------*               *----------*
     per-process dynamical memory   186.8 Mb
  
       
     --------------------------------------------------------------------------------------------
     Sternheimer eq. solver... with threshold =   1.000000E-06           
     --------------------------------------------------------------------------------------------
     in progress... |#                   | 005% :               06.1s (E)           02m-03.9s (X)
     in progress... |##                  | 010% :               10.2s (E)           01m-42.3s (X)
     in progress... |###                 | 015% :               16.1s (E)           01m-47.9s (X)
     in progress... |####                | 020% :               20.1s (E)           01m-40.7s (X)
     in progress... |#####               | 025% :               25.8s (E)           01m-43.5s (X)
     in progress... |######              | 030% :               29.7s (E)           01m-39.1s (X)
     in progress... |#######             | 035% :               35.4s (E)           01m-41.2s (X)
     in progress... |########            | 040% :               39.2s (E)           01m-38.0s (X)
     in progress... |#########           | 045% :               44.8s (E)           01m-39.7s (X)
     in progress... |##########          | 050% :               48.6s (E)           01m-37.2s (X)
     in progress... |###########         | 055% :               54.2s (E)           01m-38.6s (X)
     in progress... |############        | 060% :               58.0s (E)           01m-36.6s (X)
     in progress... |#############       | 065% :           01m-03.7s (E)           01m-38.0s (X)
     in progress... |##############      | 070% :           01m-07.4s (E)           01m-36.3s (X)
     in progress... |###############     | 075% :           01m-12.9s (E)           01m-37.2s (X)
     in progress... |################    | 080% :           01m-16.6s (E)           01m-35.8s (X)
     in progress... |#################   | 085% :           01m-22.0s (E)           01m-36.5s (X)
     in progress... |##################  | 090% :           01m-25.7s (E)           01m-35.2s (X)
     in progress... |################### | 095% :           01m-31.2s (E)           01m-36.0s (X)
     in progress... |####################| 100% :           01m-34.9s (E)           01m-34.9s (X)
     --------------------------------------------------------------------------------------------
     p-DIAGOX done in 00.4s with a SCALAPACK grid (12x12)
     --------------------------------------------------------------------------------------------
        
       -3.57120  -1.45695  -1.45693  -0.95329  -0.76184  -0.76181  -0.66791  -0.47173  -0.47163
       -0.43795  -0.36679  -0.36675  -0.34870  -0.30992  -0.30988  -0.27209  -0.24178  -0.23238
       -0.23237  -0.22577  -0.22576  -0.19304  -0.16340  -0.16335  -0.14629  -0.14626  -0.14460
       -0.14459  -0.14059  -0.13961  -0.13960  -0.12965  -0.12960  -0.11166  -0.10292  -0.10289
       -0.09483  -0.08706  -0.08703  -0.08697  -0.08593  -0.08593  -0.07926  -0.07922  -0.07192
       -0.06642  -0.06354  -0.06349  -0.06248  -0.06247  -0.05198  -0.05197  -0.05131  -0.05124
       -0.05095  -0.05092  -0.04938  -0.04935  -0.04872  -0.04546  -0.04544  -0.04482  -0.04385
       -0.04384  -0.03935  -0.03929  -0.03809  -0.03788  -0.03785  -0.03635  -0.03627  -0.03537
       -0.03462  -0.03447  -0.03446  -0.03365  -0.03361  -0.03321  -0.03318  -0.03254  -0.03247
       -0.03146  -0.03139  -0.02752  -0.02750  -0.02636  -0.02584  -0.02521  -0.02513  -0.02504
       -0.02502  -0.02354  -0.02352  -0.02314  -0.02310  -0.02295  -0.02282  -0.02265  -0.02259
       -0.02232  -0.02211  -0.02202  -0.02161  -0.02081  -0.02080  -0.02065  -0.02043  -0.02039
       -0.01966  -0.01951  -0.01941  -0.01939  -0.01900  -0.01893  -0.01792  -0.01770  -0.01709
       -0.01696  -0.01689  -0.01683  -0.01669  -0.01641  -0.01635  -0.01630  -0.01605  -0.01602
       -0.01584  -0.01570  -0.01562  -0.01559  -0.01545  -0.01533  -0.01501  -0.01477  -0.01458
       -0.01431  -0.01416  -0.01393  -0.01392  -0.01287  -0.01263  -0.01255  -0.01247  -0.01247
       -0.01239  -0.01232  -0.01224  -0.01205  -0.01197  -0.01184  -0.01177  -0.01170  -0.01169
       -0.01165  -0.01145  -0.01140  -0.01135  -0.01121  -0.01119  -0.01112  -0.01102  -0.01095
       -0.01094  -0.01077  -0.01074  -0.01059  -0.01051  -0.01034  -0.01024  -0.01018  -0.00991
       -0.00983  -0.00973  -0.00963  -0.00947  -0.00932  -0.00928  -0.00921  -0.00913  -0.00904
       -0.00896  -0.00885  -0.00879  -0.00874  -0.00861  -0.00859  -0.00855  -0.00850  -0.00840
       -0.00835  -0.00832  -0.00822  -0.00819  -0.00808  -0.00800  -0.00794  -0.00790  -0.00775
       -0.00768  -0.00759  -0.00756  -0.00747  -0.00746  -0.00737  -0.00731  -0.00730  -0.00722
       -0.00714  -0.00713  -0.00701  -0.00691  -0.00677  -0.00672  -0.00664  -0.00662  -0.00659
       -0.00654  -0.00647  -0.00642  -0.00636  -0.00630  -0.00626  -0.00620  -0.00613  -0.00608
       -0.00602  -0.00599  -0.00598  -0.00595  -0.00593  -0.00589  -0.00585  -0.00584  -0.00580
       -0.00577  -0.00574  -0.00570  -0.00561  -0.00555  -0.00554  -0.00551  -0.00544  -0.00542
       -0.00535  -0.00534  -0.00529  -0.00525  -0.00520  -0.00514  -0.00511  -0.00504  -0.00500
       -0.00498  -0.00495  -0.00489  -0.00483  -0.00480  -0.00478  -0.00474  -0.00471  -0.00468
       -0.00467  -0.00464  -0.00460  -0.00454  -0.00451  -0.00448  -0.00445  -0.00442  -0.00441
       -0.00438  -0.00437  -0.00431  -0.00429  -0.00427  -0.00424  -0.00421  -0.00419  -0.00414
       -0.00412  -0.00409  -0.00407  -0.00404  -0.00402  -0.00397  -0.00394  -0.00393  -0.00391
       -0.00385  -0.00384  -0.00378  -0.00375  -0.00372  -0.00371  -0.00370  -0.00365  -0.00361
       -0.00360  -0.00357  -0.00353  -0.00352  -0.00349  -0.00346  -0.00344  -0.00340  -0.00339
       -0.00336  -0.00335  -0.00330  -0.00329  -0.00328  -0.00325  -0.00324  -0.00320  -0.00319
       -0.00317  -0.00314  -0.00310  -0.00310  -0.00307  -0.00304  -0.00301  -0.00299  -0.00296
       -0.00295  -0.00294  -0.00294  -0.00292  -0.00290  -0.00288  -0.00285  -0.00284  -0.00283
       -0.00281  -0.00278  -0.00277  -0.00275  -0.00274  -0.00270  -0.00269  -0.00267  -0.00265
       -0.00264  -0.00263  -0.00261  -0.00258  -0.00256  -0.00253  -0.00252  -0.00250  -0.00248
       -0.00247  -0.00245  -0.00242  -0.00241  -0.00239  -0.00238  -0.00235  -0.00233  -0.00232
       -0.00229  -0.00227  -0.00226  -0.00225  -0.00224  -0.00223  -0.00220  -0.00219  -0.00216
       -0.00214  -0.00214  -0.00211  -0.00211  -0.00209  -0.00208  -0.00206  -0.00206  -0.00204
       -0.00204  -0.00199  -0.00198  -0.00196  -0.00195  -0.00194  -0.00193  -0.00192  -0.00190
       -0.00189  -0.00186  -0.00185  -0.00184  -0.00183  -0.00183  -0.00180  -0.00180  -0.00177
       -0.00175  -0.00175  -0.00174  -0.00173  -0.00172  -0.00170  -0.00169  -0.00166  -0.00166
       -0.00165  -0.00164  -0.00163  -0.00161  -0.00160  -0.00159  -0.00157  -0.00156  -0.00155
       -0.00154  -0.00153  -0.00153  -0.00152  -0.00148  -0.00147  -0.00145  -0.00144  -0.00143
       -0.00142  -0.00141  -0.00140  -0.00139  -0.00138  -0.00137  -0.00137  -0.00135  -0.00134
       -0.00133  -0.00132  -0.00131  -0.00130  -0.00129  -0.00128  -0.00127  -0.00126  -0.00125
       -0.00124  -0.00123  -0.00122  -0.00120  -0.00120  -0.00118  -0.00118  -0.00116  -0.00114
       -0.00113  -0.00112  -0.00112  -0.00111  -0.00109  -0.00107  -0.00107  -0.00106  -0.00105
       -0.00105  -0.00104  -0.00103  -0.00102  -0.00101  -0.00101  -0.00100  -0.00099  -0.00098
       -0.00097  -0.00096  -0.00095  -0.00094  -0.00093  -0.00092  -0.00091  -0.00090  -0.00089
       -0.00088  -0.00088  -0.00087  -0.00086  -0.00086  -0.00084  -0.00083  -0.00082  -0.00082
       -0.00080  -0.00079  -0.00077  -0.00076  -0.00075  -0.00074  -0.00073  -0.00072  -0.00070
       -0.00070  -0.00068  -0.00066  -0.00065  -0.00045
        
     --------------------------------------------------------------------------------------------
     Tot. elapsed time 03m-35.7s,  time spent in last iteration 03m-35.7s
     --------------------------------------------------------------------------------------------

     [I/O] -------------------------------------------------------
     [I/O] RESTART written in < 00.1s             
     [I/O] In location   : ./co_500.wstat.restart
     [I/O] -------------------------------------------------------

                       *----------*              *----------*               *----------*
     #     Iteration = |        1 |   DFPT_dim = |      500 |   Diago_dim = |     1000 |
                       *----------*              *----------*               *----------*
     per-process dynamical memory   186.8 Mb
  
       
     --------------------------------------------------------------------------------------------
     Sternheimer eq. solver... with threshold =   1.000000E-12           
     --------------------------------------------------------------------------------------------
     in progress... |#                   | 005% :               08.9s (E)           02m-58.2s (X)
     in progress... |##                  | 010% :               14.6s (E)           02m-26.0s (X)
     in progress... |###                 | 015% :               23.2s (E)           02m-34.7s (X)
     in progress... |####                | 020% :               28.9s (E)           02m-24.5s (X)
     in progress... |#####               | 025% :               37.4s (E)           02m-29.6s (X)
     in progress... |######              | 030% :               43.0s (E)           02m-23.5s (X)
     in progress... |#######             | 035% :               51.4s (E)           02m-27.0s (X)
     in progress... |########            | 040% :               57.0s (E)           02m-22.6s (X)
     in progress... |#########           | 045% :           01m-05.4s (E)           02m-25.4s (X)
     in progress... |##########          | 050% :           01m-11.0s (E)           02m-22.0s (X)
     in progress... |###########         | 055% :           01m-19.3s (E)           02m-24.3s (X)
     in progress... |############        | 060% :           01m-24.9s (E)           02m-21.6s (X)
     in progress... |#############       | 065% :           01m-33.2s (E)           02m-23.5s (X)
     in progress... |##############      | 070% :           01m-38.8s (E)           02m-21.1s (X)
     in progress... |###############     | 075% :           01m-47.1s (E)           02m-22.8s (X)
     in progress... |################    | 080% :           01m-52.6s (E)           02m-20.7s (X)
     in progress... |#################   | 085% :           02m-00.9s (E)           02m-22.2s (X)
     in progress... |##################  | 090% :           02m-06.4s (E)           02m-20.4s (X)
     in progress... |################### | 095% :           02m-14.7s (E)           02m-21.8s (X)
     in progress... |####################| 100% :           02m-20.2s (E)           02m-20.2s (X)
     --------------------------------------------------------------------------------------------
     p-DIAGOX done in 00.7s with a SCALAPACK grid (12x12)
     --------------------------------------------------------------------------------------------
        
       -3.67666  -1.45716  -1.45716  -1.05439  -0.76196  -0.76196  -0.66816  -0.47257  -0.47257
       -0.43934  -0.36707  -0.36707  -0.35764  -0.31030  -0.31030  -0.28257  -0.24237  -0.23240
       -0.23240  -0.22578  -0.22577  -0.19855  -0.16370  -0.16370  -0.15493  -0.14648  -0.14648
       -0.14465  -0.14465  -0.13964  -0.13964  -0.13021  -0.13020  -0.11965  -0.10334  -0.10334
       -0.09551  -0.08723  -0.08722  -0.08716  -0.08598  -0.08597  -0.07948  -0.07948  -0.07227
       -0.06671  -0.06368  -0.06368  -0.06267  -0.06267  -0.05207  -0.05207  -0.05149  -0.05149
       -0.05109  -0.05109  -0.04945  -0.04945  -0.04908  -0.04561  -0.04561  -0.04536  -0.04402
       -0.04402  -0.03973  -0.03973  -0.03860  -0.03847  -0.03847  -0.03664  -0.03664  -0.03593
       -0.03491  -0.03456  -0.03456  -0.03399  -0.03399  -0.03337  -0.03337  -0.03302  -0.03302
       -0.03184  -0.03184  -0.02859  -0.02775  -0.02775  -0.02654  -0.02573  -0.02573  -0.02547
       -0.02547  -0.02377  -0.02377  -0.02356  -0.02356  -0.02342  -0.02342  -0.02338  -0.02308
       -0.02308  -0.02230  -0.02230  -0.02215  -0.02131  -0.02131  -0.02120  -0.02079  -0.02079
       -0.02006  -0.02006  -0.02001  -0.02001  -0.01947  -0.01947  -0.01842  -0.01842  -0.01778
       -0.01768  -0.01768  -0.01733  -0.01728  -0.01728  -0.01661  -0.01661  -0.01639  -0.01639
       -0.01633  -0.01633  -0.01604  -0.01604  -0.01603  -0.01603  -0.01582  -0.01553  -0.01553
       -0.01522  -0.01522  -0.01434  -0.01434  -0.01412  -0.01360  -0.01360  -0.01349  -0.01311
       -0.01311  -0.01305  -0.01305  -0.01264  -0.01260  -0.01260  -0.01238  -0.01238  -0.01225
       -0.01225  -0.01224  -0.01224  -0.01205  -0.01205  -0.01195  -0.01190  -0.01189  -0.01162
       -0.01162  -0.01155  -0.01155  -0.01152  -0.01120  -0.01120  -0.01096  -0.01096  -0.01094
       -0.01094  -0.01052  -0.01051  -0.01051  -0.01011  -0.01011  -0.01005  -0.01005  -0.00998
       -0.00998  -0.00992  -0.00965  -0.00965  -0.00947  -0.00946  -0.00924  -0.00924  -0.00910
       -0.00900  -0.00900  -0.00894  -0.00894  -0.00891  -0.00891  -0.00886  -0.00886  -0.00864
       -0.00864  -0.00859  -0.00857  -0.00857  -0.00842  -0.00841  -0.00835  -0.00835  -0.00806
       -0.00806  -0.00806  -0.00801  -0.00801  -0.00783  -0.00763  -0.00763  -0.00757  -0.00757
       -0.00745  -0.00745  -0.00743  -0.00743  -0.00708  -0.00707  -0.00707  -0.00704  -0.00704
       -0.00703  -0.00703  -0.00698  -0.00698  -0.00692  -0.00692  -0.00688  -0.00688  -0.00685
       -0.00685  -0.00666  -0.00662  -0.00661  -0.00661  -0.00661  -0.00661  -0.00660  -0.00655
       -0.00655  -0.00653  -0.00653  -0.00647  -0.00628  -0.00627  -0.00627  -0.00626  -0.00626
       -0.00622  -0.00622  -0.00608  -0.00607  -0.00587  -0.00587  -0.00582  -0.00582  -0.00565
       -0.00564  -0.00563  -0.00558  -0.00557  -0.00555  -0.00551  -0.00551  -0.00546  -0.00545
       -0.00543  -0.00534  -0.00533  -0.00532  -0.00531  -0.00529  -0.00528  -0.00525  -0.00525
       -0.00523  -0.00523  -0.00520  -0.00520  -0.00520  -0.00519  -0.00514  -0.00513  -0.00511
       -0.00511  -0.00511  -0.00503  -0.00502  -0.00493  -0.00492  -0.00492  -0.00490  -0.00486
       -0.00485  -0.00474  -0.00474  -0.00470  -0.00458  -0.00458  -0.00455  -0.00454  -0.00453
       -0.00449  -0.00448  -0.00445  -0.00445  -0.00442  -0.00442  -0.00441  -0.00425  -0.00424
       -0.00424  -0.00423  -0.00422  -0.00421  -0.00420  -0.00419  -0.00416  -0.00415  -0.00415
       -0.00414  -0.00410  -0.00409  -0.00404  -0.00403  -0.00403  -0.00402  -0.00396  -0.00394
       -0.00394  -0.00394  -0.00392  -0.00392  -0.00389  -0.00387  -0.00386  -0.00380  -0.00379
       -0.00377  -0.00377  -0.00375  -0.00375  -0.00374  -0.00373  -0.00370  -0.00369  -0.00369
       -0.00368  -0.00368  -0.00367  -0.00363  -0.00362  -0.00361  -0.00360  -0.00358  -0.00357
       -0.00356  -0.00355  -0.00350  -0.00349  -0.00348  -0.00343  -0.00342  -0.00341  -0.00337
       -0.00336  -0.00331  -0.00330  -0.00329  -0.00328  -0.00327  -0.00326  -0.00323  -0.00322
       -0.00321  -0.00320  -0.00319  -0.00318  -0.00317  -0.00317  -0.00315  -0.00314  -0.00313
       -0.00312  -0.00312  -0.00310  -0.00310  -0.00308  -0.00307  -0.00307  -0.00305  -0.00303
       -0.00300  -0.00299  -0.00297  -0.00295  -0.00295  -0.00294  -0.00293  -0.00291  -0.00290
       -0.00289  -0.00289  -0.00287  -0.00286  -0.00285  -0.00284  -0.00283  -0.00282  -0.00281
       -0.00280  -0.00278  -0.00276  -0.00274  -0.00273  -0.00272  -0.00272  -0.00270  -0.00269
       -0.00267  -0.00264  -0.00262  -0.00262  -0.00261  -0.00260  -0.00258  -0.00257  -0.00256
       -0.00255  -0.00254  -0.00251  -0.00251  -0.00250  -0.00249  -0.00247  -0.00247  -0.00246
       -0.00245  -0.00245  -0.00244  -0.00243  -0.00242  -0.00241  -0.00240  -0.00240  -0.00239
       -0.00238  -0.00235  -0.00234  -0.00234  -0.00232  -0.00231  -0.00231  -0.00230  -0.00228
       -0.00227  -0.00226  -0.00226  -0.00225  -0.00225  -0.00224  -0.00223  -0.00223  -0.00222
       -0.00220  -0.00219  -0.00219  -0.00219  -0.00217  -0.00217  -0.00215  -0.00215  -0.00214
       -0.00214  -0.00212  -0.00212  -0.00210  -0.00209  -0.00208  -0.00208  -0.00207  -0.00206
       -0.00204  -0.00204  -0.00203  -0.00203  -0.00201  -0.00201  -0.00200  -0.00199  -0.00198
       -0.00198  -0.00197  -0.00196  -0.00196  -0.00195
        
     --------------------------------------------------------------------------------------------
     Tot. elapsed time 08m-02.2s,  time spent in last iteration 02m-56.5s
     --------------------------------------------------------------------------------------------

     [I/O] -------------------------------------------------------
     [I/O] RESTART written in < 00.1s             
     [I/O] In location   : ./co_500.wstat.restart
     [I/O] -------------------------------------------------------

                       *----------*              *----------*               *----------*
     #     Iteration = |        2 |   DFPT_dim = |      332 |   Diago_dim = |     1332 |
                       *----------*              *----------*               *----------*
     per-process dynamical memory   186.8 Mb
  
       
     --------------------------------------------------------------------------------------------
     Sternheimer eq. solver... with threshold =   1.000000E-12           
     --------------------------------------------------------------------------------------------
     in progress... |#                   | 005% :               05.5s (E)           01m-50.0s (X)
     in progress... |##                  | 010% :               10.9s (E)           01m-49.8s (X)
     in progress... |###                 | 015% :               16.4s (E)           01m-49.8s (X)
     in progress... |####                | 020% :               19.2s (E)           01m-36.3s (X)
     in progress... |#####               | 025% :               24.7s (E)           01m-38.9s (X)
     in progress... |######              | 030% :               30.2s (E)           01m-40.7s (X)
     in progress... |#######             | 035% :               32.9s (E)           01m-34.2s (X)
     in progress... |########            | 040% :               38.4s (E)           01m-36.1s (X)
     in progress... |#########           | 045% :               43.8s (E)           01m-37.5s (X)
     in progress... |##########          | 050% :               46.5s (E)           01m-33.1s (X)
     in progress... |###########         | 055% :               52.0s (E)           01m-34.6s (X)
     in progress... |############        | 060% :               57.4s (E)           01m-35.8s (X)
     in progress... |#############       | 065% :           01m-02.8s (E)           01m-36.7s (X)
     in progress... |##############      | 070% :           01m-05.6s (E)           01m-33.7s (X)
     in progress... |###############     | 075% :           01m-11.0s (E)           01m-34.7s (X)
     in progress... |################    | 080% :           01m-16.4s (E)           01m-35.5s (X)
     in progress... |#################   | 085% :           01m-19.1s (E)           01m-33.1s (X)
     in progress... |##################  | 090% :           01m-24.5s (E)           01m-33.9s (X)
     in progress... |################### | 095% :           01m-29.9s (E)           01m-34.7s (X)
     in progress... |####################| 100% :           01m-32.6s (E)           01m-32.6s (X)
     --------------------------------------------------------------------------------------------
     p-DIAGOX done in 00.9s with a SCALAPACK grid (12x12)
     --------------------------------------------------------------------------------------------
        
       -3.67666  -1.45716  -1.45716  -1.05439  -0.76196  -0.76196  -0.66816  -0.47257  -0.47257
       -0.43934  -0.36707  -0.36707  -0.35764  -0.31030  -0.31030  -0.28257  -0.24237  -0.23240
       -0.23240  -0.22578  -0.22577  -0.19855  -0.16370  -0.16370  -0.15493  -0.14648  -0.14648
       -0.14465  -0.14465  -0.13964  -0.13964  -0.13021  -0.13020  -0.11965  -0.10334  -0.10334
       -0.09551  -0.08723  -0.08722  -0.08716  -0.08598  -0.08597  -0.07948  -0.07948  -0.07227
       -0.06671  -0.06368  -0.06368  -0.06267  -0.06267  -0.05207  -0.05207  -0.05149  -0.05149
       -0.05109  -0.05109  -0.04945  -0.04945  -0.04908  -0.04561  -0.04561  -0.04536  -0.04402
       -0.04402  -0.03973  -0.03973  -0.03860  -0.03847  -0.03847  -0.03664  -0.03664  -0.03593
       -0.03491  -0.03456  -0.03456  -0.03399  -0.03399  -0.03337  -0.03337  -0.03302  -0.03302
       -0.03184  -0.03184  -0.02859  -0.02775  -0.02775  -0.02654  -0.02573  -0.02573  -0.02547
       -0.02547  -0.02377  -0.02377  -0.02356  -0.02356  -0.02343  -0.02343  -0.02338  -0.02308
       -0.02308  -0.02230  -0.02230  -0.02215  -0.02131  -0.02131  -0.02120  -0.02079  -0.02079
       -0.02006  -0.02006  -0.02001  -0.02001  -0.01947  -0.01947  -0.01842  -0.01842  -0.01778
       -0.01768  -0.01768  -0.01734  -0.01728  -0.01728  -0.01661  -0.01661  -0.01639  -0.01639
       -0.01634  -0.01634  -0.01604  -0.01604  -0.01603  -0.01603  -0.01583  -0.01553  -0.01553
       -0.01522  -0.01522  -0.01434  -0.01434  -0.01412  -0.01360  -0.01360  -0.01349  -0.01311
       -0.01311  -0.01305  -0.01305  -0.01264  -0.01261  -0.01261  -0.01238  -0.01238  -0.01225
       -0.01225  -0.01225  -0.01225  -0.01205  -0.01205  -0.01196  -0.01190  -0.01190  -0.01163
       -0.01162  -0.01155  -0.01155  -0.01152  -0.01120  -0.01120  -0.01096  -0.01096  -0.01095
       -0.01095  -0.01052  -0.01051  -0.01051  -0.01011  -0.01011  -0.01005  -0.01005  -0.00998
       -0.00998  -0.00992  -0.00966  -0.00966  -0.00947  -0.00947  -0.00925  -0.00925  -0.00911
       -0.00900  -0.00900  -0.00894  -0.00894  -0.00892  -0.00892  -0.00887  -0.00887  -0.00865
       -0.00865  -0.00859  -0.00858  -0.00858  -0.00842  -0.00842  -0.00836  -0.00836  -0.00807
       -0.00807  -0.00807  -0.00802  -0.00802  -0.00785  -0.00763  -0.00763  -0.00758  -0.00758
       -0.00746  -0.00746  -0.00744  -0.00744  -0.00709  -0.00708  -0.00708  -0.00705  -0.00705
       -0.00704  -0.00704  -0.00699  -0.00699  -0.00693  -0.00693  -0.00690  -0.00690  -0.00686
       -0.00686  -0.00668  -0.00663  -0.00663  -0.00663  -0.00663  -0.00662  -0.00662  -0.00656
       -0.00656  -0.00655  -0.00655  -0.00648  -0.00629  -0.00629  -0.00629  -0.00628  -0.00628
       -0.00624  -0.00624  -0.00609  -0.00609  -0.00589  -0.00589  -0.00584  -0.00584  -0.00569
       -0.00566  -0.00566  -0.00559  -0.00559  -0.00558  -0.00553  -0.00553  -0.00548  -0.00548
       -0.00546  -0.00536  -0.00536  -0.00533  -0.00533  -0.00531  -0.00531  -0.00527  -0.00527
       -0.00525  -0.00525  -0.00523  -0.00523  -0.00522  -0.00522  -0.00516  -0.00516  -0.00516
       -0.00514  -0.00514  -0.00505  -0.00505  -0.00496  -0.00496  -0.00494  -0.00494  -0.00490
       -0.00490  -0.00476  -0.00476  -0.00475  -0.00461  -0.00461  -0.00458  -0.00458  -0.00457
       -0.00452  -0.00452  -0.00449  -0.00449  -0.00449  -0.00445  -0.00445  -0.00428  -0.00428
       -0.00428  -0.00428  -0.00425  -0.00425  -0.00424  -0.00424  -0.00420  -0.00420  -0.00420
       -0.00420  -0.00415  -0.00415  -0.00409  -0.00409  -0.00407  -0.00407  -0.00400  -0.00400
       -0.00399  -0.00399  -0.00398  -0.00398  -0.00396  -0.00393  -0.00393  -0.00387  -0.00383
       -0.00382  -0.00382  -0.00382  -0.00382  -0.00380  -0.00380  -0.00375  -0.00375  -0.00375
       -0.00375  -0.00373  -0.00373  -0.00368  -0.00368  -0.00367  -0.00367  -0.00365  -0.00365
       -0.00363  -0.00363  -0.00356  -0.00356  -0.00356  -0.00350  -0.00349  -0.00348  -0.00344
       -0.00344  -0.00338  -0.00338  -0.00335  -0.00335  -0.00333  -0.00333  -0.00331  -0.00331
       -0.00327  -0.00327  -0.00326  -0.00326  -0.00323  -0.00323  -0.00323  -0.00323  -0.00323
       -0.00322  -0.00321  -0.00319  -0.00318  -0.00318  -0.00318  -0.00317  -0.00313  -0.00313
       -0.00309  -0.00309  -0.00307  -0.00307  -0.00305  -0.00304  -0.00304  -0.00299  -0.00299
       -0.00297  -0.00297  -0.00297  -0.00296  -0.00295  -0.00295  -0.00295  -0.00291  -0.00291
       -0.00288  -0.00288  -0.00285  -0.00285  -0.00283  -0.00283  -0.00283  -0.00282  -0.00280
       -0.00280  -0.00272  -0.00272  -0.00272  -0.00271  -0.00271  -0.00271  -0.00271  -0.00267
       -0.00267  -0.00266  -0.00266  -0.00263  -0.00263  -0.00263  -0.00261  -0.00261  -0.00260
       -0.00260  -0.00258  -0.00258  -0.00257  -0.00256  -0.00256  -0.00256  -0.00256  -0.00253
       -0.00252  -0.00251  -0.00251  -0.00247  -0.00246  -0.00246  -0.00245  -0.00245  -0.00243
       -0.00243  -0.00242  -0.00242  -0.00242  -0.00240  -0.00240  -0.00237  -0.00237  -0.00236
       -0.00236  -0.00235  -0.00235  -0.00234  -0.00234  -0.00233  -0.00233  -0.00232  -0.00232
       -0.00229  -0.00229  -0.00229  -0.00229  -0.00226  -0.00225  -0.00225  -0.00225  -0.00222
       -0.00221  -0.00220  -0.00220  -0.00218  -0.00218  -0.00216  -0.00216  -0.00215  -0.00215
       -0.00214  -0.00214  -0.00212  -0.00212  -0.00211
        
     --------------------------------------------------------------------------------------------
     Tot. elapsed time 13m-01.4s,  time spent in last iteration 02m-01.3s
     --------------------------------------------------------------------------------------------
      
     --------------------------------------------------------------------------------------------
     Database written in 44.4s               
     In location : ./co_500.wstat.save
     --------------------------------------------------------------------------------------------
       
     --------------------------------------------------------------------------------------------
     Convergence achieved !!! in        2 steps                          
     --------------------------------------------------------------------------------------------
 
     WSTAT        :  9m14.50s CPU    14m39.01s WALL

     wstat_readin :      5.75s CPU     39.74s WALL (       1 calls)
     fetch_nml    :      0.00s CPU      0.00s WALL (       1 calls)
     read_xml     :      1.30s CPU      1.55s WALL (       1 calls)
     init_vloc    :      0.11s CPU      0.11s WALL (       2 calls)
     fft          :      0.25s CPU      0.32s WALL (      11 calls)
     fft_scatter  :     77.40s CPU     77.71s WALL (   24527 calls)
     v_of_rho     :      0.29s CPU      0.31s WALL (       1 calls)
     v_xc         :      0.25s CPU      0.27s WALL (       1 calls)
     v_h          :      0.03s CPU      0.03s WALL (       1 calls)
     read_wave    :      4.44s CPU     38.16s WALL (       1 calls)
     davcio       :      0.00s CPU      2.41s WALL (       2 calls)
     init_us_1    :      0.16s CPU      0.17s WALL (       2 calls)
     do_setup     :      0.31s CPU      0.33s WALL (       1 calls)
     init_pw_ar   :      0.31s CPU      0.32s WALL (       1 calls)
     init_at_1    :      0.00s CPU      0.00s WALL (       1 calls)
     storesqvc    :      0.00s CPU      0.00s WALL (       1 calls)
     chidiago     :    548.40s CPU    838.89s WALL (       1 calls)
     randomize    :      1.15s CPU      1.17s WALL (       1 calls)
     paramgs      :     14.40s CPU     14.57s WALL (       4 calls)
     dfpt         :    382.19s CPU    384.99s WALL (       4 calls)
     init_us_2    :      0.02s CPU      0.02s WALL (       4 calls)
     fftw         :    223.20s CPU    224.74s WALL (   24516 calls)
     alphapc      :      0.31s CPU      0.30s WALL (     184 calls)
     wstat_restar :    107.85s CPU    355.90s WALL (       3 calls)
     linstern     :    299.99s CPU    302.17s WALL (     134 calls)
     stern        :    289.59s CPU    291.66s WALL (    3975 calls)
     h_psi_bgrp   :    284.55s CPU    286.57s WALL (    3975 calls)
     h_psi        :    284.53s CPU    286.56s WALL (    3975 calls)
     h_psi:pot    :    283.10s CPU    285.18s WALL (    3975 calls)
     vloc_psi     :    268.30s CPU    270.18s WALL (    3975 calls)
     h_psi:calbec :     10.08s CPU      8.98s WALL (    3975 calls)
     calbec       :     10.06s CPU      8.96s WALL (    3975 calls)
     add_vuspsi   :      4.68s CPU      5.99s WALL (    3975 calls)
     alphapv      :      3.49s CPU      3.44s WALL (    3975 calls)
     build_hr     :      7.33s CPU      8.06s WALL (       3 calls)
     diagox       :      2.05s CPU      2.09s WALL (       3 calls)
     redistr_vr   :      0.29s CPU      0.30s WALL (       2 calls)
     update_vr    :     12.47s CPU     13.61s WALL (       2 calls)
     symm_hr      :      0.30s CPU      0.30s WALL (       2 calls)
     chidiago:las :      0.00s CPU      0.00s WALL (       1 calls)
     refresh_vr   :      5.77s CPU      6.06s WALL (       1 calls)
     pdep_db      :     13.73s CPU     44.40s WALL (       1 calls)
 
     WSTAT        :  9m14.50s CPU    14m39.02s WALL

 
   This run was terminated on:  15:50:21  11May2018            

=------------------------------------------------------------------------------=
   JOB DONE.
=------------------------------------------------------------------------------=
