
     Program WSTAT v. 2.0.0 starts on  4May2018 at 12: 6:52 

     This program is part of the open-source West suite
     for massively parallel calculations of excited states in materials; please cite
         "M. Govoni et al., J. Chem. Theory Comput. 11, 2680 (2015);
          URL http://www.west-code.org", 
     in publications or presentations arising from this work.

     Based on the Quantum ESPRESSO v. 6.1 svn rev. 13369
       
     --------------------------------------------------------------------------------------------
     **MPI** Parallelization Status                                      
     --------------------------------------------------------------------------------------------
                   160                  10             1             1            16
     --------------------------------------------------------------------------------------------
                     N         =         I      X      P      X      B      X      Z
                     ^                   ^             ^             ^             ^
                     |                   |             |             |             |
                   #rnk                  |             |             |             |
                                      #image           |             |             |
                                                     #pool           |             |
                                                                   #bgrp           |
                                                                                 #R&G
     --------------------------------------------------------------------------------------------
     **OPENMP** Parallelization Status
     #thr/rnk               =            1
     --------------------------------------------------------------------------------------------
     #prc = (rnk) * (thr) =          160
     --------------------------------------------------------------------------------------------
       
     --------------------------------------------------------------------------------------------
     I/O Summary : input_west                                            
     --------------------------------------------------------------------------------------------
     qe_prefix      = cl2
     west_prefix    = cl2
     outdir         = ./
     --------------------------------------------------------------------------------------------
       
     --------------------------------------------------------------------------------------------
     I/O Summary : wstat_control                                         
     --------------------------------------------------------------------------------------------
     wstat_calculation              =              S
     n_pdep_eigen                   =            100
     n_kin_pdep_eigen               =            400
     n_lindhard_eigen               =              0
     n_pdep_times                   =              4
     n_pdep_maxiter                 =            100
     n_dfpt_maxiter                 =            250
     n_pdep_read_from_file          =              0
     trev_pdep                      =   1.000000E-03
     trev_pdep_rel                  =   1.000000E-01
     tr2_dfpt                       =   1.000000E-12
     l_kinetic_only                 =              F
     l_minimize_exx_if_active       =              F
     l_use_ecutrho                  =              F
     l_pure_eigen                   =              F
     --------------------------------------------------------------------------------------------

     Reading data from directory:
     ./cl2.save

   Info: using nr1, nr2, nr3 values from input

   Info: using nr1, nr2, nr3 values from input

     IMPORTANT: XC functional enforced from input :
     Exchange-correlation      = PBE ( 1  4  3  4 0 0)
     Any further DFT definition will be discarded
     Please, verify this is what you really want

     Message from routine readpp:
     file ./cl2.save/Cl_ONCV_PBE-1.0.upf not found
 
     Parallelization info
     --------------------
     sticks:   dense  smooth     PW     G-vecs:    dense   smooth      PW
     Min        1520    1520    379               178660   178660   22323
     Max        1522    1522    384               178666   178666   22328
     Sum       24345   24345   6093              2858633  2858633  357213
 
       
     --------------------------------------------------------------------------------------------
     System Overview                                                     
     --------------------------------------------------------------------------------------------
     gamma_only           =              T
     ecutwfc [Ry]         =      85.000000
     omega [au^3]         =   2.700000E+04
     glob. #G             =         178607
     nbnd                 =            100
     nkstot               =              1
     nspin                =              1
     nelec                =      14.000000
     npol                 =              1
     lsda                 =              F
     noncolin             =              F
     lspinorb             =              F
     domag                =              F
     --------------------------------------------------------------------------------------------

     sFFT G-space:  1429317 G-vectors     R-space: ( 180, 180, 180)
     dFFT G-space:  1429317 G-vectors     R-space: ( 180, 180, 180)

     Cell [a.u.]          =      30.000000      0.000000      0.000000
                          =       0.000000     30.000000      0.000000
                          =       0.000000      0.000000     30.000000
      
     number of ks points=     1
                       cart. coord. in units 2pi/alat
        k(    1) = (   0.0000000   0.0000000   0.0000000), wk =   2.0000000

                       cryst. coord.
        k(    1) = (   0.0000000   0.0000000   0.0000000), wk =   2.0000000
 
     Spherical div        =   1.654268E-01
     Orthorombic div      =   1.628502E-01
       
     --------------------------------------------------------------------------------------------
     Parallelization for nvecx                                           
     --------------------------------------------------------------------------------------------
     nglob                =            400
     nlevel               =             10
     Min nglob/nlevel     =             40
     Max nglob/nlevel     =             40
     --------------------------------------------------------------------------------------------

     [MEM] ----------------------------------------------------------
     [MEM] **Memory** analysis: QE
     [MEM] ----------------------------------------------------------
     [MEM] Allocated arrays           est. size (Mb)     dimensions
     [MEM] ----------------------------------------------------------
     [MEM] Kohn-Sham Wavefunctions      17.03 Mb     (  11164,  100)
     [MEM] NL pseudopotentials           2.73 Mb     (  11164,   16)
     [MEM] Each V/rho on FFT grid        5.93 Mb     ( 388800)
     [MEM] Each G-vector array           0.68 Mb     (  89333)
     [MEM] G-vector shells               0.05 Mb     (   6125)
     [MEM] ----------------------------------------------------------
     [MEM] TOT                          26.42 Mb
     [MEM] ----------------------------------------------------------
     [MEM] 
     [MEM] ----------------------------------------------------------
     [MEM] **Memory** analysis: WSTAT global
     [MEM] ----------------------------------------------------------
     [MEM] Allocated arrays           est. size (Mb)     dimensions
     [MEM] ----------------------------------------------------------
     [MEM] dvg                           6.81 Mb     (  11164,   40)
     [MEM] dng                           6.81 Mb     (  11164,   40)
     [MEM] hr_distr                      0.12 Mb     (    400,   40)
     [MEM] vr_distr                      0.12 Mb     (    400,   40)
     [MEM] ----------------------------------------------------------
     [MEM] TOT                          13.87 Mb
     [MEM] ----------------------------------------------------------
     [MEM] 
     [MEM] ----------------------------------------------------------
     [MEM] **Memory** analysis: WSTAT temporary
     [MEM] ----------------------------------------------------------
     [MEM] Allocated arrays           est. size (Mb)     dimensions
     [MEM] ----------------------------------------------------------
     [MEM] dvpsi                         1.19 Mb     (  11164,    7)
     [MEM] dpsi                          1.19 Mb     (  11164,    7)
     [MEM] ----------------------------------------------------------
     [MEM] Total estimate                2.38 Mb
     [MEM] ----------------------------------------------------------

                       *----------*              *----------*               *----------*
     #     Iteration = | starting |   DFPT_dim = |      100 |   Diago_dim = |      100 |  x 1/2
                       *----------*              *----------*               *----------*
     per-process dynamical memory   115.2 Mb
  
       
     --------------------------------------------------------------------------------------------
     Sternheimer eq. solver... with lite-solver                          
     --------------------------------------------------------------------------------------------
     in progress... |##                  | 010% :               00.2s (E)               02.5s (X)
     in progress... |####                | 020% :               00.5s (E)               02.5s (X)
     in progress... |######              | 030% :               00.7s (E)               02.5s (X)
     in progress... |########            | 040% :               01.0s (E)               02.5s (X)
     in progress... |##########          | 050% :               01.2s (E)               02.5s (X)
     in progress... |############        | 060% :               01.5s (E)               02.5s (X)
     in progress... |##############      | 070% :               01.7s (E)               02.5s (X)
     in progress... |################    | 080% :               02.0s (E)               02.5s (X)
     in progress... |##################  | 090% :               02.2s (E)               02.5s (X)
     in progress... |####################| 100% :               02.5s (E)               02.5s (X)
     --------------------------------------------------------------------------------------------

     [I/O] -------------------------------------------------------
     [I/O] RESTART written in < 00.1s             
     [I/O] In location   : ./cl2_100_400.wstat.restart
     [I/O] -------------------------------------------------------

                       *----------*              *----------*               *----------*
     #     Iteration = | starting |   DFPT_dim = |      100 |   Diago_dim = |      100 |  x 2/2
                       *----------*              *----------*               *----------*
     per-process dynamical memory   121.3 Mb
  
       
     --------------------------------------------------------------------------------------------
     Sternheimer eq. solver... with threshold =   1.000000E-06           
     --------------------------------------------------------------------------------------------
     in progress... |##                  | 010% :               03.1s (E)               31.3s (X)
     in progress... |####                | 020% :               06.2s (E)               31.4s (X)
     in progress... |######              | 030% :               09.4s (E)               31.3s (X)
     in progress... |########            | 040% :               12.4s (E)               31.1s (X)
     in progress... |##########          | 050% :               15.5s (E)               31.1s (X)
     in progress... |############        | 060% :               18.5s (E)               30.9s (X)
     in progress... |##############      | 070% :               21.6s (E)               30.9s (X)
     in progress... |################    | 080% :               24.6s (E)               30.7s (X)
     in progress... |##################  | 090% :               27.6s (E)               30.6s (X)
     in progress... |####################| 100% :               30.6s (E)               30.6s (X)
     --------------------------------------------------------------------------------------------
     p-DIAGOX done in < 00.1s with a SCALAPACK grid (3x3)
     --------------------------------------------------------------------------------------------
        
       -2.60405  -1.72867  -1.60266  -1.59648  -1.17536  -1.14040  -1.13636  -0.81237  -0.80219
       -0.68764  -0.56233  -0.55242  -0.49360  -0.40835  -0.40644  -0.39939  -0.38815  -0.38439
       -0.37662  -0.37644  -0.32628  -0.31056  -0.30889  -0.30118  -0.29781  -0.28745  -0.28268
       -0.28042  -0.27842  -0.27564  -0.27145  -0.26787  -0.22939  -0.21591  -0.20022  -0.17614
       -0.16719  -0.16035  -0.15709  -0.14638  -0.13665  -0.13216  -0.12876  -0.12602  -0.12494
       -0.11884  -0.09815  -0.09323  -0.08878  -0.08658  -0.08505  -0.08483  -0.08105  -0.07989
       -0.07835  -0.07543  -0.07454  -0.07057  -0.06948  -0.06756  -0.06581  -0.06210  -0.05947
       -0.05845  -0.05735  -0.05562  -0.05278  -0.05258  -0.05131  -0.05057  -0.04764  -0.04685
       -0.04540  -0.04335  -0.04133  -0.04085  -0.03911  -0.03685  -0.03673  -0.03487  -0.03378
       -0.03115  -0.03036  -0.02831  -0.02774  -0.02727  -0.02695  -0.02607  -0.02519  -0.02396
       -0.02337  -0.02254  -0.02070  -0.02013  -0.01976  -0.01930  -0.01825  -0.01762  -0.01673
       -0.01364
        
     --------------------------------------------------------------------------------------------
     Tot. elapsed time 56.2s,  time spent in last iteration 56.2s
     --------------------------------------------------------------------------------------------

     [I/O] -------------------------------------------------------
     [I/O] RESTART written in < 00.1s             
     [I/O] In location   : ./cl2_100_400.wstat.restart
     [I/O] -------------------------------------------------------

                       *----------*              *----------*               *----------*
     #     Iteration = |        1 |   DFPT_dim = |      100 |   Diago_dim = |      200 |
                       *----------*              *----------*               *----------*
     per-process dynamical memory   129.1 Mb
  
       
     --------------------------------------------------------------------------------------------
     Sternheimer eq. solver... with threshold =   1.000000E-12           
     --------------------------------------------------------------------------------------------
     in progress... |##                  | 010% :               04.8s (E)               48.7s (X)
     in progress... |####                | 020% :               09.6s (E)               48.1s (X)
     in progress... |######              | 030% :               14.3s (E)               47.9s (X)
     in progress... |########            | 040% :               19.1s (E)               47.8s (X)
     in progress... |##########          | 050% :               23.8s (E)               47.7s (X)
     in progress... |############        | 060% :               28.5s (E)               47.6s (X)
     in progress... |##############      | 070% :               33.2s (E)               47.5s (X)
     in progress... |################    | 080% :               37.9s (E)               47.4s (X)
     in progress... |##################  | 090% :               42.6s (E)               47.3s (X)
     in progress... |####################| 100% :               47.4s (E)               47.4s (X)
     --------------------------------------------------------------------------------------------
     p-DIAGOX done in < 00.1s with a SCALAPACK grid (6x6)
     --------------------------------------------------------------------------------------------
        
       -2.61393  -1.77631  -1.61623  -1.61623  -1.18372  -1.14797  -1.14797  -1.00421  -0.83779
       -0.83779  -0.58801  -0.58800  -0.52166  -0.42181  -0.42181  -0.42006  -0.40478  -0.40477
       -0.39397  -0.39396  -0.33766  -0.32665  -0.32663  -0.31876  -0.31875  -0.30916  -0.30590
       -0.30588  -0.30000  -0.29999  -0.29132  -0.29131  -0.25183  -0.25174  -0.24653  -0.19685
       -0.19558  -0.19547  -0.17824  -0.17821  -0.17645  -0.15624  -0.15616  -0.15528  -0.14691
       -0.14685  -0.11659  -0.11426  -0.10678  -0.10648  -0.10115  -0.10087  -0.10056  -0.10049
       -0.09712  -0.09703  -0.09597  -0.09564  -0.09312  -0.09282  -0.08946  -0.08386  -0.08364
       -0.08340  -0.08317  -0.07728  -0.07710  -0.07457  -0.07419  -0.07253  -0.07186  -0.07153
       -0.07091  -0.07055  -0.06993  -0.06958  -0.06907  -0.06770  -0.06442  -0.06185  -0.06146
       -0.06108  -0.06002  -0.05490  -0.05333  -0.05196  -0.04873  -0.04798  -0.04467  -0.04411
       -0.04371  -0.04291  -0.04238  -0.04206  -0.04174  -0.04149  -0.04072  -0.04052  -0.04017
       -0.03978
        
     --------------------------------------------------------------------------------------------
     Tot. elapsed time 02m-09.6s,  time spent in last iteration 54.9s
     --------------------------------------------------------------------------------------------

     [I/O] -------------------------------------------------------
     [I/O] RESTART written in < 00.1s             
     [I/O] In location   : ./cl2_100_400.wstat.restart
     [I/O] -------------------------------------------------------

                       *----------*              *----------*               *----------*
     #     Iteration = |        2 |   DFPT_dim = |      100 |   Diago_dim = |      300 |
                       *----------*              *----------*               *----------*
     per-process dynamical memory   129.1 Mb
  
       
     --------------------------------------------------------------------------------------------
     Sternheimer eq. solver... with threshold =   1.000000E-12           
     --------------------------------------------------------------------------------------------
     in progress... |##                  | 010% :               04.7s (E)               47.0s (X)
     in progress... |####                | 020% :               09.3s (E)               46.9s (X)
     in progress... |######              | 030% :               14.0s (E)               46.7s (X)
     in progress... |########            | 040% :               18.6s (E)               46.6s (X)
     in progress... |##########          | 050% :               23.3s (E)               46.6s (X)
     in progress... |############        | 060% :               27.9s (E)               46.5s (X)
     in progress... |##############      | 070% :               32.5s (E)               46.5s (X)
     in progress... |################    | 080% :               37.1s (E)               46.4s (X)
     in progress... |##################  | 090% :               41.7s (E)               46.3s (X)
     in progress... |####################| 100% :               46.2s (E)               46.2s (X)
     --------------------------------------------------------------------------------------------
     p-DIAGOX done in < 00.1s with a SCALAPACK grid (9x9)
     --------------------------------------------------------------------------------------------
        
       -2.61393  -1.77631  -1.61623  -1.61623  -1.18372  -1.14797  -1.14797  -1.00422  -0.83780
       -0.83780  -0.58803  -0.58803  -0.52167  -0.42183  -0.42182  -0.42009  -0.40479  -0.40479
       -0.39400  -0.39398  -0.33769  -0.32668  -0.32668  -0.31880  -0.31880  -0.30919  -0.30593
       -0.30593  -0.30005  -0.30005  -0.29135  -0.29135  -0.25191  -0.25191  -0.24669  -0.19699
       -0.19578  -0.19578  -0.17844  -0.17834  -0.17665  -0.15641  -0.15641  -0.15547  -0.14711
       -0.14711  -0.11736  -0.11463  -0.10733  -0.10733  -0.10160  -0.10159  -0.10092  -0.10092
       -0.09772  -0.09772  -0.09642  -0.09641  -0.09375  -0.09375  -0.09120  -0.08462  -0.08461
       -0.08411  -0.08410  -0.07817  -0.07817  -0.07577  -0.07577  -0.07402  -0.07288  -0.07287
       -0.07225  -0.07224  -0.07079  -0.07079  -0.07070  -0.06896  -0.06888  -0.06610  -0.06312
       -0.06288  -0.06286  -0.05761  -0.05610  -0.05606  -0.05070  -0.05069  -0.04751  -0.04655
       -0.04647  -0.04545  -0.04540  -0.04495  -0.04481  -0.04385  -0.04373  -0.04368  -0.04315
       -0.04309
        
     --------------------------------------------------------------------------------------------
     Tot. elapsed time 03m-40.2s,  time spent in last iteration 53.9s
     --------------------------------------------------------------------------------------------

     [I/O] -------------------------------------------------------
     [I/O] RESTART written in < 00.1s             
     [I/O] In location   : ./cl2_100_400.wstat.restart
     [I/O] -------------------------------------------------------

                       *----------*              *----------*               *----------*
     #     Iteration = |        3 |   DFPT_dim = |       34 |   Diago_dim = |      334 |
                       *----------*              *----------*               *----------*
     per-process dynamical memory   129.1 Mb
  
       
     --------------------------------------------------------------------------------------------
     Sternheimer eq. solver... with threshold =   1.000000E-12           
     --------------------------------------------------------------------------------------------
     in progress... |#####               | 025% :               04.6s (E)               18.4s (X)
     in progress... |##########          | 050% :               09.2s (E)               18.4s (X)
     in progress... |###############     | 075% :               13.7s (E)               18.3s (X)
     in progress... |####################| 100% :               18.3s (E)               18.3s (X)
     --------------------------------------------------------------------------------------------
     p-DIAGOX done in 00.1s with a SCALAPACK grid (10x10)
     --------------------------------------------------------------------------------------------
        
       -2.61393  -1.77631  -1.61623  -1.61623  -1.18372  -1.14797  -1.14797  -1.00422  -0.83780
       -0.83780  -0.58803  -0.58803  -0.52167  -0.42183  -0.42182  -0.42009  -0.40479  -0.40479
       -0.39400  -0.39398  -0.33769  -0.32668  -0.32668  -0.31880  -0.31880  -0.30919  -0.30593
       -0.30593  -0.30005  -0.30005  -0.29135  -0.29135  -0.25191  -0.25191  -0.24669  -0.19699
       -0.19578  -0.19578  -0.17844  -0.17834  -0.17665  -0.15641  -0.15641  -0.15547  -0.14711
       -0.14711  -0.11736  -0.11463  -0.10733  -0.10733  -0.10160  -0.10160  -0.10092  -0.10092
       -0.09772  -0.09772  -0.09642  -0.09642  -0.09376  -0.09376  -0.09121  -0.08462  -0.08462
       -0.08411  -0.08411  -0.07818  -0.07817  -0.07579  -0.07579  -0.07404  -0.07289  -0.07289
       -0.07227  -0.07226  -0.07080  -0.07080  -0.07072  -0.06898  -0.06898  -0.06618  -0.06316
       -0.06291  -0.06291  -0.05768  -0.05616  -0.05616  -0.05077  -0.05073  -0.04771  -0.04663
       -0.04663  -0.04562  -0.04562  -0.04510  -0.04509  -0.04396  -0.04383  -0.04383  -0.04335
       -0.04334
        
     --------------------------------------------------------------------------------------------
     Tot. elapsed time 04m-57.3s,  time spent in last iteration 22.1s
     --------------------------------------------------------------------------------------------
      
     --------------------------------------------------------------------------------------------
     Database written in 09.4s               
     In location : ./cl2_100_400.wstat.save
     --------------------------------------------------------------------------------------------
       
     --------------------------------------------------------------------------------------------
     Convergence achieved !!! in        3 steps                          
     --------------------------------------------------------------------------------------------
       
     --------------------------------------------------------------------------------------------
     ** Now compute kinetic eigenpotentials **                           
     --------------------------------------------------------------------------------------------
       
     --------------------------------------------------------------------------------------------
     Parallelization for newnvecx                                        
     --------------------------------------------------------------------------------------------
     nglob                =           1600
     nlevel               =             10
     Min nglob/nlevel     =            160
     Max nglob/nlevel     =            160
     --------------------------------------------------------------------------------------------
       
     --------------------------------------------------------------------------------------------
     Parallelization for merge_nvecx                                     
     --------------------------------------------------------------------------------------------
     nglob                =           2000
     nlevel               =             10
     Min nglob/nlevel     =            200
     Max nglob/nlevel     =            200
     --------------------------------------------------------------------------------------------

                       *----------*              *----------*               *----------*
     #     Iteration = | starting |   DFPT_dim = |      400 |   Diago_dim = |      400 |  x 1/2
                       *----------*              *----------*               *----------*
       
     --------------------------------------------------------------------------------------------
     Applying projection operator formed by dvg                          
     --------------------------------------------------------------------------------------------
     per-process dynamical memory   228.2 Mb
  
       
     --------------------------------------------------------------------------------------------
     Sternheimer eq. solver... with lite-solver                          
     --------------------------------------------------------------------------------------------
     in progress... |#                   | 005% :               00.5s (E)               10.2s (X)
     in progress... |##                  | 010% :               01.0s (E)               10.1s (X)
     in progress... |###                 | 015% :               01.5s (E)               10.1s (X)
     in progress... |####                | 020% :               02.0s (E)               10.1s (X)
     in progress... |#####               | 025% :               02.5s (E)               10.1s (X)
     in progress... |######              | 030% :               03.0s (E)               10.1s (X)
     in progress... |#######             | 035% :               03.5s (E)               10.1s (X)
     in progress... |########            | 040% :               04.0s (E)               10.1s (X)
     in progress... |#########           | 045% :               04.5s (E)               10.1s (X)
     in progress... |##########          | 050% :               05.0s (E)               10.1s (X)
     in progress... |###########         | 055% :               05.5s (E)               10.1s (X)
     in progress... |############        | 060% :               06.0s (E)               10.1s (X)
     in progress... |#############       | 065% :               06.5s (E)               10.1s (X)
     in progress... |##############      | 070% :               07.1s (E)               10.1s (X)
     in progress... |###############     | 075% :               07.6s (E)               10.1s (X)
     in progress... |################    | 080% :               08.1s (E)               10.1s (X)
     in progress... |#################   | 085% :               08.6s (E)               10.1s (X)
     in progress... |##################  | 090% :               09.1s (E)               10.1s (X)
     in progress... |################### | 095% :               09.6s (E)               10.1s (X)
     in progress... |####################| 100% :               10.1s (E)               10.1s (X)
       
     --------------------------------------------------------------------------------------------
     Applying projection operator formed by dvg                          
     --------------------------------------------------------------------------------------------
     --------------------------------------------------------------------------------------------

     [I/O] -------------------------------------------------------
     [I/O] RESTART written in < 00.1s             
     [I/O] In location   : ./cl2_100_400.wstat.restart
     [I/O] -------------------------------------------------------

                       *----------*              *----------*               *----------*
     #     Iteration = | starting |   DFPT_dim = |      400 |   Diago_dim = |      400 |  x 2/2
                       *----------*              *----------*               *----------*
       
     --------------------------------------------------------------------------------------------
     Applying projection operator formed by dvg                          
     --------------------------------------------------------------------------------------------
     per-process dynamical memory   228.2 Mb
  
       
     --------------------------------------------------------------------------------------------
     Sternheimer eq. solver... with threshold =   1.000000E-06           
     --------------------------------------------------------------------------------------------
     in progress... |#                   | 005% :               00.7s (E)               14.8s (X)
     in progress... |##                  | 010% :               01.4s (E)               14.7s (X)
     in progress... |###                 | 015% :               02.2s (E)               14.8s (X)
     in progress... |####                | 020% :               02.9s (E)               14.7s (X)
     in progress... |#####               | 025% :               03.6s (E)               14.7s (X)
     in progress... |######              | 030% :               04.4s (E)               14.7s (X)
     in progress... |#######             | 035% :               05.1s (E)               14.7s (X)
     in progress... |########            | 040% :               05.8s (E)               14.6s (X)
     in progress... |#########           | 045% :               06.6s (E)               14.6s (X)
     in progress... |##########          | 050% :               07.3s (E)               14.6s (X)
     in progress... |###########         | 055% :               08.0s (E)               14.6s (X)
     in progress... |############        | 060% :               08.7s (E)               14.6s (X)
     in progress... |#############       | 065% :               09.4s (E)               14.6s (X)
     in progress... |##############      | 070% :               10.2s (E)               14.5s (X)
     in progress... |###############     | 075% :               10.9s (E)               14.5s (X)
     in progress... |################    | 080% :               11.6s (E)               14.5s (X)
     in progress... |#################   | 085% :               12.3s (E)               14.5s (X)
     in progress... |##################  | 090% :               13.0s (E)               14.5s (X)
     in progress... |################### | 095% :               13.8s (E)               14.5s (X)
     in progress... |####################| 100% :               14.5s (E)               14.5s (X)
       
     --------------------------------------------------------------------------------------------
     Applying projection operator formed by dvg                          
     --------------------------------------------------------------------------------------------
     --------------------------------------------------------------------------------------------
     p-DIAGOX done in 00.3s with a SCALAPACK grid (12x12)
     --------------------------------------------------------------------------------------------
        
       -0.03534  -0.03532  -0.03483  -0.03474  -0.03308  -0.03267  -0.03266  -0.03215  -0.03203
       -0.03177  -0.03173  -0.02969  -0.02962  -0.02885  -0.02882  -0.02836  -0.02828  -0.02821
       -0.02754  -0.02750  -0.02726  -0.02718  -0.02627  -0.02624  -0.02622  -0.02611  -0.02601
       -0.02549  -0.02542  -0.02508  -0.02502  -0.02384  -0.02375  -0.02371  -0.02327  -0.02325
       -0.02207  -0.02202  -0.02199  -0.02197  -0.02148  -0.02137  -0.02101  -0.02067  -0.02066
       -0.02063  -0.02058  -0.02004  -0.02001  -0.01993  -0.01988  -0.01938  -0.01922  -0.01911
       -0.01902  -0.01894  -0.01891  -0.01882  -0.01876  -0.01866  -0.01852  -0.01814  -0.01812
       -0.01801  -0.01782  -0.01769  -0.01757  -0.01749  -0.01743  -0.01706  -0.01691  -0.01686
       -0.01661  -0.01648  -0.01643  -0.01637  -0.01622  -0.01612  -0.01599  -0.01587  -0.01569
       -0.01559  -0.01540  -0.01533  -0.01523  -0.01513  -0.01496  -0.01488  -0.01484  -0.01434
       -0.01430  -0.01407  -0.01391  -0.01385  -0.01375  -0.01372  -0.01360  -0.01349  -0.01337
       -0.01334  -0.01322  -0.01285  -0.01278  -0.01273  -0.01253  -0.01242  -0.01224  -0.01222
       -0.01209  -0.01191  -0.01172  -0.01164  -0.01155  -0.01149  -0.01140  -0.01122  -0.01118
       -0.01112  -0.01104  -0.01097  -0.01089  -0.01079  -0.01070  -0.01069  -0.01062  -0.01058
       -0.01050  -0.01046  -0.01040  -0.01036  -0.01031  -0.01023  -0.01017  -0.01011  -0.01009
       -0.01002  -0.00990  -0.00987  -0.00982  -0.00975  -0.00966  -0.00963  -0.00956  -0.00954
       -0.00948  -0.00938  -0.00932  -0.00930  -0.00922  -0.00917  -0.00909  -0.00901  -0.00894
       -0.00891  -0.00889  -0.00883  -0.00872  -0.00866  -0.00862  -0.00856  -0.00851  -0.00840
       -0.00839  -0.00836  -0.00831  -0.00822  -0.00816  -0.00815  -0.00812  -0.00802  -0.00795
       -0.00793  -0.00787  -0.00783  -0.00772  -0.00770  -0.00766  -0.00759  -0.00756  -0.00749
       -0.00742  -0.00738  -0.00736  -0.00730  -0.00725  -0.00721  -0.00715  -0.00708  -0.00700
       -0.00698  -0.00697  -0.00687  -0.00681  -0.00675  -0.00673  -0.00666  -0.00663  -0.00656
       -0.00650  -0.00646  -0.00644  -0.00640  -0.00638  -0.00630  -0.00627  -0.00625  -0.00622
       -0.00617  -0.00610  -0.00604  -0.00603  -0.00599  -0.00595  -0.00589  -0.00587  -0.00584
       -0.00579  -0.00574  -0.00571  -0.00568  -0.00562  -0.00561  -0.00557  -0.00556  -0.00553
       -0.00548  -0.00546  -0.00538  -0.00536  -0.00535  -0.00529  -0.00526  -0.00520  -0.00519
       -0.00518  -0.00510  -0.00506  -0.00502  -0.00499  -0.00496  -0.00495  -0.00490  -0.00490
       -0.00487  -0.00478  -0.00477  -0.00474  -0.00472  -0.00470  -0.00462  -0.00458  -0.00455
       -0.00454  -0.00451  -0.00449  -0.00449  -0.00444  -0.00443  -0.00440  -0.00438  -0.00436
       -0.00431  -0.00427  -0.00426  -0.00424  -0.00422  -0.00418  -0.00415  -0.00413  -0.00411
       -0.00401  -0.00400  -0.00397  -0.00395  -0.00392  -0.00390  -0.00387  -0.00386  -0.00383
       -0.00379  -0.00378  -0.00375  -0.00373  -0.00371  -0.00368  -0.00365  -0.00363  -0.00362
       -0.00359  -0.00355  -0.00354  -0.00353  -0.00352  -0.00348  -0.00344  -0.00343  -0.00338
       -0.00338  -0.00335  -0.00332  -0.00327  -0.00326  -0.00323  -0.00322  -0.00319  -0.00317
       -0.00316  -0.00313  -0.00310  -0.00308  -0.00307  -0.00302  -0.00300  -0.00298  -0.00296
       -0.00293  -0.00292  -0.00291  -0.00291  -0.00287  -0.00286  -0.00283  -0.00279  -0.00277
       -0.00275  -0.00272  -0.00270  -0.00269  -0.00266  -0.00263  -0.00262  -0.00260  -0.00258
       -0.00255  -0.00252  -0.00251  -0.00250  -0.00249  -0.00246  -0.00242  -0.00242  -0.00239
       -0.00237  -0.00236  -0.00234  -0.00231  -0.00227  -0.00225  -0.00224  -0.00221  -0.00218
       -0.00217  -0.00213  -0.00213  -0.00211  -0.00209  -0.00208  -0.00208  -0.00203  -0.00203
       -0.00201  -0.00198  -0.00197  -0.00195  -0.00194  -0.00192  -0.00189  -0.00187  -0.00184
       -0.00183  -0.00182  -0.00179  -0.00177  -0.00175  -0.00174  -0.00173  -0.00171  -0.00168
       -0.00167  -0.00166  -0.00163  -0.00161  -0.00160  -0.00158  -0.00156  -0.00154  -0.00153
       -0.00151  -0.00150  -0.00147  -0.00146  -0.00143  -0.00142  -0.00138  -0.00136  -0.00133
       -0.00130  -0.00129  -0.00125  -0.00121
        
     --------------------------------------------------------------------------------------------
     Tot. elapsed time 03m-13.8s,  time spent in last iteration 03m-13.8s
     --------------------------------------------------------------------------------------------

     [I/O] -------------------------------------------------------
     [I/O] RESTART written in < 00.1s             
     [I/O] In location   : ./cl2_100_400.wstat.restart
     [I/O] -------------------------------------------------------

                       *----------*              *----------*               *----------*
     #     Iteration = |        1 |   DFPT_dim = |      400 |   Diago_dim = |      800 |
                       *----------*              *----------*               *----------*
       
     --------------------------------------------------------------------------------------------
     Applying projection operator formed by dvg                          
     --------------------------------------------------------------------------------------------
     per-process dynamical memory   220.5 Mb
  
       
     --------------------------------------------------------------------------------------------
     Sternheimer eq. solver... with threshold =   1.000000E-12           
     --------------------------------------------------------------------------------------------
     in progress... |#                   | 005% :               00.8s (E)               17.7s (X)
     in progress... |##                  | 010% :               01.7s (E)               17.6s (X)
     in progress... |###                 | 015% :               02.6s (E)               17.7s (X)
     in progress... |####                | 020% :               03.5s (E)               17.7s (X)
     in progress... |#####               | 025% :               04.4s (E)               17.7s (X)
     in progress... |######              | 030% :               05.3s (E)               17.7s (X)
     in progress... |#######             | 035% :               06.2s (E)               17.7s (X)
     in progress... |########            | 040% :               07.0s (E)               17.7s (X)
     in progress... |#########           | 045% :               07.9s (E)               17.7s (X)
     in progress... |##########          | 050% :               08.8s (E)               17.7s (X)
     in progress... |###########         | 055% :               09.7s (E)               17.7s (X)
     in progress... |############        | 060% :               10.6s (E)               17.7s (X)
     in progress... |#############       | 065% :               11.6s (E)               17.9s (X)
     in progress... |##############      | 070% :               12.5s (E)               17.8s (X)
     in progress... |###############     | 075% :               13.4s (E)               17.8s (X)
     in progress... |################    | 080% :               14.3s (E)               17.9s (X)
     in progress... |#################   | 085% :               15.2s (E)               17.9s (X)
     in progress... |##################  | 090% :               16.1s (E)               17.9s (X)
     in progress... |################### | 095% :               17.0s (E)               17.9s (X)
     in progress... |####################| 100% :               17.9s (E)               17.9s (X)
       
     --------------------------------------------------------------------------------------------
     Applying projection operator formed by dvg                          
     --------------------------------------------------------------------------------------------
     --------------------------------------------------------------------------------------------
     p-DIAGOX done in 00.4s with a SCALAPACK grid (12x12)
     --------------------------------------------------------------------------------------------
        
       -0.03567  -0.03566  -0.03513  -0.03513  -0.03359  -0.03282  -0.03281  -0.03255  -0.03255
       -0.03203  -0.03203  -0.03013  -0.03013  -0.02916  -0.02915  -0.02871  -0.02852  -0.02851
       -0.02799  -0.02798  -0.02758  -0.02758  -0.02665  -0.02665  -0.02650  -0.02649  -0.02641
       -0.02581  -0.02581  -0.02549  -0.02549  -0.02438  -0.02415  -0.02414  -0.02347  -0.02347
       -0.02252  -0.02251  -0.02226  -0.02226  -0.02224  -0.02180  -0.02180  -0.02112  -0.02111
       -0.02100  -0.02100  -0.02077  -0.02060  -0.02060  -0.02057  -0.02004  -0.02003  -0.01973
       -0.01973  -0.01969  -0.01969  -0.01964  -0.01964  -0.01955  -0.01954  -0.01923  -0.01894
       -0.01893  -0.01848  -0.01848  -0.01845  -0.01844  -0.01824  -0.01795  -0.01744  -0.01744
       -0.01723  -0.01721  -0.01709  -0.01709  -0.01693  -0.01693  -0.01669  -0.01669  -0.01657
       -0.01656  -0.01646  -0.01646  -0.01615  -0.01614  -0.01595  -0.01569  -0.01568  -0.01554
       -0.01553  -0.01506  -0.01503  -0.01503  -0.01484  -0.01484  -0.01477  -0.01477  -0.01460
       -0.01459  -0.01430  -0.01419  -0.01419  -0.01419  -0.01388  -0.01388  -0.01373  -0.01372
       -0.01338  -0.01337  -0.01312  -0.01312  -0.01305  -0.01305  -0.01282  -0.01282  -0.01265
       -0.01218  -0.01217  -0.01216  -0.01215  -0.01208  -0.01208  -0.01200  -0.01199  -0.01181
       -0.01181  -0.01177  -0.01170  -0.01169  -0.01166  -0.01165  -0.01164  -0.01163  -0.01161
       -0.01160  -0.01159  -0.01158  -0.01144  -0.01143  -0.01140  -0.01116  -0.01115  -0.01110
       -0.01108  -0.01108  -0.01107  -0.01091  -0.01090  -0.01089  -0.01067  -0.01066  -0.01063
       -0.01062  -0.01041  -0.01041  -0.01019  -0.01018  -0.01017  -0.01016  -0.01011  -0.01010
       -0.01006  -0.01005  -0.01001  -0.00996  -0.00994  -0.00991  -0.00990  -0.00986  -0.00986
       -0.00973  -0.00971  -0.00968  -0.00967  -0.00967  -0.00964  -0.00964  -0.00962  -0.00927
       -0.00923  -0.00923  -0.00920  -0.00916  -0.00914  -0.00912  -0.00908  -0.00906  -0.00874
       -0.00864  -0.00863  -0.00861  -0.00859  -0.00858  -0.00858  -0.00855  -0.00851  -0.00847
       -0.00846  -0.00835  -0.00830  -0.00822  -0.00822  -0.00821  -0.00818  -0.00814  -0.00813
       -0.00809  -0.00807  -0.00788  -0.00786  -0.00775  -0.00774  -0.00770  -0.00768  -0.00759
       -0.00756  -0.00752  -0.00750  -0.00749  -0.00747  -0.00736  -0.00734  -0.00734  -0.00733
       -0.00730  -0.00729  -0.00728  -0.00727  -0.00726  -0.00723  -0.00721  -0.00719  -0.00718
       -0.00713  -0.00712  -0.00711  -0.00710  -0.00709  -0.00707  -0.00706  -0.00704  -0.00702
       -0.00700  -0.00695  -0.00693  -0.00692  -0.00690  -0.00683  -0.00679  -0.00676  -0.00673
       -0.00669  -0.00665  -0.00663  -0.00653  -0.00653  -0.00651  -0.00650  -0.00647  -0.00645
       -0.00643  -0.00642  -0.00639  -0.00637  -0.00636  -0.00636  -0.00632  -0.00631  -0.00627
       -0.00627  -0.00626  -0.00624  -0.00623  -0.00622  -0.00619  -0.00615  -0.00605  -0.00598
       -0.00594  -0.00592  -0.00590  -0.00589  -0.00587  -0.00583  -0.00582  -0.00580  -0.00579
       -0.00576  -0.00573  -0.00572  -0.00571  -0.00566  -0.00564  -0.00562  -0.00559  -0.00556
       -0.00554  -0.00552  -0.00551  -0.00549  -0.00547  -0.00544  -0.00542  -0.00541  -0.00540
       -0.00539  -0.00537  -0.00534  -0.00533  -0.00532  -0.00528  -0.00525  -0.00524  -0.00522
       -0.00520  -0.00517  -0.00514  -0.00513  -0.00511  -0.00509  -0.00504  -0.00501  -0.00500
       -0.00497  -0.00492  -0.00491  -0.00489  -0.00487  -0.00485  -0.00483  -0.00481  -0.00479
       -0.00477  -0.00474  -0.00472  -0.00472  -0.00471  -0.00468  -0.00467  -0.00466  -0.00463
       -0.00463  -0.00462  -0.00459  -0.00456  -0.00455  -0.00454  -0.00454  -0.00452  -0.00449
       -0.00447  -0.00446  -0.00445  -0.00443  -0.00441  -0.00441  -0.00439  -0.00439  -0.00435
       -0.00433  -0.00432  -0.00430  -0.00428  -0.00427  -0.00425  -0.00422  -0.00421  -0.00420
       -0.00419  -0.00417  -0.00415  -0.00413  -0.00411  -0.00410  -0.00408  -0.00407  -0.00405
       -0.00403  -0.00402  -0.00401  -0.00400  -0.00399  -0.00397  -0.00395  -0.00393  -0.00392
       -0.00391  -0.00390  -0.00386  -0.00386  -0.00384  -0.00382  -0.00381  -0.00380  -0.00379
       -0.00376  -0.00375  -0.00374  -0.00372
        
     --------------------------------------------------------------------------------------------
     Tot. elapsed time 04m-56.7s,  time spent in last iteration 31.7s
     --------------------------------------------------------------------------------------------

     [I/O] -------------------------------------------------------
     [I/O] RESTART written in < 00.1s             
     [I/O] In location   : ./cl2_100_400.wstat.restart
     [I/O] -------------------------------------------------------

                       *----------*              *----------*               *----------*
     #     Iteration = |        2 |   DFPT_dim = |      315 |   Diago_dim = |     1115 |
                       *----------*              *----------*               *----------*
       
     --------------------------------------------------------------------------------------------
     Applying projection operator formed by dvg                          
     --------------------------------------------------------------------------------------------
     per-process dynamical memory   220.2 Mb
  
       
     --------------------------------------------------------------------------------------------
     Sternheimer eq. solver... with threshold =   1.000000E-12           
     --------------------------------------------------------------------------------------------
     in progress... |#                   | 005% :               00.8s (E)               17.5s (X)
     in progress... |##                  | 010% :               01.7s (E)               17.5s (X)
     in progress... |###                 | 015% :               02.2s (E)               14.6s (X)
     in progress... |####                | 020% :               03.0s (E)               15.4s (X)
     in progress... |#####               | 025% :               03.5s (E)               14.1s (X)
     in progress... |######              | 030% :               04.4s (E)               14.7s (X)
     in progress... |#######             | 035% :               05.2s (E)               15.1s (X)
     in progress... |########            | 040% :               05.7s (E)               14.3s (X)
     in progress... |#########           | 045% :               06.6s (E)               14.6s (X)
     in progress... |##########          | 050% :               07.0s (E)               14.0s (X)
     in progress... |###########         | 055% :               07.9s (E)               14.4s (X)
     in progress... |############        | 060% :               08.8s (E)               14.6s (X)
     in progress... |#############       | 065% :               09.2s (E)               14.2s (X)
     in progress... |##############      | 070% :               10.1s (E)               14.4s (X)
     in progress... |###############     | 075% :               10.5s (E)               14.0s (X)
     in progress... |################    | 080% :               11.4s (E)               14.2s (X)
     in progress... |#################   | 085% :               12.3s (E)               14.4s (X)
     in progress... |##################  | 090% :               12.7s (E)               14.1s (X)
     in progress... |################### | 095% :               13.6s (E)               14.3s (X)
     in progress... |####################| 100% :               14.0s (E)               14.0s (X)
       
     --------------------------------------------------------------------------------------------
     Applying projection operator formed by dvg                          
     --------------------------------------------------------------------------------------------
     --------------------------------------------------------------------------------------------
     p-DIAGOX done in 00.6s with a SCALAPACK grid (12x12)
     --------------------------------------------------------------------------------------------
        
       -0.03567  -0.03566  -0.03513  -0.03513  -0.03359  -0.03282  -0.03281  -0.03255  -0.03255
       -0.03203  -0.03203  -0.03013  -0.03013  -0.02916  -0.02915  -0.02872  -0.02852  -0.02851
       -0.02799  -0.02799  -0.02758  -0.02758  -0.02665  -0.02665  -0.02650  -0.02649  -0.02641
       -0.02581  -0.02581  -0.02549  -0.02549  -0.02438  -0.02415  -0.02414  -0.02347  -0.02347
       -0.02252  -0.02251  -0.02226  -0.02226  -0.02224  -0.02180  -0.02180  -0.02112  -0.02112
       -0.02101  -0.02100  -0.02077  -0.02060  -0.02060  -0.02058  -0.02004  -0.02004  -0.01973
       -0.01973  -0.01969  -0.01969  -0.01964  -0.01964  -0.01955  -0.01955  -0.01924  -0.01894
       -0.01894  -0.01849  -0.01849  -0.01845  -0.01845  -0.01825  -0.01795  -0.01745  -0.01745
       -0.01723  -0.01721  -0.01710  -0.01710  -0.01694  -0.01694  -0.01670  -0.01670  -0.01657
       -0.01657  -0.01647  -0.01647  -0.01615  -0.01615  -0.01596  -0.01569  -0.01569  -0.01555
       -0.01555  -0.01506  -0.01505  -0.01505  -0.01485  -0.01485  -0.01479  -0.01479  -0.01462
       -0.01461  -0.01433  -0.01423  -0.01420  -0.01420  -0.01390  -0.01390  -0.01375  -0.01375
       -0.01340  -0.01340  -0.01315  -0.01315  -0.01308  -0.01308  -0.01286  -0.01285  -0.01268
       -0.01220  -0.01220  -0.01219  -0.01219  -0.01211  -0.01211  -0.01204  -0.01204  -0.01185
       -0.01185  -0.01180  -0.01173  -0.01173  -0.01169  -0.01169  -0.01167  -0.01167  -0.01164
       -0.01164  -0.01162  -0.01162  -0.01149  -0.01149  -0.01145  -0.01120  -0.01120  -0.01114
       -0.01114  -0.01112  -0.01111  -0.01098  -0.01094  -0.01094  -0.01072  -0.01072  -0.01068
       -0.01068  -0.01047  -0.01047  -0.01024  -0.01024  -0.01022  -0.01022  -0.01017  -0.01017
       -0.01011  -0.01011  -0.01008  -0.01002  -0.01002  -0.00997  -0.00997  -0.00993  -0.00993
       -0.00979  -0.00979  -0.00975  -0.00975  -0.00974  -0.00973  -0.00972  -0.00972  -0.00935
       -0.00931  -0.00931  -0.00928  -0.00928  -0.00922  -0.00922  -0.00919  -0.00919  -0.00888
       -0.00873  -0.00872  -0.00871  -0.00871  -0.00870  -0.00870  -0.00863  -0.00863  -0.00857
       -0.00857  -0.00846  -0.00844  -0.00833  -0.00833  -0.00832  -0.00831  -0.00826  -0.00825
       -0.00821  -0.00821  -0.00802  -0.00802  -0.00789  -0.00789  -0.00786  -0.00785  -0.00770
       -0.00769  -0.00769  -0.00761  -0.00760  -0.00760  -0.00750  -0.00750  -0.00749  -0.00749
       -0.00744  -0.00744  -0.00742  -0.00742  -0.00741  -0.00741  -0.00739  -0.00739  -0.00729
       -0.00729  -0.00728  -0.00728  -0.00725  -0.00725  -0.00725  -0.00725  -0.00723  -0.00723
       -0.00719  -0.00718  -0.00718  -0.00715  -0.00714  -0.00714  -0.00698  -0.00698  -0.00690
       -0.00690  -0.00687  -0.00686  -0.00673  -0.00673  -0.00669  -0.00667  -0.00667  -0.00666
       -0.00666  -0.00664  -0.00664  -0.00659  -0.00659  -0.00657  -0.00657  -0.00654  -0.00653
       -0.00651  -0.00651  -0.00650  -0.00650  -0.00650  -0.00649  -0.00642  -0.00641  -0.00620
       -0.00618  -0.00617  -0.00616  -0.00616  -0.00614  -0.00614  -0.00611  -0.00611  -0.00609
       -0.00608  -0.00605  -0.00598  -0.00598  -0.00594  -0.00594  -0.00593  -0.00593  -0.00588
       -0.00588  -0.00580  -0.00579  -0.00578  -0.00578  -0.00577  -0.00575  -0.00575  -0.00573
       -0.00573  -0.00572  -0.00572  -0.00571  -0.00571  -0.00570  -0.00568  -0.00557  -0.00557
       -0.00554  -0.00553  -0.00550  -0.00550  -0.00547  -0.00547  -0.00544  -0.00544  -0.00537
       -0.00536  -0.00534  -0.00531  -0.00531  -0.00520  -0.00519  -0.00518  -0.00518  -0.00516
       -0.00510  -0.00509  -0.00508  -0.00507  -0.00506  -0.00505  -0.00502  -0.00501  -0.00501
       -0.00500  -0.00499  -0.00498  -0.00497  -0.00493  -0.00493  -0.00492  -0.00491  -0.00490
       -0.00489  -0.00488  -0.00487  -0.00487  -0.00487  -0.00486  -0.00486  -0.00486  -0.00485
       -0.00482  -0.00477  -0.00477  -0.00473  -0.00473  -0.00470  -0.00470  -0.00466  -0.00466
       -0.00465  -0.00464  -0.00464  -0.00464  -0.00464  -0.00463  -0.00462  -0.00462  -0.00461
       -0.00459  -0.00459  -0.00458  -0.00457  -0.00455  -0.00447  -0.00446  -0.00445  -0.00444
       -0.00444  -0.00444  -0.00441  -0.00439  -0.00437  -0.00436  -0.00434  -0.00434  -0.00433
       -0.00432  -0.00431  -0.00430  -0.00429
        
     --------------------------------------------------------------------------------------------
     Tot. elapsed time 06m-37.3s,  time spent in last iteration 29.9s
     --------------------------------------------------------------------------------------------

     [I/O] -------------------------------------------------------
     [I/O] RESTART written in < 00.1s             
     [I/O] In location   : ./cl2_100_400.wstat.restart
     [I/O] -------------------------------------------------------

                       *----------*              *----------*               *----------*
     #     Iteration = |        3 |   DFPT_dim = |       46 |   Diago_dim = |     1161 |
                       *----------*              *----------*               *----------*
       
     --------------------------------------------------------------------------------------------
     Applying projection operator formed by dvg                          
     --------------------------------------------------------------------------------------------
     per-process dynamical memory   215.5 Mb
  
       
     --------------------------------------------------------------------------------------------
     Sternheimer eq. solver... with threshold =   1.000000E-12           
     --------------------------------------------------------------------------------------------
     in progress... |####                | 020% :               00.4s (E)               02.2s (X)
     in progress... |########            | 040% :               00.8s (E)               02.1s (X)
     in progress... |############        | 060% :               01.3s (E)               02.1s (X)
     in progress... |################    | 080% :               01.7s (E)               02.1s (X)
     in progress... |####################| 100% :               02.1s (E)               02.1s (X)
       
     --------------------------------------------------------------------------------------------
     Applying projection operator formed by dvg                          
     --------------------------------------------------------------------------------------------
     --------------------------------------------------------------------------------------------
     p-DIAGOX done in 00.6s with a SCALAPACK grid (12x12)
     --------------------------------------------------------------------------------------------
        
       -0.03567  -0.03566  -0.03513  -0.03513  -0.03359  -0.03282  -0.03281  -0.03255  -0.03255
       -0.03203  -0.03203  -0.03013  -0.03013  -0.02916  -0.02915  -0.02872  -0.02852  -0.02851
       -0.02799  -0.02799  -0.02758  -0.02758  -0.02665  -0.02665  -0.02650  -0.02649  -0.02641
       -0.02581  -0.02581  -0.02549  -0.02549  -0.02438  -0.02415  -0.02414  -0.02347  -0.02347
       -0.02252  -0.02251  -0.02226  -0.02226  -0.02224  -0.02180  -0.02180  -0.02112  -0.02112
       -0.02101  -0.02100  -0.02077  -0.02060  -0.02060  -0.02058  -0.02004  -0.02004  -0.01973
       -0.01973  -0.01969  -0.01969  -0.01964  -0.01964  -0.01955  -0.01955  -0.01924  -0.01894
       -0.01894  -0.01849  -0.01849  -0.01845  -0.01845  -0.01825  -0.01795  -0.01745  -0.01745
       -0.01723  -0.01721  -0.01710  -0.01710  -0.01694  -0.01694  -0.01670  -0.01670  -0.01657
       -0.01657  -0.01647  -0.01647  -0.01615  -0.01615  -0.01596  -0.01569  -0.01569  -0.01555
       -0.01555  -0.01506  -0.01505  -0.01505  -0.01485  -0.01485  -0.01479  -0.01479  -0.01462
       -0.01461  -0.01433  -0.01423  -0.01420  -0.01420  -0.01390  -0.01390  -0.01375  -0.01375
       -0.01340  -0.01340  -0.01315  -0.01315  -0.01308  -0.01308  -0.01286  -0.01285  -0.01269
       -0.01220  -0.01220  -0.01219  -0.01219  -0.01211  -0.01211  -0.01204  -0.01204  -0.01185
       -0.01185  -0.01180  -0.01173  -0.01173  -0.01169  -0.01169  -0.01167  -0.01167  -0.01164
       -0.01164  -0.01163  -0.01162  -0.01149  -0.01149  -0.01145  -0.01120  -0.01120  -0.01114
       -0.01114  -0.01112  -0.01111  -0.01098  -0.01094  -0.01094  -0.01072  -0.01072  -0.01068
       -0.01068  -0.01047  -0.01047  -0.01025  -0.01025  -0.01022  -0.01022  -0.01017  -0.01017
       -0.01011  -0.01011  -0.01008  -0.01002  -0.01002  -0.00997  -0.00997  -0.00993  -0.00993
       -0.00979  -0.00979  -0.00975  -0.00975  -0.00974  -0.00973  -0.00972  -0.00972  -0.00935
       -0.00931  -0.00931  -0.00928  -0.00928  -0.00922  -0.00922  -0.00919  -0.00919  -0.00888
       -0.00873  -0.00872  -0.00871  -0.00871  -0.00870  -0.00870  -0.00863  -0.00863  -0.00857
       -0.00857  -0.00846  -0.00844  -0.00834  -0.00834  -0.00832  -0.00832  -0.00826  -0.00826
       -0.00821  -0.00821  -0.00802  -0.00802  -0.00789  -0.00789  -0.00786  -0.00786  -0.00770
       -0.00769  -0.00769  -0.00761  -0.00760  -0.00760  -0.00750  -0.00750  -0.00750  -0.00749
       -0.00744  -0.00744  -0.00742  -0.00742  -0.00741  -0.00741  -0.00740  -0.00740  -0.00729
       -0.00729  -0.00728  -0.00728  -0.00726  -0.00725  -0.00725  -0.00725  -0.00723  -0.00723
       -0.00719  -0.00718  -0.00718  -0.00716  -0.00714  -0.00714  -0.00698  -0.00698  -0.00690
       -0.00690  -0.00687  -0.00687  -0.00673  -0.00673  -0.00670  -0.00667  -0.00667  -0.00666
       -0.00666  -0.00664  -0.00664  -0.00660  -0.00660  -0.00657  -0.00657  -0.00654  -0.00654
       -0.00651  -0.00651  -0.00650  -0.00650  -0.00650  -0.00650  -0.00642  -0.00642  -0.00620
       -0.00618  -0.00618  -0.00617  -0.00616  -0.00614  -0.00614  -0.00612  -0.00611  -0.00609
       -0.00609  -0.00606  -0.00598  -0.00598  -0.00594  -0.00594  -0.00594  -0.00593  -0.00589
       -0.00589  -0.00580  -0.00580  -0.00579  -0.00578  -0.00578  -0.00576  -0.00575  -0.00574
       -0.00574  -0.00573  -0.00573  -0.00572  -0.00571  -0.00571  -0.00568  -0.00557  -0.00557
       -0.00554  -0.00554  -0.00551  -0.00550  -0.00548  -0.00548  -0.00545  -0.00545  -0.00538
       -0.00537  -0.00535  -0.00532  -0.00531  -0.00521  -0.00520  -0.00519  -0.00519  -0.00517
       -0.00510  -0.00510  -0.00509  -0.00508  -0.00507  -0.00507  -0.00503  -0.00503  -0.00501
       -0.00501  -0.00501  -0.00500  -0.00499  -0.00495  -0.00494  -0.00494  -0.00493  -0.00492
       -0.00491  -0.00491  -0.00490  -0.00490  -0.00490  -0.00490  -0.00490  -0.00489  -0.00489
       -0.00488  -0.00481  -0.00481  -0.00478  -0.00478  -0.00475  -0.00475  -0.00473  -0.00472
       -0.00471  -0.00469  -0.00469  -0.00469  -0.00468  -0.00468  -0.00468  -0.00467  -0.00466
       -0.00466  -0.00465  -0.00465  -0.00463  -0.00463  -0.00454  -0.00454  -0.00450  -0.00450
       -0.00450  -0.00450  -0.00449  -0.00444  -0.00443  -0.00440  -0.00440  -0.00439  -0.00439
       -0.00437  -0.00437  -0.00437  -0.00437
        
     --------------------------------------------------------------------------------------------
     Tot. elapsed time 07m-57.7s,  time spent in last iteration 10.0s
     --------------------------------------------------------------------------------------------
       
     --------------------------------------------------------------------------------------------
     Convergence achieved !!! in        3 steps                          
     --------------------------------------------------------------------------------------------
      
     --------------------------------------------------------------------------------------------
     Database written in < 00.1s             
     In location : ./cl2_100_400.wstat.save
     --------------------------------------------------------------------------------------------
 
     WSTAT        :  7m 2.42s CPU    14m33.31s WALL

     wstat_readin :      6.32s CPU     40.46s WALL (       1 calls)
     fetch_nml    :      0.00s CPU      0.00s WALL (       1 calls)
     read_xml     :      1.23s CPU      1.54s WALL (       1 calls)
     init_vloc    :      0.05s CPU      0.05s WALL (       2 calls)
     fft          :      0.26s CPU      0.28s WALL (      11 calls)
     fft_scatter  :     43.61s CPU     43.96s WALL (   13128 calls)
     v_of_rho     :      0.29s CPU      0.31s WALL (       1 calls)
     v_xc         :      0.26s CPU      0.27s WALL (       1 calls)
     v_h          :      0.03s CPU      0.04s WALL (       1 calls)
     read_wave    :      5.08s CPU     38.91s WALL (       1 calls)
     davcio       :      0.00s CPU      1.77s WALL (       2 calls)
     init_us_1    :      0.17s CPU      0.17s WALL (       2 calls)
     do_setup     :      0.29s CPU      0.31s WALL (       1 calls)
     init_pw_ar   :      0.29s CPU      0.30s WALL (       1 calls)
     init_at_1    :      0.00s CPU      0.00s WALL (       1 calls)
     storesqvc    :      0.00s CPU      0.01s WALL (       1 calls)
     chidiago     :    210.08s CPU    308.78s WALL (       1 calls)
     randomize    :      1.14s CPU      1.16s WALL (       2 calls)
     paramgs      :     14.58s CPU     14.79s WALL (      11 calls)
     dfpt         :    231.15s CPU    233.12s WALL (      10 calls)
     init_us_2    :      0.03s CPU      0.03s WALL (      10 calls)
     fftw         :    121.07s CPU    122.06s WALL (   13117 calls)
     alphapc      :      0.46s CPU      0.45s WALL (     201 calls)
     wstat_restar :    119.21s CPU    497.29s WALL (       8 calls)
     linstern     :    151.83s CPU    153.06s WALL (     151 calls)
     stern        :    135.69s CPU    136.73s WALL (    4437 calls)
     h_psi_bgrp   :    124.87s CPU    125.88s WALL (    1454 calls)
     h_psi        :    124.86s CPU    125.88s WALL (    1454 calls)
     h_psi:pot    :    124.12s CPU    125.14s WALL (    1454 calls)
     vloc_psi     :    117.98s CPU    118.93s WALL (    1454 calls)
     h_psi:calbec :      3.77s CPU      3.49s WALL (    1454 calls)
     calbec       :      3.76s CPU      3.48s WALL (    1454 calls)
     add_vuspsi   :      2.35s CPU      2.71s WALL (    1454 calls)
     alphapv      :      6.44s CPU      6.42s WALL (    4437 calls)
     build_hr     :      8.25s CPU      8.49s WALL (       8 calls)
     diagox       :      2.39s CPU      2.44s WALL (       8 calls)
     redistr_vr   :      0.30s CPU      0.32s WALL (       6 calls)
     update_vr    :     13.64s CPU     14.01s WALL (       6 calls)
     symm_hr      :      0.31s CPU      0.33s WALL (       6 calls)
     chidiago:las :      0.00s CPU      0.00s WALL (       1 calls)
     refresh_vr   :      4.90s CPU      4.99s WALL (       2 calls)
     pdep_db      :      2.98s CPU      9.40s WALL (       1 calls)
     kinchidiago  :    205.72s CPU    523.73s WALL (       1 calls)
     k_psi        :      1.34s CPU      1.36s WALL (    2983 calls)
     kinchidiago: :      0.00s CPU      0.00s WALL (       1 calls)
     pdep_db_for_ :     10.71s CPU     35.91s WALL (       1 calls)
 
     WSTAT        :  7m 2.42s CPU    14m33.31s WALL

 
   This run was terminated on:  12:21:25   4May2018            

=------------------------------------------------------------------------------=
   JOB DONE.
=------------------------------------------------------------------------------=
