
     Program WSTAT v. 2.0.0 starts on  4May2018 at 12: 1:27 

     This program is part of the open-source West suite
     for massively parallel calculations of excited states in materials; please cite
         "M. Govoni et al., J. Chem. Theory Comput. 11, 2680 (2015);
          URL http://www.west-code.org", 
     in publications or presentations arising from this work.

     Based on the Quantum ESPRESSO v. 6.1 svn rev. 13369
       
     --------------------------------------------------------------------------------------------
     **MPI** Parallelization Status                                      
     --------------------------------------------------------------------------------------------
                   160                  10             1             1            16
     --------------------------------------------------------------------------------------------
                     N         =         I      X      P      X      B      X      Z
                     ^                   ^             ^             ^             ^
                     |                   |             |             |             |
                   #rnk                  |             |             |             |
                                      #image           |             |             |
                                                     #pool           |             |
                                                                   #bgrp           |
                                                                                 #R&G
     --------------------------------------------------------------------------------------------
     **OPENMP** Parallelization Status
     #thr/rnk               =            1
     --------------------------------------------------------------------------------------------
     #prc = (rnk) * (thr) =          160
     --------------------------------------------------------------------------------------------
       
     --------------------------------------------------------------------------------------------
     I/O Summary : input_west                                            
     --------------------------------------------------------------------------------------------
     qe_prefix      = cl2
     west_prefix    = cl2
     outdir         = ./
     --------------------------------------------------------------------------------------------
       
     --------------------------------------------------------------------------------------------
     I/O Summary : wstat_control                                         
     --------------------------------------------------------------------------------------------
     wstat_calculation              =              S
     n_pdep_eigen                   =             20
     n_kin_pdep_eigen               =            400
     n_lindhard_eigen               =              0
     n_pdep_times                   =              4
     n_pdep_maxiter                 =            100
     n_dfpt_maxiter                 =            250
     n_pdep_read_from_file          =              0
     trev_pdep                      =   1.000000E-03
     trev_pdep_rel                  =   1.000000E-01
     tr2_dfpt                       =   1.000000E-12
     l_kinetic_only                 =              F
     l_minimize_exx_if_active       =              F
     l_use_ecutrho                  =              F
     l_pure_eigen                   =              F
     --------------------------------------------------------------------------------------------

     Reading data from directory:
     ./cl2.save

   Info: using nr1, nr2, nr3 values from input

   Info: using nr1, nr2, nr3 values from input

     IMPORTANT: XC functional enforced from input :
     Exchange-correlation      = PBE ( 1  4  3  4 0 0)
     Any further DFT definition will be discarded
     Please, verify this is what you really want

     Message from routine readpp:
     file ./cl2.save/Cl_ONCV_PBE-1.0.upf not found
 
     Parallelization info
     --------------------
     sticks:   dense  smooth     PW     G-vecs:    dense   smooth      PW
     Min        1520    1520    379               178660   178660   22323
     Max        1522    1522    384               178666   178666   22328
     Sum       24345   24345   6093              2858633  2858633  357213
 
       
     --------------------------------------------------------------------------------------------
     System Overview                                                     
     --------------------------------------------------------------------------------------------
     gamma_only           =              T
     ecutwfc [Ry]         =      85.000000
     omega [au^3]         =   2.700000E+04
     glob. #G             =         178607
     nbnd                 =            100
     nkstot               =              1
     nspin                =              1
     nelec                =      14.000000
     npol                 =              1
     lsda                 =              F
     noncolin             =              F
     lspinorb             =              F
     domag                =              F
     --------------------------------------------------------------------------------------------

     sFFT G-space:  1429317 G-vectors     R-space: ( 180, 180, 180)
     dFFT G-space:  1429317 G-vectors     R-space: ( 180, 180, 180)

     Cell [a.u.]          =      30.000000      0.000000      0.000000
                          =       0.000000     30.000000      0.000000
                          =       0.000000      0.000000     30.000000
      
     number of ks points=     1
                       cart. coord. in units 2pi/alat
        k(    1) = (   0.0000000   0.0000000   0.0000000), wk =   2.0000000

                       cryst. coord.
        k(    1) = (   0.0000000   0.0000000   0.0000000), wk =   2.0000000
 
     Spherical div        =   1.654268E-01
     Orthorombic div      =   1.628502E-01
       
     --------------------------------------------------------------------------------------------
     Parallelization for nvecx                                           
     --------------------------------------------------------------------------------------------
     nglob                =             80
     nlevel               =             10
     Min nglob/nlevel     =              8
     Max nglob/nlevel     =              8
     --------------------------------------------------------------------------------------------

     [MEM] ----------------------------------------------------------
     [MEM] **Memory** analysis: QE
     [MEM] ----------------------------------------------------------
     [MEM] Allocated arrays           est. size (Mb)     dimensions
     [MEM] ----------------------------------------------------------
     [MEM] Kohn-Sham Wavefunctions      17.03 Mb     (  11164,  100)
     [MEM] NL pseudopotentials           2.73 Mb     (  11164,   16)
     [MEM] Each V/rho on FFT grid        5.93 Mb     ( 388800)
     [MEM] Each G-vector array           0.68 Mb     (  89333)
     [MEM] G-vector shells               0.05 Mb     (   6125)
     [MEM] ----------------------------------------------------------
     [MEM] TOT                          26.42 Mb
     [MEM] ----------------------------------------------------------
     [MEM] 
     [MEM] ----------------------------------------------------------
     [MEM] **Memory** analysis: WSTAT global
     [MEM] ----------------------------------------------------------
     [MEM] Allocated arrays           est. size (Mb)     dimensions
     [MEM] ----------------------------------------------------------
     [MEM] dvg                           1.36 Mb     (  11164,    8)
     [MEM] dng                           1.36 Mb     (  11164,    8)
     [MEM] hr_distr                      0.00 Mb     (     80,    8)
     [MEM] vr_distr                      0.00 Mb     (     80,    8)
     [MEM] ----------------------------------------------------------
     [MEM] TOT                           2.74 Mb
     [MEM] ----------------------------------------------------------
     [MEM] 
     [MEM] ----------------------------------------------------------
     [MEM] **Memory** analysis: WSTAT temporary
     [MEM] ----------------------------------------------------------
     [MEM] Allocated arrays           est. size (Mb)     dimensions
     [MEM] ----------------------------------------------------------
     [MEM] dvpsi                         1.19 Mb     (  11164,    7)
     [MEM] dpsi                          1.19 Mb     (  11164,    7)
     [MEM] ----------------------------------------------------------
     [MEM] Total estimate                2.38 Mb
     [MEM] ----------------------------------------------------------

                       *----------*              *----------*               *----------*
     #     Iteration = | starting |   DFPT_dim = |       20 |   Diago_dim = |       20 |  x 1/2
                       *----------*              *----------*               *----------*
     per-process dynamical memory   111.1 Mb
  
       
     --------------------------------------------------------------------------------------------
     Sternheimer eq. solver... with lite-solver                          
     --------------------------------------------------------------------------------------------
     in progress... |##########          | 050% :               00.2s (E)               00.5s (X)
     in progress... |####################| 100% :               00.5s (E)               00.5s (X)
     --------------------------------------------------------------------------------------------

     [I/O] -------------------------------------------------------
     [I/O] RESTART written in < 00.1s             
     [I/O] In location   : ./cl2_20_400.wstat.restart
     [I/O] -------------------------------------------------------

                       *----------*              *----------*               *----------*
     #     Iteration = | starting |   DFPT_dim = |       20 |   Diago_dim = |       20 |  x 2/2
                       *----------*              *----------*               *----------*
     per-process dynamical memory   113.4 Mb
  
       
     --------------------------------------------------------------------------------------------
     Sternheimer eq. solver... with threshold =   1.000000E-06           
     --------------------------------------------------------------------------------------------
     in progress... |##########          | 050% :               03.1s (E)               06.2s (X)
     in progress... |####################| 100% :               06.2s (E)               06.2s (X)
     --------------------------------------------------------------------------------------------
     p-DIAGOX done in 00.2s with a SCALAPACK grid (2x2)
     --------------------------------------------------------------------------------------------
        
       -2.50031  -1.54329  -1.50094  -1.45184  -0.96414  -0.95542  -0.79675  -0.64609  -0.50923
       -0.40726  -0.35721  -0.32659  -0.30500  -0.29340  -0.28867  -0.25573  -0.24850  -0.22505
       -0.20496  -0.04305
        
     --------------------------------------------------------------------------------------------
     Tot. elapsed time 12.1s,  time spent in last iteration 12.1s
     --------------------------------------------------------------------------------------------

     [I/O] -------------------------------------------------------
     [I/O] RESTART written in < 00.1s             
     [I/O] In location   : ./cl2_20_400.wstat.restart
     [I/O] -------------------------------------------------------

                       *----------*              *----------*               *----------*
     #     Iteration = |        1 |   DFPT_dim = |       20 |   Diago_dim = |       40 |
                       *----------*              *----------*               *----------*
     per-process dynamical memory   113.4 Mb
  
       
     --------------------------------------------------------------------------------------------
     Sternheimer eq. solver... with threshold =   1.000000E-12           
     --------------------------------------------------------------------------------------------
     in progress... |##########          | 050% :               04.8s (E)               09.7s (X)
     in progress... |####################| 100% :               09.7s (E)               09.7s (X)
     --------------------------------------------------------------------------------------------
     p-DIAGOX done in < 00.1s with a SCALAPACK grid (2x2)
     --------------------------------------------------------------------------------------------
        
       -2.61337  -1.77362  -1.61566  -1.61530  -1.16541  -1.14495  -1.13835  -0.95789  -0.83352
       -0.80814  -0.56538  -0.51970  -0.41696  -0.41245  -0.40498  -0.38649  -0.37772  -0.37076
       -0.36538  -0.31186
        
     --------------------------------------------------------------------------------------------
     Tot. elapsed time 27.8s,  time spent in last iteration 11.3s
     --------------------------------------------------------------------------------------------

     [I/O] -------------------------------------------------------
     [I/O] RESTART written in < 00.1s             
     [I/O] In location   : ./cl2_20_400.wstat.restart
     [I/O] -------------------------------------------------------

                       *----------*              *----------*               *----------*
     #     Iteration = |        2 |   DFPT_dim = |       20 |   Diago_dim = |       60 |
                       *----------*              *----------*               *----------*
     per-process dynamical memory   113.4 Mb
  
       
     --------------------------------------------------------------------------------------------
     Sternheimer eq. solver... with threshold =   1.000000E-12           
     --------------------------------------------------------------------------------------------
     in progress... |##########          | 050% :               04.9s (E)               09.8s (X)
     in progress... |####################| 100% :               09.8s (E)               09.8s (X)
     --------------------------------------------------------------------------------------------
     p-DIAGOX done in < 00.1s with a SCALAPACK grid (2x2)
     --------------------------------------------------------------------------------------------
        
       -2.61393  -1.77631  -1.61623  -1.61623  -1.18363  -1.14797  -1.14793  -1.00402  -0.83776
       -0.83747  -0.58755  -0.58506  -0.51291  -0.42160  -0.42144  -0.41720  -0.40214  -0.39329
       -0.39272  -0.38348
        
     --------------------------------------------------------------------------------------------
     Tot. elapsed time 46.6s,  time spent in last iteration 11.5s
     --------------------------------------------------------------------------------------------

     [I/O] -------------------------------------------------------
     [I/O] RESTART written in < 00.1s             
     [I/O] In location   : ./cl2_20_400.wstat.restart
     [I/O] -------------------------------------------------------

                       *----------*              *----------*               *----------*
     #     Iteration = |        3 |   DFPT_dim = |       17 |   Diago_dim = |       77 |
                       *----------*              *----------*               *----------*
     per-process dynamical memory   113.4 Mb
  
       
     --------------------------------------------------------------------------------------------
     Sternheimer eq. solver... with threshold =   1.000000E-12           
     --------------------------------------------------------------------------------------------
     in progress... |##########          | 050% :               04.8s (E)               09.7s (X)
     in progress... |####################| 100% :               09.6s (E)               09.6s (X)
     --------------------------------------------------------------------------------------------
     p-DIAGOX done in < 00.1s with a SCALAPACK grid (2x2)
     --------------------------------------------------------------------------------------------
        
       -2.61393  -1.77631  -1.61623  -1.61623  -1.18372  -1.14797  -1.14797  -1.00421  -0.83780
       -0.83780  -0.58802  -0.58798  -0.52150  -0.42182  -0.42181  -0.42003  -0.40474  -0.40405
       -0.39397  -0.39383
        
     --------------------------------------------------------------------------------------------
     Tot. elapsed time 01m-08.9s,  time spent in last iteration 11.2s
     --------------------------------------------------------------------------------------------

       Refresh the basis set

     [I/O] -------------------------------------------------------
     [I/O] RESTART written in < 00.1s             
     [I/O] In location   : ./cl2_20_400.wstat.restart
     [I/O] -------------------------------------------------------

                       *----------*              *----------*               *----------*
     #     Iteration = |        4 |   DFPT_dim = |        7 |   Diago_dim = |       27 |
                       *----------*              *----------*               *----------*
     per-process dynamical memory   113.4 Mb
  
       
     --------------------------------------------------------------------------------------------
     Sternheimer eq. solver... with threshold =   1.000000E-12           
     --------------------------------------------------------------------------------------------
     in progress... |####################| 100% :               04.7s (E)               04.7s (X)
     --------------------------------------------------------------------------------------------
     p-DIAGOX done in < 00.1s with a SCALAPACK grid (2x2)
     --------------------------------------------------------------------------------------------
        
       -2.61393  -1.77631  -1.61623  -1.61623  -1.18372  -1.14797  -1.14797  -1.00421  -0.83780
       -0.83780  -0.58803  -0.58803  -0.52166  -0.42182  -0.42182  -0.42008  -0.40479  -0.40473
       -0.39398  -0.39396
        
     --------------------------------------------------------------------------------------------
     Tot. elapsed time 01m-18.3s,  time spent in last iteration 05.6s
     --------------------------------------------------------------------------------------------
      
     --------------------------------------------------------------------------------------------
     Database written in 01.9s               
     In location : ./cl2_20_400.wstat.save
     --------------------------------------------------------------------------------------------
       
     --------------------------------------------------------------------------------------------
     Convergence achieved !!! in        4 steps                          
     --------------------------------------------------------------------------------------------
       
     --------------------------------------------------------------------------------------------
     ** Now compute kinetic eigenpotentials **                           
     --------------------------------------------------------------------------------------------
       
     --------------------------------------------------------------------------------------------
     Parallelization for newnvecx                                        
     --------------------------------------------------------------------------------------------
     nglob                =           1600
     nlevel               =             10
     Min nglob/nlevel     =            160
     Max nglob/nlevel     =            160
     --------------------------------------------------------------------------------------------
       
     --------------------------------------------------------------------------------------------
     Parallelization for merge_nvecx                                     
     --------------------------------------------------------------------------------------------
     nglob                =           1680
     nlevel               =             10
     Min nglob/nlevel     =            168
     Max nglob/nlevel     =            168
     --------------------------------------------------------------------------------------------

                       *----------*              *----------*               *----------*
     #     Iteration = | starting |   DFPT_dim = |      400 |   Diago_dim = |      400 |  x 1/2
                       *----------*              *----------*               *----------*
       
     --------------------------------------------------------------------------------------------
     Applying projection operator formed by dvg                          
     --------------------------------------------------------------------------------------------
     per-process dynamical memory   208.7 Mb
  
       
     --------------------------------------------------------------------------------------------
     Sternheimer eq. solver... with lite-solver                          
     --------------------------------------------------------------------------------------------
     in progress... |#                   | 005% :               00.5s (E)               10.2s (X)
     in progress... |##                  | 010% :               01.0s (E)               10.1s (X)
     in progress... |###                 | 015% :               01.5s (E)               10.1s (X)
     in progress... |####                | 020% :               02.0s (E)               10.1s (X)
     in progress... |#####               | 025% :               02.5s (E)               10.1s (X)
     in progress... |######              | 030% :               03.0s (E)               10.1s (X)
     in progress... |#######             | 035% :               03.5s (E)               10.1s (X)
     in progress... |########            | 040% :               04.0s (E)               10.1s (X)
     in progress... |#########           | 045% :               04.5s (E)               10.1s (X)
     in progress... |##########          | 050% :               05.0s (E)               10.1s (X)
     in progress... |###########         | 055% :               05.5s (E)               10.1s (X)
     in progress... |############        | 060% :               06.0s (E)               10.1s (X)
     in progress... |#############       | 065% :               06.5s (E)               10.1s (X)
     in progress... |##############      | 070% :               07.1s (E)               10.1s (X)
     in progress... |###############     | 075% :               07.6s (E)               10.1s (X)
     in progress... |################    | 080% :               08.1s (E)               10.1s (X)
     in progress... |#################   | 085% :               08.6s (E)               10.1s (X)
     in progress... |##################  | 090% :               09.1s (E)               10.1s (X)
     in progress... |################### | 095% :               09.6s (E)               10.1s (X)
     in progress... |####################| 100% :               10.1s (E)               10.1s (X)
       
     --------------------------------------------------------------------------------------------
     Applying projection operator formed by dvg                          
     --------------------------------------------------------------------------------------------
     --------------------------------------------------------------------------------------------

     [I/O] -------------------------------------------------------
     [I/O] RESTART written in < 00.1s             
     [I/O] In location   : ./cl2_20_400.wstat.restart
     [I/O] -------------------------------------------------------

                       *----------*              *----------*               *----------*
     #     Iteration = | starting |   DFPT_dim = |      400 |   Diago_dim = |      400 |  x 2/2
                       *----------*              *----------*               *----------*
       
     --------------------------------------------------------------------------------------------
     Applying projection operator formed by dvg                          
     --------------------------------------------------------------------------------------------
     per-process dynamical memory   208.7 Mb
  
       
     --------------------------------------------------------------------------------------------
     Sternheimer eq. solver... with threshold =   1.000000E-06           
     --------------------------------------------------------------------------------------------
     in progress... |#                   | 005% :               00.7s (E)               15.0s (X)
     in progress... |##                  | 010% :               01.4s (E)               14.9s (X)
     in progress... |###                 | 015% :               02.2s (E)               14.9s (X)
     in progress... |####                | 020% :               02.9s (E)               14.9s (X)
     in progress... |#####               | 025% :               03.7s (E)               14.9s (X)
     in progress... |######              | 030% :               04.4s (E)               14.8s (X)
     in progress... |#######             | 035% :               05.1s (E)               14.8s (X)
     in progress... |########            | 040% :               05.9s (E)               14.7s (X)
     in progress... |#########           | 045% :               06.6s (E)               14.7s (X)
     in progress... |##########          | 050% :               07.3s (E)               14.7s (X)
     in progress... |###########         | 055% :               08.1s (E)               14.7s (X)
     in progress... |############        | 060% :               08.8s (E)               14.7s (X)
     in progress... |#############       | 065% :               09.5s (E)               14.7s (X)
     in progress... |##############      | 070% :               10.2s (E)               14.6s (X)
     in progress... |###############     | 075% :               11.0s (E)               14.6s (X)
     in progress... |################    | 080% :               11.7s (E)               14.6s (X)
     in progress... |#################   | 085% :               12.4s (E)               14.6s (X)
     in progress... |##################  | 090% :               13.1s (E)               14.6s (X)
     in progress... |################### | 095% :               13.8s (E)               14.6s (X)
     in progress... |####################| 100% :               14.6s (E)               14.6s (X)
       
     --------------------------------------------------------------------------------------------
     Applying projection operator formed by dvg                          
     --------------------------------------------------------------------------------------------
     --------------------------------------------------------------------------------------------
     p-DIAGOX done in 00.4s with a SCALAPACK grid (12x12)
     --------------------------------------------------------------------------------------------
        
       -0.19950  -0.19728  -0.19656  -0.18276  -0.16452  -0.16391  -0.15924  -0.15867  -0.15686
       -0.15668  -0.15420  -0.15397  -0.13958  -0.12995  -0.12920  -0.12531  -0.12004  -0.11733
       -0.11715  -0.10869  -0.10821  -0.10339  -0.10257  -0.09906  -0.09834  -0.09661  -0.08187
       -0.07646  -0.07330  -0.07328  -0.07284  -0.07263  -0.07218  -0.07207  -0.07131  -0.07116
       -0.07092  -0.07090  -0.06902  -0.06895  -0.06422  -0.06408  -0.06353  -0.06166  -0.06160
       -0.05469  -0.05462  -0.05456  -0.05444  -0.05427  -0.05388  -0.05356  -0.05164  -0.05025
       -0.05000  -0.04918  -0.04899  -0.04888  -0.04881  -0.04693  -0.04397  -0.04314  -0.04306
       -0.03998  -0.03975  -0.03897  -0.03747  -0.03730  -0.03669  -0.03666  -0.03575  -0.03571
       -0.03540  -0.03528  -0.03521  -0.03510  -0.03493  -0.03465  -0.03439  -0.03433  -0.03401
       -0.03313  -0.03301  -0.03191  -0.03179  -0.03160  -0.03157  -0.03124  -0.03073  -0.03062
       -0.03024  -0.02927  -0.02917  -0.02813  -0.02809  -0.02744  -0.02731  -0.02721  -0.02701
       -0.02676  -0.02642  -0.02625  -0.02561  -0.02542  -0.02522  -0.02512  -0.02478  -0.02458
       -0.02448  -0.02398  -0.02369  -0.02266  -0.02250  -0.02219  -0.02148  -0.02117  -0.02108
       -0.02097  -0.02076  -0.02069  -0.02011  -0.01981  -0.01968  -0.01950  -0.01941  -0.01937
       -0.01915  -0.01898  -0.01891  -0.01889  -0.01874  -0.01869  -0.01856  -0.01843  -0.01842
       -0.01832  -0.01822  -0.01814  -0.01805  -0.01762  -0.01739  -0.01726  -0.01716  -0.01693
       -0.01683  -0.01626  -0.01622  -0.01609  -0.01597  -0.01587  -0.01556  -0.01541  -0.01538
       -0.01535  -0.01527  -0.01507  -0.01502  -0.01493  -0.01479  -0.01471  -0.01468  -0.01453
       -0.01436  -0.01431  -0.01423  -0.01418  -0.01400  -0.01384  -0.01364  -0.01351  -0.01324
       -0.01296  -0.01290  -0.01281  -0.01276  -0.01270  -0.01246  -0.01236  -0.01236  -0.01227
       -0.01212  -0.01204  -0.01174  -0.01168  -0.01159  -0.01147  -0.01146  -0.01134  -0.01126
       -0.01115  -0.01099  -0.01085  -0.01082  -0.01073  -0.01063  -0.01046  -0.01038  -0.01032
       -0.01025  -0.01018  -0.01012  -0.01008  -0.01000  -0.00996  -0.00990  -0.00978  -0.00969
       -0.00969  -0.00959  -0.00950  -0.00939  -0.00933  -0.00928  -0.00914  -0.00911  -0.00909
       -0.00900  -0.00892  -0.00886  -0.00884  -0.00873  -0.00869  -0.00860  -0.00855  -0.00852
       -0.00845  -0.00834  -0.00828  -0.00828  -0.00821  -0.00809  -0.00806  -0.00798  -0.00793
       -0.00787  -0.00778  -0.00771  -0.00767  -0.00766  -0.00761  -0.00755  -0.00750  -0.00747
       -0.00740  -0.00737  -0.00735  -0.00726  -0.00722  -0.00709  -0.00704  -0.00697  -0.00694
       -0.00691  -0.00688  -0.00680  -0.00670  -0.00662  -0.00656  -0.00654  -0.00650  -0.00642
       -0.00635  -0.00633  -0.00631  -0.00621  -0.00618  -0.00612  -0.00609  -0.00603  -0.00600
       -0.00593  -0.00589  -0.00583  -0.00577  -0.00577  -0.00569  -0.00566  -0.00562  -0.00557
       -0.00553  -0.00548  -0.00542  -0.00534  -0.00531  -0.00528  -0.00525  -0.00522  -0.00519
       -0.00515  -0.00512  -0.00508  -0.00506  -0.00500  -0.00498  -0.00496  -0.00494  -0.00489
       -0.00485  -0.00479  -0.00473  -0.00469  -0.00467  -0.00464  -0.00461  -0.00457  -0.00451
       -0.00446  -0.00444  -0.00441  -0.00437  -0.00435  -0.00428  -0.00427  -0.00425  -0.00420
       -0.00416  -0.00413  -0.00406  -0.00405  -0.00402  -0.00395  -0.00395  -0.00389  -0.00387
       -0.00382  -0.00381  -0.00377  -0.00371  -0.00368  -0.00366  -0.00364  -0.00359  -0.00357
       -0.00354  -0.00351  -0.00348  -0.00347  -0.00346  -0.00342  -0.00338  -0.00336  -0.00333
       -0.00328  -0.00325  -0.00320  -0.00316  -0.00315  -0.00312  -0.00310  -0.00309  -0.00306
       -0.00301  -0.00299  -0.00298  -0.00295  -0.00291  -0.00287  -0.00286  -0.00285  -0.00283
       -0.00278  -0.00275  -0.00271  -0.00267  -0.00262  -0.00258  -0.00254  -0.00253  -0.00251
       -0.00249  -0.00246  -0.00243  -0.00243  -0.00239  -0.00235  -0.00231  -0.00228  -0.00227
       -0.00224  -0.00223  -0.00217  -0.00214  -0.00211  -0.00210  -0.00209  -0.00207  -0.00206
       -0.00198  -0.00197  -0.00194  -0.00191  -0.00189  -0.00187  -0.00184  -0.00180  -0.00178
       -0.00177  -0.00170  -0.00165  -0.00157
        
     --------------------------------------------------------------------------------------------
     Tot. elapsed time 47.4s,  time spent in last iteration 47.4s
     --------------------------------------------------------------------------------------------

     [I/O] -------------------------------------------------------
     [I/O] RESTART written in < 00.1s             
     [I/O] In location   : ./cl2_20_400.wstat.restart
     [I/O] -------------------------------------------------------

                       *----------*              *----------*               *----------*
     #     Iteration = |        1 |   DFPT_dim = |      400 |   Diago_dim = |      800 |
                       *----------*              *----------*               *----------*
       
     --------------------------------------------------------------------------------------------
     Applying projection operator formed by dvg                          
     --------------------------------------------------------------------------------------------
     per-process dynamical memory   194.7 Mb
  
       
     --------------------------------------------------------------------------------------------
     Sternheimer eq. solver... with threshold =   1.000000E-12           
     --------------------------------------------------------------------------------------------
     in progress... |#                   | 005% :               00.9s (E)               18.0s (X)
     in progress... |##                  | 010% :               01.7s (E)               17.9s (X)
     in progress... |###                 | 015% :               02.6s (E)               17.9s (X)
     in progress... |####                | 020% :               03.5s (E)               17.9s (X)
     in progress... |#####               | 025% :               04.4s (E)               17.9s (X)
     in progress... |######              | 030% :               05.3s (E)               17.9s (X)
     in progress... |#######             | 035% :               06.2s (E)               17.8s (X)
     in progress... |########            | 040% :               07.1s (E)               17.8s (X)
     in progress... |#########           | 045% :               08.0s (E)               17.8s (X)
     in progress... |##########          | 050% :               08.9s (E)               17.8s (X)
     in progress... |###########         | 055% :               09.8s (E)               17.8s (X)
     in progress... |############        | 060% :               10.7s (E)               17.8s (X)
     in progress... |#############       | 065% :               11.5s (E)               17.8s (X)
     in progress... |##############      | 070% :               12.4s (E)               17.8s (X)
     in progress... |###############     | 075% :               13.3s (E)               17.8s (X)
     in progress... |################    | 080% :               14.2s (E)               17.8s (X)
     in progress... |#################   | 085% :               15.1s (E)               17.8s (X)
     in progress... |##################  | 090% :               16.0s (E)               17.8s (X)
     in progress... |################### | 095% :               16.9s (E)               17.8s (X)
     in progress... |####################| 100% :               17.8s (E)               17.8s (X)
       
     --------------------------------------------------------------------------------------------
     Applying projection operator formed by dvg                          
     --------------------------------------------------------------------------------------------
     --------------------------------------------------------------------------------------------
     p-DIAGOX done in 00.4s with a SCALAPACK grid (12x12)
     --------------------------------------------------------------------------------------------
        
       -0.19954  -0.19735  -0.19664  -0.18324  -0.16457  -0.16395  -0.15926  -0.15871  -0.15690
       -0.15671  -0.15424  -0.15402  -0.13976  -0.13004  -0.12927  -0.12539  -0.12020  -0.11737
       -0.11719  -0.10878  -0.10830  -0.10345  -0.10264  -0.09913  -0.09841  -0.09670  -0.08204
       -0.07672  -0.07347  -0.07346  -0.07300  -0.07279  -0.07238  -0.07224  -0.07147  -0.07135
       -0.07107  -0.07100  -0.06925  -0.06915  -0.06440  -0.06429  -0.06395  -0.06199  -0.06192
       -0.05507  -0.05500  -0.05495  -0.05485  -0.05469  -0.05429  -0.05402  -0.05254  -0.05061
       -0.05047  -0.04956  -0.04951  -0.04944  -0.04933  -0.04881  -0.04456  -0.04363  -0.04360
       -0.04054  -0.04046  -0.03959  -0.03800  -0.03790  -0.03713  -0.03709  -0.03630  -0.03623
       -0.03607  -0.03604  -0.03600  -0.03567  -0.03565  -0.03512  -0.03509  -0.03487  -0.03485
       -0.03388  -0.03383  -0.03261  -0.03253  -0.03251  -0.03245  -0.03238  -0.03154  -0.03147
       -0.03090  -0.03009  -0.03008  -0.02898  -0.02896  -0.02837  -0.02833  -0.02814  -0.02791
       -0.02789  -0.02743  -0.02742  -0.02649  -0.02646  -0.02644  -0.02641  -0.02614  -0.02571
       -0.02567  -0.02533  -0.02532  -0.02420  -0.02384  -0.02383  -0.02267  -0.02260  -0.02230
       -0.02228  -0.02204  -0.02201  -0.02157  -0.02117  -0.02115  -0.02074  -0.02070  -0.02059
       -0.02057  -0.02041  -0.02037  -0.02034  -0.01999  -0.01998  -0.01975  -0.01972  -0.01971
       -0.01969  -0.01966  -0.01955  -0.01953  -0.01938  -0.01936  -0.01883  -0.01882  -0.01847
       -0.01846  -0.01820  -0.01806  -0.01805  -0.01745  -0.01743  -0.01741  -0.01694  -0.01694
       -0.01680  -0.01676  -0.01671  -0.01670  -0.01668  -0.01667  -0.01655  -0.01651  -0.01650
       -0.01644  -0.01643  -0.01613  -0.01611  -0.01565  -0.01564  -0.01563  -0.01551  -0.01551
       -0.01494  -0.01492  -0.01464  -0.01462  -0.01461  -0.01459  -0.01456  -0.01455  -0.01453
       -0.01420  -0.01412  -0.01412  -0.01404  -0.01375  -0.01374  -0.01366  -0.01366  -0.01331
       -0.01329  -0.01307  -0.01306  -0.01295  -0.01295  -0.01276  -0.01274  -0.01244  -0.01215
       -0.01213  -0.01210  -0.01207  -0.01205  -0.01203  -0.01194  -0.01190  -0.01172  -0.01169
       -0.01168  -0.01166  -0.01165  -0.01162  -0.01162  -0.01157  -0.01156  -0.01155  -0.01154
       -0.01152  -0.01151  -0.01134  -0.01133  -0.01129  -0.01111  -0.01109  -0.01095  -0.01094
       -0.01084  -0.01081  -0.01080  -0.01078  -0.01077  -0.01060  -0.01058  -0.01050  -0.01048
       -0.01028  -0.01027  -0.01013  -0.01013  -0.01010  -0.01009  -0.01003  -0.01001  -0.00998
       -0.00989  -0.00987  -0.00981  -0.00980  -0.00979  -0.00977  -0.00974  -0.00971  -0.00963
       -0.00961  -0.00954  -0.00952  -0.00950  -0.00949  -0.00947  -0.00939  -0.00916  -0.00914
       -0.00909  -0.00906  -0.00904  -0.00903  -0.00899  -0.00892  -0.00889  -0.00855  -0.00852
       -0.00850  -0.00849  -0.00849  -0.00844  -0.00841  -0.00839  -0.00836  -0.00834  -0.00829
       -0.00814  -0.00812  -0.00812  -0.00806  -0.00803  -0.00799  -0.00793  -0.00791  -0.00787
       -0.00783  -0.00776  -0.00770  -0.00764  -0.00760  -0.00753  -0.00749  -0.00746  -0.00745
       -0.00741  -0.00736  -0.00734  -0.00726  -0.00725  -0.00723  -0.00723  -0.00721  -0.00720
       -0.00717  -0.00716  -0.00716  -0.00712  -0.00709  -0.00705  -0.00703  -0.00702  -0.00696
       -0.00694  -0.00692  -0.00690  -0.00688  -0.00687  -0.00683  -0.00682  -0.00681  -0.00678
       -0.00676  -0.00673  -0.00672  -0.00668  -0.00665  -0.00664  -0.00663  -0.00656  -0.00651
       -0.00648  -0.00641  -0.00640  -0.00638  -0.00636  -0.00632  -0.00629  -0.00628  -0.00627
       -0.00626  -0.00622  -0.00618  -0.00617  -0.00614  -0.00613  -0.00610  -0.00609  -0.00606
       -0.00602  -0.00599  -0.00598  -0.00594  -0.00590  -0.00587  -0.00582  -0.00579  -0.00576
       -0.00572  -0.00567  -0.00567  -0.00565  -0.00561  -0.00559  -0.00558  -0.00554  -0.00550
       -0.00549  -0.00549  -0.00543  -0.00540  -0.00539  -0.00537  -0.00535  -0.00533  -0.00532
       -0.00529  -0.00525  -0.00523  -0.00521  -0.00519  -0.00517  -0.00517  -0.00515  -0.00510
       -0.00509  -0.00505  -0.00503  -0.00500  -0.00500  -0.00496  -0.00495  -0.00494  -0.00492
       -0.00489  -0.00485  -0.00484  -0.00478
        
     --------------------------------------------------------------------------------------------
     Tot. elapsed time 01m-31.3s,  time spent in last iteration 29.8s
     --------------------------------------------------------------------------------------------

     [I/O] -------------------------------------------------------
     [I/O] RESTART written in < 00.1s             
     [I/O] In location   : ./cl2_20_400.wstat.restart
     [I/O] -------------------------------------------------------

                       *----------*              *----------*               *----------*
     #     Iteration = |        2 |   DFPT_dim = |      303 |   Diago_dim = |     1103 |
                       *----------*              *----------*               *----------*
       
     --------------------------------------------------------------------------------------------
     Applying projection operator formed by dvg                          
     --------------------------------------------------------------------------------------------
     per-process dynamical memory   195.3 Mb
  
       
     --------------------------------------------------------------------------------------------
     Sternheimer eq. solver... with threshold =   1.000000E-12           
     --------------------------------------------------------------------------------------------
     in progress... |#                   | 005% :               00.8s (E)               17.8s (X)
     in progress... |##                  | 010% :               01.7s (E)               17.7s (X)
     in progress... |###                 | 015% :               02.2s (E)               14.7s (X)
     in progress... |####                | 020% :               03.1s (E)               15.5s (X)
     in progress... |#####               | 025% :               03.5s (E)               14.1s (X)
     in progress... |######              | 030% :               04.4s (E)               14.7s (X)
     in progress... |#######             | 035% :               04.8s (E)               13.9s (X)
     in progress... |########            | 040% :               05.7s (E)               14.3s (X)
     in progress... |#########           | 045% :               06.1s (E)               13.7s (X)
     in progress... |##########          | 050% :               07.0s (E)               14.1s (X)
     in progress... |###########         | 055% :               07.9s (E)               14.4s (X)
     in progress... |############        | 060% :               08.4s (E)               14.0s (X)
     in progress... |#############       | 065% :               09.2s (E)               14.3s (X)
     in progress... |##############      | 070% :               09.7s (E)               13.9s (X)
     in progress... |###############     | 075% :               10.6s (E)               14.1s (X)
     in progress... |################    | 080% :               11.0s (E)               13.8s (X)
     in progress... |#################   | 085% :               11.9s (E)               14.0s (X)
     in progress... |##################  | 090% :               12.3s (E)               13.7s (X)
     in progress... |################### | 095% :               13.2s (E)               13.9s (X)
     in progress... |####################| 100% :               13.7s (E)               13.7s (X)
       
     --------------------------------------------------------------------------------------------
     Applying projection operator formed by dvg                          
     --------------------------------------------------------------------------------------------
     --------------------------------------------------------------------------------------------
     p-DIAGOX done in 00.6s with a SCALAPACK grid (12x12)
     --------------------------------------------------------------------------------------------
        
       -0.19954  -0.19735  -0.19664  -0.18324  -0.16457  -0.16395  -0.15926  -0.15871  -0.15690
       -0.15671  -0.15424  -0.15402  -0.13976  -0.13004  -0.12927  -0.12539  -0.12020  -0.11737
       -0.11719  -0.10878  -0.10830  -0.10345  -0.10264  -0.09913  -0.09841  -0.09670  -0.08204
       -0.07672  -0.07347  -0.07346  -0.07300  -0.07279  -0.07238  -0.07224  -0.07147  -0.07135
       -0.07107  -0.07100  -0.06925  -0.06915  -0.06441  -0.06429  -0.06395  -0.06199  -0.06192
       -0.05507  -0.05500  -0.05495  -0.05485  -0.05469  -0.05429  -0.05402  -0.05254  -0.05061
       -0.05048  -0.04956  -0.04951  -0.04944  -0.04933  -0.04881  -0.04456  -0.04363  -0.04360
       -0.04054  -0.04046  -0.03959  -0.03800  -0.03790  -0.03713  -0.03709  -0.03630  -0.03624
       -0.03607  -0.03604  -0.03600  -0.03567  -0.03566  -0.03512  -0.03509  -0.03487  -0.03485
       -0.03388  -0.03384  -0.03261  -0.03253  -0.03251  -0.03245  -0.03238  -0.03154  -0.03147
       -0.03090  -0.03009  -0.03008  -0.02898  -0.02897  -0.02837  -0.02833  -0.02814  -0.02792
       -0.02789  -0.02744  -0.02743  -0.02650  -0.02647  -0.02644  -0.02642  -0.02615  -0.02571
       -0.02567  -0.02534  -0.02533  -0.02421  -0.02385  -0.02384  -0.02268  -0.02261  -0.02231
       -0.02229  -0.02205  -0.02202  -0.02158  -0.02118  -0.02116  -0.02076  -0.02072  -0.02060
       -0.02058  -0.02043  -0.02038  -0.02035  -0.02000  -0.01999  -0.01976  -0.01973  -0.01972
       -0.01970  -0.01968  -0.01956  -0.01955  -0.01939  -0.01938  -0.01885  -0.01883  -0.01849
       -0.01848  -0.01824  -0.01809  -0.01807  -0.01747  -0.01745  -0.01744  -0.01697  -0.01696
       -0.01682  -0.01678  -0.01674  -0.01673  -0.01671  -0.01670  -0.01657  -0.01655  -0.01653
       -0.01647  -0.01647  -0.01616  -0.01614  -0.01567  -0.01567  -0.01566  -0.01555  -0.01555
       -0.01499  -0.01498  -0.01470  -0.01466  -0.01465  -0.01463  -0.01461  -0.01460  -0.01457
       -0.01426  -0.01417  -0.01417  -0.01413  -0.01381  -0.01380  -0.01373  -0.01371  -0.01337
       -0.01335  -0.01314  -0.01313  -0.01304  -0.01303  -0.01283  -0.01282  -0.01251  -0.01220
       -0.01219  -0.01217  -0.01216  -0.01211  -0.01211  -0.01204  -0.01202  -0.01182  -0.01182
       -0.01174  -0.01173  -0.01173  -0.01169  -0.01169  -0.01164  -0.01163  -0.01163  -0.01163
       -0.01162  -0.01162  -0.01146  -0.01146  -0.01142  -0.01120  -0.01119  -0.01106  -0.01104
       -0.01095  -0.01094  -0.01093  -0.01093  -0.01091  -0.01072  -0.01071  -0.01065  -0.01064
       -0.01039  -0.01038  -0.01024  -0.01024  -0.01022  -0.01022  -0.01016  -0.01016  -0.01011
       -0.01002  -0.01002  -0.00996  -0.00995  -0.00993  -0.00993  -0.00986  -0.00985  -0.00979
       -0.00979  -0.00967  -0.00967  -0.00967  -0.00967  -0.00966  -0.00961  -0.00931  -0.00930
       -0.00926  -0.00926  -0.00925  -0.00921  -0.00921  -0.00916  -0.00916  -0.00881  -0.00870
       -0.00870  -0.00869  -0.00869  -0.00863  -0.00862  -0.00862  -0.00861  -0.00857  -0.00857
       -0.00839  -0.00833  -0.00833  -0.00828  -0.00827  -0.00820  -0.00820  -0.00817  -0.00815
       -0.00809  -0.00801  -0.00800  -0.00788  -0.00788  -0.00784  -0.00783  -0.00769  -0.00769
       -0.00766  -0.00760  -0.00760  -0.00749  -0.00749  -0.00748  -0.00748  -0.00744  -0.00744
       -0.00743  -0.00740  -0.00740  -0.00740  -0.00739  -0.00739  -0.00738  -0.00729  -0.00728
       -0.00726  -0.00725  -0.00724  -0.00724  -0.00724  -0.00723  -0.00722  -0.00721  -0.00717
       -0.00716  -0.00715  -0.00713  -0.00713  -0.00712  -0.00695  -0.00695  -0.00689  -0.00689
       -0.00685  -0.00684  -0.00672  -0.00671  -0.00667  -0.00666  -0.00665  -0.00664  -0.00664
       -0.00662  -0.00661  -0.00658  -0.00657  -0.00656  -0.00655  -0.00652  -0.00652  -0.00650
       -0.00650  -0.00649  -0.00649  -0.00648  -0.00648  -0.00640  -0.00639  -0.00617  -0.00616
       -0.00615  -0.00614  -0.00613  -0.00612  -0.00611  -0.00608  -0.00607  -0.00606  -0.00605
       -0.00604  -0.00596  -0.00596  -0.00591  -0.00590  -0.00588  -0.00587  -0.00585  -0.00583
       -0.00575  -0.00575  -0.00574  -0.00574  -0.00572  -0.00572  -0.00571  -0.00570  -0.00570
       -0.00569  -0.00568  -0.00568  -0.00567  -0.00564  -0.00558  -0.00555  -0.00553  -0.00551
       -0.00550  -0.00547  -0.00546  -0.00541
        
     --------------------------------------------------------------------------------------------
     Tot. elapsed time 02m-12.8s,  time spent in last iteration 27.5s
     --------------------------------------------------------------------------------------------

     [I/O] -------------------------------------------------------
     [I/O] RESTART written in < 00.1s             
     [I/O] In location   : ./cl2_20_400.wstat.restart
     [I/O] -------------------------------------------------------

                       *----------*              *----------*               *----------*
     #     Iteration = |        3 |   DFPT_dim = |       20 |   Diago_dim = |     1123 |
                       *----------*              *----------*               *----------*
       
     --------------------------------------------------------------------------------------------
     Applying projection operator formed by dvg                          
     --------------------------------------------------------------------------------------------
     per-process dynamical memory   189.9 Mb
  
       
     --------------------------------------------------------------------------------------------
     Sternheimer eq. solver... with threshold =   1.000000E-12           
     --------------------------------------------------------------------------------------------
     in progress... |##########          | 050% :               00.4s (E)               00.8s (X)
     in progress... |####################| 100% :               00.8s (E)               00.8s (X)
       
     --------------------------------------------------------------------------------------------
     Applying projection operator formed by dvg                          
     --------------------------------------------------------------------------------------------
     --------------------------------------------------------------------------------------------
     p-DIAGOX done in 00.6s with a SCALAPACK grid (12x12)
     --------------------------------------------------------------------------------------------
        
       -0.19954  -0.19735  -0.19664  -0.18324  -0.16457  -0.16395  -0.15926  -0.15871  -0.15690
       -0.15671  -0.15424  -0.15402  -0.13976  -0.13004  -0.12927  -0.12539  -0.12020  -0.11737
       -0.11719  -0.10878  -0.10830  -0.10345  -0.10264  -0.09913  -0.09841  -0.09670  -0.08204
       -0.07672  -0.07347  -0.07346  -0.07300  -0.07279  -0.07238  -0.07224  -0.07147  -0.07135
       -0.07107  -0.07100  -0.06925  -0.06915  -0.06441  -0.06429  -0.06395  -0.06199  -0.06192
       -0.05507  -0.05500  -0.05495  -0.05485  -0.05469  -0.05429  -0.05402  -0.05254  -0.05061
       -0.05048  -0.04956  -0.04951  -0.04944  -0.04933  -0.04881  -0.04456  -0.04363  -0.04360
       -0.04054  -0.04046  -0.03959  -0.03800  -0.03790  -0.03713  -0.03709  -0.03630  -0.03624
       -0.03607  -0.03604  -0.03600  -0.03567  -0.03566  -0.03512  -0.03509  -0.03487  -0.03485
       -0.03388  -0.03384  -0.03261  -0.03253  -0.03251  -0.03245  -0.03238  -0.03154  -0.03147
       -0.03090  -0.03009  -0.03008  -0.02898  -0.02897  -0.02837  -0.02833  -0.02814  -0.02792
       -0.02789  -0.02744  -0.02743  -0.02650  -0.02647  -0.02644  -0.02642  -0.02615  -0.02571
       -0.02567  -0.02534  -0.02533  -0.02421  -0.02385  -0.02384  -0.02268  -0.02261  -0.02231
       -0.02229  -0.02205  -0.02202  -0.02158  -0.02118  -0.02116  -0.02076  -0.02072  -0.02060
       -0.02058  -0.02043  -0.02038  -0.02035  -0.02000  -0.01999  -0.01976  -0.01973  -0.01972
       -0.01970  -0.01968  -0.01956  -0.01955  -0.01939  -0.01938  -0.01885  -0.01883  -0.01849
       -0.01848  -0.01824  -0.01809  -0.01807  -0.01747  -0.01745  -0.01744  -0.01697  -0.01696
       -0.01682  -0.01678  -0.01674  -0.01673  -0.01671  -0.01670  -0.01657  -0.01655  -0.01653
       -0.01647  -0.01647  -0.01616  -0.01614  -0.01567  -0.01567  -0.01566  -0.01555  -0.01555
       -0.01499  -0.01498  -0.01470  -0.01466  -0.01465  -0.01463  -0.01461  -0.01460  -0.01457
       -0.01426  -0.01417  -0.01417  -0.01413  -0.01381  -0.01380  -0.01373  -0.01371  -0.01337
       -0.01335  -0.01314  -0.01313  -0.01304  -0.01303  -0.01283  -0.01282  -0.01251  -0.01220
       -0.01219  -0.01217  -0.01216  -0.01211  -0.01211  -0.01204  -0.01202  -0.01182  -0.01182
       -0.01174  -0.01173  -0.01173  -0.01169  -0.01169  -0.01164  -0.01163  -0.01163  -0.01163
       -0.01162  -0.01162  -0.01146  -0.01146  -0.01142  -0.01120  -0.01119  -0.01106  -0.01104
       -0.01096  -0.01094  -0.01093  -0.01093  -0.01091  -0.01072  -0.01071  -0.01065  -0.01065
       -0.01039  -0.01038  -0.01025  -0.01024  -0.01022  -0.01022  -0.01017  -0.01016  -0.01011
       -0.01003  -0.01002  -0.00996  -0.00995  -0.00993  -0.00993  -0.00986  -0.00985  -0.00979
       -0.00979  -0.00968  -0.00967  -0.00967  -0.00967  -0.00966  -0.00961  -0.00931  -0.00930
       -0.00926  -0.00926  -0.00925  -0.00921  -0.00921  -0.00916  -0.00916  -0.00881  -0.00870
       -0.00870  -0.00869  -0.00869  -0.00863  -0.00862  -0.00862  -0.00861  -0.00857  -0.00857
       -0.00839  -0.00833  -0.00833  -0.00828  -0.00828  -0.00820  -0.00820  -0.00818  -0.00815
       -0.00809  -0.00801  -0.00801  -0.00788  -0.00788  -0.00784  -0.00783  -0.00769  -0.00769
       -0.00766  -0.00760  -0.00760  -0.00749  -0.00749  -0.00749  -0.00748  -0.00744  -0.00744
       -0.00743  -0.00740  -0.00740  -0.00740  -0.00739  -0.00739  -0.00739  -0.00729  -0.00728
       -0.00726  -0.00725  -0.00724  -0.00724  -0.00724  -0.00724  -0.00722  -0.00722  -0.00717
       -0.00716  -0.00715  -0.00713  -0.00713  -0.00712  -0.00695  -0.00695  -0.00689  -0.00689
       -0.00686  -0.00685  -0.00672  -0.00671  -0.00668  -0.00666  -0.00666  -0.00665  -0.00665
       -0.00663  -0.00662  -0.00658  -0.00657  -0.00656  -0.00655  -0.00653  -0.00652  -0.00650
       -0.00650  -0.00649  -0.00649  -0.00648  -0.00648  -0.00640  -0.00639  -0.00617  -0.00616
       -0.00616  -0.00615  -0.00614  -0.00613  -0.00612  -0.00609  -0.00608  -0.00608  -0.00606
       -0.00605  -0.00597  -0.00596  -0.00592  -0.00591  -0.00589  -0.00588  -0.00586  -0.00584
       -0.00579  -0.00579  -0.00578  -0.00577  -0.00577  -0.00576  -0.00575  -0.00574  -0.00574
       -0.00573  -0.00573  -0.00573  -0.00572  -0.00572  -0.00562  -0.00558  -0.00558  -0.00555
       -0.00554  -0.00551  -0.00551  -0.00547
        
     --------------------------------------------------------------------------------------------
     Tot. elapsed time 02m-34.2s,  time spent in last iteration 07.2s
     --------------------------------------------------------------------------------------------
       
     --------------------------------------------------------------------------------------------
     Convergence achieved !!! in        3 steps                          
     --------------------------------------------------------------------------------------------
      
     --------------------------------------------------------------------------------------------
     Database written in < 00.1s             
     In location : ./cl2_20_400.wstat.save
     --------------------------------------------------------------------------------------------
 
     WSTAT        :  3m15.10s CPU     5m18.88s WALL

     wstat_readin :      6.50s CPU     40.19s WALL (       1 calls)
     fetch_nml    :      0.01s CPU      0.02s WALL (       1 calls)
     read_xml     :      1.26s CPU      1.66s WALL (       1 calls)
     init_vloc    :      0.05s CPU      0.05s WALL (       2 calls)
     fft          :      0.25s CPU      0.30s WALL (      11 calls)
     fft_scatter  :     19.07s CPU     19.13s WALL (    5553 calls)
     v_of_rho     :      0.29s CPU      0.31s WALL (       1 calls)
     v_xc         :      0.26s CPU      0.28s WALL (       1 calls)
     v_h          :      0.03s CPU      0.03s WALL (       1 calls)
     read_wave    :      5.22s CPU     38.36s WALL (       1 calls)
     davcio       :      0.00s CPU      1.41s WALL (       2 calls)
     init_us_1    :      0.05s CPU      0.05s WALL (       2 calls)
     do_setup     :      0.17s CPU      0.18s WALL (       1 calls)
     init_pw_ar   :      0.17s CPU      0.18s WALL (       1 calls)
     init_at_1    :      0.00s CPU      0.00s WALL (       1 calls)
     storesqvc    :      0.01s CPU      0.01s WALL (       1 calls)
     chidiago     :     58.09s CPU     80.68s WALL (       1 calls)
     randomize    :      0.95s CPU      0.98s WALL (       2 calls)
     paramgs      :     12.81s CPU     12.95s WALL (      12 calls)
     dfpt         :    109.03s CPU    109.84s WALL (      11 calls)
     init_us_2    :      0.03s CPU      0.03s WALL (      11 calls)
     fftw         :     51.65s CPU     51.95s WALL (    5542 calls)
     alphapc      :      0.35s CPU      0.36s WALL (     164 calls)
     wstat_restar :     25.19s CPU     86.12s WALL (       9 calls)
     linstern     :     55.99s CPU     56.33s WALL (     122 calls)
     stern        :     43.96s CPU     44.17s WALL (    3316 calls)
     h_psi_bgrp   :     35.48s CPU     35.69s WALL (     418 calls)
     h_psi        :     35.48s CPU     35.68s WALL (     418 calls)
     h_psi:pot    :     35.25s CPU     35.47s WALL (     418 calls)
     vloc_psi     :     33.46s CPU     33.67s WALL (     418 calls)
     h_psi:calbec :      1.14s CPU      1.04s WALL (     418 calls)
     calbec       :      1.14s CPU      1.04s WALL (     418 calls)
     add_vuspsi   :      0.64s CPU      0.76s WALL (     418 calls)
     alphapv      :      4.78s CPU      4.75s WALL (    3316 calls)
     build_hr     :      7.17s CPU      7.37s WALL (       9 calls)
     diagox       :      2.22s CPU      2.49s WALL (       9 calls)
     redistr_vr   :      0.27s CPU      0.29s WALL (       7 calls)
     update_vr    :     11.74s CPU     12.07s WALL (       7 calls)
     symm_hr      :      0.28s CPU      0.29s WALL (       7 calls)
     chidiago:las :      0.13s CPU      0.14s WALL (       2 calls)
     refresh_vr   :      4.45s CPU      4.54s WALL (       4 calls)
     pdep_db      :      0.60s CPU      1.91s WALL (       1 calls)
     kinchidiago  :    130.33s CPU    197.76s WALL (       1 calls)
     k_psi        :      1.31s CPU      1.35s WALL (    2898 calls)
     kinchidiago: :      0.00s CPU      0.00s WALL (       1 calls)
     pdep_db_for_ :     10.95s CPU     35.86s WALL (       1 calls)
 
     WSTAT        :  3m15.10s CPU     5m18.88s WALL

 
   This run was terminated on:  12: 6:46   4May2018            

=------------------------------------------------------------------------------=
   JOB DONE.
=------------------------------------------------------------------------------=
