
     Program WSTAT v. 2.0.0 starts on  4May2018 at 12:21:31 

     This program is part of the open-source West suite
     for massively parallel calculations of excited states in materials; please cite
         "M. Govoni et al., J. Chem. Theory Comput. 11, 2680 (2015);
          URL http://www.west-code.org", 
     in publications or presentations arising from this work.

     Based on the Quantum ESPRESSO v. 6.1 svn rev. 13369
       
     --------------------------------------------------------------------------------------------
     **MPI** Parallelization Status                                      
     --------------------------------------------------------------------------------------------
                   160                  10             1             1            16
     --------------------------------------------------------------------------------------------
                     N         =         I      X      P      X      B      X      Z
                     ^                   ^             ^             ^             ^
                     |                   |             |             |             |
                   #rnk                  |             |             |             |
                                      #image           |             |             |
                                                     #pool           |             |
                                                                   #bgrp           |
                                                                                 #R&G
     --------------------------------------------------------------------------------------------
     **OPENMP** Parallelization Status
     #thr/rnk               =            1
     --------------------------------------------------------------------------------------------
     #prc = (rnk) * (thr) =          160
     --------------------------------------------------------------------------------------------
       
     --------------------------------------------------------------------------------------------
     I/O Summary : input_west                                            
     --------------------------------------------------------------------------------------------
     qe_prefix      = cl2
     west_prefix    = cl2
     outdir         = ./
     --------------------------------------------------------------------------------------------
       
     --------------------------------------------------------------------------------------------
     I/O Summary : wstat_control                                         
     --------------------------------------------------------------------------------------------
     wstat_calculation              =              S
     n_pdep_eigen                   =            420
     n_kin_pdep_eigen               =              0
     n_lindhard_eigen               =              0
     n_pdep_times                   =              4
     n_pdep_maxiter                 =            100
     n_dfpt_maxiter                 =            250
     n_pdep_read_from_file          =              0
     trev_pdep                      =   1.000000E-03
     trev_pdep_rel                  =   1.000000E-01
     tr2_dfpt                       =   1.000000E-12
     l_kinetic_only                 =              F
     l_minimize_exx_if_active       =              F
     l_use_ecutrho                  =              F
     l_pure_eigen                   =              F
     --------------------------------------------------------------------------------------------

     Reading data from directory:
     ./cl2.save

   Info: using nr1, nr2, nr3 values from input

   Info: using nr1, nr2, nr3 values from input

     IMPORTANT: XC functional enforced from input :
     Exchange-correlation      = PBE ( 1  4  3  4 0 0)
     Any further DFT definition will be discarded
     Please, verify this is what you really want

     Message from routine readpp:
     file ./cl2.save/Cl_ONCV_PBE-1.0.upf not found
 
     Parallelization info
     --------------------
     sticks:   dense  smooth     PW     G-vecs:    dense   smooth      PW
     Min        1520    1520    379               178660   178660   22323
     Max        1522    1522    384               178666   178666   22328
     Sum       24345   24345   6093              2858633  2858633  357213
 
       
     --------------------------------------------------------------------------------------------
     System Overview                                                     
     --------------------------------------------------------------------------------------------
     gamma_only           =              T
     ecutwfc [Ry]         =      85.000000
     omega [au^3]         =   2.700000E+04
     glob. #G             =         178607
     nbnd                 =            100
     nkstot               =              1
     nspin                =              1
     nelec                =      14.000000
     npol                 =              1
     lsda                 =              F
     noncolin             =              F
     lspinorb             =              F
     domag                =              F
     --------------------------------------------------------------------------------------------

     sFFT G-space:  1429317 G-vectors     R-space: ( 180, 180, 180)
     dFFT G-space:  1429317 G-vectors     R-space: ( 180, 180, 180)

     Cell [a.u.]          =      30.000000      0.000000      0.000000
                          =       0.000000     30.000000      0.000000
                          =       0.000000      0.000000     30.000000
      
     number of ks points=     1
                       cart. coord. in units 2pi/alat
        k(    1) = (   0.0000000   0.0000000   0.0000000), wk =   2.0000000

                       cryst. coord.
        k(    1) = (   0.0000000   0.0000000   0.0000000), wk =   2.0000000
 
     Spherical div        =   1.654268E-01
     Orthorombic div      =   1.628502E-01
       
     --------------------------------------------------------------------------------------------
     Parallelization for nvecx                                           
     --------------------------------------------------------------------------------------------
     nglob                =           1680
     nlevel               =             10
     Min nglob/nlevel     =            168
     Max nglob/nlevel     =            168
     --------------------------------------------------------------------------------------------

     [MEM] ----------------------------------------------------------
     [MEM] **Memory** analysis: QE
     [MEM] ----------------------------------------------------------
     [MEM] Allocated arrays           est. size (Mb)     dimensions
     [MEM] ----------------------------------------------------------
     [MEM] Kohn-Sham Wavefunctions      17.03 Mb     (  11164,  100)
     [MEM] NL pseudopotentials           2.73 Mb     (  11164,   16)
     [MEM] Each V/rho on FFT grid        5.93 Mb     ( 388800)
     [MEM] Each G-vector array           0.68 Mb     (  89333)
     [MEM] G-vector shells               0.05 Mb     (   6125)
     [MEM] ----------------------------------------------------------
     [MEM] TOT                          26.42 Mb
     [MEM] ----------------------------------------------------------
     [MEM] 
     [MEM] ----------------------------------------------------------
     [MEM] **Memory** analysis: WSTAT global
     [MEM] ----------------------------------------------------------
     [MEM] Allocated arrays           est. size (Mb)     dimensions
     [MEM] ----------------------------------------------------------
     [MEM] dvg                          28.62 Mb     (  11164,  168)
     [MEM] dng                          28.62 Mb     (  11164,  168)
     [MEM] hr_distr                      2.15 Mb     (   1680,  168)
     [MEM] vr_distr                      2.15 Mb     (   1680,  168)
     [MEM] ----------------------------------------------------------
     [MEM] TOT                          61.54 Mb
     [MEM] ----------------------------------------------------------
     [MEM] 
     [MEM] ----------------------------------------------------------
     [MEM] **Memory** analysis: WSTAT temporary
     [MEM] ----------------------------------------------------------
     [MEM] Allocated arrays           est. size (Mb)     dimensions
     [MEM] ----------------------------------------------------------
     [MEM] dvpsi                         1.19 Mb     (  11164,    7)
     [MEM] dpsi                          1.19 Mb     (  11164,    7)
     [MEM] ----------------------------------------------------------
     [MEM] Total estimate                2.38 Mb
     [MEM] ----------------------------------------------------------

                       *----------*              *----------*               *----------*
     #     Iteration = | starting |   DFPT_dim = |      420 |   Diago_dim = |      420 |  x 1/2
                       *----------*              *----------*               *----------*
     per-process dynamical memory   169.7 Mb
  
       
     --------------------------------------------------------------------------------------------
     Sternheimer eq. solver... with lite-solver                          
     --------------------------------------------------------------------------------------------
     in progress... |#                   | 005% :               00.7s (E)               15.3s (X)
     in progress... |##                  | 010% :               01.2s (E)               12.8s (X)
     in progress... |###                 | 015% :               01.7s (E)               11.9s (X)
     in progress... |####                | 020% :               02.2s (E)               11.4s (X)
     in progress... |#####               | 025% :               02.8s (E)               11.2s (X)
     in progress... |######              | 030% :               03.3s (E)               11.0s (X)
     in progress... |#######             | 035% :               03.8s (E)               10.9s (X)
     in progress... |########            | 040% :               04.3s (E)               10.8s (X)
     in progress... |#########           | 045% :               04.8s (E)               10.7s (X)
     in progress... |##########          | 050% :               05.3s (E)               10.6s (X)
     in progress... |###########         | 055% :               06.1s (E)               11.0s (X)
     in progress... |############        | 060% :               06.6s (E)               11.0s (X)
     in progress... |#############       | 065% :               07.1s (E)               10.9s (X)
     in progress... |##############      | 070% :               07.6s (E)               10.9s (X)
     in progress... |###############     | 075% :               08.1s (E)               10.8s (X)
     in progress... |################    | 080% :               08.6s (E)               10.8s (X)
     in progress... |#################   | 085% :               09.1s (E)               10.7s (X)
     in progress... |##################  | 090% :               09.6s (E)               10.7s (X)
     in progress... |################### | 095% :               10.1s (E)               10.7s (X)
     in progress... |####################| 100% :               10.6s (E)               10.6s (X)
     --------------------------------------------------------------------------------------------

     [I/O] -------------------------------------------------------
     [I/O] RESTART written in < 00.1s             
     [I/O] In location   : ./cl2_420.wstat.restart
     [I/O] -------------------------------------------------------

                       *----------*              *----------*               *----------*
     #     Iteration = | starting |   DFPT_dim = |      420 |   Diago_dim = |      420 |  x 2/2
                       *----------*              *----------*               *----------*
     per-process dynamical memory   172.0 Mb
  
       
     --------------------------------------------------------------------------------------------
     Sternheimer eq. solver... with threshold =   1.000000E-06           
     --------------------------------------------------------------------------------------------
     in progress... |#                   | 005% :               09.3s (E)           03m-07.9s (X)
     in progress... |##                  | 010% :               15.5s (E)           02m-35.2s (X)
     in progress... |###                 | 015% :               21.6s (E)           02m-24.0s (X)
     in progress... |####                | 020% :               27.5s (E)           02m-17.8s (X)
     in progress... |#####               | 025% :               33.5s (E)           02m-14.1s (X)
     in progress... |######              | 030% :               39.4s (E)           02m-11.3s (X)
     in progress... |#######             | 035% :               45.2s (E)           02m-09.3s (X)
     in progress... |########            | 040% :               51.1s (E)           02m-07.8s (X)
     in progress... |#########           | 045% :               56.8s (E)           02m-06.4s (X)
     in progress... |##########          | 050% :           01m-02.6s (E)           02m-05.2s (X)
     in progress... |###########         | 055% :           01m-11.1s (E)           02m-09.3s (X)
     in progress... |############        | 060% :           01m-16.7s (E)           02m-07.9s (X)
     in progress... |#############       | 065% :           01m-22.4s (E)           02m-06.7s (X)
     in progress... |##############      | 070% :           01m-28.0s (E)           02m-05.7s (X)
     in progress... |###############     | 075% :           01m-33.7s (E)           02m-04.9s (X)
     in progress... |################    | 080% :           01m-39.3s (E)           02m-04.1s (X)
     in progress... |#################   | 085% :           01m-44.9s (E)           02m-03.4s (X)
     in progress... |##################  | 090% :           01m-50.5s (E)           02m-02.8s (X)
     in progress... |################### | 095% :           01m-56.1s (E)           02m-02.2s (X)
     in progress... |####################| 100% :           02m-01.6s (E)           02m-01.6s (X)
     --------------------------------------------------------------------------------------------
     p-DIAGOX done in 00.3s with a SCALAPACK grid (12x12)
     --------------------------------------------------------------------------------------------
        
       -2.61382  -1.75423  -1.61590  -1.61589  -1.18350  -1.14783  -1.14780  -0.83721  -0.83694
       -0.83591  -0.58746  -0.58736  -0.52079  -0.42167  -0.42160  -0.41725  -0.40425  -0.40422
       -0.39356  -0.39345  -0.33737  -0.32639  -0.32634  -0.31801  -0.31792  -0.30519  -0.30513
       -0.30272  -0.29946  -0.29928  -0.29078  -0.29072  -0.25110  -0.25094  -0.24312  -0.19639
       -0.19500  -0.19480  -0.17773  -0.17760  -0.17287  -0.15561  -0.15538  -0.15448  -0.14637
       -0.14632  -0.11337  -0.11322  -0.10650  -0.10644  -0.10112  -0.10110  -0.10055  -0.10047
       -0.09721  -0.09718  -0.09607  -0.09596  -0.09333  -0.09323  -0.09025  -0.08391  -0.08385
       -0.08351  -0.08345  -0.07686  -0.07657  -0.07505  -0.07499  -0.07317  -0.07162  -0.07160
       -0.07130  -0.07122  -0.06964  -0.06945  -0.06926  -0.06788  -0.06778  -0.06150  -0.06131
       -0.06095  -0.05472  -0.05467  -0.05447  -0.04930  -0.04902  -0.04856  -0.04580  -0.04516
       -0.04498  -0.04492  -0.04481  -0.04344  -0.04343  -0.04303  -0.04300  -0.04241  -0.04237
       -0.04217  -0.04201  -0.04163  -0.04149  -0.04138  -0.04113  -0.04109  -0.03882  -0.03861
       -0.03841  -0.03820  -0.03780  -0.03541  -0.03531  -0.03460  -0.03415  -0.03405  -0.03357
       -0.03353  -0.03287  -0.03251  -0.03224  -0.03205  -0.03143  -0.03110  -0.03084  -0.03056
       -0.03019  -0.02995  -0.02982  -0.02953  -0.02921  -0.02781  -0.02764  -0.02720  -0.02686
       -0.02624  -0.02590  -0.02577  -0.02557  -0.02517  -0.02479  -0.02457  -0.02414  -0.02388
       -0.02370  -0.02334  -0.02322  -0.02297  -0.02275  -0.02229  -0.02211  -0.02159  -0.02145
       -0.02131  -0.02120  -0.02114  -0.02104  -0.02091  -0.02077  -0.02050  -0.02040  -0.02020
       -0.02007  -0.01972  -0.01954  -0.01931  -0.01927  -0.01904  -0.01896  -0.01863  -0.01847
       -0.01831  -0.01815  -0.01807  -0.01781  -0.01772  -0.01744  -0.01738  -0.01719  -0.01709
       -0.01700  -0.01678  -0.01657  -0.01653  -0.01633  -0.01622  -0.01606  -0.01587  -0.01576
       -0.01548  -0.01535  -0.01524  -0.01520  -0.01508  -0.01487  -0.01472  -0.01464  -0.01430
       -0.01422  -0.01418  -0.01384  -0.01365  -0.01353  -0.01346  -0.01328  -0.01315  -0.01303
       -0.01299  -0.01285  -0.01270  -0.01258  -0.01240  -0.01236  -0.01225  -0.01208  -0.01197
       -0.01183  -0.01175  -0.01158  -0.01153  -0.01136  -0.01131  -0.01118  -0.01113  -0.01109
       -0.01098  -0.01096  -0.01088  -0.01080  -0.01070  -0.01064  -0.01053  -0.01049  -0.01036
       -0.01028  -0.01025  -0.01019  -0.01006  -0.01001  -0.01000  -0.00992  -0.00980  -0.00978
       -0.00969  -0.00952  -0.00940  -0.00933  -0.00929  -0.00927  -0.00920  -0.00904  -0.00898
       -0.00895  -0.00883  -0.00878  -0.00875  -0.00868  -0.00863  -0.00854  -0.00840  -0.00836
       -0.00833  -0.00827  -0.00819  -0.00815  -0.00800  -0.00796  -0.00790  -0.00782  -0.00778
       -0.00771  -0.00770  -0.00755  -0.00750  -0.00747  -0.00740  -0.00738  -0.00726  -0.00718
       -0.00713  -0.00706  -0.00698  -0.00693  -0.00687  -0.00685  -0.00676  -0.00671  -0.00662
       -0.00654  -0.00648  -0.00647  -0.00637  -0.00634  -0.00630  -0.00625  -0.00621  -0.00618
       -0.00615  -0.00608  -0.00604  -0.00601  -0.00596  -0.00592  -0.00585  -0.00582  -0.00578
       -0.00575  -0.00571  -0.00565  -0.00558  -0.00551  -0.00547  -0.00543  -0.00540  -0.00532
       -0.00529  -0.00523  -0.00521  -0.00517  -0.00515  -0.00512  -0.00509  -0.00506  -0.00500
       -0.00499  -0.00491  -0.00486  -0.00482  -0.00477  -0.00476  -0.00471  -0.00468  -0.00463
       -0.00459  -0.00455  -0.00448  -0.00447  -0.00444  -0.00443  -0.00437  -0.00434  -0.00432
       -0.00428  -0.00423  -0.00421  -0.00414  -0.00408  -0.00405  -0.00402  -0.00398  -0.00396
       -0.00394  -0.00390  -0.00389  -0.00383  -0.00381  -0.00377  -0.00374  -0.00371  -0.00367
       -0.00365  -0.00360  -0.00357  -0.00352  -0.00351  -0.00345  -0.00344  -0.00340  -0.00335
       -0.00329  -0.00326  -0.00325  -0.00323  -0.00319  -0.00316  -0.00312  -0.00309  -0.00303
       -0.00303  -0.00299  -0.00294  -0.00290  -0.00290  -0.00286  -0.00285  -0.00283  -0.00281
       -0.00274  -0.00272  -0.00267  -0.00265  -0.00262  -0.00260  -0.00257  -0.00255  -0.00252
       -0.00250  -0.00249  -0.00240  -0.00235  -0.00234  -0.00230  -0.00228  -0.00227  -0.00223
       -0.00222  -0.00219  -0.00216  -0.00213  -0.00210  -0.00206  -0.00202  -0.00200  -0.00196
       -0.00194  -0.00191  -0.00190  -0.00183  -0.00178  -0.00172
        
     --------------------------------------------------------------------------------------------
     Tot. elapsed time 03m-52.9s,  time spent in last iteration 03m-52.9s
     --------------------------------------------------------------------------------------------

     [I/O] -------------------------------------------------------
     [I/O] RESTART written in < 00.1s             
     [I/O] In location   : ./cl2_420.wstat.restart
     [I/O] -------------------------------------------------------

                       *----------*              *----------*               *----------*
     #     Iteration = |        1 |   DFPT_dim = |      420 |   Diago_dim = |      840 |
                       *----------*              *----------*               *----------*
     per-process dynamical memory   165.9 Mb
  
       
     --------------------------------------------------------------------------------------------
     Sternheimer eq. solver... with threshold =   1.000000E-12           
     --------------------------------------------------------------------------------------------
     in progress... |#                   | 005% :               13.7s (E)           04m-35.9s (X)
     in progress... |##                  | 010% :               22.9s (E)           03m-49.5s (X)
     in progress... |###                 | 015% :               31.9s (E)           03m-33.2s (X)
     in progress... |####                | 020% :               41.0s (E)           03m-25.2s (X)
     in progress... |#####               | 025% :               50.1s (E)           03m-20.4s (X)
     in progress... |######              | 030% :               59.1s (E)           03m-17.2s (X)
     in progress... |#######             | 035% :           01m-08.1s (E)           03m-14.6s (X)
     in progress... |########            | 040% :           01m-17.1s (E)           03m-12.8s (X)
     in progress... |#########           | 045% :           01m-26.0s (E)           03m-11.2s (X)
     in progress... |##########          | 050% :           01m-34.9s (E)           03m-09.9s (X)
     in progress... |###########         | 055% :           01m-48.3s (E)           03m-16.9s (X)
     in progress... |############        | 060% :           01m-57.2s (E)           03m-15.4s (X)
     in progress... |#############       | 065% :           02m-06.1s (E)           03m-14.0s (X)
     in progress... |##############      | 070% :           02m-15.0s (E)           03m-12.9s (X)
     in progress... |###############     | 075% :           02m-24.0s (E)           03m-12.0s (X)
     in progress... |################    | 080% :           02m-32.9s (E)           03m-11.1s (X)
     in progress... |#################   | 085% :           02m-41.8s (E)           03m-10.3s (X)
     in progress... |##################  | 090% :           02m-50.7s (E)           03m-09.7s (X)
     in progress... |################### | 095% :           02m-59.6s (E)           03m-09.0s (X)
     in progress... |####################| 100% :           03m-08.5s (E)           03m-08.5s (X)
     --------------------------------------------------------------------------------------------
     p-DIAGOX done in 00.5s with a SCALAPACK grid (12x12)
     --------------------------------------------------------------------------------------------
        
       -2.61393  -1.77631  -1.61623  -1.61623  -1.18372  -1.14797  -1.14797  -1.00422  -0.83780
       -0.83780  -0.58803  -0.58803  -0.52167  -0.42183  -0.42182  -0.42009  -0.40479  -0.40479
       -0.39400  -0.39398  -0.33769  -0.32668  -0.32668  -0.31880  -0.31880  -0.30919  -0.30593
       -0.30593  -0.30005  -0.30005  -0.29135  -0.29135  -0.25191  -0.25191  -0.24669  -0.19699
       -0.19578  -0.19578  -0.17844  -0.17834  -0.17665  -0.15641  -0.15641  -0.15547  -0.14711
       -0.14711  -0.11736  -0.11463  -0.10733  -0.10733  -0.10160  -0.10160  -0.10092  -0.10092
       -0.09772  -0.09772  -0.09642  -0.09642  -0.09376  -0.09376  -0.09121  -0.08462  -0.08462
       -0.08411  -0.08411  -0.07818  -0.07818  -0.07579  -0.07579  -0.07404  -0.07289  -0.07289
       -0.07226  -0.07226  -0.07080  -0.07080  -0.07072  -0.06898  -0.06898  -0.06618  -0.06316
       -0.06291  -0.06291  -0.05767  -0.05616  -0.05616  -0.05076  -0.05073  -0.04771  -0.04663
       -0.04663  -0.04563  -0.04563  -0.04510  -0.04510  -0.04396  -0.04383  -0.04383  -0.04335
       -0.04335  -0.04309  -0.04309  -0.04296  -0.04296  -0.04234  -0.04234  -0.04219  -0.04004
       -0.04004  -0.03931  -0.03931  -0.03700  -0.03651  -0.03651  -0.03571  -0.03571  -0.03507
       -0.03507  -0.03405  -0.03405  -0.03375  -0.03375  -0.03342  -0.03315  -0.03315  -0.03267
       -0.03267  -0.03180  -0.03180  -0.03166  -0.03166  -0.03039  -0.02966  -0.02965  -0.02926
       -0.02926  -0.02876  -0.02791  -0.02791  -0.02777  -0.02777  -0.02710  -0.02710  -0.02599
       -0.02598  -0.02598  -0.02591  -0.02591  -0.02512  -0.02403  -0.02368  -0.02368  -0.02349
       -0.02348  -0.02315  -0.02315  -0.02275  -0.02275  -0.02267  -0.02247  -0.02247  -0.02239
       -0.02239  -0.02223  -0.02223  -0.02206  -0.02205  -0.02164  -0.02104  -0.02104  -0.02062
       -0.02060  -0.02055  -0.02054  -0.02017  -0.02017  -0.01990  -0.01990  -0.01977  -0.01920
       -0.01920  -0.01906  -0.01904  -0.01883  -0.01882  -0.01857  -0.01856  -0.01812  -0.01812
       -0.01800  -0.01788  -0.01788  -0.01784  -0.01784  -0.01777  -0.01776  -0.01747  -0.01746
       -0.01689  -0.01680  -0.01679  -0.01669  -0.01647  -0.01646  -0.01645  -0.01643  -0.01603
       -0.01602  -0.01574  -0.01572  -0.01563  -0.01561  -0.01516  -0.01515  -0.01505  -0.01492
       -0.01491  -0.01465  -0.01463  -0.01432  -0.01429  -0.01397  -0.01396  -0.01392  -0.01368
       -0.01364  -0.01345  -0.01345  -0.01344  -0.01338  -0.01337  -0.01322  -0.01319  -0.01298
       -0.01296  -0.01294  -0.01292  -0.01290  -0.01289  -0.01283  -0.01282  -0.01278  -0.01277
       -0.01272  -0.01270  -0.01257  -0.01254  -0.01240  -0.01235  -0.01234  -0.01228  -0.01227
       -0.01223  -0.01222  -0.01221  -0.01188  -0.01186  -0.01169  -0.01167  -0.01157  -0.01155
       -0.01151  -0.01144  -0.01124  -0.01121  -0.01120  -0.01119  -0.01117  -0.01114  -0.01113
       -0.01110  -0.01103  -0.01101  -0.01095  -0.01093  -0.01091  -0.01088  -0.01087  -0.01067
       -0.01066  -0.01019  -0.01017  -0.01017  -0.01014  -0.01011  -0.01008  -0.01006  -0.01001
       -0.00995  -0.00993  -0.00991  -0.00989  -0.00985  -0.00960  -0.00955  -0.00950  -0.00946
       -0.00944  -0.00941  -0.00934  -0.00931  -0.00930  -0.00927  -0.00922  -0.00918  -0.00917
       -0.00915  -0.00908  -0.00905  -0.00872  -0.00868  -0.00866  -0.00862  -0.00860  -0.00857
       -0.00852  -0.00847  -0.00846  -0.00841  -0.00816  -0.00812  -0.00810  -0.00807  -0.00805
       -0.00805  -0.00800  -0.00799  -0.00798  -0.00795  -0.00793  -0.00791  -0.00790  -0.00788
       -0.00787  -0.00783  -0.00782  -0.00780  -0.00778  -0.00776  -0.00771  -0.00769  -0.00768
       -0.00766  -0.00762  -0.00761  -0.00756  -0.00754  -0.00750  -0.00747  -0.00742  -0.00737
       -0.00735  -0.00732  -0.00725  -0.00721  -0.00718  -0.00716  -0.00714  -0.00711  -0.00708
       -0.00704  -0.00701  -0.00697  -0.00694  -0.00688  -0.00685  -0.00682  -0.00680  -0.00678
       -0.00674  -0.00673  -0.00670  -0.00669  -0.00667  -0.00666  -0.00661  -0.00659  -0.00657
       -0.00656  -0.00653  -0.00650  -0.00646  -0.00645  -0.00641  -0.00636  -0.00632  -0.00629
       -0.00627  -0.00623  -0.00620  -0.00617  -0.00615  -0.00611  -0.00610  -0.00606  -0.00603
       -0.00602  -0.00601  -0.00599  -0.00596  -0.00591  -0.00590  -0.00583  -0.00583  -0.00580
       -0.00577  -0.00575  -0.00574  -0.00572  -0.00571  -0.00567  -0.00565  -0.00563  -0.00560
       -0.00557  -0.00555  -0.00554  -0.00552  -0.00549  -0.00547
        
     --------------------------------------------------------------------------------------------
     Tot. elapsed time 08m-55.4s,  time spent in last iteration 03m-45.4s
     --------------------------------------------------------------------------------------------

     [I/O] -------------------------------------------------------
     [I/O] RESTART written in < 00.1s             
     [I/O] In location   : ./cl2_420.wstat.restart
     [I/O] -------------------------------------------------------

                       *----------*              *----------*               *----------*
     #     Iteration = |        2 |   DFPT_dim = |      357 |   Diago_dim = |     1197 |
                       *----------*              *----------*               *----------*
     per-process dynamical memory   165.9 Mb
  
       
     --------------------------------------------------------------------------------------------
     Sternheimer eq. solver... with threshold =   1.000000E-12           
     --------------------------------------------------------------------------------------------
     in progress... |#                   | 005% :               08.8s (E)           02m-56.7s (X)
     in progress... |##                  | 010% :               17.6s (E)           02m-56.2s (X)
     in progress... |###                 | 015% :               26.4s (E)           02m-56.2s (X)
     in progress... |####                | 020% :               35.2s (E)           02m-56.0s (X)
     in progress... |#####               | 025% :               39.6s (E)           02m-38.4s (X)
     in progress... |######              | 030% :               48.3s (E)           02m-41.1s (X)
     in progress... |#######             | 035% :               57.0s (E)           02m-42.9s (X)
     in progress... |########            | 040% :           01m-05.7s (E)           02m-44.4s (X)
     in progress... |#########           | 045% :           01m-14.4s (E)           02m-45.3s (X)
     in progress... |##########          | 050% :           01m-18.7s (E)           02m-37.5s (X)
     in progress... |###########         | 055% :           01m-27.5s (E)           02m-39.2s (X)
     in progress... |############        | 060% :           01m-36.2s (E)           02m-40.3s (X)
     in progress... |#############       | 065% :           01m-44.8s (E)           02m-41.3s (X)
     in progress... |##############      | 070% :           01m-53.5s (E)           02m-42.2s (X)
     in progress... |###############     | 075% :           01m-57.8s (E)           02m-37.1s (X)
     in progress... |################    | 080% :           02m-06.5s (E)           02m-38.1s (X)
     in progress... |#################   | 085% :           02m-15.2s (E)           02m-39.1s (X)
     in progress... |##################  | 090% :           02m-23.9s (E)           02m-39.9s (X)
     in progress... |################### | 095% :           02m-32.6s (E)           02m-40.6s (X)
     in progress... |####################| 100% :           02m-36.8s (E)           02m-36.8s (X)
     --------------------------------------------------------------------------------------------
     p-DIAGOX done in 00.7s with a SCALAPACK grid (12x12)
     --------------------------------------------------------------------------------------------
        
       -2.61393  -1.77631  -1.61623  -1.61623  -1.18372  -1.14797  -1.14797  -1.00422  -0.83780
       -0.83780  -0.58803  -0.58803  -0.52167  -0.42183  -0.42182  -0.42009  -0.40479  -0.40479
       -0.39400  -0.39398  -0.33769  -0.32668  -0.32668  -0.31880  -0.31880  -0.30919  -0.30593
       -0.30593  -0.30005  -0.30005  -0.29135  -0.29135  -0.25191  -0.25191  -0.24669  -0.19699
       -0.19578  -0.19578  -0.17844  -0.17834  -0.17665  -0.15641  -0.15641  -0.15547  -0.14711
       -0.14711  -0.11736  -0.11463  -0.10733  -0.10733  -0.10160  -0.10160  -0.10092  -0.10092
       -0.09772  -0.09772  -0.09642  -0.09642  -0.09376  -0.09376  -0.09121  -0.08462  -0.08462
       -0.08411  -0.08411  -0.07818  -0.07818  -0.07579  -0.07579  -0.07404  -0.07289  -0.07289
       -0.07227  -0.07227  -0.07080  -0.07080  -0.07072  -0.06898  -0.06898  -0.06618  -0.06316
       -0.06291  -0.06291  -0.05768  -0.05616  -0.05616  -0.05077  -0.05073  -0.04771  -0.04663
       -0.04663  -0.04563  -0.04563  -0.04510  -0.04510  -0.04396  -0.04384  -0.04384  -0.04335
       -0.04335  -0.04309  -0.04309  -0.04296  -0.04296  -0.04235  -0.04235  -0.04219  -0.04005
       -0.04005  -0.03931  -0.03931  -0.03701  -0.03651  -0.03651  -0.03572  -0.03572  -0.03507
       -0.03507  -0.03406  -0.03406  -0.03375  -0.03375  -0.03342  -0.03315  -0.03315  -0.03268
       -0.03268  -0.03181  -0.03181  -0.03167  -0.03167  -0.03040  -0.02967  -0.02967  -0.02927
       -0.02927  -0.02878  -0.02792  -0.02792  -0.02779  -0.02779  -0.02711  -0.02711  -0.02600
       -0.02600  -0.02600  -0.02592  -0.02592  -0.02514  -0.02406  -0.02369  -0.02369  -0.02350
       -0.02350  -0.02316  -0.02316  -0.02277  -0.02277  -0.02269  -0.02248  -0.02248  -0.02240
       -0.02240  -0.02224  -0.02224  -0.02208  -0.02208  -0.02167  -0.02106  -0.02106  -0.02064
       -0.02062  -0.02057  -0.02057  -0.02020  -0.02020  -0.01992  -0.01992  -0.01981  -0.01923
       -0.01923  -0.01909  -0.01909  -0.01885  -0.01885  -0.01860  -0.01860  -0.01815  -0.01815
       -0.01805  -0.01793  -0.01793  -0.01788  -0.01788  -0.01780  -0.01780  -0.01751  -0.01751
       -0.01695  -0.01685  -0.01685  -0.01678  -0.01652  -0.01652  -0.01649  -0.01649  -0.01610
       -0.01610  -0.01582  -0.01582  -0.01568  -0.01568  -0.01523  -0.01523  -0.01513  -0.01499
       -0.01499  -0.01475  -0.01475  -0.01440  -0.01440  -0.01405  -0.01405  -0.01403  -0.01379
       -0.01379  -0.01356  -0.01350  -0.01350  -0.01345  -0.01345  -0.01328  -0.01328  -0.01307
       -0.01307  -0.01304  -0.01304  -0.01299  -0.01299  -0.01290  -0.01290  -0.01286  -0.01286
       -0.01280  -0.01280  -0.01268  -0.01268  -0.01253  -0.01249  -0.01249  -0.01239  -0.01239
       -0.01236  -0.01233  -0.01233  -0.01198  -0.01198  -0.01181  -0.01181  -0.01169  -0.01168
       -0.01168  -0.01163  -0.01133  -0.01133  -0.01132  -0.01132  -0.01131  -0.01131  -0.01127
       -0.01127  -0.01120  -0.01120  -0.01111  -0.01111  -0.01106  -0.01106  -0.01105  -0.01083
       -0.01083  -0.01037  -0.01037  -0.01032  -0.01032  -0.01031  -0.01031  -0.01029  -0.01029
       -0.01011  -0.01011  -0.01008  -0.01006  -0.01005  -0.00989  -0.00974  -0.00974  -0.00974
       -0.00966  -0.00965  -0.00953  -0.00953  -0.00951  -0.00951  -0.00947  -0.00946  -0.00943
       -0.00943  -0.00932  -0.00932  -0.00897  -0.00893  -0.00893  -0.00891  -0.00891  -0.00889
       -0.00879  -0.00879  -0.00864  -0.00864  -0.00840  -0.00839  -0.00833  -0.00833  -0.00832
       -0.00832  -0.00829  -0.00829  -0.00827  -0.00824  -0.00824  -0.00821  -0.00820  -0.00812
       -0.00812  -0.00812  -0.00811  -0.00811  -0.00811  -0.00811  -0.00811  -0.00804  -0.00798
       -0.00798  -0.00797  -0.00797  -0.00795  -0.00795  -0.00785  -0.00784  -0.00777  -0.00777
       -0.00774  -0.00773  -0.00768  -0.00768  -0.00759  -0.00759  -0.00746  -0.00745  -0.00745
       -0.00745  -0.00744  -0.00743  -0.00743  -0.00737  -0.00736  -0.00718  -0.00718  -0.00717
       -0.00712  -0.00711  -0.00710  -0.00710  -0.00710  -0.00706  -0.00706  -0.00705  -0.00705
       -0.00702  -0.00701  -0.00692  -0.00691  -0.00687  -0.00687  -0.00684  -0.00684  -0.00675
       -0.00674  -0.00668  -0.00668  -0.00667  -0.00667  -0.00667  -0.00666  -0.00663  -0.00662
       -0.00658  -0.00656  -0.00656  -0.00649  -0.00643  -0.00641  -0.00640  -0.00640  -0.00637
       -0.00635  -0.00627  -0.00625  -0.00624  -0.00622  -0.00621  -0.00621  -0.00621  -0.00620
       -0.00619  -0.00617  -0.00616  -0.00616  -0.00615  -0.00614
        
     --------------------------------------------------------------------------------------------
     Tot. elapsed time 14m-41.2s,  time spent in last iteration 03m-12.6s
     --------------------------------------------------------------------------------------------

     [I/O] -------------------------------------------------------
     [I/O] RESTART written in < 00.1s             
     [I/O] In location   : ./cl2_420.wstat.restart
     [I/O] -------------------------------------------------------

                       *----------*              *----------*               *----------*
     #     Iteration = |        3 |   DFPT_dim = |        9 |   Diago_dim = |     1206 |
                       *----------*              *----------*               *----------*
     per-process dynamical memory   165.9 Mb
  
       
     --------------------------------------------------------------------------------------------
     Sternheimer eq. solver... with threshold =   1.000000E-12           
     --------------------------------------------------------------------------------------------
     in progress... |####################| 100% :               04.2s (E)               04.2s (X)
     --------------------------------------------------------------------------------------------
     p-DIAGOX done in 00.7s with a SCALAPACK grid (12x12)
     --------------------------------------------------------------------------------------------
        
       -2.61393  -1.77631  -1.61623  -1.61623  -1.18372  -1.14797  -1.14797  -1.00422  -0.83780
       -0.83780  -0.58803  -0.58803  -0.52167  -0.42183  -0.42182  -0.42009  -0.40479  -0.40479
       -0.39400  -0.39398  -0.33769  -0.32668  -0.32668  -0.31880  -0.31880  -0.30919  -0.30593
       -0.30593  -0.30005  -0.30005  -0.29135  -0.29135  -0.25191  -0.25191  -0.24669  -0.19699
       -0.19578  -0.19578  -0.17844  -0.17834  -0.17665  -0.15641  -0.15641  -0.15547  -0.14711
       -0.14711  -0.11736  -0.11463  -0.10733  -0.10733  -0.10160  -0.10160  -0.10092  -0.10092
       -0.09772  -0.09772  -0.09642  -0.09642  -0.09376  -0.09376  -0.09121  -0.08462  -0.08462
       -0.08411  -0.08411  -0.07818  -0.07818  -0.07579  -0.07579  -0.07404  -0.07289  -0.07289
       -0.07227  -0.07227  -0.07080  -0.07080  -0.07072  -0.06898  -0.06898  -0.06618  -0.06316
       -0.06291  -0.06291  -0.05768  -0.05616  -0.05616  -0.05077  -0.05073  -0.04771  -0.04663
       -0.04663  -0.04563  -0.04563  -0.04510  -0.04510  -0.04396  -0.04384  -0.04384  -0.04335
       -0.04335  -0.04309  -0.04309  -0.04296  -0.04296  -0.04235  -0.04235  -0.04219  -0.04005
       -0.04005  -0.03931  -0.03931  -0.03701  -0.03651  -0.03651  -0.03572  -0.03572  -0.03507
       -0.03507  -0.03406  -0.03406  -0.03375  -0.03375  -0.03342  -0.03315  -0.03315  -0.03268
       -0.03268  -0.03181  -0.03181  -0.03167  -0.03167  -0.03040  -0.02967  -0.02967  -0.02927
       -0.02927  -0.02878  -0.02792  -0.02792  -0.02779  -0.02779  -0.02711  -0.02711  -0.02600
       -0.02600  -0.02600  -0.02592  -0.02592  -0.02514  -0.02406  -0.02369  -0.02369  -0.02350
       -0.02350  -0.02316  -0.02316  -0.02277  -0.02277  -0.02269  -0.02248  -0.02248  -0.02240
       -0.02240  -0.02224  -0.02224  -0.02208  -0.02208  -0.02167  -0.02106  -0.02106  -0.02064
       -0.02062  -0.02057  -0.02057  -0.02020  -0.02020  -0.01992  -0.01992  -0.01981  -0.01923
       -0.01923  -0.01909  -0.01909  -0.01885  -0.01885  -0.01860  -0.01860  -0.01815  -0.01815
       -0.01805  -0.01793  -0.01793  -0.01788  -0.01788  -0.01780  -0.01780  -0.01751  -0.01751
       -0.01695  -0.01685  -0.01685  -0.01678  -0.01652  -0.01652  -0.01649  -0.01649  -0.01610
       -0.01610  -0.01582  -0.01582  -0.01568  -0.01568  -0.01523  -0.01523  -0.01513  -0.01499
       -0.01499  -0.01475  -0.01475  -0.01440  -0.01440  -0.01405  -0.01405  -0.01403  -0.01379
       -0.01379  -0.01356  -0.01350  -0.01350  -0.01345  -0.01345  -0.01328  -0.01328  -0.01307
       -0.01307  -0.01304  -0.01304  -0.01299  -0.01299  -0.01290  -0.01290  -0.01286  -0.01286
       -0.01280  -0.01280  -0.01268  -0.01268  -0.01253  -0.01249  -0.01249  -0.01239  -0.01239
       -0.01236  -0.01233  -0.01233  -0.01198  -0.01198  -0.01181  -0.01181  -0.01169  -0.01168
       -0.01168  -0.01163  -0.01133  -0.01133  -0.01132  -0.01132  -0.01131  -0.01131  -0.01127
       -0.01127  -0.01120  -0.01120  -0.01111  -0.01111  -0.01106  -0.01106  -0.01105  -0.01083
       -0.01083  -0.01037  -0.01037  -0.01032  -0.01032  -0.01031  -0.01031  -0.01029  -0.01029
       -0.01011  -0.01011  -0.01008  -0.01006  -0.01005  -0.00989  -0.00974  -0.00974  -0.00974
       -0.00966  -0.00966  -0.00953  -0.00953  -0.00951  -0.00951  -0.00947  -0.00946  -0.00943
       -0.00943  -0.00932  -0.00932  -0.00897  -0.00893  -0.00893  -0.00891  -0.00891  -0.00889
       -0.00879  -0.00879  -0.00864  -0.00864  -0.00840  -0.00840  -0.00833  -0.00833  -0.00833
       -0.00833  -0.00829  -0.00829  -0.00827  -0.00824  -0.00824  -0.00821  -0.00821  -0.00812
       -0.00812  -0.00812  -0.00812  -0.00811  -0.00811  -0.00811  -0.00811  -0.00804  -0.00798
       -0.00798  -0.00797  -0.00797  -0.00795  -0.00795  -0.00785  -0.00784  -0.00777  -0.00777
       -0.00774  -0.00773  -0.00768  -0.00768  -0.00759  -0.00759  -0.00746  -0.00745  -0.00745
       -0.00745  -0.00744  -0.00743  -0.00743  -0.00737  -0.00737  -0.00718  -0.00718  -0.00717
       -0.00712  -0.00711  -0.00710  -0.00710  -0.00710  -0.00706  -0.00706  -0.00705  -0.00705
       -0.00702  -0.00701  -0.00692  -0.00691  -0.00687  -0.00687  -0.00684  -0.00684  -0.00675
       -0.00674  -0.00669  -0.00668  -0.00668  -0.00667  -0.00667  -0.00666  -0.00664  -0.00663
       -0.00659  -0.00656  -0.00656  -0.00649  -0.00643  -0.00641  -0.00641  -0.00640  -0.00640
       -0.00637  -0.00629  -0.00626  -0.00625  -0.00624  -0.00624  -0.00623  -0.00622  -0.00622
       -0.00621  -0.00620  -0.00620  -0.00618  -0.00618  -0.00615
        
     --------------------------------------------------------------------------------------------
     Tot. elapsed time 23m-20.0s,  time spent in last iteration 11.6s
     --------------------------------------------------------------------------------------------
      
     --------------------------------------------------------------------------------------------
     Database written in 38.4s               
     In location : ./cl2_420.wstat.save
     --------------------------------------------------------------------------------------------
       
     --------------------------------------------------------------------------------------------
     Convergence achieved !!! in        3 steps                          
     --------------------------------------------------------------------------------------------
 
     WSTAT        : 12m40.44s CPU    24m54.32s WALL

     wstat_readin :      5.78s CPU     40.72s WALL (       1 calls)
     fetch_nml    :      0.01s CPU      0.01s WALL (       1 calls)
     read_xml     :      1.24s CPU      1.85s WALL (       1 calls)
     init_vloc    :      0.05s CPU      0.05s WALL (       2 calls)
     fft          :      0.25s CPU      0.29s WALL (      11 calls)
     fft_scatter  :    111.17s CPU    111.82s WALL (   34666 calls)
     v_of_rho     :      0.29s CPU      0.31s WALL (       1 calls)
     v_xc         :      0.26s CPU      0.28s WALL (       1 calls)
     v_h          :      0.03s CPU      0.04s WALL (       1 calls)
     read_wave    :      4.52s CPU     38.82s WALL (       1 calls)
     davcio       :      0.00s CPU      2.52s WALL (       2 calls)
     init_us_1    :      0.16s CPU      0.16s WALL (       2 calls)
     do_setup     :      0.28s CPU      0.30s WALL (       1 calls)
     init_pw_ar   :      0.28s CPU      0.29s WALL (       1 calls)
     init_at_1    :      0.00s CPU      0.00s WALL (       1 calls)
     storesqvc    :      0.00s CPU      0.01s WALL (       1 calls)
     chidiago     :    754.34s CPU   1453.25s WALL (       1 calls)
     randomize    :      0.95s CPU      0.97s WALL (       1 calls)
     paramgs      :     13.22s CPU     13.36s WALL (       5 calls)
     dfpt         :    542.99s CPU    547.15s WALL (       5 calls)
     init_us_2    :      0.01s CPU      0.01s WALL (       5 calls)
     fftw         :    316.14s CPU    318.43s WALL (   34655 calls)
     alphapc      :      0.35s CPU      0.35s WALL (     163 calls)
     wstat_restar :    156.43s CPU    813.80s WALL (       4 calls)
     linstern     :    437.41s CPU    440.69s WALL (     121 calls)
     stern        :    420.63s CPU    423.68s WALL (    4742 calls)
     h_psi_bgrp   :    411.02s CPU    414.11s WALL (    4742 calls)
     h_psi        :    411.00s CPU    414.09s WALL (    4742 calls)
     h_psi:pot    :    408.59s CPU    411.64s WALL (    4742 calls)
     vloc_psi     :    387.65s CPU    390.50s WALL (    4742 calls)
     h_psi:calbec :     13.10s CPU     12.04s WALL (    4742 calls)
     calbec       :     13.09s CPU     12.02s WALL (    4742 calls)
     add_vuspsi   :      7.80s CPU      9.07s WALL (    4742 calls)
     alphapv      :      6.33s CPU      6.25s WALL (    4742 calls)
     build_hr     :      7.45s CPU      7.68s WALL (       4 calls)
     diagox       :      2.33s CPU      2.38s WALL (       4 calls)
     redistr_vr   :      0.31s CPU      0.32s WALL (       3 calls)
     update_vr    :     13.20s CPU     13.59s WALL (       3 calls)
     symm_hr      :      0.31s CPU      0.33s WALL (       3 calls)
     chidiago:las :      0.00s CPU      0.00s WALL (       1 calls)
     refresh_vr   :      4.71s CPU      4.80s WALL (       1 calls)
     pdep_db      :     11.71s CPU     38.50s WALL (       1 calls)
 
     WSTAT        : 12m40.44s CPU    24m54.32s WALL

 
   This run was terminated on:  12:46:26   4May2018            

=------------------------------------------------------------------------------=
   JOB DONE.
=------------------------------------------------------------------------------=
