
     Program WSTAT v. 2.0.0 starts on  4May2018 at 12:46:33 

     This program is part of the open-source West suite
     for massively parallel calculations of excited states in materials; please cite
         "M. Govoni et al., J. Chem. Theory Comput. 11, 2680 (2015);
          URL http://www.west-code.org", 
     in publications or presentations arising from this work.

     Based on the Quantum ESPRESSO v. 6.1 svn rev. 13369
       
     --------------------------------------------------------------------------------------------
     **MPI** Parallelization Status                                      
     --------------------------------------------------------------------------------------------
                   160                  10             1             1            16
     --------------------------------------------------------------------------------------------
                     N         =         I      X      P      X      B      X      Z
                     ^                   ^             ^             ^             ^
                     |                   |             |             |             |
                   #rnk                  |             |             |             |
                                      #image           |             |             |
                                                     #pool           |             |
                                                                   #bgrp           |
                                                                                 #R&G
     --------------------------------------------------------------------------------------------
     **OPENMP** Parallelization Status
     #thr/rnk               =            1
     --------------------------------------------------------------------------------------------
     #prc = (rnk) * (thr) =          160
     --------------------------------------------------------------------------------------------
       
     --------------------------------------------------------------------------------------------
     I/O Summary : input_west                                            
     --------------------------------------------------------------------------------------------
     qe_prefix      = cl2
     west_prefix    = cl2
     outdir         = ./
     --------------------------------------------------------------------------------------------
       
     --------------------------------------------------------------------------------------------
     I/O Summary : wstat_control                                         
     --------------------------------------------------------------------------------------------
     wstat_calculation              =              S
     n_pdep_eigen                   =            500
     n_kin_pdep_eigen               =              0
     n_lindhard_eigen               =              0
     n_pdep_times                   =              4
     n_pdep_maxiter                 =            100
     n_dfpt_maxiter                 =            250
     n_pdep_read_from_file          =              0
     trev_pdep                      =   1.000000E-03
     trev_pdep_rel                  =   1.000000E-01
     tr2_dfpt                       =   1.000000E-12
     l_kinetic_only                 =              F
     l_minimize_exx_if_active       =              F
     l_use_ecutrho                  =              F
     l_pure_eigen                   =              F
     --------------------------------------------------------------------------------------------

     Reading data from directory:
     ./cl2.save

   Info: using nr1, nr2, nr3 values from input

   Info: using nr1, nr2, nr3 values from input

     IMPORTANT: XC functional enforced from input :
     Exchange-correlation      = PBE ( 1  4  3  4 0 0)
     Any further DFT definition will be discarded
     Please, verify this is what you really want

     Message from routine readpp:
     file ./cl2.save/Cl_ONCV_PBE-1.0.upf not found
 
     Parallelization info
     --------------------
     sticks:   dense  smooth     PW     G-vecs:    dense   smooth      PW
     Min        1520    1520    379               178660   178660   22323
     Max        1522    1522    384               178666   178666   22328
     Sum       24345   24345   6093              2858633  2858633  357213
 
       
     --------------------------------------------------------------------------------------------
     System Overview                                                     
     --------------------------------------------------------------------------------------------
     gamma_only           =              T
     ecutwfc [Ry]         =      85.000000
     omega [au^3]         =   2.700000E+04
     glob. #G             =         178607
     nbnd                 =            100
     nkstot               =              1
     nspin                =              1
     nelec                =      14.000000
     npol                 =              1
     lsda                 =              F
     noncolin             =              F
     lspinorb             =              F
     domag                =              F
     --------------------------------------------------------------------------------------------

     sFFT G-space:  1429317 G-vectors     R-space: ( 180, 180, 180)
     dFFT G-space:  1429317 G-vectors     R-space: ( 180, 180, 180)

     Cell [a.u.]          =      30.000000      0.000000      0.000000
                          =       0.000000     30.000000      0.000000
                          =       0.000000      0.000000     30.000000
      
     number of ks points=     1
                       cart. coord. in units 2pi/alat
        k(    1) = (   0.0000000   0.0000000   0.0000000), wk =   2.0000000

                       cryst. coord.
        k(    1) = (   0.0000000   0.0000000   0.0000000), wk =   2.0000000
 
     Spherical div        =   1.654268E-01
     Orthorombic div      =   1.628502E-01
       
     --------------------------------------------------------------------------------------------
     Parallelization for nvecx                                           
     --------------------------------------------------------------------------------------------
     nglob                =           2000
     nlevel               =             10
     Min nglob/nlevel     =            200
     Max nglob/nlevel     =            200
     --------------------------------------------------------------------------------------------

     [MEM] ----------------------------------------------------------
     [MEM] **Memory** analysis: QE
     [MEM] ----------------------------------------------------------
     [MEM] Allocated arrays           est. size (Mb)     dimensions
     [MEM] ----------------------------------------------------------
     [MEM] Kohn-Sham Wavefunctions      17.03 Mb     (  11164,  100)
     [MEM] NL pseudopotentials           2.73 Mb     (  11164,   16)
     [MEM] Each V/rho on FFT grid        5.93 Mb     ( 388800)
     [MEM] Each G-vector array           0.68 Mb     (  89333)
     [MEM] G-vector shells               0.05 Mb     (   6125)
     [MEM] ----------------------------------------------------------
     [MEM] TOT                          26.42 Mb
     [MEM] ----------------------------------------------------------
     [MEM] 
     [MEM] ----------------------------------------------------------
     [MEM] **Memory** analysis: WSTAT global
     [MEM] ----------------------------------------------------------
     [MEM] Allocated arrays           est. size (Mb)     dimensions
     [MEM] ----------------------------------------------------------
     [MEM] dvg                          34.07 Mb     (  11164,  200)
     [MEM] dng                          34.07 Mb     (  11164,  200)
     [MEM] hr_distr                      3.05 Mb     (   2000,  200)
     [MEM] vr_distr                      3.05 Mb     (   2000,  200)
     [MEM] ----------------------------------------------------------
     [MEM] TOT                          74.24 Mb
     [MEM] ----------------------------------------------------------
     [MEM] 
     [MEM] ----------------------------------------------------------
     [MEM] **Memory** analysis: WSTAT temporary
     [MEM] ----------------------------------------------------------
     [MEM] Allocated arrays           est. size (Mb)     dimensions
     [MEM] ----------------------------------------------------------
     [MEM] dvpsi                         1.19 Mb     (  11164,    7)
     [MEM] dpsi                          1.19 Mb     (  11164,    7)
     [MEM] ----------------------------------------------------------
     [MEM] Total estimate                2.38 Mb
     [MEM] ----------------------------------------------------------

                       *----------*              *----------*               *----------*
     #     Iteration = | starting |   DFPT_dim = |      500 |   Diago_dim = |      500 |  x 1/2
                       *----------*              *----------*               *----------*
     per-process dynamical memory   180.9 Mb
  
       
     --------------------------------------------------------------------------------------------
     Sternheimer eq. solver... with lite-solver                          
     --------------------------------------------------------------------------------------------
     in progress... |#                   | 005% :               00.7s (E)               15.3s (X)
     in progress... |##                  | 010% :               01.2s (E)               12.7s (X)
     in progress... |###                 | 015% :               02.0s (E)               13.5s (X)
     in progress... |####                | 020% :               02.5s (E)               12.6s (X)
     in progress... |#####               | 025% :               03.2s (E)               13.1s (X)
     in progress... |######              | 030% :               03.8s (E)               12.6s (X)
     in progress... |#######             | 035% :               04.5s (E)               13.0s (X)
     in progress... |########            | 040% :               05.0s (E)               12.6s (X)
     in progress... |#########           | 045% :               05.8s (E)               12.9s (X)
     in progress... |##########          | 050% :               06.3s (E)               12.6s (X)
     in progress... |###########         | 055% :               07.0s (E)               12.9s (X)
     in progress... |############        | 060% :               07.6s (E)               12.6s (X)
     in progress... |#############       | 065% :               08.3s (E)               12.8s (X)
     in progress... |##############      | 070% :               08.8s (E)               12.6s (X)
     in progress... |###############     | 075% :               09.6s (E)               12.8s (X)
     in progress... |################    | 080% :               10.1s (E)               12.6s (X)
     in progress... |#################   | 085% :               10.8s (E)               12.8s (X)
     in progress... |##################  | 090% :               11.3s (E)               12.6s (X)
     in progress... |################### | 095% :               12.1s (E)               12.8s (X)
     in progress... |####################| 100% :               12.6s (E)               12.6s (X)
     --------------------------------------------------------------------------------------------

     [I/O] -------------------------------------------------------
     [I/O] RESTART written in < 00.1s             
     [I/O] In location   : ./cl2_500.wstat.restart
     [I/O] -------------------------------------------------------

                       *----------*              *----------*               *----------*
     #     Iteration = | starting |   DFPT_dim = |      500 |   Diago_dim = |      500 |  x 2/2
                       *----------*              *----------*               *----------*
     per-process dynamical memory   183.2 Mb
  
       
     --------------------------------------------------------------------------------------------
     Sternheimer eq. solver... with threshold =   1.000000E-06           
     --------------------------------------------------------------------------------------------
     in progress... |#                   | 005% :               09.3s (E)           03m-07.8s (X)
     in progress... |##                  | 010% :               15.5s (E)           02m-35.2s (X)
     in progress... |###                 | 015% :               24.5s (E)           02m-43.9s (X)
     in progress... |####                | 020% :               30.5s (E)           02m-32.7s (X)
     in progress... |#####               | 025% :               39.4s (E)           02m-37.6s (X)
     in progress... |######              | 030% :               45.2s (E)           02m-30.8s (X)
     in progress... |#######             | 035% :               53.9s (E)           02m-34.1s (X)
     in progress... |########            | 040% :               59.7s (E)           02m-29.2s (X)
     in progress... |#########           | 045% :           01m-08.2s (E)           02m-31.6s (X)
     in progress... |##########          | 050% :           01m-13.8s (E)           02m-27.7s (X)
     in progress... |###########         | 055% :           01m-22.3s (E)           02m-29.7s (X)
     in progress... |############        | 060% :           01m-27.9s (E)           02m-26.6s (X)
     in progress... |#############       | 065% :           01m-36.4s (E)           02m-28.3s (X)
     in progress... |##############      | 070% :           01m-42.0s (E)           02m-25.8s (X)
     in progress... |###############     | 075% :           01m-50.4s (E)           02m-27.3s (X)
     in progress... |################    | 080% :           01m-56.0s (E)           02m-25.0s (X)
     in progress... |#################   | 085% :           02m-04.2s (E)           02m-26.1s (X)
     in progress... |##################  | 090% :           02m-09.6s (E)           02m-24.0s (X)
     in progress... |################### | 095% :           02m-17.8s (E)           02m-25.0s (X)
     in progress... |####################| 100% :           02m-23.2s (E)           02m-23.2s (X)
     --------------------------------------------------------------------------------------------
     p-DIAGOX done in 00.4s with a SCALAPACK grid (12x12)
     --------------------------------------------------------------------------------------------
        
       -2.61386  -1.75515  -1.61606  -1.61603  -1.18359  -1.14789  -1.14786  -0.84460  -0.83737
       -0.83723  -0.58768  -0.58758  -0.52115  -0.42174  -0.42170  -0.41750  -0.40449  -0.40444
       -0.39371  -0.39366  -0.33747  -0.32654  -0.32649  -0.31828  -0.31825  -0.30550  -0.30537
       -0.30326  -0.29966  -0.29959  -0.29099  -0.29095  -0.25138  -0.25132  -0.24354  -0.19662
       -0.19526  -0.19517  -0.17797  -0.17792  -0.17346  -0.15593  -0.15583  -0.15490  -0.14673
       -0.14664  -0.11398  -0.11357  -0.10686  -0.10674  -0.10131  -0.10126  -0.10072  -0.10067
       -0.09742  -0.09737  -0.09623  -0.09617  -0.09352  -0.09348  -0.09064  -0.08426  -0.08421
       -0.08379  -0.08372  -0.07734  -0.07720  -0.07533  -0.07526  -0.07352  -0.07206  -0.07200
       -0.07182  -0.07162  -0.07008  -0.06996  -0.06972  -0.06834  -0.06823  -0.06214  -0.06191
       -0.06169  -0.05561  -0.05528  -0.05521  -0.04985  -0.04974  -0.04971  -0.04630  -0.04566
       -0.04560  -0.04526  -0.04523  -0.04410  -0.04388  -0.04340  -0.04334  -0.04283  -0.04277
       -0.04251  -0.04244  -0.04221  -0.04205  -0.04189  -0.04179  -0.04173  -0.03972  -0.03914
       -0.03903  -0.03875  -0.03857  -0.03588  -0.03585  -0.03537  -0.03490  -0.03461  -0.03424
       -0.03408  -0.03332  -0.03321  -0.03287  -0.03269  -0.03197  -0.03184  -0.03180  -0.03138
       -0.03098  -0.03062  -0.03053  -0.03032  -0.03008  -0.02879  -0.02835  -0.02824  -0.02762
       -0.02739  -0.02663  -0.02644  -0.02629  -0.02600  -0.02555  -0.02548  -0.02513  -0.02461
       -0.02449  -0.02435  -0.02410  -0.02382  -0.02356  -0.02285  -0.02261  -0.02216  -0.02208
       -0.02198  -0.02176  -0.02173  -0.02168  -0.02156  -0.02140  -0.02133  -0.02124  -0.02092
       -0.02084  -0.02066  -0.02061  -0.02034  -0.02026  -0.02001  -0.01990  -0.01951  -0.01909
       -0.01896  -0.01886  -0.01878  -0.01871  -0.01864  -0.01828  -0.01824  -0.01792  -0.01782
       -0.01775  -0.01765  -0.01750  -0.01735  -0.01729  -0.01708  -0.01691  -0.01682  -0.01658
       -0.01638  -0.01604  -0.01593  -0.01592  -0.01578  -0.01567  -0.01555  -0.01551  -0.01548
       -0.01523  -0.01516  -0.01478  -0.01471  -0.01450  -0.01439  -0.01424  -0.01416  -0.01405
       -0.01394  -0.01371  -0.01362  -0.01342  -0.01333  -0.01320  -0.01309  -0.01287  -0.01272
       -0.01268  -0.01251  -0.01232  -0.01222  -0.01221  -0.01210  -0.01197  -0.01196  -0.01188
       -0.01184  -0.01169  -0.01165  -0.01164  -0.01153  -0.01150  -0.01146  -0.01136  -0.01131
       -0.01127  -0.01117  -0.01109  -0.01101  -0.01096  -0.01088  -0.01083  -0.01080  -0.01067
       -0.01065  -0.01055  -0.01050  -0.01042  -0.01038  -0.01022  -0.01015  -0.01005  -0.00995
       -0.00990  -0.00981  -0.00981  -0.00971  -0.00963  -0.00962  -0.00953  -0.00949  -0.00938
       -0.00930  -0.00928  -0.00920  -0.00915  -0.00906  -0.00903  -0.00900  -0.00888  -0.00878
       -0.00872  -0.00866  -0.00865  -0.00857  -0.00856  -0.00844  -0.00838  -0.00832  -0.00826
       -0.00820  -0.00808  -0.00800  -0.00798  -0.00795  -0.00782  -0.00777  -0.00774  -0.00767
       -0.00762  -0.00756  -0.00751  -0.00748  -0.00744  -0.00740  -0.00736  -0.00730  -0.00721
       -0.00718  -0.00708  -0.00707  -0.00704  -0.00697  -0.00696  -0.00683  -0.00679  -0.00677
       -0.00672  -0.00667  -0.00660  -0.00656  -0.00652  -0.00648  -0.00646  -0.00640  -0.00636
       -0.00634  -0.00627  -0.00626  -0.00622  -0.00619  -0.00613  -0.00610  -0.00604  -0.00601
       -0.00599  -0.00594  -0.00589  -0.00588  -0.00584  -0.00578  -0.00576  -0.00567  -0.00567
       -0.00565  -0.00558  -0.00555  -0.00551  -0.00546  -0.00544  -0.00540  -0.00537  -0.00536
       -0.00525  -0.00522  -0.00519  -0.00518  -0.00512  -0.00510  -0.00507  -0.00502  -0.00501
       -0.00500  -0.00496  -0.00494  -0.00490  -0.00486  -0.00483  -0.00481  -0.00480  -0.00477
       -0.00472  -0.00469  -0.00463  -0.00460  -0.00458  -0.00455  -0.00451  -0.00449  -0.00448
       -0.00443  -0.00441  -0.00440  -0.00431  -0.00428  -0.00424  -0.00422  -0.00417  -0.00415
       -0.00412  -0.00409  -0.00405  -0.00404  -0.00401  -0.00398  -0.00397  -0.00394  -0.00391
       -0.00389  -0.00385  -0.00383  -0.00376  -0.00376  -0.00374  -0.00373  -0.00368  -0.00366
       -0.00365  -0.00361  -0.00360  -0.00357  -0.00354  -0.00351  -0.00349  -0.00346  -0.00343
       -0.00341  -0.00340  -0.00333  -0.00332  -0.00331  -0.00328  -0.00326  -0.00323  -0.00320
       -0.00318  -0.00317  -0.00313  -0.00310  -0.00307  -0.00304  -0.00301  -0.00300  -0.00297
       -0.00295  -0.00293  -0.00290  -0.00289  -0.00288  -0.00286  -0.00283  -0.00280  -0.00278
       -0.00276  -0.00273  -0.00271  -0.00267  -0.00264  -0.00264  -0.00262  -0.00258  -0.00257
       -0.00254  -0.00252  -0.00251  -0.00250  -0.00246  -0.00244  -0.00243  -0.00241  -0.00238
       -0.00236  -0.00234  -0.00232  -0.00228  -0.00227  -0.00225  -0.00223  -0.00222  -0.00218
       -0.00218  -0.00215  -0.00213  -0.00212  -0.00208  -0.00206  -0.00204  -0.00202  -0.00200
       -0.00198  -0.00196  -0.00192  -0.00190  -0.00189  -0.00186  -0.00182  -0.00182  -0.00181
       -0.00179  -0.00175  -0.00174  -0.00173  -0.00172  -0.00169  -0.00166  -0.00163  -0.00162
       -0.00161  -0.00158  -0.00157  -0.00154  -0.00151  -0.00150  -0.00149  -0.00148  -0.00142
       -0.00140  -0.00138  -0.00135  -0.00132  -0.00129
        
     --------------------------------------------------------------------------------------------
     Tot. elapsed time 04m-55.4s,  time spent in last iteration 04m-55.4s
     --------------------------------------------------------------------------------------------

     [I/O] -------------------------------------------------------
     [I/O] RESTART written in < 00.1s             
     [I/O] In location   : ./cl2_500.wstat.restart
     [I/O] -------------------------------------------------------

                       *----------*              *----------*               *----------*
     #     Iteration = |        1 |   DFPT_dim = |      500 |   Diago_dim = |     1000 |
                       *----------*              *----------*               *----------*
     per-process dynamical memory   183.2 Mb
  
       
     --------------------------------------------------------------------------------------------
     Sternheimer eq. solver... with threshold =   1.000000E-12           
     --------------------------------------------------------------------------------------------
     in progress... |#                   | 005% :               13.6s (E)           04m-33.4s (X)
     in progress... |##                  | 010% :               22.7s (E)           03m-47.8s (X)
     in progress... |###                 | 015% :               36.2s (E)           04m-01.5s (X)
     in progress... |####                | 020% :               45.2s (E)           03m-46.0s (X)
     in progress... |#####               | 025% :               58.6s (E)           03m-54.7s (X)
     in progress... |######              | 030% :           01m-07.6s (E)           03m-45.4s (X)
     in progress... |#######             | 035% :           01m-20.9s (E)           03m-51.2s (X)
     in progress... |########            | 040% :           01m-29.9s (E)           03m-44.9s (X)
     in progress... |#########           | 045% :           01m-43.2s (E)           03m-49.4s (X)
     in progress... |##########          | 050% :           01m-52.0s (E)           03m-44.1s (X)
     in progress... |###########         | 055% :           02m-05.3s (E)           03m-47.9s (X)
     in progress... |############        | 060% :           02m-14.2s (E)           03m-43.6s (X)
     in progress... |#############       | 065% :           02m-27.4s (E)           03m-46.9s (X)
     in progress... |##############      | 070% :           02m-36.2s (E)           03m-43.2s (X)
     in progress... |###############     | 075% :           02m-49.4s (E)           03m-45.9s (X)
     in progress... |################    | 080% :           02m-58.2s (E)           03m-42.7s (X)
     in progress... |#################   | 085% :           03m-11.3s (E)           03m-45.1s (X)
     in progress... |##################  | 090% :           03m-20.1s (E)           03m-42.3s (X)
     in progress... |################### | 095% :           03m-33.2s (E)           03m-44.4s (X)
     in progress... |####################| 100% :           03m-42.0s (E)           03m-42.0s (X)
     --------------------------------------------------------------------------------------------
     p-DIAGOX done in 00.6s with a SCALAPACK grid (12x12)
     --------------------------------------------------------------------------------------------
        
       -2.61393  -1.77631  -1.61623  -1.61623  -1.18372  -1.14797  -1.14797  -1.00422  -0.83780
       -0.83780  -0.58803  -0.58803  -0.52167  -0.42183  -0.42182  -0.42009  -0.40479  -0.40479
       -0.39400  -0.39398  -0.33769  -0.32668  -0.32668  -0.31880  -0.31880  -0.30919  -0.30593
       -0.30593  -0.30005  -0.30005  -0.29135  -0.29135  -0.25191  -0.25191  -0.24669  -0.19699
       -0.19578  -0.19578  -0.17844  -0.17834  -0.17665  -0.15641  -0.15641  -0.15547  -0.14711
       -0.14711  -0.11736  -0.11463  -0.10733  -0.10733  -0.10160  -0.10160  -0.10092  -0.10092
       -0.09772  -0.09772  -0.09642  -0.09642  -0.09376  -0.09376  -0.09121  -0.08462  -0.08462
       -0.08411  -0.08411  -0.07818  -0.07818  -0.07579  -0.07579  -0.07404  -0.07289  -0.07289
       -0.07227  -0.07226  -0.07080  -0.07080  -0.07072  -0.06898  -0.06898  -0.06618  -0.06316
       -0.06291  -0.06291  -0.05767  -0.05616  -0.05616  -0.05077  -0.05073  -0.04771  -0.04663
       -0.04663  -0.04563  -0.04563  -0.04510  -0.04510  -0.04396  -0.04384  -0.04384  -0.04335
       -0.04335  -0.04309  -0.04309  -0.04296  -0.04296  -0.04235  -0.04235  -0.04219  -0.04005
       -0.04005  -0.03931  -0.03931  -0.03700  -0.03651  -0.03651  -0.03571  -0.03571  -0.03507
       -0.03507  -0.03405  -0.03405  -0.03375  -0.03375  -0.03342  -0.03315  -0.03315  -0.03268
       -0.03268  -0.03180  -0.03180  -0.03167  -0.03167  -0.03040  -0.02966  -0.02966  -0.02927
       -0.02927  -0.02877  -0.02792  -0.02791  -0.02778  -0.02778  -0.02711  -0.02711  -0.02600
       -0.02599  -0.02599  -0.02592  -0.02592  -0.02513  -0.02405  -0.02369  -0.02369  -0.02350
       -0.02350  -0.02316  -0.02316  -0.02276  -0.02276  -0.02268  -0.02248  -0.02248  -0.02240
       -0.02240  -0.02224  -0.02224  -0.02207  -0.02207  -0.02166  -0.02106  -0.02105  -0.02063
       -0.02061  -0.02056  -0.02056  -0.02019  -0.02019  -0.01991  -0.01991  -0.01979  -0.01922
       -0.01922  -0.01908  -0.01907  -0.01884  -0.01884  -0.01859  -0.01859  -0.01815  -0.01814
       -0.01804  -0.01791  -0.01791  -0.01787  -0.01787  -0.01779  -0.01778  -0.01750  -0.01749
       -0.01693  -0.01684  -0.01683  -0.01675  -0.01650  -0.01649  -0.01647  -0.01647  -0.01608
       -0.01607  -0.01578  -0.01578  -0.01566  -0.01565  -0.01521  -0.01520  -0.01511  -0.01497
       -0.01496  -0.01472  -0.01471  -0.01436  -0.01436  -0.01402  -0.01401  -0.01398  -0.01375
       -0.01374  -0.01352  -0.01348  -0.01348  -0.01343  -0.01342  -0.01325  -0.01325  -0.01303
       -0.01303  -0.01300  -0.01299  -0.01295  -0.01295  -0.01288  -0.01286  -0.01283  -0.01282
       -0.01277  -0.01276  -0.01264  -0.01263  -0.01249  -0.01244  -0.01243  -0.01235  -0.01234
       -0.01230  -0.01230  -0.01229  -0.01194  -0.01193  -0.01177  -0.01176  -0.01164  -0.01163
       -0.01162  -0.01156  -0.01129  -0.01128  -0.01126  -0.01126  -0.01125  -0.01124  -0.01123
       -0.01121  -0.01114  -0.01112  -0.01106  -0.01104  -0.01101  -0.01099  -0.01098  -0.01078
       -0.01076  -0.01029  -0.01028  -0.01026  -0.01024  -0.01023  -0.01022  -0.01021  -0.01020
       -0.01004  -0.01002  -0.01001  -0.01000  -0.00997  -0.00979  -0.00967  -0.00963  -0.00961
       -0.00958  -0.00956  -0.00944  -0.00944  -0.00942  -0.00940  -0.00938  -0.00937  -0.00933
       -0.00931  -0.00922  -0.00921  -0.00883  -0.00882  -0.00881  -0.00879  -0.00877  -0.00876
       -0.00868  -0.00867  -0.00855  -0.00853  -0.00829  -0.00826  -0.00824  -0.00823  -0.00820
       -0.00818  -0.00816  -0.00815  -0.00812  -0.00812  -0.00810  -0.00809  -0.00805  -0.00802
       -0.00801  -0.00799  -0.00799  -0.00797  -0.00796  -0.00794  -0.00789  -0.00788  -0.00785
       -0.00785  -0.00784  -0.00782  -0.00780  -0.00779  -0.00775  -0.00769  -0.00762  -0.00760
       -0.00756  -0.00753  -0.00751  -0.00750  -0.00743  -0.00741  -0.00732  -0.00732  -0.00729
       -0.00728  -0.00725  -0.00722  -0.00717  -0.00715  -0.00711  -0.00703  -0.00702  -0.00699
       -0.00695  -0.00694  -0.00692  -0.00690  -0.00690  -0.00687  -0.00686  -0.00683  -0.00683
       -0.00679  -0.00677  -0.00674  -0.00672  -0.00672  -0.00667  -0.00665  -0.00663  -0.00654
       -0.00653  -0.00652  -0.00649  -0.00647  -0.00643  -0.00641  -0.00638  -0.00636  -0.00634
       -0.00634  -0.00630  -0.00629  -0.00626  -0.00622  -0.00621  -0.00615  -0.00614  -0.00611
       -0.00608  -0.00605  -0.00602  -0.00602  -0.00599  -0.00598  -0.00596  -0.00595  -0.00594
       -0.00593  -0.00590  -0.00589  -0.00587  -0.00584  -0.00584  -0.00578  -0.00576  -0.00575
       -0.00569  -0.00565  -0.00564  -0.00559  -0.00558  -0.00555  -0.00552  -0.00550  -0.00547
       -0.00546  -0.00540  -0.00537  -0.00534  -0.00530  -0.00529  -0.00526  -0.00522  -0.00519
       -0.00516  -0.00516  -0.00514  -0.00510  -0.00508  -0.00506  -0.00505  -0.00504  -0.00501
       -0.00499  -0.00498  -0.00498  -0.00496  -0.00495  -0.00493  -0.00491  -0.00489  -0.00487
       -0.00485  -0.00484  -0.00483  -0.00481  -0.00479  -0.00478  -0.00476  -0.00474  -0.00474
       -0.00472  -0.00471  -0.00470  -0.00469  -0.00468  -0.00465  -0.00464  -0.00463  -0.00461
       -0.00458  -0.00457  -0.00455  -0.00454  -0.00453  -0.00451  -0.00450  -0.00447  -0.00446
       -0.00443  -0.00440  -0.00438  -0.00438  -0.00435  -0.00435  -0.00433  -0.00431  -0.00429
       -0.00428  -0.00426  -0.00425  -0.00424  -0.00422
        
     --------------------------------------------------------------------------------------------
     Tot. elapsed time 10m-55.9s,  time spent in last iteration 04m-28.7s
     --------------------------------------------------------------------------------------------

     [I/O] -------------------------------------------------------
     [I/O] RESTART written in < 00.1s             
     [I/O] In location   : ./cl2_500.wstat.restart
     [I/O] -------------------------------------------------------

                       *----------*              *----------*               *----------*
     #     Iteration = |        2 |   DFPT_dim = |      407 |   Diago_dim = |     1407 |
                       *----------*              *----------*               *----------*
     per-process dynamical memory   189.2 Mb
  
       
     --------------------------------------------------------------------------------------------
     Sternheimer eq. solver... with threshold =   1.000000E-12           
     --------------------------------------------------------------------------------------------
     in progress... |#                   | 005% :               13.0s (E)           04m-21.8s (X)
     in progress... |##                  | 010% :               21.7s (E)           03m-37.7s (X)
     in progress... |###                 | 015% :               30.4s (E)           03m-23.1s (X)
     in progress... |####                | 020% :               39.1s (E)           03m-15.5s (X)
     in progress... |#####               | 025% :               47.7s (E)           03m-11.0s (X)
     in progress... |######              | 030% :               56.3s (E)           03m-07.9s (X)
     in progress... |#######             | 035% :           01m-04.9s (E)           03m-05.6s (X)
     in progress... |########            | 040% :           01m-13.6s (E)           03m-04.0s (X)
     in progress... |#########           | 045% :           01m-22.2s (E)           03m-02.8s (X)
     in progress... |##########          | 050% :           01m-30.8s (E)           03m-01.6s (X)
     in progress... |###########         | 055% :           01m-39.4s (E)           03m-00.7s (X)
     in progress... |############        | 060% :           01m-47.9s (E)           02m-59.9s (X)
     in progress... |#############       | 065% :           01m-56.5s (E)           02m-59.2s (X)
     in progress... |##############      | 070% :           02m-05.0s (E)           02m-58.7s (X)
     in progress... |###############     | 075% :           02m-13.6s (E)           02m-58.1s (X)
     in progress... |################    | 080% :           02m-22.1s (E)           02m-57.6s (X)
     in progress... |#################   | 085% :           02m-30.7s (E)           02m-57.3s (X)
     in progress... |##################  | 090% :           02m-39.2s (E)           02m-56.9s (X)
     in progress... |################### | 095% :           02m-47.8s (E)           02m-56.6s (X)
     in progress... |####################| 100% :           02m-56.3s (E)           02m-56.3s (X)
     --------------------------------------------------------------------------------------------
     p-DIAGOX done in 00.9s with a SCALAPACK grid (12x12)
     --------------------------------------------------------------------------------------------
        
       -2.61393  -1.77631  -1.61623  -1.61623  -1.18372  -1.14797  -1.14797  -1.00422  -0.83780
       -0.83780  -0.58803  -0.58803  -0.52167  -0.42183  -0.42182  -0.42009  -0.40479  -0.40479
       -0.39400  -0.39398  -0.33769  -0.32668  -0.32668  -0.31880  -0.31880  -0.30919  -0.30593
       -0.30593  -0.30005  -0.30005  -0.29135  -0.29135  -0.25191  -0.25191  -0.24669  -0.19699
       -0.19578  -0.19578  -0.17844  -0.17834  -0.17665  -0.15641  -0.15641  -0.15547  -0.14711
       -0.14711  -0.11736  -0.11463  -0.10733  -0.10733  -0.10160  -0.10160  -0.10092  -0.10092
       -0.09772  -0.09772  -0.09642  -0.09642  -0.09376  -0.09376  -0.09121  -0.08462  -0.08462
       -0.08411  -0.08411  -0.07818  -0.07818  -0.07579  -0.07579  -0.07404  -0.07289  -0.07289
       -0.07227  -0.07227  -0.07080  -0.07080  -0.07072  -0.06898  -0.06898  -0.06618  -0.06316
       -0.06291  -0.06291  -0.05768  -0.05616  -0.05616  -0.05077  -0.05073  -0.04771  -0.04663
       -0.04663  -0.04563  -0.04563  -0.04510  -0.04510  -0.04396  -0.04384  -0.04384  -0.04335
       -0.04335  -0.04309  -0.04309  -0.04296  -0.04296  -0.04235  -0.04235  -0.04219  -0.04005
       -0.04005  -0.03931  -0.03931  -0.03701  -0.03651  -0.03651  -0.03572  -0.03572  -0.03507
       -0.03507  -0.03406  -0.03406  -0.03375  -0.03375  -0.03342  -0.03315  -0.03315  -0.03268
       -0.03268  -0.03181  -0.03181  -0.03167  -0.03167  -0.03040  -0.02967  -0.02967  -0.02927
       -0.02927  -0.02878  -0.02792  -0.02792  -0.02779  -0.02779  -0.02711  -0.02711  -0.02600
       -0.02600  -0.02600  -0.02592  -0.02592  -0.02514  -0.02406  -0.02369  -0.02369  -0.02350
       -0.02350  -0.02316  -0.02316  -0.02277  -0.02277  -0.02269  -0.02248  -0.02248  -0.02240
       -0.02240  -0.02224  -0.02224  -0.02208  -0.02208  -0.02167  -0.02106  -0.02106  -0.02064
       -0.02062  -0.02057  -0.02057  -0.02020  -0.02020  -0.01992  -0.01992  -0.01981  -0.01923
       -0.01923  -0.01909  -0.01909  -0.01885  -0.01885  -0.01860  -0.01860  -0.01815  -0.01815
       -0.01805  -0.01793  -0.01793  -0.01788  -0.01788  -0.01780  -0.01780  -0.01751  -0.01751
       -0.01695  -0.01685  -0.01685  -0.01678  -0.01652  -0.01652  -0.01649  -0.01649  -0.01610
       -0.01610  -0.01582  -0.01582  -0.01568  -0.01568  -0.01523  -0.01523  -0.01513  -0.01499
       -0.01499  -0.01475  -0.01475  -0.01440  -0.01440  -0.01405  -0.01405  -0.01403  -0.01379
       -0.01379  -0.01356  -0.01350  -0.01350  -0.01345  -0.01345  -0.01328  -0.01328  -0.01307
       -0.01307  -0.01304  -0.01304  -0.01299  -0.01299  -0.01290  -0.01290  -0.01286  -0.01286
       -0.01280  -0.01280  -0.01268  -0.01268  -0.01253  -0.01249  -0.01249  -0.01239  -0.01239
       -0.01237  -0.01233  -0.01233  -0.01198  -0.01198  -0.01181  -0.01181  -0.01169  -0.01168
       -0.01168  -0.01163  -0.01133  -0.01133  -0.01132  -0.01132  -0.01131  -0.01131  -0.01127
       -0.01127  -0.01120  -0.01120  -0.01111  -0.01111  -0.01106  -0.01106  -0.01105  -0.01084
       -0.01084  -0.01037  -0.01037  -0.01032  -0.01032  -0.01032  -0.01032  -0.01029  -0.01029
       -0.01011  -0.01011  -0.01008  -0.01006  -0.01005  -0.00989  -0.00974  -0.00974  -0.00974
       -0.00966  -0.00966  -0.00953  -0.00953  -0.00952  -0.00952  -0.00947  -0.00947  -0.00944
       -0.00943  -0.00932  -0.00932  -0.00897  -0.00894  -0.00894  -0.00892  -0.00892  -0.00889
       -0.00880  -0.00880  -0.00864  -0.00864  -0.00840  -0.00840  -0.00833  -0.00833  -0.00833
       -0.00833  -0.00830  -0.00830  -0.00827  -0.00825  -0.00825  -0.00821  -0.00821  -0.00813
       -0.00813  -0.00813  -0.00813  -0.00812  -0.00812  -0.00812  -0.00812  -0.00805  -0.00799
       -0.00799  -0.00797  -0.00797  -0.00796  -0.00796  -0.00785  -0.00785  -0.00778  -0.00778
       -0.00774  -0.00774  -0.00769  -0.00769  -0.00760  -0.00760  -0.00747  -0.00747  -0.00746
       -0.00746  -0.00746  -0.00744  -0.00744  -0.00738  -0.00738  -0.00719  -0.00719  -0.00719
       -0.00713  -0.00712  -0.00712  -0.00711  -0.00711  -0.00707  -0.00707  -0.00706  -0.00706
       -0.00703  -0.00703  -0.00694  -0.00694  -0.00689  -0.00689  -0.00684  -0.00684  -0.00677
       -0.00677  -0.00670  -0.00670  -0.00669  -0.00669  -0.00669  -0.00669  -0.00665  -0.00665
       -0.00661  -0.00658  -0.00658  -0.00650  -0.00645  -0.00645  -0.00641  -0.00641  -0.00640
       -0.00640  -0.00632  -0.00628  -0.00628  -0.00624  -0.00624  -0.00624  -0.00623  -0.00623
       -0.00622  -0.00620  -0.00620  -0.00618  -0.00618  -0.00615  -0.00607  -0.00606  -0.00601
       -0.00601  -0.00593  -0.00593  -0.00587  -0.00586  -0.00585  -0.00584  -0.00584  -0.00581
       -0.00580  -0.00579  -0.00568  -0.00568  -0.00559  -0.00555  -0.00555  -0.00553  -0.00552
       -0.00546  -0.00545  -0.00545  -0.00545  -0.00543  -0.00543  -0.00541  -0.00541  -0.00541
       -0.00540  -0.00531  -0.00531  -0.00530  -0.00530  -0.00525  -0.00524  -0.00523  -0.00520
       -0.00520  -0.00518  -0.00518  -0.00518  -0.00517  -0.00517  -0.00516  -0.00513  -0.00512
       -0.00512  -0.00511  -0.00510  -0.00510  -0.00509  -0.00508  -0.00508  -0.00507  -0.00505
       -0.00505  -0.00504  -0.00503  -0.00502  -0.00502  -0.00501  -0.00501  -0.00499  -0.00498
       -0.00497  -0.00497  -0.00489  -0.00488  -0.00475  -0.00474  -0.00473  -0.00472  -0.00471
       -0.00467  -0.00466  -0.00466  -0.00466  -0.00465
        
     --------------------------------------------------------------------------------------------
     Tot. elapsed time 21m-17.0s,  time spent in last iteration 03m-41.1s
     --------------------------------------------------------------------------------------------

     [I/O] -------------------------------------------------------
     [I/O] RESTART written in < 00.1s             
     [I/O] In location   : ./cl2_500.wstat.restart
     [I/O] -------------------------------------------------------

                       *----------*              *----------*               *----------*
     #     Iteration = |        3 |   DFPT_dim = |       14 |   Diago_dim = |     1421 |
                       *----------*              *----------*               *----------*
     per-process dynamical memory   189.2 Mb
  
       
     --------------------------------------------------------------------------------------------
     Sternheimer eq. solver... with threshold =   1.000000E-12           
     --------------------------------------------------------------------------------------------
     in progress... |##########          | 050% :               04.2s (E)               08.4s (X)
     in progress... |####################| 100% :               08.4s (E)               08.4s (X)
     --------------------------------------------------------------------------------------------
     p-DIAGOX done in 00.9s with a SCALAPACK grid (12x12)
     --------------------------------------------------------------------------------------------
        
       -2.61393  -1.77631  -1.61623  -1.61623  -1.18372  -1.14797  -1.14797  -1.00422  -0.83780
       -0.83780  -0.58803  -0.58803  -0.52167  -0.42183  -0.42182  -0.42009  -0.40479  -0.40479
       -0.39400  -0.39398  -0.33769  -0.32668  -0.32668  -0.31880  -0.31880  -0.30919  -0.30593
       -0.30593  -0.30005  -0.30005  -0.29135  -0.29135  -0.25191  -0.25191  -0.24669  -0.19699
       -0.19578  -0.19578  -0.17844  -0.17834  -0.17665  -0.15641  -0.15641  -0.15547  -0.14711
       -0.14711  -0.11736  -0.11463  -0.10733  -0.10733  -0.10160  -0.10160  -0.10092  -0.10092
       -0.09772  -0.09772  -0.09642  -0.09642  -0.09376  -0.09376  -0.09121  -0.08462  -0.08462
       -0.08411  -0.08411  -0.07818  -0.07818  -0.07579  -0.07579  -0.07404  -0.07289  -0.07289
       -0.07227  -0.07227  -0.07080  -0.07080  -0.07072  -0.06898  -0.06898  -0.06618  -0.06316
       -0.06291  -0.06291  -0.05768  -0.05616  -0.05616  -0.05077  -0.05073  -0.04771  -0.04663
       -0.04663  -0.04563  -0.04563  -0.04510  -0.04510  -0.04396  -0.04384  -0.04384  -0.04335
       -0.04335  -0.04309  -0.04309  -0.04296  -0.04296  -0.04235  -0.04235  -0.04219  -0.04005
       -0.04005  -0.03931  -0.03931  -0.03701  -0.03651  -0.03651  -0.03572  -0.03572  -0.03507
       -0.03507  -0.03406  -0.03406  -0.03375  -0.03375  -0.03342  -0.03315  -0.03315  -0.03268
       -0.03268  -0.03181  -0.03181  -0.03167  -0.03167  -0.03040  -0.02967  -0.02967  -0.02927
       -0.02927  -0.02878  -0.02792  -0.02792  -0.02779  -0.02779  -0.02711  -0.02711  -0.02600
       -0.02600  -0.02600  -0.02592  -0.02592  -0.02514  -0.02406  -0.02369  -0.02369  -0.02350
       -0.02350  -0.02316  -0.02316  -0.02277  -0.02277  -0.02269  -0.02248  -0.02248  -0.02240
       -0.02240  -0.02224  -0.02224  -0.02208  -0.02208  -0.02167  -0.02106  -0.02106  -0.02064
       -0.02062  -0.02057  -0.02057  -0.02020  -0.02020  -0.01992  -0.01992  -0.01981  -0.01923
       -0.01923  -0.01909  -0.01909  -0.01885  -0.01885  -0.01860  -0.01860  -0.01815  -0.01815
       -0.01805  -0.01793  -0.01793  -0.01788  -0.01788  -0.01780  -0.01780  -0.01751  -0.01751
       -0.01695  -0.01685  -0.01685  -0.01678  -0.01652  -0.01652  -0.01649  -0.01649  -0.01610
       -0.01610  -0.01582  -0.01582  -0.01568  -0.01568  -0.01523  -0.01523  -0.01513  -0.01499
       -0.01499  -0.01475  -0.01475  -0.01440  -0.01440  -0.01405  -0.01405  -0.01403  -0.01379
       -0.01379  -0.01356  -0.01350  -0.01350  -0.01345  -0.01345  -0.01328  -0.01328  -0.01307
       -0.01307  -0.01304  -0.01304  -0.01299  -0.01299  -0.01290  -0.01290  -0.01286  -0.01286
       -0.01280  -0.01280  -0.01268  -0.01268  -0.01253  -0.01249  -0.01249  -0.01239  -0.01239
       -0.01237  -0.01233  -0.01233  -0.01198  -0.01198  -0.01181  -0.01181  -0.01169  -0.01168
       -0.01168  -0.01163  -0.01133  -0.01133  -0.01132  -0.01132  -0.01131  -0.01131  -0.01127
       -0.01127  -0.01120  -0.01120  -0.01111  -0.01111  -0.01106  -0.01106  -0.01105  -0.01084
       -0.01084  -0.01037  -0.01037  -0.01032  -0.01032  -0.01032  -0.01032  -0.01029  -0.01029
       -0.01011  -0.01011  -0.01008  -0.01006  -0.01005  -0.00989  -0.00974  -0.00974  -0.00974
       -0.00966  -0.00966  -0.00953  -0.00953  -0.00952  -0.00952  -0.00947  -0.00947  -0.00944
       -0.00943  -0.00932  -0.00932  -0.00897  -0.00894  -0.00894  -0.00892  -0.00892  -0.00889
       -0.00880  -0.00880  -0.00864  -0.00864  -0.00840  -0.00840  -0.00833  -0.00833  -0.00833
       -0.00833  -0.00830  -0.00830  -0.00827  -0.00825  -0.00825  -0.00821  -0.00821  -0.00813
       -0.00813  -0.00813  -0.00813  -0.00812  -0.00812  -0.00812  -0.00812  -0.00805  -0.00799
       -0.00799  -0.00797  -0.00797  -0.00796  -0.00796  -0.00785  -0.00785  -0.00778  -0.00778
       -0.00774  -0.00774  -0.00769  -0.00769  -0.00760  -0.00760  -0.00747  -0.00747  -0.00746
       -0.00746  -0.00746  -0.00744  -0.00744  -0.00738  -0.00738  -0.00719  -0.00719  -0.00719
       -0.00713  -0.00712  -0.00712  -0.00711  -0.00711  -0.00707  -0.00707  -0.00706  -0.00706
       -0.00703  -0.00703  -0.00694  -0.00694  -0.00689  -0.00689  -0.00684  -0.00684  -0.00677
       -0.00677  -0.00670  -0.00670  -0.00670  -0.00669  -0.00669  -0.00669  -0.00665  -0.00665
       -0.00661  -0.00658  -0.00658  -0.00650  -0.00645  -0.00645  -0.00641  -0.00641  -0.00640
       -0.00640  -0.00632  -0.00628  -0.00628  -0.00624  -0.00624  -0.00624  -0.00624  -0.00623
       -0.00623  -0.00620  -0.00620  -0.00618  -0.00618  -0.00615  -0.00607  -0.00606  -0.00601
       -0.00601  -0.00594  -0.00593  -0.00587  -0.00586  -0.00585  -0.00584  -0.00584  -0.00581
       -0.00581  -0.00579  -0.00568  -0.00568  -0.00559  -0.00555  -0.00555  -0.00553  -0.00552
       -0.00546  -0.00546  -0.00545  -0.00545  -0.00544  -0.00543  -0.00542  -0.00541  -0.00541
       -0.00541  -0.00531  -0.00531  -0.00530  -0.00530  -0.00525  -0.00524  -0.00523  -0.00520
       -0.00520  -0.00518  -0.00518  -0.00518  -0.00517  -0.00517  -0.00516  -0.00513  -0.00513
       -0.00512  -0.00512  -0.00510  -0.00510  -0.00509  -0.00509  -0.00508  -0.00508  -0.00507
       -0.00507  -0.00507  -0.00506  -0.00505  -0.00505  -0.00504  -0.00504  -0.00500  -0.00500
       -0.00500  -0.00500  -0.00491  -0.00491  -0.00475  -0.00475  -0.00473  -0.00472  -0.00471
       -0.00469  -0.00467  -0.00467  -0.00466  -0.00466
        
     --------------------------------------------------------------------------------------------
     Tot. elapsed time 27m-05.2s,  time spent in last iteration 17.4s
     --------------------------------------------------------------------------------------------
      
     --------------------------------------------------------------------------------------------
     Database written in 45.6s               
     In location : ./cl2_500.wstat.save
     --------------------------------------------------------------------------------------------
       
     --------------------------------------------------------------------------------------------
     Convergence achieved !!! in        3 steps                          
     --------------------------------------------------------------------------------------------
 
     WSTAT        : 19m52.97s CPU    28m48.23s WALL

     wstat_readin :      5.98s CPU     41.50s WALL (       1 calls)
     fetch_nml    :      0.00s CPU      0.00s WALL (       1 calls)
     read_xml     :      1.24s CPU      1.47s WALL (       1 calls)
     init_vloc    :      0.05s CPU      0.05s WALL (       2 calls)
     fft          :      0.26s CPU      0.28s WALL (      11 calls)
     fft_scatter  :    128.53s CPU    129.08s WALL (   40590 calls)
     v_of_rho     :      0.30s CPU      0.31s WALL (       1 calls)
     v_xc         :      0.26s CPU      0.28s WALL (       1 calls)
     v_h          :      0.03s CPU      0.04s WALL (       1 calls)
     read_wave    :      4.73s CPU     39.88s WALL (       1 calls)
     davcio       :      0.00s CPU      2.22s WALL (       2 calls)
     init_us_1    :      0.01s CPU      0.01s WALL (       2 calls)
     do_setup     :      0.14s CPU      0.15s WALL (       1 calls)
     init_pw_ar   :      0.13s CPU      0.14s WALL (       1 calls)
     init_at_1    :      0.00s CPU      0.00s WALL (       1 calls)
     storesqvc    :      0.00s CPU      0.01s WALL (       1 calls)
     chidiago     :   1186.81s CPU   1686.52s WALL (       1 calls)
     randomize    :      1.13s CPU      1.14s WALL (       1 calls)
     paramgs      :     17.60s CPU     17.76s WALL (       5 calls)
     dfpt         :    637.60s CPU    641.50s WALL (       5 calls)
     init_us_2    :      0.01s CPU      0.02s WALL (       5 calls)
     fftw         :    369.59s CPU    371.53s WALL (   40579 calls)
     alphapc      :      0.43s CPU      0.43s WALL (     193 calls)
     wstat_restar :    479.91s CPU    932.32s WALL (       4 calls)
     linstern     :    510.80s CPU    513.90s WALL (     143 calls)
     stern        :    490.94s CPU    493.79s WALL (    5531 calls)
     h_psi_bgrp   :    479.80s CPU    482.71s WALL (    5531 calls)
     h_psi        :    479.77s CPU    482.69s WALL (    5531 calls)
     h_psi:pot    :    477.01s CPU    479.87s WALL (    5531 calls)
     vloc_psi     :    452.47s CPU    455.15s WALL (    5531 calls)
     h_psi:calbec :     15.21s CPU     13.93s WALL (    5531 calls)
     calbec       :     15.20s CPU     13.91s WALL (    5531 calls)
     add_vuspsi   :      9.29s CPU     10.75s WALL (    5531 calls)
     alphapv      :      7.28s CPU      7.17s WALL (    5531 calls)
     build_hr     :      9.35s CPU     10.30s WALL (       4 calls)
     diagox       :      3.00s CPU      3.05s WALL (       4 calls)
     redistr_vr   :      0.43s CPU      0.45s WALL (       3 calls)
     update_vr    :     16.08s CPU     17.68s WALL (       3 calls)
     symm_hr      :      0.44s CPU      0.46s WALL (       3 calls)
     chidiago:las :      0.00s CPU      0.00s WALL (       1 calls)
     refresh_vr   :      6.72s CPU      7.01s WALL (       1 calls)
     pdep_db      :     13.96s CPU     45.64s WALL (       1 calls)
 
     WSTAT        : 19m52.97s CPU    28m48.23s WALL

 
   This run was terminated on:  13:15:21   4May2018            

=------------------------------------------------------------------------------=
   JOB DONE.
=------------------------------------------------------------------------------=
