
     Program WSTAT v. 2.0.0 starts on  1May2018 at  9:55:21 

     This program is part of the open-source West suite
     for massively parallel calculations of excited states in materials; please cite
         "M. Govoni et al., J. Chem. Theory Comput. 11, 2680 (2015);
          URL http://www.west-code.org", 
     in publications or presentations arising from this work.

     Based on the Quantum ESPRESSO v. 6.1 svn rev. 13369
       
     --------------------------------------------------------------------------------------------
     **MPI** Parallelization Status                                      
     --------------------------------------------------------------------------------------------
                   160                  10             1             1            16
     --------------------------------------------------------------------------------------------
                     N         =         I      X      P      X      B      X      Z
                     ^                   ^             ^             ^             ^
                     |                   |             |             |             |
                   #rnk                  |             |             |             |
                                      #image           |             |             |
                                                     #pool           |             |
                                                                   #bgrp           |
                                                                                 #R&G
     --------------------------------------------------------------------------------------------
     **OPENMP** Parallelization Status
     #thr/rnk               =            1
     --------------------------------------------------------------------------------------------
     #prc = (rnk) * (thr) =          160
     --------------------------------------------------------------------------------------------
       
     --------------------------------------------------------------------------------------------
     I/O Summary : input_west                                            
     --------------------------------------------------------------------------------------------
     qe_prefix      = ch3sh
     west_prefix    = ch3sh
     outdir         = ./
     --------------------------------------------------------------------------------------------
       
     --------------------------------------------------------------------------------------------
     I/O Summary : wstat_control                                         
     --------------------------------------------------------------------------------------------
     wstat_calculation              =              S
     n_pdep_eigen                   =            100
     n_kin_pdep_eigen               =            400
     n_lindhard_eigen               =              0
     n_pdep_times                   =              4
     n_pdep_maxiter                 =            100
     n_dfpt_maxiter                 =            250
     n_pdep_read_from_file          =              0
     trev_pdep                      =   1.000000E-03
     trev_pdep_rel                  =   1.000000E-01
     tr2_dfpt                       =   1.000000E-12
     l_kinetic_only                 =              F
     l_minimize_exx_if_active       =              F
     l_use_ecutrho                  =              F
     l_pure_eigen                   =              F
     --------------------------------------------------------------------------------------------

     Reading data from directory:
     ./ch3sh.save

   Info: using nr1, nr2, nr3 values from input

   Info: using nr1, nr2, nr3 values from input

     IMPORTANT: XC functional enforced from input :
     Exchange-correlation      = PBE ( 1  4  3  4 0 0)
     Any further DFT definition will be discarded
     Please, verify this is what you really want

     Message from routine readpp:
     file ./ch3sh.save/C_ONCV_PBE-1.0.upf not found
     Message from routine readpp:
     file ./ch3sh.save/S_ONCV_PBE-1.0.upf not found
     Message from routine readpp:
     file ./ch3sh.save/H_ONCV_PBE-1.0.upf not found
 
     Parallelization info
     --------------------
     sticks:   dense  smooth     PW     G-vecs:    dense   smooth      PW
     Min        1520    1520    379               178660   178660   22323
     Max        1522    1522    384               178666   178666   22328
     Sum       24345   24345   6093              2858633  2858633  357213
 
       
     --------------------------------------------------------------------------------------------
     System Overview                                                     
     --------------------------------------------------------------------------------------------
     gamma_only           =              T
     ecutwfc [Ry]         =      85.000000
     omega [au^3]         =   2.700000E+04
     glob. #G             =         178607
     nbnd                 =            100
     nkstot               =              1
     nspin                =              1
     nelec                =      14.000000
     npol                 =              1
     lsda                 =              F
     noncolin             =              F
     lspinorb             =              F
     domag                =              F
     --------------------------------------------------------------------------------------------

     sFFT G-space:  1429317 G-vectors     R-space: ( 180, 180, 180)
     dFFT G-space:  1429317 G-vectors     R-space: ( 180, 180, 180)

     Cell [a.u.]          =      30.000000      0.000000      0.000000
                          =       0.000000     30.000000      0.000000
                          =       0.000000      0.000000     30.000000
      
     number of ks points=     1
                       cart. coord. in units 2pi/alat
        k(    1) = (   0.0000000   0.0000000   0.0000000), wk =   2.0000000

                       cryst. coord.
        k(    1) = (   0.0000000   0.0000000   0.0000000), wk =   2.0000000
 
     Spherical div        =   1.654268E-01
     Orthorombic div      =   1.628502E-01
       
     --------------------------------------------------------------------------------------------
     Parallelization for nvecx                                           
     --------------------------------------------------------------------------------------------
     nglob                =            400
     nlevel               =             10
     Min nglob/nlevel     =             40
     Max nglob/nlevel     =             40
     --------------------------------------------------------------------------------------------

     [MEM] ----------------------------------------------------------
     [MEM] **Memory** analysis: QE
     [MEM] ----------------------------------------------------------
     [MEM] Allocated arrays           est. size (Mb)     dimensions
     [MEM] ----------------------------------------------------------
     [MEM] Kohn-Sham Wavefunctions      17.03 Mb     (  11164,  100)
     [MEM] NL pseudopotentials           4.09 Mb     (  11164,   24)
     [MEM] Each V/rho on FFT grid        5.93 Mb     ( 388800)
     [MEM] Each G-vector array           0.68 Mb     (  89333)
     [MEM] G-vector shells               0.05 Mb     (   6125)
     [MEM] ----------------------------------------------------------
     [MEM] TOT                          27.78 Mb
     [MEM] ----------------------------------------------------------
     [MEM] 
     [MEM] ----------------------------------------------------------
     [MEM] **Memory** analysis: WSTAT global
     [MEM] ----------------------------------------------------------
     [MEM] Allocated arrays           est. size (Mb)     dimensions
     [MEM] ----------------------------------------------------------
     [MEM] dvg                           6.81 Mb     (  11164,   40)
     [MEM] dng                           6.81 Mb     (  11164,   40)
     [MEM] hr_distr                      0.12 Mb     (    400,   40)
     [MEM] vr_distr                      0.12 Mb     (    400,   40)
     [MEM] ----------------------------------------------------------
     [MEM] TOT                          13.87 Mb
     [MEM] ----------------------------------------------------------
     [MEM] 
     [MEM] ----------------------------------------------------------
     [MEM] **Memory** analysis: WSTAT temporary
     [MEM] ----------------------------------------------------------
     [MEM] Allocated arrays           est. size (Mb)     dimensions
     [MEM] ----------------------------------------------------------
     [MEM] dvpsi                         1.19 Mb     (  11164,    7)
     [MEM] dpsi                          1.19 Mb     (  11164,    7)
     [MEM] ----------------------------------------------------------
     [MEM] Total estimate                2.38 Mb
     [MEM] ----------------------------------------------------------

                       *----------*              *----------*               *----------*
     #     Iteration = | starting |   DFPT_dim = |      100 |   Diago_dim = |      100 |  x 1/2
                       *----------*              *----------*               *----------*
     per-process dynamical memory   123.9 Mb
  
       
     --------------------------------------------------------------------------------------------
     Sternheimer eq. solver... with lite-solver                          
     --------------------------------------------------------------------------------------------
     in progress... |##                  | 010% :               00.2s (E)               02.6s (X)
     in progress... |####                | 020% :               00.5s (E)               02.6s (X)
     in progress... |######              | 030% :               00.7s (E)               02.5s (X)
     in progress... |########            | 040% :               01.0s (E)               02.5s (X)
     in progress... |##########          | 050% :               01.2s (E)               02.5s (X)
     in progress... |############        | 060% :               01.5s (E)               02.5s (X)
     in progress... |##############      | 070% :               01.7s (E)               02.5s (X)
     in progress... |################    | 080% :               02.0s (E)               02.5s (X)
     in progress... |##################  | 090% :               02.3s (E)               02.5s (X)
     in progress... |####################| 100% :               02.5s (E)               02.5s (X)
     --------------------------------------------------------------------------------------------

     [I/O] -------------------------------------------------------
     [I/O] RESTART written in < 00.1s             
     [I/O] In location   : ./ch3sh_100_400.wstat.restart
     [I/O] -------------------------------------------------------

                       *----------*              *----------*               *----------*
     #     Iteration = | starting |   DFPT_dim = |      100 |   Diago_dim = |      100 |  x 2/2
                       *----------*              *----------*               *----------*
     per-process dynamical memory   129.9 Mb
  
       
     --------------------------------------------------------------------------------------------
     Sternheimer eq. solver... with threshold =   1.000000E-06           
     --------------------------------------------------------------------------------------------
     in progress... |##                  | 010% :               03.5s (E)               35.1s (X)
     in progress... |####                | 020% :               07.0s (E)               35.0s (X)
     in progress... |######              | 030% :               10.5s (E)               35.1s (X)
     in progress... |########            | 040% :               14.0s (E)               35.1s (X)
     in progress... |##########          | 050% :               17.5s (E)               35.1s (X)
     in progress... |############        | 060% :               21.0s (E)               35.0s (X)
     in progress... |##############      | 070% :               24.4s (E)               34.9s (X)
     in progress... |################    | 080% :               27.8s (E)               34.8s (X)
     in progress... |##################  | 090% :               31.2s (E)               34.7s (X)
     in progress... |####################| 100% :               34.6s (E)               34.6s (X)
     --------------------------------------------------------------------------------------------
     p-DIAGOX done in < 00.1s with a SCALAPACK grid (3x3)
     --------------------------------------------------------------------------------------------
        
       -2.15519  -1.78178  -1.46404  -1.38256  -1.23176  -0.85578  -0.84857  -0.80492  -0.66656
       -0.64977  -0.62870  -0.56060  -0.51080  -0.48899  -0.48172  -0.44228  -0.43113  -0.40674
       -0.39163  -0.38487  -0.37947  -0.36728  -0.34018  -0.32722  -0.31733  -0.31412  -0.28524
       -0.26641  -0.26258  -0.25923  -0.24802  -0.21345  -0.19610  -0.19502  -0.18959  -0.18109
       -0.16994  -0.16515  -0.15293  -0.14703  -0.14065  -0.13746  -0.13519  -0.12971  -0.12541
       -0.11773  -0.11118  -0.10545  -0.09924  -0.09833  -0.09303  -0.09068  -0.08989  -0.08576
       -0.08444  -0.08163  -0.07974  -0.07751  -0.07368  -0.07108  -0.06612  -0.06460  -0.06314
       -0.06201  -0.06188  -0.05909  -0.05719  -0.05633  -0.05264  -0.05184  -0.05053  -0.04856
       -0.04758  -0.04704  -0.04616  -0.04268  -0.04219  -0.04169  -0.04051  -0.03850  -0.03783
       -0.03695  -0.03605  -0.03566  -0.03244  -0.03097  -0.03049  -0.03002  -0.02848  -0.02820
       -0.02729  -0.02721  -0.02565  -0.02420  -0.02256  -0.02180  -0.02164  -0.01859  -0.01834
       -0.01561
        
     --------------------------------------------------------------------------------------------
     Tot. elapsed time 01m-00.4s,  time spent in last iteration 01m-00.4s
     --------------------------------------------------------------------------------------------

     [I/O] -------------------------------------------------------
     [I/O] RESTART written in < 00.1s             
     [I/O] In location   : ./ch3sh_100_400.wstat.restart
     [I/O] -------------------------------------------------------

                       *----------*              *----------*               *----------*
     #     Iteration = |        1 |   DFPT_dim = |      100 |   Diago_dim = |      200 |
                       *----------*              *----------*               *----------*
     per-process dynamical memory   137.8 Mb
  
       
     --------------------------------------------------------------------------------------------
     Sternheimer eq. solver... with threshold =   1.000000E-12           
     --------------------------------------------------------------------------------------------
     in progress... |##                  | 010% :               05.5s (E)               55.0s (X)
     in progress... |####                | 020% :               10.9s (E)               54.5s (X)
     in progress... |######              | 030% :               16.2s (E)               54.3s (X)
     in progress... |########            | 040% :               21.6s (E)               54.1s (X)
     in progress... |##########          | 050% :               27.0s (E)               54.1s (X)
     in progress... |############        | 060% :               32.4s (E)               54.0s (X)
     in progress... |##############      | 070% :               37.7s (E)               53.9s (X)
     in progress... |################    | 080% :               42.9s (E)               53.7s (X)
     in progress... |##################  | 090% :               48.3s (E)               53.7s (X)
     in progress... |####################| 100% :               53.5s (E)               53.5s (X)
     --------------------------------------------------------------------------------------------
     p-DIAGOX done in 00.1s with a SCALAPACK grid (6x6)
     --------------------------------------------------------------------------------------------
        
       -2.25231  -1.78948  -1.46872  -1.46856  -1.27427  -0.86088  -0.85550  -0.82192  -0.69157
       -0.66689  -0.64080  -0.58048  -0.52588  -0.52009  -0.50239  -0.46428  -0.45275  -0.42853
       -0.40843  -0.40267  -0.39882  -0.38293  -0.35971  -0.35065  -0.34246  -0.33616  -0.30287
       -0.28387  -0.27762  -0.27407  -0.26940  -0.26341  -0.22742  -0.22137  -0.21687  -0.20714
       -0.20361  -0.19223  -0.18062  -0.17912  -0.17591  -0.15990  -0.15750  -0.15528  -0.14700
       -0.14455  -0.13780  -0.12919  -0.12334  -0.12304  -0.11729  -0.11635  -0.11331  -0.10888
       -0.10624  -0.10483  -0.10095  -0.10017  -0.09777  -0.09624  -0.09442  -0.09015  -0.08868
       -0.08656  -0.08442  -0.08283  -0.08150  -0.08105  -0.07772  -0.07639  -0.07381  -0.07230
       -0.07061  -0.06959  -0.06836  -0.06771  -0.06618  -0.06584  -0.06367  -0.06110  -0.06001
       -0.05876  -0.05784  -0.05691  -0.05596  -0.05434  -0.05418  -0.05353  -0.05284  -0.05052
       -0.05014  -0.04959  -0.04872  -0.04751  -0.04631  -0.04560  -0.04467  -0.04404  -0.04361
       -0.04288
        
     --------------------------------------------------------------------------------------------
     Tot. elapsed time 02m-19.7s,  time spent in last iteration 01m-01.2s
     --------------------------------------------------------------------------------------------

     [I/O] -------------------------------------------------------
     [I/O] RESTART written in < 00.1s             
     [I/O] In location   : ./ch3sh_100_400.wstat.restart
     [I/O] -------------------------------------------------------

                       *----------*              *----------*               *----------*
     #     Iteration = |        2 |   DFPT_dim = |      100 |   Diago_dim = |      300 |
                       *----------*              *----------*               *----------*
     per-process dynamical memory   137.8 Mb
  
       
     --------------------------------------------------------------------------------------------
     Sternheimer eq. solver... with threshold =   1.000000E-12           
     --------------------------------------------------------------------------------------------
     in progress... |##                  | 010% :               05.2s (E)               52.4s (X)
     in progress... |####                | 020% :               10.4s (E)               52.2s (X)
     in progress... |######              | 030% :               15.7s (E)               52.4s (X)
     in progress... |########            | 040% :               20.9s (E)               52.3s (X)
     in progress... |##########          | 050% :               26.2s (E)               52.4s (X)
     in progress... |############        | 060% :               31.3s (E)               52.3s (X)
     in progress... |##############      | 070% :               36.6s (E)               52.3s (X)
     in progress... |################    | 080% :               41.9s (E)               52.3s (X)
     in progress... |##################  | 090% :               47.1s (E)               52.3s (X)
     in progress... |####################| 100% :               52.2s (E)               52.2s (X)
     --------------------------------------------------------------------------------------------
     p-DIAGOX done in < 00.1s with a SCALAPACK grid (9x9)
     --------------------------------------------------------------------------------------------
        
       -2.25232  -1.78948  -1.46872  -1.46856  -1.27428  -0.86088  -0.85550  -0.82193  -0.69158
       -0.66690  -0.64081  -0.58049  -0.52590  -0.52010  -0.50240  -0.46430  -0.45275  -0.42855
       -0.40844  -0.40268  -0.39886  -0.38296  -0.35973  -0.35067  -0.34248  -0.33619  -0.30291
       -0.28392  -0.27772  -0.27410  -0.26946  -0.26363  -0.22759  -0.22151  -0.21700  -0.20730
       -0.20376  -0.19242  -0.18091  -0.17945  -0.17622  -0.16014  -0.15775  -0.15567  -0.14723
       -0.14501  -0.13852  -0.12960  -0.12366  -0.12357  -0.11777  -0.11699  -0.11373  -0.10947
       -0.10703  -0.10521  -0.10150  -0.10099  -0.09869  -0.09730  -0.09555  -0.09090  -0.08965
       -0.08728  -0.08551  -0.08354  -0.08247  -0.08246  -0.07893  -0.07778  -0.07538  -0.07398
       -0.07182  -0.07126  -0.07002  -0.06968  -0.06776  -0.06773  -0.06629  -0.06317  -0.06254
       -0.06026  -0.06012  -0.05980  -0.05830  -0.05718  -0.05686  -0.05586  -0.05520  -0.05430
       -0.05265  -0.05256  -0.05148  -0.05040  -0.04974  -0.04964  -0.04905  -0.04826  -0.04753
       -0.04648
        
     --------------------------------------------------------------------------------------------
     Tot. elapsed time 03m-56.4s,  time spent in last iteration 01m-00.6s
     --------------------------------------------------------------------------------------------

     [I/O] -------------------------------------------------------
     [I/O] RESTART written in < 00.1s             
     [I/O] In location   : ./ch3sh_100_400.wstat.restart
     [I/O] -------------------------------------------------------

                       *----------*              *----------*               *----------*
     #     Iteration = |        3 |   DFPT_dim = |       36 |   Diago_dim = |      336 |
                       *----------*              *----------*               *----------*
     per-process dynamical memory   137.8 Mb
  
       
     --------------------------------------------------------------------------------------------
     Sternheimer eq. solver... with threshold =   1.000000E-12           
     --------------------------------------------------------------------------------------------
     in progress... |#####               | 025% :               05.1s (E)               20.6s (X)
     in progress... |##########          | 050% :               10.2s (E)               20.5s (X)
     in progress... |###############     | 075% :               15.4s (E)               20.6s (X)
     in progress... |####################| 100% :               20.6s (E)               20.6s (X)
     --------------------------------------------------------------------------------------------
     p-DIAGOX done in 00.1s with a SCALAPACK grid (10x10)
     --------------------------------------------------------------------------------------------
        
       -2.25232  -1.78948  -1.46872  -1.46856  -1.27428  -0.86088  -0.85550  -0.82193  -0.69158
       -0.66690  -0.64081  -0.58049  -0.52590  -0.52010  -0.50240  -0.46430  -0.45275  -0.42855
       -0.40844  -0.40268  -0.39886  -0.38296  -0.35973  -0.35067  -0.34248  -0.33619  -0.30291
       -0.28392  -0.27772  -0.27410  -0.26946  -0.26363  -0.22759  -0.22151  -0.21700  -0.20730
       -0.20376  -0.19242  -0.18091  -0.17945  -0.17622  -0.16014  -0.15775  -0.15567  -0.14723
       -0.14501  -0.13852  -0.12960  -0.12366  -0.12357  -0.11777  -0.11699  -0.11373  -0.10947
       -0.10703  -0.10521  -0.10150  -0.10100  -0.09870  -0.09731  -0.09555  -0.09090  -0.08965
       -0.08728  -0.08552  -0.08354  -0.08248  -0.08248  -0.07894  -0.07780  -0.07540  -0.07400
       -0.07183  -0.07128  -0.07006  -0.06970  -0.06779  -0.06775  -0.06634  -0.06325  -0.06258
       -0.06031  -0.06017  -0.05990  -0.05836  -0.05725  -0.05695  -0.05594  -0.05526  -0.05440
       -0.05274  -0.05272  -0.05156  -0.05051  -0.04988  -0.04978  -0.04927  -0.04848  -0.04771
       -0.04664
        
     --------------------------------------------------------------------------------------------
     Tot. elapsed time 05m-15.7s,  time spent in last iteration 24.7s
     --------------------------------------------------------------------------------------------
      
     --------------------------------------------------------------------------------------------
     Database written in 09.4s               
     In location : ./ch3sh_100_400.wstat.save
     --------------------------------------------------------------------------------------------
       
     --------------------------------------------------------------------------------------------
     Convergence achieved !!! in        3 steps                          
     --------------------------------------------------------------------------------------------
       
     --------------------------------------------------------------------------------------------
     ** Now compute kinetic eigenpotentials **                           
     --------------------------------------------------------------------------------------------
       
     --------------------------------------------------------------------------------------------
     Parallelization for newnvecx                                        
     --------------------------------------------------------------------------------------------
     nglob                =           1600
     nlevel               =             10
     Min nglob/nlevel     =            160
     Max nglob/nlevel     =            160
     --------------------------------------------------------------------------------------------
       
     --------------------------------------------------------------------------------------------
     Parallelization for merge_nvecx                                     
     --------------------------------------------------------------------------------------------
     nglob                =           2000
     nlevel               =             10
     Min nglob/nlevel     =            200
     Max nglob/nlevel     =            200
     --------------------------------------------------------------------------------------------

                       *----------*              *----------*               *----------*
     #     Iteration = | starting |   DFPT_dim = |      400 |   Diago_dim = |      400 |  x 1/2
                       *----------*              *----------*               *----------*
       
     --------------------------------------------------------------------------------------------
     Applying projection operator formed by dvg                          
     --------------------------------------------------------------------------------------------
     per-process dynamical memory   236.9 Mb
  
       
     --------------------------------------------------------------------------------------------
     Sternheimer eq. solver... with lite-solver                          
     --------------------------------------------------------------------------------------------
     in progress... |#                   | 005% :               00.5s (E)               10.3s (X)
     in progress... |##                  | 010% :               01.0s (E)               10.3s (X)
     in progress... |###                 | 015% :               01.5s (E)               10.2s (X)
     in progress... |####                | 020% :               02.0s (E)               10.2s (X)
     in progress... |#####               | 025% :               02.5s (E)               10.2s (X)
     in progress... |######              | 030% :               03.0s (E)               10.2s (X)
     in progress... |#######             | 035% :               03.5s (E)               10.2s (X)
     in progress... |########            | 040% :               04.1s (E)               10.2s (X)
     in progress... |#########           | 045% :               04.6s (E)               10.2s (X)
     in progress... |##########          | 050% :               05.1s (E)               10.2s (X)
     in progress... |###########         | 055% :               05.6s (E)               10.2s (X)
     in progress... |############        | 060% :               06.1s (E)               10.2s (X)
     in progress... |#############       | 065% :               06.6s (E)               10.2s (X)
     in progress... |##############      | 070% :               07.1s (E)               10.2s (X)
     in progress... |###############     | 075% :               07.6s (E)               10.2s (X)
     in progress... |################    | 080% :               08.2s (E)               10.2s (X)
     in progress... |#################   | 085% :               08.7s (E)               10.2s (X)
     in progress... |##################  | 090% :               09.2s (E)               10.2s (X)
     in progress... |################### | 095% :               09.7s (E)               10.2s (X)
     in progress... |####################| 100% :               10.2s (E)               10.2s (X)
       
     --------------------------------------------------------------------------------------------
     Applying projection operator formed by dvg                          
     --------------------------------------------------------------------------------------------
     --------------------------------------------------------------------------------------------

     [I/O] -------------------------------------------------------
     [I/O] RESTART written in < 00.1s             
     [I/O] In location   : ./ch3sh_100_400.wstat.restart
     [I/O] -------------------------------------------------------

                       *----------*              *----------*               *----------*
     #     Iteration = | starting |   DFPT_dim = |      400 |   Diago_dim = |      400 |  x 2/2
                       *----------*              *----------*               *----------*
       
     --------------------------------------------------------------------------------------------
     Applying projection operator formed by dvg                          
     --------------------------------------------------------------------------------------------
     per-process dynamical memory   236.9 Mb
  
       
     --------------------------------------------------------------------------------------------
     Sternheimer eq. solver... with threshold =   1.000000E-06           
     --------------------------------------------------------------------------------------------
     in progress... |#                   | 005% :               00.7s (E)               15.1s (X)
     in progress... |##                  | 010% :               01.5s (E)               15.0s (X)
     in progress... |###                 | 015% :               02.2s (E)               15.0s (X)
     in progress... |####                | 020% :               03.0s (E)               15.0s (X)
     in progress... |#####               | 025% :               03.7s (E)               15.0s (X)
     in progress... |######              | 030% :               04.4s (E)               14.9s (X)
     in progress... |#######             | 035% :               05.2s (E)               14.9s (X)
     in progress... |########            | 040% :               05.9s (E)               14.8s (X)
     in progress... |#########           | 045% :               06.6s (E)               14.8s (X)
     in progress... |##########          | 050% :               07.4s (E)               14.8s (X)
     in progress... |###########         | 055% :               08.1s (E)               14.8s (X)
     in progress... |############        | 060% :               08.8s (E)               14.8s (X)
     in progress... |#############       | 065% :               09.6s (E)               14.7s (X)
     in progress... |##############      | 070% :               10.3s (E)               14.7s (X)
     in progress... |###############     | 075% :               11.0s (E)               14.7s (X)
     in progress... |################    | 080% :               11.8s (E)               14.7s (X)
     in progress... |#################   | 085% :               12.5s (E)               14.7s (X)
     in progress... |##################  | 090% :               13.2s (E)               14.7s (X)
     in progress... |################### | 095% :               13.9s (E)               14.7s (X)
     in progress... |####################| 100% :               14.7s (E)               14.7s (X)
       
     --------------------------------------------------------------------------------------------
     Applying projection operator formed by dvg                          
     --------------------------------------------------------------------------------------------
     --------------------------------------------------------------------------------------------
     p-DIAGOX done in 00.3s with a SCALAPACK grid (12x12)
     --------------------------------------------------------------------------------------------
        
       -0.03764  -0.03665  -0.03657  -0.03638  -0.03527  -0.03469  -0.03412  -0.03401  -0.03369
       -0.03342  -0.03260  -0.03233  -0.03216  -0.03145  -0.03121  -0.03098  -0.03002  -0.02974
       -0.02967  -0.02943  -0.02926  -0.02839  -0.02795  -0.02763  -0.02748  -0.02738  -0.02722
       -0.02628  -0.02617  -0.02589  -0.02583  -0.02566  -0.02526  -0.02509  -0.02477  -0.02459
       -0.02443  -0.02420  -0.02396  -0.02368  -0.02361  -0.02296  -0.02287  -0.02275  -0.02263
       -0.02205  -0.02197  -0.02176  -0.02172  -0.02162  -0.02142  -0.02116  -0.02090  -0.02048
       -0.02045  -0.02021  -0.02008  -0.02006  -0.02000  -0.01969  -0.01957  -0.01947  -0.01926
       -0.01916  -0.01902  -0.01898  -0.01875  -0.01862  -0.01833  -0.01801  -0.01778  -0.01769
       -0.01754  -0.01752  -0.01724  -0.01714  -0.01708  -0.01699  -0.01679  -0.01661  -0.01641
       -0.01613  -0.01609  -0.01591  -0.01589  -0.01571  -0.01560  -0.01548  -0.01536  -0.01522
       -0.01509  -0.01502  -0.01489  -0.01484  -0.01477  -0.01468  -0.01449  -0.01441  -0.01428
       -0.01411  -0.01403  -0.01392  -0.01384  -0.01364  -0.01347  -0.01341  -0.01336  -0.01332
       -0.01315  -0.01302  -0.01296  -0.01284  -0.01275  -0.01267  -0.01254  -0.01247  -0.01243
       -0.01220  -0.01213  -0.01204  -0.01199  -0.01192  -0.01180  -0.01176  -0.01163  -0.01161
       -0.01147  -0.01138  -0.01127  -0.01122  -0.01111  -0.01108  -0.01098  -0.01092  -0.01082
       -0.01075  -0.01072  -0.01065  -0.01052  -0.01047  -0.01039  -0.01031  -0.01023  -0.01015
       -0.01013  -0.01006  -0.01000  -0.00991  -0.00983  -0.00979  -0.00974  -0.00964  -0.00959
       -0.00947  -0.00937  -0.00932  -0.00922  -0.00920  -0.00914  -0.00913  -0.00906  -0.00903
       -0.00899  -0.00889  -0.00884  -0.00880  -0.00877  -0.00868  -0.00864  -0.00857  -0.00847
       -0.00844  -0.00840  -0.00834  -0.00826  -0.00825  -0.00818  -0.00813  -0.00809  -0.00799
       -0.00797  -0.00794  -0.00788  -0.00781  -0.00774  -0.00770  -0.00764  -0.00761  -0.00754
       -0.00751  -0.00746  -0.00743  -0.00732  -0.00731  -0.00730  -0.00718  -0.00716  -0.00710
       -0.00707  -0.00700  -0.00696  -0.00694  -0.00691  -0.00685  -0.00681  -0.00675  -0.00675
       -0.00674  -0.00670  -0.00664  -0.00656  -0.00653  -0.00648  -0.00646  -0.00640  -0.00637
       -0.00628  -0.00625  -0.00621  -0.00618  -0.00611  -0.00608  -0.00601  -0.00599  -0.00597
       -0.00595  -0.00586  -0.00585  -0.00581  -0.00579  -0.00575  -0.00571  -0.00568  -0.00561
       -0.00560  -0.00555  -0.00550  -0.00549  -0.00546  -0.00544  -0.00536  -0.00535  -0.00530
       -0.00527  -0.00524  -0.00521  -0.00516  -0.00515  -0.00508  -0.00507  -0.00501  -0.00498
       -0.00498  -0.00491  -0.00490  -0.00486  -0.00485  -0.00481  -0.00478  -0.00474  -0.00471
       -0.00469  -0.00466  -0.00461  -0.00459  -0.00456  -0.00453  -0.00450  -0.00446  -0.00443
       -0.00438  -0.00436  -0.00435  -0.00433  -0.00429  -0.00427  -0.00423  -0.00422  -0.00417
       -0.00415  -0.00411  -0.00409  -0.00408  -0.00404  -0.00399  -0.00397  -0.00394  -0.00393
       -0.00390  -0.00389  -0.00386  -0.00385  -0.00383  -0.00378  -0.00376  -0.00372  -0.00367
       -0.00366  -0.00362  -0.00360  -0.00357  -0.00355  -0.00353  -0.00350  -0.00349  -0.00346
       -0.00343  -0.00340  -0.00338  -0.00337  -0.00335  -0.00330  -0.00328  -0.00326  -0.00324
       -0.00320  -0.00317  -0.00317  -0.00315  -0.00313  -0.00311  -0.00309  -0.00305  -0.00303
       -0.00302  -0.00299  -0.00297  -0.00292  -0.00291  -0.00288  -0.00286  -0.00285  -0.00283
       -0.00280  -0.00280  -0.00276  -0.00274  -0.00272  -0.00271  -0.00268  -0.00266  -0.00263
       -0.00259  -0.00258  -0.00255  -0.00251  -0.00250  -0.00250  -0.00248  -0.00247  -0.00244
       -0.00241  -0.00240  -0.00237  -0.00233  -0.00231  -0.00230  -0.00227  -0.00225  -0.00224
       -0.00219  -0.00218  -0.00215  -0.00215  -0.00212  -0.00209  -0.00208  -0.00207  -0.00204
       -0.00203  -0.00202  -0.00199  -0.00198  -0.00195  -0.00194  -0.00190  -0.00188  -0.00187
       -0.00187  -0.00185  -0.00182  -0.00181  -0.00179  -0.00175  -0.00174  -0.00173  -0.00171
       -0.00170  -0.00166  -0.00164  -0.00161  -0.00158  -0.00156  -0.00153  -0.00151  -0.00150
       -0.00147  -0.00143  -0.00142  -0.00126
        
     --------------------------------------------------------------------------------------------
     Tot. elapsed time 01m-45.1s,  time spent in last iteration 01m-45.1s
     --------------------------------------------------------------------------------------------

     [I/O] -------------------------------------------------------
     [I/O] RESTART written in < 00.1s             
     [I/O] In location   : ./ch3sh_100_400.wstat.restart
     [I/O] -------------------------------------------------------

                       *----------*              *----------*               *----------*
     #     Iteration = |        1 |   DFPT_dim = |      400 |   Diago_dim = |      800 |
                       *----------*              *----------*               *----------*
       
     --------------------------------------------------------------------------------------------
     Applying projection operator formed by dvg                          
     --------------------------------------------------------------------------------------------
     per-process dynamical memory   229.2 Mb
  
       
     --------------------------------------------------------------------------------------------
     Sternheimer eq. solver... with threshold =   1.000000E-12           
     --------------------------------------------------------------------------------------------
     in progress... |#                   | 005% :               00.8s (E)               17.7s (X)
     in progress... |##                  | 010% :               01.8s (E)               18.3s (X)
     in progress... |###                 | 015% :               02.7s (E)               18.1s (X)
     in progress... |####                | 020% :               03.6s (E)               18.0s (X)
     in progress... |#####               | 025% :               04.4s (E)               17.9s (X)
     in progress... |######              | 030% :               05.3s (E)               17.9s (X)
     in progress... |#######             | 035% :               06.2s (E)               17.9s (X)
     in progress... |########            | 040% :               07.1s (E)               17.8s (X)
     in progress... |#########           | 045% :               08.0s (E)               17.8s (X)
     in progress... |##########          | 050% :               08.9s (E)               17.8s (X)
     in progress... |###########         | 055% :               09.8s (E)               17.8s (X)
     in progress... |############        | 060% :               10.6s (E)               17.8s (X)
     in progress... |#############       | 065% :               11.5s (E)               17.7s (X)
     in progress... |##############      | 070% :               12.4s (E)               17.7s (X)
     in progress... |###############     | 075% :               13.3s (E)               17.7s (X)
     in progress... |################    | 080% :               14.1s (E)               17.7s (X)
     in progress... |#################   | 085% :               15.0s (E)               17.7s (X)
     in progress... |##################  | 090% :               15.9s (E)               17.7s (X)
     in progress... |################### | 095% :               16.8s (E)               17.7s (X)
     in progress... |####################| 100% :               17.6s (E)               17.6s (X)
       
     --------------------------------------------------------------------------------------------
     Applying projection operator formed by dvg                          
     --------------------------------------------------------------------------------------------
     --------------------------------------------------------------------------------------------
     p-DIAGOX done in 00.4s with a SCALAPACK grid (12x12)
     --------------------------------------------------------------------------------------------
        
       -0.03794  -0.03692  -0.03689  -0.03679  -0.03570  -0.03496  -0.03466  -0.03436  -0.03397
       -0.03386  -0.03308  -0.03268  -0.03254  -0.03185  -0.03154  -0.03137  -0.03054  -0.03011
       -0.03001  -0.02990  -0.02961  -0.02878  -0.02838  -0.02808  -0.02807  -0.02778  -0.02774
       -0.02701  -0.02671  -0.02638  -0.02633  -0.02610  -0.02577  -0.02560  -0.02532  -0.02511
       -0.02509  -0.02467  -0.02463  -0.02417  -0.02409  -0.02353  -0.02343  -0.02332  -0.02309
       -0.02259  -0.02255  -0.02243  -0.02238  -0.02220  -0.02205  -0.02184  -0.02161  -0.02121
       -0.02104  -0.02083  -0.02081  -0.02077  -0.02060  -0.02043  -0.02031  -0.02017  -0.01982
       -0.01980  -0.01970  -0.01969  -0.01961  -0.01928  -0.01915  -0.01884  -0.01871  -0.01861
       -0.01855  -0.01849  -0.01805  -0.01798  -0.01785  -0.01780  -0.01771  -0.01767  -0.01735
       -0.01731  -0.01711  -0.01704  -0.01686  -0.01684  -0.01662  -0.01654  -0.01653  -0.01637
       -0.01633  -0.01614  -0.01612  -0.01600  -0.01585  -0.01583  -0.01567  -0.01561  -0.01547
       -0.01536  -0.01528  -0.01516  -0.01509  -0.01494  -0.01487  -0.01474  -0.01472  -0.01470
       -0.01463  -0.01443  -0.01437  -0.01432  -0.01417  -0.01409  -0.01395  -0.01393  -0.01382
       -0.01374  -0.01357  -0.01354  -0.01344  -0.01342  -0.01340  -0.01323  -0.01320  -0.01298
       -0.01294  -0.01286  -0.01281  -0.01272  -0.01259  -0.01259  -0.01253  -0.01249  -0.01243
       -0.01241  -0.01239  -0.01222  -0.01215  -0.01208  -0.01201  -0.01195  -0.01195  -0.01184
       -0.01179  -0.01169  -0.01155  -0.01152  -0.01149  -0.01142  -0.01139  -0.01137  -0.01131
       -0.01120  -0.01110  -0.01105  -0.01094  -0.01092  -0.01086  -0.01082  -0.01079  -0.01077
       -0.01061  -0.01051  -0.01049  -0.01047  -0.01043  -0.01042  -0.01035  -0.01029  -0.01023
       -0.01021  -0.01015  -0.01009  -0.01008  -0.01002  -0.00995  -0.00992  -0.00986  -0.00979
       -0.00976  -0.00974  -0.00970  -0.00961  -0.00957  -0.00953  -0.00951  -0.00948  -0.00944
       -0.00937  -0.00933  -0.00930  -0.00927  -0.00920  -0.00918  -0.00917  -0.00910  -0.00908
       -0.00901  -0.00896  -0.00893  -0.00891  -0.00886  -0.00882  -0.00877  -0.00873  -0.00870
       -0.00863  -0.00861  -0.00856  -0.00855  -0.00848  -0.00845  -0.00842  -0.00837  -0.00835
       -0.00827  -0.00825  -0.00819  -0.00819  -0.00817  -0.00813  -0.00804  -0.00803  -0.00799
       -0.00794  -0.00793  -0.00792  -0.00791  -0.00790  -0.00786  -0.00781  -0.00775  -0.00773
       -0.00765  -0.00765  -0.00763  -0.00760  -0.00757  -0.00756  -0.00749  -0.00747  -0.00745
       -0.00739  -0.00739  -0.00734  -0.00732  -0.00729  -0.00726  -0.00719  -0.00718  -0.00715
       -0.00714  -0.00711  -0.00709  -0.00706  -0.00703  -0.00701  -0.00695  -0.00694  -0.00692
       -0.00690  -0.00687  -0.00679  -0.00677  -0.00674  -0.00668  -0.00667  -0.00666  -0.00664
       -0.00659  -0.00654  -0.00653  -0.00652  -0.00650  -0.00647  -0.00645  -0.00643  -0.00641
       -0.00638  -0.00632  -0.00630  -0.00629  -0.00627  -0.00623  -0.00622  -0.00620  -0.00618
       -0.00617  -0.00616  -0.00609  -0.00608  -0.00606  -0.00605  -0.00600  -0.00597  -0.00595
       -0.00592  -0.00588  -0.00587  -0.00586  -0.00583  -0.00581  -0.00580  -0.00577  -0.00576
       -0.00574  -0.00571  -0.00569  -0.00566  -0.00563  -0.00561  -0.00560  -0.00558  -0.00556
       -0.00555  -0.00554  -0.00550  -0.00550  -0.00546  -0.00544  -0.00541  -0.00540  -0.00538
       -0.00536  -0.00535  -0.00534  -0.00529  -0.00527  -0.00525  -0.00523  -0.00520  -0.00519
       -0.00517  -0.00515  -0.00514  -0.00511  -0.00509  -0.00508  -0.00505  -0.00504  -0.00501
       -0.00500  -0.00499  -0.00496  -0.00494  -0.00492  -0.00490  -0.00488  -0.00486  -0.00483
       -0.00483  -0.00481  -0.00481  -0.00478  -0.00476  -0.00473  -0.00471  -0.00469  -0.00467
       -0.00466  -0.00465  -0.00464  -0.00460  -0.00458  -0.00456  -0.00455  -0.00453  -0.00451
       -0.00449  -0.00447  -0.00446  -0.00444  -0.00444  -0.00441  -0.00439  -0.00437  -0.00437
       -0.00435  -0.00432  -0.00430  -0.00430  -0.00428  -0.00424  -0.00424  -0.00422  -0.00420
       -0.00418  -0.00417  -0.00415  -0.00414  -0.00412  -0.00409  -0.00409  -0.00406  -0.00406
       -0.00404  -0.00403  -0.00401  -0.00400
        
     --------------------------------------------------------------------------------------------
     Tot. elapsed time 03m-24.9s,  time spent in last iteration 31.3s
     --------------------------------------------------------------------------------------------

     [I/O] -------------------------------------------------------
     [I/O] RESTART written in < 00.1s             
     [I/O] In location   : ./ch3sh_100_400.wstat.restart
     [I/O] -------------------------------------------------------

                       *----------*              *----------*               *----------*
     #     Iteration = |        2 |   DFPT_dim = |      320 |   Diago_dim = |     1120 |
                       *----------*              *----------*               *----------*
       
     --------------------------------------------------------------------------------------------
     Applying projection operator formed by dvg                          
     --------------------------------------------------------------------------------------------
     per-process dynamical memory   228.9 Mb
  
       
     --------------------------------------------------------------------------------------------
     Sternheimer eq. solver... with threshold =   1.000000E-12           
     --------------------------------------------------------------------------------------------
     in progress... |#                   | 005% :               00.8s (E)               17.5s (X)
     in progress... |##                  | 010% :               01.7s (E)               17.5s (X)
     in progress... |###                 | 015% :               02.1s (E)               14.5s (X)
     in progress... |####                | 020% :               03.0s (E)               15.3s (X)
     in progress... |#####               | 025% :               03.5s (E)               14.0s (X)
     in progress... |######              | 030% :               04.3s (E)               14.6s (X)
     in progress... |#######             | 035% :               05.2s (E)               15.0s (X)
     in progress... |########            | 040% :               05.7s (E)               14.2s (X)
     in progress... |#########           | 045% :               06.5s (E)               14.6s (X)
     in progress... |##########          | 050% :               07.0s (E)               14.0s (X)
     in progress... |###########         | 055% :               07.8s (E)               14.3s (X)
     in progress... |############        | 060% :               08.7s (E)               14.6s (X)
     in progress... |#############       | 065% :               09.2s (E)               14.1s (X)
     in progress... |##############      | 070% :               10.0s (E)               14.4s (X)
     in progress... |###############     | 075% :               10.5s (E)               14.0s (X)
     in progress... |################    | 080% :               11.3s (E)               14.2s (X)
     in progress... |#################   | 085% :               12.2s (E)               14.4s (X)
     in progress... |##################  | 090% :               12.7s (E)               14.1s (X)
     in progress... |################### | 095% :               13.5s (E)               14.2s (X)
     in progress... |####################| 100% :               14.0s (E)               14.0s (X)
       
     --------------------------------------------------------------------------------------------
     Applying projection operator formed by dvg                          
     --------------------------------------------------------------------------------------------
     --------------------------------------------------------------------------------------------
     p-DIAGOX done in 00.6s with a SCALAPACK grid (12x12)
     --------------------------------------------------------------------------------------------
        
       -0.03794  -0.03692  -0.03689  -0.03679  -0.03570  -0.03496  -0.03466  -0.03436  -0.03397
       -0.03386  -0.03308  -0.03268  -0.03254  -0.03185  -0.03154  -0.03137  -0.03054  -0.03011
       -0.03001  -0.02990  -0.02961  -0.02878  -0.02838  -0.02808  -0.02807  -0.02779  -0.02774
       -0.02701  -0.02671  -0.02638  -0.02633  -0.02611  -0.02577  -0.02560  -0.02532  -0.02511
       -0.02509  -0.02467  -0.02463  -0.02418  -0.02410  -0.02353  -0.02343  -0.02332  -0.02309
       -0.02259  -0.02255  -0.02243  -0.02239  -0.02220  -0.02205  -0.02184  -0.02162  -0.02121
       -0.02104  -0.02083  -0.02081  -0.02077  -0.02060  -0.02044  -0.02031  -0.02017  -0.01982
       -0.01980  -0.01970  -0.01970  -0.01961  -0.01929  -0.01916  -0.01885  -0.01872  -0.01862
       -0.01856  -0.01849  -0.01806  -0.01798  -0.01786  -0.01781  -0.01772  -0.01769  -0.01736
       -0.01732  -0.01712  -0.01705  -0.01687  -0.01685  -0.01664  -0.01655  -0.01655  -0.01638
       -0.01634  -0.01615  -0.01613  -0.01602  -0.01587  -0.01585  -0.01569  -0.01562  -0.01549
       -0.01538  -0.01530  -0.01518  -0.01511  -0.01497  -0.01489  -0.01476  -0.01475  -0.01475
       -0.01465  -0.01446  -0.01439  -0.01434  -0.01419  -0.01412  -0.01398  -0.01396  -0.01386
       -0.01377  -0.01360  -0.01357  -0.01348  -0.01345  -0.01344  -0.01327  -0.01323  -0.01302
       -0.01297  -0.01290  -0.01286  -0.01275  -0.01264  -0.01263  -0.01257  -0.01253  -0.01247
       -0.01245  -0.01243  -0.01226  -0.01219  -0.01212  -0.01206  -0.01200  -0.01199  -0.01189
       -0.01184  -0.01174  -0.01160  -0.01157  -0.01154  -0.01148  -0.01146  -0.01143  -0.01137
       -0.01127  -0.01116  -0.01112  -0.01102  -0.01099  -0.01092  -0.01089  -0.01087  -0.01084
       -0.01068  -0.01058  -0.01056  -0.01054  -0.01050  -0.01048  -0.01041  -0.01037  -0.01030
       -0.01029  -0.01023  -0.01019  -0.01016  -0.01010  -0.01003  -0.01001  -0.00995  -0.00989
       -0.00986  -0.00982  -0.00979  -0.00970  -0.00965  -0.00964  -0.00960  -0.00957  -0.00956
       -0.00947  -0.00943  -0.00939  -0.00939  -0.00930  -0.00930  -0.00926  -0.00920  -0.00919
       -0.00911  -0.00906  -0.00904  -0.00902  -0.00898  -0.00893  -0.00889  -0.00885  -0.00883
       -0.00879  -0.00875  -0.00869  -0.00868  -0.00863  -0.00862  -0.00854  -0.00854  -0.00852
       -0.00840  -0.00839  -0.00833  -0.00832  -0.00830  -0.00829  -0.00824  -0.00820  -0.00817
       -0.00813  -0.00811  -0.00810  -0.00807  -0.00806  -0.00800  -0.00797  -0.00793  -0.00789
       -0.00787  -0.00787  -0.00779  -0.00776  -0.00774  -0.00773  -0.00768  -0.00764  -0.00762
       -0.00760  -0.00760  -0.00757  -0.00754  -0.00750  -0.00750  -0.00743  -0.00739  -0.00736
       -0.00734  -0.00734  -0.00732  -0.00729  -0.00725  -0.00722  -0.00721  -0.00720  -0.00714
       -0.00710  -0.00707  -0.00701  -0.00699  -0.00699  -0.00693  -0.00693  -0.00692  -0.00688
       -0.00688  -0.00683  -0.00681  -0.00680  -0.00677  -0.00676  -0.00676  -0.00672  -0.00667
       -0.00663  -0.00659  -0.00657  -0.00656  -0.00654  -0.00653  -0.00650  -0.00649  -0.00646
       -0.00644  -0.00644  -0.00643  -0.00638  -0.00637  -0.00634  -0.00632  -0.00629  -0.00629
       -0.00625  -0.00623  -0.00621  -0.00617  -0.00616  -0.00613  -0.00612  -0.00609  -0.00608
       -0.00607  -0.00606  -0.00602  -0.00600  -0.00599  -0.00596  -0.00595  -0.00594  -0.00590
       -0.00590  -0.00588  -0.00587  -0.00584  -0.00583  -0.00582  -0.00579  -0.00575  -0.00574
       -0.00573  -0.00572  -0.00570  -0.00570  -0.00567  -0.00566  -0.00563  -0.00561  -0.00560
       -0.00557  -0.00555  -0.00553  -0.00551  -0.00550  -0.00549  -0.00547  -0.00545  -0.00543
       -0.00542  -0.00540  -0.00538  -0.00538  -0.00535  -0.00534  -0.00533  -0.00533  -0.00531
       -0.00526  -0.00526  -0.00525  -0.00524  -0.00522  -0.00522  -0.00520  -0.00516  -0.00515
       -0.00513  -0.00512  -0.00511  -0.00508  -0.00507  -0.00505  -0.00504  -0.00503  -0.00502
       -0.00500  -0.00499  -0.00498  -0.00497  -0.00493  -0.00491  -0.00491  -0.00490  -0.00488
       -0.00487  -0.00485  -0.00484  -0.00484  -0.00482  -0.00479  -0.00478  -0.00474  -0.00474
       -0.00474  -0.00471  -0.00470  -0.00470  -0.00467  -0.00467  -0.00465  -0.00462  -0.00462
       -0.00461  -0.00460  -0.00458  -0.00457
        
     --------------------------------------------------------------------------------------------
     Tot. elapsed time 05m-03.6s,  time spent in last iteration 29.7s
     --------------------------------------------------------------------------------------------

     [I/O] -------------------------------------------------------
     [I/O] RESTART written in < 00.1s             
     [I/O] In location   : ./ch3sh_100_400.wstat.restart
     [I/O] -------------------------------------------------------

                       *----------*              *----------*               *----------*
     #     Iteration = |        3 |   DFPT_dim = |       43 |   Diago_dim = |     1163 |
                       *----------*              *----------*               *----------*
       
     --------------------------------------------------------------------------------------------
     Applying projection operator formed by dvg                          
     --------------------------------------------------------------------------------------------
     per-process dynamical memory   224.2 Mb
  
       
     --------------------------------------------------------------------------------------------
     Sternheimer eq. solver... with threshold =   1.000000E-12           
     --------------------------------------------------------------------------------------------
     in progress... |####                | 020% :               00.4s (E)               02.2s (X)
     in progress... |########            | 040% :               00.8s (E)               02.1s (X)
     in progress... |############        | 060% :               01.3s (E)               02.1s (X)
     in progress... |################    | 080% :               01.7s (E)               02.1s (X)
     in progress... |####################| 100% :               02.1s (E)               02.1s (X)
       
     --------------------------------------------------------------------------------------------
     Applying projection operator formed by dvg                          
     --------------------------------------------------------------------------------------------
     --------------------------------------------------------------------------------------------
     p-DIAGOX done in 00.6s with a SCALAPACK grid (12x12)
     --------------------------------------------------------------------------------------------
        
       -0.03794  -0.03692  -0.03689  -0.03679  -0.03570  -0.03496  -0.03466  -0.03436  -0.03397
       -0.03386  -0.03308  -0.03268  -0.03254  -0.03185  -0.03154  -0.03137  -0.03054  -0.03011
       -0.03001  -0.02990  -0.02961  -0.02878  -0.02838  -0.02808  -0.02807  -0.02779  -0.02774
       -0.02701  -0.02671  -0.02638  -0.02633  -0.02611  -0.02577  -0.02560  -0.02532  -0.02511
       -0.02509  -0.02467  -0.02463  -0.02418  -0.02410  -0.02353  -0.02343  -0.02332  -0.02309
       -0.02259  -0.02255  -0.02243  -0.02239  -0.02220  -0.02205  -0.02184  -0.02162  -0.02121
       -0.02104  -0.02083  -0.02081  -0.02077  -0.02060  -0.02044  -0.02031  -0.02017  -0.01982
       -0.01980  -0.01970  -0.01970  -0.01961  -0.01929  -0.01916  -0.01885  -0.01872  -0.01862
       -0.01856  -0.01849  -0.01806  -0.01798  -0.01786  -0.01781  -0.01772  -0.01769  -0.01736
       -0.01732  -0.01712  -0.01705  -0.01687  -0.01685  -0.01664  -0.01655  -0.01655  -0.01638
       -0.01634  -0.01615  -0.01613  -0.01602  -0.01587  -0.01585  -0.01569  -0.01562  -0.01549
       -0.01538  -0.01530  -0.01518  -0.01511  -0.01497  -0.01489  -0.01476  -0.01475  -0.01475
       -0.01466  -0.01446  -0.01439  -0.01434  -0.01419  -0.01412  -0.01398  -0.01396  -0.01386
       -0.01377  -0.01360  -0.01357  -0.01348  -0.01345  -0.01344  -0.01327  -0.01323  -0.01302
       -0.01297  -0.01290  -0.01286  -0.01275  -0.01264  -0.01263  -0.01257  -0.01253  -0.01247
       -0.01245  -0.01243  -0.01226  -0.01219  -0.01212  -0.01206  -0.01200  -0.01199  -0.01189
       -0.01184  -0.01174  -0.01160  -0.01157  -0.01155  -0.01148  -0.01146  -0.01143  -0.01137
       -0.01127  -0.01116  -0.01112  -0.01102  -0.01099  -0.01092  -0.01089  -0.01087  -0.01084
       -0.01068  -0.01058  -0.01056  -0.01054  -0.01050  -0.01048  -0.01041  -0.01037  -0.01030
       -0.01029  -0.01023  -0.01019  -0.01016  -0.01010  -0.01003  -0.01001  -0.00995  -0.00989
       -0.00986  -0.00982  -0.00979  -0.00970  -0.00965  -0.00964  -0.00960  -0.00957  -0.00956
       -0.00947  -0.00943  -0.00939  -0.00939  -0.00930  -0.00930  -0.00927  -0.00920  -0.00919
       -0.00911  -0.00906  -0.00904  -0.00903  -0.00898  -0.00893  -0.00889  -0.00885  -0.00883
       -0.00879  -0.00876  -0.00869  -0.00868  -0.00863  -0.00863  -0.00854  -0.00854  -0.00852
       -0.00840  -0.00839  -0.00833  -0.00833  -0.00830  -0.00829  -0.00824  -0.00820  -0.00817
       -0.00813  -0.00811  -0.00810  -0.00807  -0.00806  -0.00800  -0.00797  -0.00793  -0.00789
       -0.00787  -0.00787  -0.00779  -0.00777  -0.00774  -0.00773  -0.00768  -0.00764  -0.00762
       -0.00760  -0.00760  -0.00757  -0.00754  -0.00751  -0.00750  -0.00743  -0.00740  -0.00737
       -0.00734  -0.00734  -0.00732  -0.00729  -0.00725  -0.00722  -0.00722  -0.00720  -0.00714
       -0.00710  -0.00708  -0.00701  -0.00699  -0.00699  -0.00693  -0.00693  -0.00693  -0.00689
       -0.00688  -0.00683  -0.00682  -0.00680  -0.00678  -0.00677  -0.00676  -0.00673  -0.00668
       -0.00663  -0.00659  -0.00657  -0.00657  -0.00654  -0.00654  -0.00650  -0.00649  -0.00647
       -0.00644  -0.00644  -0.00643  -0.00638  -0.00637  -0.00634  -0.00633  -0.00629  -0.00629
       -0.00625  -0.00624  -0.00621  -0.00617  -0.00616  -0.00613  -0.00613  -0.00609  -0.00609
       -0.00607  -0.00607  -0.00603  -0.00601  -0.00600  -0.00596  -0.00595  -0.00595  -0.00591
       -0.00590  -0.00588  -0.00588  -0.00585  -0.00584  -0.00582  -0.00580  -0.00576  -0.00575
       -0.00573  -0.00573  -0.00571  -0.00571  -0.00568  -0.00567  -0.00564  -0.00562  -0.00561
       -0.00557  -0.00556  -0.00554  -0.00552  -0.00551  -0.00551  -0.00548  -0.00546  -0.00544
       -0.00544  -0.00541  -0.00539  -0.00539  -0.00537  -0.00536  -0.00534  -0.00534  -0.00533
       -0.00528  -0.00527  -0.00527  -0.00526  -0.00525  -0.00524  -0.00523  -0.00519  -0.00518
       -0.00517  -0.00516  -0.00516  -0.00513  -0.00512  -0.00510  -0.00510  -0.00508  -0.00506
       -0.00505  -0.00504  -0.00503  -0.00502  -0.00498  -0.00498  -0.00496  -0.00495  -0.00494
       -0.00493  -0.00491  -0.00491  -0.00490  -0.00488  -0.00484  -0.00484  -0.00481  -0.00480
       -0.00480  -0.00479  -0.00479  -0.00477  -0.00476  -0.00475  -0.00473  -0.00471  -0.00469
       -0.00468  -0.00468  -0.00466  -0.00465
        
     --------------------------------------------------------------------------------------------
     Tot. elapsed time 06m-23.0s,  time spent in last iteration 10.0s
     --------------------------------------------------------------------------------------------
       
     --------------------------------------------------------------------------------------------
     Convergence achieved !!! in        3 steps                          
     --------------------------------------------------------------------------------------------
      
     --------------------------------------------------------------------------------------------
     Database written in < 00.1s             
     In location : ./ch3sh_100_400.wstat.save
     --------------------------------------------------------------------------------------------
 
     WSTAT        :  7m17.74s CPU    13m17.09s WALL

     wstat_readin :      6.37s CPU     41.08s WALL (       1 calls)
     fetch_nml    :      0.00s CPU      0.00s WALL (       1 calls)
     read_xml     :      1.38s CPU      1.58s WALL (       1 calls)
     init_vloc    :      0.16s CPU      0.16s WALL (       2 calls)
     fft          :      0.26s CPU      0.27s WALL (      11 calls)
     fft_scatter  :     46.85s CPU     47.12s WALL (   14130 calls)
     v_of_rho     :      0.31s CPU      0.32s WALL (       1 calls)
     v_xc         :      0.27s CPU      0.28s WALL (       1 calls)
     v_h          :      0.03s CPU      0.04s WALL (       1 calls)
     read_wave    :      4.97s CPU     39.30s WALL (       1 calls)
     davcio       :      0.00s CPU      2.63s WALL (       2 calls)
     init_us_1    :      0.02s CPU      0.03s WALL (       2 calls)
     do_setup     :      0.20s CPU      0.21s WALL (       1 calls)
     init_pw_ar   :      0.19s CPU      0.21s WALL (       1 calls)
     init_at_1    :      0.00s CPU      0.00s WALL (       1 calls)
     storesqvc    :      0.01s CPU      0.01s WALL (       1 calls)
     chidiago     :    230.33s CPU    327.49s WALL (       1 calls)
     randomize    :      1.13s CPU      1.15s WALL (       2 calls)
     paramgs      :     14.60s CPU     14.75s WALL (      11 calls)
     dfpt         :    250.81s CPU    252.51s WALL (      10 calls)
     init_us_2    :      0.05s CPU      0.05s WALL (      10 calls)
     fftw         :    130.20s CPU    131.03s WALL (   14119 calls)
     alphapc      :      0.43s CPU      0.43s WALL (     201 calls)
     wstat_restar :    115.14s CPU    401.56s WALL (       8 calls)
     linstern     :    170.14s CPU    171.10s WALL (     151 calls)
     stern        :    153.57s CPU    154.41s WALL (    4540 calls)
     h_psi_bgrp   :    142.77s CPU    143.62s WALL (    1587 calls)
     h_psi        :    142.77s CPU    143.61s WALL (    1587 calls)
     h_psi:pot    :    142.04s CPU    142.86s WALL (    1587 calls)
     vloc_psi     :    130.92s CPU    131.70s WALL (    1587 calls)
     h_psi:calbec :      6.28s CPU      5.86s WALL (    1587 calls)
     calbec       :      6.28s CPU      5.85s WALL (    1587 calls)
     add_vuspsi   :      4.83s CPU      5.30s WALL (    1587 calls)
     alphapv      :      6.36s CPU      6.30s WALL (    4540 calls)
     build_hr     :      8.18s CPU      8.40s WALL (       8 calls)
     diagox       :      2.48s CPU      2.54s WALL (       8 calls)
     redistr_vr   :      0.30s CPU      0.32s WALL (       6 calls)
     update_vr    :     13.50s CPU     13.88s WALL (       6 calls)
     symm_hr      :      0.32s CPU      0.33s WALL (       6 calls)
     chidiago:las :      0.00s CPU      0.00s WALL (       1 calls)
     refresh_vr   :      4.83s CPU      4.93s WALL (       2 calls)
     pdep_db      :      3.21s CPU      9.42s WALL (       1 calls)
     kinchidiago  :    200.82s CPU    428.27s WALL (       1 calls)
     k_psi        :      1.34s CPU      1.36s WALL (    2953 calls)
     kinchidiago: :      0.00s CPU      0.00s WALL (       1 calls)
     pdep_db_for_ :     10.16s CPU     35.28s WALL (       1 calls)
 
     WSTAT        :  7m17.74s CPU    13m17.09s WALL

 
   This run was terminated on:  10: 8:38   1May2018            

=------------------------------------------------------------------------------=
   JOB DONE.
=------------------------------------------------------------------------------=
