
     Program WSTAT v. 2.0.0 starts on  1May2018 at 10:30:14 

     This program is part of the open-source West suite
     for massively parallel calculations of excited states in materials; please cite
         "M. Govoni et al., J. Chem. Theory Comput. 11, 2680 (2015);
          URL http://www.west-code.org", 
     in publications or presentations arising from this work.

     Based on the Quantum ESPRESSO v. 6.1 svn rev. 13369
       
     --------------------------------------------------------------------------------------------
     **MPI** Parallelization Status                                      
     --------------------------------------------------------------------------------------------
                   160                  10             1             1            16
     --------------------------------------------------------------------------------------------
                     N         =         I      X      P      X      B      X      Z
                     ^                   ^             ^             ^             ^
                     |                   |             |             |             |
                   #rnk                  |             |             |             |
                                      #image           |             |             |
                                                     #pool           |             |
                                                                   #bgrp           |
                                                                                 #R&G
     --------------------------------------------------------------------------------------------
     **OPENMP** Parallelization Status
     #thr/rnk               =            1
     --------------------------------------------------------------------------------------------
     #prc = (rnk) * (thr) =          160
     --------------------------------------------------------------------------------------------
       
     --------------------------------------------------------------------------------------------
     I/O Summary : input_west                                            
     --------------------------------------------------------------------------------------------
     qe_prefix      = ch3sh
     west_prefix    = ch3sh
     outdir         = ./
     --------------------------------------------------------------------------------------------
       
     --------------------------------------------------------------------------------------------
     I/O Summary : wstat_control                                         
     --------------------------------------------------------------------------------------------
     wstat_calculation              =              S
     n_pdep_eigen                   =            500
     n_kin_pdep_eigen               =              0
     n_lindhard_eigen               =              0
     n_pdep_times                   =              4
     n_pdep_maxiter                 =            100
     n_dfpt_maxiter                 =            250
     n_pdep_read_from_file          =              0
     trev_pdep                      =   1.000000E-03
     trev_pdep_rel                  =   1.000000E-01
     tr2_dfpt                       =   1.000000E-12
     l_kinetic_only                 =              F
     l_minimize_exx_if_active       =              F
     l_use_ecutrho                  =              F
     l_pure_eigen                   =              F
     --------------------------------------------------------------------------------------------

     Reading data from directory:
     ./ch3sh.save

   Info: using nr1, nr2, nr3 values from input

   Info: using nr1, nr2, nr3 values from input

     IMPORTANT: XC functional enforced from input :
     Exchange-correlation      = PBE ( 1  4  3  4 0 0)
     Any further DFT definition will be discarded
     Please, verify this is what you really want

     Message from routine readpp:
     file ./ch3sh.save/C_ONCV_PBE-1.0.upf not found
     Message from routine readpp:
     file ./ch3sh.save/S_ONCV_PBE-1.0.upf not found
     Message from routine readpp:
     file ./ch3sh.save/H_ONCV_PBE-1.0.upf not found
 
     Parallelization info
     --------------------
     sticks:   dense  smooth     PW     G-vecs:    dense   smooth      PW
     Min        1520    1520    379               178660   178660   22323
     Max        1522    1522    384               178666   178666   22328
     Sum       24345   24345   6093              2858633  2858633  357213
 
       
     --------------------------------------------------------------------------------------------
     System Overview                                                     
     --------------------------------------------------------------------------------------------
     gamma_only           =              T
     ecutwfc [Ry]         =      85.000000
     omega [au^3]         =   2.700000E+04
     glob. #G             =         178607
     nbnd                 =            100
     nkstot               =              1
     nspin                =              1
     nelec                =      14.000000
     npol                 =              1
     lsda                 =              F
     noncolin             =              F
     lspinorb             =              F
     domag                =              F
     --------------------------------------------------------------------------------------------

     sFFT G-space:  1429317 G-vectors     R-space: ( 180, 180, 180)
     dFFT G-space:  1429317 G-vectors     R-space: ( 180, 180, 180)

     Cell [a.u.]          =      30.000000      0.000000      0.000000
                          =       0.000000     30.000000      0.000000
                          =       0.000000      0.000000     30.000000
      
     number of ks points=     1
                       cart. coord. in units 2pi/alat
        k(    1) = (   0.0000000   0.0000000   0.0000000), wk =   2.0000000

                       cryst. coord.
        k(    1) = (   0.0000000   0.0000000   0.0000000), wk =   2.0000000
 
     Spherical div        =   1.654268E-01
     Orthorombic div      =   1.628502E-01
       
     --------------------------------------------------------------------------------------------
     Parallelization for nvecx                                           
     --------------------------------------------------------------------------------------------
     nglob                =           2000
     nlevel               =             10
     Min nglob/nlevel     =            200
     Max nglob/nlevel     =            200
     --------------------------------------------------------------------------------------------

     [MEM] ----------------------------------------------------------
     [MEM] **Memory** analysis: QE
     [MEM] ----------------------------------------------------------
     [MEM] Allocated arrays           est. size (Mb)     dimensions
     [MEM] ----------------------------------------------------------
     [MEM] Kohn-Sham Wavefunctions      17.03 Mb     (  11164,  100)
     [MEM] NL pseudopotentials           4.09 Mb     (  11164,   24)
     [MEM] Each V/rho on FFT grid        5.93 Mb     ( 388800)
     [MEM] Each G-vector array           0.68 Mb     (  89333)
     [MEM] G-vector shells               0.05 Mb     (   6125)
     [MEM] ----------------------------------------------------------
     [MEM] TOT                          27.78 Mb
     [MEM] ----------------------------------------------------------
     [MEM] 
     [MEM] ----------------------------------------------------------
     [MEM] **Memory** analysis: WSTAT global
     [MEM] ----------------------------------------------------------
     [MEM] Allocated arrays           est. size (Mb)     dimensions
     [MEM] ----------------------------------------------------------
     [MEM] dvg                          34.07 Mb     (  11164,  200)
     [MEM] dng                          34.07 Mb     (  11164,  200)
     [MEM] hr_distr                      3.05 Mb     (   2000,  200)
     [MEM] vr_distr                      3.05 Mb     (   2000,  200)
     [MEM] ----------------------------------------------------------
     [MEM] TOT                          74.24 Mb
     [MEM] ----------------------------------------------------------
     [MEM] 
     [MEM] ----------------------------------------------------------
     [MEM] **Memory** analysis: WSTAT temporary
     [MEM] ----------------------------------------------------------
     [MEM] Allocated arrays           est. size (Mb)     dimensions
     [MEM] ----------------------------------------------------------
     [MEM] dvpsi                         1.19 Mb     (  11164,    7)
     [MEM] dpsi                          1.19 Mb     (  11164,    7)
     [MEM] ----------------------------------------------------------
     [MEM] Total estimate                2.38 Mb
     [MEM] ----------------------------------------------------------

                       *----------*              *----------*               *----------*
     #     Iteration = | starting |   DFPT_dim = |      500 |   Diago_dim = |      500 |  x 1/2
                       *----------*              *----------*               *----------*
     per-process dynamical memory   189.6 Mb
  
       
     --------------------------------------------------------------------------------------------
     Sternheimer eq. solver... with lite-solver                          
     --------------------------------------------------------------------------------------------
     in progress... |#                   | 005% :               00.7s (E)               15.5s (X)
     in progress... |##                  | 010% :               01.2s (E)               12.9s (X)
     in progress... |###                 | 015% :               02.0s (E)               13.7s (X)
     in progress... |####                | 020% :               02.5s (E)               12.9s (X)
     in progress... |#####               | 025% :               03.3s (E)               13.4s (X)
     in progress... |######              | 030% :               03.8s (E)               12.9s (X)
     in progress... |#######             | 035% :               04.6s (E)               13.2s (X)
     in progress... |########            | 040% :               05.1s (E)               12.8s (X)
     in progress... |#########           | 045% :               05.9s (E)               13.1s (X)
     in progress... |##########          | 050% :               06.4s (E)               12.8s (X)
     in progress... |###########         | 055% :               07.2s (E)               13.1s (X)
     in progress... |############        | 060% :               07.7s (E)               12.8s (X)
     in progress... |#############       | 065% :               08.4s (E)               13.0s (X)
     in progress... |##############      | 070% :               09.0s (E)               12.8s (X)
     in progress... |###############     | 075% :               09.7s (E)               13.0s (X)
     in progress... |################    | 080% :               10.3s (E)               12.8s (X)
     in progress... |#################   | 085% :               11.0s (E)               13.0s (X)
     in progress... |##################  | 090% :               11.5s (E)               12.8s (X)
     in progress... |################### | 095% :               12.3s (E)               13.0s (X)
     in progress... |####################| 100% :               12.8s (E)               12.8s (X)
     --------------------------------------------------------------------------------------------

     [I/O] -------------------------------------------------------
     [I/O] RESTART written in < 00.1s             
     [I/O] In location   : ./ch3sh_500.wstat.restart
     [I/O] -------------------------------------------------------

                       *----------*              *----------*               *----------*
     #     Iteration = | starting |   DFPT_dim = |      500 |   Diago_dim = |      500 |  x 2/2
                       *----------*              *----------*               *----------*
     per-process dynamical memory   191.8 Mb
  
       
     --------------------------------------------------------------------------------------------
     Sternheimer eq. solver... with threshold =   1.000000E-06           
     --------------------------------------------------------------------------------------------
     in progress... |#                   | 005% :               10.5s (E)           03m-31.9s (X)
     in progress... |##                  | 010% :               17.6s (E)           02m-56.6s (X)
     in progress... |###                 | 015% :               28.0s (E)           03m-07.0s (X)
     in progress... |####                | 020% :               34.8s (E)           02m-54.3s (X)
     in progress... |#####               | 025% :               44.9s (E)           02m-59.6s (X)
     in progress... |######              | 030% :               51.5s (E)           02m-51.8s (X)
     in progress... |#######             | 035% :           01m-01.5s (E)           02m-55.8s (X)
     in progress... |########            | 040% :           01m-08.1s (E)           02m-50.4s (X)
     in progress... |#########           | 045% :           01m-18.0s (E)           02m-53.4s (X)
     in progress... |##########          | 050% :           01m-24.5s (E)           02m-49.1s (X)
     in progress... |###########         | 055% :           01m-34.3s (E)           02m-51.6s (X)
     in progress... |############        | 060% :           01m-40.9s (E)           02m-48.1s (X)
     in progress... |#############       | 065% :           01m-50.5s (E)           02m-50.0s (X)
     in progress... |##############      | 070% :           01m-56.9s (E)           02m-47.0s (X)
     in progress... |###############     | 075% :           02m-06.5s (E)           02m-48.6s (X)
     in progress... |################    | 080% :           02m-12.8s (E)           02m-46.1s (X)
     in progress... |#################   | 085% :           02m-22.2s (E)           02m-47.4s (X)
     in progress... |##################  | 090% :           02m-28.6s (E)           02m-45.1s (X)
     in progress... |################### | 095% :           02m-38.1s (E)           02m-46.4s (X)
     in progress... |####################| 100% :           02m-44.4s (E)           02m-44.4s (X)
     --------------------------------------------------------------------------------------------
     p-DIAGOX done in 00.4s with a SCALAPACK grid (12x12)
     --------------------------------------------------------------------------------------------
        
       -2.21003  -1.78833  -1.46857  -1.43225  -1.26161  -0.86065  -0.85524  -0.81928  -0.68588
       -0.66670  -0.64051  -0.58024  -0.52270  -0.51333  -0.50212  -0.46137  -0.45266  -0.42347
       -0.40587  -0.40252  -0.39620  -0.38170  -0.35930  -0.34226  -0.34128  -0.33531  -0.30097
       -0.28362  -0.27595  -0.27402  -0.26918  -0.26104  -0.22604  -0.22070  -0.21631  -0.20324
       -0.19619  -0.19188  -0.17870  -0.17615  -0.17113  -0.15959  -0.15734  -0.15446  -0.14653
       -0.14463  -0.13579  -0.12806  -0.12328  -0.11920  -0.11656  -0.11624  -0.11328  -0.10803
       -0.10615  -0.10499  -0.10110  -0.09998  -0.09809  -0.09660  -0.09524  -0.09036  -0.08882
       -0.08687  -0.08497  -0.08319  -0.08217  -0.08197  -0.07804  -0.07642  -0.07453  -0.07231
       -0.07132  -0.06920  -0.06885  -0.06840  -0.06741  -0.06529  -0.06441  -0.06198  -0.06122
       -0.05954  -0.05918  -0.05722  -0.05692  -0.05621  -0.05541  -0.05454  -0.05385  -0.05311
       -0.05155  -0.05138  -0.04967  -0.04908  -0.04904  -0.04867  -0.04815  -0.04758  -0.04644
       -0.04549  -0.04526  -0.04512  -0.04485  -0.04455  -0.04285  -0.04234  -0.04160  -0.04131
       -0.04105  -0.04026  -0.03975  -0.03917  -0.03869  -0.03821  -0.03746  -0.03736  -0.03661
       -0.03583  -0.03533  -0.03520  -0.03491  -0.03430  -0.03385  -0.03303  -0.03265  -0.03243
       -0.03233  -0.03108  -0.03097  -0.03075  -0.03043  -0.03003  -0.02956  -0.02943  -0.02901
       -0.02884  -0.02856  -0.02822  -0.02799  -0.02776  -0.02750  -0.02704  -0.02675  -0.02657
       -0.02622  -0.02584  -0.02572  -0.02530  -0.02524  -0.02503  -0.02483  -0.02471  -0.02382
       -0.02373  -0.02337  -0.02321  -0.02316  -0.02303  -0.02285  -0.02253  -0.02236  -0.02229
       -0.02199  -0.02191  -0.02164  -0.02153  -0.02123  -0.02118  -0.02084  -0.02051  -0.02043
       -0.02031  -0.02021  -0.02002  -0.01969  -0.01946  -0.01936  -0.01924  -0.01894  -0.01880
       -0.01847  -0.01836  -0.01822  -0.01796  -0.01791  -0.01774  -0.01752  -0.01739  -0.01731
       -0.01715  -0.01702  -0.01692  -0.01674  -0.01667  -0.01661  -0.01653  -0.01634  -0.01609
       -0.01593  -0.01587  -0.01570  -0.01565  -0.01555  -0.01542  -0.01529  -0.01511  -0.01508
       -0.01501  -0.01481  -0.01468  -0.01460  -0.01448  -0.01428  -0.01417  -0.01405  -0.01396
       -0.01384  -0.01376  -0.01367  -0.01347  -0.01341  -0.01333  -0.01317  -0.01307  -0.01295
       -0.01282  -0.01277  -0.01262  -0.01259  -0.01250  -0.01243  -0.01230  -0.01219  -0.01211
       -0.01206  -0.01195  -0.01191  -0.01177  -0.01167  -0.01163  -0.01150  -0.01140  -0.01137
       -0.01129  -0.01124  -0.01121  -0.01114  -0.01101  -0.01082  -0.01076  -0.01073  -0.01058
       -0.01053  -0.01046  -0.01043  -0.01035  -0.01021  -0.01012  -0.01010  -0.00998  -0.00989
       -0.00981  -0.00975  -0.00971  -0.00969  -0.00965  -0.00958  -0.00948  -0.00943  -0.00935
       -0.00933  -0.00930  -0.00918  -0.00915  -0.00901  -0.00900  -0.00893  -0.00885  -0.00880
       -0.00871  -0.00866  -0.00859  -0.00857  -0.00856  -0.00848  -0.00842  -0.00836  -0.00831
       -0.00829  -0.00816  -0.00811  -0.00810  -0.00801  -0.00800  -0.00794  -0.00791  -0.00786
       -0.00783  -0.00771  -0.00767  -0.00761  -0.00756  -0.00751  -0.00746  -0.00741  -0.00737
       -0.00725  -0.00724  -0.00720  -0.00714  -0.00709  -0.00705  -0.00700  -0.00696  -0.00690
       -0.00687  -0.00683  -0.00673  -0.00671  -0.00668  -0.00661  -0.00658  -0.00657  -0.00652
       -0.00642  -0.00638  -0.00636  -0.00633  -0.00626  -0.00623  -0.00617  -0.00613  -0.00610
       -0.00604  -0.00601  -0.00597  -0.00595  -0.00587  -0.00585  -0.00581  -0.00578  -0.00572
       -0.00569  -0.00568  -0.00563  -0.00560  -0.00559  -0.00552  -0.00547  -0.00542  -0.00539
       -0.00537  -0.00536  -0.00532  -0.00529  -0.00526  -0.00520  -0.00518  -0.00516  -0.00511
       -0.00508  -0.00506  -0.00504  -0.00500  -0.00498  -0.00492  -0.00492  -0.00487  -0.00482
       -0.00478  -0.00475  -0.00470  -0.00466  -0.00465  -0.00463  -0.00457  -0.00453  -0.00450
       -0.00449  -0.00445  -0.00443  -0.00439  -0.00438  -0.00435  -0.00430  -0.00427  -0.00422
       -0.00421  -0.00418  -0.00415  -0.00415  -0.00412  -0.00408  -0.00407  -0.00404  -0.00401
       -0.00397  -0.00394  -0.00393  -0.00388  -0.00386  -0.00383  -0.00380  -0.00376  -0.00375
       -0.00372  -0.00371  -0.00369  -0.00364  -0.00363  -0.00363  -0.00361  -0.00350  -0.00346
       -0.00344  -0.00344  -0.00343  -0.00338  -0.00337  -0.00335  -0.00331  -0.00329  -0.00327
       -0.00323  -0.00323  -0.00319  -0.00317  -0.00313  -0.00310  -0.00309  -0.00306  -0.00303
       -0.00301  -0.00300  -0.00299  -0.00297  -0.00293  -0.00289  -0.00286  -0.00284  -0.00281
       -0.00280  -0.00276  -0.00274  -0.00271  -0.00268  -0.00267  -0.00264  -0.00260  -0.00259
       -0.00257  -0.00256  -0.00254  -0.00252  -0.00248  -0.00246  -0.00245  -0.00242  -0.00241
       -0.00240  -0.00236  -0.00233  -0.00230  -0.00228  -0.00228  -0.00224  -0.00221  -0.00219
       -0.00217  -0.00216  -0.00213  -0.00212  -0.00212  -0.00205  -0.00204  -0.00201  -0.00201
       -0.00197  -0.00196  -0.00195  -0.00193  -0.00191  -0.00188  -0.00184  -0.00183  -0.00183
       -0.00181  -0.00177  -0.00175  -0.00171  -0.00169  -0.00163  -0.00162  -0.00161  -0.00159
       -0.00156  -0.00154  -0.00151  -0.00139  -0.00136
        
     --------------------------------------------------------------------------------------------
     Tot. elapsed time 04m-55.4s,  time spent in last iteration 04m-55.4s
     --------------------------------------------------------------------------------------------

     [I/O] -------------------------------------------------------
     [I/O] RESTART written in < 00.1s             
     [I/O] In location   : ./ch3sh_500.wstat.restart
     [I/O] -------------------------------------------------------

                       *----------*              *----------*               *----------*
     #     Iteration = |        1 |   DFPT_dim = |      500 |   Diago_dim = |     1000 |
                       *----------*              *----------*               *----------*
     per-process dynamical memory   191.8 Mb
  
       
     --------------------------------------------------------------------------------------------
     Sternheimer eq. solver... with threshold =   1.000000E-12           
     --------------------------------------------------------------------------------------------
     in progress... |#                   | 005% :               15.7s (E)           05m-15.8s (X)
     in progress... |##                  | 010% :               26.1s (E)           04m-21.8s (X)
     in progress... |###                 | 015% :               41.5s (E)           04m-36.8s (X)
     in progress... |####                | 020% :               51.7s (E)           04m-18.9s (X)
     in progress... |#####               | 025% :           01m-07.0s (E)           04m-28.2s (X)
     in progress... |######              | 030% :           01m-17.1s (E)           04m-17.3s (X)
     in progress... |#######             | 035% :           01m-32.4s (E)           04m-24.2s (X)
     in progress... |########            | 040% :           01m-42.6s (E)           04m-16.5s (X)
     in progress... |#########           | 045% :           01m-57.8s (E)           04m-21.7s (X)
     in progress... |##########          | 050% :           02m-07.8s (E)           04m-15.7s (X)
     in progress... |###########         | 055% :           02m-22.8s (E)           04m-19.6s (X)
     in progress... |############        | 060% :           02m-32.8s (E)           04m-14.7s (X)
     in progress... |#############       | 065% :           02m-47.8s (E)           04m-18.2s (X)
     in progress... |##############      | 070% :           02m-57.8s (E)           04m-14.0s (X)
     in progress... |###############     | 075% :           03m-12.7s (E)           04m-16.9s (X)
     in progress... |################    | 080% :           03m-22.6s (E)           04m-13.3s (X)
     in progress... |#################   | 085% :           03m-37.5s (E)           04m-15.9s (X)
     in progress... |##################  | 090% :           03m-47.4s (E)           04m-12.7s (X)
     in progress... |################### | 095% :           04m-02.3s (E)           04m-15.0s (X)
     in progress... |####################| 100% :           04m-12.1s (E)           04m-12.1s (X)
     --------------------------------------------------------------------------------------------
     p-DIAGOX done in 00.6s with a SCALAPACK grid (12x12)
     --------------------------------------------------------------------------------------------
        
       -2.25232  -1.78948  -1.46872  -1.46856  -1.27428  -0.86088  -0.85550  -0.82193  -0.69158
       -0.66690  -0.64081  -0.58049  -0.52590  -0.52010  -0.50240  -0.46430  -0.45275  -0.42855
       -0.40844  -0.40268  -0.39886  -0.38296  -0.35973  -0.35067  -0.34248  -0.33619  -0.30291
       -0.28392  -0.27772  -0.27410  -0.26946  -0.26363  -0.22759  -0.22151  -0.21700  -0.20730
       -0.20376  -0.19242  -0.18091  -0.17945  -0.17622  -0.16014  -0.15775  -0.15567  -0.14723
       -0.14501  -0.13852  -0.12960  -0.12366  -0.12357  -0.11777  -0.11699  -0.11373  -0.10947
       -0.10703  -0.10521  -0.10150  -0.10100  -0.09870  -0.09731  -0.09555  -0.09090  -0.08965
       -0.08729  -0.08552  -0.08355  -0.08249  -0.08248  -0.07894  -0.07780  -0.07540  -0.07400
       -0.07183  -0.07128  -0.07006  -0.06970  -0.06779  -0.06775  -0.06634  -0.06325  -0.06258
       -0.06031  -0.06017  -0.05990  -0.05836  -0.05725  -0.05695  -0.05594  -0.05526  -0.05441
       -0.05275  -0.05272  -0.05156  -0.05051  -0.04988  -0.04978  -0.04927  -0.04848  -0.04771
       -0.04665  -0.04617  -0.04579  -0.04572  -0.04555  -0.04385  -0.04338  -0.04306  -0.04275
       -0.04219  -0.04192  -0.04073  -0.04022  -0.03947  -0.03943  -0.03859  -0.03839  -0.03813
       -0.03693  -0.03632  -0.03610  -0.03588  -0.03574  -0.03527  -0.03411  -0.03389  -0.03360
       -0.03322  -0.03264  -0.03216  -0.03214  -0.03202  -0.03173  -0.03113  -0.03073  -0.03055
       -0.03011  -0.02990  -0.02978  -0.02946  -0.02943  -0.02912  -0.02865  -0.02855  -0.02774
       -0.02766  -0.02747  -0.02727  -0.02684  -0.02652  -0.02636  -0.02630  -0.02595  -0.02562
       -0.02536  -0.02484  -0.02452  -0.02441  -0.02440  -0.02411  -0.02405  -0.02396  -0.02377
       -0.02352  -0.02326  -0.02322  -0.02297  -0.02275  -0.02266  -0.02260  -0.02227  -0.02220
       -0.02197  -0.02178  -0.02165  -0.02122  -0.02107  -0.02102  -0.02078  -0.02074  -0.02055
       -0.02031  -0.02010  -0.01999  -0.01974  -0.01952  -0.01952  -0.01942  -0.01911  -0.01903
       -0.01897  -0.01879  -0.01868  -0.01860  -0.01850  -0.01822  -0.01812  -0.01807  -0.01805
       -0.01786  -0.01773  -0.01765  -0.01745  -0.01731  -0.01714  -0.01714  -0.01705  -0.01690
       -0.01684  -0.01670  -0.01666  -0.01648  -0.01633  -0.01625  -0.01623  -0.01622  -0.01589
       -0.01583  -0.01566  -0.01562  -0.01548  -0.01539  -0.01538  -0.01528  -0.01527  -0.01499
       -0.01496  -0.01485  -0.01473  -0.01466  -0.01441  -0.01437  -0.01433  -0.01425  -0.01421
       -0.01407  -0.01402  -0.01396  -0.01396  -0.01384  -0.01375  -0.01369  -0.01355  -0.01351
       -0.01346  -0.01333  -0.01328  -0.01310  -0.01306  -0.01302  -0.01290  -0.01285  -0.01282
       -0.01282  -0.01277  -0.01247  -0.01244  -0.01241  -0.01234  -0.01231  -0.01226  -0.01220
       -0.01219  -0.01207  -0.01198  -0.01191  -0.01180  -0.01179  -0.01178  -0.01176  -0.01164
       -0.01158  -0.01152  -0.01145  -0.01136  -0.01135  -0.01128  -0.01126  -0.01117  -0.01109
       -0.01105  -0.01103  -0.01090  -0.01085  -0.01083  -0.01072  -0.01070  -0.01067  -0.01058
       -0.01055  -0.01053  -0.01049  -0.01047  -0.01038  -0.01028  -0.01027  -0.01023  -0.01013
       -0.01011  -0.01005  -0.01003  -0.00998  -0.00995  -0.00991  -0.00983  -0.00983  -0.00971
       -0.00969  -0.00964  -0.00960  -0.00957  -0.00955  -0.00953  -0.00946  -0.00945  -0.00939
       -0.00932  -0.00925  -0.00918  -0.00917  -0.00913  -0.00905  -0.00901  -0.00899  -0.00893
       -0.00888  -0.00887  -0.00883  -0.00880  -0.00879  -0.00876  -0.00871  -0.00863  -0.00861
       -0.00860  -0.00859  -0.00855  -0.00849  -0.00845  -0.00843  -0.00840  -0.00839  -0.00833
       -0.00831  -0.00827  -0.00825  -0.00820  -0.00815  -0.00812  -0.00810  -0.00801  -0.00799
       -0.00797  -0.00791  -0.00791  -0.00788  -0.00783  -0.00782  -0.00781  -0.00778  -0.00773
       -0.00768  -0.00767  -0.00763  -0.00755  -0.00753  -0.00743  -0.00740  -0.00736  -0.00734
       -0.00732  -0.00731  -0.00728  -0.00727  -0.00722  -0.00719  -0.00718  -0.00716  -0.00715
       -0.00711  -0.00709  -0.00704  -0.00703  -0.00698  -0.00695  -0.00691  -0.00688  -0.00686
       -0.00685  -0.00682  -0.00679  -0.00678  -0.00676  -0.00673  -0.00671  -0.00669  -0.00667
       -0.00666  -0.00660  -0.00658  -0.00656  -0.00652  -0.00649  -0.00645  -0.00643  -0.00641
       -0.00639  -0.00635  -0.00634  -0.00632  -0.00630  -0.00627  -0.00626  -0.00624  -0.00621
       -0.00619  -0.00615  -0.00614  -0.00611  -0.00610  -0.00608  -0.00606  -0.00605  -0.00601
       -0.00598  -0.00595  -0.00594  -0.00592  -0.00588  -0.00586  -0.00584  -0.00581  -0.00575
       -0.00574  -0.00572  -0.00571  -0.00569  -0.00568  -0.00566  -0.00565  -0.00564  -0.00561
       -0.00560  -0.00560  -0.00557  -0.00554  -0.00553  -0.00550  -0.00549  -0.00546  -0.00544
       -0.00542  -0.00540  -0.00538  -0.00535  -0.00534  -0.00532  -0.00530  -0.00528  -0.00525
       -0.00524  -0.00521  -0.00518  -0.00517  -0.00515  -0.00513  -0.00511  -0.00509  -0.00508
       -0.00507  -0.00506  -0.00503  -0.00501  -0.00499  -0.00497  -0.00495  -0.00494  -0.00491
       -0.00488  -0.00487  -0.00487  -0.00485  -0.00485  -0.00481  -0.00480  -0.00478  -0.00477
       -0.00476  -0.00471  -0.00471  -0.00469  -0.00466  -0.00464  -0.00463  -0.00461  -0.00459
       -0.00459  -0.00457  -0.00455  -0.00453  -0.00452
        
     --------------------------------------------------------------------------------------------
     Tot. elapsed time 11m-24.2s,  time spent in last iteration 04m-57.9s
     --------------------------------------------------------------------------------------------

     [I/O] -------------------------------------------------------
     [I/O] RESTART written in < 00.1s             
     [I/O] In location   : ./ch3sh_500.wstat.restart
     [I/O] -------------------------------------------------------

                       *----------*              *----------*               *----------*
     #     Iteration = |        2 |   DFPT_dim = |      445 |   Diago_dim = |     1445 |
                       *----------*              *----------*               *----------*
     per-process dynamical memory   193.1 Mb
  
       
     --------------------------------------------------------------------------------------------
     Sternheimer eq. solver... with threshold =   1.000000E-12           
     --------------------------------------------------------------------------------------------
     in progress... |#                   | 005% :               14.8s (E)           04m-56.5s (X)
     in progress... |##                  | 010% :               24.6s (E)           04m-06.5s (X)
     in progress... |###                 | 015% :               34.4s (E)           03m-49.5s (X)
     in progress... |####                | 020% :               44.2s (E)           03m-41.2s (X)
     in progress... |#####               | 025% :               58.9s (E)           03m-55.8s (X)
     in progress... |######              | 030% :           01m-08.7s (E)           03m-49.2s (X)
     in progress... |#######             | 035% :           01m-18.5s (E)           03m-44.3s (X)
     in progress... |########            | 040% :           01m-28.2s (E)           03m-40.6s (X)
     in progress... |#########           | 045% :           01m-42.9s (E)           03m-48.8s (X)
     in progress... |##########          | 050% :           01m-52.8s (E)           03m-45.6s (X)
     in progress... |###########         | 055% :           02m-02.5s (E)           03m-42.8s (X)
     in progress... |############        | 060% :           02m-12.2s (E)           03m-40.4s (X)
     in progress... |#############       | 065% :           02m-26.8s (E)           03m-45.8s (X)
     in progress... |##############      | 070% :           02m-36.5s (E)           03m-43.5s (X)
     in progress... |###############     | 075% :           02m-46.1s (E)           03m-41.5s (X)
     in progress... |################    | 080% :           02m-55.8s (E)           03m-39.8s (X)
     in progress... |#################   | 085% :           03m-10.3s (E)           03m-43.9s (X)
     in progress... |##################  | 090% :           03m-19.9s (E)           03m-42.2s (X)
     in progress... |################### | 095% :           03m-29.5s (E)           03m-40.6s (X)
     in progress... |####################| 100% :           03m-39.1s (E)           03m-39.1s (X)
     --------------------------------------------------------------------------------------------
     p-DIAGOX done in 01.0s with a SCALAPACK grid (12x12)
     --------------------------------------------------------------------------------------------
        
       -2.25232  -1.78948  -1.46872  -1.46856  -1.27428  -0.86088  -0.85550  -0.82193  -0.69158
       -0.66690  -0.64081  -0.58049  -0.52590  -0.52010  -0.50240  -0.46430  -0.45275  -0.42855
       -0.40844  -0.40268  -0.39886  -0.38296  -0.35973  -0.35067  -0.34248  -0.33619  -0.30291
       -0.28392  -0.27772  -0.27410  -0.26946  -0.26363  -0.22759  -0.22151  -0.21700  -0.20730
       -0.20376  -0.19242  -0.18091  -0.17945  -0.17622  -0.16014  -0.15775  -0.15567  -0.14723
       -0.14501  -0.13852  -0.12960  -0.12366  -0.12357  -0.11777  -0.11699  -0.11373  -0.10947
       -0.10703  -0.10521  -0.10150  -0.10100  -0.09870  -0.09731  -0.09555  -0.09090  -0.08965
       -0.08729  -0.08552  -0.08355  -0.08249  -0.08248  -0.07894  -0.07780  -0.07540  -0.07400
       -0.07183  -0.07128  -0.07006  -0.06970  -0.06779  -0.06775  -0.06634  -0.06325  -0.06258
       -0.06031  -0.06017  -0.05990  -0.05836  -0.05725  -0.05695  -0.05594  -0.05526  -0.05441
       -0.05275  -0.05272  -0.05156  -0.05051  -0.04988  -0.04978  -0.04927  -0.04848  -0.04771
       -0.04665  -0.04617  -0.04579  -0.04573  -0.04555  -0.04385  -0.04338  -0.04306  -0.04275
       -0.04219  -0.04192  -0.04073  -0.04022  -0.03947  -0.03943  -0.03860  -0.03839  -0.03813
       -0.03693  -0.03632  -0.03610  -0.03589  -0.03574  -0.03527  -0.03412  -0.03389  -0.03360
       -0.03322  -0.03264  -0.03216  -0.03214  -0.03202  -0.03173  -0.03113  -0.03074  -0.03056
       -0.03011  -0.02990  -0.02978  -0.02946  -0.02943  -0.02913  -0.02865  -0.02856  -0.02775
       -0.02766  -0.02748  -0.02727  -0.02685  -0.02652  -0.02637  -0.02630  -0.02595  -0.02563
       -0.02536  -0.02485  -0.02453  -0.02442  -0.02440  -0.02412  -0.02405  -0.02396  -0.02377
       -0.02353  -0.02327  -0.02322  -0.02298  -0.02276  -0.02267  -0.02261  -0.02228  -0.02221
       -0.02198  -0.02179  -0.02166  -0.02123  -0.02108  -0.02103  -0.02079  -0.02075  -0.02056
       -0.02032  -0.02011  -0.02000  -0.01976  -0.01954  -0.01953  -0.01943  -0.01912  -0.01904
       -0.01899  -0.01880  -0.01869  -0.01861  -0.01851  -0.01823  -0.01814  -0.01809  -0.01807
       -0.01787  -0.01775  -0.01767  -0.01747  -0.01733  -0.01716  -0.01716  -0.01707  -0.01692
       -0.01686  -0.01671  -0.01668  -0.01650  -0.01635  -0.01628  -0.01625  -0.01625  -0.01592
       -0.01586  -0.01569  -0.01566  -0.01551  -0.01541  -0.01540  -0.01530  -0.01530  -0.01502
       -0.01499  -0.01487  -0.01476  -0.01469  -0.01444  -0.01440  -0.01436  -0.01428  -0.01424
       -0.01410  -0.01405  -0.01399  -0.01399  -0.01387  -0.01379  -0.01373  -0.01360  -0.01355
       -0.01349  -0.01339  -0.01332  -0.01316  -0.01310  -0.01306  -0.01296  -0.01289  -0.01287
       -0.01286  -0.01282  -0.01253  -0.01248  -0.01248  -0.01239  -0.01236  -0.01233  -0.01226
       -0.01225  -0.01213  -0.01204  -0.01197  -0.01186  -0.01184  -0.01184  -0.01183  -0.01171
       -0.01165  -0.01159  -0.01151  -0.01143  -0.01141  -0.01135  -0.01134  -0.01123  -0.01116
       -0.01112  -0.01109  -0.01101  -0.01092  -0.01091  -0.01080  -0.01078  -0.01076  -0.01066
       -0.01063  -0.01061  -0.01059  -0.01055  -0.01047  -0.01037  -0.01035  -0.01034  -0.01021
       -0.01021  -0.01015  -0.01011  -0.01006  -0.01005  -0.01000  -0.00994  -0.00992  -0.00986
       -0.00980  -0.00977  -0.00972  -0.00972  -0.00965  -0.00964  -0.00957  -0.00954  -0.00951
       -0.00944  -0.00935  -0.00932  -0.00931  -0.00927  -0.00917  -0.00913  -0.00913  -0.00904
       -0.00904  -0.00900  -0.00898  -0.00895  -0.00895  -0.00888  -0.00887  -0.00879  -0.00876
       -0.00873  -0.00872  -0.00869  -0.00863  -0.00863  -0.00860  -0.00857  -0.00853  -0.00852
       -0.00847  -0.00841  -0.00841  -0.00835  -0.00833  -0.00829  -0.00827  -0.00817  -0.00816
       -0.00814  -0.00814  -0.00810  -0.00808  -0.00804  -0.00803  -0.00800  -0.00800  -0.00788
       -0.00786  -0.00785  -0.00784  -0.00774  -0.00771  -0.00765  -0.00764  -0.00759  -0.00758
       -0.00756  -0.00754  -0.00752  -0.00750  -0.00745  -0.00744  -0.00741  -0.00741  -0.00735
       -0.00733  -0.00732  -0.00730  -0.00726  -0.00723  -0.00720  -0.00714  -0.00713  -0.00712
       -0.00710  -0.00704  -0.00704  -0.00703  -0.00702  -0.00697  -0.00694  -0.00694  -0.00693
       -0.00691  -0.00687  -0.00686  -0.00683  -0.00678  -0.00676  -0.00674  -0.00668  -0.00667
       -0.00667  -0.00665  -0.00664  -0.00662  -0.00660  -0.00657  -0.00656  -0.00653  -0.00649
       -0.00649  -0.00647  -0.00643  -0.00639  -0.00638  -0.00637  -0.00634  -0.00632  -0.00631
       -0.00630  -0.00629  -0.00626  -0.00624  -0.00623  -0.00621  -0.00618  -0.00617  -0.00615
       -0.00614  -0.00609  -0.00609  -0.00605  -0.00603  -0.00601  -0.00598  -0.00597  -0.00596
       -0.00595  -0.00595  -0.00591  -0.00589  -0.00589  -0.00589  -0.00586  -0.00585  -0.00583
       -0.00581  -0.00579  -0.00577  -0.00577  -0.00575  -0.00572  -0.00570  -0.00570  -0.00566
       -0.00564  -0.00561  -0.00559  -0.00556  -0.00556  -0.00554  -0.00553  -0.00550  -0.00549
       -0.00548  -0.00545  -0.00543  -0.00542  -0.00541  -0.00540  -0.00539  -0.00537  -0.00535
       -0.00532  -0.00532  -0.00531  -0.00529  -0.00527  -0.00526  -0.00523  -0.00521  -0.00521
       -0.00518  -0.00517  -0.00515  -0.00514  -0.00511  -0.00511  -0.00509  -0.00509  -0.00508
       -0.00506  -0.00504  -0.00503  -0.00501  -0.00500
        
     --------------------------------------------------------------------------------------------
     Tot. elapsed time 18m-53.4s,  time spent in last iteration 04m-27.8s
     --------------------------------------------------------------------------------------------

     [I/O] -------------------------------------------------------
     [I/O] RESTART written in < 00.1s             
     [I/O] In location   : ./ch3sh_500.wstat.restart
     [I/O] -------------------------------------------------------

                       *----------*              *----------*               *----------*
     #     Iteration = |        3 |   DFPT_dim = |        9 |   Diago_dim = |     1454 |
                       *----------*              *----------*               *----------*
     per-process dynamical memory   194.3 Mb
  
       
     --------------------------------------------------------------------------------------------
     Sternheimer eq. solver... with threshold =   1.000000E-12           
     --------------------------------------------------------------------------------------------
     in progress... |####################| 100% :               04.7s (E)               04.7s (X)
     --------------------------------------------------------------------------------------------
     p-DIAGOX done in 01.0s with a SCALAPACK grid (12x12)
     --------------------------------------------------------------------------------------------
        
       -2.25232  -1.78948  -1.46872  -1.46856  -1.27428  -0.86088  -0.85550  -0.82193  -0.69158
       -0.66690  -0.64081  -0.58049  -0.52590  -0.52010  -0.50240  -0.46430  -0.45275  -0.42855
       -0.40844  -0.40268  -0.39886  -0.38296  -0.35973  -0.35067  -0.34248  -0.33619  -0.30291
       -0.28392  -0.27772  -0.27410  -0.26946  -0.26363  -0.22759  -0.22151  -0.21700  -0.20730
       -0.20376  -0.19242  -0.18091  -0.17945  -0.17622  -0.16014  -0.15775  -0.15567  -0.14723
       -0.14501  -0.13852  -0.12960  -0.12366  -0.12357  -0.11777  -0.11699  -0.11373  -0.10947
       -0.10703  -0.10521  -0.10150  -0.10100  -0.09870  -0.09731  -0.09555  -0.09090  -0.08965
       -0.08729  -0.08552  -0.08355  -0.08249  -0.08248  -0.07894  -0.07780  -0.07540  -0.07400
       -0.07183  -0.07128  -0.07006  -0.06970  -0.06779  -0.06775  -0.06634  -0.06325  -0.06258
       -0.06031  -0.06017  -0.05990  -0.05836  -0.05725  -0.05695  -0.05594  -0.05526  -0.05441
       -0.05275  -0.05272  -0.05156  -0.05051  -0.04988  -0.04978  -0.04927  -0.04848  -0.04771
       -0.04665  -0.04617  -0.04579  -0.04573  -0.04555  -0.04385  -0.04338  -0.04306  -0.04275
       -0.04219  -0.04192  -0.04073  -0.04022  -0.03947  -0.03943  -0.03860  -0.03839  -0.03813
       -0.03693  -0.03632  -0.03610  -0.03589  -0.03574  -0.03527  -0.03412  -0.03389  -0.03360
       -0.03322  -0.03264  -0.03216  -0.03214  -0.03202  -0.03173  -0.03113  -0.03074  -0.03056
       -0.03011  -0.02990  -0.02978  -0.02946  -0.02943  -0.02913  -0.02865  -0.02856  -0.02775
       -0.02766  -0.02748  -0.02727  -0.02685  -0.02652  -0.02637  -0.02630  -0.02595  -0.02563
       -0.02536  -0.02485  -0.02453  -0.02442  -0.02440  -0.02412  -0.02405  -0.02396  -0.02377
       -0.02353  -0.02327  -0.02322  -0.02298  -0.02276  -0.02267  -0.02261  -0.02228  -0.02221
       -0.02198  -0.02179  -0.02166  -0.02123  -0.02108  -0.02103  -0.02079  -0.02075  -0.02056
       -0.02032  -0.02011  -0.02000  -0.01976  -0.01954  -0.01953  -0.01943  -0.01912  -0.01904
       -0.01899  -0.01880  -0.01869  -0.01861  -0.01851  -0.01823  -0.01814  -0.01809  -0.01807
       -0.01787  -0.01775  -0.01767  -0.01747  -0.01733  -0.01716  -0.01716  -0.01707  -0.01692
       -0.01686  -0.01671  -0.01668  -0.01650  -0.01635  -0.01628  -0.01625  -0.01625  -0.01592
       -0.01586  -0.01569  -0.01566  -0.01551  -0.01541  -0.01540  -0.01530  -0.01530  -0.01502
       -0.01499  -0.01487  -0.01476  -0.01469  -0.01444  -0.01440  -0.01436  -0.01428  -0.01424
       -0.01410  -0.01405  -0.01399  -0.01399  -0.01387  -0.01379  -0.01373  -0.01360  -0.01355
       -0.01349  -0.01339  -0.01332  -0.01316  -0.01310  -0.01306  -0.01296  -0.01289  -0.01287
       -0.01286  -0.01282  -0.01253  -0.01248  -0.01248  -0.01239  -0.01236  -0.01233  -0.01226
       -0.01225  -0.01213  -0.01204  -0.01197  -0.01186  -0.01184  -0.01184  -0.01183  -0.01171
       -0.01165  -0.01159  -0.01151  -0.01143  -0.01141  -0.01135  -0.01134  -0.01123  -0.01116
       -0.01112  -0.01109  -0.01101  -0.01092  -0.01091  -0.01080  -0.01078  -0.01076  -0.01066
       -0.01063  -0.01061  -0.01059  -0.01055  -0.01047  -0.01037  -0.01035  -0.01034  -0.01021
       -0.01021  -0.01015  -0.01011  -0.01006  -0.01005  -0.01000  -0.00994  -0.00992  -0.00986
       -0.00980  -0.00977  -0.00972  -0.00972  -0.00965  -0.00964  -0.00957  -0.00954  -0.00951
       -0.00944  -0.00935  -0.00932  -0.00931  -0.00927  -0.00917  -0.00913  -0.00913  -0.00904
       -0.00904  -0.00900  -0.00898  -0.00895  -0.00895  -0.00888  -0.00887  -0.00879  -0.00876
       -0.00873  -0.00872  -0.00869  -0.00863  -0.00863  -0.00860  -0.00857  -0.00853  -0.00852
       -0.00847  -0.00841  -0.00841  -0.00835  -0.00833  -0.00829  -0.00827  -0.00817  -0.00816
       -0.00815  -0.00814  -0.00810  -0.00808  -0.00804  -0.00803  -0.00800  -0.00800  -0.00788
       -0.00786  -0.00785  -0.00784  -0.00774  -0.00771  -0.00765  -0.00764  -0.00759  -0.00758
       -0.00756  -0.00754  -0.00752  -0.00750  -0.00745  -0.00744  -0.00741  -0.00741  -0.00735
       -0.00733  -0.00732  -0.00730  -0.00726  -0.00723  -0.00720  -0.00714  -0.00713  -0.00712
       -0.00710  -0.00704  -0.00704  -0.00703  -0.00702  -0.00697  -0.00694  -0.00694  -0.00693
       -0.00691  -0.00687  -0.00686  -0.00683  -0.00678  -0.00676  -0.00674  -0.00668  -0.00667
       -0.00667  -0.00665  -0.00664  -0.00662  -0.00660  -0.00657  -0.00656  -0.00653  -0.00649
       -0.00649  -0.00647  -0.00644  -0.00639  -0.00638  -0.00637  -0.00634  -0.00632  -0.00631
       -0.00630  -0.00629  -0.00626  -0.00624  -0.00623  -0.00621  -0.00618  -0.00617  -0.00615
       -0.00614  -0.00609  -0.00609  -0.00605  -0.00604  -0.00601  -0.00598  -0.00597  -0.00596
       -0.00595  -0.00595  -0.00591  -0.00589  -0.00589  -0.00589  -0.00587  -0.00585  -0.00583
       -0.00581  -0.00580  -0.00577  -0.00577  -0.00575  -0.00573  -0.00570  -0.00570  -0.00566
       -0.00564  -0.00561  -0.00559  -0.00556  -0.00556  -0.00555  -0.00553  -0.00550  -0.00549
       -0.00548  -0.00545  -0.00544  -0.00542  -0.00542  -0.00540  -0.00539  -0.00537  -0.00535
       -0.00533  -0.00532  -0.00531  -0.00529  -0.00528  -0.00526  -0.00524  -0.00522  -0.00521
       -0.00518  -0.00518  -0.00516  -0.00514  -0.00514  -0.00513  -0.00512  -0.00512  -0.00511
       -0.00510  -0.00507  -0.00506  -0.00505  -0.00503
        
     --------------------------------------------------------------------------------------------
     Tot. elapsed time 23m-32.8s,  time spent in last iteration 13.5s
     --------------------------------------------------------------------------------------------
      
     --------------------------------------------------------------------------------------------
     Database written in 43.9s               
     In location : ./ch3sh_500.wstat.save
     --------------------------------------------------------------------------------------------
       
     --------------------------------------------------------------------------------------------
     Convergence achieved !!! in        3 steps                          
     --------------------------------------------------------------------------------------------
 
     WSTAT        : 16m36.66s CPU    25m10.09s WALL

     wstat_readin :      6.01s CPU     39.99s WALL (       1 calls)
     fetch_nml    :      0.00s CPU      0.00s WALL (       1 calls)
     read_xml     :      1.38s CPU      1.70s WALL (       1 calls)
     init_vloc    :      0.16s CPU      0.16s WALL (       2 calls)
     fft          :      0.26s CPU      0.27s WALL (      11 calls)
     fft_scatter  :    146.29s CPU    147.44s WALL (   45349 calls)
     v_of_rho     :      0.30s CPU      0.32s WALL (       1 calls)
     v_xc         :      0.27s CPU      0.28s WALL (       1 calls)
     v_h          :      0.03s CPU      0.04s WALL (       1 calls)
     read_wave    :      4.62s CPU     38.12s WALL (       1 calls)
     davcio       :      0.00s CPU      1.96s WALL (       2 calls)
     init_us_1    :      0.02s CPU      0.02s WALL (       2 calls)
     do_setup     :      0.20s CPU      0.22s WALL (       1 calls)
     init_pw_ar   :      0.20s CPU      0.21s WALL (       1 calls)
     init_at_1    :      0.00s CPU      0.00s WALL (       1 calls)
     storesqvc    :      0.01s CPU      0.01s WALL (       1 calls)
     chidiago     :    990.42s CPU   1469.83s WALL (       1 calls)
     randomize    :      1.13s CPU      1.15s WALL (       1 calls)
     paramgs      :     17.90s CPU     18.11s WALL (       5 calls)
     dfpt         :    727.35s CPU    733.08s WALL (       5 calls)
     init_us_2    :      0.02s CPU      0.02s WALL (       5 calls)
     fftw         :    419.69s CPU    422.64s WALL (   45338 calls)
     alphapc      :      0.42s CPU      0.42s WALL (     196 calls)
     wstat_restar :    192.41s CPU    622.77s WALL (       4 calls)
     linstern     :    598.48s CPU    603.04s WALL (     146 calls)
     stern        :    576.19s CPU    580.54s WALL (    6203 calls)
     h_psi_bgrp   :    563.59s CPU    567.99s WALL (    6203 calls)
     h_psi        :    563.58s CPU    567.97s WALL (    6203 calls)
     h_psi:pot    :    560.62s CPU    564.98s WALL (    6203 calls)
     vloc_psi     :    518.97s CPU    523.02s WALL (    6203 calls)
     h_psi:calbec :     22.60s CPU     21.59s WALL (    6203 calls)
     calbec       :     22.59s CPU     21.57s WALL (    6203 calls)
     add_vuspsi   :     19.00s CPU     20.33s WALL (    6203 calls)
     alphapv      :      8.40s CPU      8.33s WALL (    6203 calls)
     build_hr     :      9.80s CPU     10.69s WALL (       4 calls)
     diagox       :      3.13s CPU      3.23s WALL (       4 calls)
     redistr_vr   :      0.44s CPU      0.45s WALL (       3 calls)
     update_vr    :     16.35s CPU     18.20s WALL (       3 calls)
     symm_hr      :      0.45s CPU      0.46s WALL (       3 calls)
     chidiago:las :      0.00s CPU      0.00s WALL (       1 calls)
     refresh_vr   :      6.73s CPU      7.05s WALL (       1 calls)
     pdep_db      :     14.03s CPU     43.93s WALL (       1 calls)
 
     WSTAT        : 16m36.66s CPU    25m10.09s WALL

 
   This run was terminated on:  10:55:24   1May2018            

=------------------------------------------------------------------------------=
   JOB DONE.
=------------------------------------------------------------------------------=
