
     Program WSTAT v. 2.0.0 starts on  1May2018 at 10: 8:45 

     This program is part of the open-source West suite
     for massively parallel calculations of excited states in materials; please cite
         "M. Govoni et al., J. Chem. Theory Comput. 11, 2680 (2015);
          URL http://www.west-code.org", 
     in publications or presentations arising from this work.

     Based on the Quantum ESPRESSO v. 6.1 svn rev. 13369
       
     --------------------------------------------------------------------------------------------
     **MPI** Parallelization Status                                      
     --------------------------------------------------------------------------------------------
                   160                  10             1             1            16
     --------------------------------------------------------------------------------------------
                     N         =         I      X      P      X      B      X      Z
                     ^                   ^             ^             ^             ^
                     |                   |             |             |             |
                   #rnk                  |             |             |             |
                                      #image           |             |             |
                                                     #pool           |             |
                                                                   #bgrp           |
                                                                                 #R&G
     --------------------------------------------------------------------------------------------
     **OPENMP** Parallelization Status
     #thr/rnk               =            1
     --------------------------------------------------------------------------------------------
     #prc = (rnk) * (thr) =          160
     --------------------------------------------------------------------------------------------
       
     --------------------------------------------------------------------------------------------
     I/O Summary : input_west                                            
     --------------------------------------------------------------------------------------------
     qe_prefix      = ch3sh
     west_prefix    = ch3sh
     outdir         = ./
     --------------------------------------------------------------------------------------------
       
     --------------------------------------------------------------------------------------------
     I/O Summary : wstat_control                                         
     --------------------------------------------------------------------------------------------
     wstat_calculation              =              S
     n_pdep_eigen                   =            420
     n_kin_pdep_eigen               =              0
     n_lindhard_eigen               =              0
     n_pdep_times                   =              4
     n_pdep_maxiter                 =            100
     n_dfpt_maxiter                 =            250
     n_pdep_read_from_file          =              0
     trev_pdep                      =   1.000000E-03
     trev_pdep_rel                  =   1.000000E-01
     tr2_dfpt                       =   1.000000E-12
     l_kinetic_only                 =              F
     l_minimize_exx_if_active       =              F
     l_use_ecutrho                  =              F
     l_pure_eigen                   =              F
     --------------------------------------------------------------------------------------------

     Reading data from directory:
     ./ch3sh.save

   Info: using nr1, nr2, nr3 values from input

   Info: using nr1, nr2, nr3 values from input

     IMPORTANT: XC functional enforced from input :
     Exchange-correlation      = PBE ( 1  4  3  4 0 0)
     Any further DFT definition will be discarded
     Please, verify this is what you really want

     Message from routine readpp:
     file ./ch3sh.save/C_ONCV_PBE-1.0.upf not found
     Message from routine readpp:
     file ./ch3sh.save/S_ONCV_PBE-1.0.upf not found
     Message from routine readpp:
     file ./ch3sh.save/H_ONCV_PBE-1.0.upf not found
 
     Parallelization info
     --------------------
     sticks:   dense  smooth     PW     G-vecs:    dense   smooth      PW
     Min        1520    1520    379               178660   178660   22323
     Max        1522    1522    384               178666   178666   22328
     Sum       24345   24345   6093              2858633  2858633  357213
 
       
     --------------------------------------------------------------------------------------------
     System Overview                                                     
     --------------------------------------------------------------------------------------------
     gamma_only           =              T
     ecutwfc [Ry]         =      85.000000
     omega [au^3]         =   2.700000E+04
     glob. #G             =         178607
     nbnd                 =            100
     nkstot               =              1
     nspin                =              1
     nelec                =      14.000000
     npol                 =              1
     lsda                 =              F
     noncolin             =              F
     lspinorb             =              F
     domag                =              F
     --------------------------------------------------------------------------------------------

     sFFT G-space:  1429317 G-vectors     R-space: ( 180, 180, 180)
     dFFT G-space:  1429317 G-vectors     R-space: ( 180, 180, 180)

     Cell [a.u.]          =      30.000000      0.000000      0.000000
                          =       0.000000     30.000000      0.000000
                          =       0.000000      0.000000     30.000000
      
     number of ks points=     1
                       cart. coord. in units 2pi/alat
        k(    1) = (   0.0000000   0.0000000   0.0000000), wk =   2.0000000

                       cryst. coord.
        k(    1) = (   0.0000000   0.0000000   0.0000000), wk =   2.0000000
 
     Spherical div        =   1.654268E-01
     Orthorombic div      =   1.628502E-01
       
     --------------------------------------------------------------------------------------------
     Parallelization for nvecx                                           
     --------------------------------------------------------------------------------------------
     nglob                =           1680
     nlevel               =             10
     Min nglob/nlevel     =            168
     Max nglob/nlevel     =            168
     --------------------------------------------------------------------------------------------

     [MEM] ----------------------------------------------------------
     [MEM] **Memory** analysis: QE
     [MEM] ----------------------------------------------------------
     [MEM] Allocated arrays           est. size (Mb)     dimensions
     [MEM] ----------------------------------------------------------
     [MEM] Kohn-Sham Wavefunctions      17.03 Mb     (  11164,  100)
     [MEM] NL pseudopotentials           4.09 Mb     (  11164,   24)
     [MEM] Each V/rho on FFT grid        5.93 Mb     ( 388800)
     [MEM] Each G-vector array           0.68 Mb     (  89333)
     [MEM] G-vector shells               0.05 Mb     (   6125)
     [MEM] ----------------------------------------------------------
     [MEM] TOT                          27.78 Mb
     [MEM] ----------------------------------------------------------
     [MEM] 
     [MEM] ----------------------------------------------------------
     [MEM] **Memory** analysis: WSTAT global
     [MEM] ----------------------------------------------------------
     [MEM] Allocated arrays           est. size (Mb)     dimensions
     [MEM] ----------------------------------------------------------
     [MEM] dvg                          28.62 Mb     (  11164,  168)
     [MEM] dng                          28.62 Mb     (  11164,  168)
     [MEM] hr_distr                      2.15 Mb     (   1680,  168)
     [MEM] vr_distr                      2.15 Mb     (   1680,  168)
     [MEM] ----------------------------------------------------------
     [MEM] TOT                          61.54 Mb
     [MEM] ----------------------------------------------------------
     [MEM] 
     [MEM] ----------------------------------------------------------
     [MEM] **Memory** analysis: WSTAT temporary
     [MEM] ----------------------------------------------------------
     [MEM] Allocated arrays           est. size (Mb)     dimensions
     [MEM] ----------------------------------------------------------
     [MEM] dvpsi                         1.19 Mb     (  11164,    7)
     [MEM] dpsi                          1.19 Mb     (  11164,    7)
     [MEM] ----------------------------------------------------------
     [MEM] Total estimate                2.38 Mb
     [MEM] ----------------------------------------------------------

                       *----------*              *----------*               *----------*
     #     Iteration = | starting |   DFPT_dim = |      420 |   Diago_dim = |      420 |  x 1/2
                       *----------*              *----------*               *----------*
     per-process dynamical memory   178.4 Mb
  
       
     --------------------------------------------------------------------------------------------
     Sternheimer eq. solver... with lite-solver                          
     --------------------------------------------------------------------------------------------
     in progress... |#                   | 005% :               00.7s (E)               15.4s (X)
     in progress... |##                  | 010% :               01.2s (E)               12.8s (X)
     in progress... |###                 | 015% :               01.7s (E)               11.9s (X)
     in progress... |####                | 020% :               02.3s (E)               11.5s (X)
     in progress... |#####               | 025% :               02.8s (E)               11.2s (X)
     in progress... |######              | 030% :               03.3s (E)               11.0s (X)
     in progress... |#######             | 035% :               03.8s (E)               10.9s (X)
     in progress... |########            | 040% :               04.3s (E)               10.8s (X)
     in progress... |#########           | 045% :               04.8s (E)               10.8s (X)
     in progress... |##########          | 050% :               05.3s (E)               10.7s (X)
     in progress... |###########         | 055% :               06.1s (E)               11.1s (X)
     in progress... |############        | 060% :               06.6s (E)               11.0s (X)
     in progress... |#############       | 065% :               07.1s (E)               11.0s (X)
     in progress... |##############      | 070% :               07.6s (E)               10.9s (X)
     in progress... |###############     | 075% :               08.1s (E)               10.9s (X)
     in progress... |################    | 080% :               08.6s (E)               10.8s (X)
     in progress... |#################   | 085% :               09.1s (E)               10.8s (X)
     in progress... |##################  | 090% :               09.7s (E)               10.7s (X)
     in progress... |################### | 095% :               10.2s (E)               10.7s (X)
     in progress... |####################| 100% :               10.7s (E)               10.7s (X)
     --------------------------------------------------------------------------------------------

     [I/O] -------------------------------------------------------
     [I/O] RESTART written in < 00.1s             
     [I/O] In location   : ./ch3sh_420.wstat.restart
     [I/O] -------------------------------------------------------

                       *----------*              *----------*               *----------*
     #     Iteration = | starting |   DFPT_dim = |      420 |   Diago_dim = |      420 |  x 2/2
                       *----------*              *----------*               *----------*
     per-process dynamical memory   180.7 Mb
  
       
     --------------------------------------------------------------------------------------------
     Sternheimer eq. solver... with threshold =   1.000000E-06           
     --------------------------------------------------------------------------------------------
     in progress... |#                   | 005% :               10.4s (E)           03m-29.1s (X)
     in progress... |##                  | 010% :               17.4s (E)           02m-54.2s (X)
     in progress... |###                 | 015% :               24.2s (E)           02m-41.7s (X)
     in progress... |####                | 020% :               31.0s (E)           02m-35.2s (X)
     in progress... |#####               | 025% :               37.7s (E)           02m-30.9s (X)
     in progress... |######              | 030% :               44.3s (E)           02m-27.8s (X)
     in progress... |#######             | 035% :               50.9s (E)           02m-25.4s (X)
     in progress... |########            | 040% :               57.5s (E)           02m-23.7s (X)
     in progress... |#########           | 045% :           01m-04.0s (E)           02m-22.3s (X)
     in progress... |##########          | 050% :           01m-10.6s (E)           02m-21.2s (X)
     in progress... |###########         | 055% :           01m-20.3s (E)           02m-26.0s (X)
     in progress... |############        | 060% :           01m-26.7s (E)           02m-24.5s (X)
     in progress... |#############       | 065% :           01m-33.2s (E)           02m-23.4s (X)
     in progress... |##############      | 070% :           01m-39.6s (E)           02m-22.4s (X)
     in progress... |###############     | 075% :           01m-45.9s (E)           02m-21.3s (X)
     in progress... |################    | 080% :           01m-52.2s (E)           02m-20.3s (X)
     in progress... |#################   | 085% :           01m-58.6s (E)           02m-19.5s (X)
     in progress... |##################  | 090% :           02m-04.9s (E)           02m-18.8s (X)
     in progress... |################### | 095% :           02m-11.2s (E)           02m-18.1s (X)
     in progress... |####################| 100% :           02m-17.4s (E)           02m-17.4s (X)
     --------------------------------------------------------------------------------------------
     p-DIAGOX done in 00.3s with a SCALAPACK grid (12x12)
     --------------------------------------------------------------------------------------------
        
       -2.20772  -1.78822  -1.46851  -1.42992  -1.26060  -0.86056  -0.85511  -0.81905  -0.68543
       -0.66660  -0.64042  -0.58006  -0.52249  -0.51255  -0.50197  -0.46100  -0.45260  -0.42299
       -0.40565  -0.40240  -0.39597  -0.38152  -0.35911  -0.34208  -0.34068  -0.33498  -0.30063
       -0.28345  -0.27570  -0.27395  -0.26902  -0.25996  -0.22552  -0.22033  -0.21592  -0.20293
       -0.19568  -0.19156  -0.17837  -0.17569  -0.17041  -0.15937  -0.15703  -0.15412  -0.14623
       -0.14441  -0.13538  -0.12775  -0.12312  -0.11856  -0.11627  -0.11582  -0.11300  -0.10735
       -0.10583  -0.10480  -0.10092  -0.09965  -0.09783  -0.09633  -0.09502  -0.09006  -0.08820
       -0.08655  -0.08474  -0.08288  -0.08180  -0.08160  -0.07767  -0.07589  -0.07412  -0.07191
       -0.07101  -0.06856  -0.06848  -0.06790  -0.06715  -0.06475  -0.06385  -0.06151  -0.06059
       -0.05912  -0.05876  -0.05678  -0.05628  -0.05555  -0.05501  -0.05400  -0.05329  -0.05239
       -0.05098  -0.05090  -0.04922  -0.04866  -0.04835  -0.04804  -0.04747  -0.04700  -0.04569
       -0.04510  -0.04488  -0.04444  -0.04430  -0.04391  -0.04229  -0.04194  -0.04090  -0.04067
       -0.04054  -0.03922  -0.03906  -0.03841  -0.03809  -0.03756  -0.03676  -0.03672  -0.03578
       -0.03519  -0.03477  -0.03455  -0.03418  -0.03367  -0.03314  -0.03237  -0.03209  -0.03194
       -0.03163  -0.03057  -0.03029  -0.03007  -0.02964  -0.02930  -0.02888  -0.02864  -0.02845
       -0.02808  -0.02782  -0.02744  -0.02713  -0.02689  -0.02685  -0.02624  -0.02597  -0.02579
       -0.02553  -0.02496  -0.02474  -0.02458  -0.02438  -0.02430  -0.02405  -0.02387  -0.02321
       -0.02284  -0.02276  -0.02245  -0.02227  -0.02206  -0.02197  -0.02175  -0.02167  -0.02154
       -0.02132  -0.02111  -0.02100  -0.02059  -0.02034  -0.02009  -0.02001  -0.01964  -0.01945
       -0.01934  -0.01910  -0.01899  -0.01880  -0.01866  -0.01849  -0.01832  -0.01806  -0.01773
       -0.01770  -0.01759  -0.01745  -0.01727  -0.01707  -0.01698  -0.01684  -0.01654  -0.01641
       -0.01638  -0.01610  -0.01595  -0.01588  -0.01580  -0.01573  -0.01556  -0.01550  -0.01523
       -0.01504  -0.01503  -0.01487  -0.01463  -0.01459  -0.01447  -0.01440  -0.01430  -0.01409
       -0.01405  -0.01386  -0.01365  -0.01359  -0.01352  -0.01332  -0.01328  -0.01313  -0.01299
       -0.01289  -0.01278  -0.01266  -0.01263  -0.01255  -0.01237  -0.01224  -0.01214  -0.01204
       -0.01193  -0.01178  -0.01168  -0.01161  -0.01153  -0.01145  -0.01137  -0.01130  -0.01117
       -0.01108  -0.01098  -0.01081  -0.01072  -0.01063  -0.01058  -0.01052  -0.01040  -0.01038
       -0.01030  -0.01018  -0.01011  -0.01005  -0.00994  -0.00986  -0.00978  -0.00975  -0.00959
       -0.00957  -0.00941  -0.00935  -0.00931  -0.00924  -0.00917  -0.00912  -0.00903  -0.00900
       -0.00894  -0.00880  -0.00874  -0.00870  -0.00863  -0.00859  -0.00853  -0.00849  -0.00843
       -0.00833  -0.00826  -0.00820  -0.00815  -0.00804  -0.00801  -0.00795  -0.00792  -0.00785
       -0.00775  -0.00768  -0.00767  -0.00757  -0.00756  -0.00752  -0.00745  -0.00738  -0.00734
       -0.00732  -0.00721  -0.00719  -0.00713  -0.00697  -0.00695  -0.00694  -0.00683  -0.00676
       -0.00671  -0.00670  -0.00666  -0.00654  -0.00653  -0.00646  -0.00644  -0.00638  -0.00633
       -0.00627  -0.00620  -0.00619  -0.00612  -0.00605  -0.00604  -0.00593  -0.00588  -0.00585
       -0.00582  -0.00578  -0.00575  -0.00570  -0.00560  -0.00556  -0.00553  -0.00549  -0.00544
       -0.00540  -0.00538  -0.00536  -0.00528  -0.00522  -0.00516  -0.00513  -0.00509  -0.00503
       -0.00501  -0.00495  -0.00495  -0.00490  -0.00482  -0.00477  -0.00472  -0.00470  -0.00463
       -0.00462  -0.00461  -0.00451  -0.00450  -0.00447  -0.00442  -0.00440  -0.00435  -0.00431
       -0.00430  -0.00422  -0.00421  -0.00420  -0.00412  -0.00411  -0.00406  -0.00403  -0.00398
       -0.00396  -0.00392  -0.00388  -0.00387  -0.00381  -0.00378  -0.00372  -0.00369  -0.00368
       -0.00362  -0.00360  -0.00356  -0.00355  -0.00347  -0.00345  -0.00344  -0.00340  -0.00335
       -0.00333  -0.00331  -0.00327  -0.00323  -0.00318  -0.00315  -0.00311  -0.00309  -0.00305
       -0.00304  -0.00299  -0.00296  -0.00293  -0.00292  -0.00284  -0.00282  -0.00280  -0.00277
       -0.00277  -0.00274  -0.00266  -0.00261  -0.00260  -0.00256  -0.00255  -0.00253  -0.00248
       -0.00246  -0.00238  -0.00235  -0.00233  -0.00231  -0.00227  -0.00221  -0.00219  -0.00215
       -0.00212  -0.00210  -0.00206  -0.00197  -0.00192  -0.00182
        
     --------------------------------------------------------------------------------------------
     Tot. elapsed time 04m-09.6s,  time spent in last iteration 04m-09.6s
     --------------------------------------------------------------------------------------------

     [I/O] -------------------------------------------------------
     [I/O] RESTART written in < 00.1s             
     [I/O] In location   : ./ch3sh_420.wstat.restart
     [I/O] -------------------------------------------------------

                       *----------*              *----------*               *----------*
     #     Iteration = |        1 |   DFPT_dim = |      420 |   Diago_dim = |      840 |
                       *----------*              *----------*               *----------*
     per-process dynamical memory   168.5 Mb
  
       
     --------------------------------------------------------------------------------------------
     Sternheimer eq. solver... with threshold =   1.000000E-12           
     --------------------------------------------------------------------------------------------
     in progress... |#                   | 005% :               15.7s (E)           05m-14.3s (X)
     in progress... |##                  | 010% :               25.9s (E)           04m-19.2s (X)
     in progress... |###                 | 015% :               36.1s (E)           04m-01.1s (X)
     in progress... |####                | 020% :               46.2s (E)           03m-51.2s (X)
     in progress... |#####               | 025% :               56.4s (E)           03m-45.7s (X)
     in progress... |######              | 030% :           01m-06.4s (E)           03m-41.4s (X)
     in progress... |#######             | 035% :           01m-16.5s (E)           03m-38.7s (X)
     in progress... |########            | 040% :           01m-26.5s (E)           03m-36.4s (X)
     in progress... |#########           | 045% :           01m-36.6s (E)           03m-34.8s (X)
     in progress... |##########          | 050% :           01m-46.7s (E)           03m-33.4s (X)
     in progress... |###########         | 055% :           02m-02.3s (E)           03m-42.4s (X)
     in progress... |############        | 060% :           02m-12.1s (E)           03m-40.2s (X)
     in progress... |#############       | 065% :           02m-22.1s (E)           03m-38.6s (X)
     in progress... |##############      | 070% :           02m-32.2s (E)           03m-37.4s (X)
     in progress... |###############     | 075% :           02m-42.0s (E)           03m-36.0s (X)
     in progress... |################    | 080% :           02m-51.9s (E)           03m-34.9s (X)
     in progress... |#################   | 085% :           03m-01.8s (E)           03m-33.9s (X)
     in progress... |##################  | 090% :           03m-11.7s (E)           03m-33.1s (X)
     in progress... |################### | 095% :           03m-21.6s (E)           03m-32.2s (X)
     in progress... |####################| 100% :           03m-31.5s (E)           03m-31.5s (X)
     --------------------------------------------------------------------------------------------
     p-DIAGOX done in 00.5s with a SCALAPACK grid (12x12)
     --------------------------------------------------------------------------------------------
        
       -2.25232  -1.78948  -1.46872  -1.46856  -1.27428  -0.86088  -0.85550  -0.82193  -0.69158
       -0.66690  -0.64081  -0.58049  -0.52590  -0.52010  -0.50240  -0.46430  -0.45275  -0.42855
       -0.40844  -0.40268  -0.39886  -0.38296  -0.35973  -0.35067  -0.34248  -0.33619  -0.30291
       -0.28392  -0.27772  -0.27410  -0.26946  -0.26363  -0.22759  -0.22151  -0.21700  -0.20730
       -0.20376  -0.19242  -0.18091  -0.17945  -0.17622  -0.16014  -0.15775  -0.15567  -0.14723
       -0.14501  -0.13852  -0.12960  -0.12366  -0.12357  -0.11777  -0.11699  -0.11373  -0.10947
       -0.10703  -0.10521  -0.10150  -0.10100  -0.09870  -0.09731  -0.09555  -0.09090  -0.08965
       -0.08729  -0.08552  -0.08355  -0.08248  -0.08248  -0.07894  -0.07780  -0.07540  -0.07400
       -0.07183  -0.07128  -0.07006  -0.06970  -0.06779  -0.06775  -0.06634  -0.06324  -0.06258
       -0.06031  -0.06017  -0.05990  -0.05836  -0.05725  -0.05695  -0.05594  -0.05525  -0.05440
       -0.05275  -0.05272  -0.05156  -0.05051  -0.04988  -0.04978  -0.04927  -0.04848  -0.04771
       -0.04664  -0.04617  -0.04579  -0.04572  -0.04555  -0.04384  -0.04338  -0.04306  -0.04275
       -0.04219  -0.04191  -0.04073  -0.04021  -0.03947  -0.03943  -0.03859  -0.03838  -0.03812
       -0.03693  -0.03632  -0.03610  -0.03588  -0.03573  -0.03527  -0.03411  -0.03388  -0.03360
       -0.03321  -0.03263  -0.03215  -0.03213  -0.03201  -0.03173  -0.03112  -0.03072  -0.03055
       -0.03011  -0.02989  -0.02977  -0.02945  -0.02942  -0.02912  -0.02865  -0.02854  -0.02774
       -0.02765  -0.02746  -0.02726  -0.02683  -0.02651  -0.02635  -0.02629  -0.02594  -0.02561
       -0.02534  -0.02483  -0.02451  -0.02440  -0.02439  -0.02411  -0.02404  -0.02395  -0.02375
       -0.02350  -0.02325  -0.02320  -0.02296  -0.02274  -0.02265  -0.02259  -0.02225  -0.02218
       -0.02196  -0.02175  -0.02163  -0.02120  -0.02105  -0.02099  -0.02077  -0.02071  -0.02054
       -0.02029  -0.02008  -0.01997  -0.01972  -0.01951  -0.01950  -0.01940  -0.01908  -0.01901
       -0.01895  -0.01877  -0.01866  -0.01858  -0.01848  -0.01820  -0.01810  -0.01805  -0.01803
       -0.01784  -0.01770  -0.01761  -0.01742  -0.01728  -0.01711  -0.01709  -0.01700  -0.01685
       -0.01680  -0.01667  -0.01664  -0.01642  -0.01629  -0.01620  -0.01620  -0.01616  -0.01585
       -0.01577  -0.01562  -0.01558  -0.01542  -0.01535  -0.01534  -0.01524  -0.01524  -0.01493
       -0.01491  -0.01480  -0.01470  -0.01460  -0.01434  -0.01432  -0.01425  -0.01417  -0.01416
       -0.01400  -0.01394  -0.01391  -0.01389  -0.01378  -0.01368  -0.01361  -0.01349  -0.01345
       -0.01339  -0.01324  -0.01322  -0.01303  -0.01298  -0.01295  -0.01284  -0.01277  -0.01276
       -0.01274  -0.01270  -0.01241  -0.01236  -0.01233  -0.01225  -0.01222  -0.01215  -0.01211
       -0.01207  -0.01199  -0.01189  -0.01182  -0.01174  -0.01169  -0.01168  -0.01164  -0.01154
       -0.01147  -0.01143  -0.01135  -0.01126  -0.01124  -0.01119  -0.01117  -0.01105  -0.01098
       -0.01096  -0.01092  -0.01076  -0.01073  -0.01073  -0.01064  -0.01058  -0.01056  -0.01048
       -0.01045  -0.01042  -0.01037  -0.01034  -0.01023  -0.01019  -0.01013  -0.01009  -0.01000
       -0.00994  -0.00994  -0.00988  -0.00986  -0.00983  -0.00978  -0.00971  -0.00968  -0.00957
       -0.00954  -0.00946  -0.00945  -0.00943  -0.00941  -0.00937  -0.00933  -0.00930  -0.00926
       -0.00915  -0.00909  -0.00906  -0.00902  -0.00890  -0.00887  -0.00886  -0.00883  -0.00873
       -0.00873  -0.00869  -0.00866  -0.00864  -0.00861  -0.00859  -0.00854  -0.00847  -0.00845
       -0.00843  -0.00839  -0.00837  -0.00830  -0.00826  -0.00819  -0.00818  -0.00817  -0.00814
       -0.00808  -0.00802  -0.00800  -0.00794  -0.00794  -0.00791  -0.00787  -0.00783  -0.00780
       -0.00772  -0.00767  -0.00766  -0.00765  -0.00762  -0.00759  -0.00756  -0.00753  -0.00750
       -0.00746  -0.00742  -0.00736  -0.00733  -0.00730  -0.00723  -0.00719  -0.00715  -0.00715
       -0.00712  -0.00707  -0.00703  -0.00700  -0.00698  -0.00694  -0.00692  -0.00689  -0.00687
       -0.00684  -0.00679  -0.00676  -0.00674  -0.00671  -0.00667  -0.00664  -0.00663  -0.00659
       -0.00658  -0.00654  -0.00653  -0.00649  -0.00648  -0.00645  -0.00641  -0.00638  -0.00634
       -0.00633  -0.00630  -0.00629  -0.00624  -0.00622  -0.00619  -0.00618  -0.00616  -0.00611
       -0.00610  -0.00608  -0.00602  -0.00601  -0.00598  -0.00595  -0.00594  -0.00590  -0.00588
       -0.00586  -0.00581  -0.00579  -0.00577  -0.00573  -0.00571
        
     --------------------------------------------------------------------------------------------
     Tot. elapsed time 09m-36.2s,  time spent in last iteration 04m-09.5s
     --------------------------------------------------------------------------------------------

     [I/O] -------------------------------------------------------
     [I/O] RESTART written in < 00.1s             
     [I/O] In location   : ./ch3sh_420.wstat.restart
     [I/O] -------------------------------------------------------

                       *----------*              *----------*               *----------*
     #     Iteration = |        2 |   DFPT_dim = |      387 |   Diago_dim = |     1227 |
                       *----------*              *----------*               *----------*
     per-process dynamical memory   168.5 Mb
  
       
     --------------------------------------------------------------------------------------------
     Sternheimer eq. solver... with threshold =   1.000000E-12           
     --------------------------------------------------------------------------------------------
     in progress... |#                   | 005% :               09.8s (E)           03m-17.6s (X)
     in progress... |##                  | 010% :               19.7s (E)           03m-17.0s (X)
     in progress... |###                 | 015% :               29.5s (E)           03m-16.6s (X)
     in progress... |####                | 020% :               39.2s (E)           03m-16.2s (X)
     in progress... |#####               | 025% :               48.9s (E)           03m-15.6s (X)
     in progress... |######              | 030% :               58.6s (E)           03m-15.3s (X)
     in progress... |#######             | 035% :           01m-08.3s (E)           03m-15.3s (X)
     in progress... |########            | 040% :           01m-18.1s (E)           03m-15.4s (X)
     in progress... |#########           | 045% :           01m-27.8s (E)           03m-15.2s (X)
     in progress... |##########          | 050% :           01m-37.5s (E)           03m-15.0s (X)
     in progress... |###########         | 055% :           01m-47.2s (E)           03m-15.0s (X)
     in progress... |############        | 060% :           01m-56.9s (E)           03m-14.9s (X)
     in progress... |#############       | 065% :           02m-06.6s (E)           03m-14.8s (X)
     in progress... |##############      | 070% :           02m-16.2s (E)           03m-14.6s (X)
     in progress... |###############     | 075% :           02m-25.9s (E)           03m-14.6s (X)
     in progress... |################    | 080% :           02m-35.4s (E)           03m-14.3s (X)
     in progress... |#################   | 085% :           02m-45.1s (E)           03m-14.3s (X)
     in progress... |##################  | 090% :           02m-54.7s (E)           03m-14.2s (X)
     in progress... |################### | 095% :           03m-04.3s (E)           03m-14.1s (X)
     in progress... |####################| 100% :           03m-09.2s (E)           03m-09.2s (X)
     --------------------------------------------------------------------------------------------
     p-DIAGOX done in 00.7s with a SCALAPACK grid (12x12)
     --------------------------------------------------------------------------------------------
        
       -2.25232  -1.78948  -1.46872  -1.46856  -1.27428  -0.86088  -0.85550  -0.82193  -0.69158
       -0.66690  -0.64081  -0.58049  -0.52590  -0.52010  -0.50240  -0.46430  -0.45275  -0.42855
       -0.40844  -0.40268  -0.39886  -0.38296  -0.35973  -0.35067  -0.34248  -0.33619  -0.30291
       -0.28392  -0.27772  -0.27410  -0.26946  -0.26363  -0.22759  -0.22151  -0.21700  -0.20730
       -0.20376  -0.19242  -0.18091  -0.17945  -0.17622  -0.16014  -0.15775  -0.15567  -0.14723
       -0.14501  -0.13852  -0.12960  -0.12366  -0.12357  -0.11777  -0.11699  -0.11373  -0.10947
       -0.10703  -0.10521  -0.10150  -0.10100  -0.09870  -0.09731  -0.09555  -0.09090  -0.08965
       -0.08729  -0.08552  -0.08355  -0.08249  -0.08248  -0.07894  -0.07780  -0.07540  -0.07400
       -0.07183  -0.07128  -0.07006  -0.06970  -0.06779  -0.06775  -0.06634  -0.06325  -0.06258
       -0.06031  -0.06017  -0.05990  -0.05836  -0.05725  -0.05695  -0.05594  -0.05526  -0.05441
       -0.05275  -0.05272  -0.05156  -0.05051  -0.04988  -0.04978  -0.04927  -0.04848  -0.04771
       -0.04665  -0.04617  -0.04579  -0.04573  -0.04555  -0.04385  -0.04338  -0.04306  -0.04275
       -0.04219  -0.04192  -0.04073  -0.04022  -0.03947  -0.03943  -0.03860  -0.03839  -0.03813
       -0.03693  -0.03632  -0.03610  -0.03589  -0.03574  -0.03527  -0.03412  -0.03389  -0.03360
       -0.03322  -0.03264  -0.03216  -0.03214  -0.03202  -0.03173  -0.03113  -0.03074  -0.03056
       -0.03011  -0.02990  -0.02978  -0.02946  -0.02943  -0.02913  -0.02865  -0.02856  -0.02775
       -0.02766  -0.02748  -0.02727  -0.02685  -0.02652  -0.02637  -0.02630  -0.02595  -0.02563
       -0.02536  -0.02485  -0.02453  -0.02442  -0.02440  -0.02412  -0.02405  -0.02396  -0.02377
       -0.02353  -0.02327  -0.02322  -0.02298  -0.02276  -0.02267  -0.02261  -0.02228  -0.02221
       -0.02198  -0.02179  -0.02166  -0.02123  -0.02108  -0.02103  -0.02079  -0.02075  -0.02056
       -0.02032  -0.02011  -0.02000  -0.01976  -0.01954  -0.01953  -0.01943  -0.01912  -0.01904
       -0.01898  -0.01880  -0.01869  -0.01861  -0.01851  -0.01823  -0.01814  -0.01809  -0.01807
       -0.01787  -0.01775  -0.01767  -0.01747  -0.01733  -0.01716  -0.01716  -0.01707  -0.01692
       -0.01686  -0.01671  -0.01668  -0.01650  -0.01635  -0.01628  -0.01625  -0.01625  -0.01591
       -0.01586  -0.01569  -0.01566  -0.01551  -0.01541  -0.01540  -0.01530  -0.01530  -0.01502
       -0.01499  -0.01487  -0.01476  -0.01469  -0.01444  -0.01440  -0.01436  -0.01428  -0.01424
       -0.01410  -0.01405  -0.01399  -0.01399  -0.01387  -0.01379  -0.01373  -0.01360  -0.01355
       -0.01349  -0.01339  -0.01332  -0.01316  -0.01310  -0.01306  -0.01296  -0.01289  -0.01287
       -0.01286  -0.01281  -0.01253  -0.01248  -0.01248  -0.01239  -0.01236  -0.01233  -0.01226
       -0.01225  -0.01213  -0.01204  -0.01197  -0.01186  -0.01184  -0.01184  -0.01183  -0.01170
       -0.01165  -0.01159  -0.01151  -0.01143  -0.01141  -0.01135  -0.01134  -0.01123  -0.01116
       -0.01112  -0.01109  -0.01100  -0.01092  -0.01091  -0.01080  -0.01078  -0.01076  -0.01066
       -0.01063  -0.01061  -0.01058  -0.01055  -0.01046  -0.01037  -0.01035  -0.01034  -0.01020
       -0.01020  -0.01015  -0.01011  -0.01006  -0.01005  -0.01000  -0.00993  -0.00991  -0.00985
       -0.00980  -0.00977  -0.00971  -0.00971  -0.00965  -0.00964  -0.00957  -0.00953  -0.00950
       -0.00944  -0.00935  -0.00932  -0.00930  -0.00926  -0.00916  -0.00913  -0.00912  -0.00903
       -0.00903  -0.00900  -0.00897  -0.00894  -0.00894  -0.00887  -0.00886  -0.00878  -0.00875
       -0.00873  -0.00871  -0.00868  -0.00862  -0.00862  -0.00859  -0.00856  -0.00852  -0.00851
       -0.00846  -0.00840  -0.00840  -0.00834  -0.00832  -0.00828  -0.00826  -0.00816  -0.00815
       -0.00814  -0.00812  -0.00808  -0.00807  -0.00803  -0.00802  -0.00799  -0.00799  -0.00787
       -0.00786  -0.00784  -0.00782  -0.00772  -0.00770  -0.00764  -0.00762  -0.00758  -0.00756
       -0.00754  -0.00752  -0.00751  -0.00749  -0.00743  -0.00743  -0.00740  -0.00739  -0.00734
       -0.00731  -0.00730  -0.00729  -0.00724  -0.00721  -0.00718  -0.00712  -0.00712  -0.00710
       -0.00708  -0.00702  -0.00702  -0.00701  -0.00700  -0.00695  -0.00692  -0.00692  -0.00691
       -0.00689  -0.00685  -0.00684  -0.00681  -0.00676  -0.00674  -0.00671  -0.00666  -0.00665
       -0.00664  -0.00662  -0.00661  -0.00660  -0.00657  -0.00654  -0.00653  -0.00651  -0.00646
       -0.00646  -0.00645  -0.00640  -0.00637  -0.00635  -0.00633
        
     --------------------------------------------------------------------------------------------
     Tot. elapsed time 15m-58.7s,  time spent in last iteration 03m-50.6s
     --------------------------------------------------------------------------------------------

     [I/O] -------------------------------------------------------
     [I/O] RESTART written in < 00.1s             
     [I/O] In location   : ./ch3sh_420.wstat.restart
     [I/O] -------------------------------------------------------

                       *----------*              *----------*               *----------*
     #     Iteration = |        3 |   DFPT_dim = |        7 |   Diago_dim = |     1234 |
                       *----------*              *----------*               *----------*
     per-process dynamical memory   170.1 Mb
  
       
     --------------------------------------------------------------------------------------------
     Sternheimer eq. solver... with threshold =   1.000000E-12           
     --------------------------------------------------------------------------------------------
     in progress... |####################| 100% :               04.7s (E)               04.7s (X)
     --------------------------------------------------------------------------------------------
     p-DIAGOX done in 00.7s with a SCALAPACK grid (12x12)
     --------------------------------------------------------------------------------------------
        
       -2.25232  -1.78948  -1.46872  -1.46856  -1.27428  -0.86088  -0.85550  -0.82193  -0.69158
       -0.66690  -0.64081  -0.58049  -0.52590  -0.52010  -0.50240  -0.46430  -0.45275  -0.42855
       -0.40844  -0.40268  -0.39886  -0.38296  -0.35973  -0.35067  -0.34248  -0.33619  -0.30291
       -0.28392  -0.27772  -0.27410  -0.26946  -0.26363  -0.22759  -0.22151  -0.21700  -0.20730
       -0.20376  -0.19242  -0.18091  -0.17945  -0.17622  -0.16014  -0.15775  -0.15567  -0.14723
       -0.14501  -0.13852  -0.12960  -0.12366  -0.12357  -0.11777  -0.11699  -0.11373  -0.10947
       -0.10703  -0.10521  -0.10150  -0.10100  -0.09870  -0.09731  -0.09555  -0.09090  -0.08965
       -0.08729  -0.08552  -0.08355  -0.08249  -0.08248  -0.07894  -0.07780  -0.07540  -0.07400
       -0.07183  -0.07128  -0.07006  -0.06970  -0.06779  -0.06775  -0.06634  -0.06325  -0.06258
       -0.06031  -0.06017  -0.05990  -0.05836  -0.05725  -0.05695  -0.05594  -0.05526  -0.05441
       -0.05275  -0.05272  -0.05156  -0.05051  -0.04988  -0.04978  -0.04927  -0.04848  -0.04771
       -0.04665  -0.04617  -0.04579  -0.04573  -0.04555  -0.04385  -0.04338  -0.04306  -0.04275
       -0.04219  -0.04192  -0.04073  -0.04022  -0.03947  -0.03943  -0.03860  -0.03839  -0.03813
       -0.03693  -0.03632  -0.03610  -0.03589  -0.03574  -0.03527  -0.03412  -0.03389  -0.03360
       -0.03322  -0.03264  -0.03216  -0.03214  -0.03202  -0.03173  -0.03113  -0.03074  -0.03056
       -0.03011  -0.02990  -0.02978  -0.02946  -0.02943  -0.02913  -0.02865  -0.02856  -0.02775
       -0.02766  -0.02748  -0.02727  -0.02685  -0.02652  -0.02637  -0.02630  -0.02595  -0.02563
       -0.02536  -0.02485  -0.02453  -0.02442  -0.02440  -0.02412  -0.02405  -0.02396  -0.02377
       -0.02353  -0.02327  -0.02322  -0.02298  -0.02276  -0.02267  -0.02261  -0.02228  -0.02221
       -0.02198  -0.02179  -0.02166  -0.02123  -0.02108  -0.02103  -0.02079  -0.02075  -0.02056
       -0.02032  -0.02011  -0.02000  -0.01976  -0.01954  -0.01953  -0.01943  -0.01912  -0.01904
       -0.01898  -0.01880  -0.01869  -0.01861  -0.01851  -0.01823  -0.01814  -0.01809  -0.01807
       -0.01787  -0.01775  -0.01767  -0.01747  -0.01733  -0.01716  -0.01716  -0.01707  -0.01692
       -0.01686  -0.01671  -0.01668  -0.01650  -0.01635  -0.01628  -0.01625  -0.01625  -0.01591
       -0.01586  -0.01569  -0.01566  -0.01551  -0.01541  -0.01540  -0.01530  -0.01530  -0.01502
       -0.01499  -0.01487  -0.01476  -0.01469  -0.01444  -0.01440  -0.01436  -0.01428  -0.01424
       -0.01410  -0.01405  -0.01399  -0.01399  -0.01387  -0.01379  -0.01373  -0.01360  -0.01355
       -0.01349  -0.01339  -0.01332  -0.01316  -0.01310  -0.01306  -0.01296  -0.01289  -0.01287
       -0.01286  -0.01281  -0.01253  -0.01248  -0.01248  -0.01239  -0.01236  -0.01233  -0.01226
       -0.01225  -0.01213  -0.01204  -0.01197  -0.01186  -0.01184  -0.01184  -0.01183  -0.01170
       -0.01165  -0.01159  -0.01151  -0.01143  -0.01141  -0.01135  -0.01134  -0.01123  -0.01116
       -0.01112  -0.01109  -0.01100  -0.01092  -0.01091  -0.01080  -0.01078  -0.01076  -0.01066
       -0.01063  -0.01061  -0.01058  -0.01055  -0.01046  -0.01037  -0.01035  -0.01034  -0.01021
       -0.01020  -0.01015  -0.01011  -0.01006  -0.01005  -0.01000  -0.00993  -0.00991  -0.00985
       -0.00980  -0.00977  -0.00971  -0.00971  -0.00965  -0.00964  -0.00957  -0.00953  -0.00950
       -0.00944  -0.00935  -0.00932  -0.00930  -0.00926  -0.00916  -0.00913  -0.00912  -0.00904
       -0.00903  -0.00900  -0.00898  -0.00894  -0.00894  -0.00887  -0.00886  -0.00878  -0.00875
       -0.00873  -0.00871  -0.00868  -0.00862  -0.00862  -0.00859  -0.00856  -0.00852  -0.00851
       -0.00846  -0.00841  -0.00840  -0.00834  -0.00832  -0.00828  -0.00826  -0.00816  -0.00815
       -0.00814  -0.00813  -0.00808  -0.00807  -0.00803  -0.00802  -0.00799  -0.00799  -0.00787
       -0.00786  -0.00784  -0.00783  -0.00773  -0.00771  -0.00764  -0.00763  -0.00758  -0.00756
       -0.00754  -0.00752  -0.00751  -0.00749  -0.00743  -0.00743  -0.00740  -0.00740  -0.00734
       -0.00732  -0.00730  -0.00729  -0.00725  -0.00721  -0.00718  -0.00712  -0.00712  -0.00710
       -0.00708  -0.00703  -0.00702  -0.00702  -0.00700  -0.00695  -0.00693  -0.00692  -0.00692
       -0.00689  -0.00685  -0.00684  -0.00682  -0.00676  -0.00674  -0.00671  -0.00666  -0.00665
       -0.00664  -0.00663  -0.00662  -0.00660  -0.00657  -0.00654  -0.00654  -0.00653  -0.00650
       -0.00648  -0.00646  -0.00644  -0.00640  -0.00639  -0.00637
        
     --------------------------------------------------------------------------------------------
     Tot. elapsed time 19m-54.0s,  time spent in last iteration 11.7s
     --------------------------------------------------------------------------------------------
      
     --------------------------------------------------------------------------------------------
     Database written in 37.5s               
     In location : ./ch3sh_420.wstat.save
     --------------------------------------------------------------------------------------------
       
     --------------------------------------------------------------------------------------------
     Convergence achieved !!! in        3 steps                          
     --------------------------------------------------------------------------------------------
 
     WSTAT        : 14m 5.76s CPU    21m23.00s WALL

     wstat_readin :      6.44s CPU     40.08s WALL (       1 calls)
     fetch_nml    :      0.00s CPU      0.00s WALL (       1 calls)
     read_xml     :      1.37s CPU      1.54s WALL (       1 calls)
     init_vloc    :      0.16s CPU      0.16s WALL (       2 calls)
     fft          :      0.26s CPU      0.29s WALL (      11 calls)
     fft_scatter  :    123.51s CPU    124.48s WALL (   38907 calls)
     v_of_rho     :      0.31s CPU      0.32s WALL (       1 calls)
     v_xc         :      0.27s CPU      0.28s WALL (       1 calls)
     v_h          :      0.03s CPU      0.04s WALL (       1 calls)
     read_wave    :      5.06s CPU     38.52s WALL (       1 calls)
     davcio       :      0.00s CPU      1.57s WALL (       2 calls)
     init_us_1    :      0.23s CPU      0.23s WALL (       2 calls)
     do_setup     :      0.41s CPU      0.42s WALL (       1 calls)
     init_pw_ar   :      0.41s CPU      0.42s WALL (       1 calls)
     init_at_1    :      0.00s CPU      0.00s WALL (       1 calls)
     storesqvc    :      0.01s CPU      0.01s WALL (       1 calls)
     chidiago     :    838.87s CPU   1242.45s WALL (       1 calls)
     randomize    :      0.95s CPU      0.97s WALL (       1 calls)
     paramgs      :     13.29s CPU     13.44s WALL (       5 calls)
     dfpt         :    620.75s CPU    626.27s WALL (       5 calls)
     init_us_2    :      0.02s CPU      0.02s WALL (       5 calls)
     fftw         :    355.56s CPU    358.47s WALL (   38896 calls)
     alphapc      :      0.34s CPU      0.35s WALL (     166 calls)
     wstat_restar :    163.54s CPU    528.40s WALL (       4 calls)
     linstern     :    506.93s CPU    511.49s WALL (     124 calls)
     stern        :    487.69s CPU    492.04s WALL (    5339 calls)
     h_psi_bgrp   :    477.09s CPU    481.39s WALL (    5339 calls)
     h_psi        :    477.07s CPU    481.37s WALL (    5339 calls)
     h_psi:pot    :    474.54s CPU    478.79s WALL (    5339 calls)
     vloc_psi     :    437.73s CPU    441.63s WALL (    5339 calls)
     h_psi:calbec :     20.16s CPU     19.18s WALL (    5339 calls)
     calbec       :     20.14s CPU     19.15s WALL (    5339 calls)
     add_vuspsi   :     16.59s CPU     17.93s WALL (    5339 calls)
     alphapv      :      6.93s CPU      6.94s WALL (    5339 calls)
     build_hr     :      7.69s CPU      7.88s WALL (       4 calls)
     diagox       :      2.27s CPU      2.33s WALL (       4 calls)
     redistr_vr   :      0.31s CPU      0.32s WALL (       3 calls)
     update_vr    :     13.58s CPU     13.93s WALL (       3 calls)
     symm_hr      :      0.32s CPU      0.33s WALL (       3 calls)
     chidiago:las :      0.00s CPU      0.00s WALL (       1 calls)
     refresh_vr   :      4.99s CPU      5.10s WALL (       1 calls)
     pdep_db      :     11.01s CPU     37.55s WALL (       1 calls)
 
     WSTAT        : 14m 5.76s CPU    21m23.00s WALL

 
   This run was terminated on:  10:30: 8   1May2018            

=------------------------------------------------------------------------------=
   JOB DONE.
=------------------------------------------------------------------------------=
