
     Program WFREQ v. 2.0.0 starts on  3Jun2017 at 17:33:22 

     This program is part of the open-source West suite
     for massively parallel calculations of excited states in materials; please cite
         "M. Govoni et al., J. Chem. Theory Comput. 11, 2680 (2015);
          URL http://www.west-code.org", 
     in publications or presentations arising from this work.

     Based on the Quantum ESPRESSO v. 6.1 svn rev. 13369
       
     --------------------------------------------------------------------------------------------
     **MPI** Parallelization Status                                      
     --------------------------------------------------------------------------------------------
                   160                  16             1             1            10
     --------------------------------------------------------------------------------------------
                     N         =         I      X      P      X      B      X      Z
                     ^                   ^             ^             ^             ^
                     |                   |             |             |             |
                   #rnk                  |             |             |             |
                                      #image           |             |             |
                                                     #pool           |             |
                                                                   #bgrp           |
                                                                                 #R&G
     --------------------------------------------------------------------------------------------
     **OPENMP** Parallelization Status
     #thr/rnk               =            1
     --------------------------------------------------------------------------------------------
     #prc = (rnk) * (thr) =          160
     --------------------------------------------------------------------------------------------
       
     --------------------------------------------------------------------------------------------
     I/O Summary : input_west                                            
     --------------------------------------------------------------------------------------------
     qe_prefix      = si
     west_prefix    = si
     outdir         = ./
     --------------------------------------------------------------------------------------------
       
     --------------------------------------------------------------------------------------------
     I/O Summary : wstat_control                                         
     --------------------------------------------------------------------------------------------
     wstat_calculation              =              S
     n_pdep_eigen                   =           1000
     n_pdep_times                   =              4
     n_pdep_maxiter                 =            100
     n_dfpt_maxiter                 =            250
     n_pdep_read_from_file          =              0
     trev_pdep                      =   1.000000E-03
     trev_pdep_rel                  =   1.000000E-01
     tr2_dfpt                       =   1.000000E-12
     l_kinetic_only                 =              F
     l_minimize_exx_if_active       =              F
     l_use_ecutrho                  =              F
     --------------------------------------------------------------------------------------------
       
     --------------------------------------------------------------------------------------------
     I/O Summary : wfreq_control                                         
     --------------------------------------------------------------------------------------------
     wfreq_calculation                        =           XWGQ
     n_pdep_eigen_to_use                      =           1000
     qp_bandrange(1)                          =            127
     qp_bandrange(2)                          =            130
     macropol_calculation                     =              C
     n_lanczos                                =             30
     n_imfreq                                 =            100
     n_refreq                                 =            400
     ecut_imfreq [Ry]                         =     210.000000
     ecut_refreq [Ry]                         =       3.000000
     wfreq_eta [Ry]                           =       0.003675
     n_secant_maxiter                         =            200
     trev_secant [Ry]                         =       0.003676
     l_enable_lanczos                         =              T
     l_enable_gwetot                          =              F
     div_kind_hf                              =              2
     o_restart_time [min]                     =       0.000000
     ecut_spectralf(1) [Ry]                   =      -2.000000
     ecut_spectralf(2) [Ry]                   =       2.000000
     n_spectralf                              =             10
     --------------------------------------------------------------------------------------------

     Reading data from directory:
     ./si.save

   Info: using nr1, nr2, nr3 values from input

   Info: using nr1, nr2, nr3 values from input

     IMPORTANT: XC functional enforced from input :
     Exchange-correlation      = PBE ( 1  4  3  4 0 0)
     Any further DFT definition will be discarded
     Please, verify this is what you really want

 
     Parallelization info
     --------------------
     sticks:   dense  smooth     PW     G-vecs:    dense   smooth      PW
     Min         536     536    134                29584    29584    3706
     Max         538     538    136                29594    29594    3708
     Sum        5377    5377   1353               295907   295907   37073
 
       
     --------------------------------------------------------------------------------------------
     System Overview                                                     
     --------------------------------------------------------------------------------------------
     gamma_only           =              T
     ecutwfc [Ry]         =      40.000000
     omega [au^3]         =   8.650474E+03
     glob. #G             =          18537
     nbnd                 =            250
     nkstot               =              1
     nspin                =              1
     nelec                =     256.000000
     npol                 =              1
     lsda                 =              F
     noncolin             =              F
     lspinorb             =              F
     domag                =              F
     --------------------------------------------------------------------------------------------

     sFFT G-space:   147954 G-vectors     R-space: (  90,  90,  90)
     dFFT G-space:   147954 G-vectors     R-space: (  90,  90,  90)

     Cell [a.u.]          =      20.528000      0.000000      0.000000
                          =       0.000000     20.528000      0.000000
                          =       0.000000      0.000000     20.528000
      
     number of ks points=     1
                       cart. coord. in units 2pi/alat
        k(    1) = (   0.0000000   0.0000000   0.0000000), wk =   2.0000000

                       cryst. coord.
        k(    1) = (   0.0000000   0.0000000   0.0000000), wk =   2.0000000
 
     Spherical div        =   2.417578E-01
     Orthorombic div      =   2.379924E-01
       
     --------------------------------------------------------------------------------------------
     Parallelization for npdep                                           
     --------------------------------------------------------------------------------------------
     nglob                =           1000
     nlevel               =             16
     Min nglob/nlevel     =             62
     Max nglob/nlevel     =             63
     --------------------------------------------------------------------------------------------
       
     --------------------------------------------------------------------------------------------
     Parallelization for npdep+macro                                     
     --------------------------------------------------------------------------------------------
     nglob                =           1003
     nlevel               =             16
     Min nglob/nlevel     =             62
     Max nglob/nlevel     =             63
     --------------------------------------------------------------------------------------------
       
     --------------------------------------------------------------------------------------------
     Parallelization for n_imfreq                                        
     --------------------------------------------------------------------------------------------
     nglob                =            100
     nlevel               =             10
     Min nglob/nlevel     =             10
     Max nglob/nlevel     =             10
     --------------------------------------------------------------------------------------------
       
     --------------------------------------------------------------------------------------------
     Parallelization for n_refreq                                        
     --------------------------------------------------------------------------------------------
     nglob                =            400
     nlevel               =             10
     Min nglob/nlevel     =             40
     Max nglob/nlevel     =             40
     --------------------------------------------------------------------------------------------
       
     --------------------------------------------------------------------------------------------
     Parallelization for nbnd                                            
     --------------------------------------------------------------------------------------------
     nglob                =            250
     nlevel               =             16
     Min nglob/nlevel     =             15
     Max nglob/nlevel     =             16
     --------------------------------------------------------------------------------------------
       
     --------------------------------------------------------------------------------------------
     Hartree-Fock Exact E(X)change                                       
     --------------------------------------------------------------------------------------------
      
     --------------------------------------------------------------------------------------------
     Vxc
     --------------------------------------------------------------------------------------------
     in progress... |####################| 100% :             < 00.1s (E)             < 00.1s (X)
     --------------------------------------------------------------------------------------------
      
     --------------------------------------------------------------------------------------------
     (X)-Sigma
     --------------------------------------------------------------------------------------------
     in progress... |#####               | 025% :             < 00.1s (E)               00.2s (X)
     in progress... |##########          | 050% :               00.1s (E)               00.2s (X)
     in progress... |###############     | 075% :               00.1s (E)               00.2s (X)
     in progress... |####################| 100% :               00.2s (E)               00.2s (X)
     --------------------------------------------------------------------------------------------
       
     --------------------------------------------------------------------------------------------
     (W)-Lanczos                                                         
     --------------------------------------------------------------------------------------------
     in progress... |#                   | 005% :           05m-41.4s (E)       01h-53m-48.2s (X)
     in progress... |##                  | 010% :           10m-34.8s (E)       01h-45m-48.2s (X)
     in progress... |###                 | 015% :           15m-59.5s (E)       01h-46m-36.7s (X)
     in progress... |####                | 020% :           20m-50.0s (E)       01h-44m-10.1s (X)
     in progress... |#####               | 025% :           25m-26.3s (E)       01h-41m-45.5s (X)
     in progress... |######              | 030% :           30m-51.2s (E)       01h-42m-50.7s (X)
     in progress... |#######             | 035% :           35m-34.9s (E)       01h-41m-39.9s (X)
     in progress... |########            | 040% :           41m-07.8s (E)       01h-42m-49.6s (X)
     in progress... |#########           | 045% :           46m-04.0s (E)       01h-42m-22.4s (X)
     in progress... |##########          | 050% :           50m-55.5s (E)       01h-41m-51.1s (X)
     in progress... |###########         | 055% :           56m-43.4s (E)       01h-43m-08.1s (X)
     in progress... |############        | 060% :       01h-01m-36.1s (E)       01h-42m-40.2s (X)
     in progress... |#############       | 065% :       01h-06m-59.7s (E)       01h-43m-04.2s (X)
     in progress... |##############      | 070% :       01h-11m-52.4s (E)       01h-42m-40.6s (X)
     in progress... |###############     | 075% :       01h-16m-45.1s (E)       01h-42m-20.1s (X)
     in progress... |################    | 080% :       01h-22m-09.5s (E)       01h-42m-41.8s (X)
     in progress... |#################   | 085% :       01h-27m-00.1s (E)       01h-42m-21.3s (X)
     in progress... |##################  | 090% :       01h-32m-34.2s (E)       01h-42m-51.3s (X)
     in progress... |################### | 095% :       01h-37m-28.7s (E)       01h-42m-36.5s (X)
     in progress... |####################| 100% :       01h-42m-17.4s (E)       01h-42m-17.4s (X)
     --------------------------------------------------------------------------------------------
       
     --------------------------------------------------------------------------------------------
     (G)-Lanczos                                                         
     --------------------------------------------------------------------------------------------
     in progress... |#####               | 025% :               41.2s (E)           02m-45.0s (X)
     in progress... |##########          | 050% :           01m-21.8s (E)           02m-43.7s (X)
     in progress... |###############     | 075% :           02m-02.7s (E)           02m-43.6s (X)
     in progress... |####################| 100% :           02m-43.6s (E)           02m-43.6s (X)
     --------------------------------------------------------------------------------------------
       
     --------------------------------------------------------------------------------------------
     Collecting results from W and G                                     
     --------------------------------------------------------------------------------------------
     in progress... |#####               | 025% :               21.1s (E)           01m-24.4s (X)
     in progress... |##########          | 050% :               42.3s (E)           01m-24.6s (X)
     in progress... |###############     | 075% :           01m-03.4s (E)           01m-24.5s (X)
     in progress... |####################| 100% :           01m-24.4s (E)           01m-24.4s (X)
     --------------------------------------------------------------------------------------------
       
     --------------------------------------------------------------------------------------------
     (Q)uasiparticle energies                                            
     --------------------------------------------------------------------------------------------
       
     --------------------------------------------------------------------------------------------
     Sigma-C                                                             
     --------------------------------------------------------------------------------------------
     Integrating along the IM axis...
     --------------------------------------------------------------------------------------------
     in progress... |#####               | 025% :             < 00.1s (E)             < 00.1s (X)
     in progress... |##########          | 050% :             < 00.1s (E)             < 00.1s (X)
     in progress... |###############     | 075% :             < 00.1s (E)             < 00.1s (X)
     in progress... |####################| 100% :             < 00.1s (E)             < 00.1s (X)
     --------------------------------------------------------------------------------------------
     Residues along the RE axis...
     --------------------------------------------------------------------------------------------
     in progress... |#####               | 025% :             < 00.1s (E)             < 00.1s (X)
     in progress... |##########          | 050% :             < 00.1s (E)             < 00.1s (X)
     in progress... |###############     | 075% :             < 00.1s (E)             < 00.1s (X)
     in progress... |####################| 100% :             < 00.1s (E)             < 00.1s (X)
     --------------------------------------------------------------------------------------------
       
     --------------------------------------------------------------------------------------------
     Sigma-C                                                             
     --------------------------------------------------------------------------------------------
     Integrating along the IM axis...
     --------------------------------------------------------------------------------------------
     in progress... |#####               | 025% :             < 00.1s (E)             < 00.1s (X)
     in progress... |##########          | 050% :             < 00.1s (E)             < 00.1s (X)
     in progress... |###############     | 075% :             < 00.1s (E)             < 00.1s (X)
     in progress... |####################| 100% :             < 00.1s (E)             < 00.1s (X)
     --------------------------------------------------------------------------------------------
     Residues along the RE axis...
     --------------------------------------------------------------------------------------------
     in progress... |#####               | 025% :             < 00.1s (E)             < 00.1s (X)
     in progress... |##########          | 050% :             < 00.1s (E)             < 00.1s (X)
     in progress... |###############     | 075% :             < 00.1s (E)             < 00.1s (X)
     in progress... |####################| 100% :             < 00.1s (E)             < 00.1s (X)
     --------------------------------------------------------------------------------------------


     --------------------------------------------------------------------------------------------
     Iter: 000000, QP energies [eV]
     --------------------------------------------------------------------------------------------
           5.693188      5.693284      7.031253      7.031213
     --------------------------------------------------------------------------------------------
       
     --------------------------------------------------------------------------------------------
     Sigma-C                                                             
     --------------------------------------------------------------------------------------------
     Integrating along the IM axis...
     --------------------------------------------------------------------------------------------
     in progress... |#####               | 025% :             < 00.1s (E)             < 00.1s (X)
     in progress... |##########          | 050% :             < 00.1s (E)             < 00.1s (X)
     in progress... |###############     | 075% :             < 00.1s (E)             < 00.1s (X)
     in progress... |####################| 100% :             < 00.1s (E)             < 00.1s (X)
     --------------------------------------------------------------------------------------------
     Residues along the RE axis...
     --------------------------------------------------------------------------------------------
     in progress... |#####               | 025% :             < 00.1s (E)             < 00.1s (X)
     in progress... |##########          | 050% :             < 00.1s (E)             < 00.1s (X)
     in progress... |###############     | 075% :             < 00.1s (E)             < 00.1s (X)
     in progress... |####################| 100% :             < 00.1s (E)             < 00.1s (X)
     --------------------------------------------------------------------------------------------


     --------------------------------------------------------------------------------------------
     Iter: 000001, QP energies [eV]
     --------------------------------------------------------------------------------------------
           5.696867      5.696963      7.031103      7.031064
     --------------------------------------------------------------------------------------------
       
     --------------------------------------------------------------------------------------------
     CONVERGENCE ACHIEVED !!!                                            
     --------------------------------------------------------------------------------------------
       
     --------------------------------------------------------------------------------------------
     Done, take a look at the o-eqp_K*.tab file(s) .                     
     --------------------------------------------------------------------------------------------
 
     WFREQ        :     0h52m CPU        1h47m WALL

     wfreq_readin :      0.77s CPU      2.77s WALL (       1 calls)
     fetch_nml    :      0.02s CPU      0.04s WALL (       1 calls)
     read_xml     :      0.25s CPU      0.51s WALL (       1 calls)
     init_vloc    :      0.01s CPU      0.01s WALL (       2 calls)
     fft          :      0.03s CPU      0.10s WALL (      18 calls)
     fft_scatter  :     45.90s CPU    146.88s WALL (  292537 calls)
     v_of_rho     :      0.04s CPU      0.08s WALL (       1 calls)
     v_xc         :      0.07s CPU      0.15s WALL (       2 calls)
     v_h          :      0.00s CPU      0.00s WALL (       1 calls)
     read_wave    :      0.50s CPU      1.99s WALL (       1 calls)
     davcio       :      0.00s CPU      0.90s WALL (       2 calls)
     init_us_1    :      0.06s CPU      0.11s WALL (       2 calls)
     do_setup     :      0.08s CPU      0.15s WALL (       1 calls)
     init_pw_ar   :      0.08s CPU      0.14s WALL (       1 calls)
     init_at_1    :      0.00s CPU      0.00s WALL (       1 calls)
     storesqvc    :      0.00s CPU      0.01s WALL (       2 calls)
     solve_hf     :      0.16s CPU      0.36s WALL (       1 calls)
     sigmavxc     :      0.00s CPU      0.02s WALL (       1 calls)
     init_us_2    :      0.02s CPU      0.03s WALL (       4 calls)
     fftw         :    255.10s CPU    500.52s WALL (  292487 calls)
     sigmax       :      0.12s CPU      0.24s WALL (       1 calls)
     ffts         :      0.06s CPU      0.14s WALL (      32 calls)
     wlanczos     :   2976.30s CPU   6137.45s WALL (       1 calls)
     commutator_H :     14.59s CPU     41.37s WALL (     384 calls)
     stres_us31   :      0.03s CPU      0.10s WALL (     384 calls)
     stres_us32   :      0.05s CPU      0.13s WALL (     384 calls)
     stres_us33   :      0.06s CPU      0.13s WALL (     384 calls)
     stres_us34   :      2.33s CPU      4.36s WALL (     384 calls)
     calbec       :     55.81s CPU    135.47s WALL (   10317 calls)
     alphapc      :     49.77s CPU     99.70s WALL (    4348 calls)
     linstern     :     74.36s CPU    148.46s WALL (     128 calls)
     stern        :     73.07s CPU    136.08s WALL (    5589 calls)
     h_psi_bgrp   :    389.33s CPU    755.48s WALL (    9549 calls)
     h_psi        :    389.32s CPU    755.45s WALL (    9549 calls)
     h_psi:pot    :    386.56s CPU    744.75s WALL (    9549 calls)
     vloc_psi     :    272.56s CPU    526.54s WALL (    9549 calls)
     h_psi:calbec :     53.94s CPU    131.22s WALL (    9549 calls)
     add_vuspsi   :     60.03s CPU     86.92s WALL (    9549 calls)
     alphapv      :      8.79s CPU     21.87s WALL (    5589 calls)
     lan_H        :    423.10s CPU    848.95s WALL (     132 calls)
     brak         :    928.94s CPU   1863.11s WALL (     132 calls)
     sw_restart   :    247.63s CPU    644.14s WALL (     128 calls)
     chi0_diag    :      2.80s CPU      5.62s WALL (       1 calls)
     glanczos     :     80.97s CPU    163.61s WALL (       1 calls)
     sg_restart   :      0.00s CPU      0.01s WALL (       4 calls)
     solve_qp     :     40.73s CPU     84.69s WALL (       1 calls)
     coll_gw      :     40.70s CPU     84.45s WALL (       1 calls)
     sigmac_i     :      0.01s CPU      0.02s WALL (       3 calls)
     sigmac_r     :      0.00s CPU      0.01s WALL (       3 calls)
 
     WFREQ        :     0h52m CPU        1h47m WALL

 
   This run was terminated on:  19:20:51   3Jun2017            

=------------------------------------------------------------------------------=
   JOB DONE.
=------------------------------------------------------------------------------=
