
     Program WSTAT v. 2.0.0 starts on 23Jan2019 at 10: 8:10 

     This program is part of the open-source West suite
     for massively parallel calculations of excited states in materials; please cite
         "M. Govoni et al., J. Chem. Theory Comput. 11, 2680 (2015);
          URL http://www.west-code.org", 
     in publications or presentations arising from this work.

     Based on the Quantum ESPRESSO v. 6.1 svn rev. 13369
       
     --------------------------------------------------------------------------------------------
     **MPI** Parallelization Status                                      
     --------------------------------------------------------------------------------------------
                   160                  10             1             1            16
     --------------------------------------------------------------------------------------------
                     N         =         I      X      P      X      B      X      Z
                     ^                   ^             ^             ^             ^
                     |                   |             |             |             |
                   #rnk                  |             |             |             |
                                      #image           |             |             |
                                                     #pool           |             |
                                                                   #bgrp           |
                                                                                 #R&G
     --------------------------------------------------------------------------------------------
     **OPENMP** Parallelization Status
     #thr/rnk               =            1
     --------------------------------------------------------------------------------------------
     #prc = (rnk) * (thr) =          160
     --------------------------------------------------------------------------------------------
       
     --------------------------------------------------------------------------------------------
     I/O Summary : input_west                                            
     --------------------------------------------------------------------------------------------
     qe_prefix      = nacl
     west_prefix    = nacl
     outdir         = ./
     --------------------------------------------------------------------------------------------
       
     --------------------------------------------------------------------------------------------
     I/O Summary : wstat_control                                         
     --------------------------------------------------------------------------------------------
     wstat_calculation              =              S
     n_pdep_eigen                   =             20
     n_kin_pdep_eigen               =            400
     n_lindhard_eigen               =              0
     n_pdep_times                   =              4
     n_pdep_maxiter                 =            100
     n_dfpt_maxiter                 =            250
     n_pdep_read_from_file          =              0
     trev_pdep                      =   1.000000E-03
     trev_pdep_rel                  =   1.000000E-01
     tr2_dfpt                       =   1.000000E-12
     l_kinetic_only                 =              F
     l_minimize_exx_if_active       =              F
     l_use_ecutrho                  =              F
     l_pure_eigen                   =              F
     --------------------------------------------------------------------------------------------

     Reading data from directory:
     ./nacl.save

   Info: using nr1, nr2, nr3 values from input

   Info: using nr1, nr2, nr3 values from input

     IMPORTANT: XC functional enforced from input :
     Exchange-correlation      = PBE ( 1  4  3  4 0 0)
     Any further DFT definition will be discarded
     Please, verify this is what you really want

     Message from routine readpp:
     file ./nacl.save/Na_ONCV_PBE-1.0.upf not found
     Message from routine readpp:
     file ./nacl.save/Cl_ONCV_PBE-1.0.upf not found
 
     Parallelization info
     --------------------
     sticks:   dense  smooth     PW     G-vecs:    dense   smooth      PW
     Min        1520    1520    379               178660   178660   22323
     Max        1522    1522    384               178666   178666   22328
     Sum       24345   24345   6093              2858633  2858633  357213
 
       
     --------------------------------------------------------------------------------------------
     System Overview                                                     
     --------------------------------------------------------------------------------------------
     gamma_only           =              T
     ecutwfc [Ry]         =      85.000000
     omega [au^3]         =   2.700000E+04
     glob. #G             =         178607
     nbnd                 =            100
     nkstot               =              1
     nspin                =              1
     nelec                =      16.000000
     npol                 =              1
     lsda                 =              F
     noncolin             =              F
     lspinorb             =              F
     domag                =              F
     --------------------------------------------------------------------------------------------

     sFFT G-space:  1429317 G-vectors     R-space: ( 180, 180, 180)
     dFFT G-space:  1429317 G-vectors     R-space: ( 180, 180, 180)

     Cell [a.u.]          =      30.000000      0.000000      0.000000
                          =       0.000000     30.000000      0.000000
                          =       0.000000      0.000000     30.000000
      
     number of ks points=     1
                       cart. coord. in units 2pi/alat
        k(    1) = (   0.0000000   0.0000000   0.0000000), wk =   2.0000000

                       cryst. coord.
        k(    1) = (   0.0000000   0.0000000   0.0000000), wk =   2.0000000
 
     Spherical div        =   1.654268E-01
     Orthorombic div      =   1.628502E-01
       
     --------------------------------------------------------------------------------------------
     Parallelization for nvecx                                           
     --------------------------------------------------------------------------------------------
     nglob                =             80
     nlevel               =             10
     Min nglob/nlevel     =              8
     Max nglob/nlevel     =              8
     --------------------------------------------------------------------------------------------

     [MEM] ----------------------------------------------------------
     [MEM] **Memory** analysis: QE
     [MEM] ----------------------------------------------------------
     [MEM] Allocated arrays           est. size (Mb)     dimensions
     [MEM] ----------------------------------------------------------
     [MEM] Kohn-Sham Wavefunctions      17.03 Mb     (  11164,  100)
     [MEM] NL pseudopotentials           2.73 Mb     (  11164,   16)
     [MEM] Each V/rho on FFT grid        5.93 Mb     ( 388800)
     [MEM] Each G-vector array           0.68 Mb     (  89333)
     [MEM] G-vector shells               0.05 Mb     (   6125)
     [MEM] ----------------------------------------------------------
     [MEM] TOT                          26.42 Mb
     [MEM] ----------------------------------------------------------
     [MEM] 
     [MEM] ----------------------------------------------------------
     [MEM] **Memory** analysis: WSTAT global
     [MEM] ----------------------------------------------------------
     [MEM] Allocated arrays           est. size (Mb)     dimensions
     [MEM] ----------------------------------------------------------
     [MEM] dvg                           1.36 Mb     (  11164,    8)
     [MEM] dng                           1.36 Mb     (  11164,    8)
     [MEM] hr_distr                      0.00 Mb     (     80,    8)
     [MEM] vr_distr                      0.00 Mb     (     80,    8)
     [MEM] ----------------------------------------------------------
     [MEM] TOT                           2.74 Mb
     [MEM] ----------------------------------------------------------
     [MEM] 
     [MEM] ----------------------------------------------------------
     [MEM] **Memory** analysis: WSTAT temporary
     [MEM] ----------------------------------------------------------
     [MEM] Allocated arrays           est. size (Mb)     dimensions
     [MEM] ----------------------------------------------------------
     [MEM] dvpsi                         1.36 Mb     (  11164,    8)
     [MEM] dpsi                          1.36 Mb     (  11164,    8)
     [MEM] ----------------------------------------------------------
     [MEM] Total estimate                2.73 Mb
     [MEM] ----------------------------------------------------------

                       *----------*              *----------*               *----------*
     #     Iteration = | starting |   DFPT_dim = |       20 |   Diago_dim = |       20 |  x 1/2
                       *----------*              *----------*               *----------*
     per-process dynamical memory   114.7 Mb
  
       
     --------------------------------------------------------------------------------------------
     Sternheimer eq. solver... with lite-solver                          
     --------------------------------------------------------------------------------------------
     in progress... |##########          | 050% :               00.2s (E)               00.5s (X)
     in progress... |####################| 100% :               00.5s (E)               00.5s (X)
     --------------------------------------------------------------------------------------------

     [I/O] -------------------------------------------------------
     [I/O] RESTART written in < 00.1s             
     [I/O] In location   : ./nacl_20_400.wstat.restart
     [I/O] -------------------------------------------------------

                       *----------*              *----------*               *----------*
     #     Iteration = | starting |   DFPT_dim = |       20 |   Diago_dim = |       20 |  x 2/2
                       *----------*              *----------*               *----------*
     per-process dynamical memory   117.0 Mb
  
       
     --------------------------------------------------------------------------------------------
     Sternheimer eq. solver... with threshold =   1.000000E-06           
     --------------------------------------------------------------------------------------------
     in progress... |##########          | 050% :               02.9s (E)               05.9s (X)
     in progress... |####################| 100% :               05.9s (E)               05.9s (X)
     --------------------------------------------------------------------------------------------
     p-DIAGOX done in < 00.1s with a SCALAPACK grid (2x2)
     --------------------------------------------------------------------------------------------
        
       -1.49011  -1.29764  -1.26031  -0.72942  -0.48773  -0.48072  -0.44241  -0.37058  -0.32263
       -0.30322  -0.28672  -0.26156  -0.22727  -0.20234  -0.19284  -0.18150  -0.16762  -0.14776
       -0.13787  -0.06446
        
     --------------------------------------------------------------------------------------------
     Tot. elapsed time 11.4s,  time spent in last iteration 11.4s
     --------------------------------------------------------------------------------------------

     [I/O] -------------------------------------------------------
     [I/O] RESTART written in < 00.1s             
     [I/O] In location   : ./nacl_20_400.wstat.restart
     [I/O] -------------------------------------------------------

                       *----------*              *----------*               *----------*
     #     Iteration = |        1 |   DFPT_dim = |       20 |   Diago_dim = |       40 |
                       *----------*              *----------*               *----------*
     per-process dynamical memory   117.0 Mb
  
       
     --------------------------------------------------------------------------------------------
     Sternheimer eq. solver... with threshold =   1.000000E-12           
     --------------------------------------------------------------------------------------------
     in progress... |##########          | 050% :               04.8s (E)               09.7s (X)
     in progress... |####################| 100% :               09.7s (E)               09.7s (X)
     --------------------------------------------------------------------------------------------
     p-DIAGOX done in < 00.1s with a SCALAPACK grid (2x2)
     --------------------------------------------------------------------------------------------
        
       -2.02992  -1.42701  -1.40144  -1.40103  -0.56285  -0.55402  -0.54675  -0.52050  -0.47990
       -0.45638  -0.44927  -0.43096  -0.42358  -0.42151  -0.39349  -0.38282  -0.30208  -0.27546
       -0.27301  -0.26299
        
     --------------------------------------------------------------------------------------------
     Tot. elapsed time 26.6s,  time spent in last iteration 11.1s
     --------------------------------------------------------------------------------------------

     [I/O] -------------------------------------------------------
     [I/O] RESTART written in < 00.1s             
     [I/O] In location   : ./nacl_20_400.wstat.restart
     [I/O] -------------------------------------------------------

                       *----------*              *----------*               *----------*
     #     Iteration = |        2 |   DFPT_dim = |       20 |   Diago_dim = |       60 |
                       *----------*              *----------*               *----------*
     per-process dynamical memory   117.0 Mb
  
       
     --------------------------------------------------------------------------------------------
     Sternheimer eq. solver... with threshold =   1.000000E-12           
     --------------------------------------------------------------------------------------------
     in progress... |##########          | 050% :               04.8s (E)               09.6s (X)
     in progress... |####################| 100% :               09.6s (E)               09.6s (X)
     --------------------------------------------------------------------------------------------
     p-DIAGOX done in < 00.1s with a SCALAPACK grid (2x2)
     --------------------------------------------------------------------------------------------
        
       -2.03557  -1.43003  -1.40214  -1.40214  -0.71974  -0.56111  -0.56084  -0.53097  -0.52339
       -0.46889  -0.46822  -0.44290  -0.44196  -0.43695  -0.43636  -0.42987  -0.31871  -0.31694
       -0.31099  -0.30815
        
     --------------------------------------------------------------------------------------------
     Tot. elapsed time 45.3s,  time spent in last iteration 11.2s
     --------------------------------------------------------------------------------------------

     [I/O] -------------------------------------------------------
     [I/O] RESTART written in < 00.1s             
     [I/O] In location   : ./nacl_20_400.wstat.restart
     [I/O] -------------------------------------------------------

                       *----------*              *----------*               *----------*
     #     Iteration = |        3 |   DFPT_dim = |       19 |   Diago_dim = |       79 |
                       *----------*              *----------*               *----------*
     per-process dynamical memory   117.0 Mb
  
       
     --------------------------------------------------------------------------------------------
     Sternheimer eq. solver... with threshold =   1.000000E-12           
     --------------------------------------------------------------------------------------------
     in progress... |##########          | 050% :               04.8s (E)               09.6s (X)
     in progress... |####################| 100% :               09.5s (E)               09.5s (X)
     --------------------------------------------------------------------------------------------
     p-DIAGOX done in < 00.1s with a SCALAPACK grid (2x2)
     --------------------------------------------------------------------------------------------
        
       -2.03558  -1.43004  -1.40214  -1.40214  -0.72405  -0.56125  -0.56125  -0.53135  -0.52394
       -0.46926  -0.46926  -0.44358  -0.44355  -0.43726  -0.43725  -0.43080  -0.31980  -0.31929
       -0.31802  -0.31698
        
     --------------------------------------------------------------------------------------------
     Tot. elapsed time 01m-08.0s,  time spent in last iteration 11.1s
     --------------------------------------------------------------------------------------------

       Refresh the basis set

     [I/O] -------------------------------------------------------
     [I/O] RESTART written in < 00.1s             
     [I/O] In location   : ./nacl_20_400.wstat.restart
     [I/O] -------------------------------------------------------

                       *----------*              *----------*               *----------*
     #     Iteration = |        4 |   DFPT_dim = |        7 |   Diago_dim = |       27 |
                       *----------*              *----------*               *----------*
     per-process dynamical memory   117.0 Mb
  
       
     --------------------------------------------------------------------------------------------
     Sternheimer eq. solver... with threshold =   1.000000E-12           
     --------------------------------------------------------------------------------------------
     in progress... |####################| 100% :               04.7s (E)               04.7s (X)
     --------------------------------------------------------------------------------------------
     p-DIAGOX done in < 00.1s with a SCALAPACK grid (2x2)
     --------------------------------------------------------------------------------------------
        
       -2.03558  -1.43004  -1.40214  -1.40214  -0.72406  -0.56125  -0.56125  -0.53136  -0.52394
       -0.46926  -0.46926  -0.44358  -0.44358  -0.43726  -0.43726  -0.43081  -0.31983  -0.31950
       -0.31846  -0.31793
        
     --------------------------------------------------------------------------------------------
     Tot. elapsed time 01m-17.6s,  time spent in last iteration 05.6s
     --------------------------------------------------------------------------------------------
      
     --------------------------------------------------------------------------------------------
     Database written in 02.3s               
     In location : ./nacl_20_400.wstat.save
     --------------------------------------------------------------------------------------------
       
     --------------------------------------------------------------------------------------------
     Convergence achieved !!! in        4 steps                          
     --------------------------------------------------------------------------------------------
       
     --------------------------------------------------------------------------------------------
     ** Now compute kinetic eigenpotentials **                           
     --------------------------------------------------------------------------------------------
       
     --------------------------------------------------------------------------------------------
     Parallelization for newnvecx                                        
     --------------------------------------------------------------------------------------------
     nglob                =           1600
     nlevel               =             10
     Min nglob/nlevel     =            160
     Max nglob/nlevel     =            160
     --------------------------------------------------------------------------------------------
       
     --------------------------------------------------------------------------------------------
     Parallelization for merge_nvecx                                     
     --------------------------------------------------------------------------------------------
     nglob                =           1680
     nlevel               =             10
     Min nglob/nlevel     =            168
     Max nglob/nlevel     =            168
     --------------------------------------------------------------------------------------------

                       *----------*              *----------*               *----------*
     #     Iteration = | starting |   DFPT_dim = |      400 |   Diago_dim = |      400 |  x 1/2
                       *----------*              *----------*               *----------*
       
     --------------------------------------------------------------------------------------------
     Applying projection operator formed by dvg                          
     --------------------------------------------------------------------------------------------
     per-process dynamical memory   218.4 Mb
  
       
     --------------------------------------------------------------------------------------------
     Sternheimer eq. solver... with lite-solver                          
     --------------------------------------------------------------------------------------------
     in progress... |#                   | 005% :               00.5s (E)               10.9s (X)
     in progress... |##                  | 010% :               01.0s (E)               10.9s (X)
     in progress... |###                 | 015% :               01.6s (E)               10.9s (X)
     in progress... |####                | 020% :               02.1s (E)               10.9s (X)
     in progress... |#####               | 025% :               02.7s (E)               10.9s (X)
     in progress... |######              | 030% :               03.2s (E)               10.8s (X)
     in progress... |#######             | 035% :               03.8s (E)               10.8s (X)
     in progress... |########            | 040% :               04.3s (E)               10.8s (X)
     in progress... |#########           | 045% :               04.9s (E)               10.8s (X)
     in progress... |##########          | 050% :               05.4s (E)               10.8s (X)
     in progress... |###########         | 055% :               05.9s (E)               10.8s (X)
     in progress... |############        | 060% :               06.5s (E)               10.8s (X)
     in progress... |#############       | 065% :               07.0s (E)               10.8s (X)
     in progress... |##############      | 070% :               07.6s (E)               10.8s (X)
     in progress... |###############     | 075% :               08.1s (E)               10.8s (X)
     in progress... |################    | 080% :               08.7s (E)               10.8s (X)
     in progress... |#################   | 085% :               09.2s (E)               10.8s (X)
     in progress... |##################  | 090% :               09.7s (E)               10.8s (X)
     in progress... |################### | 095% :               10.3s (E)               10.8s (X)
     in progress... |####################| 100% :               10.8s (E)               10.8s (X)
       
     --------------------------------------------------------------------------------------------
     Applying projection operator formed by dvg                          
     --------------------------------------------------------------------------------------------
     --------------------------------------------------------------------------------------------

     [I/O] -------------------------------------------------------
     [I/O] RESTART written in < 00.1s             
     [I/O] In location   : ./nacl_20_400.wstat.restart
     [I/O] -------------------------------------------------------

                       *----------*              *----------*               *----------*
     #     Iteration = | starting |   DFPT_dim = |      400 |   Diago_dim = |      400 |  x 2/2
                       *----------*              *----------*               *----------*
       
     --------------------------------------------------------------------------------------------
     Applying projection operator formed by dvg                          
     --------------------------------------------------------------------------------------------
     per-process dynamical memory   218.4 Mb
  
       
     --------------------------------------------------------------------------------------------
     Sternheimer eq. solver... with threshold =   1.000000E-06           
     --------------------------------------------------------------------------------------------
     in progress... |#                   | 005% :               00.8s (E)               17.4s (X)
     in progress... |##                  | 010% :               01.7s (E)               17.3s (X)
     in progress... |###                 | 015% :               02.6s (E)               17.3s (X)
     in progress... |####                | 020% :               03.4s (E)               17.3s (X)
     in progress... |#####               | 025% :               04.3s (E)               17.2s (X)
     in progress... |######              | 030% :               05.1s (E)               17.2s (X)
     in progress... |#######             | 035% :               06.0s (E)               17.1s (X)
     in progress... |########            | 040% :               06.8s (E)               17.1s (X)
     in progress... |#########           | 045% :               07.7s (E)               17.1s (X)
     in progress... |##########          | 050% :               08.5s (E)               17.1s (X)
     in progress... |###########         | 055% :               09.4s (E)               17.0s (X)
     in progress... |############        | 060% :               10.2s (E)               17.0s (X)
     in progress... |#############       | 065% :               11.0s (E)               17.0s (X)
     in progress... |##############      | 070% :               11.9s (E)               17.0s (X)
     in progress... |###############     | 075% :               12.7s (E)               16.9s (X)
     in progress... |################    | 080% :               13.5s (E)               16.9s (X)
     in progress... |#################   | 085% :               14.4s (E)               16.9s (X)
     in progress... |##################  | 090% :               15.2s (E)               16.9s (X)
     in progress... |################### | 095% :               16.0s (E)               16.9s (X)
     in progress... |####################| 100% :               16.8s (E)               16.8s (X)
       
     --------------------------------------------------------------------------------------------
     Applying projection operator formed by dvg                          
     --------------------------------------------------------------------------------------------
     --------------------------------------------------------------------------------------------
     p-DIAGOX done in 00.5s with a SCALAPACK grid (12x12)
     --------------------------------------------------------------------------------------------
        
       -0.19588  -0.17578  -0.17548  -0.17445  -0.13916  -0.13844  -0.13137  -0.13118  -0.13042
       -0.11782  -0.11679  -0.11597  -0.11539  -0.11500  -0.11131  -0.11025  -0.10968  -0.09433
       -0.09361  -0.09350  -0.09338  -0.09311  -0.09282  -0.09242  -0.08804  -0.08585  -0.08480
       -0.07836  -0.07822  -0.07696  -0.07657  -0.07651  -0.07634  -0.07602  -0.07534  -0.07516
       -0.06670  -0.06625  -0.06612  -0.06518  -0.06470  -0.06357  -0.06092  -0.06045  -0.05996
       -0.05770  -0.05728  -0.05498  -0.05476  -0.05418  -0.04689  -0.04673  -0.04436  -0.04426
       -0.04385  -0.04124  -0.04112  -0.04100  -0.04098  -0.04088  -0.04076  -0.04071  -0.04064
       -0.04059  -0.03825  -0.03812  -0.03803  -0.03787  -0.03782  -0.03765  -0.03752  -0.03718
       -0.03706  -0.03668  -0.03651  -0.03629  -0.03521  -0.03510  -0.03307  -0.03290  -0.03286
       -0.03271  -0.03227  -0.03187  -0.03144  -0.03104  -0.03096  -0.03008  -0.02921  -0.02895
       -0.02715  -0.02705  -0.02688  -0.02634  -0.02628  -0.02600  -0.02596  -0.02550  -0.02534
       -0.02485  -0.02475  -0.02447  -0.02427  -0.02414  -0.02319  -0.02232  -0.02086  -0.02072
       -0.02059  -0.02047  -0.02022  -0.02013  -0.02004  -0.01994  -0.01991  -0.01990  -0.01987
       -0.01973  -0.01965  -0.01962  -0.01955  -0.01952  -0.01947  -0.01944  -0.01934  -0.01917
       -0.01907  -0.01906  -0.01898  -0.01895  -0.01881  -0.01876  -0.01870  -0.01860  -0.01849
       -0.01805  -0.01798  -0.01745  -0.01731  -0.01707  -0.01696  -0.01691  -0.01665  -0.01650
       -0.01605  -0.01582  -0.01565  -0.01538  -0.01519  -0.01515  -0.01477  -0.01447  -0.01422
       -0.01406  -0.01399  -0.01387  -0.01364  -0.01358  -0.01338  -0.01327  -0.01316  -0.01311
       -0.01296  -0.01277  -0.01274  -0.01264  -0.01258  -0.01247  -0.01245  -0.01235  -0.01209
       -0.01196  -0.01179  -0.01168  -0.01142  -0.01134  -0.01115  -0.01095  -0.01086  -0.01077
       -0.01066  -0.01055  -0.01053  -0.01047  -0.01037  -0.01030  -0.01016  -0.01012  -0.01011
       -0.01005  -0.00997  -0.00993  -0.00988  -0.00983  -0.00975  -0.00968  -0.00962  -0.00959
       -0.00957  -0.00956  -0.00947  -0.00942  -0.00938  -0.00927  -0.00924  -0.00921  -0.00910
       -0.00907  -0.00898  -0.00897  -0.00888  -0.00883  -0.00874  -0.00866  -0.00855  -0.00852
       -0.00850  -0.00848  -0.00846  -0.00834  -0.00828  -0.00817  -0.00808  -0.00798  -0.00792
       -0.00788  -0.00787  -0.00776  -0.00767  -0.00761  -0.00759  -0.00743  -0.00741  -0.00731
       -0.00729  -0.00720  -0.00716  -0.00706  -0.00703  -0.00689  -0.00682  -0.00678  -0.00665
       -0.00662  -0.00649  -0.00647  -0.00638  -0.00636  -0.00629  -0.00623  -0.00617  -0.00613
       -0.00606  -0.00602  -0.00596  -0.00587  -0.00584  -0.00579  -0.00579  -0.00575  -0.00567
       -0.00564  -0.00559  -0.00555  -0.00550  -0.00544  -0.00540  -0.00536  -0.00532  -0.00526
       -0.00524  -0.00522  -0.00513  -0.00507  -0.00506  -0.00499  -0.00498  -0.00493  -0.00491
       -0.00485  -0.00482  -0.00481  -0.00474  -0.00473  -0.00467  -0.00465  -0.00461  -0.00456
       -0.00453  -0.00449  -0.00445  -0.00442  -0.00442  -0.00438  -0.00434  -0.00430  -0.00425
       -0.00421  -0.00420  -0.00417  -0.00413  -0.00408  -0.00405  -0.00404  -0.00403  -0.00398
       -0.00390  -0.00389  -0.00385  -0.00381  -0.00380  -0.00376  -0.00372  -0.00371  -0.00369
       -0.00368  -0.00363  -0.00360  -0.00354  -0.00354  -0.00352  -0.00347  -0.00342  -0.00340
       -0.00338  -0.00336  -0.00335  -0.00328  -0.00325  -0.00324  -0.00317  -0.00315  -0.00314
       -0.00313  -0.00312  -0.00309  -0.00304  -0.00299  -0.00298  -0.00296  -0.00292  -0.00289
       -0.00287  -0.00285  -0.00282  -0.00281  -0.00278  -0.00274  -0.00269  -0.00266  -0.00265
       -0.00260  -0.00260  -0.00257  -0.00254  -0.00253  -0.00250  -0.00247  -0.00246  -0.00242
       -0.00239  -0.00238  -0.00236  -0.00233  -0.00229  -0.00227  -0.00225  -0.00222  -0.00219
       -0.00218  -0.00214  -0.00213  -0.00209  -0.00208  -0.00204  -0.00201  -0.00198  -0.00197
       -0.00195  -0.00192  -0.00189  -0.00188  -0.00185  -0.00182  -0.00180  -0.00180  -0.00176
       -0.00172  -0.00169  -0.00167  -0.00165  -0.00163  -0.00159  -0.00157  -0.00155  -0.00153
       -0.00149  -0.00148  -0.00144  -0.00141
        
     --------------------------------------------------------------------------------------------
     Tot. elapsed time 51.3s,  time spent in last iteration 51.3s
     --------------------------------------------------------------------------------------------

     [I/O] -------------------------------------------------------
     [I/O] RESTART written in < 00.1s             
     [I/O] In location   : ./nacl_20_400.wstat.restart
     [I/O] -------------------------------------------------------

                       *----------*              *----------*               *----------*
     #     Iteration = |        1 |   DFPT_dim = |      400 |   Diago_dim = |      800 |
                       *----------*              *----------*               *----------*
       
     --------------------------------------------------------------------------------------------
     Applying projection operator formed by dvg                          
     --------------------------------------------------------------------------------------------
     per-process dynamical memory   203.0 Mb
  
       
     --------------------------------------------------------------------------------------------
     Sternheimer eq. solver... with threshold =   1.000000E-12           
     --------------------------------------------------------------------------------------------
     in progress... |#                   | 005% :               01.0s (E)               21.3s (X)
     in progress... |##                  | 010% :               02.1s (E)               21.2s (X)
     in progress... |###                 | 015% :               03.1s (E)               21.1s (X)
     in progress... |####                | 020% :               04.2s (E)               21.1s (X)
     in progress... |#####               | 025% :               05.3s (E)               21.5s (X)
     in progress... |######              | 030% :               06.4s (E)               21.4s (X)
     in progress... |#######             | 035% :               07.5s (E)               21.4s (X)
     in progress... |########            | 040% :               08.5s (E)               21.3s (X)
     in progress... |#########           | 045% :               09.5s (E)               21.3s (X)
     in progress... |##########          | 050% :               10.6s (E)               21.2s (X)
     in progress... |###########         | 055% :               11.6s (E)               21.2s (X)
     in progress... |############        | 060% :               12.7s (E)               21.2s (X)
     in progress... |#############       | 065% :               13.7s (E)               21.1s (X)
     in progress... |##############      | 070% :               14.7s (E)               21.1s (X)
     in progress... |###############     | 075% :               15.8s (E)               21.1s (X)
     in progress... |################    | 080% :               16.8s (E)               21.0s (X)
     in progress... |#################   | 085% :               17.9s (E)               21.0s (X)
     in progress... |##################  | 090% :               18.9s (E)               21.0s (X)
     in progress... |################### | 095% :               19.9s (E)               21.0s (X)
     in progress... |####################| 100% :               21.0s (E)               21.0s (X)
       
     --------------------------------------------------------------------------------------------
     Applying projection operator formed by dvg                          
     --------------------------------------------------------------------------------------------
     --------------------------------------------------------------------------------------------
     p-DIAGOX done in 00.4s with a SCALAPACK grid (12x12)
     --------------------------------------------------------------------------------------------
        
       -0.19871  -0.17585  -0.17554  -0.17452  -0.13921  -0.13848  -0.13140  -0.13121  -0.13049
       -0.11785  -0.11683  -0.11600  -0.11543  -0.11505  -0.11173  -0.11044  -0.10984  -0.09441
       -0.09372  -0.09358  -0.09350  -0.09322  -0.09293  -0.09252  -0.08829  -0.08593  -0.08491
       -0.07862  -0.07838  -0.07719  -0.07683  -0.07674  -0.07666  -0.07635  -0.07557  -0.07547
       -0.06789  -0.06660  -0.06643  -0.06539  -0.06495  -0.06458  -0.06135  -0.06099  -0.06047
       -0.05806  -0.05772  -0.05548  -0.05514  -0.05472  -0.04733  -0.04718  -0.04482  -0.04477
       -0.04448  -0.04157  -0.04147  -0.04145  -0.04135  -0.04124  -0.04120  -0.04112  -0.04103
       -0.04097  -0.03903  -0.03865  -0.03863  -0.03856  -0.03851  -0.03830  -0.03829  -0.03788
       -0.03786  -0.03748  -0.03733  -0.03731  -0.03611  -0.03605  -0.03389  -0.03384  -0.03378
       -0.03377  -0.03313  -0.03305  -0.03266  -0.03217  -0.03209  -0.03123  -0.03021  -0.03003
       -0.02815  -0.02810  -0.02807  -0.02721  -0.02712  -0.02679  -0.02674  -0.02646  -0.02643
       -0.02622  -0.02613  -0.02575  -0.02554  -0.02546  -0.02504  -0.02339  -0.02195  -0.02189
       -0.02174  -0.02172  -0.02139  -0.02138  -0.02128  -0.02123  -0.02118  -0.02107  -0.02106
       -0.02102  -0.02099  -0.02083  -0.02071  -0.02071  -0.02044  -0.02043  -0.02032  -0.02029
       -0.02028  -0.02027  -0.02027  -0.02025  -0.02024  -0.02022  -0.02020  -0.02019  -0.02016
       -0.01999  -0.01989  -0.01906  -0.01905  -0.01901  -0.01895  -0.01872  -0.01861  -0.01859
       -0.01820  -0.01817  -0.01764  -0.01760  -0.01714  -0.01714  -0.01693  -0.01634  -0.01627
       -0.01620  -0.01609  -0.01605  -0.01584  -0.01568  -0.01565  -0.01547  -0.01543  -0.01534
       -0.01526  -0.01430  -0.01427  -0.01400  -0.01397  -0.01397  -0.01396  -0.01393  -0.01374
       -0.01362  -0.01360  -0.01350  -0.01344  -0.01336  -0.01334  -0.01316  -0.01313  -0.01305
       -0.01250  -0.01249  -0.01248  -0.01247  -0.01236  -0.01234  -0.01229  -0.01228  -0.01218
       -0.01217  -0.01215  -0.01214  -0.01204  -0.01203  -0.01201  -0.01172  -0.01171  -0.01161
       -0.01159  -0.01155  -0.01137  -0.01135  -0.01135  -0.01134  -0.01115  -0.01107  -0.01092
       -0.01092  -0.01089  -0.01085  -0.01082  -0.01070  -0.01069  -0.01067  -0.01067  -0.01066
       -0.01065  -0.01065  -0.01063  -0.01062  -0.01061  -0.01060  -0.01060  -0.01060  -0.01059
       -0.01058  -0.01046  -0.01045  -0.01043  -0.01041  -0.01039  -0.01017  -0.01014  -0.00996
       -0.00993  -0.00966  -0.00961  -0.00950  -0.00944  -0.00942  -0.00935  -0.00933  -0.00931
       -0.00929  -0.00928  -0.00888  -0.00883  -0.00870  -0.00865  -0.00860  -0.00858  -0.00854
       -0.00844  -0.00837  -0.00833  -0.00829  -0.00794  -0.00792  -0.00790  -0.00789  -0.00788
       -0.00786  -0.00782  -0.00781  -0.00781  -0.00776  -0.00773  -0.00769  -0.00765  -0.00765
       -0.00761  -0.00755  -0.00752  -0.00745  -0.00742  -0.00741  -0.00737  -0.00734  -0.00733
       -0.00729  -0.00726  -0.00723  -0.00722  -0.00717  -0.00713  -0.00711  -0.00706  -0.00702
       -0.00700  -0.00697  -0.00695  -0.00694  -0.00693  -0.00691  -0.00688  -0.00686  -0.00685
       -0.00681  -0.00680  -0.00677  -0.00673  -0.00670  -0.00669  -0.00666  -0.00664  -0.00663
       -0.00660  -0.00653  -0.00651  -0.00647  -0.00640  -0.00638  -0.00637  -0.00633  -0.00630
       -0.00623  -0.00620  -0.00618  -0.00615  -0.00609  -0.00603  -0.00600  -0.00596  -0.00592
       -0.00585  -0.00584  -0.00578  -0.00574  -0.00568  -0.00566  -0.00565  -0.00564  -0.00562
       -0.00561  -0.00560  -0.00559  -0.00558  -0.00557  -0.00556  -0.00555  -0.00554  -0.00550
       -0.00550  -0.00547  -0.00546  -0.00544  -0.00543  -0.00538  -0.00534  -0.00533  -0.00527
       -0.00525  -0.00523  -0.00520  -0.00516  -0.00512  -0.00508  -0.00507  -0.00506  -0.00504
       -0.00503  -0.00500  -0.00494  -0.00494  -0.00487  -0.00483  -0.00483  -0.00478  -0.00476
       -0.00475  -0.00474  -0.00473  -0.00470  -0.00467  -0.00466  -0.00464  -0.00460  -0.00457
       -0.00454  -0.00453  -0.00451  -0.00450  -0.00448  -0.00447  -0.00443  -0.00441  -0.00440
       -0.00438  -0.00436  -0.00435  -0.00429  -0.00429  -0.00427  -0.00425  -0.00423  -0.00422
       -0.00419  -0.00417  -0.00415  -0.00413
        
     --------------------------------------------------------------------------------------------
     Tot. elapsed time 01m-38.9s,  time spent in last iteration 33.2s
     --------------------------------------------------------------------------------------------

     [I/O] -------------------------------------------------------
     [I/O] RESTART written in < 00.1s             
     [I/O] In location   : ./nacl_20_400.wstat.restart
     [I/O] -------------------------------------------------------

                       *----------*              *----------*               *----------*
     #     Iteration = |        2 |   DFPT_dim = |      313 |   Diago_dim = |     1113 |
                       *----------*              *----------*               *----------*
       
     --------------------------------------------------------------------------------------------
     Applying projection operator formed by dvg                          
     --------------------------------------------------------------------------------------------
     per-process dynamical memory   201.6 Mb
  
       
     --------------------------------------------------------------------------------------------
     Sternheimer eq. solver... with threshold =   1.000000E-12           
     --------------------------------------------------------------------------------------------
     in progress... |#                   | 005% :               01.0s (E)               20.9s (X)
     in progress... |##                  | 010% :               02.0s (E)               20.8s (X)
     in progress... |###                 | 015% :               02.5s (E)               17.3s (X)
     in progress... |####                | 020% :               03.6s (E)               18.1s (X)
     in progress... |#####               | 025% :               04.1s (E)               16.6s (X)
     in progress... |######              | 030% :               05.1s (E)               17.2s (X)
     in progress... |#######             | 035% :               06.2s (E)               17.7s (X)
     in progress... |########            | 040% :               06.7s (E)               16.8s (X)
     in progress... |#########           | 045% :               07.7s (E)               17.2s (X)
     in progress... |##########          | 050% :               08.2s (E)               16.5s (X)
     in progress... |###########         | 055% :               09.3s (E)               16.9s (X)
     in progress... |############        | 060% :               10.3s (E)               17.2s (X)
     in progress... |#############       | 065% :               10.8s (E)               16.6s (X)
     in progress... |##############      | 070% :               11.8s (E)               16.9s (X)
     in progress... |###############     | 075% :               12.3s (E)               16.5s (X)
     in progress... |################    | 080% :               13.4s (E)               16.7s (X)
     in progress... |#################   | 085% :               14.4s (E)               17.0s (X)
     in progress... |##################  | 090% :               14.9s (E)               16.6s (X)
     in progress... |################### | 095% :               16.0s (E)               16.8s (X)
     in progress... |####################| 100% :               16.5s (E)               16.5s (X)
       
     --------------------------------------------------------------------------------------------
     Applying projection operator formed by dvg                          
     --------------------------------------------------------------------------------------------
     --------------------------------------------------------------------------------------------
     p-DIAGOX done in 00.6s with a SCALAPACK grid (12x12)
     --------------------------------------------------------------------------------------------
        
       -0.19871  -0.17585  -0.17554  -0.17452  -0.13921  -0.13848  -0.13140  -0.13121  -0.13049
       -0.11785  -0.11683  -0.11600  -0.11543  -0.11505  -0.11173  -0.11044  -0.10984  -0.09441
       -0.09372  -0.09358  -0.09350  -0.09322  -0.09293  -0.09252  -0.08829  -0.08593  -0.08491
       -0.07862  -0.07838  -0.07719  -0.07683  -0.07674  -0.07666  -0.07635  -0.07557  -0.07547
       -0.06789  -0.06660  -0.06643  -0.06539  -0.06495  -0.06458  -0.06135  -0.06099  -0.06047
       -0.05806  -0.05772  -0.05548  -0.05514  -0.05472  -0.04733  -0.04718  -0.04482  -0.04477
       -0.04448  -0.04157  -0.04147  -0.04145  -0.04135  -0.04124  -0.04120  -0.04112  -0.04103
       -0.04097  -0.03903  -0.03865  -0.03863  -0.03856  -0.03851  -0.03831  -0.03829  -0.03788
       -0.03786  -0.03748  -0.03733  -0.03731  -0.03612  -0.03605  -0.03389  -0.03384  -0.03379
       -0.03378  -0.03313  -0.03305  -0.03266  -0.03217  -0.03210  -0.03123  -0.03022  -0.03004
       -0.02815  -0.02810  -0.02807  -0.02721  -0.02712  -0.02679  -0.02674  -0.02647  -0.02644
       -0.02623  -0.02614  -0.02576  -0.02554  -0.02547  -0.02505  -0.02340  -0.02196  -0.02190
       -0.02175  -0.02173  -0.02140  -0.02139  -0.02129  -0.02124  -0.02119  -0.02108  -0.02107
       -0.02103  -0.02100  -0.02084  -0.02072  -0.02072  -0.02045  -0.02044  -0.02033  -0.02029
       -0.02029  -0.02028  -0.02027  -0.02026  -0.02024  -0.02022  -0.02020  -0.02019  -0.02017
       -0.02000  -0.01990  -0.01907  -0.01906  -0.01903  -0.01896  -0.01874  -0.01862  -0.01861
       -0.01822  -0.01819  -0.01766  -0.01762  -0.01717  -0.01716  -0.01694  -0.01637  -0.01629
       -0.01623  -0.01612  -0.01608  -0.01587  -0.01572  -0.01569  -0.01549  -0.01546  -0.01536
       -0.01529  -0.01432  -0.01429  -0.01402  -0.01401  -0.01400  -0.01399  -0.01397  -0.01376
       -0.01363  -0.01361  -0.01355  -0.01348  -0.01340  -0.01338  -0.01321  -0.01318  -0.01310
       -0.01255  -0.01254  -0.01252  -0.01251  -0.01240  -0.01240  -0.01234  -0.01233  -0.01224
       -0.01224  -0.01221  -0.01219  -0.01210  -0.01210  -0.01209  -0.01178  -0.01176  -0.01168
       -0.01166  -0.01163  -0.01145  -0.01144  -0.01142  -0.01141  -0.01123  -0.01122  -0.01101
       -0.01101  -0.01097  -0.01096  -0.01091  -0.01079  -0.01077  -0.01071  -0.01071  -0.01070
       -0.01069  -0.01068  -0.01067  -0.01066  -0.01064  -0.01063  -0.01063  -0.01062  -0.01062
       -0.01061  -0.01054  -0.01053  -0.01052  -0.01052  -0.01049  -0.01027  -0.01025  -0.01008
       -0.01007  -0.00982  -0.00980  -0.00966  -0.00953  -0.00949  -0.00946  -0.00946  -0.00944
       -0.00942  -0.00941  -0.00900  -0.00897  -0.00882  -0.00879  -0.00879  -0.00878  -0.00874
       -0.00858  -0.00856  -0.00852  -0.00851  -0.00809  -0.00809  -0.00807  -0.00804  -0.00804
       -0.00804  -0.00803  -0.00803  -0.00803  -0.00792  -0.00789  -0.00788  -0.00787  -0.00785
       -0.00784  -0.00777  -0.00777  -0.00767  -0.00767  -0.00761  -0.00760  -0.00760  -0.00759
       -0.00755  -0.00753  -0.00748  -0.00747  -0.00741  -0.00740  -0.00739  -0.00728  -0.00727
       -0.00725  -0.00724  -0.00722  -0.00721  -0.00713  -0.00713  -0.00712  -0.00712  -0.00710
       -0.00709  -0.00709  -0.00702  -0.00701  -0.00686  -0.00686  -0.00685  -0.00685  -0.00682
       -0.00680  -0.00680  -0.00679  -0.00673  -0.00667  -0.00666  -0.00666  -0.00665  -0.00664
       -0.00664  -0.00655  -0.00651  -0.00650  -0.00646  -0.00646  -0.00637  -0.00637  -0.00626
       -0.00624  -0.00623  -0.00615  -0.00615  -0.00602  -0.00600  -0.00598  -0.00598  -0.00589
       -0.00587  -0.00587  -0.00574  -0.00574  -0.00574  -0.00574  -0.00573  -0.00573  -0.00573
       -0.00572  -0.00572  -0.00571  -0.00571  -0.00570  -0.00570  -0.00570  -0.00570  -0.00567
       -0.00567  -0.00565  -0.00561  -0.00560  -0.00550  -0.00550  -0.00546  -0.00545  -0.00544
       -0.00544  -0.00541  -0.00539  -0.00539  -0.00526  -0.00526  -0.00522  -0.00522  -0.00521
       -0.00520  -0.00519  -0.00518  -0.00517  -0.00514  -0.00513  -0.00513  -0.00512  -0.00510
       -0.00508  -0.00508  -0.00507  -0.00506  -0.00505  -0.00501  -0.00500  -0.00500  -0.00499
       -0.00496  -0.00494  -0.00493  -0.00493  -0.00490  -0.00486  -0.00484  -0.00484  -0.00482
       -0.00482  -0.00480  -0.00479  -0.00477
        
     --------------------------------------------------------------------------------------------
     Tot. elapsed time 02m-24.2s,  time spent in last iteration 30.9s
     --------------------------------------------------------------------------------------------

     [I/O] -------------------------------------------------------
     [I/O] RESTART written in < 00.1s             
     [I/O] In location   : ./nacl_20_400.wstat.restart
     [I/O] -------------------------------------------------------

                       *----------*              *----------*               *----------*
     #     Iteration = |        3 |   DFPT_dim = |       26 |   Diago_dim = |     1139 |
                       *----------*              *----------*               *----------*
       
     --------------------------------------------------------------------------------------------
     Applying projection operator formed by dvg                          
     --------------------------------------------------------------------------------------------
     per-process dynamical memory   196.0 Mb
  
       
     --------------------------------------------------------------------------------------------
     Sternheimer eq. solver... with threshold =   1.000000E-12           
     --------------------------------------------------------------------------------------------
     in progress... |##########          | 050% :               00.5s (E)               01.0s (X)
     in progress... |####################| 100% :               01.0s (E)               01.0s (X)
       
     --------------------------------------------------------------------------------------------
     Applying projection operator formed by dvg                          
     --------------------------------------------------------------------------------------------
     --------------------------------------------------------------------------------------------
     p-DIAGOX done in 00.6s with a SCALAPACK grid (12x12)
     --------------------------------------------------------------------------------------------
        
       -0.19871  -0.17585  -0.17554  -0.17452  -0.13921  -0.13848  -0.13140  -0.13121  -0.13049
       -0.11785  -0.11683  -0.11600  -0.11543  -0.11505  -0.11173  -0.11044  -0.10984  -0.09441
       -0.09372  -0.09358  -0.09350  -0.09322  -0.09293  -0.09252  -0.08829  -0.08593  -0.08491
       -0.07862  -0.07838  -0.07719  -0.07683  -0.07674  -0.07666  -0.07635  -0.07557  -0.07547
       -0.06789  -0.06660  -0.06643  -0.06539  -0.06495  -0.06458  -0.06135  -0.06099  -0.06047
       -0.05806  -0.05772  -0.05548  -0.05514  -0.05472  -0.04733  -0.04718  -0.04482  -0.04477
       -0.04448  -0.04157  -0.04147  -0.04145  -0.04135  -0.04124  -0.04120  -0.04112  -0.04103
       -0.04097  -0.03903  -0.03865  -0.03863  -0.03856  -0.03851  -0.03831  -0.03829  -0.03788
       -0.03786  -0.03748  -0.03733  -0.03731  -0.03612  -0.03605  -0.03389  -0.03384  -0.03379
       -0.03378  -0.03313  -0.03305  -0.03266  -0.03217  -0.03210  -0.03123  -0.03022  -0.03004
       -0.02815  -0.02810  -0.02807  -0.02721  -0.02712  -0.02679  -0.02674  -0.02647  -0.02644
       -0.02623  -0.02614  -0.02576  -0.02554  -0.02547  -0.02505  -0.02340  -0.02196  -0.02190
       -0.02175  -0.02173  -0.02140  -0.02139  -0.02129  -0.02124  -0.02119  -0.02108  -0.02107
       -0.02103  -0.02100  -0.02084  -0.02072  -0.02072  -0.02045  -0.02044  -0.02033  -0.02029
       -0.02029  -0.02028  -0.02027  -0.02026  -0.02024  -0.02022  -0.02020  -0.02019  -0.02017
       -0.02000  -0.01990  -0.01907  -0.01906  -0.01903  -0.01896  -0.01874  -0.01862  -0.01861
       -0.01822  -0.01819  -0.01766  -0.01762  -0.01717  -0.01716  -0.01694  -0.01637  -0.01629
       -0.01623  -0.01612  -0.01608  -0.01587  -0.01572  -0.01569  -0.01549  -0.01546  -0.01536
       -0.01529  -0.01432  -0.01429  -0.01402  -0.01401  -0.01400  -0.01399  -0.01397  -0.01376
       -0.01363  -0.01361  -0.01355  -0.01348  -0.01340  -0.01338  -0.01321  -0.01318  -0.01310
       -0.01255  -0.01254  -0.01252  -0.01251  -0.01241  -0.01240  -0.01234  -0.01233  -0.01224
       -0.01224  -0.01221  -0.01219  -0.01210  -0.01210  -0.01209  -0.01178  -0.01176  -0.01168
       -0.01166  -0.01163  -0.01145  -0.01144  -0.01142  -0.01141  -0.01123  -0.01122  -0.01101
       -0.01101  -0.01097  -0.01096  -0.01091  -0.01079  -0.01077  -0.01071  -0.01071  -0.01070
       -0.01069  -0.01068  -0.01067  -0.01066  -0.01064  -0.01063  -0.01063  -0.01062  -0.01062
       -0.01061  -0.01054  -0.01053  -0.01052  -0.01052  -0.01049  -0.01027  -0.01025  -0.01008
       -0.01007  -0.00982  -0.00980  -0.00966  -0.00953  -0.00949  -0.00947  -0.00946  -0.00944
       -0.00942  -0.00941  -0.00900  -0.00897  -0.00882  -0.00880  -0.00879  -0.00878  -0.00874
       -0.00858  -0.00857  -0.00852  -0.00851  -0.00809  -0.00809  -0.00807  -0.00804  -0.00804
       -0.00804  -0.00803  -0.00803  -0.00803  -0.00792  -0.00789  -0.00788  -0.00788  -0.00785
       -0.00784  -0.00777  -0.00777  -0.00768  -0.00767  -0.00761  -0.00760  -0.00760  -0.00760
       -0.00755  -0.00754  -0.00748  -0.00748  -0.00741  -0.00740  -0.00739  -0.00728  -0.00727
       -0.00725  -0.00724  -0.00722  -0.00721  -0.00713  -0.00713  -0.00712  -0.00712  -0.00711
       -0.00710  -0.00709  -0.00702  -0.00702  -0.00686  -0.00686  -0.00685  -0.00685  -0.00682
       -0.00680  -0.00680  -0.00680  -0.00673  -0.00667  -0.00667  -0.00666  -0.00666  -0.00664
       -0.00664  -0.00655  -0.00651  -0.00651  -0.00646  -0.00646  -0.00637  -0.00637  -0.00626
       -0.00624  -0.00623  -0.00616  -0.00615  -0.00603  -0.00600  -0.00599  -0.00598  -0.00589
       -0.00587  -0.00587  -0.00574  -0.00574  -0.00574  -0.00574  -0.00573  -0.00573  -0.00573
       -0.00572  -0.00572  -0.00571  -0.00571  -0.00570  -0.00570  -0.00570  -0.00570  -0.00568
       -0.00567  -0.00565  -0.00561  -0.00560  -0.00551  -0.00550  -0.00546  -0.00545  -0.00544
       -0.00544  -0.00542  -0.00540  -0.00540  -0.00527  -0.00527  -0.00523  -0.00522  -0.00522
       -0.00521  -0.00520  -0.00519  -0.00517  -0.00517  -0.00516  -0.00515  -0.00515  -0.00513
       -0.00513  -0.00511  -0.00511  -0.00511  -0.00510  -0.00505  -0.00505  -0.00505  -0.00505
       -0.00501  -0.00501  -0.00498  -0.00497  -0.00495  -0.00490  -0.00490  -0.00488  -0.00487
       -0.00486  -0.00486  -0.00485  -0.00481
        
     --------------------------------------------------------------------------------------------
     Tot. elapsed time 02m-46.7s,  time spent in last iteration 08.0s
     --------------------------------------------------------------------------------------------
       
     --------------------------------------------------------------------------------------------
     Convergence achieved !!! in        3 steps                          
     --------------------------------------------------------------------------------------------
      
     --------------------------------------------------------------------------------------------
     Database written in < 00.1s             
     In location : ./nacl_20_400.wstat.save
     --------------------------------------------------------------------------------------------
 
     WSTAT        :  3m23.34s CPU     5m35.13s WALL

     wstat_readin :      5.99s CPU     40.26s WALL (       1 calls)
     fetch_nml    :      0.05s CPU      0.05s WALL (       1 calls)
     read_xml     :      1.30s CPU      1.55s WALL (       1 calls)
     init_vloc    :      0.11s CPU      0.11s WALL (       2 calls)
     fft          :      0.25s CPU      0.27s WALL (      11 calls)
     fft_scatter  :     19.76s CPU     19.86s WALL (    5691 calls)
     v_of_rho     :      0.30s CPU      0.32s WALL (       1 calls)
     v_xc         :      0.27s CPU      0.29s WALL (       1 calls)
     v_h          :      0.03s CPU      0.04s WALL (       1 calls)
     read_wave    :      4.63s CPU     38.63s WALL (       1 calls)
     davcio       :      0.00s CPU      0.35s WALL (       2 calls)
     init_us_1    :      0.04s CPU      0.05s WALL (       2 calls)
     do_setup     :      0.34s CPU      0.35s WALL (       1 calls)
     init_pw_ar   :      0.18s CPU      0.19s WALL (       1 calls)
     init_at_1    :      0.00s CPU      0.00s WALL (       1 calls)
     storesqvc    :      0.01s CPU      0.01s WALL (       1 calls)
     chidiago     :     56.85s CPU     80.58s WALL (       1 calls)
     randomize    :      0.98s CPU      1.00s WALL (       2 calls)
     paramgs      :     12.88s CPU     13.01s WALL (      12 calls)
     dfpt         :    118.06s CPU    118.96s WALL (      11 calls)
     init_us_2    :      0.04s CPU      0.04s WALL (      11 calls)
     fftw         :     53.17s CPU     53.57s WALL (    5680 calls)
     alphapc      :      0.32s CPU      0.33s WALL (     165 calls)
     wstat_restar :     23.71s CPU     88.26s WALL (       9 calls)
     linstern     :     61.31s CPU     61.74s WALL (     123 calls)
     stern        :     45.01s CPU     45.30s WALL (    3632 calls)
     h_psi_bgrp   :     34.45s CPU     34.69s WALL (     412 calls)
     h_psi        :     34.45s CPU     34.69s WALL (     412 calls)
     h_psi:pot    :     34.21s CPU     34.45s WALL (     412 calls)
     vloc_psi     :     33.00s CPU     33.23s WALL (     412 calls)
     h_psi:calbec :      0.87s CPU      0.75s WALL (     412 calls)
     calbec       :      0.87s CPU      0.75s WALL (     412 calls)
     add_vuspsi   :      0.34s CPU      0.47s WALL (     412 calls)
     alphapv      :      5.18s CPU      5.20s WALL (    3632 calls)
     build_hr     :      7.26s CPU      7.48s WALL (       9 calls)
     diagox       :      2.25s CPU      2.29s WALL (       9 calls)
     redistr_vr   :      0.29s CPU      0.30s WALL (       7 calls)
     update_vr    :     12.20s CPU     12.51s WALL (       7 calls)
     symm_hr      :      0.29s CPU      0.30s WALL (       7 calls)
     chidiago:las :      0.13s CPU      0.14s WALL (       2 calls)
     refresh_vr   :      4.66s CPU      4.75s WALL (       4 calls)
     pdep_db      :      1.02s CPU      2.40s WALL (       1 calls)
     kinchidiago  :    140.15s CPU    213.92s WALL (       1 calls)
     k_psi        :      1.94s CPU      1.98s WALL (    3220 calls)
     kinchidiago: :      0.00s CPU      0.00s WALL (       1 calls)
     pdep_db_for_ :     10.62s CPU     39.01s WALL (       1 calls)
 
     WSTAT        :  3m23.34s CPU     5m35.13s WALL

 
   This run was terminated on:  10:13:45  23Jan2019            

=------------------------------------------------------------------------------=
   JOB DONE.
=------------------------------------------------------------------------------=
