
     Program WSTAT v. 2.0.0 starts on 23Jan2019 at 10:47:52 

     This program is part of the open-source West suite
     for massively parallel calculations of excited states in materials; please cite
         "M. Govoni et al., J. Chem. Theory Comput. 11, 2680 (2015);
          URL http://www.west-code.org", 
     in publications or presentations arising from this work.

     Based on the Quantum ESPRESSO v. 6.1 svn rev. 13369
       
     --------------------------------------------------------------------------------------------
     **MPI** Parallelization Status                                      
     --------------------------------------------------------------------------------------------
                   160                  10             1             1            16
     --------------------------------------------------------------------------------------------
                     N         =         I      X      P      X      B      X      Z
                     ^                   ^             ^             ^             ^
                     |                   |             |             |             |
                   #rnk                  |             |             |             |
                                      #image           |             |             |
                                                     #pool           |             |
                                                                   #bgrp           |
                                                                                 #R&G
     --------------------------------------------------------------------------------------------
     **OPENMP** Parallelization Status
     #thr/rnk               =            1
     --------------------------------------------------------------------------------------------
     #prc = (rnk) * (thr) =          160
     --------------------------------------------------------------------------------------------
       
     --------------------------------------------------------------------------------------------
     I/O Summary : input_west                                            
     --------------------------------------------------------------------------------------------
     qe_prefix      = nacl
     west_prefix    = nacl
     outdir         = ./
     --------------------------------------------------------------------------------------------
       
     --------------------------------------------------------------------------------------------
     I/O Summary : wstat_control                                         
     --------------------------------------------------------------------------------------------
     wstat_calculation              =              S
     n_pdep_eigen                   =            500
     n_kin_pdep_eigen               =              0
     n_lindhard_eigen               =              0
     n_pdep_times                   =              4
     n_pdep_maxiter                 =            100
     n_dfpt_maxiter                 =            250
     n_pdep_read_from_file          =              0
     trev_pdep                      =   1.000000E-03
     trev_pdep_rel                  =   1.000000E-01
     tr2_dfpt                       =   1.000000E-12
     l_kinetic_only                 =              F
     l_minimize_exx_if_active       =              F
     l_use_ecutrho                  =              F
     l_pure_eigen                   =              F
     --------------------------------------------------------------------------------------------

     Reading data from directory:
     ./nacl.save

   Info: using nr1, nr2, nr3 values from input

   Info: using nr1, nr2, nr3 values from input

     IMPORTANT: XC functional enforced from input :
     Exchange-correlation      = PBE ( 1  4  3  4 0 0)
     Any further DFT definition will be discarded
     Please, verify this is what you really want

     Message from routine readpp:
     file ./nacl.save/Na_ONCV_PBE-1.0.upf not found
     Message from routine readpp:
     file ./nacl.save/Cl_ONCV_PBE-1.0.upf not found
 
     Parallelization info
     --------------------
     sticks:   dense  smooth     PW     G-vecs:    dense   smooth      PW
     Min        1520    1520    379               178660   178660   22323
     Max        1522    1522    384               178666   178666   22328
     Sum       24345   24345   6093              2858633  2858633  357213
 
       
     --------------------------------------------------------------------------------------------
     System Overview                                                     
     --------------------------------------------------------------------------------------------
     gamma_only           =              T
     ecutwfc [Ry]         =      85.000000
     omega [au^3]         =   2.700000E+04
     glob. #G             =         178607
     nbnd                 =            100
     nkstot               =              1
     nspin                =              1
     nelec                =      16.000000
     npol                 =              1
     lsda                 =              F
     noncolin             =              F
     lspinorb             =              F
     domag                =              F
     --------------------------------------------------------------------------------------------

     sFFT G-space:  1429317 G-vectors     R-space: ( 180, 180, 180)
     dFFT G-space:  1429317 G-vectors     R-space: ( 180, 180, 180)

     Cell [a.u.]          =      30.000000      0.000000      0.000000
                          =       0.000000     30.000000      0.000000
                          =       0.000000      0.000000     30.000000
      
     number of ks points=     1
                       cart. coord. in units 2pi/alat
        k(    1) = (   0.0000000   0.0000000   0.0000000), wk =   2.0000000

                       cryst. coord.
        k(    1) = (   0.0000000   0.0000000   0.0000000), wk =   2.0000000
 
     Spherical div        =   1.654268E-01
     Orthorombic div      =   1.628502E-01
       
     --------------------------------------------------------------------------------------------
     Parallelization for nvecx                                           
     --------------------------------------------------------------------------------------------
     nglob                =           2000
     nlevel               =             10
     Min nglob/nlevel     =            200
     Max nglob/nlevel     =            200
     --------------------------------------------------------------------------------------------

     [MEM] ----------------------------------------------------------
     [MEM] **Memory** analysis: QE
     [MEM] ----------------------------------------------------------
     [MEM] Allocated arrays           est. size (Mb)     dimensions
     [MEM] ----------------------------------------------------------
     [MEM] Kohn-Sham Wavefunctions      17.03 Mb     (  11164,  100)
     [MEM] NL pseudopotentials           2.73 Mb     (  11164,   16)
     [MEM] Each V/rho on FFT grid        5.93 Mb     ( 388800)
     [MEM] Each G-vector array           0.68 Mb     (  89333)
     [MEM] G-vector shells               0.05 Mb     (   6125)
     [MEM] ----------------------------------------------------------
     [MEM] TOT                          26.42 Mb
     [MEM] ----------------------------------------------------------
     [MEM] 
     [MEM] ----------------------------------------------------------
     [MEM] **Memory** analysis: WSTAT global
     [MEM] ----------------------------------------------------------
     [MEM] Allocated arrays           est. size (Mb)     dimensions
     [MEM] ----------------------------------------------------------
     [MEM] dvg                          34.07 Mb     (  11164,  200)
     [MEM] dng                          34.07 Mb     (  11164,  200)
     [MEM] hr_distr                      3.05 Mb     (   2000,  200)
     [MEM] vr_distr                      3.05 Mb     (   2000,  200)
     [MEM] ----------------------------------------------------------
     [MEM] TOT                          74.24 Mb
     [MEM] ----------------------------------------------------------
     [MEM] 
     [MEM] ----------------------------------------------------------
     [MEM] **Memory** analysis: WSTAT temporary
     [MEM] ----------------------------------------------------------
     [MEM] Allocated arrays           est. size (Mb)     dimensions
     [MEM] ----------------------------------------------------------
     [MEM] dvpsi                         1.36 Mb     (  11164,    8)
     [MEM] dpsi                          1.36 Mb     (  11164,    8)
     [MEM] ----------------------------------------------------------
     [MEM] Total estimate                2.73 Mb
     [MEM] ----------------------------------------------------------

                       *----------*              *----------*               *----------*
     #     Iteration = | starting |   DFPT_dim = |      500 |   Diago_dim = |      500 |  x 1/2
                       *----------*              *----------*               *----------*
     per-process dynamical memory   184.5 Mb
  
       
     --------------------------------------------------------------------------------------------
     Sternheimer eq. solver... with lite-solver                          
     --------------------------------------------------------------------------------------------
     in progress... |#                   | 005% :               00.8s (E)               16.4s (X)
     in progress... |##                  | 010% :               01.3s (E)               13.7s (X)
     in progress... |###                 | 015% :               02.1s (E)               14.6s (X)
     in progress... |####                | 020% :               02.7s (E)               13.6s (X)
     in progress... |#####               | 025% :               03.5s (E)               14.1s (X)
     in progress... |######              | 030% :               04.0s (E)               13.6s (X)
     in progress... |#######             | 035% :               04.9s (E)               14.0s (X)
     in progress... |########            | 040% :               05.4s (E)               13.6s (X)
     in progress... |#########           | 045% :               06.2s (E)               13.9s (X)
     in progress... |##########          | 050% :               06.8s (E)               13.6s (X)
     in progress... |###########         | 055% :               07.6s (E)               13.8s (X)
     in progress... |############        | 060% :               08.1s (E)               13.6s (X)
     in progress... |#############       | 065% :               08.9s (E)               13.8s (X)
     in progress... |##############      | 070% :               09.5s (E)               13.6s (X)
     in progress... |###############     | 075% :               10.3s (E)               13.8s (X)
     in progress... |################    | 080% :               10.8s (E)               13.6s (X)
     in progress... |#################   | 085% :               11.7s (E)               13.7s (X)
     in progress... |##################  | 090% :               12.2s (E)               13.6s (X)
     in progress... |################### | 095% :               13.0s (E)               13.7s (X)
     in progress... |####################| 100% :               13.6s (E)               13.6s (X)
     --------------------------------------------------------------------------------------------

     [I/O] -------------------------------------------------------
     [I/O] RESTART written in < 00.1s             
     [I/O] In location   : ./nacl_500.wstat.restart
     [I/O] -------------------------------------------------------

                       *----------*              *----------*               *----------*
     #     Iteration = | starting |   DFPT_dim = |      500 |   Diago_dim = |      500 |  x 2/2
                       *----------*              *----------*               *----------*
     per-process dynamical memory   186.8 Mb
  
       
     --------------------------------------------------------------------------------------------
     Sternheimer eq. solver... with threshold =   1.000000E-06           
     --------------------------------------------------------------------------------------------
     in progress... |#                   | 005% :               08.9s (E)           02m-59.0s (X)
     in progress... |##                  | 010% :               14.8s (E)           02m-28.2s (X)
     in progress... |###                 | 015% :               23.4s (E)           02m-36.4s (X)
     in progress... |####                | 020% :               29.1s (E)           02m-25.8s (X)
     in progress... |#####               | 025% :               37.7s (E)           02m-30.9s (X)
     in progress... |######              | 030% :               43.4s (E)           02m-24.7s (X)
     in progress... |#######             | 035% :               51.6s (E)           02m-27.6s (X)
     in progress... |########            | 040% :               57.1s (E)           02m-22.8s (X)
     in progress... |#########           | 045% :           01m-05.3s (E)           02m-25.1s (X)
     in progress... |##########          | 050% :           01m-10.8s (E)           02m-21.6s (X)
     in progress... |###########         | 055% :           01m-18.9s (E)           02m-23.5s (X)
     in progress... |############        | 060% :           01m-24.3s (E)           02m-20.5s (X)
     in progress... |#############       | 065% :           01m-32.3s (E)           02m-22.1s (X)
     in progress... |##############      | 070% :           01m-37.6s (E)           02m-19.5s (X)
     in progress... |###############     | 075% :           01m-45.7s (E)           02m-21.0s (X)
     in progress... |################    | 080% :           01m-50.9s (E)           02m-18.7s (X)
     in progress... |#################   | 085% :           01m-58.8s (E)           02m-19.8s (X)
     in progress... |##################  | 090% :           02m-04.1s (E)           02m-17.9s (X)
     in progress... |################### | 095% :           02m-12.0s (E)           02m-18.9s (X)
     in progress... |####################| 100% :           02m-17.2s (E)           02m-17.2s (X)
     --------------------------------------------------------------------------------------------
     p-DIAGOX done in 00.4s with a SCALAPACK grid (12x12)
     --------------------------------------------------------------------------------------------
        
       -1.90817  -1.41190  -1.40209  -1.40207  -0.64977  -0.56111  -0.56108  -0.52968  -0.51601
       -0.46900  -0.46894  -0.44317  -0.44305  -0.43711  -0.43708  -0.42704  -0.31937  -0.31925
       -0.31803  -0.31793  -0.31238  -0.31095  -0.31084  -0.26222  -0.22044  -0.22042  -0.20166
       -0.19156  -0.19137  -0.18071  -0.18014  -0.18006  -0.16984  -0.16983  -0.16857  -0.16779
       -0.16776  -0.12668  -0.12515  -0.12512  -0.12511  -0.12510  -0.12444  -0.12443  -0.12050
       -0.11124  -0.11112  -0.10727  -0.10721  -0.10667  -0.10622  -0.10613  -0.09976  -0.09939
       -0.09936  -0.09656  -0.09648  -0.09205  -0.09201  -0.08975  -0.08964  -0.08812  -0.08507
       -0.08317  -0.08316  -0.08303  -0.08294  -0.08107  -0.08103  -0.07478  -0.06348  -0.06340
       -0.05933  -0.05811  -0.05784  -0.05122  -0.04933  -0.04925  -0.04924  -0.04919  -0.04897
       -0.04895  -0.04877  -0.04874  -0.04872  -0.04704  -0.04698  -0.04608  -0.04599  -0.04524
       -0.04515  -0.04447  -0.04423  -0.04406  -0.04374  -0.04366  -0.04278  -0.04273  -0.04063
       -0.04051  -0.03985  -0.03979  -0.03951  -0.03910  -0.03887  -0.03736  -0.03718  -0.03695
       -0.03538  -0.03497  -0.03462  -0.03340  -0.03297  -0.03186  -0.03163  -0.03135  -0.03089
       -0.03084  -0.03077  -0.03054  -0.03048  -0.03039  -0.03024  -0.02997  -0.02980  -0.02902
       -0.02582  -0.02560  -0.02531  -0.02525  -0.02419  -0.02366  -0.02346  -0.02340  -0.02309
       -0.02303  -0.02295  -0.02281  -0.02274  -0.02260  -0.02248  -0.02244  -0.02238  -0.02235
       -0.02229  -0.02222  -0.02219  -0.02214  -0.02204  -0.02202  -0.02195  -0.02188  -0.02180
       -0.02164  -0.02150  -0.02138  -0.02118  -0.02091  -0.02065  -0.02050  -0.02028  -0.02024
       -0.01962  -0.01954  -0.01901  -0.01872  -0.01869  -0.01856  -0.01846  -0.01825  -0.01809
       -0.01736  -0.01710  -0.01706  -0.01697  -0.01677  -0.01666  -0.01625  -0.01621  -0.01594
       -0.01584  -0.01572  -0.01570  -0.01506  -0.01495  -0.01476  -0.01464  -0.01460  -0.01458
       -0.01445  -0.01425  -0.01419  -0.01403  -0.01387  -0.01360  -0.01349  -0.01345  -0.01324
       -0.01308  -0.01278  -0.01243  -0.01239  -0.01231  -0.01222  -0.01208  -0.01204  -0.01197
       -0.01191  -0.01180  -0.01172  -0.01163  -0.01158  -0.01155  -0.01148  -0.01133  -0.01132
       -0.01124  -0.01123  -0.01117  -0.01110  -0.01104  -0.01097  -0.01088  -0.01085  -0.01081
       -0.01080  -0.01075  -0.01072  -0.01070  -0.01068  -0.01064  -0.01055  -0.01045  -0.01041
       -0.01036  -0.01031  -0.01020  -0.01019  -0.01012  -0.01002  -0.00998  -0.00990  -0.00986
       -0.00976  -0.00968  -0.00956  -0.00948  -0.00944  -0.00928  -0.00927  -0.00919  -0.00914
       -0.00908  -0.00901  -0.00891  -0.00890  -0.00884  -0.00868  -0.00860  -0.00851  -0.00841
       -0.00823  -0.00813  -0.00803  -0.00799  -0.00792  -0.00785  -0.00774  -0.00767  -0.00756
       -0.00747  -0.00743  -0.00737  -0.00733  -0.00727  -0.00723  -0.00713  -0.00708  -0.00703
       -0.00697  -0.00692  -0.00685  -0.00681  -0.00678  -0.00672  -0.00665  -0.00664  -0.00658
       -0.00650  -0.00648  -0.00644  -0.00636  -0.00633  -0.00632  -0.00627  -0.00622  -0.00618
       -0.00613  -0.00613  -0.00609  -0.00604  -0.00603  -0.00599  -0.00593  -0.00589  -0.00589
       -0.00582  -0.00575  -0.00570  -0.00567  -0.00563  -0.00560  -0.00559  -0.00555  -0.00554
       -0.00547  -0.00547  -0.00543  -0.00540  -0.00535  -0.00533  -0.00532  -0.00527  -0.00522
       -0.00520  -0.00516  -0.00512  -0.00509  -0.00504  -0.00503  -0.00500  -0.00496  -0.00492
       -0.00491  -0.00488  -0.00485  -0.00482  -0.00475  -0.00471  -0.00468  -0.00464  -0.00459
       -0.00457  -0.00455  -0.00453  -0.00449  -0.00448  -0.00445  -0.00443  -0.00440  -0.00436
       -0.00431  -0.00424  -0.00421  -0.00421  -0.00420  -0.00410  -0.00408  -0.00404  -0.00403
       -0.00399  -0.00395  -0.00391  -0.00391  -0.00390  -0.00386  -0.00383  -0.00380  -0.00378
       -0.00377  -0.00373  -0.00369  -0.00369  -0.00366  -0.00363  -0.00362  -0.00359  -0.00357
       -0.00355  -0.00349  -0.00347  -0.00346  -0.00342  -0.00340  -0.00337  -0.00337  -0.00331
       -0.00327  -0.00325  -0.00324  -0.00320  -0.00317  -0.00313  -0.00310  -0.00308  -0.00306
       -0.00305  -0.00303  -0.00302  -0.00298  -0.00295  -0.00294  -0.00290  -0.00288  -0.00287
       -0.00286  -0.00284  -0.00281  -0.00280  -0.00279  -0.00276  -0.00273  -0.00273  -0.00268
       -0.00267  -0.00265  -0.00263  -0.00262  -0.00260  -0.00258  -0.00256  -0.00254  -0.00252
       -0.00249  -0.00247  -0.00245  -0.00244  -0.00238  -0.00237  -0.00236  -0.00235  -0.00235
       -0.00231  -0.00230  -0.00226  -0.00224  -0.00221  -0.00220  -0.00220  -0.00218  -0.00215
       -0.00214  -0.00213  -0.00212  -0.00210  -0.00209  -0.00205  -0.00203  -0.00201  -0.00201
       -0.00199  -0.00196  -0.00194  -0.00191  -0.00189  -0.00188  -0.00187  -0.00187  -0.00185
       -0.00185  -0.00182  -0.00179  -0.00177  -0.00176  -0.00175  -0.00174  -0.00171  -0.00170
       -0.00168  -0.00165  -0.00164  -0.00162  -0.00159  -0.00158  -0.00157  -0.00155  -0.00155
       -0.00152  -0.00149  -0.00147  -0.00146  -0.00145  -0.00143  -0.00141  -0.00139  -0.00139
       -0.00137  -0.00136  -0.00133  -0.00131  -0.00130  -0.00128  -0.00127  -0.00124  -0.00121
       -0.00120  -0.00116  -0.00115  -0.00114  -0.00096
        
     --------------------------------------------------------------------------------------------
     Tot. elapsed time 04m-33.9s,  time spent in last iteration 04m-33.9s
     --------------------------------------------------------------------------------------------

     [I/O] -------------------------------------------------------
     [I/O] RESTART written in < 00.1s             
     [I/O] In location   : ./nacl_500.wstat.restart
     [I/O] -------------------------------------------------------

                       *----------*              *----------*               *----------*
     #     Iteration = |        1 |   DFPT_dim = |      500 |   Diago_dim = |     1000 |
                       *----------*              *----------*               *----------*
     per-process dynamical memory   186.8 Mb
  
       
     --------------------------------------------------------------------------------------------
     Sternheimer eq. solver... with threshold =   1.000000E-12           
     --------------------------------------------------------------------------------------------
     in progress... |#                   | 005% :               13.7s (E)           04m-34.3s (X)
     in progress... |##                  | 010% :               22.5s (E)           03m-45.4s (X)
     in progress... |###                 | 015% :               35.6s (E)           03m-57.7s (X)
     in progress... |####                | 020% :               44.3s (E)           03m-41.7s (X)
     in progress... |#####               | 025% :               57.4s (E)           03m-49.6s (X)
     in progress... |######              | 030% :           01m-06.0s (E)           03m-40.3s (X)
     in progress... |#######             | 035% :           01m-18.9s (E)           03m-45.6s (X)
     in progress... |########            | 040% :           01m-27.5s (E)           03m-38.8s (X)
     in progress... |#########           | 045% :           01m-40.4s (E)           03m-43.2s (X)
     in progress... |##########          | 050% :           01m-48.9s (E)           03m-37.9s (X)
     in progress... |###########         | 055% :           02m-01.7s (E)           03m-41.3s (X)
     in progress... |############        | 060% :           02m-10.2s (E)           03m-37.0s (X)
     in progress... |#############       | 065% :           02m-23.0s (E)           03m-40.0s (X)
     in progress... |##############      | 070% :           02m-31.4s (E)           03m-36.3s (X)
     in progress... |###############     | 075% :           02m-44.2s (E)           03m-38.9s (X)
     in progress... |################    | 080% :           02m-52.7s (E)           03m-35.8s (X)
     in progress... |#################   | 085% :           03m-05.4s (E)           03m-38.1s (X)
     in progress... |##################  | 090% :           03m-13.8s (E)           03m-35.3s (X)
     in progress... |################### | 095% :           03m-26.4s (E)           03m-37.3s (X)
     in progress... |####################| 100% :           03m-34.8s (E)           03m-34.8s (X)
     --------------------------------------------------------------------------------------------
     p-DIAGOX done in 00.6s with a SCALAPACK grid (12x12)
     --------------------------------------------------------------------------------------------
        
       -2.03558  -1.43004  -1.40214  -1.40214  -0.72406  -0.56125  -0.56125  -0.53136  -0.52394
       -0.46926  -0.46926  -0.44358  -0.44358  -0.43726  -0.43726  -0.43081  -0.31983  -0.31983
       -0.31848  -0.31848  -0.31288  -0.31146  -0.31146  -0.28502  -0.22076  -0.22076  -0.20220
       -0.19197  -0.19184  -0.18120  -0.18048  -0.18048  -0.16996  -0.16996  -0.16872  -0.16793
       -0.16793  -0.12705  -0.12522  -0.12522  -0.12521  -0.12521  -0.12450  -0.12450  -0.12147
       -0.11157  -0.11157  -0.10763  -0.10763  -0.10737  -0.10652  -0.10652  -0.10162  -0.09970
       -0.09970  -0.09684  -0.09684  -0.09248  -0.09248  -0.09028  -0.09028  -0.08955  -0.08779
       -0.08403  -0.08403  -0.08388  -0.08388  -0.08174  -0.08174  -0.07945  -0.06439  -0.06439
       -0.06306  -0.05912  -0.05905  -0.05509  -0.04961  -0.04961  -0.04953  -0.04953  -0.04924
       -0.04921  -0.04921  -0.04898  -0.04898  -0.04783  -0.04783  -0.04660  -0.04660  -0.04571
       -0.04571  -0.04508  -0.04494  -0.04494  -0.04433  -0.04433  -0.04346  -0.04346  -0.04154
       -0.04154  -0.04094  -0.04094  -0.04066  -0.03996  -0.03996  -0.03855  -0.03822  -0.03822
       -0.03684  -0.03649  -0.03649  -0.03475  -0.03474  -0.03368  -0.03324  -0.03324  -0.03182
       -0.03182  -0.03157  -0.03156  -0.03142  -0.03142  -0.03113  -0.03113  -0.03095  -0.03055
       -0.02697  -0.02697  -0.02669  -0.02667  -0.02609  -0.02491  -0.02489  -0.02443  -0.02421
       -0.02421  -0.02406  -0.02406  -0.02359  -0.02359  -0.02327  -0.02326  -0.02306  -0.02305
       -0.02304  -0.02304  -0.02293  -0.02282  -0.02282  -0.02282  -0.02282  -0.02279  -0.02279
       -0.02269  -0.02269  -0.02266  -0.02266  -0.02229  -0.02229  -0.02229  -0.02176  -0.02176
       -0.02105  -0.02104  -0.02099  -0.02044  -0.02044  -0.02039  -0.02039  -0.02027  -0.02027
       -0.01935  -0.01910  -0.01909  -0.01885  -0.01884  -0.01852  -0.01841  -0.01841  -0.01804
       -0.01803  -0.01800  -0.01800  -0.01669  -0.01653  -0.01653  -0.01614  -0.01613  -0.01613
       -0.01568  -0.01567  -0.01561  -0.01561  -0.01552  -0.01548  -0.01548  -0.01534  -0.01534
       -0.01526  -0.01526  -0.01390  -0.01381  -0.01380  -0.01378  -0.01378  -0.01368  -0.01368
       -0.01350  -0.01350  -0.01345  -0.01344  -0.01330  -0.01324  -0.01323  -0.01322  -0.01321
       -0.01310  -0.01309  -0.01305  -0.01304  -0.01283  -0.01281  -0.01264  -0.01264  -0.01254
       -0.01254  -0.01253  -0.01253  -0.01222  -0.01219  -0.01214  -0.01201  -0.01194  -0.01194
       -0.01190  -0.01190  -0.01177  -0.01177  -0.01167  -0.01166  -0.01162  -0.01158  -0.01158
       -0.01157  -0.01157  -0.01156  -0.01156  -0.01156  -0.01156  -0.01154  -0.01154  -0.01146
       -0.01146  -0.01140  -0.01109  -0.01108  -0.01086  -0.01085  -0.01072  -0.01070  -0.01064
       -0.01062  -0.01061  -0.01044  -0.01044  -0.01042  -0.01040  -0.00982  -0.00981  -0.00981
       -0.00976  -0.00975  -0.00975  -0.00974  -0.00944  -0.00942  -0.00939  -0.00901  -0.00896
       -0.00894  -0.00877  -0.00875  -0.00874  -0.00873  -0.00868  -0.00866  -0.00865  -0.00862
       -0.00862  -0.00845  -0.00843  -0.00842  -0.00837  -0.00837  -0.00834  -0.00833  -0.00819
       -0.00819  -0.00819  -0.00818  -0.00807  -0.00805  -0.00801  -0.00801  -0.00797  -0.00797
       -0.00794  -0.00793  -0.00785  -0.00781  -0.00780  -0.00770  -0.00769  -0.00767  -0.00766
       -0.00766  -0.00764  -0.00761  -0.00758  -0.00751  -0.00747  -0.00747  -0.00741  -0.00740
       -0.00737  -0.00737  -0.00736  -0.00735  -0.00735  -0.00733  -0.00727  -0.00714  -0.00711
       -0.00711  -0.00708  -0.00706  -0.00705  -0.00703  -0.00702  -0.00686  -0.00684  -0.00682
       -0.00679  -0.00678  -0.00671  -0.00669  -0.00667  -0.00664  -0.00662  -0.00650  -0.00647
       -0.00641  -0.00640  -0.00622  -0.00619  -0.00614  -0.00613  -0.00609  -0.00608  -0.00608
       -0.00607  -0.00607  -0.00606  -0.00606  -0.00605  -0.00605  -0.00604  -0.00604  -0.00603
       -0.00602  -0.00602  -0.00601  -0.00598  -0.00596  -0.00594  -0.00592  -0.00588  -0.00584
       -0.00581  -0.00577  -0.00576  -0.00573  -0.00568  -0.00567  -0.00561  -0.00560  -0.00557
       -0.00556  -0.00554  -0.00547  -0.00544  -0.00542  -0.00540  -0.00537  -0.00536  -0.00532
       -0.00530  -0.00528  -0.00524  -0.00522  -0.00520  -0.00519  -0.00517  -0.00515  -0.00514
       -0.00512  -0.00511  -0.00509  -0.00507  -0.00506  -0.00503  -0.00502  -0.00498  -0.00497
       -0.00496  -0.00494  -0.00492  -0.00489  -0.00488  -0.00486  -0.00486  -0.00479  -0.00476
       -0.00475  -0.00474  -0.00472  -0.00471  -0.00469  -0.00466  -0.00464  -0.00463  -0.00461
       -0.00460  -0.00458  -0.00455  -0.00453  -0.00452  -0.00451  -0.00449  -0.00447  -0.00444
       -0.00443  -0.00441  -0.00440  -0.00435  -0.00434  -0.00434  -0.00431  -0.00430  -0.00428
       -0.00427  -0.00426  -0.00425  -0.00421  -0.00420  -0.00418  -0.00412  -0.00410  -0.00408
       -0.00406  -0.00404  -0.00401  -0.00400  -0.00399  -0.00395  -0.00392  -0.00391  -0.00389
       -0.00388  -0.00387  -0.00386  -0.00384  -0.00383  -0.00381  -0.00380  -0.00379  -0.00378
       -0.00376  -0.00374  -0.00374  -0.00372  -0.00371  -0.00370  -0.00368  -0.00366  -0.00365
       -0.00363  -0.00363  -0.00361  -0.00360  -0.00357  -0.00353  -0.00352  -0.00350  -0.00349
       -0.00346  -0.00345  -0.00343  -0.00340  -0.00338
        
     --------------------------------------------------------------------------------------------
     Tot. elapsed time 10m-30.1s,  time spent in last iteration 04m-20.5s
     --------------------------------------------------------------------------------------------

     [I/O] -------------------------------------------------------
     [I/O] RESTART written in < 00.1s             
     [I/O] In location   : ./nacl_500.wstat.restart
     [I/O] -------------------------------------------------------

                       *----------*              *----------*               *----------*
     #     Iteration = |        2 |   DFPT_dim = |      395 |   Diago_dim = |     1395 |
                       *----------*              *----------*               *----------*
     per-process dynamical memory   188.2 Mb
  
       
     --------------------------------------------------------------------------------------------
     Sternheimer eq. solver... with threshold =   1.000000E-12           
     --------------------------------------------------------------------------------------------
     in progress... |#                   | 005% :               08.4s (E)           02m-48.9s (X)
     in progress... |##                  | 010% :               16.8s (E)           02m-48.6s (X)
     in progress... |###                 | 015% :               25.2s (E)           02m-48.3s (X)
     in progress... |####                | 020% :               33.5s (E)           02m-47.9s (X)
     in progress... |#####               | 025% :               41.9s (E)           02m-47.9s (X)
     in progress... |######              | 030% :               50.3s (E)           02m-47.7s (X)
     in progress... |#######             | 035% :               58.6s (E)           02m-47.6s (X)
     in progress... |########            | 040% :           01m-07.0s (E)           02m-47.5s (X)
     in progress... |#########           | 045% :           01m-15.3s (E)           02m-47.4s (X)
     in progress... |##########          | 050% :           01m-23.6s (E)           02m-47.3s (X)
     in progress... |###########         | 055% :           01m-32.0s (E)           02m-47.3s (X)
     in progress... |############        | 060% :           01m-40.3s (E)           02m-47.2s (X)
     in progress... |#############       | 065% :           01m-48.6s (E)           02m-47.1s (X)
     in progress... |##############      | 070% :           01m-56.9s (E)           02m-47.0s (X)
     in progress... |###############     | 075% :           02m-05.2s (E)           02m-47.0s (X)
     in progress... |################    | 080% :           02m-13.5s (E)           02m-46.8s (X)
     in progress... |#################   | 085% :           02m-21.7s (E)           02m-46.8s (X)
     in progress... |##################  | 090% :           02m-30.0s (E)           02m-46.7s (X)
     in progress... |################### | 095% :           02m-38.3s (E)           02m-46.6s (X)
     in progress... |####################| 100% :           02m-46.5s (E)           02m-46.5s (X)
     --------------------------------------------------------------------------------------------
     p-DIAGOX done in 00.9s with a SCALAPACK grid (12x12)
     --------------------------------------------------------------------------------------------
        
       -2.03558  -1.43004  -1.40214  -1.40214  -0.72406  -0.56125  -0.56125  -0.53136  -0.52394
       -0.46926  -0.46926  -0.44358  -0.44358  -0.43726  -0.43726  -0.43081  -0.31983  -0.31983
       -0.31848  -0.31848  -0.31288  -0.31146  -0.31146  -0.28502  -0.22076  -0.22076  -0.20220
       -0.19197  -0.19184  -0.18120  -0.18048  -0.18048  -0.16996  -0.16996  -0.16872  -0.16793
       -0.16793  -0.12705  -0.12522  -0.12522  -0.12521  -0.12521  -0.12450  -0.12450  -0.12147
       -0.11157  -0.11157  -0.10763  -0.10763  -0.10737  -0.10652  -0.10652  -0.10162  -0.09970
       -0.09970  -0.09685  -0.09684  -0.09248  -0.09248  -0.09028  -0.09028  -0.08955  -0.08779
       -0.08403  -0.08403  -0.08388  -0.08388  -0.08174  -0.08174  -0.07945  -0.06439  -0.06439
       -0.06306  -0.05913  -0.05905  -0.05509  -0.04961  -0.04961  -0.04953  -0.04953  -0.04924
       -0.04921  -0.04921  -0.04898  -0.04898  -0.04783  -0.04783  -0.04660  -0.04660  -0.04571
       -0.04571  -0.04508  -0.04494  -0.04494  -0.04433  -0.04433  -0.04346  -0.04346  -0.04154
       -0.04154  -0.04094  -0.04094  -0.04066  -0.03996  -0.03996  -0.03855  -0.03822  -0.03822
       -0.03684  -0.03649  -0.03649  -0.03475  -0.03474  -0.03368  -0.03324  -0.03324  -0.03182
       -0.03182  -0.03157  -0.03157  -0.03142  -0.03142  -0.03113  -0.03113  -0.03095  -0.03055
       -0.02698  -0.02698  -0.02669  -0.02667  -0.02610  -0.02492  -0.02490  -0.02444  -0.02421
       -0.02421  -0.02406  -0.02406  -0.02360  -0.02360  -0.02327  -0.02326  -0.02306  -0.02306
       -0.02304  -0.02304  -0.02293  -0.02282  -0.02282  -0.02282  -0.02282  -0.02279  -0.02279
       -0.02270  -0.02270  -0.02266  -0.02266  -0.02229  -0.02229  -0.02229  -0.02177  -0.02177
       -0.02105  -0.02105  -0.02100  -0.02045  -0.02045  -0.02040  -0.02040  -0.02027  -0.02027
       -0.01936  -0.01911  -0.01911  -0.01886  -0.01886  -0.01853  -0.01842  -0.01842  -0.01804
       -0.01804  -0.01802  -0.01802  -0.01672  -0.01654  -0.01654  -0.01616  -0.01616  -0.01615
       -0.01568  -0.01568  -0.01563  -0.01563  -0.01553  -0.01549  -0.01549  -0.01535  -0.01535
       -0.01526  -0.01526  -0.01393  -0.01382  -0.01382  -0.01380  -0.01380  -0.01370  -0.01370
       -0.01352  -0.01352  -0.01346  -0.01346  -0.01332  -0.01326  -0.01326  -0.01324  -0.01324
       -0.01312  -0.01312  -0.01306  -0.01306  -0.01286  -0.01284  -0.01267  -0.01267  -0.01257
       -0.01256  -0.01256  -0.01256  -0.01225  -0.01225  -0.01217  -0.01205  -0.01198  -0.01198
       -0.01194  -0.01194  -0.01180  -0.01180  -0.01169  -0.01169  -0.01164  -0.01159  -0.01159
       -0.01158  -0.01158  -0.01157  -0.01157  -0.01157  -0.01157  -0.01156  -0.01156  -0.01149
       -0.01149  -0.01143  -0.01114  -0.01114  -0.01089  -0.01089  -0.01078  -0.01078  -0.01069
       -0.01068  -0.01068  -0.01048  -0.01048  -0.01046  -0.01046  -0.00990  -0.00990  -0.00985
       -0.00982  -0.00982  -0.00982  -0.00982  -0.00952  -0.00952  -0.00948  -0.00911  -0.00906
       -0.00906  -0.00884  -0.00884  -0.00880  -0.00880  -0.00874  -0.00874  -0.00872  -0.00868
       -0.00868  -0.00851  -0.00851  -0.00849  -0.00845  -0.00844  -0.00843  -0.00843  -0.00829
       -0.00829  -0.00827  -0.00827  -0.00815  -0.00815  -0.00809  -0.00808  -0.00806  -0.00806
       -0.00805  -0.00805  -0.00795  -0.00793  -0.00793  -0.00781  -0.00781  -0.00777  -0.00777
       -0.00777  -0.00777  -0.00770  -0.00770  -0.00764  -0.00762  -0.00762  -0.00749  -0.00749
       -0.00744  -0.00744  -0.00743  -0.00742  -0.00742  -0.00742  -0.00742  -0.00724  -0.00724
       -0.00724  -0.00724  -0.00719  -0.00719  -0.00713  -0.00713  -0.00702  -0.00702  -0.00698
       -0.00693  -0.00691  -0.00689  -0.00689  -0.00685  -0.00685  -0.00678  -0.00668  -0.00668
       -0.00661  -0.00661  -0.00641  -0.00641  -0.00627  -0.00626  -0.00626  -0.00618  -0.00618
       -0.00616  -0.00616  -0.00614  -0.00613  -0.00613  -0.00612  -0.00612  -0.00612  -0.00611
       -0.00611  -0.00610  -0.00610  -0.00609  -0.00609  -0.00608  -0.00608  -0.00608  -0.00608
       -0.00598  -0.00598  -0.00590  -0.00590  -0.00587  -0.00586  -0.00578  -0.00578  -0.00578
       -0.00578  -0.00572  -0.00569  -0.00569  -0.00559  -0.00559  -0.00557  -0.00557  -0.00556
       -0.00554  -0.00554  -0.00547  -0.00547  -0.00544  -0.00543  -0.00543  -0.00542  -0.00542
       -0.00537  -0.00536  -0.00536  -0.00536  -0.00536  -0.00535  -0.00529  -0.00529  -0.00525
       -0.00524  -0.00524  -0.00524  -0.00523  -0.00520  -0.00520  -0.00518  -0.00517  -0.00508
       -0.00508  -0.00507  -0.00507  -0.00503  -0.00503  -0.00501  -0.00501  -0.00498  -0.00497
       -0.00491  -0.00491  -0.00490  -0.00490  -0.00483  -0.00478  -0.00478  -0.00477  -0.00477
       -0.00474  -0.00474  -0.00474  -0.00472  -0.00471  -0.00469  -0.00468  -0.00464  -0.00464
       -0.00463  -0.00462  -0.00462  -0.00462  -0.00454  -0.00453  -0.00453  -0.00452  -0.00452
       -0.00443  -0.00443  -0.00437  -0.00437  -0.00435  -0.00426  -0.00426  -0.00426  -0.00424
       -0.00424  -0.00422  -0.00422  -0.00422  -0.00417  -0.00417  -0.00416  -0.00416  -0.00411
       -0.00411  -0.00405  -0.00405  -0.00400  -0.00400  -0.00399  -0.00399  -0.00398  -0.00397
       -0.00395  -0.00395  -0.00394  -0.00392  -0.00391  -0.00389  -0.00389  -0.00382  -0.00381
       -0.00380  -0.00378  -0.00378  -0.00376  -0.00375
        
     --------------------------------------------------------------------------------------------
     Tot. elapsed time 17m-07.5s,  time spent in last iteration 03m-28.3s
     --------------------------------------------------------------------------------------------

     [I/O] -------------------------------------------------------
     [I/O] RESTART written in < 00.1s             
     [I/O] In location   : ./nacl_500.wstat.restart
     [I/O] -------------------------------------------------------

                       *----------*              *----------*               *----------*
     #     Iteration = |        3 |   DFPT_dim = |        7 |   Diago_dim = |     1402 |
                       *----------*              *----------*               *----------*
     per-process dynamical memory   189.6 Mb
  
       
     --------------------------------------------------------------------------------------------
     Sternheimer eq. solver... with threshold =   1.000000E-12           
     --------------------------------------------------------------------------------------------
     in progress... |####################| 100% :               04.0s (E)               04.0s (X)
     --------------------------------------------------------------------------------------------
     p-DIAGOX done in 00.9s with a SCALAPACK grid (12x12)
     --------------------------------------------------------------------------------------------
        
       -2.03558  -1.43004  -1.40214  -1.40214  -0.72406  -0.56125  -0.56125  -0.53136  -0.52394
       -0.46926  -0.46926  -0.44358  -0.44358  -0.43726  -0.43726  -0.43081  -0.31983  -0.31983
       -0.31848  -0.31848  -0.31288  -0.31146  -0.31146  -0.28502  -0.22076  -0.22076  -0.20220
       -0.19197  -0.19184  -0.18120  -0.18048  -0.18048  -0.16996  -0.16996  -0.16872  -0.16793
       -0.16793  -0.12705  -0.12522  -0.12522  -0.12521  -0.12521  -0.12450  -0.12450  -0.12147
       -0.11157  -0.11157  -0.10763  -0.10763  -0.10737  -0.10652  -0.10652  -0.10162  -0.09970
       -0.09970  -0.09685  -0.09684  -0.09248  -0.09248  -0.09028  -0.09028  -0.08955  -0.08779
       -0.08403  -0.08403  -0.08388  -0.08388  -0.08174  -0.08174  -0.07945  -0.06439  -0.06439
       -0.06306  -0.05913  -0.05905  -0.05509  -0.04961  -0.04961  -0.04953  -0.04953  -0.04924
       -0.04921  -0.04921  -0.04898  -0.04898  -0.04783  -0.04783  -0.04660  -0.04660  -0.04571
       -0.04571  -0.04508  -0.04494  -0.04494  -0.04433  -0.04433  -0.04346  -0.04346  -0.04154
       -0.04154  -0.04094  -0.04094  -0.04066  -0.03996  -0.03996  -0.03855  -0.03822  -0.03822
       -0.03684  -0.03649  -0.03649  -0.03475  -0.03474  -0.03368  -0.03324  -0.03324  -0.03182
       -0.03182  -0.03157  -0.03157  -0.03142  -0.03142  -0.03113  -0.03113  -0.03095  -0.03055
       -0.02698  -0.02698  -0.02669  -0.02667  -0.02610  -0.02492  -0.02490  -0.02444  -0.02421
       -0.02421  -0.02406  -0.02406  -0.02360  -0.02360  -0.02327  -0.02326  -0.02306  -0.02306
       -0.02304  -0.02304  -0.02293  -0.02282  -0.02282  -0.02282  -0.02282  -0.02279  -0.02279
       -0.02270  -0.02270  -0.02266  -0.02266  -0.02229  -0.02229  -0.02229  -0.02177  -0.02177
       -0.02105  -0.02105  -0.02100  -0.02045  -0.02045  -0.02040  -0.02040  -0.02027  -0.02027
       -0.01936  -0.01911  -0.01911  -0.01886  -0.01886  -0.01853  -0.01842  -0.01842  -0.01804
       -0.01804  -0.01802  -0.01802  -0.01672  -0.01654  -0.01654  -0.01616  -0.01616  -0.01615
       -0.01568  -0.01568  -0.01563  -0.01563  -0.01553  -0.01549  -0.01549  -0.01535  -0.01535
       -0.01526  -0.01526  -0.01393  -0.01382  -0.01382  -0.01380  -0.01380  -0.01370  -0.01370
       -0.01352  -0.01352  -0.01346  -0.01346  -0.01332  -0.01326  -0.01326  -0.01324  -0.01324
       -0.01312  -0.01312  -0.01306  -0.01306  -0.01286  -0.01284  -0.01267  -0.01267  -0.01257
       -0.01256  -0.01256  -0.01256  -0.01225  -0.01225  -0.01217  -0.01205  -0.01198  -0.01198
       -0.01194  -0.01194  -0.01180  -0.01180  -0.01169  -0.01169  -0.01164  -0.01159  -0.01159
       -0.01158  -0.01158  -0.01157  -0.01157  -0.01157  -0.01157  -0.01156  -0.01156  -0.01149
       -0.01149  -0.01143  -0.01114  -0.01114  -0.01089  -0.01089  -0.01078  -0.01078  -0.01069
       -0.01068  -0.01068  -0.01048  -0.01048  -0.01046  -0.01046  -0.00990  -0.00990  -0.00985
       -0.00982  -0.00982  -0.00982  -0.00982  -0.00952  -0.00952  -0.00948  -0.00911  -0.00906
       -0.00906  -0.00884  -0.00884  -0.00880  -0.00880  -0.00874  -0.00874  -0.00872  -0.00868
       -0.00868  -0.00851  -0.00851  -0.00849  -0.00845  -0.00845  -0.00843  -0.00843  -0.00829
       -0.00829  -0.00827  -0.00827  -0.00815  -0.00815  -0.00809  -0.00808  -0.00806  -0.00806
       -0.00805  -0.00805  -0.00795  -0.00793  -0.00793  -0.00781  -0.00781  -0.00777  -0.00777
       -0.00777  -0.00777  -0.00770  -0.00770  -0.00764  -0.00762  -0.00762  -0.00749  -0.00749
       -0.00744  -0.00744  -0.00743  -0.00742  -0.00742  -0.00742  -0.00742  -0.00724  -0.00724
       -0.00724  -0.00724  -0.00719  -0.00719  -0.00713  -0.00713  -0.00702  -0.00702  -0.00698
       -0.00693  -0.00691  -0.00689  -0.00689  -0.00685  -0.00685  -0.00678  -0.00668  -0.00668
       -0.00661  -0.00661  -0.00641  -0.00641  -0.00627  -0.00627  -0.00627  -0.00618  -0.00618
       -0.00616  -0.00616  -0.00614  -0.00613  -0.00613  -0.00612  -0.00612  -0.00612  -0.00611
       -0.00611  -0.00610  -0.00610  -0.00609  -0.00609  -0.00608  -0.00608  -0.00608  -0.00608
       -0.00598  -0.00598  -0.00590  -0.00590  -0.00587  -0.00586  -0.00578  -0.00578  -0.00578
       -0.00578  -0.00572  -0.00569  -0.00569  -0.00559  -0.00559  -0.00557  -0.00557  -0.00557
       -0.00554  -0.00554  -0.00547  -0.00547  -0.00544  -0.00544  -0.00543  -0.00542  -0.00542
       -0.00537  -0.00536  -0.00536  -0.00536  -0.00536  -0.00535  -0.00529  -0.00529  -0.00525
       -0.00525  -0.00524  -0.00524  -0.00523  -0.00520  -0.00520  -0.00518  -0.00517  -0.00508
       -0.00508  -0.00507  -0.00507  -0.00503  -0.00503  -0.00501  -0.00501  -0.00498  -0.00498
       -0.00491  -0.00491  -0.00490  -0.00490  -0.00483  -0.00478  -0.00478  -0.00477  -0.00477
       -0.00474  -0.00474  -0.00474  -0.00472  -0.00471  -0.00469  -0.00468  -0.00464  -0.00464
       -0.00463  -0.00462  -0.00462  -0.00462  -0.00455  -0.00454  -0.00454  -0.00453  -0.00453
       -0.00443  -0.00443  -0.00437  -0.00437  -0.00435  -0.00426  -0.00426  -0.00426  -0.00425
       -0.00424  -0.00423  -0.00422  -0.00422  -0.00418  -0.00417  -0.00416  -0.00416  -0.00411
       -0.00411  -0.00405  -0.00405  -0.00400  -0.00400  -0.00399  -0.00399  -0.00398  -0.00397
       -0.00395  -0.00395  -0.00394  -0.00392  -0.00392  -0.00391  -0.00391  -0.00382  -0.00382
       -0.00380  -0.00380  -0.00378  -0.00377  -0.00377
        
     --------------------------------------------------------------------------------------------
     Tot. elapsed time 21m-45.5s,  time spent in last iteration 12.6s
     --------------------------------------------------------------------------------------------
      
     --------------------------------------------------------------------------------------------
     Database written in 46.7s               
     In location : ./nacl_500.wstat.save
     --------------------------------------------------------------------------------------------
       
     --------------------------------------------------------------------------------------------
     Convergence achieved !!! in        3 steps                          
     --------------------------------------------------------------------------------------------
 
     WSTAT        : 14m18.54s CPU    23m30.94s WALL

     wstat_readin :      6.23s CPU     39.69s WALL (       1 calls)
     fetch_nml    :      0.00s CPU      0.00s WALL (       1 calls)
     read_xml     :      1.32s CPU      1.63s WALL (       1 calls)
     init_vloc    :      0.11s CPU      0.11s WALL (       2 calls)
     fft          :      0.26s CPU      0.27s WALL (      11 calls)
     fft_scatter  :    124.43s CPU    124.98s WALL (   38669 calls)
     v_of_rho     :      0.31s CPU      0.32s WALL (       1 calls)
     v_xc         :      0.27s CPU      0.29s WALL (       1 calls)
     v_h          :      0.03s CPU      0.04s WALL (       1 calls)
     read_wave    :      4.89s CPU     37.98s WALL (       1 calls)
     davcio       :      0.00s CPU      0.37s WALL (       2 calls)
     init_us_1    :      0.01s CPU      0.01s WALL (       2 calls)
     do_setup     :      0.17s CPU      0.18s WALL (       1 calls)
     init_pw_ar   :      0.16s CPU      0.17s WALL (       1 calls)
     init_at_1    :      0.00s CPU      0.00s WALL (       1 calls)
     storesqvc    :      0.01s CPU      0.01s WALL (       1 calls)
     chidiago     :    852.10s CPU   1371.02s WALL (       1 calls)
     randomize    :      1.17s CPU      1.19s WALL (       1 calls)
     paramgs      :     16.97s CPU     17.17s WALL (       5 calls)
     dfpt         :    605.08s CPU    609.94s WALL (       5 calls)
     init_us_2    :      0.02s CPU      0.02s WALL (       5 calls)
     fftw         :    352.38s CPU    355.07s WALL (   38658 calls)
     alphapc      :      0.36s CPU      0.35s WALL (     191 calls)
     wstat_restar :    179.29s CPU    644.82s WALL (       4 calls)
     linstern     :    480.64s CPU    484.48s WALL (     141 calls)
     stern        :    458.95s CPU    462.54s WALL (    5298 calls)
     h_psi_bgrp   :    447.43s CPU    451.01s WALL (    5298 calls)
     h_psi        :    447.41s CPU    450.99s WALL (    5298 calls)
     h_psi:pot    :    444.24s CPU    447.84s WALL (    5298 calls)
     vloc_psi     :    429.16s CPU    432.58s WALL (    5298 calls)
     h_psi:calbec :     10.58s CPU      9.20s WALL (    5298 calls)
     calbec       :     10.56s CPU      9.18s WALL (    5298 calls)
     add_vuspsi   :      4.46s CPU      6.01s WALL (    5298 calls)
     alphapv      :      7.06s CPU      7.03s WALL (    5298 calls)
     build_hr     :      9.18s CPU     10.20s WALL (       4 calls)
     diagox       :      2.94s CPU      2.99s WALL (       4 calls)
     redistr_vr   :      0.43s CPU      0.45s WALL (       3 calls)
     update_vr    :     15.97s CPU     17.62s WALL (       3 calls)
     symm_hr      :      0.45s CPU      0.46s WALL (       3 calls)
     chidiago:las :      0.00s CPU      0.00s WALL (       1 calls)
     refresh_vr   :      6.44s CPU      6.77s WALL (       1 calls)
     pdep_db      :     13.45s CPU     46.76s WALL (       1 calls)
 
     WSTAT        : 14m18.54s CPU    23m30.95s WALL

 
   This run was terminated on:  11:11:23  23Jan2019            

=------------------------------------------------------------------------------=
   JOB DONE.
=------------------------------------------------------------------------------=
