
     Program WSTAT v. 2.0.0 starts on 23Jan2019 at 10:13:52 

     This program is part of the open-source West suite
     for massively parallel calculations of excited states in materials; please cite
         "M. Govoni et al., J. Chem. Theory Comput. 11, 2680 (2015);
          URL http://www.west-code.org", 
     in publications or presentations arising from this work.

     Based on the Quantum ESPRESSO v. 6.1 svn rev. 13369
       
     --------------------------------------------------------------------------------------------
     **MPI** Parallelization Status                                      
     --------------------------------------------------------------------------------------------
                   160                  10             1             1            16
     --------------------------------------------------------------------------------------------
                     N         =         I      X      P      X      B      X      Z
                     ^                   ^             ^             ^             ^
                     |                   |             |             |             |
                   #rnk                  |             |             |             |
                                      #image           |             |             |
                                                     #pool           |             |
                                                                   #bgrp           |
                                                                                 #R&G
     --------------------------------------------------------------------------------------------
     **OPENMP** Parallelization Status
     #thr/rnk               =            1
     --------------------------------------------------------------------------------------------
     #prc = (rnk) * (thr) =          160
     --------------------------------------------------------------------------------------------
       
     --------------------------------------------------------------------------------------------
     I/O Summary : input_west                                            
     --------------------------------------------------------------------------------------------
     qe_prefix      = nacl
     west_prefix    = nacl
     outdir         = ./
     --------------------------------------------------------------------------------------------
       
     --------------------------------------------------------------------------------------------
     I/O Summary : wstat_control                                         
     --------------------------------------------------------------------------------------------
     wstat_calculation              =              S
     n_pdep_eigen                   =            100
     n_kin_pdep_eigen               =            400
     n_lindhard_eigen               =              0
     n_pdep_times                   =              4
     n_pdep_maxiter                 =            100
     n_dfpt_maxiter                 =            250
     n_pdep_read_from_file          =              0
     trev_pdep                      =   1.000000E-03
     trev_pdep_rel                  =   1.000000E-01
     tr2_dfpt                       =   1.000000E-12
     l_kinetic_only                 =              F
     l_minimize_exx_if_active       =              F
     l_use_ecutrho                  =              F
     l_pure_eigen                   =              F
     --------------------------------------------------------------------------------------------

     Reading data from directory:
     ./nacl.save

   Info: using nr1, nr2, nr3 values from input

   Info: using nr1, nr2, nr3 values from input

     IMPORTANT: XC functional enforced from input :
     Exchange-correlation      = PBE ( 1  4  3  4 0 0)
     Any further DFT definition will be discarded
     Please, verify this is what you really want

     Message from routine readpp:
     file ./nacl.save/Na_ONCV_PBE-1.0.upf not found
     Message from routine readpp:
     file ./nacl.save/Cl_ONCV_PBE-1.0.upf not found
 
     Parallelization info
     --------------------
     sticks:   dense  smooth     PW     G-vecs:    dense   smooth      PW
     Min        1520    1520    379               178660   178660   22323
     Max        1522    1522    384               178666   178666   22328
     Sum       24345   24345   6093              2858633  2858633  357213
 
       
     --------------------------------------------------------------------------------------------
     System Overview                                                     
     --------------------------------------------------------------------------------------------
     gamma_only           =              T
     ecutwfc [Ry]         =      85.000000
     omega [au^3]         =   2.700000E+04
     glob. #G             =         178607
     nbnd                 =            100
     nkstot               =              1
     nspin                =              1
     nelec                =      16.000000
     npol                 =              1
     lsda                 =              F
     noncolin             =              F
     lspinorb             =              F
     domag                =              F
     --------------------------------------------------------------------------------------------

     sFFT G-space:  1429317 G-vectors     R-space: ( 180, 180, 180)
     dFFT G-space:  1429317 G-vectors     R-space: ( 180, 180, 180)

     Cell [a.u.]          =      30.000000      0.000000      0.000000
                          =       0.000000     30.000000      0.000000
                          =       0.000000      0.000000     30.000000
      
     number of ks points=     1
                       cart. coord. in units 2pi/alat
        k(    1) = (   0.0000000   0.0000000   0.0000000), wk =   2.0000000

                       cryst. coord.
        k(    1) = (   0.0000000   0.0000000   0.0000000), wk =   2.0000000
 
     Spherical div        =   1.654268E-01
     Orthorombic div      =   1.628502E-01
       
     --------------------------------------------------------------------------------------------
     Parallelization for nvecx                                           
     --------------------------------------------------------------------------------------------
     nglob                =            400
     nlevel               =             10
     Min nglob/nlevel     =             40
     Max nglob/nlevel     =             40
     --------------------------------------------------------------------------------------------

     [MEM] ----------------------------------------------------------
     [MEM] **Memory** analysis: QE
     [MEM] ----------------------------------------------------------
     [MEM] Allocated arrays           est. size (Mb)     dimensions
     [MEM] ----------------------------------------------------------
     [MEM] Kohn-Sham Wavefunctions      17.03 Mb     (  11164,  100)
     [MEM] NL pseudopotentials           2.73 Mb     (  11164,   16)
     [MEM] Each V/rho on FFT grid        5.93 Mb     ( 388800)
     [MEM] Each G-vector array           0.68 Mb     (  89333)
     [MEM] G-vector shells               0.05 Mb     (   6125)
     [MEM] ----------------------------------------------------------
     [MEM] TOT                          26.42 Mb
     [MEM] ----------------------------------------------------------
     [MEM] 
     [MEM] ----------------------------------------------------------
     [MEM] **Memory** analysis: WSTAT global
     [MEM] ----------------------------------------------------------
     [MEM] Allocated arrays           est. size (Mb)     dimensions
     [MEM] ----------------------------------------------------------
     [MEM] dvg                           6.81 Mb     (  11164,   40)
     [MEM] dng                           6.81 Mb     (  11164,   40)
     [MEM] hr_distr                      0.12 Mb     (    400,   40)
     [MEM] vr_distr                      0.12 Mb     (    400,   40)
     [MEM] ----------------------------------------------------------
     [MEM] TOT                          13.87 Mb
     [MEM] ----------------------------------------------------------
     [MEM] 
     [MEM] ----------------------------------------------------------
     [MEM] **Memory** analysis: WSTAT temporary
     [MEM] ----------------------------------------------------------
     [MEM] Allocated arrays           est. size (Mb)     dimensions
     [MEM] ----------------------------------------------------------
     [MEM] dvpsi                         1.36 Mb     (  11164,    8)
     [MEM] dpsi                          1.36 Mb     (  11164,    8)
     [MEM] ----------------------------------------------------------
     [MEM] Total estimate                2.73 Mb
     [MEM] ----------------------------------------------------------

                       *----------*              *----------*               *----------*
     #     Iteration = | starting |   DFPT_dim = |      100 |   Diago_dim = |      100 |  x 1/2
                       *----------*              *----------*               *----------*
     per-process dynamical memory   118.8 Mb
  
       
     --------------------------------------------------------------------------------------------
     Sternheimer eq. solver... with lite-solver                          
     --------------------------------------------------------------------------------------------
     in progress... |##                  | 010% :               00.2s (E)               02.7s (X)
     in progress... |####                | 020% :               00.5s (E)               02.7s (X)
     in progress... |######              | 030% :               00.8s (E)               02.7s (X)
     in progress... |########            | 040% :               01.0s (E)               02.7s (X)
     in progress... |##########          | 050% :               01.3s (E)               02.7s (X)
     in progress... |############        | 060% :               01.6s (E)               02.7s (X)
     in progress... |##############      | 070% :               01.9s (E)               02.7s (X)
     in progress... |################    | 080% :               02.1s (E)               02.7s (X)
     in progress... |##################  | 090% :               02.4s (E)               02.7s (X)
     in progress... |####################| 100% :               02.7s (E)               02.7s (X)
     --------------------------------------------------------------------------------------------

     [I/O] -------------------------------------------------------
     [I/O] RESTART written in < 00.1s             
     [I/O] In location   : ./nacl_100_400.wstat.restart
     [I/O] -------------------------------------------------------

                       *----------*              *----------*               *----------*
     #     Iteration = | starting |   DFPT_dim = |      100 |   Diago_dim = |      100 |  x 2/2
                       *----------*              *----------*               *----------*
     per-process dynamical memory   124.9 Mb
  
       
     --------------------------------------------------------------------------------------------
     Sternheimer eq. solver... with threshold =   1.000000E-06           
     --------------------------------------------------------------------------------------------
     in progress... |##                  | 010% :               03.0s (E)               30.0s (X)
     in progress... |####                | 020% :               05.9s (E)               29.9s (X)
     in progress... |######              | 030% :               09.0s (E)               30.0s (X)
     in progress... |########            | 040% :               11.9s (E)               29.8s (X)
     in progress... |##########          | 050% :               14.8s (E)               29.7s (X)
     in progress... |############        | 060% :               17.8s (E)               29.6s (X)
     in progress... |##############      | 070% :               20.6s (E)               29.5s (X)
     in progress... |################    | 080% :               23.5s (E)               29.4s (X)
     in progress... |##################  | 090% :               26.4s (E)               29.3s (X)
     in progress... |####################| 100% :               29.3s (E)               29.3s (X)
     --------------------------------------------------------------------------------------------
     p-DIAGOX done in < 00.1s with a SCALAPACK grid (3x3)
     --------------------------------------------------------------------------------------------
        
       -1.78329  -1.39702  -1.39536  -1.37924  -0.55208  -0.54543  -0.53251  -0.49928  -0.45555
       -0.44608  -0.43197  -0.42391  -0.42157  -0.41892  -0.41571  -0.40500  -0.29822  -0.29726
       -0.29623  -0.29402  -0.28917  -0.28308  -0.27659  -0.21333  -0.19834  -0.19680  -0.17340
       -0.17153  -0.16672  -0.16510  -0.16204  -0.16012  -0.15740  -0.15462  -0.15380  -0.14851
       -0.14635  -0.11861  -0.11725  -0.11545  -0.11483  -0.11363  -0.11143  -0.10951  -0.10285
       -0.09357  -0.09309  -0.09243  -0.08978  -0.08611  -0.08527  -0.08385  -0.08061  -0.07876
       -0.07693  -0.07465  -0.07217  -0.06965  -0.06643  -0.06570  -0.06402  -0.06258  -0.06078
       -0.05665  -0.05318  -0.05133  -0.04972  -0.04808  -0.04569  -0.04493  -0.03938  -0.03857
       -0.03793  -0.03659  -0.03649  -0.03618  -0.03512  -0.03364  -0.03250  -0.03155  -0.03063
       -0.02882  -0.02804  -0.02786  -0.02714  -0.02677  -0.02630  -0.02524  -0.02473  -0.02433
       -0.02317  -0.02221  -0.02152  -0.02044  -0.02027  -0.01982  -0.01882  -0.01716  -0.01630
       -0.01539
        
     --------------------------------------------------------------------------------------------
     Tot. elapsed time 55.7s,  time spent in last iteration 55.7s
     --------------------------------------------------------------------------------------------

     [I/O] -------------------------------------------------------
     [I/O] RESTART written in < 00.1s             
     [I/O] In location   : ./nacl_100_400.wstat.restart
     [I/O] -------------------------------------------------------

                       *----------*              *----------*               *----------*
     #     Iteration = |        1 |   DFPT_dim = |      100 |   Diago_dim = |      200 |
                       *----------*              *----------*               *----------*
     per-process dynamical memory   132.7 Mb
  
       
     --------------------------------------------------------------------------------------------
     Sternheimer eq. solver... with threshold =   1.000000E-12           
     --------------------------------------------------------------------------------------------
     in progress... |##                  | 010% :               04.7s (E)               47.7s (X)
     in progress... |####                | 020% :               09.8s (E)               49.3s (X)
     in progress... |######              | 030% :               15.0s (E)               50.1s (X)
     in progress... |########            | 040% :               19.7s (E)               49.3s (X)
     in progress... |##########          | 050% :               24.4s (E)               48.8s (X)
     in progress... |############        | 060% :               29.0s (E)               48.4s (X)
     in progress... |##############      | 070% :               33.7s (E)               48.2s (X)
     in progress... |################    | 080% :               38.3s (E)               47.9s (X)
     in progress... |##################  | 090% :               43.1s (E)               47.9s (X)
     in progress... |####################| 100% :               47.7s (E)               47.7s (X)
     --------------------------------------------------------------------------------------------
     p-DIAGOX done in < 00.1s with a SCALAPACK grid (6x6)
     --------------------------------------------------------------------------------------------
        
       -2.03557  -1.43003  -1.40214  -1.40214  -0.72397  -0.56125  -0.56124  -0.53134  -0.52393
       -0.46925  -0.46924  -0.44356  -0.44355  -0.43725  -0.43725  -0.43080  -0.31978  -0.31975
       -0.31844  -0.31841  -0.31281  -0.31142  -0.31138  -0.28494  -0.22069  -0.22068  -0.20209
       -0.19181  -0.19170  -0.18111  -0.18037  -0.18030  -0.16988  -0.16984  -0.16862  -0.16784
       -0.16782  -0.12687  -0.12514  -0.12514  -0.12511  -0.12501  -0.12443  -0.12434  -0.12110
       -0.11119  -0.11099  -0.10724  -0.10718  -0.10673  -0.10623  -0.10587  -0.10105  -0.09920
       -0.09917  -0.09612  -0.09583  -0.09206  -0.09175  -0.08984  -0.08966  -0.08798  -0.08634
       -0.08315  -0.08298  -0.08276  -0.08252  -0.08049  -0.07997  -0.07788  -0.06276  -0.06262
       -0.06055  -0.05726  -0.05663  -0.05304  -0.04884  -0.04871  -0.04861  -0.04838  -0.04831
       -0.04802  -0.04725  -0.04720  -0.04632  -0.04548  -0.04479  -0.04377  -0.04319  -0.04267
       -0.04245  -0.04202  -0.04138  -0.04070  -0.03997  -0.03966  -0.03915  -0.03838  -0.03802
       -0.03751
        
     --------------------------------------------------------------------------------------------
     Tot. elapsed time 02m-10.3s,  time spent in last iteration 55.1s
     --------------------------------------------------------------------------------------------

     [I/O] -------------------------------------------------------
     [I/O] RESTART written in < 00.1s             
     [I/O] In location   : ./nacl_100_400.wstat.restart
     [I/O] -------------------------------------------------------

                       *----------*              *----------*               *----------*
     #     Iteration = |        2 |   DFPT_dim = |      100 |   Diago_dim = |      300 |
                       *----------*              *----------*               *----------*
     per-process dynamical memory   132.7 Mb
  
       
     --------------------------------------------------------------------------------------------
     Sternheimer eq. solver... with threshold =   1.000000E-12           
     --------------------------------------------------------------------------------------------
     in progress... |##                  | 010% :               04.5s (E)               45.8s (X)
     in progress... |####                | 020% :               09.2s (E)               46.2s (X)
     in progress... |######              | 030% :               13.9s (E)               46.3s (X)
     in progress... |########            | 040% :               18.5s (E)               46.2s (X)
     in progress... |##########          | 050% :               22.9s (E)               45.9s (X)
     in progress... |############        | 060% :               27.4s (E)               45.7s (X)
     in progress... |##############      | 070% :               31.9s (E)               45.7s (X)
     in progress... |################    | 080% :               36.5s (E)               45.6s (X)
     in progress... |##################  | 090% :               41.0s (E)               45.6s (X)
     in progress... |####################| 100% :               45.5s (E)               45.5s (X)
     --------------------------------------------------------------------------------------------
     p-DIAGOX done in < 00.1s with a SCALAPACK grid (9x9)
     --------------------------------------------------------------------------------------------
        
       -2.03558  -1.43004  -1.40214  -1.40214  -0.72406  -0.56125  -0.56125  -0.53136  -0.52394
       -0.46926  -0.46926  -0.44358  -0.44358  -0.43726  -0.43726  -0.43081  -0.31983  -0.31983
       -0.31848  -0.31848  -0.31288  -0.31146  -0.31146  -0.28502  -0.22076  -0.22076  -0.20220
       -0.19197  -0.19184  -0.18120  -0.18048  -0.18048  -0.16996  -0.16996  -0.16872  -0.16793
       -0.16793  -0.12705  -0.12522  -0.12522  -0.12521  -0.12521  -0.12450  -0.12450  -0.12147
       -0.11157  -0.11157  -0.10763  -0.10763  -0.10737  -0.10652  -0.10652  -0.10162  -0.09970
       -0.09970  -0.09684  -0.09684  -0.09248  -0.09248  -0.09027  -0.09027  -0.08954  -0.08778
       -0.08402  -0.08402  -0.08387  -0.08387  -0.08174  -0.08173  -0.07944  -0.06437  -0.06436
       -0.06302  -0.05909  -0.05901  -0.05504  -0.04959  -0.04954  -0.04951  -0.04947  -0.04919
       -0.04918  -0.04916  -0.04895  -0.04892  -0.04774  -0.04772  -0.04650  -0.04645  -0.04559
       -0.04552  -0.04494  -0.04482  -0.04472  -0.04419  -0.04410  -0.04330  -0.04314  -0.04136
       -0.04129
        
     --------------------------------------------------------------------------------------------
     Tot. elapsed time 03m-41.8s,  time spent in last iteration 53.7s
     --------------------------------------------------------------------------------------------

     [I/O] -------------------------------------------------------
     [I/O] RESTART written in < 00.1s             
     [I/O] In location   : ./nacl_100_400.wstat.restart
     [I/O] -------------------------------------------------------

                       *----------*              *----------*               *----------*
     #     Iteration = |        3 |   DFPT_dim = |       35 |   Diago_dim = |      335 |
                       *----------*              *----------*               *----------*
     per-process dynamical memory   132.7 Mb
  
       
     --------------------------------------------------------------------------------------------
     Sternheimer eq. solver... with threshold =   1.000000E-12           
     --------------------------------------------------------------------------------------------
     in progress... |#####               | 025% :               04.4s (E)               17.8s (X)
     in progress... |##########          | 050% :               08.9s (E)               17.8s (X)
     in progress... |###############     | 075% :               13.3s (E)               17.8s (X)
     in progress... |####################| 100% :               17.8s (E)               17.8s (X)
     --------------------------------------------------------------------------------------------
     p-DIAGOX done in 00.1s with a SCALAPACK grid (10x10)
     --------------------------------------------------------------------------------------------
        
       -2.03558  -1.43004  -1.40214  -1.40214  -0.72406  -0.56125  -0.56125  -0.53136  -0.52394
       -0.46926  -0.46926  -0.44358  -0.44358  -0.43726  -0.43726  -0.43081  -0.31983  -0.31983
       -0.31848  -0.31848  -0.31288  -0.31146  -0.31146  -0.28502  -0.22076  -0.22076  -0.20220
       -0.19197  -0.19184  -0.18120  -0.18048  -0.18048  -0.16996  -0.16996  -0.16872  -0.16793
       -0.16793  -0.12705  -0.12522  -0.12522  -0.12521  -0.12521  -0.12450  -0.12450  -0.12147
       -0.11157  -0.11157  -0.10763  -0.10763  -0.10737  -0.10652  -0.10652  -0.10162  -0.09970
       -0.09970  -0.09684  -0.09684  -0.09248  -0.09248  -0.09028  -0.09028  -0.08955  -0.08779
       -0.08403  -0.08403  -0.08388  -0.08388  -0.08174  -0.08174  -0.07945  -0.06439  -0.06439
       -0.06306  -0.05912  -0.05905  -0.05509  -0.04961  -0.04960  -0.04953  -0.04952  -0.04924
       -0.04921  -0.04921  -0.04898  -0.04898  -0.04783  -0.04783  -0.04660  -0.04660  -0.04571
       -0.04571  -0.04508  -0.04494  -0.04494  -0.04433  -0.04433  -0.04345  -0.04345  -0.04154
       -0.04153
        
     --------------------------------------------------------------------------------------------
     Tot. elapsed time 05m-00.6s,  time spent in last iteration 21.6s
     --------------------------------------------------------------------------------------------
      
     --------------------------------------------------------------------------------------------
     Database written in 09.5s               
     In location : ./nacl_100_400.wstat.save
     --------------------------------------------------------------------------------------------
       
     --------------------------------------------------------------------------------------------
     Convergence achieved !!! in        3 steps                          
     --------------------------------------------------------------------------------------------
       
     --------------------------------------------------------------------------------------------
     ** Now compute kinetic eigenpotentials **                           
     --------------------------------------------------------------------------------------------
       
     --------------------------------------------------------------------------------------------
     Parallelization for newnvecx                                        
     --------------------------------------------------------------------------------------------
     nglob                =           1600
     nlevel               =             10
     Min nglob/nlevel     =            160
     Max nglob/nlevel     =            160
     --------------------------------------------------------------------------------------------
       
     --------------------------------------------------------------------------------------------
     Parallelization for merge_nvecx                                     
     --------------------------------------------------------------------------------------------
     nglob                =           2000
     nlevel               =             10
     Min nglob/nlevel     =            200
     Max nglob/nlevel     =            200
     --------------------------------------------------------------------------------------------

                       *----------*              *----------*               *----------*
     #     Iteration = | starting |   DFPT_dim = |      400 |   Diago_dim = |      400 |  x 1/2
                       *----------*              *----------*               *----------*
       
     --------------------------------------------------------------------------------------------
     Applying projection operator formed by dvg                          
     --------------------------------------------------------------------------------------------
     per-process dynamical memory   233.8 Mb
  
       
     --------------------------------------------------------------------------------------------
     Sternheimer eq. solver... with lite-solver                          
     --------------------------------------------------------------------------------------------
     in progress... |#                   | 005% :               00.5s (E)               10.9s (X)
     in progress... |##                  | 010% :               01.0s (E)               10.9s (X)
     in progress... |###                 | 015% :               01.6s (E)               10.9s (X)
     in progress... |####                | 020% :               02.1s (E)               10.9s (X)
     in progress... |#####               | 025% :               02.7s (E)               10.9s (X)
     in progress... |######              | 030% :               03.3s (E)               11.1s (X)
     in progress... |#######             | 035% :               03.8s (E)               11.0s (X)
     in progress... |########            | 040% :               04.4s (E)               11.2s (X)
     in progress... |#########           | 045% :               05.0s (E)               11.1s (X)
     in progress... |##########          | 050% :               05.5s (E)               11.1s (X)
     in progress... |###########         | 055% :               06.1s (E)               11.1s (X)
     in progress... |############        | 060% :               06.6s (E)               11.1s (X)
     in progress... |#############       | 065% :               07.2s (E)               11.1s (X)
     in progress... |##############      | 070% :               07.7s (E)               11.0s (X)
     in progress... |###############     | 075% :               08.3s (E)               11.0s (X)
     in progress... |################    | 080% :               08.8s (E)               11.0s (X)
     in progress... |#################   | 085% :               09.4s (E)               11.0s (X)
     in progress... |##################  | 090% :               09.9s (E)               11.0s (X)
     in progress... |################### | 095% :               10.4s (E)               11.0s (X)
     in progress... |####################| 100% :               11.0s (E)               11.0s (X)
       
     --------------------------------------------------------------------------------------------
     Applying projection operator formed by dvg                          
     --------------------------------------------------------------------------------------------
     --------------------------------------------------------------------------------------------

     [I/O] -------------------------------------------------------
     [I/O] RESTART written in < 00.1s             
     [I/O] In location   : ./nacl_100_400.wstat.restart
     [I/O] -------------------------------------------------------

                       *----------*              *----------*               *----------*
     #     Iteration = | starting |   DFPT_dim = |      400 |   Diago_dim = |      400 |  x 2/2
                       *----------*              *----------*               *----------*
       
     --------------------------------------------------------------------------------------------
     Applying projection operator formed by dvg                          
     --------------------------------------------------------------------------------------------
     per-process dynamical memory   233.8 Mb
  
       
     --------------------------------------------------------------------------------------------
     Sternheimer eq. solver... with threshold =   1.000000E-06           
     --------------------------------------------------------------------------------------------
     in progress... |#                   | 005% :               00.8s (E)               17.4s (X)
     in progress... |##                  | 010% :               01.7s (E)               17.3s (X)
     in progress... |###                 | 015% :               02.5s (E)               17.2s (X)
     in progress... |####                | 020% :               03.4s (E)               17.2s (X)
     in progress... |#####               | 025% :               04.3s (E)               17.2s (X)
     in progress... |######              | 030% :               05.1s (E)               17.1s (X)
     in progress... |#######             | 035% :               05.9s (E)               17.1s (X)
     in progress... |########            | 040% :               06.8s (E)               17.0s (X)
     in progress... |#########           | 045% :               07.6s (E)               17.0s (X)
     in progress... |##########          | 050% :               08.5s (E)               17.0s (X)
     in progress... |###########         | 055% :               09.3s (E)               16.9s (X)
     in progress... |############        | 060% :               10.1s (E)               16.9s (X)
     in progress... |#############       | 065% :               10.9s (E)               16.9s (X)
     in progress... |##############      | 070% :               11.8s (E)               16.8s (X)
     in progress... |###############     | 075% :               12.6s (E)               16.8s (X)
     in progress... |################    | 080% :               13.5s (E)               16.9s (X)
     in progress... |#################   | 085% :               14.3s (E)               16.9s (X)
     in progress... |##################  | 090% :               15.2s (E)               16.8s (X)
     in progress... |################### | 095% :               16.0s (E)               16.8s (X)
     in progress... |####################| 100% :               16.8s (E)               16.8s (X)
       
     --------------------------------------------------------------------------------------------
     Applying projection operator formed by dvg                          
     --------------------------------------------------------------------------------------------
     --------------------------------------------------------------------------------------------
     p-DIAGOX done in 00.3s with a SCALAPACK grid (12x12)
     --------------------------------------------------------------------------------------------
        
       -0.03384  -0.03376  -0.03321  -0.03316  -0.03269  -0.03202  -0.03197  -0.03095  -0.03029
       -0.03026  -0.02839  -0.02838  -0.02806  -0.02739  -0.02731  -0.02658  -0.02654  -0.02652
       -0.02648  -0.02620  -0.02611  -0.02578  -0.02571  -0.02568  -0.02473  -0.02358  -0.02198
       -0.02195  -0.02170  -0.02158  -0.02104  -0.02096  -0.02088  -0.02065  -0.02055  -0.02037
       -0.02036  -0.02028  -0.02026  -0.02007  -0.01998  -0.01995  -0.01991  -0.01990  -0.01984
       -0.01980  -0.01975  -0.01971  -0.01969  -0.01968  -0.01962  -0.01950  -0.01947  -0.01936
       -0.01930  -0.01923  -0.01910  -0.01855  -0.01849  -0.01847  -0.01831  -0.01827  -0.01808
       -0.01789  -0.01756  -0.01743  -0.01714  -0.01705  -0.01659  -0.01655  -0.01639  -0.01579
       -0.01547  -0.01532  -0.01519  -0.01509  -0.01500  -0.01497  -0.01486  -0.01440  -0.01434
       -0.01415  -0.01393  -0.01364  -0.01357  -0.01347  -0.01346  -0.01331  -0.01324  -0.01321
       -0.01311  -0.01298  -0.01273  -0.01251  -0.01241  -0.01237  -0.01235  -0.01209  -0.01194
       -0.01169  -0.01148  -0.01138  -0.01128  -0.01123  -0.01111  -0.01111  -0.01105  -0.01096
       -0.01086  -0.01077  -0.01074  -0.01073  -0.01061  -0.01056  -0.01045  -0.01043  -0.01040
       -0.01034  -0.01025  -0.01018  -0.01011  -0.01006  -0.01001  -0.01000  -0.00997  -0.00994
       -0.00993  -0.00988  -0.00983  -0.00978  -0.00975  -0.00968  -0.00967  -0.00960  -0.00959
       -0.00951  -0.00944  -0.00934  -0.00929  -0.00924  -0.00921  -0.00913  -0.00909  -0.00907
       -0.00902  -0.00898  -0.00890  -0.00889  -0.00880  -0.00871  -0.00855  -0.00848  -0.00842
       -0.00833  -0.00829  -0.00819  -0.00814  -0.00803  -0.00795  -0.00784  -0.00777  -0.00774
       -0.00768  -0.00758  -0.00750  -0.00739  -0.00733  -0.00727  -0.00709  -0.00706  -0.00699
       -0.00696  -0.00685  -0.00680  -0.00670  -0.00663  -0.00656  -0.00655  -0.00652  -0.00645
       -0.00643  -0.00637  -0.00632  -0.00625  -0.00621  -0.00617  -0.00616  -0.00610  -0.00605
       -0.00602  -0.00597  -0.00592  -0.00589  -0.00588  -0.00585  -0.00582  -0.00577  -0.00574
       -0.00568  -0.00566  -0.00565  -0.00563  -0.00557  -0.00556  -0.00552  -0.00547  -0.00544
       -0.00541  -0.00538  -0.00532  -0.00530  -0.00526  -0.00517  -0.00515  -0.00513  -0.00508
       -0.00506  -0.00504  -0.00500  -0.00498  -0.00496  -0.00490  -0.00485  -0.00484  -0.00478
       -0.00476  -0.00473  -0.00471  -0.00468  -0.00466  -0.00465  -0.00462  -0.00458  -0.00456
       -0.00452  -0.00449  -0.00446  -0.00443  -0.00440  -0.00437  -0.00431  -0.00430  -0.00429
       -0.00427  -0.00424  -0.00418  -0.00416  -0.00414  -0.00413  -0.00409  -0.00404  -0.00403
       -0.00399  -0.00395  -0.00390  -0.00388  -0.00385  -0.00381  -0.00381  -0.00379  -0.00377
       -0.00375  -0.00365  -0.00364  -0.00362  -0.00361  -0.00358  -0.00357  -0.00356  -0.00351
       -0.00348  -0.00346  -0.00344  -0.00341  -0.00339  -0.00337  -0.00335  -0.00331  -0.00330
       -0.00327  -0.00325  -0.00323  -0.00322  -0.00321  -0.00316  -0.00316  -0.00311  -0.00309
       -0.00306  -0.00305  -0.00303  -0.00301  -0.00298  -0.00296  -0.00292  -0.00292  -0.00291
       -0.00286  -0.00286  -0.00283  -0.00282  -0.00279  -0.00274  -0.00274  -0.00272  -0.00269
       -0.00266  -0.00265  -0.00264  -0.00261  -0.00259  -0.00256  -0.00255  -0.00252  -0.00251
       -0.00248  -0.00247  -0.00247  -0.00244  -0.00242  -0.00240  -0.00237  -0.00236  -0.00233
       -0.00231  -0.00230  -0.00226  -0.00225  -0.00225  -0.00223  -0.00220  -0.00219  -0.00218
       -0.00217  -0.00214  -0.00212  -0.00211  -0.00208  -0.00207  -0.00207  -0.00205  -0.00203
       -0.00201  -0.00199  -0.00197  -0.00197  -0.00195  -0.00195  -0.00191  -0.00190  -0.00186
       -0.00186  -0.00185  -0.00183  -0.00182  -0.00179  -0.00178  -0.00177  -0.00175  -0.00174
       -0.00171  -0.00170  -0.00169  -0.00168  -0.00164  -0.00164  -0.00162  -0.00161  -0.00160
       -0.00158  -0.00155  -0.00155  -0.00154  -0.00151  -0.00150  -0.00147  -0.00146  -0.00145
       -0.00141  -0.00140  -0.00138  -0.00138  -0.00136  -0.00134  -0.00134  -0.00133  -0.00131
       -0.00129  -0.00126  -0.00123  -0.00123  -0.00121  -0.00120  -0.00118  -0.00116  -0.00114
       -0.00113  -0.00109  -0.00106  -0.00100
        
     --------------------------------------------------------------------------------------------
     Tot. elapsed time 01m-52.2s,  time spent in last iteration 01m-52.2s
     --------------------------------------------------------------------------------------------

     [I/O] -------------------------------------------------------
     [I/O] RESTART written in < 00.1s             
     [I/O] In location   : ./nacl_100_400.wstat.restart
     [I/O] -------------------------------------------------------

                       *----------*              *----------*               *----------*
     #     Iteration = |        1 |   DFPT_dim = |      400 |   Diago_dim = |      800 |
                       *----------*              *----------*               *----------*
       
     --------------------------------------------------------------------------------------------
     Applying projection operator formed by dvg                          
     --------------------------------------------------------------------------------------------
     per-process dynamical memory   225.5 Mb
  
       
     --------------------------------------------------------------------------------------------
     Sternheimer eq. solver... with threshold =   1.000000E-12           
     --------------------------------------------------------------------------------------------
     in progress... |#                   | 005% :               01.0s (E)               21.2s (X)
     in progress... |##                  | 010% :               02.1s (E)               21.2s (X)
     in progress... |###                 | 015% :               03.1s (E)               21.2s (X)
     in progress... |####                | 020% :               04.2s (E)               21.2s (X)
     in progress... |#####               | 025% :               05.3s (E)               21.2s (X)
     in progress... |######              | 030% :               06.3s (E)               21.2s (X)
     in progress... |#######             | 035% :               07.4s (E)               21.2s (X)
     in progress... |########            | 040% :               08.4s (E)               21.1s (X)
     in progress... |#########           | 045% :               09.5s (E)               21.1s (X)
     in progress... |##########          | 050% :               10.5s (E)               21.1s (X)
     in progress... |###########         | 055% :               11.6s (E)               21.1s (X)
     in progress... |############        | 060% :               12.6s (E)               21.1s (X)
     in progress... |#############       | 065% :               13.7s (E)               21.1s (X)
     in progress... |##############      | 070% :               14.7s (E)               21.0s (X)
     in progress... |###############     | 075% :               15.8s (E)               21.0s (X)
     in progress... |################    | 080% :               16.8s (E)               21.0s (X)
     in progress... |#################   | 085% :               17.8s (E)               21.0s (X)
     in progress... |##################  | 090% :               18.9s (E)               21.0s (X)
     in progress... |################### | 095% :               19.9s (E)               21.0s (X)
     in progress... |####################| 100% :               21.0s (E)               21.0s (X)
       
     --------------------------------------------------------------------------------------------
     Applying projection operator formed by dvg                          
     --------------------------------------------------------------------------------------------
     --------------------------------------------------------------------------------------------
     p-DIAGOX done in 00.4s with a SCALAPACK grid (12x12)
     --------------------------------------------------------------------------------------------
        
       -0.03408  -0.03407  -0.03344  -0.03342  -0.03303  -0.03232  -0.03231  -0.03143  -0.03055
       -0.03052  -0.02863  -0.02862  -0.02841  -0.02762  -0.02756  -0.02682  -0.02679  -0.02677
       -0.02676  -0.02664  -0.02649  -0.02647  -0.02597  -0.02595  -0.02594  -0.02387  -0.02220
       -0.02218  -0.02196  -0.02192  -0.02148  -0.02146  -0.02144  -0.02140  -0.02140  -0.02107
       -0.02107  -0.02106  -0.02105  -0.02098  -0.02071  -0.02071  -0.02044  -0.02044  -0.02030
       -0.02029  -0.02028  -0.02027  -0.02027  -0.02026  -0.02026  -0.02026  -0.02023  -0.02022
       -0.02020  -0.02000  -0.01999  -0.01910  -0.01909  -0.01909  -0.01908  -0.01904  -0.01867
       -0.01866  -0.01824  -0.01823  -0.01769  -0.01769  -0.01728  -0.01727  -0.01726  -0.01661
       -0.01634  -0.01633  -0.01628  -0.01628  -0.01599  -0.01574  -0.01573  -0.01554  -0.01554
       -0.01540  -0.01539  -0.01434  -0.01434  -0.01405  -0.01404  -0.01403  -0.01399  -0.01398
       -0.01379  -0.01361  -0.01361  -0.01359  -0.01358  -0.01346  -0.01346  -0.01345  -0.01336
       -0.01334  -0.01253  -0.01253  -0.01251  -0.01250  -0.01239  -0.01238  -0.01232  -0.01232
       -0.01221  -0.01221  -0.01220  -0.01220  -0.01213  -0.01207  -0.01206  -0.01179  -0.01177
       -0.01176  -0.01169  -0.01169  -0.01142  -0.01141  -0.01140  -0.01140  -0.01119  -0.01116
       -0.01109  -0.01100  -0.01099  -0.01097  -0.01097  -0.01087  -0.01084  -0.01070  -0.01070
       -0.01070  -0.01068  -0.01068  -0.01067  -0.01066  -0.01063  -0.01063  -0.01062  -0.01061
       -0.01061  -0.01061  -0.01053  -0.01052  -0.01051  -0.01050  -0.01048  -0.01025  -0.01024
       -0.01003  -0.01002  -0.00983  -0.00975  -0.00972  -0.00951  -0.00950  -0.00942  -0.00941
       -0.00938  -0.00937  -0.00936  -0.00897  -0.00896  -0.00880  -0.00875  -0.00873  -0.00870
       -0.00869  -0.00851  -0.00844  -0.00842  -0.00840  -0.00801  -0.00799  -0.00798  -0.00797
       -0.00797  -0.00796  -0.00794  -0.00794  -0.00792  -0.00782  -0.00781  -0.00779  -0.00776
       -0.00775  -0.00774  -0.00767  -0.00764  -0.00756  -0.00755  -0.00752  -0.00750  -0.00748
       -0.00747  -0.00745  -0.00743  -0.00738  -0.00736  -0.00735  -0.00729  -0.00727  -0.00716
       -0.00716  -0.00713  -0.00713  -0.00711  -0.00709  -0.00704  -0.00702  -0.00701  -0.00701
       -0.00698  -0.00697  -0.00694  -0.00683  -0.00682  -0.00682  -0.00680  -0.00678  -0.00677
       -0.00674  -0.00672  -0.00670  -0.00667  -0.00664  -0.00655  -0.00653  -0.00652  -0.00651
       -0.00649  -0.00648  -0.00647  -0.00635  -0.00633  -0.00628  -0.00625  -0.00617  -0.00615
       -0.00612  -0.00604  -0.00600  -0.00595  -0.00593  -0.00582  -0.00580  -0.00579  -0.00573
       -0.00572  -0.00570  -0.00570  -0.00569  -0.00568  -0.00567  -0.00567  -0.00566  -0.00565
       -0.00565  -0.00564  -0.00563  -0.00563  -0.00562  -0.00561  -0.00559  -0.00557  -0.00555
       -0.00545  -0.00543  -0.00541  -0.00538  -0.00534  -0.00533  -0.00530  -0.00525  -0.00524
       -0.00523  -0.00522  -0.00520  -0.00517  -0.00516  -0.00506  -0.00505  -0.00501  -0.00500
       -0.00498  -0.00494  -0.00492  -0.00491  -0.00490  -0.00489  -0.00487  -0.00486  -0.00485
       -0.00482  -0.00481  -0.00479  -0.00479  -0.00473  -0.00472  -0.00470  -0.00469  -0.00468
       -0.00466  -0.00464  -0.00462  -0.00459  -0.00458  -0.00457  -0.00455  -0.00454  -0.00452
       -0.00450  -0.00449  -0.00448  -0.00445  -0.00441  -0.00438  -0.00436  -0.00434  -0.00434
       -0.00432  -0.00430  -0.00428  -0.00427  -0.00425  -0.00423  -0.00422  -0.00420  -0.00416
       -0.00412  -0.00411  -0.00409  -0.00407  -0.00405  -0.00402  -0.00399  -0.00398  -0.00397
       -0.00397  -0.00395  -0.00393  -0.00391  -0.00388  -0.00386  -0.00385  -0.00383  -0.00381
       -0.00379  -0.00379  -0.00377  -0.00375  -0.00373  -0.00370  -0.00369  -0.00368  -0.00366
       -0.00363  -0.00361  -0.00358  -0.00356  -0.00355  -0.00353  -0.00352  -0.00351  -0.00350
       -0.00348  -0.00347  -0.00346  -0.00345  -0.00344  -0.00344  -0.00342  -0.00341  -0.00340
       -0.00337  -0.00336  -0.00335  -0.00335  -0.00333  -0.00330  -0.00326  -0.00326  -0.00324
       -0.00321  -0.00320  -0.00319  -0.00317  -0.00316  -0.00315  -0.00312  -0.00312  -0.00310
       -0.00309  -0.00308  -0.00305  -0.00304
        
     --------------------------------------------------------------------------------------------
     Tot. elapsed time 03m-40.2s,  time spent in last iteration 34.6s
     --------------------------------------------------------------------------------------------

     [I/O] -------------------------------------------------------
     [I/O] RESTART written in < 00.1s             
     [I/O] In location   : ./nacl_100_400.wstat.restart
     [I/O] -------------------------------------------------------

                       *----------*              *----------*               *----------*
     #     Iteration = |        2 |   DFPT_dim = |      315 |   Diago_dim = |     1115 |
                       *----------*              *----------*               *----------*
       
     --------------------------------------------------------------------------------------------
     Applying projection operator formed by dvg                          
     --------------------------------------------------------------------------------------------
     per-process dynamical memory   224.1 Mb
  
       
     --------------------------------------------------------------------------------------------
     Sternheimer eq. solver... with threshold =   1.000000E-12           
     --------------------------------------------------------------------------------------------
     in progress... |#                   | 005% :               01.0s (E)               20.7s (X)
     in progress... |##                  | 010% :               02.0s (E)               20.7s (X)
     in progress... |###                 | 015% :               02.5s (E)               17.3s (X)
     in progress... |####                | 020% :               03.6s (E)               18.1s (X)
     in progress... |#####               | 025% :               04.1s (E)               16.6s (X)
     in progress... |######              | 030% :               05.2s (E)               17.3s (X)
     in progress... |#######             | 035% :               06.2s (E)               17.8s (X)
     in progress... |########            | 040% :               06.7s (E)               16.8s (X)
     in progress... |#########           | 045% :               07.7s (E)               17.2s (X)
     in progress... |##########          | 050% :               08.2s (E)               16.5s (X)
     in progress... |###########         | 055% :               09.3s (E)               16.9s (X)
     in progress... |############        | 060% :               10.3s (E)               17.2s (X)
     in progress... |#############       | 065% :               10.8s (E)               16.7s (X)
     in progress... |##############      | 070% :               11.9s (E)               17.0s (X)
     in progress... |###############     | 075% :               12.4s (E)               16.5s (X)
     in progress... |################    | 080% :               13.4s (E)               16.8s (X)
     in progress... |#################   | 085% :               14.5s (E)               17.0s (X)
     in progress... |##################  | 090% :               15.0s (E)               16.7s (X)
     in progress... |################### | 095% :               16.0s (E)               16.9s (X)
     in progress... |####################| 100% :               16.5s (E)               16.5s (X)
       
     --------------------------------------------------------------------------------------------
     Applying projection operator formed by dvg                          
     --------------------------------------------------------------------------------------------
     --------------------------------------------------------------------------------------------
     p-DIAGOX done in 00.6s with a SCALAPACK grid (12x12)
     --------------------------------------------------------------------------------------------
        
       -0.03408  -0.03407  -0.03344  -0.03342  -0.03303  -0.03232  -0.03231  -0.03143  -0.03055
       -0.03052  -0.02863  -0.02862  -0.02841  -0.02762  -0.02756  -0.02682  -0.02679  -0.02677
       -0.02676  -0.02664  -0.02649  -0.02647  -0.02597  -0.02595  -0.02594  -0.02387  -0.02220
       -0.02218  -0.02196  -0.02192  -0.02148  -0.02146  -0.02145  -0.02140  -0.02140  -0.02107
       -0.02107  -0.02106  -0.02105  -0.02098  -0.02072  -0.02071  -0.02044  -0.02044  -0.02030
       -0.02029  -0.02028  -0.02028  -0.02027  -0.02026  -0.02026  -0.02026  -0.02023  -0.02023
       -0.02020  -0.02000  -0.01999  -0.01910  -0.01909  -0.01909  -0.01908  -0.01904  -0.01867
       -0.01866  -0.01824  -0.01824  -0.01770  -0.01769  -0.01729  -0.01728  -0.01727  -0.01662
       -0.01636  -0.01634  -0.01629  -0.01629  -0.01600  -0.01575  -0.01575  -0.01555  -0.01554
       -0.01541  -0.01540  -0.01435  -0.01435  -0.01407  -0.01405  -0.01404  -0.01399  -0.01399
       -0.01380  -0.01362  -0.01362  -0.01360  -0.01360  -0.01348  -0.01347  -0.01346  -0.01338
       -0.01336  -0.01255  -0.01255  -0.01253  -0.01253  -0.01241  -0.01241  -0.01234  -0.01234
       -0.01224  -0.01224  -0.01222  -0.01222  -0.01215  -0.01210  -0.01210  -0.01181  -0.01179
       -0.01178  -0.01173  -0.01172  -0.01145  -0.01145  -0.01143  -0.01143  -0.01123  -0.01122
       -0.01113  -0.01103  -0.01102  -0.01101  -0.01101  -0.01091  -0.01088  -0.01073  -0.01072
       -0.01072  -0.01069  -0.01069  -0.01068  -0.01067  -0.01064  -0.01064  -0.01063  -0.01063
       -0.01062  -0.01062  -0.01055  -0.01055  -0.01055  -0.01055  -0.01052  -0.01029  -0.01029
       -0.01009  -0.01008  -0.00989  -0.00981  -0.00981  -0.00954  -0.00954  -0.00948  -0.00948
       -0.00946  -0.00942  -0.00942  -0.00903  -0.00902  -0.00885  -0.00882  -0.00882  -0.00880
       -0.00879  -0.00857  -0.00857  -0.00853  -0.00852  -0.00809  -0.00809  -0.00808  -0.00805
       -0.00804  -0.00804  -0.00804  -0.00804  -0.00804  -0.00795  -0.00789  -0.00789  -0.00789
       -0.00785  -0.00785  -0.00777  -0.00777  -0.00768  -0.00768  -0.00762  -0.00762  -0.00760
       -0.00760  -0.00757  -0.00757  -0.00749  -0.00748  -0.00748  -0.00741  -0.00741  -0.00728
       -0.00728  -0.00726  -0.00726  -0.00726  -0.00726  -0.00718  -0.00714  -0.00713  -0.00712
       -0.00712  -0.00711  -0.00711  -0.00702  -0.00702  -0.00686  -0.00686  -0.00685  -0.00685
       -0.00682  -0.00682  -0.00680  -0.00680  -0.00679  -0.00667  -0.00667  -0.00667  -0.00667
       -0.00666  -0.00665  -0.00665  -0.00652  -0.00652  -0.00647  -0.00647  -0.00638  -0.00638
       -0.00636  -0.00625  -0.00624  -0.00617  -0.00617  -0.00604  -0.00603  -0.00600  -0.00600
       -0.00591  -0.00589  -0.00588  -0.00574  -0.00574  -0.00574  -0.00574  -0.00574  -0.00573
       -0.00573  -0.00572  -0.00572  -0.00572  -0.00571  -0.00571  -0.00571  -0.00570  -0.00570
       -0.00568  -0.00568  -0.00568  -0.00563  -0.00562  -0.00554  -0.00553  -0.00547  -0.00547
       -0.00546  -0.00545  -0.00545  -0.00541  -0.00541  -0.00529  -0.00528  -0.00524  -0.00524
       -0.00523  -0.00522  -0.00522  -0.00521  -0.00520  -0.00516  -0.00516  -0.00515  -0.00514
       -0.00512  -0.00511  -0.00510  -0.00510  -0.00509  -0.00509  -0.00504  -0.00503  -0.00503
       -0.00503  -0.00499  -0.00499  -0.00496  -0.00496  -0.00494  -0.00488  -0.00488  -0.00487
       -0.00486  -0.00485  -0.00485  -0.00484  -0.00482  -0.00479  -0.00479  -0.00473  -0.00472
       -0.00472  -0.00471  -0.00471  -0.00471  -0.00465  -0.00465  -0.00463  -0.00462  -0.00456
       -0.00455  -0.00451  -0.00451  -0.00446  -0.00446  -0.00445  -0.00445  -0.00444  -0.00440
       -0.00439  -0.00437  -0.00437  -0.00436  -0.00434  -0.00428  -0.00425  -0.00424  -0.00423
       -0.00422  -0.00420  -0.00416  -0.00414  -0.00414  -0.00413  -0.00413  -0.00413  -0.00412
       -0.00411  -0.00406  -0.00405  -0.00397  -0.00397  -0.00392  -0.00391  -0.00390  -0.00389
       -0.00388  -0.00387  -0.00385  -0.00384  -0.00381  -0.00380  -0.00379  -0.00377  -0.00376
       -0.00375  -0.00374  -0.00374  -0.00373  -0.00371  -0.00370  -0.00367  -0.00367  -0.00365
       -0.00365  -0.00364  -0.00363  -0.00355  -0.00355  -0.00354  -0.00353  -0.00353  -0.00353
       -0.00351  -0.00348  -0.00347  -0.00345
        
     --------------------------------------------------------------------------------------------
     Tot. elapsed time 05m-25.1s,  time spent in last iteration 32.0s
     --------------------------------------------------------------------------------------------

     [I/O] -------------------------------------------------------
     [I/O] RESTART written in < 00.1s             
     [I/O] In location   : ./nacl_100_400.wstat.restart
     [I/O] -------------------------------------------------------

                       *----------*              *----------*               *----------*
     #     Iteration = |        3 |   DFPT_dim = |       69 |   Diago_dim = |     1184 |
                       *----------*              *----------*               *----------*
       
     --------------------------------------------------------------------------------------------
     Applying projection operator formed by dvg                          
     --------------------------------------------------------------------------------------------
     per-process dynamical memory   219.7 Mb
  
       
     --------------------------------------------------------------------------------------------
     Sternheimer eq. solver... with threshold =   1.000000E-12           
     --------------------------------------------------------------------------------------------
     in progress... |##                  | 010% :               00.5s (E)               05.1s (X)
     in progress... |#####               | 025% :               01.0s (E)               04.1s (X)
     in progress... |########            | 040% :               01.6s (E)               04.0s (X)
     in progress... |###########         | 055% :               02.1s (E)               03.8s (X)
     in progress... |##############      | 070% :               02.6s (E)               03.7s (X)
     in progress... |#################   | 085% :               03.1s (E)               03.7s (X)
     in progress... |####################| 100% :               03.6s (E)               03.6s (X)
       
     --------------------------------------------------------------------------------------------
     Applying projection operator formed by dvg                          
     --------------------------------------------------------------------------------------------
     --------------------------------------------------------------------------------------------
     p-DIAGOX done in 00.6s with a SCALAPACK grid (12x12)
     --------------------------------------------------------------------------------------------
        
       -0.03408  -0.03407  -0.03344  -0.03342  -0.03303  -0.03232  -0.03231  -0.03143  -0.03055
       -0.03052  -0.02863  -0.02862  -0.02841  -0.02762  -0.02756  -0.02682  -0.02679  -0.02677
       -0.02676  -0.02664  -0.02649  -0.02647  -0.02597  -0.02595  -0.02594  -0.02387  -0.02220
       -0.02218  -0.02196  -0.02192  -0.02148  -0.02146  -0.02145  -0.02140  -0.02140  -0.02107
       -0.02107  -0.02106  -0.02105  -0.02098  -0.02072  -0.02071  -0.02044  -0.02044  -0.02030
       -0.02029  -0.02028  -0.02028  -0.02027  -0.02026  -0.02026  -0.02026  -0.02023  -0.02023
       -0.02020  -0.02000  -0.01999  -0.01910  -0.01909  -0.01909  -0.01908  -0.01904  -0.01867
       -0.01866  -0.01824  -0.01824  -0.01770  -0.01769  -0.01729  -0.01728  -0.01727  -0.01662
       -0.01636  -0.01634  -0.01629  -0.01629  -0.01600  -0.01575  -0.01575  -0.01555  -0.01554
       -0.01541  -0.01540  -0.01435  -0.01435  -0.01407  -0.01405  -0.01404  -0.01399  -0.01399
       -0.01380  -0.01362  -0.01362  -0.01360  -0.01360  -0.01348  -0.01347  -0.01346  -0.01338
       -0.01336  -0.01255  -0.01255  -0.01253  -0.01253  -0.01241  -0.01241  -0.01234  -0.01234
       -0.01224  -0.01224  -0.01222  -0.01222  -0.01215  -0.01210  -0.01210  -0.01181  -0.01179
       -0.01178  -0.01173  -0.01172  -0.01145  -0.01145  -0.01143  -0.01143  -0.01123  -0.01123
       -0.01113  -0.01103  -0.01102  -0.01101  -0.01101  -0.01091  -0.01088  -0.01073  -0.01072
       -0.01072  -0.01069  -0.01069  -0.01068  -0.01067  -0.01064  -0.01064  -0.01063  -0.01063
       -0.01062  -0.01062  -0.01055  -0.01055  -0.01055  -0.01055  -0.01052  -0.01029  -0.01029
       -0.01009  -0.01008  -0.00989  -0.00981  -0.00981  -0.00954  -0.00954  -0.00948  -0.00948
       -0.00946  -0.00942  -0.00942  -0.00903  -0.00902  -0.00885  -0.00882  -0.00882  -0.00880
       -0.00879  -0.00857  -0.00857  -0.00853  -0.00852  -0.00809  -0.00809  -0.00808  -0.00805
       -0.00804  -0.00804  -0.00804  -0.00804  -0.00804  -0.00795  -0.00789  -0.00789  -0.00789
       -0.00785  -0.00785  -0.00777  -0.00777  -0.00768  -0.00768  -0.00762  -0.00762  -0.00760
       -0.00760  -0.00757  -0.00757  -0.00749  -0.00748  -0.00748  -0.00741  -0.00741  -0.00728
       -0.00728  -0.00726  -0.00726  -0.00726  -0.00726  -0.00718  -0.00714  -0.00714  -0.00713
       -0.00713  -0.00711  -0.00711  -0.00703  -0.00703  -0.00686  -0.00686  -0.00685  -0.00685
       -0.00683  -0.00682  -0.00680  -0.00680  -0.00679  -0.00668  -0.00668  -0.00667  -0.00667
       -0.00666  -0.00665  -0.00665  -0.00652  -0.00652  -0.00648  -0.00648  -0.00639  -0.00638
       -0.00637  -0.00625  -0.00625  -0.00618  -0.00618  -0.00605  -0.00603  -0.00601  -0.00601
       -0.00592  -0.00589  -0.00589  -0.00575  -0.00575  -0.00574  -0.00574  -0.00574  -0.00573
       -0.00573  -0.00573  -0.00573  -0.00572  -0.00571  -0.00571  -0.00571  -0.00570  -0.00570
       -0.00569  -0.00569  -0.00568  -0.00563  -0.00563  -0.00554  -0.00554  -0.00548  -0.00547
       -0.00546  -0.00546  -0.00545  -0.00542  -0.00541  -0.00529  -0.00529  -0.00525  -0.00524
       -0.00524  -0.00523  -0.00523  -0.00522  -0.00521  -0.00516  -0.00516  -0.00515  -0.00515
       -0.00513  -0.00513  -0.00510  -0.00510  -0.00510  -0.00510  -0.00505  -0.00504  -0.00504
       -0.00504  -0.00500  -0.00500  -0.00497  -0.00497  -0.00495  -0.00489  -0.00489  -0.00489
       -0.00487  -0.00487  -0.00486  -0.00486  -0.00482  -0.00480  -0.00480  -0.00474  -0.00474
       -0.00473  -0.00473  -0.00473  -0.00473  -0.00468  -0.00466  -0.00465  -0.00464  -0.00458
       -0.00457  -0.00453  -0.00452  -0.00449  -0.00448  -0.00447  -0.00447  -0.00447  -0.00443
       -0.00443  -0.00440  -0.00440  -0.00439  -0.00439  -0.00431  -0.00431  -0.00427  -0.00427
       -0.00424  -0.00424  -0.00419  -0.00417  -0.00417  -0.00417  -0.00417  -0.00416  -0.00416
       -0.00416  -0.00410  -0.00410  -0.00401  -0.00401  -0.00395  -0.00395  -0.00395  -0.00393
       -0.00393  -0.00392  -0.00390  -0.00390  -0.00384  -0.00384  -0.00383  -0.00380  -0.00380
       -0.00379  -0.00379  -0.00378  -0.00378  -0.00374  -0.00374  -0.00372  -0.00371  -0.00370
       -0.00370  -0.00369  -0.00369  -0.00360  -0.00360  -0.00359  -0.00359  -0.00358  -0.00358
       -0.00357  -0.00354  -0.00350  -0.00349
        
     --------------------------------------------------------------------------------------------
     Tot. elapsed time 06m-50.1s,  time spent in last iteration 11.6s
     --------------------------------------------------------------------------------------------
       
     --------------------------------------------------------------------------------------------
     Convergence achieved !!! in        3 steps                          
     --------------------------------------------------------------------------------------------
      
     --------------------------------------------------------------------------------------------
     Database written in < 00.1s             
     In location : ./nacl_100_400.wstat.save
     --------------------------------------------------------------------------------------------
 
     WSTAT        :  7m 6.26s CPU    13m32.12s WALL

     wstat_readin :      6.23s CPU     39.78s WALL (       1 calls)
     fetch_nml    :      0.00s CPU      0.00s WALL (       1 calls)
     read_xml     :      1.30s CPU      1.51s WALL (       1 calls)
     init_vloc    :      0.11s CPU      0.11s WALL (       2 calls)
     fft          :      0.26s CPU      0.27s WALL (      11 calls)
     fft_scatter  :     44.54s CPU     44.88s WALL (   13109 calls)
     v_of_rho     :      0.30s CPU      0.32s WALL (       1 calls)
     v_xc         :      0.27s CPU      0.29s WALL (       1 calls)
     v_h          :      0.03s CPU      0.04s WALL (       1 calls)
     read_wave    :      4.91s CPU     38.20s WALL (       1 calls)
     davcio       :      0.00s CPU      0.79s WALL (       2 calls)
     init_us_1    :      0.02s CPU      0.02s WALL (       2 calls)
     do_setup     :      0.17s CPU      0.18s WALL (       1 calls)
     init_pw_ar   :      0.17s CPU      0.18s WALL (       1 calls)
     init_at_1    :      0.00s CPU      0.00s WALL (       1 calls)
     storesqvc    :      0.01s CPU      0.01s WALL (       1 calls)
     chidiago     :    207.28s CPU    312.92s WALL (       1 calls)
     randomize    :      1.15s CPU      1.17s WALL (       2 calls)
     paramgs      :     14.54s CPU     14.67s WALL (      11 calls)
     dfpt         :    238.97s CPU    241.15s WALL (      10 calls)
     init_us_2    :      0.04s CPU      0.04s WALL (      10 calls)
     fftw         :    122.36s CPU    123.36s WALL (   13098 calls)
     alphapc      :      0.42s CPU      0.43s WALL (     203 calls)
     wstat_restar :    115.34s CPU    425.10s WALL (       8 calls)
     linstern     :    155.33s CPU    156.67s WALL (     153 calls)
     stern        :    134.04s CPU    135.25s WALL (    4774 calls)
     h_psi_bgrp   :    120.94s CPU    122.00s WALL (    1432 calls)
     h_psi        :    120.93s CPU    122.00s WALL (    1432 calls)
     h_psi:pot    :    120.13s CPU    121.17s WALL (    1432 calls)
     vloc_psi     :    115.97s CPU    116.97s WALL (    1432 calls)
     h_psi:calbec :      2.92s CPU      2.53s WALL (    1432 calls)
     calbec       :      2.92s CPU      2.52s WALL (    1432 calls)
     add_vuspsi   :      1.23s CPU      1.66s WALL (    1432 calls)
     alphapv      :      6.66s CPU      6.69s WALL (    4774 calls)
     build_hr     :      8.29s CPU      8.53s WALL (       8 calls)
     diagox       :      2.39s CPU      2.45s WALL (       8 calls)
     redistr_vr   :      0.31s CPU      0.33s WALL (       6 calls)
     update_vr    :     13.46s CPU     13.85s WALL (       6 calls)
     symm_hr      :      0.30s CPU      0.32s WALL (       6 calls)
     chidiago:las :      0.00s CPU      0.00s WALL (       1 calls)
     refresh_vr   :      4.96s CPU      5.07s WALL (       2 calls)
     pdep_db      :      2.94s CPU      9.52s WALL (       1 calls)
     kinchidiago  :    212.56s CPU    459.19s WALL (       1 calls)
     k_psi        :      1.98s CPU      2.01s WALL (    3342 calls)
     kinchidiago: :      0.00s CPU      0.00s WALL (       1 calls)
     pdep_db_for_ :     10.84s CPU     37.15s WALL (       1 calls)
 
     WSTAT        :  7m 6.26s CPU    13m32.12s WALL

 
   This run was terminated on:  10:27:24  23Jan2019            

=------------------------------------------------------------------------------=
   JOB DONE.
=------------------------------------------------------------------------------=
