
     Program WSTAT v. 2.0.0 starts on 27Sep2019 at 14:12: 9 

     This program is part of the open-source West suite
     for massively parallel calculations of excited states in materials; please cite
         "M. Govoni et al., J. Chem. Theory Comput. 11, 2680 (2015);
          URL http://www.west-code.org", 
     in publications or presentations arising from this work.

     Based on the Quantum ESPRESSO v. 6.1 svn rev. 13369
       
     --------------------------------------------------------------------------------------------
     **MPI** Parallelization Status                                      
     --------------------------------------------------------------------------------------------
                   160                  10             1             1            16
     --------------------------------------------------------------------------------------------
                     N         =         I      X      P      X      B      X      Z
                     ^                   ^             ^             ^             ^
                     |                   |             |             |             |
                   #rnk                  |             |             |             |
                                      #image           |             |             |
                                                     #pool           |             |
                                                                   #bgrp           |
                                                                                 #R&G
     --------------------------------------------------------------------------------------------
     #prc =          160
     --------------------------------------------------------------------------------------------
       
     --------------------------------------------------------------------------------------------
     I/O Summary : input_west                                            
     --------------------------------------------------------------------------------------------
     qe_prefix      = c2h2
     west_prefix    = c2h2
     outdir         = ./
     --------------------------------------------------------------------------------------------
       
     --------------------------------------------------------------------------------------------
     I/O Summary : wstat_control                                         
     --------------------------------------------------------------------------------------------
     wstat_calculation              =              S
     n_pdep_eigen                   =            500
     n_kin_pdep_eigen               =              0
     n_lindhard_eigen               =              0
     n_pdep_times                   =              4
     n_pdep_maxiter                 =            100
     n_dfpt_maxiter                 =            250
     n_pdep_read_from_file          =              0
     trev_pdep                      =   1.000000E-03
     trev_pdep_rel                  =   1.000000E-01
     tr2_dfpt                       =   1.000000E-12
     l_kinetic_only                 =              F
     l_minimize_exx_if_active       =              F
     l_use_ecutrho                  =              F
     l_pure_eigen                   =              F
     --------------------------------------------------------------------------------------------

     Reading data from directory:
     ./c2h2.save

   Info: using nr1, nr2, nr3 values from input

   Info: using nr1, nr2, nr3 values from input

     IMPORTANT: XC functional enforced from input :
     Exchange-correlation      = PBE ( 1  4  3  4 0 0)
     Any further DFT definition will be discarded
     Please, verify this is what you really want

     Message from routine readpp:
     file ./c2h2.save/C_ONCV_PBE-1.0.upf not found
     Message from routine readpp:
     file ./c2h2.save/H_ONCV_PBE-1.0.upf not found
 
     Parallelization info
     --------------------
     sticks:   dense  smooth     PW     G-vecs:    dense   smooth      PW
     Min        1520    1520    379               178660   178660   22323
     Max        1522    1522    384               178666   178666   22328
     Sum       24345   24345   6093              2858633  2858633  357213
 
       
     --------------------------------------------------------------------------------------------
     System Overview                                                     
     --------------------------------------------------------------------------------------------
     gamma_only           =              T
     ecutwfc [Ry]         =      85.000000
     omega [au^3]         =   2.700000E+04
     glob. #G             =         178607
     nbnd                 =            100
     nkstot               =              1
     nspin                =              1
     nelec                =      10.000000
     npol                 =              1
     lsda                 =              F
     noncolin             =              F
     lspinorb             =              F
     domag                =              F
     --------------------------------------------------------------------------------------------

     sFFT G-space:  1429317 G-vectors     R-space: ( 180, 180, 180)
     dFFT G-space:  1429317 G-vectors     R-space: ( 180, 180, 180)

     Cell [a.u.]          =      30.000000      0.000000      0.000000
                          =       0.000000     30.000000      0.000000
                          =       0.000000      0.000000     30.000000
      
     number of ks points=     1
                       cart. coord. in units 2pi/alat
        k(    1) = (   0.0000000   0.0000000   0.0000000), wk =   2.0000000

                       cryst. coord.
        k(    1) = (   0.0000000   0.0000000   0.0000000), wk =   2.0000000
 
     Spherical div        =   1.654268E-01
     Orthorombic div      =   1.628502E-01
       
     --------------------------------------------------------------------------------------------
     Parallelization for nvecx                                           
     --------------------------------------------------------------------------------------------
     nglob                =           2000
     nlevel               =             10
     Min nglob/nlevel     =            200
     Max nglob/nlevel     =            200
     --------------------------------------------------------------------------------------------

     [MEM] ----------------------------------------------------------
     [MEM] **Memory** analysis: QE
     [MEM] ----------------------------------------------------------
     [MEM] Allocated arrays           est. size (Mb)     dimensions
     [MEM] ----------------------------------------------------------
     [MEM] Kohn-Sham Wavefunctions      17.03 Mb     (  11164,  100)
     [MEM] NL pseudopotentials           3.41 Mb     (  11164,   20)
     [MEM] Each V/rho on FFT grid        5.93 Mb     ( 388800)
     [MEM] Each G-vector array           0.68 Mb     (  89333)
     [MEM] G-vector shells               0.05 Mb     (   6125)
     [MEM] ----------------------------------------------------------
     [MEM] TOT                          27.10 Mb
     [MEM] ----------------------------------------------------------
     [MEM] 
     [MEM] ----------------------------------------------------------
     [MEM] **Memory** analysis: WSTAT global
     [MEM] ----------------------------------------------------------
     [MEM] Allocated arrays           est. size (Mb)     dimensions
     [MEM] ----------------------------------------------------------
     [MEM] dvg                          34.07 Mb     (  11164,  200)
     [MEM] dng                          34.07 Mb     (  11164,  200)
     [MEM] hr_distr                      3.05 Mb     (   2000,  200)
     [MEM] vr_distr                      3.05 Mb     (   2000,  200)
     [MEM] ----------------------------------------------------------
     [MEM] TOT                          74.24 Mb
     [MEM] ----------------------------------------------------------
     [MEM] 
     [MEM] ----------------------------------------------------------
     [MEM] **Memory** analysis: WSTAT temporary
     [MEM] ----------------------------------------------------------
     [MEM] Allocated arrays           est. size (Mb)     dimensions
     [MEM] ----------------------------------------------------------
     [MEM] dvpsi                         0.85 Mb     (  11164,    5)
     [MEM] dpsi                          0.85 Mb     (  11164,    5)
     [MEM] ----------------------------------------------------------
     [MEM] Total estimate                1.70 Mb
     [MEM] ----------------------------------------------------------

                       *----------*              *----------*               *----------*
     #     Iteration = | starting |   DFPT_dim = |      500 |   Diago_dim = |      500 |  x 1/2
                       *----------*              *----------*               *----------*
     per-process dynamical memory   179.2 Mb
  
       
     --------------------------------------------------------------------------------------------
     Sternheimer eq. solver... with lite-solver                          
     --------------------------------------------------------------------------------------------
     in progress... |#                   | 005% :               00.7s (E)               15.8s (X)
     in progress... |##                  | 010% :               01.3s (E)               13.1s (X)
     in progress... |###                 | 015% :               02.0s (E)               13.9s (X)
     in progress... |####                | 020% :               02.6s (E)               13.1s (X)
     in progress... |#####               | 025% :               03.4s (E)               13.6s (X)
     in progress... |######              | 030% :               03.9s (E)               13.0s (X)
     in progress... |#######             | 035% :               04.7s (E)               13.4s (X)
     in progress... |########            | 040% :               05.2s (E)               13.0s (X)
     in progress... |#########           | 045% :               06.0s (E)               13.3s (X)
     in progress... |##########          | 050% :               06.5s (E)               13.0s (X)
     in progress... |###########         | 055% :               07.3s (E)               13.3s (X)
     in progress... |############        | 060% :               07.8s (E)               13.0s (X)
     in progress... |#############       | 065% :               08.6s (E)               13.2s (X)
     in progress... |##############      | 070% :               09.1s (E)               13.0s (X)
     in progress... |###############     | 075% :               09.9s (E)               13.2s (X)
     in progress... |################    | 080% :               10.4s (E)               13.0s (X)
     in progress... |#################   | 085% :               11.2s (E)               13.2s (X)
     in progress... |##################  | 090% :               11.7s (E)               13.0s (X)
     in progress... |################### | 095% :               12.5s (E)               13.2s (X)
     in progress... |####################| 100% :               13.0s (E)               13.0s (X)
     --------------------------------------------------------------------------------------------

     [I/O] -------------------------------------------------------
     [I/O] RESTART written in < 00.1s             
     [I/O] In location   : ./c2h2_500.wstat.restart
     [I/O] -------------------------------------------------------

                       *----------*              *----------*               *----------*
     #     Iteration = | starting |   DFPT_dim = |      500 |   Diago_dim = |      500 |  x 2/2
                       *----------*              *----------*               *----------*
     per-process dynamical memory   181.5 Mb
  
       
     --------------------------------------------------------------------------------------------
     Sternheimer eq. solver... with threshold =   1.000000E-06           
     --------------------------------------------------------------------------------------------
     in progress... |#                   | 005% :               09.0s (E)           03m-01.9s (X)
     in progress... |##                  | 010% :               15.0s (E)           02m-30.2s (X)
     in progress... |###                 | 015% :               23.6s (E)           02m-37.3s (X)
     in progress... |####                | 020% :               29.2s (E)           02m-26.3s (X)
     in progress... |#####               | 025% :               37.8s (E)           02m-31.2s (X)
     in progress... |######              | 030% :               43.4s (E)           02m-24.8s (X)
     in progress... |#######             | 035% :               51.8s (E)           02m-28.0s (X)
     in progress... |########            | 040% :               57.3s (E)           02m-23.3s (X)
     in progress... |#########           | 045% :           01m-05.6s (E)           02m-25.8s (X)
     in progress... |##########          | 050% :           01m-11.0s (E)           02m-22.1s (X)
     in progress... |###########         | 055% :           01m-19.1s (E)           02m-23.9s (X)
     in progress... |############        | 060% :           01m-24.6s (E)           02m-21.1s (X)
     in progress... |#############       | 065% :           01m-32.8s (E)           02m-22.8s (X)
     in progress... |##############      | 070% :           01m-38.3s (E)           02m-20.4s (X)
     in progress... |###############     | 075% :           01m-47.2s (E)           02m-22.9s (X)
     in progress... |################    | 080% :           01m-52.5s (E)           02m-20.7s (X)
     in progress... |#################   | 085% :           02m-00.5s (E)           02m-21.8s (X)
     in progress... |##################  | 090% :           02m-05.8s (E)           02m-19.7s (X)
     in progress... |################### | 095% :           02m-13.6s (E)           02m-20.6s (X)
     in progress... |####################| 100% :           02m-18.9s (E)           02m-18.9s (X)
     --------------------------------------------------------------------------------------------
     p-DIAGOX done in 00.8s with a SCALAPACK grid (12x12)
     --------------------------------------------------------------------------------------------
        
       -4.03434  -1.45821  -0.96696  -0.96695  -0.80497  -0.80497  -0.73183  -0.59239  -0.51203
       -0.51198  -0.48886  -0.42089  -0.35926  -0.35924  -0.34585  -0.34584  -0.34045  -0.32560
       -0.32559  -0.26928  -0.25082  -0.25080  -0.22550  -0.21284  -0.21282  -0.16658  -0.16652
       -0.16172  -0.16171  -0.15077  -0.15072  -0.13638  -0.13295  -0.13291  -0.12879  -0.12876
       -0.12258  -0.12230  -0.10635  -0.10633  -0.09615  -0.09614  -0.09162  -0.09162  -0.09086
       -0.08126  -0.07473  -0.07416  -0.07411  -0.06508  -0.06506  -0.06494  -0.06490  -0.06340
       -0.06333  -0.05987  -0.05751  -0.05749  -0.05686  -0.05683  -0.05575  -0.05574  -0.05320
       -0.05280  -0.05269  -0.05266  -0.04673  -0.04667  -0.04528  -0.04393  -0.04388  -0.04352
       -0.04351  -0.03966  -0.03958  -0.03902  -0.03851  -0.03847  -0.03834  -0.03828  -0.03736
       -0.03693  -0.03688  -0.03363  -0.03358  -0.03349  -0.03340  -0.03329  -0.03076  -0.03075
       -0.03021  -0.03015  -0.02988  -0.02965  -0.02879  -0.02838  -0.02830  -0.02793  -0.02784
       -0.02696  -0.02695  -0.02670  -0.02548  -0.02544  -0.02502  -0.02500  -0.02465  -0.02386
       -0.02360  -0.02261  -0.02258  -0.02245  -0.02210  -0.02204  -0.02200  -0.02194  -0.02121
       -0.02109  -0.02102  -0.02059  -0.02046  -0.02040  -0.02025  -0.02018  -0.02014  -0.01972
       -0.01970  -0.01872  -0.01866  -0.01847  -0.01813  -0.01796  -0.01783  -0.01769  -0.01767
       -0.01722  -0.01708  -0.01668  -0.01658  -0.01626  -0.01618  -0.01598  -0.01590  -0.01574
       -0.01562  -0.01550  -0.01532  -0.01501  -0.01488  -0.01457  -0.01446  -0.01443  -0.01438
       -0.01431  -0.01427  -0.01416  -0.01411  -0.01402  -0.01364  -0.01357  -0.01311  -0.01299
       -0.01293  -0.01286  -0.01267  -0.01261  -0.01255  -0.01249  -0.01240  -0.01223  -0.01198
       -0.01180  -0.01171  -0.01168  -0.01161  -0.01153  -0.01140  -0.01126  -0.01119  -0.01105
       -0.01102  -0.01087  -0.01083  -0.01075  -0.01074  -0.01062  -0.01049  -0.01046  -0.01041
       -0.01031  -0.01020  -0.01018  -0.01010  -0.01003  -0.00994  -0.00990  -0.00969  -0.00960
       -0.00958  -0.00948  -0.00937  -0.00932  -0.00925  -0.00923  -0.00913  -0.00907  -0.00886
       -0.00866  -0.00862  -0.00857  -0.00850  -0.00841  -0.00832  -0.00829  -0.00824  -0.00817
       -0.00814  -0.00809  -0.00801  -0.00798  -0.00789  -0.00784  -0.00781  -0.00773  -0.00764
       -0.00763  -0.00758  -0.00757  -0.00751  -0.00745  -0.00741  -0.00736  -0.00734  -0.00729
       -0.00725  -0.00719  -0.00718  -0.00708  -0.00704  -0.00695  -0.00692  -0.00685  -0.00683
       -0.00681  -0.00674  -0.00664  -0.00659  -0.00655  -0.00650  -0.00635  -0.00631  -0.00627
       -0.00621  -0.00617  -0.00614  -0.00610  -0.00606  -0.00604  -0.00595  -0.00592  -0.00582
       -0.00580  -0.00577  -0.00574  -0.00565  -0.00559  -0.00555  -0.00553  -0.00553  -0.00547
       -0.00545  -0.00541  -0.00538  -0.00535  -0.00531  -0.00529  -0.00527  -0.00523  -0.00519
       -0.00516  -0.00513  -0.00507  -0.00503  -0.00499  -0.00498  -0.00494  -0.00487  -0.00486
       -0.00483  -0.00482  -0.00480  -0.00475  -0.00473  -0.00471  -0.00466  -0.00465  -0.00461
       -0.00458  -0.00455  -0.00450  -0.00446  -0.00442  -0.00439  -0.00438  -0.00433  -0.00431
       -0.00423  -0.00422  -0.00419  -0.00416  -0.00415  -0.00413  -0.00410  -0.00408  -0.00406
       -0.00401  -0.00398  -0.00394  -0.00390  -0.00388  -0.00387  -0.00384  -0.00382  -0.00380
       -0.00380  -0.00375  -0.00373  -0.00371  -0.00368  -0.00365  -0.00365  -0.00362  -0.00360
       -0.00356  -0.00353  -0.00348  -0.00347  -0.00347  -0.00343  -0.00340  -0.00337  -0.00336
       -0.00333  -0.00333  -0.00331  -0.00327  -0.00324  -0.00321  -0.00320  -0.00319  -0.00316
       -0.00315  -0.00312  -0.00309  -0.00305  -0.00304  -0.00303  -0.00301  -0.00300  -0.00295
       -0.00293  -0.00292  -0.00289  -0.00287  -0.00286  -0.00284  -0.00282  -0.00280  -0.00278
       -0.00276  -0.00273  -0.00272  -0.00269  -0.00268  -0.00266  -0.00265  -0.00264  -0.00263
       -0.00260  -0.00257  -0.00256  -0.00254  -0.00252  -0.00252  -0.00249  -0.00247  -0.00244
       -0.00244  -0.00242  -0.00242  -0.00239  -0.00238  -0.00236  -0.00235  -0.00234  -0.00232
       -0.00229  -0.00228  -0.00227  -0.00224  -0.00224  -0.00222  -0.00221  -0.00219  -0.00217
       -0.00214  -0.00213  -0.00211  -0.00211  -0.00208  -0.00206  -0.00205  -0.00204  -0.00201
       -0.00199  -0.00197  -0.00196  -0.00195  -0.00193  -0.00191  -0.00189  -0.00187  -0.00186
       -0.00185  -0.00183  -0.00181  -0.00179  -0.00177  -0.00176  -0.00175  -0.00174  -0.00173
       -0.00173  -0.00171  -0.00169  -0.00168  -0.00166  -0.00165  -0.00164  -0.00161  -0.00160
       -0.00159  -0.00157  -0.00157  -0.00155  -0.00154  -0.00153  -0.00151  -0.00148  -0.00148
       -0.00146  -0.00146  -0.00143  -0.00143  -0.00142  -0.00141  -0.00139  -0.00137  -0.00136
       -0.00135  -0.00134  -0.00133  -0.00130  -0.00129  -0.00128  -0.00127  -0.00125  -0.00125
       -0.00124  -0.00122  -0.00121  -0.00120  -0.00119  -0.00116  -0.00115  -0.00114  -0.00113
       -0.00112  -0.00111  -0.00110  -0.00108  -0.00107  -0.00105  -0.00104  -0.00104  -0.00102
       -0.00101  -0.00099  -0.00098  -0.00097  -0.00096  -0.00094  -0.00091  -0.00089  -0.00088
       -0.00086  -0.00085  -0.00083  -0.00081  -0.00064
        
     --------------------------------------------------------------------------------------------
     Tot. elapsed time 04m-19.0s,  time spent in last iteration 04m-19.0s
     --------------------------------------------------------------------------------------------

     [I/O] -------------------------------------------------------
     [I/O] RESTART written in < 00.1s             
     [I/O] In location   : ./c2h2_500.wstat.restart
     [I/O] -------------------------------------------------------

                       *----------*              *----------*               *----------*
     #     Iteration = |        1 |   DFPT_dim = |      500 |   Diago_dim = |     1000 |
                       *----------*              *----------*               *----------*
     per-process dynamical memory   181.5 Mb
  
       
     --------------------------------------------------------------------------------------------
     Sternheimer eq. solver... with threshold =   1.000000E-12           
     --------------------------------------------------------------------------------------------
     in progress... |#                   | 005% :               12.9s (E)           04m-19.3s (X)
     in progress... |##                  | 010% :               21.5s (E)           03m-35.2s (X)
     in progress... |###                 | 015% :               34.1s (E)           03m-47.8s (X)
     in progress... |####                | 020% :               42.6s (E)           03m-33.4s (X)
     in progress... |#####               | 025% :               55.3s (E)           03m-41.5s (X)
     in progress... |######              | 030% :           01m-03.8s (E)           03m-32.7s (X)
     in progress... |#######             | 035% :           01m-16.5s (E)           03m-38.6s (X)
     in progress... |########            | 040% :           01m-24.9s (E)           03m-32.2s (X)
     in progress... |#########           | 045% :           01m-37.5s (E)           03m-36.7s (X)
     in progress... |##########          | 050% :           01m-46.0s (E)           03m-32.1s (X)
     in progress... |###########         | 055% :           01m-58.6s (E)           03m-35.6s (X)
     in progress... |############        | 060% :           02m-06.9s (E)           03m-31.6s (X)
     in progress... |#############       | 065% :           02m-19.5s (E)           03m-34.6s (X)
     in progress... |##############      | 070% :           02m-27.9s (E)           03m-31.4s (X)
     in progress... |###############     | 075% :           02m-40.3s (E)           03m-33.8s (X)
     in progress... |################    | 080% :           02m-48.6s (E)           03m-30.8s (X)
     in progress... |#################   | 085% :           03m-01.0s (E)           03m-33.0s (X)
     in progress... |##################  | 090% :           03m-09.3s (E)           03m-30.4s (X)
     in progress... |################### | 095% :           03m-21.8s (E)           03m-32.4s (X)
     in progress... |####################| 100% :           03m-30.1s (E)           03m-30.1s (X)
     --------------------------------------------------------------------------------------------
     p-DIAGOX done in 00.6s with a SCALAPACK grid (12x12)
     --------------------------------------------------------------------------------------------
        
       -4.03467  -1.54800  -0.96707  -0.96707  -0.80500  -0.80499  -0.73195  -0.60002  -0.53587
       -0.51328  -0.51327  -0.42103  -0.35945  -0.35945  -0.34589  -0.34588  -0.34053  -0.32565
       -0.32565  -0.28025  -0.25085  -0.25084  -0.22871  -0.21321  -0.21321  -0.16700  -0.16700
       -0.16175  -0.16175  -0.15092  -0.15087  -0.13987  -0.13665  -0.13356  -0.13352  -0.12905
       -0.12905  -0.12243  -0.10666  -0.10666  -0.09793  -0.09645  -0.09644  -0.09169  -0.09169
       -0.08159  -0.07522  -0.07434  -0.07433  -0.06523  -0.06523  -0.06521  -0.06521  -0.06358
       -0.06358  -0.06018  -0.05764  -0.05764  -0.05692  -0.05692  -0.05586  -0.05586  -0.05427
       -0.05327  -0.05327  -0.05326  -0.04690  -0.04690  -0.04619  -0.04420  -0.04420  -0.04412
       -0.04412  -0.04043  -0.03996  -0.03994  -0.03874  -0.03874  -0.03865  -0.03865  -0.03773
       -0.03708  -0.03708  -0.03412  -0.03410  -0.03410  -0.03410  -0.03409  -0.03128  -0.03128
       -0.03094  -0.03094  -0.03031  -0.03031  -0.02946  -0.02868  -0.02868  -0.02850  -0.02850
       -0.02817  -0.02736  -0.02736  -0.02567  -0.02567  -0.02554  -0.02534  -0.02533  -0.02451
       -0.02451  -0.02411  -0.02322  -0.02322  -0.02319  -0.02265  -0.02265  -0.02244  -0.02244
       -0.02187  -0.02187  -0.02116  -0.02116  -0.02082  -0.02082  -0.02080  -0.02080  -0.02025
       -0.02025  -0.01946  -0.01939  -0.01939  -0.01909  -0.01858  -0.01858  -0.01810  -0.01810
       -0.01803  -0.01793  -0.01793  -0.01780  -0.01780  -0.01752  -0.01752  -0.01691  -0.01689
       -0.01674  -0.01674  -0.01629  -0.01596  -0.01593  -0.01593  -0.01551  -0.01551  -0.01521
       -0.01521  -0.01500  -0.01500  -0.01498  -0.01498  -0.01488  -0.01441  -0.01441  -0.01386
       -0.01386  -0.01378  -0.01355  -0.01332  -0.01332  -0.01332  -0.01332  -0.01325  -0.01325
       -0.01319  -0.01319  -0.01300  -0.01300  -0.01276  -0.01275  -0.01246  -0.01211  -0.01211
       -0.01206  -0.01206  -0.01189  -0.01189  -0.01182  -0.01182  -0.01161  -0.01161  -0.01142
       -0.01142  -0.01128  -0.01128  -0.01123  -0.01123  -0.01114  -0.01109  -0.01108  -0.01072
       -0.01071  -0.01071  -0.01050  -0.01038  -0.01037  -0.01025  -0.01024  -0.01013  -0.01008
       -0.01008  -0.01007  -0.01007  -0.00990  -0.00990  -0.00975  -0.00975  -0.00958  -0.00957
       -0.00956  -0.00946  -0.00946  -0.00936  -0.00936  -0.00931  -0.00914  -0.00913  -0.00908
       -0.00907  -0.00891  -0.00891  -0.00888  -0.00887  -0.00876  -0.00876  -0.00856  -0.00855
       -0.00854  -0.00853  -0.00853  -0.00843  -0.00837  -0.00837  -0.00832  -0.00831  -0.00797
       -0.00797  -0.00795  -0.00786  -0.00784  -0.00779  -0.00778  -0.00769  -0.00769  -0.00763
       -0.00761  -0.00759  -0.00759  -0.00758  -0.00757  -0.00753  -0.00752  -0.00736  -0.00735
       -0.00731  -0.00721  -0.00719  -0.00707  -0.00706  -0.00703  -0.00703  -0.00702  -0.00701
       -0.00698  -0.00697  -0.00692  -0.00687  -0.00686  -0.00685  -0.00684  -0.00677  -0.00676
       -0.00673  -0.00672  -0.00671  -0.00664  -0.00663  -0.00661  -0.00660  -0.00659  -0.00647
       -0.00646  -0.00638  -0.00621  -0.00619  -0.00617  -0.00616  -0.00614  -0.00610  -0.00610
       -0.00606  -0.00605  -0.00604  -0.00603  -0.00596  -0.00592  -0.00592  -0.00592  -0.00590
       -0.00589  -0.00586  -0.00585  -0.00584  -0.00583  -0.00582  -0.00582  -0.00569  -0.00567
       -0.00566  -0.00565  -0.00559  -0.00558  -0.00547  -0.00546  -0.00546  -0.00545  -0.00544
       -0.00544  -0.00542  -0.00540  -0.00537  -0.00535  -0.00528  -0.00527  -0.00523  -0.00521
       -0.00517  -0.00516  -0.00515  -0.00513  -0.00512  -0.00508  -0.00506  -0.00499  -0.00496
       -0.00495  -0.00491  -0.00489  -0.00486  -0.00484  -0.00481  -0.00480  -0.00480  -0.00475
       -0.00474  -0.00472  -0.00467  -0.00466  -0.00466  -0.00465  -0.00463  -0.00462  -0.00459
       -0.00458  -0.00458  -0.00455  -0.00454  -0.00453  -0.00452  -0.00449  -0.00447  -0.00446
       -0.00442  -0.00439  -0.00437  -0.00436  -0.00436  -0.00434  -0.00434  -0.00432  -0.00431
       -0.00430  -0.00429  -0.00428  -0.00426  -0.00423  -0.00423  -0.00422  -0.00421  -0.00420
       -0.00419  -0.00416  -0.00415  -0.00413  -0.00412  -0.00411  -0.00409  -0.00408  -0.00407
       -0.00406  -0.00400  -0.00400  -0.00398  -0.00397  -0.00392  -0.00391  -0.00389  -0.00387
       -0.00385  -0.00382  -0.00380  -0.00378  -0.00376  -0.00373  -0.00373  -0.00371  -0.00370
       -0.00368  -0.00365  -0.00364  -0.00363  -0.00362  -0.00361  -0.00360  -0.00359  -0.00358
       -0.00357  -0.00357  -0.00355  -0.00354  -0.00353  -0.00351  -0.00350  -0.00349  -0.00348
       -0.00346  -0.00344  -0.00343  -0.00342  -0.00341  -0.00339  -0.00339  -0.00336  -0.00334
       -0.00333  -0.00330  -0.00330  -0.00329  -0.00328  -0.00326  -0.00325  -0.00324  -0.00323
       -0.00322  -0.00320  -0.00319  -0.00318  -0.00317  -0.00316  -0.00315  -0.00314  -0.00313
       -0.00312  -0.00311  -0.00309  -0.00308  -0.00308  -0.00307  -0.00305  -0.00303  -0.00302
       -0.00301  -0.00300  -0.00299  -0.00296  -0.00295  -0.00294  -0.00293  -0.00292  -0.00291
       -0.00290  -0.00289  -0.00287  -0.00286  -0.00285  -0.00283  -0.00283  -0.00283  -0.00281
       -0.00280  -0.00280  -0.00279  -0.00278  -0.00277  -0.00276  -0.00275  -0.00274  -0.00273
       -0.00272  -0.00271  -0.00271  -0.00269  -0.00268
        
     --------------------------------------------------------------------------------------------
     Tot. elapsed time 09m-51.3s,  time spent in last iteration 03m-50.7s
     --------------------------------------------------------------------------------------------

     [I/O] -------------------------------------------------------
     [I/O] RESTART written in < 00.1s             
     [I/O] In location   : ./c2h2_500.wstat.restart
     [I/O] -------------------------------------------------------

                       *----------*              *----------*               *----------*
     #     Iteration = |        2 |   DFPT_dim = |      363 |   Diago_dim = |     1363 |
                       *----------*              *----------*               *----------*
     per-process dynamical memory   182.0 Mb
  
       
     --------------------------------------------------------------------------------------------
     Sternheimer eq. solver... with threshold =   1.000000E-12           
     --------------------------------------------------------------------------------------------
     in progress... |#                   | 005% :               08.3s (E)           02m-47.1s (X)
     in progress... |##                  | 010% :               16.4s (E)           02m-44.9s (X)
     in progress... |###                 | 015% :               24.7s (E)           02m-45.0s (X)
     in progress... |####                | 020% :               32.9s (E)           02m-44.7s (X)
     in progress... |#####               | 025% :               41.1s (E)           02m-44.7s (X)
     in progress... |######              | 030% :               49.4s (E)           02m-44.6s (X)
     in progress... |#######             | 035% :               53.4s (E)           02m-32.8s (X)
     in progress... |########            | 040% :           01m-01.6s (E)           02m-34.1s (X)
     in progress... |#########           | 045% :           01m-09.8s (E)           02m-35.2s (X)
     in progress... |##########          | 050% :           01m-18.0s (E)           02m-36.1s (X)
     in progress... |###########         | 055% :           01m-26.2s (E)           02m-36.8s (X)
     in progress... |############        | 060% :           01m-34.4s (E)           02m-37.4s (X)
     in progress... |#############       | 065% :           01m-42.6s (E)           02m-37.8s (X)
     in progress... |##############      | 070% :           01m-46.6s (E)           02m-32.3s (X)
     in progress... |###############     | 075% :           01m-54.7s (E)           02m-33.0s (X)
     in progress... |################    | 080% :           02m-02.9s (E)           02m-33.6s (X)
     in progress... |#################   | 085% :           02m-11.0s (E)           02m-34.2s (X)
     in progress... |##################  | 090% :           02m-19.2s (E)           02m-34.6s (X)
     in progress... |################### | 095% :           02m-27.3s (E)           02m-35.0s (X)
     in progress... |####################| 100% :           02m-31.4s (E)           02m-31.4s (X)
     --------------------------------------------------------------------------------------------
     p-DIAGOX done in 01.0s with a SCALAPACK grid (12x12)
     --------------------------------------------------------------------------------------------
        
       -4.03467  -1.54800  -0.96707  -0.96707  -0.80500  -0.80499  -0.73195  -0.60002  -0.53587
       -0.51328  -0.51327  -0.42103  -0.35945  -0.35945  -0.34589  -0.34588  -0.34053  -0.32565
       -0.32565  -0.28025  -0.25085  -0.25084  -0.22871  -0.21321  -0.21321  -0.16700  -0.16700
       -0.16175  -0.16175  -0.15092  -0.15087  -0.13987  -0.13665  -0.13356  -0.13352  -0.12905
       -0.12905  -0.12243  -0.10666  -0.10666  -0.09793  -0.09645  -0.09644  -0.09169  -0.09169
       -0.08159  -0.07522  -0.07434  -0.07433  -0.06523  -0.06523  -0.06521  -0.06521  -0.06358
       -0.06358  -0.06018  -0.05764  -0.05764  -0.05692  -0.05692  -0.05586  -0.05586  -0.05427
       -0.05327  -0.05327  -0.05326  -0.04690  -0.04690  -0.04619  -0.04420  -0.04420  -0.04412
       -0.04412  -0.04043  -0.03996  -0.03994  -0.03874  -0.03874  -0.03865  -0.03865  -0.03773
       -0.03708  -0.03708  -0.03412  -0.03411  -0.03410  -0.03410  -0.03409  -0.03128  -0.03128
       -0.03094  -0.03094  -0.03031  -0.03031  -0.02946  -0.02868  -0.02868  -0.02850  -0.02850
       -0.02817  -0.02736  -0.02736  -0.02567  -0.02567  -0.02554  -0.02534  -0.02534  -0.02451
       -0.02451  -0.02412  -0.02322  -0.02322  -0.02320  -0.02265  -0.02265  -0.02244  -0.02244
       -0.02187  -0.02187  -0.02116  -0.02116  -0.02082  -0.02082  -0.02080  -0.02080  -0.02025
       -0.02025  -0.01947  -0.01939  -0.01939  -0.01910  -0.01858  -0.01858  -0.01810  -0.01810
       -0.01803  -0.01794  -0.01794  -0.01780  -0.01780  -0.01753  -0.01753  -0.01691  -0.01690
       -0.01674  -0.01674  -0.01629  -0.01596  -0.01594  -0.01594  -0.01551  -0.01551  -0.01521
       -0.01521  -0.01500  -0.01500  -0.01498  -0.01498  -0.01489  -0.01441  -0.01441  -0.01387
       -0.01387  -0.01378  -0.01356  -0.01333  -0.01333  -0.01332  -0.01332  -0.01326  -0.01326
       -0.01319  -0.01319  -0.01301  -0.01301  -0.01276  -0.01276  -0.01247  -0.01211  -0.01211
       -0.01206  -0.01206  -0.01189  -0.01189  -0.01182  -0.01182  -0.01162  -0.01162  -0.01143
       -0.01143  -0.01129  -0.01129  -0.01124  -0.01124  -0.01116  -0.01109  -0.01109  -0.01073
       -0.01072  -0.01072  -0.01052  -0.01039  -0.01039  -0.01027  -0.01027  -0.01015  -0.01009
       -0.01009  -0.01008  -0.01008  -0.00991  -0.00991  -0.00977  -0.00977  -0.00961  -0.00958
       -0.00958  -0.00948  -0.00948  -0.00938  -0.00938  -0.00933  -0.00916  -0.00916  -0.00910
       -0.00910  -0.00893  -0.00893  -0.00889  -0.00889  -0.00878  -0.00878  -0.00858  -0.00856
       -0.00856  -0.00855  -0.00855  -0.00845  -0.00839  -0.00839  -0.00834  -0.00834  -0.00799
       -0.00799  -0.00799  -0.00789  -0.00789  -0.00782  -0.00782  -0.00772  -0.00772  -0.00767
       -0.00767  -0.00763  -0.00763  -0.00760  -0.00760  -0.00755  -0.00755  -0.00739  -0.00739
       -0.00739  -0.00724  -0.00724  -0.00711  -0.00711  -0.00706  -0.00706  -0.00704  -0.00704
       -0.00702  -0.00702  -0.00698  -0.00691  -0.00691  -0.00689  -0.00689  -0.00681  -0.00681
       -0.00678  -0.00676  -0.00676  -0.00668  -0.00668  -0.00665  -0.00665  -0.00665  -0.00651
       -0.00651  -0.00643  -0.00632  -0.00626  -0.00626  -0.00623  -0.00623  -0.00615  -0.00615
       -0.00614  -0.00614  -0.00610  -0.00610  -0.00605  -0.00605  -0.00600  -0.00600  -0.00595
       -0.00595  -0.00594  -0.00594  -0.00589  -0.00589  -0.00588  -0.00588  -0.00583  -0.00577
       -0.00577  -0.00576  -0.00565  -0.00565  -0.00554  -0.00554  -0.00552  -0.00552  -0.00551
       -0.00551  -0.00551  -0.00551  -0.00544  -0.00544  -0.00538  -0.00538  -0.00530  -0.00530
       -0.00525  -0.00523  -0.00523  -0.00521  -0.00521  -0.00516  -0.00516  -0.00510  -0.00504
       -0.00504  -0.00502  -0.00502  -0.00501  -0.00500  -0.00498  -0.00490  -0.00489  -0.00489
       -0.00486  -0.00486  -0.00484  -0.00484  -0.00478  -0.00478  -0.00475  -0.00474  -0.00470
       -0.00470  -0.00466  -0.00465  -0.00465  -0.00465  -0.00465  -0.00463  -0.00462  -0.00458
       -0.00458  -0.00452  -0.00449  -0.00448  -0.00448  -0.00448  -0.00448  -0.00446  -0.00446
       -0.00446  -0.00446  -0.00445  -0.00444  -0.00438  -0.00438  -0.00434  -0.00434  -0.00434
       -0.00434  -0.00433  -0.00433  -0.00433  -0.00433  -0.00428  -0.00425  -0.00425  -0.00423
       -0.00423  -0.00416  -0.00416  -0.00415  -0.00415  -0.00409  -0.00409  -0.00404  -0.00404
       -0.00404  -0.00401  -0.00400  -0.00395  -0.00394  -0.00394  -0.00394  -0.00389  -0.00389
       -0.00388  -0.00388  -0.00386  -0.00386  -0.00386  -0.00385  -0.00383  -0.00383  -0.00377
       -0.00377  -0.00376  -0.00376  -0.00375  -0.00375  -0.00373  -0.00373  -0.00371  -0.00371
       -0.00371  -0.00370  -0.00368  -0.00368  -0.00362  -0.00362  -0.00361  -0.00360  -0.00353
       -0.00353  -0.00352  -0.00352  -0.00352  -0.00350  -0.00350  -0.00349  -0.00349  -0.00347
       -0.00346  -0.00343  -0.00342  -0.00342  -0.00342  -0.00336  -0.00336  -0.00336  -0.00336
       -0.00335  -0.00335  -0.00334  -0.00334  -0.00333  -0.00333  -0.00332  -0.00329  -0.00329
       -0.00329  -0.00329  -0.00321  -0.00321  -0.00321  -0.00320  -0.00320  -0.00316  -0.00316
       -0.00316  -0.00316  -0.00315  -0.00315  -0.00315  -0.00312  -0.00312  -0.00309  -0.00309
       -0.00308  -0.00306  -0.00306  -0.00305  -0.00305  -0.00303  -0.00303  -0.00302  -0.00302
       -0.00301  -0.00301  -0.00299  -0.00299  -0.00298
        
     --------------------------------------------------------------------------------------------
     Tot. elapsed time 15m-57.0s,  time spent in last iteration 02m-52.3s
     --------------------------------------------------------------------------------------------

     [I/O] -------------------------------------------------------
     [I/O] RESTART written in < 00.1s             
     [I/O] In location   : ./c2h2_500.wstat.restart
     [I/O] -------------------------------------------------------

                       *----------*              *----------*               *----------*
     #     Iteration = |        3 |   DFPT_dim = |       12 |   Diago_dim = |     1375 |
                       *----------*              *----------*               *----------*
     per-process dynamical memory   182.0 Mb
  
       
     --------------------------------------------------------------------------------------------
     Sternheimer eq. solver... with threshold =   1.000000E-12           
     --------------------------------------------------------------------------------------------
     in progress... |####################| 100% :               04.0s (E)               04.0s (X)
     --------------------------------------------------------------------------------------------
     p-DIAGOX done in 00.8s with a SCALAPACK grid (12x12)
     --------------------------------------------------------------------------------------------
        
       -4.03467  -1.54800  -0.96707  -0.96707  -0.80500  -0.80499  -0.73195  -0.60002  -0.53587
       -0.51328  -0.51327  -0.42103  -0.35945  -0.35945  -0.34589  -0.34588  -0.34053  -0.32565
       -0.32565  -0.28025  -0.25085  -0.25084  -0.22871  -0.21321  -0.21321  -0.16700  -0.16700
       -0.16175  -0.16175  -0.15092  -0.15087  -0.13987  -0.13665  -0.13356  -0.13352  -0.12905
       -0.12905  -0.12243  -0.10666  -0.10666  -0.09793  -0.09645  -0.09644  -0.09169  -0.09169
       -0.08159  -0.07522  -0.07434  -0.07433  -0.06523  -0.06523  -0.06521  -0.06521  -0.06358
       -0.06358  -0.06018  -0.05764  -0.05764  -0.05692  -0.05692  -0.05586  -0.05586  -0.05427
       -0.05327  -0.05327  -0.05326  -0.04690  -0.04690  -0.04619  -0.04420  -0.04420  -0.04412
       -0.04412  -0.04043  -0.03996  -0.03994  -0.03874  -0.03874  -0.03865  -0.03865  -0.03773
       -0.03708  -0.03708  -0.03412  -0.03411  -0.03410  -0.03410  -0.03409  -0.03128  -0.03128
       -0.03094  -0.03094  -0.03031  -0.03031  -0.02946  -0.02868  -0.02868  -0.02850  -0.02850
       -0.02817  -0.02736  -0.02736  -0.02567  -0.02567  -0.02554  -0.02534  -0.02534  -0.02451
       -0.02451  -0.02412  -0.02322  -0.02322  -0.02320  -0.02265  -0.02265  -0.02244  -0.02244
       -0.02187  -0.02187  -0.02116  -0.02116  -0.02082  -0.02082  -0.02080  -0.02080  -0.02025
       -0.02025  -0.01947  -0.01939  -0.01939  -0.01910  -0.01858  -0.01858  -0.01810  -0.01810
       -0.01803  -0.01794  -0.01794  -0.01780  -0.01780  -0.01753  -0.01753  -0.01691  -0.01690
       -0.01674  -0.01674  -0.01629  -0.01596  -0.01594  -0.01594  -0.01551  -0.01551  -0.01521
       -0.01521  -0.01500  -0.01500  -0.01498  -0.01498  -0.01489  -0.01441  -0.01441  -0.01387
       -0.01387  -0.01378  -0.01356  -0.01333  -0.01333  -0.01332  -0.01332  -0.01326  -0.01326
       -0.01319  -0.01319  -0.01301  -0.01301  -0.01276  -0.01276  -0.01247  -0.01211  -0.01211
       -0.01206  -0.01206  -0.01189  -0.01189  -0.01182  -0.01182  -0.01162  -0.01162  -0.01143
       -0.01143  -0.01129  -0.01129  -0.01124  -0.01124  -0.01116  -0.01109  -0.01109  -0.01073
       -0.01072  -0.01072  -0.01052  -0.01039  -0.01039  -0.01027  -0.01027  -0.01015  -0.01009
       -0.01009  -0.01008  -0.01008  -0.00991  -0.00991  -0.00977  -0.00977  -0.00961  -0.00958
       -0.00958  -0.00948  -0.00948  -0.00938  -0.00938  -0.00933  -0.00916  -0.00916  -0.00910
       -0.00910  -0.00893  -0.00893  -0.00889  -0.00889  -0.00878  -0.00878  -0.00858  -0.00856
       -0.00856  -0.00855  -0.00855  -0.00845  -0.00839  -0.00839  -0.00834  -0.00834  -0.00799
       -0.00799  -0.00799  -0.00789  -0.00789  -0.00782  -0.00782  -0.00772  -0.00772  -0.00767
       -0.00767  -0.00763  -0.00763  -0.00760  -0.00760  -0.00755  -0.00755  -0.00739  -0.00739
       -0.00739  -0.00724  -0.00724  -0.00711  -0.00711  -0.00706  -0.00706  -0.00704  -0.00704
       -0.00702  -0.00702  -0.00698  -0.00691  -0.00691  -0.00689  -0.00689  -0.00681  -0.00681
       -0.00679  -0.00676  -0.00676  -0.00668  -0.00668  -0.00665  -0.00665  -0.00665  -0.00651
       -0.00651  -0.00643  -0.00632  -0.00626  -0.00626  -0.00623  -0.00623  -0.00615  -0.00615
       -0.00614  -0.00614  -0.00610  -0.00610  -0.00605  -0.00605  -0.00600  -0.00600  -0.00595
       -0.00595  -0.00594  -0.00594  -0.00589  -0.00589  -0.00588  -0.00588  -0.00583  -0.00577
       -0.00577  -0.00576  -0.00565  -0.00565  -0.00554  -0.00554  -0.00552  -0.00552  -0.00551
       -0.00551  -0.00551  -0.00551  -0.00544  -0.00544  -0.00538  -0.00538  -0.00530  -0.00530
       -0.00525  -0.00523  -0.00523  -0.00521  -0.00521  -0.00516  -0.00516  -0.00510  -0.00504
       -0.00504  -0.00502  -0.00502  -0.00501  -0.00500  -0.00498  -0.00490  -0.00489  -0.00489
       -0.00486  -0.00486  -0.00485  -0.00485  -0.00478  -0.00478  -0.00475  -0.00474  -0.00470
       -0.00470  -0.00466  -0.00465  -0.00465  -0.00465  -0.00465  -0.00463  -0.00462  -0.00458
       -0.00458  -0.00452  -0.00449  -0.00448  -0.00448  -0.00448  -0.00448  -0.00446  -0.00446
       -0.00446  -0.00446  -0.00445  -0.00444  -0.00438  -0.00438  -0.00434  -0.00434  -0.00434
       -0.00434  -0.00433  -0.00433  -0.00433  -0.00433  -0.00428  -0.00425  -0.00425  -0.00423
       -0.00423  -0.00416  -0.00416  -0.00415  -0.00415  -0.00409  -0.00409  -0.00404  -0.00404
       -0.00404  -0.00401  -0.00401  -0.00395  -0.00394  -0.00394  -0.00394  -0.00389  -0.00389
       -0.00388  -0.00388  -0.00386  -0.00386  -0.00386  -0.00386  -0.00383  -0.00383  -0.00377
       -0.00377  -0.00376  -0.00376  -0.00376  -0.00375  -0.00373  -0.00373  -0.00371  -0.00371
       -0.00371  -0.00370  -0.00368  -0.00368  -0.00362  -0.00362  -0.00361  -0.00360  -0.00353
       -0.00353  -0.00353  -0.00352  -0.00352  -0.00350  -0.00350  -0.00349  -0.00349  -0.00347
       -0.00347  -0.00343  -0.00343  -0.00342  -0.00342  -0.00336  -0.00336  -0.00336  -0.00336
       -0.00335  -0.00335  -0.00334  -0.00334  -0.00333  -0.00333  -0.00332  -0.00329  -0.00329
       -0.00329  -0.00329  -0.00321  -0.00321  -0.00321  -0.00321  -0.00320  -0.00318  -0.00317
       -0.00316  -0.00316  -0.00316  -0.00316  -0.00316  -0.00316  -0.00315  -0.00312  -0.00309
       -0.00308  -0.00306  -0.00306  -0.00306  -0.00306  -0.00305  -0.00305  -0.00304  -0.00304
       -0.00303  -0.00303  -0.00301  -0.00300  -0.00300
        
     --------------------------------------------------------------------------------------------
     Tot. elapsed time 20m-42.8s,  time spent in last iteration 15.7s
     --------------------------------------------------------------------------------------------
      
     --------------------------------------------------------------------------------------------
     Database written in 46.5s               
     In location : ./c2h2_500.wstat.save
     --------------------------------------------------------------------------------------------
       
     --------------------------------------------------------------------------------------------
     Convergence achieved !!! in        3 steps                          
     --------------------------------------------------------------------------------------------
 
     WSTAT        : 13m 4.79s CPU    22m21.42s WALL

     wstat_readin :      5.92s CPU     40.19s WALL (       1 calls)
     fetch_nml    :      0.00s CPU      0.00s WALL (       1 calls)
     read_xml     :      1.37s CPU      1.88s WALL (       1 calls)
     init_vloc    :      0.11s CPU      0.11s WALL (       2 calls)
     fft          :      0.34s CPU      0.43s WALL (      11 calls)
     fft_scatter  :     83.43s CPU     84.35s WALL (   26183 calls)
     v_of_rho     :      0.35s CPU      0.37s WALL (       1 calls)
     v_xc         :      0.31s CPU      0.33s WALL (       1 calls)
     v_h          :      0.04s CPU      0.04s WALL (       1 calls)
     read_wave    :      4.54s CPU     38.30s WALL (       1 calls)
     davcio       :      0.00s CPU      0.13s WALL (       2 calls)
     init_us_1    :      0.01s CPU      0.01s WALL (       2 calls)
     do_setup     :      0.18s CPU      0.20s WALL (       1 calls)
     init_pw_ar   :      0.17s CPU      0.19s WALL (       1 calls)
     init_at_1    :      0.00s CPU      0.00s WALL (       1 calls)
     storesqvc    :      0.00s CPU      0.00s WALL (       1 calls)
     chidiago     :    778.65s CPU   1300.98s WALL (       1 calls)
     randomize    :      1.14s CPU      1.16s WALL (       1 calls)
     paramgs      :     16.11s CPU     16.32s WALL (       5 calls)
     dfpt         :    529.04s CPU    533.50s WALL (       5 calls)
     init_us_2    :      0.02s CPU      0.02s WALL (       5 calls)
     fftw         :    393.69s CPU    396.82s WALL (   26172 calls)
     alphapc      :      0.30s CPU      0.29s WALL (     188 calls)
     wstat_restar :    183.70s CPU    660.21s WALL (       4 calls)
     linstern     :    464.62s CPU    468.44s WALL (     138 calls)
     stern        :    453.86s CPU    457.49s WALL (    4398 calls)
     h_psi_bgrp   :    448.47s CPU    452.19s WALL (    4398 calls)
     h_psi        :    448.47s CPU    452.18s WALL (    4398 calls)
     h_psi:pot    :    447.07s CPU    450.81s WALL (    4398 calls)
     vloc_psi     :    425.77s CPU    429.29s WALL (    4398 calls)
     h_psi:calbec :     13.49s CPU     12.19s WALL (    4398 calls)
     calbec       :     13.48s CPU     12.18s WALL (    4398 calls)
     add_vuspsi   :      7.77s CPU      9.29s WALL (    4398 calls)
     alphapv      :      3.71s CPU      3.61s WALL (    4398 calls)
     build_hr     :      8.55s CPU      9.54s WALL (       4 calls)
     diagox       :      3.26s CPU      3.36s WALL (       4 calls)
     redistr_vr   :      0.42s CPU      0.44s WALL (       3 calls)
     update_vr    :     14.73s CPU     16.43s WALL (       3 calls)
     symm_hr      :      0.42s CPU      0.44s WALL (       3 calls)
     chidiago:las :      0.00s CPU      0.00s WALL (       1 calls)
     refresh_vr   :      6.35s CPU      6.67s WALL (       1 calls)
     pdep_db      :     13.91s CPU     46.59s WALL (       1 calls)
 
     WSTAT        : 13m 4.79s CPU    22m21.42s WALL

 
   This run was terminated on:  14:34:30  27Sep2019            

=------------------------------------------------------------------------------=
   JOB DONE.
=------------------------------------------------------------------------------=
