
     Program WSTAT v. 2.0.0 starts on 27Sep2019 at 13:34:47 

     This program is part of the open-source West suite
     for massively parallel calculations of excited states in materials; please cite
         "M. Govoni et al., J. Chem. Theory Comput. 11, 2680 (2015);
          URL http://www.west-code.org", 
     in publications or presentations arising from this work.

     Based on the Quantum ESPRESSO v. 6.1 svn rev. 13369
       
     --------------------------------------------------------------------------------------------
     **MPI** Parallelization Status                                      
     --------------------------------------------------------------------------------------------
                   160                  10             1             1            16
     --------------------------------------------------------------------------------------------
                     N         =         I      X      P      X      B      X      Z
                     ^                   ^             ^             ^             ^
                     |                   |             |             |             |
                   #rnk                  |             |             |             |
                                      #image           |             |             |
                                                     #pool           |             |
                                                                   #bgrp           |
                                                                                 #R&G
     --------------------------------------------------------------------------------------------
     #prc =          160
     --------------------------------------------------------------------------------------------
       
     --------------------------------------------------------------------------------------------
     I/O Summary : input_west                                            
     --------------------------------------------------------------------------------------------
     qe_prefix      = c2h2
     west_prefix    = c2h2
     outdir         = ./
     --------------------------------------------------------------------------------------------
       
     --------------------------------------------------------------------------------------------
     I/O Summary : wstat_control                                         
     --------------------------------------------------------------------------------------------
     wstat_calculation              =              S
     n_pdep_eigen                   =             20
     n_kin_pdep_eigen               =            400
     n_lindhard_eigen               =              0
     n_pdep_times                   =              4
     n_pdep_maxiter                 =            100
     n_dfpt_maxiter                 =            250
     n_pdep_read_from_file          =              0
     trev_pdep                      =   1.000000E-03
     trev_pdep_rel                  =   1.000000E-01
     tr2_dfpt                       =   1.000000E-12
     l_kinetic_only                 =              F
     l_minimize_exx_if_active       =              F
     l_use_ecutrho                  =              F
     l_pure_eigen                   =              F
     --------------------------------------------------------------------------------------------

     Reading data from directory:
     ./c2h2.save

   Info: using nr1, nr2, nr3 values from input

   Info: using nr1, nr2, nr3 values from input

     IMPORTANT: XC functional enforced from input :
     Exchange-correlation      = PBE ( 1  4  3  4 0 0)
     Any further DFT definition will be discarded
     Please, verify this is what you really want

     Message from routine readpp:
     file ./c2h2.save/C_ONCV_PBE-1.0.upf not found
     Message from routine readpp:
     file ./c2h2.save/H_ONCV_PBE-1.0.upf not found
 
     Parallelization info
     --------------------
     sticks:   dense  smooth     PW     G-vecs:    dense   smooth      PW
     Min        1520    1520    379               178660   178660   22323
     Max        1522    1522    384               178666   178666   22328
     Sum       24345   24345   6093              2858633  2858633  357213
 
       
     --------------------------------------------------------------------------------------------
     System Overview                                                     
     --------------------------------------------------------------------------------------------
     gamma_only           =              T
     ecutwfc [Ry]         =      85.000000
     omega [au^3]         =   2.700000E+04
     glob. #G             =         178607
     nbnd                 =            100
     nkstot               =              1
     nspin                =              1
     nelec                =      10.000000
     npol                 =              1
     lsda                 =              F
     noncolin             =              F
     lspinorb             =              F
     domag                =              F
     --------------------------------------------------------------------------------------------

     sFFT G-space:  1429317 G-vectors     R-space: ( 180, 180, 180)
     dFFT G-space:  1429317 G-vectors     R-space: ( 180, 180, 180)

     Cell [a.u.]          =      30.000000      0.000000      0.000000
                          =       0.000000     30.000000      0.000000
                          =       0.000000      0.000000     30.000000
      
     number of ks points=     1
                       cart. coord. in units 2pi/alat
        k(    1) = (   0.0000000   0.0000000   0.0000000), wk =   2.0000000

                       cryst. coord.
        k(    1) = (   0.0000000   0.0000000   0.0000000), wk =   2.0000000
 
     Spherical div        =   1.654268E-01
     Orthorombic div      =   1.628502E-01
       
     --------------------------------------------------------------------------------------------
     Parallelization for nvecx                                           
     --------------------------------------------------------------------------------------------
     nglob                =             80
     nlevel               =             10
     Min nglob/nlevel     =              8
     Max nglob/nlevel     =              8
     --------------------------------------------------------------------------------------------

     [MEM] ----------------------------------------------------------
     [MEM] **Memory** analysis: QE
     [MEM] ----------------------------------------------------------
     [MEM] Allocated arrays           est. size (Mb)     dimensions
     [MEM] ----------------------------------------------------------
     [MEM] Kohn-Sham Wavefunctions      17.03 Mb     (  11164,  100)
     [MEM] NL pseudopotentials           3.41 Mb     (  11164,   20)
     [MEM] Each V/rho on FFT grid        5.93 Mb     ( 388800)
     [MEM] Each G-vector array           0.68 Mb     (  89333)
     [MEM] G-vector shells               0.05 Mb     (   6125)
     [MEM] ----------------------------------------------------------
     [MEM] TOT                          27.10 Mb
     [MEM] ----------------------------------------------------------
     [MEM] 
     [MEM] ----------------------------------------------------------
     [MEM] **Memory** analysis: WSTAT global
     [MEM] ----------------------------------------------------------
     [MEM] Allocated arrays           est. size (Mb)     dimensions
     [MEM] ----------------------------------------------------------
     [MEM] dvg                           1.36 Mb     (  11164,    8)
     [MEM] dng                           1.36 Mb     (  11164,    8)
     [MEM] hr_distr                      0.00 Mb     (     80,    8)
     [MEM] vr_distr                      0.00 Mb     (     80,    8)
     [MEM] ----------------------------------------------------------
     [MEM] TOT                           2.74 Mb
     [MEM] ----------------------------------------------------------
     [MEM] 
     [MEM] ----------------------------------------------------------
     [MEM] **Memory** analysis: WSTAT temporary
     [MEM] ----------------------------------------------------------
     [MEM] Allocated arrays           est. size (Mb)     dimensions
     [MEM] ----------------------------------------------------------
     [MEM] dvpsi                         0.85 Mb     (  11164,    5)
     [MEM] dpsi                          0.85 Mb     (  11164,    5)
     [MEM] ----------------------------------------------------------
     [MEM] Total estimate                1.70 Mb
     [MEM] ----------------------------------------------------------

                       *----------*              *----------*               *----------*
     #     Iteration = | starting |   DFPT_dim = |       20 |   Diago_dim = |       20 |  x 1/2
                       *----------*              *----------*               *----------*
     per-process dynamical memory   109.5 Mb
  
       
     --------------------------------------------------------------------------------------------
     Sternheimer eq. solver... with lite-solver                          
     --------------------------------------------------------------------------------------------
     in progress... |##########          | 050% :               00.2s (E)               00.5s (X)
     in progress... |####################| 100% :               00.5s (E)               00.5s (X)
     --------------------------------------------------------------------------------------------

     [I/O] -------------------------------------------------------
     [I/O] RESTART written in < 00.1s             
     [I/O] In location   : ./c2h2_20_400.wstat.restart
     [I/O] -------------------------------------------------------

                       *----------*              *----------*               *----------*
     #     Iteration = | starting |   DFPT_dim = |       20 |   Diago_dim = |       20 |  x 2/2
                       *----------*              *----------*               *----------*
     per-process dynamical memory   109.5 Mb
  
       
     --------------------------------------------------------------------------------------------
     Sternheimer eq. solver... with threshold =   1.000000E-06           
     --------------------------------------------------------------------------------------------
     in progress... |##########          | 050% :               03.0s (E)               06.1s (X)
     in progress... |####################| 100% :               06.1s (E)               06.1s (X)
     --------------------------------------------------------------------------------------------
     p-DIAGOX done in < 00.1s with a SCALAPACK grid (2x2)
     --------------------------------------------------------------------------------------------
        
       -3.89251  -1.13337  -0.93589  -0.92399  -0.70592  -0.67057  -0.63187  -0.46219  -0.36231
       -0.30844  -0.29047  -0.26406  -0.25632  -0.23621  -0.21240  -0.20813  -0.18120  -0.16989
       -0.14083  -0.05397
        
     --------------------------------------------------------------------------------------------
     Tot. elapsed time 10.6s,  time spent in last iteration 10.6s
     --------------------------------------------------------------------------------------------

     [I/O] -------------------------------------------------------
     [I/O] RESTART written in < 00.1s             
     [I/O] In location   : ./c2h2_20_400.wstat.restart
     [I/O] -------------------------------------------------------

                       *----------*              *----------*               *----------*
     #     Iteration = |        1 |   DFPT_dim = |       20 |   Diago_dim = |       40 |
                       *----------*              *----------*               *----------*
     per-process dynamical memory   109.5 Mb
  
       
     --------------------------------------------------------------------------------------------
     Sternheimer eq. solver... with threshold =   1.000000E-12           
     --------------------------------------------------------------------------------------------
     in progress... |##########          | 050% :               04.6s (E)               09.3s (X)
     in progress... |####################| 100% :               09.3s (E)               09.3s (X)
     --------------------------------------------------------------------------------------------
     p-DIAGOX done in < 00.1s with a SCALAPACK grid (2x2)
     --------------------------------------------------------------------------------------------
        
       -4.03460  -1.54613  -0.96687  -0.96678  -0.80393  -0.80097  -0.73063  -0.59173  -0.52594
       -0.50254  -0.47965  -0.35999  -0.34809  -0.34222  -0.33916  -0.32415  -0.31242  -0.28097
       -0.27205  -0.23480
        
     --------------------------------------------------------------------------------------------
     Tot. elapsed time 24.2s,  time spent in last iteration 09.9s
     --------------------------------------------------------------------------------------------

     [I/O] -------------------------------------------------------
     [I/O] RESTART written in < 00.1s             
     [I/O] In location   : ./c2h2_20_400.wstat.restart
     [I/O] -------------------------------------------------------

                       *----------*              *----------*               *----------*
     #     Iteration = |        2 |   DFPT_dim = |       20 |   Diago_dim = |       60 |
                       *----------*              *----------*               *----------*
     per-process dynamical memory   109.5 Mb
  
       
     --------------------------------------------------------------------------------------------
     Sternheimer eq. solver... with threshold =   1.000000E-12           
     --------------------------------------------------------------------------------------------
     in progress... |##########          | 050% :               04.7s (E)               09.5s (X)
     in progress... |####################| 100% :               09.4s (E)               09.4s (X)
     --------------------------------------------------------------------------------------------
     p-DIAGOX done in < 00.1s with a SCALAPACK grid (2x2)
     --------------------------------------------------------------------------------------------
        
       -4.03467  -1.54800  -0.96707  -0.96707  -0.80499  -0.80495  -0.73193  -0.59984  -0.53563
       -0.51317  -0.51200  -0.41733  -0.35921  -0.35758  -0.34575  -0.34323  -0.33793  -0.32529
       -0.32082  -0.27298
        
     --------------------------------------------------------------------------------------------
     Tot. elapsed time 42.3s,  time spent in last iteration 09.7s
     --------------------------------------------------------------------------------------------

     [I/O] -------------------------------------------------------
     [I/O] RESTART written in < 00.1s             
     [I/O] In location   : ./c2h2_20_400.wstat.restart
     [I/O] -------------------------------------------------------

                       *----------*              *----------*               *----------*
     #     Iteration = |        3 |   DFPT_dim = |       17 |   Diago_dim = |       77 |
                       *----------*              *----------*               *----------*
     per-process dynamical memory   109.5 Mb
  
       
     --------------------------------------------------------------------------------------------
     Sternheimer eq. solver... with threshold =   1.000000E-12           
     --------------------------------------------------------------------------------------------
     in progress... |##########          | 050% :               04.7s (E)               09.4s (X)
     in progress... |####################| 100% :               09.2s (E)               09.2s (X)
     --------------------------------------------------------------------------------------------
     p-DIAGOX done in < 00.1s with a SCALAPACK grid (2x2)
     --------------------------------------------------------------------------------------------
        
       -4.03467  -1.54801  -0.96707  -0.96707  -0.80500  -0.80499  -0.73194  -0.60002  -0.53587
       -0.51327  -0.51327  -0.42100  -0.35945  -0.35944  -0.34588  -0.34587  -0.34050  -0.32564
       -0.32562  -0.28015
        
     --------------------------------------------------------------------------------------------
     Tot. elapsed time 01m-03.4s,  time spent in last iteration 09.5s
     --------------------------------------------------------------------------------------------

       Refresh the basis set

     [I/O] -------------------------------------------------------
     [I/O] RESTART written in < 00.1s             
     [I/O] In location   : ./c2h2_20_400.wstat.restart
     [I/O] -------------------------------------------------------

                       *----------*              *----------*               *----------*
     #     Iteration = |        4 |   DFPT_dim = |        7 |   Diago_dim = |       27 |
                       *----------*              *----------*               *----------*
     per-process dynamical memory   109.5 Mb
  
       
     --------------------------------------------------------------------------------------------
     Sternheimer eq. solver... with threshold =   1.000000E-12           
     --------------------------------------------------------------------------------------------
     in progress... |####################| 100% :               04.5s (E)               04.5s (X)
     --------------------------------------------------------------------------------------------
     p-DIAGOX done in < 00.1s with a SCALAPACK grid (2x2)
     --------------------------------------------------------------------------------------------
        
       -4.03467  -1.54801  -0.96707  -0.96707  -0.80500  -0.80499  -0.73194  -0.60002  -0.53587
       -0.51328  -0.51327  -0.42103  -0.35945  -0.35945  -0.34589  -0.34588  -0.34053  -0.32565
       -0.32565  -0.28025
        
     --------------------------------------------------------------------------------------------
     Tot. elapsed time 01m-12.4s,  time spent in last iteration 04.8s
     --------------------------------------------------------------------------------------------
      
     --------------------------------------------------------------------------------------------
     Database written in 01.8s               
     In location : ./c2h2_20_400.wstat.save
     --------------------------------------------------------------------------------------------
       
     --------------------------------------------------------------------------------------------
     Convergence achieved !!! in        4 steps                          
     --------------------------------------------------------------------------------------------
       
     --------------------------------------------------------------------------------------------
     ** Now compute kinetic eigenpotentials **                           
     --------------------------------------------------------------------------------------------
       
     --------------------------------------------------------------------------------------------
     Parallelization for newnvecx                                        
     --------------------------------------------------------------------------------------------
     nglob                =           1600
     nlevel               =             10
     Min nglob/nlevel     =            160
     Max nglob/nlevel     =            160
     --------------------------------------------------------------------------------------------
       
     --------------------------------------------------------------------------------------------
     Parallelization for merge_nvecx                                     
     --------------------------------------------------------------------------------------------
     nglob                =           1680
     nlevel               =             10
     Min nglob/nlevel     =            168
     Max nglob/nlevel     =            168
     --------------------------------------------------------------------------------------------

                       *----------*              *----------*               *----------*
     #     Iteration = | starting |   DFPT_dim = |      400 |   Diago_dim = |      400 |  x 1/2
                       *----------*              *----------*               *----------*
       
     --------------------------------------------------------------------------------------------
     Applying projection operator formed by dvg                          
     --------------------------------------------------------------------------------------------
     per-process dynamical memory   207.0 Mb
  
       
     --------------------------------------------------------------------------------------------
     Sternheimer eq. solver... with lite-solver                          
     --------------------------------------------------------------------------------------------
     in progress... |#                   | 005% :               00.5s (E)               10.6s (X)
     in progress... |##                  | 010% :               01.0s (E)               10.5s (X)
     in progress... |###                 | 015% :               01.5s (E)               10.5s (X)
     in progress... |####                | 020% :               02.1s (E)               10.5s (X)
     in progress... |#####               | 025% :               02.6s (E)               10.5s (X)
     in progress... |######              | 030% :               03.1s (E)               10.5s (X)
     in progress... |#######             | 035% :               03.6s (E)               10.5s (X)
     in progress... |########            | 040% :               04.2s (E)               10.5s (X)
     in progress... |#########           | 045% :               04.7s (E)               10.4s (X)
     in progress... |##########          | 050% :               05.2s (E)               10.4s (X)
     in progress... |###########         | 055% :               05.7s (E)               10.4s (X)
     in progress... |############        | 060% :               06.2s (E)               10.4s (X)
     in progress... |#############       | 065% :               06.8s (E)               10.4s (X)
     in progress... |##############      | 070% :               07.3s (E)               10.4s (X)
     in progress... |###############     | 075% :               07.8s (E)               10.4s (X)
     in progress... |################    | 080% :               08.3s (E)               10.4s (X)
     in progress... |#################   | 085% :               08.9s (E)               10.4s (X)
     in progress... |##################  | 090% :               09.4s (E)               10.4s (X)
     in progress... |################### | 095% :               09.9s (E)               10.4s (X)
     in progress... |####################| 100% :               10.4s (E)               10.4s (X)
       
     --------------------------------------------------------------------------------------------
     Applying projection operator formed by dvg                          
     --------------------------------------------------------------------------------------------
     --------------------------------------------------------------------------------------------

     [I/O] -------------------------------------------------------
     [I/O] RESTART written in < 00.1s             
     [I/O] In location   : ./c2h2_20_400.wstat.restart
     [I/O] -------------------------------------------------------

                       *----------*              *----------*               *----------*
     #     Iteration = | starting |   DFPT_dim = |      400 |   Diago_dim = |      400 |  x 2/2
                       *----------*              *----------*               *----------*
       
     --------------------------------------------------------------------------------------------
     Applying projection operator formed by dvg                          
     --------------------------------------------------------------------------------------------
     per-process dynamical memory   207.0 Mb
  
       
     --------------------------------------------------------------------------------------------
     Sternheimer eq. solver... with threshold =   1.000000E-06           
     --------------------------------------------------------------------------------------------
     in progress... |#                   | 005% :               00.6s (E)               13.3s (X)
     in progress... |##                  | 010% :               01.3s (E)               13.3s (X)
     in progress... |###                 | 015% :               01.9s (E)               13.2s (X)
     in progress... |####                | 020% :               02.6s (E)               13.2s (X)
     in progress... |#####               | 025% :               03.3s (E)               13.2s (X)
     in progress... |######              | 030% :               03.9s (E)               13.2s (X)
     in progress... |#######             | 035% :               04.6s (E)               13.2s (X)
     in progress... |########            | 040% :               05.2s (E)               13.1s (X)
     in progress... |#########           | 045% :               05.9s (E)               13.1s (X)
     in progress... |##########          | 050% :               06.5s (E)               13.1s (X)
     in progress... |###########         | 055% :               07.2s (E)               13.1s (X)
     in progress... |############        | 060% :               07.8s (E)               13.1s (X)
     in progress... |#############       | 065% :               08.5s (E)               13.1s (X)
     in progress... |##############      | 070% :               09.1s (E)               13.1s (X)
     in progress... |###############     | 075% :               09.8s (E)               13.1s (X)
     in progress... |################    | 080% :               10.4s (E)               13.0s (X)
     in progress... |#################   | 085% :               11.1s (E)               13.0s (X)
     in progress... |##################  | 090% :               11.7s (E)               13.0s (X)
     in progress... |################### | 095% :               12.4s (E)               13.0s (X)
     in progress... |####################| 100% :               13.0s (E)               13.0s (X)
       
     --------------------------------------------------------------------------------------------
     Applying projection operator formed by dvg                          
     --------------------------------------------------------------------------------------------
     --------------------------------------------------------------------------------------------
     p-DIAGOX done in 00.7s with a SCALAPACK grid (12x12)
     --------------------------------------------------------------------------------------------
        
       -0.16721  -0.16698  -0.12861  -0.12535  -0.12511  -0.11320  -0.11276  -0.10778  -0.10720
       -0.10599  -0.10570  -0.10147  -0.09069  -0.08611  -0.08573  -0.08429  -0.08220  -0.08183
       -0.07533  -0.07517  -0.07082  -0.07028  -0.06824  -0.06798  -0.06642  -0.05954  -0.05618
       -0.05591  -0.05225  -0.05111  -0.05094  -0.05058  -0.05021  -0.04893  -0.04869  -0.04709
       -0.04703  -0.04569  -0.04562  -0.04557  -0.04546  -0.04542  -0.04272  -0.03868  -0.03860
       -0.03840  -0.03805  -0.03796  -0.03649  -0.03503  -0.03501  -0.03319  -0.03312  -0.03277
       -0.03259  -0.03195  -0.03192  -0.03128  -0.03126  -0.03119  -0.03101  -0.03076  -0.03006
       -0.02721  -0.02719  -0.02696  -0.02673  -0.02663  -0.02471  -0.02462  -0.02455  -0.02452
       -0.02440  -0.02431  -0.02393  -0.02388  -0.02357  -0.02352  -0.02342  -0.02320  -0.02303
       -0.02291  -0.02248  -0.02243  -0.02189  -0.02180  -0.02006  -0.01963  -0.01936  -0.01930
       -0.01921  -0.01916  -0.01907  -0.01856  -0.01848  -0.01846  -0.01819  -0.01772  -0.01764
       -0.01759  -0.01757  -0.01746  -0.01730  -0.01706  -0.01700  -0.01694  -0.01682  -0.01602
       -0.01595  -0.01589  -0.01565  -0.01558  -0.01547  -0.01524  -0.01502  -0.01471  -0.01442
       -0.01384  -0.01373  -0.01363  -0.01359  -0.01334  -0.01330  -0.01326  -0.01323  -0.01302
       -0.01285  -0.01274  -0.01267  -0.01260  -0.01257  -0.01243  -0.01229  -0.01228  -0.01223
       -0.01214  -0.01205  -0.01197  -0.01190  -0.01183  -0.01178  -0.01166  -0.01155  -0.01137
       -0.01131  -0.01103  -0.01100  -0.01087  -0.01069  -0.01043  -0.01022  -0.01017  -0.01003
       -0.00995  -0.00993  -0.00985  -0.00979  -0.00964  -0.00959  -0.00953  -0.00944  -0.00931
       -0.00927  -0.00910  -0.00908  -0.00902  -0.00894  -0.00888  -0.00884  -0.00878  -0.00870
       -0.00862  -0.00859  -0.00853  -0.00847  -0.00836  -0.00835  -0.00829  -0.00822  -0.00820
       -0.00808  -0.00801  -0.00797  -0.00784  -0.00776  -0.00766  -0.00753  -0.00742  -0.00734
       -0.00732  -0.00728  -0.00712  -0.00706  -0.00703  -0.00700  -0.00697  -0.00691  -0.00688
       -0.00676  -0.00670  -0.00667  -0.00666  -0.00661  -0.00655  -0.00652  -0.00649  -0.00644
       -0.00642  -0.00639  -0.00632  -0.00628  -0.00624  -0.00622  -0.00616  -0.00611  -0.00608
       -0.00604  -0.00592  -0.00587  -0.00583  -0.00579  -0.00577  -0.00568  -0.00563  -0.00560
       -0.00554  -0.00550  -0.00548  -0.00538  -0.00534  -0.00531  -0.00531  -0.00520  -0.00516
       -0.00511  -0.00509  -0.00501  -0.00498  -0.00495  -0.00488  -0.00487  -0.00482  -0.00478
       -0.00476  -0.00471  -0.00468  -0.00463  -0.00456  -0.00455  -0.00451  -0.00450  -0.00446
       -0.00442  -0.00440  -0.00438  -0.00433  -0.00431  -0.00427  -0.00427  -0.00422  -0.00419
       -0.00417  -0.00412  -0.00408  -0.00405  -0.00403  -0.00399  -0.00398  -0.00394  -0.00389
       -0.00385  -0.00382  -0.00381  -0.00375  -0.00373  -0.00367  -0.00367  -0.00363  -0.00361
       -0.00359  -0.00355  -0.00353  -0.00350  -0.00347  -0.00344  -0.00340  -0.00336  -0.00336
       -0.00334  -0.00328  -0.00327  -0.00322  -0.00320  -0.00318  -0.00317  -0.00315  -0.00314
       -0.00311  -0.00308  -0.00304  -0.00302  -0.00299  -0.00297  -0.00294  -0.00292  -0.00291
       -0.00289  -0.00286  -0.00285  -0.00282  -0.00281  -0.00275  -0.00273  -0.00272  -0.00270
       -0.00269  -0.00263  -0.00261  -0.00259  -0.00258  -0.00255  -0.00254  -0.00252  -0.00250
       -0.00248  -0.00247  -0.00244  -0.00242  -0.00239  -0.00238  -0.00236  -0.00233  -0.00228
       -0.00227  -0.00226  -0.00222  -0.00221  -0.00218  -0.00217  -0.00215  -0.00213  -0.00213
       -0.00211  -0.00208  -0.00205  -0.00203  -0.00203  -0.00200  -0.00196  -0.00196  -0.00193
       -0.00192  -0.00191  -0.00188  -0.00187  -0.00185  -0.00184  -0.00181  -0.00179  -0.00178
       -0.00174  -0.00171  -0.00171  -0.00169  -0.00166  -0.00163  -0.00162  -0.00160  -0.00159
       -0.00157  -0.00155  -0.00155  -0.00153  -0.00150  -0.00149  -0.00147  -0.00146  -0.00143
       -0.00142  -0.00140  -0.00138  -0.00137  -0.00134  -0.00133  -0.00132  -0.00130  -0.00130
       -0.00126  -0.00124  -0.00124  -0.00121  -0.00120  -0.00117  -0.00116  -0.00115  -0.00112
       -0.00111  -0.00107  -0.00106  -0.00101
        
     --------------------------------------------------------------------------------------------
     Tot. elapsed time 45.4s,  time spent in last iteration 45.4s
     --------------------------------------------------------------------------------------------

     [I/O] -------------------------------------------------------
     [I/O] RESTART written in < 00.1s             
     [I/O] In location   : ./c2h2_20_400.wstat.restart
     [I/O] -------------------------------------------------------

                       *----------*              *----------*               *----------*
     #     Iteration = |        1 |   DFPT_dim = |      400 |   Diago_dim = |      800 |
                       *----------*              *----------*               *----------*
       
     --------------------------------------------------------------------------------------------
     Applying projection operator formed by dvg                          
     --------------------------------------------------------------------------------------------
     per-process dynamical memory   191.7 Mb
  
       
     --------------------------------------------------------------------------------------------
     Sternheimer eq. solver... with threshold =   1.000000E-12           
     --------------------------------------------------------------------------------------------
     in progress... |#                   | 005% :               00.7s (E)               15.0s (X)
     in progress... |##                  | 010% :               01.4s (E)               14.9s (X)
     in progress... |###                 | 015% :               02.2s (E)               14.9s (X)
     in progress... |####                | 020% :               02.9s (E)               14.9s (X)
     in progress... |#####               | 025% :               03.7s (E)               14.9s (X)
     in progress... |######              | 030% :               04.4s (E)               14.9s (X)
     in progress... |#######             | 035% :               05.2s (E)               14.9s (X)
     in progress... |########            | 040% :               05.9s (E)               14.9s (X)
     in progress... |#########           | 045% :               06.7s (E)               14.9s (X)
     in progress... |##########          | 050% :               07.4s (E)               14.9s (X)
     in progress... |###########         | 055% :               08.2s (E)               14.9s (X)
     in progress... |############        | 060% :               08.9s (E)               14.9s (X)
     in progress... |#############       | 065% :               09.6s (E)               14.9s (X)
     in progress... |##############      | 070% :               10.4s (E)               14.8s (X)
     in progress... |###############     | 075% :               11.1s (E)               14.8s (X)
     in progress... |################    | 080% :               11.9s (E)               14.8s (X)
     in progress... |#################   | 085% :               12.6s (E)               14.8s (X)
     in progress... |##################  | 090% :               13.3s (E)               14.8s (X)
     in progress... |################### | 095% :               14.1s (E)               14.8s (X)
     in progress... |####################| 100% :               14.8s (E)               14.8s (X)
       
     --------------------------------------------------------------------------------------------
     Applying projection operator formed by dvg                          
     --------------------------------------------------------------------------------------------
     --------------------------------------------------------------------------------------------
     p-DIAGOX done in 00.4s with a SCALAPACK grid (12x12)
     --------------------------------------------------------------------------------------------
        
       -0.16727  -0.16704  -0.12894  -0.12538  -0.12516  -0.11322  -0.11279  -0.10784  -0.10726
       -0.10605  -0.10574  -0.10431  -0.09074  -0.08620  -0.08582  -0.08435  -0.08226  -0.08190
       -0.07538  -0.07522  -0.07088  -0.07033  -0.06830  -0.06805  -0.06663  -0.05959  -0.05633
       -0.05606  -0.05314  -0.05121  -0.05104  -0.05066  -0.05028  -0.04907  -0.04888  -0.04721
       -0.04713  -0.04582  -0.04577  -0.04574  -0.04568  -0.04557  -0.04388  -0.03904  -0.03895
       -0.03866  -0.03824  -0.03820  -0.03712  -0.03540  -0.03535  -0.03349  -0.03343  -0.03313
       -0.03297  -0.03224  -0.03221  -0.03153  -0.03152  -0.03148  -0.03135  -0.03124  -0.03041
       -0.02772  -0.02769  -0.02765  -0.02759  -0.02754  -0.02519  -0.02516  -0.02506  -0.02497
       -0.02492  -0.02484  -0.02435  -0.02433  -0.02417  -0.02402  -0.02396  -0.02387  -0.02353
       -0.02350  -0.02282  -0.02278  -0.02231  -0.02229  -0.02061  -0.02033  -0.02032  -0.01995
       -0.01993  -0.01984  -0.01966  -0.01964  -0.01944  -0.01935  -0.01931  -0.01840  -0.01838
       -0.01831  -0.01825  -0.01820  -0.01818  -0.01781  -0.01777  -0.01770  -0.01768  -0.01670
       -0.01666  -0.01652  -0.01649  -0.01638  -0.01620  -0.01617  -0.01567  -0.01565  -0.01540
       -0.01520  -0.01512  -0.01511  -0.01480  -0.01476  -0.01462  -0.01459  -0.01430  -0.01413
       -0.01411  -0.01404  -0.01373  -0.01370  -0.01350  -0.01349  -0.01341  -0.01338  -0.01334
       -0.01330  -0.01320  -0.01319  -0.01306  -0.01276  -0.01275  -0.01253  -0.01250  -0.01229
       -0.01227  -0.01207  -0.01206  -0.01191  -0.01181  -0.01180  -0.01165  -0.01163  -0.01163
       -0.01150  -0.01146  -0.01129  -0.01128  -0.01099  -0.01099  -0.01069  -0.01068  -0.01047
       -0.01043  -0.01042  -0.01041  -0.01039  -0.01038  -0.01036  -0.01025  -0.01024  -0.01018
       -0.01017  -0.01014  -0.01013  -0.00999  -0.00997  -0.00976  -0.00975  -0.00961  -0.00941
       -0.00925  -0.00924  -0.00917  -0.00916  -0.00914  -0.00913  -0.00900  -0.00899  -0.00898
       -0.00893  -0.00879  -0.00878  -0.00875  -0.00874  -0.00869  -0.00867  -0.00861  -0.00860
       -0.00844  -0.00838  -0.00835  -0.00833  -0.00820  -0.00819  -0.00806  -0.00803  -0.00802
       -0.00801  -0.00794  -0.00793  -0.00792  -0.00791  -0.00786  -0.00784  -0.00777  -0.00776
       -0.00767  -0.00764  -0.00751  -0.00746  -0.00742  -0.00741  -0.00729  -0.00726  -0.00720
       -0.00720  -0.00712  -0.00710  -0.00708  -0.00703  -0.00702  -0.00700  -0.00697  -0.00692
       -0.00691  -0.00685  -0.00684  -0.00679  -0.00674  -0.00658  -0.00656  -0.00654  -0.00651
       -0.00649  -0.00648  -0.00646  -0.00636  -0.00635  -0.00631  -0.00629  -0.00624  -0.00623
       -0.00622  -0.00621  -0.00619  -0.00617  -0.00615  -0.00615  -0.00611  -0.00610  -0.00608
       -0.00607  -0.00605  -0.00603  -0.00602  -0.00598  -0.00592  -0.00591  -0.00588  -0.00571
       -0.00568  -0.00560  -0.00558  -0.00557  -0.00556  -0.00552  -0.00551  -0.00549  -0.00547
       -0.00545  -0.00545  -0.00543  -0.00540  -0.00535  -0.00534  -0.00533  -0.00531  -0.00530
       -0.00528  -0.00525  -0.00522  -0.00519  -0.00518  -0.00513  -0.00512  -0.00511  -0.00508
       -0.00504  -0.00502  -0.00495  -0.00494  -0.00491  -0.00486  -0.00485  -0.00482  -0.00482
       -0.00481  -0.00478  -0.00477  -0.00475  -0.00474  -0.00473  -0.00472  -0.00469  -0.00468
       -0.00463  -0.00461  -0.00456  -0.00455  -0.00454  -0.00452  -0.00449  -0.00445  -0.00441
       -0.00437  -0.00436  -0.00434  -0.00430  -0.00428  -0.00427  -0.00426  -0.00421  -0.00421
       -0.00420  -0.00418  -0.00417  -0.00415  -0.00413  -0.00411  -0.00410  -0.00409  -0.00407
       -0.00405  -0.00404  -0.00401  -0.00400  -0.00398  -0.00397  -0.00393  -0.00393  -0.00391
       -0.00389  -0.00389  -0.00387  -0.00386  -0.00385  -0.00383  -0.00383  -0.00381  -0.00380
       -0.00380  -0.00377  -0.00375  -0.00373  -0.00371  -0.00370  -0.00367  -0.00366  -0.00365
       -0.00364  -0.00362  -0.00360  -0.00359  -0.00358  -0.00353  -0.00352  -0.00352  -0.00351
       -0.00348  -0.00346  -0.00343  -0.00342  -0.00342  -0.00340  -0.00339  -0.00336  -0.00336
       -0.00334  -0.00331  -0.00329  -0.00328  -0.00327  -0.00325  -0.00324  -0.00322  -0.00320
       -0.00319  -0.00318  -0.00316  -0.00315
        
     --------------------------------------------------------------------------------------------
     Tot. elapsed time 01m-26.4s,  time spent in last iteration 26.1s
     --------------------------------------------------------------------------------------------

     [I/O] -------------------------------------------------------
     [I/O] RESTART written in < 00.1s             
     [I/O] In location   : ./c2h2_20_400.wstat.restart
     [I/O] -------------------------------------------------------

                       *----------*              *----------*               *----------*
     #     Iteration = |        2 |   DFPT_dim = |      280 |   Diago_dim = |     1080 |
                       *----------*              *----------*               *----------*
       
     --------------------------------------------------------------------------------------------
     Applying projection operator formed by dvg                          
     --------------------------------------------------------------------------------------------
     per-process dynamical memory   189.6 Mb
  
       
     --------------------------------------------------------------------------------------------
     Sternheimer eq. solver... with threshold =   1.000000E-12           
     --------------------------------------------------------------------------------------------
     in progress... |#                   | 005% :               00.7s (E)               14.7s (X)
     in progress... |##                  | 010% :               01.1s (E)               11.0s (X)
     in progress... |###                 | 015% :               01.8s (E)               12.3s (X)
     in progress... |####                | 020% :               02.2s (E)               11.0s (X)
     in progress... |#####               | 025% :               02.5s (E)               10.3s (X)
     in progress... |######              | 030% :               03.3s (E)               11.0s (X)
     in progress... |#######             | 035% :               03.6s (E)               10.5s (X)
     in progress... |########            | 040% :               04.4s (E)               11.0s (X)
     in progress... |#########           | 045% :               04.8s (E)               10.6s (X)
     in progress... |##########          | 050% :               05.1s (E)               10.3s (X)
     in progress... |###########         | 055% :               05.9s (E)               10.7s (X)
     in progress... |############        | 060% :               06.2s (E)               10.4s (X)
     in progress... |#############       | 065% :               07.0s (E)               10.8s (X)
     in progress... |##############      | 070% :               07.4s (E)               10.5s (X)
     in progress... |###############     | 075% :               07.7s (E)               10.3s (X)
     in progress... |################    | 080% :               08.5s (E)               10.6s (X)
     in progress... |#################   | 085% :               08.8s (E)               10.4s (X)
     in progress... |##################  | 090% :               09.6s (E)               10.6s (X)
     in progress... |################### | 095% :               09.9s (E)               10.5s (X)
     in progress... |####################| 100% :               10.3s (E)               10.3s (X)
       
     --------------------------------------------------------------------------------------------
     Applying projection operator formed by dvg                          
     --------------------------------------------------------------------------------------------
     --------------------------------------------------------------------------------------------
     p-DIAGOX done in 00.5s with a SCALAPACK grid (12x12)
     --------------------------------------------------------------------------------------------
        
       -0.16727  -0.16704  -0.12894  -0.12538  -0.12516  -0.11322  -0.11279  -0.10784  -0.10726
       -0.10605  -0.10574  -0.10431  -0.09074  -0.08620  -0.08582  -0.08435  -0.08226  -0.08190
       -0.07538  -0.07522  -0.07088  -0.07033  -0.06830  -0.06805  -0.06663  -0.05959  -0.05633
       -0.05606  -0.05314  -0.05121  -0.05104  -0.05066  -0.05028  -0.04907  -0.04888  -0.04721
       -0.04713  -0.04582  -0.04577  -0.04574  -0.04568  -0.04557  -0.04388  -0.03904  -0.03895
       -0.03866  -0.03824  -0.03820  -0.03712  -0.03540  -0.03535  -0.03349  -0.03343  -0.03313
       -0.03297  -0.03224  -0.03221  -0.03153  -0.03152  -0.03148  -0.03135  -0.03124  -0.03041
       -0.02772  -0.02769  -0.02765  -0.02759  -0.02754  -0.02519  -0.02516  -0.02506  -0.02497
       -0.02492  -0.02484  -0.02435  -0.02433  -0.02417  -0.02402  -0.02396  -0.02387  -0.02353
       -0.02350  -0.02282  -0.02278  -0.02231  -0.02229  -0.02061  -0.02034  -0.02033  -0.01995
       -0.01993  -0.01984  -0.01966  -0.01964  -0.01945  -0.01935  -0.01931  -0.01840  -0.01838
       -0.01831  -0.01825  -0.01820  -0.01819  -0.01781  -0.01778  -0.01771  -0.01768  -0.01670
       -0.01666  -0.01652  -0.01650  -0.01639  -0.01620  -0.01618  -0.01567  -0.01565  -0.01541
       -0.01522  -0.01513  -0.01512  -0.01481  -0.01476  -0.01463  -0.01460  -0.01431  -0.01414
       -0.01412  -0.01406  -0.01374  -0.01372  -0.01351  -0.01350  -0.01342  -0.01339  -0.01336
       -0.01331  -0.01321  -0.01320  -0.01307  -0.01277  -0.01275  -0.01254  -0.01252  -0.01229
       -0.01227  -0.01208  -0.01207  -0.01193  -0.01182  -0.01181  -0.01167  -0.01166  -0.01166
       -0.01152  -0.01149  -0.01132  -0.01131  -0.01101  -0.01100  -0.01071  -0.01070  -0.01051
       -0.01046  -0.01045  -0.01043  -0.01042  -0.01041  -0.01038  -0.01028  -0.01027  -0.01021
       -0.01020  -0.01017  -0.01015  -0.01001  -0.01000  -0.00979  -0.00978  -0.00965  -0.00944
       -0.00928  -0.00927  -0.00920  -0.00919  -0.00916  -0.00916  -0.00908  -0.00907  -0.00906
       -0.00898  -0.00884  -0.00883  -0.00881  -0.00881  -0.00873  -0.00871  -0.00866  -0.00865
       -0.00850  -0.00844  -0.00841  -0.00840  -0.00827  -0.00826  -0.00809  -0.00809  -0.00806
       -0.00806  -0.00799  -0.00798  -0.00797  -0.00797  -0.00790  -0.00789  -0.00783  -0.00782
       -0.00773  -0.00772  -0.00757  -0.00754  -0.00749  -0.00748  -0.00735  -0.00734  -0.00727
       -0.00726  -0.00721  -0.00716  -0.00715  -0.00714  -0.00713  -0.00707  -0.00707  -0.00702
       -0.00701  -0.00699  -0.00698  -0.00692  -0.00691  -0.00672  -0.00667  -0.00666  -0.00659
       -0.00659  -0.00654  -0.00654  -0.00644  -0.00643  -0.00643  -0.00643  -0.00633  -0.00632
       -0.00632  -0.00631  -0.00630  -0.00629  -0.00629  -0.00629  -0.00624  -0.00620  -0.00619
       -0.00618  -0.00618  -0.00618  -0.00617  -0.00613  -0.00610  -0.00602  -0.00602  -0.00582
       -0.00582  -0.00571  -0.00571  -0.00571  -0.00569  -0.00569  -0.00569  -0.00569  -0.00564
       -0.00559  -0.00559  -0.00557  -0.00556  -0.00555  -0.00554  -0.00552  -0.00552  -0.00551
       -0.00550  -0.00548  -0.00547  -0.00545  -0.00544  -0.00536  -0.00536  -0.00530  -0.00528
       -0.00527  -0.00525  -0.00514  -0.00513  -0.00509  -0.00509  -0.00502  -0.00501  -0.00500
       -0.00499  -0.00497  -0.00496  -0.00495  -0.00494  -0.00494  -0.00493  -0.00491  -0.00491
       -0.00488  -0.00487  -0.00476  -0.00476  -0.00475  -0.00472  -0.00472  -0.00471  -0.00471
       -0.00461  -0.00460  -0.00459  -0.00455  -0.00454  -0.00450  -0.00448  -0.00448  -0.00448
       -0.00447  -0.00444  -0.00443  -0.00443  -0.00442  -0.00439  -0.00439  -0.00438  -0.00438
       -0.00436  -0.00433  -0.00433  -0.00432  -0.00429  -0.00429  -0.00423  -0.00422  -0.00419
       -0.00419  -0.00416  -0.00416  -0.00415  -0.00415  -0.00414  -0.00414  -0.00413  -0.00413
       -0.00412  -0.00412  -0.00411  -0.00409  -0.00404  -0.00404  -0.00403  -0.00403  -0.00402
       -0.00401  -0.00400  -0.00400  -0.00397  -0.00397  -0.00395  -0.00395  -0.00391  -0.00391
       -0.00386  -0.00384  -0.00383  -0.00382  -0.00381  -0.00380  -0.00379  -0.00369  -0.00368
       -0.00366  -0.00366  -0.00365  -0.00364  -0.00364  -0.00364  -0.00362  -0.00360  -0.00357
       -0.00356  -0.00355  -0.00354  -0.00353
        
     --------------------------------------------------------------------------------------------
     Tot. elapsed time 02m-03.6s,  time spent in last iteration 22.4s
     --------------------------------------------------------------------------------------------

     [I/O] -------------------------------------------------------
     [I/O] RESTART written in < 00.1s             
     [I/O] In location   : ./c2h2_20_400.wstat.restart
     [I/O] -------------------------------------------------------

                       *----------*              *----------*               *----------*
     #     Iteration = |        3 |   DFPT_dim = |       30 |   Diago_dim = |     1110 |
                       *----------*              *----------*               *----------*
       
     --------------------------------------------------------------------------------------------
     Applying projection operator formed by dvg                          
     --------------------------------------------------------------------------------------------
     per-process dynamical memory   186.1 Mb
  
       
     --------------------------------------------------------------------------------------------
     Sternheimer eq. solver... with threshold =   1.000000E-12           
     --------------------------------------------------------------------------------------------
     in progress... |######              | 030% :               00.3s (E)               01.2s (X)
     in progress... |#############       | 065% :               00.7s (E)               01.1s (X)
     in progress... |####################| 100% :               01.1s (E)               01.1s (X)
       
     --------------------------------------------------------------------------------------------
     Applying projection operator formed by dvg                          
     --------------------------------------------------------------------------------------------
     --------------------------------------------------------------------------------------------
     p-DIAGOX done in 00.5s with a SCALAPACK grid (12x12)
     --------------------------------------------------------------------------------------------
        
       -0.16727  -0.16704  -0.12894  -0.12538  -0.12516  -0.11322  -0.11279  -0.10784  -0.10726
       -0.10605  -0.10574  -0.10431  -0.09074  -0.08620  -0.08582  -0.08435  -0.08226  -0.08190
       -0.07538  -0.07522  -0.07088  -0.07033  -0.06830  -0.06805  -0.06663  -0.05959  -0.05633
       -0.05606  -0.05314  -0.05121  -0.05104  -0.05066  -0.05028  -0.04907  -0.04888  -0.04721
       -0.04713  -0.04582  -0.04577  -0.04574  -0.04568  -0.04557  -0.04388  -0.03904  -0.03895
       -0.03866  -0.03824  -0.03820  -0.03712  -0.03540  -0.03535  -0.03349  -0.03343  -0.03313
       -0.03297  -0.03224  -0.03221  -0.03153  -0.03152  -0.03148  -0.03135  -0.03124  -0.03041
       -0.02772  -0.02769  -0.02765  -0.02759  -0.02754  -0.02519  -0.02516  -0.02506  -0.02497
       -0.02492  -0.02484  -0.02435  -0.02433  -0.02417  -0.02402  -0.02396  -0.02387  -0.02353
       -0.02350  -0.02282  -0.02278  -0.02231  -0.02229  -0.02061  -0.02034  -0.02033  -0.01995
       -0.01993  -0.01984  -0.01966  -0.01964  -0.01945  -0.01935  -0.01931  -0.01840  -0.01838
       -0.01831  -0.01825  -0.01820  -0.01819  -0.01781  -0.01778  -0.01771  -0.01768  -0.01670
       -0.01666  -0.01652  -0.01650  -0.01639  -0.01620  -0.01618  -0.01567  -0.01565  -0.01541
       -0.01522  -0.01513  -0.01512  -0.01481  -0.01476  -0.01463  -0.01460  -0.01431  -0.01414
       -0.01412  -0.01406  -0.01374  -0.01372  -0.01351  -0.01350  -0.01342  -0.01339  -0.01336
       -0.01331  -0.01321  -0.01320  -0.01307  -0.01277  -0.01275  -0.01254  -0.01252  -0.01229
       -0.01227  -0.01208  -0.01207  -0.01193  -0.01182  -0.01181  -0.01167  -0.01166  -0.01166
       -0.01152  -0.01149  -0.01132  -0.01131  -0.01101  -0.01100  -0.01071  -0.01070  -0.01051
       -0.01046  -0.01045  -0.01043  -0.01042  -0.01041  -0.01038  -0.01028  -0.01027  -0.01021
       -0.01020  -0.01017  -0.01015  -0.01001  -0.01000  -0.00979  -0.00978  -0.00965  -0.00944
       -0.00928  -0.00927  -0.00920  -0.00919  -0.00916  -0.00916  -0.00908  -0.00907  -0.00906
       -0.00898  -0.00884  -0.00883  -0.00881  -0.00881  -0.00873  -0.00871  -0.00866  -0.00865
       -0.00850  -0.00844  -0.00841  -0.00840  -0.00827  -0.00826  -0.00809  -0.00809  -0.00806
       -0.00806  -0.00799  -0.00798  -0.00797  -0.00797  -0.00790  -0.00789  -0.00783  -0.00782
       -0.00773  -0.00773  -0.00757  -0.00754  -0.00749  -0.00748  -0.00735  -0.00734  -0.00727
       -0.00726  -0.00721  -0.00716  -0.00715  -0.00714  -0.00713  -0.00707  -0.00707  -0.00702
       -0.00701  -0.00699  -0.00698  -0.00692  -0.00691  -0.00672  -0.00667  -0.00666  -0.00659
       -0.00659  -0.00654  -0.00654  -0.00644  -0.00643  -0.00643  -0.00643  -0.00633  -0.00632
       -0.00632  -0.00631  -0.00631  -0.00630  -0.00629  -0.00629  -0.00624  -0.00620  -0.00619
       -0.00619  -0.00618  -0.00618  -0.00617  -0.00613  -0.00610  -0.00602  -0.00602  -0.00583
       -0.00582  -0.00572  -0.00571  -0.00571  -0.00570  -0.00569  -0.00569  -0.00569  -0.00564
       -0.00560  -0.00559  -0.00557  -0.00557  -0.00555  -0.00554  -0.00553  -0.00552  -0.00551
       -0.00550  -0.00548  -0.00547  -0.00545  -0.00544  -0.00536  -0.00536  -0.00530  -0.00528
       -0.00527  -0.00526  -0.00514  -0.00513  -0.00509  -0.00509  -0.00502  -0.00502  -0.00500
       -0.00499  -0.00497  -0.00496  -0.00495  -0.00494  -0.00494  -0.00493  -0.00492  -0.00491
       -0.00488  -0.00488  -0.00477  -0.00476  -0.00475  -0.00472  -0.00472  -0.00471  -0.00471
       -0.00461  -0.00460  -0.00460  -0.00455  -0.00454  -0.00450  -0.00449  -0.00448  -0.00448
       -0.00448  -0.00444  -0.00443  -0.00443  -0.00443  -0.00439  -0.00439  -0.00439  -0.00438
       -0.00437  -0.00433  -0.00433  -0.00433  -0.00430  -0.00429  -0.00424  -0.00423  -0.00420
       -0.00419  -0.00417  -0.00416  -0.00415  -0.00415  -0.00415  -0.00414  -0.00414  -0.00413
       -0.00413  -0.00413  -0.00412  -0.00410  -0.00405  -0.00405  -0.00405  -0.00404  -0.00404
       -0.00404  -0.00402  -0.00402  -0.00400  -0.00400  -0.00397  -0.00397  -0.00393  -0.00393
       -0.00388  -0.00387  -0.00387  -0.00385  -0.00384  -0.00382  -0.00381  -0.00371  -0.00370
       -0.00370  -0.00368  -0.00368  -0.00367  -0.00367  -0.00367  -0.00366  -0.00366  -0.00364
       -0.00363  -0.00358  -0.00357  -0.00357
        
     --------------------------------------------------------------------------------------------
     Tot. elapsed time 02m-25.5s,  time spent in last iteration 07.2s
     --------------------------------------------------------------------------------------------
       
     --------------------------------------------------------------------------------------------
     Convergence achieved !!! in        3 steps                          
     --------------------------------------------------------------------------------------------
      
     --------------------------------------------------------------------------------------------
     Database written in < 00.1s             
     In location : ./c2h2_20_400.wstat.save
     --------------------------------------------------------------------------------------------
 
     WSTAT        :  2m56.14s CPU     5m 6.12s WALL

     wstat_readin :      5.91s CPU     40.60s WALL (       1 calls)
     fetch_nml    :      0.02s CPU      0.02s WALL (       1 calls)
     read_xml     :      1.36s CPU      1.74s WALL (       1 calls)
     init_vloc    :      0.11s CPU      0.11s WALL (       2 calls)
     fft          :      0.32s CPU      0.35s WALL (      11 calls)
     fft_scatter  :     13.60s CPU     13.70s WALL (    3961 calls)
     v_of_rho     :      0.36s CPU      0.37s WALL (       1 calls)
     v_xc         :      0.32s CPU      0.33s WALL (       1 calls)
     v_h          :      0.04s CPU      0.04s WALL (       1 calls)
     read_wave    :      4.52s CPU     38.83s WALL (       1 calls)
     davcio       :      0.00s CPU      0.11s WALL (       2 calls)
     init_us_1    :      0.01s CPU      0.01s WALL (       2 calls)
     do_setup     :      0.18s CPU      0.19s WALL (       1 calls)
     init_pw_ar   :      0.18s CPU      0.19s WALL (       1 calls)
     init_at_1    :      0.00s CPU      0.00s WALL (       1 calls)
     storesqvc    :      0.01s CPU      0.01s WALL (       1 calls)
     chidiago     :     51.00s CPU     74.57s WALL (       1 calls)
     randomize    :      0.96s CPU      0.98s WALL (       2 calls)
     paramgs      :     12.19s CPU     12.35s WALL (      12 calls)
     dfpt         :     91.78s CPU     92.57s WALL (      11 calls)
     init_us_2    :      0.04s CPU      0.04s WALL (      11 calls)
     fftw         :     59.59s CPU     60.10s WALL (    3950 calls)
     alphapc      :      0.27s CPU      0.26s WALL (     162 calls)
     wstat_restar :     25.20s CPU     89.90s WALL (       9 calls)
     linstern     :     46.42s CPU     46.74s WALL (     120 calls)
     stern        :     39.24s CPU     39.51s WALL (    2842 calls)
     h_psi_bgrp   :     34.85s CPU     35.10s WALL (     338 calls)
     h_psi        :     34.85s CPU     35.10s WALL (     338 calls)
     h_psi:pot    :     34.72s CPU     34.99s WALL (     338 calls)
     vloc_psi     :     33.10s CPU     33.36s WALL (     338 calls)
     h_psi:calbec :      1.02s CPU      0.92s WALL (     338 calls)
     calbec       :      1.01s CPU      0.92s WALL (     338 calls)
     add_vuspsi   :      0.61s CPU      0.71s WALL (     338 calls)
     alphapv      :      2.79s CPU      2.76s WALL (    2842 calls)
     build_hr     :      6.94s CPU      7.19s WALL (       9 calls)
     diagox       :      2.26s CPU      2.33s WALL (       9 calls)
     redistr_vr   :      0.27s CPU      0.28s WALL (       7 calls)
     update_vr    :     11.19s CPU     11.57s WALL (       7 calls)
     symm_hr      :      0.27s CPU      0.29s WALL (       7 calls)
     chidiago:las :      0.12s CPU      0.13s WALL (       2 calls)
     refresh_vr   :      4.47s CPU      4.56s WALL (       4 calls)
     pdep_db      :      0.52s CPU      1.86s WALL (       1 calls)
     kinchidiago  :    119.04s CPU    190.74s WALL (       1 calls)
     k_psi        :      0.52s CPU      0.58s WALL (    2504 calls)
     kinchidiago: :      0.00s CPU      0.00s WALL (       1 calls)
     pdep_db_for_ :     11.19s CPU     37.90s WALL (       1 calls)
 
     WSTAT        :  2m56.14s CPU     5m 6.13s WALL

 
   This run was terminated on:  13:39:53  27Sep2019            

=------------------------------------------------------------------------------=
   JOB DONE.
=------------------------------------------------------------------------------=
