
     Program WSTAT v. 2.0.0 starts on 27Sep2019 at 13:39:56 

     This program is part of the open-source West suite
     for massively parallel calculations of excited states in materials; please cite
         "M. Govoni et al., J. Chem. Theory Comput. 11, 2680 (2015);
          URL http://www.west-code.org", 
     in publications or presentations arising from this work.

     Based on the Quantum ESPRESSO v. 6.1 svn rev. 13369
       
     --------------------------------------------------------------------------------------------
     **MPI** Parallelization Status                                      
     --------------------------------------------------------------------------------------------
                   160                  10             1             1            16
     --------------------------------------------------------------------------------------------
                     N         =         I      X      P      X      B      X      Z
                     ^                   ^             ^             ^             ^
                     |                   |             |             |             |
                   #rnk                  |             |             |             |
                                      #image           |             |             |
                                                     #pool           |             |
                                                                   #bgrp           |
                                                                                 #R&G
     --------------------------------------------------------------------------------------------
     #prc =          160
     --------------------------------------------------------------------------------------------
       
     --------------------------------------------------------------------------------------------
     I/O Summary : input_west                                            
     --------------------------------------------------------------------------------------------
     qe_prefix      = c2h2
     west_prefix    = c2h2
     outdir         = ./
     --------------------------------------------------------------------------------------------
       
     --------------------------------------------------------------------------------------------
     I/O Summary : wstat_control                                         
     --------------------------------------------------------------------------------------------
     wstat_calculation              =              S
     n_pdep_eigen                   =            100
     n_kin_pdep_eigen               =            400
     n_lindhard_eigen               =              0
     n_pdep_times                   =              4
     n_pdep_maxiter                 =            100
     n_dfpt_maxiter                 =            250
     n_pdep_read_from_file          =              0
     trev_pdep                      =   1.000000E-03
     trev_pdep_rel                  =   1.000000E-01
     tr2_dfpt                       =   1.000000E-12
     l_kinetic_only                 =              F
     l_minimize_exx_if_active       =              F
     l_use_ecutrho                  =              F
     l_pure_eigen                   =              F
     --------------------------------------------------------------------------------------------

     Reading data from directory:
     ./c2h2.save

   Info: using nr1, nr2, nr3 values from input

   Info: using nr1, nr2, nr3 values from input

     IMPORTANT: XC functional enforced from input :
     Exchange-correlation      = PBE ( 1  4  3  4 0 0)
     Any further DFT definition will be discarded
     Please, verify this is what you really want

     Message from routine readpp:
     file ./c2h2.save/C_ONCV_PBE-1.0.upf not found
     Message from routine readpp:
     file ./c2h2.save/H_ONCV_PBE-1.0.upf not found
 
     Parallelization info
     --------------------
     sticks:   dense  smooth     PW     G-vecs:    dense   smooth      PW
     Min        1520    1520    379               178660   178660   22323
     Max        1522    1522    384               178666   178666   22328
     Sum       24345   24345   6093              2858633  2858633  357213
 
       
     --------------------------------------------------------------------------------------------
     System Overview                                                     
     --------------------------------------------------------------------------------------------
     gamma_only           =              T
     ecutwfc [Ry]         =      85.000000
     omega [au^3]         =   2.700000E+04
     glob. #G             =         178607
     nbnd                 =            100
     nkstot               =              1
     nspin                =              1
     nelec                =      10.000000
     npol                 =              1
     lsda                 =              F
     noncolin             =              F
     lspinorb             =              F
     domag                =              F
     --------------------------------------------------------------------------------------------

     sFFT G-space:  1429317 G-vectors     R-space: ( 180, 180, 180)
     dFFT G-space:  1429317 G-vectors     R-space: ( 180, 180, 180)

     Cell [a.u.]          =      30.000000      0.000000      0.000000
                          =       0.000000     30.000000      0.000000
                          =       0.000000      0.000000     30.000000
      
     number of ks points=     1
                       cart. coord. in units 2pi/alat
        k(    1) = (   0.0000000   0.0000000   0.0000000), wk =   2.0000000

                       cryst. coord.
        k(    1) = (   0.0000000   0.0000000   0.0000000), wk =   2.0000000
 
     Spherical div        =   1.654268E-01
     Orthorombic div      =   1.628502E-01
       
     --------------------------------------------------------------------------------------------
     Parallelization for nvecx                                           
     --------------------------------------------------------------------------------------------
     nglob                =            400
     nlevel               =             10
     Min nglob/nlevel     =             40
     Max nglob/nlevel     =             40
     --------------------------------------------------------------------------------------------

     [MEM] ----------------------------------------------------------
     [MEM] **Memory** analysis: QE
     [MEM] ----------------------------------------------------------
     [MEM] Allocated arrays           est. size (Mb)     dimensions
     [MEM] ----------------------------------------------------------
     [MEM] Kohn-Sham Wavefunctions      17.03 Mb     (  11164,  100)
     [MEM] NL pseudopotentials           3.41 Mb     (  11164,   20)
     [MEM] Each V/rho on FFT grid        5.93 Mb     ( 388800)
     [MEM] Each G-vector array           0.68 Mb     (  89333)
     [MEM] G-vector shells               0.05 Mb     (   6125)
     [MEM] ----------------------------------------------------------
     [MEM] TOT                          27.10 Mb
     [MEM] ----------------------------------------------------------
     [MEM] 
     [MEM] ----------------------------------------------------------
     [MEM] **Memory** analysis: WSTAT global
     [MEM] ----------------------------------------------------------
     [MEM] Allocated arrays           est. size (Mb)     dimensions
     [MEM] ----------------------------------------------------------
     [MEM] dvg                           6.81 Mb     (  11164,   40)
     [MEM] dng                           6.81 Mb     (  11164,   40)
     [MEM] hr_distr                      0.12 Mb     (    400,   40)
     [MEM] vr_distr                      0.12 Mb     (    400,   40)
     [MEM] ----------------------------------------------------------
     [MEM] TOT                          13.87 Mb
     [MEM] ----------------------------------------------------------
     [MEM] 
     [MEM] ----------------------------------------------------------
     [MEM] **Memory** analysis: WSTAT temporary
     [MEM] ----------------------------------------------------------
     [MEM] Allocated arrays           est. size (Mb)     dimensions
     [MEM] ----------------------------------------------------------
     [MEM] dvpsi                         0.85 Mb     (  11164,    5)
     [MEM] dpsi                          0.85 Mb     (  11164,    5)
     [MEM] ----------------------------------------------------------
     [MEM] Total estimate                1.70 Mb
     [MEM] ----------------------------------------------------------

                       *----------*              *----------*               *----------*
     #     Iteration = | starting |   DFPT_dim = |      100 |   Diago_dim = |      100 |  x 1/2
                       *----------*              *----------*               *----------*
     per-process dynamical memory   113.5 Mb
  
       
     --------------------------------------------------------------------------------------------
     Sternheimer eq. solver... with lite-solver                          
     --------------------------------------------------------------------------------------------
     in progress... |##                  | 010% :               00.2s (E)               02.6s (X)
     in progress... |####                | 020% :               00.5s (E)               02.6s (X)
     in progress... |######              | 030% :               00.7s (E)               02.6s (X)
     in progress... |########            | 040% :               01.0s (E)               02.6s (X)
     in progress... |##########          | 050% :               01.3s (E)               02.6s (X)
     in progress... |############        | 060% :               01.5s (E)               02.6s (X)
     in progress... |##############      | 070% :               01.8s (E)               02.6s (X)
     in progress... |################    | 080% :               02.0s (E)               02.6s (X)
     in progress... |##################  | 090% :               02.3s (E)               02.6s (X)
     in progress... |####################| 100% :               02.6s (E)               02.6s (X)
     --------------------------------------------------------------------------------------------

     [I/O] -------------------------------------------------------
     [I/O] RESTART written in < 00.1s             
     [I/O] In location   : ./c2h2_100_400.wstat.restart
     [I/O] -------------------------------------------------------

                       *----------*              *----------*               *----------*
     #     Iteration = | starting |   DFPT_dim = |      100 |   Diago_dim = |      100 |  x 2/2
                       *----------*              *----------*               *----------*
     per-process dynamical memory   119.6 Mb
  
       
     --------------------------------------------------------------------------------------------
     Sternheimer eq. solver... with threshold =   1.000000E-06           
     --------------------------------------------------------------------------------------------
     in progress... |##                  | 010% :               03.0s (E)               30.5s (X)
     in progress... |####                | 020% :               06.1s (E)               30.5s (X)
     in progress... |######              | 030% :               09.0s (E)               30.2s (X)
     in progress... |########            | 040% :               12.0s (E)               30.1s (X)
     in progress... |##########          | 050% :               14.9s (E)               29.9s (X)
     in progress... |############        | 060% :               17.8s (E)               29.8s (X)
     in progress... |##############      | 070% :               20.7s (E)               29.6s (X)
     in progress... |################    | 080% :               23.5s (E)               29.4s (X)
     in progress... |##################  | 090% :               26.3s (E)               29.3s (X)
     in progress... |####################| 100% :               29.1s (E)               29.1s (X)
     --------------------------------------------------------------------------------------------
     p-DIAGOX done in < 00.1s with a SCALAPACK grid (3x3)
     --------------------------------------------------------------------------------------------
        
       -4.02478  -1.38375  -0.96446  -0.96348  -0.80197  -0.80079  -0.72792  -0.58491  -0.48803
       -0.47666  -0.44749  -0.41466  -0.35004  -0.34891  -0.34149  -0.34072  -0.33220  -0.31863
       -0.31771  -0.25475  -0.24714  -0.24584  -0.20307  -0.19849  -0.18632  -0.15790  -0.15628
       -0.15148  -0.14914  -0.14416  -0.14056  -0.11963  -0.11862  -0.11697  -0.11443  -0.11198
       -0.10731  -0.09736  -0.09081  -0.08704  -0.08514  -0.08363  -0.08137  -0.08057  -0.07638
       -0.06698  -0.06220  -0.05677  -0.05649  -0.05398  -0.05302  -0.05136  -0.04995  -0.04879
       -0.04812  -0.04718  -0.04606  -0.04475  -0.04447  -0.04149  -0.04066  -0.04037  -0.03617
       -0.03574  -0.03429  -0.03265  -0.03163  -0.03146  -0.03018  -0.02842  -0.02827  -0.02748
       -0.02611  -0.02598  -0.02547  -0.02429  -0.02377  -0.02358  -0.02244  -0.02200  -0.02168
       -0.02118  -0.01987  -0.01900  -0.01801  -0.01747  -0.01698  -0.01646  -0.01581  -0.01560
       -0.01527  -0.01486  -0.01421  -0.01350  -0.01269  -0.01233  -0.01216  -0.01124  -0.01068
       -0.00958
        
     --------------------------------------------------------------------------------------------
     Tot. elapsed time 52.9s,  time spent in last iteration 52.9s
     --------------------------------------------------------------------------------------------

     [I/O] -------------------------------------------------------
     [I/O] RESTART written in < 00.1s             
     [I/O] In location   : ./c2h2_100_400.wstat.restart
     [I/O] -------------------------------------------------------

                       *----------*              *----------*               *----------*
     #     Iteration = |        1 |   DFPT_dim = |      100 |   Diago_dim = |      200 |
                       *----------*              *----------*               *----------*
     per-process dynamical memory   127.5 Mb
  
       
     --------------------------------------------------------------------------------------------
     Sternheimer eq. solver... with threshold =   1.000000E-12           
     --------------------------------------------------------------------------------------------
     in progress... |##                  | 010% :               04.5s (E)               45.1s (X)
     in progress... |####                | 020% :               08.9s (E)               44.8s (X)
     in progress... |######              | 030% :               13.3s (E)               44.5s (X)
     in progress... |########            | 040% :               17.8s (E)               44.5s (X)
     in progress... |##########          | 050% :               22.2s (E)               44.4s (X)
     in progress... |############        | 060% :               26.6s (E)               44.3s (X)
     in progress... |##############      | 070% :               31.0s (E)               44.3s (X)
     in progress... |################    | 080% :               35.4s (E)               44.3s (X)
     in progress... |##################  | 090% :               39.8s (E)               44.2s (X)
     in progress... |####################| 100% :               44.2s (E)               44.2s (X)
     --------------------------------------------------------------------------------------------
     p-DIAGOX done in 00.1s with a SCALAPACK grid (6x6)
     --------------------------------------------------------------------------------------------
        
       -4.03467  -1.54800  -0.96707  -0.96707  -0.80500  -0.80499  -0.73194  -0.60002  -0.53587
       -0.51327  -0.51326  -0.42103  -0.35945  -0.35944  -0.34588  -0.34588  -0.34053  -0.32565
       -0.32564  -0.28024  -0.25085  -0.25084  -0.22866  -0.21320  -0.21319  -0.16694  -0.16694
       -0.16173  -0.16173  -0.15090  -0.15083  -0.13976  -0.13658  -0.13350  -0.13348  -0.12898
       -0.12891  -0.12233  -0.10658  -0.10652  -0.09776  -0.09633  -0.09624  -0.09161  -0.09154
       -0.08142  -0.07446  -0.07395  -0.07381  -0.06504  -0.06499  -0.06493  -0.06484  -0.06313
       -0.06298  -0.05949  -0.05729  -0.05691  -0.05670  -0.05662  -0.05562  -0.05545  -0.05360
       -0.05256  -0.05226  -0.05166  -0.04646  -0.04639  -0.04482  -0.04349  -0.04325  -0.04295
       -0.04258  -0.03954  -0.03920  -0.03868  -0.03781  -0.03753  -0.03741  -0.03668  -0.03652
       -0.03589  -0.03544  -0.03333  -0.03330  -0.03210  -0.03172  -0.03085  -0.02983  -0.02891
       -0.02877  -0.02841  -0.02747  -0.02724  -0.02711  -0.02682  -0.02654  -0.02619  -0.02578
       -0.02500
        
     --------------------------------------------------------------------------------------------
     Tot. elapsed time 01m-59.1s,  time spent in last iteration 46.9s
     --------------------------------------------------------------------------------------------

     [I/O] -------------------------------------------------------
     [I/O] RESTART written in < 00.1s             
     [I/O] In location   : ./c2h2_100_400.wstat.restart
     [I/O] -------------------------------------------------------

                       *----------*              *----------*               *----------*
     #     Iteration = |        2 |   DFPT_dim = |      100 |   Diago_dim = |      300 |
                       *----------*              *----------*               *----------*
     per-process dynamical memory   127.5 Mb
  
       
     --------------------------------------------------------------------------------------------
     Sternheimer eq. solver... with threshold =   1.000000E-12           
     --------------------------------------------------------------------------------------------
     in progress... |##                  | 010% :               04.3s (E)               43.5s (X)
     in progress... |####                | 020% :               08.7s (E)               43.8s (X)
     in progress... |######              | 030% :               13.1s (E)               43.7s (X)
     in progress... |########            | 040% :               17.4s (E)               43.6s (X)
     in progress... |##########          | 050% :               21.8s (E)               43.6s (X)
     in progress... |############        | 060% :               26.1s (E)               43.6s (X)
     in progress... |##############      | 070% :               30.5s (E)               43.5s (X)
     in progress... |################    | 080% :               34.8s (E)               43.5s (X)
     in progress... |##################  | 090% :               39.2s (E)               43.5s (X)
     in progress... |####################| 100% :               43.5s (E)               43.5s (X)
     --------------------------------------------------------------------------------------------
     p-DIAGOX done in 00.2s with a SCALAPACK grid (9x9)
     --------------------------------------------------------------------------------------------
        
       -4.03467  -1.54800  -0.96707  -0.96707  -0.80500  -0.80499  -0.73195  -0.60002  -0.53587
       -0.51328  -0.51327  -0.42103  -0.35945  -0.35945  -0.34589  -0.34588  -0.34053  -0.32565
       -0.32565  -0.28025  -0.25085  -0.25084  -0.22871  -0.21321  -0.21321  -0.16700  -0.16700
       -0.16175  -0.16175  -0.15092  -0.15087  -0.13987  -0.13665  -0.13356  -0.13352  -0.12905
       -0.12905  -0.12243  -0.10666  -0.10666  -0.09792  -0.09645  -0.09644  -0.09169  -0.09169
       -0.08159  -0.07522  -0.07433  -0.07433  -0.06523  -0.06523  -0.06521  -0.06520  -0.06358
       -0.06357  -0.06017  -0.05764  -0.05764  -0.05692  -0.05692  -0.05586  -0.05586  -0.05427
       -0.05326  -0.05326  -0.05325  -0.04689  -0.04689  -0.04617  -0.04419  -0.04418  -0.04411
       -0.04410  -0.04042  -0.03994  -0.03991  -0.03872  -0.03870  -0.03863  -0.03862  -0.03770
       -0.03706  -0.03704  -0.03409  -0.03408  -0.03406  -0.03405  -0.03402  -0.03119  -0.03113
       -0.03089  -0.03084  -0.03025  -0.03017  -0.02934  -0.02863  -0.02860  -0.02843  -0.02842
       -0.02792
        
     --------------------------------------------------------------------------------------------
     Tot. elapsed time 03m-23.2s,  time spent in last iteration 46.3s
     --------------------------------------------------------------------------------------------

     [I/O] -------------------------------------------------------
     [I/O] RESTART written in < 00.1s             
     [I/O] In location   : ./c2h2_100_400.wstat.restart
     [I/O] -------------------------------------------------------

                       *----------*              *----------*               *----------*
     #     Iteration = |        3 |   DFPT_dim = |       26 |   Diago_dim = |      326 |
                       *----------*              *----------*               *----------*
     per-process dynamical memory   127.5 Mb
  
       
     --------------------------------------------------------------------------------------------
     Sternheimer eq. solver... with threshold =   1.000000E-12           
     --------------------------------------------------------------------------------------------
     in progress... |######              | 030% :               04.3s (E)               14.3s (X)
     in progress... |#############       | 065% :               08.6s (E)               13.2s (X)
     in progress... |####################| 100% :               12.8s (E)               12.8s (X)
     --------------------------------------------------------------------------------------------
     p-DIAGOX done in 00.3s with a SCALAPACK grid (10x10)
     --------------------------------------------------------------------------------------------
        
       -4.03467  -1.54800  -0.96707  -0.96707  -0.80500  -0.80499  -0.73195  -0.60002  -0.53587
       -0.51328  -0.51327  -0.42103  -0.35945  -0.35945  -0.34589  -0.34588  -0.34053  -0.32565
       -0.32565  -0.28025  -0.25085  -0.25084  -0.22871  -0.21321  -0.21321  -0.16700  -0.16700
       -0.16175  -0.16175  -0.15092  -0.15087  -0.13987  -0.13665  -0.13356  -0.13352  -0.12905
       -0.12905  -0.12243  -0.10666  -0.10666  -0.09792  -0.09645  -0.09644  -0.09169  -0.09169
       -0.08159  -0.07522  -0.07433  -0.07433  -0.06523  -0.06523  -0.06521  -0.06521  -0.06358
       -0.06358  -0.06017  -0.05764  -0.05764  -0.05692  -0.05692  -0.05586  -0.05586  -0.05427
       -0.05327  -0.05326  -0.05326  -0.04690  -0.04690  -0.04619  -0.04420  -0.04420  -0.04412
       -0.04412  -0.04043  -0.03995  -0.03994  -0.03874  -0.03873  -0.03865  -0.03865  -0.03773
       -0.03708  -0.03708  -0.03412  -0.03410  -0.03410  -0.03410  -0.03409  -0.03128  -0.03128
       -0.03094  -0.03093  -0.03031  -0.03031  -0.02945  -0.02868  -0.02868  -0.02850  -0.02850
       -0.02816
        
     --------------------------------------------------------------------------------------------
     Tot. elapsed time 04m-37.0s,  time spent in last iteration 14.9s
     --------------------------------------------------------------------------------------------
      
     --------------------------------------------------------------------------------------------
     Database written in 09.1s               
     In location : ./c2h2_100_400.wstat.save
     --------------------------------------------------------------------------------------------
       
     --------------------------------------------------------------------------------------------
     Convergence achieved !!! in        3 steps                          
     --------------------------------------------------------------------------------------------
       
     --------------------------------------------------------------------------------------------
     ** Now compute kinetic eigenpotentials **                           
     --------------------------------------------------------------------------------------------
       
     --------------------------------------------------------------------------------------------
     Parallelization for newnvecx                                        
     --------------------------------------------------------------------------------------------
     nglob                =           1600
     nlevel               =             10
     Min nglob/nlevel     =            160
     Max nglob/nlevel     =            160
     --------------------------------------------------------------------------------------------
       
     --------------------------------------------------------------------------------------------
     Parallelization for merge_nvecx                                     
     --------------------------------------------------------------------------------------------
     nglob                =           2000
     nlevel               =             10
     Min nglob/nlevel     =            200
     Max nglob/nlevel     =            200
     --------------------------------------------------------------------------------------------

                       *----------*              *----------*               *----------*
     #     Iteration = | starting |   DFPT_dim = |      400 |   Diago_dim = |      400 |  x 1/2
                       *----------*              *----------*               *----------*
       
     --------------------------------------------------------------------------------------------
     Applying projection operator formed by dvg                          
     --------------------------------------------------------------------------------------------
     per-process dynamical memory   226.6 Mb
  
       
     --------------------------------------------------------------------------------------------
     Sternheimer eq. solver... with lite-solver                          
     --------------------------------------------------------------------------------------------
     in progress... |#                   | 005% :               00.5s (E)               10.5s (X)
     in progress... |##                  | 010% :               01.0s (E)               10.4s (X)
     in progress... |###                 | 015% :               01.5s (E)               10.4s (X)
     in progress... |####                | 020% :               02.0s (E)               10.4s (X)
     in progress... |#####               | 025% :               02.6s (E)               10.4s (X)
     in progress... |######              | 030% :               03.1s (E)               10.4s (X)
     in progress... |#######             | 035% :               03.6s (E)               10.4s (X)
     in progress... |########            | 040% :               04.1s (E)               10.4s (X)
     in progress... |#########           | 045% :               04.7s (E)               10.4s (X)
     in progress... |##########          | 050% :               05.2s (E)               10.4s (X)
     in progress... |###########         | 055% :               05.7s (E)               10.4s (X)
     in progress... |############        | 060% :               06.2s (E)               10.4s (X)
     in progress... |#############       | 065% :               06.7s (E)               10.4s (X)
     in progress... |##############      | 070% :               07.3s (E)               10.4s (X)
     in progress... |###############     | 075% :               07.8s (E)               10.4s (X)
     in progress... |################    | 080% :               08.3s (E)               10.4s (X)
     in progress... |#################   | 085% :               08.8s (E)               10.4s (X)
     in progress... |##################  | 090% :               09.3s (E)               10.4s (X)
     in progress... |################### | 095% :               09.9s (E)               10.4s (X)
     in progress... |####################| 100% :               10.4s (E)               10.4s (X)
       
     --------------------------------------------------------------------------------------------
     Applying projection operator formed by dvg                          
     --------------------------------------------------------------------------------------------
     --------------------------------------------------------------------------------------------

     [I/O] -------------------------------------------------------
     [I/O] RESTART written in < 00.1s             
     [I/O] In location   : ./c2h2_100_400.wstat.restart
     [I/O] -------------------------------------------------------

                       *----------*              *----------*               *----------*
     #     Iteration = | starting |   DFPT_dim = |      400 |   Diago_dim = |      400 |  x 2/2
                       *----------*              *----------*               *----------*
       
     --------------------------------------------------------------------------------------------
     Applying projection operator formed by dvg                          
     --------------------------------------------------------------------------------------------
     per-process dynamical memory   226.6 Mb
  
       
     --------------------------------------------------------------------------------------------
     Sternheimer eq. solver... with threshold =   1.000000E-06           
     --------------------------------------------------------------------------------------------
     in progress... |#                   | 005% :               00.6s (E)               13.2s (X)
     in progress... |##                  | 010% :               01.3s (E)               13.1s (X)
     in progress... |###                 | 015% :               01.9s (E)               13.1s (X)
     in progress... |####                | 020% :               02.6s (E)               13.0s (X)
     in progress... |#####               | 025% :               03.2s (E)               13.0s (X)
     in progress... |######              | 030% :               03.9s (E)               13.0s (X)
     in progress... |#######             | 035% :               04.5s (E)               13.0s (X)
     in progress... |########            | 040% :               05.2s (E)               13.0s (X)
     in progress... |#########           | 045% :               05.8s (E)               13.0s (X)
     in progress... |##########          | 050% :               06.5s (E)               13.0s (X)
     in progress... |###########         | 055% :               07.1s (E)               13.0s (X)
     in progress... |############        | 060% :               07.8s (E)               13.0s (X)
     in progress... |#############       | 065% :               08.4s (E)               13.0s (X)
     in progress... |##############      | 070% :               09.0s (E)               12.9s (X)
     in progress... |###############     | 075% :               09.7s (E)               12.9s (X)
     in progress... |################    | 080% :               10.3s (E)               12.9s (X)
     in progress... |#################   | 085% :               11.0s (E)               12.9s (X)
     in progress... |##################  | 090% :               11.6s (E)               12.9s (X)
     in progress... |################### | 095% :               12.3s (E)               12.9s (X)
     in progress... |####################| 100% :               12.9s (E)               12.9s (X)
       
     --------------------------------------------------------------------------------------------
     Applying projection operator formed by dvg                          
     --------------------------------------------------------------------------------------------
     --------------------------------------------------------------------------------------------
     p-DIAGOX done in 00.6s with a SCALAPACK grid (12x12)
     --------------------------------------------------------------------------------------------
        
       -0.02335  -0.02333  -0.02263  -0.02258  -0.02208  -0.02207  -0.02092  -0.02017  -0.02010
       -0.01982  -0.01979  -0.01951  -0.01947  -0.01941  -0.01929  -0.01907  -0.01900  -0.01842
       -0.01837  -0.01818  -0.01811  -0.01810  -0.01807  -0.01777  -0.01774  -0.01737  -0.01729
       -0.01659  -0.01657  -0.01622  -0.01619  -0.01617  -0.01586  -0.01576  -0.01547  -0.01538
       -0.01526  -0.01497  -0.01474  -0.01465  -0.01452  -0.01447  -0.01436  -0.01422  -0.01396
       -0.01393  -0.01373  -0.01349  -0.01345  -0.01343  -0.01317  -0.01310  -0.01304  -0.01303
       -0.01293  -0.01290  -0.01287  -0.01277  -0.01271  -0.01254  -0.01253  -0.01201  -0.01192
       -0.01187  -0.01178  -0.01157  -0.01156  -0.01151  -0.01147  -0.01146  -0.01093  -0.01085
       -0.01072  -0.01058  -0.01047  -0.01040  -0.01038  -0.01033  -0.01024  -0.01023  -0.01015
       -0.00997  -0.00993  -0.00987  -0.00980  -0.00977  -0.00960  -0.00957  -0.00950  -0.00941
       -0.00940  -0.00929  -0.00925  -0.00918  -0.00907  -0.00894  -0.00888  -0.00879  -0.00871
       -0.00866  -0.00863  -0.00851  -0.00847  -0.00843  -0.00830  -0.00825  -0.00811  -0.00811
       -0.00801  -0.00791  -0.00784  -0.00783  -0.00779  -0.00766  -0.00765  -0.00756  -0.00753
       -0.00750  -0.00742  -0.00738  -0.00736  -0.00728  -0.00723  -0.00717  -0.00713  -0.00709
       -0.00704  -0.00703  -0.00699  -0.00694  -0.00687  -0.00683  -0.00680  -0.00679  -0.00676
       -0.00666  -0.00658  -0.00655  -0.00653  -0.00651  -0.00643  -0.00636  -0.00630  -0.00628
       -0.00624  -0.00622  -0.00619  -0.00610  -0.00609  -0.00604  -0.00598  -0.00589  -0.00585
       -0.00577  -0.00571  -0.00568  -0.00565  -0.00558  -0.00556  -0.00554  -0.00546  -0.00543
       -0.00541  -0.00538  -0.00532  -0.00529  -0.00526  -0.00524  -0.00520  -0.00518  -0.00515
       -0.00511  -0.00508  -0.00503  -0.00502  -0.00500  -0.00495  -0.00489  -0.00487  -0.00483
       -0.00480  -0.00476  -0.00474  -0.00471  -0.00470  -0.00467  -0.00465  -0.00460  -0.00457
       -0.00455  -0.00452  -0.00449  -0.00446  -0.00444  -0.00440  -0.00436  -0.00435  -0.00431
       -0.00429  -0.00421  -0.00418  -0.00414  -0.00414  -0.00410  -0.00406  -0.00405  -0.00400
       -0.00398  -0.00395  -0.00393  -0.00391  -0.00386  -0.00385  -0.00381  -0.00377  -0.00377
       -0.00373  -0.00370  -0.00370  -0.00368  -0.00366  -0.00358  -0.00355  -0.00354  -0.00352
       -0.00348  -0.00347  -0.00345  -0.00344  -0.00342  -0.00339  -0.00338  -0.00336  -0.00334
       -0.00333  -0.00330  -0.00328  -0.00323  -0.00322  -0.00321  -0.00320  -0.00316  -0.00315
       -0.00313  -0.00311  -0.00310  -0.00306  -0.00304  -0.00302  -0.00301  -0.00299  -0.00296
       -0.00295  -0.00293  -0.00291  -0.00288  -0.00288  -0.00286  -0.00283  -0.00279  -0.00277
       -0.00276  -0.00274  -0.00272  -0.00271  -0.00269  -0.00267  -0.00265  -0.00264  -0.00262
       -0.00260  -0.00259  -0.00258  -0.00257  -0.00254  -0.00253  -0.00251  -0.00246  -0.00245
       -0.00244  -0.00241  -0.00239  -0.00238  -0.00237  -0.00236  -0.00235  -0.00232  -0.00231
       -0.00229  -0.00229  -0.00227  -0.00226  -0.00223  -0.00221  -0.00220  -0.00218  -0.00217
       -0.00216  -0.00213  -0.00212  -0.00210  -0.00210  -0.00207  -0.00205  -0.00205  -0.00204
       -0.00202  -0.00201  -0.00199  -0.00197  -0.00195  -0.00193  -0.00192  -0.00190  -0.00188
       -0.00188  -0.00186  -0.00185  -0.00183  -0.00182  -0.00181  -0.00179  -0.00178  -0.00178
       -0.00175  -0.00173  -0.00172  -0.00171  -0.00169  -0.00167  -0.00165  -0.00164  -0.00163
       -0.00161  -0.00160  -0.00158  -0.00156  -0.00156  -0.00154  -0.00154  -0.00152  -0.00151
       -0.00149  -0.00149  -0.00147  -0.00146  -0.00144  -0.00143  -0.00142  -0.00140  -0.00139
       -0.00138  -0.00138  -0.00136  -0.00134  -0.00133  -0.00133  -0.00131  -0.00130  -0.00129
       -0.00128  -0.00125  -0.00124  -0.00123  -0.00122  -0.00120  -0.00119  -0.00118  -0.00117
       -0.00117  -0.00115  -0.00114  -0.00113  -0.00112  -0.00109  -0.00108  -0.00107  -0.00106
       -0.00106  -0.00105  -0.00104  -0.00102  -0.00101  -0.00100  -0.00098  -0.00097  -0.00096
       -0.00094  -0.00094  -0.00093  -0.00091  -0.00091  -0.00088  -0.00086  -0.00086  -0.00085
       -0.00083  -0.00080  -0.00078  -0.00034
        
     --------------------------------------------------------------------------------------------
     Tot. elapsed time 01m-44.2s,  time spent in last iteration 01m-44.2s
     --------------------------------------------------------------------------------------------

     [I/O] -------------------------------------------------------
     [I/O] RESTART written in < 00.1s             
     [I/O] In location   : ./c2h2_100_400.wstat.restart
     [I/O] -------------------------------------------------------

                       *----------*              *----------*               *----------*
     #     Iteration = |        1 |   DFPT_dim = |      400 |   Diago_dim = |      800 |
                       *----------*              *----------*               *----------*
       
     --------------------------------------------------------------------------------------------
     Applying projection operator formed by dvg                          
     --------------------------------------------------------------------------------------------
     per-process dynamical memory   219.2 Mb
  
       
     --------------------------------------------------------------------------------------------
     Sternheimer eq. solver... with threshold =   1.000000E-12           
     --------------------------------------------------------------------------------------------
     in progress... |#                   | 005% :               00.7s (E)               14.9s (X)
     in progress... |##                  | 010% :               01.4s (E)               14.8s (X)
     in progress... |###                 | 015% :               02.2s (E)               14.8s (X)
     in progress... |####                | 020% :               02.9s (E)               14.8s (X)
     in progress... |#####               | 025% :               03.7s (E)               14.8s (X)
     in progress... |######              | 030% :               04.4s (E)               14.8s (X)
     in progress... |#######             | 035% :               05.1s (E)               14.8s (X)
     in progress... |########            | 040% :               05.9s (E)               14.8s (X)
     in progress... |#########           | 045% :               06.6s (E)               14.8s (X)
     in progress... |##########          | 050% :               07.4s (E)               14.8s (X)
     in progress... |###########         | 055% :               08.1s (E)               14.8s (X)
     in progress... |############        | 060% :               08.8s (E)               14.8s (X)
     in progress... |#############       | 065% :               09.6s (E)               14.8s (X)
     in progress... |##############      | 070% :               10.3s (E)               14.7s (X)
     in progress... |###############     | 075% :               11.0s (E)               14.7s (X)
     in progress... |################    | 080% :               11.8s (E)               14.7s (X)
     in progress... |#################   | 085% :               12.5s (E)               14.7s (X)
     in progress... |##################  | 090% :               13.3s (E)               14.7s (X)
     in progress... |################### | 095% :               14.0s (E)               14.7s (X)
     in progress... |####################| 100% :               14.7s (E)               14.7s (X)
       
     --------------------------------------------------------------------------------------------
     Applying projection operator formed by dvg                          
     --------------------------------------------------------------------------------------------
     --------------------------------------------------------------------------------------------
     p-DIAGOX done in 00.4s with a SCALAPACK grid (12x12)
     --------------------------------------------------------------------------------------------
        
       -0.02357  -0.02356  -0.02280  -0.02280  -0.02230  -0.02229  -0.02106  -0.02075  -0.02047
       -0.02046  -0.02000  -0.01999  -0.01968  -0.01968  -0.01959  -0.01938  -0.01938  -0.01864
       -0.01863  -0.01835  -0.01834  -0.01830  -0.01829  -0.01793  -0.01793  -0.01773  -0.01772
       -0.01679  -0.01678  -0.01651  -0.01651  -0.01648  -0.01620  -0.01620  -0.01580  -0.01568
       -0.01568  -0.01540  -0.01535  -0.01535  -0.01489  -0.01488  -0.01481  -0.01481  -0.01441
       -0.01440  -0.01429  -0.01412  -0.01383  -0.01382  -0.01352  -0.01351  -0.01349  -0.01349
       -0.01341  -0.01341  -0.01325  -0.01325  -0.01321  -0.01282  -0.01281  -0.01253  -0.01253
       -0.01226  -0.01226  -0.01207  -0.01207  -0.01202  -0.01189  -0.01189  -0.01171  -0.01166
       -0.01166  -0.01152  -0.01151  -0.01133  -0.01132  -0.01100  -0.01100  -0.01070  -0.01070
       -0.01064  -0.01064  -0.01043  -0.01042  -0.01041  -0.01041  -0.01040  -0.01039  -0.01037
       -0.01020  -0.01020  -0.01017  -0.01017  -0.00998  -0.00998  -0.00977  -0.00977  -0.00968
       -0.00948  -0.00927  -0.00927  -0.00919  -0.00918  -0.00915  -0.00915  -0.00915  -0.00908
       -0.00907  -0.00901  -0.00897  -0.00896  -0.00879  -0.00878  -0.00870  -0.00870  -0.00865
       -0.00864  -0.00851  -0.00842  -0.00842  -0.00838  -0.00823  -0.00823  -0.00808  -0.00807
       -0.00806  -0.00805  -0.00802  -0.00802  -0.00796  -0.00796  -0.00788  -0.00787  -0.00781
       -0.00780  -0.00771  -0.00770  -0.00759  -0.00758  -0.00749  -0.00749  -0.00732  -0.00732
       -0.00724  -0.00723  -0.00717  -0.00714  -0.00713  -0.00710  -0.00708  -0.00704  -0.00704
       -0.00700  -0.00698  -0.00694  -0.00692  -0.00688  -0.00686  -0.00663  -0.00662  -0.00660
       -0.00655  -0.00655  -0.00651  -0.00650  -0.00650  -0.00650  -0.00640  -0.00638  -0.00629
       -0.00628  -0.00627  -0.00627  -0.00626  -0.00625  -0.00625  -0.00624  -0.00617  -0.00616
       -0.00615  -0.00614  -0.00613  -0.00611  -0.00610  -0.00608  -0.00601  -0.00597  -0.00596
       -0.00577  -0.00575  -0.00566  -0.00565  -0.00564  -0.00563  -0.00562  -0.00560  -0.00559
       -0.00557  -0.00554  -0.00552  -0.00551  -0.00549  -0.00544  -0.00543  -0.00543  -0.00542
       -0.00541  -0.00539  -0.00538  -0.00537  -0.00532  -0.00532  -0.00524  -0.00522  -0.00521
       -0.00519  -0.00517  -0.00514  -0.00503  -0.00502  -0.00500  -0.00498  -0.00495  -0.00492
       -0.00491  -0.00490  -0.00489  -0.00487  -0.00486  -0.00484  -0.00483  -0.00482  -0.00482
       -0.00479  -0.00477  -0.00475  -0.00466  -0.00465  -0.00463  -0.00462  -0.00462  -0.00458
       -0.00457  -0.00450  -0.00444  -0.00444  -0.00441  -0.00440  -0.00439  -0.00438  -0.00437
       -0.00435  -0.00434  -0.00432  -0.00430  -0.00428  -0.00427  -0.00425  -0.00423  -0.00421
       -0.00420  -0.00419  -0.00419  -0.00416  -0.00414  -0.00412  -0.00411  -0.00408  -0.00407
       -0.00405  -0.00404  -0.00403  -0.00402  -0.00401  -0.00401  -0.00399  -0.00397  -0.00397
       -0.00396  -0.00393  -0.00392  -0.00391  -0.00391  -0.00390  -0.00389  -0.00386  -0.00386
       -0.00384  -0.00383  -0.00382  -0.00378  -0.00378  -0.00377  -0.00375  -0.00373  -0.00372
       -0.00370  -0.00367  -0.00366  -0.00365  -0.00363  -0.00361  -0.00359  -0.00357  -0.00353
       -0.00352  -0.00350  -0.00349  -0.00346  -0.00345  -0.00344  -0.00342  -0.00341  -0.00341
       -0.00340  -0.00339  -0.00338  -0.00336  -0.00335  -0.00332  -0.00331  -0.00330  -0.00329
       -0.00326  -0.00325  -0.00324  -0.00323  -0.00323  -0.00321  -0.00320  -0.00317  -0.00317
       -0.00313  -0.00313  -0.00312  -0.00310  -0.00308  -0.00307  -0.00306  -0.00305  -0.00304
       -0.00303  -0.00302  -0.00301  -0.00300  -0.00298  -0.00297  -0.00296  -0.00296  -0.00295
       -0.00294  -0.00293  -0.00292  -0.00291  -0.00289  -0.00288  -0.00285  -0.00284  -0.00283
       -0.00283  -0.00281  -0.00280  -0.00279  -0.00279  -0.00277  -0.00275  -0.00274  -0.00274
       -0.00273  -0.00271  -0.00270  -0.00269  -0.00267  -0.00266  -0.00265  -0.00265  -0.00264
       -0.00263  -0.00262  -0.00261  -0.00260  -0.00259  -0.00258  -0.00256  -0.00256  -0.00255
       -0.00254  -0.00253  -0.00252  -0.00249  -0.00249  -0.00248  -0.00247  -0.00247  -0.00245
       -0.00244  -0.00242  -0.00242  -0.00241
        
     --------------------------------------------------------------------------------------------
     Tot. elapsed time 03m-28.3s,  time spent in last iteration 27.3s
     --------------------------------------------------------------------------------------------

     [I/O] -------------------------------------------------------
     [I/O] RESTART written in < 00.1s             
     [I/O] In location   : ./c2h2_100_400.wstat.restart
     [I/O] -------------------------------------------------------

                       *----------*              *----------*               *----------*
     #     Iteration = |        2 |   DFPT_dim = |      304 |   Diago_dim = |     1104 |
                       *----------*              *----------*               *----------*
       
     --------------------------------------------------------------------------------------------
     Applying projection operator formed by dvg                          
     --------------------------------------------------------------------------------------------
     per-process dynamical memory   217.7 Mb
  
       
     --------------------------------------------------------------------------------------------
     Sternheimer eq. solver... with threshold =   1.000000E-12           
     --------------------------------------------------------------------------------------------
     in progress... |#                   | 005% :               00.7s (E)               14.7s (X)
     in progress... |##                  | 010% :               01.4s (E)               14.7s (X)
     in progress... |###                 | 015% :               01.8s (E)               12.2s (X)
     in progress... |####                | 020% :               02.5s (E)               12.8s (X)
     in progress... |#####               | 025% :               02.9s (E)               11.7s (X)
     in progress... |######              | 030% :               03.6s (E)               12.2s (X)
     in progress... |#######             | 035% :               04.0s (E)               11.5s (X)
     in progress... |########            | 040% :               04.7s (E)               11.9s (X)
     in progress... |#########           | 045% :               05.1s (E)               11.4s (X)
     in progress... |##########          | 050% :               05.9s (E)               11.8s (X)
     in progress... |###########         | 055% :               06.6s (E)               12.0s (X)
     in progress... |############        | 060% :               07.0s (E)               11.6s (X)
     in progress... |#############       | 065% :               07.7s (E)               11.9s (X)
     in progress... |##############      | 070% :               08.1s (E)               11.5s (X)
     in progress... |###############     | 075% :               08.8s (E)               11.8s (X)
     in progress... |################    | 080% :               09.2s (E)               11.5s (X)
     in progress... |#################   | 085% :               09.9s (E)               11.7s (X)
     in progress... |##################  | 090% :               10.3s (E)               11.4s (X)
     in progress... |################### | 095% :               11.0s (E)               11.6s (X)
     in progress... |####################| 100% :               11.4s (E)               11.4s (X)
       
     --------------------------------------------------------------------------------------------
     Applying projection operator formed by dvg                          
     --------------------------------------------------------------------------------------------
     --------------------------------------------------------------------------------------------
     p-DIAGOX done in 00.5s with a SCALAPACK grid (12x12)
     --------------------------------------------------------------------------------------------
        
       -0.02357  -0.02356  -0.02280  -0.02280  -0.02230  -0.02229  -0.02106  -0.02075  -0.02047
       -0.02046  -0.02000  -0.01999  -0.01968  -0.01968  -0.01959  -0.01938  -0.01938  -0.01864
       -0.01863  -0.01835  -0.01834  -0.01830  -0.01829  -0.01794  -0.01793  -0.01773  -0.01772
       -0.01679  -0.01678  -0.01651  -0.01651  -0.01648  -0.01620  -0.01620  -0.01581  -0.01568
       -0.01568  -0.01540  -0.01535  -0.01535  -0.01489  -0.01489  -0.01482  -0.01481  -0.01442
       -0.01441  -0.01430  -0.01412  -0.01383  -0.01383  -0.01352  -0.01352  -0.01350  -0.01349
       -0.01341  -0.01341  -0.01326  -0.01325  -0.01321  -0.01282  -0.01282  -0.01253  -0.01253
       -0.01227  -0.01226  -0.01207  -0.01207  -0.01203  -0.01189  -0.01189  -0.01172  -0.01167
       -0.01167  -0.01152  -0.01152  -0.01133  -0.01133  -0.01101  -0.01101  -0.01070  -0.01070
       -0.01065  -0.01065  -0.01043  -0.01043  -0.01042  -0.01042  -0.01041  -0.01039  -0.01038
       -0.01021  -0.01021  -0.01018  -0.01018  -0.00999  -0.00999  -0.00979  -0.00978  -0.00969
       -0.00949  -0.00928  -0.00928  -0.00920  -0.00920  -0.00917  -0.00916  -0.00916  -0.00911
       -0.00911  -0.00903  -0.00899  -0.00899  -0.00882  -0.00882  -0.00872  -0.00872  -0.00866
       -0.00866  -0.00854  -0.00845  -0.00845  -0.00841  -0.00827  -0.00827  -0.00809  -0.00809
       -0.00807  -0.00807  -0.00805  -0.00805  -0.00799  -0.00799  -0.00790  -0.00790  -0.00783
       -0.00783  -0.00773  -0.00773  -0.00762  -0.00761  -0.00752  -0.00752  -0.00735  -0.00734
       -0.00727  -0.00727  -0.00722  -0.00716  -0.00715  -0.00715  -0.00715  -0.00707  -0.00707
       -0.00703  -0.00703  -0.00699  -0.00699  -0.00694  -0.00693  -0.00669  -0.00667  -0.00667
       -0.00659  -0.00659  -0.00655  -0.00655  -0.00654  -0.00654  -0.00645  -0.00645  -0.00633
       -0.00633  -0.00633  -0.00633  -0.00632  -0.00631  -0.00630  -0.00630  -0.00625  -0.00621
       -0.00621  -0.00620  -0.00620  -0.00618  -0.00618  -0.00613  -0.00609  -0.00602  -0.00602
       -0.00583  -0.00583  -0.00572  -0.00572  -0.00571  -0.00571  -0.00571  -0.00570  -0.00569
       -0.00569  -0.00560  -0.00559  -0.00557  -0.00557  -0.00555  -0.00555  -0.00555  -0.00555
       -0.00551  -0.00551  -0.00548  -0.00548  -0.00545  -0.00545  -0.00537  -0.00536  -0.00534
       -0.00528  -0.00528  -0.00528  -0.00514  -0.00514  -0.00510  -0.00509  -0.00503  -0.00503
       -0.00502  -0.00502  -0.00499  -0.00499  -0.00496  -0.00496  -0.00494  -0.00494  -0.00492
       -0.00492  -0.00488  -0.00488  -0.00477  -0.00477  -0.00476  -0.00472  -0.00472  -0.00472
       -0.00472  -0.00463  -0.00461  -0.00461  -0.00455  -0.00455  -0.00452  -0.00450  -0.00449
       -0.00449  -0.00449  -0.00444  -0.00444  -0.00444  -0.00444  -0.00441  -0.00441  -0.00440
       -0.00440  -0.00439  -0.00434  -0.00434  -0.00434  -0.00430  -0.00430  -0.00427  -0.00427
       -0.00420  -0.00420  -0.00417  -0.00417  -0.00416  -0.00416  -0.00415  -0.00415  -0.00415
       -0.00414  -0.00414  -0.00414  -0.00414  -0.00412  -0.00406  -0.00405  -0.00405  -0.00404
       -0.00404  -0.00404  -0.00401  -0.00401  -0.00399  -0.00399  -0.00397  -0.00397  -0.00393
       -0.00392  -0.00389  -0.00386  -0.00386  -0.00384  -0.00384  -0.00381  -0.00381  -0.00372
       -0.00371  -0.00371  -0.00368  -0.00367  -0.00367  -0.00367  -0.00366  -0.00366  -0.00364
       -0.00363  -0.00362  -0.00358  -0.00358  -0.00357  -0.00356  -0.00356  -0.00355  -0.00355
       -0.00355  -0.00354  -0.00354  -0.00353  -0.00352  -0.00352  -0.00350  -0.00350  -0.00348
       -0.00348  -0.00348  -0.00347  -0.00341  -0.00341  -0.00332  -0.00331  -0.00330  -0.00329
       -0.00328  -0.00328  -0.00327  -0.00327  -0.00326  -0.00325  -0.00321  -0.00321  -0.00320
       -0.00319  -0.00319  -0.00318  -0.00318  -0.00318  -0.00318  -0.00318  -0.00317  -0.00316
       -0.00316  -0.00315  -0.00315  -0.00313  -0.00312  -0.00311  -0.00311  -0.00310  -0.00305
       -0.00303  -0.00302  -0.00301  -0.00300  -0.00299  -0.00299  -0.00298  -0.00296  -0.00296
       -0.00292  -0.00292  -0.00290  -0.00290  -0.00289  -0.00289  -0.00288  -0.00288  -0.00287
       -0.00287  -0.00287  -0.00286  -0.00286  -0.00284  -0.00284  -0.00283  -0.00283  -0.00282
       -0.00281  -0.00281  -0.00279  -0.00279
        
     --------------------------------------------------------------------------------------------
     Tot. elapsed time 05m-10.8s,  time spent in last iteration 25.9s
     --------------------------------------------------------------------------------------------

     [I/O] -------------------------------------------------------
     [I/O] RESTART written in < 00.1s             
     [I/O] In location   : ./c2h2_100_400.wstat.restart
     [I/O] -------------------------------------------------------

                       *----------*              *----------*               *----------*
     #     Iteration = |        3 |   DFPT_dim = |       50 |   Diago_dim = |     1154 |
                       *----------*              *----------*               *----------*
       
     --------------------------------------------------------------------------------------------
     Applying projection operator formed by dvg                          
     --------------------------------------------------------------------------------------------
     per-process dynamical memory   214.9 Mb
  
       
     --------------------------------------------------------------------------------------------
     Sternheimer eq. solver... with threshold =   1.000000E-12           
     --------------------------------------------------------------------------------------------
     in progress... |####                | 020% :               00.3s (E)               01.8s (X)
     in progress... |########            | 040% :               00.7s (E)               01.8s (X)
     in progress... |############        | 060% :               01.1s (E)               01.8s (X)
     in progress... |################    | 080% :               01.4s (E)               01.8s (X)
     in progress... |####################| 100% :               01.8s (E)               01.8s (X)
       
     --------------------------------------------------------------------------------------------
     Applying projection operator formed by dvg                          
     --------------------------------------------------------------------------------------------
     --------------------------------------------------------------------------------------------
     p-DIAGOX done in 00.6s with a SCALAPACK grid (12x12)
     --------------------------------------------------------------------------------------------
        
       -0.02357  -0.02356  -0.02280  -0.02280  -0.02230  -0.02229  -0.02106  -0.02075  -0.02047
       -0.02046  -0.02000  -0.01999  -0.01968  -0.01968  -0.01959  -0.01938  -0.01938  -0.01864
       -0.01863  -0.01835  -0.01834  -0.01830  -0.01829  -0.01794  -0.01793  -0.01773  -0.01772
       -0.01679  -0.01678  -0.01651  -0.01651  -0.01648  -0.01620  -0.01620  -0.01581  -0.01568
       -0.01568  -0.01540  -0.01535  -0.01535  -0.01489  -0.01489  -0.01482  -0.01481  -0.01442
       -0.01441  -0.01430  -0.01412  -0.01383  -0.01383  -0.01352  -0.01352  -0.01350  -0.01349
       -0.01341  -0.01341  -0.01326  -0.01325  -0.01321  -0.01282  -0.01282  -0.01253  -0.01253
       -0.01227  -0.01226  -0.01207  -0.01207  -0.01203  -0.01189  -0.01189  -0.01172  -0.01167
       -0.01167  -0.01152  -0.01152  -0.01133  -0.01133  -0.01101  -0.01101  -0.01070  -0.01070
       -0.01065  -0.01065  -0.01043  -0.01043  -0.01042  -0.01042  -0.01041  -0.01039  -0.01038
       -0.01021  -0.01021  -0.01018  -0.01018  -0.00999  -0.00999  -0.00979  -0.00978  -0.00969
       -0.00949  -0.00928  -0.00928  -0.00920  -0.00920  -0.00917  -0.00916  -0.00916  -0.00911
       -0.00911  -0.00903  -0.00899  -0.00899  -0.00882  -0.00882  -0.00872  -0.00872  -0.00866
       -0.00866  -0.00854  -0.00845  -0.00845  -0.00841  -0.00827  -0.00827  -0.00810  -0.00809
       -0.00807  -0.00807  -0.00805  -0.00805  -0.00799  -0.00799  -0.00790  -0.00790  -0.00783
       -0.00783  -0.00773  -0.00773  -0.00762  -0.00761  -0.00752  -0.00752  -0.00735  -0.00734
       -0.00727  -0.00727  -0.00722  -0.00716  -0.00715  -0.00715  -0.00715  -0.00707  -0.00707
       -0.00703  -0.00703  -0.00699  -0.00699  -0.00694  -0.00693  -0.00669  -0.00668  -0.00667
       -0.00659  -0.00659  -0.00655  -0.00655  -0.00654  -0.00654  -0.00645  -0.00645  -0.00633
       -0.00633  -0.00633  -0.00633  -0.00632  -0.00632  -0.00630  -0.00630  -0.00625  -0.00621
       -0.00621  -0.00620  -0.00620  -0.00618  -0.00618  -0.00613  -0.00609  -0.00602  -0.00602
       -0.00583  -0.00583  -0.00572  -0.00572  -0.00571  -0.00571  -0.00571  -0.00570  -0.00569
       -0.00569  -0.00560  -0.00559  -0.00558  -0.00558  -0.00555  -0.00555  -0.00555  -0.00555
       -0.00551  -0.00551  -0.00548  -0.00548  -0.00546  -0.00545  -0.00537  -0.00537  -0.00534
       -0.00528  -0.00528  -0.00528  -0.00514  -0.00514  -0.00510  -0.00510  -0.00503  -0.00503
       -0.00503  -0.00502  -0.00500  -0.00499  -0.00496  -0.00496  -0.00494  -0.00494  -0.00492
       -0.00492  -0.00488  -0.00488  -0.00477  -0.00477  -0.00477  -0.00472  -0.00472  -0.00472
       -0.00472  -0.00463  -0.00462  -0.00462  -0.00455  -0.00455  -0.00452  -0.00450  -0.00450
       -0.00449  -0.00449  -0.00444  -0.00444  -0.00444  -0.00444  -0.00442  -0.00442  -0.00440
       -0.00440  -0.00440  -0.00435  -0.00435  -0.00434  -0.00431  -0.00430  -0.00427  -0.00427
       -0.00420  -0.00420  -0.00417  -0.00417  -0.00417  -0.00417  -0.00416  -0.00416  -0.00415
       -0.00415  -0.00415  -0.00414  -0.00414  -0.00412  -0.00406  -0.00406  -0.00405  -0.00405
       -0.00404  -0.00404  -0.00401  -0.00401  -0.00400  -0.00399  -0.00398  -0.00398  -0.00393
       -0.00393  -0.00389  -0.00386  -0.00386  -0.00384  -0.00384  -0.00381  -0.00381  -0.00373
       -0.00372  -0.00372  -0.00368  -0.00368  -0.00367  -0.00367  -0.00367  -0.00366  -0.00365
       -0.00364  -0.00363  -0.00359  -0.00359  -0.00359  -0.00356  -0.00356  -0.00356  -0.00355
       -0.00355  -0.00355  -0.00354  -0.00354  -0.00353  -0.00352  -0.00352  -0.00351  -0.00350
       -0.00350  -0.00349  -0.00349  -0.00343  -0.00343  -0.00333  -0.00332  -0.00331  -0.00330
       -0.00329  -0.00328  -0.00328  -0.00328  -0.00327  -0.00326  -0.00322  -0.00322  -0.00321
       -0.00321  -0.00320  -0.00320  -0.00320  -0.00320  -0.00320  -0.00320  -0.00319  -0.00319
       -0.00319  -0.00318  -0.00318  -0.00316  -0.00314  -0.00314  -0.00313  -0.00313  -0.00309
       -0.00307  -0.00304  -0.00304  -0.00303  -0.00303  -0.00301  -0.00301  -0.00301  -0.00301
       -0.00298  -0.00297  -0.00297  -0.00293  -0.00293  -0.00293  -0.00292  -0.00292  -0.00292
       -0.00292  -0.00291  -0.00291  -0.00290  -0.00290  -0.00289  -0.00289  -0.00288  -0.00287
       -0.00287  -0.00286  -0.00285  -0.00283
        
     --------------------------------------------------------------------------------------------
     Tot. elapsed time 06m-39.0s,  time spent in last iteration 09.3s
     --------------------------------------------------------------------------------------------
       
     --------------------------------------------------------------------------------------------
     Convergence achieved !!! in        3 steps                          
     --------------------------------------------------------------------------------------------
      
     --------------------------------------------------------------------------------------------
     Database written in < 00.1s             
     In location : ./c2h2_100_400.wstat.save
     --------------------------------------------------------------------------------------------
 
     WSTAT        :  6m17.07s CPU    12m52.49s WALL

     wstat_readin :      5.93s CPU     39.71s WALL (       1 calls)
     fetch_nml    :      0.00s CPU      0.00s WALL (       1 calls)
     read_xml     :      1.36s CPU      1.60s WALL (       1 calls)
     init_vloc    :      0.11s CPU      0.11s WALL (       2 calls)
     fft          :      0.32s CPU      0.38s WALL (      11 calls)
     fft_scatter  :     28.69s CPU     28.98s WALL (    8762 calls)
     v_of_rho     :      0.35s CPU      0.37s WALL (       1 calls)
     v_xc         :      0.31s CPU      0.33s WALL (       1 calls)
     v_h          :      0.04s CPU      0.04s WALL (       1 calls)
     read_wave    :      4.56s CPU     38.10s WALL (       1 calls)
     davcio       :      0.00s CPU      0.08s WALL (       2 calls)
     init_us_1    :      0.02s CPU      0.02s WALL (       2 calls)
     do_setup     :      0.18s CPU      0.19s WALL (       1 calls)
     init_pw_ar   :      0.18s CPU      0.19s WALL (       1 calls)
     init_at_1    :      0.00s CPU      0.00s WALL (       1 calls)
     storesqvc    :      0.00s CPU      0.00s WALL (       1 calls)
     chidiago     :    181.29s CPU    287.48s WALL (       1 calls)
     randomize    :      1.15s CPU      1.17s WALL (       2 calls)
     paramgs      :     13.94s CPU     14.24s WALL (      11 calls)
     dfpt         :    193.02s CPU    194.63s WALL (      10 calls)
     init_us_2    :      0.04s CPU      0.04s WALL (      10 calls)
     fftw         :    131.76s CPU    132.68s WALL (    8751 calls)
     alphapc      :      0.31s CPU      0.30s WALL (     199 calls)
     wstat_restar :    114.38s CPU    437.51s WALL (       8 calls)
     linstern     :    130.98s CPU    132.00s WALL (     149 calls)
     stern        :    121.63s CPU    122.62s WALL (    3750 calls)
     h_psi_bgrp   :    116.13s CPU    117.05s WALL (    1146 calls)
     h_psi        :    116.12s CPU    117.05s WALL (    1146 calls)
     h_psi:pot    :    115.76s CPU    116.68s WALL (    1146 calls)
     vloc_psi     :    110.39s CPU    111.28s WALL (    1146 calls)
     h_psi:calbec :      3.38s CPU      3.04s WALL (    1146 calls)
     calbec       :      3.38s CPU      3.03s WALL (    1146 calls)
     add_vuspsi   :      1.99s CPU      2.35s WALL (    1146 calls)
     alphapv      :      3.56s CPU      3.56s WALL (    3750 calls)
     build_hr     :      7.98s CPU      8.21s WALL (       8 calls)
     diagox       :      2.98s CPU      3.14s WALL (       8 calls)
     redistr_vr   :      0.29s CPU      0.30s WALL (       6 calls)
     update_vr    :     13.00s CPU     13.40s WALL (       6 calls)
     symm_hr      :      0.28s CPU      0.29s WALL (       6 calls)
     chidiago:las :      0.00s CPU      0.00s WALL (       1 calls)
     refresh_vr   :      4.83s CPU      4.93s WALL (       2 calls)
     pdep_db      :      2.64s CPU      9.16s WALL (       1 calls)
     kinchidiago  :    189.66s CPU    445.08s WALL (       1 calls)
     k_psi        :      0.59s CPU      0.60s WALL (    2604 calls)
     kinchidiago: :      0.00s CPU      0.00s WALL (       1 calls)
     pdep_db_for_ :     10.23s CPU     36.88s WALL (       1 calls)
 
     WSTAT        :  6m17.07s CPU    12m52.49s WALL

 
   This run was terminated on:  13:52:49  27Sep2019            

=------------------------------------------------------------------------------=
   JOB DONE.
=------------------------------------------------------------------------------=
