
     Program WSTAT v. 2.0.0 starts on 27Sep2019 at 13:52:51 

     This program is part of the open-source West suite
     for massively parallel calculations of excited states in materials; please cite
         "M. Govoni et al., J. Chem. Theory Comput. 11, 2680 (2015);
          URL http://www.west-code.org", 
     in publications or presentations arising from this work.

     Based on the Quantum ESPRESSO v. 6.1 svn rev. 13369
       
     --------------------------------------------------------------------------------------------
     **MPI** Parallelization Status                                      
     --------------------------------------------------------------------------------------------
                   160                  10             1             1            16
     --------------------------------------------------------------------------------------------
                     N         =         I      X      P      X      B      X      Z
                     ^                   ^             ^             ^             ^
                     |                   |             |             |             |
                   #rnk                  |             |             |             |
                                      #image           |             |             |
                                                     #pool           |             |
                                                                   #bgrp           |
                                                                                 #R&G
     --------------------------------------------------------------------------------------------
     #prc =          160
     --------------------------------------------------------------------------------------------
       
     --------------------------------------------------------------------------------------------
     I/O Summary : input_west                                            
     --------------------------------------------------------------------------------------------
     qe_prefix      = c2h2
     west_prefix    = c2h2
     outdir         = ./
     --------------------------------------------------------------------------------------------
       
     --------------------------------------------------------------------------------------------
     I/O Summary : wstat_control                                         
     --------------------------------------------------------------------------------------------
     wstat_calculation              =              S
     n_pdep_eigen                   =            420
     n_kin_pdep_eigen               =              0
     n_lindhard_eigen               =              0
     n_pdep_times                   =              4
     n_pdep_maxiter                 =            100
     n_dfpt_maxiter                 =            250
     n_pdep_read_from_file          =              0
     trev_pdep                      =   1.000000E-03
     trev_pdep_rel                  =   1.000000E-01
     tr2_dfpt                       =   1.000000E-12
     l_kinetic_only                 =              F
     l_minimize_exx_if_active       =              F
     l_use_ecutrho                  =              F
     l_pure_eigen                   =              F
     --------------------------------------------------------------------------------------------

     Reading data from directory:
     ./c2h2.save

   Info: using nr1, nr2, nr3 values from input

   Info: using nr1, nr2, nr3 values from input

     IMPORTANT: XC functional enforced from input :
     Exchange-correlation      = PBE ( 1  4  3  4 0 0)
     Any further DFT definition will be discarded
     Please, verify this is what you really want

     Message from routine readpp:
     file ./c2h2.save/C_ONCV_PBE-1.0.upf not found
     Message from routine readpp:
     file ./c2h2.save/H_ONCV_PBE-1.0.upf not found
 
     Parallelization info
     --------------------
     sticks:   dense  smooth     PW     G-vecs:    dense   smooth      PW
     Min        1520    1520    379               178660   178660   22323
     Max        1522    1522    384               178666   178666   22328
     Sum       24345   24345   6093              2858633  2858633  357213
 
       
     --------------------------------------------------------------------------------------------
     System Overview                                                     
     --------------------------------------------------------------------------------------------
     gamma_only           =              T
     ecutwfc [Ry]         =      85.000000
     omega [au^3]         =   2.700000E+04
     glob. #G             =         178607
     nbnd                 =            100
     nkstot               =              1
     nspin                =              1
     nelec                =      10.000000
     npol                 =              1
     lsda                 =              F
     noncolin             =              F
     lspinorb             =              F
     domag                =              F
     --------------------------------------------------------------------------------------------

     sFFT G-space:  1429317 G-vectors     R-space: ( 180, 180, 180)
     dFFT G-space:  1429317 G-vectors     R-space: ( 180, 180, 180)

     Cell [a.u.]          =      30.000000      0.000000      0.000000
                          =       0.000000     30.000000      0.000000
                          =       0.000000      0.000000     30.000000
      
     number of ks points=     1
                       cart. coord. in units 2pi/alat
        k(    1) = (   0.0000000   0.0000000   0.0000000), wk =   2.0000000

                       cryst. coord.
        k(    1) = (   0.0000000   0.0000000   0.0000000), wk =   2.0000000
 
     Spherical div        =   1.654268E-01
     Orthorombic div      =   1.628502E-01
       
     --------------------------------------------------------------------------------------------
     Parallelization for nvecx                                           
     --------------------------------------------------------------------------------------------
     nglob                =           1680
     nlevel               =             10
     Min nglob/nlevel     =            168
     Max nglob/nlevel     =            168
     --------------------------------------------------------------------------------------------

     [MEM] ----------------------------------------------------------
     [MEM] **Memory** analysis: QE
     [MEM] ----------------------------------------------------------
     [MEM] Allocated arrays           est. size (Mb)     dimensions
     [MEM] ----------------------------------------------------------
     [MEM] Kohn-Sham Wavefunctions      17.03 Mb     (  11164,  100)
     [MEM] NL pseudopotentials           3.41 Mb     (  11164,   20)
     [MEM] Each V/rho on FFT grid        5.93 Mb     ( 388800)
     [MEM] Each G-vector array           0.68 Mb     (  89333)
     [MEM] G-vector shells               0.05 Mb     (   6125)
     [MEM] ----------------------------------------------------------
     [MEM] TOT                          27.10 Mb
     [MEM] ----------------------------------------------------------
     [MEM] 
     [MEM] ----------------------------------------------------------
     [MEM] **Memory** analysis: WSTAT global
     [MEM] ----------------------------------------------------------
     [MEM] Allocated arrays           est. size (Mb)     dimensions
     [MEM] ----------------------------------------------------------
     [MEM] dvg                          28.62 Mb     (  11164,  168)
     [MEM] dng                          28.62 Mb     (  11164,  168)
     [MEM] hr_distr                      2.15 Mb     (   1680,  168)
     [MEM] vr_distr                      2.15 Mb     (   1680,  168)
     [MEM] ----------------------------------------------------------
     [MEM] TOT                          61.54 Mb
     [MEM] ----------------------------------------------------------
     [MEM] 
     [MEM] ----------------------------------------------------------
     [MEM] **Memory** analysis: WSTAT temporary
     [MEM] ----------------------------------------------------------
     [MEM] Allocated arrays           est. size (Mb)     dimensions
     [MEM] ----------------------------------------------------------
     [MEM] dvpsi                         0.85 Mb     (  11164,    5)
     [MEM] dpsi                          0.85 Mb     (  11164,    5)
     [MEM] ----------------------------------------------------------
     [MEM] Total estimate                1.70 Mb
     [MEM] ----------------------------------------------------------

                       *----------*              *----------*               *----------*
     #     Iteration = | starting |   DFPT_dim = |      420 |   Diago_dim = |      420 |  x 1/2
                       *----------*              *----------*               *----------*
     per-process dynamical memory   168.1 Mb
  
       
     --------------------------------------------------------------------------------------------
     Sternheimer eq. solver... with lite-solver                          
     --------------------------------------------------------------------------------------------
     in progress... |#                   | 005% :               00.7s (E)               15.8s (X)
     in progress... |##                  | 010% :               01.3s (E)               13.1s (X)
     in progress... |###                 | 015% :               01.8s (E)               12.2s (X)
     in progress... |####                | 020% :               02.3s (E)               11.8s (X)
     in progress... |#####               | 025% :               02.8s (E)               11.5s (X)
     in progress... |######              | 030% :               03.4s (E)               11.3s (X)
     in progress... |#######             | 035% :               03.9s (E)               11.2s (X)
     in progress... |########            | 040% :               04.4s (E)               11.1s (X)
     in progress... |#########           | 045% :               04.9s (E)               11.0s (X)
     in progress... |##########          | 050% :               05.4s (E)               10.9s (X)
     in progress... |###########         | 055% :               06.2s (E)               11.4s (X)
     in progress... |############        | 060% :               06.8s (E)               11.3s (X)
     in progress... |#############       | 065% :               07.3s (E)               11.2s (X)
     in progress... |##############      | 070% :               07.8s (E)               11.2s (X)
     in progress... |###############     | 075% :               08.3s (E)               11.1s (X)
     in progress... |################    | 080% :               08.9s (E)               11.1s (X)
     in progress... |#################   | 085% :               09.4s (E)               11.0s (X)
     in progress... |##################  | 090% :               09.9s (E)               11.0s (X)
     in progress... |################### | 095% :               10.4s (E)               11.0s (X)
     in progress... |####################| 100% :               11.0s (E)               11.0s (X)
     --------------------------------------------------------------------------------------------

     [I/O] -------------------------------------------------------
     [I/O] RESTART written in < 00.1s             
     [I/O] In location   : ./c2h2_420.wstat.restart
     [I/O] -------------------------------------------------------

                       *----------*              *----------*               *----------*
     #     Iteration = | starting |   DFPT_dim = |      420 |   Diago_dim = |      420 |  x 2/2
                       *----------*              *----------*               *----------*
     per-process dynamical memory   170.3 Mb
  
       
     --------------------------------------------------------------------------------------------
     Sternheimer eq. solver... with threshold =   1.000000E-06           
     --------------------------------------------------------------------------------------------
     in progress... |#                   | 005% :               09.1s (E)           03m-02.1s (X)
     in progress... |##                  | 010% :               15.0s (E)           02m-30.2s (X)
     in progress... |###                 | 015% :               20.7s (E)           02m-18.6s (X)
     in progress... |####                | 020% :               26.4s (E)           02m-12.2s (X)
     in progress... |#####               | 025% :               32.0s (E)           02m-08.3s (X)
     in progress... |######              | 030% :               37.9s (E)           02m-06.4s (X)
     in progress... |#######             | 035% :               43.5s (E)           02m-04.5s (X)
     in progress... |########            | 040% :               49.1s (E)           02m-02.9s (X)
     in progress... |#########           | 045% :               54.6s (E)           02m-01.5s (X)
     in progress... |##########          | 050% :           01m-00.2s (E)           02m-00.4s (X)
     in progress... |###########         | 055% :           01m-08.3s (E)           02m-04.3s (X)
     in progress... |############        | 060% :           01m-13.8s (E)           02m-03.1s (X)
     in progress... |#############       | 065% :           01m-19.2s (E)           02m-01.9s (X)
     in progress... |##############      | 070% :           01m-24.7s (E)           02m-01.1s (X)
     in progress... |###############     | 075% :           01m-30.2s (E)           02m-00.3s (X)
     in progress... |################    | 080% :           01m-35.7s (E)           01m-59.6s (X)
     in progress... |#################   | 085% :           01m-41.1s (E)           01m-59.0s (X)
     in progress... |##################  | 090% :           01m-46.5s (E)           01m-58.4s (X)
     in progress... |################### | 095% :           01m-51.9s (E)           01m-57.8s (X)
     in progress... |####################| 100% :           01m-57.2s (E)           01m-57.2s (X)
     --------------------------------------------------------------------------------------------
     p-DIAGOX done in 00.7s with a SCALAPACK grid (12x12)
     --------------------------------------------------------------------------------------------
        
       -4.03421  -1.45222  -0.96691  -0.96688  -0.80496  -0.80496  -0.73177  -0.59211  -0.51156
       -0.51134  -0.48521  -0.42083  -0.35919  -0.35912  -0.34581  -0.34581  -0.34040  -0.32556
       -0.32554  -0.26842  -0.25079  -0.25078  -0.22521  -0.21263  -0.21261  -0.16639  -0.16631
       -0.16169  -0.16168  -0.15070  -0.15065  -0.13623  -0.13273  -0.13263  -0.12863  -0.12861
       -0.12223  -0.12142  -0.10620  -0.10615  -0.09601  -0.09593  -0.09155  -0.09153  -0.09001
       -0.08109  -0.07440  -0.07400  -0.07393  -0.06500  -0.06493  -0.06473  -0.06467  -0.06328
       -0.06315  -0.05959  -0.05740  -0.05738  -0.05680  -0.05675  -0.05567  -0.05563  -0.05284
       -0.05252  -0.05232  -0.05223  -0.04659  -0.04651  -0.04496  -0.04378  -0.04364  -0.04315
       -0.04304  -0.03942  -0.03937  -0.03881  -0.03833  -0.03827  -0.03813  -0.03806  -0.03710
       -0.03682  -0.03670  -0.03338  -0.03332  -0.03311  -0.03276  -0.03267  -0.03044  -0.03034
       -0.02987  -0.02966  -0.02953  -0.02932  -0.02835  -0.02805  -0.02804  -0.02754  -0.02744
       -0.02674  -0.02662  -0.02620  -0.02532  -0.02525  -0.02481  -0.02473  -0.02406  -0.02343
       -0.02307  -0.02226  -0.02216  -0.02203  -0.02181  -0.02173  -0.02162  -0.02154  -0.02080
       -0.02053  -0.02034  -0.02017  -0.02014  -0.01999  -0.01979  -0.01978  -0.01969  -0.01939
       -0.01924  -0.01846  -0.01822  -0.01794  -0.01773  -0.01764  -0.01750  -0.01732  -0.01728
       -0.01686  -0.01650  -0.01615  -0.01581  -0.01575  -0.01547  -0.01534  -0.01532  -0.01511
       -0.01499  -0.01488  -0.01471  -0.01446  -0.01435  -0.01416  -0.01409  -0.01401  -0.01387
       -0.01376  -0.01368  -0.01358  -0.01350  -0.01342  -0.01309  -0.01307  -0.01272  -0.01270
       -0.01264  -0.01254  -0.01232  -0.01217  -0.01215  -0.01184  -0.01175  -0.01150  -0.01129
       -0.01127  -0.01110  -0.01103  -0.01092  -0.01089  -0.01084  -0.01073  -0.01056  -0.01052
       -0.01050  -0.01037  -0.01031  -0.01023  -0.01017  -0.01011  -0.00993  -0.00987  -0.00980
       -0.00976  -0.00963  -0.00955  -0.00949  -0.00945  -0.00932  -0.00921  -0.00917  -0.00905
       -0.00903  -0.00896  -0.00892  -0.00887  -0.00882  -0.00859  -0.00855  -0.00853  -0.00834
       -0.00819  -0.00808  -0.00798  -0.00792  -0.00787  -0.00777  -0.00774  -0.00765  -0.00759
       -0.00754  -0.00753  -0.00741  -0.00738  -0.00735  -0.00727  -0.00722  -0.00720  -0.00715
       -0.00709  -0.00706  -0.00701  -0.00697  -0.00693  -0.00682  -0.00678  -0.00673  -0.00671
       -0.00668  -0.00658  -0.00653  -0.00646  -0.00641  -0.00632  -0.00623  -0.00621  -0.00610
       -0.00608  -0.00607  -0.00603  -0.00595  -0.00589  -0.00586  -0.00579  -0.00574  -0.00571
       -0.00560  -0.00558  -0.00555  -0.00553  -0.00544  -0.00542  -0.00531  -0.00526  -0.00519
       -0.00516  -0.00511  -0.00510  -0.00506  -0.00498  -0.00497  -0.00496  -0.00488  -0.00483
       -0.00481  -0.00480  -0.00477  -0.00474  -0.00472  -0.00465  -0.00462  -0.00461  -0.00454
       -0.00452  -0.00449  -0.00444  -0.00444  -0.00441  -0.00433  -0.00429  -0.00429  -0.00424
       -0.00421  -0.00417  -0.00413  -0.00412  -0.00408  -0.00405  -0.00402  -0.00398  -0.00396
       -0.00389  -0.00387  -0.00384  -0.00379  -0.00378  -0.00377  -0.00372  -0.00367  -0.00362
       -0.00355  -0.00354  -0.00353  -0.00349  -0.00347  -0.00344  -0.00342  -0.00342  -0.00339
       -0.00337  -0.00335  -0.00331  -0.00329  -0.00325  -0.00319  -0.00318  -0.00315  -0.00312
       -0.00311  -0.00308  -0.00307  -0.00304  -0.00302  -0.00300  -0.00299  -0.00295  -0.00294
       -0.00293  -0.00290  -0.00289  -0.00282  -0.00280  -0.00278  -0.00278  -0.00276  -0.00274
       -0.00269  -0.00266  -0.00265  -0.00264  -0.00262  -0.00258  -0.00254  -0.00252  -0.00248
       -0.00245  -0.00245  -0.00243  -0.00238  -0.00236  -0.00235  -0.00234  -0.00229  -0.00226
       -0.00226  -0.00224  -0.00222  -0.00218  -0.00217  -0.00214  -0.00213  -0.00211  -0.00208
       -0.00207  -0.00205  -0.00202  -0.00199  -0.00197  -0.00195  -0.00195  -0.00192  -0.00189
       -0.00188  -0.00186  -0.00184  -0.00182  -0.00181  -0.00179  -0.00177  -0.00175  -0.00174
       -0.00172  -0.00168  -0.00168  -0.00167  -0.00165  -0.00164  -0.00160  -0.00160  -0.00159
       -0.00158  -0.00156  -0.00152  -0.00150  -0.00148  -0.00146  -0.00143  -0.00141  -0.00140
       -0.00139  -0.00138  -0.00135  -0.00134  -0.00133  -0.00129  -0.00127  -0.00126  -0.00125
       -0.00120  -0.00119  -0.00116  -0.00111  -0.00111  -0.00095
        
     --------------------------------------------------------------------------------------------
     Tot. elapsed time 03m-36.5s,  time spent in last iteration 03m-36.5s
     --------------------------------------------------------------------------------------------

     [I/O] -------------------------------------------------------
     [I/O] RESTART written in < 00.1s             
     [I/O] In location   : ./c2h2_420.wstat.restart
     [I/O] -------------------------------------------------------

                       *----------*              *----------*               *----------*
     #     Iteration = |        1 |   DFPT_dim = |      420 |   Diago_dim = |      840 |
                       *----------*              *----------*               *----------*
     per-process dynamical memory   158.2 Mb
  
       
     --------------------------------------------------------------------------------------------
     Sternheimer eq. solver... with threshold =   1.000000E-12           
     --------------------------------------------------------------------------------------------
     in progress... |#                   | 005% :               13.0s (E)           04m-20.6s (X)
     in progress... |##                  | 010% :               21.5s (E)           03m-35.9s (X)
     in progress... |###                 | 015% :               30.1s (E)           03m-21.0s (X)
     in progress... |####                | 020% :               38.6s (E)           03m-13.0s (X)
     in progress... |#####               | 025% :               47.1s (E)           03m-08.4s (X)
     in progress... |######              | 030% :               55.6s (E)           03m-05.3s (X)
     in progress... |#######             | 035% :           01m-04.1s (E)           03m-03.3s (X)
     in progress... |########            | 040% :           01m-12.6s (E)           03m-01.7s (X)
     in progress... |#########           | 045% :           01m-21.2s (E)           03m-00.4s (X)
     in progress... |##########          | 050% :           01m-29.6s (E)           02m-59.3s (X)
     in progress... |###########         | 055% :           01m-42.3s (E)           03m-06.1s (X)
     in progress... |############        | 060% :           01m-50.8s (E)           03m-04.6s (X)
     in progress... |#############       | 065% :           01m-59.2s (E)           03m-03.4s (X)
     in progress... |##############      | 070% :           02m-07.7s (E)           03m-02.4s (X)
     in progress... |###############     | 075% :           02m-16.0s (E)           03m-01.3s (X)
     in progress... |################    | 080% :           02m-24.4s (E)           03m-00.5s (X)
     in progress... |#################   | 085% :           02m-32.9s (E)           02m-59.8s (X)
     in progress... |##################  | 090% :           02m-41.2s (E)           02m-59.1s (X)
     in progress... |################### | 095% :           02m-49.6s (E)           02m-58.5s (X)
     in progress... |####################| 100% :           02m-57.9s (E)           02m-57.9s (X)
     --------------------------------------------------------------------------------------------
     p-DIAGOX done in 00.4s with a SCALAPACK grid (12x12)
     --------------------------------------------------------------------------------------------
        
       -4.03467  -1.54800  -0.96707  -0.96707  -0.80500  -0.80499  -0.73195  -0.60002  -0.53587
       -0.51328  -0.51327  -0.42103  -0.35945  -0.35945  -0.34589  -0.34588  -0.34053  -0.32565
       -0.32565  -0.28025  -0.25085  -0.25084  -0.22871  -0.21321  -0.21321  -0.16700  -0.16700
       -0.16175  -0.16175  -0.15092  -0.15087  -0.13987  -0.13665  -0.13356  -0.13352  -0.12905
       -0.12905  -0.12243  -0.10666  -0.10666  -0.09793  -0.09645  -0.09644  -0.09169  -0.09169
       -0.08159  -0.07522  -0.07434  -0.07433  -0.06523  -0.06523  -0.06521  -0.06521  -0.06358
       -0.06358  -0.06018  -0.05764  -0.05764  -0.05692  -0.05692  -0.05586  -0.05586  -0.05427
       -0.05327  -0.05327  -0.05326  -0.04690  -0.04690  -0.04619  -0.04420  -0.04420  -0.04412
       -0.04412  -0.04043  -0.03996  -0.03994  -0.03874  -0.03874  -0.03865  -0.03865  -0.03773
       -0.03708  -0.03708  -0.03412  -0.03410  -0.03410  -0.03410  -0.03409  -0.03128  -0.03128
       -0.03094  -0.03093  -0.03031  -0.03031  -0.02945  -0.02868  -0.02868  -0.02850  -0.02850
       -0.02817  -0.02736  -0.02736  -0.02567  -0.02567  -0.02553  -0.02533  -0.02533  -0.02450
       -0.02450  -0.02411  -0.02321  -0.02321  -0.02319  -0.02265  -0.02265  -0.02244  -0.02244
       -0.02186  -0.02186  -0.02116  -0.02116  -0.02082  -0.02082  -0.02080  -0.02080  -0.02025
       -0.02025  -0.01946  -0.01939  -0.01939  -0.01909  -0.01858  -0.01858  -0.01809  -0.01809
       -0.01802  -0.01793  -0.01792  -0.01779  -0.01779  -0.01752  -0.01752  -0.01690  -0.01689
       -0.01673  -0.01673  -0.01628  -0.01595  -0.01593  -0.01592  -0.01550  -0.01550  -0.01520
       -0.01520  -0.01499  -0.01499  -0.01498  -0.01498  -0.01488  -0.01440  -0.01440  -0.01386
       -0.01385  -0.01377  -0.01353  -0.01331  -0.01331  -0.01331  -0.01331  -0.01324  -0.01323
       -0.01318  -0.01318  -0.01298  -0.01298  -0.01274  -0.01274  -0.01244  -0.01209  -0.01209
       -0.01205  -0.01205  -0.01187  -0.01187  -0.01181  -0.01180  -0.01160  -0.01159  -0.01141
       -0.01140  -0.01126  -0.01126  -0.01122  -0.01122  -0.01112  -0.01107  -0.01106  -0.01070
       -0.01070  -0.01069  -0.01047  -0.01035  -0.01034  -0.01021  -0.01019  -0.01011  -0.01006
       -0.01006  -0.01005  -0.01005  -0.00989  -0.00988  -0.00972  -0.00970  -0.00955  -0.00954
       -0.00953  -0.00944  -0.00942  -0.00932  -0.00932  -0.00928  -0.00911  -0.00908  -0.00903
       -0.00902  -0.00888  -0.00888  -0.00885  -0.00884  -0.00873  -0.00872  -0.00853  -0.00852
       -0.00851  -0.00849  -0.00848  -0.00838  -0.00834  -0.00832  -0.00827  -0.00826  -0.00794
       -0.00792  -0.00789  -0.00778  -0.00776  -0.00775  -0.00774  -0.00764  -0.00764  -0.00757
       -0.00756  -0.00755  -0.00754  -0.00752  -0.00748  -0.00748  -0.00747  -0.00731  -0.00729
       -0.00719  -0.00716  -0.00710  -0.00701  -0.00700  -0.00699  -0.00698  -0.00697  -0.00696
       -0.00692  -0.00691  -0.00684  -0.00681  -0.00679  -0.00677  -0.00676  -0.00672  -0.00669
       -0.00667  -0.00665  -0.00661  -0.00657  -0.00655  -0.00654  -0.00653  -0.00650  -0.00640
       -0.00638  -0.00631  -0.00613  -0.00611  -0.00609  -0.00605  -0.00603  -0.00602  -0.00599
       -0.00598  -0.00596  -0.00593  -0.00589  -0.00587  -0.00585  -0.00583  -0.00582  -0.00579
       -0.00578  -0.00576  -0.00575  -0.00572  -0.00571  -0.00568  -0.00563  -0.00555  -0.00554
       -0.00553  -0.00551  -0.00548  -0.00547  -0.00539  -0.00539  -0.00537  -0.00536  -0.00535
       -0.00534  -0.00530  -0.00528  -0.00527  -0.00524  -0.00515  -0.00512  -0.00511  -0.00508
       -0.00505  -0.00505  -0.00502  -0.00500  -0.00497  -0.00495  -0.00492  -0.00489  -0.00484
       -0.00481  -0.00477  -0.00474  -0.00472  -0.00469  -0.00468  -0.00465  -0.00462  -0.00460
       -0.00458  -0.00455  -0.00454  -0.00453  -0.00451  -0.00450  -0.00448  -0.00445  -0.00444
       -0.00442  -0.00440  -0.00440  -0.00437  -0.00435  -0.00435  -0.00433  -0.00430  -0.00428
       -0.00427  -0.00426  -0.00425  -0.00421  -0.00420  -0.00418  -0.00417  -0.00416  -0.00413
       -0.00412  -0.00410  -0.00410  -0.00408  -0.00406  -0.00406  -0.00403  -0.00399  -0.00398
       -0.00396  -0.00395  -0.00394  -0.00391  -0.00389  -0.00388  -0.00386  -0.00384  -0.00384
       -0.00383  -0.00379  -0.00377  -0.00377  -0.00374  -0.00374  -0.00370  -0.00369  -0.00366
       -0.00363  -0.00361  -0.00359  -0.00356  -0.00355  -0.00354  -0.00352  -0.00351  -0.00347
       -0.00346  -0.00344  -0.00343  -0.00341  -0.00340  -0.00339
        
     --------------------------------------------------------------------------------------------
     Tot. elapsed time 08m-14.9s,  time spent in last iteration 03m-14.0s
     --------------------------------------------------------------------------------------------

     [I/O] -------------------------------------------------------
     [I/O] RESTART written in < 00.1s             
     [I/O] In location   : ./c2h2_420.wstat.restart
     [I/O] -------------------------------------------------------

                       *----------*              *----------*               *----------*
     #     Iteration = |        2 |   DFPT_dim = |      335 |   Diago_dim = |     1175 |
                       *----------*              *----------*               *----------*
     per-process dynamical memory   158.2 Mb
  
       
     --------------------------------------------------------------------------------------------
     Sternheimer eq. solver... with threshold =   1.000000E-12           
     --------------------------------------------------------------------------------------------
     in progress... |#                   | 005% :               08.3s (E)           02m-47.2s (X)
     in progress... |##                  | 010% :               16.7s (E)           02m-47.3s (X)
     in progress... |###                 | 015% :               25.0s (E)           02m-47.2s (X)
     in progress... |####                | 020% :               29.2s (E)           02m-26.2s (X)
     in progress... |#####               | 025% :               37.4s (E)           02m-29.9s (X)
     in progress... |######              | 030% :               45.7s (E)           02m-32.4s (X)
     in progress... |#######             | 035% :               49.8s (E)           02m-22.5s (X)
     in progress... |########            | 040% :               58.1s (E)           02m-25.3s (X)
     in progress... |#########           | 045% :           01m-06.4s (E)           02m-27.7s (X)
     in progress... |##########          | 050% :           01m-10.6s (E)           02m-21.2s (X)
     in progress... |###########         | 055% :           01m-18.8s (E)           02m-23.4s (X)
     in progress... |############        | 060% :           01m-27.0s (E)           02m-25.1s (X)
     in progress... |#############       | 065% :           01m-35.2s (E)           02m-26.5s (X)
     in progress... |##############      | 070% :           01m-39.3s (E)           02m-21.8s (X)
     in progress... |###############     | 075% :           01m-47.5s (E)           02m-23.3s (X)
     in progress... |################    | 080% :           01m-55.7s (E)           02m-24.6s (X)
     in progress... |#################   | 085% :           01m-59.8s (E)           02m-21.0s (X)
     in progress... |##################  | 090% :           02m-08.0s (E)           02m-22.2s (X)
     in progress... |################### | 095% :           02m-16.2s (E)           02m-23.4s (X)
     in progress... |####################| 100% :           02m-20.3s (E)           02m-20.3s (X)
     --------------------------------------------------------------------------------------------
     p-DIAGOX done in 00.6s with a SCALAPACK grid (12x12)
     --------------------------------------------------------------------------------------------
        
       -4.03467  -1.54800  -0.96707  -0.96707  -0.80500  -0.80499  -0.73195  -0.60002  -0.53587
       -0.51328  -0.51327  -0.42103  -0.35945  -0.35945  -0.34589  -0.34588  -0.34053  -0.32565
       -0.32565  -0.28025  -0.25085  -0.25084  -0.22871  -0.21321  -0.21321  -0.16700  -0.16700
       -0.16175  -0.16175  -0.15092  -0.15087  -0.13987  -0.13665  -0.13356  -0.13352  -0.12905
       -0.12905  -0.12243  -0.10666  -0.10666  -0.09793  -0.09645  -0.09644  -0.09169  -0.09169
       -0.08159  -0.07522  -0.07434  -0.07433  -0.06523  -0.06523  -0.06521  -0.06521  -0.06358
       -0.06358  -0.06018  -0.05764  -0.05764  -0.05692  -0.05692  -0.05586  -0.05586  -0.05427
       -0.05327  -0.05327  -0.05326  -0.04690  -0.04690  -0.04619  -0.04420  -0.04420  -0.04412
       -0.04412  -0.04043  -0.03996  -0.03994  -0.03874  -0.03874  -0.03865  -0.03865  -0.03773
       -0.03708  -0.03708  -0.03412  -0.03411  -0.03410  -0.03410  -0.03409  -0.03128  -0.03128
       -0.03094  -0.03094  -0.03031  -0.03031  -0.02946  -0.02868  -0.02868  -0.02850  -0.02850
       -0.02817  -0.02736  -0.02736  -0.02567  -0.02567  -0.02554  -0.02534  -0.02534  -0.02451
       -0.02451  -0.02412  -0.02322  -0.02322  -0.02320  -0.02265  -0.02265  -0.02244  -0.02244
       -0.02187  -0.02187  -0.02116  -0.02116  -0.02082  -0.02082  -0.02080  -0.02080  -0.02025
       -0.02025  -0.01947  -0.01939  -0.01939  -0.01910  -0.01858  -0.01858  -0.01810  -0.01810
       -0.01803  -0.01794  -0.01794  -0.01780  -0.01780  -0.01753  -0.01753  -0.01691  -0.01690
       -0.01674  -0.01674  -0.01629  -0.01596  -0.01594  -0.01594  -0.01551  -0.01551  -0.01521
       -0.01521  -0.01500  -0.01500  -0.01498  -0.01498  -0.01489  -0.01441  -0.01441  -0.01387
       -0.01387  -0.01378  -0.01356  -0.01333  -0.01333  -0.01332  -0.01332  -0.01326  -0.01326
       -0.01319  -0.01319  -0.01301  -0.01301  -0.01276  -0.01276  -0.01247  -0.01211  -0.01211
       -0.01206  -0.01206  -0.01189  -0.01189  -0.01182  -0.01182  -0.01162  -0.01162  -0.01143
       -0.01143  -0.01129  -0.01129  -0.01124  -0.01124  -0.01116  -0.01109  -0.01109  -0.01073
       -0.01072  -0.01072  -0.01052  -0.01039  -0.01039  -0.01027  -0.01027  -0.01015  -0.01009
       -0.01009  -0.01008  -0.01008  -0.00991  -0.00991  -0.00977  -0.00977  -0.00961  -0.00958
       -0.00958  -0.00948  -0.00948  -0.00938  -0.00938  -0.00933  -0.00916  -0.00916  -0.00910
       -0.00910  -0.00893  -0.00893  -0.00889  -0.00889  -0.00878  -0.00878  -0.00858  -0.00856
       -0.00856  -0.00855  -0.00855  -0.00845  -0.00839  -0.00839  -0.00834  -0.00834  -0.00799
       -0.00799  -0.00799  -0.00789  -0.00789  -0.00782  -0.00782  -0.00772  -0.00772  -0.00767
       -0.00767  -0.00763  -0.00763  -0.00760  -0.00760  -0.00755  -0.00755  -0.00739  -0.00739
       -0.00739  -0.00724  -0.00724  -0.00711  -0.00711  -0.00706  -0.00706  -0.00704  -0.00704
       -0.00702  -0.00702  -0.00698  -0.00691  -0.00691  -0.00689  -0.00689  -0.00681  -0.00681
       -0.00678  -0.00676  -0.00676  -0.00668  -0.00668  -0.00665  -0.00665  -0.00665  -0.00651
       -0.00651  -0.00643  -0.00631  -0.00625  -0.00625  -0.00623  -0.00623  -0.00615  -0.00615
       -0.00614  -0.00613  -0.00610  -0.00610  -0.00604  -0.00604  -0.00600  -0.00600  -0.00595
       -0.00595  -0.00594  -0.00594  -0.00589  -0.00588  -0.00588  -0.00588  -0.00582  -0.00576
       -0.00576  -0.00576  -0.00565  -0.00565  -0.00553  -0.00553  -0.00552  -0.00552  -0.00551
       -0.00551  -0.00551  -0.00551  -0.00543  -0.00543  -0.00537  -0.00537  -0.00529  -0.00529
       -0.00524  -0.00523  -0.00523  -0.00521  -0.00521  -0.00516  -0.00516  -0.00509  -0.00503
       -0.00503  -0.00501  -0.00501  -0.00499  -0.00499  -0.00497  -0.00489  -0.00489  -0.00489
       -0.00485  -0.00485  -0.00483  -0.00483  -0.00477  -0.00477  -0.00474  -0.00473  -0.00469
       -0.00469  -0.00466  -0.00465  -0.00465  -0.00464  -0.00463  -0.00462  -0.00461  -0.00457
       -0.00457  -0.00451  -0.00448  -0.00447  -0.00447  -0.00447  -0.00447  -0.00445  -0.00445
       -0.00444  -0.00444  -0.00443  -0.00443  -0.00437  -0.00437  -0.00434  -0.00433  -0.00433
       -0.00433  -0.00432  -0.00431  -0.00431  -0.00430  -0.00427  -0.00424  -0.00423  -0.00422
       -0.00421  -0.00414  -0.00414  -0.00414  -0.00413  -0.00407  -0.00406  -0.00403  -0.00403
       -0.00402  -0.00399  -0.00397  -0.00393  -0.00392  -0.00392  -0.00390  -0.00387  -0.00386
       -0.00385  -0.00384  -0.00384  -0.00382  -0.00382  -0.00381
        
     --------------------------------------------------------------------------------------------
     Tot. elapsed time 13m-36.6s,  time spent in last iteration 02m-37.0s
     --------------------------------------------------------------------------------------------

     [I/O] -------------------------------------------------------
     [I/O] RESTART written in < 00.1s             
     [I/O] In location   : ./c2h2_420.wstat.restart
     [I/O] -------------------------------------------------------

                       *----------*              *----------*               *----------*
     #     Iteration = |        3 |   DFPT_dim = |       22 |   Diago_dim = |     1197 |
                       *----------*              *----------*               *----------*
     per-process dynamical memory   158.2 Mb
  
       
     --------------------------------------------------------------------------------------------
     Sternheimer eq. solver... with threshold =   1.000000E-12           
     --------------------------------------------------------------------------------------------
     in progress... |##########          | 050% :               04.1s (E)               08.2s (X)
     in progress... |####################| 100% :               08.2s (E)               08.2s (X)
     --------------------------------------------------------------------------------------------
     p-DIAGOX done in 00.6s with a SCALAPACK grid (12x12)
     --------------------------------------------------------------------------------------------
        
       -4.03467  -1.54800  -0.96707  -0.96707  -0.80500  -0.80499  -0.73195  -0.60002  -0.53587
       -0.51328  -0.51327  -0.42103  -0.35945  -0.35945  -0.34589  -0.34588  -0.34053  -0.32565
       -0.32565  -0.28025  -0.25085  -0.25084  -0.22871  -0.21321  -0.21321  -0.16700  -0.16700
       -0.16175  -0.16175  -0.15092  -0.15087  -0.13987  -0.13665  -0.13356  -0.13352  -0.12905
       -0.12905  -0.12243  -0.10666  -0.10666  -0.09793  -0.09645  -0.09644  -0.09169  -0.09169
       -0.08159  -0.07522  -0.07434  -0.07433  -0.06523  -0.06523  -0.06521  -0.06521  -0.06358
       -0.06358  -0.06018  -0.05764  -0.05764  -0.05692  -0.05692  -0.05586  -0.05586  -0.05427
       -0.05327  -0.05327  -0.05326  -0.04690  -0.04690  -0.04619  -0.04420  -0.04420  -0.04412
       -0.04412  -0.04043  -0.03996  -0.03994  -0.03874  -0.03874  -0.03865  -0.03865  -0.03773
       -0.03708  -0.03708  -0.03412  -0.03411  -0.03410  -0.03410  -0.03409  -0.03128  -0.03128
       -0.03094  -0.03094  -0.03031  -0.03031  -0.02946  -0.02868  -0.02868  -0.02850  -0.02850
       -0.02817  -0.02736  -0.02736  -0.02567  -0.02567  -0.02554  -0.02534  -0.02534  -0.02451
       -0.02451  -0.02412  -0.02322  -0.02322  -0.02320  -0.02265  -0.02265  -0.02244  -0.02244
       -0.02187  -0.02187  -0.02116  -0.02116  -0.02082  -0.02082  -0.02080  -0.02080  -0.02025
       -0.02025  -0.01947  -0.01939  -0.01939  -0.01910  -0.01858  -0.01858  -0.01810  -0.01810
       -0.01803  -0.01794  -0.01794  -0.01780  -0.01780  -0.01753  -0.01753  -0.01691  -0.01690
       -0.01674  -0.01674  -0.01629  -0.01596  -0.01594  -0.01594  -0.01551  -0.01551  -0.01521
       -0.01521  -0.01500  -0.01500  -0.01498  -0.01498  -0.01489  -0.01441  -0.01441  -0.01387
       -0.01387  -0.01378  -0.01356  -0.01333  -0.01333  -0.01332  -0.01332  -0.01326  -0.01326
       -0.01319  -0.01319  -0.01301  -0.01301  -0.01276  -0.01276  -0.01247  -0.01211  -0.01211
       -0.01206  -0.01206  -0.01189  -0.01189  -0.01182  -0.01182  -0.01162  -0.01162  -0.01143
       -0.01143  -0.01129  -0.01129  -0.01124  -0.01124  -0.01116  -0.01109  -0.01109  -0.01073
       -0.01072  -0.01072  -0.01052  -0.01039  -0.01039  -0.01027  -0.01027  -0.01015  -0.01009
       -0.01009  -0.01008  -0.01008  -0.00991  -0.00991  -0.00977  -0.00977  -0.00961  -0.00958
       -0.00958  -0.00948  -0.00948  -0.00938  -0.00938  -0.00933  -0.00916  -0.00916  -0.00910
       -0.00910  -0.00893  -0.00893  -0.00889  -0.00889  -0.00878  -0.00878  -0.00858  -0.00856
       -0.00856  -0.00855  -0.00855  -0.00845  -0.00839  -0.00839  -0.00834  -0.00834  -0.00799
       -0.00799  -0.00799  -0.00789  -0.00789  -0.00782  -0.00782  -0.00772  -0.00772  -0.00767
       -0.00767  -0.00763  -0.00763  -0.00760  -0.00760  -0.00755  -0.00755  -0.00739  -0.00739
       -0.00739  -0.00724  -0.00724  -0.00711  -0.00711  -0.00706  -0.00706  -0.00704  -0.00704
       -0.00702  -0.00702  -0.00698  -0.00691  -0.00691  -0.00689  -0.00689  -0.00681  -0.00681
       -0.00678  -0.00676  -0.00676  -0.00668  -0.00668  -0.00665  -0.00665  -0.00665  -0.00651
       -0.00651  -0.00643  -0.00632  -0.00626  -0.00626  -0.00623  -0.00623  -0.00615  -0.00615
       -0.00614  -0.00614  -0.00610  -0.00610  -0.00605  -0.00604  -0.00600  -0.00600  -0.00595
       -0.00595  -0.00594  -0.00594  -0.00589  -0.00588  -0.00588  -0.00588  -0.00583  -0.00576
       -0.00576  -0.00576  -0.00565  -0.00565  -0.00554  -0.00553  -0.00552  -0.00552  -0.00551
       -0.00551  -0.00551  -0.00551  -0.00544  -0.00543  -0.00537  -0.00537  -0.00529  -0.00529
       -0.00525  -0.00523  -0.00523  -0.00521  -0.00521  -0.00516  -0.00516  -0.00510  -0.00504
       -0.00503  -0.00501  -0.00501  -0.00500  -0.00499  -0.00497  -0.00489  -0.00489  -0.00489
       -0.00485  -0.00485  -0.00484  -0.00483  -0.00478  -0.00477  -0.00474  -0.00474  -0.00470
       -0.00469  -0.00466  -0.00465  -0.00465  -0.00464  -0.00463  -0.00462  -0.00462  -0.00457
       -0.00457  -0.00452  -0.00448  -0.00448  -0.00447  -0.00447  -0.00447  -0.00445  -0.00445
       -0.00445  -0.00444  -0.00444  -0.00443  -0.00437  -0.00437  -0.00434  -0.00434  -0.00433
       -0.00433  -0.00433  -0.00433  -0.00432  -0.00432  -0.00428  -0.00426  -0.00424  -0.00423
       -0.00422  -0.00416  -0.00415  -0.00414  -0.00414  -0.00407  -0.00407  -0.00405  -0.00405
       -0.00403  -0.00401  -0.00401  -0.00396  -0.00395  -0.00394  -0.00394  -0.00390  -0.00390
       -0.00388  -0.00388  -0.00387  -0.00387  -0.00386  -0.00386
        
     --------------------------------------------------------------------------------------------
     Tot. elapsed time 17m-47.5s,  time spent in last iteration 18.7s
     --------------------------------------------------------------------------------------------
      
     --------------------------------------------------------------------------------------------
     Database written in 39.5s               
     In location : ./c2h2_420.wstat.save
     --------------------------------------------------------------------------------------------
       
     --------------------------------------------------------------------------------------------
     Convergence achieved !!! in        3 steps                          
     --------------------------------------------------------------------------------------------
 
     WSTAT        : 11m23.14s CPU    19m15.40s WALL

     wstat_readin :      6.12s CPU     39.20s WALL (       1 calls)
     fetch_nml    :      0.00s CPU      0.00s WALL (       1 calls)
     read_xml     :      1.37s CPU      1.54s WALL (       1 calls)
     init_vloc    :      0.11s CPU      0.11s WALL (       2 calls)
     fft          :      0.33s CPU      0.35s WALL (      11 calls)
     fft_scatter  :     73.05s CPU     73.77s WALL (   23017 calls)
     v_of_rho     :      0.35s CPU      0.37s WALL (       1 calls)
     v_xc         :      0.31s CPU      0.33s WALL (       1 calls)
     v_h          :      0.04s CPU      0.04s WALL (       1 calls)
     read_wave    :      4.74s CPU     37.64s WALL (       1 calls)
     davcio       :      0.00s CPU      0.07s WALL (       2 calls)
     init_us_1    :      0.01s CPU      0.01s WALL (       2 calls)
     do_setup     :      0.18s CPU      0.19s WALL (       1 calls)
     init_pw_ar   :      0.17s CPU      0.18s WALL (       1 calls)
     init_at_1    :      0.00s CPU      0.00s WALL (       1 calls)
     storesqvc    :      0.00s CPU      0.01s WALL (       1 calls)
     chidiago     :    676.81s CPU   1115.97s WALL (       1 calls)
     randomize    :      0.96s CPU      0.99s WALL (       1 calls)
     paramgs      :     12.25s CPU     12.45s WALL (       5 calls)
     dfpt         :    465.74s CPU    469.36s WALL (       5 calls)
     init_us_2    :      0.02s CPU      0.02s WALL (       5 calls)
     fftw         :    346.60s CPU    349.00s WALL (   23006 calls)
     alphapc      :      0.27s CPU      0.25s WALL (     162 calls)
     wstat_restar :    158.32s CPU    560.71s WALL (       4 calls)
     linstern     :    409.28s CPU    412.39s WALL (     120 calls)
     stern        :    399.77s CPU    402.75s WALL (    3887 calls)
     h_psi_bgrp   :    395.18s CPU    398.14s WALL (    3887 calls)
     h_psi        :    395.16s CPU    398.12s WALL (    3887 calls)
     h_psi:pot    :    393.85s CPU    396.90s WALL (    3887 calls)
     vloc_psi     :    375.09s CPU    378.02s WALL (    3887 calls)
     h_psi:calbec :     11.92s CPU     10.72s WALL (    3887 calls)
     calbec       :     11.91s CPU     10.70s WALL (    3887 calls)
     add_vuspsi   :      6.78s CPU      8.13s WALL (    3887 calls)
     alphapv      :      3.13s CPU      3.13s WALL (    3887 calls)
     build_hr     :      7.33s CPU      7.58s WALL (       4 calls)
     diagox       :      2.36s CPU      2.48s WALL (       4 calls)
     redistr_vr   :      0.30s CPU      0.31s WALL (       3 calls)
     update_vr    :     12.47s CPU     12.89s WALL (       3 calls)
     symm_hr      :      0.30s CPU      0.31s WALL (       3 calls)
     chidiago:las :      0.00s CPU      0.00s WALL (       1 calls)
     refresh_vr   :      4.71s CPU      4.82s WALL (       1 calls)
     pdep_db      :     11.32s CPU     39.51s WALL (       1 calls)
 
     WSTAT        : 11m23.14s CPU    19m15.40s WALL

 
   This run was terminated on:  14:12: 6  27Sep2019            

=------------------------------------------------------------------------------=
   JOB DONE.
=------------------------------------------------------------------------------=
