
     Program WSTAT v. 2.0.0 starts on 21Jan2019 at 14:42:28 

     This program is part of the open-source West suite
     for massively parallel calculations of excited states in materials; please cite
         "M. Govoni et al., J. Chem. Theory Comput. 11, 2680 (2015);
          URL http://www.west-code.org", 
     in publications or presentations arising from this work.

     Based on the Quantum ESPRESSO v. 6.1 svn rev. 13369
       
     --------------------------------------------------------------------------------------------
     **MPI** Parallelization Status                                      
     --------------------------------------------------------------------------------------------
                   320                  10             1             1            32
     --------------------------------------------------------------------------------------------
                     N         =         I      X      P      X      B      X      Z
                     ^                   ^             ^             ^             ^
                     |                   |             |             |             |
                   #rnk                  |             |             |             |
                                      #image           |             |             |
                                                     #pool           |             |
                                                                   #bgrp           |
                                                                                 #R&G
     --------------------------------------------------------------------------------------------
     **OPENMP** Parallelization Status
     #thr/rnk               =            1
     --------------------------------------------------------------------------------------------
     #prc = (rnk) * (thr) =          320
     --------------------------------------------------------------------------------------------
       
     --------------------------------------------------------------------------------------------
     I/O Summary : input_west                                            
     --------------------------------------------------------------------------------------------
     qe_prefix      = na2
     west_prefix    = na2
     outdir         = ./
     --------------------------------------------------------------------------------------------
       
     --------------------------------------------------------------------------------------------
     I/O Summary : wstat_control                                         
     --------------------------------------------------------------------------------------------
     wstat_calculation              =              S
     n_pdep_eigen                   =            100
     n_kin_pdep_eigen               =            400
     n_lindhard_eigen               =              0
     n_pdep_times                   =              4
     n_pdep_maxiter                 =            100
     n_dfpt_maxiter                 =            250
     n_pdep_read_from_file          =              0
     trev_pdep                      =   1.000000E-03
     trev_pdep_rel                  =   1.000000E-01
     tr2_dfpt                       =   1.000000E-12
     l_kinetic_only                 =              F
     l_minimize_exx_if_active       =              F
     l_use_ecutrho                  =              F
     l_pure_eigen                   =              F
     --------------------------------------------------------------------------------------------

     Reading data from directory:
     ./na2.save

   Info: using nr1, nr2, nr3 values from input

   Info: using nr1, nr2, nr3 values from input

     IMPORTANT: XC functional enforced from input :
     Exchange-correlation      = PBE ( 1  4  3  4 0 0)
     Any further DFT definition will be discarded
     Please, verify this is what you really want

     Message from routine readpp:
     file ./na2.save/Na_ONCV_PBE-1.0.upf not found
 
     Parallelization info
     --------------------
     sticks:   dense  smooth     PW     G-vecs:    dense   smooth      PW
     Min         759     759    189                89327    89327   11160
     Max         762     762    196                89338    89338   11166
     Sum       24345   24345   6093              2858633  2858633  357213
 
       
     --------------------------------------------------------------------------------------------
     System Overview                                                     
     --------------------------------------------------------------------------------------------
     gamma_only           =              T
     ecutwfc [Ry]         =      85.000000
     omega [au^3]         =   2.700000E+04
     glob. #G             =         178607
     nbnd                 =            100
     nkstot               =              1
     nspin                =              1
     nelec                =      18.000000
     npol                 =              1
     lsda                 =              F
     noncolin             =              F
     lspinorb             =              F
     domag                =              F
     --------------------------------------------------------------------------------------------

     sFFT G-space:  1429317 G-vectors     R-space: ( 180, 180, 180)
     dFFT G-space:  1429317 G-vectors     R-space: ( 180, 180, 180)

     Cell [a.u.]          =      30.000000      0.000000      0.000000
                          =       0.000000     30.000000      0.000000
                          =       0.000000      0.000000     30.000000
      
     number of ks points=     1
                       cart. coord. in units 2pi/alat
        k(    1) = (   0.0000000   0.0000000   0.0000000), wk =   2.0000000

                       cryst. coord.
        k(    1) = (   0.0000000   0.0000000   0.0000000), wk =   2.0000000
 
     Spherical div        =   1.654268E-01
     Orthorombic div      =   1.628506E-01
       
     --------------------------------------------------------------------------------------------
     Parallelization for nvecx                                           
     --------------------------------------------------------------------------------------------
     nglob                =            400
     nlevel               =             10
     Min nglob/nlevel     =             40
     Max nglob/nlevel     =             40
     --------------------------------------------------------------------------------------------

     [MEM] ----------------------------------------------------------
     [MEM] **Memory** analysis: QE
     [MEM] ----------------------------------------------------------
     [MEM] Allocated arrays           est. size (Mb)     dimensions
     [MEM] ----------------------------------------------------------
     [MEM] Kohn-Sham Wavefunctions       8.52 Mb     (   5583,  100)
     [MEM] NL pseudopotentials           1.36 Mb     (   5583,   16)
     [MEM] Each V/rho on FFT grid        2.97 Mb     ( 194400)
     [MEM] Each G-vector array           0.34 Mb     (  44666)
     [MEM] G-vector shells               0.04 Mb     (   5631)
     [MEM] ----------------------------------------------------------
     [MEM] TOT                          13.23 Mb
     [MEM] ----------------------------------------------------------
     [MEM] 
     [MEM] ----------------------------------------------------------
     [MEM] **Memory** analysis: WSTAT global
     [MEM] ----------------------------------------------------------
     [MEM] Allocated arrays           est. size (Mb)     dimensions
     [MEM] ----------------------------------------------------------
     [MEM] dvg                           3.41 Mb     (   5583,   40)
     [MEM] dng                           3.41 Mb     (   5583,   40)
     [MEM] hr_distr                      0.12 Mb     (    400,   40)
     [MEM] vr_distr                      0.12 Mb     (    400,   40)
     [MEM] ----------------------------------------------------------
     [MEM] TOT                           7.06 Mb
     [MEM] ----------------------------------------------------------
     [MEM] 
     [MEM] ----------------------------------------------------------
     [MEM] **Memory** analysis: WSTAT temporary
     [MEM] ----------------------------------------------------------
     [MEM] Allocated arrays           est. size (Mb)     dimensions
     [MEM] ----------------------------------------------------------
     [MEM] dvpsi                         0.77 Mb     (   5583,    9)
     [MEM] dpsi                          0.77 Mb     (   5583,    9)
     [MEM] ----------------------------------------------------------
     [MEM] Total estimate                1.53 Mb
     [MEM] ----------------------------------------------------------

                       *----------*              *----------*               *----------*
     #     Iteration = | starting |   DFPT_dim = |      100 |   Diago_dim = |      100 |  x 1/2
                       *----------*              *----------*               *----------*
     per-process dynamical memory    72.8 Mb
  
       
     --------------------------------------------------------------------------------------------
     Sternheimer eq. solver... with lite-solver                          
     --------------------------------------------------------------------------------------------
     in progress... |##                  | 010% :               00.1s (E)               01.7s (X)
     in progress... |####                | 020% :               00.3s (E)               01.6s (X)
     in progress... |######              | 030% :               00.4s (E)               01.6s (X)
     in progress... |########            | 040% :               00.6s (E)               01.6s (X)
     in progress... |##########          | 050% :               00.8s (E)               01.6s (X)
     in progress... |############        | 060% :               00.9s (E)               01.6s (X)
     in progress... |##############      | 070% :               01.1s (E)               01.6s (X)
     in progress... |################    | 080% :               01.3s (E)               01.6s (X)
     in progress... |##################  | 090% :               01.4s (E)               01.6s (X)
     in progress... |####################| 100% :               01.6s (E)               01.6s (X)
     --------------------------------------------------------------------------------------------

     [I/O] -------------------------------------------------------
     [I/O] RESTART written in < 00.1s             
     [I/O] In location   : ./na2_100_400.wstat.restart
     [I/O] -------------------------------------------------------

                       *----------*              *----------*               *----------*
     #     Iteration = | starting |   DFPT_dim = |      100 |   Diago_dim = |      100 |  x 2/2
                       *----------*              *----------*               *----------*
     per-process dynamical memory    78.9 Mb
  
       
     --------------------------------------------------------------------------------------------
     Sternheimer eq. solver... with threshold =   1.000000E-06           
     --------------------------------------------------------------------------------------------
     in progress... |##                  | 010% :               01.6s (E)               16.8s (X)
     in progress... |####                | 020% :               03.4s (E)               17.0s (X)
     in progress... |######              | 030% :               05.0s (E)               16.9s (X)
     in progress... |########            | 040% :               06.7s (E)               16.8s (X)
     in progress... |##########          | 050% :               08.4s (E)               16.8s (X)
     in progress... |############        | 060% :               10.1s (E)               16.8s (X)
     in progress... |##############      | 070% :               11.7s (E)               16.8s (X)
     in progress... |################    | 080% :               13.5s (E)               16.8s (X)
     in progress... |##################  | 090% :               15.1s (E)               16.7s (X)
     in progress... |####################| 100% :               16.8s (E)               16.8s (X)
     --------------------------------------------------------------------------------------------
     p-DIAGOX done in < 00.1s with a SCALAPACK grid (3x3)
     --------------------------------------------------------------------------------------------
        
       -3.24206  -1.75523  -1.75275  -1.40456  -0.63260  -0.63118  -0.56595  -0.49726  -0.43564
       -0.43521  -0.41505  -0.37733  -0.35312  -0.33488  -0.33260  -0.30857  -0.30659  -0.24113
       -0.22969  -0.22758  -0.18126  -0.17415  -0.17327  -0.16886  -0.16857  -0.16428  -0.16390
       -0.16243  -0.15725  -0.15578  -0.15370  -0.15256  -0.14934  -0.14753  -0.14345  -0.14250
       -0.13686  -0.13350  -0.12963  -0.12027  -0.11863  -0.11791  -0.11728  -0.11687  -0.11569
       -0.11492  -0.11476  -0.11314  -0.11239  -0.11140  -0.11021  -0.10940  -0.10666  -0.10475
       -0.09825  -0.09750  -0.08659  -0.08528  -0.08179  -0.07760  -0.07676  -0.07398  -0.07186
       -0.06924  -0.06712  -0.06529  -0.06245  -0.06024  -0.05803  -0.05779  -0.05564  -0.05241
       -0.04984  -0.04884  -0.04668  -0.04453  -0.04222  -0.04076  -0.03963  -0.03914  -0.03862
       -0.03771  -0.03618  -0.03543  -0.03486  -0.03427  -0.03349  -0.03301  -0.03267  -0.03129
       -0.03087  -0.03011  -0.02866  -0.02795  -0.02590  -0.02451  -0.02348  -0.02307  -0.02135
       -0.01900
        
     --------------------------------------------------------------------------------------------
     Tot. elapsed time 36.2s,  time spent in last iteration 36.2s
     --------------------------------------------------------------------------------------------

     [I/O] -------------------------------------------------------
     [I/O] RESTART written in < 00.1s             
     [I/O] In location   : ./na2_100_400.wstat.restart
     [I/O] -------------------------------------------------------

                       *----------*              *----------*               *----------*
     #     Iteration = |        1 |   DFPT_dim = |      100 |   Diago_dim = |      200 |
                       *----------*              *----------*               *----------*
     per-process dynamical memory    82.8 Mb
  
       
     --------------------------------------------------------------------------------------------
     Sternheimer eq. solver... with threshold =   1.000000E-12           
     --------------------------------------------------------------------------------------------
     in progress... |##                  | 010% :               02.6s (E)               26.2s (X)
     in progress... |####                | 020% :               05.2s (E)               26.2s (X)
     in progress... |######              | 030% :               07.8s (E)               26.1s (X)
     in progress... |########            | 040% :               10.4s (E)               26.0s (X)
     in progress... |##########          | 050% :               12.9s (E)               25.9s (X)
     in progress... |############        | 060% :               15.5s (E)               25.8s (X)
     in progress... |##############      | 070% :               18.0s (E)               25.8s (X)
     in progress... |################    | 080% :               20.6s (E)               25.7s (X)
     in progress... |##################  | 090% :               23.1s (E)               25.6s (X)
     in progress... |####################| 100% :               25.6s (E)               25.6s (X)
     --------------------------------------------------------------------------------------------
     p-DIAGOX done in < 00.1s with a SCALAPACK grid (6x6)
     --------------------------------------------------------------------------------------------
        
       -3.25313  -1.76244  -1.76244  -1.42928  -0.73034  -0.72516  -0.63969  -0.63968  -0.50504
       -0.43871  -0.43871  -0.41738  -0.36068  -0.33965  -0.33965  -0.31611  -0.31385  -0.25525
       -0.23904  -0.23902  -0.19381  -0.19169  -0.19166  -0.17742  -0.17740  -0.17704  -0.17699
       -0.17420  -0.17374  -0.17085  -0.17081  -0.16953  -0.16941  -0.16694  -0.16689  -0.16391
       -0.15138  -0.14808  -0.14795  -0.12621  -0.12596  -0.12590  -0.12578  -0.12572  -0.12566
       -0.12560  -0.12552  -0.12527  -0.12523  -0.12518  -0.12510  -0.12507  -0.12500  -0.12334
       -0.12014  -0.11993  -0.10547  -0.10266  -0.10240  -0.10195  -0.09628  -0.09577  -0.09136
       -0.09120  -0.08716  -0.08660  -0.08633  -0.08572  -0.08048  -0.08041  -0.07819  -0.07257
       -0.07201  -0.07135  -0.07080  -0.05883  -0.05530  -0.05492  -0.05259  -0.05234  -0.05088
       -0.05068  -0.04954  -0.04873  -0.04844  -0.04833  -0.04817  -0.04801  -0.04792  -0.04748
       -0.04716  -0.04659  -0.04634  -0.04608  -0.04581  -0.04502  -0.04445  -0.04341  -0.04213
       -0.04184
        
     --------------------------------------------------------------------------------------------
     Tot. elapsed time 01m-20.5s,  time spent in last iteration 27.0s
     --------------------------------------------------------------------------------------------

     [I/O] -------------------------------------------------------
     [I/O] RESTART written in < 00.1s             
     [I/O] In location   : ./na2_100_400.wstat.restart
     [I/O] -------------------------------------------------------

                       *----------*              *----------*               *----------*
     #     Iteration = |        2 |   DFPT_dim = |      100 |   Diago_dim = |      300 |
                       *----------*              *----------*               *----------*
     per-process dynamical memory    82.8 Mb
  
       
     --------------------------------------------------------------------------------------------
     Sternheimer eq. solver... with threshold =   1.000000E-12           
     --------------------------------------------------------------------------------------------
     in progress... |##                  | 010% :               02.5s (E)               25.4s (X)
     in progress... |####                | 020% :               05.1s (E)               25.9s (X)
     in progress... |######              | 030% :               07.7s (E)               25.7s (X)
     in progress... |########            | 040% :               10.2s (E)               25.6s (X)
     in progress... |##########          | 050% :               12.8s (E)               25.6s (X)
     in progress... |############        | 060% :               15.3s (E)               25.5s (X)
     in progress... |##############      | 070% :               17.8s (E)               25.5s (X)
     in progress... |################    | 080% :               20.3s (E)               25.4s (X)
     in progress... |##################  | 090% :               22.8s (E)               25.3s (X)
     in progress... |####################| 100% :               25.3s (E)               25.3s (X)
     --------------------------------------------------------------------------------------------
     p-DIAGOX done in 00.1s with a SCALAPACK grid (9x9)
     --------------------------------------------------------------------------------------------
        
       -3.25313  -1.76244  -1.76244  -1.42928  -0.73044  -0.72521  -0.63969  -0.63969  -0.50505
       -0.43871  -0.43871  -0.41738  -0.36068  -0.33966  -0.33966  -0.31613  -0.31386  -0.25529
       -0.23907  -0.23907  -0.19387  -0.19179  -0.19179  -0.17752  -0.17750  -0.17717  -0.17717
       -0.17430  -0.17398  -0.17106  -0.17106  -0.16970  -0.16968  -0.16711  -0.16711  -0.16406
       -0.15164  -0.14818  -0.14812  -0.12636  -0.12609  -0.12609  -0.12590  -0.12590  -0.12584
       -0.12571  -0.12569  -0.12541  -0.12541  -0.12531  -0.12531  -0.12526  -0.12526  -0.12350
       -0.12038  -0.12038  -0.10636  -0.10298  -0.10298  -0.10265  -0.09694  -0.09684  -0.09157
       -0.09157  -0.08784  -0.08742  -0.08742  -0.08715  -0.08173  -0.08169  -0.07908  -0.07350
       -0.07301  -0.07300  -0.07289  -0.06056  -0.05668  -0.05667  -0.05434  -0.05432  -0.05216
       -0.05213  -0.05105  -0.04976  -0.04962  -0.04917  -0.04916  -0.04915  -0.04915  -0.04914
       -0.04912  -0.04911  -0.04909  -0.04908  -0.04904  -0.04898  -0.04894  -0.04889  -0.04882
       -0.04872
        
     --------------------------------------------------------------------------------------------
     Tot. elapsed time 02m-21.7s,  time spent in last iteration 26.6s
     --------------------------------------------------------------------------------------------

     [I/O] -------------------------------------------------------
     [I/O] RESTART written in < 00.1s             
     [I/O] In location   : ./na2_100_400.wstat.restart
     [I/O] -------------------------------------------------------

                       *----------*              *----------*               *----------*
     #     Iteration = |        3 |   DFPT_dim = |       30 |   Diago_dim = |      330 |
                       *----------*              *----------*               *----------*
     per-process dynamical memory    82.8 Mb
  
       
     --------------------------------------------------------------------------------------------
     Sternheimer eq. solver... with threshold =   1.000000E-12           
     --------------------------------------------------------------------------------------------
     in progress... |######              | 030% :               02.5s (E)               08.4s (X)
     in progress... |#############       | 065% :               05.0s (E)               07.7s (X)
     in progress... |####################| 100% :               07.5s (E)               07.5s (X)
     --------------------------------------------------------------------------------------------
     p-DIAGOX done in 00.1s with a SCALAPACK grid (10x10)
     --------------------------------------------------------------------------------------------
        
       -3.25313  -1.76244  -1.76244  -1.42928  -0.73044  -0.72521  -0.63969  -0.63969  -0.50505
       -0.43871  -0.43871  -0.41738  -0.36068  -0.33966  -0.33966  -0.31613  -0.31386  -0.25529
       -0.23907  -0.23907  -0.19387  -0.19179  -0.19179  -0.17752  -0.17750  -0.17717  -0.17717
       -0.17430  -0.17398  -0.17106  -0.17106  -0.16971  -0.16968  -0.16711  -0.16711  -0.16406
       -0.15164  -0.14818  -0.14812  -0.12636  -0.12609  -0.12609  -0.12590  -0.12590  -0.12584
       -0.12571  -0.12569  -0.12541  -0.12541  -0.12531  -0.12531  -0.12526  -0.12526  -0.12350
       -0.12038  -0.12038  -0.10636  -0.10298  -0.10298  -0.10265  -0.09694  -0.09684  -0.09157
       -0.09157  -0.08784  -0.08743  -0.08743  -0.08716  -0.08174  -0.08170  -0.07908  -0.07350
       -0.07302  -0.07302  -0.07290  -0.06058  -0.05671  -0.05671  -0.05439  -0.05439  -0.05219
       -0.05219  -0.05109  -0.04983  -0.04970  -0.04920  -0.04919  -0.04919  -0.04919  -0.04918
       -0.04918  -0.04917  -0.04916  -0.04916  -0.04915  -0.04915  -0.04914  -0.04913  -0.04913
       -0.04908
        
     --------------------------------------------------------------------------------------------
     Tot. elapsed time 03m-22.1s,  time spent in last iteration 08.8s
     --------------------------------------------------------------------------------------------
      
     --------------------------------------------------------------------------------------------
     Database written in 08.3s               
     In location : ./na2_100_400.wstat.save
     --------------------------------------------------------------------------------------------
       
     --------------------------------------------------------------------------------------------
     Convergence achieved !!! in        3 steps                          
     --------------------------------------------------------------------------------------------
       
     --------------------------------------------------------------------------------------------
     ** Now compute kinetic eigenpotentials **                           
     --------------------------------------------------------------------------------------------
       
     --------------------------------------------------------------------------------------------
     Parallelization for newnvecx                                        
     --------------------------------------------------------------------------------------------
     nglob                =           1600
     nlevel               =             10
     Min nglob/nlevel     =            160
     Max nglob/nlevel     =            160
     --------------------------------------------------------------------------------------------
       
     --------------------------------------------------------------------------------------------
     Parallelization for merge_nvecx                                     
     --------------------------------------------------------------------------------------------
     nglob                =           2000
     nlevel               =             10
     Min nglob/nlevel     =            200
     Max nglob/nlevel     =            200
     --------------------------------------------------------------------------------------------

                       *----------*              *----------*               *----------*
     #     Iteration = | starting |   DFPT_dim = |      400 |   Diago_dim = |      400 |  x 1/2
                       *----------*              *----------*               *----------*
       
     --------------------------------------------------------------------------------------------
     Applying projection operator formed by dvg                          
     --------------------------------------------------------------------------------------------
     per-process dynamical memory   145.5 Mb
  
       
     --------------------------------------------------------------------------------------------
     Sternheimer eq. solver... with lite-solver                          
     --------------------------------------------------------------------------------------------
     in progress... |#                   | 005% :               00.3s (E)               06.6s (X)
     in progress... |##                  | 010% :               00.6s (E)               06.6s (X)
     in progress... |###                 | 015% :               00.9s (E)               06.6s (X)
     in progress... |####                | 020% :               01.3s (E)               06.6s (X)
     in progress... |#####               | 025% :               01.6s (E)               06.6s (X)
     in progress... |######              | 030% :               01.9s (E)               06.6s (X)
     in progress... |#######             | 035% :               02.3s (E)               06.6s (X)
     in progress... |########            | 040% :               02.6s (E)               06.6s (X)
     in progress... |#########           | 045% :               02.9s (E)               06.6s (X)
     in progress... |##########          | 050% :               03.3s (E)               06.6s (X)
     in progress... |###########         | 055% :               03.6s (E)               06.6s (X)
     in progress... |############        | 060% :               03.9s (E)               06.6s (X)
     in progress... |#############       | 065% :               04.3s (E)               06.6s (X)
     in progress... |##############      | 070% :               04.6s (E)               06.6s (X)
     in progress... |###############     | 075% :               05.0s (E)               06.6s (X)
     in progress... |################    | 080% :               05.3s (E)               06.6s (X)
     in progress... |#################   | 085% :               05.6s (E)               06.6s (X)
     in progress... |##################  | 090% :               05.9s (E)               06.6s (X)
     in progress... |################### | 095% :               06.3s (E)               06.6s (X)
     in progress... |####################| 100% :               06.6s (E)               06.6s (X)
       
     --------------------------------------------------------------------------------------------
     Applying projection operator formed by dvg                          
     --------------------------------------------------------------------------------------------
     --------------------------------------------------------------------------------------------

     [I/O] -------------------------------------------------------
     [I/O] RESTART written in < 00.1s             
     [I/O] In location   : ./na2_100_400.wstat.restart
     [I/O] -------------------------------------------------------

                       *----------*              *----------*               *----------*
     #     Iteration = | starting |   DFPT_dim = |      400 |   Diago_dim = |      400 |  x 2/2
                       *----------*              *----------*               *----------*
       
     --------------------------------------------------------------------------------------------
     Applying projection operator formed by dvg                          
     --------------------------------------------------------------------------------------------
     per-process dynamical memory   145.5 Mb
  
       
     --------------------------------------------------------------------------------------------
     Sternheimer eq. solver... with threshold =   1.000000E-06           
     --------------------------------------------------------------------------------------------
     in progress... |#                   | 005% :               00.4s (E)               09.4s (X)
     in progress... |##                  | 010% :               00.9s (E)               09.3s (X)
     in progress... |###                 | 015% :               01.4s (E)               09.3s (X)
     in progress... |####                | 020% :               01.8s (E)               09.3s (X)
     in progress... |#####               | 025% :               02.3s (E)               09.3s (X)
     in progress... |######              | 030% :               02.8s (E)               09.3s (X)
     in progress... |#######             | 035% :               03.2s (E)               09.4s (X)
     in progress... |########            | 040% :               03.7s (E)               09.4s (X)
     in progress... |#########           | 045% :               04.2s (E)               09.4s (X)
     in progress... |##########          | 050% :               04.7s (E)               09.4s (X)
     in progress... |###########         | 055% :               05.1s (E)               09.4s (X)
     in progress... |############        | 060% :               05.6s (E)               09.4s (X)
     in progress... |#############       | 065% :               06.1s (E)               09.4s (X)
     in progress... |##############      | 070% :               06.6s (E)               09.4s (X)
     in progress... |###############     | 075% :               07.0s (E)               09.4s (X)
     in progress... |################    | 080% :               07.5s (E)               09.4s (X)
     in progress... |#################   | 085% :               08.0s (E)               09.4s (X)
     in progress... |##################  | 090% :               08.4s (E)               09.4s (X)
     in progress... |################### | 095% :               08.9s (E)               09.4s (X)
     in progress... |####################| 100% :               09.4s (E)               09.4s (X)
       
     --------------------------------------------------------------------------------------------
     Applying projection operator formed by dvg                          
     --------------------------------------------------------------------------------------------
     --------------------------------------------------------------------------------------------
     p-DIAGOX done in 00.4s with a SCALAPACK grid (12x12)
     --------------------------------------------------------------------------------------------
        
       -0.04042  -0.03946  -0.03882  -0.03477  -0.03476  -0.03390  -0.03387  -0.03062  -0.03055
       -0.03053  -0.03049  -0.03031  -0.03024  -0.02896  -0.02891  -0.02836  -0.02835  -0.02783
       -0.02757  -0.02749  -0.02680  -0.02658  -0.02655  -0.02652  -0.02553  -0.02546  -0.02545
       -0.02534  -0.02530  -0.02498  -0.02494  -0.02412  -0.02407  -0.02312  -0.02309  -0.02301
       -0.02296  -0.02293  -0.02203  -0.02187  -0.02116  -0.02055  -0.02028  -0.02024  -0.02020
       -0.02001  -0.01999  -0.01994  -0.01992  -0.01990  -0.01983  -0.01979  -0.01979  -0.01973
       -0.01969  -0.01967  -0.01962  -0.01960  -0.01955  -0.01951  -0.01946  -0.01944  -0.01940
       -0.01934  -0.01931  -0.01928  -0.01924  -0.01919  -0.01916  -0.01903  -0.01894  -0.01724
       -0.01724  -0.01717  -0.01716  -0.01702  -0.01696  -0.01690  -0.01588  -0.01580  -0.01565
       -0.01556  -0.01545  -0.01535  -0.01529  -0.01507  -0.01490  -0.01464  -0.01458  -0.01455
       -0.01444  -0.01441  -0.01434  -0.01428  -0.01423  -0.01383  -0.01373  -0.01368  -0.01364
       -0.01363  -0.01343  -0.01342  -0.01334  -0.01327  -0.01327  -0.01316  -0.01274  -0.01271
       -0.01268  -0.01258  -0.01256  -0.01252  -0.01249  -0.01248  -0.01242  -0.01239  -0.01231
       -0.01223  -0.01220  -0.01182  -0.01142  -0.01140  -0.01125  -0.01110  -0.01102  -0.01091
       -0.01083  -0.01073  -0.01058  -0.01051  -0.01040  -0.01029  -0.01022  -0.01020  -0.01015
       -0.01013  -0.01005  -0.01000  -0.00997  -0.00992  -0.00991  -0.00989  -0.00986  -0.00984
       -0.00979  -0.00974  -0.00970  -0.00967  -0.00966  -0.00961  -0.00957  -0.00954  -0.00950
       -0.00946  -0.00944  -0.00940  -0.00938  -0.00932  -0.00927  -0.00923  -0.00920  -0.00914
       -0.00910  -0.00906  -0.00898  -0.00891  -0.00883  -0.00877  -0.00875  -0.00869  -0.00867
       -0.00856  -0.00851  -0.00838  -0.00831  -0.00827  -0.00817  -0.00808  -0.00802  -0.00796
       -0.00793  -0.00781  -0.00776  -0.00765  -0.00761  -0.00755  -0.00746  -0.00744  -0.00738
       -0.00729  -0.00725  -0.00721  -0.00720  -0.00718  -0.00706  -0.00703  -0.00698  -0.00696
       -0.00689  -0.00684  -0.00682  -0.00677  -0.00669  -0.00667  -0.00661  -0.00660  -0.00657
       -0.00654  -0.00651  -0.00649  -0.00643  -0.00641  -0.00638  -0.00635  -0.00630  -0.00628
       -0.00626  -0.00625  -0.00623  -0.00618  -0.00616  -0.00613  -0.00608  -0.00601  -0.00598
       -0.00593  -0.00591  -0.00587  -0.00585  -0.00581  -0.00579  -0.00575  -0.00570  -0.00566
       -0.00563  -0.00562  -0.00556  -0.00549  -0.00544  -0.00535  -0.00532  -0.00529  -0.00525
       -0.00524  -0.00519  -0.00516  -0.00513  -0.00510  -0.00509  -0.00504  -0.00502  -0.00497
       -0.00493  -0.00489  -0.00488  -0.00482  -0.00481  -0.00478  -0.00475  -0.00473  -0.00470
       -0.00467  -0.00466  -0.00463  -0.00461  -0.00459  -0.00453  -0.00450  -0.00449  -0.00447
       -0.00445  -0.00442  -0.00437  -0.00432  -0.00431  -0.00430  -0.00428  -0.00426  -0.00425
       -0.00421  -0.00420  -0.00415  -0.00413  -0.00411  -0.00409  -0.00405  -0.00403  -0.00402
       -0.00398  -0.00395  -0.00393  -0.00393  -0.00390  -0.00390  -0.00384  -0.00383  -0.00380
       -0.00379  -0.00376  -0.00374  -0.00373  -0.00371  -0.00366  -0.00363  -0.00361  -0.00359
       -0.00356  -0.00356  -0.00353  -0.00353  -0.00350  -0.00346  -0.00345  -0.00344  -0.00342
       -0.00339  -0.00337  -0.00334  -0.00332  -0.00332  -0.00331  -0.00327  -0.00326  -0.00323
       -0.00322  -0.00319  -0.00316  -0.00315  -0.00313  -0.00312  -0.00310  -0.00307  -0.00304
       -0.00303  -0.00300  -0.00297  -0.00296  -0.00291  -0.00290  -0.00289  -0.00287  -0.00285
       -0.00284  -0.00280  -0.00279  -0.00276  -0.00274  -0.00273  -0.00271  -0.00269  -0.00267
       -0.00266  -0.00264  -0.00262  -0.00259  -0.00257  -0.00256  -0.00254  -0.00252  -0.00248
       -0.00245  -0.00242  -0.00241  -0.00239  -0.00237  -0.00235  -0.00233  -0.00230  -0.00229
       -0.00225  -0.00224  -0.00223  -0.00222  -0.00219  -0.00215  -0.00212  -0.00211  -0.00208
       -0.00208  -0.00205  -0.00203  -0.00202  -0.00201  -0.00199  -0.00197  -0.00194  -0.00194
       -0.00193  -0.00189  -0.00187  -0.00185  -0.00184  -0.00183  -0.00179  -0.00177  -0.00172
       -0.00169  -0.00164  -0.00163  -0.00158
        
     --------------------------------------------------------------------------------------------
     Tot. elapsed time 01m-26.3s,  time spent in last iteration 01m-26.3s
     --------------------------------------------------------------------------------------------

     [I/O] -------------------------------------------------------
     [I/O] RESTART written in < 00.1s             
     [I/O] In location   : ./na2_100_400.wstat.restart
     [I/O] -------------------------------------------------------

                       *----------*              *----------*               *----------*
     #     Iteration = |        1 |   DFPT_dim = |      400 |   Diago_dim = |      800 |
                       *----------*              *----------*               *----------*
       
     --------------------------------------------------------------------------------------------
     Applying projection operator formed by dvg                          
     --------------------------------------------------------------------------------------------
     per-process dynamical memory   151.1 Mb
  
       
     --------------------------------------------------------------------------------------------
     Sternheimer eq. solver... with threshold =   1.000000E-12           
     --------------------------------------------------------------------------------------------
     in progress... |#                   | 005% :               00.5s (E)               10.9s (X)
     in progress... |##                  | 010% :               01.0s (E)               10.9s (X)
     in progress... |###                 | 015% :               01.6s (E)               10.9s (X)
     in progress... |####                | 020% :               02.2s (E)               11.0s (X)
     in progress... |#####               | 025% :               02.7s (E)               11.0s (X)
     in progress... |######              | 030% :               03.3s (E)               11.0s (X)
     in progress... |#######             | 035% :               03.8s (E)               11.1s (X)
     in progress... |########            | 040% :               04.4s (E)               11.1s (X)
     in progress... |#########           | 045% :               05.0s (E)               11.1s (X)
     in progress... |##########          | 050% :               05.5s (E)               11.1s (X)
     in progress... |###########         | 055% :               06.1s (E)               11.2s (X)
     in progress... |############        | 060% :               06.7s (E)               11.2s (X)
     in progress... |#############       | 065% :               07.2s (E)               11.2s (X)
     in progress... |##############      | 070% :               07.8s (E)               11.2s (X)
     in progress... |###############     | 075% :               08.4s (E)               11.2s (X)
     in progress... |################    | 080% :               08.9s (E)               11.2s (X)
     in progress... |#################   | 085% :               09.5s (E)               11.2s (X)
     in progress... |##################  | 090% :               10.1s (E)               11.2s (X)
     in progress... |################### | 095% :               10.6s (E)               11.2s (X)
     in progress... |####################| 100% :               11.2s (E)               11.2s (X)
       
     --------------------------------------------------------------------------------------------
     Applying projection operator formed by dvg                          
     --------------------------------------------------------------------------------------------
     --------------------------------------------------------------------------------------------
     p-DIAGOX done in 00.6s with a SCALAPACK grid (17x17)
     --------------------------------------------------------------------------------------------
        
       -0.04049  -0.03948  -0.03885  -0.03510  -0.03508  -0.03445  -0.03423  -0.03088  -0.03087
       -0.03083  -0.03082  -0.03054  -0.03053  -0.02922  -0.02920  -0.02861  -0.02859  -0.02809
       -0.02776  -0.02773  -0.02712  -0.02691  -0.02665  -0.02661  -0.02582  -0.02579  -0.02571
       -0.02565  -0.02563  -0.02513  -0.02511  -0.02437  -0.02434  -0.02343  -0.02340  -0.02339
       -0.02314  -0.02313  -0.02248  -0.02234  -0.02151  -0.02081  -0.02076  -0.02073  -0.02071
       -0.02042  -0.02041  -0.02041  -0.02040  -0.02040  -0.02040  -0.02040  -0.02040  -0.02040
       -0.02039  -0.02039  -0.02039  -0.02039  -0.02038  -0.02038  -0.02038  -0.02037  -0.02037
       -0.02034  -0.02022  -0.02021  -0.02021  -0.01978  -0.01977  -0.01976  -0.01975  -0.01768
       -0.01767  -0.01766  -0.01758  -0.01758  -0.01757  -0.01747  -0.01629  -0.01628  -0.01614
       -0.01613  -0.01599  -0.01594  -0.01592  -0.01560  -0.01559  -0.01529  -0.01507  -0.01506
       -0.01493  -0.01483  -0.01482  -0.01474  -0.01473  -0.01427  -0.01427  -0.01413  -0.01392
       -0.01389  -0.01383  -0.01382  -0.01376  -0.01376  -0.01376  -0.01374  -0.01347  -0.01346
       -0.01314  -0.01313  -0.01308  -0.01308  -0.01302  -0.01302  -0.01298  -0.01297  -0.01283
       -0.01264  -0.01263  -0.01231  -0.01219  -0.01207  -0.01206  -0.01177  -0.01177  -0.01144
       -0.01143  -0.01127  -0.01108  -0.01107  -0.01104  -0.01097  -0.01078  -0.01078  -0.01070
       -0.01070  -0.01069  -0.01068  -0.01068  -0.01068  -0.01068  -0.01068  -0.01068  -0.01068
       -0.01067  -0.01067  -0.01067  -0.01067  -0.01067  -0.01067  -0.01067  -0.01066  -0.01066
       -0.01066  -0.01066  -0.01066  -0.01065  -0.01062  -0.01061  -0.01061  -0.01060  -0.01059
       -0.01059  -0.01058  -0.01054  -0.01053  -0.01011  -0.01010  -0.00994  -0.00993  -0.00956
       -0.00955  -0.00934  -0.00933  -0.00930  -0.00925  -0.00925  -0.00904  -0.00886  -0.00886
       -0.00882  -0.00865  -0.00864  -0.00863  -0.00844  -0.00844  -0.00842  -0.00841  -0.00818
       -0.00818  -0.00806  -0.00799  -0.00787  -0.00787  -0.00782  -0.00781  -0.00780  -0.00776
       -0.00775  -0.00767  -0.00767  -0.00764  -0.00760  -0.00757  -0.00755  -0.00755  -0.00743
       -0.00743  -0.00739  -0.00737  -0.00724  -0.00723  -0.00721  -0.00720  -0.00720  -0.00719
       -0.00714  -0.00713  -0.00711  -0.00710  -0.00708  -0.00707  -0.00706  -0.00706  -0.00705
       -0.00702  -0.00701  -0.00696  -0.00695  -0.00688  -0.00687  -0.00684  -0.00680  -0.00680
       -0.00678  -0.00662  -0.00661  -0.00658  -0.00657  -0.00634  -0.00633  -0.00631  -0.00629
       -0.00629  -0.00626  -0.00625  -0.00624  -0.00623  -0.00615  -0.00615  -0.00615  -0.00611
       -0.00601  -0.00598  -0.00598  -0.00590  -0.00589  -0.00575  -0.00574  -0.00571  -0.00571
       -0.00570  -0.00570  -0.00569  -0.00569  -0.00568  -0.00568  -0.00567  -0.00567  -0.00567
       -0.00566  -0.00566  -0.00565  -0.00565  -0.00564  -0.00563  -0.00563  -0.00562  -0.00562
       -0.00561  -0.00560  -0.00559  -0.00559  -0.00557  -0.00556  -0.00553  -0.00553  -0.00552
       -0.00549  -0.00547  -0.00547  -0.00545  -0.00543  -0.00541  -0.00538  -0.00537  -0.00535
       -0.00534  -0.00519  -0.00518  -0.00518  -0.00517  -0.00513  -0.00511  -0.00511  -0.00508
       -0.00504  -0.00501  -0.00498  -0.00497  -0.00492  -0.00491  -0.00488  -0.00483  -0.00481
       -0.00477  -0.00476  -0.00466  -0.00465  -0.00461  -0.00460  -0.00458  -0.00457  -0.00455
       -0.00453  -0.00451  -0.00448  -0.00448  -0.00446  -0.00445  -0.00442  -0.00442  -0.00439
       -0.00437  -0.00437  -0.00436  -0.00430  -0.00429  -0.00427  -0.00425  -0.00424  -0.00422
       -0.00421  -0.00420  -0.00417  -0.00407  -0.00404  -0.00403  -0.00402  -0.00392  -0.00390
       -0.00388  -0.00386  -0.00384  -0.00384  -0.00383  -0.00381  -0.00381  -0.00380  -0.00378
       -0.00377  -0.00376  -0.00375  -0.00375  -0.00374  -0.00372  -0.00371  -0.00370  -0.00370
       -0.00368  -0.00368  -0.00367  -0.00365  -0.00365  -0.00364  -0.00362  -0.00361  -0.00361
       -0.00360  -0.00358  -0.00358  -0.00358  -0.00356  -0.00353  -0.00352  -0.00351  -0.00350
       -0.00349  -0.00348  -0.00347  -0.00346  -0.00344  -0.00344  -0.00343  -0.00342  -0.00342
       -0.00341  -0.00339  -0.00337  -0.00336
        
     --------------------------------------------------------------------------------------------
     Tot. elapsed time 02m-48.9s,  time spent in last iteration 18.1s
     --------------------------------------------------------------------------------------------

     [I/O] -------------------------------------------------------
     [I/O] RESTART written in < 00.1s             
     [I/O] In location   : ./na2_100_400.wstat.restart
     [I/O] -------------------------------------------------------

                       *----------*              *----------*               *----------*
     #     Iteration = |        2 |   DFPT_dim = |      251 |   Diago_dim = |     1051 |
                       *----------*              *----------*               *----------*
       
     --------------------------------------------------------------------------------------------
     Applying projection operator formed by dvg                          
     --------------------------------------------------------------------------------------------
     per-process dynamical memory   151.9 Mb
  
       
     --------------------------------------------------------------------------------------------
     Sternheimer eq. solver... with threshold =   1.000000E-12           
     --------------------------------------------------------------------------------------------
     in progress... |#                   | 005% :               00.5s (E)               10.8s (X)
     in progress... |##                  | 010% :               00.8s (E)               08.1s (X)
     in progress... |###                 | 015% :               01.0s (E)               07.1s (X)
     in progress... |####                | 020% :               01.6s (E)               08.1s (X)
     in progress... |#####               | 025% :               01.8s (E)               07.5s (X)
     in progress... |######              | 030% :               02.1s (E)               07.2s (X)
     in progress... |#######             | 035% :               02.7s (E)               07.7s (X)
     in progress... |########            | 040% :               02.9s (E)               07.4s (X)
     in progress... |#########           | 045% :               03.2s (E)               07.2s (X)
     in progress... |##########          | 050% :               03.5s (E)               07.0s (X)
     in progress... |###########         | 055% :               04.0s (E)               07.4s (X)
     in progress... |############        | 060% :               04.3s (E)               07.2s (X)
     in progress... |#############       | 065% :               04.6s (E)               07.1s (X)
     in progress... |##############      | 070% :               05.2s (E)               07.4s (X)
     in progress... |###############     | 075% :               05.4s (E)               07.3s (X)
     in progress... |################    | 080% :               05.7s (E)               07.2s (X)
     in progress... |#################   | 085% :               06.3s (E)               07.4s (X)
     in progress... |##################  | 090% :               06.6s (E)               07.3s (X)
     in progress... |################### | 095% :               06.8s (E)               07.2s (X)
     in progress... |####################| 100% :               07.1s (E)               07.1s (X)
       
     --------------------------------------------------------------------------------------------
     Applying projection operator formed by dvg                          
     --------------------------------------------------------------------------------------------
     --------------------------------------------------------------------------------------------
     p-DIAGOX done in 01.2s with a SCALAPACK grid (17x17)
     --------------------------------------------------------------------------------------------
        
       -0.04049  -0.03948  -0.03885  -0.03510  -0.03508  -0.03445  -0.03423  -0.03088  -0.03087
       -0.03083  -0.03082  -0.03054  -0.03053  -0.02922  -0.02920  -0.02861  -0.02859  -0.02809
       -0.02776  -0.02773  -0.02712  -0.02691  -0.02665  -0.02661  -0.02582  -0.02579  -0.02571
       -0.02565  -0.02563  -0.02513  -0.02511  -0.02437  -0.02434  -0.02343  -0.02340  -0.02339
       -0.02314  -0.02313  -0.02248  -0.02234  -0.02151  -0.02081  -0.02076  -0.02073  -0.02071
       -0.02042  -0.02042  -0.02041  -0.02041  -0.02040  -0.02040  -0.02040  -0.02040  -0.02040
       -0.02039  -0.02039  -0.02039  -0.02039  -0.02039  -0.02038  -0.02038  -0.02037  -0.02037
       -0.02035  -0.02022  -0.02022  -0.02021  -0.01978  -0.01977  -0.01976  -0.01975  -0.01768
       -0.01767  -0.01766  -0.01758  -0.01758  -0.01757  -0.01747  -0.01629  -0.01629  -0.01614
       -0.01613  -0.01599  -0.01594  -0.01593  -0.01560  -0.01559  -0.01529  -0.01507  -0.01506
       -0.01493  -0.01483  -0.01482  -0.01474  -0.01474  -0.01427  -0.01427  -0.01413  -0.01392
       -0.01389  -0.01383  -0.01383  -0.01377  -0.01377  -0.01376  -0.01374  -0.01347  -0.01347
       -0.01315  -0.01313  -0.01309  -0.01308  -0.01303  -0.01302  -0.01298  -0.01297  -0.01283
       -0.01264  -0.01263  -0.01231  -0.01220  -0.01208  -0.01207  -0.01178  -0.01177  -0.01145
       -0.01143  -0.01127  -0.01109  -0.01108  -0.01104  -0.01098  -0.01079  -0.01079  -0.01071
       -0.01071  -0.01070  -0.01070  -0.01070  -0.01070  -0.01069  -0.01069  -0.01069  -0.01069
       -0.01069  -0.01069  -0.01069  -0.01068  -0.01068  -0.01068  -0.01068  -0.01068  -0.01068
       -0.01068  -0.01068  -0.01068  -0.01068  -0.01064  -0.01063  -0.01063  -0.01060  -0.01060
       -0.01060  -0.01059  -0.01055  -0.01054  -0.01012  -0.01011  -0.00995  -0.00994  -0.00957
       -0.00957  -0.00935  -0.00935  -0.00931  -0.00927  -0.00926  -0.00906  -0.00888  -0.00887
       -0.00884  -0.00867  -0.00866  -0.00866  -0.00846  -0.00845  -0.00844  -0.00843  -0.00819
       -0.00819  -0.00808  -0.00801  -0.00789  -0.00788  -0.00783  -0.00782  -0.00782  -0.00778
       -0.00778  -0.00770  -0.00769  -0.00766  -0.00762  -0.00760  -0.00759  -0.00759  -0.00746
       -0.00746  -0.00742  -0.00740  -0.00727  -0.00727  -0.00723  -0.00723  -0.00722  -0.00722
       -0.00716  -0.00716  -0.00713  -0.00713  -0.00710  -0.00709  -0.00709  -0.00709  -0.00708
       -0.00706  -0.00705  -0.00701  -0.00701  -0.00693  -0.00693  -0.00688  -0.00683  -0.00683
       -0.00683  -0.00665  -0.00664  -0.00662  -0.00662  -0.00639  -0.00639  -0.00636  -0.00636
       -0.00632  -0.00631  -0.00631  -0.00628  -0.00627  -0.00619  -0.00619  -0.00618  -0.00617
       -0.00605  -0.00604  -0.00604  -0.00595  -0.00595  -0.00578  -0.00577  -0.00575  -0.00575
       -0.00575  -0.00575  -0.00575  -0.00575  -0.00575  -0.00575  -0.00575  -0.00575  -0.00574
       -0.00574  -0.00574  -0.00574  -0.00574  -0.00574  -0.00574  -0.00574  -0.00574  -0.00574
       -0.00574  -0.00574  -0.00574  -0.00574  -0.00574  -0.00574  -0.00574  -0.00574  -0.00574
       -0.00573  -0.00566  -0.00562  -0.00562  -0.00555  -0.00555  -0.00553  -0.00545  -0.00545
       -0.00544  -0.00525  -0.00525  -0.00524  -0.00524  -0.00523  -0.00522  -0.00522  -0.00522
       -0.00517  -0.00517  -0.00515  -0.00515  -0.00502  -0.00499  -0.00499  -0.00493  -0.00491
       -0.00483  -0.00483  -0.00472  -0.00472  -0.00472  -0.00471  -0.00470  -0.00469  -0.00466
       -0.00466  -0.00465  -0.00465  -0.00463  -0.00457  -0.00455  -0.00455  -0.00454  -0.00453
       -0.00453  -0.00447  -0.00447  -0.00439  -0.00439  -0.00438  -0.00438  -0.00437  -0.00437
       -0.00429  -0.00429  -0.00427  -0.00427  -0.00426  -0.00412  -0.00410  -0.00405  -0.00405
       -0.00403  -0.00403  -0.00400  -0.00399  -0.00396  -0.00395  -0.00395  -0.00388  -0.00388
       -0.00387  -0.00387  -0.00386  -0.00385  -0.00385  -0.00385  -0.00385  -0.00384  -0.00381
       -0.00380  -0.00380  -0.00379  -0.00379  -0.00379  -0.00378  -0.00378  -0.00378  -0.00377
       -0.00376  -0.00375  -0.00374  -0.00374  -0.00373  -0.00372  -0.00372  -0.00371  -0.00371
       -0.00371  -0.00370  -0.00369  -0.00369  -0.00366  -0.00365  -0.00360  -0.00360  -0.00357
       -0.00356  -0.00355  -0.00355  -0.00354
        
     --------------------------------------------------------------------------------------------
     Tot. elapsed time 04m-06.5s,  time spent in last iteration 13.8s
     --------------------------------------------------------------------------------------------
       
     --------------------------------------------------------------------------------------------
     Convergence achieved !!! in        2 steps                          
     --------------------------------------------------------------------------------------------
      
     --------------------------------------------------------------------------------------------
     Database written in < 00.1s             
     In location : ./na2_100_400.wstat.save
     --------------------------------------------------------------------------------------------
 
     WSTAT        :  4m28.36s CPU     9m 1.12s WALL

     wstat_readin :      7.15s CPU     40.00s WALL (       1 calls)
     fetch_nml    :      0.01s CPU      0.01s WALL (       1 calls)
     read_xml     :      1.16s CPU      1.46s WALL (       1 calls)
     init_vloc    :      0.05s CPU      0.05s WALL (       2 calls)
     fft          :      0.20s CPU      0.29s WALL (      11 calls)
     fft_scatter  :     30.40s CPU     30.40s WALL (   13934 calls)
     v_of_rho     :      0.21s CPU      0.29s WALL (       1 calls)
     v_xc         :      0.20s CPU      0.26s WALL (       1 calls)
     v_h          :      0.01s CPU      0.03s WALL (       1 calls)
     read_wave    :      5.98s CPU     38.31s WALL (       1 calls)
     davcio       :      0.00s CPU      0.90s WALL (       2 calls)
     init_us_1    :      0.14s CPU      0.15s WALL (       2 calls)
     do_setup     :      0.23s CPU      0.26s WALL (       1 calls)
     init_pw_ar   :      0.23s CPU      0.25s WALL (       1 calls)
     init_at_1    :      0.00s CPU      0.00s WALL (       1 calls)
     storesqvc    :      0.01s CPU      0.01s WALL (       1 calls)
     chidiago     :    127.36s CPU    213.25s WALL (       1 calls)
     randomize    :      1.13s CPU      1.16s WALL (       2 calls)
     paramgs      :      6.28s CPU      6.35s WALL (      10 calls)
     dfpt         :    114.04s CPU    114.94s WALL (       9 calls)
     init_us_2    :      0.01s CPU      0.02s WALL (       9 calls)
     fftw         :     68.82s CPU     69.19s WALL (   13923 calls)
     alphapc      :      0.37s CPU      0.36s WALL (     189 calls)
     wstat_restar :    105.87s CPU    312.59s WALL (       7 calls)
     linstern     :     79.79s CPU     80.36s WALL (     139 calls)
     stern        :     70.69s CPU     71.33s WALL (    3797 calls)
     h_psi_bgrp   :     65.61s CPU     66.02s WALL (    1391 calls)
     h_psi        :     65.61s CPU     66.02s WALL (    1391 calls)
     h_psi:pot    :     65.42s CPU     65.76s WALL (    1391 calls)
     vloc_psi     :     62.94s CPU     63.33s WALL (    1391 calls)
     h_psi:calbec :      2.22s CPU      1.80s WALL (    1391 calls)
     calbec       :      2.22s CPU      1.80s WALL (    1391 calls)
     add_vuspsi   :      0.25s CPU      0.61s WALL (    1391 calls)
     alphapv      :      3.81s CPU      3.83s WALL (    3797 calls)
     build_hr     :      3.72s CPU      3.81s WALL (       7 calls)
     diagox       :      2.58s CPU      2.63s WALL (       7 calls)
     redistr_vr   :      0.28s CPU      0.30s WALL (       5 calls)
     update_vr    :      4.79s CPU      4.94s WALL (       5 calls)
     symm_hr      :      0.28s CPU      0.30s WALL (       5 calls)
     chidiago:las :      0.00s CPU      0.00s WALL (       1 calls)
     refresh_vr   :      1.83s CPU      1.88s WALL (       2 calls)
     pdep_db      :      2.89s CPU      8.39s WALL (       1 calls)
     kinchidiago  :    133.61s CPU    287.57s WALL (       1 calls)
     k_psi        :      0.34s CPU      0.39s WALL (    2406 calls)
     kinchidiago: :      0.00s CPU      0.00s WALL (       1 calls)
     pdep_db_for_ :     13.47s CPU     34.54s WALL (       1 calls)
 
     WSTAT        :  4m28.36s CPU     9m 1.12s WALL

 
   This run was terminated on:  14:51:29  21Jan2019            

=------------------------------------------------------------------------------=
   JOB DONE.
=------------------------------------------------------------------------------=
