
     Program WSTAT v. 2.0.0 starts on 21Jan2019 at 15: 2:37 

     This program is part of the open-source West suite
     for massively parallel calculations of excited states in materials; please cite
         "M. Govoni et al., J. Chem. Theory Comput. 11, 2680 (2015);
          URL http://www.west-code.org", 
     in publications or presentations arising from this work.

     Based on the Quantum ESPRESSO v. 6.1 svn rev. 13369
       
     --------------------------------------------------------------------------------------------
     **MPI** Parallelization Status                                      
     --------------------------------------------------------------------------------------------
                   320                  10             1             1            32
     --------------------------------------------------------------------------------------------
                     N         =         I      X      P      X      B      X      Z
                     ^                   ^             ^             ^             ^
                     |                   |             |             |             |
                   #rnk                  |             |             |             |
                                      #image           |             |             |
                                                     #pool           |             |
                                                                   #bgrp           |
                                                                                 #R&G
     --------------------------------------------------------------------------------------------
     **OPENMP** Parallelization Status
     #thr/rnk               =            1
     --------------------------------------------------------------------------------------------
     #prc = (rnk) * (thr) =          320
     --------------------------------------------------------------------------------------------
       
     --------------------------------------------------------------------------------------------
     I/O Summary : input_west                                            
     --------------------------------------------------------------------------------------------
     qe_prefix      = na2
     west_prefix    = na2
     outdir         = ./
     --------------------------------------------------------------------------------------------
       
     --------------------------------------------------------------------------------------------
     I/O Summary : wstat_control                                         
     --------------------------------------------------------------------------------------------
     wstat_calculation              =              S
     n_pdep_eigen                   =            500
     n_kin_pdep_eigen               =              0
     n_lindhard_eigen               =              0
     n_pdep_times                   =              4
     n_pdep_maxiter                 =            100
     n_dfpt_maxiter                 =            250
     n_pdep_read_from_file          =              0
     trev_pdep                      =   1.000000E-03
     trev_pdep_rel                  =   1.000000E-01
     tr2_dfpt                       =   1.000000E-12
     l_kinetic_only                 =              F
     l_minimize_exx_if_active       =              F
     l_use_ecutrho                  =              F
     l_pure_eigen                   =              F
     --------------------------------------------------------------------------------------------

     Reading data from directory:
     ./na2.save

   Info: using nr1, nr2, nr3 values from input

   Info: using nr1, nr2, nr3 values from input

     IMPORTANT: XC functional enforced from input :
     Exchange-correlation      = PBE ( 1  4  3  4 0 0)
     Any further DFT definition will be discarded
     Please, verify this is what you really want

     Message from routine readpp:
     file ./na2.save/Na_ONCV_PBE-1.0.upf not found
 
     Parallelization info
     --------------------
     sticks:   dense  smooth     PW     G-vecs:    dense   smooth      PW
     Min         759     759    189                89327    89327   11160
     Max         762     762    196                89338    89338   11166
     Sum       24345   24345   6093              2858633  2858633  357213
 
       
     --------------------------------------------------------------------------------------------
     System Overview                                                     
     --------------------------------------------------------------------------------------------
     gamma_only           =              T
     ecutwfc [Ry]         =      85.000000
     omega [au^3]         =   2.700000E+04
     glob. #G             =         178607
     nbnd                 =            100
     nkstot               =              1
     nspin                =              1
     nelec                =      18.000000
     npol                 =              1
     lsda                 =              F
     noncolin             =              F
     lspinorb             =              F
     domag                =              F
     --------------------------------------------------------------------------------------------

     sFFT G-space:  1429317 G-vectors     R-space: ( 180, 180, 180)
     dFFT G-space:  1429317 G-vectors     R-space: ( 180, 180, 180)

     Cell [a.u.]          =      30.000000      0.000000      0.000000
                          =       0.000000     30.000000      0.000000
                          =       0.000000      0.000000     30.000000
      
     number of ks points=     1
                       cart. coord. in units 2pi/alat
        k(    1) = (   0.0000000   0.0000000   0.0000000), wk =   2.0000000

                       cryst. coord.
        k(    1) = (   0.0000000   0.0000000   0.0000000), wk =   2.0000000
 
     Spherical div        =   1.654268E-01
     Orthorombic div      =   1.628506E-01
       
     --------------------------------------------------------------------------------------------
     Parallelization for nvecx                                           
     --------------------------------------------------------------------------------------------
     nglob                =           2000
     nlevel               =             10
     Min nglob/nlevel     =            200
     Max nglob/nlevel     =            200
     --------------------------------------------------------------------------------------------

     [MEM] ----------------------------------------------------------
     [MEM] **Memory** analysis: QE
     [MEM] ----------------------------------------------------------
     [MEM] Allocated arrays           est. size (Mb)     dimensions
     [MEM] ----------------------------------------------------------
     [MEM] Kohn-Sham Wavefunctions       8.52 Mb     (   5583,  100)
     [MEM] NL pseudopotentials           1.36 Mb     (   5583,   16)
     [MEM] Each V/rho on FFT grid        2.97 Mb     ( 194400)
     [MEM] Each G-vector array           0.34 Mb     (  44666)
     [MEM] G-vector shells               0.04 Mb     (   5631)
     [MEM] ----------------------------------------------------------
     [MEM] TOT                          13.23 Mb
     [MEM] ----------------------------------------------------------
     [MEM] 
     [MEM] ----------------------------------------------------------
     [MEM] **Memory** analysis: WSTAT global
     [MEM] ----------------------------------------------------------
     [MEM] Allocated arrays           est. size (Mb)     dimensions
     [MEM] ----------------------------------------------------------
     [MEM] dvg                          17.04 Mb     (   5583,  200)
     [MEM] dng                          17.04 Mb     (   5583,  200)
     [MEM] hr_distr                      3.05 Mb     (   2000,  200)
     [MEM] vr_distr                      3.05 Mb     (   2000,  200)
     [MEM] ----------------------------------------------------------
     [MEM] TOT                          40.18 Mb
     [MEM] ----------------------------------------------------------
     [MEM] 
     [MEM] ----------------------------------------------------------
     [MEM] **Memory** analysis: WSTAT temporary
     [MEM] ----------------------------------------------------------
     [MEM] Allocated arrays           est. size (Mb)     dimensions
     [MEM] ----------------------------------------------------------
     [MEM] dvpsi                         0.77 Mb     (   5583,    9)
     [MEM] dpsi                          0.77 Mb     (   5583,    9)
     [MEM] ----------------------------------------------------------
     [MEM] Total estimate                1.53 Mb
     [MEM] ----------------------------------------------------------

                       *----------*              *----------*               *----------*
     #     Iteration = | starting |   DFPT_dim = |      500 |   Diago_dim = |      500 |  x 1/2
                       *----------*              *----------*               *----------*
     per-process dynamical memory   106.9 Mb
  
       
     --------------------------------------------------------------------------------------------
     Sternheimer eq. solver... with lite-solver                          
     --------------------------------------------------------------------------------------------
     in progress... |#                   | 005% :               00.5s (E)               10.0s (X)
     in progress... |##                  | 010% :               00.8s (E)               08.3s (X)
     in progress... |###                 | 015% :               01.3s (E)               08.8s (X)
     in progress... |####                | 020% :               01.6s (E)               08.2s (X)
     in progress... |#####               | 025% :               02.1s (E)               08.6s (X)
     in progress... |######              | 030% :               02.4s (E)               08.2s (X)
     in progress... |#######             | 035% :               02.9s (E)               08.5s (X)
     in progress... |########            | 040% :               03.3s (E)               08.2s (X)
     in progress... |#########           | 045% :               03.8s (E)               08.4s (X)
     in progress... |##########          | 050% :               04.1s (E)               08.3s (X)
     in progress... |###########         | 055% :               04.6s (E)               08.4s (X)
     in progress... |############        | 060% :               04.9s (E)               08.2s (X)
     in progress... |#############       | 065% :               05.4s (E)               08.4s (X)
     in progress... |##############      | 070% :               05.8s (E)               08.2s (X)
     in progress... |###############     | 075% :               06.3s (E)               08.4s (X)
     in progress... |################    | 080% :               06.6s (E)               08.2s (X)
     in progress... |#################   | 085% :               07.1s (E)               08.3s (X)
     in progress... |##################  | 090% :               07.4s (E)               08.2s (X)
     in progress... |################### | 095% :               07.9s (E)               08.3s (X)
     in progress... |####################| 100% :               08.2s (E)               08.2s (X)
     --------------------------------------------------------------------------------------------

     [I/O] -------------------------------------------------------
     [I/O] RESTART written in < 00.1s             
     [I/O] In location   : ./na2_500.wstat.restart
     [I/O] -------------------------------------------------------

                       *----------*              *----------*               *----------*
     #     Iteration = | starting |   DFPT_dim = |      500 |   Diago_dim = |      500 |  x 2/2
                       *----------*              *----------*               *----------*
     per-process dynamical memory   113.2 Mb
  
       
     --------------------------------------------------------------------------------------------
     Sternheimer eq. solver... with threshold =   1.000000E-06           
     --------------------------------------------------------------------------------------------
     in progress... |#                   | 005% :               05.0s (E)           01m-41.8s (X)
     in progress... |##                  | 010% :               08.4s (E)           01m-24.8s (X)
     in progress... |###                 | 015% :               13.5s (E)           01m-30.5s (X)
     in progress... |####                | 020% :               16.9s (E)           01m-24.6s (X)
     in progress... |#####               | 025% :               21.8s (E)           01m-27.4s (X)
     in progress... |######              | 030% :               25.0s (E)           01m-23.6s (X)
     in progress... |#######             | 035% :               29.8s (E)           01m-25.3s (X)
     in progress... |########            | 040% :               33.0s (E)           01m-22.6s (X)
     in progress... |#########           | 045% :               37.8s (E)           01m-24.2s (X)
     in progress... |##########          | 050% :               41.0s (E)           01m-22.1s (X)
     in progress... |###########         | 055% :               45.7s (E)           01m-23.2s (X)
     in progress... |############        | 060% :               48.8s (E)           01m-21.4s (X)
     in progress... |#############       | 065% :               53.5s (E)           01m-22.3s (X)
     in progress... |##############      | 070% :               56.5s (E)           01m-20.8s (X)
     in progress... |###############     | 075% :           01m-01.1s (E)           01m-21.5s (X)
     in progress... |################    | 080% :           01m-04.1s (E)           01m-20.2s (X)
     in progress... |#################   | 085% :           01m-08.7s (E)           01m-20.8s (X)
     in progress... |##################  | 090% :           01m-11.7s (E)           01m-19.7s (X)
     in progress... |################### | 095% :           01m-16.1s (E)           01m-20.1s (X)
     in progress... |####################| 100% :           01m-19.1s (E)           01m-19.1s (X)
     --------------------------------------------------------------------------------------------
     p-DIAGOX done in 00.6s with a SCALAPACK grid (15x15)
     --------------------------------------------------------------------------------------------
        
       -3.25288  -1.76232  -1.76229  -1.42638  -0.72157  -0.66451  -0.63958  -0.63958  -0.50491
       -0.43868  -0.43868  -0.41716  -0.36007  -0.33957  -0.33956  -0.31603  -0.31378  -0.25503
       -0.23887  -0.23883  -0.19343  -0.19141  -0.19138  -0.17739  -0.17735  -0.17688  -0.17681
       -0.17411  -0.17365  -0.17085  -0.17079  -0.16953  -0.16952  -0.16689  -0.16687  -0.16361
       -0.15102  -0.14785  -0.14779  -0.12617  -0.12597  -0.12595  -0.12581  -0.12577  -0.12572
       -0.12559  -0.12556  -0.12529  -0.12527  -0.12520  -0.12519  -0.12515  -0.12512  -0.12326
       -0.11990  -0.11983  -0.10466  -0.10260  -0.10253  -0.10217  -0.09637  -0.09623  -0.09143
       -0.09142  -0.08735  -0.08683  -0.08664  -0.08645  -0.08106  -0.08085  -0.07857  -0.07322
       -0.07265  -0.07250  -0.07236  -0.05981  -0.05624  -0.05606  -0.05392  -0.05385  -0.05188
       -0.05181  -0.05050  -0.04939  -0.04926  -0.04898  -0.04898  -0.04895  -0.04892  -0.04892
       -0.04891  -0.04887  -0.04884  -0.04881  -0.04881  -0.04877  -0.04875  -0.04872  -0.04864
       -0.04861  -0.04856  -0.04828  -0.04811  -0.04367  -0.04364  -0.04339  -0.04269  -0.03747
       -0.03747  -0.03730  -0.03726  -0.03689  -0.03675  -0.03460  -0.03451  -0.03420  -0.03409
       -0.03329  -0.03300  -0.03200  -0.03181  -0.03141  -0.03129  -0.03071  -0.03066  -0.03059
       -0.03055  -0.03046  -0.03039  -0.02909  -0.02895  -0.02889  -0.02884  -0.02832  -0.02780
       -0.02766  -0.02721  -0.02711  -0.02657  -0.02653  -0.02607  -0.02424  -0.02409  -0.02406
       -0.02394  -0.02298  -0.02296  -0.02275  -0.02265  -0.02249  -0.02245  -0.02239  -0.02237
       -0.02235  -0.02229  -0.02228  -0.02225  -0.02221  -0.02217  -0.02214  -0.02211  -0.02209
       -0.02205  -0.02199  -0.02191  -0.02185  -0.02178  -0.02176  -0.02165  -0.02159  -0.02150
       -0.02027  -0.02017  -0.01998  -0.01992  -0.01979  -0.01973  -0.01958  -0.01836  -0.01823
       -0.01798  -0.01785  -0.01781  -0.01762  -0.01753  -0.01726  -0.01713  -0.01673  -0.01644
       -0.01633  -0.01618  -0.01608  -0.01605  -0.01592  -0.01582  -0.01539  -0.01528  -0.01524
       -0.01519  -0.01512  -0.01507  -0.01496  -0.01471  -0.01464  -0.01456  -0.01445  -0.01440
       -0.01435  -0.01415  -0.01411  -0.01405  -0.01402  -0.01393  -0.01392  -0.01382  -0.01374
       -0.01370  -0.01359  -0.01353  -0.01301  -0.01289  -0.01281  -0.01256  -0.01249  -0.01241
       -0.01226  -0.01207  -0.01195  -0.01175  -0.01162  -0.01155  -0.01138  -0.01126  -0.01121
       -0.01113  -0.01109  -0.01104  -0.01096  -0.01090  -0.01084  -0.01082  -0.01075  -0.01073
       -0.01071  -0.01066  -0.01062  -0.01057  -0.01054  -0.01052  -0.01047  -0.01044  -0.01040
       -0.01036  -0.01033  -0.01027  -0.01024  -0.01020  -0.01015  -0.01010  -0.01007  -0.01003
       -0.00998  -0.00993  -0.00983  -0.00983  -0.00976  -0.00962  -0.00958  -0.00956  -0.00949
       -0.00932  -0.00930  -0.00923  -0.00917  -0.00911  -0.00898  -0.00895  -0.00893  -0.00880
       -0.00879  -0.00875  -0.00867  -0.00849  -0.00847  -0.00833  -0.00826  -0.00823  -0.00814
       -0.00809  -0.00799  -0.00797  -0.00789  -0.00783  -0.00775  -0.00766  -0.00763  -0.00759
       -0.00751  -0.00749  -0.00746  -0.00737  -0.00733  -0.00729  -0.00726  -0.00724  -0.00716
       -0.00716  -0.00709  -0.00708  -0.00704  -0.00702  -0.00700  -0.00693  -0.00689  -0.00685
       -0.00684  -0.00680  -0.00677  -0.00673  -0.00670  -0.00666  -0.00661  -0.00659  -0.00657
       -0.00653  -0.00642  -0.00639  -0.00637  -0.00632  -0.00629  -0.00627  -0.00623  -0.00620
       -0.00610  -0.00606  -0.00598  -0.00597  -0.00593  -0.00587  -0.00582  -0.00580  -0.00570
       -0.00567  -0.00565  -0.00562  -0.00558  -0.00557  -0.00553  -0.00550  -0.00547  -0.00541
       -0.00538  -0.00534  -0.00529  -0.00527  -0.00524  -0.00520  -0.00519  -0.00509  -0.00507
       -0.00504  -0.00502  -0.00499  -0.00497  -0.00492  -0.00491  -0.00488  -0.00486  -0.00485
       -0.00482  -0.00479  -0.00476  -0.00475  -0.00472  -0.00469  -0.00463  -0.00462  -0.00457
       -0.00456  -0.00455  -0.00454  -0.00451  -0.00447  -0.00445  -0.00443  -0.00438  -0.00434
       -0.00431  -0.00429  -0.00428  -0.00425  -0.00424  -0.00423  -0.00418  -0.00417  -0.00415
       -0.00411  -0.00408  -0.00405  -0.00402  -0.00400  -0.00398  -0.00396  -0.00392  -0.00391
       -0.00387  -0.00385  -0.00383  -0.00382  -0.00378  -0.00377  -0.00374  -0.00373  -0.00370
       -0.00368  -0.00366  -0.00364  -0.00363  -0.00359  -0.00357  -0.00355  -0.00350  -0.00349
       -0.00348  -0.00343  -0.00340  -0.00337  -0.00334  -0.00332  -0.00330  -0.00328  -0.00327
       -0.00326  -0.00323  -0.00321  -0.00320  -0.00316  -0.00315  -0.00314  -0.00311  -0.00309
       -0.00305  -0.00303  -0.00301  -0.00299  -0.00298  -0.00295  -0.00293  -0.00293  -0.00291
       -0.00287  -0.00283  -0.00280  -0.00277  -0.00276  -0.00273  -0.00271  -0.00270  -0.00267
       -0.00267  -0.00261  -0.00261  -0.00259  -0.00255  -0.00253  -0.00252  -0.00251  -0.00250
       -0.00246  -0.00245  -0.00242  -0.00239  -0.00236  -0.00235  -0.00233  -0.00231  -0.00229
       -0.00226  -0.00223  -0.00222  -0.00221  -0.00220  -0.00218  -0.00214  -0.00212  -0.00206
       -0.00204  -0.00203  -0.00201  -0.00199  -0.00196  -0.00195  -0.00190  -0.00189  -0.00183
       -0.00182  -0.00179  -0.00175  -0.00173  -0.00165
        
     --------------------------------------------------------------------------------------------
     Tot. elapsed time 02m-58.1s,  time spent in last iteration 02m-58.1s
     --------------------------------------------------------------------------------------------

     [I/O] -------------------------------------------------------
     [I/O] RESTART written in < 00.1s             
     [I/O] In location   : ./na2_500.wstat.restart
     [I/O] -------------------------------------------------------

                       *----------*              *----------*               *----------*
     #     Iteration = |        1 |   DFPT_dim = |      500 |   Diago_dim = |     1000 |
                       *----------*              *----------*               *----------*
     per-process dynamical memory   141.8 Mb
  
       
     --------------------------------------------------------------------------------------------
     Sternheimer eq. solver... with threshold =   1.000000E-12           
     --------------------------------------------------------------------------------------------
     in progress... |#                   | 005% :               07.4s (E)           02m-28.8s (X)
     in progress... |##                  | 010% :               12.3s (E)           02m-03.5s (X)
     in progress... |###                 | 015% :               19.6s (E)           02m-11.2s (X)
     in progress... |####                | 020% :               24.5s (E)           02m-02.5s (X)
     in progress... |#####               | 025% :               31.7s (E)           02m-07.1s (X)
     in progress... |######              | 030% :               36.6s (E)           02m-02.1s (X)
     in progress... |#######             | 035% :               43.8s (E)           02m-05.3s (X)
     in progress... |########            | 040% :               48.6s (E)           02m-01.7s (X)
     in progress... |#########           | 045% :               55.8s (E)           02m-04.2s (X)
     in progress... |##########          | 050% :           01m-00.6s (E)           02m-01.2s (X)
     in progress... |###########         | 055% :           01m-07.7s (E)           02m-03.2s (X)
     in progress... |############        | 060% :           01m-12.5s (E)           02m-00.9s (X)
     in progress... |#############       | 065% :           01m-19.6s (E)           02m-02.5s (X)
     in progress... |##############      | 070% :           01m-24.3s (E)           02m-00.5s (X)
     in progress... |###############     | 075% :           01m-31.4s (E)           02m-01.9s (X)
     in progress... |################    | 080% :           01m-36.1s (E)           02m-00.2s (X)
     in progress... |#################   | 085% :           01m-43.2s (E)           02m-01.4s (X)
     in progress... |##################  | 090% :           01m-47.9s (E)           01m-59.9s (X)
     in progress... |################### | 095% :           01m-54.9s (E)           02m-01.0s (X)
     in progress... |####################| 100% :           01m-59.6s (E)           01m-59.6s (X)
     --------------------------------------------------------------------------------------------
     p-DIAGOX done in 00.9s with a SCALAPACK grid (17x17)
     --------------------------------------------------------------------------------------------
        
       -3.25313  -1.76244  -1.76244  -1.42928  -0.73044  -0.72521  -0.63969  -0.63969  -0.50505
       -0.43871  -0.43871  -0.41738  -0.36068  -0.33966  -0.33966  -0.31613  -0.31386  -0.25529
       -0.23907  -0.23907  -0.19387  -0.19179  -0.19179  -0.17752  -0.17750  -0.17717  -0.17717
       -0.17430  -0.17398  -0.17106  -0.17106  -0.16971  -0.16968  -0.16711  -0.16711  -0.16406
       -0.15164  -0.14818  -0.14812  -0.12636  -0.12609  -0.12609  -0.12590  -0.12590  -0.12584
       -0.12571  -0.12569  -0.12541  -0.12541  -0.12531  -0.12531  -0.12526  -0.12526  -0.12350
       -0.12039  -0.12038  -0.10636  -0.10298  -0.10298  -0.10265  -0.09694  -0.09684  -0.09157
       -0.09157  -0.08784  -0.08743  -0.08743  -0.08716  -0.08174  -0.08170  -0.07908  -0.07351
       -0.07302  -0.07302  -0.07290  -0.06058  -0.05671  -0.05671  -0.05439  -0.05439  -0.05219
       -0.05219  -0.05109  -0.04983  -0.04971  -0.04920  -0.04920  -0.04919  -0.04919  -0.04919
       -0.04919  -0.04917  -0.04917  -0.04916  -0.04916  -0.04916  -0.04914  -0.04914  -0.04913
       -0.04913  -0.04894  -0.04874  -0.04859  -0.04470  -0.04423  -0.04420  -0.04325  -0.03810
       -0.03810  -0.03807  -0.03807  -0.03714  -0.03713  -0.03514  -0.03514  -0.03472  -0.03472
       -0.03405  -0.03404  -0.03258  -0.03253  -0.03249  -0.03205  -0.03135  -0.03131  -0.03122
       -0.03122  -0.03101  -0.03101  -0.02968  -0.02968  -0.02967  -0.02967  -0.02909  -0.02845
       -0.02845  -0.02789  -0.02789  -0.02734  -0.02729  -0.02716  -0.02498  -0.02498  -0.02493
       -0.02489  -0.02343  -0.02343  -0.02331  -0.02331  -0.02290  -0.02290  -0.02289  -0.02289
       -0.02289  -0.02289  -0.02289  -0.02289  -0.02289  -0.02288  -0.02288  -0.02288  -0.02288
       -0.02288  -0.02288  -0.02286  -0.02286  -0.02285  -0.02285  -0.02285  -0.02285  -0.02285
       -0.02096  -0.02096  -0.02079  -0.02073  -0.02060  -0.02060  -0.02046  -0.01920  -0.01920
       -0.01868  -0.01867  -0.01864  -0.01863  -0.01861  -0.01786  -0.01778  -0.01778  -0.01719
       -0.01719  -0.01717  -0.01694  -0.01694  -0.01667  -0.01666  -0.01614  -0.01612  -0.01600
       -0.01600  -0.01598  -0.01578  -0.01578  -0.01548  -0.01548  -0.01542  -0.01540  -0.01535
       -0.01534  -0.01493  -0.01492  -0.01485  -0.01485  -0.01478  -0.01478  -0.01475  -0.01475
       -0.01467  -0.01467  -0.01465  -0.01409  -0.01381  -0.01381  -0.01373  -0.01352  -0.01352
       -0.01310  -0.01309  -0.01284  -0.01259  -0.01248  -0.01248  -0.01213  -0.01213  -0.01209
       -0.01209  -0.01199  -0.01199  -0.01194  -0.01194  -0.01180  -0.01161  -0.01161  -0.01160
       -0.01160  -0.01160  -0.01160  -0.01160  -0.01160  -0.01160  -0.01160  -0.01160  -0.01159
       -0.01159  -0.01159  -0.01159  -0.01159  -0.01159  -0.01158  -0.01158  -0.01158  -0.01158
       -0.01158  -0.01157  -0.01157  -0.01157  -0.01154  -0.01131  -0.01131  -0.01127  -0.01127
       -0.01076  -0.01076  -0.01053  -0.01052  -0.01039  -0.01039  -0.01030  -0.01015  -0.00992
       -0.00992  -0.00984  -0.00965  -0.00953  -0.00952  -0.00947  -0.00946  -0.00939  -0.00939
       -0.00912  -0.00912  -0.00892  -0.00889  -0.00879  -0.00879  -0.00872  -0.00871  -0.00870
       -0.00858  -0.00857  -0.00850  -0.00848  -0.00848  -0.00847  -0.00836  -0.00830  -0.00829
       -0.00819  -0.00817  -0.00813  -0.00813  -0.00800  -0.00800  -0.00796  -0.00795  -0.00790
       -0.00789  -0.00788  -0.00787  -0.00786  -0.00784  -0.00783  -0.00775  -0.00774  -0.00772
       -0.00771  -0.00769  -0.00769  -0.00765  -0.00764  -0.00762  -0.00762  -0.00755  -0.00754
       -0.00752  -0.00750  -0.00732  -0.00731  -0.00731  -0.00730  -0.00701  -0.00695  -0.00694
       -0.00693  -0.00693  -0.00693  -0.00692  -0.00689  -0.00687  -0.00685  -0.00685  -0.00674
       -0.00672  -0.00668  -0.00660  -0.00660  -0.00647  -0.00645  -0.00633  -0.00633  -0.00623
       -0.00613  -0.00613  -0.00608  -0.00608  -0.00608  -0.00608  -0.00607  -0.00607  -0.00606
       -0.00606  -0.00606  -0.00606  -0.00606  -0.00605  -0.00604  -0.00604  -0.00604  -0.00603
       -0.00603  -0.00603  -0.00603  -0.00601  -0.00601  -0.00601  -0.00600  -0.00600  -0.00599
       -0.00598  -0.00597  -0.00596  -0.00595  -0.00594  -0.00594  -0.00591  -0.00591  -0.00589
       -0.00589  -0.00586  -0.00572  -0.00571  -0.00565  -0.00564  -0.00564  -0.00562  -0.00561
       -0.00561  -0.00555  -0.00553  -0.00547  -0.00546  -0.00544  -0.00538  -0.00537  -0.00533
       -0.00531  -0.00521  -0.00520  -0.00513  -0.00512  -0.00506  -0.00505  -0.00504  -0.00503
       -0.00503  -0.00497  -0.00494  -0.00490  -0.00490  -0.00490  -0.00488  -0.00486  -0.00485
       -0.00484  -0.00482  -0.00480  -0.00476  -0.00473  -0.00469  -0.00468  -0.00467  -0.00464
       -0.00463  -0.00462  -0.00461  -0.00459  -0.00446  -0.00441  -0.00441  -0.00439  -0.00426
       -0.00424  -0.00422  -0.00422  -0.00419  -0.00418  -0.00418  -0.00417  -0.00416  -0.00415
       -0.00412  -0.00411  -0.00410  -0.00408  -0.00407  -0.00406  -0.00405  -0.00404  -0.00403
       -0.00402  -0.00402  -0.00401  -0.00400  -0.00398  -0.00397  -0.00397  -0.00395  -0.00394
       -0.00393  -0.00392  -0.00392  -0.00391  -0.00389  -0.00389  -0.00387  -0.00387  -0.00387
       -0.00386  -0.00385  -0.00384  -0.00383  -0.00381  -0.00380  -0.00379  -0.00377  -0.00375
       -0.00375  -0.00372  -0.00372  -0.00370  -0.00368
        
     --------------------------------------------------------------------------------------------
     Tot. elapsed time 06m-33.6s,  time spent in last iteration 02m-09.7s
     --------------------------------------------------------------------------------------------

     [I/O] -------------------------------------------------------
     [I/O] RESTART written in < 00.1s             
     [I/O] In location   : ./na2_500.wstat.restart
     [I/O] -------------------------------------------------------

                       *----------*              *----------*               *----------*
     #     Iteration = |        2 |   DFPT_dim = |      281 |   Diago_dim = |     1281 |
                       *----------*              *----------*               *----------*
     per-process dynamical memory   141.8 Mb
  
       
     --------------------------------------------------------------------------------------------
     Sternheimer eq. solver... with threshold =   1.000000E-12           
     --------------------------------------------------------------------------------------------
     in progress... |#                   | 005% :               04.6s (E)           01m-33.5s (X)
     in progress... |##                  | 010% :               06.9s (E)           01m-09.7s (X)
     in progress... |###                 | 015% :               11.6s (E)           01m-17.7s (X)
     in progress... |####                | 020% :               14.0s (E)           01m-10.0s (X)
     in progress... |#####               | 025% :               18.6s (E)           01m-14.6s (X)
     in progress... |######              | 030% :               20.9s (E)           01m-09.9s (X)
     in progress... |#######             | 035% :               25.6s (E)           01m-13.1s (X)
     in progress... |########            | 040% :               27.9s (E)           01m-09.8s (X)
     in progress... |#########           | 045% :               32.5s (E)           01m-12.3s (X)
     in progress... |##########          | 050% :               34.8s (E)           01m-09.7s (X)
     in progress... |###########         | 055% :               37.2s (E)           01m-07.6s (X)
     in progress... |############        | 060% :               41.8s (E)           01m-09.7s (X)
     in progress... |#############       | 065% :               44.1s (E)           01m-07.9s (X)
     in progress... |##############      | 070% :               48.8s (E)           01m-09.7s (X)
     in progress... |###############     | 075% :               51.1s (E)           01m-08.1s (X)
     in progress... |################    | 080% :               55.7s (E)           01m-09.7s (X)
     in progress... |#################   | 085% :               58.0s (E)           01m-08.3s (X)
     in progress... |##################  | 090% :           01m-02.7s (E)           01m-09.7s (X)
     in progress... |################### | 095% :           01m-05.0s (E)           01m-08.4s (X)
     in progress... |####################| 100% :           01m-07.2s (E)           01m-07.2s (X)
     --------------------------------------------------------------------------------------------
     p-DIAGOX done in 01.0s with a SCALAPACK grid (17x17)
     --------------------------------------------------------------------------------------------
        
       -3.25313  -1.76244  -1.76244  -1.42928  -0.73044  -0.72521  -0.63969  -0.63969  -0.50505
       -0.43871  -0.43871  -0.41738  -0.36068  -0.33966  -0.33966  -0.31613  -0.31386  -0.25529
       -0.23907  -0.23907  -0.19387  -0.19179  -0.19179  -0.17752  -0.17750  -0.17717  -0.17717
       -0.17430  -0.17398  -0.17106  -0.17106  -0.16971  -0.16968  -0.16711  -0.16711  -0.16406
       -0.15164  -0.14818  -0.14812  -0.12636  -0.12609  -0.12609  -0.12590  -0.12590  -0.12584
       -0.12571  -0.12569  -0.12541  -0.12541  -0.12531  -0.12531  -0.12526  -0.12526  -0.12350
       -0.12039  -0.12038  -0.10636  -0.10298  -0.10298  -0.10265  -0.09694  -0.09684  -0.09157
       -0.09157  -0.08784  -0.08743  -0.08743  -0.08716  -0.08174  -0.08170  -0.07908  -0.07351
       -0.07302  -0.07302  -0.07290  -0.06058  -0.05671  -0.05671  -0.05439  -0.05439  -0.05219
       -0.05219  -0.05109  -0.04983  -0.04971  -0.04920  -0.04920  -0.04919  -0.04919  -0.04919
       -0.04919  -0.04917  -0.04917  -0.04916  -0.04916  -0.04916  -0.04914  -0.04914  -0.04913
       -0.04913  -0.04894  -0.04874  -0.04859  -0.04470  -0.04423  -0.04420  -0.04325  -0.03810
       -0.03810  -0.03807  -0.03807  -0.03714  -0.03713  -0.03514  -0.03514  -0.03472  -0.03472
       -0.03405  -0.03404  -0.03258  -0.03253  -0.03249  -0.03205  -0.03135  -0.03131  -0.03122
       -0.03122  -0.03101  -0.03101  -0.02968  -0.02968  -0.02967  -0.02967  -0.02909  -0.02845
       -0.02845  -0.02789  -0.02789  -0.02734  -0.02729  -0.02716  -0.02498  -0.02498  -0.02493
       -0.02489  -0.02343  -0.02343  -0.02331  -0.02331  -0.02290  -0.02290  -0.02290  -0.02290
       -0.02290  -0.02290  -0.02289  -0.02289  -0.02289  -0.02289  -0.02288  -0.02288  -0.02288
       -0.02288  -0.02288  -0.02287  -0.02287  -0.02286  -0.02286  -0.02285  -0.02285  -0.02285
       -0.02096  -0.02096  -0.02079  -0.02073  -0.02060  -0.02060  -0.02046  -0.01921  -0.01921
       -0.01868  -0.01868  -0.01865  -0.01864  -0.01862  -0.01786  -0.01778  -0.01778  -0.01720
       -0.01720  -0.01717  -0.01694  -0.01694  -0.01667  -0.01667  -0.01615  -0.01612  -0.01601
       -0.01601  -0.01599  -0.01578  -0.01578  -0.01549  -0.01549  -0.01542  -0.01540  -0.01535
       -0.01534  -0.01493  -0.01492  -0.01485  -0.01485  -0.01479  -0.01479  -0.01476  -0.01476
       -0.01467  -0.01467  -0.01466  -0.01409  -0.01382  -0.01382  -0.01373  -0.01353  -0.01353
       -0.01310  -0.01309  -0.01284  -0.01260  -0.01248  -0.01248  -0.01213  -0.01213  -0.01209
       -0.01209  -0.01200  -0.01200  -0.01195  -0.01195  -0.01180  -0.01162  -0.01162  -0.01161
       -0.01161  -0.01161  -0.01161  -0.01161  -0.01161  -0.01161  -0.01161  -0.01161  -0.01160
       -0.01160  -0.01160  -0.01160  -0.01160  -0.01160  -0.01160  -0.01160  -0.01160  -0.01159
       -0.01159  -0.01159  -0.01159  -0.01159  -0.01155  -0.01132  -0.01132  -0.01128  -0.01128
       -0.01077  -0.01077  -0.01054  -0.01054  -0.01040  -0.01040  -0.01031  -0.01016  -0.00994
       -0.00994  -0.00985  -0.00966  -0.00955  -0.00954  -0.00948  -0.00948  -0.00940  -0.00940
       -0.00913  -0.00913  -0.00894  -0.00891  -0.00881  -0.00881  -0.00874  -0.00871  -0.00871
       -0.00860  -0.00860  -0.00851  -0.00850  -0.00850  -0.00849  -0.00838  -0.00832  -0.00832
       -0.00821  -0.00819  -0.00815  -0.00815  -0.00802  -0.00802  -0.00797  -0.00797  -0.00792
       -0.00791  -0.00791  -0.00789  -0.00789  -0.00786  -0.00786  -0.00777  -0.00777  -0.00774
       -0.00774  -0.00771  -0.00771  -0.00768  -0.00767  -0.00766  -0.00766  -0.00757  -0.00757
       -0.00755  -0.00753  -0.00734  -0.00734  -0.00734  -0.00734  -0.00704  -0.00699  -0.00699
       -0.00698  -0.00698  -0.00697  -0.00697  -0.00693  -0.00692  -0.00687  -0.00687  -0.00678
       -0.00678  -0.00671  -0.00664  -0.00664  -0.00650  -0.00649  -0.00638  -0.00636  -0.00626
       -0.00618  -0.00618  -0.00612  -0.00612  -0.00612  -0.00611  -0.00611  -0.00611  -0.00611
       -0.00611  -0.00611  -0.00611  -0.00611  -0.00611  -0.00611  -0.00611  -0.00611  -0.00611
       -0.00611  -0.00611  -0.00611  -0.00611  -0.00611  -0.00610  -0.00610  -0.00610  -0.00610
       -0.00610  -0.00610  -0.00610  -0.00609  -0.00609  -0.00609  -0.00607  -0.00607  -0.00599
       -0.00595  -0.00595  -0.00576  -0.00576  -0.00572  -0.00572  -0.00571  -0.00571  -0.00570
       -0.00570  -0.00564  -0.00563  -0.00557  -0.00557  -0.00551  -0.00545  -0.00545  -0.00539
       -0.00538  -0.00526  -0.00526  -0.00518  -0.00518  -0.00513  -0.00513  -0.00512  -0.00512
       -0.00510  -0.00505  -0.00504  -0.00504  -0.00504  -0.00497  -0.00495  -0.00495  -0.00495
       -0.00495  -0.00494  -0.00490  -0.00486  -0.00478  -0.00478  -0.00476  -0.00476  -0.00474
       -0.00473  -0.00469  -0.00469  -0.00466  -0.00463  -0.00462  -0.00449  -0.00447  -0.00437
       -0.00436  -0.00435  -0.00435  -0.00434  -0.00434  -0.00429  -0.00424  -0.00424  -0.00422
       -0.00422  -0.00420  -0.00420  -0.00419  -0.00419  -0.00415  -0.00415  -0.00412  -0.00412
       -0.00411  -0.00411  -0.00410  -0.00410  -0.00410  -0.00409  -0.00409  -0.00409  -0.00407
       -0.00407  -0.00406  -0.00405  -0.00404  -0.00404  -0.00401  -0.00401  -0.00400  -0.00400
       -0.00400  -0.00398  -0.00398  -0.00398  -0.00398  -0.00394  -0.00394  -0.00388  -0.00385
       -0.00385  -0.00385  -0.00385  -0.00383  -0.00383
        
     --------------------------------------------------------------------------------------------
     Tot. elapsed time 10m-37.9s,  time spent in last iteration 01m-14.2s
     --------------------------------------------------------------------------------------------
      
     --------------------------------------------------------------------------------------------
     Database written in 42.3s               
     In location : ./na2_500.wstat.save
     --------------------------------------------------------------------------------------------
       
     --------------------------------------------------------------------------------------------
     Convergence achieved !!! in        2 steps                          
     --------------------------------------------------------------------------------------------
 
     WSTAT        :  7m19.75s CPU    12m13.21s WALL

     wstat_readin :      5.98s CPU     39.46s WALL (       1 calls)
     fetch_nml    :      0.01s CPU      0.01s WALL (       1 calls)
     read_xml     :      1.15s CPU      1.44s WALL (       1 calls)
     init_vloc    :      0.05s CPU      0.05s WALL (       2 calls)
     fft          :      0.19s CPU      0.28s WALL (      11 calls)
     fft_scatter  :     84.17s CPU     83.89s WALL (   38590 calls)
     v_of_rho     :      0.21s CPU      0.28s WALL (       1 calls)
     v_xc         :      0.19s CPU      0.24s WALL (       1 calls)
     v_h          :      0.03s CPU      0.04s WALL (       1 calls)
     read_wave    :      4.81s CPU     37.88s WALL (       1 calls)
     davcio       :      0.00s CPU      1.11s WALL (       2 calls)
     init_us_1    :      0.09s CPU      0.10s WALL (       2 calls)
     do_setup     :      0.18s CPU      0.20s WALL (       1 calls)
     init_pw_ar   :      0.17s CPU      0.20s WALL (       1 calls)
     init_at_1    :      0.00s CPU      0.00s WALL (       1 calls)
     storesqvc    :      0.00s CPU      0.00s WALL (       1 calls)
     chidiago     :    433.55s CPU    693.48s WALL (       1 calls)
     randomize    :      1.14s CPU      1.15s WALL (       1 calls)
     paramgs      :      6.68s CPU      6.73s WALL (       4 calls)
     dfpt         :    274.81s CPU    276.27s WALL (       4 calls)
     init_us_2    :      0.01s CPU      0.01s WALL (       4 calls)
     fftw         :    189.62s CPU    190.40s WALL (   38579 calls)
     alphapc      :      0.33s CPU      0.33s WALL (     179 calls)
     wstat_restar :    120.00s CPU    340.87s WALL (       3 calls)
     linstern     :    243.62s CPU    244.87s WALL (     129 calls)
     stern        :    234.92s CPU    236.12s WALL (    4974 calls)
     h_psi_bgrp   :    230.17s CPU    231.08s WALL (    4974 calls)
     h_psi        :    230.16s CPU    231.07s WALL (    4974 calls)
     h_psi:pot    :    229.45s CPU    230.19s WALL (    4974 calls)
     vloc_psi     :    220.45s CPU    221.60s WALL (    4974 calls)
     h_psi:calbec :      8.15s CPU      6.46s WALL (    4974 calls)
     calbec       :      8.14s CPU      6.44s WALL (    4974 calls)
     add_vuspsi   :      0.81s CPU      2.11s WALL (    4974 calls)
     alphapv      :      3.71s CPU      3.89s WALL (    4974 calls)
     build_hr     :      3.83s CPU      3.93s WALL (       3 calls)
     diagox       :      2.60s CPU      2.64s WALL (       3 calls)
     redistr_vr   :      0.38s CPU      0.39s WALL (       2 calls)
     update_vr    :      5.03s CPU      5.14s WALL (       2 calls)
     symm_hr      :      0.39s CPU      0.40s WALL (       2 calls)
     chidiago:las :      0.00s CPU      0.00s WALL (       1 calls)
     refresh_vr   :      2.87s CPU      2.91s WALL (       1 calls)
     pdep_db      :     15.30s CPU     42.37s WALL (       1 calls)
 
     WSTAT        :  7m19.75s CPU    12m13.21s WALL

 
   This run was terminated on:  15:14:50  21Jan2019            

=------------------------------------------------------------------------------=
   JOB DONE.
=------------------------------------------------------------------------------=
