
     Program WSTAT v. 2.0.0 starts on 12May2018 at 15:24:49 

     This program is part of the open-source West suite
     for massively parallel calculations of excited states in materials; please cite
         "M. Govoni et al., J. Chem. Theory Comput. 11, 2680 (2015);
          URL http://www.west-code.org", 
     in publications or presentations arising from this work.

     Based on the Quantum ESPRESSO v. 6.1 svn rev. 13369
       
     --------------------------------------------------------------------------------------------
     **MPI** Parallelization Status                                      
     --------------------------------------------------------------------------------------------
                   160                  10             1             1            16
     --------------------------------------------------------------------------------------------
                     N         =         I      X      P      X      B      X      Z
                     ^                   ^             ^             ^             ^
                     |                   |             |             |             |
                   #rnk                  |             |             |             |
                                      #image           |             |             |
                                                     #pool           |             |
                                                                   #bgrp           |
                                                                                 #R&G
     --------------------------------------------------------------------------------------------
     **OPENMP** Parallelization Status
     #thr/rnk               =            1
     --------------------------------------------------------------------------------------------
     #prc = (rnk) * (thr) =          160
     --------------------------------------------------------------------------------------------
       
     --------------------------------------------------------------------------------------------
     I/O Summary : input_west                                            
     --------------------------------------------------------------------------------------------
     qe_prefix      = co2
     west_prefix    = co2
     outdir         = ./
     --------------------------------------------------------------------------------------------
       
     --------------------------------------------------------------------------------------------
     I/O Summary : wstat_control                                         
     --------------------------------------------------------------------------------------------
     wstat_calculation              =              S
     n_pdep_eigen                   =            500
     n_kin_pdep_eigen               =              0
     n_lindhard_eigen               =              0
     n_pdep_times                   =              4
     n_pdep_maxiter                 =            100
     n_dfpt_maxiter                 =            250
     n_pdep_read_from_file          =              0
     trev_pdep                      =   1.000000E-03
     trev_pdep_rel                  =   1.000000E-01
     tr2_dfpt                       =   1.000000E-12
     l_kinetic_only                 =              F
     l_minimize_exx_if_active       =              F
     l_use_ecutrho                  =              F
     l_pure_eigen                   =              F
     --------------------------------------------------------------------------------------------

     Reading data from directory:
     ./co2.save

   Info: using nr1, nr2, nr3 values from input

   Info: using nr1, nr2, nr3 values from input

     IMPORTANT: XC functional enforced from input :
     Exchange-correlation      = PBE ( 1  4  3  4 0 0)
     Any further DFT definition will be discarded
     Please, verify this is what you really want

     Message from routine readpp:
     file ./co2.save/C_ONCV_PBE-1.0.upf not found
     Message from routine readpp:
     file ./co2.save/O_ONCV_PBE-1.0.upf not found
 
     Parallelization info
     --------------------
     sticks:   dense  smooth     PW     G-vecs:    dense   smooth      PW
     Min        1520    1520    379               178660   178660   22323
     Max        1522    1522    384               178666   178666   22328
     Sum       24345   24345   6093              2858633  2858633  357213
 
       
     --------------------------------------------------------------------------------------------
     System Overview                                                     
     --------------------------------------------------------------------------------------------
     gamma_only           =              T
     ecutwfc [Ry]         =      85.000000
     omega [au^3]         =   2.700000E+04
     glob. #G             =         178607
     nbnd                 =            100
     nkstot               =              1
     nspin                =              1
     nelec                =      16.000000
     npol                 =              1
     lsda                 =              F
     noncolin             =              F
     lspinorb             =              F
     domag                =              F
     --------------------------------------------------------------------------------------------

     sFFT G-space:  1429317 G-vectors     R-space: ( 180, 180, 180)
     dFFT G-space:  1429317 G-vectors     R-space: ( 180, 180, 180)

     Cell [a.u.]          =      30.000000      0.000000      0.000000
                          =       0.000000     30.000000      0.000000
                          =       0.000000      0.000000     30.000000
      
     number of ks points=     1
                       cart. coord. in units 2pi/alat
        k(    1) = (   0.0000000   0.0000000   0.0000000), wk =   2.0000000

                       cryst. coord.
        k(    1) = (   0.0000000   0.0000000   0.0000000), wk =   2.0000000
 
     Spherical div        =   1.654268E-01
     Orthorombic div      =   1.628502E-01
       
     --------------------------------------------------------------------------------------------
     Parallelization for nvecx                                           
     --------------------------------------------------------------------------------------------
     nglob                =           2000
     nlevel               =             10
     Min nglob/nlevel     =            200
     Max nglob/nlevel     =            200
     --------------------------------------------------------------------------------------------

     [MEM] ----------------------------------------------------------
     [MEM] **Memory** analysis: QE
     [MEM] ----------------------------------------------------------
     [MEM] Allocated arrays           est. size (Mb)     dimensions
     [MEM] ----------------------------------------------------------
     [MEM] Kohn-Sham Wavefunctions      17.03 Mb     (  11164,  100)
     [MEM] NL pseudopotentials           4.09 Mb     (  11164,   24)
     [MEM] Each V/rho on FFT grid        5.93 Mb     ( 388800)
     [MEM] Each G-vector array           0.68 Mb     (  89333)
     [MEM] G-vector shells               0.05 Mb     (   6125)
     [MEM] ----------------------------------------------------------
     [MEM] TOT                          27.78 Mb
     [MEM] ----------------------------------------------------------
     [MEM] 
     [MEM] ----------------------------------------------------------
     [MEM] **Memory** analysis: WSTAT global
     [MEM] ----------------------------------------------------------
     [MEM] Allocated arrays           est. size (Mb)     dimensions
     [MEM] ----------------------------------------------------------
     [MEM] dvg                          34.07 Mb     (  11164,  200)
     [MEM] dng                          34.07 Mb     (  11164,  200)
     [MEM] hr_distr                      3.05 Mb     (   2000,  200)
     [MEM] vr_distr                      3.05 Mb     (   2000,  200)
     [MEM] ----------------------------------------------------------
     [MEM] TOT                          74.24 Mb
     [MEM] ----------------------------------------------------------
     [MEM] 
     [MEM] ----------------------------------------------------------
     [MEM] **Memory** analysis: WSTAT temporary
     [MEM] ----------------------------------------------------------
     [MEM] Allocated arrays           est. size (Mb)     dimensions
     [MEM] ----------------------------------------------------------
     [MEM] dvpsi                         1.36 Mb     (  11164,    8)
     [MEM] dpsi                          1.36 Mb     (  11164,    8)
     [MEM] ----------------------------------------------------------
     [MEM] Total estimate                2.73 Mb
     [MEM] ----------------------------------------------------------

                       *----------*              *----------*               *----------*
     #     Iteration = | starting |   DFPT_dim = |      500 |   Diago_dim = |      500 |  x 1/2
                       *----------*              *----------*               *----------*
     per-process dynamical memory   185.9 Mb
  
       
     --------------------------------------------------------------------------------------------
     Sternheimer eq. solver... with lite-solver                          
     --------------------------------------------------------------------------------------------
     in progress... |#                   | 005% :               00.8s (E)               16.5s (X)
     in progress... |##                  | 010% :               01.3s (E)               13.7s (X)
     in progress... |###                 | 015% :               02.1s (E)               14.6s (X)
     in progress... |####                | 020% :               02.7s (E)               13.7s (X)
     in progress... |#####               | 025% :               03.5s (E)               14.2s (X)
     in progress... |######              | 030% :               04.1s (E)               13.6s (X)
     in progress... |#######             | 035% :               04.9s (E)               14.0s (X)
     in progress... |########            | 040% :               05.4s (E)               13.6s (X)
     in progress... |#########           | 045% :               06.2s (E)               13.9s (X)
     in progress... |##########          | 050% :               06.8s (E)               13.6s (X)
     in progress... |###########         | 055% :               07.6s (E)               13.9s (X)
     in progress... |############        | 060% :               08.2s (E)               13.6s (X)
     in progress... |#############       | 065% :               09.0s (E)               13.8s (X)
     in progress... |##############      | 070% :               09.5s (E)               13.6s (X)
     in progress... |###############     | 075% :               10.3s (E)               13.8s (X)
     in progress... |################    | 080% :               10.9s (E)               13.6s (X)
     in progress... |#################   | 085% :               11.7s (E)               13.8s (X)
     in progress... |##################  | 090% :               12.3s (E)               13.6s (X)
     in progress... |################### | 095% :               13.1s (E)               13.8s (X)
     in progress... |####################| 100% :               13.6s (E)               13.6s (X)
     --------------------------------------------------------------------------------------------

     [I/O] -------------------------------------------------------
     [I/O] RESTART written in < 00.1s             
     [I/O] In location   : ./co2_500.wstat.restart
     [I/O] -------------------------------------------------------

                       *----------*              *----------*               *----------*
     #     Iteration = | starting |   DFPT_dim = |      500 |   Diago_dim = |      500 |  x 2/2
                       *----------*              *----------*               *----------*
     per-process dynamical memory   188.2 Mb
  
       
     --------------------------------------------------------------------------------------------
     Sternheimer eq. solver... with threshold =   1.000000E-06           
     --------------------------------------------------------------------------------------------
     in progress... |#                   | 005% :               09.4s (E)           03m-08.0s (X)
     in progress... |##                  | 010% :               15.6s (E)           02m-36.0s (X)
     in progress... |###                 | 015% :               24.8s (E)           02m-45.7s (X)
     in progress... |####                | 020% :               30.8s (E)           02m-34.4s (X)
     in progress... |#####               | 025% :               39.8s (E)           02m-39.4s (X)
     in progress... |######              | 030% :               45.7s (E)           02m-32.6s (X)
     in progress... |#######             | 035% :               54.6s (E)           02m-36.2s (X)
     in progress... |########            | 040% :           01m-00.5s (E)           02m-31.3s (X)
     in progress... |#########           | 045% :           01m-09.2s (E)           02m-33.7s (X)
     in progress... |##########          | 050% :           01m-14.9s (E)           02m-29.8s (X)
     in progress... |###########         | 055% :           01m-23.4s (E)           02m-31.7s (X)
     in progress... |############        | 060% :           01m-29.1s (E)           02m-28.6s (X)
     in progress... |#############       | 065% :           01m-37.8s (E)           02m-30.4s (X)
     in progress... |##############      | 070% :           01m-43.5s (E)           02m-27.8s (X)
     in progress... |###############     | 075% :           01m-52.1s (E)           02m-29.5s (X)
     in progress... |################    | 080% :           01m-57.7s (E)           02m-27.2s (X)
     in progress... |#################   | 085% :           02m-06.2s (E)           02m-28.5s (X)
     in progress... |##################  | 090% :           02m-11.8s (E)           02m-26.5s (X)
     in progress... |################### | 095% :           02m-20.2s (E)           02m-27.6s (X)
     in progress... |####################| 100% :           02m-25.7s (E)           02m-25.7s (X)
     --------------------------------------------------------------------------------------------
     p-DIAGOX done in 00.6s with a SCALAPACK grid (12x12)
     --------------------------------------------------------------------------------------------
        
       -3.95689  -2.64129  -0.97891  -0.97767  -0.97764  -0.75531  -0.75530  -0.66057  -0.61780
       -0.61776  -0.54838  -0.45808  -0.42334  -0.42291  -0.37017  -0.36998  -0.36189  -0.36174
       -0.32220  -0.31876  -0.31868  -0.31359  -0.30794  -0.30792  -0.30538  -0.25991  -0.25364
       -0.25361  -0.21608  -0.21607  -0.20665  -0.20652  -0.19328  -0.18836  -0.16665  -0.16655
       -0.16308  -0.16298  -0.14854  -0.14853  -0.14031  -0.14019  -0.13946  -0.13941  -0.13768
       -0.13665  -0.13657  -0.13486  -0.13471  -0.12327  -0.11486  -0.11481  -0.11065  -0.11055
       -0.10626  -0.10188  -0.09640  -0.09628  -0.08731  -0.08694  -0.08690  -0.07877  -0.07871
       -0.07194  -0.07173  -0.06969  -0.06962  -0.06787  -0.06780  -0.06768  -0.06764  -0.06458
       -0.06452  -0.06278  -0.05993  -0.05986  -0.05162  -0.05156  -0.05012  -0.04990  -0.04989
       -0.04969  -0.04964  -0.04872  -0.04859  -0.04817  -0.04771  -0.04760  -0.04708  -0.04701
       -0.04694  -0.04678  -0.04511  -0.04490  -0.04450  -0.04234  -0.04229  -0.04151  -0.04147
       -0.03922  -0.03897  -0.03888  -0.03726  -0.03700  -0.03674  -0.03654  -0.03642  -0.03513
       -0.03489  -0.03471  -0.03427  -0.03426  -0.03384  -0.03375  -0.03280  -0.03276  -0.03255
       -0.03117  -0.03067  -0.03045  -0.03038  -0.03024  -0.02826  -0.02805  -0.02766  -0.02751
       -0.02657  -0.02645  -0.02470  -0.02459  -0.02440  -0.02403  -0.02376  -0.02359  -0.02345
       -0.02323  -0.02295  -0.02287  -0.02281  -0.02272  -0.02264  -0.02258  -0.02247  -0.02244
       -0.02232  -0.02231  -0.02228  -0.02218  -0.02205  -0.02188  -0.02176  -0.02114  -0.02100
       -0.02094  -0.02072  -0.02066  -0.02041  -0.02008  -0.01961  -0.01950  -0.01909  -0.01876
       -0.01870  -0.01825  -0.01816  -0.01805  -0.01796  -0.01785  -0.01775  -0.01764  -0.01758
       -0.01753  -0.01746  -0.01731  -0.01717  -0.01712  -0.01688  -0.01664  -0.01644  -0.01609
       -0.01606  -0.01594  -0.01583  -0.01579  -0.01566  -0.01553  -0.01532  -0.01519  -0.01503
       -0.01492  -0.01475  -0.01473  -0.01467  -0.01415  -0.01389  -0.01373  -0.01351  -0.01345
       -0.01342  -0.01323  -0.01309  -0.01300  -0.01286  -0.01271  -0.01247  -0.01236  -0.01228
       -0.01228  -0.01216  -0.01209  -0.01205  -0.01199  -0.01188  -0.01173  -0.01166  -0.01152
       -0.01150  -0.01129  -0.01126  -0.01122  -0.01118  -0.01109  -0.01101  -0.01096  -0.01088
       -0.01081  -0.01079  -0.01069  -0.01058  -0.01052  -0.01045  -0.01033  -0.01028  -0.01024
       -0.01008  -0.01002  -0.00991  -0.00982  -0.00971  -0.00967  -0.00956  -0.00949  -0.00947
       -0.00936  -0.00932  -0.00924  -0.00923  -0.00910  -0.00905  -0.00897  -0.00895  -0.00885
       -0.00884  -0.00880  -0.00874  -0.00873  -0.00864  -0.00856  -0.00854  -0.00847  -0.00838
       -0.00833  -0.00828  -0.00819  -0.00817  -0.00813  -0.00811  -0.00807  -0.00795  -0.00790
       -0.00781  -0.00774  -0.00769  -0.00769  -0.00761  -0.00754  -0.00748  -0.00743  -0.00740
       -0.00738  -0.00723  -0.00718  -0.00713  -0.00711  -0.00693  -0.00690  -0.00684  -0.00679
       -0.00676  -0.00672  -0.00671  -0.00662  -0.00655  -0.00649  -0.00645  -0.00640  -0.00636
       -0.00634  -0.00629  -0.00625  -0.00620  -0.00617  -0.00613  -0.00608  -0.00603  -0.00599
       -0.00596  -0.00589  -0.00588  -0.00581  -0.00579  -0.00576  -0.00569  -0.00566  -0.00562
       -0.00560  -0.00554  -0.00554  -0.00551  -0.00551  -0.00540  -0.00538  -0.00533  -0.00531
       -0.00526  -0.00523  -0.00521  -0.00519  -0.00513  -0.00510  -0.00505  -0.00504  -0.00502
       -0.00497  -0.00496  -0.00492  -0.00485  -0.00483  -0.00481  -0.00478  -0.00472  -0.00468
       -0.00468  -0.00463  -0.00461  -0.00453  -0.00452  -0.00450  -0.00448  -0.00447  -0.00442
       -0.00439  -0.00433  -0.00431  -0.00428  -0.00423  -0.00421  -0.00418  -0.00416  -0.00414
       -0.00413  -0.00409  -0.00407  -0.00406  -0.00402  -0.00401  -0.00398  -0.00395  -0.00392
       -0.00390  -0.00385  -0.00383  -0.00378  -0.00376  -0.00372  -0.00368  -0.00365  -0.00365
       -0.00361  -0.00360  -0.00358  -0.00356  -0.00354  -0.00348  -0.00347  -0.00344  -0.00343
       -0.00339  -0.00336  -0.00335  -0.00331  -0.00328  -0.00326  -0.00324  -0.00321  -0.00321
       -0.00317  -0.00316  -0.00312  -0.00310  -0.00307  -0.00306  -0.00304  -0.00301  -0.00299
       -0.00296  -0.00294  -0.00292  -0.00290  -0.00289  -0.00284  -0.00283  -0.00278  -0.00277
       -0.00276  -0.00273  -0.00271  -0.00271  -0.00267  -0.00265  -0.00263  -0.00260  -0.00259
       -0.00258  -0.00257  -0.00253  -0.00249  -0.00248  -0.00246  -0.00244  -0.00243  -0.00241
       -0.00240  -0.00237  -0.00232  -0.00232  -0.00231  -0.00229  -0.00224  -0.00223  -0.00222
       -0.00221  -0.00218  -0.00217  -0.00215  -0.00214  -0.00211  -0.00210  -0.00207  -0.00207
       -0.00203  -0.00202  -0.00201  -0.00199  -0.00197  -0.00196  -0.00194  -0.00193  -0.00191
       -0.00188  -0.00187  -0.00186  -0.00183  -0.00182  -0.00180  -0.00179  -0.00178  -0.00176
       -0.00176  -0.00174  -0.00171  -0.00169  -0.00168  -0.00166  -0.00163  -0.00163  -0.00159
       -0.00159  -0.00158  -0.00156  -0.00155  -0.00152  -0.00149  -0.00148  -0.00147  -0.00143
       -0.00142  -0.00140  -0.00139  -0.00137  -0.00136  -0.00133  -0.00131  -0.00130  -0.00128
       -0.00125  -0.00122  -0.00120  -0.00116  -0.00076
        
     --------------------------------------------------------------------------------------------
     Tot. elapsed time 04m-38.4s,  time spent in last iteration 04m-38.4s
     --------------------------------------------------------------------------------------------

     [I/O] -------------------------------------------------------
     [I/O] RESTART written in < 00.1s             
     [I/O] In location   : ./co2_500.wstat.restart
     [I/O] -------------------------------------------------------

                       *----------*              *----------*               *----------*
     #     Iteration = |        1 |   DFPT_dim = |      500 |   Diago_dim = |     1000 |
                       *----------*              *----------*               *----------*
     per-process dynamical memory   188.2 Mb
  
       
     --------------------------------------------------------------------------------------------
     Sternheimer eq. solver... with threshold =   1.000000E-12           
     --------------------------------------------------------------------------------------------
     in progress... |#                   | 005% :               13.6s (E)           04m-33.4s (X)
     in progress... |##                  | 010% :               22.5s (E)           03m-45.9s (X)
     in progress... |###                 | 015% :               35.9s (E)           03m-59.8s (X)
     in progress... |####                | 020% :               44.8s (E)           03m-44.1s (X)
     in progress... |#####               | 025% :               58.0s (E)           03m-52.3s (X)
     in progress... |######              | 030% :           01m-06.9s (E)           03m-43.1s (X)
     in progress... |#######             | 035% :           01m-20.2s (E)           03m-49.2s (X)
     in progress... |########            | 040% :           01m-29.0s (E)           03m-42.6s (X)
     in progress... |#########           | 045% :           01m-42.1s (E)           03m-47.0s (X)
     in progress... |##########          | 050% :           01m-50.9s (E)           03m-41.8s (X)
     in progress... |###########         | 055% :           02m-03.9s (E)           03m-45.4s (X)
     in progress... |############        | 060% :           02m-12.6s (E)           03m-41.0s (X)
     in progress... |#############       | 065% :           02m-25.6s (E)           03m-44.0s (X)
     in progress... |##############      | 070% :           02m-34.2s (E)           03m-40.4s (X)
     in progress... |###############     | 075% :           02m-47.2s (E)           03m-42.9s (X)
     in progress... |################    | 080% :           02m-55.9s (E)           03m-39.9s (X)
     in progress... |#################   | 085% :           03m-08.9s (E)           03m-42.2s (X)
     in progress... |##################  | 090% :           03m-17.5s (E)           03m-39.5s (X)
     in progress... |################### | 095% :           03m-30.4s (E)           03m-41.5s (X)
     in progress... |####################| 100% :           03m-39.0s (E)           03m-39.0s (X)
     --------------------------------------------------------------------------------------------
     p-DIAGOX done in 00.6s with a SCALAPACK grid (12x12)
     --------------------------------------------------------------------------------------------
        
       -3.95716  -2.77036  -1.11725  -0.97798  -0.97796  -0.75539  -0.75538  -0.66063  -0.61807
       -0.61806  -0.54906  -0.45842  -0.42498  -0.42497  -0.37156  -0.37156  -0.36267  -0.36266
       -0.32289  -0.31919  -0.31918  -0.31409  -0.30997  -0.30846  -0.30846  -0.26796  -0.25383
       -0.25382  -0.21612  -0.21611  -0.20707  -0.20707  -0.20061  -0.19379  -0.16708  -0.16708
       -0.16337  -0.16337  -0.16241  -0.14864  -0.14864  -0.14135  -0.14132  -0.13955  -0.13955
       -0.13884  -0.13763  -0.13763  -0.13585  -0.13584  -0.11541  -0.11541  -0.11094  -0.11093
       -0.10748  -0.10207  -0.09759  -0.09759  -0.09362  -0.08709  -0.08709  -0.07946  -0.07946
       -0.07306  -0.07232  -0.06998  -0.06998  -0.06849  -0.06849  -0.06825  -0.06825  -0.06505
       -0.06504  -0.06349  -0.06020  -0.06020  -0.05182  -0.05182  -0.05091  -0.05037  -0.05037
       -0.05015  -0.05015  -0.04925  -0.04925  -0.04923  -0.04823  -0.04823  -0.04757  -0.04757
       -0.04746  -0.04746  -0.04558  -0.04558  -0.04535  -0.04275  -0.04275  -0.04253  -0.04253
       -0.04012  -0.04011  -0.04003  -0.03858  -0.03858  -0.03831  -0.03787  -0.03787  -0.03650
       -0.03650  -0.03599  -0.03492  -0.03492  -0.03465  -0.03465  -0.03351  -0.03351  -0.03347
       -0.03223  -0.03187  -0.03187  -0.03097  -0.03097  -0.02929  -0.02929  -0.02877  -0.02877
       -0.02856  -0.02707  -0.02707  -0.02577  -0.02577  -0.02562  -0.02497  -0.02485  -0.02485
       -0.02461  -0.02461  -0.02400  -0.02400  -0.02370  -0.02370  -0.02366  -0.02366  -0.02339
       -0.02339  -0.02323  -0.02323  -0.02296  -0.02296  -0.02285  -0.02285  -0.02225  -0.02225
       -0.02208  -0.02207  -0.02177  -0.02152  -0.02152  -0.02072  -0.02070  -0.02070  -0.02002
       -0.02002  -0.01995  -0.01944  -0.01938  -0.01938  -0.01937  -0.01937  -0.01934  -0.01934
       -0.01920  -0.01920  -0.01896  -0.01896  -0.01883  -0.01883  -0.01808  -0.01807  -0.01750
       -0.01734  -0.01725  -0.01725  -0.01690  -0.01690  -0.01683  -0.01683  -0.01682  -0.01681
       -0.01662  -0.01657  -0.01657  -0.01612  -0.01612  -0.01599  -0.01598  -0.01562  -0.01545
       -0.01545  -0.01456  -0.01456  -0.01426  -0.01425  -0.01420  -0.01416  -0.01416  -0.01410
       -0.01396  -0.01395  -0.01393  -0.01393  -0.01388  -0.01388  -0.01338  -0.01337  -0.01324
       -0.01324  -0.01314  -0.01313  -0.01286  -0.01284  -0.01284  -0.01250  -0.01250  -0.01242
       -0.01242  -0.01235  -0.01234  -0.01216  -0.01200  -0.01199  -0.01190  -0.01190  -0.01176
       -0.01175  -0.01162  -0.01162  -0.01143  -0.01134  -0.01134  -0.01116  -0.01115  -0.01115
       -0.01114  -0.01113  -0.01112  -0.01111  -0.01111  -0.01109  -0.01100  -0.01100  -0.01097
       -0.01093  -0.01091  -0.01079  -0.01077  -0.01076  -0.01076  -0.01053  -0.01052  -0.01038
       -0.01037  -0.01033  -0.01032  -0.01028  -0.01023  -0.01022  -0.01015  -0.01005  -0.01004
       -0.00996  -0.00995  -0.00974  -0.00973  -0.00968  -0.00968  -0.00945  -0.00945  -0.00929
       -0.00928  -0.00917  -0.00899  -0.00897  -0.00885  -0.00885  -0.00875  -0.00873  -0.00873
       -0.00872  -0.00870  -0.00868  -0.00867  -0.00860  -0.00858  -0.00855  -0.00846  -0.00846
       -0.00832  -0.00829  -0.00816  -0.00814  -0.00809  -0.00805  -0.00804  -0.00803  -0.00801
       -0.00801  -0.00799  -0.00798  -0.00785  -0.00782  -0.00780  -0.00780  -0.00777  -0.00772
       -0.00772  -0.00770  -0.00769  -0.00768  -0.00752  -0.00750  -0.00730  -0.00729  -0.00720
       -0.00718  -0.00714  -0.00710  -0.00708  -0.00708  -0.00705  -0.00701  -0.00700  -0.00699
       -0.00697  -0.00685  -0.00677  -0.00676  -0.00675  -0.00674  -0.00674  -0.00673  -0.00671
       -0.00670  -0.00668  -0.00664  -0.00663  -0.00662  -0.00659  -0.00659  -0.00657  -0.00657
       -0.00651  -0.00650  -0.00648  -0.00646  -0.00645  -0.00641  -0.00640  -0.00636  -0.00634
       -0.00631  -0.00630  -0.00627  -0.00626  -0.00624  -0.00622  -0.00622  -0.00619  -0.00619
       -0.00614  -0.00611  -0.00609  -0.00608  -0.00606  -0.00605  -0.00605  -0.00603  -0.00602
       -0.00601  -0.00595  -0.00584  -0.00582  -0.00576  -0.00575  -0.00574  -0.00573  -0.00571
       -0.00569  -0.00548  -0.00547  -0.00538  -0.00535  -0.00534  -0.00532  -0.00528  -0.00527
       -0.00525  -0.00524  -0.00524  -0.00522  -0.00521  -0.00519  -0.00518  -0.00516  -0.00515
       -0.00514  -0.00513  -0.00507  -0.00506  -0.00505  -0.00504  -0.00503  -0.00502  -0.00501
       -0.00498  -0.00497  -0.00496  -0.00485  -0.00484  -0.00481  -0.00480  -0.00479  -0.00476
       -0.00476  -0.00475  -0.00474  -0.00472  -0.00470  -0.00467  -0.00466  -0.00465  -0.00465
       -0.00462  -0.00460  -0.00457  -0.00456  -0.00453  -0.00450  -0.00450  -0.00449  -0.00446
       -0.00445  -0.00442  -0.00441  -0.00440  -0.00437  -0.00436  -0.00434  -0.00425  -0.00423
       -0.00419  -0.00418  -0.00413  -0.00412  -0.00411  -0.00409  -0.00408  -0.00408  -0.00407
       -0.00406  -0.00405  -0.00404  -0.00403  -0.00401  -0.00399  -0.00397  -0.00397  -0.00396
       -0.00394  -0.00393  -0.00392  -0.00389  -0.00388  -0.00387  -0.00386  -0.00385  -0.00384
       -0.00383  -0.00382  -0.00378  -0.00377  -0.00377  -0.00376  -0.00374  -0.00374  -0.00372
       -0.00370  -0.00370  -0.00369  -0.00367  -0.00366  -0.00365  -0.00363  -0.00362  -0.00361
       -0.00360  -0.00357  -0.00356  -0.00355  -0.00354
        
     --------------------------------------------------------------------------------------------
     Tot. elapsed time 10m-33.6s,  time spent in last iteration 04m-23.2s
     --------------------------------------------------------------------------------------------

     [I/O] -------------------------------------------------------
     [I/O] RESTART written in < 00.1s             
     [I/O] In location   : ./co2_500.wstat.restart
     [I/O] -------------------------------------------------------

                       *----------*              *----------*               *----------*
     #     Iteration = |        2 |   DFPT_dim = |      412 |   Diago_dim = |     1412 |
                       *----------*              *----------*               *----------*
     per-process dynamical memory   194.3 Mb
  
       
     --------------------------------------------------------------------------------------------
     Sternheimer eq. solver... with threshold =   1.000000E-12           
     --------------------------------------------------------------------------------------------
     in progress... |#                   | 005% :               12.9s (E)           04m-18.3s (X)
     in progress... |##                  | 010% :               21.5s (E)           03m-35.9s (X)
     in progress... |###                 | 015% :               30.1s (E)           03m-21.0s (X)
     in progress... |####                | 020% :               38.6s (E)           03m-13.4s (X)
     in progress... |#####               | 025% :               47.2s (E)           03m-09.0s (X)
     in progress... |######              | 030% :               55.8s (E)           03m-06.0s (X)
     in progress... |#######             | 035% :           01m-04.3s (E)           03m-03.9s (X)
     in progress... |########            | 040% :           01m-12.9s (E)           03m-02.2s (X)
     in progress... |#########           | 045% :           01m-21.4s (E)           03m-00.9s (X)
     in progress... |##########          | 050% :           01m-29.9s (E)           02m-59.8s (X)
     in progress... |###########         | 055% :           01m-42.6s (E)           03m-06.7s (X)
     in progress... |############        | 060% :           01m-51.2s (E)           03m-05.3s (X)
     in progress... |#############       | 065% :           01m-59.7s (E)           03m-04.1s (X)
     in progress... |##############      | 070% :           02m-08.1s (E)           03m-03.0s (X)
     in progress... |###############     | 075% :           02m-16.5s (E)           03m-02.1s (X)
     in progress... |################    | 080% :           02m-25.0s (E)           03m-01.3s (X)
     in progress... |#################   | 085% :           02m-33.4s (E)           03m-00.5s (X)
     in progress... |##################  | 090% :           02m-41.9s (E)           02m-59.9s (X)
     in progress... |################### | 095% :           02m-50.3s (E)           02m-59.3s (X)
     in progress... |####################| 100% :           02m-58.7s (E)           02m-58.7s (X)
     --------------------------------------------------------------------------------------------
     p-DIAGOX done in 00.9s with a SCALAPACK grid (12x12)
     --------------------------------------------------------------------------------------------
        
       -3.95716  -2.77036  -1.11725  -0.97798  -0.97796  -0.75539  -0.75538  -0.66063  -0.61807
       -0.61806  -0.54906  -0.45842  -0.42498  -0.42497  -0.37156  -0.37156  -0.36267  -0.36266
       -0.32289  -0.31919  -0.31918  -0.31409  -0.30997  -0.30846  -0.30846  -0.26796  -0.25383
       -0.25382  -0.21612  -0.21611  -0.20707  -0.20707  -0.20061  -0.19379  -0.16708  -0.16708
       -0.16337  -0.16337  -0.16241  -0.14864  -0.14864  -0.14135  -0.14132  -0.13955  -0.13955
       -0.13884  -0.13763  -0.13763  -0.13585  -0.13584  -0.11541  -0.11541  -0.11094  -0.11093
       -0.10748  -0.10207  -0.09759  -0.09759  -0.09362  -0.08709  -0.08709  -0.07946  -0.07946
       -0.07306  -0.07232  -0.06998  -0.06998  -0.06849  -0.06849  -0.06825  -0.06825  -0.06505
       -0.06504  -0.06349  -0.06020  -0.06020  -0.05182  -0.05182  -0.05091  -0.05037  -0.05037
       -0.05015  -0.05015  -0.04925  -0.04925  -0.04923  -0.04823  -0.04823  -0.04757  -0.04757
       -0.04746  -0.04746  -0.04558  -0.04558  -0.04535  -0.04275  -0.04275  -0.04253  -0.04253
       -0.04012  -0.04011  -0.04003  -0.03858  -0.03858  -0.03831  -0.03787  -0.03787  -0.03650
       -0.03650  -0.03599  -0.03493  -0.03493  -0.03465  -0.03465  -0.03351  -0.03351  -0.03347
       -0.03223  -0.03187  -0.03187  -0.03097  -0.03097  -0.02929  -0.02929  -0.02877  -0.02877
       -0.02856  -0.02708  -0.02708  -0.02577  -0.02577  -0.02562  -0.02498  -0.02486  -0.02485
       -0.02461  -0.02461  -0.02400  -0.02400  -0.02370  -0.02370  -0.02366  -0.02366  -0.02340
       -0.02340  -0.02323  -0.02323  -0.02296  -0.02296  -0.02285  -0.02285  -0.02226  -0.02226
       -0.02208  -0.02208  -0.02178  -0.02152  -0.02152  -0.02072  -0.02071  -0.02071  -0.02003
       -0.02003  -0.01996  -0.01944  -0.01938  -0.01938  -0.01938  -0.01938  -0.01935  -0.01935
       -0.01921  -0.01921  -0.01897  -0.01897  -0.01883  -0.01883  -0.01808  -0.01808  -0.01751
       -0.01734  -0.01725  -0.01725  -0.01691  -0.01691  -0.01684  -0.01684  -0.01683  -0.01682
       -0.01664  -0.01658  -0.01658  -0.01613  -0.01613  -0.01599  -0.01599  -0.01563  -0.01546
       -0.01546  -0.01457  -0.01457  -0.01427  -0.01427  -0.01421  -0.01418  -0.01418  -0.01412
       -0.01397  -0.01397  -0.01394  -0.01394  -0.01390  -0.01390  -0.01339  -0.01339  -0.01326
       -0.01326  -0.01315  -0.01315  -0.01288  -0.01286  -0.01286  -0.01251  -0.01251  -0.01243
       -0.01243  -0.01237  -0.01237  -0.01219  -0.01201  -0.01201  -0.01191  -0.01191  -0.01178
       -0.01178  -0.01164  -0.01164  -0.01147  -0.01136  -0.01136  -0.01119  -0.01119  -0.01118
       -0.01118  -0.01116  -0.01114  -0.01114  -0.01113  -0.01113  -0.01104  -0.01104  -0.01102
       -0.01096  -0.01096  -0.01081  -0.01081  -0.01079  -0.01079  -0.01057  -0.01057  -0.01041
       -0.01041  -0.01035  -0.01035  -0.01033  -0.01026  -0.01026  -0.01020  -0.01008  -0.01008
       -0.01000  -0.01000  -0.00977  -0.00977  -0.00974  -0.00974  -0.00948  -0.00948  -0.00933
       -0.00933  -0.00923  -0.00902  -0.00902  -0.00888  -0.00888  -0.00882  -0.00878  -0.00878
       -0.00876  -0.00876  -0.00874  -0.00874  -0.00865  -0.00865  -0.00864  -0.00853  -0.00853
       -0.00838  -0.00838  -0.00823  -0.00823  -0.00818  -0.00818  -0.00810  -0.00810  -0.00810
       -0.00810  -0.00805  -0.00805  -0.00795  -0.00790  -0.00790  -0.00784  -0.00784  -0.00778
       -0.00778  -0.00778  -0.00777  -0.00777  -0.00759  -0.00759  -0.00735  -0.00735  -0.00729
       -0.00726  -0.00726  -0.00718  -0.00718  -0.00717  -0.00717  -0.00709  -0.00709  -0.00704
       -0.00704  -0.00694  -0.00690  -0.00686  -0.00686  -0.00683  -0.00683  -0.00682  -0.00682
       -0.00679  -0.00679  -0.00673  -0.00673  -0.00673  -0.00673  -0.00671  -0.00670  -0.00670
       -0.00663  -0.00663  -0.00662  -0.00662  -0.00662  -0.00655  -0.00655  -0.00647  -0.00647
       -0.00643  -0.00643  -0.00638  -0.00638  -0.00637  -0.00637  -0.00636  -0.00636  -0.00631
       -0.00631  -0.00622  -0.00622  -0.00620  -0.00620  -0.00620  -0.00620  -0.00617  -0.00617
       -0.00616  -0.00616  -0.00596  -0.00596  -0.00588  -0.00588  -0.00588  -0.00588  -0.00586
       -0.00586  -0.00557  -0.00557  -0.00556  -0.00546  -0.00546  -0.00546  -0.00544  -0.00544
       -0.00544  -0.00544  -0.00544  -0.00541  -0.00541  -0.00540  -0.00540  -0.00539  -0.00539
       -0.00533  -0.00533  -0.00524  -0.00524  -0.00522  -0.00522  -0.00520  -0.00520  -0.00517
       -0.00516  -0.00515  -0.00515  -0.00503  -0.00503  -0.00502  -0.00502  -0.00501  -0.00501
       -0.00501  -0.00501  -0.00500  -0.00500  -0.00496  -0.00492  -0.00492  -0.00491  -0.00491
       -0.00486  -0.00481  -0.00481  -0.00475  -0.00475  -0.00472  -0.00471  -0.00471  -0.00471
       -0.00470  -0.00464  -0.00464  -0.00459  -0.00459  -0.00458  -0.00458  -0.00446  -0.00445
       -0.00442  -0.00441  -0.00432  -0.00432  -0.00432  -0.00432  -0.00431  -0.00431  -0.00430
       -0.00430  -0.00427  -0.00427  -0.00426  -0.00426  -0.00426  -0.00425  -0.00425  -0.00425
       -0.00424  -0.00424  -0.00420  -0.00416  -0.00415  -0.00415  -0.00415  -0.00413  -0.00413
       -0.00413  -0.00412  -0.00412  -0.00412  -0.00412  -0.00411  -0.00411  -0.00411  -0.00410
       -0.00409  -0.00409  -0.00408  -0.00407  -0.00395  -0.00394  -0.00394  -0.00394  -0.00393
       -0.00392  -0.00391  -0.00391  -0.00390  -0.00389
        
     --------------------------------------------------------------------------------------------
     Tot. elapsed time 17m-16.8s,  time spent in last iteration 03m-40.7s
     --------------------------------------------------------------------------------------------

     [I/O] -------------------------------------------------------
     [I/O] RESTART written in < 00.1s             
     [I/O] In location   : ./co2_500.wstat.restart
     [I/O] -------------------------------------------------------

                       *----------*              *----------*               *----------*
     #     Iteration = |        3 |   DFPT_dim = |        5 |   Diago_dim = |     1417 |
                       *----------*              *----------*               *----------*
     per-process dynamical memory   194.3 Mb
  
       
     --------------------------------------------------------------------------------------------
     Sternheimer eq. solver... with threshold =   1.000000E-12           
     --------------------------------------------------------------------------------------------
     in progress... |####################| 100% :             < 00.1s (E)             < 00.1s (X)
     --------------------------------------------------------------------------------------------
     p-DIAGOX done in 00.9s with a SCALAPACK grid (12x12)
     --------------------------------------------------------------------------------------------
        
       -3.95716  -2.77036  -1.11725  -0.97798  -0.97796  -0.75539  -0.75538  -0.66063  -0.61807
       -0.61806  -0.54906  -0.45842  -0.42498  -0.42497  -0.37156  -0.37156  -0.36267  -0.36266
       -0.32289  -0.31919  -0.31918  -0.31409  -0.30997  -0.30846  -0.30846  -0.26796  -0.25383
       -0.25382  -0.21612  -0.21611  -0.20707  -0.20707  -0.20061  -0.19379  -0.16708  -0.16708
       -0.16337  -0.16337  -0.16241  -0.14864  -0.14864  -0.14135  -0.14132  -0.13955  -0.13955
       -0.13884  -0.13763  -0.13763  -0.13585  -0.13584  -0.11541  -0.11541  -0.11094  -0.11093
       -0.10748  -0.10207  -0.09759  -0.09759  -0.09362  -0.08709  -0.08709  -0.07946  -0.07946
       -0.07306  -0.07232  -0.06998  -0.06998  -0.06849  -0.06849  -0.06825  -0.06825  -0.06505
       -0.06504  -0.06349  -0.06020  -0.06020  -0.05182  -0.05182  -0.05091  -0.05037  -0.05037
       -0.05015  -0.05015  -0.04925  -0.04925  -0.04923  -0.04823  -0.04823  -0.04757  -0.04757
       -0.04746  -0.04746  -0.04558  -0.04558  -0.04535  -0.04275  -0.04275  -0.04253  -0.04253
       -0.04012  -0.04011  -0.04003  -0.03858  -0.03858  -0.03831  -0.03787  -0.03787  -0.03650
       -0.03650  -0.03599  -0.03493  -0.03493  -0.03465  -0.03465  -0.03351  -0.03351  -0.03347
       -0.03223  -0.03187  -0.03187  -0.03097  -0.03097  -0.02929  -0.02929  -0.02877  -0.02877
       -0.02856  -0.02708  -0.02708  -0.02577  -0.02577  -0.02562  -0.02498  -0.02486  -0.02485
       -0.02461  -0.02461  -0.02400  -0.02400  -0.02370  -0.02370  -0.02366  -0.02366  -0.02340
       -0.02340  -0.02323  -0.02323  -0.02296  -0.02296  -0.02285  -0.02285  -0.02226  -0.02226
       -0.02208  -0.02208  -0.02178  -0.02152  -0.02152  -0.02072  -0.02071  -0.02071  -0.02003
       -0.02003  -0.01996  -0.01944  -0.01938  -0.01938  -0.01938  -0.01938  -0.01935  -0.01935
       -0.01921  -0.01921  -0.01897  -0.01897  -0.01883  -0.01883  -0.01808  -0.01808  -0.01751
       -0.01734  -0.01725  -0.01725  -0.01691  -0.01691  -0.01684  -0.01684  -0.01683  -0.01682
       -0.01664  -0.01658  -0.01658  -0.01613  -0.01613  -0.01599  -0.01599  -0.01563  -0.01546
       -0.01546  -0.01457  -0.01457  -0.01427  -0.01427  -0.01421  -0.01418  -0.01418  -0.01412
       -0.01397  -0.01397  -0.01394  -0.01394  -0.01390  -0.01390  -0.01339  -0.01339  -0.01326
       -0.01326  -0.01315  -0.01315  -0.01288  -0.01286  -0.01286  -0.01251  -0.01251  -0.01243
       -0.01243  -0.01237  -0.01237  -0.01219  -0.01201  -0.01201  -0.01191  -0.01191  -0.01178
       -0.01178  -0.01164  -0.01164  -0.01147  -0.01136  -0.01136  -0.01119  -0.01119  -0.01118
       -0.01118  -0.01116  -0.01114  -0.01114  -0.01113  -0.01113  -0.01104  -0.01104  -0.01102
       -0.01096  -0.01096  -0.01081  -0.01081  -0.01079  -0.01079  -0.01057  -0.01057  -0.01041
       -0.01041  -0.01035  -0.01035  -0.01033  -0.01026  -0.01026  -0.01020  -0.01008  -0.01008
       -0.01000  -0.01000  -0.00977  -0.00977  -0.00974  -0.00974  -0.00948  -0.00948  -0.00933
       -0.00933  -0.00923  -0.00902  -0.00902  -0.00888  -0.00888  -0.00882  -0.00878  -0.00878
       -0.00876  -0.00876  -0.00874  -0.00874  -0.00865  -0.00865  -0.00864  -0.00853  -0.00853
       -0.00838  -0.00838  -0.00823  -0.00823  -0.00818  -0.00818  -0.00810  -0.00810  -0.00810
       -0.00810  -0.00805  -0.00805  -0.00795  -0.00790  -0.00790  -0.00784  -0.00784  -0.00778
       -0.00778  -0.00778  -0.00777  -0.00777  -0.00759  -0.00759  -0.00735  -0.00735  -0.00729
       -0.00726  -0.00726  -0.00718  -0.00718  -0.00717  -0.00717  -0.00709  -0.00709  -0.00704
       -0.00704  -0.00694  -0.00690  -0.00686  -0.00686  -0.00683  -0.00683  -0.00682  -0.00682
       -0.00679  -0.00679  -0.00673  -0.00673  -0.00673  -0.00673  -0.00671  -0.00670  -0.00670
       -0.00663  -0.00663  -0.00662  -0.00662  -0.00662  -0.00655  -0.00655  -0.00647  -0.00647
       -0.00643  -0.00643  -0.00638  -0.00638  -0.00637  -0.00637  -0.00636  -0.00636  -0.00631
       -0.00631  -0.00622  -0.00622  -0.00620  -0.00620  -0.00620  -0.00620  -0.00617  -0.00617
       -0.00616  -0.00616  -0.00596  -0.00596  -0.00588  -0.00588  -0.00588  -0.00588  -0.00586
       -0.00586  -0.00557  -0.00557  -0.00556  -0.00546  -0.00546  -0.00546  -0.00544  -0.00544
       -0.00544  -0.00544  -0.00544  -0.00541  -0.00541  -0.00540  -0.00540  -0.00540  -0.00539
       -0.00533  -0.00533  -0.00524  -0.00524  -0.00522  -0.00522  -0.00520  -0.00520  -0.00517
       -0.00517  -0.00515  -0.00515  -0.00503  -0.00503  -0.00502  -0.00502  -0.00502  -0.00501
       -0.00501  -0.00501  -0.00500  -0.00500  -0.00496  -0.00492  -0.00492  -0.00491  -0.00491
       -0.00486  -0.00481  -0.00481  -0.00475  -0.00475  -0.00472  -0.00471  -0.00471  -0.00471
       -0.00471  -0.00464  -0.00464  -0.00459  -0.00459  -0.00458  -0.00458  -0.00446  -0.00445
       -0.00442  -0.00441  -0.00432  -0.00432  -0.00432  -0.00432  -0.00431  -0.00431  -0.00430
       -0.00430  -0.00427  -0.00427  -0.00426  -0.00426  -0.00426  -0.00426  -0.00425  -0.00425
       -0.00424  -0.00424  -0.00420  -0.00416  -0.00415  -0.00415  -0.00415  -0.00413  -0.00413
       -0.00413  -0.00413  -0.00412  -0.00412  -0.00412  -0.00412  -0.00411  -0.00411  -0.00411
       -0.00410  -0.00410  -0.00409  -0.00409  -0.00395  -0.00395  -0.00394  -0.00394  -0.00393
       -0.00392  -0.00391  -0.00391  -0.00390  -0.00389
        
     --------------------------------------------------------------------------------------------
     Tot. elapsed time 21m-48.4s,  time spent in last iteration 12.4s
     --------------------------------------------------------------------------------------------
      
     --------------------------------------------------------------------------------------------
     Database written in 44.5s               
     In location : ./co2_500.wstat.save
     --------------------------------------------------------------------------------------------
       
     --------------------------------------------------------------------------------------------
     Convergence achieved !!! in        3 steps                          
     --------------------------------------------------------------------------------------------
 
     WSTAT        : 14m46.47s CPU    23m28.55s WALL

     wstat_readin :      5.79s CPU     40.17s WALL (       1 calls)
     fetch_nml    :      0.00s CPU      0.00s WALL (       1 calls)
     read_xml     :      1.29s CPU      1.51s WALL (       1 calls)
     init_vloc    :      0.11s CPU      0.11s WALL (       2 calls)
     fft          :      0.26s CPU      0.28s WALL (      11 calls)
     fft_scatter  :    129.16s CPU    129.40s WALL (   39861 calls)
     v_of_rho     :      0.29s CPU      0.31s WALL (       1 calls)
     v_xc         :      0.26s CPU      0.27s WALL (       1 calls)
     v_h          :      0.03s CPU      0.04s WALL (       1 calls)
     read_wave    :      4.49s CPU     38.64s WALL (       1 calls)
     davcio       :      0.00s CPU      2.34s WALL (       2 calls)
     init_us_1    :      0.15s CPU      0.15s WALL (       2 calls)
     do_setup     :      0.30s CPU      0.32s WALL (       1 calls)
     init_pw_ar   :      0.30s CPU      0.31s WALL (       1 calls)
     init_at_1    :      0.00s CPU      0.00s WALL (       1 calls)
     storesqvc    :      0.00s CPU      0.00s WALL (       1 calls)
     chidiago     :    880.33s CPU   1368.00s WALL (       1 calls)
     randomize    :      1.15s CPU      1.16s WALL (       1 calls)
     paramgs      :     17.25s CPU     17.37s WALL (       5 calls)
     dfpt         :    629.90s CPU    632.93s WALL (       5 calls)
     init_us_2    :      0.02s CPU      0.03s WALL (       5 calls)
     fftw         :    364.53s CPU    366.20s WALL (   39850 calls)
     alphapc      :      0.38s CPU      0.39s WALL (     192 calls)
     wstat_restar :    181.75s CPU    624.11s WALL (       4 calls)
     linstern     :    502.69s CPU    504.97s WALL (     142 calls)
     stern        :    479.70s CPU    481.83s WALL (    5040 calls)
     h_psi_bgrp   :    467.50s CPU    469.68s WALL (    5040 calls)
     h_psi        :    467.46s CPU    469.67s WALL (    5040 calls)
     h_psi:pot    :    463.89s CPU    466.09s WALL (    5040 calls)
     vloc_psi     :    445.53s CPU    447.59s WALL (    5040 calls)
     h_psi:calbec :     11.90s CPU     10.53s WALL (    5040 calls)
     calbec       :     11.89s CPU     10.51s WALL (    5040 calls)
     add_vuspsi   :      6.41s CPU      7.93s WALL (    5040 calls)
     alphapv      :      7.02s CPU      7.02s WALL (    5040 calls)
     build_hr     :      9.28s CPU     10.21s WALL (       4 calls)
     diagox       :      3.11s CPU      3.18s WALL (       4 calls)
     redistr_vr   :      0.43s CPU      0.44s WALL (       3 calls)
     update_vr    :     16.24s CPU     17.80s WALL (       3 calls)
     symm_hr      :      0.45s CPU      0.46s WALL (       3 calls)
     chidiago:las :      0.00s CPU      0.00s WALL (       1 calls)
     refresh_vr   :      6.76s CPU      7.05s WALL (       1 calls)
     pdep_db      :     13.07s CPU     44.57s WALL (       1 calls)
 
     WSTAT        : 14m46.47s CPU    23m28.56s WALL

 
   This run was terminated on:  15:48:18  12May2018            

=------------------------------------------------------------------------------=
   JOB DONE.
=------------------------------------------------------------------------------=
