
     Program WSTAT v. 2.0.0 starts on 12May2018 at 14:51:27 

     This program is part of the open-source West suite
     for massively parallel calculations of excited states in materials; please cite
         "M. Govoni et al., J. Chem. Theory Comput. 11, 2680 (2015);
          URL http://www.west-code.org", 
     in publications or presentations arising from this work.

     Based on the Quantum ESPRESSO v. 6.1 svn rev. 13369
       
     --------------------------------------------------------------------------------------------
     **MPI** Parallelization Status                                      
     --------------------------------------------------------------------------------------------
                   160                  10             1             1            16
     --------------------------------------------------------------------------------------------
                     N         =         I      X      P      X      B      X      Z
                     ^                   ^             ^             ^             ^
                     |                   |             |             |             |
                   #rnk                  |             |             |             |
                                      #image           |             |             |
                                                     #pool           |             |
                                                                   #bgrp           |
                                                                                 #R&G
     --------------------------------------------------------------------------------------------
     **OPENMP** Parallelization Status
     #thr/rnk               =            1
     --------------------------------------------------------------------------------------------
     #prc = (rnk) * (thr) =          160
     --------------------------------------------------------------------------------------------
       
     --------------------------------------------------------------------------------------------
     I/O Summary : input_west                                            
     --------------------------------------------------------------------------------------------
     qe_prefix      = co2
     west_prefix    = co2
     outdir         = ./
     --------------------------------------------------------------------------------------------
       
     --------------------------------------------------------------------------------------------
     I/O Summary : wstat_control                                         
     --------------------------------------------------------------------------------------------
     wstat_calculation              =              S
     n_pdep_eigen                   =            100
     n_kin_pdep_eigen               =            400
     n_lindhard_eigen               =              0
     n_pdep_times                   =              4
     n_pdep_maxiter                 =            100
     n_dfpt_maxiter                 =            250
     n_pdep_read_from_file          =              0
     trev_pdep                      =   1.000000E-03
     trev_pdep_rel                  =   1.000000E-01
     tr2_dfpt                       =   1.000000E-12
     l_kinetic_only                 =              F
     l_minimize_exx_if_active       =              F
     l_use_ecutrho                  =              F
     l_pure_eigen                   =              F
     --------------------------------------------------------------------------------------------

     Reading data from directory:
     ./co2.save

   Info: using nr1, nr2, nr3 values from input

   Info: using nr1, nr2, nr3 values from input

     IMPORTANT: XC functional enforced from input :
     Exchange-correlation      = PBE ( 1  4  3  4 0 0)
     Any further DFT definition will be discarded
     Please, verify this is what you really want

     Message from routine readpp:
     file ./co2.save/C_ONCV_PBE-1.0.upf not found
     Message from routine readpp:
     file ./co2.save/O_ONCV_PBE-1.0.upf not found
 
     Parallelization info
     --------------------
     sticks:   dense  smooth     PW     G-vecs:    dense   smooth      PW
     Min        1520    1520    379               178660   178660   22323
     Max        1522    1522    384               178666   178666   22328
     Sum       24345   24345   6093              2858633  2858633  357213
 
       
     --------------------------------------------------------------------------------------------
     System Overview                                                     
     --------------------------------------------------------------------------------------------
     gamma_only           =              T
     ecutwfc [Ry]         =      85.000000
     omega [au^3]         =   2.700000E+04
     glob. #G             =         178607
     nbnd                 =            100
     nkstot               =              1
     nspin                =              1
     nelec                =      16.000000
     npol                 =              1
     lsda                 =              F
     noncolin             =              F
     lspinorb             =              F
     domag                =              F
     --------------------------------------------------------------------------------------------

     sFFT G-space:  1429317 G-vectors     R-space: ( 180, 180, 180)
     dFFT G-space:  1429317 G-vectors     R-space: ( 180, 180, 180)

     Cell [a.u.]          =      30.000000      0.000000      0.000000
                          =       0.000000     30.000000      0.000000
                          =       0.000000      0.000000     30.000000
      
     number of ks points=     1
                       cart. coord. in units 2pi/alat
        k(    1) = (   0.0000000   0.0000000   0.0000000), wk =   2.0000000

                       cryst. coord.
        k(    1) = (   0.0000000   0.0000000   0.0000000), wk =   2.0000000
 
     Spherical div        =   1.654268E-01
     Orthorombic div      =   1.628502E-01
       
     --------------------------------------------------------------------------------------------
     Parallelization for nvecx                                           
     --------------------------------------------------------------------------------------------
     nglob                =            400
     nlevel               =             10
     Min nglob/nlevel     =             40
     Max nglob/nlevel     =             40
     --------------------------------------------------------------------------------------------

     [MEM] ----------------------------------------------------------
     [MEM] **Memory** analysis: QE
     [MEM] ----------------------------------------------------------
     [MEM] Allocated arrays           est. size (Mb)     dimensions
     [MEM] ----------------------------------------------------------
     [MEM] Kohn-Sham Wavefunctions      17.03 Mb     (  11164,  100)
     [MEM] NL pseudopotentials           4.09 Mb     (  11164,   24)
     [MEM] Each V/rho on FFT grid        5.93 Mb     ( 388800)
     [MEM] Each G-vector array           0.68 Mb     (  89333)
     [MEM] G-vector shells               0.05 Mb     (   6125)
     [MEM] ----------------------------------------------------------
     [MEM] TOT                          27.78 Mb
     [MEM] ----------------------------------------------------------
     [MEM] 
     [MEM] ----------------------------------------------------------
     [MEM] **Memory** analysis: WSTAT global
     [MEM] ----------------------------------------------------------
     [MEM] Allocated arrays           est. size (Mb)     dimensions
     [MEM] ----------------------------------------------------------
     [MEM] dvg                           6.81 Mb     (  11164,   40)
     [MEM] dng                           6.81 Mb     (  11164,   40)
     [MEM] hr_distr                      0.12 Mb     (    400,   40)
     [MEM] vr_distr                      0.12 Mb     (    400,   40)
     [MEM] ----------------------------------------------------------
     [MEM] TOT                          13.87 Mb
     [MEM] ----------------------------------------------------------
     [MEM] 
     [MEM] ----------------------------------------------------------
     [MEM] **Memory** analysis: WSTAT temporary
     [MEM] ----------------------------------------------------------
     [MEM] Allocated arrays           est. size (Mb)     dimensions
     [MEM] ----------------------------------------------------------
     [MEM] dvpsi                         1.36 Mb     (  11164,    8)
     [MEM] dpsi                          1.36 Mb     (  11164,    8)
     [MEM] ----------------------------------------------------------
     [MEM] Total estimate                2.73 Mb
     [MEM] ----------------------------------------------------------

                       *----------*              *----------*               *----------*
     #     Iteration = | starting |   DFPT_dim = |      100 |   Diago_dim = |      100 |  x 1/2
                       *----------*              *----------*               *----------*
     per-process dynamical memory   120.2 Mb
  
       
     --------------------------------------------------------------------------------------------
     Sternheimer eq. solver... with lite-solver                          
     --------------------------------------------------------------------------------------------
     in progress... |##                  | 010% :               00.2s (E)               02.7s (X)
     in progress... |####                | 020% :               00.5s (E)               02.7s (X)
     in progress... |######              | 030% :               00.8s (E)               02.7s (X)
     in progress... |########            | 040% :               01.0s (E)               02.7s (X)
     in progress... |##########          | 050% :               01.3s (E)               02.7s (X)
     in progress... |############        | 060% :               01.6s (E)               02.7s (X)
     in progress... |##############      | 070% :               01.9s (E)               02.7s (X)
     in progress... |################    | 080% :               02.1s (E)               02.7s (X)
     in progress... |##################  | 090% :               02.4s (E)               02.7s (X)
     in progress... |####################| 100% :               02.7s (E)               02.7s (X)
     --------------------------------------------------------------------------------------------

     [I/O] -------------------------------------------------------
     [I/O] RESTART written in < 00.1s             
     [I/O] In location   : ./co2_100_400.wstat.restart
     [I/O] -------------------------------------------------------

                       *----------*              *----------*               *----------*
     #     Iteration = | starting |   DFPT_dim = |      100 |   Diago_dim = |      100 |  x 2/2
                       *----------*              *----------*               *----------*
     per-process dynamical memory   126.3 Mb
  
       
     --------------------------------------------------------------------------------------------
     Sternheimer eq. solver... with threshold =   1.000000E-06           
     --------------------------------------------------------------------------------------------
     in progress... |##                  | 010% :               03.1s (E)               31.4s (X)
     in progress... |####                | 020% :               06.2s (E)               31.3s (X)
     in progress... |######              | 030% :               09.3s (E)               31.2s (X)
     in progress... |########            | 040% :               12.4s (E)               31.2s (X)
     in progress... |##########          | 050% :               15.5s (E)               31.1s (X)
     in progress... |############        | 060% :               18.6s (E)               31.0s (X)
     in progress... |##############      | 070% :               21.7s (E)               31.0s (X)
     in progress... |################    | 080% :               24.7s (E)               30.9s (X)
     in progress... |##################  | 090% :               27.7s (E)               30.8s (X)
     in progress... |####################| 100% :               30.7s (E)               30.7s (X)
     --------------------------------------------------------------------------------------------
     p-DIAGOX done in < 00.1s with a SCALAPACK grid (3x3)
     --------------------------------------------------------------------------------------------
        
       -3.93400  -2.57667  -0.96999  -0.96784  -0.90313  -0.74631  -0.74308  -0.65273  -0.60248
       -0.59829  -0.52770  -0.44138  -0.38555  -0.37984  -0.33633  -0.33448  -0.32921  -0.32064
       -0.30644  -0.30106  -0.30019  -0.29488  -0.28403  -0.28203  -0.27143  -0.24178  -0.23802
       -0.22251  -0.21151  -0.21003  -0.18481  -0.18347  -0.16657  -0.15451  -0.14932  -0.14690
       -0.14512  -0.14465  -0.13898  -0.13770  -0.12901  -0.12595  -0.11585  -0.11382  -0.11075
       -0.10897  -0.10583  -0.10317  -0.09598  -0.09471  -0.09012  -0.08477  -0.08443  -0.08234
       -0.07663  -0.07652  -0.07024  -0.07004  -0.06508  -0.06125  -0.05678  -0.05433  -0.05312
       -0.05178  -0.05002  -0.04933  -0.04779  -0.04683  -0.04614  -0.04477  -0.04252  -0.04052
       -0.03865  -0.03843  -0.03658  -0.03585  -0.03468  -0.03382  -0.03324  -0.03231  -0.03111
       -0.03101  -0.02982  -0.02893  -0.02754  -0.02558  -0.02544  -0.02457  -0.02399  -0.02328
       -0.02226  -0.02196  -0.02172  -0.02094  -0.01990  -0.01888  -0.01831  -0.01789  -0.01620
       -0.01527
        
     --------------------------------------------------------------------------------------------
     Tot. elapsed time 56.6s,  time spent in last iteration 56.6s
     --------------------------------------------------------------------------------------------

     [I/O] -------------------------------------------------------
     [I/O] RESTART written in < 00.1s             
     [I/O] In location   : ./co2_100_400.wstat.restart
     [I/O] -------------------------------------------------------

                       *----------*              *----------*               *----------*
     #     Iteration = |        1 |   DFPT_dim = |      100 |   Diago_dim = |      200 |
                       *----------*              *----------*               *----------*
     per-process dynamical memory   134.2 Mb
  
       
     --------------------------------------------------------------------------------------------
     Sternheimer eq. solver... with threshold =   1.000000E-12           
     --------------------------------------------------------------------------------------------
     in progress... |##                  | 010% :               04.8s (E)               48.0s (X)
     in progress... |####                | 020% :               09.6s (E)               48.0s (X)
     in progress... |######              | 030% :               14.3s (E)               47.8s (X)
     in progress... |########            | 040% :               19.0s (E)               47.6s (X)
     in progress... |##########          | 050% :               23.6s (E)               47.3s (X)
     in progress... |############        | 060% :               28.4s (E)               47.3s (X)
     in progress... |##############      | 070% :               33.0s (E)               47.2s (X)
     in progress... |################    | 080% :               37.6s (E)               47.0s (X)
     in progress... |##################  | 090% :               42.3s (E)               47.0s (X)
     in progress... |####################| 100% :               46.9s (E)               46.9s (X)
     --------------------------------------------------------------------------------------------
     p-DIAGOX done in < 00.1s with a SCALAPACK grid (6x6)
     --------------------------------------------------------------------------------------------
        
       -3.95716  -2.77036  -1.11725  -0.97798  -0.97796  -0.75539  -0.75538  -0.66063  -0.61806
       -0.61806  -0.54906  -0.45841  -0.42495  -0.42493  -0.37154  -0.37151  -0.36264  -0.36259
       -0.32284  -0.31916  -0.31915  -0.31406  -0.30995  -0.30842  -0.30839  -0.26783  -0.25380
       -0.25379  -0.21611  -0.21610  -0.20698  -0.20695  -0.20045  -0.19367  -0.16699  -0.16696
       -0.16333  -0.16326  -0.16224  -0.14856  -0.14856  -0.14124  -0.14118  -0.13946  -0.13944
       -0.13856  -0.13742  -0.13719  -0.13566  -0.13555  -0.11508  -0.11500  -0.11061  -0.11040
       -0.10680  -0.10171  -0.09697  -0.09690  -0.09277  -0.08684  -0.08676  -0.07865  -0.07788
       -0.07218  -0.07054  -0.06908  -0.06801  -0.06787  -0.06706  -0.06685  -0.06651  -0.06423
       -0.06407  -0.06109  -0.05890  -0.05832  -0.05103  -0.05056  -0.04920  -0.04906  -0.04853
       -0.04827  -0.04804  -0.04759  -0.04696  -0.04639  -0.04624  -0.04593  -0.04543  -0.04484
       -0.04438  -0.04407  -0.04330  -0.04210  -0.04144  -0.03992  -0.03927  -0.03892  -0.03856
       -0.03752
        
     --------------------------------------------------------------------------------------------
     Tot. elapsed time 02m-09.7s,  time spent in last iteration 54.8s
     --------------------------------------------------------------------------------------------

     [I/O] -------------------------------------------------------
     [I/O] RESTART written in < 00.1s             
     [I/O] In location   : ./co2_100_400.wstat.restart
     [I/O] -------------------------------------------------------

                       *----------*              *----------*               *----------*
     #     Iteration = |        2 |   DFPT_dim = |      100 |   Diago_dim = |      300 |
                       *----------*              *----------*               *----------*
     per-process dynamical memory   134.2 Mb
  
       
     --------------------------------------------------------------------------------------------
     Sternheimer eq. solver... with threshold =   1.000000E-12           
     --------------------------------------------------------------------------------------------
     in progress... |##                  | 010% :               04.5s (E)               45.8s (X)
     in progress... |####                | 020% :               09.1s (E)               45.6s (X)
     in progress... |######              | 030% :               13.7s (E)               45.8s (X)
     in progress... |########            | 040% :               18.3s (E)               45.7s (X)
     in progress... |##########          | 050% :               22.8s (E)               45.7s (X)
     in progress... |############        | 060% :               27.3s (E)               45.6s (X)
     in progress... |##############      | 070% :               31.9s (E)               45.5s (X)
     in progress... |################    | 080% :               36.3s (E)               45.4s (X)
     in progress... |##################  | 090% :               40.9s (E)               45.4s (X)
     in progress... |####################| 100% :               45.4s (E)               45.4s (X)
     --------------------------------------------------------------------------------------------
     p-DIAGOX done in < 00.1s with a SCALAPACK grid (9x9)
     --------------------------------------------------------------------------------------------
        
       -3.95716  -2.77036  -1.11725  -0.97798  -0.97796  -0.75539  -0.75538  -0.66063  -0.61807
       -0.61806  -0.54906  -0.45842  -0.42498  -0.42497  -0.37156  -0.37156  -0.36267  -0.36266
       -0.32289  -0.31919  -0.31918  -0.31409  -0.30997  -0.30846  -0.30846  -0.26796  -0.25383
       -0.25382  -0.21612  -0.21611  -0.20707  -0.20707  -0.20061  -0.19379  -0.16708  -0.16708
       -0.16337  -0.16337  -0.16241  -0.14864  -0.14864  -0.14135  -0.14132  -0.13955  -0.13955
       -0.13884  -0.13763  -0.13763  -0.13585  -0.13584  -0.11541  -0.11541  -0.11093  -0.11093
       -0.10748  -0.10207  -0.09759  -0.09759  -0.09361  -0.08709  -0.08709  -0.07946  -0.07945
       -0.07305  -0.07229  -0.06997  -0.06994  -0.06849  -0.06848  -0.06823  -0.06823  -0.06504
       -0.06503  -0.06346  -0.06018  -0.06017  -0.05180  -0.05178  -0.05083  -0.05031  -0.05027
       -0.05011  -0.05008  -0.04920  -0.04919  -0.04914  -0.04817  -0.04808  -0.04751  -0.04744
       -0.04742  -0.04739  -0.04554  -0.04553  -0.04522  -0.04264  -0.04261  -0.04240  -0.04238
       -0.03999
        
     --------------------------------------------------------------------------------------------
     Tot. elapsed time 03m-39.3s,  time spent in last iteration 53.3s
     --------------------------------------------------------------------------------------------

     [I/O] -------------------------------------------------------
     [I/O] RESTART written in < 00.1s             
     [I/O] In location   : ./co2_100_400.wstat.restart
     [I/O] -------------------------------------------------------

                       *----------*              *----------*               *----------*
     #     Iteration = |        3 |   DFPT_dim = |       32 |   Diago_dim = |      332 |
                       *----------*              *----------*               *----------*
     per-process dynamical memory   134.2 Mb
  
       
     --------------------------------------------------------------------------------------------
     Sternheimer eq. solver... with threshold =   1.000000E-12           
     --------------------------------------------------------------------------------------------
     in progress... |#####               | 025% :               04.4s (E)               17.9s (X)
     in progress... |##########          | 050% :               08.9s (E)               17.8s (X)
     in progress... |###############     | 075% :               13.4s (E)               17.9s (X)
     in progress... |####################| 100% :               17.9s (E)               17.9s (X)
     --------------------------------------------------------------------------------------------
     p-DIAGOX done in 00.1s with a SCALAPACK grid (10x10)
     --------------------------------------------------------------------------------------------
        
       -3.95716  -2.77036  -1.11725  -0.97798  -0.97796  -0.75539  -0.75538  -0.66063  -0.61807
       -0.61806  -0.54906  -0.45842  -0.42498  -0.42497  -0.37156  -0.37156  -0.36267  -0.36266
       -0.32289  -0.31919  -0.31918  -0.31409  -0.30997  -0.30846  -0.30846  -0.26796  -0.25383
       -0.25382  -0.21612  -0.21611  -0.20707  -0.20707  -0.20061  -0.19379  -0.16708  -0.16708
       -0.16337  -0.16337  -0.16241  -0.14864  -0.14864  -0.14135  -0.14132  -0.13955  -0.13955
       -0.13884  -0.13763  -0.13763  -0.13585  -0.13584  -0.11541  -0.11541  -0.11093  -0.11093
       -0.10748  -0.10207  -0.09759  -0.09759  -0.09362  -0.08709  -0.08709  -0.07946  -0.07946
       -0.07306  -0.07232  -0.06997  -0.06997  -0.06849  -0.06849  -0.06825  -0.06825  -0.06504
       -0.06504  -0.06349  -0.06020  -0.06020  -0.05182  -0.05181  -0.05091  -0.05037  -0.05037
       -0.05015  -0.05015  -0.04925  -0.04925  -0.04923  -0.04823  -0.04823  -0.04757  -0.04757
       -0.04746  -0.04746  -0.04558  -0.04558  -0.04534  -0.04275  -0.04274  -0.04253  -0.04253
       -0.04011
        
     --------------------------------------------------------------------------------------------
     Tot. elapsed time 04m-54.9s,  time spent in last iteration 21.4s
     --------------------------------------------------------------------------------------------
      
     --------------------------------------------------------------------------------------------
     Database written in 09.2s               
     In location : ./co2_100_400.wstat.save
     --------------------------------------------------------------------------------------------
       
     --------------------------------------------------------------------------------------------
     Convergence achieved !!! in        3 steps                          
     --------------------------------------------------------------------------------------------
       
     --------------------------------------------------------------------------------------------
     ** Now compute kinetic eigenpotentials **                           
     --------------------------------------------------------------------------------------------
       
     --------------------------------------------------------------------------------------------
     Parallelization for newnvecx                                        
     --------------------------------------------------------------------------------------------
     nglob                =           1600
     nlevel               =             10
     Min nglob/nlevel     =            160
     Max nglob/nlevel     =            160
     --------------------------------------------------------------------------------------------
       
     --------------------------------------------------------------------------------------------
     Parallelization for merge_nvecx                                     
     --------------------------------------------------------------------------------------------
     nglob                =           2000
     nlevel               =             10
     Min nglob/nlevel     =            200
     Max nglob/nlevel     =            200
     --------------------------------------------------------------------------------------------

                       *----------*              *----------*               *----------*
     #     Iteration = | starting |   DFPT_dim = |      400 |   Diago_dim = |      400 |  x 1/2
                       *----------*              *----------*               *----------*
       
     --------------------------------------------------------------------------------------------
     Applying projection operator formed by dvg                          
     --------------------------------------------------------------------------------------------
     per-process dynamical memory   235.3 Mb
  
       
     --------------------------------------------------------------------------------------------
     Sternheimer eq. solver... with lite-solver                          
     --------------------------------------------------------------------------------------------
     in progress... |#                   | 005% :               00.5s (E)               10.8s (X)
     in progress... |##                  | 010% :               01.0s (E)               10.8s (X)
     in progress... |###                 | 015% :               01.6s (E)               10.8s (X)
     in progress... |####                | 020% :               02.1s (E)               10.8s (X)
     in progress... |#####               | 025% :               02.7s (E)               10.8s (X)
     in progress... |######              | 030% :               03.2s (E)               10.8s (X)
     in progress... |#######             | 035% :               03.7s (E)               10.8s (X)
     in progress... |########            | 040% :               04.3s (E)               10.8s (X)
     in progress... |#########           | 045% :               04.8s (E)               10.8s (X)
     in progress... |##########          | 050% :               05.4s (E)               10.8s (X)
     in progress... |###########         | 055% :               05.9s (E)               10.8s (X)
     in progress... |############        | 060% :               06.5s (E)               10.8s (X)
     in progress... |#############       | 065% :               07.0s (E)               10.8s (X)
     in progress... |##############      | 070% :               07.5s (E)               10.8s (X)
     in progress... |###############     | 075% :               08.1s (E)               10.8s (X)
     in progress... |################    | 080% :               08.6s (E)               10.8s (X)
     in progress... |#################   | 085% :               09.2s (E)               10.8s (X)
     in progress... |##################  | 090% :               09.7s (E)               10.8s (X)
     in progress... |################### | 095% :               10.3s (E)               10.8s (X)
     in progress... |####################| 100% :               10.8s (E)               10.8s (X)
       
     --------------------------------------------------------------------------------------------
     Applying projection operator formed by dvg                          
     --------------------------------------------------------------------------------------------
     --------------------------------------------------------------------------------------------

     [I/O] -------------------------------------------------------
     [I/O] RESTART written in < 00.1s             
     [I/O] In location   : ./co2_100_400.wstat.restart
     [I/O] -------------------------------------------------------

                       *----------*              *----------*               *----------*
     #     Iteration = | starting |   DFPT_dim = |      400 |   Diago_dim = |      400 |  x 2/2
                       *----------*              *----------*               *----------*
       
     --------------------------------------------------------------------------------------------
     Applying projection operator formed by dvg                          
     --------------------------------------------------------------------------------------------
     per-process dynamical memory   235.3 Mb
  
       
     --------------------------------------------------------------------------------------------
     Sternheimer eq. solver... with threshold =   1.000000E-06           
     --------------------------------------------------------------------------------------------
     in progress... |#                   | 005% :               00.8s (E)               17.0s (X)
     in progress... |##                  | 010% :               01.6s (E)               16.9s (X)
     in progress... |###                 | 015% :               02.5s (E)               16.9s (X)
     in progress... |####                | 020% :               03.3s (E)               16.8s (X)
     in progress... |#####               | 025% :               04.2s (E)               16.8s (X)
     in progress... |######              | 030% :               05.0s (E)               16.7s (X)
     in progress... |#######             | 035% :               05.8s (E)               16.7s (X)
     in progress... |########            | 040% :               06.6s (E)               16.7s (X)
     in progress... |#########           | 045% :               07.5s (E)               16.6s (X)
     in progress... |##########          | 050% :               08.3s (E)               16.6s (X)
     in progress... |###########         | 055% :               09.1s (E)               16.6s (X)
     in progress... |############        | 060% :               09.9s (E)               16.6s (X)
     in progress... |#############       | 065% :               10.7s (E)               16.6s (X)
     in progress... |##############      | 070% :               11.6s (E)               16.5s (X)
     in progress... |###############     | 075% :               12.4s (E)               16.5s (X)
     in progress... |################    | 080% :               13.2s (E)               16.5s (X)
     in progress... |#################   | 085% :               14.0s (E)               16.5s (X)
     in progress... |##################  | 090% :               14.8s (E)               16.5s (X)
     in progress... |################### | 095% :               15.6s (E)               16.5s (X)
     in progress... |####################| 100% :               16.5s (E)               16.5s (X)
       
     --------------------------------------------------------------------------------------------
     Applying projection operator formed by dvg                          
     --------------------------------------------------------------------------------------------
     --------------------------------------------------------------------------------------------
     p-DIAGOX done in 00.3s with a SCALAPACK grid (12x12)
     --------------------------------------------------------------------------------------------
        
       -0.03220  -0.03150  -0.03020  -0.03018  -0.03016  -0.02991  -0.02988  -0.02869  -0.02864
       -0.02837  -0.02834  -0.02792  -0.02784  -0.02779  -0.02756  -0.02726  -0.02722  -0.02619
       -0.02579  -0.02576  -0.02550  -0.02536  -0.02404  -0.02399  -0.02357  -0.02356  -0.02312
       -0.02299  -0.02259  -0.02150  -0.02139  -0.02116  -0.02064  -0.02059  -0.02052  -0.02039
       -0.02030  -0.02015  -0.02008  -0.02005  -0.02000  -0.01999  -0.01990  -0.01986  -0.01984
       -0.01979  -0.01965  -0.01938  -0.01935  -0.01901  -0.01899  -0.01886  -0.01884  -0.01851
       -0.01845  -0.01833  -0.01820  -0.01799  -0.01740  -0.01722  -0.01720  -0.01711  -0.01642
       -0.01637  -0.01632  -0.01628  -0.01622  -0.01619  -0.01615  -0.01607  -0.01593  -0.01585
       -0.01567  -0.01543  -0.01530  -0.01490  -0.01479  -0.01456  -0.01441  -0.01428  -0.01425
       -0.01423  -0.01410  -0.01399  -0.01398  -0.01393  -0.01382  -0.01369  -0.01360  -0.01346
       -0.01336  -0.01318  -0.01306  -0.01283  -0.01275  -0.01237  -0.01231  -0.01218  -0.01207
       -0.01203  -0.01189  -0.01180  -0.01160  -0.01136  -0.01132  -0.01128  -0.01124  -0.01117
       -0.01099  -0.01094  -0.01087  -0.01077  -0.01068  -0.01066  -0.01060  -0.01058  -0.01045
       -0.01040  -0.01028  -0.01026  -0.01025  -0.01016  -0.01012  -0.01007  -0.00998  -0.00996
       -0.00989  -0.00982  -0.00972  -0.00970  -0.00967  -0.00955  -0.00953  -0.00934  -0.00923
       -0.00906  -0.00901  -0.00896  -0.00891  -0.00879  -0.00875  -0.00870  -0.00868  -0.00860
       -0.00853  -0.00851  -0.00847  -0.00841  -0.00838  -0.00831  -0.00829  -0.00827  -0.00821
       -0.00818  -0.00814  -0.00800  -0.00797  -0.00797  -0.00793  -0.00783  -0.00775  -0.00772
       -0.00768  -0.00765  -0.00755  -0.00751  -0.00745  -0.00739  -0.00737  -0.00725  -0.00723
       -0.00718  -0.00717  -0.00711  -0.00706  -0.00703  -0.00699  -0.00691  -0.00688  -0.00685
       -0.00680  -0.00674  -0.00671  -0.00666  -0.00663  -0.00655  -0.00640  -0.00637  -0.00629
       -0.00628  -0.00621  -0.00620  -0.00615  -0.00611  -0.00609  -0.00604  -0.00595  -0.00594
       -0.00590  -0.00586  -0.00580  -0.00576  -0.00573  -0.00566  -0.00564  -0.00562  -0.00561
       -0.00558  -0.00552  -0.00546  -0.00543  -0.00541  -0.00532  -0.00528  -0.00527  -0.00522
       -0.00519  -0.00516  -0.00514  -0.00512  -0.00510  -0.00501  -0.00500  -0.00499  -0.00495
       -0.00493  -0.00488  -0.00484  -0.00481  -0.00479  -0.00475  -0.00472  -0.00468  -0.00466
       -0.00463  -0.00461  -0.00456  -0.00455  -0.00450  -0.00447  -0.00446  -0.00442  -0.00440
       -0.00439  -0.00438  -0.00434  -0.00430  -0.00426  -0.00423  -0.00420  -0.00417  -0.00412
       -0.00410  -0.00409  -0.00407  -0.00404  -0.00400  -0.00399  -0.00394  -0.00388  -0.00386
       -0.00382  -0.00380  -0.00376  -0.00374  -0.00372  -0.00369  -0.00368  -0.00364  -0.00364
       -0.00359  -0.00359  -0.00357  -0.00351  -0.00349  -0.00347  -0.00343  -0.00341  -0.00339
       -0.00335  -0.00334  -0.00332  -0.00328  -0.00325  -0.00323  -0.00322  -0.00320  -0.00317
       -0.00315  -0.00314  -0.00313  -0.00309  -0.00307  -0.00305  -0.00303  -0.00300  -0.00297
       -0.00294  -0.00294  -0.00292  -0.00288  -0.00286  -0.00284  -0.00283  -0.00280  -0.00278
       -0.00277  -0.00275  -0.00274  -0.00271  -0.00269  -0.00268  -0.00267  -0.00266  -0.00262
       -0.00260  -0.00259  -0.00257  -0.00253  -0.00249  -0.00249  -0.00247  -0.00245  -0.00243
       -0.00241  -0.00237  -0.00236  -0.00235  -0.00234  -0.00232  -0.00229  -0.00228  -0.00226
       -0.00225  -0.00223  -0.00221  -0.00220  -0.00219  -0.00216  -0.00215  -0.00214  -0.00213
       -0.00211  -0.00209  -0.00208  -0.00206  -0.00203  -0.00200  -0.00197  -0.00196  -0.00195
       -0.00193  -0.00191  -0.00190  -0.00189  -0.00186  -0.00185  -0.00183  -0.00180  -0.00179
       -0.00177  -0.00176  -0.00175  -0.00172  -0.00171  -0.00171  -0.00169  -0.00166  -0.00165
       -0.00164  -0.00162  -0.00160  -0.00159  -0.00157  -0.00155  -0.00154  -0.00152  -0.00151
       -0.00149  -0.00147  -0.00147  -0.00143  -0.00142  -0.00141  -0.00138  -0.00137  -0.00136
       -0.00135  -0.00133  -0.00131  -0.00129  -0.00127  -0.00125  -0.00123  -0.00122  -0.00117
       -0.00116  -0.00114  -0.00112  -0.00038
        
     --------------------------------------------------------------------------------------------
     Tot. elapsed time 01m-48.0s,  time spent in last iteration 01m-48.0s
     --------------------------------------------------------------------------------------------

     [I/O] -------------------------------------------------------
     [I/O] RESTART written in < 00.1s             
     [I/O] In location   : ./co2_100_400.wstat.restart
     [I/O] -------------------------------------------------------

                       *----------*              *----------*               *----------*
     #     Iteration = |        1 |   DFPT_dim = |      400 |   Diago_dim = |      800 |
                       *----------*              *----------*               *----------*
       
     --------------------------------------------------------------------------------------------
     Applying projection operator formed by dvg                          
     --------------------------------------------------------------------------------------------
     per-process dynamical memory   226.9 Mb
  
       
     --------------------------------------------------------------------------------------------
     Sternheimer eq. solver... with threshold =   1.000000E-12           
     --------------------------------------------------------------------------------------------
     in progress... |#                   | 005% :               01.0s (E)               21.0s (X)
     in progress... |##                  | 010% :               02.1s (E)               21.0s (X)
     in progress... |###                 | 015% :               03.1s (E)               20.9s (X)
     in progress... |####                | 020% :               04.1s (E)               20.9s (X)
     in progress... |#####               | 025% :               05.2s (E)               20.9s (X)
     in progress... |######              | 030% :               06.2s (E)               20.9s (X)
     in progress... |#######             | 035% :               07.3s (E)               20.9s (X)
     in progress... |########            | 040% :               08.3s (E)               20.9s (X)
     in progress... |#########           | 045% :               09.4s (E)               20.9s (X)
     in progress... |##########          | 050% :               10.4s (E)               20.9s (X)
     in progress... |###########         | 055% :               11.4s (E)               20.9s (X)
     in progress... |############        | 060% :               12.5s (E)               20.8s (X)
     in progress... |#############       | 065% :               13.5s (E)               20.8s (X)
     in progress... |##############      | 070% :               14.6s (E)               20.8s (X)
     in progress... |###############     | 075% :               15.6s (E)               20.8s (X)
     in progress... |################    | 080% :               16.6s (E)               20.8s (X)
     in progress... |#################   | 085% :               17.7s (E)               20.8s (X)
     in progress... |##################  | 090% :               18.7s (E)               20.8s (X)
     in progress... |################### | 095% :               19.8s (E)               20.8s (X)
     in progress... |####################| 100% :               20.8s (E)               20.8s (X)
       
     --------------------------------------------------------------------------------------------
     Applying projection operator formed by dvg                          
     --------------------------------------------------------------------------------------------
     --------------------------------------------------------------------------------------------
     p-DIAGOX done in 00.4s with a SCALAPACK grid (12x12)
     --------------------------------------------------------------------------------------------
        
       -0.03239  -0.03185  -0.03033  -0.03029  -0.03027  -0.03012  -0.03012  -0.02891  -0.02890
       -0.02886  -0.02858  -0.02857  -0.02819  -0.02817  -0.02795  -0.02765  -0.02765  -0.02652
       -0.02624  -0.02623  -0.02568  -0.02568  -0.02425  -0.02424  -0.02381  -0.02377  -0.02364
       -0.02350  -0.02349  -0.02193  -0.02193  -0.02181  -0.02122  -0.02120  -0.02111  -0.02098
       -0.02097  -0.02069  -0.02068  -0.02060  -0.02059  -0.02041  -0.02041  -0.02038  -0.02036
       -0.02031  -0.02031  -0.01979  -0.01979  -0.01975  -0.01975  -0.01950  -0.01950  -0.01896
       -0.01896  -0.01894  -0.01894  -0.01860  -0.01803  -0.01803  -0.01756  -0.01755  -0.01742
       -0.01689  -0.01683  -0.01680  -0.01676  -0.01675  -0.01674  -0.01673  -0.01669  -0.01654
       -0.01653  -0.01621  -0.01620  -0.01592  -0.01591  -0.01565  -0.01564  -0.01532  -0.01520
       -0.01519  -0.01471  -0.01471  -0.01470  -0.01469  -0.01458  -0.01449  -0.01447  -0.01447
       -0.01444  -0.01428  -0.01428  -0.01363  -0.01361  -0.01359  -0.01339  -0.01317  -0.01317
       -0.01296  -0.01296  -0.01265  -0.01264  -0.01264  -0.01263  -0.01246  -0.01242  -0.01236
       -0.01235  -0.01235  -0.01234  -0.01224  -0.01223  -0.01204  -0.01204  -0.01188  -0.01188
       -0.01147  -0.01146  -0.01139  -0.01138  -0.01137  -0.01135  -0.01134  -0.01118  -0.01117
       -0.01103  -0.01103  -0.01103  -0.01101  -0.01095  -0.01095  -0.01066  -0.01065  -0.01039
       -0.01039  -0.01038  -0.01038  -0.01033  -0.01016  -0.01009  -0.01009  -0.01005  -0.01004
       -0.01002  -0.01000  -0.00999  -0.00995  -0.00995  -0.00990  -0.00989  -0.00982  -0.00980
       -0.00980  -0.00979  -0.00957  -0.00950  -0.00948  -0.00940  -0.00939  -0.00939  -0.00937
       -0.00932  -0.00932  -0.00925  -0.00924  -0.00921  -0.00908  -0.00907  -0.00904  -0.00889
       -0.00889  -0.00881  -0.00880  -0.00859  -0.00857  -0.00857  -0.00856  -0.00844  -0.00843
       -0.00830  -0.00828  -0.00827  -0.00812  -0.00811  -0.00807  -0.00793  -0.00793  -0.00790
       -0.00790  -0.00788  -0.00786  -0.00778  -0.00778  -0.00774  -0.00769  -0.00766  -0.00748
       -0.00741  -0.00740  -0.00738  -0.00737  -0.00736  -0.00735  -0.00734  -0.00733  -0.00732
       -0.00731  -0.00728  -0.00726  -0.00724  -0.00723  -0.00713  -0.00710  -0.00709  -0.00707
       -0.00706  -0.00705  -0.00697  -0.00683  -0.00682  -0.00664  -0.00661  -0.00660  -0.00658
       -0.00652  -0.00650  -0.00647  -0.00645  -0.00643  -0.00638  -0.00636  -0.00632  -0.00631
       -0.00630  -0.00628  -0.00622  -0.00620  -0.00619  -0.00619  -0.00618  -0.00615  -0.00612
       -0.00611  -0.00609  -0.00606  -0.00604  -0.00602  -0.00600  -0.00597  -0.00596  -0.00595
       -0.00592  -0.00592  -0.00591  -0.00590  -0.00587  -0.00585  -0.00583  -0.00581  -0.00580
       -0.00578  -0.00575  -0.00573  -0.00572  -0.00570  -0.00569  -0.00567  -0.00565  -0.00562
       -0.00558  -0.00557  -0.00555  -0.00551  -0.00549  -0.00547  -0.00546  -0.00542  -0.00541
       -0.00540  -0.00540  -0.00533  -0.00531  -0.00528  -0.00525  -0.00521  -0.00520  -0.00511
       -0.00507  -0.00505  -0.00495  -0.00493  -0.00492  -0.00492  -0.00489  -0.00486  -0.00485
       -0.00484  -0.00482  -0.00481  -0.00478  -0.00478  -0.00476  -0.00475  -0.00474  -0.00471
       -0.00470  -0.00468  -0.00466  -0.00465  -0.00464  -0.00461  -0.00459  -0.00455  -0.00453
       -0.00448  -0.00446  -0.00445  -0.00443  -0.00441  -0.00440  -0.00437  -0.00437  -0.00436
       -0.00433  -0.00432  -0.00431  -0.00430  -0.00428  -0.00427  -0.00426  -0.00424  -0.00423
       -0.00422  -0.00418  -0.00417  -0.00413  -0.00413  -0.00411  -0.00408  -0.00405  -0.00402
       -0.00402  -0.00399  -0.00396  -0.00396  -0.00393  -0.00391  -0.00389  -0.00388  -0.00386
       -0.00382  -0.00381  -0.00380  -0.00377  -0.00376  -0.00375  -0.00374  -0.00372  -0.00371
       -0.00370  -0.00368  -0.00366  -0.00366  -0.00365  -0.00364  -0.00363  -0.00361  -0.00360
       -0.00359  -0.00357  -0.00355  -0.00354  -0.00353  -0.00352  -0.00351  -0.00349  -0.00347
       -0.00347  -0.00345  -0.00344  -0.00343  -0.00341  -0.00340  -0.00338  -0.00337  -0.00336
       -0.00335  -0.00334  -0.00333  -0.00331  -0.00331  -0.00327  -0.00326  -0.00324  -0.00324
       -0.00324  -0.00321  -0.00321  -0.00319
        
     --------------------------------------------------------------------------------------------
     Tot. elapsed time 03m-32.3s,  time spent in last iteration 34.5s
     --------------------------------------------------------------------------------------------

     [I/O] -------------------------------------------------------
     [I/O] RESTART written in < 00.1s             
     [I/O] In location   : ./co2_100_400.wstat.restart
     [I/O] -------------------------------------------------------

                       *----------*              *----------*               *----------*
     #     Iteration = |        2 |   DFPT_dim = |      312 |   Diago_dim = |     1112 |
                       *----------*              *----------*               *----------*
       
     --------------------------------------------------------------------------------------------
     Applying projection operator formed by dvg                          
     --------------------------------------------------------------------------------------------
     per-process dynamical memory   225.5 Mb
  
       
     --------------------------------------------------------------------------------------------
     Sternheimer eq. solver... with threshold =   1.000000E-12           
     --------------------------------------------------------------------------------------------
     in progress... |#                   | 005% :               01.0s (E)               20.6s (X)
     in progress... |##                  | 010% :               02.0s (E)               20.6s (X)
     in progress... |###                 | 015% :               02.5s (E)               17.2s (X)
     in progress... |####                | 020% :               03.6s (E)               18.1s (X)
     in progress... |#####               | 025% :               04.1s (E)               16.5s (X)
     in progress... |######              | 030% :               05.1s (E)               17.2s (X)
     in progress... |#######             | 035% :               06.2s (E)               17.7s (X)
     in progress... |########            | 040% :               06.7s (E)               16.7s (X)
     in progress... |#########           | 045% :               07.7s (E)               17.2s (X)
     in progress... |##########          | 050% :               08.2s (E)               16.5s (X)
     in progress... |###########         | 055% :               09.2s (E)               16.8s (X)
     in progress... |############        | 060% :               10.3s (E)               17.2s (X)
     in progress... |#############       | 065% :               10.8s (E)               16.6s (X)
     in progress... |##############      | 070% :               11.8s (E)               16.9s (X)
     in progress... |###############     | 075% :               12.3s (E)               16.5s (X)
     in progress... |################    | 080% :               13.4s (E)               16.7s (X)
     in progress... |#################   | 085% :               14.4s (E)               17.0s (X)
     in progress... |##################  | 090% :               14.9s (E)               16.6s (X)
     in progress... |################### | 095% :               15.9s (E)               16.8s (X)
     in progress... |####################| 100% :               16.5s (E)               16.5s (X)
       
     --------------------------------------------------------------------------------------------
     Applying projection operator formed by dvg                          
     --------------------------------------------------------------------------------------------
     --------------------------------------------------------------------------------------------
     p-DIAGOX done in 00.6s with a SCALAPACK grid (12x12)
     --------------------------------------------------------------------------------------------
        
       -0.03239  -0.03185  -0.03033  -0.03029  -0.03027  -0.03012  -0.03012  -0.02891  -0.02890
       -0.02886  -0.02858  -0.02857  -0.02819  -0.02817  -0.02795  -0.02765  -0.02765  -0.02652
       -0.02624  -0.02623  -0.02569  -0.02568  -0.02425  -0.02424  -0.02381  -0.02378  -0.02364
       -0.02350  -0.02349  -0.02193  -0.02193  -0.02181  -0.02122  -0.02120  -0.02112  -0.02098
       -0.02097  -0.02069  -0.02069  -0.02060  -0.02059  -0.02041  -0.02041  -0.02038  -0.02037
       -0.02031  -0.02031  -0.01980  -0.01979  -0.01975  -0.01975  -0.01950  -0.01950  -0.01897
       -0.01896  -0.01894  -0.01894  -0.01860  -0.01804  -0.01803  -0.01756  -0.01755  -0.01743
       -0.01689  -0.01683  -0.01681  -0.01677  -0.01676  -0.01674  -0.01673  -0.01670  -0.01655
       -0.01653  -0.01621  -0.01621  -0.01592  -0.01592  -0.01565  -0.01565  -0.01533  -0.01521
       -0.01520  -0.01472  -0.01471  -0.01470  -0.01470  -0.01459  -0.01449  -0.01448  -0.01448
       -0.01445  -0.01429  -0.01429  -0.01364  -0.01362  -0.01360  -0.01340  -0.01318  -0.01318
       -0.01297  -0.01297  -0.01267  -0.01266  -0.01265  -0.01265  -0.01248  -0.01244  -0.01238
       -0.01238  -0.01237  -0.01236  -0.01226  -0.01225  -0.01206  -0.01206  -0.01190  -0.01190
       -0.01149  -0.01149  -0.01141  -0.01141  -0.01139  -0.01137  -0.01137  -0.01119  -0.01119
       -0.01105  -0.01105  -0.01105  -0.01104  -0.01097  -0.01097  -0.01068  -0.01067  -0.01043
       -0.01042  -0.01041  -0.01041  -0.01037  -0.01020  -0.01012  -0.01011  -0.01009  -0.01009
       -0.01006  -0.01004  -0.01004  -0.00999  -0.00999  -0.00994  -0.00994  -0.00986  -0.00985
       -0.00983  -0.00982  -0.00962  -0.00955  -0.00954  -0.00945  -0.00945  -0.00943  -0.00943
       -0.00936  -0.00936  -0.00929  -0.00928  -0.00926  -0.00912  -0.00912  -0.00910  -0.00894
       -0.00893  -0.00885  -0.00885  -0.00865  -0.00865  -0.00862  -0.00861  -0.00849  -0.00848
       -0.00835  -0.00832  -0.00832  -0.00817  -0.00815  -0.00815  -0.00800  -0.00800  -0.00797
       -0.00797  -0.00795  -0.00794  -0.00786  -0.00786  -0.00786  -0.00776  -0.00775  -0.00757
       -0.00750  -0.00750  -0.00745  -0.00745  -0.00742  -0.00742  -0.00742  -0.00741  -0.00741
       -0.00741  -0.00740  -0.00739  -0.00731  -0.00731  -0.00720  -0.00720  -0.00719  -0.00719
       -0.00719  -0.00718  -0.00715  -0.00691  -0.00691  -0.00672  -0.00672  -0.00669  -0.00668
       -0.00668  -0.00660  -0.00658  -0.00655  -0.00655  -0.00650  -0.00650  -0.00642  -0.00642
       -0.00639  -0.00639  -0.00634  -0.00632  -0.00630  -0.00630  -0.00629  -0.00629  -0.00628
       -0.00628  -0.00627  -0.00627  -0.00621  -0.00621  -0.00614  -0.00614  -0.00609  -0.00609
       -0.00607  -0.00607  -0.00605  -0.00605  -0.00605  -0.00599  -0.00598  -0.00598  -0.00596
       -0.00596  -0.00593  -0.00593  -0.00588  -0.00588  -0.00586  -0.00586  -0.00581  -0.00580
       -0.00574  -0.00574  -0.00574  -0.00570  -0.00570  -0.00566  -0.00566  -0.00560  -0.00559
       -0.00557  -0.00557  -0.00557  -0.00549  -0.00548  -0.00542  -0.00542  -0.00538  -0.00537
       -0.00520  -0.00519  -0.00512  -0.00510  -0.00510  -0.00509  -0.00509  -0.00506  -0.00506
       -0.00506  -0.00505  -0.00505  -0.00503  -0.00503  -0.00502  -0.00501  -0.00500  -0.00498
       -0.00498  -0.00487  -0.00487  -0.00484  -0.00483  -0.00482  -0.00482  -0.00481  -0.00481
       -0.00474  -0.00473  -0.00470  -0.00469  -0.00468  -0.00467  -0.00465  -0.00465  -0.00464
       -0.00463  -0.00463  -0.00461  -0.00461  -0.00461  -0.00461  -0.00453  -0.00452  -0.00452
       -0.00451  -0.00447  -0.00447  -0.00446  -0.00445  -0.00444  -0.00444  -0.00444  -0.00431
       -0.00431  -0.00428  -0.00428  -0.00424  -0.00419  -0.00418  -0.00418  -0.00417  -0.00412
       -0.00411  -0.00408  -0.00408  -0.00402  -0.00401  -0.00401  -0.00400  -0.00400  -0.00399
       -0.00399  -0.00399  -0.00398  -0.00398  -0.00397  -0.00397  -0.00396  -0.00395  -0.00394
       -0.00394  -0.00393  -0.00393  -0.00392  -0.00392  -0.00390  -0.00388  -0.00387  -0.00387
       -0.00386  -0.00386  -0.00385  -0.00385  -0.00383  -0.00383  -0.00382  -0.00382  -0.00381
       -0.00380  -0.00376  -0.00375  -0.00372  -0.00371  -0.00369  -0.00368  -0.00368  -0.00367
       -0.00366  -0.00365  -0.00363  -0.00362
        
     --------------------------------------------------------------------------------------------
     Tot. elapsed time 05m-14.4s,  time spent in last iteration 32.1s
     --------------------------------------------------------------------------------------------

     [I/O] -------------------------------------------------------
     [I/O] RESTART written in < 00.1s             
     [I/O] In location   : ./co2_100_400.wstat.restart
     [I/O] -------------------------------------------------------

                       *----------*              *----------*               *----------*
     #     Iteration = |        3 |   DFPT_dim = |       30 |   Diago_dim = |     1142 |
                       *----------*              *----------*               *----------*
       
     --------------------------------------------------------------------------------------------
     Applying projection operator formed by dvg                          
     --------------------------------------------------------------------------------------------
     per-process dynamical memory   219.9 Mb
  
       
     --------------------------------------------------------------------------------------------
     Sternheimer eq. solver... with threshold =   1.000000E-12           
     --------------------------------------------------------------------------------------------
     in progress... |######              | 030% :               00.5s (E)               01.7s (X)
     in progress... |#############       | 065% :               01.0s (E)               01.5s (X)
     in progress... |####################| 100% :               01.5s (E)               01.5s (X)
       
     --------------------------------------------------------------------------------------------
     Applying projection operator formed by dvg                          
     --------------------------------------------------------------------------------------------
     --------------------------------------------------------------------------------------------
     p-DIAGOX done in 00.6s with a SCALAPACK grid (12x12)
     --------------------------------------------------------------------------------------------
        
       -0.03239  -0.03185  -0.03033  -0.03029  -0.03027  -0.03012  -0.03012  -0.02891  -0.02890
       -0.02886  -0.02858  -0.02857  -0.02819  -0.02817  -0.02795  -0.02765  -0.02765  -0.02652
       -0.02624  -0.02623  -0.02569  -0.02568  -0.02425  -0.02424  -0.02381  -0.02378  -0.02364
       -0.02350  -0.02349  -0.02193  -0.02193  -0.02181  -0.02122  -0.02120  -0.02112  -0.02098
       -0.02097  -0.02069  -0.02069  -0.02060  -0.02059  -0.02041  -0.02041  -0.02038  -0.02037
       -0.02031  -0.02031  -0.01980  -0.01979  -0.01975  -0.01975  -0.01950  -0.01950  -0.01897
       -0.01896  -0.01894  -0.01894  -0.01860  -0.01804  -0.01803  -0.01756  -0.01755  -0.01743
       -0.01689  -0.01683  -0.01681  -0.01677  -0.01676  -0.01674  -0.01673  -0.01670  -0.01655
       -0.01653  -0.01621  -0.01621  -0.01592  -0.01592  -0.01565  -0.01565  -0.01533  -0.01521
       -0.01520  -0.01472  -0.01471  -0.01470  -0.01470  -0.01459  -0.01449  -0.01448  -0.01448
       -0.01445  -0.01429  -0.01429  -0.01364  -0.01362  -0.01360  -0.01340  -0.01318  -0.01318
       -0.01297  -0.01297  -0.01267  -0.01266  -0.01265  -0.01265  -0.01248  -0.01244  -0.01238
       -0.01238  -0.01237  -0.01236  -0.01226  -0.01225  -0.01206  -0.01206  -0.01190  -0.01190
       -0.01149  -0.01149  -0.01141  -0.01141  -0.01139  -0.01137  -0.01137  -0.01119  -0.01119
       -0.01105  -0.01105  -0.01105  -0.01104  -0.01097  -0.01097  -0.01068  -0.01067  -0.01043
       -0.01042  -0.01041  -0.01041  -0.01037  -0.01020  -0.01012  -0.01011  -0.01009  -0.01009
       -0.01006  -0.01004  -0.01004  -0.00999  -0.00999  -0.00994  -0.00994  -0.00986  -0.00985
       -0.00983  -0.00982  -0.00962  -0.00955  -0.00954  -0.00945  -0.00945  -0.00943  -0.00943
       -0.00936  -0.00936  -0.00929  -0.00928  -0.00926  -0.00912  -0.00912  -0.00910  -0.00894
       -0.00893  -0.00885  -0.00885  -0.00865  -0.00865  -0.00862  -0.00861  -0.00849  -0.00848
       -0.00835  -0.00832  -0.00832  -0.00817  -0.00815  -0.00815  -0.00800  -0.00800  -0.00797
       -0.00797  -0.00795  -0.00794  -0.00786  -0.00786  -0.00786  -0.00776  -0.00775  -0.00757
       -0.00750  -0.00750  -0.00745  -0.00745  -0.00742  -0.00742  -0.00742  -0.00742  -0.00741
       -0.00741  -0.00740  -0.00739  -0.00731  -0.00731  -0.00720  -0.00720  -0.00719  -0.00719
       -0.00719  -0.00718  -0.00715  -0.00691  -0.00691  -0.00672  -0.00672  -0.00669  -0.00668
       -0.00668  -0.00660  -0.00658  -0.00655  -0.00655  -0.00650  -0.00650  -0.00642  -0.00642
       -0.00639  -0.00639  -0.00634  -0.00632  -0.00630  -0.00630  -0.00629  -0.00629  -0.00628
       -0.00628  -0.00628  -0.00627  -0.00621  -0.00621  -0.00614  -0.00614  -0.00609  -0.00609
       -0.00607  -0.00607  -0.00606  -0.00605  -0.00605  -0.00599  -0.00599  -0.00598  -0.00596
       -0.00596  -0.00593  -0.00593  -0.00589  -0.00588  -0.00586  -0.00586  -0.00581  -0.00580
       -0.00574  -0.00574  -0.00574  -0.00570  -0.00570  -0.00566  -0.00566  -0.00560  -0.00560
       -0.00557  -0.00557  -0.00557  -0.00549  -0.00548  -0.00543  -0.00542  -0.00538  -0.00538
       -0.00520  -0.00519  -0.00512  -0.00510  -0.00510  -0.00509  -0.00509  -0.00507  -0.00507
       -0.00506  -0.00505  -0.00505  -0.00503  -0.00503  -0.00502  -0.00501  -0.00501  -0.00498
       -0.00498  -0.00488  -0.00487  -0.00484  -0.00483  -0.00482  -0.00482  -0.00481  -0.00481
       -0.00474  -0.00474  -0.00470  -0.00470  -0.00468  -0.00468  -0.00465  -0.00465  -0.00464
       -0.00463  -0.00463  -0.00462  -0.00461  -0.00461  -0.00461  -0.00453  -0.00453  -0.00452
       -0.00452  -0.00448  -0.00448  -0.00446  -0.00446  -0.00445  -0.00444  -0.00444  -0.00431
       -0.00431  -0.00429  -0.00428  -0.00425  -0.00419  -0.00419  -0.00418  -0.00418  -0.00412
       -0.00412  -0.00409  -0.00409  -0.00402  -0.00402  -0.00401  -0.00401  -0.00400  -0.00400
       -0.00400  -0.00400  -0.00399  -0.00399  -0.00398  -0.00398  -0.00398  -0.00397  -0.00396
       -0.00395  -0.00395  -0.00394  -0.00394  -0.00394  -0.00393  -0.00393  -0.00389  -0.00389
       -0.00389  -0.00389  -0.00389  -0.00389  -0.00386  -0.00386  -0.00386  -0.00386  -0.00385
       -0.00385  -0.00379  -0.00379  -0.00376  -0.00376  -0.00371  -0.00371  -0.00371  -0.00371
       -0.00369  -0.00369  -0.00365  -0.00365
        
     --------------------------------------------------------------------------------------------
     Tot. elapsed time 06m-33.1s,  time spent in last iteration 09.0s
     --------------------------------------------------------------------------------------------
       
     --------------------------------------------------------------------------------------------
     Convergence achieved !!! in        3 steps                          
     --------------------------------------------------------------------------------------------
      
     --------------------------------------------------------------------------------------------
     Database written in < 00.1s             
     In location : ./co2_100_400.wstat.save
     --------------------------------------------------------------------------------------------
 
     WSTAT        :  7m 1.15s CPU    13m 5.51s WALL

     wstat_readin :      5.74s CPU     40.32s WALL (       1 calls)
     fetch_nml    :      0.00s CPU      0.00s WALL (       1 calls)
     read_xml     :      1.29s CPU      1.48s WALL (       1 calls)
     init_vloc    :      0.11s CPU      0.12s WALL (       2 calls)
     fft          :      0.26s CPU      0.28s WALL (      11 calls)
     fft_scatter  :     43.55s CPU     43.65s WALL (   13145 calls)
     v_of_rho     :      0.29s CPU      0.31s WALL (       1 calls)
     v_xc         :      0.25s CPU      0.27s WALL (       1 calls)
     v_h          :      0.03s CPU      0.04s WALL (       1 calls)
     read_wave    :      4.44s CPU     38.82s WALL (       1 calls)
     davcio       :      0.00s CPU      2.00s WALL (       2 calls)
     init_us_1    :      0.19s CPU      0.19s WALL (       2 calls)
     do_setup     :      0.35s CPU      0.36s WALL (       1 calls)
     init_pw_ar   :      0.35s CPU      0.36s WALL (       1 calls)
     init_at_1    :      0.00s CPU      0.00s WALL (       1 calls)
     storesqvc    :      0.00s CPU      0.00s WALL (       1 calls)
     chidiago     :    207.84s CPU    306.36s WALL (       1 calls)
     randomize    :      1.15s CPU      1.17s WALL (       2 calls)
     paramgs      :     14.44s CPU     14.60s WALL (      11 calls)
     dfpt         :    238.41s CPU    239.60s WALL (      10 calls)
     init_us_2    :      0.04s CPU      0.05s WALL (      10 calls)
     fftw         :    121.18s CPU    121.64s WALL (   13134 calls)
     alphapc      :      0.40s CPU      0.40s WALL (     199 calls)
     wstat_restar :    112.31s CPU    404.28s WALL (       8 calls)
     linstern     :    155.43s CPU    156.07s WALL (     149 calls)
     stern        :    135.23s CPU    135.72s WALL (    4667 calls)
     h_psi_bgrp   :    122.21s CPU    122.70s WALL (    1315 calls)
     h_psi        :    122.20s CPU    122.69s WALL (    1315 calls)
     h_psi:pot    :    121.28s CPU    121.76s WALL (    1315 calls)
     vloc_psi     :    116.47s CPU    116.91s WALL (    1315 calls)
     h_psi:calbec :      3.15s CPU      2.80s WALL (    1315 calls)
     calbec       :      3.14s CPU      2.79s WALL (    1315 calls)
     add_vuspsi   :      1.64s CPU      2.05s WALL (    1315 calls)
     alphapv      :      6.77s CPU      6.77s WALL (    4667 calls)
     build_hr     :      8.30s CPU      8.52s WALL (       8 calls)
     diagox       :      2.36s CPU      2.42s WALL (       8 calls)
     redistr_vr   :      0.31s CPU      0.33s WALL (       6 calls)
     update_vr    :     13.37s CPU     13.71s WALL (       6 calls)
     symm_hr      :      0.31s CPU      0.33s WALL (       6 calls)
     chidiago:las :      0.00s CPU      0.00s WALL (       1 calls)
     refresh_vr   :      4.81s CPU      4.87s WALL (       2 calls)
     pdep_db      :      2.73s CPU      9.21s WALL (       1 calls)
     kinchidiago  :    207.22s CPU    438.44s WALL (       1 calls)
     k_psi        :      1.94s CPU      1.94s WALL (    3352 calls)
     kinchidiago: :      0.00s CPU      0.00s WALL (       1 calls)
     pdep_db_for_ :     10.33s CPU     35.59s WALL (       1 calls)
 
     WSTAT        :  7m 1.15s CPU    13m 5.51s WALL

 
   This run was terminated on:  15: 4:33  12May2018            

=------------------------------------------------------------------------------=
   JOB DONE.
=------------------------------------------------------------------------------=
