
     Program WSTAT v. 2.0.0 starts on  4Jul2018 at 13: 1:47 

     This program is part of the open-source West suite
     for massively parallel calculations of excited states in materials; please cite
         "M. Govoni et al., J. Chem. Theory Comput. 11, 2680 (2015);
          URL http://www.west-code.org", 
     in publications or presentations arising from this work.

     Based on the Quantum ESPRESSO v. 6.1 svn rev. 13369
       
     --------------------------------------------------------------------------------------------
     **MPI** Parallelization Status                                      
     --------------------------------------------------------------------------------------------
                   160                  10             1             1            16
     --------------------------------------------------------------------------------------------
                     N         =         I      X      P      X      B      X      Z
                     ^                   ^             ^             ^             ^
                     |                   |             |             |             |
                   #rnk                  |             |             |             |
                                      #image           |             |             |
                                                     #pool           |             |
                                                                   #bgrp           |
                                                                                 #R&G
     --------------------------------------------------------------------------------------------
     **OPENMP** Parallelization Status
     #thr/rnk               =            1
     --------------------------------------------------------------------------------------------
     #prc = (rnk) * (thr) =          160
     --------------------------------------------------------------------------------------------
       
     --------------------------------------------------------------------------------------------
     I/O Summary : input_west                                            
     --------------------------------------------------------------------------------------------
     qe_prefix      = hcl
     west_prefix    = hcl
     outdir         = ./
     --------------------------------------------------------------------------------------------
       
     --------------------------------------------------------------------------------------------
     I/O Summary : wstat_control                                         
     --------------------------------------------------------------------------------------------
     wstat_calculation              =              S
     n_pdep_eigen                   =             20
     n_kin_pdep_eigen               =            400
     n_lindhard_eigen               =              0
     n_pdep_times                   =              4
     n_pdep_maxiter                 =            100
     n_dfpt_maxiter                 =            250
     n_pdep_read_from_file          =              0
     trev_pdep                      =   1.000000E-03
     trev_pdep_rel                  =   1.000000E-01
     tr2_dfpt                       =   1.000000E-12
     l_kinetic_only                 =              F
     l_minimize_exx_if_active       =              F
     l_use_ecutrho                  =              F
     l_pure_eigen                   =              F
     --------------------------------------------------------------------------------------------

     Reading data from directory:
     ./hcl.save

   Info: using nr1, nr2, nr3 values from input

   Info: using nr1, nr2, nr3 values from input

     IMPORTANT: XC functional enforced from input :
     Exchange-correlation      = PBE ( 1  4  3  4 0 0)
     Any further DFT definition will be discarded
     Please, verify this is what you really want

     Message from routine readpp:
     file ./hcl.save/Cl_ONCV_PBE-1.0.upf not found
     Message from routine readpp:
     file ./hcl.save/H_ONCV_PBE-1.0.upf not found
 
     Parallelization info
     --------------------
     sticks:   dense  smooth     PW     G-vecs:    dense   smooth      PW
     Min        1520    1520    379               178660   178660   22323
     Max        1522    1522    384               178666   178666   22328
     Sum       24345   24345   6093              2858633  2858633  357213
 
       
     --------------------------------------------------------------------------------------------
     System Overview                                                     
     --------------------------------------------------------------------------------------------
     gamma_only           =              T
     ecutwfc [Ry]         =      85.000000
     omega [au^3]         =   2.700000E+04
     glob. #G             =         178607
     nbnd                 =            100
     nkstot               =              1
     nspin                =              1
     nelec                =       8.000000
     npol                 =              1
     lsda                 =              F
     noncolin             =              F
     lspinorb             =              F
     domag                =              F
     --------------------------------------------------------------------------------------------

     sFFT G-space:  1429317 G-vectors     R-space: ( 180, 180, 180)
     dFFT G-space:  1429317 G-vectors     R-space: ( 180, 180, 180)

     Cell [a.u.]          =      30.000000      0.000000      0.000000
                          =       0.000000     30.000000      0.000000
                          =       0.000000      0.000000     30.000000
      
     number of ks points=     1
                       cart. coord. in units 2pi/alat
        k(    1) = (   0.0000000   0.0000000   0.0000000), wk =   2.0000000

                       cryst. coord.
        k(    1) = (   0.0000000   0.0000000   0.0000000), wk =   2.0000000
 
     Spherical div        =   1.654268E-01
     Orthorombic div      =   1.628502E-01
       
     --------------------------------------------------------------------------------------------
     Parallelization for nvecx                                           
     --------------------------------------------------------------------------------------------
     nglob                =             80
     nlevel               =             10
     Min nglob/nlevel     =              8
     Max nglob/nlevel     =              8
     --------------------------------------------------------------------------------------------

     [MEM] ----------------------------------------------------------
     [MEM] **Memory** analysis: QE
     [MEM] ----------------------------------------------------------
     [MEM] Allocated arrays           est. size (Mb)     dimensions
     [MEM] ----------------------------------------------------------
     [MEM] Kohn-Sham Wavefunctions      17.03 Mb     (  11164,  100)
     [MEM] NL pseudopotentials           1.70 Mb     (  11164,   10)
     [MEM] Each V/rho on FFT grid        5.93 Mb     ( 388800)
     [MEM] Each G-vector array           0.68 Mb     (  89333)
     [MEM] G-vector shells               0.05 Mb     (   6125)
     [MEM] ----------------------------------------------------------
     [MEM] TOT                          25.40 Mb
     [MEM] ----------------------------------------------------------
     [MEM] 
     [MEM] ----------------------------------------------------------
     [MEM] **Memory** analysis: WSTAT global
     [MEM] ----------------------------------------------------------
     [MEM] Allocated arrays           est. size (Mb)     dimensions
     [MEM] ----------------------------------------------------------
     [MEM] dvg                           1.36 Mb     (  11164,    8)
     [MEM] dng                           1.36 Mb     (  11164,    8)
     [MEM] hr_distr                      0.00 Mb     (     80,    8)
     [MEM] vr_distr                      0.00 Mb     (     80,    8)
     [MEM] ----------------------------------------------------------
     [MEM] TOT                           2.74 Mb
     [MEM] ----------------------------------------------------------
     [MEM] 
     [MEM] ----------------------------------------------------------
     [MEM] **Memory** analysis: WSTAT temporary
     [MEM] ----------------------------------------------------------
     [MEM] Allocated arrays           est. size (Mb)     dimensions
     [MEM] ----------------------------------------------------------
     [MEM] dvpsi                         0.68 Mb     (  11164,    4)
     [MEM] dpsi                          0.68 Mb     (  11164,    4)
     [MEM] ----------------------------------------------------------
     [MEM] Total estimate                1.36 Mb
     [MEM] ----------------------------------------------------------

                       *----------*              *----------*               *----------*
     #     Iteration = | starting |   DFPT_dim = |       20 |   Diago_dim = |       20 |  x 1/2
                       *----------*              *----------*               *----------*
     per-process dynamical memory   113.7 Mb
  
       
     --------------------------------------------------------------------------------------------
     Sternheimer eq. solver... with lite-solver                          
     --------------------------------------------------------------------------------------------
     in progress... |##########          | 050% :               00.1s (E)               00.3s (X)
     in progress... |####################| 100% :               00.3s (E)               00.3s (X)
     --------------------------------------------------------------------------------------------

     [I/O] -------------------------------------------------------
     [I/O] RESTART written in < 00.1s             
     [I/O] In location   : ./hcl_20_400.wstat.restart
     [I/O] -------------------------------------------------------

                       *----------*              *----------*               *----------*
     #     Iteration = | starting |   DFPT_dim = |       20 |   Diago_dim = |       20 |  x 2/2
                       *----------*              *----------*               *----------*
     per-process dynamical memory   113.7 Mb
  
       
     --------------------------------------------------------------------------------------------
     Sternheimer eq. solver... with threshold =   1.000000E-06           
     --------------------------------------------------------------------------------------------
     in progress... |##########          | 050% :               01.4s (E)               02.9s (X)
     in progress... |####################| 100% :               02.9s (E)               02.9s (X)
     --------------------------------------------------------------------------------------------
     p-DIAGOX done in < 00.1s with a SCALAPACK grid (2x2)
     --------------------------------------------------------------------------------------------
        
       -1.63583  -1.29241  -1.27234  -0.80648  -0.41119  -0.38603  -0.36205  -0.31979  -0.31660
       -0.29721  -0.27799  -0.25820  -0.24007  -0.22120  -0.20573  -0.17674  -0.15727  -0.12804
       -0.10597  -0.03658
        
     --------------------------------------------------------------------------------------------
     Tot. elapsed time 08.1s,  time spent in last iteration 08.1s
     --------------------------------------------------------------------------------------------

     [I/O] -------------------------------------------------------
     [I/O] RESTART written in < 00.1s             
     [I/O] In location   : ./hcl_20_400.wstat.restart
     [I/O] -------------------------------------------------------

                       *----------*              *----------*               *----------*
     #     Iteration = |        1 |   DFPT_dim = |       20 |   Diago_dim = |       40 |
                       *----------*              *----------*               *----------*
     per-process dynamical memory   113.7 Mb
  
       
     --------------------------------------------------------------------------------------------
     Sternheimer eq. solver... with threshold =   1.000000E-12           
     --------------------------------------------------------------------------------------------
     in progress... |##########          | 050% :               02.3s (E)               04.6s (X)
     in progress... |####################| 100% :               04.5s (E)               04.5s (X)
     --------------------------------------------------------------------------------------------
     p-DIAGOX done in < 00.1s with a SCALAPACK grid (2x2)
     --------------------------------------------------------------------------------------------
        
       -1.73978  -1.34554  -1.34545  -1.31009  -0.61788  -0.49566  -0.49088  -0.43139  -0.41144
       -0.40971  -0.39882  -0.39278  -0.32494  -0.31339  -0.30482  -0.30177  -0.28664  -0.28018
       -0.25817  -0.20136
        
     --------------------------------------------------------------------------------------------
     Tot. elapsed time 17.3s,  time spent in last iteration 05.4s
     --------------------------------------------------------------------------------------------

     [I/O] -------------------------------------------------------
     [I/O] RESTART written in < 00.1s             
     [I/O] In location   : ./hcl_20_400.wstat.restart
     [I/O] -------------------------------------------------------

                       *----------*              *----------*               *----------*
     #     Iteration = |        2 |   DFPT_dim = |       20 |   Diago_dim = |       60 |
                       *----------*              *----------*               *----------*
     per-process dynamical memory   113.7 Mb
  
       
     --------------------------------------------------------------------------------------------
     Sternheimer eq. solver... with threshold =   1.000000E-12           
     --------------------------------------------------------------------------------------------
     in progress... |##########          | 050% :               02.2s (E)               04.5s (X)
     in progress... |####################| 100% :               04.5s (E)               04.5s (X)
     --------------------------------------------------------------------------------------------
     p-DIAGOX done in < 00.1s with a SCALAPACK grid (2x2)
     --------------------------------------------------------------------------------------------
        
       -1.74016  -1.34566  -1.34565  -1.31392  -0.62332  -0.49880  -0.49877  -0.43745  -0.41252
       -0.41251  -0.40272  -0.40271  -0.33827  -0.31664  -0.31601  -0.30691  -0.30662  -0.28776
       -0.28748  -0.20908
        
     --------------------------------------------------------------------------------------------
     Tot. elapsed time 30.4s,  time spent in last iteration 05.4s
     --------------------------------------------------------------------------------------------

     [I/O] -------------------------------------------------------
     [I/O] RESTART written in < 00.1s             
     [I/O] In location   : ./hcl_20_400.wstat.restart
     [I/O] -------------------------------------------------------

                       *----------*              *----------*               *----------*
     #     Iteration = |        3 |   DFPT_dim = |       17 |   Diago_dim = |       77 |
                       *----------*              *----------*               *----------*
     per-process dynamical memory   113.7 Mb
  
       
     --------------------------------------------------------------------------------------------
     Sternheimer eq. solver... with threshold =   1.000000E-12           
     --------------------------------------------------------------------------------------------
     in progress... |##########          | 050% :               02.2s (E)               04.4s (X)
     in progress... |####################| 100% :               04.5s (E)               04.5s (X)
     --------------------------------------------------------------------------------------------
     p-DIAGOX done in < 00.1s with a SCALAPACK grid (2x2)
     --------------------------------------------------------------------------------------------
        
       -1.74016  -1.34566  -1.34565  -1.31392  -0.62334  -0.49881  -0.49881  -0.43750  -0.41253
       -0.41253  -0.40274  -0.40273  -0.33863  -0.31667  -0.31667  -0.30694  -0.30694  -0.28781
       -0.28781  -0.20936
        
     --------------------------------------------------------------------------------------------
     Tot. elapsed time 47.6s,  time spent in last iteration 05.4s
     --------------------------------------------------------------------------------------------
      
     --------------------------------------------------------------------------------------------
     Database written in 02.1s               
     In location : ./hcl_20_400.wstat.save
     --------------------------------------------------------------------------------------------
       
     --------------------------------------------------------------------------------------------
     Convergence achieved !!! in        3 steps                          
     --------------------------------------------------------------------------------------------
       
     --------------------------------------------------------------------------------------------
     ** Now compute kinetic eigenpotentials **                           
     --------------------------------------------------------------------------------------------
       
     --------------------------------------------------------------------------------------------
     Parallelization for newnvecx                                        
     --------------------------------------------------------------------------------------------
     nglob                =           1600
     nlevel               =             10
     Min nglob/nlevel     =            160
     Max nglob/nlevel     =            160
     --------------------------------------------------------------------------------------------
       
     --------------------------------------------------------------------------------------------
     Parallelization for merge_nvecx                                     
     --------------------------------------------------------------------------------------------
     nglob                =           1680
     nlevel               =             10
     Min nglob/nlevel     =            168
     Max nglob/nlevel     =            168
     --------------------------------------------------------------------------------------------

                       *----------*              *----------*               *----------*
     #     Iteration = | starting |   DFPT_dim = |      400 |   Diago_dim = |      400 |  x 1/2
                       *----------*              *----------*               *----------*
       
     --------------------------------------------------------------------------------------------
     Applying projection operator formed by dvg                          
     --------------------------------------------------------------------------------------------
     per-process dynamical memory   211.2 Mb
  
       
     --------------------------------------------------------------------------------------------
     Sternheimer eq. solver... with lite-solver                          
     --------------------------------------------------------------------------------------------
     in progress... |#                   | 005% :               00.3s (E)               06.0s (X)
     in progress... |##                  | 010% :               00.6s (E)               06.0s (X)
     in progress... |###                 | 015% :               00.9s (E)               06.0s (X)
     in progress... |####                | 020% :               01.2s (E)               06.0s (X)
     in progress... |#####               | 025% :               01.5s (E)               06.0s (X)
     in progress... |######              | 030% :               01.8s (E)               06.0s (X)
     in progress... |#######             | 035% :               02.1s (E)               06.0s (X)
     in progress... |########            | 040% :               02.4s (E)               06.0s (X)
     in progress... |#########           | 045% :               02.7s (E)               06.0s (X)
     in progress... |##########          | 050% :               03.0s (E)               06.0s (X)
     in progress... |###########         | 055% :               03.3s (E)               06.0s (X)
     in progress... |############        | 060% :               03.6s (E)               06.0s (X)
     in progress... |#############       | 065% :               03.9s (E)               06.0s (X)
     in progress... |##############      | 070% :               04.2s (E)               06.0s (X)
     in progress... |###############     | 075% :               04.5s (E)               06.0s (X)
     in progress... |################    | 080% :               04.8s (E)               06.0s (X)
     in progress... |#################   | 085% :               05.1s (E)               06.0s (X)
     in progress... |##################  | 090% :               05.4s (E)               06.0s (X)
     in progress... |################### | 095% :               05.7s (E)               06.0s (X)
     in progress... |####################| 100% :               06.0s (E)               06.0s (X)
       
     --------------------------------------------------------------------------------------------
     Applying projection operator formed by dvg                          
     --------------------------------------------------------------------------------------------
     --------------------------------------------------------------------------------------------

     [I/O] -------------------------------------------------------
     [I/O] RESTART written in < 00.1s             
     [I/O] In location   : ./hcl_20_400.wstat.restart
     [I/O] -------------------------------------------------------

                       *----------*              *----------*               *----------*
     #     Iteration = | starting |   DFPT_dim = |      400 |   Diago_dim = |      400 |  x 2/2
                       *----------*              *----------*               *----------*
       
     --------------------------------------------------------------------------------------------
     Applying projection operator formed by dvg                          
     --------------------------------------------------------------------------------------------
     per-process dynamical memory   211.2 Mb
  
       
     --------------------------------------------------------------------------------------------
     Sternheimer eq. solver... with threshold =   1.000000E-06           
     --------------------------------------------------------------------------------------------
     in progress... |#                   | 005% :               00.3s (E)               07.8s (X)
     in progress... |##                  | 010% :               00.7s (E)               07.8s (X)
     in progress... |###                 | 015% :               01.1s (E)               07.8s (X)
     in progress... |####                | 020% :               01.5s (E)               07.8s (X)
     in progress... |#####               | 025% :               01.9s (E)               07.7s (X)
     in progress... |######              | 030% :               02.3s (E)               07.7s (X)
     in progress... |#######             | 035% :               02.7s (E)               07.7s (X)
     in progress... |########            | 040% :               03.1s (E)               07.7s (X)
     in progress... |#########           | 045% :               03.4s (E)               07.7s (X)
     in progress... |##########          | 050% :               03.8s (E)               07.7s (X)
     in progress... |###########         | 055% :               04.2s (E)               07.7s (X)
     in progress... |############        | 060% :               04.6s (E)               07.7s (X)
     in progress... |#############       | 065% :               05.0s (E)               07.7s (X)
     in progress... |##############      | 070% :               05.3s (E)               07.7s (X)
     in progress... |###############     | 075% :               05.7s (E)               07.6s (X)
     in progress... |################    | 080% :               06.1s (E)               07.6s (X)
     in progress... |#################   | 085% :               06.5s (E)               07.6s (X)
     in progress... |##################  | 090% :               06.9s (E)               07.6s (X)
     in progress... |################### | 095% :               07.2s (E)               07.6s (X)
     in progress... |####################| 100% :               07.6s (E)               07.6s (X)
       
     --------------------------------------------------------------------------------------------
     Applying projection operator formed by dvg                          
     --------------------------------------------------------------------------------------------
     --------------------------------------------------------------------------------------------
     p-DIAGOX done in 00.3s with a SCALAPACK grid (12x12)
     --------------------------------------------------------------------------------------------
        
       -0.11995  -0.11361  -0.11322  -0.11250  -0.11242  -0.08576  -0.08088  -0.08079  -0.07419
       -0.07247  -0.07226  -0.07058  -0.07032  -0.06859  -0.06847  -0.06830  -0.06800  -0.05919
       -0.05796  -0.05772  -0.05544  -0.05510  -0.05370  -0.05323  -0.05068  -0.04502  -0.04158
       -0.04155  -0.04105  -0.03865  -0.03855  -0.03795  -0.03772  -0.03644  -0.03630  -0.03533
       -0.03530  -0.03524  -0.03517  -0.03439  -0.03436  -0.03286  -0.03111  -0.03108  -0.02984
       -0.02909  -0.02904  -0.02844  -0.02836  -0.02773  -0.02757  -0.02663  -0.02644  -0.02503
       -0.02433  -0.02426  -0.02310  -0.02288  -0.02284  -0.02250  -0.02243  -0.02217  -0.02213
       -0.02179  -0.02169  -0.02029  -0.02023  -0.02010  -0.01932  -0.01930  -0.01900  -0.01897
       -0.01879  -0.01874  -0.01859  -0.01811  -0.01802  -0.01728  -0.01723  -0.01712  -0.01679
       -0.01666  -0.01625  -0.01619  -0.01610  -0.01606  -0.01601  -0.01585  -0.01575  -0.01562
       -0.01525  -0.01440  -0.01433  -0.01402  -0.01361  -0.01357  -0.01342  -0.01333  -0.01317
       -0.01309  -0.01295  -0.01291  -0.01286  -0.01269  -0.01247  -0.01218  -0.01205  -0.01183
       -0.01168  -0.01146  -0.01137  -0.01132  -0.01116  -0.01109  -0.01106  -0.01097  -0.01086
       -0.01083  -0.01077  -0.01066  -0.01057  -0.01048  -0.01046  -0.01039  -0.01033  -0.01016
       -0.00997  -0.00989  -0.00984  -0.00968  -0.00954  -0.00942  -0.00941  -0.00932  -0.00909
       -0.00906  -0.00902  -0.00891  -0.00874  -0.00864  -0.00854  -0.00837  -0.00830  -0.00817
       -0.00815  -0.00801  -0.00795  -0.00786  -0.00782  -0.00771  -0.00768  -0.00762  -0.00758
       -0.00755  -0.00746  -0.00741  -0.00736  -0.00733  -0.00729  -0.00722  -0.00715  -0.00703
       -0.00694  -0.00688  -0.00682  -0.00674  -0.00665  -0.00654  -0.00653  -0.00647  -0.00644
       -0.00638  -0.00632  -0.00626  -0.00624  -0.00617  -0.00616  -0.00612  -0.00607  -0.00605
       -0.00597  -0.00596  -0.00589  -0.00582  -0.00580  -0.00571  -0.00569  -0.00560  -0.00556
       -0.00550  -0.00547  -0.00543  -0.00543  -0.00535  -0.00527  -0.00524  -0.00518  -0.00515
       -0.00511  -0.00506  -0.00504  -0.00498  -0.00489  -0.00487  -0.00485  -0.00479  -0.00477
       -0.00471  -0.00468  -0.00466  -0.00462  -0.00460  -0.00454  -0.00450  -0.00449  -0.00445
       -0.00442  -0.00435  -0.00434  -0.00432  -0.00428  -0.00423  -0.00421  -0.00417  -0.00410
       -0.00405  -0.00403  -0.00399  -0.00398  -0.00396  -0.00391  -0.00385  -0.00384  -0.00383
       -0.00381  -0.00374  -0.00371  -0.00368  -0.00364  -0.00362  -0.00361  -0.00358  -0.00356
       -0.00352  -0.00349  -0.00348  -0.00343  -0.00340  -0.00339  -0.00336  -0.00335  -0.00328
       -0.00326  -0.00325  -0.00320  -0.00320  -0.00318  -0.00315  -0.00312  -0.00307  -0.00305
       -0.00304  -0.00302  -0.00297  -0.00296  -0.00293  -0.00290  -0.00290  -0.00286  -0.00285
       -0.00282  -0.00281  -0.00278  -0.00274  -0.00274  -0.00271  -0.00270  -0.00268  -0.00266
       -0.00263  -0.00261  -0.00259  -0.00258  -0.00255  -0.00253  -0.00251  -0.00249  -0.00244
       -0.00243  -0.00241  -0.00238  -0.00237  -0.00234  -0.00232  -0.00230  -0.00229  -0.00228
       -0.00226  -0.00225  -0.00222  -0.00221  -0.00220  -0.00217  -0.00216  -0.00214  -0.00213
       -0.00210  -0.00209  -0.00206  -0.00205  -0.00203  -0.00202  -0.00199  -0.00198  -0.00197
       -0.00195  -0.00191  -0.00190  -0.00188  -0.00188  -0.00188  -0.00185  -0.00182  -0.00181
       -0.00179  -0.00177  -0.00176  -0.00175  -0.00172  -0.00171  -0.00169  -0.00168  -0.00167
       -0.00166  -0.00162  -0.00161  -0.00160  -0.00159  -0.00157  -0.00155  -0.00154  -0.00152
       -0.00150  -0.00149  -0.00147  -0.00144  -0.00144  -0.00141  -0.00140  -0.00139  -0.00138
       -0.00137  -0.00135  -0.00134  -0.00131  -0.00131  -0.00129  -0.00129  -0.00128  -0.00126
       -0.00124  -0.00123  -0.00121  -0.00121  -0.00119  -0.00118  -0.00117  -0.00113  -0.00113
       -0.00111  -0.00111  -0.00109  -0.00107  -0.00107  -0.00106  -0.00105  -0.00104  -0.00103
       -0.00102  -0.00101  -0.00099  -0.00096  -0.00095  -0.00095  -0.00092  -0.00091  -0.00089
       -0.00088  -0.00088  -0.00086  -0.00084  -0.00082  -0.00082  -0.00080  -0.00080  -0.00077
       -0.00076  -0.00074  -0.00071  -0.00068
        
     --------------------------------------------------------------------------------------------
     Tot. elapsed time 36.1s,  time spent in last iteration 36.1s
     --------------------------------------------------------------------------------------------

     [I/O] -------------------------------------------------------
     [I/O] RESTART written in < 00.1s             
     [I/O] In location   : ./hcl_20_400.wstat.restart
     [I/O] -------------------------------------------------------

                       *----------*              *----------*               *----------*
     #     Iteration = |        1 |   DFPT_dim = |      400 |   Diago_dim = |      800 |
                       *----------*              *----------*               *----------*
       
     --------------------------------------------------------------------------------------------
     Applying projection operator formed by dvg                          
     --------------------------------------------------------------------------------------------
     per-process dynamical memory   197.3 Mb
  
       
     --------------------------------------------------------------------------------------------
     Sternheimer eq. solver... with threshold =   1.000000E-12           
     --------------------------------------------------------------------------------------------
     in progress... |#                   | 005% :               00.4s (E)               09.0s (X)
     in progress... |##                  | 010% :               00.8s (E)               08.9s (X)
     in progress... |###                 | 015% :               01.3s (E)               08.9s (X)
     in progress... |####                | 020% :               01.7s (E)               08.9s (X)
     in progress... |#####               | 025% :               02.2s (E)               08.9s (X)
     in progress... |######              | 030% :               02.6s (E)               08.9s (X)
     in progress... |#######             | 035% :               03.1s (E)               08.9s (X)
     in progress... |########            | 040% :               03.5s (E)               08.9s (X)
     in progress... |#########           | 045% :               04.0s (E)               08.9s (X)
     in progress... |##########          | 050% :               04.4s (E)               08.9s (X)
     in progress... |###########         | 055% :               04.9s (E)               08.9s (X)
     in progress... |############        | 060% :               05.3s (E)               08.9s (X)
     in progress... |#############       | 065% :               05.8s (E)               08.9s (X)
     in progress... |##############      | 070% :               06.2s (E)               08.9s (X)
     in progress... |###############     | 075% :               06.6s (E)               08.9s (X)
     in progress... |################    | 080% :               07.1s (E)               08.9s (X)
     in progress... |#################   | 085% :               07.5s (E)               08.8s (X)
     in progress... |##################  | 090% :               08.0s (E)               08.8s (X)
     in progress... |################### | 095% :               08.4s (E)               08.8s (X)
     in progress... |####################| 100% :               08.8s (E)               08.8s (X)
       
     --------------------------------------------------------------------------------------------
     Applying projection operator formed by dvg                          
     --------------------------------------------------------------------------------------------
     --------------------------------------------------------------------------------------------
     p-DIAGOX done in 00.4s with a SCALAPACK grid (12x12)
     --------------------------------------------------------------------------------------------
        
       -0.11999  -0.11361  -0.11323  -0.11251  -0.11243  -0.08597  -0.08090  -0.08082  -0.07425
       -0.07250  -0.07229  -0.07061  -0.07035  -0.06862  -0.06850  -0.06833  -0.06803  -0.05941
       -0.05800  -0.05777  -0.05547  -0.05513  -0.05374  -0.05326  -0.05203  -0.04541  -0.04166
       -0.04166  -0.04127  -0.03876  -0.03865  -0.03810  -0.03786  -0.03655  -0.03641  -0.03543
       -0.03543  -0.03536  -0.03533  -0.03452  -0.03449  -0.03311  -0.03130  -0.03126  -0.03018
       -0.02928  -0.02924  -0.02868  -0.02855  -0.02791  -0.02779  -0.02688  -0.02673  -0.02531
       -0.02463  -0.02457  -0.02340  -0.02315  -0.02312  -0.02278  -0.02271  -0.02246  -0.02239
       -0.02205  -0.02202  -0.02071  -0.02054  -0.02047  -0.01957  -0.01955  -0.01936  -0.01933
       -0.01916  -0.01913  -0.01905  -0.01852  -0.01847  -0.01780  -0.01767  -0.01761  -0.01730
       -0.01728  -0.01684  -0.01677  -0.01656  -0.01655  -0.01650  -0.01649  -0.01615  -0.01613
       -0.01582  -0.01494  -0.01492  -0.01463  -0.01409  -0.01409  -0.01403  -0.01399  -0.01381
       -0.01362  -0.01357  -0.01356  -0.01355  -0.01327  -0.01321  -0.01275  -0.01274  -0.01261
       -0.01257  -0.01210  -0.01192  -0.01191  -0.01190  -0.01190  -0.01167  -0.01166  -0.01156
       -0.01147  -0.01146  -0.01143  -0.01142  -0.01127  -0.01127  -0.01112  -0.01111  -0.01096
       -0.01093  -0.01073  -0.01072  -0.01057  -0.01050  -0.01048  -0.01017  -0.01016  -0.01001
       -0.01001  -0.00993  -0.00992  -0.00979  -0.00966  -0.00964  -0.00939  -0.00922  -0.00921
       -0.00908  -0.00907  -0.00892  -0.00877  -0.00876  -0.00874  -0.00874  -0.00865  -0.00865
       -0.00862  -0.00861  -0.00847  -0.00844  -0.00843  -0.00842  -0.00835  -0.00830  -0.00829
       -0.00781  -0.00779  -0.00778  -0.00778  -0.00770  -0.00745  -0.00743  -0.00742  -0.00741
       -0.00738  -0.00738  -0.00735  -0.00734  -0.00725  -0.00723  -0.00722  -0.00721  -0.00721
       -0.00721  -0.00720  -0.00719  -0.00718  -0.00703  -0.00701  -0.00693  -0.00693  -0.00670
       -0.00669  -0.00660  -0.00660  -0.00656  -0.00653  -0.00652  -0.00649  -0.00648  -0.00639
       -0.00639  -0.00638  -0.00636  -0.00634  -0.00620  -0.00619  -0.00618  -0.00618  -0.00602
       -0.00595  -0.00594  -0.00590  -0.00589  -0.00585  -0.00584  -0.00582  -0.00581  -0.00576
       -0.00576  -0.00572  -0.00568  -0.00568  -0.00559  -0.00558  -0.00557  -0.00557  -0.00553
       -0.00552  -0.00543  -0.00537  -0.00534  -0.00528  -0.00526  -0.00515  -0.00512  -0.00507
       -0.00506  -0.00504  -0.00497  -0.00496  -0.00490  -0.00489  -0.00485  -0.00484  -0.00484
       -0.00483  -0.00482  -0.00480  -0.00480  -0.00478  -0.00477  -0.00476  -0.00475  -0.00473
       -0.00472  -0.00471  -0.00469  -0.00469  -0.00467  -0.00466  -0.00466  -0.00465  -0.00464
       -0.00460  -0.00449  -0.00446  -0.00442  -0.00440  -0.00439  -0.00431  -0.00430  -0.00430
       -0.00426  -0.00424  -0.00423  -0.00421  -0.00420  -0.00418  -0.00417  -0.00416  -0.00416
       -0.00410  -0.00409  -0.00406  -0.00405  -0.00404  -0.00401  -0.00399  -0.00398  -0.00397
       -0.00396  -0.00393  -0.00391  -0.00389  -0.00385  -0.00382  -0.00380  -0.00379  -0.00377
       -0.00376  -0.00376  -0.00375  -0.00373  -0.00371  -0.00368  -0.00367  -0.00366  -0.00363
       -0.00361  -0.00359  -0.00356  -0.00354  -0.00352  -0.00350  -0.00350  -0.00347  -0.00346
       -0.00341  -0.00338  -0.00338  -0.00336  -0.00334  -0.00333  -0.00331  -0.00330  -0.00328
       -0.00327  -0.00326  -0.00324  -0.00323  -0.00322  -0.00321  -0.00320  -0.00319  -0.00318
       -0.00317  -0.00316  -0.00315  -0.00313  -0.00312  -0.00311  -0.00310  -0.00310  -0.00307
       -0.00305  -0.00305  -0.00304  -0.00303  -0.00301  -0.00301  -0.00298  -0.00297  -0.00295
       -0.00292  -0.00291  -0.00291  -0.00289  -0.00289  -0.00286  -0.00285  -0.00282  -0.00281
       -0.00280  -0.00279  -0.00278  -0.00277  -0.00275  -0.00274  -0.00273  -0.00272  -0.00270
       -0.00269  -0.00269  -0.00268  -0.00266  -0.00265  -0.00264  -0.00263  -0.00262  -0.00261
       -0.00260  -0.00259  -0.00258  -0.00258  -0.00256  -0.00254  -0.00253  -0.00251  -0.00251
       -0.00250  -0.00249  -0.00248  -0.00245  -0.00245  -0.00244  -0.00242  -0.00241  -0.00241
       -0.00239  -0.00237  -0.00236  -0.00235
        
     --------------------------------------------------------------------------------------------
     Tot. elapsed time 01m-11.1s,  time spent in last iteration 20.3s
     --------------------------------------------------------------------------------------------

     [I/O] -------------------------------------------------------
     [I/O] RESTART written in < 00.1s             
     [I/O] In location   : ./hcl_20_400.wstat.restart
     [I/O] -------------------------------------------------------

                       *----------*              *----------*               *----------*
     #     Iteration = |        2 |   DFPT_dim = |      268 |   Diago_dim = |     1068 |
                       *----------*              *----------*               *----------*
       
     --------------------------------------------------------------------------------------------
     Applying projection operator formed by dvg                          
     --------------------------------------------------------------------------------------------
     per-process dynamical memory   197.2 Mb
  
       
     --------------------------------------------------------------------------------------------
     Sternheimer eq. solver... with threshold =   1.000000E-12           
     --------------------------------------------------------------------------------------------
     in progress... |#                   | 005% :               00.4s (E)               08.8s (X)
     in progress... |##                  | 010% :               00.6s (E)               06.6s (X)
     in progress... |###                 | 015% :               01.1s (E)               07.3s (X)
     in progress... |####                | 020% :               01.3s (E)               06.6s (X)
     in progress... |#####               | 025% :               01.5s (E)               06.2s (X)
     in progress... |######              | 030% :               01.9s (E)               06.6s (X)
     in progress... |#######             | 035% :               02.2s (E)               06.3s (X)
     in progress... |########            | 040% :               02.4s (E)               06.0s (X)
     in progress... |#########           | 045% :               02.8s (E)               06.3s (X)
     in progress... |##########          | 050% :               03.0s (E)               06.1s (X)
     in progress... |###########         | 055% :               03.3s (E)               06.0s (X)
     in progress... |############        | 060% :               03.7s (E)               06.2s (X)
     in progress... |#############       | 065% :               03.9s (E)               06.1s (X)
     in progress... |##############      | 070% :               04.2s (E)               06.0s (X)
     in progress... |###############     | 075% :               04.6s (E)               06.1s (X)
     in progress... |################    | 080% :               04.8s (E)               06.0s (X)
     in progress... |#################   | 085% :               05.0s (E)               05.9s (X)
     in progress... |##################  | 090% :               05.5s (E)               06.1s (X)
     in progress... |################### | 095% :               05.7s (E)               06.0s (X)
     in progress... |####################| 100% :               05.9s (E)               05.9s (X)
       
     --------------------------------------------------------------------------------------------
     Applying projection operator formed by dvg                          
     --------------------------------------------------------------------------------------------
     --------------------------------------------------------------------------------------------
     p-DIAGOX done in 00.6s with a SCALAPACK grid (12x12)
     --------------------------------------------------------------------------------------------
        
       -0.11999  -0.11361  -0.11323  -0.11251  -0.11243  -0.08597  -0.08090  -0.08082  -0.07425
       -0.07250  -0.07229  -0.07061  -0.07035  -0.06862  -0.06850  -0.06833  -0.06803  -0.05941
       -0.05800  -0.05777  -0.05547  -0.05513  -0.05374  -0.05326  -0.05203  -0.04541  -0.04166
       -0.04166  -0.04127  -0.03876  -0.03865  -0.03810  -0.03786  -0.03655  -0.03641  -0.03543
       -0.03543  -0.03536  -0.03533  -0.03452  -0.03449  -0.03311  -0.03130  -0.03126  -0.03018
       -0.02928  -0.02924  -0.02868  -0.02855  -0.02791  -0.02779  -0.02688  -0.02673  -0.02531
       -0.02463  -0.02457  -0.02340  -0.02315  -0.02312  -0.02278  -0.02271  -0.02246  -0.02239
       -0.02205  -0.02202  -0.02071  -0.02054  -0.02048  -0.01957  -0.01955  -0.01936  -0.01933
       -0.01916  -0.01913  -0.01905  -0.01853  -0.01847  -0.01780  -0.01767  -0.01761  -0.01731
       -0.01728  -0.01684  -0.01677  -0.01656  -0.01655  -0.01651  -0.01649  -0.01615  -0.01613
       -0.01583  -0.01494  -0.01492  -0.01463  -0.01409  -0.01409  -0.01403  -0.01400  -0.01381
       -0.01362  -0.01357  -0.01356  -0.01356  -0.01327  -0.01321  -0.01276  -0.01274  -0.01261
       -0.01257  -0.01210  -0.01193  -0.01191  -0.01191  -0.01190  -0.01167  -0.01166  -0.01156
       -0.01147  -0.01146  -0.01143  -0.01142  -0.01128  -0.01127  -0.01112  -0.01111  -0.01097
       -0.01093  -0.01074  -0.01073  -0.01058  -0.01050  -0.01049  -0.01017  -0.01016  -0.01002
       -0.01002  -0.00994  -0.00994  -0.00980  -0.00967  -0.00965  -0.00940  -0.00924  -0.00922
       -0.00909  -0.00908  -0.00894  -0.00879  -0.00878  -0.00875  -0.00875  -0.00867  -0.00866
       -0.00864  -0.00863  -0.00848  -0.00846  -0.00844  -0.00844  -0.00837  -0.00831  -0.00830
       -0.00782  -0.00781  -0.00780  -0.00779  -0.00773  -0.00747  -0.00746  -0.00745  -0.00744
       -0.00740  -0.00740  -0.00737  -0.00737  -0.00729  -0.00725  -0.00725  -0.00724  -0.00723
       -0.00723  -0.00722  -0.00722  -0.00721  -0.00706  -0.00704  -0.00696  -0.00696  -0.00674
       -0.00673  -0.00664  -0.00663  -0.00660  -0.00656  -0.00656  -0.00653  -0.00652  -0.00643
       -0.00642  -0.00642  -0.00642  -0.00640  -0.00624  -0.00623  -0.00623  -0.00623  -0.00606
       -0.00600  -0.00599  -0.00595  -0.00594  -0.00589  -0.00589  -0.00588  -0.00587  -0.00583
       -0.00581  -0.00579  -0.00574  -0.00573  -0.00564  -0.00563  -0.00562  -0.00562  -0.00560
       -0.00559  -0.00549  -0.00543  -0.00542  -0.00532  -0.00532  -0.00522  -0.00522  -0.00515
       -0.00515  -0.00514  -0.00503  -0.00503  -0.00497  -0.00497  -0.00493  -0.00493  -0.00492
       -0.00491  -0.00491  -0.00490  -0.00488  -0.00487  -0.00487  -0.00484  -0.00484  -0.00480
       -0.00479  -0.00479  -0.00479  -0.00479  -0.00479  -0.00478  -0.00477  -0.00477  -0.00473
       -0.00472  -0.00458  -0.00458  -0.00454  -0.00452  -0.00451  -0.00440  -0.00440  -0.00439
       -0.00439  -0.00437  -0.00437  -0.00433  -0.00433  -0.00431  -0.00431  -0.00430  -0.00430
       -0.00426  -0.00422  -0.00422  -0.00415  -0.00415  -0.00415  -0.00415  -0.00414  -0.00414
       -0.00413  -0.00407  -0.00407  -0.00403  -0.00402  -0.00395  -0.00394  -0.00394  -0.00394
       -0.00393  -0.00392  -0.00391  -0.00390  -0.00390  -0.00382  -0.00382  -0.00382  -0.00381
       -0.00380  -0.00380  -0.00378  -0.00374  -0.00374  -0.00369  -0.00369  -0.00366  -0.00365
       -0.00355  -0.00355  -0.00354  -0.00352  -0.00352  -0.00351  -0.00351  -0.00349  -0.00349
       -0.00342  -0.00342  -0.00341  -0.00340  -0.00340  -0.00340  -0.00339  -0.00339  -0.00338
       -0.00337  -0.00337  -0.00335  -0.00334  -0.00334  -0.00333  -0.00332  -0.00332  -0.00329
       -0.00329  -0.00328  -0.00328  -0.00328  -0.00326  -0.00326  -0.00325  -0.00324  -0.00324
       -0.00323  -0.00314  -0.00313  -0.00313  -0.00312  -0.00311  -0.00310  -0.00309  -0.00302
       -0.00302  -0.00301  -0.00301  -0.00300  -0.00299  -0.00299  -0.00297  -0.00296  -0.00296
       -0.00296  -0.00296  -0.00295  -0.00295  -0.00294  -0.00291  -0.00291  -0.00291  -0.00290
       -0.00290  -0.00289  -0.00289  -0.00288  -0.00287  -0.00287  -0.00284  -0.00283  -0.00280
       -0.00280  -0.00279  -0.00278  -0.00277  -0.00276  -0.00275  -0.00273  -0.00272  -0.00269
       -0.00268  -0.00268  -0.00267  -0.00267
        
     --------------------------------------------------------------------------------------------
     Tot. elapsed time 01m-43.3s,  time spent in last iteration 17.7s
     --------------------------------------------------------------------------------------------

     [I/O] -------------------------------------------------------
     [I/O] RESTART written in < 00.1s             
     [I/O] In location   : ./hcl_20_400.wstat.restart
     [I/O] -------------------------------------------------------

                       *----------*              *----------*               *----------*
     #     Iteration = |        3 |   DFPT_dim = |       30 |   Diago_dim = |     1098 |
                       *----------*              *----------*               *----------*
       
     --------------------------------------------------------------------------------------------
     Applying projection operator formed by dvg                          
     --------------------------------------------------------------------------------------------
     per-process dynamical memory   192.5 Mb
  
       
     --------------------------------------------------------------------------------------------
     Sternheimer eq. solver... with threshold =   1.000000E-12           
     --------------------------------------------------------------------------------------------
     in progress... |######              | 030% :               00.2s (E)               00.7s (X)
     in progress... |#############       | 065% :               00.4s (E)               00.6s (X)
     in progress... |####################| 100% :               00.6s (E)               00.6s (X)
       
     --------------------------------------------------------------------------------------------
     Applying projection operator formed by dvg                          
     --------------------------------------------------------------------------------------------
     --------------------------------------------------------------------------------------------
     p-DIAGOX done in 00.6s with a SCALAPACK grid (12x12)
     --------------------------------------------------------------------------------------------
        
       -0.11999  -0.11361  -0.11323  -0.11251  -0.11243  -0.08597  -0.08090  -0.08082  -0.07425
       -0.07250  -0.07229  -0.07061  -0.07035  -0.06862  -0.06850  -0.06833  -0.06803  -0.05941
       -0.05800  -0.05777  -0.05547  -0.05513  -0.05374  -0.05326  -0.05203  -0.04541  -0.04166
       -0.04166  -0.04127  -0.03876  -0.03865  -0.03810  -0.03786  -0.03655  -0.03641  -0.03543
       -0.03543  -0.03536  -0.03533  -0.03452  -0.03449  -0.03311  -0.03130  -0.03126  -0.03018
       -0.02928  -0.02924  -0.02868  -0.02855  -0.02791  -0.02779  -0.02688  -0.02673  -0.02531
       -0.02463  -0.02457  -0.02340  -0.02315  -0.02312  -0.02278  -0.02271  -0.02246  -0.02239
       -0.02205  -0.02202  -0.02071  -0.02054  -0.02048  -0.01957  -0.01955  -0.01936  -0.01933
       -0.01916  -0.01913  -0.01905  -0.01853  -0.01847  -0.01780  -0.01767  -0.01761  -0.01731
       -0.01728  -0.01684  -0.01677  -0.01656  -0.01655  -0.01651  -0.01649  -0.01615  -0.01613
       -0.01583  -0.01494  -0.01492  -0.01463  -0.01409  -0.01409  -0.01403  -0.01400  -0.01381
       -0.01362  -0.01357  -0.01356  -0.01356  -0.01327  -0.01321  -0.01276  -0.01274  -0.01261
       -0.01257  -0.01210  -0.01193  -0.01191  -0.01191  -0.01190  -0.01167  -0.01166  -0.01156
       -0.01147  -0.01146  -0.01143  -0.01142  -0.01128  -0.01127  -0.01112  -0.01111  -0.01097
       -0.01093  -0.01074  -0.01073  -0.01058  -0.01051  -0.01049  -0.01017  -0.01016  -0.01002
       -0.01002  -0.00994  -0.00994  -0.00980  -0.00967  -0.00965  -0.00940  -0.00924  -0.00922
       -0.00909  -0.00908  -0.00894  -0.00879  -0.00878  -0.00875  -0.00875  -0.00867  -0.00866
       -0.00864  -0.00863  -0.00848  -0.00846  -0.00844  -0.00844  -0.00837  -0.00831  -0.00830
       -0.00782  -0.00781  -0.00780  -0.00779  -0.00773  -0.00747  -0.00746  -0.00745  -0.00744
       -0.00740  -0.00740  -0.00737  -0.00737  -0.00729  -0.00725  -0.00725  -0.00724  -0.00723
       -0.00723  -0.00722  -0.00722  -0.00721  -0.00706  -0.00704  -0.00696  -0.00696  -0.00674
       -0.00673  -0.00664  -0.00663  -0.00660  -0.00656  -0.00656  -0.00653  -0.00652  -0.00643
       -0.00642  -0.00642  -0.00642  -0.00640  -0.00624  -0.00623  -0.00623  -0.00623  -0.00606
       -0.00600  -0.00599  -0.00595  -0.00594  -0.00589  -0.00589  -0.00588  -0.00587  -0.00583
       -0.00581  -0.00579  -0.00574  -0.00573  -0.00564  -0.00563  -0.00562  -0.00562  -0.00560
       -0.00559  -0.00549  -0.00543  -0.00542  -0.00532  -0.00532  -0.00522  -0.00522  -0.00515
       -0.00515  -0.00514  -0.00503  -0.00503  -0.00497  -0.00497  -0.00493  -0.00493  -0.00492
       -0.00491  -0.00491  -0.00491  -0.00488  -0.00487  -0.00487  -0.00484  -0.00484  -0.00480
       -0.00479  -0.00479  -0.00479  -0.00479  -0.00479  -0.00479  -0.00477  -0.00477  -0.00473
       -0.00472  -0.00458  -0.00458  -0.00454  -0.00452  -0.00452  -0.00440  -0.00440  -0.00439
       -0.00439  -0.00437  -0.00437  -0.00433  -0.00433  -0.00431  -0.00431  -0.00430  -0.00430
       -0.00426  -0.00423  -0.00422  -0.00415  -0.00415  -0.00415  -0.00415  -0.00414  -0.00414
       -0.00414  -0.00407  -0.00407  -0.00403  -0.00402  -0.00395  -0.00394  -0.00394  -0.00394
       -0.00393  -0.00393  -0.00391  -0.00390  -0.00390  -0.00382  -0.00382  -0.00382  -0.00381
       -0.00381  -0.00380  -0.00378  -0.00374  -0.00374  -0.00369  -0.00369  -0.00366  -0.00365
       -0.00356  -0.00355  -0.00355  -0.00353  -0.00352  -0.00351  -0.00351  -0.00350  -0.00349
       -0.00342  -0.00342  -0.00341  -0.00340  -0.00340  -0.00340  -0.00339  -0.00339  -0.00338
       -0.00338  -0.00337  -0.00335  -0.00335  -0.00334  -0.00334  -0.00332  -0.00332  -0.00330
       -0.00329  -0.00329  -0.00328  -0.00328  -0.00327  -0.00326  -0.00325  -0.00325  -0.00324
       -0.00324  -0.00314  -0.00313  -0.00313  -0.00312  -0.00312  -0.00310  -0.00310  -0.00303
       -0.00303  -0.00302  -0.00301  -0.00300  -0.00300  -0.00299  -0.00298  -0.00298  -0.00297
       -0.00297  -0.00297  -0.00296  -0.00296  -0.00296  -0.00294  -0.00293  -0.00293  -0.00292
       -0.00292  -0.00292  -0.00291  -0.00291  -0.00289  -0.00289  -0.00286  -0.00286  -0.00282
       -0.00282  -0.00281  -0.00281  -0.00279  -0.00278  -0.00278  -0.00276  -0.00276  -0.00271
       -0.00271  -0.00271  -0.00270  -0.00270
        
     --------------------------------------------------------------------------------------------
     Tot. elapsed time 02m-05.1s,  time spent in last iteration 07.2s
     --------------------------------------------------------------------------------------------
       
     --------------------------------------------------------------------------------------------
     Convergence achieved !!! in        3 steps                          
     --------------------------------------------------------------------------------------------
      
     --------------------------------------------------------------------------------------------
     Database written in < 00.1s             
     In location : ./hcl_20_400.wstat.save
     --------------------------------------------------------------------------------------------
 
     WSTAT        :  2m16.81s CPU     4m18.92s WALL

     wstat_readin :      5.77s CPU     38.64s WALL (       1 calls)
     fetch_nml    :      0.02s CPU      0.03s WALL (       1 calls)
     read_xml     :      1.30s CPU      1.42s WALL (       1 calls)
     init_vloc    :      0.10s CPU      0.11s WALL (       2 calls)
     fft          :      0.26s CPU      0.28s WALL (      11 calls)
     fft_scatter  :      9.59s CPU      9.65s WALL (    2741 calls)
     v_of_rho     :      0.29s CPU      0.31s WALL (       1 calls)
     v_xc         :      0.26s CPU      0.28s WALL (       1 calls)
     v_h          :      0.03s CPU      0.04s WALL (       1 calls)
     read_wave    :      4.44s CPU     36.90s WALL (       1 calls)
     davcio       :      0.00s CPU      0.31s WALL (       2 calls)
     init_us_1    :      0.01s CPU      0.02s WALL (       2 calls)
     do_setup     :      0.16s CPU      0.18s WALL (       1 calls)
     init_pw_ar   :      0.16s CPU      0.17s WALL (       1 calls)
     init_at_1    :      0.00s CPU      0.00s WALL (       1 calls)
     storesqvc    :      0.00s CPU      0.01s WALL (       1 calls)
     chidiago     :     29.87s CPU     50.32s WALL (       1 calls)
     randomize    :      0.99s CPU      1.02s WALL (       2 calls)
     paramgs      :     12.27s CPU     12.39s WALL (      11 calls)
     dfpt         :     52.59s CPU     53.02s WALL (      10 calls)
     init_us_2    :      0.03s CPU      0.03s WALL (      10 calls)
     fftw         :     25.64s CPU     25.80s WALL (    2730 calls)
     alphapc      :      0.17s CPU      0.15s WALL (     160 calls)
     wstat_restar :     25.33s CPU     85.20s WALL (       8 calls)
     linstern     :     21.90s CPU     22.08s WALL (     118 calls)
     stern        :     17.02s CPU     17.18s WALL (    2708 calls)
     h_psi_bgrp   :     14.42s CPU     14.55s WALL (     316 calls)
     h_psi        :     14.42s CPU     14.55s WALL (     316 calls)
     h_psi:pot    :     14.37s CPU     14.49s WALL (     316 calls)
     vloc_psi     :     13.78s CPU     13.90s WALL (     316 calls)
     h_psi:calbec :      0.51s CPU      0.42s WALL (     316 calls)
     calbec       :      0.51s CPU      0.42s WALL (     316 calls)
     add_vuspsi   :      0.08s CPU      0.16s WALL (     316 calls)
     alphapv      :      1.67s CPU      1.64s WALL (    2708 calls)
     build_hr     :      6.86s CPU      7.07s WALL (       8 calls)
     diagox       :      2.03s CPU      2.07s WALL (       8 calls)
     redistr_vr   :      0.29s CPU      0.30s WALL (       6 calls)
     update_vr    :     11.15s CPU     11.39s WALL (       6 calls)
     symm_hr      :      0.29s CPU      0.30s WALL (       6 calls)
     chidiago:las :      0.00s CPU      0.00s WALL (       1 calls)
     refresh_vr   :      4.36s CPU      4.44s WALL (       2 calls)
     pdep_db      :      0.90s CPU      2.14s WALL (       1 calls)
     kinchidiago  :    100.99s CPU    169.74s WALL (       1 calls)
     k_psi        :      0.29s CPU      0.32s WALL (    2392 calls)
     kinchidiago: :      0.00s CPU      0.00s WALL (       1 calls)
     pdep_db_for_ :     11.21s CPU     36.87s WALL (       1 calls)
 
     WSTAT        :  2m16.81s CPU     4m18.92s WALL

 
   This run was terminated on:  13: 6: 6   4Jul2018            

=------------------------------------------------------------------------------=
   JOB DONE.
=------------------------------------------------------------------------------=
