
     Program WSTAT v. 2.0.0 starts on  4Jul2018 at 13:32:54 

     This program is part of the open-source West suite
     for massively parallel calculations of excited states in materials; please cite
         "M. Govoni et al., J. Chem. Theory Comput. 11, 2680 (2015);
          URL http://www.west-code.org", 
     in publications or presentations arising from this work.

     Based on the Quantum ESPRESSO v. 6.1 svn rev. 13369
       
     --------------------------------------------------------------------------------------------
     **MPI** Parallelization Status                                      
     --------------------------------------------------------------------------------------------
                   160                  10             1             1            16
     --------------------------------------------------------------------------------------------
                     N         =         I      X      P      X      B      X      Z
                     ^                   ^             ^             ^             ^
                     |                   |             |             |             |
                   #rnk                  |             |             |             |
                                      #image           |             |             |
                                                     #pool           |             |
                                                                   #bgrp           |
                                                                                 #R&G
     --------------------------------------------------------------------------------------------
     **OPENMP** Parallelization Status
     #thr/rnk               =            1
     --------------------------------------------------------------------------------------------
     #prc = (rnk) * (thr) =          160
     --------------------------------------------------------------------------------------------
       
     --------------------------------------------------------------------------------------------
     I/O Summary : input_west                                            
     --------------------------------------------------------------------------------------------
     qe_prefix      = hcl
     west_prefix    = hcl
     outdir         = ./
     --------------------------------------------------------------------------------------------
       
     --------------------------------------------------------------------------------------------
     I/O Summary : wstat_control                                         
     --------------------------------------------------------------------------------------------
     wstat_calculation              =              S
     n_pdep_eigen                   =            500
     n_kin_pdep_eigen               =              0
     n_lindhard_eigen               =              0
     n_pdep_times                   =              4
     n_pdep_maxiter                 =            100
     n_dfpt_maxiter                 =            250
     n_pdep_read_from_file          =              0
     trev_pdep                      =   1.000000E-03
     trev_pdep_rel                  =   1.000000E-01
     tr2_dfpt                       =   1.000000E-12
     l_kinetic_only                 =              F
     l_minimize_exx_if_active       =              F
     l_use_ecutrho                  =              F
     l_pure_eigen                   =              F
     --------------------------------------------------------------------------------------------

     Reading data from directory:
     ./hcl.save

   Info: using nr1, nr2, nr3 values from input

   Info: using nr1, nr2, nr3 values from input

     IMPORTANT: XC functional enforced from input :
     Exchange-correlation      = PBE ( 1  4  3  4 0 0)
     Any further DFT definition will be discarded
     Please, verify this is what you really want

     Message from routine readpp:
     file ./hcl.save/Cl_ONCV_PBE-1.0.upf not found
     Message from routine readpp:
     file ./hcl.save/H_ONCV_PBE-1.0.upf not found
 
     Parallelization info
     --------------------
     sticks:   dense  smooth     PW     G-vecs:    dense   smooth      PW
     Min        1520    1520    379               178660   178660   22323
     Max        1522    1522    384               178666   178666   22328
     Sum       24345   24345   6093              2858633  2858633  357213
 
       
     --------------------------------------------------------------------------------------------
     System Overview                                                     
     --------------------------------------------------------------------------------------------
     gamma_only           =              T
     ecutwfc [Ry]         =      85.000000
     omega [au^3]         =   2.700000E+04
     glob. #G             =         178607
     nbnd                 =            100
     nkstot               =              1
     nspin                =              1
     nelec                =       8.000000
     npol                 =              1
     lsda                 =              F
     noncolin             =              F
     lspinorb             =              F
     domag                =              F
     --------------------------------------------------------------------------------------------

     sFFT G-space:  1429317 G-vectors     R-space: ( 180, 180, 180)
     dFFT G-space:  1429317 G-vectors     R-space: ( 180, 180, 180)

     Cell [a.u.]          =      30.000000      0.000000      0.000000
                          =       0.000000     30.000000      0.000000
                          =       0.000000      0.000000     30.000000
      
     number of ks points=     1
                       cart. coord. in units 2pi/alat
        k(    1) = (   0.0000000   0.0000000   0.0000000), wk =   2.0000000

                       cryst. coord.
        k(    1) = (   0.0000000   0.0000000   0.0000000), wk =   2.0000000
 
     Spherical div        =   1.654268E-01
     Orthorombic div      =   1.628502E-01
       
     --------------------------------------------------------------------------------------------
     Parallelization for nvecx                                           
     --------------------------------------------------------------------------------------------
     nglob                =           2000
     nlevel               =             10
     Min nglob/nlevel     =            200
     Max nglob/nlevel     =            200
     --------------------------------------------------------------------------------------------

     [MEM] ----------------------------------------------------------
     [MEM] **Memory** analysis: QE
     [MEM] ----------------------------------------------------------
     [MEM] Allocated arrays           est. size (Mb)     dimensions
     [MEM] ----------------------------------------------------------
     [MEM] Kohn-Sham Wavefunctions      17.03 Mb     (  11164,  100)
     [MEM] NL pseudopotentials           1.70 Mb     (  11164,   10)
     [MEM] Each V/rho on FFT grid        5.93 Mb     ( 388800)
     [MEM] Each G-vector array           0.68 Mb     (  89333)
     [MEM] G-vector shells               0.05 Mb     (   6125)
     [MEM] ----------------------------------------------------------
     [MEM] TOT                          25.40 Mb
     [MEM] ----------------------------------------------------------
     [MEM] 
     [MEM] ----------------------------------------------------------
     [MEM] **Memory** analysis: WSTAT global
     [MEM] ----------------------------------------------------------
     [MEM] Allocated arrays           est. size (Mb)     dimensions
     [MEM] ----------------------------------------------------------
     [MEM] dvg                          34.07 Mb     (  11164,  200)
     [MEM] dng                          34.07 Mb     (  11164,  200)
     [MEM] hr_distr                      3.05 Mb     (   2000,  200)
     [MEM] vr_distr                      3.05 Mb     (   2000,  200)
     [MEM] ----------------------------------------------------------
     [MEM] TOT                          74.24 Mb
     [MEM] ----------------------------------------------------------
     [MEM] 
     [MEM] ----------------------------------------------------------
     [MEM] **Memory** analysis: WSTAT temporary
     [MEM] ----------------------------------------------------------
     [MEM] Allocated arrays           est. size (Mb)     dimensions
     [MEM] ----------------------------------------------------------
     [MEM] dvpsi                         0.68 Mb     (  11164,    4)
     [MEM] dpsi                          0.68 Mb     (  11164,    4)
     [MEM] ----------------------------------------------------------
     [MEM] Total estimate                1.36 Mb
     [MEM] ----------------------------------------------------------

                       *----------*              *----------*               *----------*
     #     Iteration = | starting |   DFPT_dim = |      500 |   Diago_dim = |      500 |  x 1/2
                       *----------*              *----------*               *----------*
     per-process dynamical memory   183.4 Mb
  
       
     --------------------------------------------------------------------------------------------
     Sternheimer eq. solver... with lite-solver                          
     --------------------------------------------------------------------------------------------
     in progress... |#                   | 005% :               00.4s (E)               09.0s (X)
     in progress... |##                  | 010% :               00.7s (E)               07.5s (X)
     in progress... |###                 | 015% :               01.2s (E)               08.0s (X)
     in progress... |####                | 020% :               01.5s (E)               07.5s (X)
     in progress... |#####               | 025% :               01.9s (E)               07.8s (X)
     in progress... |######              | 030% :               02.2s (E)               07.5s (X)
     in progress... |#######             | 035% :               02.7s (E)               07.7s (X)
     in progress... |########            | 040% :               03.0s (E)               07.5s (X)
     in progress... |#########           | 045% :               03.4s (E)               07.6s (X)
     in progress... |##########          | 050% :               03.7s (E)               07.5s (X)
     in progress... |###########         | 055% :               04.2s (E)               07.6s (X)
     in progress... |############        | 060% :               04.5s (E)               07.5s (X)
     in progress... |#############       | 065% :               04.9s (E)               07.6s (X)
     in progress... |##############      | 070% :               05.2s (E)               07.5s (X)
     in progress... |###############     | 075% :               05.7s (E)               07.6s (X)
     in progress... |################    | 080% :               06.0s (E)               07.5s (X)
     in progress... |#################   | 085% :               06.4s (E)               07.5s (X)
     in progress... |##################  | 090% :               06.7s (E)               07.4s (X)
     in progress... |################### | 095% :               07.1s (E)               07.5s (X)
     in progress... |####################| 100% :               07.4s (E)               07.4s (X)
     --------------------------------------------------------------------------------------------

     [I/O] -------------------------------------------------------
     [I/O] RESTART written in < 00.1s             
     [I/O] In location   : ./hcl_500.wstat.restart
     [I/O] -------------------------------------------------------

                       *----------*              *----------*               *----------*
     #     Iteration = | starting |   DFPT_dim = |      500 |   Diago_dim = |      500 |  x 2/2
                       *----------*              *----------*               *----------*
     per-process dynamical memory   185.7 Mb
  
       
     --------------------------------------------------------------------------------------------
     Sternheimer eq. solver... with threshold =   1.000000E-06           
     --------------------------------------------------------------------------------------------
     in progress... |#                   | 005% :               04.3s (E)           01m-27.2s (X)
     in progress... |##                  | 010% :               07.1s (E)           01m-11.8s (X)
     in progress... |###                 | 015% :               11.3s (E)           01m-15.6s (X)
     in progress... |####                | 020% :               14.0s (E)           01m-10.4s (X)
     in progress... |#####               | 025% :               18.1s (E)           01m-12.6s (X)
     in progress... |######              | 030% :               20.8s (E)           01m-09.3s (X)
     in progress... |#######             | 035% :               24.7s (E)           01m-10.6s (X)
     in progress... |########            | 040% :               27.3s (E)           01m-08.3s (X)
     in progress... |#########           | 045% :               31.2s (E)           01m-09.3s (X)
     in progress... |##########          | 050% :               33.7s (E)           01m-07.5s (X)
     in progress... |###########         | 055% :               37.6s (E)           01m-08.4s (X)
     in progress... |############        | 060% :               40.2s (E)           01m-07.0s (X)
     in progress... |#############       | 065% :               44.0s (E)           01m-07.7s (X)
     in progress... |##############      | 070% :               46.6s (E)           01m-06.6s (X)
     in progress... |###############     | 075% :               50.4s (E)           01m-07.2s (X)
     in progress... |################    | 080% :               53.0s (E)           01m-06.3s (X)
     in progress... |#################   | 085% :               56.8s (E)           01m-06.8s (X)
     in progress... |##################  | 090% :               59.3s (E)           01m-05.9s (X)
     in progress... |################### | 095% :           01m-03.0s (E)           01m-06.3s (X)
     in progress... |####################| 100% :           01m-05.4s (E)           01m-05.4s (X)
     --------------------------------------------------------------------------------------------
     p-DIAGOX done in 00.5s with a SCALAPACK grid (12x12)
     --------------------------------------------------------------------------------------------
        
       -1.72552  -1.34564  -1.34563  -1.23203  -0.60187  -0.49873  -0.49871  -0.43072  -0.41251
       -0.41251  -0.40264  -0.40264  -0.33511  -0.31658  -0.31658  -0.30680  -0.30679  -0.28768
       -0.28767  -0.20679  -0.19016  -0.17490  -0.17487  -0.16722  -0.16716  -0.12352  -0.11632
       -0.11630  -0.10743  -0.09867  -0.09866  -0.09431  -0.09430  -0.09191  -0.09190  -0.08790
       -0.08787  -0.07928  -0.07874  -0.07871  -0.07589  -0.07587  -0.07364  -0.07363  -0.06509
       -0.05482  -0.05281  -0.05280  -0.05182  -0.05095  -0.05089  -0.04877  -0.04874  -0.04745
       -0.04744  -0.04268  -0.04267  -0.04229  -0.04225  -0.04172  -0.04132  -0.04129  -0.03898
       -0.03896  -0.03757  -0.03584  -0.03579  -0.03485  -0.03482  -0.03399  -0.03394  -0.03279
       -0.03266  -0.03023  -0.02986  -0.02983  -0.02856  -0.02827  -0.02823  -0.02763  -0.02756
       -0.02752  -0.02750  -0.02601  -0.02573  -0.02569  -0.02396  -0.02334  -0.02332  -0.02199
       -0.02196  -0.02184  -0.02181  -0.02175  -0.02146  -0.02144  -0.02142  -0.02134  -0.02095
       -0.02080  -0.02015  -0.02011  -0.01986  -0.01980  -0.01873  -0.01865  -0.01863  -0.01856
       -0.01822  -0.01809  -0.01794  -0.01703  -0.01701  -0.01689  -0.01589  -0.01586  -0.01570
       -0.01567  -0.01563  -0.01533  -0.01523  -0.01503  -0.01495  -0.01487  -0.01478  -0.01464
       -0.01453  -0.01377  -0.01370  -0.01334  -0.01322  -0.01313  -0.01283  -0.01279  -0.01260
       -0.01247  -0.01245  -0.01234  -0.01230  -0.01228  -0.01225  -0.01220  -0.01215  -0.01207
       -0.01206  -0.01196  -0.01192  -0.01184  -0.01172  -0.01127  -0.01108  -0.01096  -0.01082
       -0.01069  -0.01061  -0.01048  -0.01042  -0.01033  -0.01027  -0.01018  -0.01013  -0.00975
       -0.00958  -0.00949  -0.00947  -0.00945  -0.00935  -0.00928  -0.00921  -0.00899  -0.00894
       -0.00889  -0.00887  -0.00885  -0.00880  -0.00876  -0.00870  -0.00863  -0.00856  -0.00851
       -0.00838  -0.00828  -0.00800  -0.00783  -0.00780  -0.00777  -0.00773  -0.00755  -0.00746
       -0.00746  -0.00742  -0.00736  -0.00733  -0.00730  -0.00725  -0.00721  -0.00718  -0.00715
       -0.00708  -0.00705  -0.00701  -0.00699  -0.00693  -0.00684  -0.00677  -0.00676  -0.00671
       -0.00669  -0.00660  -0.00649  -0.00645  -0.00641  -0.00633  -0.00632  -0.00622  -0.00616
       -0.00615  -0.00611  -0.00603  -0.00599  -0.00594  -0.00588  -0.00581  -0.00578  -0.00577
       -0.00570  -0.00569  -0.00565  -0.00561  -0.00556  -0.00552  -0.00551  -0.00544  -0.00539
       -0.00532  -0.00527  -0.00525  -0.00522  -0.00517  -0.00512  -0.00509  -0.00502  -0.00500
       -0.00498  -0.00493  -0.00484  -0.00480  -0.00477  -0.00475  -0.00471  -0.00464  -0.00464
       -0.00460  -0.00453  -0.00452  -0.00448  -0.00445  -0.00443  -0.00441  -0.00437  -0.00434
       -0.00430  -0.00426  -0.00424  -0.00421  -0.00419  -0.00418  -0.00416  -0.00411  -0.00411
       -0.00408  -0.00406  -0.00403  -0.00395  -0.00395  -0.00393  -0.00389  -0.00388  -0.00386
       -0.00384  -0.00383  -0.00378  -0.00374  -0.00371  -0.00369  -0.00366  -0.00365  -0.00361
       -0.00360  -0.00357  -0.00355  -0.00348  -0.00346  -0.00344  -0.00342  -0.00342  -0.00340
       -0.00336  -0.00334  -0.00332  -0.00328  -0.00324  -0.00323  -0.00322  -0.00318  -0.00317
       -0.00313  -0.00312  -0.00311  -0.00308  -0.00305  -0.00303  -0.00302  -0.00298  -0.00297
       -0.00296  -0.00295  -0.00291  -0.00290  -0.00288  -0.00287  -0.00286  -0.00283  -0.00281
       -0.00278  -0.00277  -0.00273  -0.00271  -0.00268  -0.00267  -0.00266  -0.00264  -0.00263
       -0.00261  -0.00259  -0.00257  -0.00255  -0.00254  -0.00252  -0.00250  -0.00249  -0.00246
       -0.00245  -0.00243  -0.00242  -0.00240  -0.00239  -0.00237  -0.00235  -0.00233  -0.00232
       -0.00231  -0.00228  -0.00227  -0.00226  -0.00224  -0.00222  -0.00221  -0.00220  -0.00217
       -0.00215  -0.00214  -0.00212  -0.00211  -0.00209  -0.00208  -0.00208  -0.00206  -0.00203
       -0.00202  -0.00201  -0.00199  -0.00198  -0.00197  -0.00196  -0.00194  -0.00193  -0.00191
       -0.00190  -0.00187  -0.00187  -0.00186  -0.00184  -0.00182  -0.00182  -0.00180  -0.00179
       -0.00178  -0.00176  -0.00174  -0.00174  -0.00173  -0.00172  -0.00169  -0.00168  -0.00166
       -0.00166  -0.00165  -0.00163  -0.00163  -0.00162  -0.00160  -0.00159  -0.00157  -0.00156
       -0.00156  -0.00155  -0.00153  -0.00151  -0.00149  -0.00149  -0.00148  -0.00146  -0.00145
       -0.00145  -0.00142  -0.00141  -0.00140  -0.00138  -0.00137  -0.00136  -0.00136  -0.00135
       -0.00134  -0.00132  -0.00131  -0.00131  -0.00129  -0.00129  -0.00128  -0.00126  -0.00124
       -0.00123  -0.00121  -0.00121  -0.00119  -0.00118  -0.00117  -0.00116  -0.00116  -0.00115
       -0.00114  -0.00113  -0.00111  -0.00110  -0.00110  -0.00108  -0.00107  -0.00105  -0.00105
       -0.00104  -0.00104  -0.00103  -0.00101  -0.00100  -0.00099  -0.00098  -0.00098  -0.00097
       -0.00095  -0.00094  -0.00094  -0.00092  -0.00092  -0.00090  -0.00089  -0.00089  -0.00088
       -0.00086  -0.00085  -0.00084  -0.00083  -0.00083  -0.00081  -0.00080  -0.00079  -0.00078
       -0.00077  -0.00076  -0.00076  -0.00074  -0.00073  -0.00072  -0.00072  -0.00071  -0.00069
       -0.00069  -0.00068  -0.00067  -0.00066  -0.00065  -0.00065  -0.00064  -0.00063  -0.00062
       -0.00060  -0.00059  -0.00058  -0.00057  -0.00038
        
     --------------------------------------------------------------------------------------------
     Tot. elapsed time 03m-02.7s,  time spent in last iteration 03m-02.7s
     --------------------------------------------------------------------------------------------

     [I/O] -------------------------------------------------------
     [I/O] RESTART written in < 00.1s             
     [I/O] In location   : ./hcl_500.wstat.restart
     [I/O] -------------------------------------------------------

                       *----------*              *----------*               *----------*
     #     Iteration = |        1 |   DFPT_dim = |      500 |   Diago_dim = |     1000 |
                       *----------*              *----------*               *----------*
     per-process dynamical memory   185.7 Mb
  
       
     --------------------------------------------------------------------------------------------
     Sternheimer eq. solver... with threshold =   1.000000E-12           
     --------------------------------------------------------------------------------------------
     in progress... |#                   | 005% :               06.4s (E)           02m-09.9s (X)
     in progress... |##                  | 010% :               10.6s (E)           01m-46.5s (X)
     in progress... |###                 | 015% :               16.8s (E)           01m-52.6s (X)
     in progress... |####                | 020% :               21.0s (E)           01m-45.0s (X)
     in progress... |#####               | 025% :               27.2s (E)           01m-48.8s (X)
     in progress... |######              | 030% :               31.3s (E)           01m-44.5s (X)
     in progress... |#######             | 035% :               37.6s (E)           01m-47.4s (X)
     in progress... |########            | 040% :               41.7s (E)           01m-44.4s (X)
     in progress... |#########           | 045% :               47.9s (E)           01m-46.4s (X)
     in progress... |##########          | 050% :               51.9s (E)           01m-43.9s (X)
     in progress... |###########         | 055% :               58.1s (E)           01m-45.7s (X)
     in progress... |############        | 060% :           01m-02.2s (E)           01m-43.7s (X)
     in progress... |#############       | 065% :           01m-08.3s (E)           01m-45.1s (X)
     in progress... |##############      | 070% :           01m-12.4s (E)           01m-43.5s (X)
     in progress... |###############     | 075% :           01m-18.5s (E)           01m-44.7s (X)
     in progress... |################    | 080% :           01m-22.5s (E)           01m-43.2s (X)
     in progress... |#################   | 085% :           01m-28.6s (E)           01m-44.2s (X)
     in progress... |##################  | 090% :           01m-32.5s (E)           01m-42.8s (X)
     in progress... |################### | 095% :           01m-38.6s (E)           01m-43.8s (X)
     in progress... |####################| 100% :           01m-42.6s (E)           01m-42.6s (X)
     --------------------------------------------------------------------------------------------
     p-DIAGOX done in 00.6s with a SCALAPACK grid (12x12)
     --------------------------------------------------------------------------------------------
        
       -1.74016  -1.34566  -1.34565  -1.31393  -0.62334  -0.49881  -0.49881  -0.43750  -0.41253
       -0.41252  -0.40274  -0.40273  -0.33863  -0.31667  -0.31667  -0.30694  -0.30694  -0.28781
       -0.28781  -0.20936  -0.19104  -0.17499  -0.17499  -0.16732  -0.16726  -0.12597  -0.11638
       -0.11638  -0.10854  -0.09872  -0.09872  -0.09436  -0.09436  -0.09196  -0.09196  -0.08795
       -0.08795  -0.08042  -0.07887  -0.07887  -0.07611  -0.07611  -0.07385  -0.07384  -0.06846
       -0.05847  -0.05506  -0.05297  -0.05297  -0.05114  -0.05114  -0.04903  -0.04900  -0.04755
       -0.04755  -0.04277  -0.04277  -0.04265  -0.04237  -0.04237  -0.04141  -0.04141  -0.03929
       -0.03918  -0.03918  -0.03602  -0.03602  -0.03509  -0.03509  -0.03418  -0.03418  -0.03310
       -0.03310  -0.03180  -0.03021  -0.03021  -0.02897  -0.02877  -0.02877  -0.02804  -0.02804
       -0.02781  -0.02781  -0.02748  -0.02594  -0.02594  -0.02450  -0.02356  -0.02356  -0.02250
       -0.02217  -0.02217  -0.02203  -0.02203  -0.02183  -0.02183  -0.02172  -0.02172  -0.02145
       -0.02145  -0.02054  -0.02054  -0.02040  -0.02039  -0.01902  -0.01901  -0.01901  -0.01901
       -0.01901  -0.01855  -0.01855  -0.01759  -0.01759  -0.01758  -0.01636  -0.01636  -0.01633
       -0.01613  -0.01613  -0.01592  -0.01592  -0.01572  -0.01572  -0.01551  -0.01551  -0.01532
       -0.01532  -0.01419  -0.01419  -0.01418  -0.01398  -0.01398  -0.01353  -0.01318  -0.01318
       -0.01314  -0.01314  -0.01301  -0.01301  -0.01288  -0.01288  -0.01288  -0.01279  -0.01279
       -0.01261  -0.01261  -0.01254  -0.01254  -0.01246  -0.01246  -0.01190  -0.01168  -0.01168
       -0.01124  -0.01124  -0.01118  -0.01110  -0.01110  -0.01099  -0.01099  -0.01097  -0.01097
       -0.01051  -0.01051  -0.01039  -0.01039  -0.01015  -0.01000  -0.01000  -0.01000  -0.00999
       -0.00968  -0.00968  -0.00966  -0.00966  -0.00962  -0.00962  -0.00957  -0.00944  -0.00944
       -0.00905  -0.00905  -0.00893  -0.00889  -0.00889  -0.00843  -0.00843  -0.00839  -0.00839
       -0.00830  -0.00830  -0.00829  -0.00819  -0.00819  -0.00810  -0.00810  -0.00800  -0.00799
       -0.00798  -0.00798  -0.00797  -0.00796  -0.00790  -0.00790  -0.00776  -0.00776  -0.00776
       -0.00776  -0.00759  -0.00759  -0.00744  -0.00736  -0.00736  -0.00726  -0.00718  -0.00717
       -0.00707  -0.00707  -0.00704  -0.00704  -0.00694  -0.00693  -0.00692  -0.00692  -0.00692
       -0.00684  -0.00684  -0.00683  -0.00682  -0.00670  -0.00670  -0.00660  -0.00652  -0.00652
       -0.00643  -0.00642  -0.00633  -0.00633  -0.00631  -0.00621  -0.00621  -0.00611  -0.00611
       -0.00606  -0.00605  -0.00602  -0.00602  -0.00600  -0.00599  -0.00598  -0.00572  -0.00572
       -0.00571  -0.00571  -0.00566  -0.00566  -0.00553  -0.00547  -0.00547  -0.00541  -0.00540
       -0.00536  -0.00536  -0.00534  -0.00534  -0.00533  -0.00533  -0.00533  -0.00532  -0.00530
       -0.00522  -0.00521  -0.00513  -0.00513  -0.00511  -0.00511  -0.00511  -0.00511  -0.00505
       -0.00504  -0.00503  -0.00503  -0.00502  -0.00495  -0.00494  -0.00485  -0.00484  -0.00472
       -0.00472  -0.00470  -0.00469  -0.00469  -0.00464  -0.00463  -0.00463  -0.00462  -0.00458
       -0.00456  -0.00455  -0.00454  -0.00454  -0.00453  -0.00452  -0.00451  -0.00445  -0.00444
       -0.00443  -0.00443  -0.00442  -0.00440  -0.00438  -0.00437  -0.00436  -0.00429  -0.00427
       -0.00421  -0.00419  -0.00419  -0.00415  -0.00413  -0.00412  -0.00411  -0.00410  -0.00409
       -0.00408  -0.00402  -0.00401  -0.00401  -0.00399  -0.00398  -0.00396  -0.00393  -0.00391
       -0.00389  -0.00389  -0.00387  -0.00381  -0.00380  -0.00375  -0.00374  -0.00373  -0.00371
       -0.00370  -0.00369  -0.00368  -0.00366  -0.00365  -0.00362  -0.00361  -0.00359  -0.00356
       -0.00355  -0.00352  -0.00351  -0.00350  -0.00350  -0.00348  -0.00347  -0.00346  -0.00345
       -0.00343  -0.00343  -0.00342  -0.00341  -0.00340  -0.00338  -0.00337  -0.00335  -0.00335
       -0.00334  -0.00331  -0.00330  -0.00329  -0.00328  -0.00327  -0.00326  -0.00325  -0.00321
       -0.00317  -0.00316  -0.00315  -0.00314  -0.00313  -0.00309  -0.00309  -0.00308  -0.00307
       -0.00307  -0.00306  -0.00306  -0.00304  -0.00304  -0.00303  -0.00302  -0.00302  -0.00301
       -0.00300  -0.00300  -0.00299  -0.00298  -0.00296  -0.00296  -0.00295  -0.00294  -0.00292
       -0.00290  -0.00290  -0.00290  -0.00288  -0.00287  -0.00286  -0.00283  -0.00282  -0.00280
       -0.00276  -0.00272  -0.00272  -0.00271  -0.00270  -0.00269  -0.00269  -0.00268  -0.00267
       -0.00267  -0.00266  -0.00265  -0.00265  -0.00263  -0.00260  -0.00259  -0.00257  -0.00256
       -0.00255  -0.00254  -0.00254  -0.00252  -0.00252  -0.00251  -0.00250  -0.00248  -0.00246
       -0.00246  -0.00245  -0.00244  -0.00244  -0.00243  -0.00242  -0.00241  -0.00240  -0.00238
       -0.00238  -0.00236  -0.00236  -0.00235  -0.00235  -0.00233  -0.00232  -0.00232  -0.00231
       -0.00230  -0.00229  -0.00228  -0.00228  -0.00227  -0.00226  -0.00226  -0.00225  -0.00224
       -0.00224  -0.00222  -0.00222  -0.00220  -0.00220  -0.00219  -0.00218  -0.00217  -0.00216
       -0.00216  -0.00214  -0.00214  -0.00212  -0.00211  -0.00210  -0.00209  -0.00209  -0.00208
       -0.00207  -0.00206  -0.00206  -0.00204  -0.00203  -0.00203  -0.00202  -0.00201  -0.00201
       -0.00200  -0.00200  -0.00199  -0.00199  -0.00197
        
     --------------------------------------------------------------------------------------------
     Tot. elapsed time 06m-49.3s,  time spent in last iteration 02m-12.5s
     --------------------------------------------------------------------------------------------

     [I/O] -------------------------------------------------------
     [I/O] RESTART written in < 00.1s             
     [I/O] In location   : ./hcl_500.wstat.restart
     [I/O] -------------------------------------------------------

                       *----------*              *----------*               *----------*
     #     Iteration = |        2 |   DFPT_dim = |      341 |   Diago_dim = |     1341 |
                       *----------*              *----------*               *----------*
     per-process dynamical memory   185.7 Mb
  
       
     --------------------------------------------------------------------------------------------
     Sternheimer eq. solver... with threshold =   1.000000E-12           
     --------------------------------------------------------------------------------------------
     in progress... |#                   | 005% :               04.0s (E)           01m-21.9s (X)
     in progress... |##                  | 010% :               08.1s (E)           01m-21.1s (X)
     in progress... |###                 | 015% :               12.0s (E)           01m-20.6s (X)
     in progress... |####                | 020% :               14.1s (E)           01m-10.7s (X)
     in progress... |#####               | 025% :               18.1s (E)           01m-12.4s (X)
     in progress... |######              | 030% :               22.0s (E)           01m-13.5s (X)
     in progress... |#######             | 035% :               26.0s (E)           01m-14.3s (X)
     in progress... |########            | 040% :               28.0s (E)           01m-10.0s (X)
     in progress... |#########           | 045% :               31.9s (E)           01m-11.0s (X)
     in progress... |##########          | 050% :               35.8s (E)           01m-11.7s (X)
     in progress... |###########         | 055% :               39.8s (E)           01m-12.5s (X)
     in progress... |############        | 060% :               41.8s (E)           01m-09.7s (X)
     in progress... |#############       | 065% :               45.7s (E)           01m-10.4s (X)
     in progress... |##############      | 070% :               49.7s (E)           01m-11.0s (X)
     in progress... |###############     | 075% :               53.6s (E)           01m-11.5s (X)
     in progress... |################    | 080% :               55.5s (E)           01m-09.4s (X)
     in progress... |#################   | 085% :               59.4s (E)           01m-09.9s (X)
     in progress... |##################  | 090% :           01m-03.3s (E)           01m-10.4s (X)
     in progress... |################### | 095% :           01m-07.2s (E)           01m-10.7s (X)
     in progress... |####################| 100% :           01m-09.1s (E)           01m-09.1s (X)
     --------------------------------------------------------------------------------------------
     p-DIAGOX done in 00.8s with a SCALAPACK grid (12x12)
     --------------------------------------------------------------------------------------------
        
       -1.74016  -1.34566  -1.34565  -1.31393  -0.62334  -0.49881  -0.49881  -0.43750  -0.41253
       -0.41252  -0.40274  -0.40273  -0.33863  -0.31667  -0.31667  -0.30694  -0.30694  -0.28781
       -0.28781  -0.20936  -0.19104  -0.17499  -0.17499  -0.16732  -0.16726  -0.12597  -0.11638
       -0.11638  -0.10854  -0.09872  -0.09872  -0.09436  -0.09436  -0.09196  -0.09196  -0.08795
       -0.08795  -0.08042  -0.07887  -0.07887  -0.07611  -0.07611  -0.07385  -0.07384  -0.06846
       -0.05847  -0.05506  -0.05297  -0.05297  -0.05114  -0.05114  -0.04903  -0.04900  -0.04755
       -0.04755  -0.04277  -0.04277  -0.04265  -0.04237  -0.04237  -0.04141  -0.04141  -0.03929
       -0.03918  -0.03918  -0.03602  -0.03602  -0.03509  -0.03509  -0.03418  -0.03418  -0.03310
       -0.03310  -0.03180  -0.03021  -0.03021  -0.02897  -0.02877  -0.02877  -0.02804  -0.02804
       -0.02781  -0.02781  -0.02748  -0.02594  -0.02594  -0.02450  -0.02356  -0.02356  -0.02250
       -0.02217  -0.02217  -0.02203  -0.02203  -0.02183  -0.02183  -0.02172  -0.02172  -0.02145
       -0.02145  -0.02054  -0.02054  -0.02040  -0.02039  -0.01902  -0.01901  -0.01901  -0.01901
       -0.01901  -0.01855  -0.01855  -0.01759  -0.01759  -0.01758  -0.01636  -0.01636  -0.01633
       -0.01614  -0.01614  -0.01593  -0.01593  -0.01572  -0.01572  -0.01552  -0.01552  -0.01532
       -0.01532  -0.01419  -0.01419  -0.01418  -0.01398  -0.01398  -0.01353  -0.01319  -0.01319
       -0.01314  -0.01314  -0.01301  -0.01301  -0.01289  -0.01289  -0.01289  -0.01279  -0.01279
       -0.01261  -0.01261  -0.01255  -0.01255  -0.01246  -0.01246  -0.01191  -0.01169  -0.01169
       -0.01125  -0.01125  -0.01119  -0.01110  -0.01110  -0.01099  -0.01099  -0.01098  -0.01097
       -0.01051  -0.01051  -0.01040  -0.01040  -0.01015  -0.01000  -0.01000  -0.01000  -0.00999
       -0.00969  -0.00969  -0.00966  -0.00966  -0.00962  -0.00962  -0.00958  -0.00944  -0.00944
       -0.00905  -0.00905  -0.00893  -0.00890  -0.00890  -0.00844  -0.00844  -0.00840  -0.00840
       -0.00831  -0.00831  -0.00830  -0.00820  -0.00820  -0.00811  -0.00811  -0.00800  -0.00800
       -0.00799  -0.00799  -0.00797  -0.00797  -0.00791  -0.00791  -0.00777  -0.00777  -0.00777
       -0.00777  -0.00760  -0.00760  -0.00745  -0.00738  -0.00738  -0.00728  -0.00719  -0.00719
       -0.00708  -0.00708  -0.00706  -0.00706  -0.00695  -0.00695  -0.00694  -0.00693  -0.00693
       -0.00686  -0.00686  -0.00684  -0.00684  -0.00672  -0.00672  -0.00661  -0.00654  -0.00654
       -0.00644  -0.00644  -0.00634  -0.00634  -0.00634  -0.00623  -0.00623  -0.00613  -0.00613
       -0.00608  -0.00608  -0.00604  -0.00604  -0.00602  -0.00601  -0.00601  -0.00575  -0.00575
       -0.00575  -0.00575  -0.00568  -0.00568  -0.00556  -0.00550  -0.00550  -0.00543  -0.00542
       -0.00539  -0.00539  -0.00537  -0.00537  -0.00537  -0.00537  -0.00535  -0.00535  -0.00534
       -0.00525  -0.00525  -0.00516  -0.00516  -0.00514  -0.00514  -0.00514  -0.00514  -0.00507
       -0.00507  -0.00507  -0.00505  -0.00505  -0.00498  -0.00498  -0.00489  -0.00489  -0.00477
       -0.00477  -0.00475  -0.00475  -0.00475  -0.00467  -0.00467  -0.00467  -0.00467  -0.00463
       -0.00463  -0.00459  -0.00459  -0.00458  -0.00458  -0.00457  -0.00457  -0.00449  -0.00449
       -0.00449  -0.00449  -0.00449  -0.00444  -0.00444  -0.00443  -0.00443  -0.00434  -0.00434
       -0.00427  -0.00426  -0.00426  -0.00421  -0.00421  -0.00420  -0.00417  -0.00417  -0.00416
       -0.00416  -0.00408  -0.00408  -0.00407  -0.00407  -0.00407  -0.00407  -0.00399  -0.00399
       -0.00397  -0.00396  -0.00396  -0.00385  -0.00385  -0.00381  -0.00381  -0.00380  -0.00379
       -0.00379  -0.00377  -0.00377  -0.00374  -0.00374  -0.00371  -0.00371  -0.00365  -0.00365
       -0.00365  -0.00359  -0.00359  -0.00359  -0.00358  -0.00356  -0.00356  -0.00356  -0.00356
       -0.00352  -0.00352  -0.00350  -0.00350  -0.00349  -0.00346  -0.00346  -0.00345  -0.00345
       -0.00343  -0.00343  -0.00343  -0.00343  -0.00339  -0.00338  -0.00338  -0.00338  -0.00331
       -0.00327  -0.00327  -0.00326  -0.00326  -0.00324  -0.00324  -0.00318  -0.00318  -0.00318
       -0.00316  -0.00316  -0.00316  -0.00316  -0.00314  -0.00314  -0.00313  -0.00313  -0.00313
       -0.00313  -0.00312  -0.00311  -0.00311  -0.00311  -0.00311  -0.00311  -0.00311  -0.00307
       -0.00307  -0.00305  -0.00305  -0.00303  -0.00298  -0.00298  -0.00297  -0.00296  -0.00295
       -0.00295  -0.00285  -0.00285  -0.00285  -0.00285  -0.00285  -0.00285  -0.00283  -0.00283
       -0.00282  -0.00282  -0.00282  -0.00279  -0.00279  -0.00278  -0.00278  -0.00274  -0.00274
       -0.00270  -0.00269  -0.00268  -0.00268  -0.00266  -0.00266  -0.00266  -0.00265  -0.00265
       -0.00261  -0.00261  -0.00261  -0.00261  -0.00260  -0.00260  -0.00255  -0.00255  -0.00255
       -0.00254  -0.00254  -0.00254  -0.00253  -0.00253  -0.00252  -0.00250  -0.00250  -0.00249
       -0.00246  -0.00246  -0.00245  -0.00245  -0.00244  -0.00244  -0.00244  -0.00244  -0.00244
       -0.00244  -0.00242  -0.00242  -0.00241  -0.00241  -0.00240  -0.00240  -0.00240  -0.00240
       -0.00239  -0.00239  -0.00236  -0.00234  -0.00233  -0.00230  -0.00230  -0.00230  -0.00228
       -0.00228  -0.00228  -0.00228  -0.00223  -0.00223  -0.00221  -0.00221  -0.00221  -0.00221
       -0.00220  -0.00220  -0.00220  -0.00220  -0.00219
        
     --------------------------------------------------------------------------------------------
     Tot. elapsed time 11m-30.2s,  time spent in last iteration 01m-34.1s
     --------------------------------------------------------------------------------------------

     [I/O] -------------------------------------------------------
     [I/O] RESTART written in < 00.1s             
     [I/O] In location   : ./hcl_500.wstat.restart
     [I/O] -------------------------------------------------------

                       *----------*              *----------*               *----------*
     #     Iteration = |        3 |   DFPT_dim = |       15 |   Diago_dim = |     1356 |
                       *----------*              *----------*               *----------*
     per-process dynamical memory   186.4 Mb
  
       
     --------------------------------------------------------------------------------------------
     Sternheimer eq. solver... with threshold =   1.000000E-12           
     --------------------------------------------------------------------------------------------
     in progress... |####################| 100% :               01.9s (E)               01.9s (X)
     --------------------------------------------------------------------------------------------
     p-DIAGOX done in 00.9s with a SCALAPACK grid (12x12)
     --------------------------------------------------------------------------------------------
        
       -1.74016  -1.34566  -1.34565  -1.31393  -0.62334  -0.49881  -0.49881  -0.43750  -0.41253
       -0.41252  -0.40274  -0.40273  -0.33863  -0.31667  -0.31667  -0.30694  -0.30694  -0.28781
       -0.28781  -0.20936  -0.19104  -0.17499  -0.17499  -0.16732  -0.16726  -0.12597  -0.11638
       -0.11638  -0.10854  -0.09872  -0.09872  -0.09436  -0.09436  -0.09196  -0.09196  -0.08795
       -0.08795  -0.08042  -0.07887  -0.07887  -0.07611  -0.07611  -0.07385  -0.07384  -0.06846
       -0.05847  -0.05506  -0.05297  -0.05297  -0.05114  -0.05114  -0.04903  -0.04900  -0.04755
       -0.04755  -0.04277  -0.04277  -0.04265  -0.04237  -0.04237  -0.04141  -0.04141  -0.03929
       -0.03918  -0.03918  -0.03602  -0.03602  -0.03509  -0.03509  -0.03418  -0.03418  -0.03310
       -0.03310  -0.03180  -0.03021  -0.03021  -0.02897  -0.02877  -0.02877  -0.02804  -0.02804
       -0.02781  -0.02781  -0.02748  -0.02594  -0.02594  -0.02450  -0.02356  -0.02356  -0.02250
       -0.02217  -0.02217  -0.02203  -0.02203  -0.02183  -0.02183  -0.02172  -0.02172  -0.02145
       -0.02145  -0.02054  -0.02054  -0.02040  -0.02039  -0.01902  -0.01901  -0.01901  -0.01901
       -0.01901  -0.01855  -0.01855  -0.01759  -0.01759  -0.01758  -0.01636  -0.01636  -0.01633
       -0.01614  -0.01614  -0.01593  -0.01593  -0.01572  -0.01572  -0.01552  -0.01552  -0.01532
       -0.01532  -0.01419  -0.01419  -0.01418  -0.01398  -0.01398  -0.01353  -0.01319  -0.01319
       -0.01314  -0.01314  -0.01301  -0.01301  -0.01289  -0.01289  -0.01289  -0.01279  -0.01279
       -0.01261  -0.01261  -0.01255  -0.01255  -0.01246  -0.01246  -0.01191  -0.01169  -0.01169
       -0.01125  -0.01125  -0.01119  -0.01110  -0.01110  -0.01099  -0.01099  -0.01098  -0.01097
       -0.01051  -0.01051  -0.01040  -0.01040  -0.01015  -0.01000  -0.01000  -0.01000  -0.00999
       -0.00969  -0.00969  -0.00966  -0.00966  -0.00962  -0.00962  -0.00958  -0.00944  -0.00944
       -0.00905  -0.00905  -0.00893  -0.00890  -0.00890  -0.00844  -0.00844  -0.00840  -0.00840
       -0.00831  -0.00831  -0.00830  -0.00820  -0.00820  -0.00811  -0.00811  -0.00800  -0.00800
       -0.00799  -0.00799  -0.00797  -0.00797  -0.00791  -0.00791  -0.00777  -0.00777  -0.00777
       -0.00777  -0.00760  -0.00760  -0.00745  -0.00738  -0.00738  -0.00728  -0.00719  -0.00719
       -0.00708  -0.00708  -0.00706  -0.00706  -0.00695  -0.00695  -0.00694  -0.00693  -0.00693
       -0.00686  -0.00686  -0.00684  -0.00684  -0.00672  -0.00672  -0.00661  -0.00654  -0.00654
       -0.00644  -0.00644  -0.00634  -0.00634  -0.00634  -0.00623  -0.00623  -0.00613  -0.00613
       -0.00608  -0.00608  -0.00604  -0.00604  -0.00602  -0.00601  -0.00601  -0.00575  -0.00575
       -0.00575  -0.00575  -0.00568  -0.00568  -0.00556  -0.00550  -0.00550  -0.00543  -0.00542
       -0.00539  -0.00539  -0.00537  -0.00537  -0.00537  -0.00537  -0.00535  -0.00535  -0.00534
       -0.00525  -0.00525  -0.00516  -0.00516  -0.00514  -0.00514  -0.00514  -0.00514  -0.00507
       -0.00507  -0.00507  -0.00505  -0.00505  -0.00498  -0.00498  -0.00489  -0.00489  -0.00477
       -0.00477  -0.00475  -0.00475  -0.00475  -0.00467  -0.00467  -0.00467  -0.00467  -0.00463
       -0.00463  -0.00459  -0.00459  -0.00458  -0.00458  -0.00457  -0.00457  -0.00449  -0.00449
       -0.00449  -0.00449  -0.00449  -0.00444  -0.00444  -0.00443  -0.00443  -0.00434  -0.00434
       -0.00427  -0.00426  -0.00426  -0.00421  -0.00421  -0.00420  -0.00417  -0.00417  -0.00416
       -0.00416  -0.00408  -0.00408  -0.00407  -0.00407  -0.00407  -0.00407  -0.00399  -0.00399
       -0.00397  -0.00396  -0.00396  -0.00385  -0.00385  -0.00381  -0.00381  -0.00381  -0.00379
       -0.00379  -0.00377  -0.00377  -0.00374  -0.00374  -0.00371  -0.00371  -0.00365  -0.00365
       -0.00365  -0.00359  -0.00359  -0.00359  -0.00359  -0.00356  -0.00356  -0.00356  -0.00356
       -0.00352  -0.00352  -0.00350  -0.00350  -0.00349  -0.00346  -0.00346  -0.00345  -0.00345
       -0.00343  -0.00343  -0.00343  -0.00343  -0.00339  -0.00339  -0.00338  -0.00338  -0.00331
       -0.00327  -0.00327  -0.00326  -0.00326  -0.00324  -0.00324  -0.00318  -0.00318  -0.00318
       -0.00317  -0.00316  -0.00316  -0.00316  -0.00314  -0.00314  -0.00313  -0.00313  -0.00313
       -0.00313  -0.00312  -0.00311  -0.00311  -0.00311  -0.00311  -0.00311  -0.00311  -0.00307
       -0.00307  -0.00305  -0.00305  -0.00303  -0.00298  -0.00298  -0.00297  -0.00297  -0.00295
       -0.00295  -0.00285  -0.00285  -0.00285  -0.00285  -0.00285  -0.00285  -0.00283  -0.00283
       -0.00282  -0.00282  -0.00282  -0.00279  -0.00279  -0.00278  -0.00278  -0.00275  -0.00274
       -0.00270  -0.00270  -0.00268  -0.00268  -0.00266  -0.00266  -0.00266  -0.00265  -0.00265
       -0.00261  -0.00261  -0.00261  -0.00261  -0.00260  -0.00260  -0.00256  -0.00255  -0.00255
       -0.00254  -0.00254  -0.00254  -0.00253  -0.00253  -0.00252  -0.00250  -0.00250  -0.00249
       -0.00246  -0.00246  -0.00245  -0.00245  -0.00244  -0.00244  -0.00244  -0.00244  -0.00244
       -0.00244  -0.00242  -0.00242  -0.00242  -0.00242  -0.00241  -0.00241  -0.00241  -0.00241
       -0.00240  -0.00240  -0.00237  -0.00235  -0.00235  -0.00231  -0.00230  -0.00230  -0.00230
       -0.00229  -0.00229  -0.00228  -0.00224  -0.00224  -0.00222  -0.00222  -0.00222  -0.00221
       -0.00221  -0.00221  -0.00221  -0.00221  -0.00220
        
     --------------------------------------------------------------------------------------------
     Tot. elapsed time 15m-50.8s,  time spent in last iteration 12.2s
     --------------------------------------------------------------------------------------------
      
     --------------------------------------------------------------------------------------------
     Database written in 45.8s               
     In location : ./hcl_500.wstat.save
     --------------------------------------------------------------------------------------------
       
     --------------------------------------------------------------------------------------------
     Convergence achieved !!! in        3 steps                          
     --------------------------------------------------------------------------------------------
 
     WSTAT        :  8m53.56s CPU    17m30.95s WALL

     wstat_readin :      6.13s CPU     40.26s WALL (       1 calls)
     fetch_nml    :      0.00s CPU      0.00s WALL (       1 calls)
     read_xml     :      1.30s CPU      1.55s WALL (       1 calls)
     init_vloc    :      0.11s CPU      0.11s WALL (       2 calls)
     fft          :      0.26s CPU      0.28s WALL (      11 calls)
     fft_scatter  :     57.55s CPU     57.81s WALL (   17997 calls)
     v_of_rho     :      0.29s CPU      0.31s WALL (       1 calls)
     v_xc         :      0.26s CPU      0.28s WALL (       1 calls)
     v_h          :      0.03s CPU      0.04s WALL (       1 calls)
     read_wave    :      4.81s CPU     38.66s WALL (       1 calls)
     davcio       :      0.00s CPU      1.05s WALL (       2 calls)
     init_us_1    :      0.16s CPU      0.16s WALL (       2 calls)
     do_setup     :      0.30s CPU      0.32s WALL (       1 calls)
     init_pw_ar   :      0.30s CPU      0.32s WALL (       1 calls)
     init_at_1    :      0.00s CPU      0.00s WALL (       1 calls)
     storesqvc    :      0.01s CPU      0.01s WALL (       1 calls)
     chidiago     :    527.09s CPU   1010.28s WALL (       1 calls)
     randomize    :      1.15s CPU      1.16s WALL (       1 calls)
     paramgs      :     16.01s CPU     16.16s WALL (       5 calls)
     dfpt         :    280.18s CPU    282.14s WALL (       5 calls)
     init_us_2    :      0.01s CPU      0.01s WALL (       5 calls)
     fftw         :    165.20s CPU    166.25s WALL (   17986 calls)
     alphapc      :      0.24s CPU      0.21s WALL (     186 calls)
     wstat_restar :    181.87s CPU    621.07s WALL (       4 calls)
     linstern     :    217.44s CPU    218.91s WALL (     136 calls)
     stern        :    210.10s CPU    211.33s WALL (    4492 calls)
     h_psi_bgrp   :    206.57s CPU    207.90s WALL (    4492 calls)
     h_psi        :    206.56s CPU    207.89s WALL (    4492 calls)
     h_psi:pot    :    205.83s CPU    207.06s WALL (    4492 calls)
     vloc_psi     :    197.52s CPU    198.92s WALL (    4492 calls)
     h_psi:calbec :      7.12s CPU      5.86s WALL (    4492 calls)
     calbec       :      7.10s CPU      5.84s WALL (    4492 calls)
     add_vuspsi   :      1.14s CPU      2.24s WALL (    4492 calls)
     alphapv      :      2.54s CPU      2.32s WALL (    4492 calls)
     build_hr     :      8.93s CPU      9.92s WALL (       4 calls)
     diagox       :      2.93s CPU      2.99s WALL (       4 calls)
     redistr_vr   :      0.42s CPU      0.44s WALL (       3 calls)
     update_vr    :     14.01s CPU     15.69s WALL (       3 calls)
     symm_hr      :      0.43s CPU      0.45s WALL (       3 calls)
     chidiago:las :      0.00s CPU      0.00s WALL (       1 calls)
     refresh_vr   :      6.17s CPU      6.49s WALL (       1 calls)
     pdep_db      :     14.01s CPU     45.85s WALL (       1 calls)
 
     WSTAT        :  8m53.56s CPU    17m30.95s WALL

 
   This run was terminated on:  13:50:25   4Jul2018            

=------------------------------------------------------------------------------=
   JOB DONE.
=------------------------------------------------------------------------------=
