
     Program WSTAT v. 2.0.0 starts on  4Jul2018 at 13: 6:12 

     This program is part of the open-source West suite
     for massively parallel calculations of excited states in materials; please cite
         "M. Govoni et al., J. Chem. Theory Comput. 11, 2680 (2015);
          URL http://www.west-code.org", 
     in publications or presentations arising from this work.

     Based on the Quantum ESPRESSO v. 6.1 svn rev. 13369
       
     --------------------------------------------------------------------------------------------
     **MPI** Parallelization Status                                      
     --------------------------------------------------------------------------------------------
                   160                  10             1             1            16
     --------------------------------------------------------------------------------------------
                     N         =         I      X      P      X      B      X      Z
                     ^                   ^             ^             ^             ^
                     |                   |             |             |             |
                   #rnk                  |             |             |             |
                                      #image           |             |             |
                                                     #pool           |             |
                                                                   #bgrp           |
                                                                                 #R&G
     --------------------------------------------------------------------------------------------
     **OPENMP** Parallelization Status
     #thr/rnk               =            1
     --------------------------------------------------------------------------------------------
     #prc = (rnk) * (thr) =          160
     --------------------------------------------------------------------------------------------
       
     --------------------------------------------------------------------------------------------
     I/O Summary : input_west                                            
     --------------------------------------------------------------------------------------------
     qe_prefix      = hcl
     west_prefix    = hcl
     outdir         = ./
     --------------------------------------------------------------------------------------------
       
     --------------------------------------------------------------------------------------------
     I/O Summary : wstat_control                                         
     --------------------------------------------------------------------------------------------
     wstat_calculation              =              S
     n_pdep_eigen                   =            100
     n_kin_pdep_eigen               =            400
     n_lindhard_eigen               =              0
     n_pdep_times                   =              4
     n_pdep_maxiter                 =            100
     n_dfpt_maxiter                 =            250
     n_pdep_read_from_file          =              0
     trev_pdep                      =   1.000000E-03
     trev_pdep_rel                  =   1.000000E-01
     tr2_dfpt                       =   1.000000E-12
     l_kinetic_only                 =              F
     l_minimize_exx_if_active       =              F
     l_use_ecutrho                  =              F
     l_pure_eigen                   =              F
     --------------------------------------------------------------------------------------------

     Reading data from directory:
     ./hcl.save

   Info: using nr1, nr2, nr3 values from input

   Info: using nr1, nr2, nr3 values from input

     IMPORTANT: XC functional enforced from input :
     Exchange-correlation      = PBE ( 1  4  3  4 0 0)
     Any further DFT definition will be discarded
     Please, verify this is what you really want

     Message from routine readpp:
     file ./hcl.save/Cl_ONCV_PBE-1.0.upf not found
     Message from routine readpp:
     file ./hcl.save/H_ONCV_PBE-1.0.upf not found
 
     Parallelization info
     --------------------
     sticks:   dense  smooth     PW     G-vecs:    dense   smooth      PW
     Min        1520    1520    379               178660   178660   22323
     Max        1522    1522    384               178666   178666   22328
     Sum       24345   24345   6093              2858633  2858633  357213
 
       
     --------------------------------------------------------------------------------------------
     System Overview                                                     
     --------------------------------------------------------------------------------------------
     gamma_only           =              T
     ecutwfc [Ry]         =      85.000000
     omega [au^3]         =   2.700000E+04
     glob. #G             =         178607
     nbnd                 =            100
     nkstot               =              1
     nspin                =              1
     nelec                =       8.000000
     npol                 =              1
     lsda                 =              F
     noncolin             =              F
     lspinorb             =              F
     domag                =              F
     --------------------------------------------------------------------------------------------

     sFFT G-space:  1429317 G-vectors     R-space: ( 180, 180, 180)
     dFFT G-space:  1429317 G-vectors     R-space: ( 180, 180, 180)

     Cell [a.u.]          =      30.000000      0.000000      0.000000
                          =       0.000000     30.000000      0.000000
                          =       0.000000      0.000000     30.000000
      
     number of ks points=     1
                       cart. coord. in units 2pi/alat
        k(    1) = (   0.0000000   0.0000000   0.0000000), wk =   2.0000000

                       cryst. coord.
        k(    1) = (   0.0000000   0.0000000   0.0000000), wk =   2.0000000
 
     Spherical div        =   1.654268E-01
     Orthorombic div      =   1.628502E-01
       
     --------------------------------------------------------------------------------------------
     Parallelization for nvecx                                           
     --------------------------------------------------------------------------------------------
     nglob                =            400
     nlevel               =             10
     Min nglob/nlevel     =             40
     Max nglob/nlevel     =             40
     --------------------------------------------------------------------------------------------

     [MEM] ----------------------------------------------------------
     [MEM] **Memory** analysis: QE
     [MEM] ----------------------------------------------------------
     [MEM] Allocated arrays           est. size (Mb)     dimensions
     [MEM] ----------------------------------------------------------
     [MEM] Kohn-Sham Wavefunctions      17.03 Mb     (  11164,  100)
     [MEM] NL pseudopotentials           1.70 Mb     (  11164,   10)
     [MEM] Each V/rho on FFT grid        5.93 Mb     ( 388800)
     [MEM] Each G-vector array           0.68 Mb     (  89333)
     [MEM] G-vector shells               0.05 Mb     (   6125)
     [MEM] ----------------------------------------------------------
     [MEM] TOT                          25.40 Mb
     [MEM] ----------------------------------------------------------
     [MEM] 
     [MEM] ----------------------------------------------------------
     [MEM] **Memory** analysis: WSTAT global
     [MEM] ----------------------------------------------------------
     [MEM] Allocated arrays           est. size (Mb)     dimensions
     [MEM] ----------------------------------------------------------
     [MEM] dvg                           6.81 Mb     (  11164,   40)
     [MEM] dng                           6.81 Mb     (  11164,   40)
     [MEM] hr_distr                      0.12 Mb     (    400,   40)
     [MEM] vr_distr                      0.12 Mb     (    400,   40)
     [MEM] ----------------------------------------------------------
     [MEM] TOT                          13.87 Mb
     [MEM] ----------------------------------------------------------
     [MEM] 
     [MEM] ----------------------------------------------------------
     [MEM] **Memory** analysis: WSTAT temporary
     [MEM] ----------------------------------------------------------
     [MEM] Allocated arrays           est. size (Mb)     dimensions
     [MEM] ----------------------------------------------------------
     [MEM] dvpsi                         0.68 Mb     (  11164,    4)
     [MEM] dpsi                          0.68 Mb     (  11164,    4)
     [MEM] ----------------------------------------------------------
     [MEM] Total estimate                1.36 Mb
     [MEM] ----------------------------------------------------------

                       *----------*              *----------*               *----------*
     #     Iteration = | starting |   DFPT_dim = |      100 |   Diago_dim = |      100 |  x 1/2
                       *----------*              *----------*               *----------*
     per-process dynamical memory   117.7 Mb
  
       
     --------------------------------------------------------------------------------------------
     Sternheimer eq. solver... with lite-solver                          
     --------------------------------------------------------------------------------------------
     in progress... |##                  | 010% :               00.1s (E)               01.5s (X)
     in progress... |####                | 020% :               00.3s (E)               01.5s (X)
     in progress... |######              | 030% :               00.4s (E)               01.5s (X)
     in progress... |########            | 040% :               00.6s (E)               01.5s (X)
     in progress... |##########          | 050% :               00.7s (E)               01.5s (X)
     in progress... |############        | 060% :               00.9s (E)               01.5s (X)
     in progress... |##############      | 070% :               01.0s (E)               01.5s (X)
     in progress... |################    | 080% :               01.2s (E)               01.5s (X)
     in progress... |##################  | 090% :               01.3s (E)               01.5s (X)
     in progress... |####################| 100% :               01.5s (E)               01.5s (X)
     --------------------------------------------------------------------------------------------

     [I/O] -------------------------------------------------------
     [I/O] RESTART written in < 00.1s             
     [I/O] In location   : ./hcl_100_400.wstat.restart
     [I/O] -------------------------------------------------------

                       *----------*              *----------*               *----------*
     #     Iteration = | starting |   DFPT_dim = |      100 |   Diago_dim = |      100 |  x 2/2
                       *----------*              *----------*               *----------*
     per-process dynamical memory   123.8 Mb
  
       
     --------------------------------------------------------------------------------------------
     Sternheimer eq. solver... with threshold =   1.000000E-06           
     --------------------------------------------------------------------------------------------
     in progress... |##                  | 010% :               01.4s (E)               14.6s (X)
     in progress... |####                | 020% :               02.9s (E)               14.5s (X)
     in progress... |######              | 030% :               04.3s (E)               14.5s (X)
     in progress... |########            | 040% :               05.8s (E)               14.5s (X)
     in progress... |##########          | 050% :               07.2s (E)               14.4s (X)
     in progress... |############        | 060% :               08.5s (E)               14.3s (X)
     in progress... |##############      | 070% :               09.9s (E)               14.2s (X)
     in progress... |################    | 080% :               11.3s (E)               14.2s (X)
     in progress... |##################  | 090% :               12.7s (E)               14.1s (X)
     in progress... |####################| 100% :               14.1s (E)               14.1s (X)
     --------------------------------------------------------------------------------------------
     p-DIAGOX done in < 00.1s with a SCALAPACK grid (3x3)
     --------------------------------------------------------------------------------------------
        
       -1.71477  -1.34422  -1.34388  -1.16354  -0.57730  -0.49173  -0.49092  -0.42084  -0.40968
       -0.40900  -0.39655  -0.39461  -0.32636  -0.31278  -0.30993  -0.29910  -0.29902  -0.27937
       -0.27757  -0.19694  -0.18009  -0.16668  -0.16484  -0.16027  -0.15541  -0.11391  -0.10878
       -0.10522  -0.09860  -0.09289  -0.09048  -0.08803  -0.08680  -0.08430  -0.08333  -0.08061
       -0.07827  -0.07146  -0.06813  -0.06678  -0.06652  -0.06374  -0.06158  -0.05869  -0.05203
       -0.04625  -0.04484  -0.04305  -0.04169  -0.04055  -0.03937  -0.03902  -0.03688  -0.03670
       -0.03511  -0.03420  -0.03355  -0.03248  -0.03187  -0.02952  -0.02900  -0.02855  -0.02671
       -0.02480  -0.02446  -0.02363  -0.02323  -0.02231  -0.02147  -0.02102  -0.02063  -0.01987
       -0.01960  -0.01851  -0.01773  -0.01767  -0.01695  -0.01654  -0.01581  -0.01578  -0.01530
       -0.01446  -0.01425  -0.01398  -0.01316  -0.01280  -0.01224  -0.01202  -0.01141  -0.01098
       -0.01079  -0.01025  -0.00979  -0.00969  -0.00931  -0.00887  -0.00855  -0.00822  -0.00760
       -0.00690
        
     --------------------------------------------------------------------------------------------
     Tot. elapsed time 38.4s,  time spent in last iteration 38.4s
     --------------------------------------------------------------------------------------------

     [I/O] -------------------------------------------------------
     [I/O] RESTART written in < 00.1s             
     [I/O] In location   : ./hcl_100_400.wstat.restart
     [I/O] -------------------------------------------------------

                       *----------*              *----------*               *----------*
     #     Iteration = |        1 |   DFPT_dim = |      100 |   Diago_dim = |      200 |
                       *----------*              *----------*               *----------*
     per-process dynamical memory   131.7 Mb
  
       
     --------------------------------------------------------------------------------------------
     Sternheimer eq. solver... with threshold =   1.000000E-12           
     --------------------------------------------------------------------------------------------
     in progress... |##                  | 010% :               02.3s (E)               23.0s (X)
     in progress... |####                | 020% :               04.5s (E)               22.5s (X)
     in progress... |######              | 030% :               06.7s (E)               22.4s (X)
     in progress... |########            | 040% :               08.8s (E)               22.2s (X)
     in progress... |##########          | 050% :               11.0s (E)               22.1s (X)
     in progress... |############        | 060% :               13.2s (E)               22.0s (X)
     in progress... |##############      | 070% :               15.4s (E)               22.0s (X)
     in progress... |################    | 080% :               17.6s (E)               22.0s (X)
     in progress... |##################  | 090% :               19.7s (E)               21.9s (X)
     in progress... |####################| 100% :               21.9s (E)               21.9s (X)
     --------------------------------------------------------------------------------------------
     p-DIAGOX done in < 00.1s with a SCALAPACK grid (6x6)
     --------------------------------------------------------------------------------------------
        
       -1.74016  -1.34566  -1.34565  -1.31392  -0.62334  -0.49881  -0.49881  -0.43750  -0.41253
       -0.41252  -0.40274  -0.40273  -0.33863  -0.31667  -0.31667  -0.30694  -0.30694  -0.28781
       -0.28781  -0.20935  -0.19103  -0.17498  -0.17497  -0.16731  -0.16723  -0.12594  -0.11636
       -0.11633  -0.10850  -0.09868  -0.09867  -0.09431  -0.09429  -0.09191  -0.09187  -0.08791
       -0.08787  -0.08025  -0.07880  -0.07877  -0.07603  -0.07597  -0.07374  -0.07371  -0.06796
       -0.05813  -0.05482  -0.05282  -0.05274  -0.05089  -0.05078  -0.04877  -0.04843  -0.04737
       -0.04729  -0.04252  -0.04250  -0.04213  -0.04198  -0.04179  -0.04101  -0.04079  -0.03884
       -0.03856  -0.03825  -0.03533  -0.03515  -0.03433  -0.03417  -0.03347  -0.03320  -0.03253
       -0.03192  -0.03050  -0.02930  -0.02913  -0.02810  -0.02780  -0.02763  -0.02720  -0.02685
       -0.02653  -0.02639  -0.02562  -0.02485  -0.02441  -0.02287  -0.02231  -0.02168  -0.02124
       -0.02087  -0.02080  -0.02039  -0.02007  -0.01989  -0.01980  -0.01956  -0.01952  -0.01916
       -0.01898
        
     --------------------------------------------------------------------------------------------
     Tot. elapsed time 01m-23.7s,  time spent in last iteration 26.4s
     --------------------------------------------------------------------------------------------

     [I/O] -------------------------------------------------------
     [I/O] RESTART written in < 00.1s             
     [I/O] In location   : ./hcl_100_400.wstat.restart
     [I/O] -------------------------------------------------------

                       *----------*              *----------*               *----------*
     #     Iteration = |        2 |   DFPT_dim = |      100 |   Diago_dim = |      300 |
                       *----------*              *----------*               *----------*
     per-process dynamical memory   131.7 Mb
  
       
     --------------------------------------------------------------------------------------------
     Sternheimer eq. solver... with threshold =   1.000000E-12           
     --------------------------------------------------------------------------------------------
     in progress... |##                  | 010% :               02.1s (E)               21.6s (X)
     in progress... |####                | 020% :               04.3s (E)               21.8s (X)
     in progress... |######              | 030% :               06.4s (E)               21.6s (X)
     in progress... |########            | 040% :               08.6s (E)               21.7s (X)
     in progress... |##########          | 050% :               10.8s (E)               21.6s (X)
     in progress... |############        | 060% :               13.0s (E)               21.6s (X)
     in progress... |##############      | 070% :               15.1s (E)               21.6s (X)
     in progress... |################    | 080% :               17.3s (E)               21.6s (X)
     in progress... |##################  | 090% :               19.4s (E)               21.6s (X)
     in progress... |####################| 100% :               21.5s (E)               21.5s (X)
     --------------------------------------------------------------------------------------------
     p-DIAGOX done in < 00.1s with a SCALAPACK grid (9x9)
     --------------------------------------------------------------------------------------------
        
       -1.74016  -1.34566  -1.34565  -1.31393  -0.62334  -0.49881  -0.49881  -0.43750  -0.41253
       -0.41252  -0.40274  -0.40273  -0.33863  -0.31667  -0.31667  -0.30694  -0.30694  -0.28781
       -0.28781  -0.20936  -0.19104  -0.17499  -0.17499  -0.16732  -0.16726  -0.12597  -0.11638
       -0.11638  -0.10854  -0.09872  -0.09872  -0.09436  -0.09436  -0.09196  -0.09196  -0.08795
       -0.08795  -0.08042  -0.07887  -0.07887  -0.07611  -0.07611  -0.07385  -0.07384  -0.06846
       -0.05847  -0.05506  -0.05297  -0.05297  -0.05114  -0.05114  -0.04903  -0.04900  -0.04755
       -0.04755  -0.04277  -0.04277  -0.04264  -0.04237  -0.04237  -0.04141  -0.04141  -0.03928
       -0.03918  -0.03918  -0.03601  -0.03601  -0.03508  -0.03507  -0.03417  -0.03416  -0.03310
       -0.03309  -0.03178  -0.03019  -0.03018  -0.02893  -0.02876  -0.02875  -0.02803  -0.02801
       -0.02778  -0.02777  -0.02744  -0.02591  -0.02590  -0.02443  -0.02350  -0.02343  -0.02244
       -0.02209  -0.02205  -0.02196  -0.02189  -0.02174  -0.02173  -0.02164  -0.02162  -0.02137
       -0.02131
        
     --------------------------------------------------------------------------------------------
     Tot. elapsed time 02m-28.4s,  time spent in last iteration 26.0s
     --------------------------------------------------------------------------------------------

     [I/O] -------------------------------------------------------
     [I/O] RESTART written in < 00.1s             
     [I/O] In location   : ./hcl_100_400.wstat.restart
     [I/O] -------------------------------------------------------

                       *----------*              *----------*               *----------*
     #     Iteration = |        3 |   DFPT_dim = |       24 |   Diago_dim = |      324 |
                       *----------*              *----------*               *----------*
     per-process dynamical memory   131.7 Mb
  
       
     --------------------------------------------------------------------------------------------
     Sternheimer eq. solver... with threshold =   1.000000E-12           
     --------------------------------------------------------------------------------------------
     in progress... |######              | 030% :               02.1s (E)               07.2s (X)
     in progress... |#############       | 065% :               04.3s (E)               06.6s (X)
     in progress... |####################| 100% :               06.4s (E)               06.4s (X)
     --------------------------------------------------------------------------------------------
     p-DIAGOX done in 00.1s with a SCALAPACK grid (10x10)
     --------------------------------------------------------------------------------------------
        
       -1.74016  -1.34566  -1.34565  -1.31393  -0.62334  -0.49881  -0.49881  -0.43750  -0.41253
       -0.41252  -0.40274  -0.40273  -0.33863  -0.31667  -0.31667  -0.30694  -0.30694  -0.28781
       -0.28781  -0.20936  -0.19104  -0.17499  -0.17499  -0.16732  -0.16726  -0.12597  -0.11638
       -0.11638  -0.10854  -0.09872  -0.09872  -0.09436  -0.09436  -0.09196  -0.09196  -0.08795
       -0.08795  -0.08042  -0.07887  -0.07887  -0.07611  -0.07611  -0.07385  -0.07384  -0.06846
       -0.05847  -0.05506  -0.05297  -0.05297  -0.05114  -0.05114  -0.04903  -0.04900  -0.04755
       -0.04755  -0.04277  -0.04277  -0.04265  -0.04237  -0.04237  -0.04141  -0.04141  -0.03929
       -0.03918  -0.03918  -0.03602  -0.03602  -0.03509  -0.03509  -0.03418  -0.03417  -0.03310
       -0.03310  -0.03180  -0.03021  -0.03020  -0.02895  -0.02877  -0.02876  -0.02804  -0.02803
       -0.02781  -0.02781  -0.02748  -0.02594  -0.02594  -0.02450  -0.02355  -0.02355  -0.02250
       -0.02217  -0.02217  -0.02203  -0.02202  -0.02183  -0.02183  -0.02171  -0.02171  -0.02145
       -0.02145
        
     --------------------------------------------------------------------------------------------
     Tot. elapsed time 03m-35.4s,  time spent in last iteration 08.7s
     --------------------------------------------------------------------------------------------
      
     --------------------------------------------------------------------------------------------
     Database written in 09.2s               
     In location : ./hcl_100_400.wstat.save
     --------------------------------------------------------------------------------------------
       
     --------------------------------------------------------------------------------------------
     Convergence achieved !!! in        3 steps                          
     --------------------------------------------------------------------------------------------
       
     --------------------------------------------------------------------------------------------
     ** Now compute kinetic eigenpotentials **                           
     --------------------------------------------------------------------------------------------
       
     --------------------------------------------------------------------------------------------
     Parallelization for newnvecx                                        
     --------------------------------------------------------------------------------------------
     nglob                =           1600
     nlevel               =             10
     Min nglob/nlevel     =            160
     Max nglob/nlevel     =            160
     --------------------------------------------------------------------------------------------
       
     --------------------------------------------------------------------------------------------
     Parallelization for merge_nvecx                                     
     --------------------------------------------------------------------------------------------
     nglob                =           2000
     nlevel               =             10
     Min nglob/nlevel     =            200
     Max nglob/nlevel     =            200
     --------------------------------------------------------------------------------------------

                       *----------*              *----------*               *----------*
     #     Iteration = | starting |   DFPT_dim = |      400 |   Diago_dim = |      400 |  x 1/2
                       *----------*              *----------*               *----------*
       
     --------------------------------------------------------------------------------------------
     Applying projection operator formed by dvg                          
     --------------------------------------------------------------------------------------------
     per-process dynamical memory   230.8 Mb
  
       
     --------------------------------------------------------------------------------------------
     Sternheimer eq. solver... with lite-solver                          
     --------------------------------------------------------------------------------------------
     in progress... |#                   | 005% :               00.3s (E)               06.0s (X)
     in progress... |##                  | 010% :               00.5s (E)               05.9s (X)
     in progress... |###                 | 015% :               00.8s (E)               05.9s (X)
     in progress... |####                | 020% :               01.1s (E)               05.9s (X)
     in progress... |#####               | 025% :               01.4s (E)               05.9s (X)
     in progress... |######              | 030% :               01.8s (E)               06.0s (X)
     in progress... |#######             | 035% :               02.0s (E)               05.9s (X)
     in progress... |########            | 040% :               02.3s (E)               05.9s (X)
     in progress... |#########           | 045% :               02.6s (E)               05.9s (X)
     in progress... |##########          | 050% :               02.9s (E)               05.9s (X)
     in progress... |###########         | 055% :               03.2s (E)               05.9s (X)
     in progress... |############        | 060% :               03.5s (E)               05.9s (X)
     in progress... |#############       | 065% :               03.8s (E)               05.9s (X)
     in progress... |##############      | 070% :               04.1s (E)               05.9s (X)
     in progress... |###############     | 075% :               04.4s (E)               05.9s (X)
     in progress... |################    | 080% :               04.7s (E)               05.9s (X)
     in progress... |#################   | 085% :               05.0s (E)               05.9s (X)
     in progress... |##################  | 090% :               05.3s (E)               05.9s (X)
     in progress... |################### | 095% :               05.6s (E)               05.9s (X)
     in progress... |####################| 100% :               05.9s (E)               05.9s (X)
       
     --------------------------------------------------------------------------------------------
     Applying projection operator formed by dvg                          
     --------------------------------------------------------------------------------------------
     --------------------------------------------------------------------------------------------

     [I/O] -------------------------------------------------------
     [I/O] RESTART written in < 00.1s             
     [I/O] In location   : ./hcl_100_400.wstat.restart
     [I/O] -------------------------------------------------------

                       *----------*              *----------*               *----------*
     #     Iteration = | starting |   DFPT_dim = |      400 |   Diago_dim = |      400 |  x 2/2
                       *----------*              *----------*               *----------*
       
     --------------------------------------------------------------------------------------------
     Applying projection operator formed by dvg                          
     --------------------------------------------------------------------------------------------
     per-process dynamical memory   230.8 Mb
  
       
     --------------------------------------------------------------------------------------------
     Sternheimer eq. solver... with threshold =   1.000000E-06           
     --------------------------------------------------------------------------------------------
     in progress... |#                   | 005% :               00.3s (E)               07.8s (X)
     in progress... |##                  | 010% :               00.7s (E)               07.8s (X)
     in progress... |###                 | 015% :               01.1s (E)               07.7s (X)
     in progress... |####                | 020% :               01.5s (E)               07.7s (X)
     in progress... |#####               | 025% :               01.9s (E)               07.7s (X)
     in progress... |######              | 030% :               02.3s (E)               07.7s (X)
     in progress... |#######             | 035% :               02.7s (E)               07.7s (X)
     in progress... |########            | 040% :               03.0s (E)               07.7s (X)
     in progress... |#########           | 045% :               03.4s (E)               07.7s (X)
     in progress... |##########          | 050% :               03.8s (E)               07.6s (X)
     in progress... |###########         | 055% :               04.2s (E)               07.6s (X)
     in progress... |############        | 060% :               04.6s (E)               07.6s (X)
     in progress... |#############       | 065% :               04.9s (E)               07.6s (X)
     in progress... |##############      | 070% :               05.3s (E)               07.6s (X)
     in progress... |###############     | 075% :               05.7s (E)               07.6s (X)
     in progress... |################    | 080% :               06.1s (E)               07.6s (X)
     in progress... |#################   | 085% :               06.5s (E)               07.6s (X)
     in progress... |##################  | 090% :               06.8s (E)               07.6s (X)
     in progress... |################### | 095% :               07.2s (E)               07.6s (X)
     in progress... |####################| 100% :               07.6s (E)               07.6s (X)
       
     --------------------------------------------------------------------------------------------
     Applying projection operator formed by dvg                          
     --------------------------------------------------------------------------------------------
     --------------------------------------------------------------------------------------------
     p-DIAGOX done in 00.3s with a SCALAPACK grid (12x12)
     --------------------------------------------------------------------------------------------
        
       -0.01753  -0.01752  -0.01703  -0.01701  -0.01643  -0.01641  -0.01639  -0.01637  -0.01604
       -0.01602  -0.01600  -0.01494  -0.01490  -0.01462  -0.01392  -0.01392  -0.01390  -0.01389
       -0.01382  -0.01358  -0.01354  -0.01330  -0.01327  -0.01320  -0.01316  -0.01266  -0.01264
       -0.01243  -0.01237  -0.01187  -0.01183  -0.01179  -0.01162  -0.01157  -0.01135  -0.01130
       -0.01127  -0.01118  -0.01112  -0.01111  -0.01106  -0.01105  -0.01101  -0.01101  -0.01098
       -0.01088  -0.01084  -0.01074  -0.01069  -0.01035  -0.01021  -0.01011  -0.00989  -0.00986
       -0.00974  -0.00968  -0.00964  -0.00962  -0.00959  -0.00943  -0.00934  -0.00924  -0.00885
       -0.00880  -0.00867  -0.00865  -0.00855  -0.00853  -0.00844  -0.00821  -0.00819  -0.00807
       -0.00804  -0.00798  -0.00794  -0.00793  -0.00786  -0.00781  -0.00777  -0.00775  -0.00771
       -0.00766  -0.00729  -0.00725  -0.00723  -0.00716  -0.00700  -0.00690  -0.00686  -0.00683
       -0.00681  -0.00677  -0.00672  -0.00668  -0.00667  -0.00662  -0.00659  -0.00655  -0.00650
       -0.00648  -0.00647  -0.00645  -0.00635  -0.00635  -0.00628  -0.00626  -0.00615  -0.00607
       -0.00603  -0.00599  -0.00597  -0.00586  -0.00585  -0.00582  -0.00578  -0.00574  -0.00570
       -0.00565  -0.00559  -0.00554  -0.00548  -0.00546  -0.00539  -0.00539  -0.00534  -0.00531
       -0.00529  -0.00524  -0.00520  -0.00518  -0.00516  -0.00511  -0.00504  -0.00502  -0.00498
       -0.00495  -0.00488  -0.00483  -0.00481  -0.00479  -0.00478  -0.00472  -0.00468  -0.00466
       -0.00464  -0.00458  -0.00455  -0.00452  -0.00449  -0.00445  -0.00439  -0.00436  -0.00433
       -0.00431  -0.00425  -0.00418  -0.00416  -0.00414  -0.00413  -0.00411  -0.00407  -0.00406
       -0.00404  -0.00400  -0.00399  -0.00395  -0.00393  -0.00391  -0.00389  -0.00384  -0.00382
       -0.00380  -0.00376  -0.00374  -0.00373  -0.00370  -0.00366  -0.00364  -0.00362  -0.00360
       -0.00358  -0.00354  -0.00349  -0.00347  -0.00346  -0.00345  -0.00342  -0.00340  -0.00336
       -0.00334  -0.00330  -0.00327  -0.00325  -0.00324  -0.00321  -0.00320  -0.00317  -0.00315
       -0.00313  -0.00313  -0.00309  -0.00307  -0.00305  -0.00302  -0.00300  -0.00298  -0.00298
       -0.00296  -0.00293  -0.00290  -0.00289  -0.00286  -0.00283  -0.00282  -0.00280  -0.00279
       -0.00276  -0.00276  -0.00273  -0.00271  -0.00268  -0.00265  -0.00264  -0.00261  -0.00261
       -0.00259  -0.00258  -0.00256  -0.00255  -0.00253  -0.00251  -0.00250  -0.00249  -0.00247
       -0.00246  -0.00245  -0.00244  -0.00241  -0.00239  -0.00236  -0.00235  -0.00234  -0.00231
       -0.00231  -0.00230  -0.00227  -0.00226  -0.00224  -0.00223  -0.00221  -0.00221  -0.00218
       -0.00216  -0.00215  -0.00214  -0.00212  -0.00210  -0.00210  -0.00207  -0.00206  -0.00204
       -0.00203  -0.00201  -0.00201  -0.00200  -0.00199  -0.00198  -0.00195  -0.00193  -0.00191
       -0.00191  -0.00190  -0.00187  -0.00186  -0.00185  -0.00183  -0.00181  -0.00180  -0.00179
       -0.00177  -0.00177  -0.00176  -0.00175  -0.00173  -0.00172  -0.00170  -0.00169  -0.00168
       -0.00166  -0.00165  -0.00165  -0.00164  -0.00162  -0.00161  -0.00160  -0.00158  -0.00157
       -0.00157  -0.00155  -0.00153  -0.00153  -0.00152  -0.00150  -0.00150  -0.00148  -0.00147
       -0.00146  -0.00144  -0.00143  -0.00142  -0.00141  -0.00140  -0.00139  -0.00137  -0.00136
       -0.00134  -0.00134  -0.00133  -0.00131  -0.00130  -0.00130  -0.00128  -0.00128  -0.00126
       -0.00126  -0.00124  -0.00123  -0.00123  -0.00122  -0.00122  -0.00120  -0.00119  -0.00118
       -0.00117  -0.00115  -0.00114  -0.00113  -0.00113  -0.00112  -0.00111  -0.00109  -0.00108
       -0.00108  -0.00107  -0.00106  -0.00105  -0.00104  -0.00102  -0.00102  -0.00101  -0.00100
       -0.00099  -0.00097  -0.00096  -0.00096  -0.00095  -0.00094  -0.00093  -0.00092  -0.00092
       -0.00091  -0.00090  -0.00089  -0.00087  -0.00087  -0.00085  -0.00084  -0.00083  -0.00083
       -0.00082  -0.00081  -0.00080  -0.00078  -0.00078  -0.00077  -0.00076  -0.00075  -0.00074
       -0.00074  -0.00072  -0.00071  -0.00070  -0.00070  -0.00069  -0.00068  -0.00068  -0.00067
       -0.00067  -0.00064  -0.00063  -0.00063  -0.00062  -0.00060  -0.00059  -0.00058  -0.00057
       -0.00056  -0.00055  -0.00052  -0.00043
        
     --------------------------------------------------------------------------------------------
     Tot. elapsed time 01m-35.0s,  time spent in last iteration 01m-35.0s
     --------------------------------------------------------------------------------------------

     [I/O] -------------------------------------------------------
     [I/O] RESTART written in < 00.1s             
     [I/O] In location   : ./hcl_100_400.wstat.restart
     [I/O] -------------------------------------------------------

                       *----------*              *----------*               *----------*
     #     Iteration = |        1 |   DFPT_dim = |      400 |   Diago_dim = |      800 |
                       *----------*              *----------*               *----------*
       
     --------------------------------------------------------------------------------------------
     Applying projection operator formed by dvg                          
     --------------------------------------------------------------------------------------------
     per-process dynamical memory   223.0 Mb
  
       
     --------------------------------------------------------------------------------------------
     Sternheimer eq. solver... with threshold =   1.000000E-12           
     --------------------------------------------------------------------------------------------
     in progress... |#                   | 005% :               00.4s (E)               08.9s (X)
     in progress... |##                  | 010% :               00.8s (E)               08.9s (X)
     in progress... |###                 | 015% :               01.3s (E)               08.9s (X)
     in progress... |####                | 020% :               01.7s (E)               08.9s (X)
     in progress... |#####               | 025% :               02.2s (E)               08.9s (X)
     in progress... |######              | 030% :               02.6s (E)               08.9s (X)
     in progress... |#######             | 035% :               03.1s (E)               08.9s (X)
     in progress... |########            | 040% :               03.5s (E)               08.9s (X)
     in progress... |#########           | 045% :               04.0s (E)               08.9s (X)
     in progress... |##########          | 050% :               04.4s (E)               08.9s (X)
     in progress... |###########         | 055% :               04.9s (E)               08.9s (X)
     in progress... |############        | 060% :               05.3s (E)               08.9s (X)
     in progress... |#############       | 065% :               05.8s (E)               08.9s (X)
     in progress... |##############      | 070% :               06.2s (E)               08.9s (X)
     in progress... |###############     | 075% :               06.6s (E)               08.9s (X)
     in progress... |################    | 080% :               07.1s (E)               08.8s (X)
     in progress... |#################   | 085% :               07.5s (E)               08.8s (X)
     in progress... |##################  | 090% :               08.0s (E)               08.8s (X)
     in progress... |################### | 095% :               08.4s (E)               08.8s (X)
     in progress... |####################| 100% :               08.8s (E)               08.8s (X)
       
     --------------------------------------------------------------------------------------------
     Applying projection operator formed by dvg                          
     --------------------------------------------------------------------------------------------
     --------------------------------------------------------------------------------------------
     p-DIAGOX done in 00.4s with a SCALAPACK grid (12x12)
     --------------------------------------------------------------------------------------------
        
       -0.01770  -0.01770  -0.01710  -0.01708  -0.01659  -0.01659  -0.01654  -0.01654  -0.01621
       -0.01617  -0.01617  -0.01506  -0.01505  -0.01483  -0.01413  -0.01413  -0.01409  -0.01409
       -0.01406  -0.01370  -0.01369  -0.01357  -0.01357  -0.01334  -0.01333  -0.01276  -0.01276
       -0.01275  -0.01275  -0.01218  -0.01202  -0.01202  -0.01191  -0.01191  -0.01166  -0.01166
       -0.01162  -0.01147  -0.01147  -0.01143  -0.01143  -0.01135  -0.01135  -0.01119  -0.01118
       -0.01115  -0.01114  -0.01091  -0.01090  -0.01065  -0.01051  -0.01051  -0.01018  -0.01018
       -0.01008  -0.01002  -0.01002  -0.00994  -0.00994  -0.00970  -0.00970  -0.00961  -0.00925
       -0.00924  -0.00911  -0.00911  -0.00906  -0.00892  -0.00891  -0.00875  -0.00875  -0.00866
       -0.00866  -0.00864  -0.00863  -0.00855  -0.00854  -0.00845  -0.00844  -0.00844  -0.00830
       -0.00830  -0.00785  -0.00785  -0.00779  -0.00779  -0.00776  -0.00747  -0.00747  -0.00744
       -0.00744  -0.00739  -0.00739  -0.00736  -0.00736  -0.00731  -0.00725  -0.00724  -0.00723
       -0.00723  -0.00722  -0.00722  -0.00722  -0.00721  -0.00706  -0.00705  -0.00696  -0.00696
       -0.00676  -0.00676  -0.00662  -0.00662  -0.00662  -0.00655  -0.00655  -0.00654  -0.00654
       -0.00641  -0.00641  -0.00640  -0.00640  -0.00639  -0.00625  -0.00624  -0.00622  -0.00621
       -0.00605  -0.00598  -0.00598  -0.00597  -0.00597  -0.00589  -0.00588  -0.00588  -0.00586
       -0.00583  -0.00583  -0.00579  -0.00571  -0.00571  -0.00566  -0.00562  -0.00561  -0.00560
       -0.00560  -0.00556  -0.00556  -0.00541  -0.00541  -0.00530  -0.00530  -0.00529  -0.00519
       -0.00518  -0.00512  -0.00511  -0.00502  -0.00501  -0.00500  -0.00493  -0.00493  -0.00493
       -0.00492  -0.00488  -0.00487  -0.00486  -0.00485  -0.00484  -0.00483  -0.00481  -0.00481
       -0.00478  -0.00476  -0.00476  -0.00475  -0.00475  -0.00474  -0.00474  -0.00472  -0.00471
       -0.00470  -0.00468  -0.00453  -0.00452  -0.00448  -0.00447  -0.00447  -0.00435  -0.00434
       -0.00434  -0.00433  -0.00431  -0.00430  -0.00427  -0.00426  -0.00425  -0.00424  -0.00423
       -0.00423  -0.00419  -0.00417  -0.00414  -0.00411  -0.00410  -0.00409  -0.00408  -0.00407
       -0.00406  -0.00403  -0.00401  -0.00398  -0.00396  -0.00395  -0.00387  -0.00387  -0.00386
       -0.00386  -0.00385  -0.00383  -0.00383  -0.00381  -0.00378  -0.00376  -0.00374  -0.00373
       -0.00373  -0.00372  -0.00371  -0.00367  -0.00366  -0.00363  -0.00360  -0.00358  -0.00356
       -0.00354  -0.00347  -0.00346  -0.00346  -0.00344  -0.00343  -0.00342  -0.00339  -0.00339
       -0.00338  -0.00334  -0.00333  -0.00333  -0.00332  -0.00331  -0.00330  -0.00330  -0.00329
       -0.00329  -0.00328  -0.00326  -0.00325  -0.00323  -0.00323  -0.00323  -0.00321  -0.00321
       -0.00320  -0.00319  -0.00318  -0.00317  -0.00315  -0.00314  -0.00314  -0.00311  -0.00311
       -0.00310  -0.00307  -0.00302  -0.00301  -0.00299  -0.00298  -0.00298  -0.00297  -0.00296
       -0.00292  -0.00290  -0.00290  -0.00289  -0.00287  -0.00286  -0.00286  -0.00285  -0.00284
       -0.00284  -0.00283  -0.00282  -0.00280  -0.00279  -0.00279  -0.00278  -0.00278  -0.00277
       -0.00275  -0.00274  -0.00273  -0.00272  -0.00271  -0.00269  -0.00269  -0.00268  -0.00267
       -0.00265  -0.00265  -0.00263  -0.00261  -0.00259  -0.00259  -0.00258  -0.00256  -0.00256
       -0.00254  -0.00254  -0.00252  -0.00251  -0.00251  -0.00249  -0.00249  -0.00246  -0.00245
       -0.00244  -0.00243  -0.00241  -0.00240  -0.00239  -0.00239  -0.00237  -0.00237  -0.00234
       -0.00233  -0.00232  -0.00230  -0.00230  -0.00230  -0.00228  -0.00228  -0.00226  -0.00225
       -0.00224  -0.00224  -0.00223  -0.00222  -0.00221  -0.00220  -0.00220  -0.00219  -0.00219
       -0.00217  -0.00216  -0.00216  -0.00214  -0.00214  -0.00213  -0.00213  -0.00212  -0.00211
       -0.00210  -0.00210  -0.00208  -0.00208  -0.00207  -0.00206  -0.00206  -0.00205  -0.00204
       -0.00202  -0.00202  -0.00201  -0.00200  -0.00199  -0.00198  -0.00196  -0.00196  -0.00195
       -0.00195  -0.00193  -0.00192  -0.00192  -0.00191  -0.00190  -0.00190  -0.00189  -0.00188
       -0.00188  -0.00187  -0.00187  -0.00186  -0.00185  -0.00184  -0.00184  -0.00182  -0.00181
       -0.00180  -0.00180  -0.00179  -0.00178
        
     --------------------------------------------------------------------------------------------
     Tot. elapsed time 03m-09.5s,  time spent in last iteration 22.1s
     --------------------------------------------------------------------------------------------

     [I/O] -------------------------------------------------------
     [I/O] RESTART written in < 00.1s             
     [I/O] In location   : ./hcl_100_400.wstat.restart
     [I/O] -------------------------------------------------------

                       *----------*              *----------*               *----------*
     #     Iteration = |        2 |   DFPT_dim = |      309 |   Diago_dim = |     1109 |
                       *----------*              *----------*               *----------*
       
     --------------------------------------------------------------------------------------------
     Applying projection operator formed by dvg                          
     --------------------------------------------------------------------------------------------
     per-process dynamical memory   222.6 Mb
  
       
     --------------------------------------------------------------------------------------------
     Sternheimer eq. solver... with threshold =   1.000000E-12           
     --------------------------------------------------------------------------------------------
     in progress... |#                   | 005% :               00.4s (E)               08.7s (X)
     in progress... |##                  | 010% :               00.8s (E)               08.7s (X)
     in progress... |###                 | 015% :               01.0s (E)               07.3s (X)
     in progress... |####                | 020% :               01.5s (E)               07.7s (X)
     in progress... |#####               | 025% :               01.7s (E)               07.0s (X)
     in progress... |######              | 030% :               02.2s (E)               07.3s (X)
     in progress... |#######             | 035% :               02.4s (E)               06.9s (X)
     in progress... |########            | 040% :               02.8s (E)               07.1s (X)
     in progress... |#########           | 045% :               03.0s (E)               06.8s (X)
     in progress... |##########          | 050% :               03.5s (E)               07.0s (X)
     in progress... |###########         | 055% :               03.9s (E)               07.2s (X)
     in progress... |############        | 060% :               04.1s (E)               06.9s (X)
     in progress... |#############       | 065% :               04.6s (E)               07.1s (X)
     in progress... |##############      | 070% :               04.8s (E)               06.9s (X)
     in progress... |###############     | 075% :               05.2s (E)               07.0s (X)
     in progress... |################    | 080% :               05.4s (E)               06.8s (X)
     in progress... |#################   | 085% :               05.9s (E)               06.9s (X)
     in progress... |##################  | 090% :               06.1s (E)               06.8s (X)
     in progress... |################### | 095% :               06.5s (E)               06.9s (X)
     in progress... |####################| 100% :               06.8s (E)               06.8s (X)
       
     --------------------------------------------------------------------------------------------
     Applying projection operator formed by dvg                          
     --------------------------------------------------------------------------------------------
     --------------------------------------------------------------------------------------------
     p-DIAGOX done in 00.6s with a SCALAPACK grid (12x12)
     --------------------------------------------------------------------------------------------
        
       -0.01770  -0.01770  -0.01710  -0.01708  -0.01659  -0.01659  -0.01654  -0.01654  -0.01621
       -0.01617  -0.01617  -0.01506  -0.01505  -0.01483  -0.01413  -0.01413  -0.01409  -0.01409
       -0.01406  -0.01370  -0.01369  -0.01357  -0.01357  -0.01334  -0.01333  -0.01276  -0.01276
       -0.01275  -0.01275  -0.01218  -0.01202  -0.01202  -0.01191  -0.01191  -0.01166  -0.01166
       -0.01163  -0.01147  -0.01147  -0.01143  -0.01143  -0.01135  -0.01135  -0.01120  -0.01118
       -0.01115  -0.01115  -0.01091  -0.01090  -0.01065  -0.01051  -0.01051  -0.01018  -0.01018
       -0.01008  -0.01003  -0.01002  -0.00994  -0.00994  -0.00970  -0.00970  -0.00961  -0.00925
       -0.00925  -0.00911  -0.00911  -0.00907  -0.00892  -0.00892  -0.00875  -0.00875  -0.00867
       -0.00867  -0.00864  -0.00864  -0.00856  -0.00854  -0.00846  -0.00845  -0.00844  -0.00831
       -0.00831  -0.00786  -0.00785  -0.00780  -0.00780  -0.00777  -0.00748  -0.00748  -0.00746
       -0.00745  -0.00740  -0.00740  -0.00737  -0.00737  -0.00733  -0.00726  -0.00726  -0.00724
       -0.00723  -0.00723  -0.00723  -0.00722  -0.00722  -0.00707  -0.00707  -0.00697  -0.00697
       -0.00678  -0.00677  -0.00664  -0.00664  -0.00663  -0.00657  -0.00656  -0.00656  -0.00656
       -0.00643  -0.00643  -0.00642  -0.00642  -0.00642  -0.00626  -0.00626  -0.00623  -0.00623
       -0.00607  -0.00600  -0.00600  -0.00599  -0.00599  -0.00591  -0.00591  -0.00590  -0.00589
       -0.00585  -0.00585  -0.00582  -0.00574  -0.00573  -0.00569  -0.00564  -0.00564  -0.00563
       -0.00562  -0.00560  -0.00560  -0.00545  -0.00544  -0.00532  -0.00532  -0.00532  -0.00523
       -0.00523  -0.00516  -0.00516  -0.00506  -0.00503  -0.00503  -0.00497  -0.00497  -0.00497
       -0.00496  -0.00492  -0.00492  -0.00491  -0.00491  -0.00487  -0.00487  -0.00485  -0.00484
       -0.00484  -0.00479  -0.00479  -0.00479  -0.00479  -0.00479  -0.00479  -0.00477  -0.00477
       -0.00475  -0.00474  -0.00458  -0.00458  -0.00455  -0.00453  -0.00453  -0.00440  -0.00440
       -0.00439  -0.00439  -0.00437  -0.00437  -0.00434  -0.00433  -0.00431  -0.00431  -0.00430
       -0.00430  -0.00426  -0.00423  -0.00423  -0.00415  -0.00415  -0.00415  -0.00415  -0.00415
       -0.00414  -0.00414  -0.00407  -0.00407  -0.00403  -0.00403  -0.00395  -0.00395  -0.00394
       -0.00394  -0.00393  -0.00393  -0.00391  -0.00391  -0.00391  -0.00382  -0.00382  -0.00382
       -0.00382  -0.00382  -0.00382  -0.00378  -0.00375  -0.00374  -0.00370  -0.00370  -0.00367
       -0.00366  -0.00356  -0.00355  -0.00355  -0.00353  -0.00353  -0.00352  -0.00352  -0.00350
       -0.00350  -0.00344  -0.00343  -0.00342  -0.00341  -0.00341  -0.00341  -0.00340  -0.00339
       -0.00339  -0.00338  -0.00338  -0.00335  -0.00335  -0.00334  -0.00334  -0.00333  -0.00332
       -0.00332  -0.00330  -0.00330  -0.00329  -0.00329  -0.00327  -0.00327  -0.00326  -0.00326
       -0.00325  -0.00324  -0.00315  -0.00315  -0.00315  -0.00313  -0.00313  -0.00311  -0.00310
       -0.00303  -0.00303  -0.00302  -0.00302  -0.00302  -0.00300  -0.00300  -0.00298  -0.00298
       -0.00298  -0.00298  -0.00297  -0.00297  -0.00296  -0.00296  -0.00294  -0.00293  -0.00292
       -0.00292  -0.00292  -0.00292  -0.00290  -0.00290  -0.00289  -0.00288  -0.00285  -0.00285
       -0.00281  -0.00281  -0.00280  -0.00280  -0.00279  -0.00278  -0.00277  -0.00275  -0.00275
       -0.00271  -0.00270  -0.00270  -0.00270  -0.00269  -0.00269  -0.00268  -0.00267  -0.00265
       -0.00265  -0.00264  -0.00264  -0.00261  -0.00260  -0.00257  -0.00256  -0.00256  -0.00255
       -0.00254  -0.00254  -0.00254  -0.00250  -0.00249  -0.00248  -0.00246  -0.00246  -0.00246
       -0.00245  -0.00245  -0.00244  -0.00242  -0.00241  -0.00240  -0.00240  -0.00239  -0.00239
       -0.00239  -0.00238  -0.00238  -0.00237  -0.00237  -0.00235  -0.00235  -0.00234  -0.00234
       -0.00233  -0.00232  -0.00232  -0.00232  -0.00231  -0.00231  -0.00231  -0.00230  -0.00230
       -0.00230  -0.00230  -0.00230  -0.00229  -0.00229  -0.00228  -0.00226  -0.00226  -0.00223
       -0.00222  -0.00221  -0.00221  -0.00218  -0.00216  -0.00215  -0.00215  -0.00215  -0.00214
       -0.00214  -0.00213  -0.00212  -0.00211  -0.00210  -0.00210  -0.00209  -0.00209  -0.00208
       -0.00208  -0.00208  -0.00207  -0.00207
        
     --------------------------------------------------------------------------------------------
     Tot. elapsed time 04m-44.5s,  time spent in last iteration 21.9s
     --------------------------------------------------------------------------------------------

     [I/O] -------------------------------------------------------
     [I/O] RESTART written in < 00.1s             
     [I/O] In location   : ./hcl_100_400.wstat.restart
     [I/O] -------------------------------------------------------

                       *----------*              *----------*               *----------*
     #     Iteration = |        3 |   DFPT_dim = |       50 |   Diago_dim = |     1159 |
                       *----------*              *----------*               *----------*
       
     --------------------------------------------------------------------------------------------
     Applying projection operator formed by dvg                          
     --------------------------------------------------------------------------------------------
     per-process dynamical memory   218.0 Mb
  
       
     --------------------------------------------------------------------------------------------
     Sternheimer eq. solver... with threshold =   1.000000E-12           
     --------------------------------------------------------------------------------------------
     in progress... |####                | 020% :               00.2s (E)               01.1s (X)
     in progress... |########            | 040% :               00.4s (E)               01.0s (X)
     in progress... |############        | 060% :               00.6s (E)               01.0s (X)
     in progress... |################    | 080% :               00.8s (E)               01.0s (X)
     in progress... |####################| 100% :               01.1s (E)               01.1s (X)
       
     --------------------------------------------------------------------------------------------
     Applying projection operator formed by dvg                          
     --------------------------------------------------------------------------------------------
     --------------------------------------------------------------------------------------------
     p-DIAGOX done in 00.6s with a SCALAPACK grid (12x12)
     --------------------------------------------------------------------------------------------
        
       -0.01770  -0.01770  -0.01710  -0.01708  -0.01659  -0.01659  -0.01654  -0.01654  -0.01621
       -0.01617  -0.01617  -0.01506  -0.01505  -0.01483  -0.01413  -0.01413  -0.01409  -0.01409
       -0.01406  -0.01370  -0.01369  -0.01357  -0.01357  -0.01334  -0.01333  -0.01276  -0.01276
       -0.01275  -0.01275  -0.01218  -0.01202  -0.01202  -0.01191  -0.01191  -0.01166  -0.01166
       -0.01163  -0.01147  -0.01147  -0.01143  -0.01143  -0.01135  -0.01135  -0.01120  -0.01118
       -0.01115  -0.01115  -0.01091  -0.01090  -0.01065  -0.01051  -0.01051  -0.01018  -0.01018
       -0.01008  -0.01003  -0.01002  -0.00994  -0.00994  -0.00970  -0.00970  -0.00961  -0.00925
       -0.00925  -0.00911  -0.00911  -0.00907  -0.00892  -0.00892  -0.00875  -0.00875  -0.00867
       -0.00867  -0.00864  -0.00864  -0.00856  -0.00854  -0.00846  -0.00845  -0.00844  -0.00831
       -0.00831  -0.00786  -0.00785  -0.00780  -0.00780  -0.00777  -0.00748  -0.00748  -0.00746
       -0.00745  -0.00740  -0.00740  -0.00737  -0.00737  -0.00733  -0.00726  -0.00726  -0.00724
       -0.00723  -0.00723  -0.00723  -0.00722  -0.00722  -0.00707  -0.00707  -0.00697  -0.00697
       -0.00678  -0.00677  -0.00664  -0.00664  -0.00663  -0.00657  -0.00656  -0.00656  -0.00656
       -0.00643  -0.00643  -0.00642  -0.00642  -0.00642  -0.00626  -0.00626  -0.00623  -0.00623
       -0.00607  -0.00600  -0.00600  -0.00599  -0.00599  -0.00591  -0.00591  -0.00590  -0.00589
       -0.00585  -0.00585  -0.00582  -0.00574  -0.00573  -0.00569  -0.00564  -0.00564  -0.00563
       -0.00562  -0.00560  -0.00560  -0.00545  -0.00544  -0.00532  -0.00532  -0.00532  -0.00523
       -0.00523  -0.00516  -0.00516  -0.00506  -0.00503  -0.00503  -0.00497  -0.00497  -0.00497
       -0.00496  -0.00492  -0.00492  -0.00491  -0.00491  -0.00487  -0.00487  -0.00485  -0.00484
       -0.00484  -0.00479  -0.00479  -0.00479  -0.00479  -0.00479  -0.00479  -0.00477  -0.00477
       -0.00475  -0.00474  -0.00458  -0.00458  -0.00455  -0.00453  -0.00453  -0.00440  -0.00440
       -0.00439  -0.00439  -0.00437  -0.00437  -0.00434  -0.00433  -0.00431  -0.00431  -0.00430
       -0.00430  -0.00426  -0.00423  -0.00423  -0.00415  -0.00415  -0.00415  -0.00415  -0.00415
       -0.00414  -0.00414  -0.00407  -0.00407  -0.00404  -0.00403  -0.00395  -0.00395  -0.00394
       -0.00394  -0.00393  -0.00393  -0.00392  -0.00391  -0.00391  -0.00382  -0.00382  -0.00382
       -0.00382  -0.00382  -0.00382  -0.00378  -0.00375  -0.00375  -0.00370  -0.00370  -0.00367
       -0.00367  -0.00356  -0.00355  -0.00355  -0.00353  -0.00353  -0.00352  -0.00352  -0.00350
       -0.00350  -0.00344  -0.00344  -0.00342  -0.00341  -0.00341  -0.00341  -0.00341  -0.00339
       -0.00339  -0.00338  -0.00338  -0.00335  -0.00335  -0.00334  -0.00334  -0.00333  -0.00333
       -0.00332  -0.00330  -0.00330  -0.00329  -0.00329  -0.00327  -0.00327  -0.00326  -0.00326
       -0.00325  -0.00325  -0.00315  -0.00315  -0.00315  -0.00313  -0.00313  -0.00311  -0.00311
       -0.00304  -0.00304  -0.00303  -0.00302  -0.00302  -0.00301  -0.00300  -0.00298  -0.00298
       -0.00298  -0.00298  -0.00298  -0.00297  -0.00297  -0.00297  -0.00294  -0.00293  -0.00292
       -0.00292  -0.00292  -0.00292  -0.00291  -0.00290  -0.00289  -0.00289  -0.00286  -0.00285
       -0.00282  -0.00281  -0.00281  -0.00281  -0.00279  -0.00279  -0.00278  -0.00275  -0.00275
       -0.00271  -0.00271  -0.00270  -0.00270  -0.00269  -0.00269  -0.00268  -0.00268  -0.00265
       -0.00265  -0.00264  -0.00264  -0.00261  -0.00261  -0.00257  -0.00257  -0.00256  -0.00255
       -0.00255  -0.00255  -0.00255  -0.00250  -0.00250  -0.00249  -0.00247  -0.00246  -0.00246
       -0.00246  -0.00245  -0.00245  -0.00242  -0.00242  -0.00241  -0.00241  -0.00241  -0.00240
       -0.00240  -0.00240  -0.00240  -0.00238  -0.00238  -0.00237  -0.00237  -0.00236  -0.00236
       -0.00234  -0.00234  -0.00233  -0.00233  -0.00233  -0.00233  -0.00233  -0.00233  -0.00232
       -0.00232  -0.00232  -0.00232  -0.00232  -0.00231  -0.00231  -0.00228  -0.00228  -0.00225
       -0.00225  -0.00224  -0.00224  -0.00221  -0.00218  -0.00218  -0.00218  -0.00218  -0.00217
       -0.00216  -0.00216  -0.00216  -0.00214  -0.00214  -0.00212  -0.00211  -0.00211  -0.00211
       -0.00210  -0.00210  -0.00210  -0.00210
        
     --------------------------------------------------------------------------------------------
     Tot. elapsed time 06m-05.8s,  time spent in last iteration 09.1s
     --------------------------------------------------------------------------------------------
       
     --------------------------------------------------------------------------------------------
     Convergence achieved !!! in        3 steps                          
     --------------------------------------------------------------------------------------------
      
     --------------------------------------------------------------------------------------------
     Database written in < 00.1s             
     In location : ./hcl_100_400.wstat.save
     --------------------------------------------------------------------------------------------
 
     WSTAT        :  5m 5.49s CPU    11m24.84s WALL

     wstat_readin :      6.65s CPU     41.68s WALL (       1 calls)
     fetch_nml    :      0.00s CPU      0.00s WALL (       1 calls)
     read_xml     :      1.31s CPU      1.65s WALL (       1 calls)
     init_vloc    :      0.11s CPU      0.11s WALL (       2 calls)
     fft          :      0.26s CPU      0.28s WALL (      11 calls)
     fft_scatter  :     21.27s CPU     21.36s WALL (    6353 calls)
     v_of_rho     :      0.30s CPU      0.31s WALL (       1 calls)
     v_xc         :      0.26s CPU      0.28s WALL (       1 calls)
     v_h          :      0.03s CPU      0.04s WALL (       1 calls)
     read_wave    :      5.31s CPU     39.73s WALL (       1 calls)
     davcio       :      0.00s CPU      1.86s WALL (       2 calls)
     init_us_1    :      0.03s CPU      0.04s WALL (       2 calls)
     do_setup     :      0.16s CPU      0.18s WALL (       1 calls)
     init_pw_ar   :      0.16s CPU      0.17s WALL (       1 calls)
     init_at_1    :      0.00s CPU      0.00s WALL (       1 calls)
     storesqvc    :      0.01s CPU      0.01s WALL (       1 calls)
     chidiago     :    123.66s CPU    227.70s WALL (       1 calls)
     randomize    :      1.16s CPU      1.26s WALL (       2 calls)
     paramgs      :     14.82s CPU     15.03s WALL (      11 calls)
     dfpt         :    111.98s CPU    112.92s WALL (      10 calls)
     init_us_2    :      0.03s CPU      0.03s WALL (      10 calls)
     fftw         :     58.72s CPU     59.16s WALL (    6342 calls)
     alphapc      :      0.25s CPU      0.22s WALL (     199 calls)
     wstat_restar :    120.97s CPU    423.60s WALL (       8 calls)
     linstern     :     65.79s CPU     66.26s WALL (     149 calls)
     stern        :     59.17s CPU     59.59s WALL (    3731 calls)
     h_psi_bgrp   :     55.85s CPU     56.25s WALL (    1224 calls)
     h_psi        :     55.84s CPU     56.24s WALL (    1224 calls)
     h_psi:pot    :     55.64s CPU     56.02s WALL (    1224 calls)
     vloc_psi     :     53.31s CPU     53.72s WALL (    1224 calls)
     h_psi:calbec :      1.99s CPU      1.64s WALL (    1224 calls)
     calbec       :      1.99s CPU      1.63s WALL (    1224 calls)
     add_vuspsi   :      0.33s CPU      0.65s WALL (    1224 calls)
     alphapv      :      2.23s CPU      2.12s WALL (    3731 calls)
     build_hr     :      7.95s CPU      8.22s WALL (       8 calls)
     diagox       :      2.39s CPU      2.44s WALL (       8 calls)
     redistr_vr   :      0.30s CPU      0.32s WALL (       6 calls)
     update_vr    :     13.66s CPU     14.04s WALL (       6 calls)
     symm_hr      :      0.31s CPU      0.32s WALL (       6 calls)
     chidiago:las :      0.00s CPU      0.00s WALL (       1 calls)
     refresh_vr   :      4.93s CPU      5.04s WALL (       2 calls)
     pdep_db      :      2.77s CPU      9.22s WALL (       1 calls)
     kinchidiago  :    174.99s CPU    415.25s WALL (       1 calls)
     k_psi        :      0.33s CPU      0.34s WALL (    2507 calls)
     kinchidiago: :      0.00s CPU      0.00s WALL (       1 calls)
     pdep_db_for_ :     11.11s CPU     37.67s WALL (       1 calls)
 
     WSTAT        :  5m 5.49s CPU    11m24.84s WALL

 
   This run was terminated on:  13:17:36   4Jul2018            

=------------------------------------------------------------------------------=
   JOB DONE.
=------------------------------------------------------------------------------=
