
     Program WSTAT v. 2.0.0 starts on  4Jul2018 at 13:17:43 

     This program is part of the open-source West suite
     for massively parallel calculations of excited states in materials; please cite
         "M. Govoni et al., J. Chem. Theory Comput. 11, 2680 (2015);
          URL http://www.west-code.org", 
     in publications or presentations arising from this work.

     Based on the Quantum ESPRESSO v. 6.1 svn rev. 13369
       
     --------------------------------------------------------------------------------------------
     **MPI** Parallelization Status                                      
     --------------------------------------------------------------------------------------------
                   160                  10             1             1            16
     --------------------------------------------------------------------------------------------
                     N         =         I      X      P      X      B      X      Z
                     ^                   ^             ^             ^             ^
                     |                   |             |             |             |
                   #rnk                  |             |             |             |
                                      #image           |             |             |
                                                     #pool           |             |
                                                                   #bgrp           |
                                                                                 #R&G
     --------------------------------------------------------------------------------------------
     **OPENMP** Parallelization Status
     #thr/rnk               =            1
     --------------------------------------------------------------------------------------------
     #prc = (rnk) * (thr) =          160
     --------------------------------------------------------------------------------------------
       
     --------------------------------------------------------------------------------------------
     I/O Summary : input_west                                            
     --------------------------------------------------------------------------------------------
     qe_prefix      = hcl
     west_prefix    = hcl
     outdir         = ./
     --------------------------------------------------------------------------------------------
       
     --------------------------------------------------------------------------------------------
     I/O Summary : wstat_control                                         
     --------------------------------------------------------------------------------------------
     wstat_calculation              =              S
     n_pdep_eigen                   =            420
     n_kin_pdep_eigen               =              0
     n_lindhard_eigen               =              0
     n_pdep_times                   =              4
     n_pdep_maxiter                 =            100
     n_dfpt_maxiter                 =            250
     n_pdep_read_from_file          =              0
     trev_pdep                      =   1.000000E-03
     trev_pdep_rel                  =   1.000000E-01
     tr2_dfpt                       =   1.000000E-12
     l_kinetic_only                 =              F
     l_minimize_exx_if_active       =              F
     l_use_ecutrho                  =              F
     l_pure_eigen                   =              F
     --------------------------------------------------------------------------------------------

     Reading data from directory:
     ./hcl.save

   Info: using nr1, nr2, nr3 values from input

   Info: using nr1, nr2, nr3 values from input

     IMPORTANT: XC functional enforced from input :
     Exchange-correlation      = PBE ( 1  4  3  4 0 0)
     Any further DFT definition will be discarded
     Please, verify this is what you really want

     Message from routine readpp:
     file ./hcl.save/Cl_ONCV_PBE-1.0.upf not found
     Message from routine readpp:
     file ./hcl.save/H_ONCV_PBE-1.0.upf not found
 
     Parallelization info
     --------------------
     sticks:   dense  smooth     PW     G-vecs:    dense   smooth      PW
     Min        1520    1520    379               178660   178660   22323
     Max        1522    1522    384               178666   178666   22328
     Sum       24345   24345   6093              2858633  2858633  357213
 
       
     --------------------------------------------------------------------------------------------
     System Overview                                                     
     --------------------------------------------------------------------------------------------
     gamma_only           =              T
     ecutwfc [Ry]         =      85.000000
     omega [au^3]         =   2.700000E+04
     glob. #G             =         178607
     nbnd                 =            100
     nkstot               =              1
     nspin                =              1
     nelec                =       8.000000
     npol                 =              1
     lsda                 =              F
     noncolin             =              F
     lspinorb             =              F
     domag                =              F
     --------------------------------------------------------------------------------------------

     sFFT G-space:  1429317 G-vectors     R-space: ( 180, 180, 180)
     dFFT G-space:  1429317 G-vectors     R-space: ( 180, 180, 180)

     Cell [a.u.]          =      30.000000      0.000000      0.000000
                          =       0.000000     30.000000      0.000000
                          =       0.000000      0.000000     30.000000
      
     number of ks points=     1
                       cart. coord. in units 2pi/alat
        k(    1) = (   0.0000000   0.0000000   0.0000000), wk =   2.0000000

                       cryst. coord.
        k(    1) = (   0.0000000   0.0000000   0.0000000), wk =   2.0000000
 
     Spherical div        =   1.654268E-01
     Orthorombic div      =   1.628502E-01
       
     --------------------------------------------------------------------------------------------
     Parallelization for nvecx                                           
     --------------------------------------------------------------------------------------------
     nglob                =           1680
     nlevel               =             10
     Min nglob/nlevel     =            168
     Max nglob/nlevel     =            168
     --------------------------------------------------------------------------------------------

     [MEM] ----------------------------------------------------------
     [MEM] **Memory** analysis: QE
     [MEM] ----------------------------------------------------------
     [MEM] Allocated arrays           est. size (Mb)     dimensions
     [MEM] ----------------------------------------------------------
     [MEM] Kohn-Sham Wavefunctions      17.03 Mb     (  11164,  100)
     [MEM] NL pseudopotentials           1.70 Mb     (  11164,   10)
     [MEM] Each V/rho on FFT grid        5.93 Mb     ( 388800)
     [MEM] Each G-vector array           0.68 Mb     (  89333)
     [MEM] G-vector shells               0.05 Mb     (   6125)
     [MEM] ----------------------------------------------------------
     [MEM] TOT                          25.40 Mb
     [MEM] ----------------------------------------------------------
     [MEM] 
     [MEM] ----------------------------------------------------------
     [MEM] **Memory** analysis: WSTAT global
     [MEM] ----------------------------------------------------------
     [MEM] Allocated arrays           est. size (Mb)     dimensions
     [MEM] ----------------------------------------------------------
     [MEM] dvg                          28.62 Mb     (  11164,  168)
     [MEM] dng                          28.62 Mb     (  11164,  168)
     [MEM] hr_distr                      2.15 Mb     (   1680,  168)
     [MEM] vr_distr                      2.15 Mb     (   1680,  168)
     [MEM] ----------------------------------------------------------
     [MEM] TOT                          61.54 Mb
     [MEM] ----------------------------------------------------------
     [MEM] 
     [MEM] ----------------------------------------------------------
     [MEM] **Memory** analysis: WSTAT temporary
     [MEM] ----------------------------------------------------------
     [MEM] Allocated arrays           est. size (Mb)     dimensions
     [MEM] ----------------------------------------------------------
     [MEM] dvpsi                         0.68 Mb     (  11164,    4)
     [MEM] dpsi                          0.68 Mb     (  11164,    4)
     [MEM] ----------------------------------------------------------
     [MEM] Total estimate                1.36 Mb
     [MEM] ----------------------------------------------------------

                       *----------*              *----------*               *----------*
     #     Iteration = | starting |   DFPT_dim = |      420 |   Diago_dim = |      420 |  x 1/2
                       *----------*              *----------*               *----------*
     per-process dynamical memory   172.3 Mb
  
       
     --------------------------------------------------------------------------------------------
     Sternheimer eq. solver... with lite-solver                          
     --------------------------------------------------------------------------------------------
     in progress... |#                   | 005% :               00.4s (E)               09.1s (X)
     in progress... |##                  | 010% :               00.7s (E)               07.5s (X)
     in progress... |###                 | 015% :               01.0s (E)               07.0s (X)
     in progress... |####                | 020% :               01.3s (E)               06.7s (X)
     in progress... |#####               | 025% :               01.6s (E)               06.6s (X)
     in progress... |######              | 030% :               01.9s (E)               06.5s (X)
     in progress... |#######             | 035% :               02.2s (E)               06.4s (X)
     in progress... |########            | 040% :               02.5s (E)               06.3s (X)
     in progress... |#########           | 045% :               02.8s (E)               06.3s (X)
     in progress... |##########          | 050% :               03.1s (E)               06.2s (X)
     in progress... |###########         | 055% :               03.5s (E)               06.5s (X)
     in progress... |############        | 060% :               03.8s (E)               06.4s (X)
     in progress... |#############       | 065% :               04.1s (E)               06.4s (X)
     in progress... |##############      | 070% :               04.4s (E)               06.4s (X)
     in progress... |###############     | 075% :               04.7s (E)               06.3s (X)
     in progress... |################    | 080% :               05.0s (E)               06.3s (X)
     in progress... |#################   | 085% :               05.3s (E)               06.3s (X)
     in progress... |##################  | 090% :               05.6s (E)               06.3s (X)
     in progress... |################### | 095% :               05.9s (E)               06.2s (X)
     in progress... |####################| 100% :               06.2s (E)               06.2s (X)
     --------------------------------------------------------------------------------------------

     [I/O] -------------------------------------------------------
     [I/O] RESTART written in < 00.1s             
     [I/O] In location   : ./hcl_420.wstat.restart
     [I/O] -------------------------------------------------------

                       *----------*              *----------*               *----------*
     #     Iteration = | starting |   DFPT_dim = |      420 |   Diago_dim = |      420 |  x 2/2
                       *----------*              *----------*               *----------*
     per-process dynamical memory   174.6 Mb
  
       
     --------------------------------------------------------------------------------------------
     Sternheimer eq. solver... with threshold =   1.000000E-06           
     --------------------------------------------------------------------------------------------
     in progress... |#                   | 005% :               04.3s (E)           01m-27.1s (X)
     in progress... |##                  | 010% :               07.1s (E)           01m-11.8s (X)
     in progress... |###                 | 015% :               09.9s (E)           01m-06.5s (X)
     in progress... |####                | 020% :               12.7s (E)           01m-03.6s (X)
     in progress... |#####               | 025% :               15.4s (E)           01m-01.8s (X)
     in progress... |######              | 030% :               18.1s (E)           01m-00.5s (X)
     in progress... |#######             | 035% :               20.8s (E)               59.4s (X)
     in progress... |########            | 040% :               23.4s (E)               58.5s (X)
     in progress... |#########           | 045% :               26.0s (E)               57.9s (X)
     in progress... |##########          | 050% :               28.6s (E)               57.2s (X)
     in progress... |###########         | 055% :               32.5s (E)               59.1s (X)
     in progress... |############        | 060% :               35.0s (E)               58.4s (X)
     in progress... |#############       | 065% :               37.6s (E)               57.9s (X)
     in progress... |##############      | 070% :               40.2s (E)               57.4s (X)
     in progress... |###############     | 075% :               42.7s (E)               57.0s (X)
     in progress... |################    | 080% :               45.3s (E)               56.6s (X)
     in progress... |#################   | 085% :               47.9s (E)               56.3s (X)
     in progress... |##################  | 090% :               50.4s (E)               56.0s (X)
     in progress... |################### | 095% :               53.0s (E)               55.7s (X)
     in progress... |####################| 100% :               55.5s (E)               55.5s (X)
     --------------------------------------------------------------------------------------------
     p-DIAGOX done in 00.3s with a SCALAPACK grid (12x12)
     --------------------------------------------------------------------------------------------
        
       -1.72422  -1.34563  -1.34563  -1.22346  -0.59942  -0.49867  -0.49865  -0.42981  -0.41250
       -0.41249  -0.40260  -0.40257  -0.33463  -0.31653  -0.31651  -0.30670  -0.30668  -0.28762
       -0.28759  -0.20645  -0.18994  -0.17483  -0.17478  -0.16715  -0.16710  -0.12316  -0.11626
       -0.11622  -0.10723  -0.09864  -0.09861  -0.09427  -0.09426  -0.09187  -0.09186  -0.08785
       -0.08778  -0.07911  -0.07865  -0.07858  -0.07573  -0.07569  -0.07355  -0.07351  -0.06476
       -0.05466  -0.05270  -0.05267  -0.05094  -0.05079  -0.05068  -0.04858  -0.04857  -0.04738
       -0.04734  -0.04261  -0.04257  -0.04218  -0.04217  -0.04140  -0.04125  -0.04120  -0.03879
       -0.03877  -0.03695  -0.03570  -0.03555  -0.03469  -0.03464  -0.03385  -0.03378  -0.03252
       -0.03234  -0.02978  -0.02968  -0.02958  -0.02835  -0.02795  -0.02784  -0.02745  -0.02737
       -0.02726  -0.02724  -0.02561  -0.02553  -0.02539  -0.02352  -0.02316  -0.02310  -0.02186
       -0.02185  -0.02159  -0.02156  -0.02148  -0.02121  -0.02116  -0.02114  -0.02103  -0.02057
       -0.02035  -0.01996  -0.01980  -0.01944  -0.01941  -0.01846  -0.01845  -0.01831  -0.01820
       -0.01800  -0.01784  -0.01754  -0.01681  -0.01662  -0.01646  -0.01562  -0.01553  -0.01548
       -0.01539  -0.01525  -0.01503  -0.01492  -0.01470  -0.01461  -0.01453  -0.01444  -0.01412
       -0.01391  -0.01349  -0.01332  -0.01296  -0.01291  -0.01277  -0.01257  -0.01244  -0.01226
       -0.01220  -0.01211  -0.01207  -0.01198  -0.01193  -0.01191  -0.01187  -0.01178  -0.01174
       -0.01169  -0.01149  -0.01136  -0.01135  -0.01122  -0.01075  -0.01056  -0.01050  -0.01036
       -0.01025  -0.01022  -0.01005  -0.01004  -0.00988  -0.00977  -0.00970  -0.00951  -0.00929
       -0.00919  -0.00914  -0.00906  -0.00896  -0.00891  -0.00884  -0.00877  -0.00866  -0.00854
       -0.00847  -0.00844  -0.00843  -0.00837  -0.00829  -0.00820  -0.00815  -0.00809  -0.00789
       -0.00786  -0.00778  -0.00754  -0.00751  -0.00746  -0.00738  -0.00724  -0.00717  -0.00714
       -0.00708  -0.00706  -0.00703  -0.00697  -0.00687  -0.00685  -0.00677  -0.00673  -0.00672
       -0.00662  -0.00661  -0.00657  -0.00652  -0.00645  -0.00644  -0.00631  -0.00627  -0.00622
       -0.00609  -0.00606  -0.00603  -0.00598  -0.00594  -0.00588  -0.00583  -0.00576  -0.00573
       -0.00566  -0.00561  -0.00555  -0.00555  -0.00550  -0.00544  -0.00534  -0.00531  -0.00528
       -0.00525  -0.00516  -0.00515  -0.00513  -0.00510  -0.00506  -0.00500  -0.00497  -0.00489
       -0.00487  -0.00481  -0.00477  -0.00470  -0.00466  -0.00465  -0.00456  -0.00454  -0.00451
       -0.00446  -0.00441  -0.00440  -0.00434  -0.00430  -0.00426  -0.00425  -0.00420  -0.00414
       -0.00408  -0.00406  -0.00404  -0.00401  -0.00399  -0.00396  -0.00393  -0.00392  -0.00389
       -0.00384  -0.00381  -0.00380  -0.00376  -0.00374  -0.00370  -0.00367  -0.00363  -0.00358
       -0.00356  -0.00352  -0.00350  -0.00348  -0.00343  -0.00341  -0.00340  -0.00337  -0.00336
       -0.00332  -0.00328  -0.00324  -0.00321  -0.00320  -0.00316  -0.00314  -0.00312  -0.00310
       -0.00306  -0.00304  -0.00302  -0.00299  -0.00297  -0.00294  -0.00291  -0.00290  -0.00289
       -0.00285  -0.00282  -0.00281  -0.00278  -0.00276  -0.00275  -0.00271  -0.00269  -0.00267
       -0.00266  -0.00266  -0.00264  -0.00263  -0.00259  -0.00255  -0.00254  -0.00250  -0.00248
       -0.00246  -0.00244  -0.00242  -0.00238  -0.00237  -0.00234  -0.00233  -0.00230  -0.00228
       -0.00226  -0.00225  -0.00223  -0.00221  -0.00219  -0.00216  -0.00214  -0.00212  -0.00209
       -0.00208  -0.00205  -0.00204  -0.00203  -0.00202  -0.00199  -0.00197  -0.00196  -0.00195
       -0.00193  -0.00192  -0.00191  -0.00188  -0.00186  -0.00185  -0.00182  -0.00180  -0.00178
       -0.00177  -0.00174  -0.00173  -0.00172  -0.00171  -0.00169  -0.00167  -0.00164  -0.00163
       -0.00162  -0.00161  -0.00158  -0.00157  -0.00155  -0.00154  -0.00151  -0.00150  -0.00149
       -0.00147  -0.00146  -0.00145  -0.00142  -0.00141  -0.00139  -0.00138  -0.00136  -0.00135
       -0.00135  -0.00134  -0.00132  -0.00130  -0.00128  -0.00126  -0.00125  -0.00123  -0.00123
       -0.00121  -0.00119  -0.00117  -0.00116  -0.00114  -0.00113  -0.00112  -0.00112  -0.00109
       -0.00109  -0.00108  -0.00105  -0.00104  -0.00103  -0.00101  -0.00100  -0.00099  -0.00098
       -0.00096  -0.00094  -0.00093  -0.00091  -0.00089  -0.00089  -0.00088  -0.00086  -0.00084
       -0.00083  -0.00081  -0.00079  -0.00077  -0.00074  -0.00066
        
     --------------------------------------------------------------------------------------------
     Tot. elapsed time 02m-33.3s,  time spent in last iteration 02m-33.3s
     --------------------------------------------------------------------------------------------

     [I/O] -------------------------------------------------------
     [I/O] RESTART written in < 00.1s             
     [I/O] In location   : ./hcl_420.wstat.restart
     [I/O] -------------------------------------------------------

                       *----------*              *----------*               *----------*
     #     Iteration = |        1 |   DFPT_dim = |      420 |   Diago_dim = |      840 |
                       *----------*              *----------*               *----------*
     per-process dynamical memory   162.4 Mb
  
       
     --------------------------------------------------------------------------------------------
     Sternheimer eq. solver... with threshold =   1.000000E-12           
     --------------------------------------------------------------------------------------------
     in progress... |#                   | 005% :               06.4s (E)           02m-09.5s (X)
     in progress... |##                  | 010% :               10.6s (E)           01m-46.8s (X)
     in progress... |###                 | 015% :               14.9s (E)           01m-39.7s (X)
     in progress... |####                | 020% :               19.1s (E)           01m-35.7s (X)
     in progress... |#####               | 025% :               23.3s (E)           01m-33.2s (X)
     in progress... |######              | 030% :               27.4s (E)           01m-31.5s (X)
     in progress... |#######             | 035% :               31.6s (E)           01m-30.3s (X)
     in progress... |########            | 040% :               35.7s (E)           01m-29.4s (X)
     in progress... |#########           | 045% :               39.9s (E)           01m-28.6s (X)
     in progress... |##########          | 050% :               44.0s (E)           01m-28.0s (X)
     in progress... |###########         | 055% :               50.2s (E)           01m-31.3s (X)
     in progress... |############        | 060% :               54.3s (E)           01m-30.6s (X)
     in progress... |#############       | 065% :               58.4s (E)           01m-29.9s (X)
     in progress... |##############      | 070% :           01m-02.6s (E)           01m-29.4s (X)
     in progress... |###############     | 075% :           01m-06.7s (E)           01m-28.9s (X)
     in progress... |################    | 080% :           01m-10.8s (E)           01m-28.5s (X)
     in progress... |#################   | 085% :           01m-14.9s (E)           01m-28.1s (X)
     in progress... |##################  | 090% :           01m-19.0s (E)           01m-27.8s (X)
     in progress... |################### | 095% :           01m-23.0s (E)           01m-27.4s (X)
     in progress... |####################| 100% :           01m-27.2s (E)           01m-27.2s (X)
     --------------------------------------------------------------------------------------------
     p-DIAGOX done in 00.5s with a SCALAPACK grid (12x12)
     --------------------------------------------------------------------------------------------
        
       -1.74016  -1.34566  -1.34565  -1.31393  -0.62334  -0.49881  -0.49881  -0.43750  -0.41253
       -0.41252  -0.40274  -0.40273  -0.33863  -0.31667  -0.31667  -0.30694  -0.30694  -0.28781
       -0.28781  -0.20936  -0.19104  -0.17499  -0.17499  -0.16732  -0.16726  -0.12597  -0.11638
       -0.11638  -0.10854  -0.09872  -0.09872  -0.09436  -0.09436  -0.09196  -0.09196  -0.08795
       -0.08795  -0.08042  -0.07887  -0.07887  -0.07611  -0.07611  -0.07385  -0.07384  -0.06846
       -0.05847  -0.05506  -0.05297  -0.05297  -0.05114  -0.05114  -0.04903  -0.04900  -0.04755
       -0.04755  -0.04277  -0.04277  -0.04265  -0.04237  -0.04237  -0.04141  -0.04141  -0.03929
       -0.03918  -0.03918  -0.03602  -0.03602  -0.03509  -0.03509  -0.03418  -0.03418  -0.03310
       -0.03310  -0.03180  -0.03021  -0.03020  -0.02897  -0.02877  -0.02877  -0.02804  -0.02804
       -0.02781  -0.02781  -0.02748  -0.02594  -0.02594  -0.02450  -0.02356  -0.02356  -0.02250
       -0.02217  -0.02217  -0.02203  -0.02203  -0.02183  -0.02183  -0.02171  -0.02171  -0.02145
       -0.02145  -0.02054  -0.02053  -0.02040  -0.02039  -0.01901  -0.01901  -0.01901  -0.01901
       -0.01901  -0.01855  -0.01855  -0.01759  -0.01759  -0.01757  -0.01636  -0.01636  -0.01633
       -0.01613  -0.01613  -0.01592  -0.01592  -0.01572  -0.01572  -0.01551  -0.01551  -0.01532
       -0.01532  -0.01419  -0.01419  -0.01418  -0.01398  -0.01398  -0.01352  -0.01318  -0.01318
       -0.01314  -0.01314  -0.01301  -0.01301  -0.01288  -0.01288  -0.01287  -0.01279  -0.01278
       -0.01260  -0.01260  -0.01254  -0.01254  -0.01245  -0.01245  -0.01190  -0.01168  -0.01168
       -0.01124  -0.01124  -0.01118  -0.01110  -0.01109  -0.01098  -0.01098  -0.01097  -0.01096
       -0.01050  -0.01049  -0.01038  -0.01038  -0.01014  -0.00999  -0.00999  -0.00999  -0.00998
       -0.00967  -0.00967  -0.00965  -0.00964  -0.00961  -0.00961  -0.00956  -0.00943  -0.00942
       -0.00904  -0.00904  -0.00891  -0.00888  -0.00888  -0.00842  -0.00842  -0.00838  -0.00837
       -0.00829  -0.00828  -0.00827  -0.00817  -0.00816  -0.00808  -0.00807  -0.00798  -0.00797
       -0.00796  -0.00796  -0.00795  -0.00794  -0.00789  -0.00789  -0.00775  -0.00775  -0.00775
       -0.00774  -0.00757  -0.00757  -0.00742  -0.00734  -0.00733  -0.00722  -0.00716  -0.00715
       -0.00705  -0.00703  -0.00702  -0.00701  -0.00691  -0.00691  -0.00690  -0.00687  -0.00687
       -0.00682  -0.00681  -0.00680  -0.00678  -0.00668  -0.00667  -0.00657  -0.00649  -0.00649
       -0.00639  -0.00637  -0.00630  -0.00629  -0.00628  -0.00618  -0.00617  -0.00608  -0.00607
       -0.00602  -0.00601  -0.00600  -0.00598  -0.00597  -0.00596  -0.00594  -0.00568  -0.00567
       -0.00566  -0.00565  -0.00563  -0.00561  -0.00548  -0.00542  -0.00541  -0.00539  -0.00538
       -0.00532  -0.00530  -0.00529  -0.00529  -0.00528  -0.00527  -0.00526  -0.00524  -0.00523
       -0.00516  -0.00515  -0.00509  -0.00507  -0.00506  -0.00506  -0.00504  -0.00502  -0.00500
       -0.00498  -0.00497  -0.00496  -0.00494  -0.00490  -0.00488  -0.00480  -0.00477  -0.00464
       -0.00464  -0.00463  -0.00460  -0.00459  -0.00458  -0.00456  -0.00455  -0.00453  -0.00449
       -0.00448  -0.00447  -0.00447  -0.00445  -0.00444  -0.00442  -0.00441  -0.00439  -0.00439
       -0.00437  -0.00435  -0.00432  -0.00431  -0.00430  -0.00426  -0.00424  -0.00420  -0.00417
       -0.00414  -0.00410  -0.00409  -0.00406  -0.00405  -0.00403  -0.00402  -0.00399  -0.00398
       -0.00395  -0.00393  -0.00391  -0.00391  -0.00387  -0.00386  -0.00385  -0.00383  -0.00380
       -0.00378  -0.00377  -0.00376  -0.00373  -0.00370  -0.00369  -0.00366  -0.00364  -0.00362
       -0.00360  -0.00358  -0.00357  -0.00354  -0.00353  -0.00351  -0.00350  -0.00348  -0.00347
       -0.00344  -0.00342  -0.00339  -0.00338  -0.00337  -0.00336  -0.00334  -0.00334  -0.00333
       -0.00331  -0.00330  -0.00330  -0.00328  -0.00327  -0.00325  -0.00324  -0.00323  -0.00321
       -0.00319  -0.00317  -0.00316  -0.00315  -0.00313  -0.00312  -0.00310  -0.00308  -0.00305
       -0.00305  -0.00303  -0.00302  -0.00302  -0.00301  -0.00299  -0.00298  -0.00297  -0.00295
       -0.00294  -0.00293  -0.00292  -0.00290  -0.00289  -0.00287  -0.00287  -0.00285  -0.00284
       -0.00284  -0.00282  -0.00281  -0.00280  -0.00279  -0.00278  -0.00275  -0.00274  -0.00273
       -0.00272  -0.00270  -0.00270  -0.00268  -0.00267  -0.00266  -0.00264  -0.00260  -0.00260
       -0.00259  -0.00258  -0.00257  -0.00256  -0.00255  -0.00252
        
     --------------------------------------------------------------------------------------------
     Tot. elapsed time 05m-43.8s,  time spent in last iteration 01m-51.8s
     --------------------------------------------------------------------------------------------

     [I/O] -------------------------------------------------------
     [I/O] RESTART written in < 00.1s             
     [I/O] In location   : ./hcl_420.wstat.restart
     [I/O] -------------------------------------------------------

                       *----------*              *----------*               *----------*
     #     Iteration = |        2 |   DFPT_dim = |      309 |   Diago_dim = |     1149 |
                       *----------*              *----------*               *----------*
     per-process dynamical memory   162.4 Mb
  
       
     --------------------------------------------------------------------------------------------
     Sternheimer eq. solver... with threshold =   1.000000E-12           
     --------------------------------------------------------------------------------------------
     in progress... |#                   | 005% :               04.1s (E)           01m-22.6s (X)
     in progress... |##                  | 010% :               08.1s (E)           01m-21.3s (X)
     in progress... |###                 | 015% :               10.1s (E)           01m-07.5s (X)
     in progress... |####                | 020% :               14.2s (E)           01m-11.1s (X)
     in progress... |#####               | 025% :               16.2s (E)           01m-05.0s (X)
     in progress... |######              | 030% :               20.2s (E)           01m-07.5s (X)
     in progress... |#######             | 035% :               22.2s (E)           01m-03.5s (X)
     in progress... |########            | 040% :               26.2s (E)           01m-05.6s (X)
     in progress... |#########           | 045% :               28.2s (E)           01m-02.8s (X)
     in progress... |##########          | 050% :               32.3s (E)           01m-04.6s (X)
     in progress... |###########         | 055% :               36.3s (E)           01m-06.0s (X)
     in progress... |############        | 060% :               38.3s (E)           01m-03.8s (X)
     in progress... |#############       | 065% :               42.3s (E)           01m-05.1s (X)
     in progress... |##############      | 070% :               44.3s (E)           01m-03.3s (X)
     in progress... |###############     | 075% :               48.3s (E)           01m-04.5s (X)
     in progress... |################    | 080% :               50.3s (E)           01m-02.9s (X)
     in progress... |#################   | 085% :               54.3s (E)           01m-03.9s (X)
     in progress... |##################  | 090% :               56.3s (E)           01m-02.6s (X)
     in progress... |################### | 095% :           01m-00.2s (E)           01m-03.4s (X)
     in progress... |####################| 100% :           01m-02.2s (E)           01m-02.2s (X)
     --------------------------------------------------------------------------------------------
     p-DIAGOX done in 00.6s with a SCALAPACK grid (12x12)
     --------------------------------------------------------------------------------------------
        
       -1.74016  -1.34566  -1.34565  -1.31393  -0.62334  -0.49881  -0.49881  -0.43750  -0.41253
       -0.41252  -0.40274  -0.40273  -0.33863  -0.31667  -0.31667  -0.30694  -0.30694  -0.28781
       -0.28781  -0.20936  -0.19104  -0.17499  -0.17499  -0.16732  -0.16726  -0.12597  -0.11638
       -0.11638  -0.10854  -0.09872  -0.09872  -0.09436  -0.09436  -0.09196  -0.09196  -0.08795
       -0.08795  -0.08042  -0.07887  -0.07887  -0.07611  -0.07611  -0.07385  -0.07384  -0.06846
       -0.05847  -0.05506  -0.05297  -0.05297  -0.05114  -0.05114  -0.04903  -0.04900  -0.04755
       -0.04755  -0.04277  -0.04277  -0.04265  -0.04237  -0.04237  -0.04141  -0.04141  -0.03929
       -0.03918  -0.03918  -0.03602  -0.03602  -0.03509  -0.03509  -0.03418  -0.03418  -0.03310
       -0.03310  -0.03180  -0.03021  -0.03021  -0.02897  -0.02877  -0.02877  -0.02804  -0.02804
       -0.02781  -0.02781  -0.02748  -0.02594  -0.02594  -0.02450  -0.02356  -0.02356  -0.02250
       -0.02217  -0.02217  -0.02203  -0.02203  -0.02183  -0.02183  -0.02172  -0.02172  -0.02145
       -0.02145  -0.02054  -0.02054  -0.02040  -0.02039  -0.01902  -0.01901  -0.01901  -0.01901
       -0.01901  -0.01855  -0.01855  -0.01759  -0.01759  -0.01758  -0.01636  -0.01636  -0.01633
       -0.01614  -0.01614  -0.01593  -0.01593  -0.01572  -0.01572  -0.01552  -0.01552  -0.01532
       -0.01532  -0.01419  -0.01419  -0.01418  -0.01398  -0.01398  -0.01353  -0.01319  -0.01319
       -0.01314  -0.01314  -0.01301  -0.01301  -0.01289  -0.01289  -0.01289  -0.01279  -0.01279
       -0.01261  -0.01261  -0.01255  -0.01255  -0.01246  -0.01246  -0.01191  -0.01169  -0.01169
       -0.01125  -0.01125  -0.01119  -0.01110  -0.01110  -0.01099  -0.01099  -0.01098  -0.01097
       -0.01051  -0.01051  -0.01040  -0.01040  -0.01015  -0.01000  -0.01000  -0.01000  -0.00999
       -0.00969  -0.00969  -0.00966  -0.00966  -0.00962  -0.00962  -0.00958  -0.00944  -0.00944
       -0.00905  -0.00905  -0.00893  -0.00890  -0.00890  -0.00844  -0.00844  -0.00840  -0.00840
       -0.00831  -0.00831  -0.00830  -0.00820  -0.00820  -0.00811  -0.00811  -0.00800  -0.00800
       -0.00799  -0.00799  -0.00797  -0.00797  -0.00791  -0.00791  -0.00777  -0.00777  -0.00777
       -0.00777  -0.00760  -0.00760  -0.00745  -0.00738  -0.00738  -0.00728  -0.00719  -0.00719
       -0.00708  -0.00708  -0.00706  -0.00706  -0.00695  -0.00695  -0.00694  -0.00693  -0.00693
       -0.00686  -0.00686  -0.00684  -0.00684  -0.00672  -0.00672  -0.00661  -0.00654  -0.00654
       -0.00644  -0.00644  -0.00634  -0.00634  -0.00634  -0.00623  -0.00623  -0.00613  -0.00613
       -0.00608  -0.00608  -0.00604  -0.00604  -0.00602  -0.00601  -0.00601  -0.00575  -0.00575
       -0.00575  -0.00575  -0.00568  -0.00568  -0.00556  -0.00550  -0.00550  -0.00543  -0.00542
       -0.00539  -0.00539  -0.00537  -0.00537  -0.00537  -0.00537  -0.00535  -0.00535  -0.00534
       -0.00525  -0.00525  -0.00516  -0.00515  -0.00514  -0.00514  -0.00514  -0.00514  -0.00507
       -0.00507  -0.00507  -0.00505  -0.00505  -0.00498  -0.00498  -0.00489  -0.00489  -0.00477
       -0.00477  -0.00475  -0.00474  -0.00474  -0.00467  -0.00467  -0.00467  -0.00467  -0.00463
       -0.00463  -0.00459  -0.00459  -0.00458  -0.00458  -0.00457  -0.00457  -0.00449  -0.00449
       -0.00448  -0.00448  -0.00448  -0.00444  -0.00444  -0.00443  -0.00443  -0.00434  -0.00434
       -0.00427  -0.00426  -0.00426  -0.00421  -0.00421  -0.00420  -0.00417  -0.00417  -0.00416
       -0.00416  -0.00407  -0.00407  -0.00407  -0.00407  -0.00406  -0.00406  -0.00399  -0.00398
       -0.00397  -0.00395  -0.00395  -0.00385  -0.00385  -0.00380  -0.00380  -0.00380  -0.00378
       -0.00378  -0.00377  -0.00377  -0.00374  -0.00373  -0.00371  -0.00371  -0.00365  -0.00364
       -0.00364  -0.00359  -0.00359  -0.00358  -0.00357  -0.00356  -0.00356  -0.00355  -0.00355
       -0.00351  -0.00351  -0.00349  -0.00349  -0.00349  -0.00346  -0.00345  -0.00344  -0.00344
       -0.00342  -0.00342  -0.00342  -0.00341  -0.00338  -0.00338  -0.00337  -0.00337  -0.00330
       -0.00326  -0.00326  -0.00326  -0.00325  -0.00323  -0.00322  -0.00317  -0.00317  -0.00317
       -0.00315  -0.00315  -0.00315  -0.00314  -0.00314  -0.00313  -0.00312  -0.00312  -0.00312
       -0.00312  -0.00311  -0.00310  -0.00310  -0.00309  -0.00309  -0.00309  -0.00309  -0.00306
       -0.00305  -0.00303  -0.00303  -0.00302  -0.00297  -0.00296  -0.00295  -0.00295  -0.00294
       -0.00291  -0.00283  -0.00283  -0.00283  -0.00283  -0.00282
        
     --------------------------------------------------------------------------------------------
     Tot. elapsed time 09m-45.5s,  time spent in last iteration 01m-24.4s
     --------------------------------------------------------------------------------------------

     [I/O] -------------------------------------------------------
     [I/O] RESTART written in < 00.1s             
     [I/O] In location   : ./hcl_420.wstat.restart
     [I/O] -------------------------------------------------------

                       *----------*              *----------*               *----------*
     #     Iteration = |        3 |   DFPT_dim = |       23 |   Diago_dim = |     1172 |
                       *----------*              *----------*               *----------*
     per-process dynamical memory   163.9 Mb
  
       
     --------------------------------------------------------------------------------------------
     Sternheimer eq. solver... with threshold =   1.000000E-12           
     --------------------------------------------------------------------------------------------
     in progress... |######              | 030% :               01.9s (E)               06.5s (X)
     in progress... |#############       | 065% :               03.9s (E)               06.0s (X)
     in progress... |####################| 100% :               05.8s (E)               05.8s (X)
     --------------------------------------------------------------------------------------------
     p-DIAGOX done in 00.6s with a SCALAPACK grid (12x12)
     --------------------------------------------------------------------------------------------
        
       -1.74016  -1.34566  -1.34565  -1.31393  -0.62334  -0.49881  -0.49881  -0.43750  -0.41253
       -0.41252  -0.40274  -0.40273  -0.33863  -0.31667  -0.31667  -0.30694  -0.30694  -0.28781
       -0.28781  -0.20936  -0.19104  -0.17499  -0.17499  -0.16732  -0.16726  -0.12597  -0.11638
       -0.11638  -0.10854  -0.09872  -0.09872  -0.09436  -0.09436  -0.09196  -0.09196  -0.08795
       -0.08795  -0.08042  -0.07887  -0.07887  -0.07611  -0.07611  -0.07385  -0.07384  -0.06846
       -0.05847  -0.05506  -0.05297  -0.05297  -0.05114  -0.05114  -0.04903  -0.04900  -0.04755
       -0.04755  -0.04277  -0.04277  -0.04265  -0.04237  -0.04237  -0.04141  -0.04141  -0.03929
       -0.03918  -0.03918  -0.03602  -0.03602  -0.03509  -0.03509  -0.03418  -0.03418  -0.03310
       -0.03310  -0.03180  -0.03021  -0.03021  -0.02897  -0.02877  -0.02877  -0.02804  -0.02804
       -0.02781  -0.02781  -0.02748  -0.02594  -0.02594  -0.02450  -0.02356  -0.02356  -0.02250
       -0.02217  -0.02217  -0.02203  -0.02203  -0.02183  -0.02183  -0.02172  -0.02172  -0.02145
       -0.02145  -0.02054  -0.02054  -0.02040  -0.02039  -0.01902  -0.01901  -0.01901  -0.01901
       -0.01901  -0.01855  -0.01855  -0.01759  -0.01759  -0.01758  -0.01636  -0.01636  -0.01633
       -0.01614  -0.01614  -0.01593  -0.01593  -0.01572  -0.01572  -0.01552  -0.01552  -0.01532
       -0.01532  -0.01419  -0.01419  -0.01418  -0.01398  -0.01398  -0.01353  -0.01319  -0.01319
       -0.01314  -0.01314  -0.01301  -0.01301  -0.01289  -0.01289  -0.01289  -0.01279  -0.01279
       -0.01261  -0.01261  -0.01255  -0.01255  -0.01246  -0.01246  -0.01191  -0.01169  -0.01169
       -0.01125  -0.01125  -0.01119  -0.01110  -0.01110  -0.01099  -0.01099  -0.01098  -0.01097
       -0.01051  -0.01051  -0.01040  -0.01040  -0.01015  -0.01000  -0.01000  -0.01000  -0.00999
       -0.00969  -0.00969  -0.00966  -0.00966  -0.00962  -0.00962  -0.00958  -0.00944  -0.00944
       -0.00905  -0.00905  -0.00893  -0.00890  -0.00890  -0.00844  -0.00844  -0.00840  -0.00840
       -0.00831  -0.00831  -0.00830  -0.00820  -0.00820  -0.00811  -0.00811  -0.00800  -0.00800
       -0.00799  -0.00799  -0.00797  -0.00797  -0.00791  -0.00791  -0.00777  -0.00777  -0.00777
       -0.00777  -0.00760  -0.00760  -0.00745  -0.00738  -0.00738  -0.00728  -0.00719  -0.00719
       -0.00708  -0.00708  -0.00706  -0.00706  -0.00695  -0.00695  -0.00694  -0.00693  -0.00693
       -0.00686  -0.00686  -0.00684  -0.00684  -0.00672  -0.00672  -0.00661  -0.00654  -0.00654
       -0.00644  -0.00644  -0.00634  -0.00634  -0.00634  -0.00623  -0.00623  -0.00613  -0.00613
       -0.00608  -0.00608  -0.00604  -0.00604  -0.00602  -0.00601  -0.00601  -0.00575  -0.00575
       -0.00575  -0.00575  -0.00568  -0.00568  -0.00556  -0.00550  -0.00550  -0.00543  -0.00542
       -0.00539  -0.00539  -0.00537  -0.00537  -0.00537  -0.00537  -0.00535  -0.00535  -0.00534
       -0.00525  -0.00525  -0.00516  -0.00516  -0.00514  -0.00514  -0.00514  -0.00514  -0.00507
       -0.00507  -0.00507  -0.00505  -0.00505  -0.00498  -0.00498  -0.00489  -0.00489  -0.00477
       -0.00477  -0.00475  -0.00474  -0.00474  -0.00467  -0.00467  -0.00467  -0.00467  -0.00463
       -0.00463  -0.00459  -0.00459  -0.00458  -0.00458  -0.00457  -0.00457  -0.00449  -0.00449
       -0.00448  -0.00448  -0.00448  -0.00444  -0.00444  -0.00443  -0.00443  -0.00434  -0.00434
       -0.00427  -0.00426  -0.00426  -0.00421  -0.00421  -0.00420  -0.00417  -0.00417  -0.00416
       -0.00416  -0.00407  -0.00407  -0.00407  -0.00407  -0.00407  -0.00406  -0.00399  -0.00399
       -0.00397  -0.00395  -0.00395  -0.00385  -0.00385  -0.00381  -0.00380  -0.00380  -0.00379
       -0.00378  -0.00377  -0.00377  -0.00374  -0.00374  -0.00371  -0.00371  -0.00365  -0.00365
       -0.00364  -0.00359  -0.00359  -0.00358  -0.00358  -0.00356  -0.00356  -0.00356  -0.00355
       -0.00351  -0.00351  -0.00350  -0.00349  -0.00349  -0.00346  -0.00345  -0.00344  -0.00344
       -0.00342  -0.00342  -0.00342  -0.00342  -0.00338  -0.00338  -0.00337  -0.00337  -0.00330
       -0.00326  -0.00326  -0.00326  -0.00326  -0.00323  -0.00323  -0.00318  -0.00318  -0.00317
       -0.00316  -0.00315  -0.00315  -0.00315  -0.00314  -0.00313  -0.00313  -0.00312  -0.00312
       -0.00312  -0.00312  -0.00312  -0.00312  -0.00311  -0.00311  -0.00311  -0.00311  -0.00307
       -0.00307  -0.00305  -0.00305  -0.00303  -0.00298  -0.00298  -0.00297  -0.00297  -0.00295
       -0.00295  -0.00285  -0.00285  -0.00285  -0.00285  -0.00285
        
     --------------------------------------------------------------------------------------------
     Tot. elapsed time 13m-31.8s,  time spent in last iteration 12.8s
     --------------------------------------------------------------------------------------------
      
     --------------------------------------------------------------------------------------------
     Database written in 39.2s               
     In location : ./hcl_420.wstat.save
     --------------------------------------------------------------------------------------------
       
     --------------------------------------------------------------------------------------------
     Convergence achieved !!! in        3 steps                          
     --------------------------------------------------------------------------------------------
 
     WSTAT        :  7m36.21s CPU    15m 5.08s WALL

     wstat_readin :      5.93s CPU     40.33s WALL (       1 calls)
     fetch_nml    :      0.00s CPU      0.00s WALL (       1 calls)
     read_xml     :      1.28s CPU      1.51s WALL (       1 calls)
     init_vloc    :      0.11s CPU      0.11s WALL (       2 calls)
     fft          :      0.26s CPU      0.31s WALL (      11 calls)
     fft_scatter  :     50.72s CPU     50.99s WALL (   15831 calls)
     v_of_rho     :      0.29s CPU      0.32s WALL (       1 calls)
     v_xc         :      0.26s CPU      0.28s WALL (       1 calls)
     v_h          :      0.03s CPU      0.04s WALL (       1 calls)
     read_wave    :      4.63s CPU     38.81s WALL (       1 calls)
     davcio       :      0.00s CPU      1.80s WALL (       2 calls)
     init_us_1    :      0.39s CPU      0.39s WALL (       2 calls)
     do_setup     :      0.54s CPU      0.55s WALL (       1 calls)
     init_pw_ar   :      0.54s CPU      0.55s WALL (       1 calls)
     init_at_1    :      0.00s CPU      0.00s WALL (       1 calls)
     storesqvc    :      0.01s CPU      0.01s WALL (       1 calls)
     chidiago     :    449.71s CPU    864.14s WALL (       1 calls)
     randomize    :      0.97s CPU      0.97s WALL (       1 calls)
     paramgs      :     12.20s CPU     12.31s WALL (       5 calls)
     dfpt         :    246.59s CPU    248.33s WALL (       5 calls)
     init_us_2    :      0.01s CPU      0.01s WALL (       5 calls)
     fftw         :    145.37s CPU    146.32s WALL (   15820 calls)
     alphapc      :      0.20s CPU      0.18s WALL (     160 calls)
     wstat_restar :    150.82s CPU    526.21s WALL (       4 calls)
     linstern     :    191.94s CPU    193.26s WALL (     118 calls)
     stern        :    185.51s CPU    186.61s WALL (    3967 calls)
     h_psi_bgrp   :    182.37s CPU    183.57s WALL (    3967 calls)
     h_psi        :    182.37s CPU    183.56s WALL (    3967 calls)
     h_psi:pot    :    181.75s CPU    182.82s WALL (    3967 calls)
     vloc_psi     :    174.21s CPU    175.47s WALL (    3967 calls)
     h_psi:calbec :      6.48s CPU      5.24s WALL (    3967 calls)
     calbec       :      6.47s CPU      5.23s WALL (    3967 calls)
     add_vuspsi   :      1.04s CPU      2.07s WALL (    3967 calls)
     alphapv      :      2.20s CPU      2.04s WALL (    3967 calls)
     build_hr     :      7.47s CPU      7.69s WALL (       4 calls)
     diagox       :      2.20s CPU      2.24s WALL (       4 calls)
     redistr_vr   :      0.31s CPU      0.32s WALL (       3 calls)
     update_vr    :     12.34s CPU     12.69s WALL (       3 calls)
     symm_hr      :      0.31s CPU      0.33s WALL (       3 calls)
     chidiago:las :      0.00s CPU      0.00s WALL (       1 calls)
     refresh_vr   :      4.74s CPU      4.86s WALL (       1 calls)
     pdep_db      :     10.97s CPU     39.24s WALL (       1 calls)
 
     WSTAT        :  7m36.21s CPU    15m 5.08s WALL

 
   This run was terminated on:  13:32:49   4Jul2018            

=------------------------------------------------------------------------------=
   JOB DONE.
=------------------------------------------------------------------------------=
