
     Program WFREQ v. 2.0.0 starts on 20Apr2018 at 10:24:10 

     This program is part of the open-source West suite
     for massively parallel calculations of excited states in materials; please cite
         "M. Govoni et al., J. Chem. Theory Comput. 11, 2680 (2015);
          URL http://www.west-code.org", 
     in publications or presentations arising from this work.

     Based on the Quantum ESPRESSO v. 6.1 svn rev. 13369
       
     --------------------------------------------------------------------------------------------
     **MPI** Parallelization Status                                      
     --------------------------------------------------------------------------------------------
                   160                  10             1             1            16
     --------------------------------------------------------------------------------------------
                     N         =         I      X      P      X      B      X      Z
                     ^                   ^             ^             ^             ^
                     |                   |             |             |             |
                   #rnk                  |             |             |             |
                                      #image           |             |             |
                                                     #pool           |             |
                                                                   #bgrp           |
                                                                                 #R&G
     --------------------------------------------------------------------------------------------
     **OPENMP** Parallelization Status
     #thr/rnk               =            1
     --------------------------------------------------------------------------------------------
     #prc = (rnk) * (thr) =          160
     --------------------------------------------------------------------------------------------
       
     --------------------------------------------------------------------------------------------
     I/O Summary : input_west                                            
     --------------------------------------------------------------------------------------------
     qe_prefix      = c2h2
     west_prefix    = c2h2
     outdir         = ./
     --------------------------------------------------------------------------------------------
       
     --------------------------------------------------------------------------------------------
     I/O Summary : wstat_control                                         
     --------------------------------------------------------------------------------------------
     wstat_calculation              =              S
     n_pdep_eigen                   =            420
     n_kin_pdep_eigen               =              0
     n_lindhard_eigen               =              0
     n_pdep_times                   =              4
     n_pdep_maxiter                 =            100
     n_dfpt_maxiter                 =            250
     n_pdep_read_from_file          =              0
     trev_pdep                      =   1.000000E-03
     trev_pdep_rel                  =   1.000000E-01
     tr2_dfpt                       =   1.000000E-12
     l_kinetic_only                 =              F
     l_minimize_exx_if_active       =              F
     l_use_ecutrho                  =              F
     l_pure_eigen                   =              F
     --------------------------------------------------------------------------------------------
       
     --------------------------------------------------------------------------------------------
     I/O Summary : wfreq_control                                         
     --------------------------------------------------------------------------------------------
     wfreq_calculation                        =           XWGQ
     n_pdep_eigen_to_use                      =            420
     qp_bandrange(1)                          =              4
     qp_bandrange(2)                          =              7
     macropol_calculation                     =              N
     n_lanczos                                =             30
     n_imfreq                                 =            100
     n_refreq                                 =            400
     ecut_imfreq [Ry]                         =     340.000000
     ecut_refreq [Ry]                         =       3.000000
     wfreq_eta [Ry]                           =       0.003675
     n_secant_maxiter                         =            200
     trev_secant [Ry]                         =       0.003676
     l_enable_lanczos                         =              T
     l_enable_gwetot                          =              F
     div_kind_hf                              =              2
     o_restart_time [min]                     =       0.000000
     ecut_spectralf(1) [Ry]                   =      -2.000000
     ecut_spectralf(2) [Ry]                   =       2.000000
     n_spectralf                              =             10
     --------------------------------------------------------------------------------------------

     Reading data from directory:
     ./c2h2.save

   Info: using nr1, nr2, nr3 values from input

   Info: using nr1, nr2, nr3 values from input

     IMPORTANT: XC functional enforced from input :
     Exchange-correlation      = PBE ( 1  4  3  4 0 0)
     Any further DFT definition will be discarded
     Please, verify this is what you really want

     Message from routine readpp:
     file ./c2h2.save/C_ONCV_PBE-1.0.upf not found
     Message from routine readpp:
     file ./c2h2.save/H_ONCV_PBE-1.0.upf not found
 
     Parallelization info
     --------------------
     sticks:   dense  smooth     PW     G-vecs:    dense   smooth      PW
     Min        1520    1520    379               178660   178660   22323
     Max        1522    1522    384               178666   178666   22328
     Sum       24345   24345   6093              2858633  2858633  357213
 
       
     --------------------------------------------------------------------------------------------
     System Overview                                                     
     --------------------------------------------------------------------------------------------
     gamma_only           =              T
     ecutwfc [Ry]         =      85.000000
     omega [au^3]         =   2.700000E+04
     glob. #G             =         178607
     nbnd                 =            100
     nkstot               =              1
     nspin                =              1
     nelec                =      10.000000
     npol                 =              1
     lsda                 =              F
     noncolin             =              F
     lspinorb             =              F
     domag                =              F
     --------------------------------------------------------------------------------------------

     sFFT G-space:  1429317 G-vectors     R-space: ( 180, 180, 180)
     dFFT G-space:  1429317 G-vectors     R-space: ( 180, 180, 180)

     Cell [a.u.]          =      30.000000      0.000000      0.000000
                          =       0.000000     30.000000      0.000000
                          =       0.000000      0.000000     30.000000
      
     number of ks points=     1
                       cart. coord. in units 2pi/alat
        k(    1) = (   0.0000000   0.0000000   0.0000000), wk =   2.0000000

                       cryst. coord.
        k(    1) = (   0.0000000   0.0000000   0.0000000), wk =   2.0000000
 
     Spherical div        =   1.654268E-01
     Orthorombic div      =   1.628502E-01
       
     --------------------------------------------------------------------------------------------
     Parallelization for npdep                                           
     --------------------------------------------------------------------------------------------
     nglob                =            420
     nlevel               =             10
     Min nglob/nlevel     =             42
     Max nglob/nlevel     =             42
     --------------------------------------------------------------------------------------------
       
     --------------------------------------------------------------------------------------------
     Parallelization for npdep+macro                                     
     --------------------------------------------------------------------------------------------
     nglob                =            423
     nlevel               =             10
     Min nglob/nlevel     =             42
     Max nglob/nlevel     =             43
     --------------------------------------------------------------------------------------------
       
     --------------------------------------------------------------------------------------------
     Parallelization for n_imfreq                                        
     --------------------------------------------------------------------------------------------
     nglob                =            100
     nlevel               =             16
     Min nglob/nlevel     =              6
     Max nglob/nlevel     =              7
     --------------------------------------------------------------------------------------------
       
     --------------------------------------------------------------------------------------------
     Parallelization for n_refreq                                        
     --------------------------------------------------------------------------------------------
     nglob                =            400
     nlevel               =             16
     Min nglob/nlevel     =             25
     Max nglob/nlevel     =             25
     --------------------------------------------------------------------------------------------
       
     --------------------------------------------------------------------------------------------
     Parallelization for nbnd                                            
     --------------------------------------------------------------------------------------------
     nglob                =            100
     nlevel               =             10
     Min nglob/nlevel     =             10
     Max nglob/nlevel     =             10
     --------------------------------------------------------------------------------------------
       
     --------------------------------------------------------------------------------------------
     Hartree-Fock Exact E(X)change                                       
     --------------------------------------------------------------------------------------------
      
     --------------------------------------------------------------------------------------------
     Vxc
     --------------------------------------------------------------------------------------------
     in progress... |####################| 100% :             < 00.1s (E)             < 00.1s (X)
     --------------------------------------------------------------------------------------------
      
     --------------------------------------------------------------------------------------------
     (X)-Sigma
     --------------------------------------------------------------------------------------------
     in progress... |#####               | 025% :             < 00.1s (E)               00.2s (X)
     in progress... |##########          | 050% :               00.1s (E)               00.2s (X)
     in progress... |###############     | 075% :               00.1s (E)               00.2s (X)
     in progress... |####################| 100% :               00.2s (E)               00.2s (X)
     --------------------------------------------------------------------------------------------
       
     --------------------------------------------------------------------------------------------
     (W)-Lanczos                                                         
     --------------------------------------------------------------------------------------------
     in progress... |####                | 020% :           02m-06.7s (E)           10m-33.9s (X)
     in progress... |########            | 040% :           04m-14.5s (E)           10m-36.4s (X)
     in progress... |############        | 060% :           06m-22.1s (E)           10m-36.9s (X)
     in progress... |################    | 080% :           08m-28.4s (E)           10m-35.5s (X)
     in progress... |####################| 100% :           10m-34.3s (E)           10m-34.3s (X)
     --------------------------------------------------------------------------------------------
       
     --------------------------------------------------------------------------------------------
     (G)-Lanczos                                                         
     --------------------------------------------------------------------------------------------
     in progress... |#####               | 025% :           02m-07.3s (E)           08m-29.4s (X)
     in progress... |##########          | 050% :           04m-16.7s (E)           08m-33.4s (X)
     in progress... |###############     | 075% :           06m-25.4s (E)           08m-33.9s (X)
     in progress... |####################| 100% :           08m-32.9s (E)           08m-32.9s (X)
     --------------------------------------------------------------------------------------------
       
     --------------------------------------------------------------------------------------------
     Collecting results from W and G                                     
     --------------------------------------------------------------------------------------------
     in progress... |#####               | 025% :               00.9s (E)               03.6s (X)
     in progress... |##########          | 050% :               01.6s (E)               03.3s (X)
     in progress... |###############     | 075% :               02.4s (E)               03.2s (X)
     in progress... |####################| 100% :               03.1s (E)               03.1s (X)
     --------------------------------------------------------------------------------------------
       
     --------------------------------------------------------------------------------------------
     (Q)uasiparticle energies                                            
     --------------------------------------------------------------------------------------------
       
     --------------------------------------------------------------------------------------------
     Sigma-C                                                             
     --------------------------------------------------------------------------------------------
     Integrating along the IM axis...
     --------------------------------------------------------------------------------------------
     in progress... |#####               | 025% :             < 00.1s (E)             < 00.1s (X)
     in progress... |##########          | 050% :             < 00.1s (E)             < 00.1s (X)
     in progress... |###############     | 075% :             < 00.1s (E)             < 00.1s (X)
     in progress... |####################| 100% :             < 00.1s (E)             < 00.1s (X)
     --------------------------------------------------------------------------------------------
     Residues along the RE axis...
     --------------------------------------------------------------------------------------------
     in progress... |#####               | 025% :             < 00.1s (E)             < 00.1s (X)
     in progress... |##########          | 050% :             < 00.1s (E)             < 00.1s (X)
     in progress... |###############     | 075% :             < 00.1s (E)             < 00.1s (X)
     in progress... |####################| 100% :             < 00.1s (E)             < 00.1s (X)
     --------------------------------------------------------------------------------------------
       
     --------------------------------------------------------------------------------------------
     Sigma-C                                                             
     --------------------------------------------------------------------------------------------
     Integrating along the IM axis...
     --------------------------------------------------------------------------------------------
     in progress... |#####               | 025% :             < 00.1s (E)             < 00.1s (X)
     in progress... |##########          | 050% :             < 00.1s (E)             < 00.1s (X)
     in progress... |###############     | 075% :             < 00.1s (E)             < 00.1s (X)
     in progress... |####################| 100% :             < 00.1s (E)             < 00.1s (X)
     --------------------------------------------------------------------------------------------
     Residues along the RE axis...
     --------------------------------------------------------------------------------------------
     in progress... |#####               | 025% :             < 00.1s (E)             < 00.1s (X)
     in progress... |##########          | 050% :             < 00.1s (E)             < 00.1s (X)
     in progress... |###############     | 075% :             < 00.1s (E)             < 00.1s (X)
     in progress... |####################| 100% :             < 00.1s (E)             < 00.1s (X)
     --------------------------------------------------------------------------------------------


     --------------------------------------------------------------------------------------------
     Iter: 000000, QP energies [eV]
     --------------------------------------------------------------------------------------------
         -11.085485    -11.086150      2.527448      2.527716
     --------------------------------------------------------------------------------------------
       
     --------------------------------------------------------------------------------------------
     Sigma-C                                                             
     --------------------------------------------------------------------------------------------
     Integrating along the IM axis...
     --------------------------------------------------------------------------------------------
     in progress... |#####               | 025% :             < 00.1s (E)             < 00.1s (X)
     in progress... |##########          | 050% :             < 00.1s (E)             < 00.1s (X)
     in progress... |###############     | 075% :             < 00.1s (E)             < 00.1s (X)
     in progress... |####################| 100% :             < 00.1s (E)             < 00.1s (X)
     --------------------------------------------------------------------------------------------
     Residues along the RE axis...
     --------------------------------------------------------------------------------------------
     in progress... |#####               | 025% :             < 00.1s (E)             < 00.1s (X)
     in progress... |##########          | 050% :             < 00.1s (E)             < 00.1s (X)
     in progress... |###############     | 075% :             < 00.1s (E)             < 00.1s (X)
     in progress... |####################| 100% :             < 00.1s (E)             < 00.1s (X)
     --------------------------------------------------------------------------------------------


     --------------------------------------------------------------------------------------------
     Iter: 000001, QP energies [eV]
     --------------------------------------------------------------------------------------------
         -10.986717    -10.987442      2.497649      2.497925
     --------------------------------------------------------------------------------------------
     --------------------------------------------------------------------------------------------
     Number of unconverged QP. =            2
     --------------------------------------------------------------------------------------------
       
     --------------------------------------------------------------------------------------------
     Sigma-C                                                             
     --------------------------------------------------------------------------------------------
     Integrating along the IM axis...
     --------------------------------------------------------------------------------------------
     in progress... |#####               | 025% :             < 00.1s (E)             < 00.1s (X)
     in progress... |##########          | 050% :             < 00.1s (E)             < 00.1s (X)
     in progress... |###############     | 075% :             < 00.1s (E)             < 00.1s (X)
     in progress... |####################| 100% :             < 00.1s (E)             < 00.1s (X)
     --------------------------------------------------------------------------------------------
     Residues along the RE axis...
     --------------------------------------------------------------------------------------------
     in progress... |#####               | 025% :             < 00.1s (E)             < 00.1s (X)
     in progress... |##########          | 050% :             < 00.1s (E)             < 00.1s (X)
     in progress... |###############     | 075% :             < 00.1s (E)             < 00.1s (X)
     in progress... |####################| 100% :             < 00.1s (E)             < 00.1s (X)
     --------------------------------------------------------------------------------------------


     --------------------------------------------------------------------------------------------
     Iter: 000002, QP energies [eV]
     --------------------------------------------------------------------------------------------
         -10.990770    -10.991497      2.497649      2.497925
     --------------------------------------------------------------------------------------------
       
     --------------------------------------------------------------------------------------------
     CONVERGENCE ACHIEVED !!!                                            
     --------------------------------------------------------------------------------------------
       
     --------------------------------------------------------------------------------------------
     Done, take a look at the o-eqp_K*.tab file(s) .                     
     --------------------------------------------------------------------------------------------
 
     WFREQ        : 18m50.24s CPU    19m42.71s WALL

     wfreq_readin :      4.35s CPU     28.66s WALL (       1 calls)
     fetch_nml    :      0.04s CPU      0.07s WALL (       1 calls)
     read_xml     :      1.37s CPU      2.15s WALL (       1 calls)
     init_vloc    :      0.11s CPU      0.12s WALL (       2 calls)
     fft          :      0.42s CPU      0.91s WALL (      18 calls)
     fft_scatter  :     39.01s CPU     39.49s WALL (   12136 calls)
     v_of_rho     :      0.30s CPU      0.32s WALL (       1 calls)
     v_xc         :      0.53s CPU      0.55s WALL (       2 calls)
     v_h          :      0.04s CPU      0.04s WALL (       1 calls)
     read_wave    :      2.94s CPU     26.44s WALL (       1 calls)
     davcio       :      0.00s CPU      2.22s WALL (       2 calls)
     init_us_1    :      0.02s CPU      0.03s WALL (       2 calls)
     do_setup     :      0.18s CPU      0.20s WALL (       1 calls)
     init_pw_ar   :      0.18s CPU      0.19s WALL (       1 calls)
     init_at_1    :      0.00s CPU      0.00s WALL (       1 calls)
     storesqvc    :      0.01s CPU      0.01s WALL (       2 calls)
     solve_hf     :      0.55s CPU      0.65s WALL (       1 calls)
     sigmavxc     :      0.02s CPU      0.03s WALL (       1 calls)
     init_us_2    :      0.01s CPU      0.02s WALL (       4 calls)
     fftw         :    110.00s CPU    111.72s WALL (   12114 calls)
     sigmax       :      0.22s CPU      0.22s WALL (       1 calls)
     ffts         :      0.09s CPU      0.09s WALL (       4 calls)
     wlanczos     :    615.94s CPU    634.37s WALL (       1 calls)
     alphapc      :      9.63s CPU      9.74s WALL (     284 calls)
     lan_H        :    183.72s CPU    186.77s WALL (       9 calls)
     h_psi_bgrp   :    141.76s CPU    144.07s WALL (     270 calls)
     h_psi        :    141.75s CPU    144.07s WALL (     270 calls)
     h_psi:pot    :    139.55s CPU    141.83s WALL (     270 calls)
     vloc_psi     :    137.27s CPU    139.49s WALL (     270 calls)
     h_psi:calbec :      1.23s CPU      1.18s WALL (     270 calls)
     calbec       :      1.23s CPU      1.18s WALL (     270 calls)
     add_vuspsi   :      1.05s CPU      1.16s WALL (     270 calls)
     brak         :    175.79s CPU    178.24s WALL (       9 calls)
     sw_restart   :      5.16s CPU      9.28s WALL (       5 calls)
     chi0_diag    :      0.18s CPU      0.21s WALL (       1 calls)
     glanczos     :    504.37s CPU    512.91s WALL (       1 calls)
     sg_restart   :      0.00s CPU      0.20s WALL (       4 calls)
     solve_qp     :      2.92s CPU      3.28s WALL (       1 calls)
     coll_gw      :      2.91s CPU      3.16s WALL (       1 calls)
     sigmac_i     :      0.00s CPU      0.00s WALL (       4 calls)
     sigmac_r     :      0.00s CPU      0.00s WALL (       4 calls)
 
     WFREQ        : 18m50.24s CPU    19m42.71s WALL

 
   This run was terminated on:  10:43:53  20Apr2018            

=------------------------------------------------------------------------------=
   JOB DONE.
=------------------------------------------------------------------------------=
