
     Program WSTAT v. 2.0.0 starts on  4Dec2017 at 14:17:43 

     This program is part of the open-source West suite
     for massively parallel calculations of excited states in materials; please cite
         "M. Govoni et al., J. Chem. Theory Comput. 11, 2680 (2015);
          URL http://www.west-code.org", 
     in publications or presentations arising from this work.

     Based on the Quantum ESPRESSO v. 6.1 svn rev. 13369
       
     --------------------------------------------------------------------------------------------
     **MPI** Parallelization Status                                      
     --------------------------------------------------------------------------------------------
                    80                  16             1             1             5
     --------------------------------------------------------------------------------------------
                     N         =         I      X      P      X      B      X      Z
                     ^                   ^             ^             ^             ^
                     |                   |             |             |             |
                   #rnk                  |             |             |             |
                                      #image           |             |             |
                                                     #pool           |             |
                                                                   #bgrp           |
                                                                                 #R&G
     --------------------------------------------------------------------------------------------
     **OPENMP** Parallelization Status
     #thr/rnk               =            1
     --------------------------------------------------------------------------------------------
     #prc = (rnk) * (thr) =           80
     --------------------------------------------------------------------------------------------
       
     --------------------------------------------------------------------------------------------
     I/O Summary : input_west                                            
     --------------------------------------------------------------------------------------------
     qe_prefix      = si-trial
     west_prefix    = si-trial
     outdir         = ./
     --------------------------------------------------------------------------------------------
       
     --------------------------------------------------------------------------------------------
     I/O Summary : wstat_control                                         
     --------------------------------------------------------------------------------------------
     wstat_calculation              =              S
     n_pdep_eigen                   =             50
     n_kin_pdep_eigen               =              0
     n_pdep_times                   =              4
     n_pdep_maxiter                 =            100
     n_dfpt_maxiter                 =            250
     n_pdep_read_from_file          =              0
     trev_pdep                      =   1.000000E-03
     trev_pdep_rel                  =   1.000000E-01
     tr2_dfpt                       =   1.000000E-12
     l_kinetic_only                 =              F
     l_kin_pdep                     =              F
     l_minimize_exx_if_active       =              F
     l_use_ecutrho                  =              F
     l_pure_eigen                   =              F
     --------------------------------------------------------------------------------------------

     Reading data from directory:
     ./si-trial.save

   Info: using nr1, nr2, nr3 values from input

   Info: using nr1, nr2, nr3 values from input

     IMPORTANT: XC functional enforced from input :
     Exchange-correlation      = PBE ( 1  4  3  4 0 0)
     Any further DFT definition will be discarded
     Please, verify this is what you really want

 
     Parallelization info
     --------------------
     sticks:   dense  smooth     PW     G-vecs:    dense   smooth      PW
     Min        1074    1074    269                59177    59177    7413
     Max        1076    1076    272                59184    59184    7416
     Sum        5377    5377   1353               295907   295907   37073
 
       
     --------------------------------------------------------------------------------------------
     System Overview                                                     
     --------------------------------------------------------------------------------------------
     gamma_only           =              T
     ecutwfc [Ry]         =      40.000000
     omega [au^3]         =   8.650474E+03
     glob. #G             =          18537
     nbnd                 =            250
     nkstot               =              1
     nspin                =              1
     nelec                =     256.000000
     npol                 =              1
     lsda                 =              F
     noncolin             =              F
     lspinorb             =              F
     domag                =              F
     --------------------------------------------------------------------------------------------

     sFFT G-space:   147954 G-vectors     R-space: (  90,  90,  90)
     dFFT G-space:   147954 G-vectors     R-space: (  90,  90,  90)

     Cell [a.u.]          =      20.528000      0.000000      0.000000
                          =       0.000000     20.528000      0.000000
                          =       0.000000      0.000000     20.528000
      
     number of ks points=     1
                       cart. coord. in units 2pi/alat
        k(    1) = (   0.0000000   0.0000000   0.0000000), wk =   2.0000000

                       cryst. coord.
        k(    1) = (   0.0000000   0.0000000   0.0000000), wk =   2.0000000
 
     Spherical div        =   2.417578E-01
     Orthorombic div      =   2.379907E-01
       
     --------------------------------------------------------------------------------------------
     Parallelization for nvecx                                           
     --------------------------------------------------------------------------------------------
     nglob                =            200
     nlevel               =             16
     Min nglob/nlevel     =             12
     Max nglob/nlevel     =             13
     --------------------------------------------------------------------------------------------

     [MEM] ----------------------------------------------------------
     [MEM] **Memory** analysis: QE
     [MEM] ----------------------------------------------------------
     [MEM] Allocated arrays           est. size (Mb)     dimensions
     [MEM] ----------------------------------------------------------
     [MEM] Kohn-Sham Wavefunctions      14.14 Mb     (   3707,  250)
     [MEM] NL pseudopotentials          28.96 Mb     (   3707,  512)
     [MEM] Each V/rho on FFT grid        2.22 Mb     ( 145800)
     [MEM] Each G-vector array           0.23 Mb     (  29592)
     [MEM] G-vector shells               0.01 Mb     (   1401)
     [MEM] ----------------------------------------------------------
     [MEM] TOT                          45.56 Mb
     [MEM] ----------------------------------------------------------
     [MEM] 
     [MEM] ----------------------------------------------------------
     [MEM] **Memory** analysis: WSTAT global
     [MEM] ----------------------------------------------------------
     [MEM] Allocated arrays           est. size (Mb)     dimensions
     [MEM] ----------------------------------------------------------
     [MEM] dvg                           0.74 Mb     (   3707,   13)
     [MEM] dng                           0.74 Mb     (   3707,   13)
     [MEM] hr_distr                      0.02 Mb     (    200,   13)
     [MEM] vr_distr                      0.02 Mb     (    200,   13)
     [MEM] ----------------------------------------------------------
     [MEM] TOT                           1.51 Mb
     [MEM] ----------------------------------------------------------
     [MEM] 
     [MEM] ----------------------------------------------------------
     [MEM] **Memory** analysis: WSTAT temporary
     [MEM] ----------------------------------------------------------
     [MEM] Allocated arrays           est. size (Mb)     dimensions
     [MEM] ----------------------------------------------------------
     [MEM] dvpsi                         7.24 Mb     (   3707,  128)
     [MEM] dpsi                          7.24 Mb     (   3707,  128)
     [MEM] ----------------------------------------------------------
     [MEM] Total estimate               14.48 Mb
     [MEM] ----------------------------------------------------------

                       *----------*              *----------*               *----------*
     #     Iteration = | starting |   DFPT_dim = |       50 |   Diago_dim = |       50 |  x 1/2
                       *----------*              *----------*               *----------*
     per-process dynamical memory    89.3 Mb
  
       
     --------------------------------------------------------------------------------------------
     Sternheimer eq. solver... with lite-solver                          
     --------------------------------------------------------------------------------------------
     in progress... |#####               | 025% :               01.1s (E)               04.5s (X)
     in progress... |##########          | 050% :               02.2s (E)               04.5s (X)
     in progress... |###############     | 075% :               03.3s (E)               04.5s (X)
     in progress... |####################| 100% :               04.4s (E)               04.4s (X)
     --------------------------------------------------------------------------------------------

     [I/O] -------------------------------------------------------
     [I/O] RESTART written in < 00.1s             
     [I/O] In location   : ./si_trial.wstat.restart
     [I/O] -------------------------------------------------------

                       *----------*              *----------*               *----------*
     #     Iteration = | starting |   DFPT_dim = |       50 |   Diago_dim = |       50 |  x 2/2
                       *----------*              *----------*               *----------*
     per-process dynamical memory   109.1 Mb
  
       
     --------------------------------------------------------------------------------------------
     Sternheimer eq. solver... with threshold =   1.000000E-06           
     --------------------------------------------------------------------------------------------
     in progress... |#####               | 025% :               17.8s (E)           01m-11.2s (X)
     in progress... |##########          | 050% :               34.9s (E)           01m-09.9s (X)
     in progress... |###############     | 075% :               52.4s (E)           01m-09.9s (X)
     in progress... |####################| 100% :           01m-09.6s (E)           01m-09.6s (X)
     --------------------------------------------------------------------------------------------
     p-DIAGOX done in 00.5s with a SCALAPACK grid (2x2)
     --------------------------------------------------------------------------------------------
        
       -5.42671  -5.40808  -5.39816  -5.34793  -5.28585  -5.26856  -3.73696  -3.73289  -3.71761
       -3.69952  -3.68213  -3.66735  -3.63161  -3.62157  -3.53248  -3.49048  -3.36800  -3.23270
       -3.18726  -3.13852  -3.00189  -2.83412  -2.17714  -2.15074  -2.10778  -2.04256  -1.97847
       -1.93745  -1.91447  -1.88579  -1.86793  -1.80544  -1.80226  -1.75012  -1.71695  -1.71409
       -1.69986  -1.67581  -1.66419  -1.63526  -1.60657  -1.59370  -1.54581  -1.52939  -1.48468
       -1.45791  -1.37437  -1.34548  -1.29649  -1.25600
        
     --------------------------------------------------------------------------------------------
     Tot. elapsed time 01m-16.3s,  time spent in last iteration 01m-16.3s
     --------------------------------------------------------------------------------------------

     [I/O] -------------------------------------------------------
     [I/O] RESTART written in < 00.1s             
     [I/O] In location   : ./si_trial.wstat.restart
     [I/O] -------------------------------------------------------

                       *----------*              *----------*               *----------*
     #     Iteration = |        1 |   DFPT_dim = |       50 |   Diago_dim = |      100 |
                       *----------*              *----------*               *----------*
     per-process dynamical memory   149.1 Mb
  
       
     --------------------------------------------------------------------------------------------
     Sternheimer eq. solver... with threshold =   1.000000E-12           
     --------------------------------------------------------------------------------------------
     in progress... |######              | 030% :               29.2s (E)           01m-37.5s (X)
     in progress... |#############       | 065% :               58.6s (E)           01m-30.2s (X)
     in progress... |####################| 100% :           01m-28.2s (E)           01m-28.2s (X)
     --------------------------------------------------------------------------------------------
     p-DIAGOX done in < 00.1s with a SCALAPACK grid (3x3)
     --------------------------------------------------------------------------------------------
        
       -5.50356  -5.50343  -5.50277  -5.50122  -5.49957  -5.49793  -3.86446  -3.86363  -3.86267
       -3.86144  -3.85971  -3.85841  -3.85785  -3.85434  -3.84801  -3.83914  -3.83402  -3.78877
       -3.42360  -3.41921  -3.39987  -3.39003  -2.39766  -2.37106  -2.36590  -2.34091  -2.32934
       -2.29582  -2.24678  -2.22221  -2.21109  -2.19567  -2.16846  -2.15118  -2.09931  -2.04032
       -2.03415  -2.02370  -1.99432  -1.99068  -1.94796  -1.91687  -1.90348  -1.89084  -1.87513
       -1.85964  -1.81908  -1.80597  -1.77128  -1.66538
        
     --------------------------------------------------------------------------------------------
     Tot. elapsed time 03m-14.9s,  time spent in last iteration 01m-57.7s
     --------------------------------------------------------------------------------------------

     [I/O] -------------------------------------------------------
     [I/O] RESTART written in < 00.1s             
     [I/O] In location   : ./si_trial.wstat.restart
     [I/O] -------------------------------------------------------

                       *----------*              *----------*               *----------*
     #     Iteration = |        2 |   DFPT_dim = |       50 |   Diago_dim = |      150 |
                       *----------*              *----------*               *----------*
     per-process dynamical memory   157.1 Mb
  
       
     --------------------------------------------------------------------------------------------
     Sternheimer eq. solver... with threshold =   1.000000E-12           
     --------------------------------------------------------------------------------------------
     in progress... |######              | 030% :               29.9s (E)           01m-39.7s (X)
     in progress... |#############       | 065% :               59.5s (E)           01m-31.6s (X)
     in progress... |####################| 100% :           01m-28.9s (E)           01m-28.9s (X)
     --------------------------------------------------------------------------------------------
     p-DIAGOX done in < 00.1s with a SCALAPACK grid (4x4)
     --------------------------------------------------------------------------------------------
        
       -5.50507  -5.50504  -5.50503  -5.50497  -5.50496  -5.50491  -3.86969  -3.86957  -3.86955
       -3.86952  -3.86949  -3.86940  -3.86934  -3.86929  -3.86911  -3.86873  -3.86842  -3.86711
       -3.43556  -3.43505  -3.43447  -3.43360  -2.43670  -2.43011  -2.42591  -2.42281  -2.41456
       -2.41218  -2.32227  -2.31756  -2.31472  -2.30775  -2.29735  -2.29119  -2.27825  -2.26057
       -2.25937  -2.23220  -2.18674  -2.17495  -2.00433  -1.99132  -1.98800  -1.97171  -1.96490
       -1.95373  -1.94853  -1.94638  -1.93502  -1.92861
        
     --------------------------------------------------------------------------------------------
     Tot. elapsed time 05m-22.3s,  time spent in last iteration 02m-03.1s
     --------------------------------------------------------------------------------------------

     [I/O] -------------------------------------------------------
     [I/O] RESTART written in < 00.1s             
     [I/O] In location   : ./si_trial.wstat.restart
     [I/O] -------------------------------------------------------

                       *----------*              *----------*               *----------*
     #     Iteration = |        3 |   DFPT_dim = |       50 |   Diago_dim = |      200 |
                       *----------*              *----------*               *----------*
     per-process dynamical memory   157.1 Mb
  
       
     --------------------------------------------------------------------------------------------
     Sternheimer eq. solver... with threshold =   1.000000E-12           
     --------------------------------------------------------------------------------------------
     in progress... |######              | 030% :               30.1s (E)           01m-40.3s (X)
     in progress... |#############       | 065% :           01m-00.1s (E)           01m-32.4s (X)
     in progress... |####################| 100% :           01m-29.6s (E)           01m-29.6s (X)
     --------------------------------------------------------------------------------------------
     p-DIAGOX done in 00.2s with a SCALAPACK grid (6x6)
     --------------------------------------------------------------------------------------------
        
       -5.50513  -5.50509  -5.50507  -5.50503  -5.50500  -5.50497  -3.86981  -3.86979  -3.86976
       -3.86976  -3.86974  -3.86974  -3.86971  -3.86969  -3.86967  -3.86966  -3.86964  -3.86961
       -3.43599  -3.43597  -3.43596  -3.43592  -2.44157  -2.44096  -2.43998  -2.43982  -2.43873
       -2.43767  -2.33407  -2.33353  -2.33274  -2.33160  -2.33139  -2.32938  -2.32916  -2.32790
       -2.32495  -2.32132  -2.31080  -2.30875  -2.02011  -2.01716  -2.01460  -2.01219  -2.01026
       -2.00327  -1.99642  -1.98901  -1.97866  -1.96725
        
     --------------------------------------------------------------------------------------------
     Tot. elapsed time 07m-24.0s,  time spent in last iteration 01m-59.0s
     --------------------------------------------------------------------------------------------

       Refresh the basis set

     [I/O] -------------------------------------------------------
     [I/O] RESTART written in < 00.1s             
     [I/O] In location   : ./si_trial.wstat.restart
     [I/O] -------------------------------------------------------

                       *----------*              *----------*               *----------*
     #     Iteration = |        4 |   DFPT_dim = |       32 |   Diago_dim = |       82 |
                       *----------*              *----------*               *----------*
     per-process dynamical memory   157.1 Mb
  
       
     --------------------------------------------------------------------------------------------
     Sternheimer eq. solver... with threshold =   1.000000E-12           
     --------------------------------------------------------------------------------------------
     in progress... |##########          | 050% :               30.4s (E)           01m-00.9s (X)
     in progress... |####################| 100% :           01m-00.0s (E)           01m-00.0s (X)
     --------------------------------------------------------------------------------------------
     p-DIAGOX done in < 00.1s with a SCALAPACK grid (2x2)
     --------------------------------------------------------------------------------------------
        
       -5.50513  -5.50510  -5.50507  -5.50503  -5.50500  -5.50497  -3.86981  -3.86980  -3.86977
       -3.86977  -3.86975  -3.86974  -3.86972  -3.86970  -3.86969  -3.86968  -3.86966  -3.86964
       -3.43602  -3.43601  -3.43600  -3.43598  -2.44193  -2.44186  -2.44171  -2.44159  -2.44137
       -2.44122  -2.33504  -2.33497  -2.33482  -2.33465  -2.33457  -2.33422  -2.33418  -2.33366
       -2.33341  -2.33181  -2.32908  -2.32868  -2.02283  -2.02190  -2.02157  -2.02092  -2.01982
       -2.01500  -2.01263  -2.00947  -1.99690  -1.98180
        
     --------------------------------------------------------------------------------------------
     Tot. elapsed time 08m-26.6s,  time spent in last iteration 01m-01.7s
     --------------------------------------------------------------------------------------------

     [I/O] -------------------------------------------------------
     [I/O] RESTART written in < 00.1s             
     [I/O] In location   : ./si_trial.wstat.restart
     [I/O] -------------------------------------------------------

                       *----------*              *----------*               *----------*
     #     Iteration = |        5 |   DFPT_dim = |       25 |   Diago_dim = |      107 |
                       *----------*              *----------*               *----------*
     per-process dynamical memory   164.6 Mb
  
       
     --------------------------------------------------------------------------------------------
     Sternheimer eq. solver... with threshold =   1.000000E-12           
     --------------------------------------------------------------------------------------------
     in progress... |####################| 100% :               29.6s (E)               29.6s (X)
     --------------------------------------------------------------------------------------------
     p-DIAGOX done in < 00.1s with a SCALAPACK grid (3x3)
     --------------------------------------------------------------------------------------------
        
       -5.50513  -5.50510  -5.50507  -5.50503  -5.50500  -5.50497  -3.86981  -3.86980  -3.86978
       -3.86977  -3.86975  -3.86974  -3.86972  -3.86970  -3.86969  -3.86968  -3.86966  -3.86964
       -3.43602  -3.43601  -3.43601  -3.43598  -2.44196  -2.44194  -2.44194  -2.44191  -2.44184
       -2.44183  -2.33516  -2.33514  -2.33512  -2.33511  -2.33508  -2.33501  -2.33497  -2.33487
       -2.33477  -2.33434  -2.33380  -2.33327  -2.02354  -2.02333  -2.02301  -2.02272  -2.02245
       -2.01869  -2.01780  -2.01433  -2.00612  -1.98910
        
     --------------------------------------------------------------------------------------------
     Tot. elapsed time 09m-30.1s,  time spent in last iteration 01m-02.1s
     --------------------------------------------------------------------------------------------

     [I/O] -------------------------------------------------------
     [I/O] RESTART written in < 00.1s             
     [I/O] In location   : ./si_trial.wstat.restart
     [I/O] -------------------------------------------------------

                       *----------*              *----------*               *----------*
     #     Iteration = |        6 |   DFPT_dim = |       14 |   Diago_dim = |      121 |
                       *----------*              *----------*               *----------*
     per-process dynamical memory   164.6 Mb
  
       
     --------------------------------------------------------------------------------------------
     Sternheimer eq. solver... with threshold =   1.000000E-12           
     --------------------------------------------------------------------------------------------
     in progress... |####################| 100% :               29.0s (E)               29.0s (X)
     --------------------------------------------------------------------------------------------
     p-DIAGOX done in < 00.1s with a SCALAPACK grid (3x3)
     --------------------------------------------------------------------------------------------
        
       -5.50513  -5.50510  -5.50507  -5.50503  -5.50500  -5.50497  -3.86981  -3.86980  -3.86978
       -3.86977  -3.86975  -3.86974  -3.86972  -3.86970  -3.86969  -3.86968  -3.86966  -3.86964
       -3.43602  -3.43601  -3.43601  -3.43598  -2.44197  -2.44196  -2.44196  -2.44195  -2.44193
       -2.44193  -2.33518  -2.33517  -2.33515  -2.33515  -2.33512  -2.33511  -2.33510  -2.33507
       -2.33507  -2.33496  -2.33481  -2.33473  -2.02367  -2.02362  -2.02337  -2.02316  -2.02296
       -2.02036  -2.01988  -2.01712  -2.01152  -1.99702
        
     --------------------------------------------------------------------------------------------
     Tot. elapsed time 10m-03.1s,  time spent in last iteration 31.4s
     --------------------------------------------------------------------------------------------

     [I/O] -------------------------------------------------------
     [I/O] RESTART written in < 00.1s             
     [I/O] In location   : ./si_trial.wstat.restart
     [I/O] -------------------------------------------------------

                       *----------*              *----------*               *----------*
     #     Iteration = |        7 |   DFPT_dim = |        7 |   Diago_dim = |      128 |
                       *----------*              *----------*               *----------*
     per-process dynamical memory   164.6 Mb
  
       
     --------------------------------------------------------------------------------------------
     Sternheimer eq. solver... with threshold =   1.000000E-12           
     --------------------------------------------------------------------------------------------
     in progress... |####################| 100% :             < 00.1s (E)             < 00.1s (X)
     --------------------------------------------------------------------------------------------
     p-DIAGOX done in < 00.1s with a SCALAPACK grid (4x4)
     --------------------------------------------------------------------------------------------
        
       -5.50513  -5.50510  -5.50507  -5.50503  -5.50500  -5.50497  -3.86981  -3.86980  -3.86978
       -3.86977  -3.86975  -3.86974  -3.86972  -3.86970  -3.86969  -3.86968  -3.86966  -3.86964
       -3.43602  -3.43601  -3.43601  -3.43598  -2.44198  -2.44196  -2.44196  -2.44196  -2.44195
       -2.44195  -2.33519  -2.33519  -2.33518  -2.33517  -2.33515  -2.33515  -2.33513  -2.33513
       -2.33511  -2.33510  -2.33508  -2.33504  -2.02372  -2.02364  -2.02341  -2.02321  -2.02307
       -2.02230  -2.02208  -2.02081  -2.01851  -2.01215
        
     --------------------------------------------------------------------------------------------
     Tot. elapsed time 10m-34.9s,  time spent in last iteration 29.9s
     --------------------------------------------------------------------------------------------

     [I/O] -------------------------------------------------------
     [I/O] RESTART written in < 00.1s             
     [I/O] In location   : ./si_trial.wstat.restart
     [I/O] -------------------------------------------------------

                       *----------*              *----------*               *----------*
     #     Iteration = |        8 |   DFPT_dim = |        5 |   Diago_dim = |      133 |
                       *----------*              *----------*               *----------*
     per-process dynamical memory   164.6 Mb
  
       
     --------------------------------------------------------------------------------------------
     Sternheimer eq. solver... with threshold =   1.000000E-12           
     --------------------------------------------------------------------------------------------
     in progress... |####################| 100% :               29.5s (E)               29.5s (X)
     --------------------------------------------------------------------------------------------
     p-DIAGOX done in < 00.1s with a SCALAPACK grid (4x4)
     --------------------------------------------------------------------------------------------
        
       -5.50513  -5.50510  -5.50507  -5.50503  -5.50500  -5.50497  -3.86981  -3.86980  -3.86978
       -3.86977  -3.86975  -3.86974  -3.86972  -3.86970  -3.86969  -3.86968  -3.86966  -3.86964
       -3.43602  -3.43601  -3.43601  -3.43598  -2.44198  -2.44197  -2.44196  -2.44196  -2.44195
       -2.44195  -2.33521  -2.33519  -2.33518  -2.33518  -2.33516  -2.33515  -2.33514  -2.33513
       -2.33512  -2.33511  -2.33508  -2.33505  -2.02376  -2.02367  -2.02345  -2.02341  -2.02313
       -2.02308  -2.02302  -2.02268  -2.02183  -2.02026
        
     --------------------------------------------------------------------------------------------
     Tot. elapsed time 11m-06.6s,  time spent in last iteration 29.9s
     --------------------------------------------------------------------------------------------

     [I/O] -------------------------------------------------------
     [I/O] RESTART written in < 00.1s             
     [I/O] In location   : ./si_trial.wstat.restart
     [I/O] -------------------------------------------------------

                       *----------*              *----------*               *----------*
     #     Iteration = |        9 |   DFPT_dim = |        3 |   Diago_dim = |      136 |
                       *----------*              *----------*               *----------*
     per-process dynamical memory   164.6 Mb
  
       
     --------------------------------------------------------------------------------------------
     Sternheimer eq. solver... with threshold =   1.000000E-12           
     --------------------------------------------------------------------------------------------
     in progress... |####################| 100% :             < 00.1s (E)             < 00.1s (X)
     --------------------------------------------------------------------------------------------
     p-DIAGOX done in < 00.1s with a SCALAPACK grid (4x4)
     --------------------------------------------------------------------------------------------
        
       -5.50513  -5.50510  -5.50507  -5.50503  -5.50500  -5.50497  -3.86981  -3.86980  -3.86978
       -3.86977  -3.86975  -3.86974  -3.86972  -3.86970  -3.86969  -3.86968  -3.86966  -3.86964
       -3.43602  -3.43601  -3.43601  -3.43598  -2.44198  -2.44197  -2.44196  -2.44196  -2.44195
       -2.44195  -2.33521  -2.33519  -2.33518  -2.33518  -2.33517  -2.33515  -2.33514  -2.33513
       -2.33512  -2.33511  -2.33508  -2.33505  -2.02378  -2.02372  -2.02361  -2.02348  -2.02339
       -2.02319  -2.02312  -2.02306  -2.02292  -2.02254
        
     --------------------------------------------------------------------------------------------
     Tot. elapsed time 11m-37.9s,  time spent in last iteration 29.4s
     --------------------------------------------------------------------------------------------

     [I/O] -------------------------------------------------------
     [I/O] RESTART written in < 00.1s             
     [I/O] In location   : ./si_trial.wstat.restart
     [I/O] -------------------------------------------------------

                       *----------*              *----------*               *----------*
     #     Iteration = |       10 |   DFPT_dim = |        2 |   Diago_dim = |      138 |
                       *----------*              *----------*               *----------*
     per-process dynamical memory   164.6 Mb
  
       
     --------------------------------------------------------------------------------------------
     Sternheimer eq. solver... with threshold =   1.000000E-12           
     --------------------------------------------------------------------------------------------
     in progress... |####################| 100% :             < 00.1s (E)             < 00.1s (X)
     --------------------------------------------------------------------------------------------
     p-DIAGOX done in < 00.1s with a SCALAPACK grid (4x4)
     --------------------------------------------------------------------------------------------
        
       -5.50513  -5.50510  -5.50507  -5.50503  -5.50500  -5.50497  -3.86981  -3.86980  -3.86978
       -3.86977  -3.86975  -3.86974  -3.86972  -3.86970  -3.86969  -3.86968  -3.86966  -3.86964
       -3.43602  -3.43601  -3.43601  -3.43598  -2.44198  -2.44197  -2.44196  -2.44196  -2.44195
       -2.44195  -2.33521  -2.33520  -2.33519  -2.33518  -2.33517  -2.33516  -2.33514  -2.33513
       -2.33513  -2.33511  -2.33508  -2.33505  -2.02380  -2.02373  -2.02363  -2.02351  -2.02340
       -2.02330  -2.02324  -2.02315  -2.02307  -2.02305
        
     --------------------------------------------------------------------------------------------
     Tot. elapsed time 12m-10.2s,  time spent in last iteration 30.3s
     --------------------------------------------------------------------------------------------
      
     --------------------------------------------------------------------------------------------
     Database written in 00.5s               
     In location : ./si_trial.wstat.save
     --------------------------------------------------------------------------------------------
       
     --------------------------------------------------------------------------------------------
     Convergence achieved !!! in       10 steps                          
     --------------------------------------------------------------------------------------------
 
     WSTAT        : 11m52.61s CPU    12m15.19s WALL

     wstat_readin :      0.89s CPU      2.75s WALL (       1 calls)
     fetch_nml    :      0.02s CPU      0.10s WALL (       1 calls)
     read_xml     :      0.45s CPU      1.14s WALL (       1 calls)
     init_vloc    :      0.01s CPU      0.02s WALL (       2 calls)
     fft          :      0.09s CPU      0.55s WALL (      11 calls)
     fft_scatter  :     83.81s CPU     55.82s WALL (  116967 calls)
     v_of_rho     :      0.11s CPU      0.12s WALL (       1 calls)
     v_xc         :      0.11s CPU      0.11s WALL (       1 calls)
     v_h          :      0.01s CPU      0.01s WALL (       1 calls)
     read_wave    :      0.41s CPU      1.50s WALL (       1 calls)
     davcio       :      0.00s CPU      0.40s WALL (       2 calls)
     init_us_1    :      0.01s CPU      0.01s WALL (       2 calls)
     do_setup     :      0.06s CPU      0.07s WALL (       1 calls)
     init_pw_ar   :      0.06s CPU      0.07s WALL (       1 calls)
     init_at_1    :      0.00s CPU      0.00s WALL (       1 calls)
     storesqvc    :      0.02s CPU      0.02s WALL (       1 calls)
     chidiago     :    711.64s CPU    731.73s WALL (       1 calls)
     randomize    :      0.01s CPU      0.01s WALL (       1 calls)
     paramgs      :      0.26s CPU      0.27s WALL (      12 calls)
     dfpt         :    705.31s CPU    708.05s WALL (      12 calls)
     init_us_2    :      0.16s CPU      0.19s WALL (      12 calls)
     fftw         :    260.95s CPU    249.32s WALL (  116956 calls)
     alphapc      :      0.88s CPU      0.88s WALL (      22 calls)
     wstat_restar :      4.95s CPU     19.85s WALL (      11 calls)
     linstern     :    463.63s CPU    465.26s WALL (      18 calls)
     stern        :    442.32s CPU    443.84s WALL (    1264 calls)
     h_psi_bgrp   :    402.36s CPU    403.82s WALL (    1264 calls)
     h_psi        :    402.35s CPU    403.81s WALL (    1264 calls)
     h_psi:pot    :    397.38s CPU    398.81s WALL (    1264 calls)
     vloc_psi     :    305.73s CPU    306.60s WALL (    1264 calls)
     h_psi:calbec :     44.86s CPU     45.13s WALL (    1264 calls)
     calbec       :     44.85s CPU     45.13s WALL (    1264 calls)
     add_vuspsi   :     46.79s CPU     47.07s WALL (    1264 calls)
     alphapv      :     34.66s CPU     34.70s WALL (    1264 calls)
     build_hr     :      0.18s CPU      0.21s WALL (      11 calls)
     diagox       :      0.39s CPU      1.00s WALL (      11 calls)
     redistr_vr   :      0.00s CPU      0.01s WALL (      10 calls)
     update_vr    :      0.32s CPU      0.36s WALL (      10 calls)
     symm_hr      :      0.00s CPU      0.00s WALL (      10 calls)
     chidiago:las :      0.04s CPU      0.04s WALL (       2 calls)
     refresh_vr   :      0.05s CPU      0.06s WALL (       3 calls)
     pdep_db      :      0.11s CPU      0.59s WALL (       1 calls)
 
     WSTAT        : 11m52.61s CPU    12m15.19s WALL

 
   This run was terminated on:  14:29:58   4Dec2017            

=------------------------------------------------------------------------------=
   JOB DONE.
=------------------------------------------------------------------------------=
