
     Program WSTAT v. 2.0.0 starts on  4Dec2017 at 14:30: 4 

     This program is part of the open-source West suite
     for massively parallel calculations of excited states in materials; please cite
         "M. Govoni et al., J. Chem. Theory Comput. 11, 2680 (2015);
          URL http://www.west-code.org", 
     in publications or presentations arising from this work.

     Based on the Quantum ESPRESSO v. 6.1 svn rev. 13369
       
     --------------------------------------------------------------------------------------------
     **MPI** Parallelization Status                                      
     --------------------------------------------------------------------------------------------
                    80                  16             1             1             5
     --------------------------------------------------------------------------------------------
                     N         =         I      X      P      X      B      X      Z
                     ^                   ^             ^             ^             ^
                     |                   |             |             |             |
                   #rnk                  |             |             |             |
                                      #image           |             |             |
                                                     #pool           |             |
                                                                   #bgrp           |
                                                                                 #R&G
     --------------------------------------------------------------------------------------------
     **OPENMP** Parallelization Status
     #thr/rnk               =            1
     --------------------------------------------------------------------------------------------
     #prc = (rnk) * (thr) =           80
     --------------------------------------------------------------------------------------------
       
     --------------------------------------------------------------------------------------------
     I/O Summary : input_west                                            
     --------------------------------------------------------------------------------------------
     qe_prefix      = si-trial
     west_prefix    = si-trial
     outdir         = ./
     --------------------------------------------------------------------------------------------
       
     --------------------------------------------------------------------------------------------
     I/O Summary : wstat_control                                         
     --------------------------------------------------------------------------------------------
     wstat_calculation              =              S
     n_pdep_eigen                   =             25
     n_kin_pdep_eigen               =             25
     n_pdep_times                   =              4
     n_pdep_maxiter                 =            100
     n_dfpt_maxiter                 =            250
     n_pdep_read_from_file          =              0
     trev_pdep                      =   1.000000E-03
     trev_pdep_rel                  =   1.000000E-01
     tr2_dfpt                       =   1.000000E-12
     l_kinetic_only                 =              F
     l_kin_pdep                     =              F
     l_minimize_exx_if_active       =              F
     l_use_ecutrho                  =              F
     l_pure_eigen                   =              F
     --------------------------------------------------------------------------------------------

     Reading data from directory:
     ./si-trial.save

   Info: using nr1, nr2, nr3 values from input

   Info: using nr1, nr2, nr3 values from input

     IMPORTANT: XC functional enforced from input :
     Exchange-correlation      = PBE ( 1  4  3  4 0 0)
     Any further DFT definition will be discarded
     Please, verify this is what you really want

 
     Parallelization info
     --------------------
     sticks:   dense  smooth     PW     G-vecs:    dense   smooth      PW
     Min        1074    1074    269                59177    59177    7413
     Max        1076    1076    272                59184    59184    7416
     Sum        5377    5377   1353               295907   295907   37073
 
       
     --------------------------------------------------------------------------------------------
     System Overview                                                     
     --------------------------------------------------------------------------------------------
     gamma_only           =              T
     ecutwfc [Ry]         =      40.000000
     omega [au^3]         =   8.650474E+03
     glob. #G             =          18537
     nbnd                 =            250
     nkstot               =              1
     nspin                =              1
     nelec                =     256.000000
     npol                 =              1
     lsda                 =              F
     noncolin             =              F
     lspinorb             =              F
     domag                =              F
     --------------------------------------------------------------------------------------------

     sFFT G-space:   147954 G-vectors     R-space: (  90,  90,  90)
     dFFT G-space:   147954 G-vectors     R-space: (  90,  90,  90)

     Cell [a.u.]          =      20.528000      0.000000      0.000000
                          =       0.000000     20.528000      0.000000
                          =       0.000000      0.000000     20.528000
      
     number of ks points=     1
                       cart. coord. in units 2pi/alat
        k(    1) = (   0.0000000   0.0000000   0.0000000), wk =   2.0000000

                       cryst. coord.
        k(    1) = (   0.0000000   0.0000000   0.0000000), wk =   2.0000000
 
     Spherical div        =   2.417578E-01
     Orthorombic div      =   2.379907E-01
       
     --------------------------------------------------------------------------------------------
     Parallelization for nvecx                                           
     --------------------------------------------------------------------------------------------
     nglob                =            100
     nlevel               =             16
     Min nglob/nlevel     =              6
     Max nglob/nlevel     =              7
     --------------------------------------------------------------------------------------------

     [MEM] ----------------------------------------------------------
     [MEM] **Memory** analysis: QE
     [MEM] ----------------------------------------------------------
     [MEM] Allocated arrays           est. size (Mb)     dimensions
     [MEM] ----------------------------------------------------------
     [MEM] Kohn-Sham Wavefunctions      14.14 Mb     (   3707,  250)
     [MEM] NL pseudopotentials          28.96 Mb     (   3707,  512)
     [MEM] Each V/rho on FFT grid        2.22 Mb     ( 145800)
     [MEM] Each G-vector array           0.23 Mb     (  29592)
     [MEM] G-vector shells               0.01 Mb     (   1401)
     [MEM] ----------------------------------------------------------
     [MEM] TOT                          45.56 Mb
     [MEM] ----------------------------------------------------------
     [MEM] 
     [MEM] ----------------------------------------------------------
     [MEM] **Memory** analysis: WSTAT global
     [MEM] ----------------------------------------------------------
     [MEM] Allocated arrays           est. size (Mb)     dimensions
     [MEM] ----------------------------------------------------------
     [MEM] dvg                           0.40 Mb     (   3707,    7)
     [MEM] dng                           0.40 Mb     (   3707,    7)
     [MEM] hr_distr                      0.01 Mb     (    100,    7)
     [MEM] vr_distr                      0.01 Mb     (    100,    7)
     [MEM] ----------------------------------------------------------
     [MEM] TOT                           0.80 Mb
     [MEM] ----------------------------------------------------------
     [MEM] 
     [MEM] ----------------------------------------------------------
     [MEM] **Memory** analysis: WSTAT temporary
     [MEM] ----------------------------------------------------------
     [MEM] Allocated arrays           est. size (Mb)     dimensions
     [MEM] ----------------------------------------------------------
     [MEM] dvpsi                         7.24 Mb     (   3707,  128)
     [MEM] dpsi                          7.24 Mb     (   3707,  128)
     [MEM] ----------------------------------------------------------
     [MEM] Total estimate               14.48 Mb
     [MEM] ----------------------------------------------------------

                       *----------*              *----------*               *----------*
     #     Iteration = | starting |   DFPT_dim = |       25 |   Diago_dim = |       25 |  x 1/2
                       *----------*              *----------*               *----------*
     per-process dynamical memory    88.6 Mb
  
       
     --------------------------------------------------------------------------------------------
     Sternheimer eq. solver... with lite-solver                          
     --------------------------------------------------------------------------------------------
     in progress... |##########          | 050% :               01.1s (E)               02.2s (X)
     in progress... |####################| 100% :               02.2s (E)               02.2s (X)
     --------------------------------------------------------------------------------------------

     [I/O] -------------------------------------------------------
     [I/O] RESTART written in < 00.1s             
     [I/O] In location   : ./si_trial_2.wstat.restart
     [I/O] -------------------------------------------------------

                       *----------*              *----------*               *----------*
     #     Iteration = | starting |   DFPT_dim = |       25 |   Diago_dim = |       25 |  x 2/2
                       *----------*              *----------*               *----------*
     per-process dynamical memory   108.4 Mb
  
       
     --------------------------------------------------------------------------------------------
     Sternheimer eq. solver... with threshold =   1.000000E-06           
     --------------------------------------------------------------------------------------------
     in progress... |##########          | 050% :               17.0s (E)               34.0s (X)
     in progress... |####################| 100% :               34.2s (E)               34.2s (X)
     --------------------------------------------------------------------------------------------
     p-DIAGOX done in < 00.1s with a SCALAPACK grid (2x2)
     --------------------------------------------------------------------------------------------
        
       -5.35362  -5.31965  -5.22644  -4.91383  -4.89519  -4.69154  -3.65920  -3.59791  -3.51959
       -3.45628  -3.40753  -3.36138  -3.21782  -3.14443  -3.00870  -2.94816  -2.84934  -2.80092
       -2.49017  -2.26825  -2.10947  -1.95146  -1.83644  -1.73986  -1.58547
        
     --------------------------------------------------------------------------------------------
     Tot. elapsed time 38.2s,  time spent in last iteration 38.2s
     --------------------------------------------------------------------------------------------

     [I/O] -------------------------------------------------------
     [I/O] RESTART written in < 00.1s             
     [I/O] In location   : ./si_trial_2.wstat.restart
     [I/O] -------------------------------------------------------

                       *----------*              *----------*               *----------*
     #     Iteration = |        1 |   DFPT_dim = |       25 |   Diago_dim = |       50 |
                       *----------*              *----------*               *----------*
     per-process dynamical memory   146.1 Mb
  
       
     --------------------------------------------------------------------------------------------
     Sternheimer eq. solver... with threshold =   1.000000E-12           
     --------------------------------------------------------------------------------------------
     in progress... |##########          | 050% :               29.5s (E)               59.0s (X)
     in progress... |####################| 100% :               59.0s (E)               59.0s (X)
     --------------------------------------------------------------------------------------------
     p-DIAGOX done in < 00.1s with a SCALAPACK grid (2x2)
     --------------------------------------------------------------------------------------------
        
       -5.49809  -5.49721  -5.49327  -5.47937  -5.46363  -5.42360  -3.85512  -3.84783  -3.84103
       -3.83338  -3.82053  -3.81472  -3.78913  -3.77776  -3.76316  -3.74205  -3.55178  -3.50601
       -3.35544  -3.21785  -2.87283  -2.75604  -2.20045  -2.16252  -2.08328
        
     --------------------------------------------------------------------------------------------
     Tot. elapsed time 01m-37.9s,  time spent in last iteration 59.2s
     --------------------------------------------------------------------------------------------

     [I/O] -------------------------------------------------------
     [I/O] RESTART written in < 00.1s             
     [I/O] In location   : ./si_trial_2.wstat.restart
     [I/O] -------------------------------------------------------

                       *----------*              *----------*               *----------*
     #     Iteration = |        2 |   DFPT_dim = |       25 |   Diago_dim = |       75 |
                       *----------*              *----------*               *----------*
     per-process dynamical memory   154.1 Mb
  
       
     --------------------------------------------------------------------------------------------
     Sternheimer eq. solver... with threshold =   1.000000E-12           
     --------------------------------------------------------------------------------------------
     in progress... |####################| 100% :               29.7s (E)               29.7s (X)
     --------------------------------------------------------------------------------------------
     p-DIAGOX done in < 00.1s with a SCALAPACK grid (2x2)
     --------------------------------------------------------------------------------------------
        
       -5.50488  -5.50486  -5.50480  -5.50448  -5.50423  -5.50198  -3.86902  -3.86897  -3.86828
       -3.86770  -3.86723  -3.86683  -3.86525  -3.86367  -3.86214  -3.85909  -3.84068  -3.80385
       -3.43010  -3.41972  -3.39182  -3.37082  -2.36600  -2.34349  -2.30104
        
     --------------------------------------------------------------------------------------------
     Tot. elapsed time 02m-40.8s,  time spent in last iteration 01m-02.0s
     --------------------------------------------------------------------------------------------

     [I/O] -------------------------------------------------------
     [I/O] RESTART written in < 00.1s             
     [I/O] In location   : ./si_trial_2.wstat.restart
     [I/O] -------------------------------------------------------

                       *----------*              *----------*               *----------*
     #     Iteration = |        3 |   DFPT_dim = |       25 |   Diago_dim = |      100 |
                       *----------*              *----------*               *----------*
     per-process dynamical memory   154.1 Mb
  
       
     --------------------------------------------------------------------------------------------
     Sternheimer eq. solver... with threshold =   1.000000E-12           
     --------------------------------------------------------------------------------------------
     in progress... |##########          | 050% :               29.9s (E)               59.8s (X)
     in progress... |####################| 100% :               59.3s (E)               59.3s (X)
     --------------------------------------------------------------------------------------------
     p-DIAGOX done in < 00.1s with a SCALAPACK grid (3x3)
     --------------------------------------------------------------------------------------------
        
       -5.50512  -5.50507  -5.50506  -5.50503  -5.50498  -5.50492  -3.86974  -3.86970  -3.86965
       -3.86963  -3.86961  -3.86956  -3.86949  -3.86945  -3.86932  -3.86917  -3.86794  -3.86508
       -3.43557  -3.43453  -3.43216  -3.43054  -2.42232  -2.42025  -2.39714
        
     --------------------------------------------------------------------------------------------
     Tot. elapsed time 03m-43.1s,  time spent in last iteration 01m-01.0s
     --------------------------------------------------------------------------------------------

       Refresh the basis set

     [I/O] -------------------------------------------------------
     [I/O] RESTART written in < 00.1s             
     [I/O] In location   : ./si_trial_2.wstat.restart
     [I/O] -------------------------------------------------------

                       *----------*              *----------*               *----------*
     #     Iteration = |        4 |   DFPT_dim = |       18 |   Diago_dim = |       43 |
                       *----------*              *----------*               *----------*
     per-process dynamical memory   154.1 Mb
  
       
     --------------------------------------------------------------------------------------------
     Sternheimer eq. solver... with threshold =   1.000000E-12           
     --------------------------------------------------------------------------------------------
     in progress... |####################| 100% :               30.2s (E)               30.2s (X)
     --------------------------------------------------------------------------------------------
     p-DIAGOX done in < 00.1s with a SCALAPACK grid (2x2)
     --------------------------------------------------------------------------------------------
        
       -5.50513  -5.50509  -5.50507  -5.50503  -5.50500  -5.50497  -3.86978  -3.86976  -3.86974
       -3.86974  -3.86972  -3.86970  -3.86969  -3.86966  -3.86965  -3.86962  -3.86957  -3.86918
       -3.43594  -3.43576  -3.43543  -3.43515  -2.43458  -2.43219  -2.42152
        
     --------------------------------------------------------------------------------------------
     Tot. elapsed time 04m-36.5s,  time spent in last iteration 52.9s
     --------------------------------------------------------------------------------------------

     [I/O] -------------------------------------------------------
     [I/O] RESTART written in < 00.1s             
     [I/O] In location   : ./si_trial_2.wstat.restart
     [I/O] -------------------------------------------------------

                       *----------*              *----------*               *----------*
     #     Iteration = |        5 |   DFPT_dim = |        8 |   Diago_dim = |       51 |
                       *----------*              *----------*               *----------*
     per-process dynamical memory   161.5 Mb
  
       
     --------------------------------------------------------------------------------------------
     Sternheimer eq. solver... with threshold =   1.000000E-12           
     --------------------------------------------------------------------------------------------
     in progress... |####################| 100% :               30.3s (E)               30.3s (X)
     --------------------------------------------------------------------------------------------
     p-DIAGOX done in < 00.1s with a SCALAPACK grid (2x2)
     --------------------------------------------------------------------------------------------
        
       -5.50513  -5.50509  -5.50507  -5.50503  -5.50500  -5.50497  -3.86979  -3.86978  -3.86976
       -3.86975  -3.86974  -3.86973  -3.86970  -3.86970  -3.86967  -3.86967  -3.86964  -3.86962
       -3.43599  -3.43597  -3.43594  -3.43594  -2.43968  -2.43749  -2.43452
        
     --------------------------------------------------------------------------------------------
     Tot. elapsed time 05m-07.6s,  time spent in last iteration 30.4s
     --------------------------------------------------------------------------------------------

     [I/O] -------------------------------------------------------
     [I/O] RESTART written in < 00.1s             
     [I/O] In location   : ./si_trial_2.wstat.restart
     [I/O] -------------------------------------------------------

                       *----------*              *----------*               *----------*
     #     Iteration = |        6 |   DFPT_dim = |        3 |   Diago_dim = |       54 |
                       *----------*              *----------*               *----------*
     per-process dynamical memory   161.5 Mb
  
       
     --------------------------------------------------------------------------------------------
     Sternheimer eq. solver... with threshold =   1.000000E-12           
     --------------------------------------------------------------------------------------------
     in progress... |####################| 100% :             < 00.1s (E)             < 00.1s (X)
     --------------------------------------------------------------------------------------------
     p-DIAGOX done in < 00.1s with a SCALAPACK grid (2x2)
     --------------------------------------------------------------------------------------------
        
       -5.50513  -5.50509  -5.50507  -5.50503  -5.50500  -5.50497  -3.86979  -3.86978  -3.86976
       -3.86975  -3.86974  -3.86973  -3.86970  -3.86970  -3.86967  -3.86967  -3.86965  -3.86963
       -3.43599  -3.43598  -3.43595  -3.43594  -2.44098  -2.43939  -2.43811
        
     --------------------------------------------------------------------------------------------
     Tot. elapsed time 05m-38.8s,  time spent in last iteration 30.3s
     --------------------------------------------------------------------------------------------

     [I/O] -------------------------------------------------------
     [I/O] RESTART written in < 00.1s             
     [I/O] In location   : ./si_trial_2.wstat.restart
     [I/O] -------------------------------------------------------

                       *----------*              *----------*               *----------*
     #     Iteration = |        7 |   DFPT_dim = |        3 |   Diago_dim = |       57 |
                       *----------*              *----------*               *----------*
     per-process dynamical memory   161.5 Mb
  
       
     --------------------------------------------------------------------------------------------
     Sternheimer eq. solver... with threshold =   1.000000E-12           
     --------------------------------------------------------------------------------------------
     in progress... |####################| 100% :             < 00.1s (E)             < 00.1s (X)
     --------------------------------------------------------------------------------------------
     p-DIAGOX done in < 00.1s with a SCALAPACK grid (2x2)
     --------------------------------------------------------------------------------------------
        
       -5.50513  -5.50509  -5.50507  -5.50503  -5.50500  -5.50497  -3.86979  -3.86978  -3.86976
       -3.86975  -3.86974  -3.86973  -3.86970  -3.86970  -3.86967  -3.86967  -3.86965  -3.86963
       -3.43599  -3.43598  -3.43595  -3.43594  -2.44142  -2.44067  -2.43989
        
     --------------------------------------------------------------------------------------------
     Tot. elapsed time 06m-09.5s,  time spent in last iteration 29.8s
     --------------------------------------------------------------------------------------------

     [I/O] -------------------------------------------------------
     [I/O] RESTART written in < 00.1s             
     [I/O] In location   : ./si_trial_2.wstat.restart
     [I/O] -------------------------------------------------------

                       *----------*              *----------*               *----------*
     #     Iteration = |        8 |   DFPT_dim = |        2 |   Diago_dim = |       59 |
                       *----------*              *----------*               *----------*
     per-process dynamical memory   161.5 Mb
  
       
     --------------------------------------------------------------------------------------------
     Sternheimer eq. solver... with threshold =   1.000000E-12           
     --------------------------------------------------------------------------------------------
     in progress... |####################| 100% :             < 00.1s (E)             < 00.1s (X)
     --------------------------------------------------------------------------------------------
     p-DIAGOX done in < 00.1s with a SCALAPACK grid (2x2)
     --------------------------------------------------------------------------------------------
        
       -5.50513  -5.50509  -5.50507  -5.50503  -5.50500  -5.50497  -3.86979  -3.86978  -3.86976
       -3.86975  -3.86974  -3.86973  -3.86970  -3.86970  -3.86967  -3.86967  -3.86965  -3.86963
       -3.43599  -3.43598  -3.43595  -3.43595  -2.44150  -2.44139  -2.44105
        
     --------------------------------------------------------------------------------------------
     Tot. elapsed time 06m-33.1s,  time spent in last iteration 22.7s
     --------------------------------------------------------------------------------------------

     [I/O] -------------------------------------------------------
     [I/O] RESTART written in < 00.1s             
     [I/O] In location   : ./si_trial_2.wstat.restart
     [I/O] -------------------------------------------------------

                       *----------*              *----------*               *----------*
     #     Iteration = |        9 |   DFPT_dim = |        1 |   Diago_dim = |       60 |
                       *----------*              *----------*               *----------*
     per-process dynamical memory   161.5 Mb
  
       
     --------------------------------------------------------------------------------------------
     Sternheimer eq. solver... with threshold =   1.000000E-12           
     --------------------------------------------------------------------------------------------
     in progress... |####################| 100% :             < 00.1s (E)             < 00.1s (X)
     --------------------------------------------------------------------------------------------
     p-DIAGOX done in < 00.1s with a SCALAPACK grid (2x2)
     --------------------------------------------------------------------------------------------
        
       -5.50513  -5.50509  -5.50507  -5.50503  -5.50500  -5.50497  -3.86979  -3.86978  -3.86976
       -3.86975  -3.86974  -3.86973  -3.86970  -3.86970  -3.86967  -3.86967  -3.86965  -3.86963
       -3.43599  -3.43598  -3.43595  -3.43595  -2.44166  -2.44149  -2.44138
        
     --------------------------------------------------------------------------------------------
     Tot. elapsed time 06m-56.6s,  time spent in last iteration 22.5s
     --------------------------------------------------------------------------------------------
      
     --------------------------------------------------------------------------------------------
     Database written in 00.3s               
     In location : ./si_trial_2.wstat.save
     --------------------------------------------------------------------------------------------
       
     --------------------------------------------------------------------------------------------
     Convergence achieved !!! in        9 steps                          
     --------------------------------------------------------------------------------------------
       
     --------------------------------------------------------------------------------------------
     ** Now compute kinetic eigenpotentials **                           
     --------------------------------------------------------------------------------------------
       
     --------------------------------------------------------------------------------------------
     Parallelization for newnvecx                                        
     --------------------------------------------------------------------------------------------
     nglob                =            100
     nlevel               =             16
     Min nglob/nlevel     =              6
     Max nglob/nlevel     =              7
     --------------------------------------------------------------------------------------------
       
     --------------------------------------------------------------------------------------------
     Parallelization for merge_nvecx                                     
     --------------------------------------------------------------------------------------------
     nglob                =            200
     nlevel               =             16
     Min nglob/nlevel     =             12
     Max nglob/nlevel     =             13
     --------------------------------------------------------------------------------------------

                       *----------*              *----------*               *----------*
     #     Iteration = | starting |   DFPT_dim = |       25 |   Diago_dim = |       25 |  x 1/2
                       *----------*              *----------*               *----------*
       
     --------------------------------------------------------------------------------------------
     Applying projection operator formed by dvg                          
     --------------------------------------------------------------------------------------------
     per-process dynamical memory   161.5 Mb
  
       
     --------------------------------------------------------------------------------------------
     Sternheimer eq. solver... with lite-solver                          
     --------------------------------------------------------------------------------------------
     in progress... |##########          | 050% :               01.0s (E)               02.1s (X)
     in progress... |####################| 100% :               02.2s (E)               02.2s (X)
       
     --------------------------------------------------------------------------------------------
     Applying projection operator formed by dvg                          
     --------------------------------------------------------------------------------------------
     --------------------------------------------------------------------------------------------

     [I/O] -------------------------------------------------------
     [I/O] RESTART written in < 00.1s             
     [I/O] In location   : ./si_trial_2.wstat.restart
     [I/O] -------------------------------------------------------

                       *----------*              *----------*               *----------*
     #     Iteration = | starting |   DFPT_dim = |       25 |   Diago_dim = |       25 |  x 2/2
                       *----------*              *----------*               *----------*
       
     --------------------------------------------------------------------------------------------
     Applying projection operator formed by dvg                          
     --------------------------------------------------------------------------------------------
     per-process dynamical memory   161.5 Mb
  
       
     --------------------------------------------------------------------------------------------
     Sternheimer eq. solver... with threshold =   1.000000E-06           
     --------------------------------------------------------------------------------------------
     in progress... |##########          | 050% :               16.7s (E)               33.4s (X)
     in progress... |####################| 100% :               33.4s (E)               33.4s (X)
       
     --------------------------------------------------------------------------------------------
     Applying projection operator formed by dvg                          
     --------------------------------------------------------------------------------------------
     --------------------------------------------------------------------------------------------
     p-DIAGOX done in < 00.1s with a SCALAPACK grid (2x2)
     --------------------------------------------------------------------------------------------
        
       -2.10076   0.00000  -2.00419   0.00000  -1.95541   0.00000  -1.93793   0.00000  -1.91106
        0.00000  -1.88027   0.00000  -1.85285   0.00000  -1.82055   0.00000  -1.76699   0.00000
       -1.76072   0.00000  -1.69881   0.00000  -1.66066   0.00000  -1.63772
        
     --------------------------------------------------------------------------------------------
     Tot. elapsed time 37.9s,  time spent in last iteration 37.9s
     --------------------------------------------------------------------------------------------

     [I/O] -------------------------------------------------------
     [I/O] RESTART written in < 00.1s             
     [I/O] In location   : ./si_trial_2.wstat.restart
     [I/O] -------------------------------------------------------

                       *----------*              *----------*               *----------*
     #     Iteration = |        1 |   DFPT_dim = |       25 |   Diago_dim = |       50 |
                       *----------*              *----------*               *----------*
       
     --------------------------------------------------------------------------------------------
     Applying projection operator formed by dvg                          
     --------------------------------------------------------------------------------------------
     per-process dynamical memory   161.5 Mb
  
       
     --------------------------------------------------------------------------------------------
     Sternheimer eq. solver... with threshold =   1.000000E-12           
     --------------------------------------------------------------------------------------------
     in progress... |##########          | 050% :               29.5s (E)               59.0s (X)
     in progress... |####################| 100% :               58.6s (E)               58.6s (X)
       
     --------------------------------------------------------------------------------------------
     Applying projection operator formed by dvg                          
     --------------------------------------------------------------------------------------------
     --------------------------------------------------------------------------------------------
     p-DIAGOX done in < 00.1s with a SCALAPACK grid (2x2)
     --------------------------------------------------------------------------------------------
        
       -2.33974   0.00000  -2.32480   0.00000  -2.25643   0.00000  -2.23887   0.00000  -2.21894
        0.00000  -2.18330   0.00000  -2.15865   0.00000  -2.13608   0.00000  -2.11139   0.00000
       -2.09792   0.00000  -2.05648   0.00000  -2.01998   0.00000  -2.00600
        
     --------------------------------------------------------------------------------------------
     Tot. elapsed time 01m-39.9s,  time spent in last iteration 01m-01.5s
     --------------------------------------------------------------------------------------------

     [I/O] -------------------------------------------------------
     [I/O] RESTART written in < 00.1s             
     [I/O] In location   : ./si_trial_2.wstat.restart
     [I/O] -------------------------------------------------------

                       *----------*              *----------*               *----------*
     #     Iteration = |        2 |   DFPT_dim = |       25 |   Diago_dim = |       75 |
                       *----------*              *----------*               *----------*
       
     --------------------------------------------------------------------------------------------
     Applying projection operator formed by dvg                          
     --------------------------------------------------------------------------------------------
     per-process dynamical memory   161.5 Mb
  
       
     --------------------------------------------------------------------------------------------
     Sternheimer eq. solver... with threshold =   1.000000E-12           
     --------------------------------------------------------------------------------------------
     in progress... |####################| 100% :               29.7s (E)               29.7s (X)
       
     --------------------------------------------------------------------------------------------
     Applying projection operator formed by dvg                          
     --------------------------------------------------------------------------------------------
     --------------------------------------------------------------------------------------------
     p-DIAGOX done in < 00.1s with a SCALAPACK grid (2x2)
     --------------------------------------------------------------------------------------------
        
       -2.40978   0.00000  -2.40394   0.00000  -2.36553   0.00000  -2.31931   0.00000  -2.31131
        0.00000  -2.30200   0.00000  -2.28379   0.00000  -2.27941   0.00000  -2.25567   0.00000
       -2.23904   0.00000  -2.22331   0.00000  -2.21244   0.00000  -2.18279
        
     --------------------------------------------------------------------------------------------
     Tot. elapsed time 02m-41.9s,  time spent in last iteration 01m-01.1s
     --------------------------------------------------------------------------------------------

     [I/O] -------------------------------------------------------
     [I/O] RESTART written in < 00.1s             
     [I/O] In location   : ./si_trial_2.wstat.restart
     [I/O] -------------------------------------------------------

                       *----------*              *----------*               *----------*
     #     Iteration = |        3 |   DFPT_dim = |       25 |   Diago_dim = |      100 |
                       *----------*              *----------*               *----------*
       
     --------------------------------------------------------------------------------------------
     Applying projection operator formed by dvg                          
     --------------------------------------------------------------------------------------------
     per-process dynamical memory   161.5 Mb
  
       
     --------------------------------------------------------------------------------------------
     Sternheimer eq. solver... with threshold =   1.000000E-12           
     --------------------------------------------------------------------------------------------
     in progress... |##########          | 050% :               29.9s (E)               59.8s (X)
     in progress... |####################| 100% :               59.2s (E)               59.2s (X)
       
     --------------------------------------------------------------------------------------------
     Applying projection operator formed by dvg                          
     --------------------------------------------------------------------------------------------
     --------------------------------------------------------------------------------------------
     p-DIAGOX done in < 00.1s with a SCALAPACK grid (3x3)
     --------------------------------------------------------------------------------------------
        
       -2.43567   0.00000  -2.43225   0.00000  -2.42000   0.00000  -2.33238   0.00000  -2.33086
        0.00000  -2.32944   0.00000  -2.32535   0.00000  -2.32207   0.00000  -2.31723   0.00000
       -2.31416   0.00000  -2.31148   0.00000  -2.30009   0.00000  -2.29429
        
     --------------------------------------------------------------------------------------------
     Tot. elapsed time 03m-42.6s,  time spent in last iteration 59.5s
     --------------------------------------------------------------------------------------------

       Refresh the basis set

     [I/O] -------------------------------------------------------
     [I/O] RESTART written in < 00.1s             
     [I/O] In location   : ./si_trial_2.wstat.restart
     [I/O] -------------------------------------------------------

                       *----------*              *----------*               *----------*
     #     Iteration = |        4 |   DFPT_dim = |       25 |   Diago_dim = |       50 |
                       *----------*              *----------*               *----------*
       
     --------------------------------------------------------------------------------------------
     Applying projection operator formed by dvg                          
     --------------------------------------------------------------------------------------------
     per-process dynamical memory   161.5 Mb
  
       
     --------------------------------------------------------------------------------------------
     Sternheimer eq. solver... with threshold =   1.000000E-12           
     --------------------------------------------------------------------------------------------
     in progress... |##########          | 050% :               29.3s (E)               58.6s (X)
     in progress... |####################| 100% :               59.6s (E)               59.6s (X)
       
     --------------------------------------------------------------------------------------------
     Applying projection operator formed by dvg                          
     --------------------------------------------------------------------------------------------
     --------------------------------------------------------------------------------------------
     p-DIAGOX done in < 00.1s with a SCALAPACK grid (2x2)
     --------------------------------------------------------------------------------------------
        
       -2.44036   0.00000  -2.43860   0.00000  -2.43523   0.00000  -2.33442   0.00000  -2.33424
        0.00000  -2.33333   0.00000  -2.33202   0.00000  -2.33096   0.00000  -2.33031   0.00000
       -2.32831   0.00000  -2.32719   0.00000  -2.32275   0.00000  -2.32066
        
     --------------------------------------------------------------------------------------------
     Tot. elapsed time 04m-44.5s,  time spent in last iteration 01m-01.4s
     --------------------------------------------------------------------------------------------

     [I/O] -------------------------------------------------------
     [I/O] RESTART written in < 00.1s             
     [I/O] In location   : ./si_trial_2.wstat.restart
     [I/O] -------------------------------------------------------

                       *----------*              *----------*               *----------*
     #     Iteration = |        5 |   DFPT_dim = |       25 |   Diago_dim = |       75 |
                       *----------*              *----------*               *----------*
       
     --------------------------------------------------------------------------------------------
     Applying projection operator formed by dvg                          
     --------------------------------------------------------------------------------------------
     per-process dynamical memory   161.5 Mb
  
       
     --------------------------------------------------------------------------------------------
     Sternheimer eq. solver... with threshold =   1.000000E-12           
     --------------------------------------------------------------------------------------------
     in progress... |####################| 100% :               29.4s (E)               29.4s (X)
       
     --------------------------------------------------------------------------------------------
     Applying projection operator formed by dvg                          
     --------------------------------------------------------------------------------------------
     --------------------------------------------------------------------------------------------
     p-DIAGOX done in < 00.1s with a SCALAPACK grid (2x2)
     --------------------------------------------------------------------------------------------
        
       -2.44167   0.00000  -2.44130   0.00000  -2.44075   0.00000  -2.33510   0.00000  -2.33502
        0.00000  -2.33482   0.00000  -2.33448   0.00000  -2.33419   0.00000  -2.33392   0.00000
       -2.33371   0.00000  -2.33323   0.00000  -2.33201   0.00000  -2.33164
        
     --------------------------------------------------------------------------------------------
     Tot. elapsed time 05m-45.8s,  time spent in last iteration 01m-00.4s
     --------------------------------------------------------------------------------------------

     [I/O] -------------------------------------------------------
     [I/O] RESTART written in < 00.1s             
     [I/O] In location   : ./si_trial_2.wstat.restart
     [I/O] -------------------------------------------------------

                       *----------*              *----------*               *----------*
     #     Iteration = |        6 |   DFPT_dim = |       23 |   Diago_dim = |       98 |
                       *----------*              *----------*               *----------*
       
     --------------------------------------------------------------------------------------------
     Applying projection operator formed by dvg                          
     --------------------------------------------------------------------------------------------
     per-process dynamical memory   161.5 Mb
  
       
     --------------------------------------------------------------------------------------------
     Sternheimer eq. solver... with threshold =   1.000000E-12           
     --------------------------------------------------------------------------------------------
     in progress... |##########          | 050% :               30.2s (E)           01m-00.4s (X)
     in progress... |####################| 100% :           01m-00.0s (E)           01m-00.0s (X)
       
     --------------------------------------------------------------------------------------------
     Applying projection operator formed by dvg                          
     --------------------------------------------------------------------------------------------
     --------------------------------------------------------------------------------------------
     p-DIAGOX done in < 00.1s with a SCALAPACK grid (3x3)
     --------------------------------------------------------------------------------------------
        
       -2.44193   0.00000  -2.44188   0.00000  -2.44176   0.00000  -2.33530   0.00000  -2.33520
        0.00000  -2.33516   0.00000  -2.33509   0.00000  -2.33504   0.00000  -2.33498   0.00000
       -2.33494   0.00000  -2.33483   0.00000  -2.33468   0.00000  -2.33455
        
     --------------------------------------------------------------------------------------------
     Tot. elapsed time 06m-47.1s,  time spent in last iteration 01m-00.2s
     --------------------------------------------------------------------------------------------

       Refresh the basis set

     [I/O] -------------------------------------------------------
     [I/O] RESTART written in < 00.1s             
     [I/O] In location   : ./si_trial_2.wstat.restart
     [I/O] -------------------------------------------------------

                       *----------*              *----------*               *----------*
     #     Iteration = |        7 |   DFPT_dim = |       18 |   Diago_dim = |       43 |
                       *----------*              *----------*               *----------*
       
     --------------------------------------------------------------------------------------------
     Applying projection operator formed by dvg                          
     --------------------------------------------------------------------------------------------
     per-process dynamical memory   161.5 Mb
  
       
     --------------------------------------------------------------------------------------------
     Sternheimer eq. solver... with threshold =   1.000000E-12           
     --------------------------------------------------------------------------------------------
srun: Job step aborted: Waiting up to 32 seconds for job step to finish.
slurmstepd-midway719: error: *** STEP 40917282.1 ON midway719 CANCELLED AT 2017-12-04T14:44:11 ***
