
     Program WSTAT v. 2.0.0 starts on 28Apr2018 at 13:10:31 

     This program is part of the open-source West suite
     for massively parallel calculations of excited states in materials; please cite
         "M. Govoni et al., J. Chem. Theory Comput. 11, 2680 (2015);
          URL http://www.west-code.org", 
     in publications or presentations arising from this work.

     Based on the Quantum ESPRESSO v. 6.1 svn rev. 13369
       
     --------------------------------------------------------------------------------------------
     **MPI** Parallelization Status                                      
     --------------------------------------------------------------------------------------------
                   160                  10             1             1            16
     --------------------------------------------------------------------------------------------
                     N         =         I      X      P      X      B      X      Z
                     ^                   ^             ^             ^             ^
                     |                   |             |             |             |
                   #rnk                  |             |             |             |
                                      #image           |             |             |
                                                     #pool           |             |
                                                                   #bgrp           |
                                                                                 #R&G
     --------------------------------------------------------------------------------------------
     **OPENMP** Parallelization Status
     #thr/rnk               =            1
     --------------------------------------------------------------------------------------------
     #prc = (rnk) * (thr) =          160
     --------------------------------------------------------------------------------------------
       
     --------------------------------------------------------------------------------------------
     I/O Summary : input_west                                            
     --------------------------------------------------------------------------------------------
     qe_prefix      = ch3cl
     west_prefix    = ch3cl
     outdir         = ./
     --------------------------------------------------------------------------------------------
       
     --------------------------------------------------------------------------------------------
     I/O Summary : wstat_control                                         
     --------------------------------------------------------------------------------------------
     wstat_calculation              =              S
     n_pdep_eigen                   =            500
     n_kin_pdep_eigen               =              0
     n_lindhard_eigen               =              0
     n_pdep_times                   =              4
     n_pdep_maxiter                 =            100
     n_dfpt_maxiter                 =            250
     n_pdep_read_from_file          =              0
     trev_pdep                      =   1.000000E-03
     trev_pdep_rel                  =   1.000000E-01
     tr2_dfpt                       =   1.000000E-12
     l_kinetic_only                 =              F
     l_minimize_exx_if_active       =              F
     l_use_ecutrho                  =              F
     l_pure_eigen                   =              F
     --------------------------------------------------------------------------------------------

     Reading data from directory:
     ./ch3cl.save

   Info: using nr1, nr2, nr3 values from input

   Info: using nr1, nr2, nr3 values from input

     IMPORTANT: XC functional enforced from input :
     Exchange-correlation      = PBE ( 1  4  3  4 0 0)
     Any further DFT definition will be discarded
     Please, verify this is what you really want

     Message from routine readpp:
     file ./ch3cl.save/C_ONCV_PBE-1.0.upf not found
     Message from routine readpp:
     file ./ch3cl.save/Cl_ONCV_PBE-1.0.upf not found
     Message from routine readpp:
     file ./ch3cl.save/H_ONCV_PBE-1.0.upf not found
 
     Parallelization info
     --------------------
     sticks:   dense  smooth     PW     G-vecs:    dense   smooth      PW
     Min        1520    1520    379               178660   178660   22323
     Max        1522    1522    384               178666   178666   22328
     Sum       24345   24345   6093              2858633  2858633  357213
 
       
     --------------------------------------------------------------------------------------------
     System Overview                                                     
     --------------------------------------------------------------------------------------------
     gamma_only           =              T
     ecutwfc [Ry]         =      85.000000
     omega [au^3]         =   2.700000E+04
     glob. #G             =         178607
     nbnd                 =            100
     nkstot               =              1
     nspin                =              1
     nelec                =      14.000000
     npol                 =              1
     lsda                 =              F
     noncolin             =              F
     lspinorb             =              F
     domag                =              F
     --------------------------------------------------------------------------------------------

     sFFT G-space:  1429317 G-vectors     R-space: ( 180, 180, 180)
     dFFT G-space:  1429317 G-vectors     R-space: ( 180, 180, 180)

     Cell [a.u.]          =      30.000000      0.000000      0.000000
                          =       0.000000     30.000000      0.000000
                          =       0.000000      0.000000     30.000000
      
     number of ks points=     1
                       cart. coord. in units 2pi/alat
        k(    1) = (   0.0000000   0.0000000   0.0000000), wk =   2.0000000

                       cryst. coord.
        k(    1) = (   0.0000000   0.0000000   0.0000000), wk =   2.0000000
 
     Spherical div        =   1.654268E-01
     Orthorombic div      =   1.628502E-01
       
     --------------------------------------------------------------------------------------------
     Parallelization for nvecx                                           
     --------------------------------------------------------------------------------------------
     nglob                =           2000
     nlevel               =             10
     Min nglob/nlevel     =            200
     Max nglob/nlevel     =            200
     --------------------------------------------------------------------------------------------

     [MEM] ----------------------------------------------------------
     [MEM] **Memory** analysis: QE
     [MEM] ----------------------------------------------------------
     [MEM] Allocated arrays           est. size (Mb)     dimensions
     [MEM] ----------------------------------------------------------
     [MEM] Kohn-Sham Wavefunctions      17.03 Mb     (  11164,  100)
     [MEM] NL pseudopotentials           3.75 Mb     (  11164,   22)
     [MEM] Each V/rho on FFT grid        5.93 Mb     ( 388800)
     [MEM] Each G-vector array           0.68 Mb     (  89333)
     [MEM] G-vector shells               0.05 Mb     (   6125)
     [MEM] ----------------------------------------------------------
     [MEM] TOT                          27.44 Mb
     [MEM] ----------------------------------------------------------
     [MEM] 
     [MEM] ----------------------------------------------------------
     [MEM] **Memory** analysis: WSTAT global
     [MEM] ----------------------------------------------------------
     [MEM] Allocated arrays           est. size (Mb)     dimensions
     [MEM] ----------------------------------------------------------
     [MEM] dvg                          34.07 Mb     (  11164,  200)
     [MEM] dng                          34.07 Mb     (  11164,  200)
     [MEM] hr_distr                      3.05 Mb     (   2000,  200)
     [MEM] vr_distr                      3.05 Mb     (   2000,  200)
     [MEM] ----------------------------------------------------------
     [MEM] TOT                          74.24 Mb
     [MEM] ----------------------------------------------------------
     [MEM] 
     [MEM] ----------------------------------------------------------
     [MEM] **Memory** analysis: WSTAT temporary
     [MEM] ----------------------------------------------------------
     [MEM] Allocated arrays           est. size (Mb)     dimensions
     [MEM] ----------------------------------------------------------
     [MEM] dvpsi                         1.19 Mb     (  11164,    7)
     [MEM] dpsi                          1.19 Mb     (  11164,    7)
     [MEM] ----------------------------------------------------------
     [MEM] Total estimate                2.38 Mb
     [MEM] ----------------------------------------------------------

                       *----------*              *----------*               *----------*
     #     Iteration = | starting |   DFPT_dim = |      500 |   Diago_dim = |      500 |  x 1/2
                       *----------*              *----------*               *----------*
     per-process dynamical memory   189.2 Mb
  
       
     --------------------------------------------------------------------------------------------
     Sternheimer eq. solver... with lite-solver                          
     --------------------------------------------------------------------------------------------
     in progress... |#                   | 005% :               00.7s (E)               15.3s (X)
     in progress... |##                  | 010% :               01.2s (E)               12.7s (X)
     in progress... |###                 | 015% :               02.0s (E)               13.6s (X)
     in progress... |####                | 020% :               02.5s (E)               12.7s (X)
     in progress... |#####               | 025% :               03.3s (E)               13.2s (X)
     in progress... |######              | 030% :               03.8s (E)               12.7s (X)
     in progress... |#######             | 035% :               04.5s (E)               13.1s (X)
     in progress... |########            | 040% :               05.0s (E)               12.7s (X)
     in progress... |#########           | 045% :               05.8s (E)               13.0s (X)
     in progress... |##########          | 050% :               06.3s (E)               12.7s (X)
     in progress... |###########         | 055% :               07.1s (E)               12.9s (X)
     in progress... |############        | 060% :               07.6s (E)               12.7s (X)
     in progress... |#############       | 065% :               08.3s (E)               12.9s (X)
     in progress... |##############      | 070% :               08.9s (E)               12.7s (X)
     in progress... |###############     | 075% :               09.6s (E)               12.8s (X)
     in progress... |################    | 080% :               10.1s (E)               12.7s (X)
     in progress... |#################   | 085% :               10.9s (E)               12.8s (X)
     in progress... |##################  | 090% :               11.4s (E)               12.7s (X)
     in progress... |################### | 095% :               12.2s (E)               12.8s (X)
     in progress... |####################| 100% :               12.7s (E)               12.7s (X)
     --------------------------------------------------------------------------------------------

     [I/O] -------------------------------------------------------
     [I/O] RESTART written in < 00.1s             
     [I/O] In location   : ./ch3cl_500.wstat.restart
     [I/O] -------------------------------------------------------

                       *----------*              *----------*               *----------*
     #     Iteration = | starting |   DFPT_dim = |      500 |   Diago_dim = |      500 |  x 2/2
                       *----------*              *----------*               *----------*
     per-process dynamical memory   191.5 Mb
  
       
     --------------------------------------------------------------------------------------------
     Sternheimer eq. solver... with threshold =   1.000000E-06           
     --------------------------------------------------------------------------------------------
     in progress... |#                   | 005% :               09.3s (E)           03m-07.9s (X)
     in progress... |##                  | 010% :               15.5s (E)           02m-35.9s (X)
     in progress... |###                 | 015% :               24.5s (E)           02m-43.8s (X)
     in progress... |####                | 020% :               30.5s (E)           02m-32.5s (X)
     in progress... |#####               | 025% :               39.3s (E)           02m-37.4s (X)
     in progress... |######              | 030% :               45.2s (E)           02m-30.8s (X)
     in progress... |#######             | 035% :               53.9s (E)           02m-34.1s (X)
     in progress... |########            | 040% :               59.7s (E)           02m-29.4s (X)
     in progress... |#########           | 045% :           01m-08.4s (E)           02m-32.1s (X)
     in progress... |##########          | 050% :           01m-14.1s (E)           02m-28.2s (X)
     in progress... |###########         | 055% :           01m-22.5s (E)           02m-30.0s (X)
     in progress... |############        | 060% :           01m-28.0s (E)           02m-26.8s (X)
     in progress... |#############       | 065% :           01m-36.5s (E)           02m-28.5s (X)
     in progress... |##############      | 070% :           01m-42.0s (E)           02m-25.7s (X)
     in progress... |###############     | 075% :           01m-50.3s (E)           02m-27.1s (X)
     in progress... |################    | 080% :           01m-55.8s (E)           02m-24.8s (X)
     in progress... |#################   | 085% :           02m-04.0s (E)           02m-25.9s (X)
     in progress... |##################  | 090% :           02m-09.5s (E)           02m-23.9s (X)
     in progress... |################### | 095% :           02m-17.7s (E)           02m-24.9s (X)
     in progress... |####################| 100% :           02m-23.1s (E)           02m-23.1s (X)
     --------------------------------------------------------------------------------------------
     p-DIAGOX done in 00.4s with a SCALAPACK grid (12x12)
     --------------------------------------------------------------------------------------------
        
       -2.22287  -1.42546  -1.41402  -1.41400  -1.26570  -0.83805  -0.83803  -0.77963  -0.65004
       -0.64999  -0.52241  -0.52236  -0.51544  -0.42218  -0.42215  -0.41381  -0.40628  -0.40625
       -0.39854  -0.39851  -0.38391  -0.34396  -0.34392  -0.31518  -0.31494  -0.30760  -0.28914
       -0.28904  -0.27329  -0.26974  -0.26971  -0.23118  -0.21469  -0.21460  -0.19547  -0.19251
       -0.18374  -0.18365  -0.17128  -0.17125  -0.16240  -0.15362  -0.15359  -0.14248  -0.13637
       -0.13629  -0.11684  -0.10980  -0.10975  -0.10732  -0.10434  -0.10429  -0.09820  -0.09693
       -0.09615  -0.09608  -0.09561  -0.09551  -0.09063  -0.09048  -0.09019  -0.08306  -0.08290
       -0.08172  -0.07929  -0.07914  -0.07813  -0.07795  -0.07429  -0.07256  -0.07242  -0.07237
       -0.06768  -0.06707  -0.06694  -0.06509  -0.06364  -0.06355  -0.06124  -0.05659  -0.05615
       -0.05603  -0.05520  -0.05513  -0.05320  -0.05311  -0.05302  -0.05008  -0.04924  -0.04915
       -0.04572  -0.04565  -0.04559  -0.04394  -0.04384  -0.04365  -0.04350  -0.04332  -0.04319
       -0.04261  -0.04258  -0.04226  -0.04218  -0.04095  -0.04026  -0.04010  -0.03915  -0.03909
       -0.03777  -0.03707  -0.03683  -0.03620  -0.03550  -0.03537  -0.03499  -0.03464  -0.03456
       -0.03385  -0.03299  -0.03262  -0.03240  -0.03188  -0.03127  -0.03109  -0.03031  -0.03024
       -0.02994  -0.02976  -0.02949  -0.02916  -0.02841  -0.02816  -0.02802  -0.02793  -0.02738
       -0.02727  -0.02697  -0.02616  -0.02610  -0.02570  -0.02562  -0.02549  -0.02508  -0.02488
       -0.02459  -0.02413  -0.02402  -0.02346  -0.02309  -0.02281  -0.02261  -0.02247  -0.02233
       -0.02204  -0.02185  -0.02170  -0.02158  -0.02148  -0.02126  -0.02109  -0.02101  -0.02086
       -0.02081  -0.02058  -0.02032  -0.02016  -0.02012  -0.01993  -0.01976  -0.01942  -0.01928
       -0.01890  -0.01875  -0.01869  -0.01856  -0.01839  -0.01822  -0.01820  -0.01790  -0.01775
       -0.01771  -0.01754  -0.01712  -0.01708  -0.01697  -0.01682  -0.01676  -0.01656  -0.01649
       -0.01622  -0.01597  -0.01593  -0.01576  -0.01563  -0.01545  -0.01534  -0.01531  -0.01518
       -0.01497  -0.01487  -0.01477  -0.01468  -0.01461  -0.01445  -0.01435  -0.01428  -0.01409
       -0.01402  -0.01389  -0.01359  -0.01354  -0.01341  -0.01322  -0.01310  -0.01301  -0.01293
       -0.01266  -0.01262  -0.01250  -0.01246  -0.01241  -0.01227  -0.01215  -0.01202  -0.01196
       -0.01192  -0.01187  -0.01180  -0.01172  -0.01162  -0.01157  -0.01151  -0.01149  -0.01146
       -0.01137  -0.01116  -0.01113  -0.01108  -0.01101  -0.01092  -0.01089  -0.01078  -0.01071
       -0.01055  -0.01054  -0.01046  -0.01041  -0.01030  -0.01014  -0.01012  -0.01011  -0.01004
       -0.00991  -0.00986  -0.00981  -0.00972  -0.00969  -0.00960  -0.00959  -0.00955  -0.00943
       -0.00931  -0.00930  -0.00922  -0.00918  -0.00917  -0.00904  -0.00900  -0.00893  -0.00888
       -0.00883  -0.00872  -0.00866  -0.00859  -0.00856  -0.00842  -0.00838  -0.00828  -0.00825
       -0.00818  -0.00814  -0.00807  -0.00804  -0.00795  -0.00791  -0.00789  -0.00783  -0.00774
       -0.00772  -0.00770  -0.00762  -0.00756  -0.00754  -0.00752  -0.00742  -0.00737  -0.00732
       -0.00724  -0.00721  -0.00712  -0.00708  -0.00705  -0.00699  -0.00693  -0.00689  -0.00685
       -0.00683  -0.00680  -0.00671  -0.00665  -0.00663  -0.00654  -0.00649  -0.00644  -0.00641
       -0.00636  -0.00634  -0.00631  -0.00624  -0.00622  -0.00619  -0.00617  -0.00610  -0.00605
       -0.00603  -0.00598  -0.00597  -0.00591  -0.00587  -0.00587  -0.00581  -0.00580  -0.00573
       -0.00566  -0.00563  -0.00559  -0.00557  -0.00554  -0.00549  -0.00546  -0.00542  -0.00538
       -0.00536  -0.00531  -0.00528  -0.00525  -0.00523  -0.00521  -0.00515  -0.00511  -0.00508
       -0.00504  -0.00502  -0.00497  -0.00495  -0.00492  -0.00489  -0.00485  -0.00479  -0.00477
       -0.00473  -0.00470  -0.00469  -0.00464  -0.00461  -0.00459  -0.00457  -0.00455  -0.00449
       -0.00447  -0.00444  -0.00440  -0.00439  -0.00436  -0.00431  -0.00430  -0.00427  -0.00422
       -0.00417  -0.00416  -0.00415  -0.00409  -0.00407  -0.00405  -0.00404  -0.00400  -0.00393
       -0.00392  -0.00389  -0.00385  -0.00381  -0.00378  -0.00378  -0.00375  -0.00371  -0.00369
       -0.00368  -0.00365  -0.00361  -0.00359  -0.00357  -0.00353  -0.00349  -0.00347  -0.00343
       -0.00341  -0.00339  -0.00338  -0.00337  -0.00334  -0.00330  -0.00327  -0.00327  -0.00324
       -0.00323  -0.00320  -0.00318  -0.00316  -0.00312  -0.00312  -0.00308  -0.00305  -0.00303
       -0.00301  -0.00299  -0.00297  -0.00297  -0.00292  -0.00290  -0.00286  -0.00285  -0.00283
       -0.00281  -0.00278  -0.00277  -0.00275  -0.00272  -0.00270  -0.00270  -0.00267  -0.00266
       -0.00261  -0.00258  -0.00256  -0.00255  -0.00252  -0.00249  -0.00245  -0.00243  -0.00242
       -0.00240  -0.00237  -0.00233  -0.00231  -0.00230  -0.00228  -0.00225  -0.00224  -0.00223
       -0.00220  -0.00219  -0.00218  -0.00217  -0.00215  -0.00212  -0.00210  -0.00207  -0.00205
       -0.00203  -0.00200  -0.00197  -0.00196  -0.00194  -0.00193  -0.00191  -0.00188  -0.00187
       -0.00185  -0.00182  -0.00182  -0.00178  -0.00175  -0.00174  -0.00170  -0.00169  -0.00167
       -0.00165  -0.00163  -0.00162  -0.00161  -0.00158  -0.00157  -0.00156  -0.00153  -0.00150
       -0.00149  -0.00145  -0.00141  -0.00138  -0.00136
        
     --------------------------------------------------------------------------------------------
     Tot. elapsed time 04m-33.3s,  time spent in last iteration 04m-33.3s
     --------------------------------------------------------------------------------------------

     [I/O] -------------------------------------------------------
     [I/O] RESTART written in < 00.1s             
     [I/O] In location   : ./ch3cl_500.wstat.restart
     [I/O] -------------------------------------------------------

                       *----------*              *----------*               *----------*
     #     Iteration = |        1 |   DFPT_dim = |      500 |   Diago_dim = |     1000 |
                       *----------*              *----------*               *----------*
     per-process dynamical memory   191.5 Mb
  
       
     --------------------------------------------------------------------------------------------
     Sternheimer eq. solver... with threshold =   1.000000E-12           
     --------------------------------------------------------------------------------------------
     in progress... |#                   | 005% :               13.9s (E)           04m-38.3s (X)
     in progress... |##                  | 010% :               22.9s (E)           03m-49.8s (X)
     in progress... |###                 | 015% :               36.5s (E)           04m-03.3s (X)
     in progress... |####                | 020% :               45.4s (E)           03m-47.1s (X)
     in progress... |#####               | 025% :               58.8s (E)           03m-55.2s (X)
     in progress... |######              | 030% :           01m-07.7s (E)           03m-45.8s (X)
     in progress... |#######             | 035% :           01m-21.1s (E)           03m-51.8s (X)
     in progress... |########            | 040% :           01m-30.0s (E)           03m-45.1s (X)
     in progress... |#########           | 045% :           01m-43.4s (E)           03m-49.9s (X)
     in progress... |##########          | 050% :           01m-52.3s (E)           03m-44.7s (X)
     in progress... |###########         | 055% :           02m-05.7s (E)           03m-48.5s (X)
     in progress... |############        | 060% :           02m-14.5s (E)           03m-44.2s (X)
     in progress... |#############       | 065% :           02m-27.8s (E)           03m-47.5s (X)
     in progress... |##############      | 070% :           02m-36.7s (E)           03m-43.9s (X)
     in progress... |###############     | 075% :           02m-49.9s (E)           03m-46.6s (X)
     in progress... |################    | 080% :           02m-58.8s (E)           03m-43.5s (X)
     in progress... |#################   | 085% :           03m-12.0s (E)           03m-45.9s (X)
     in progress... |##################  | 090% :           03m-20.8s (E)           03m-43.1s (X)
     in progress... |################### | 095% :           03m-34.1s (E)           03m-45.4s (X)
     in progress... |####################| 100% :           03m-42.9s (E)           03m-42.9s (X)
     --------------------------------------------------------------------------------------------
     p-DIAGOX done in 00.6s with a SCALAPACK grid (12x12)
     --------------------------------------------------------------------------------------------
        
       -2.24657  -1.48560  -1.41411  -1.41411  -1.29989  -0.83828  -0.83827  -0.79408  -0.65017
       -0.65013  -0.52629  -0.52278  -0.52278  -0.42621  -0.42238  -0.42237  -0.40644  -0.40642
       -0.39882  -0.39881  -0.38694  -0.34432  -0.34432  -0.32122  -0.31548  -0.31348  -0.28953
       -0.28953  -0.27338  -0.27008  -0.27008  -0.23537  -0.21530  -0.21529  -0.20583  -0.19574
       -0.18440  -0.18432  -0.17183  -0.17182  -0.16899  -0.15427  -0.15427  -0.14300  -0.13662
       -0.13662  -0.11727  -0.11016  -0.11015  -0.10800  -0.10465  -0.10465  -0.09838  -0.09734
       -0.09635  -0.09635  -0.09585  -0.09585  -0.09096  -0.09096  -0.09075  -0.08339  -0.08339
       -0.08210  -0.07980  -0.07980  -0.07894  -0.07869  -0.07522  -0.07324  -0.07324  -0.07293
       -0.06858  -0.06751  -0.06751  -0.06560  -0.06478  -0.06446  -0.06446  -0.05978  -0.05679
       -0.05679  -0.05608  -0.05599  -0.05596  -0.05413  -0.05412  -0.05166  -0.04999  -0.04998
       -0.04654  -0.04637  -0.04636  -0.04547  -0.04460  -0.04460  -0.04432  -0.04421  -0.04421
       -0.04314  -0.04314  -0.04284  -0.04284  -0.04246  -0.04129  -0.04090  -0.04090  -0.03978
       -0.03978  -0.03802  -0.03802  -0.03698  -0.03645  -0.03626  -0.03626  -0.03551  -0.03551
       -0.03464  -0.03464  -0.03360  -0.03360  -0.03293  -0.03210  -0.03210  -0.03173  -0.03127
       -0.03126  -0.03104  -0.03078  -0.03078  -0.02991  -0.02960  -0.02937  -0.02937  -0.02919
       -0.02855  -0.02847  -0.02846  -0.02765  -0.02710  -0.02710  -0.02695  -0.02646  -0.02624
       -0.02624  -0.02535  -0.02535  -0.02472  -0.02457  -0.02407  -0.02407  -0.02382  -0.02343
       -0.02342  -0.02339  -0.02277  -0.02277  -0.02254  -0.02254  -0.02239  -0.02239  -0.02203
       -0.02202  -0.02199  -0.02184  -0.02184  -0.02180  -0.02145  -0.02137  -0.02096  -0.02078
       -0.02077  -0.02027  -0.02026  -0.01996  -0.01996  -0.01961  -0.01960  -0.01924  -0.01924
       -0.01920  -0.01920  -0.01901  -0.01894  -0.01894  -0.01866  -0.01843  -0.01835  -0.01835
       -0.01790  -0.01790  -0.01754  -0.01731  -0.01725  -0.01725  -0.01706  -0.01689  -0.01686
       -0.01685  -0.01671  -0.01671  -0.01645  -0.01644  -0.01613  -0.01612  -0.01612  -0.01588
       -0.01588  -0.01573  -0.01566  -0.01566  -0.01543  -0.01522  -0.01521  -0.01520  -0.01498
       -0.01479  -0.01478  -0.01432  -0.01432  -0.01422  -0.01421  -0.01400  -0.01399  -0.01390
       -0.01370  -0.01369  -0.01365  -0.01364  -0.01363  -0.01346  -0.01343  -0.01341  -0.01323
       -0.01309  -0.01299  -0.01298  -0.01298  -0.01295  -0.01294  -0.01278  -0.01277  -0.01277
       -0.01273  -0.01264  -0.01247  -0.01246  -0.01237  -0.01232  -0.01231  -0.01230  -0.01217
       -0.01217  -0.01197  -0.01197  -0.01193  -0.01183  -0.01181  -0.01167  -0.01166  -0.01162
       -0.01150  -0.01147  -0.01142  -0.01139  -0.01139  -0.01118  -0.01115  -0.01115  -0.01108
       -0.01106  -0.01095  -0.01094  -0.01075  -0.01066  -0.01065  -0.01060  -0.01058  -0.01055
       -0.01036  -0.01034  -0.01032  -0.01030  -0.01021  -0.01019  -0.01003  -0.01002  -0.01001
       -0.00986  -0.00983  -0.00977  -0.00976  -0.00974  -0.00974  -0.00973  -0.00971  -0.00965
       -0.00955  -0.00955  -0.00953  -0.00943  -0.00940  -0.00931  -0.00929  -0.00924  -0.00922
       -0.00917  -0.00913  -0.00911  -0.00909  -0.00901  -0.00878  -0.00877  -0.00875  -0.00872
       -0.00870  -0.00867  -0.00866  -0.00864  -0.00855  -0.00852  -0.00850  -0.00845  -0.00844
       -0.00837  -0.00834  -0.00827  -0.00822  -0.00819  -0.00811  -0.00809  -0.00808  -0.00806
       -0.00801  -0.00799  -0.00796  -0.00793  -0.00792  -0.00789  -0.00787  -0.00783  -0.00781
       -0.00781  -0.00778  -0.00777  -0.00776  -0.00774  -0.00771  -0.00769  -0.00767  -0.00766
       -0.00763  -0.00761  -0.00746  -0.00744  -0.00739  -0.00736  -0.00736  -0.00721  -0.00719
       -0.00717  -0.00715  -0.00710  -0.00709  -0.00706  -0.00704  -0.00701  -0.00701  -0.00697
       -0.00696  -0.00695  -0.00693  -0.00691  -0.00688  -0.00683  -0.00681  -0.00677  -0.00676
       -0.00672  -0.00670  -0.00668  -0.00665  -0.00665  -0.00664  -0.00660  -0.00658  -0.00658
       -0.00653  -0.00651  -0.00643  -0.00640  -0.00636  -0.00633  -0.00630  -0.00628  -0.00626
       -0.00625  -0.00624  -0.00622  -0.00620  -0.00620  -0.00618  -0.00617  -0.00613  -0.00611
       -0.00608  -0.00605  -0.00603  -0.00602  -0.00600  -0.00598  -0.00593  -0.00592  -0.00589
       -0.00584  -0.00582  -0.00578  -0.00576  -0.00573  -0.00572  -0.00568  -0.00565  -0.00563
       -0.00562  -0.00559  -0.00555  -0.00554  -0.00552  -0.00550  -0.00548  -0.00547  -0.00544
       -0.00543  -0.00542  -0.00538  -0.00537  -0.00535  -0.00532  -0.00531  -0.00529  -0.00527
       -0.00526  -0.00522  -0.00521  -0.00517  -0.00514  -0.00514  -0.00510  -0.00508  -0.00507
       -0.00505  -0.00503  -0.00501  -0.00499  -0.00498  -0.00497  -0.00495  -0.00492  -0.00491
       -0.00490  -0.00488  -0.00487  -0.00486  -0.00486  -0.00483  -0.00482  -0.00480  -0.00479
       -0.00475  -0.00474  -0.00473  -0.00471  -0.00470  -0.00467  -0.00466  -0.00462  -0.00461
       -0.00460  -0.00457  -0.00455  -0.00454  -0.00451  -0.00450  -0.00449  -0.00449  -0.00446
       -0.00445  -0.00442  -0.00441  -0.00440  -0.00440  -0.00438  -0.00435  -0.00434  -0.00433
       -0.00432  -0.00430  -0.00429  -0.00426  -0.00426
        
     --------------------------------------------------------------------------------------------
     Tot. elapsed time 10m-33.2s,  time spent in last iteration 04m-29.9s
     --------------------------------------------------------------------------------------------

     [I/O] -------------------------------------------------------
     [I/O] RESTART written in < 00.1s             
     [I/O] In location   : ./ch3cl_500.wstat.restart
     [I/O] -------------------------------------------------------

                       *----------*              *----------*               *----------*
     #     Iteration = |        2 |   DFPT_dim = |      410 |   Diago_dim = |     1410 |
                       *----------*              *----------*               *----------*
     per-process dynamical memory   197.6 Mb
  
       
     --------------------------------------------------------------------------------------------
     Sternheimer eq. solver... with threshold =   1.000000E-12           
     --------------------------------------------------------------------------------------------
     in progress... |#                   | 005% :               13.2s (E)           04m-24.1s (X)
     in progress... |##                  | 010% :               21.9s (E)           03m-39.5s (X)
     in progress... |###                 | 015% :               30.7s (E)           03m-24.8s (X)
     in progress... |####                | 020% :               39.5s (E)           03m-17.5s (X)
     in progress... |#####               | 025% :               48.2s (E)           03m-13.0s (X)
     in progress... |######              | 030% :               57.0s (E)           03m-10.0s (X)
     in progress... |#######             | 035% :           01m-05.7s (E)           03m-07.8s (X)
     in progress... |########            | 040% :           01m-14.4s (E)           03m-06.1s (X)
     in progress... |#########           | 045% :           01m-23.2s (E)           03m-04.8s (X)
     in progress... |##########          | 050% :           01m-31.9s (E)           03m-03.8s (X)
     in progress... |###########         | 055% :           01m-40.6s (E)           03m-03.0s (X)
     in progress... |############        | 060% :           01m-49.3s (E)           03m-02.2s (X)
     in progress... |#############       | 065% :           01m-58.0s (E)           03m-01.5s (X)
     in progress... |##############      | 070% :           02m-06.7s (E)           03m-01.0s (X)
     in progress... |###############     | 075% :           02m-15.4s (E)           03m-00.5s (X)
     in progress... |################    | 080% :           02m-24.0s (E)           03m-00.1s (X)
     in progress... |#################   | 085% :           02m-32.7s (E)           02m-59.7s (X)
     in progress... |##################  | 090% :           02m-41.3s (E)           02m-59.3s (X)
     in progress... |################### | 095% :           02m-50.0s (E)           02m-58.9s (X)
     in progress... |####################| 100% :           02m-58.6s (E)           02m-58.6s (X)
     --------------------------------------------------------------------------------------------
     p-DIAGOX done in 00.9s with a SCALAPACK grid (12x12)
     --------------------------------------------------------------------------------------------
        
       -2.24657  -1.48560  -1.41411  -1.41411  -1.29989  -0.83828  -0.83827  -0.79408  -0.65017
       -0.65013  -0.52629  -0.52278  -0.52278  -0.42621  -0.42238  -0.42237  -0.40644  -0.40642
       -0.39882  -0.39881  -0.38694  -0.34432  -0.34432  -0.32122  -0.31548  -0.31348  -0.28953
       -0.28953  -0.27338  -0.27008  -0.27008  -0.23537  -0.21530  -0.21529  -0.20583  -0.19574
       -0.18440  -0.18432  -0.17183  -0.17182  -0.16899  -0.15427  -0.15427  -0.14300  -0.13662
       -0.13662  -0.11727  -0.11016  -0.11015  -0.10800  -0.10465  -0.10465  -0.09838  -0.09734
       -0.09635  -0.09635  -0.09585  -0.09585  -0.09096  -0.09096  -0.09075  -0.08339  -0.08339
       -0.08210  -0.07980  -0.07980  -0.07894  -0.07869  -0.07522  -0.07324  -0.07324  -0.07293
       -0.06858  -0.06751  -0.06751  -0.06560  -0.06478  -0.06446  -0.06446  -0.05978  -0.05679
       -0.05679  -0.05608  -0.05599  -0.05596  -0.05413  -0.05412  -0.05166  -0.04999  -0.04998
       -0.04654  -0.04637  -0.04637  -0.04547  -0.04460  -0.04460  -0.04432  -0.04421  -0.04421
       -0.04314  -0.04314  -0.04284  -0.04284  -0.04246  -0.04129  -0.04091  -0.04091  -0.03978
       -0.03978  -0.03802  -0.03802  -0.03698  -0.03646  -0.03626  -0.03626  -0.03551  -0.03551
       -0.03464  -0.03464  -0.03360  -0.03360  -0.03293  -0.03210  -0.03210  -0.03173  -0.03127
       -0.03127  -0.03104  -0.03078  -0.03078  -0.02992  -0.02960  -0.02938  -0.02938  -0.02919
       -0.02855  -0.02847  -0.02847  -0.02765  -0.02711  -0.02711  -0.02695  -0.02647  -0.02624
       -0.02624  -0.02535  -0.02535  -0.02472  -0.02457  -0.02407  -0.02407  -0.02382  -0.02343
       -0.02343  -0.02340  -0.02278  -0.02277  -0.02254  -0.02254  -0.02240  -0.02240  -0.02203
       -0.02203  -0.02200  -0.02185  -0.02185  -0.02181  -0.02146  -0.02138  -0.02097  -0.02078
       -0.02078  -0.02027  -0.02027  -0.01997  -0.01997  -0.01962  -0.01962  -0.01925  -0.01925
       -0.01921  -0.01921  -0.01902  -0.01895  -0.01895  -0.01868  -0.01844  -0.01836  -0.01836
       -0.01792  -0.01792  -0.01755  -0.01732  -0.01726  -0.01726  -0.01708  -0.01691  -0.01687
       -0.01687  -0.01673  -0.01673  -0.01647  -0.01647  -0.01614  -0.01613  -0.01613  -0.01590
       -0.01590  -0.01575  -0.01569  -0.01569  -0.01545  -0.01525  -0.01524  -0.01524  -0.01501
       -0.01482  -0.01482  -0.01435  -0.01435  -0.01424  -0.01424  -0.01402  -0.01402  -0.01393
       -0.01373  -0.01373  -0.01367  -0.01367  -0.01367  -0.01349  -0.01345  -0.01345  -0.01327
       -0.01312  -0.01302  -0.01301  -0.01301  -0.01298  -0.01298  -0.01281  -0.01281  -0.01280
       -0.01277  -0.01269  -0.01251  -0.01251  -0.01241  -0.01236  -0.01235  -0.01235  -0.01221
       -0.01221  -0.01202  -0.01202  -0.01200  -0.01188  -0.01185  -0.01172  -0.01172  -0.01167
       -0.01155  -0.01152  -0.01148  -0.01144  -0.01144  -0.01123  -0.01121  -0.01121  -0.01113
       -0.01113  -0.01100  -0.01100  -0.01080  -0.01072  -0.01072  -0.01065  -0.01065  -0.01062
       -0.01044  -0.01040  -0.01040  -0.01038  -0.01026  -0.01026  -0.01012  -0.01009  -0.01009
       -0.00993  -0.00993  -0.00984  -0.00984  -0.00984  -0.00982  -0.00982  -0.00980  -0.00974
       -0.00966  -0.00966  -0.00964  -0.00951  -0.00951  -0.00941  -0.00941  -0.00934  -0.00934
       -0.00928  -0.00922  -0.00920  -0.00920  -0.00912  -0.00888  -0.00888  -0.00885  -0.00884
       -0.00884  -0.00880  -0.00880  -0.00878  -0.00870  -0.00868  -0.00868  -0.00855  -0.00855
       -0.00847  -0.00847  -0.00840  -0.00835  -0.00835  -0.00824  -0.00822  -0.00822  -0.00819
       -0.00816  -0.00816  -0.00809  -0.00804  -0.00803  -0.00803  -0.00800  -0.00797  -0.00797
       -0.00795  -0.00791  -0.00791  -0.00789  -0.00789  -0.00788  -0.00784  -0.00784  -0.00783
       -0.00782  -0.00782  -0.00762  -0.00762  -0.00756  -0.00756  -0.00754  -0.00740  -0.00738
       -0.00735  -0.00735  -0.00733  -0.00726  -0.00725  -0.00725  -0.00723  -0.00721  -0.00721
       -0.00716  -0.00715  -0.00715  -0.00711  -0.00705  -0.00705  -0.00703  -0.00700  -0.00695
       -0.00695  -0.00693  -0.00693  -0.00686  -0.00685  -0.00684  -0.00684  -0.00681  -0.00681
       -0.00675  -0.00673  -0.00665  -0.00665  -0.00659  -0.00659  -0.00658  -0.00651  -0.00647
       -0.00647  -0.00646  -0.00646  -0.00645  -0.00644  -0.00644  -0.00644  -0.00642  -0.00637
       -0.00634  -0.00633  -0.00629  -0.00628  -0.00626  -0.00626  -0.00619  -0.00615  -0.00615
       -0.00610  -0.00608  -0.00607  -0.00607  -0.00605  -0.00601  -0.00601  -0.00593  -0.00593
       -0.00592  -0.00588  -0.00588  -0.00587  -0.00584  -0.00583  -0.00582  -0.00579  -0.00578
       -0.00578  -0.00572  -0.00569  -0.00567  -0.00563  -0.00563  -0.00562  -0.00562  -0.00562
       -0.00558  -0.00558  -0.00549  -0.00549  -0.00547  -0.00547  -0.00545  -0.00544  -0.00540
       -0.00538  -0.00538  -0.00537  -0.00537  -0.00536  -0.00536  -0.00534  -0.00526  -0.00525
       -0.00525  -0.00524  -0.00523  -0.00522  -0.00522  -0.00521  -0.00521  -0.00517  -0.00517
       -0.00515  -0.00513  -0.00513  -0.00512  -0.00511  -0.00510  -0.00507  -0.00507  -0.00505
       -0.00502  -0.00501  -0.00499  -0.00499  -0.00497  -0.00495  -0.00494  -0.00493  -0.00491
       -0.00491  -0.00488  -0.00486  -0.00485  -0.00485  -0.00484  -0.00478  -0.00477  -0.00476
       -0.00474  -0.00474  -0.00473  -0.00473  -0.00472
        
     --------------------------------------------------------------------------------------------
     Tot. elapsed time 17m-14.1s,  time spent in last iteration 03m-42.3s
     --------------------------------------------------------------------------------------------

     [I/O] -------------------------------------------------------
     [I/O] RESTART written in < 00.1s             
     [I/O] In location   : ./ch3cl_500.wstat.restart
     [I/O] -------------------------------------------------------

                       *----------*              *----------*               *----------*
     #     Iteration = |        3 |   DFPT_dim = |       14 |   Diago_dim = |     1424 |
                       *----------*              *----------*               *----------*
     per-process dynamical memory   197.6 Mb
  
       
     --------------------------------------------------------------------------------------------
     Sternheimer eq. solver... with threshold =   1.000000E-12           
     --------------------------------------------------------------------------------------------
     in progress... |##########          | 050% :               04.3s (E)               08.6s (X)
     in progress... |####################| 100% :               08.6s (E)               08.6s (X)
     --------------------------------------------------------------------------------------------
     p-DIAGOX done in 00.9s with a SCALAPACK grid (12x12)
     --------------------------------------------------------------------------------------------
        
       -2.24657  -1.48560  -1.41411  -1.41411  -1.29989  -0.83828  -0.83827  -0.79408  -0.65017
       -0.65013  -0.52629  -0.52278  -0.52278  -0.42621  -0.42238  -0.42237  -0.40644  -0.40642
       -0.39882  -0.39881  -0.38694  -0.34432  -0.34432  -0.32122  -0.31548  -0.31348  -0.28953
       -0.28953  -0.27338  -0.27008  -0.27008  -0.23537  -0.21530  -0.21529  -0.20583  -0.19574
       -0.18440  -0.18432  -0.17183  -0.17182  -0.16899  -0.15427  -0.15427  -0.14300  -0.13662
       -0.13662  -0.11727  -0.11016  -0.11015  -0.10800  -0.10465  -0.10465  -0.09838  -0.09734
       -0.09635  -0.09635  -0.09585  -0.09585  -0.09096  -0.09096  -0.09075  -0.08339  -0.08339
       -0.08210  -0.07980  -0.07980  -0.07894  -0.07869  -0.07522  -0.07324  -0.07324  -0.07293
       -0.06858  -0.06751  -0.06751  -0.06560  -0.06478  -0.06446  -0.06446  -0.05978  -0.05679
       -0.05679  -0.05608  -0.05599  -0.05596  -0.05413  -0.05412  -0.05166  -0.04999  -0.04998
       -0.04654  -0.04637  -0.04637  -0.04547  -0.04460  -0.04460  -0.04432  -0.04421  -0.04421
       -0.04314  -0.04314  -0.04284  -0.04284  -0.04246  -0.04129  -0.04091  -0.04091  -0.03978
       -0.03978  -0.03802  -0.03802  -0.03698  -0.03646  -0.03626  -0.03626  -0.03551  -0.03551
       -0.03464  -0.03464  -0.03360  -0.03360  -0.03293  -0.03210  -0.03210  -0.03173  -0.03127
       -0.03127  -0.03104  -0.03078  -0.03078  -0.02992  -0.02960  -0.02938  -0.02938  -0.02919
       -0.02855  -0.02847  -0.02847  -0.02765  -0.02711  -0.02711  -0.02695  -0.02647  -0.02624
       -0.02624  -0.02535  -0.02535  -0.02472  -0.02457  -0.02407  -0.02407  -0.02382  -0.02343
       -0.02343  -0.02340  -0.02278  -0.02277  -0.02254  -0.02254  -0.02240  -0.02240  -0.02203
       -0.02203  -0.02200  -0.02185  -0.02185  -0.02181  -0.02146  -0.02138  -0.02097  -0.02078
       -0.02078  -0.02027  -0.02027  -0.01997  -0.01997  -0.01962  -0.01962  -0.01925  -0.01925
       -0.01921  -0.01921  -0.01902  -0.01895  -0.01895  -0.01868  -0.01844  -0.01836  -0.01836
       -0.01792  -0.01792  -0.01755  -0.01732  -0.01726  -0.01726  -0.01708  -0.01691  -0.01687
       -0.01687  -0.01673  -0.01673  -0.01647  -0.01647  -0.01614  -0.01613  -0.01613  -0.01590
       -0.01590  -0.01575  -0.01569  -0.01569  -0.01545  -0.01525  -0.01524  -0.01524  -0.01501
       -0.01482  -0.01482  -0.01435  -0.01435  -0.01424  -0.01424  -0.01402  -0.01402  -0.01393
       -0.01373  -0.01373  -0.01367  -0.01367  -0.01367  -0.01349  -0.01345  -0.01345  -0.01327
       -0.01312  -0.01302  -0.01301  -0.01301  -0.01298  -0.01298  -0.01281  -0.01281  -0.01280
       -0.01277  -0.01269  -0.01251  -0.01251  -0.01241  -0.01236  -0.01235  -0.01235  -0.01221
       -0.01221  -0.01202  -0.01202  -0.01200  -0.01188  -0.01185  -0.01172  -0.01172  -0.01167
       -0.01155  -0.01152  -0.01148  -0.01144  -0.01144  -0.01123  -0.01121  -0.01121  -0.01113
       -0.01113  -0.01100  -0.01100  -0.01080  -0.01072  -0.01072  -0.01065  -0.01065  -0.01062
       -0.01044  -0.01040  -0.01040  -0.01038  -0.01026  -0.01026  -0.01012  -0.01009  -0.01009
       -0.00993  -0.00993  -0.00984  -0.00984  -0.00984  -0.00982  -0.00982  -0.00980  -0.00974
       -0.00966  -0.00966  -0.00964  -0.00951  -0.00951  -0.00941  -0.00941  -0.00934  -0.00934
       -0.00928  -0.00922  -0.00920  -0.00920  -0.00912  -0.00888  -0.00888  -0.00885  -0.00884
       -0.00884  -0.00880  -0.00880  -0.00878  -0.00870  -0.00868  -0.00868  -0.00855  -0.00855
       -0.00847  -0.00847  -0.00840  -0.00835  -0.00835  -0.00824  -0.00822  -0.00822  -0.00819
       -0.00816  -0.00816  -0.00809  -0.00804  -0.00803  -0.00803  -0.00800  -0.00797  -0.00797
       -0.00795  -0.00791  -0.00791  -0.00789  -0.00789  -0.00789  -0.00784  -0.00784  -0.00783
       -0.00782  -0.00782  -0.00762  -0.00762  -0.00756  -0.00756  -0.00754  -0.00740  -0.00738
       -0.00735  -0.00735  -0.00733  -0.00726  -0.00725  -0.00725  -0.00723  -0.00721  -0.00721
       -0.00716  -0.00715  -0.00715  -0.00711  -0.00705  -0.00705  -0.00703  -0.00700  -0.00695
       -0.00695  -0.00694  -0.00693  -0.00686  -0.00685  -0.00684  -0.00684  -0.00681  -0.00681
       -0.00675  -0.00673  -0.00665  -0.00665  -0.00659  -0.00659  -0.00659  -0.00651  -0.00647
       -0.00647  -0.00646  -0.00646  -0.00646  -0.00644  -0.00644  -0.00644  -0.00642  -0.00637
       -0.00634  -0.00633  -0.00629  -0.00629  -0.00626  -0.00626  -0.00619  -0.00616  -0.00615
       -0.00610  -0.00608  -0.00607  -0.00607  -0.00606  -0.00601  -0.00601  -0.00593  -0.00593
       -0.00592  -0.00588  -0.00588  -0.00588  -0.00584  -0.00583  -0.00583  -0.00579  -0.00579
       -0.00578  -0.00572  -0.00569  -0.00567  -0.00563  -0.00563  -0.00562  -0.00562  -0.00562
       -0.00559  -0.00558  -0.00549  -0.00549  -0.00547  -0.00547  -0.00545  -0.00545  -0.00541
       -0.00538  -0.00538  -0.00537  -0.00537  -0.00536  -0.00536  -0.00534  -0.00526  -0.00525
       -0.00525  -0.00524  -0.00524  -0.00522  -0.00522  -0.00522  -0.00521  -0.00517  -0.00517
       -0.00516  -0.00514  -0.00513  -0.00513  -0.00511  -0.00510  -0.00507  -0.00507  -0.00505
       -0.00503  -0.00502  -0.00501  -0.00500  -0.00499  -0.00498  -0.00497  -0.00495  -0.00494
       -0.00494  -0.00492  -0.00489  -0.00488  -0.00487  -0.00487  -0.00478  -0.00477  -0.00477
       -0.00476  -0.00476  -0.00476  -0.00475  -0.00475
        
     --------------------------------------------------------------------------------------------
     Tot. elapsed time 21m-41.0s,  time spent in last iteration 17.7s
     --------------------------------------------------------------------------------------------
      
     --------------------------------------------------------------------------------------------
     Database written in 44.0s               
     In location : ./ch3cl_500.wstat.save
     --------------------------------------------------------------------------------------------
       
     --------------------------------------------------------------------------------------------
     Convergence achieved !!! in        3 steps                          
     --------------------------------------------------------------------------------------------
 
     WSTAT        : 14m47.52s CPU    23m17.98s WALL

     wstat_readin :      6.09s CPU     40.15s WALL (       1 calls)
     fetch_nml    :      0.00s CPU      0.00s WALL (       1 calls)
     read_xml     :      1.35s CPU      1.56s WALL (       1 calls)
     init_vloc    :      0.16s CPU      0.16s WALL (       2 calls)
     fft          :      0.26s CPU      0.30s WALL (      11 calls)
     fft_scatter  :    127.52s CPU    128.06s WALL (   39958 calls)
     v_of_rho     :      0.30s CPU      0.31s WALL (       1 calls)
     v_xc         :      0.26s CPU      0.28s WALL (       1 calls)
     v_h          :      0.03s CPU      0.04s WALL (       1 calls)
     read_wave    :      4.72s CPU     38.58s WALL (       1 calls)
     davcio       :      0.00s CPU      2.08s WALL (       2 calls)
     init_us_1    :      0.14s CPU      0.15s WALL (       2 calls)
     do_setup     :      0.32s CPU      0.34s WALL (       1 calls)
     init_pw_ar   :      0.32s CPU      0.34s WALL (       1 calls)
     init_at_1    :      0.00s CPU      0.00s WALL (       1 calls)
     storesqvc    :      0.01s CPU      0.01s WALL (       1 calls)
     chidiago     :    881.05s CPU   1357.43s WALL (       1 calls)
     randomize    :      1.16s CPU      1.17s WALL (       1 calls)
     paramgs      :     17.32s CPU     17.50s WALL (       5 calls)
     dfpt         :    638.15s CPU    642.86s WALL (       5 calls)
     init_us_2    :      0.02s CPU      0.03s WALL (       5 calls)
     fftw         :    364.03s CPU    366.66s WALL (   39947 calls)
     alphapc      :      0.41s CPU      0.41s WALL (     193 calls)
     wstat_restar :    174.95s CPU    606.48s WALL (       4 calls)
     linstern     :    513.57s CPU    517.19s WALL (     143 calls)
     stern        :    494.09s CPU    497.62s WALL (    5578 calls)
     h_psi_bgrp   :    483.33s CPU    486.79s WALL (    5578 calls)
     h_psi        :    483.30s CPU    486.77s WALL (    5578 calls)
     h_psi:pot    :    480.86s CPU    484.25s WALL (    5578 calls)
     vloc_psi     :    445.74s CPU    448.88s WALL (    5578 calls)
     h_psi:calbec :     20.11s CPU     18.79s WALL (    5578 calls)
     calbec       :     20.09s CPU     18.77s WALL (    5578 calls)
     add_vuspsi   :     14.98s CPU     16.53s WALL (    5578 calls)
     alphapv      :      7.15s CPU      7.15s WALL (    5578 calls)
     build_hr     :      9.43s CPU     10.43s WALL (       4 calls)
     diagox       :      3.03s CPU      3.08s WALL (       4 calls)
     redistr_vr   :      0.45s CPU      0.46s WALL (       3 calls)
     update_vr    :     16.54s CPU     18.15s WALL (       3 calls)
     symm_hr      :      0.44s CPU      0.45s WALL (       3 calls)
     chidiago:las :      0.00s CPU      0.00s WALL (       1 calls)
     refresh_vr   :      6.13s CPU      6.45s WALL (       1 calls)
     pdep_db      :     12.41s CPU     44.05s WALL (       1 calls)
 
     WSTAT        : 14m47.52s CPU    23m17.99s WALL

 
   This run was terminated on:  13:33:49  28Apr2018            

=------------------------------------------------------------------------------=
   JOB DONE.
=------------------------------------------------------------------------------=
