
     Program WSTAT v. 2.0.0 starts on 28Apr2018 at 12:37:20 

     This program is part of the open-source West suite
     for massively parallel calculations of excited states in materials; please cite
         "M. Govoni et al., J. Chem. Theory Comput. 11, 2680 (2015);
          URL http://www.west-code.org", 
     in publications or presentations arising from this work.

     Based on the Quantum ESPRESSO v. 6.1 svn rev. 13369
       
     --------------------------------------------------------------------------------------------
     **MPI** Parallelization Status                                      
     --------------------------------------------------------------------------------------------
                   160                  10             1             1            16
     --------------------------------------------------------------------------------------------
                     N         =         I      X      P      X      B      X      Z
                     ^                   ^             ^             ^             ^
                     |                   |             |             |             |
                   #rnk                  |             |             |             |
                                      #image           |             |             |
                                                     #pool           |             |
                                                                   #bgrp           |
                                                                                 #R&G
     --------------------------------------------------------------------------------------------
     **OPENMP** Parallelization Status
     #thr/rnk               =            1
     --------------------------------------------------------------------------------------------
     #prc = (rnk) * (thr) =          160
     --------------------------------------------------------------------------------------------
       
     --------------------------------------------------------------------------------------------
     I/O Summary : input_west                                            
     --------------------------------------------------------------------------------------------
     qe_prefix      = ch3cl
     west_prefix    = ch3cl
     outdir         = ./
     --------------------------------------------------------------------------------------------
       
     --------------------------------------------------------------------------------------------
     I/O Summary : wstat_control                                         
     --------------------------------------------------------------------------------------------
     wstat_calculation              =              S
     n_pdep_eigen                   =            100
     n_kin_pdep_eigen               =            400
     n_lindhard_eigen               =              0
     n_pdep_times                   =              4
     n_pdep_maxiter                 =            100
     n_dfpt_maxiter                 =            250
     n_pdep_read_from_file          =              0
     trev_pdep                      =   1.000000E-03
     trev_pdep_rel                  =   1.000000E-01
     tr2_dfpt                       =   1.000000E-12
     l_kinetic_only                 =              F
     l_minimize_exx_if_active       =              F
     l_use_ecutrho                  =              F
     l_pure_eigen                   =              F
     --------------------------------------------------------------------------------------------

     Reading data from directory:
     ./ch3cl.save

   Info: using nr1, nr2, nr3 values from input

   Info: using nr1, nr2, nr3 values from input

     IMPORTANT: XC functional enforced from input :
     Exchange-correlation      = PBE ( 1  4  3  4 0 0)
     Any further DFT definition will be discarded
     Please, verify this is what you really want

     Message from routine readpp:
     file ./ch3cl.save/C_ONCV_PBE-1.0.upf not found
     Message from routine readpp:
     file ./ch3cl.save/Cl_ONCV_PBE-1.0.upf not found
     Message from routine readpp:
     file ./ch3cl.save/H_ONCV_PBE-1.0.upf not found
 
     Parallelization info
     --------------------
     sticks:   dense  smooth     PW     G-vecs:    dense   smooth      PW
     Min        1520    1520    379               178660   178660   22323
     Max        1522    1522    384               178666   178666   22328
     Sum       24345   24345   6093              2858633  2858633  357213
 
       
     --------------------------------------------------------------------------------------------
     System Overview                                                     
     --------------------------------------------------------------------------------------------
     gamma_only           =              T
     ecutwfc [Ry]         =      85.000000
     omega [au^3]         =   2.700000E+04
     glob. #G             =         178607
     nbnd                 =            100
     nkstot               =              1
     nspin                =              1
     nelec                =      14.000000
     npol                 =              1
     lsda                 =              F
     noncolin             =              F
     lspinorb             =              F
     domag                =              F
     --------------------------------------------------------------------------------------------

     sFFT G-space:  1429317 G-vectors     R-space: ( 180, 180, 180)
     dFFT G-space:  1429317 G-vectors     R-space: ( 180, 180, 180)

     Cell [a.u.]          =      30.000000      0.000000      0.000000
                          =       0.000000     30.000000      0.000000
                          =       0.000000      0.000000     30.000000
      
     number of ks points=     1
                       cart. coord. in units 2pi/alat
        k(    1) = (   0.0000000   0.0000000   0.0000000), wk =   2.0000000

                       cryst. coord.
        k(    1) = (   0.0000000   0.0000000   0.0000000), wk =   2.0000000
 
     Spherical div        =   1.654268E-01
     Orthorombic div      =   1.628502E-01
       
     --------------------------------------------------------------------------------------------
     Parallelization for nvecx                                           
     --------------------------------------------------------------------------------------------
     nglob                =            400
     nlevel               =             10
     Min nglob/nlevel     =             40
     Max nglob/nlevel     =             40
     --------------------------------------------------------------------------------------------

     [MEM] ----------------------------------------------------------
     [MEM] **Memory** analysis: QE
     [MEM] ----------------------------------------------------------
     [MEM] Allocated arrays           est. size (Mb)     dimensions
     [MEM] ----------------------------------------------------------
     [MEM] Kohn-Sham Wavefunctions      17.03 Mb     (  11164,  100)
     [MEM] NL pseudopotentials           3.75 Mb     (  11164,   22)
     [MEM] Each V/rho on FFT grid        5.93 Mb     ( 388800)
     [MEM] Each G-vector array           0.68 Mb     (  89333)
     [MEM] G-vector shells               0.05 Mb     (   6125)
     [MEM] ----------------------------------------------------------
     [MEM] TOT                          27.44 Mb
     [MEM] ----------------------------------------------------------
     [MEM] 
     [MEM] ----------------------------------------------------------
     [MEM] **Memory** analysis: WSTAT global
     [MEM] ----------------------------------------------------------
     [MEM] Allocated arrays           est. size (Mb)     dimensions
     [MEM] ----------------------------------------------------------
     [MEM] dvg                           6.81 Mb     (  11164,   40)
     [MEM] dng                           6.81 Mb     (  11164,   40)
     [MEM] hr_distr                      0.12 Mb     (    400,   40)
     [MEM] vr_distr                      0.12 Mb     (    400,   40)
     [MEM] ----------------------------------------------------------
     [MEM] TOT                          13.87 Mb
     [MEM] ----------------------------------------------------------
     [MEM] 
     [MEM] ----------------------------------------------------------
     [MEM] **Memory** analysis: WSTAT temporary
     [MEM] ----------------------------------------------------------
     [MEM] Allocated arrays           est. size (Mb)     dimensions
     [MEM] ----------------------------------------------------------
     [MEM] dvpsi                         1.19 Mb     (  11164,    7)
     [MEM] dpsi                          1.19 Mb     (  11164,    7)
     [MEM] ----------------------------------------------------------
     [MEM] Total estimate                2.38 Mb
     [MEM] ----------------------------------------------------------

                       *----------*              *----------*               *----------*
     #     Iteration = | starting |   DFPT_dim = |      100 |   Diago_dim = |      100 |  x 1/2
                       *----------*              *----------*               *----------*
     per-process dynamical memory   123.5 Mb
  
       
     --------------------------------------------------------------------------------------------
     Sternheimer eq. solver... with lite-solver                          
     --------------------------------------------------------------------------------------------
     in progress... |##                  | 010% :               00.2s (E)               02.6s (X)
     in progress... |####                | 020% :               00.5s (E)               02.6s (X)
     in progress... |######              | 030% :               00.7s (E)               02.5s (X)
     in progress... |########            | 040% :               01.0s (E)               02.5s (X)
     in progress... |##########          | 050% :               01.2s (E)               02.5s (X)
     in progress... |############        | 060% :               01.5s (E)               02.5s (X)
     in progress... |##############      | 070% :               01.7s (E)               02.5s (X)
     in progress... |################    | 080% :               02.0s (E)               02.5s (X)
     in progress... |##################  | 090% :               02.3s (E)               02.5s (X)
     in progress... |####################| 100% :               02.5s (E)               02.5s (X)
     --------------------------------------------------------------------------------------------

     [I/O] -------------------------------------------------------
     [I/O] RESTART written in < 00.1s             
     [I/O] In location   : ./ch3cl_100_400.wstat.restart
     [I/O] -------------------------------------------------------

                       *----------*              *----------*               *----------*
     #     Iteration = | starting |   DFPT_dim = |      100 |   Diago_dim = |      100 |  x 2/2
                       *----------*              *----------*               *----------*
     per-process dynamical memory   129.6 Mb
  
       
     --------------------------------------------------------------------------------------------
     Sternheimer eq. solver... with threshold =   1.000000E-06           
     --------------------------------------------------------------------------------------------
     in progress... |##                  | 010% :               03.2s (E)               32.1s (X)
     in progress... |####                | 020% :               06.3s (E)               31.6s (X)
     in progress... |######              | 030% :               09.4s (E)               31.5s (X)
     in progress... |########            | 040% :               12.5s (E)               31.4s (X)
     in progress... |##########          | 050% :               15.6s (E)               31.3s (X)
     in progress... |############        | 060% :               18.7s (E)               31.1s (X)
     in progress... |##############      | 070% :               21.7s (E)               31.0s (X)
     in progress... |################    | 080% :               24.7s (E)               30.9s (X)
     in progress... |##################  | 090% :               27.7s (E)               30.8s (X)
     in progress... |####################| 100% :               30.7s (E)               30.7s (X)
     --------------------------------------------------------------------------------------------
     p-DIAGOX done in < 00.1s with a SCALAPACK grid (3x3)
     --------------------------------------------------------------------------------------------
        
       -2.19740  -1.40964  -1.40538  -1.38482  -1.20767  -0.83196  -0.83027  -0.76064  -0.63957
       -0.63660  -0.50822  -0.49896  -0.46714  -0.40976  -0.40723  -0.39835  -0.39729  -0.39038
       -0.38101  -0.37709  -0.36678  -0.32182  -0.32077  -0.29748  -0.29417  -0.28733  -0.26947
       -0.26790  -0.26120  -0.25265  -0.25065  -0.20988  -0.19013  -0.18295  -0.17745  -0.16337
       -0.15792  -0.15656  -0.14704  -0.14181  -0.13675  -0.13032  -0.12825  -0.12158  -0.11862
       -0.11385  -0.09516  -0.09056  -0.08875  -0.08513  -0.08446  -0.08143  -0.08100  -0.07839
       -0.07651  -0.07475  -0.07327  -0.06953  -0.06886  -0.06713  -0.06523  -0.06137  -0.05938
       -0.05896  -0.05697  -0.05242  -0.05189  -0.05117  -0.04902  -0.04785  -0.04687  -0.04546
       -0.04449  -0.04156  -0.04027  -0.03925  -0.03792  -0.03710  -0.03617  -0.03529  -0.03350
       -0.03216  -0.03084  -0.03013  -0.02892  -0.02821  -0.02717  -0.02651  -0.02550  -0.02509
       -0.02472  -0.02409  -0.02227  -0.02149  -0.02059  -0.01977  -0.01923  -0.01767  -0.01673
       -0.01410
        
     --------------------------------------------------------------------------------------------
     Tot. elapsed time 56.1s,  time spent in last iteration 56.1s
     --------------------------------------------------------------------------------------------

     [I/O] -------------------------------------------------------
     [I/O] RESTART written in < 00.1s             
     [I/O] In location   : ./ch3cl_100_400.wstat.restart
     [I/O] -------------------------------------------------------

                       *----------*              *----------*               *----------*
     #     Iteration = |        1 |   DFPT_dim = |      100 |   Diago_dim = |      200 |
                       *----------*              *----------*               *----------*
     per-process dynamical memory   137.5 Mb
  
       
     --------------------------------------------------------------------------------------------
     Sternheimer eq. solver... with threshold =   1.000000E-12           
     --------------------------------------------------------------------------------------------
     in progress... |##                  | 010% :               04.8s (E)               48.2s (X)
     in progress... |####                | 020% :               09.5s (E)               47.9s (X)
     in progress... |######              | 030% :               14.3s (E)               47.8s (X)
     in progress... |########            | 040% :               19.0s (E)               47.7s (X)
     in progress... |##########          | 050% :               23.8s (E)               47.6s (X)
     in progress... |############        | 060% :               28.5s (E)               47.5s (X)
     in progress... |##############      | 070% :               33.2s (E)               47.4s (X)
     in progress... |################    | 080% :               37.9s (E)               47.4s (X)
     in progress... |##################  | 090% :               42.6s (E)               47.3s (X)
     in progress... |####################| 100% :               47.3s (E)               47.3s (X)
     --------------------------------------------------------------------------------------------
     p-DIAGOX done in < 00.1s with a SCALAPACK grid (6x6)
     --------------------------------------------------------------------------------------------
        
       -2.24657  -1.48560  -1.41411  -1.41411  -1.29989  -0.83827  -0.83827  -0.79408  -0.65016
       -0.65013  -0.52626  -0.52277  -0.52276  -0.42615  -0.42236  -0.42236  -0.40642  -0.40642
       -0.39880  -0.39878  -0.38693  -0.34429  -0.34429  -0.32118  -0.31544  -0.31342  -0.28948
       -0.28947  -0.27335  -0.27004  -0.27002  -0.23530  -0.21520  -0.21514  -0.20571  -0.19564
       -0.18424  -0.18417  -0.17163  -0.17145  -0.16865  -0.15400  -0.15399  -0.14280  -0.13651
       -0.13624  -0.11680  -0.10972  -0.10954  -0.10714  -0.10425  -0.10398  -0.09799  -0.09679
       -0.09566  -0.09554  -0.09522  -0.09497  -0.09020  -0.09002  -0.08972  -0.08240  -0.08233
       -0.08090  -0.07901  -0.07876  -0.07787  -0.07763  -0.07374  -0.07191  -0.07172  -0.07160
       -0.06678  -0.06614  -0.06559  -0.06389  -0.06305  -0.06232  -0.06162  -0.05821  -0.05490
       -0.05429  -0.05395  -0.05332  -0.05295  -0.05196  -0.04995  -0.04843  -0.04755  -0.04665
       -0.04436  -0.04373  -0.04317  -0.04253  -0.04221  -0.04163  -0.04046  -0.04022  -0.04014
       -0.03946
        
     --------------------------------------------------------------------------------------------
     Tot. elapsed time 02m-10.0s,  time spent in last iteration 54.5s
     --------------------------------------------------------------------------------------------

     [I/O] -------------------------------------------------------
     [I/O] RESTART written in < 00.1s             
     [I/O] In location   : ./ch3cl_100_400.wstat.restart
     [I/O] -------------------------------------------------------

                       *----------*              *----------*               *----------*
     #     Iteration = |        2 |   DFPT_dim = |      100 |   Diago_dim = |      300 |
                       *----------*              *----------*               *----------*
     per-process dynamical memory   137.5 Mb
  
       
     --------------------------------------------------------------------------------------------
     Sternheimer eq. solver... with threshold =   1.000000E-12           
     --------------------------------------------------------------------------------------------
     in progress... |##                  | 010% :               04.6s (E)               46.8s (X)
     in progress... |####                | 020% :               09.3s (E)               46.7s (X)
     in progress... |######              | 030% :               14.0s (E)               46.7s (X)
     in progress... |########            | 040% :               18.6s (E)               46.6s (X)
     in progress... |##########          | 050% :               23.2s (E)               46.5s (X)
     in progress... |############        | 060% :               27.9s (E)               46.5s (X)
     in progress... |##############      | 070% :               32.5s (E)               46.4s (X)
     in progress... |################    | 080% :               37.1s (E)               46.4s (X)
     in progress... |##################  | 090% :               41.7s (E)               46.3s (X)
     in progress... |####################| 100% :               46.3s (E)               46.3s (X)
     --------------------------------------------------------------------------------------------
     p-DIAGOX done in < 00.1s with a SCALAPACK grid (9x9)
     --------------------------------------------------------------------------------------------
        
       -2.24657  -1.48560  -1.41411  -1.41411  -1.29989  -0.83828  -0.83827  -0.79408  -0.65017
       -0.65013  -0.52629  -0.52278  -0.52278  -0.42621  -0.42238  -0.42237  -0.40644  -0.40642
       -0.39882  -0.39881  -0.38694  -0.34432  -0.34432  -0.32122  -0.31548  -0.31348  -0.28953
       -0.28953  -0.27338  -0.27008  -0.27008  -0.23537  -0.21530  -0.21529  -0.20583  -0.19574
       -0.18440  -0.18432  -0.17183  -0.17182  -0.16899  -0.15427  -0.15427  -0.14300  -0.13662
       -0.13662  -0.11727  -0.11015  -0.11015  -0.10800  -0.10465  -0.10464  -0.09838  -0.09734
       -0.09634  -0.09634  -0.09584  -0.09584  -0.09095  -0.09095  -0.09074  -0.08337  -0.08337
       -0.08210  -0.07979  -0.07979  -0.07893  -0.07868  -0.07520  -0.07323  -0.07322  -0.07291
       -0.06855  -0.06749  -0.06748  -0.06557  -0.06474  -0.06444  -0.06442  -0.05974  -0.05671
       -0.05670  -0.05599  -0.05595  -0.05592  -0.05408  -0.05405  -0.05158  -0.04991  -0.04988
       -0.04646  -0.04625  -0.04614  -0.04538  -0.04450  -0.04446  -0.04408  -0.04406  -0.04394
       -0.04304
        
     --------------------------------------------------------------------------------------------
     Tot. elapsed time 03m-41.3s,  time spent in last iteration 54.1s
     --------------------------------------------------------------------------------------------

     [I/O] -------------------------------------------------------
     [I/O] RESTART written in < 00.1s             
     [I/O] In location   : ./ch3cl_100_400.wstat.restart
     [I/O] -------------------------------------------------------

                       *----------*              *----------*               *----------*
     #     Iteration = |        3 |   DFPT_dim = |       38 |   Diago_dim = |      338 |
                       *----------*              *----------*               *----------*
     per-process dynamical memory   137.5 Mb
  
       
     --------------------------------------------------------------------------------------------
     Sternheimer eq. solver... with threshold =   1.000000E-12           
     --------------------------------------------------------------------------------------------
     in progress... |#####               | 025% :               04.5s (E)               18.3s (X)
     in progress... |##########          | 050% :               09.1s (E)               18.3s (X)
     in progress... |###############     | 075% :               13.7s (E)               18.3s (X)
     in progress... |####################| 100% :               18.3s (E)               18.3s (X)
     --------------------------------------------------------------------------------------------
     p-DIAGOX done in 00.1s with a SCALAPACK grid (10x10)
     --------------------------------------------------------------------------------------------
        
       -2.24657  -1.48560  -1.41411  -1.41411  -1.29989  -0.83828  -0.83827  -0.79408  -0.65017
       -0.65013  -0.52629  -0.52278  -0.52278  -0.42621  -0.42238  -0.42237  -0.40644  -0.40642
       -0.39882  -0.39881  -0.38694  -0.34432  -0.34432  -0.32122  -0.31548  -0.31348  -0.28953
       -0.28953  -0.27338  -0.27008  -0.27008  -0.23537  -0.21530  -0.21529  -0.20583  -0.19574
       -0.18440  -0.18432  -0.17183  -0.17182  -0.16899  -0.15427  -0.15427  -0.14300  -0.13662
       -0.13662  -0.11727  -0.11016  -0.11015  -0.10800  -0.10465  -0.10465  -0.09838  -0.09734
       -0.09635  -0.09635  -0.09585  -0.09584  -0.09096  -0.09096  -0.09075  -0.08339  -0.08338
       -0.08210  -0.07980  -0.07980  -0.07894  -0.07869  -0.07522  -0.07324  -0.07324  -0.07293
       -0.06858  -0.06751  -0.06751  -0.06560  -0.06478  -0.06446  -0.06446  -0.05978  -0.05679
       -0.05679  -0.05608  -0.05599  -0.05596  -0.05413  -0.05412  -0.05166  -0.04999  -0.04998
       -0.04654  -0.04637  -0.04636  -0.04547  -0.04460  -0.04460  -0.04431  -0.04420  -0.04420
       -0.04314
        
     --------------------------------------------------------------------------------------------
     Tot. elapsed time 05m-01.5s,  time spent in last iteration 22.2s
     --------------------------------------------------------------------------------------------
      
     --------------------------------------------------------------------------------------------
     Database written in 08.8s               
     In location : ./ch3cl_100_400.wstat.save
     --------------------------------------------------------------------------------------------
       
     --------------------------------------------------------------------------------------------
     Convergence achieved !!! in        3 steps                          
     --------------------------------------------------------------------------------------------
       
     --------------------------------------------------------------------------------------------
     ** Now compute kinetic eigenpotentials **                           
     --------------------------------------------------------------------------------------------
       
     --------------------------------------------------------------------------------------------
     Parallelization for newnvecx                                        
     --------------------------------------------------------------------------------------------
     nglob                =           1600
     nlevel               =             10
     Min nglob/nlevel     =            160
     Max nglob/nlevel     =            160
     --------------------------------------------------------------------------------------------
       
     --------------------------------------------------------------------------------------------
     Parallelization for merge_nvecx                                     
     --------------------------------------------------------------------------------------------
     nglob                =           2000
     nlevel               =             10
     Min nglob/nlevel     =            200
     Max nglob/nlevel     =            200
     --------------------------------------------------------------------------------------------

                       *----------*              *----------*               *----------*
     #     Iteration = | starting |   DFPT_dim = |      400 |   Diago_dim = |      400 |  x 1/2
                       *----------*              *----------*               *----------*
       
     --------------------------------------------------------------------------------------------
     Applying projection operator formed by dvg                          
     --------------------------------------------------------------------------------------------
     per-process dynamical memory   236.6 Mb
  
       
     --------------------------------------------------------------------------------------------
     Sternheimer eq. solver... with lite-solver                          
     --------------------------------------------------------------------------------------------
     in progress... |#                   | 005% :               00.5s (E)               10.2s (X)
     in progress... |##                  | 010% :               01.0s (E)               10.3s (X)
     in progress... |###                 | 015% :               01.5s (E)               10.2s (X)
     in progress... |####                | 020% :               02.0s (E)               10.2s (X)
     in progress... |#####               | 025% :               02.5s (E)               10.2s (X)
     in progress... |######              | 030% :               03.0s (E)               10.2s (X)
     in progress... |#######             | 035% :               03.5s (E)               10.2s (X)
     in progress... |########            | 040% :               04.0s (E)               10.2s (X)
     in progress... |#########           | 045% :               04.5s (E)               10.2s (X)
     in progress... |##########          | 050% :               05.1s (E)               10.2s (X)
     in progress... |###########         | 055% :               05.6s (E)               10.2s (X)
     in progress... |############        | 060% :               06.1s (E)               10.2s (X)
     in progress... |#############       | 065% :               06.6s (E)               10.2s (X)
     in progress... |##############      | 070% :               07.1s (E)               10.2s (X)
     in progress... |###############     | 075% :               07.6s (E)               10.2s (X)
     in progress... |################    | 080% :               08.1s (E)               10.2s (X)
     in progress... |#################   | 085% :               08.6s (E)               10.2s (X)
     in progress... |##################  | 090% :               09.1s (E)               10.2s (X)
     in progress... |################### | 095% :               09.6s (E)               10.2s (X)
     in progress... |####################| 100% :               10.2s (E)               10.2s (X)
       
     --------------------------------------------------------------------------------------------
     Applying projection operator formed by dvg                          
     --------------------------------------------------------------------------------------------
     --------------------------------------------------------------------------------------------

     [I/O] -------------------------------------------------------
     [I/O] RESTART written in < 00.1s             
     [I/O] In location   : ./ch3cl_100_400.wstat.restart
     [I/O] -------------------------------------------------------

                       *----------*              *----------*               *----------*
     #     Iteration = | starting |   DFPT_dim = |      400 |   Diago_dim = |      400 |  x 2/2
                       *----------*              *----------*               *----------*
       
     --------------------------------------------------------------------------------------------
     Applying projection operator formed by dvg                          
     --------------------------------------------------------------------------------------------
     per-process dynamical memory   236.6 Mb
  
       
     --------------------------------------------------------------------------------------------
     Sternheimer eq. solver... with threshold =   1.000000E-06           
     --------------------------------------------------------------------------------------------
     in progress... |#                   | 005% :               00.7s (E)               14.9s (X)
     in progress... |##                  | 010% :               01.4s (E)               14.8s (X)
     in progress... |###                 | 015% :               02.2s (E)               14.7s (X)
     in progress... |####                | 020% :               02.9s (E)               14.7s (X)
     in progress... |#####               | 025% :               03.6s (E)               14.7s (X)
     in progress... |######              | 030% :               04.4s (E)               14.6s (X)
     in progress... |#######             | 035% :               05.1s (E)               14.6s (X)
     in progress... |########            | 040% :               05.8s (E)               14.6s (X)
     in progress... |#########           | 045% :               06.5s (E)               14.6s (X)
     in progress... |##########          | 050% :               07.2s (E)               14.5s (X)
     in progress... |###########         | 055% :               08.0s (E)               14.5s (X)
     in progress... |############        | 060% :               08.7s (E)               14.5s (X)
     in progress... |#############       | 065% :               09.4s (E)               14.5s (X)
     in progress... |##############      | 070% :               10.1s (E)               14.5s (X)
     in progress... |###############     | 075% :               10.8s (E)               14.5s (X)
     in progress... |################    | 080% :               11.6s (E)               14.5s (X)
     in progress... |#################   | 085% :               12.3s (E)               14.4s (X)
     in progress... |##################  | 090% :               13.0s (E)               14.4s (X)
     in progress... |################### | 095% :               13.7s (E)               14.4s (X)
     in progress... |####################| 100% :               14.4s (E)               14.4s (X)
       
     --------------------------------------------------------------------------------------------
     Applying projection operator formed by dvg                          
     --------------------------------------------------------------------------------------------
     --------------------------------------------------------------------------------------------
     p-DIAGOX done in 00.3s with a SCALAPACK grid (12x12)
     --------------------------------------------------------------------------------------------
        
       -0.03572  -0.03509  -0.03504  -0.03414  -0.03324  -0.03319  -0.03304  -0.03259  -0.03250
       -0.03050  -0.03048  -0.03029  -0.02965  -0.02959  -0.02906  -0.02903  -0.02895  -0.02823
       -0.02793  -0.02733  -0.02727  -0.02664  -0.02648  -0.02641  -0.02564  -0.02557  -0.02550
       -0.02543  -0.02501  -0.02500  -0.02405  -0.02387  -0.02383  -0.02371  -0.02353  -0.02335
       -0.02332  -0.02288  -0.02253  -0.02193  -0.02186  -0.02171  -0.02164  -0.02155  -0.02106
       -0.02092  -0.02085  -0.02025  -0.02002  -0.01970  -0.01967  -0.01962  -0.01953  -0.01947
       -0.01924  -0.01912  -0.01900  -0.01889  -0.01882  -0.01879  -0.01872  -0.01841  -0.01826
       -0.01822  -0.01802  -0.01776  -0.01765  -0.01759  -0.01732  -0.01715  -0.01708  -0.01672
       -0.01660  -0.01649  -0.01636  -0.01634  -0.01620  -0.01615  -0.01601  -0.01581  -0.01574
       -0.01556  -0.01543  -0.01530  -0.01518  -0.01510  -0.01488  -0.01472  -0.01465  -0.01459
       -0.01447  -0.01431  -0.01411  -0.01402  -0.01392  -0.01366  -0.01366  -0.01337  -0.01330
       -0.01325  -0.01315  -0.01306  -0.01300  -0.01293  -0.01283  -0.01281  -0.01270  -0.01249
       -0.01242  -0.01218  -0.01209  -0.01193  -0.01180  -0.01176  -0.01156  -0.01148  -0.01134
       -0.01130  -0.01128  -0.01109  -0.01106  -0.01101  -0.01095  -0.01088  -0.01086  -0.01072
       -0.01067  -0.01061  -0.01054  -0.01050  -0.01040  -0.01038  -0.01029  -0.01025  -0.01016
       -0.01010  -0.01007  -0.01003  -0.00999  -0.00991  -0.00984  -0.00979  -0.00972  -0.00960
       -0.00953  -0.00944  -0.00942  -0.00932  -0.00925  -0.00920  -0.00915  -0.00909  -0.00903
       -0.00900  -0.00895  -0.00892  -0.00885  -0.00885  -0.00877  -0.00871  -0.00861  -0.00857
       -0.00847  -0.00841  -0.00835  -0.00831  -0.00825  -0.00820  -0.00817  -0.00814  -0.00805
       -0.00799  -0.00796  -0.00791  -0.00786  -0.00782  -0.00775  -0.00770  -0.00761  -0.00757
       -0.00755  -0.00745  -0.00736  -0.00735  -0.00728  -0.00721  -0.00717  -0.00714  -0.00711
       -0.00702  -0.00695  -0.00691  -0.00688  -0.00685  -0.00683  -0.00674  -0.00669  -0.00668
       -0.00662  -0.00662  -0.00658  -0.00647  -0.00643  -0.00640  -0.00636  -0.00632  -0.00628
       -0.00624  -0.00623  -0.00617  -0.00614  -0.00609  -0.00602  -0.00602  -0.00599  -0.00596
       -0.00594  -0.00590  -0.00587  -0.00583  -0.00582  -0.00578  -0.00570  -0.00567  -0.00563
       -0.00559  -0.00557  -0.00547  -0.00545  -0.00542  -0.00539  -0.00533  -0.00531  -0.00528
       -0.00525  -0.00521  -0.00518  -0.00517  -0.00510  -0.00508  -0.00506  -0.00502  -0.00498
       -0.00496  -0.00490  -0.00488  -0.00485  -0.00482  -0.00481  -0.00478  -0.00473  -0.00469
       -0.00466  -0.00462  -0.00458  -0.00455  -0.00454  -0.00453  -0.00446  -0.00445  -0.00440
       -0.00436  -0.00434  -0.00433  -0.00429  -0.00427  -0.00425  -0.00422  -0.00421  -0.00417
       -0.00416  -0.00411  -0.00410  -0.00405  -0.00401  -0.00399  -0.00397  -0.00394  -0.00392
       -0.00388  -0.00385  -0.00383  -0.00380  -0.00379  -0.00378  -0.00375  -0.00373  -0.00372
       -0.00368  -0.00364  -0.00362  -0.00358  -0.00354  -0.00353  -0.00348  -0.00348  -0.00345
       -0.00342  -0.00341  -0.00336  -0.00334  -0.00331  -0.00330  -0.00327  -0.00324  -0.00322
       -0.00319  -0.00316  -0.00314  -0.00311  -0.00308  -0.00307  -0.00303  -0.00303  -0.00302
       -0.00300  -0.00295  -0.00293  -0.00293  -0.00291  -0.00289  -0.00285  -0.00283  -0.00280
       -0.00277  -0.00276  -0.00273  -0.00270  -0.00269  -0.00268  -0.00266  -0.00264  -0.00262
       -0.00260  -0.00258  -0.00256  -0.00253  -0.00251  -0.00248  -0.00247  -0.00244  -0.00243
       -0.00242  -0.00239  -0.00238  -0.00237  -0.00234  -0.00232  -0.00231  -0.00228  -0.00225
       -0.00224  -0.00222  -0.00219  -0.00217  -0.00215  -0.00214  -0.00212  -0.00210  -0.00207
       -0.00206  -0.00205  -0.00202  -0.00198  -0.00196  -0.00195  -0.00194  -0.00193  -0.00192
       -0.00190  -0.00188  -0.00185  -0.00182  -0.00181  -0.00180  -0.00178  -0.00177  -0.00174
       -0.00171  -0.00170  -0.00169  -0.00168  -0.00165  -0.00162  -0.00162  -0.00160  -0.00158
       -0.00157  -0.00156  -0.00153  -0.00152  -0.00147  -0.00145  -0.00144  -0.00140  -0.00139
       -0.00135  -0.00131  -0.00129  -0.00122
        
     --------------------------------------------------------------------------------------------
     Tot. elapsed time 01m-44.4s,  time spent in last iteration 01m-44.4s
     --------------------------------------------------------------------------------------------

     [I/O] -------------------------------------------------------
     [I/O] RESTART written in < 00.1s             
     [I/O] In location   : ./ch3cl_100_400.wstat.restart
     [I/O] -------------------------------------------------------

                       *----------*              *----------*               *----------*
     #     Iteration = |        1 |   DFPT_dim = |      400 |   Diago_dim = |      800 |
                       *----------*              *----------*               *----------*
       
     --------------------------------------------------------------------------------------------
     Applying projection operator formed by dvg                          
     --------------------------------------------------------------------------------------------
     per-process dynamical memory   228.8 Mb
  
       
     --------------------------------------------------------------------------------------------
     Sternheimer eq. solver... with threshold =   1.000000E-12           
     --------------------------------------------------------------------------------------------
     in progress... |#                   | 005% :               00.8s (E)               17.7s (X)
     in progress... |##                  | 010% :               01.7s (E)               17.7s (X)
     in progress... |###                 | 015% :               02.6s (E)               17.7s (X)
     in progress... |####                | 020% :               03.5s (E)               17.7s (X)
     in progress... |#####               | 025% :               04.4s (E)               17.8s (X)
     in progress... |######              | 030% :               05.3s (E)               17.7s (X)
     in progress... |#######             | 035% :               06.2s (E)               17.7s (X)
     in progress... |########            | 040% :               07.0s (E)               17.7s (X)
     in progress... |#########           | 045% :               07.9s (E)               17.7s (X)
     in progress... |##########          | 050% :               08.8s (E)               17.7s (X)
     in progress... |###########         | 055% :               09.7s (E)               17.7s (X)
     in progress... |############        | 060% :               10.6s (E)               17.7s (X)
     in progress... |#############       | 065% :               11.5s (E)               17.7s (X)
     in progress... |##############      | 070% :               12.3s (E)               17.7s (X)
     in progress... |###############     | 075% :               13.2s (E)               17.6s (X)
     in progress... |################    | 080% :               14.1s (E)               17.7s (X)
     in progress... |#################   | 085% :               15.0s (E)               17.7s (X)
     in progress... |##################  | 090% :               15.9s (E)               17.6s (X)
     in progress... |################### | 095% :               16.8s (E)               17.6s (X)
     in progress... |####################| 100% :               17.6s (E)               17.6s (X)
       
     --------------------------------------------------------------------------------------------
     Applying projection operator formed by dvg                          
     --------------------------------------------------------------------------------------------
     --------------------------------------------------------------------------------------------
     p-DIAGOX done in 00.4s with a SCALAPACK grid (12x12)
     --------------------------------------------------------------------------------------------
        
       -0.03608  -0.03536  -0.03532  -0.03449  -0.03391  -0.03348  -0.03347  -0.03288  -0.03285
       -0.03090  -0.03088  -0.03060  -0.02990  -0.02988  -0.02943  -0.02936  -0.02935  -0.02854
       -0.02835  -0.02765  -0.02761  -0.02700  -0.02685  -0.02683  -0.02613  -0.02611  -0.02601
       -0.02590  -0.02538  -0.02535  -0.02460  -0.02432  -0.02431  -0.02423  -0.02414  -0.02382
       -0.02381  -0.02333  -0.02303  -0.02229  -0.02229  -0.02225  -0.02201  -0.02200  -0.02175
       -0.02159  -0.02158  -0.02073  -0.02067  -0.02022  -0.02019  -0.02018  -0.02007  -0.02006
       -0.01995  -0.01994  -0.01974  -0.01972  -0.01971  -0.01945  -0.01943  -0.01917  -0.01892
       -0.01881  -0.01877  -0.01854  -0.01837  -0.01836  -0.01810  -0.01781  -0.01778  -0.01762
       -0.01733  -0.01732  -0.01718  -0.01717  -0.01710  -0.01708  -0.01677  -0.01675  -0.01662
       -0.01660  -0.01626  -0.01622  -0.01618  -0.01616  -0.01584  -0.01584  -0.01581  -0.01551
       -0.01550  -0.01542  -0.01509  -0.01508  -0.01501  -0.01481  -0.01463  -0.01462  -0.01443
       -0.01441  -0.01440  -0.01434  -0.01433  -0.01421  -0.01420  -0.01404  -0.01382  -0.01381
       -0.01370  -0.01354  -0.01353  -0.01351  -0.01313  -0.01313  -0.01303  -0.01295  -0.01260
       -0.01259  -0.01253  -0.01251  -0.01249  -0.01247  -0.01225  -0.01225  -0.01217  -0.01215
       -0.01197  -0.01196  -0.01191  -0.01191  -0.01185  -0.01184  -0.01179  -0.01168  -0.01168
       -0.01168  -0.01167  -0.01165  -0.01165  -0.01140  -0.01139  -0.01130  -0.01127  -0.01125
       -0.01119  -0.01118  -0.01096  -0.01089  -0.01086  -0.01085  -0.01082  -0.01074  -0.01074
       -0.01060  -0.01057  -0.01048  -0.01047  -0.01039  -0.01036  -0.01029  -0.01027  -0.01026
       -0.01025  -0.01016  -0.01015  -0.00996  -0.00993  -0.00987  -0.00979  -0.00979  -0.00978
       -0.00977  -0.00971  -0.00970  -0.00954  -0.00951  -0.00945  -0.00944  -0.00942  -0.00939
       -0.00925  -0.00922  -0.00918  -0.00907  -0.00905  -0.00896  -0.00895  -0.00894  -0.00882
       -0.00881  -0.00880  -0.00876  -0.00874  -0.00866  -0.00863  -0.00862  -0.00852  -0.00850
       -0.00849  -0.00843  -0.00841  -0.00837  -0.00835  -0.00831  -0.00829  -0.00822  -0.00820
       -0.00817  -0.00810  -0.00808  -0.00801  -0.00795  -0.00793  -0.00788  -0.00786  -0.00780
       -0.00779  -0.00778  -0.00775  -0.00765  -0.00764  -0.00760  -0.00757  -0.00752  -0.00747
       -0.00744  -0.00737  -0.00734  -0.00733  -0.00732  -0.00731  -0.00729  -0.00726  -0.00725
       -0.00723  -0.00722  -0.00721  -0.00717  -0.00715  -0.00713  -0.00710  -0.00709  -0.00707
       -0.00703  -0.00700  -0.00698  -0.00698  -0.00696  -0.00693  -0.00690  -0.00686  -0.00678
       -0.00677  -0.00668  -0.00666  -0.00663  -0.00660  -0.00656  -0.00654  -0.00650  -0.00649
       -0.00644  -0.00643  -0.00640  -0.00639  -0.00637  -0.00633  -0.00631  -0.00628  -0.00626
       -0.00623  -0.00621  -0.00619  -0.00616  -0.00613  -0.00611  -0.00608  -0.00607  -0.00604
       -0.00603  -0.00600  -0.00599  -0.00598  -0.00592  -0.00591  -0.00587  -0.00584  -0.00580
       -0.00579  -0.00577  -0.00575  -0.00572  -0.00571  -0.00569  -0.00567  -0.00567  -0.00565
       -0.00563  -0.00559  -0.00558  -0.00557  -0.00554  -0.00551  -0.00549  -0.00547  -0.00544
       -0.00542  -0.00541  -0.00538  -0.00536  -0.00534  -0.00533  -0.00527  -0.00527  -0.00525
       -0.00523  -0.00521  -0.00520  -0.00518  -0.00514  -0.00514  -0.00511  -0.00509  -0.00504
       -0.00503  -0.00500  -0.00499  -0.00497  -0.00496  -0.00494  -0.00491  -0.00486  -0.00485
       -0.00484  -0.00481  -0.00479  -0.00477  -0.00475  -0.00474  -0.00472  -0.00472  -0.00470
       -0.00467  -0.00464  -0.00463  -0.00462  -0.00461  -0.00459  -0.00456  -0.00455  -0.00453
       -0.00453  -0.00450  -0.00449  -0.00447  -0.00446  -0.00444  -0.00442  -0.00441  -0.00441
       -0.00438  -0.00437  -0.00435  -0.00434  -0.00432  -0.00430  -0.00427  -0.00425  -0.00423
       -0.00423  -0.00421  -0.00420  -0.00417  -0.00415  -0.00415  -0.00413  -0.00411  -0.00411
       -0.00409  -0.00407  -0.00407  -0.00405  -0.00403  -0.00401  -0.00398  -0.00397  -0.00395
       -0.00394  -0.00394  -0.00392  -0.00391  -0.00388  -0.00387  -0.00386  -0.00383  -0.00382
       -0.00380  -0.00380  -0.00378  -0.00376
        
     --------------------------------------------------------------------------------------------
     Tot. elapsed time 03m-23.9s,  time spent in last iteration 31.1s
     --------------------------------------------------------------------------------------------

     [I/O] -------------------------------------------------------
     [I/O] RESTART written in < 00.1s             
     [I/O] In location   : ./ch3cl_100_400.wstat.restart
     [I/O] -------------------------------------------------------

                       *----------*              *----------*               *----------*
     #     Iteration = |        2 |   DFPT_dim = |      312 |   Diago_dim = |     1112 |
                       *----------*              *----------*               *----------*
       
     --------------------------------------------------------------------------------------------
     Applying projection operator formed by dvg                          
     --------------------------------------------------------------------------------------------
     per-process dynamical memory   228.5 Mb
  
       
     --------------------------------------------------------------------------------------------
     Sternheimer eq. solver... with threshold =   1.000000E-12           
     --------------------------------------------------------------------------------------------
     in progress... |#                   | 005% :               00.8s (E)               17.7s (X)
     in progress... |##                  | 010% :               01.7s (E)               17.6s (X)
     in progress... |###                 | 015% :               02.2s (E)               14.7s (X)
     in progress... |####                | 020% :               03.1s (E)               15.5s (X)
     in progress... |#####               | 025% :               03.5s (E)               14.2s (X)
     in progress... |######              | 030% :               04.4s (E)               14.8s (X)
     in progress... |#######             | 035% :               05.3s (E)               15.1s (X)
     in progress... |########            | 040% :               05.7s (E)               14.3s (X)
     in progress... |#########           | 045% :               06.6s (E)               14.7s (X)
     in progress... |##########          | 050% :               07.0s (E)               14.1s (X)
     in progress... |###########         | 055% :               07.9s (E)               14.4s (X)
     in progress... |############        | 060% :               08.8s (E)               14.7s (X)
     in progress... |#############       | 065% :               09.2s (E)               14.2s (X)
     in progress... |##############      | 070% :               10.1s (E)               14.5s (X)
     in progress... |###############     | 075% :               10.6s (E)               14.1s (X)
     in progress... |################    | 080% :               11.4s (E)               14.3s (X)
     in progress... |#################   | 085% :               12.3s (E)               14.5s (X)
     in progress... |##################  | 090% :               12.8s (E)               14.2s (X)
     in progress... |################### | 095% :               13.6s (E)               14.4s (X)
     in progress... |####################| 100% :               14.1s (E)               14.1s (X)
       
     --------------------------------------------------------------------------------------------
     Applying projection operator formed by dvg                          
     --------------------------------------------------------------------------------------------
     --------------------------------------------------------------------------------------------
     p-DIAGOX done in 00.8s with a SCALAPACK grid (12x12)
     --------------------------------------------------------------------------------------------
        
       -0.03608  -0.03536  -0.03532  -0.03449  -0.03391  -0.03348  -0.03347  -0.03288  -0.03285
       -0.03090  -0.03088  -0.03060  -0.02990  -0.02988  -0.02943  -0.02936  -0.02935  -0.02854
       -0.02835  -0.02765  -0.02761  -0.02700  -0.02685  -0.02683  -0.02614  -0.02611  -0.02601
       -0.02590  -0.02538  -0.02535  -0.02460  -0.02432  -0.02431  -0.02423  -0.02414  -0.02382
       -0.02381  -0.02333  -0.02303  -0.02230  -0.02229  -0.02225  -0.02202  -0.02200  -0.02175
       -0.02159  -0.02158  -0.02073  -0.02068  -0.02023  -0.02020  -0.02019  -0.02007  -0.02006
       -0.01996  -0.01995  -0.01974  -0.01972  -0.01971  -0.01945  -0.01944  -0.01918  -0.01892
       -0.01881  -0.01877  -0.01854  -0.01838  -0.01837  -0.01810  -0.01781  -0.01779  -0.01763
       -0.01734  -0.01732  -0.01719  -0.01718  -0.01711  -0.01709  -0.01677  -0.01676  -0.01663
       -0.01661  -0.01628  -0.01624  -0.01619  -0.01618  -0.01586  -0.01585  -0.01583  -0.01552
       -0.01552  -0.01543  -0.01510  -0.01509  -0.01503  -0.01482  -0.01464  -0.01464  -0.01445
       -0.01443  -0.01442  -0.01436  -0.01436  -0.01423  -0.01423  -0.01405  -0.01384  -0.01383
       -0.01372  -0.01356  -0.01356  -0.01355  -0.01316  -0.01316  -0.01306  -0.01297  -0.01263
       -0.01263  -0.01256  -0.01255  -0.01253  -0.01250  -0.01229  -0.01228  -0.01220  -0.01219
       -0.01200  -0.01199  -0.01195  -0.01195  -0.01188  -0.01187  -0.01182  -0.01172  -0.01172
       -0.01171  -0.01171  -0.01169  -0.01168  -0.01144  -0.01143  -0.01135  -0.01132  -0.01131
       -0.01123  -0.01123  -0.01101  -0.01094  -0.01092  -0.01092  -0.01087  -0.01080  -0.01079
       -0.01066  -0.01063  -0.01054  -0.01053  -0.01045  -0.01042  -0.01034  -0.01034  -0.01033
       -0.01033  -0.01024  -0.01021  -0.01002  -0.01002  -0.00992  -0.00986  -0.00985  -0.00984
       -0.00984  -0.00977  -0.00977  -0.00960  -0.00959  -0.00952  -0.00951  -0.00950  -0.00946
       -0.00930  -0.00930  -0.00929  -0.00914  -0.00914  -0.00905  -0.00904  -0.00904  -0.00891
       -0.00891  -0.00890  -0.00886  -0.00886  -0.00876  -0.00875  -0.00873  -0.00862  -0.00861
       -0.00860  -0.00855  -0.00855  -0.00853  -0.00845  -0.00845  -0.00844  -0.00834  -0.00834
       -0.00831  -0.00821  -0.00821  -0.00813  -0.00806  -0.00806  -0.00800  -0.00799  -0.00795
       -0.00795  -0.00794  -0.00792  -0.00779  -0.00779  -0.00778  -0.00770  -0.00770  -0.00761
       -0.00761  -0.00749  -0.00749  -0.00749  -0.00748  -0.00748  -0.00747  -0.00741  -0.00741
       -0.00738  -0.00738  -0.00737  -0.00736  -0.00736  -0.00731  -0.00731  -0.00730  -0.00723
       -0.00723  -0.00720  -0.00720  -0.00717  -0.00717  -0.00716  -0.00713  -0.00709  -0.00698
       -0.00697  -0.00687  -0.00687  -0.00683  -0.00682  -0.00681  -0.00671  -0.00670  -0.00670
       -0.00668  -0.00667  -0.00665  -0.00665  -0.00661  -0.00657  -0.00655  -0.00655  -0.00653
       -0.00648  -0.00647  -0.00646  -0.00643  -0.00642  -0.00633  -0.00633  -0.00632  -0.00629
       -0.00628  -0.00627  -0.00626  -0.00626  -0.00625  -0.00618  -0.00618  -0.00613  -0.00607
       -0.00606  -0.00604  -0.00604  -0.00600  -0.00600  -0.00597  -0.00595  -0.00593  -0.00593
       -0.00590  -0.00589  -0.00589  -0.00589  -0.00586  -0.00585  -0.00585  -0.00585  -0.00579
       -0.00575  -0.00574  -0.00570  -0.00570  -0.00565  -0.00564  -0.00564  -0.00563  -0.00561
       -0.00557  -0.00556  -0.00556  -0.00553  -0.00553  -0.00546  -0.00545  -0.00543  -0.00543
       -0.00540  -0.00538  -0.00538  -0.00537  -0.00532  -0.00532  -0.00530  -0.00528  -0.00526
       -0.00525  -0.00521  -0.00518  -0.00515  -0.00514  -0.00512  -0.00511  -0.00510  -0.00506
       -0.00505  -0.00502  -0.00501  -0.00501  -0.00500  -0.00497  -0.00497  -0.00496  -0.00496
       -0.00494  -0.00493  -0.00492  -0.00491  -0.00490  -0.00489  -0.00488  -0.00488  -0.00487
       -0.00484  -0.00483  -0.00482  -0.00482  -0.00481  -0.00479  -0.00478  -0.00476  -0.00474
       -0.00472  -0.00471  -0.00469  -0.00468  -0.00466  -0.00465  -0.00465  -0.00462  -0.00461
       -0.00460  -0.00459  -0.00457  -0.00456  -0.00455  -0.00454  -0.00453  -0.00451  -0.00450
       -0.00448  -0.00446  -0.00445  -0.00444  -0.00442  -0.00442  -0.00440  -0.00439  -0.00438
       -0.00436  -0.00435  -0.00434  -0.00433
        
     --------------------------------------------------------------------------------------------
     Tot. elapsed time 05m-02.2s,  time spent in last iteration 29.7s
     --------------------------------------------------------------------------------------------

     [I/O] -------------------------------------------------------
     [I/O] RESTART written in < 00.1s             
     [I/O] In location   : ./ch3cl_100_400.wstat.restart
     [I/O] -------------------------------------------------------

                       *----------*              *----------*               *----------*
     #     Iteration = |        3 |   DFPT_dim = |       44 |   Diago_dim = |     1156 |
                       *----------*              *----------*               *----------*
       
     --------------------------------------------------------------------------------------------
     Applying projection operator formed by dvg                          
     --------------------------------------------------------------------------------------------
     per-process dynamical memory   223.6 Mb
  
       
     --------------------------------------------------------------------------------------------
     Sternheimer eq. solver... with threshold =   1.000000E-12           
     --------------------------------------------------------------------------------------------
     in progress... |#####               | 025% :               00.4s (E)               01.7s (X)
     in progress... |##########          | 050% :               00.8s (E)               01.7s (X)
     in progress... |###############     | 075% :               01.3s (E)               01.7s (X)
     in progress... |####################| 100% :               01.7s (E)               01.7s (X)
       
     --------------------------------------------------------------------------------------------
     Applying projection operator formed by dvg                          
     --------------------------------------------------------------------------------------------
     --------------------------------------------------------------------------------------------
     p-DIAGOX done in 00.6s with a SCALAPACK grid (12x12)
     --------------------------------------------------------------------------------------------
        
       -0.03608  -0.03536  -0.03532  -0.03449  -0.03391  -0.03348  -0.03347  -0.03288  -0.03285
       -0.03090  -0.03088  -0.03060  -0.02990  -0.02988  -0.02943  -0.02936  -0.02935  -0.02854
       -0.02835  -0.02765  -0.02761  -0.02700  -0.02685  -0.02683  -0.02614  -0.02611  -0.02601
       -0.02590  -0.02538  -0.02535  -0.02460  -0.02432  -0.02431  -0.02423  -0.02414  -0.02382
       -0.02381  -0.02333  -0.02303  -0.02230  -0.02229  -0.02225  -0.02202  -0.02200  -0.02175
       -0.02159  -0.02158  -0.02073  -0.02068  -0.02023  -0.02020  -0.02019  -0.02007  -0.02006
       -0.01996  -0.01995  -0.01974  -0.01972  -0.01971  -0.01945  -0.01944  -0.01918  -0.01892
       -0.01881  -0.01877  -0.01854  -0.01838  -0.01837  -0.01810  -0.01781  -0.01779  -0.01763
       -0.01734  -0.01732  -0.01719  -0.01718  -0.01711  -0.01709  -0.01677  -0.01676  -0.01663
       -0.01661  -0.01628  -0.01624  -0.01619  -0.01618  -0.01586  -0.01585  -0.01583  -0.01552
       -0.01552  -0.01543  -0.01510  -0.01509  -0.01503  -0.01482  -0.01464  -0.01464  -0.01445
       -0.01443  -0.01442  -0.01436  -0.01436  -0.01423  -0.01423  -0.01405  -0.01384  -0.01383
       -0.01372  -0.01356  -0.01356  -0.01355  -0.01316  -0.01316  -0.01306  -0.01297  -0.01263
       -0.01263  -0.01256  -0.01255  -0.01253  -0.01250  -0.01229  -0.01228  -0.01220  -0.01219
       -0.01200  -0.01199  -0.01195  -0.01195  -0.01188  -0.01187  -0.01182  -0.01172  -0.01172
       -0.01171  -0.01171  -0.01169  -0.01168  -0.01144  -0.01143  -0.01135  -0.01132  -0.01131
       -0.01123  -0.01123  -0.01101  -0.01094  -0.01092  -0.01092  -0.01087  -0.01080  -0.01079
       -0.01067  -0.01063  -0.01054  -0.01053  -0.01045  -0.01042  -0.01034  -0.01034  -0.01033
       -0.01033  -0.01024  -0.01021  -0.01002  -0.01002  -0.00992  -0.00986  -0.00985  -0.00984
       -0.00984  -0.00977  -0.00977  -0.00960  -0.00959  -0.00952  -0.00952  -0.00950  -0.00946
       -0.00930  -0.00930  -0.00929  -0.00914  -0.00914  -0.00905  -0.00904  -0.00904  -0.00891
       -0.00891  -0.00890  -0.00886  -0.00886  -0.00876  -0.00876  -0.00873  -0.00862  -0.00861
       -0.00860  -0.00855  -0.00855  -0.00853  -0.00845  -0.00845  -0.00844  -0.00834  -0.00834
       -0.00831  -0.00821  -0.00821  -0.00813  -0.00806  -0.00806  -0.00800  -0.00800  -0.00796
       -0.00795  -0.00795  -0.00792  -0.00779  -0.00779  -0.00778  -0.00770  -0.00770  -0.00762
       -0.00762  -0.00750  -0.00750  -0.00749  -0.00748  -0.00748  -0.00747  -0.00741  -0.00741
       -0.00739  -0.00739  -0.00737  -0.00736  -0.00736  -0.00731  -0.00731  -0.00730  -0.00723
       -0.00723  -0.00720  -0.00720  -0.00717  -0.00717  -0.00716  -0.00713  -0.00709  -0.00698
       -0.00698  -0.00688  -0.00688  -0.00683  -0.00682  -0.00682  -0.00671  -0.00670  -0.00670
       -0.00668  -0.00667  -0.00665  -0.00665  -0.00662  -0.00658  -0.00656  -0.00656  -0.00653
       -0.00648  -0.00648  -0.00646  -0.00643  -0.00643  -0.00634  -0.00633  -0.00633  -0.00629
       -0.00629  -0.00628  -0.00626  -0.00626  -0.00625  -0.00619  -0.00619  -0.00613  -0.00607
       -0.00607  -0.00605  -0.00604  -0.00601  -0.00600  -0.00598  -0.00596  -0.00593  -0.00593
       -0.00590  -0.00590  -0.00589  -0.00589  -0.00586  -0.00586  -0.00585  -0.00585  -0.00580
       -0.00575  -0.00575  -0.00571  -0.00570  -0.00566  -0.00564  -0.00564  -0.00564  -0.00562
       -0.00557  -0.00557  -0.00557  -0.00554  -0.00554  -0.00547  -0.00546  -0.00544  -0.00543
       -0.00540  -0.00539  -0.00539  -0.00538  -0.00533  -0.00533  -0.00531  -0.00530  -0.00527
       -0.00526  -0.00522  -0.00519  -0.00516  -0.00516  -0.00513  -0.00512  -0.00511  -0.00507
       -0.00506  -0.00503  -0.00502  -0.00502  -0.00500  -0.00498  -0.00498  -0.00498  -0.00497
       -0.00495  -0.00494  -0.00494  -0.00494  -0.00493  -0.00493  -0.00492  -0.00492  -0.00491
       -0.00488  -0.00487  -0.00487  -0.00487  -0.00486  -0.00484  -0.00483  -0.00483  -0.00480
       -0.00477  -0.00477  -0.00474  -0.00474  -0.00471  -0.00471  -0.00471  -0.00469  -0.00465
       -0.00465  -0.00463  -0.00463  -0.00463  -0.00462  -0.00459  -0.00459  -0.00458  -0.00456
       -0.00455  -0.00451  -0.00450  -0.00449  -0.00449  -0.00448  -0.00448  -0.00445  -0.00444
       -0.00443  -0.00443  -0.00441  -0.00439
        
     --------------------------------------------------------------------------------------------
     Tot. elapsed time 06m-20.3s,  time spent in last iteration 09.9s
     --------------------------------------------------------------------------------------------
       
     --------------------------------------------------------------------------------------------
     Convergence achieved !!! in        3 steps                          
     --------------------------------------------------------------------------------------------
      
     --------------------------------------------------------------------------------------------
     Database written in < 00.1s             
     In location : ./ch3cl_100_400.wstat.save
     --------------------------------------------------------------------------------------------
 
     WSTAT        :  6m49.21s CPU    12m57.72s WALL

     wstat_readin :      6.16s CPU     39.20s WALL (       1 calls)
     fetch_nml    :      0.00s CPU      0.00s WALL (       1 calls)
     read_xml     :      1.34s CPU      1.56s WALL (       1 calls)
     init_vloc    :      0.16s CPU      0.16s WALL (       2 calls)
     fft          :      0.25s CPU      0.27s WALL (      11 calls)
     fft_scatter  :     42.70s CPU     42.92s WALL (   12879 calls)
     v_of_rho     :      0.29s CPU      0.32s WALL (       1 calls)
     v_xc         :      0.26s CPU      0.28s WALL (       1 calls)
     v_h          :      0.03s CPU      0.04s WALL (       1 calls)
     read_wave    :      4.81s CPU     37.62s WALL (       1 calls)
     davcio       :      0.00s CPU      1.04s WALL (       2 calls)
     init_us_1    :      0.24s CPU      0.25s WALL (       2 calls)
     do_setup     :      0.42s CPU      0.44s WALL (       1 calls)
     init_pw_ar   :      0.42s CPU      0.43s WALL (       1 calls)
     init_at_1    :      0.00s CPU      0.00s WALL (       1 calls)
     storesqvc    :      0.00s CPU      0.01s WALL (       1 calls)
     chidiago     :    206.09s CPU    312.51s WALL (       1 calls)
     randomize    :      1.15s CPU      1.17s WALL (       2 calls)
     paramgs      :     14.36s CPU     14.52s WALL (      11 calls)
     dfpt         :    231.09s CPU    232.87s WALL (      10 calls)
     init_us_2    :      0.05s CPU      0.05s WALL (      10 calls)
     fftw         :    118.15s CPU    119.02s WALL (   12868 calls)
     alphapc      :      0.44s CPU      0.44s WALL (     200 calls)
     wstat_restar :    107.42s CPU    404.99s WALL (       8 calls)
     linstern     :    151.69s CPU    152.75s WALL (     150 calls)
     stern        :    135.86s CPU    136.84s WALL (    4334 calls)
     h_psi_bgrp   :    125.39s CPU    126.34s WALL (    1456 calls)
     h_psi        :    125.39s CPU    126.34s WALL (    1456 calls)
     h_psi:pot    :    124.74s CPU    125.66s WALL (    1456 calls)
     vloc_psi     :    115.67s CPU    116.50s WALL (    1456 calls)
     h_psi:calbec :      5.18s CPU      4.86s WALL (    1456 calls)
     calbec       :      5.17s CPU      4.86s WALL (    1456 calls)
     add_vuspsi   :      3.89s CPU      4.28s WALL (    1456 calls)
     alphapv      :      6.07s CPU      6.11s WALL (    4334 calls)
     build_hr     :      8.16s CPU      8.41s WALL (       8 calls)
     diagox       :      2.64s CPU      2.71s WALL (       8 calls)
     redistr_vr   :      0.32s CPU      0.33s WALL (       6 calls)
     update_vr    :     13.06s CPU     13.43s WALL (       6 calls)
     symm_hr      :      0.31s CPU      0.33s WALL (       6 calls)
     chidiago:las :      0.00s CPU      0.00s WALL (       1 calls)
     refresh_vr   :      4.84s CPU      4.92s WALL (       2 calls)
     pdep_db      :      2.62s CPU      8.87s WALL (       1 calls)
     kinchidiago  :    196.51s CPU    425.55s WALL (       1 calls)
     k_psi        :      1.39s CPU      1.38s WALL (    2878 calls)
     kinchidiago: :      0.00s CPU      0.00s WALL (       1 calls)
     pdep_db_for_ :     10.03s CPU     35.33s WALL (       1 calls)
 
     WSTAT        :  6m49.21s CPU    12m57.72s WALL

 
   This run was terminated on:  12:50:18  28Apr2018            

=------------------------------------------------------------------------------=
   JOB DONE.
=------------------------------------------------------------------------------=
