
     Program WSTAT v. 2.0.0 starts on 28Apr2018 at 12:50:25 

     This program is part of the open-source West suite
     for massively parallel calculations of excited states in materials; please cite
         "M. Govoni et al., J. Chem. Theory Comput. 11, 2680 (2015);
          URL http://www.west-code.org", 
     in publications or presentations arising from this work.

     Based on the Quantum ESPRESSO v. 6.1 svn rev. 13369
       
     --------------------------------------------------------------------------------------------
     **MPI** Parallelization Status                                      
     --------------------------------------------------------------------------------------------
                   160                  10             1             1            16
     --------------------------------------------------------------------------------------------
                     N         =         I      X      P      X      B      X      Z
                     ^                   ^             ^             ^             ^
                     |                   |             |             |             |
                   #rnk                  |             |             |             |
                                      #image           |             |             |
                                                     #pool           |             |
                                                                   #bgrp           |
                                                                                 #R&G
     --------------------------------------------------------------------------------------------
     **OPENMP** Parallelization Status
     #thr/rnk               =            1
     --------------------------------------------------------------------------------------------
     #prc = (rnk) * (thr) =          160
     --------------------------------------------------------------------------------------------
       
     --------------------------------------------------------------------------------------------
     I/O Summary : input_west                                            
     --------------------------------------------------------------------------------------------
     qe_prefix      = ch3cl
     west_prefix    = ch3cl
     outdir         = ./
     --------------------------------------------------------------------------------------------
       
     --------------------------------------------------------------------------------------------
     I/O Summary : wstat_control                                         
     --------------------------------------------------------------------------------------------
     wstat_calculation              =              S
     n_pdep_eigen                   =            420
     n_kin_pdep_eigen               =              0
     n_lindhard_eigen               =              0
     n_pdep_times                   =              4
     n_pdep_maxiter                 =            100
     n_dfpt_maxiter                 =            250
     n_pdep_read_from_file          =              0
     trev_pdep                      =   1.000000E-03
     trev_pdep_rel                  =   1.000000E-01
     tr2_dfpt                       =   1.000000E-12
     l_kinetic_only                 =              F
     l_minimize_exx_if_active       =              F
     l_use_ecutrho                  =              F
     l_pure_eigen                   =              F
     --------------------------------------------------------------------------------------------

     Reading data from directory:
     ./ch3cl.save

   Info: using nr1, nr2, nr3 values from input

   Info: using nr1, nr2, nr3 values from input

     IMPORTANT: XC functional enforced from input :
     Exchange-correlation      = PBE ( 1  4  3  4 0 0)
     Any further DFT definition will be discarded
     Please, verify this is what you really want

     Message from routine readpp:
     file ./ch3cl.save/C_ONCV_PBE-1.0.upf not found
     Message from routine readpp:
     file ./ch3cl.save/Cl_ONCV_PBE-1.0.upf not found
     Message from routine readpp:
     file ./ch3cl.save/H_ONCV_PBE-1.0.upf not found
 
     Parallelization info
     --------------------
     sticks:   dense  smooth     PW     G-vecs:    dense   smooth      PW
     Min        1520    1520    379               178660   178660   22323
     Max        1522    1522    384               178666   178666   22328
     Sum       24345   24345   6093              2858633  2858633  357213
 
       
     --------------------------------------------------------------------------------------------
     System Overview                                                     
     --------------------------------------------------------------------------------------------
     gamma_only           =              T
     ecutwfc [Ry]         =      85.000000
     omega [au^3]         =   2.700000E+04
     glob. #G             =         178607
     nbnd                 =            100
     nkstot               =              1
     nspin                =              1
     nelec                =      14.000000
     npol                 =              1
     lsda                 =              F
     noncolin             =              F
     lspinorb             =              F
     domag                =              F
     --------------------------------------------------------------------------------------------

     sFFT G-space:  1429317 G-vectors     R-space: ( 180, 180, 180)
     dFFT G-space:  1429317 G-vectors     R-space: ( 180, 180, 180)

     Cell [a.u.]          =      30.000000      0.000000      0.000000
                          =       0.000000     30.000000      0.000000
                          =       0.000000      0.000000     30.000000
      
     number of ks points=     1
                       cart. coord. in units 2pi/alat
        k(    1) = (   0.0000000   0.0000000   0.0000000), wk =   2.0000000

                       cryst. coord.
        k(    1) = (   0.0000000   0.0000000   0.0000000), wk =   2.0000000
 
     Spherical div        =   1.654268E-01
     Orthorombic div      =   1.628502E-01
       
     --------------------------------------------------------------------------------------------
     Parallelization for nvecx                                           
     --------------------------------------------------------------------------------------------
     nglob                =           1680
     nlevel               =             10
     Min nglob/nlevel     =            168
     Max nglob/nlevel     =            168
     --------------------------------------------------------------------------------------------

     [MEM] ----------------------------------------------------------
     [MEM] **Memory** analysis: QE
     [MEM] ----------------------------------------------------------
     [MEM] Allocated arrays           est. size (Mb)     dimensions
     [MEM] ----------------------------------------------------------
     [MEM] Kohn-Sham Wavefunctions      17.03 Mb     (  11164,  100)
     [MEM] NL pseudopotentials           3.75 Mb     (  11164,   22)
     [MEM] Each V/rho on FFT grid        5.93 Mb     ( 388800)
     [MEM] Each G-vector array           0.68 Mb     (  89333)
     [MEM] G-vector shells               0.05 Mb     (   6125)
     [MEM] ----------------------------------------------------------
     [MEM] TOT                          27.44 Mb
     [MEM] ----------------------------------------------------------
     [MEM] 
     [MEM] ----------------------------------------------------------
     [MEM] **Memory** analysis: WSTAT global
     [MEM] ----------------------------------------------------------
     [MEM] Allocated arrays           est. size (Mb)     dimensions
     [MEM] ----------------------------------------------------------
     [MEM] dvg                          28.62 Mb     (  11164,  168)
     [MEM] dng                          28.62 Mb     (  11164,  168)
     [MEM] hr_distr                      2.15 Mb     (   1680,  168)
     [MEM] vr_distr                      2.15 Mb     (   1680,  168)
     [MEM] ----------------------------------------------------------
     [MEM] TOT                          61.54 Mb
     [MEM] ----------------------------------------------------------
     [MEM] 
     [MEM] ----------------------------------------------------------
     [MEM] **Memory** analysis: WSTAT temporary
     [MEM] ----------------------------------------------------------
     [MEM] Allocated arrays           est. size (Mb)     dimensions
     [MEM] ----------------------------------------------------------
     [MEM] dvpsi                         1.19 Mb     (  11164,    7)
     [MEM] dpsi                          1.19 Mb     (  11164,    7)
     [MEM] ----------------------------------------------------------
     [MEM] Total estimate                2.38 Mb
     [MEM] ----------------------------------------------------------

                       *----------*              *----------*               *----------*
     #     Iteration = | starting |   DFPT_dim = |      420 |   Diago_dim = |      420 |  x 1/2
                       *----------*              *----------*               *----------*
     per-process dynamical memory   178.1 Mb
  
       
     --------------------------------------------------------------------------------------------
     Sternheimer eq. solver... with lite-solver                          
     --------------------------------------------------------------------------------------------
     in progress... |#                   | 005% :               00.7s (E)               15.5s (X)
     in progress... |##                  | 010% :               01.2s (E)               12.8s (X)
     in progress... |###                 | 015% :               01.7s (E)               11.9s (X)
     in progress... |####                | 020% :               02.3s (E)               11.5s (X)
     in progress... |#####               | 025% :               02.8s (E)               11.2s (X)
     in progress... |######              | 030% :               03.3s (E)               11.1s (X)
     in progress... |#######             | 035% :               03.8s (E)               10.9s (X)
     in progress... |########            | 040% :               04.3s (E)               10.8s (X)
     in progress... |#########           | 045% :               04.8s (E)               10.8s (X)
     in progress... |##########          | 050% :               05.3s (E)               10.7s (X)
     in progress... |###########         | 055% :               06.1s (E)               11.1s (X)
     in progress... |############        | 060% :               06.6s (E)               11.1s (X)
     in progress... |#############       | 065% :               07.1s (E)               11.0s (X)
     in progress... |##############      | 070% :               07.6s (E)               10.9s (X)
     in progress... |###############     | 075% :               08.2s (E)               10.9s (X)
     in progress... |################    | 080% :               08.7s (E)               10.9s (X)
     in progress... |#################   | 085% :               09.2s (E)               10.8s (X)
     in progress... |##################  | 090% :               09.7s (E)               10.8s (X)
     in progress... |################### | 095% :               10.2s (E)               10.7s (X)
     in progress... |####################| 100% :               10.7s (E)               10.7s (X)
     --------------------------------------------------------------------------------------------

     [I/O] -------------------------------------------------------
     [I/O] RESTART written in < 00.1s             
     [I/O] In location   : ./ch3cl_420.wstat.restart
     [I/O] -------------------------------------------------------

                       *----------*              *----------*               *----------*
     #     Iteration = | starting |   DFPT_dim = |      420 |   Diago_dim = |      420 |  x 2/2
                       *----------*              *----------*               *----------*
     per-process dynamical memory   180.3 Mb
  
       
     --------------------------------------------------------------------------------------------
     Sternheimer eq. solver... with threshold =   1.000000E-06           
     --------------------------------------------------------------------------------------------
     in progress... |#                   | 005% :               09.4s (E)           03m-09.3s (X)
     in progress... |##                  | 010% :               15.7s (E)           02m-37.2s (X)
     in progress... |###                 | 015% :               21.7s (E)           02m-25.1s (X)
     in progress... |####                | 020% :               27.7s (E)           02m-18.9s (X)
     in progress... |#####               | 025% :               33.7s (E)           02m-14.8s (X)
     in progress... |######              | 030% :               39.6s (E)           02m-12.2s (X)
     in progress... |#######             | 035% :               45.6s (E)           02m-10.3s (X)
     in progress... |########            | 040% :               51.4s (E)           02m-08.7s (X)
     in progress... |#########           | 045% :               57.3s (E)           02m-07.4s (X)
     in progress... |##########          | 050% :           01m-03.1s (E)           02m-06.3s (X)
     in progress... |###########         | 055% :           01m-11.8s (E)           02m-10.5s (X)
     in progress... |############        | 060% :           01m-17.4s (E)           02m-09.0s (X)
     in progress... |#############       | 065% :           01m-23.0s (E)           02m-07.8s (X)
     in progress... |##############      | 070% :           01m-28.7s (E)           02m-06.8s (X)
     in progress... |###############     | 075% :           01m-34.4s (E)           02m-05.9s (X)
     in progress... |################    | 080% :           01m-40.0s (E)           02m-05.1s (X)
     in progress... |#################   | 085% :           01m-45.6s (E)           02m-04.3s (X)
     in progress... |##################  | 090% :           01m-51.2s (E)           02m-03.5s (X)
     in progress... |################### | 095% :           01m-56.8s (E)           02m-02.9s (X)
     in progress... |####################| 100% :           02m-02.3s (E)           02m-02.3s (X)
     --------------------------------------------------------------------------------------------
     p-DIAGOX done in 00.3s with a SCALAPACK grid (12x12)
     --------------------------------------------------------------------------------------------
        
       -2.22163  -1.42253  -1.41397  -1.41394  -1.26287  -0.83796  -0.83792  -0.77864  -0.64996
       -0.64992  -0.52217  -0.52215  -0.51449  -0.42207  -0.42201  -0.41307  -0.40621  -0.40614
       -0.39838  -0.39830  -0.38363  -0.34373  -0.34359  -0.31488  -0.31463  -0.30678  -0.28886
       -0.28882  -0.27324  -0.26958  -0.26950  -0.23080  -0.21429  -0.21418  -0.19514  -0.19133
       -0.18341  -0.18330  -0.17096  -0.17093  -0.16152  -0.15326  -0.15314  -0.14210  -0.13619
       -0.13609  -0.11648  -0.10957  -0.10948  -0.10692  -0.10413  -0.10405  -0.09801  -0.09669
       -0.09598  -0.09585  -0.09546  -0.09531  -0.09038  -0.09016  -0.08992  -0.08284  -0.08255
       -0.08146  -0.07890  -0.07866  -0.07771  -0.07750  -0.07370  -0.07215  -0.07206  -0.07183
       -0.06733  -0.06673  -0.06666  -0.06464  -0.06319  -0.06309  -0.06066  -0.05623  -0.05572
       -0.05556  -0.05479  -0.05473  -0.05253  -0.05233  -0.05211  -0.04923  -0.04874  -0.04864
       -0.04533  -0.04525  -0.04511  -0.04367  -0.04332  -0.04316  -0.04290  -0.04278  -0.04252
       -0.04223  -0.04218  -0.04183  -0.04153  -0.04061  -0.03986  -0.03948  -0.03873  -0.03852
       -0.03676  -0.03639  -0.03628  -0.03574  -0.03491  -0.03480  -0.03423  -0.03396  -0.03383
       -0.03328  -0.03244  -0.03204  -0.03176  -0.03112  -0.03081  -0.03042  -0.02980  -0.02967
       -0.02913  -0.02897  -0.02879  -0.02833  -0.02769  -0.02752  -0.02735  -0.02711  -0.02695
       -0.02658  -0.02642  -0.02549  -0.02529  -0.02509  -0.02484  -0.02462  -0.02433  -0.02423
       -0.02361  -0.02349  -0.02306  -0.02260  -0.02225  -0.02207  -0.02189  -0.02186  -0.02150
       -0.02129  -0.02126  -0.02100  -0.02078  -0.02076  -0.02051  -0.02041  -0.02030  -0.02016
       -0.02008  -0.01981  -0.01964  -0.01944  -0.01942  -0.01913  -0.01887  -0.01867  -0.01838
       -0.01818  -0.01806  -0.01797  -0.01776  -0.01752  -0.01743  -0.01732  -0.01709  -0.01702
       -0.01680  -0.01665  -0.01633  -0.01622  -0.01602  -0.01588  -0.01581  -0.01572  -0.01542
       -0.01532  -0.01513  -0.01504  -0.01489  -0.01475  -0.01465  -0.01461  -0.01438  -0.01430
       -0.01406  -0.01397  -0.01393  -0.01381  -0.01373  -0.01356  -0.01348  -0.01332  -0.01315
       -0.01304  -0.01290  -0.01276  -0.01253  -0.01235  -0.01229  -0.01226  -0.01209  -0.01198
       -0.01189  -0.01180  -0.01174  -0.01159  -0.01150  -0.01147  -0.01137  -0.01125  -0.01118
       -0.01112  -0.01097  -0.01095  -0.01089  -0.01077  -0.01072  -0.01070  -0.01056  -0.01053
       -0.01040  -0.01033  -0.01022  -0.01018  -0.01015  -0.00999  -0.00990  -0.00971  -0.00962
       -0.00960  -0.00953  -0.00948  -0.00943  -0.00929  -0.00920  -0.00914  -0.00913  -0.00907
       -0.00900  -0.00893  -0.00877  -0.00871  -0.00869  -0.00864  -0.00861  -0.00854  -0.00843
       -0.00837  -0.00832  -0.00830  -0.00828  -0.00816  -0.00811  -0.00804  -0.00799  -0.00791
       -0.00789  -0.00782  -0.00777  -0.00764  -0.00757  -0.00754  -0.00743  -0.00736  -0.00728
       -0.00721  -0.00717  -0.00712  -0.00711  -0.00702  -0.00694  -0.00685  -0.00680  -0.00677
       -0.00673  -0.00668  -0.00664  -0.00659  -0.00658  -0.00647  -0.00644  -0.00638  -0.00635
       -0.00632  -0.00619  -0.00617  -0.00604  -0.00602  -0.00595  -0.00593  -0.00592  -0.00584
       -0.00581  -0.00579  -0.00574  -0.00567  -0.00565  -0.00563  -0.00557  -0.00554  -0.00548
       -0.00544  -0.00538  -0.00535  -0.00529  -0.00524  -0.00520  -0.00516  -0.00511  -0.00505
       -0.00504  -0.00500  -0.00494  -0.00491  -0.00483  -0.00482  -0.00480  -0.00477  -0.00472
       -0.00465  -0.00462  -0.00456  -0.00454  -0.00451  -0.00449  -0.00444  -0.00441  -0.00437
       -0.00436  -0.00433  -0.00429  -0.00422  -0.00421  -0.00414  -0.00411  -0.00406  -0.00402
       -0.00399  -0.00398  -0.00393  -0.00390  -0.00382  -0.00381  -0.00377  -0.00375  -0.00370
       -0.00370  -0.00366  -0.00363  -0.00356  -0.00354  -0.00351  -0.00347  -0.00344  -0.00341
       -0.00339  -0.00336  -0.00329  -0.00328  -0.00327  -0.00326  -0.00324  -0.00314  -0.00311
       -0.00310  -0.00306  -0.00301  -0.00297  -0.00293  -0.00292  -0.00287  -0.00284  -0.00281
       -0.00280  -0.00278  -0.00277  -0.00273  -0.00270  -0.00267  -0.00265  -0.00261  -0.00259
       -0.00256  -0.00251  -0.00249  -0.00246  -0.00244  -0.00238  -0.00236  -0.00235  -0.00233
       -0.00227  -0.00225  -0.00219  -0.00217  -0.00214  -0.00210  -0.00210  -0.00204  -0.00201
       -0.00199  -0.00193  -0.00188  -0.00185  -0.00183  -0.00180
        
     --------------------------------------------------------------------------------------------
     Tot. elapsed time 03m-50.5s,  time spent in last iteration 03m-50.5s
     --------------------------------------------------------------------------------------------

     [I/O] -------------------------------------------------------
     [I/O] RESTART written in < 00.1s             
     [I/O] In location   : ./ch3cl_420.wstat.restart
     [I/O] -------------------------------------------------------

                       *----------*              *----------*               *----------*
     #     Iteration = |        1 |   DFPT_dim = |      420 |   Diago_dim = |      840 |
                       *----------*              *----------*               *----------*
     per-process dynamical memory   168.2 Mb
  
       
     --------------------------------------------------------------------------------------------
     Sternheimer eq. solver... with threshold =   1.000000E-12           
     --------------------------------------------------------------------------------------------
     in progress... |#                   | 005% :               13.9s (E)           04m-39.5s (X)
     in progress... |##                  | 010% :               23.1s (E)           03m-51.7s (X)
     in progress... |###                 | 015% :               32.3s (E)           03m-35.7s (X)
     in progress... |####                | 020% :               41.4s (E)           03m-27.3s (X)
     in progress... |#####               | 025% :               50.5s (E)           03m-22.3s (X)
     in progress... |######              | 030% :               59.6s (E)           03m-18.9s (X)
     in progress... |#######             | 035% :           01m-08.8s (E)           03m-16.5s (X)
     in progress... |########            | 040% :           01m-17.9s (E)           03m-14.8s (X)
     in progress... |#########           | 045% :           01m-27.0s (E)           03m-13.3s (X)
     in progress... |##########          | 050% :           01m-36.0s (E)           03m-12.1s (X)
     in progress... |###########         | 055% :           01m-49.6s (E)           03m-19.3s (X)
     in progress... |############        | 060% :           01m-58.6s (E)           03m-17.7s (X)
     in progress... |#############       | 065% :           02m-07.6s (E)           03m-16.3s (X)
     in progress... |##############      | 070% :           02m-16.6s (E)           03m-15.1s (X)
     in progress... |###############     | 075% :           02m-25.6s (E)           03m-14.2s (X)
     in progress... |################    | 080% :           02m-34.6s (E)           03m-13.2s (X)
     in progress... |#################   | 085% :           02m-43.6s (E)           03m-12.5s (X)
     in progress... |##################  | 090% :           02m-52.6s (E)           03m-11.8s (X)
     in progress... |################### | 095% :           03m-01.6s (E)           03m-11.1s (X)
     in progress... |####################| 100% :           03m-10.5s (E)           03m-10.5s (X)
     --------------------------------------------------------------------------------------------
     p-DIAGOX done in 00.5s with a SCALAPACK grid (12x12)
     --------------------------------------------------------------------------------------------
        
       -2.24657  -1.48560  -1.41411  -1.41411  -1.29989  -0.83828  -0.83827  -0.79408  -0.65017
       -0.65013  -0.52629  -0.52278  -0.52278  -0.42621  -0.42238  -0.42237  -0.40644  -0.40642
       -0.39882  -0.39881  -0.38694  -0.34432  -0.34432  -0.32122  -0.31548  -0.31348  -0.28953
       -0.28953  -0.27338  -0.27008  -0.27008  -0.23537  -0.21530  -0.21529  -0.20583  -0.19574
       -0.18440  -0.18432  -0.17183  -0.17182  -0.16899  -0.15427  -0.15427  -0.14300  -0.13662
       -0.13662  -0.11727  -0.11016  -0.11015  -0.10800  -0.10465  -0.10465  -0.09838  -0.09734
       -0.09635  -0.09635  -0.09585  -0.09585  -0.09096  -0.09096  -0.09075  -0.08339  -0.08338
       -0.08210  -0.07980  -0.07980  -0.07894  -0.07869  -0.07522  -0.07324  -0.07324  -0.07293
       -0.06858  -0.06751  -0.06751  -0.06560  -0.06478  -0.06446  -0.06446  -0.05978  -0.05679
       -0.05679  -0.05608  -0.05599  -0.05596  -0.05413  -0.05412  -0.05166  -0.04999  -0.04998
       -0.04654  -0.04637  -0.04636  -0.04547  -0.04460  -0.04460  -0.04432  -0.04420  -0.04420
       -0.04314  -0.04314  -0.04284  -0.04284  -0.04246  -0.04129  -0.04090  -0.04090  -0.03978
       -0.03978  -0.03801  -0.03801  -0.03698  -0.03645  -0.03626  -0.03626  -0.03551  -0.03551
       -0.03464  -0.03463  -0.03360  -0.03360  -0.03293  -0.03210  -0.03209  -0.03172  -0.03126
       -0.03126  -0.03103  -0.03077  -0.03077  -0.02991  -0.02959  -0.02937  -0.02937  -0.02918
       -0.02854  -0.02846  -0.02846  -0.02763  -0.02710  -0.02710  -0.02694  -0.02645  -0.02623
       -0.02623  -0.02534  -0.02534  -0.02471  -0.02455  -0.02406  -0.02406  -0.02381  -0.02342
       -0.02341  -0.02337  -0.02276  -0.02275  -0.02253  -0.02253  -0.02238  -0.02238  -0.02202
       -0.02201  -0.02198  -0.02183  -0.02182  -0.02179  -0.02143  -0.02135  -0.02093  -0.02076
       -0.02076  -0.02025  -0.02024  -0.01995  -0.01994  -0.01959  -0.01958  -0.01923  -0.01922
       -0.01918  -0.01918  -0.01898  -0.01891  -0.01891  -0.01864  -0.01841  -0.01833  -0.01832
       -0.01789  -0.01788  -0.01751  -0.01728  -0.01723  -0.01723  -0.01703  -0.01684  -0.01684
       -0.01683  -0.01668  -0.01667  -0.01641  -0.01641  -0.01610  -0.01610  -0.01608  -0.01585
       -0.01584  -0.01569  -0.01561  -0.01561  -0.01537  -0.01518  -0.01515  -0.01515  -0.01493
       -0.01474  -0.01472  -0.01428  -0.01426  -0.01417  -0.01416  -0.01394  -0.01392  -0.01384
       -0.01366  -0.01364  -0.01360  -0.01359  -0.01358  -0.01340  -0.01337  -0.01334  -0.01318
       -0.01303  -0.01293  -0.01293  -0.01292  -0.01289  -0.01287  -0.01273  -0.01272  -0.01270
       -0.01266  -0.01256  -0.01241  -0.01240  -0.01230  -0.01226  -0.01224  -0.01221  -0.01208
       -0.01206  -0.01190  -0.01188  -0.01183  -0.01175  -0.01172  -0.01159  -0.01157  -0.01154
       -0.01143  -0.01140  -0.01134  -0.01132  -0.01130  -0.01112  -0.01107  -0.01103  -0.01100
       -0.01098  -0.01087  -0.01086  -0.01067  -0.01057  -0.01056  -0.01051  -0.01048  -0.01044
       -0.01028  -0.01024  -0.01022  -0.01017  -0.01014  -0.01010  -0.00994  -0.00992  -0.00990
       -0.00973  -0.00972  -0.00970  -0.00964  -0.00962  -0.00961  -0.00958  -0.00955  -0.00946
       -0.00945  -0.00939  -0.00936  -0.00931  -0.00922  -0.00917  -0.00916  -0.00911  -0.00908
       -0.00901  -0.00901  -0.00899  -0.00893  -0.00886  -0.00867  -0.00863  -0.00863  -0.00859
       -0.00855  -0.00851  -0.00849  -0.00843  -0.00840  -0.00837  -0.00835  -0.00831  -0.00826
       -0.00820  -0.00819  -0.00812  -0.00806  -0.00801  -0.00796  -0.00792  -0.00790  -0.00788
       -0.00782  -0.00781  -0.00778  -0.00776  -0.00775  -0.00772  -0.00770  -0.00768  -0.00763
       -0.00760  -0.00757  -0.00757  -0.00755  -0.00751  -0.00748  -0.00745  -0.00740  -0.00737
       -0.00733  -0.00728  -0.00724  -0.00720  -0.00719  -0.00711  -0.00708  -0.00701  -0.00699
       -0.00696  -0.00693  -0.00688  -0.00685  -0.00685  -0.00681  -0.00679  -0.00678  -0.00674
       -0.00669  -0.00669  -0.00667  -0.00666  -0.00664  -0.00662  -0.00657  -0.00655  -0.00653
       -0.00648  -0.00645  -0.00644  -0.00641  -0.00640  -0.00638  -0.00635  -0.00632  -0.00629
       -0.00626  -0.00621  -0.00614  -0.00612  -0.00611  -0.00610  -0.00606  -0.00605  -0.00600
       -0.00599  -0.00598  -0.00596  -0.00593  -0.00590  -0.00587  -0.00585  -0.00580  -0.00580
       -0.00578  -0.00577  -0.00575  -0.00570  -0.00569  -0.00567  -0.00562  -0.00557  -0.00556
       -0.00552  -0.00551  -0.00546  -0.00545  -0.00541  -0.00539
        
     --------------------------------------------------------------------------------------------
     Tot. elapsed time 08m-52.0s,  time spent in last iteration 03m-45.2s
     --------------------------------------------------------------------------------------------

     [I/O] -------------------------------------------------------
     [I/O] RESTART written in < 00.1s             
     [I/O] In location   : ./ch3cl_420.wstat.restart
     [I/O] -------------------------------------------------------

                       *----------*              *----------*               *----------*
     #     Iteration = |        2 |   DFPT_dim = |      371 |   Diago_dim = |     1211 |
                       *----------*              *----------*               *----------*
     per-process dynamical memory   168.2 Mb
  
       
     --------------------------------------------------------------------------------------------
     Sternheimer eq. solver... with threshold =   1.000000E-12           
     --------------------------------------------------------------------------------------------
     in progress... |#                   | 005% :               09.0s (E)           03m-00.1s (X)
     in progress... |##                  | 010% :               18.0s (E)           03m-00.0s (X)
     in progress... |###                 | 015% :               26.8s (E)           02m-59.3s (X)
     in progress... |####                | 020% :               35.8s (E)           02m-59.4s (X)
     in progress... |#####               | 025% :               44.7s (E)           02m-59.1s (X)
     in progress... |######              | 030% :               53.6s (E)           02m-58.9s (X)
     in progress... |#######             | 035% :           01m-02.5s (E)           02m-58.7s (X)
     in progress... |########            | 040% :           01m-11.5s (E)           02m-58.7s (X)
     in progress... |#########           | 045% :           01m-20.4s (E)           02m-58.6s (X)
     in progress... |##########          | 050% :           01m-24.8s (E)           02m-49.7s (X)
     in progress... |###########         | 055% :           01m-33.7s (E)           02m-50.5s (X)
     in progress... |############        | 060% :           01m-42.6s (E)           02m-51.0s (X)
     in progress... |#############       | 065% :           01m-51.4s (E)           02m-51.4s (X)
     in progress... |##############      | 070% :           02m-00.2s (E)           02m-51.8s (X)
     in progress... |###############     | 075% :           02m-09.0s (E)           02m-52.1s (X)
     in progress... |################    | 080% :           02m-17.8s (E)           02m-52.3s (X)
     in progress... |#################   | 085% :           02m-26.7s (E)           02m-52.6s (X)
     in progress... |##################  | 090% :           02m-35.5s (E)           02m-52.8s (X)
     in progress... |################### | 095% :           02m-44.3s (E)           02m-53.0s (X)
     in progress... |####################| 100% :           02m-48.8s (E)           02m-48.8s (X)
     --------------------------------------------------------------------------------------------
     p-DIAGOX done in 00.7s with a SCALAPACK grid (12x12)
     --------------------------------------------------------------------------------------------
        
       -2.24657  -1.48560  -1.41411  -1.41411  -1.29989  -0.83828  -0.83827  -0.79408  -0.65017
       -0.65013  -0.52629  -0.52278  -0.52278  -0.42621  -0.42238  -0.42237  -0.40644  -0.40642
       -0.39882  -0.39881  -0.38694  -0.34432  -0.34432  -0.32122  -0.31548  -0.31348  -0.28953
       -0.28953  -0.27338  -0.27008  -0.27008  -0.23537  -0.21530  -0.21529  -0.20583  -0.19574
       -0.18440  -0.18432  -0.17183  -0.17182  -0.16899  -0.15427  -0.15427  -0.14300  -0.13662
       -0.13662  -0.11727  -0.11016  -0.11015  -0.10800  -0.10465  -0.10465  -0.09838  -0.09734
       -0.09635  -0.09635  -0.09585  -0.09585  -0.09096  -0.09096  -0.09075  -0.08339  -0.08339
       -0.08210  -0.07980  -0.07980  -0.07894  -0.07869  -0.07522  -0.07324  -0.07324  -0.07293
       -0.06858  -0.06751  -0.06751  -0.06560  -0.06478  -0.06446  -0.06446  -0.05978  -0.05679
       -0.05679  -0.05608  -0.05599  -0.05596  -0.05413  -0.05412  -0.05166  -0.04999  -0.04998
       -0.04654  -0.04637  -0.04637  -0.04547  -0.04460  -0.04460  -0.04432  -0.04421  -0.04421
       -0.04314  -0.04314  -0.04284  -0.04284  -0.04246  -0.04129  -0.04091  -0.04091  -0.03978
       -0.03978  -0.03802  -0.03802  -0.03698  -0.03646  -0.03626  -0.03626  -0.03551  -0.03551
       -0.03464  -0.03464  -0.03360  -0.03360  -0.03293  -0.03210  -0.03210  -0.03173  -0.03127
       -0.03127  -0.03104  -0.03078  -0.03078  -0.02992  -0.02960  -0.02938  -0.02938  -0.02919
       -0.02855  -0.02847  -0.02847  -0.02765  -0.02711  -0.02711  -0.02695  -0.02647  -0.02624
       -0.02624  -0.02535  -0.02535  -0.02472  -0.02457  -0.02407  -0.02407  -0.02382  -0.02343
       -0.02343  -0.02340  -0.02278  -0.02277  -0.02254  -0.02254  -0.02240  -0.02240  -0.02203
       -0.02203  -0.02200  -0.02185  -0.02185  -0.02181  -0.02146  -0.02138  -0.02097  -0.02078
       -0.02078  -0.02027  -0.02027  -0.01997  -0.01997  -0.01962  -0.01962  -0.01925  -0.01925
       -0.01921  -0.01921  -0.01902  -0.01895  -0.01895  -0.01868  -0.01844  -0.01836  -0.01836
       -0.01792  -0.01792  -0.01755  -0.01732  -0.01726  -0.01726  -0.01708  -0.01691  -0.01687
       -0.01687  -0.01673  -0.01673  -0.01647  -0.01647  -0.01614  -0.01613  -0.01613  -0.01590
       -0.01590  -0.01575  -0.01569  -0.01569  -0.01545  -0.01525  -0.01524  -0.01524  -0.01501
       -0.01482  -0.01482  -0.01435  -0.01435  -0.01424  -0.01424  -0.01402  -0.01402  -0.01393
       -0.01373  -0.01373  -0.01367  -0.01367  -0.01367  -0.01349  -0.01345  -0.01345  -0.01327
       -0.01312  -0.01302  -0.01301  -0.01301  -0.01298  -0.01298  -0.01281  -0.01281  -0.01280
       -0.01277  -0.01269  -0.01251  -0.01251  -0.01241  -0.01236  -0.01235  -0.01235  -0.01221
       -0.01221  -0.01202  -0.01202  -0.01200  -0.01188  -0.01185  -0.01172  -0.01172  -0.01167
       -0.01155  -0.01152  -0.01148  -0.01144  -0.01144  -0.01123  -0.01121  -0.01120  -0.01113
       -0.01113  -0.01100  -0.01100  -0.01080  -0.01072  -0.01072  -0.01065  -0.01065  -0.01062
       -0.01044  -0.01040  -0.01040  -0.01038  -0.01026  -0.01026  -0.01012  -0.01009  -0.01009
       -0.00993  -0.00993  -0.00984  -0.00983  -0.00983  -0.00982  -0.00981  -0.00980  -0.00974
       -0.00966  -0.00966  -0.00964  -0.00950  -0.00950  -0.00941  -0.00940  -0.00934  -0.00934
       -0.00928  -0.00922  -0.00920  -0.00920  -0.00911  -0.00888  -0.00888  -0.00885  -0.00884
       -0.00884  -0.00879  -0.00879  -0.00877  -0.00870  -0.00867  -0.00867  -0.00855  -0.00855
       -0.00846  -0.00846  -0.00840  -0.00834  -0.00834  -0.00823  -0.00822  -0.00822  -0.00819
       -0.00815  -0.00815  -0.00808  -0.00804  -0.00803  -0.00803  -0.00799  -0.00797  -0.00796
       -0.00794  -0.00790  -0.00790  -0.00789  -0.00788  -0.00788  -0.00783  -0.00783  -0.00782
       -0.00781  -0.00781  -0.00761  -0.00761  -0.00755  -0.00755  -0.00753  -0.00739  -0.00736
       -0.00734  -0.00734  -0.00731  -0.00725  -0.00723  -0.00723  -0.00721  -0.00720  -0.00719
       -0.00715  -0.00714  -0.00713  -0.00710  -0.00704  -0.00704  -0.00702  -0.00699  -0.00694
       -0.00693  -0.00692  -0.00691  -0.00685  -0.00683  -0.00683  -0.00683  -0.00680  -0.00680
       -0.00673  -0.00671  -0.00664  -0.00662  -0.00657  -0.00657  -0.00656  -0.00649  -0.00645
       -0.00645  -0.00644  -0.00644  -0.00643  -0.00643  -0.00643  -0.00642  -0.00640  -0.00634
       -0.00632  -0.00630  -0.00626  -0.00625  -0.00624  -0.00624  -0.00617  -0.00614  -0.00613
       -0.00608  -0.00605  -0.00604  -0.00604  -0.00601  -0.00598
        
     --------------------------------------------------------------------------------------------
     Tot. elapsed time 14m-42.5s,  time spent in last iteration 03m-20.2s
     --------------------------------------------------------------------------------------------

     [I/O] -------------------------------------------------------
     [I/O] RESTART written in < 00.1s             
     [I/O] In location   : ./ch3cl_420.wstat.restart
     [I/O] -------------------------------------------------------

                       *----------*              *----------*               *----------*
     #     Iteration = |        3 |   DFPT_dim = |        9 |   Diago_dim = |     1220 |
                       *----------*              *----------*               *----------*
     per-process dynamical memory   169.7 Mb
  
       
     --------------------------------------------------------------------------------------------
     Sternheimer eq. solver... with threshold =   1.000000E-12           
     --------------------------------------------------------------------------------------------
     in progress... |####################| 100% :             < 00.1s (E)             < 00.1s (X)
     --------------------------------------------------------------------------------------------
     p-DIAGOX done in 00.7s with a SCALAPACK grid (12x12)
     --------------------------------------------------------------------------------------------
        
       -2.24657  -1.48560  -1.41411  -1.41411  -1.29989  -0.83828  -0.83827  -0.79408  -0.65017
       -0.65013  -0.52629  -0.52278  -0.52278  -0.42621  -0.42238  -0.42237  -0.40644  -0.40642
       -0.39882  -0.39881  -0.38694  -0.34432  -0.34432  -0.32122  -0.31548  -0.31348  -0.28953
       -0.28953  -0.27338  -0.27008  -0.27008  -0.23537  -0.21530  -0.21529  -0.20583  -0.19574
       -0.18440  -0.18432  -0.17183  -0.17182  -0.16899  -0.15427  -0.15427  -0.14300  -0.13662
       -0.13662  -0.11727  -0.11016  -0.11015  -0.10800  -0.10465  -0.10465  -0.09838  -0.09734
       -0.09635  -0.09635  -0.09585  -0.09585  -0.09096  -0.09096  -0.09075  -0.08339  -0.08339
       -0.08210  -0.07980  -0.07980  -0.07894  -0.07869  -0.07522  -0.07324  -0.07324  -0.07293
       -0.06858  -0.06751  -0.06751  -0.06560  -0.06478  -0.06446  -0.06446  -0.05978  -0.05679
       -0.05679  -0.05608  -0.05599  -0.05596  -0.05413  -0.05412  -0.05166  -0.04999  -0.04998
       -0.04654  -0.04637  -0.04637  -0.04547  -0.04460  -0.04460  -0.04432  -0.04421  -0.04421
       -0.04314  -0.04314  -0.04284  -0.04284  -0.04246  -0.04129  -0.04091  -0.04091  -0.03978
       -0.03978  -0.03802  -0.03802  -0.03698  -0.03646  -0.03626  -0.03626  -0.03551  -0.03551
       -0.03464  -0.03464  -0.03360  -0.03360  -0.03293  -0.03210  -0.03210  -0.03173  -0.03127
       -0.03127  -0.03104  -0.03078  -0.03078  -0.02992  -0.02960  -0.02938  -0.02938  -0.02919
       -0.02855  -0.02847  -0.02847  -0.02765  -0.02711  -0.02711  -0.02695  -0.02647  -0.02624
       -0.02624  -0.02535  -0.02535  -0.02472  -0.02457  -0.02407  -0.02407  -0.02382  -0.02343
       -0.02343  -0.02340  -0.02278  -0.02277  -0.02254  -0.02254  -0.02240  -0.02240  -0.02203
       -0.02203  -0.02200  -0.02185  -0.02185  -0.02181  -0.02146  -0.02138  -0.02097  -0.02078
       -0.02078  -0.02027  -0.02027  -0.01997  -0.01997  -0.01962  -0.01962  -0.01925  -0.01925
       -0.01921  -0.01921  -0.01902  -0.01895  -0.01895  -0.01868  -0.01844  -0.01836  -0.01836
       -0.01792  -0.01792  -0.01755  -0.01732  -0.01726  -0.01726  -0.01708  -0.01691  -0.01687
       -0.01687  -0.01673  -0.01673  -0.01647  -0.01647  -0.01614  -0.01613  -0.01613  -0.01590
       -0.01590  -0.01575  -0.01569  -0.01569  -0.01545  -0.01525  -0.01524  -0.01524  -0.01501
       -0.01482  -0.01482  -0.01435  -0.01435  -0.01424  -0.01424  -0.01402  -0.01402  -0.01393
       -0.01373  -0.01373  -0.01367  -0.01367  -0.01367  -0.01349  -0.01345  -0.01345  -0.01327
       -0.01312  -0.01302  -0.01301  -0.01301  -0.01298  -0.01298  -0.01281  -0.01281  -0.01280
       -0.01277  -0.01269  -0.01251  -0.01251  -0.01241  -0.01236  -0.01235  -0.01235  -0.01221
       -0.01221  -0.01202  -0.01202  -0.01200  -0.01188  -0.01185  -0.01172  -0.01172  -0.01167
       -0.01155  -0.01152  -0.01148  -0.01144  -0.01144  -0.01123  -0.01121  -0.01121  -0.01113
       -0.01113  -0.01100  -0.01100  -0.01080  -0.01072  -0.01072  -0.01065  -0.01065  -0.01062
       -0.01044  -0.01040  -0.01040  -0.01038  -0.01026  -0.01026  -0.01012  -0.01009  -0.01009
       -0.00993  -0.00993  -0.00984  -0.00984  -0.00983  -0.00982  -0.00982  -0.00980  -0.00974
       -0.00966  -0.00966  -0.00964  -0.00950  -0.00950  -0.00941  -0.00940  -0.00934  -0.00934
       -0.00928  -0.00922  -0.00920  -0.00920  -0.00912  -0.00888  -0.00888  -0.00885  -0.00884
       -0.00884  -0.00879  -0.00879  -0.00877  -0.00870  -0.00867  -0.00867  -0.00855  -0.00855
       -0.00846  -0.00846  -0.00840  -0.00834  -0.00834  -0.00823  -0.00822  -0.00822  -0.00819
       -0.00815  -0.00815  -0.00808  -0.00804  -0.00803  -0.00803  -0.00799  -0.00797  -0.00796
       -0.00795  -0.00790  -0.00790  -0.00789  -0.00788  -0.00788  -0.00783  -0.00783  -0.00782
       -0.00781  -0.00781  -0.00761  -0.00761  -0.00755  -0.00755  -0.00753  -0.00739  -0.00736
       -0.00734  -0.00734  -0.00732  -0.00725  -0.00723  -0.00723  -0.00721  -0.00720  -0.00719
       -0.00715  -0.00714  -0.00713  -0.00710  -0.00704  -0.00704  -0.00702  -0.00699  -0.00694
       -0.00693  -0.00692  -0.00692  -0.00685  -0.00683  -0.00683  -0.00683  -0.00680  -0.00680
       -0.00674  -0.00671  -0.00664  -0.00663  -0.00657  -0.00657  -0.00656  -0.00649  -0.00645
       -0.00645  -0.00644  -0.00644  -0.00644  -0.00643  -0.00643  -0.00642  -0.00642  -0.00634
       -0.00632  -0.00631  -0.00627  -0.00626  -0.00626  -0.00624  -0.00617  -0.00616  -0.00616
       -0.00611  -0.00608  -0.00608  -0.00606  -0.00605  -0.00602
        
     --------------------------------------------------------------------------------------------
     Tot. elapsed time 18m-32.2s,  time spent in last iteration 11.4s
     --------------------------------------------------------------------------------------------
      
     --------------------------------------------------------------------------------------------
     Database written in 36.5s               
     In location : ./ch3cl_420.wstat.save
     --------------------------------------------------------------------------------------------
       
     --------------------------------------------------------------------------------------------
     Convergence achieved !!! in        3 steps                          
     --------------------------------------------------------------------------------------------
 
     WSTAT        : 12m38.08s CPU    20m 0.32s WALL

     wstat_readin :      6.10s CPU     40.51s WALL (       1 calls)
     fetch_nml    :      0.00s CPU      0.00s WALL (       1 calls)
     read_xml     :      1.37s CPU      1.65s WALL (       1 calls)
     init_vloc    :      0.16s CPU      0.16s WALL (       2 calls)
     fft          :      0.26s CPU      0.28s WALL (      11 calls)
     fft_scatter  :    112.18s CPU    112.78s WALL (   34433 calls)
     v_of_rho     :      0.30s CPU      0.31s WALL (       1 calls)
     v_xc         :      0.26s CPU      0.28s WALL (       1 calls)
     v_h          :      0.03s CPU      0.04s WALL (       1 calls)
     read_wave    :      4.71s CPU     38.69s WALL (       1 calls)
     davcio       :      0.00s CPU      2.34s WALL (       2 calls)
     init_us_1    :      0.02s CPU      0.02s WALL (       2 calls)
     do_setup     :      0.20s CPU      0.22s WALL (       1 calls)
     init_pw_ar   :      0.20s CPU      0.21s WALL (       1 calls)
     init_at_1    :      0.00s CPU      0.00s WALL (       1 calls)
     storesqvc    :      0.01s CPU      0.01s WALL (       1 calls)
     chidiago     :    751.74s CPU   1159.54s WALL (       1 calls)
     randomize    :      0.96s CPU      0.97s WALL (       1 calls)
     paramgs      :     13.07s CPU     13.18s WALL (       5 calls)
     dfpt         :    549.54s CPU    553.24s WALL (       5 calls)
     init_us_2    :      0.02s CPU      0.02s WALL (       5 calls)
     fftw         :    316.38s CPU    318.44s WALL (   34422 calls)
     alphapc      :      0.35s CPU      0.34s WALL (     164 calls)
     wstat_restar :    148.23s CPU    519.79s WALL (       4 calls)
     linstern     :    447.60s CPU    450.56s WALL (     122 calls)
     stern        :    430.78s CPU    433.56s WALL (    4816 calls)
     h_psi_bgrp   :    421.06s CPU    423.94s WALL (    4816 calls)
     h_psi        :    421.04s CPU    423.93s WALL (    4816 calls)
     h_psi:pot    :    418.86s CPU    421.64s WALL (    4816 calls)
     vloc_psi     :    389.53s CPU    392.10s WALL (    4816 calls)
     h_psi:calbec :     16.28s CPU     15.49s WALL (    4816 calls)
     calbec       :     16.27s CPU     15.47s WALL (    4816 calls)
     add_vuspsi   :     13.00s CPU     14.01s WALL (    4816 calls)
     alphapv      :      6.51s CPU      6.42s WALL (    4816 calls)
     build_hr     :      7.62s CPU      7.84s WALL (       4 calls)
     diagox       :      2.31s CPU      2.34s WALL (       4 calls)
     redistr_vr   :      0.31s CPU      0.33s WALL (       3 calls)
     update_vr    :     13.55s CPU     13.91s WALL (       3 calls)
     symm_hr      :      0.31s CPU      0.33s WALL (       3 calls)
     chidiago:las :      0.00s CPU      0.00s WALL (       1 calls)
     refresh_vr   :      5.00s CPU      5.07s WALL (       1 calls)
     pdep_db      :     10.53s CPU     36.57s WALL (       1 calls)
 
     WSTAT        : 12m38.08s CPU    20m 0.32s WALL

 
   This run was terminated on:  13:10:25  28Apr2018            

=------------------------------------------------------------------------------=
   JOB DONE.
=------------------------------------------------------------------------------=
