
     Program WSTAT v. 2.0.0 starts on 28Apr2018 at 12:31:40 

     This program is part of the open-source West suite
     for massively parallel calculations of excited states in materials; please cite
         "M. Govoni et al., J. Chem. Theory Comput. 11, 2680 (2015);
          URL http://www.west-code.org", 
     in publications or presentations arising from this work.

     Based on the Quantum ESPRESSO v. 6.1 svn rev. 13369
       
     --------------------------------------------------------------------------------------------
     **MPI** Parallelization Status                                      
     --------------------------------------------------------------------------------------------
                   160                  10             1             1            16
     --------------------------------------------------------------------------------------------
                     N         =         I      X      P      X      B      X      Z
                     ^                   ^             ^             ^             ^
                     |                   |             |             |             |
                   #rnk                  |             |             |             |
                                      #image           |             |             |
                                                     #pool           |             |
                                                                   #bgrp           |
                                                                                 #R&G
     --------------------------------------------------------------------------------------------
     **OPENMP** Parallelization Status
     #thr/rnk               =            1
     --------------------------------------------------------------------------------------------
     #prc = (rnk) * (thr) =          160
     --------------------------------------------------------------------------------------------
       
     --------------------------------------------------------------------------------------------
     I/O Summary : input_west                                            
     --------------------------------------------------------------------------------------------
     qe_prefix      = ch3cl
     west_prefix    = ch3cl
     outdir         = ./
     --------------------------------------------------------------------------------------------
       
     --------------------------------------------------------------------------------------------
     I/O Summary : wstat_control                                         
     --------------------------------------------------------------------------------------------
     wstat_calculation              =              S
     n_pdep_eigen                   =             20
     n_kin_pdep_eigen               =            400
     n_lindhard_eigen               =              0
     n_pdep_times                   =              4
     n_pdep_maxiter                 =            100
     n_dfpt_maxiter                 =            250
     n_pdep_read_from_file          =              0
     trev_pdep                      =   1.000000E-03
     trev_pdep_rel                  =   1.000000E-01
     tr2_dfpt                       =   1.000000E-12
     l_kinetic_only                 =              F
     l_minimize_exx_if_active       =              F
     l_use_ecutrho                  =              F
     l_pure_eigen                   =              F
     --------------------------------------------------------------------------------------------

     Reading data from directory:
     ./ch3cl.save

   Info: using nr1, nr2, nr3 values from input

   Info: using nr1, nr2, nr3 values from input

     IMPORTANT: XC functional enforced from input :
     Exchange-correlation      = PBE ( 1  4  3  4 0 0)
     Any further DFT definition will be discarded
     Please, verify this is what you really want

     Message from routine readpp:
     file ./ch3cl.save/C_ONCV_PBE-1.0.upf not found
     Message from routine readpp:
     file ./ch3cl.save/Cl_ONCV_PBE-1.0.upf not found
     Message from routine readpp:
     file ./ch3cl.save/H_ONCV_PBE-1.0.upf not found
 
     Parallelization info
     --------------------
     sticks:   dense  smooth     PW     G-vecs:    dense   smooth      PW
     Min        1520    1520    379               178660   178660   22323
     Max        1522    1522    384               178666   178666   22328
     Sum       24345   24345   6093              2858633  2858633  357213
 
       
     --------------------------------------------------------------------------------------------
     System Overview                                                     
     --------------------------------------------------------------------------------------------
     gamma_only           =              T
     ecutwfc [Ry]         =      85.000000
     omega [au^3]         =   2.700000E+04
     glob. #G             =         178607
     nbnd                 =            100
     nkstot               =              1
     nspin                =              1
     nelec                =      14.000000
     npol                 =              1
     lsda                 =              F
     noncolin             =              F
     lspinorb             =              F
     domag                =              F
     --------------------------------------------------------------------------------------------

     sFFT G-space:  1429317 G-vectors     R-space: ( 180, 180, 180)
     dFFT G-space:  1429317 G-vectors     R-space: ( 180, 180, 180)

     Cell [a.u.]          =      30.000000      0.000000      0.000000
                          =       0.000000     30.000000      0.000000
                          =       0.000000      0.000000     30.000000
      
     number of ks points=     1
                       cart. coord. in units 2pi/alat
        k(    1) = (   0.0000000   0.0000000   0.0000000), wk =   2.0000000

                       cryst. coord.
        k(    1) = (   0.0000000   0.0000000   0.0000000), wk =   2.0000000
 
     Spherical div        =   1.654268E-01
     Orthorombic div      =   1.628502E-01
       
     --------------------------------------------------------------------------------------------
     Parallelization for nvecx                                           
     --------------------------------------------------------------------------------------------
     nglob                =             80
     nlevel               =             10
     Min nglob/nlevel     =              8
     Max nglob/nlevel     =              8
     --------------------------------------------------------------------------------------------

     [MEM] ----------------------------------------------------------
     [MEM] **Memory** analysis: QE
     [MEM] ----------------------------------------------------------
     [MEM] Allocated arrays           est. size (Mb)     dimensions
     [MEM] ----------------------------------------------------------
     [MEM] Kohn-Sham Wavefunctions      17.03 Mb     (  11164,  100)
     [MEM] NL pseudopotentials           3.75 Mb     (  11164,   22)
     [MEM] Each V/rho on FFT grid        5.93 Mb     ( 388800)
     [MEM] Each G-vector array           0.68 Mb     (  89333)
     [MEM] G-vector shells               0.05 Mb     (   6125)
     [MEM] ----------------------------------------------------------
     [MEM] TOT                          27.44 Mb
     [MEM] ----------------------------------------------------------
     [MEM] 
     [MEM] ----------------------------------------------------------
     [MEM] **Memory** analysis: WSTAT global
     [MEM] ----------------------------------------------------------
     [MEM] Allocated arrays           est. size (Mb)     dimensions
     [MEM] ----------------------------------------------------------
     [MEM] dvg                           1.36 Mb     (  11164,    8)
     [MEM] dng                           1.36 Mb     (  11164,    8)
     [MEM] hr_distr                      0.00 Mb     (     80,    8)
     [MEM] vr_distr                      0.00 Mb     (     80,    8)
     [MEM] ----------------------------------------------------------
     [MEM] TOT                           2.74 Mb
     [MEM] ----------------------------------------------------------
     [MEM] 
     [MEM] ----------------------------------------------------------
     [MEM] **Memory** analysis: WSTAT temporary
     [MEM] ----------------------------------------------------------
     [MEM] Allocated arrays           est. size (Mb)     dimensions
     [MEM] ----------------------------------------------------------
     [MEM] dvpsi                         1.19 Mb     (  11164,    7)
     [MEM] dpsi                          1.19 Mb     (  11164,    7)
     [MEM] ----------------------------------------------------------
     [MEM] Total estimate                2.38 Mb
     [MEM] ----------------------------------------------------------

                       *----------*              *----------*               *----------*
     #     Iteration = | starting |   DFPT_dim = |       20 |   Diago_dim = |       20 |  x 1/2
                       *----------*              *----------*               *----------*
     per-process dynamical memory   119.4 Mb
  
       
     --------------------------------------------------------------------------------------------
     Sternheimer eq. solver... with lite-solver                          
     --------------------------------------------------------------------------------------------
     in progress... |##########          | 050% :               00.2s (E)               00.5s (X)
     in progress... |####################| 100% :               00.5s (E)               00.5s (X)
     --------------------------------------------------------------------------------------------

     [I/O] -------------------------------------------------------
     [I/O] RESTART written in < 00.1s             
     [I/O] In location   : ./ch3cl_20_400.wstat.restart
     [I/O] -------------------------------------------------------

                       *----------*              *----------*               *----------*
     #     Iteration = | starting |   DFPT_dim = |       20 |   Diago_dim = |       20 |  x 2/2
                       *----------*              *----------*               *----------*
     per-process dynamical memory   121.7 Mb
  
       
     --------------------------------------------------------------------------------------------
     Sternheimer eq. solver... with threshold =   1.000000E-06           
     --------------------------------------------------------------------------------------------
     in progress... |##########          | 050% :               03.1s (E)               06.3s (X)
     in progress... |####################| 100% :               06.2s (E)               06.2s (X)
     --------------------------------------------------------------------------------------------
     p-DIAGOX done in 00.2s with a SCALAPACK grid (2x2)
     --------------------------------------------------------------------------------------------
        
       -2.01352  -1.34041  -1.30286  -1.05204  -0.89131  -0.76942  -0.72036  -0.57446  -0.48853
       -0.44551  -0.37776  -0.35304  -0.31403  -0.31084  -0.29581  -0.28105  -0.23806  -0.21781
       -0.17971  -0.07731
        
     --------------------------------------------------------------------------------------------
     Tot. elapsed time 11.9s,  time spent in last iteration 11.9s
     --------------------------------------------------------------------------------------------

     [I/O] -------------------------------------------------------
     [I/O] RESTART written in < 00.1s             
     [I/O] In location   : ./ch3cl_20_400.wstat.restart
     [I/O] -------------------------------------------------------

                       *----------*              *----------*               *----------*
     #     Iteration = |        1 |   DFPT_dim = |       20 |   Diago_dim = |       40 |
                       *----------*              *----------*               *----------*
     per-process dynamical memory   121.7 Mb
  
       
     --------------------------------------------------------------------------------------------
     Sternheimer eq. solver... with threshold =   1.000000E-12           
     --------------------------------------------------------------------------------------------
     in progress... |##########          | 050% :               04.8s (E)               09.6s (X)
     in progress... |####################| 100% :               09.6s (E)               09.6s (X)
     --------------------------------------------------------------------------------------------
     p-DIAGOX done in < 00.1s with a SCALAPACK grid (2x2)
     --------------------------------------------------------------------------------------------
        
       -2.24513  -1.48001  -1.41380  -1.41287  -1.29352  -0.83682  -0.83302  -0.78493  -0.64272
       -0.63564  -0.50687  -0.50278  -0.47392  -0.40769  -0.40139  -0.39753  -0.39639  -0.37180
       -0.35876  -0.32278
        
     --------------------------------------------------------------------------------------------
     Tot. elapsed time 26.9s,  time spent in last iteration 11.2s
     --------------------------------------------------------------------------------------------

     [I/O] -------------------------------------------------------
     [I/O] RESTART written in < 00.1s             
     [I/O] In location   : ./ch3cl_20_400.wstat.restart
     [I/O] -------------------------------------------------------

                       *----------*              *----------*               *----------*
     #     Iteration = |        2 |   DFPT_dim = |       20 |   Diago_dim = |       60 |
                       *----------*              *----------*               *----------*
     per-process dynamical memory   121.7 Mb
  
       
     --------------------------------------------------------------------------------------------
     Sternheimer eq. solver... with threshold =   1.000000E-12           
     --------------------------------------------------------------------------------------------
     in progress... |##########          | 050% :               04.8s (E)               09.6s (X)
     in progress... |####################| 100% :               09.5s (E)               09.5s (X)
     --------------------------------------------------------------------------------------------
     p-DIAGOX done in < 00.1s with a SCALAPACK grid (2x2)
     --------------------------------------------------------------------------------------------
        
       -2.24657  -1.48559  -1.41411  -1.41410  -1.29986  -0.83826  -0.83822  -0.79394  -0.64995
       -0.64987  -0.52502  -0.52145  -0.52117  -0.42163  -0.42126  -0.41945  -0.40593  -0.40386
       -0.39527  -0.38652
        
     --------------------------------------------------------------------------------------------
     Tot. elapsed time 45.1s,  time spent in last iteration 11.0s
     --------------------------------------------------------------------------------------------

     [I/O] -------------------------------------------------------
     [I/O] RESTART written in < 00.1s             
     [I/O] In location   : ./ch3cl_20_400.wstat.restart
     [I/O] -------------------------------------------------------

                       *----------*              *----------*               *----------*
     #     Iteration = |        3 |   DFPT_dim = |       19 |   Diago_dim = |       79 |
                       *----------*              *----------*               *----------*
     per-process dynamical memory   121.7 Mb
  
       
     --------------------------------------------------------------------------------------------
     Sternheimer eq. solver... with threshold =   1.000000E-12           
     --------------------------------------------------------------------------------------------
     in progress... |##########          | 050% :               04.7s (E)               09.5s (X)
     in progress... |####################| 100% :               09.5s (E)               09.5s (X)
     --------------------------------------------------------------------------------------------
     p-DIAGOX done in < 00.1s with a SCALAPACK grid (2x2)
     --------------------------------------------------------------------------------------------
        
       -2.24657  -1.48560  -1.41411  -1.41411  -1.29989  -0.83828  -0.83827  -0.79408  -0.65016
       -0.65013  -0.52627  -0.52277  -0.52275  -0.42613  -0.42234  -0.42229  -0.40642  -0.40635
       -0.39878  -0.39823
        
     --------------------------------------------------------------------------------------------
     Tot. elapsed time 01m-07.5s,  time spent in last iteration 11.1s
     --------------------------------------------------------------------------------------------

       Refresh the basis set

     [I/O] -------------------------------------------------------
     [I/O] RESTART written in < 00.1s             
     [I/O] In location   : ./ch3cl_20_400.wstat.restart
     [I/O] -------------------------------------------------------

                       *----------*              *----------*               *----------*
     #     Iteration = |        4 |   DFPT_dim = |        9 |   Diago_dim = |       29 |
                       *----------*              *----------*               *----------*
     per-process dynamical memory   121.7 Mb
  
       
     --------------------------------------------------------------------------------------------
     Sternheimer eq. solver... with threshold =   1.000000E-12           
     --------------------------------------------------------------------------------------------
     in progress... |####################| 100% :               04.7s (E)               04.7s (X)
     --------------------------------------------------------------------------------------------
     p-DIAGOX done in < 00.1s with a SCALAPACK grid (2x2)
     --------------------------------------------------------------------------------------------
        
       -2.24657  -1.48560  -1.41411  -1.41411  -1.29989  -0.83828  -0.83827  -0.79408  -0.65017
       -0.65013  -0.52629  -0.52278  -0.52278  -0.42620  -0.42237  -0.42237  -0.40643  -0.40642
       -0.39881  -0.39875
        
     --------------------------------------------------------------------------------------------
     Tot. elapsed time 01m-17.1s,  time spent in last iteration 05.6s
     --------------------------------------------------------------------------------------------
      
     --------------------------------------------------------------------------------------------
     Database written in 01.7s               
     In location : ./ch3cl_20_400.wstat.save
     --------------------------------------------------------------------------------------------
       
     --------------------------------------------------------------------------------------------
     Convergence achieved !!! in        4 steps                          
     --------------------------------------------------------------------------------------------
       
     --------------------------------------------------------------------------------------------
     ** Now compute kinetic eigenpotentials **                           
     --------------------------------------------------------------------------------------------
       
     --------------------------------------------------------------------------------------------
     Parallelization for newnvecx                                        
     --------------------------------------------------------------------------------------------
     nglob                =           1600
     nlevel               =             10
     Min nglob/nlevel     =            160
     Max nglob/nlevel     =            160
     --------------------------------------------------------------------------------------------
       
     --------------------------------------------------------------------------------------------
     Parallelization for merge_nvecx                                     
     --------------------------------------------------------------------------------------------
     nglob                =           1680
     nlevel               =             10
     Min nglob/nlevel     =            168
     Max nglob/nlevel     =            168
     --------------------------------------------------------------------------------------------

                       *----------*              *----------*               *----------*
     #     Iteration = | starting |   DFPT_dim = |      400 |   Diago_dim = |      400 |  x 1/2
                       *----------*              *----------*               *----------*
       
     --------------------------------------------------------------------------------------------
     Applying projection operator formed by dvg                          
     --------------------------------------------------------------------------------------------
     per-process dynamical memory   217.0 Mb
  
       
     --------------------------------------------------------------------------------------------
     Sternheimer eq. solver... with lite-solver                          
     --------------------------------------------------------------------------------------------
     in progress... |#                   | 005% :               00.5s (E)               10.2s (X)
     in progress... |##                  | 010% :               01.0s (E)               10.1s (X)
     in progress... |###                 | 015% :               01.5s (E)               10.1s (X)
     in progress... |####                | 020% :               02.0s (E)               10.1s (X)
     in progress... |#####               | 025% :               02.5s (E)               10.1s (X)
     in progress... |######              | 030% :               03.0s (E)               10.1s (X)
     in progress... |#######             | 035% :               03.5s (E)               10.1s (X)
     in progress... |########            | 040% :               04.0s (E)               10.1s (X)
     in progress... |#########           | 045% :               04.5s (E)               10.1s (X)
     in progress... |##########          | 050% :               05.0s (E)               10.1s (X)
     in progress... |###########         | 055% :               05.5s (E)               10.1s (X)
     in progress... |############        | 060% :               06.0s (E)               10.1s (X)
     in progress... |#############       | 065% :               06.5s (E)               10.1s (X)
     in progress... |##############      | 070% :               07.1s (E)               10.1s (X)
     in progress... |###############     | 075% :               07.6s (E)               10.1s (X)
     in progress... |################    | 080% :               08.1s (E)               10.1s (X)
     in progress... |#################   | 085% :               08.6s (E)               10.1s (X)
     in progress... |##################  | 090% :               09.1s (E)               10.1s (X)
     in progress... |################### | 095% :               09.6s (E)               10.1s (X)
     in progress... |####################| 100% :               10.1s (E)               10.1s (X)
       
     --------------------------------------------------------------------------------------------
     Applying projection operator formed by dvg                          
     --------------------------------------------------------------------------------------------
     --------------------------------------------------------------------------------------------

     [I/O] -------------------------------------------------------
     [I/O] RESTART written in < 00.1s             
     [I/O] In location   : ./ch3cl_20_400.wstat.restart
     [I/O] -------------------------------------------------------

                       *----------*              *----------*               *----------*
     #     Iteration = | starting |   DFPT_dim = |      400 |   Diago_dim = |      400 |  x 2/2
                       *----------*              *----------*               *----------*
       
     --------------------------------------------------------------------------------------------
     Applying projection operator formed by dvg                          
     --------------------------------------------------------------------------------------------
     per-process dynamical memory   217.0 Mb
  
       
     --------------------------------------------------------------------------------------------
     Sternheimer eq. solver... with threshold =   1.000000E-06           
     --------------------------------------------------------------------------------------------
     in progress... |#                   | 005% :               00.7s (E)               15.1s (X)
     in progress... |##                  | 010% :               01.5s (E)               15.0s (X)
     in progress... |###                 | 015% :               02.2s (E)               15.0s (X)
     in progress... |####                | 020% :               02.9s (E)               14.9s (X)
     in progress... |#####               | 025% :               03.7s (E)               14.9s (X)
     in progress... |######              | 030% :               04.4s (E)               14.8s (X)
     in progress... |#######             | 035% :               05.2s (E)               14.8s (X)
     in progress... |########            | 040% :               05.9s (E)               14.8s (X)
     in progress... |#########           | 045% :               06.6s (E)               14.8s (X)
     in progress... |##########          | 050% :               07.3s (E)               14.7s (X)
     in progress... |###########         | 055% :               08.1s (E)               14.7s (X)
     in progress... |############        | 060% :               08.8s (E)               14.7s (X)
     in progress... |#############       | 065% :               09.5s (E)               14.7s (X)
     in progress... |##############      | 070% :               10.2s (E)               14.7s (X)
     in progress... |###############     | 075% :               11.0s (E)               14.6s (X)
     in progress... |################    | 080% :               11.7s (E)               14.6s (X)
     in progress... |#################   | 085% :               12.4s (E)               14.6s (X)
     in progress... |##################  | 090% :               13.1s (E)               14.6s (X)
     in progress... |################### | 095% :               13.8s (E)               14.6s (X)
     in progress... |####################| 100% :               14.6s (E)               14.6s (X)
       
     --------------------------------------------------------------------------------------------
     Applying projection operator formed by dvg                          
     --------------------------------------------------------------------------------------------
     --------------------------------------------------------------------------------------------
     p-DIAGOX done in 00.4s with a SCALAPACK grid (12x12)
     --------------------------------------------------------------------------------------------
        
       -0.22090  -0.19842  -0.19607  -0.19415  -0.17275  -0.16394  -0.16159  -0.16118  -0.15987
       -0.15271  -0.15223  -0.14914  -0.13375  -0.12620  -0.12452  -0.12362  -0.12006  -0.11968
       -0.11435  -0.10697  -0.10624  -0.09908  -0.09839  -0.09631  -0.09465  -0.09367  -0.07970
       -0.07887  -0.07850  -0.07566  -0.07510  -0.07467  -0.07356  -0.07210  -0.07183  -0.07065
       -0.07025  -0.06980  -0.06785  -0.06753  -0.06359  -0.06203  -0.06170  -0.06131  -0.05781
       -0.05717  -0.05640  -0.05597  -0.05475  -0.05407  -0.05249  -0.05225  -0.05007  -0.04941
       -0.04938  -0.04917  -0.04713  -0.04673  -0.04655  -0.04477  -0.04318  -0.04306  -0.04200
       -0.04187  -0.04107  -0.04020  -0.04015  -0.03829  -0.03775  -0.03764  -0.03652  -0.03632
       -0.03622  -0.03606  -0.03562  -0.03548  -0.03535  -0.03518  -0.03491  -0.03404  -0.03397
       -0.03359  -0.03349  -0.03302  -0.03247  -0.03227  -0.03180  -0.03160  -0.03113  -0.02979
       -0.02950  -0.02920  -0.02884  -0.02879  -0.02832  -0.02815  -0.02812  -0.02751  -0.02713
       -0.02658  -0.02650  -0.02588  -0.02576  -0.02541  -0.02494  -0.02475  -0.02449  -0.02428
       -0.02408  -0.02388  -0.02303  -0.02283  -0.02281  -0.02260  -0.02245  -0.02230  -0.02218
       -0.02174  -0.02092  -0.02076  -0.02062  -0.02056  -0.02040  -0.02026  -0.02002  -0.01991
       -0.01960  -0.01921  -0.01899  -0.01888  -0.01879  -0.01872  -0.01868  -0.01855  -0.01841
       -0.01817  -0.01800  -0.01795  -0.01784  -0.01768  -0.01749  -0.01733  -0.01718  -0.01711
       -0.01702  -0.01676  -0.01660  -0.01632  -0.01628  -0.01604  -0.01577  -0.01562  -0.01552
       -0.01546  -0.01534  -0.01516  -0.01515  -0.01503  -0.01489  -0.01472  -0.01462  -0.01449
       -0.01437  -0.01406  -0.01401  -0.01384  -0.01378  -0.01374  -0.01357  -0.01344  -0.01335
       -0.01319  -0.01313  -0.01303  -0.01289  -0.01273  -0.01256  -0.01252  -0.01246  -0.01244
       -0.01223  -0.01221  -0.01204  -0.01193  -0.01192  -0.01181  -0.01172  -0.01153  -0.01147
       -0.01124  -0.01106  -0.01103  -0.01101  -0.01094  -0.01074  -0.01066  -0.01056  -0.01050
       -0.01044  -0.01041  -0.01035  -0.01026  -0.01020  -0.01008  -0.01001  -0.00996  -0.00985
       -0.00982  -0.00978  -0.00958  -0.00955  -0.00953  -0.00946  -0.00932  -0.00931  -0.00920
       -0.00914  -0.00907  -0.00901  -0.00895  -0.00882  -0.00876  -0.00867  -0.00860  -0.00857
       -0.00851  -0.00847  -0.00838  -0.00831  -0.00828  -0.00820  -0.00818  -0.00811  -0.00805
       -0.00799  -0.00795  -0.00788  -0.00783  -0.00777  -0.00770  -0.00767  -0.00761  -0.00758
       -0.00750  -0.00743  -0.00740  -0.00734  -0.00726  -0.00720  -0.00713  -0.00706  -0.00705
       -0.00698  -0.00693  -0.00686  -0.00681  -0.00670  -0.00666  -0.00665  -0.00657  -0.00655
       -0.00652  -0.00644  -0.00641  -0.00635  -0.00629  -0.00626  -0.00619  -0.00615  -0.00612
       -0.00607  -0.00605  -0.00600  -0.00594  -0.00589  -0.00587  -0.00582  -0.00576  -0.00569
       -0.00565  -0.00561  -0.00558  -0.00551  -0.00545  -0.00543  -0.00540  -0.00536  -0.00534
       -0.00531  -0.00523  -0.00517  -0.00512  -0.00508  -0.00505  -0.00503  -0.00500  -0.00497
       -0.00492  -0.00490  -0.00485  -0.00479  -0.00474  -0.00470  -0.00466  -0.00464  -0.00459
       -0.00456  -0.00454  -0.00451  -0.00445  -0.00441  -0.00437  -0.00435  -0.00428  -0.00425
       -0.00422  -0.00419  -0.00414  -0.00411  -0.00407  -0.00405  -0.00399  -0.00398  -0.00395
       -0.00390  -0.00387  -0.00386  -0.00384  -0.00381  -0.00376  -0.00372  -0.00369  -0.00363
       -0.00362  -0.00357  -0.00355  -0.00349  -0.00348  -0.00347  -0.00342  -0.00340  -0.00339
       -0.00336  -0.00333  -0.00328  -0.00325  -0.00322  -0.00320  -0.00320  -0.00309  -0.00308
       -0.00305  -0.00303  -0.00299  -0.00295  -0.00292  -0.00290  -0.00289  -0.00286  -0.00285
       -0.00279  -0.00278  -0.00275  -0.00271  -0.00270  -0.00264  -0.00260  -0.00260  -0.00257
       -0.00254  -0.00252  -0.00252  -0.00250  -0.00246  -0.00243  -0.00242  -0.00234  -0.00232
       -0.00227  -0.00226  -0.00224  -0.00221  -0.00218  -0.00215  -0.00213  -0.00211  -0.00209
       -0.00202  -0.00200  -0.00198  -0.00194  -0.00193  -0.00188  -0.00185  -0.00184  -0.00182
       -0.00181  -0.00174  -0.00167   0.00421
        
     --------------------------------------------------------------------------------------------
     Tot. elapsed time 47.2s,  time spent in last iteration 47.2s
     --------------------------------------------------------------------------------------------

     [I/O] -------------------------------------------------------
     [I/O] RESTART written in < 00.1s             
     [I/O] In location   : ./ch3cl_20_400.wstat.restart
     [I/O] -------------------------------------------------------

                       *----------*              *----------*               *----------*
     #     Iteration = |        1 |   DFPT_dim = |      400 |   Diago_dim = |      800 |
                       *----------*              *----------*               *----------*
       
     --------------------------------------------------------------------------------------------
     Applying projection operator formed by dvg                          
     --------------------------------------------------------------------------------------------
     per-process dynamical memory   203.0 Mb
  
       
     --------------------------------------------------------------------------------------------
     Sternheimer eq. solver... with threshold =   1.000000E-12           
     --------------------------------------------------------------------------------------------
     in progress... |#                   | 005% :               00.9s (E)               18.0s (X)
     in progress... |##                  | 010% :               01.7s (E)               17.9s (X)
     in progress... |###                 | 015% :               02.6s (E)               17.9s (X)
     in progress... |####                | 020% :               03.5s (E)               17.9s (X)
     in progress... |#####               | 025% :               04.4s (E)               17.9s (X)
     in progress... |######              | 030% :               05.3s (E)               17.9s (X)
     in progress... |#######             | 035% :               06.2s (E)               17.8s (X)
     in progress... |########            | 040% :               07.1s (E)               17.8s (X)
     in progress... |#########           | 045% :               08.0s (E)               17.8s (X)
     in progress... |##########          | 050% :               08.9s (E)               17.8s (X)
     in progress... |###########         | 055% :               09.8s (E)               17.8s (X)
     in progress... |############        | 060% :               10.7s (E)               17.8s (X)
     in progress... |#############       | 065% :               11.5s (E)               17.8s (X)
     in progress... |##############      | 070% :               12.4s (E)               17.8s (X)
     in progress... |###############     | 075% :               13.3s (E)               17.8s (X)
     in progress... |################    | 080% :               14.2s (E)               17.8s (X)
     in progress... |#################   | 085% :               15.1s (E)               17.8s (X)
     in progress... |##################  | 090% :               16.0s (E)               17.8s (X)
     in progress... |################### | 095% :               16.9s (E)               17.7s (X)
     in progress... |####################| 100% :               17.7s (E)               17.7s (X)
       
     --------------------------------------------------------------------------------------------
     Applying projection operator formed by dvg                          
     --------------------------------------------------------------------------------------------
     --------------------------------------------------------------------------------------------
     p-DIAGOX done in 00.4s with a SCALAPACK grid (12x12)
     --------------------------------------------------------------------------------------------
        
       -0.22122  -0.19989  -0.19613  -0.19423  -0.17279  -0.16401  -0.16164  -0.16122  -0.15993
       -0.15276  -0.15233  -0.15008  -0.13402  -0.12638  -0.12459  -0.12373  -0.12013  -0.11974
       -0.11447  -0.10707  -0.10633  -0.09916  -0.09849  -0.09643  -0.09481  -0.09378  -0.07986
       -0.07911  -0.07865  -0.07581  -0.07529  -0.07493  -0.07371  -0.07226  -0.07207  -0.07089
       -0.07043  -0.06999  -0.06800  -0.06775  -0.06397  -0.06223  -0.06205  -0.06164  -0.05810
       -0.05753  -0.05680  -0.05638  -0.05517  -0.05451  -0.05284  -0.05264  -0.05061  -0.05007
       -0.04972  -0.04961  -0.04759  -0.04743  -0.04714  -0.04525  -0.04381  -0.04368  -0.04258
       -0.04244  -0.04225  -0.04075  -0.04061  -0.03910  -0.03827  -0.03819  -0.03715  -0.03710
       -0.03689  -0.03680  -0.03618  -0.03612  -0.03603  -0.03591  -0.03586  -0.03470  -0.03459
       -0.03424  -0.03417  -0.03382  -0.03321  -0.03313  -0.03263  -0.03253  -0.03244  -0.03054
       -0.03043  -0.03034  -0.02970  -0.02966  -0.02911  -0.02910  -0.02904  -0.02843  -0.02803
       -0.02755  -0.02743  -0.02676  -0.02671  -0.02668  -0.02598  -0.02593  -0.02574  -0.02563
       -0.02527  -0.02521  -0.02419  -0.02408  -0.02402  -0.02394  -0.02370  -0.02365  -0.02360
       -0.02294  -0.02246  -0.02200  -0.02197  -0.02185  -0.02173  -0.02171  -0.02149  -0.02142
       -0.02099  -0.02062  -0.02051  -0.02000  -0.01999  -0.01994  -0.01992  -0.01992  -0.01984
       -0.01978  -0.01955  -0.01953  -0.01935  -0.01933  -0.01914  -0.01906  -0.01874  -0.01856
       -0.01850  -0.01848  -0.01809  -0.01806  -0.01772  -0.01766  -0.01747  -0.01716  -0.01713
       -0.01711  -0.01705  -0.01700  -0.01694  -0.01690  -0.01666  -0.01666  -0.01653  -0.01651
       -0.01620  -0.01608  -0.01598  -0.01596  -0.01574  -0.01572  -0.01565  -0.01537  -0.01536
       -0.01532  -0.01503  -0.01502  -0.01491  -0.01465  -0.01456  -0.01454  -0.01435  -0.01432
       -0.01427  -0.01423  -0.01421  -0.01416  -0.01413  -0.01398  -0.01376  -0.01375  -0.01356
       -0.01347  -0.01347  -0.01342  -0.01301  -0.01300  -0.01296  -0.01278  -0.01255  -0.01252
       -0.01246  -0.01243  -0.01241  -0.01236  -0.01218  -0.01214  -0.01210  -0.01208  -0.01189
       -0.01186  -0.01184  -0.01181  -0.01181  -0.01179  -0.01172  -0.01163  -0.01160  -0.01160
       -0.01159  -0.01158  -0.01157  -0.01130  -0.01125  -0.01119  -0.01116  -0.01109  -0.01108
       -0.01106  -0.01085  -0.01078  -0.01077  -0.01073  -0.01067  -0.01064  -0.01060  -0.01050
       -0.01043  -0.01037  -0.01034  -0.01031  -0.01029  -0.01020  -0.01018  -0.01016  -0.01013
       -0.01001  -0.00996  -0.00983  -0.00982  -0.00973  -0.00972  -0.00969  -0.00967  -0.00956
       -0.00952  -0.00946  -0.00940  -0.00936  -0.00931  -0.00931  -0.00930  -0.00921  -0.00915
       -0.00912  -0.00893  -0.00891  -0.00888  -0.00887  -0.00882  -0.00879  -0.00874  -0.00869
       -0.00867  -0.00864  -0.00862  -0.00852  -0.00850  -0.00848  -0.00837  -0.00837  -0.00832
       -0.00831  -0.00824  -0.00823  -0.00819  -0.00814  -0.00813  -0.00805  -0.00801  -0.00799
       -0.00793  -0.00791  -0.00785  -0.00785  -0.00783  -0.00777  -0.00772  -0.00764  -0.00763
       -0.00759  -0.00757  -0.00750  -0.00746  -0.00743  -0.00738  -0.00737  -0.00730  -0.00729
       -0.00726  -0.00724  -0.00720  -0.00716  -0.00715  -0.00714  -0.00712  -0.00711  -0.00709
       -0.00706  -0.00702  -0.00701  -0.00700  -0.00694  -0.00692  -0.00689  -0.00687  -0.00684
       -0.00682  -0.00681  -0.00679  -0.00675  -0.00670  -0.00665  -0.00661  -0.00656  -0.00656
       -0.00652  -0.00647  -0.00644  -0.00639  -0.00637  -0.00635  -0.00633  -0.00626  -0.00624
       -0.00623  -0.00621  -0.00618  -0.00612  -0.00611  -0.00609  -0.00608  -0.00606  -0.00602
       -0.00601  -0.00598  -0.00595  -0.00595  -0.00593  -0.00589  -0.00585  -0.00585  -0.00578
       -0.00577  -0.00572  -0.00571  -0.00568  -0.00567  -0.00563  -0.00561  -0.00556  -0.00553
       -0.00552  -0.00551  -0.00548  -0.00547  -0.00546  -0.00544  -0.00543  -0.00540  -0.00538
       -0.00536  -0.00532  -0.00531  -0.00528  -0.00524  -0.00523  -0.00522  -0.00521  -0.00516
       -0.00515  -0.00511  -0.00509  -0.00507  -0.00505  -0.00502  -0.00499  -0.00497  -0.00496
       -0.00492  -0.00491  -0.00490  -0.00488
        
     --------------------------------------------------------------------------------------------
     Tot. elapsed time 01m-31.5s,  time spent in last iteration 30.3s
     --------------------------------------------------------------------------------------------

     [I/O] -------------------------------------------------------
     [I/O] RESTART written in < 00.1s             
     [I/O] In location   : ./ch3cl_20_400.wstat.restart
     [I/O] -------------------------------------------------------

                       *----------*              *----------*               *----------*
     #     Iteration = |        2 |   DFPT_dim = |      301 |   Diago_dim = |     1101 |
                       *----------*              *----------*               *----------*
       
     --------------------------------------------------------------------------------------------
     Applying projection operator formed by dvg                          
     --------------------------------------------------------------------------------------------
     per-process dynamical memory   203.7 Mb
  
       
     --------------------------------------------------------------------------------------------
     Sternheimer eq. solver... with threshold =   1.000000E-12           
     --------------------------------------------------------------------------------------------
     in progress... |#                   | 005% :               00.8s (E)               17.6s (X)
     in progress... |##                  | 010% :               01.7s (E)               17.6s (X)
     in progress... |###                 | 015% :               02.2s (E)               14.6s (X)
     in progress... |####                | 020% :               03.0s (E)               15.4s (X)
     in progress... |#####               | 025% :               03.5s (E)               14.1s (X)
     in progress... |######              | 030% :               04.4s (E)               14.7s (X)
     in progress... |#######             | 035% :               04.8s (E)               13.8s (X)
     in progress... |########            | 040% :               05.7s (E)               14.3s (X)
     in progress... |#########           | 045% :               06.1s (E)               13.7s (X)
     in progress... |##########          | 050% :               07.0s (E)               14.1s (X)
     in progress... |###########         | 055% :               07.9s (E)               14.4s (X)
     in progress... |############        | 060% :               08.3s (E)               13.9s (X)
     in progress... |#############       | 065% :               09.2s (E)               14.2s (X)
     in progress... |##############      | 070% :               09.7s (E)               13.8s (X)
     in progress... |###############     | 075% :               10.5s (E)               14.1s (X)
     in progress... |################    | 080% :               11.0s (E)               13.7s (X)
     in progress... |#################   | 085% :               11.8s (E)               13.9s (X)
     in progress... |##################  | 090% :               12.3s (E)               13.7s (X)
     in progress... |################### | 095% :               13.2s (E)               13.9s (X)
     in progress... |####################| 100% :               13.6s (E)               13.6s (X)
       
     --------------------------------------------------------------------------------------------
     Applying projection operator formed by dvg                          
     --------------------------------------------------------------------------------------------
     --------------------------------------------------------------------------------------------
     p-DIAGOX done in 00.6s with a SCALAPACK grid (12x12)
     --------------------------------------------------------------------------------------------
        
       -0.22122  -0.19989  -0.19613  -0.19424  -0.17279  -0.16401  -0.16164  -0.16122  -0.15993
       -0.15276  -0.15233  -0.15008  -0.13402  -0.12638  -0.12459  -0.12373  -0.12013  -0.11974
       -0.11447  -0.10707  -0.10633  -0.09916  -0.09849  -0.09643  -0.09481  -0.09378  -0.07986
       -0.07911  -0.07865  -0.07581  -0.07529  -0.07493  -0.07371  -0.07226  -0.07207  -0.07089
       -0.07043  -0.06999  -0.06800  -0.06775  -0.06397  -0.06223  -0.06205  -0.06164  -0.05810
       -0.05753  -0.05680  -0.05638  -0.05517  -0.05452  -0.05284  -0.05264  -0.05061  -0.05007
       -0.04972  -0.04961  -0.04759  -0.04743  -0.04714  -0.04525  -0.04381  -0.04368  -0.04258
       -0.04245  -0.04225  -0.04075  -0.04061  -0.03910  -0.03827  -0.03819  -0.03715  -0.03710
       -0.03689  -0.03680  -0.03618  -0.03612  -0.03603  -0.03591  -0.03586  -0.03471  -0.03459
       -0.03424  -0.03417  -0.03382  -0.03321  -0.03313  -0.03263  -0.03253  -0.03245  -0.03054
       -0.03044  -0.03034  -0.02970  -0.02966  -0.02912  -0.02910  -0.02905  -0.02843  -0.02803
       -0.02756  -0.02743  -0.02677  -0.02672  -0.02668  -0.02598  -0.02593  -0.02575  -0.02564
       -0.02527  -0.02522  -0.02420  -0.02409  -0.02403  -0.02395  -0.02370  -0.02365  -0.02360
       -0.02295  -0.02247  -0.02201  -0.02197  -0.02186  -0.02173  -0.02172  -0.02150  -0.02143
       -0.02100  -0.02063  -0.02052  -0.02001  -0.02000  -0.01995  -0.01994  -0.01993  -0.01985
       -0.01980  -0.01956  -0.01955  -0.01937  -0.01935  -0.01915  -0.01908  -0.01876  -0.01858
       -0.01852  -0.01850  -0.01810  -0.01809  -0.01775  -0.01768  -0.01751  -0.01719  -0.01716
       -0.01714  -0.01707  -0.01703  -0.01697  -0.01693  -0.01669  -0.01668  -0.01655  -0.01654
       -0.01623  -0.01612  -0.01602  -0.01599  -0.01578  -0.01576  -0.01569  -0.01542  -0.01541
       -0.01535  -0.01506  -0.01505  -0.01495  -0.01469  -0.01460  -0.01459  -0.01439  -0.01437
       -0.01433  -0.01428  -0.01428  -0.01421  -0.01417  -0.01403  -0.01381  -0.01380  -0.01362
       -0.01355  -0.01354  -0.01351  -0.01309  -0.01308  -0.01303  -0.01284  -0.01261  -0.01260
       -0.01252  -0.01250  -0.01248  -0.01246  -0.01225  -0.01223  -0.01218  -0.01216  -0.01199
       -0.01194  -0.01192  -0.01189  -0.01188  -0.01187  -0.01179  -0.01170  -0.01170  -0.01169
       -0.01168  -0.01167  -0.01167  -0.01139  -0.01136  -0.01129  -0.01129  -0.01122  -0.01120
       -0.01118  -0.01097  -0.01091  -0.01089  -0.01087  -0.01079  -0.01076  -0.01074  -0.01065
       -0.01056  -0.01050  -0.01048  -0.01044  -0.01041  -0.01032  -0.01031  -0.01027  -0.01026
       -0.01017  -0.01008  -0.01000  -0.00997  -0.00986  -0.00984  -0.00983  -0.00982  -0.00970
       -0.00969  -0.00963  -0.00956  -0.00955  -0.00947  -0.00946  -0.00945  -0.00940  -0.00927
       -0.00927  -0.00914  -0.00908  -0.00907  -0.00903  -0.00902  -0.00901  -0.00891  -0.00888
       -0.00888  -0.00884  -0.00884  -0.00873  -0.00872  -0.00869  -0.00858  -0.00858  -0.00854
       -0.00852  -0.00852  -0.00844  -0.00842  -0.00841  -0.00839  -0.00831  -0.00829  -0.00828
       -0.00818  -0.00818  -0.00809  -0.00805  -0.00805  -0.00798  -0.00797  -0.00793  -0.00792
       -0.00792  -0.00788  -0.00776  -0.00775  -0.00771  -0.00769  -0.00768  -0.00760  -0.00759
       -0.00749  -0.00748  -0.00747  -0.00747  -0.00746  -0.00745  -0.00740  -0.00739  -0.00737
       -0.00737  -0.00736  -0.00735  -0.00735  -0.00730  -0.00729  -0.00728  -0.00721  -0.00720
       -0.00719  -0.00718  -0.00716  -0.00715  -0.00715  -0.00711  -0.00706  -0.00696  -0.00695
       -0.00686  -0.00685  -0.00680  -0.00679  -0.00678  -0.00670  -0.00669  -0.00668  -0.00666
       -0.00665  -0.00664  -0.00663  -0.00660  -0.00655  -0.00653  -0.00652  -0.00648  -0.00647
       -0.00645  -0.00642  -0.00641  -0.00640  -0.00632  -0.00630  -0.00629  -0.00627  -0.00626
       -0.00623  -0.00623  -0.00623  -0.00622  -0.00615  -0.00615  -0.00608  -0.00603  -0.00601
       -0.00601  -0.00600  -0.00598  -0.00596  -0.00594  -0.00593  -0.00591  -0.00590  -0.00587
       -0.00586  -0.00586  -0.00585  -0.00583  -0.00582  -0.00580  -0.00579  -0.00574  -0.00571
       -0.00569  -0.00567  -0.00566  -0.00561  -0.00559  -0.00558  -0.00558  -0.00555  -0.00551
       -0.00550  -0.00549  -0.00548  -0.00546
        
     --------------------------------------------------------------------------------------------
     Tot. elapsed time 02m-12.5s,  time spent in last iteration 27.0s
     --------------------------------------------------------------------------------------------

     [I/O] -------------------------------------------------------
     [I/O] RESTART written in < 00.1s             
     [I/O] In location   : ./ch3cl_20_400.wstat.restart
     [I/O] -------------------------------------------------------

                       *----------*              *----------*               *----------*
     #     Iteration = |        3 |   DFPT_dim = |       21 |   Diago_dim = |     1122 |
                       *----------*              *----------*               *----------*
       
     --------------------------------------------------------------------------------------------
     Applying projection operator formed by dvg                          
     --------------------------------------------------------------------------------------------
     per-process dynamical memory   198.3 Mb
  
       
     --------------------------------------------------------------------------------------------
     Sternheimer eq. solver... with threshold =   1.000000E-12           
     --------------------------------------------------------------------------------------------
     in progress... |##########          | 050% :               00.4s (E)               00.8s (X)
     in progress... |####################| 100% :               00.8s (E)               00.8s (X)
       
     --------------------------------------------------------------------------------------------
     Applying projection operator formed by dvg                          
     --------------------------------------------------------------------------------------------
     --------------------------------------------------------------------------------------------
     p-DIAGOX done in 00.6s with a SCALAPACK grid (12x12)
     --------------------------------------------------------------------------------------------
        
       -0.22122  -0.19989  -0.19613  -0.19424  -0.17279  -0.16401  -0.16164  -0.16122  -0.15993
       -0.15276  -0.15233  -0.15008  -0.13402  -0.12638  -0.12459  -0.12373  -0.12013  -0.11974
       -0.11447  -0.10707  -0.10633  -0.09916  -0.09849  -0.09643  -0.09481  -0.09378  -0.07986
       -0.07911  -0.07865  -0.07581  -0.07529  -0.07493  -0.07371  -0.07226  -0.07207  -0.07089
       -0.07043  -0.06999  -0.06800  -0.06775  -0.06397  -0.06223  -0.06205  -0.06164  -0.05810
       -0.05753  -0.05680  -0.05638  -0.05517  -0.05452  -0.05284  -0.05264  -0.05061  -0.05007
       -0.04972  -0.04961  -0.04759  -0.04743  -0.04714  -0.04525  -0.04381  -0.04368  -0.04258
       -0.04245  -0.04225  -0.04075  -0.04061  -0.03910  -0.03827  -0.03819  -0.03715  -0.03710
       -0.03689  -0.03680  -0.03618  -0.03612  -0.03603  -0.03591  -0.03586  -0.03471  -0.03459
       -0.03424  -0.03417  -0.03382  -0.03321  -0.03313  -0.03263  -0.03253  -0.03245  -0.03054
       -0.03044  -0.03034  -0.02970  -0.02966  -0.02912  -0.02910  -0.02905  -0.02843  -0.02803
       -0.02756  -0.02743  -0.02677  -0.02672  -0.02668  -0.02598  -0.02593  -0.02575  -0.02564
       -0.02527  -0.02522  -0.02420  -0.02409  -0.02403  -0.02395  -0.02370  -0.02365  -0.02360
       -0.02295  -0.02247  -0.02201  -0.02197  -0.02186  -0.02173  -0.02172  -0.02150  -0.02143
       -0.02100  -0.02063  -0.02052  -0.02001  -0.02000  -0.01995  -0.01994  -0.01993  -0.01985
       -0.01980  -0.01956  -0.01955  -0.01937  -0.01935  -0.01915  -0.01908  -0.01876  -0.01858
       -0.01852  -0.01850  -0.01810  -0.01809  -0.01775  -0.01768  -0.01751  -0.01719  -0.01716
       -0.01714  -0.01707  -0.01703  -0.01697  -0.01693  -0.01669  -0.01668  -0.01655  -0.01654
       -0.01623  -0.01612  -0.01602  -0.01599  -0.01578  -0.01576  -0.01569  -0.01542  -0.01541
       -0.01535  -0.01506  -0.01505  -0.01495  -0.01469  -0.01460  -0.01459  -0.01439  -0.01437
       -0.01433  -0.01428  -0.01428  -0.01421  -0.01417  -0.01403  -0.01381  -0.01380  -0.01362
       -0.01355  -0.01354  -0.01351  -0.01309  -0.01308  -0.01303  -0.01284  -0.01261  -0.01260
       -0.01252  -0.01250  -0.01249  -0.01246  -0.01225  -0.01223  -0.01218  -0.01216  -0.01199
       -0.01194  -0.01192  -0.01189  -0.01188  -0.01187  -0.01179  -0.01170  -0.01170  -0.01169
       -0.01168  -0.01167  -0.01167  -0.01139  -0.01136  -0.01129  -0.01129  -0.01122  -0.01120
       -0.01118  -0.01097  -0.01091  -0.01090  -0.01087  -0.01079  -0.01076  -0.01074  -0.01065
       -0.01056  -0.01050  -0.01048  -0.01045  -0.01041  -0.01032  -0.01031  -0.01027  -0.01026
       -0.01017  -0.01008  -0.01000  -0.00997  -0.00986  -0.00984  -0.00983  -0.00982  -0.00971
       -0.00969  -0.00963  -0.00956  -0.00955  -0.00947  -0.00946  -0.00945  -0.00940  -0.00927
       -0.00927  -0.00914  -0.00908  -0.00907  -0.00903  -0.00902  -0.00901  -0.00891  -0.00889
       -0.00888  -0.00884  -0.00884  -0.00873  -0.00872  -0.00869  -0.00859  -0.00858  -0.00854
       -0.00852  -0.00852  -0.00844  -0.00843  -0.00841  -0.00840  -0.00831  -0.00829  -0.00828
       -0.00818  -0.00818  -0.00809  -0.00805  -0.00805  -0.00798  -0.00797  -0.00793  -0.00793
       -0.00792  -0.00789  -0.00776  -0.00775  -0.00771  -0.00769  -0.00768  -0.00760  -0.00759
       -0.00749  -0.00749  -0.00747  -0.00747  -0.00746  -0.00746  -0.00740  -0.00739  -0.00737
       -0.00737  -0.00736  -0.00735  -0.00735  -0.00730  -0.00730  -0.00728  -0.00721  -0.00721
       -0.00719  -0.00718  -0.00716  -0.00716  -0.00715  -0.00712  -0.00706  -0.00696  -0.00695
       -0.00686  -0.00686  -0.00680  -0.00680  -0.00678  -0.00670  -0.00670  -0.00669  -0.00667
       -0.00665  -0.00664  -0.00663  -0.00660  -0.00656  -0.00654  -0.00653  -0.00648  -0.00647
       -0.00646  -0.00643  -0.00641  -0.00640  -0.00632  -0.00631  -0.00630  -0.00627  -0.00626
       -0.00624  -0.00623  -0.00623  -0.00622  -0.00616  -0.00615  -0.00608  -0.00604  -0.00602
       -0.00601  -0.00601  -0.00599  -0.00597  -0.00595  -0.00594  -0.00592  -0.00591  -0.00590
       -0.00589  -0.00588  -0.00587  -0.00586  -0.00586  -0.00584  -0.00583  -0.00579  -0.00576
       -0.00575  -0.00571  -0.00570  -0.00565  -0.00564  -0.00564  -0.00562  -0.00561  -0.00557
       -0.00557  -0.00555  -0.00555  -0.00551
        
     --------------------------------------------------------------------------------------------
     Tot. elapsed time 02m-34.8s,  time spent in last iteration 07.8s
     --------------------------------------------------------------------------------------------
       
     --------------------------------------------------------------------------------------------
     Convergence achieved !!! in        3 steps                          
     --------------------------------------------------------------------------------------------
      
     --------------------------------------------------------------------------------------------
     Database written in < 00.1s             
     In location : ./ch3cl_20_400.wstat.save
     --------------------------------------------------------------------------------------------
 
     WSTAT        :  3m28.60s CPU     5m34.12s WALL

     wstat_readin :      6.84s CPU     39.80s WALL (       1 calls)
     fetch_nml    :      0.02s CPU      0.03s WALL (       1 calls)
     read_xml     :      1.35s CPU      1.76s WALL (       1 calls)
     init_vloc    :      0.16s CPU      0.16s WALL (       2 calls)
     fft          :      0.25s CPU      0.29s WALL (      11 calls)
     fft_scatter  :     18.76s CPU     18.75s WALL (    5467 calls)
     v_of_rho     :      0.30s CPU      0.31s WALL (       1 calls)
     v_xc         :      0.26s CPU      0.28s WALL (       1 calls)
     v_h          :      0.03s CPU      0.04s WALL (       1 calls)
     read_wave    :      5.46s CPU     37.81s WALL (       1 calls)
     davcio       :      0.00s CPU      0.28s WALL (       2 calls)
     init_us_1    :      0.05s CPU      0.05s WALL (       2 calls)
     do_setup     :      0.23s CPU      0.24s WALL (       1 calls)
     init_pw_ar   :      0.23s CPU      0.24s WALL (       1 calls)
     init_at_1    :      0.00s CPU      0.00s WALL (       1 calls)
     storesqvc    :      0.01s CPU      0.01s WALL (       1 calls)
     chidiago     :     56.36s CPU     79.54s WALL (       1 calls)
     randomize    :      0.96s CPU      0.97s WALL (       2 calls)
     paramgs      :     12.72s CPU     12.90s WALL (      12 calls)
     dfpt         :    108.46s CPU    109.23s WALL (      11 calls)
     init_us_2    :      0.05s CPU      0.05s WALL (      11 calls)
     fftw         :     50.58s CPU     50.92s WALL (    5456 calls)
     alphapc      :      0.37s CPU      0.37s WALL (     164 calls)
     wstat_restar :     23.02s CPU     85.54s WALL (       9 calls)
     linstern     :     55.51s CPU     55.84s WALL (     122 calls)
     stern        :     43.47s CPU     43.74s WALL (    3244 calls)
     h_psi_bgrp   :     35.02s CPU     35.19s WALL (     412 calls)
     h_psi        :     35.02s CPU     35.19s WALL (     412 calls)
     h_psi:pot    :     34.82s CPU     35.00s WALL (     412 calls)
     vloc_psi     :     32.28s CPU     32.44s WALL (     412 calls)
     h_psi:calbec :      1.44s CPU      1.36s WALL (     412 calls)
     calbec       :      1.44s CPU      1.35s WALL (     412 calls)
     add_vuspsi   :      1.10s CPU      1.21s WALL (     412 calls)
     alphapv      :      4.81s CPU      4.88s WALL (    3244 calls)
     build_hr     :      7.20s CPU      7.40s WALL (       9 calls)
     diagox       :      2.28s CPU      2.54s WALL (       9 calls)
     redistr_vr   :      0.29s CPU      0.30s WALL (       7 calls)
     update_vr    :     12.28s CPU     12.63s WALL (       7 calls)
     symm_hr      :      0.29s CPU      0.30s WALL (       7 calls)
     chidiago:las :      0.13s CPU      0.14s WALL (       2 calls)
     refresh_vr   :      4.57s CPU      4.66s WALL (       4 calls)
     pdep_db      :      0.49s CPU      1.77s WALL (       1 calls)
     kinchidiago  :    145.16s CPU    214.49s WALL (       1 calls)
     k_psi        :      1.30s CPU      1.35s WALL (    2832 calls)
     kinchidiago: :      0.00s CPU      0.00s WALL (       1 calls)
     pdep_db_for_ :     26.48s CPU     51.97s WALL (       1 calls)
 
     WSTAT        :  3m28.60s CPU     5m34.12s WALL

 
   This run was terminated on:  12:37:14  28Apr2018            

=------------------------------------------------------------------------------=
   JOB DONE.
=------------------------------------------------------------------------------=
