
     Program WSTAT v. 2.0.0 starts on  1Jul2018 at 14:33: 0 

     This program is part of the open-source West suite
     for massively parallel calculations of excited states in materials; please cite
         "M. Govoni et al., J. Chem. Theory Comput. 11, 2680 (2015);
          URL http://www.west-code.org", 
     in publications or presentations arising from this work.

     Based on the Quantum ESPRESSO v. 6.1 svn rev. 13369
       
     --------------------------------------------------------------------------------------------
     **MPI** Parallelization Status                                      
     --------------------------------------------------------------------------------------------
                   160                  10             1             1            16
     --------------------------------------------------------------------------------------------
                     N         =         I      X      P      X      B      X      Z
                     ^                   ^             ^             ^             ^
                     |                   |             |             |             |
                   #rnk                  |             |             |             |
                                      #image           |             |             |
                                                     #pool           |             |
                                                                   #bgrp           |
                                                                                 #R&G
     --------------------------------------------------------------------------------------------
     **OPENMP** Parallelization Status
     #thr/rnk               =            1
     --------------------------------------------------------------------------------------------
     #prc = (rnk) * (thr) =          160
     --------------------------------------------------------------------------------------------
       
     --------------------------------------------------------------------------------------------
     I/O Summary : input_west                                            
     --------------------------------------------------------------------------------------------
     qe_prefix      = h2o2
     west_prefix    = h2o2
     outdir         = ./
     --------------------------------------------------------------------------------------------
       
     --------------------------------------------------------------------------------------------
     I/O Summary : wstat_control                                         
     --------------------------------------------------------------------------------------------
     wstat_calculation              =              S
     n_pdep_eigen                   =             20
     n_kin_pdep_eigen               =            400
     n_lindhard_eigen               =              0
     n_pdep_times                   =              4
     n_pdep_maxiter                 =            100
     n_dfpt_maxiter                 =            250
     n_pdep_read_from_file          =              0
     trev_pdep                      =   1.000000E-03
     trev_pdep_rel                  =   1.000000E-01
     tr2_dfpt                       =   1.000000E-12
     l_kinetic_only                 =              F
     l_minimize_exx_if_active       =              F
     l_use_ecutrho                  =              F
     l_pure_eigen                   =              F
     --------------------------------------------------------------------------------------------

     Reading data from directory:
     ./h2o2.save

   Info: using nr1, nr2, nr3 values from input

   Info: using nr1, nr2, nr3 values from input

     IMPORTANT: XC functional enforced from input :
     Exchange-correlation      = PBE ( 1  4  3  4 0 0)
     Any further DFT definition will be discarded
     Please, verify this is what you really want

     Message from routine readpp:
     file ./h2o2.save/O_ONCV_PBE-1.0.upf not found
     Message from routine readpp:
     file ./h2o2.save/H_ONCV_PBE-1.0.upf not found
 
     Parallelization info
     --------------------
     sticks:   dense  smooth     PW     G-vecs:    dense   smooth      PW
     Min        1520    1520    379               178660   178660   22323
     Max        1522    1522    384               178666   178666   22328
     Sum       24345   24345   6093              2858633  2858633  357213
 
       
     --------------------------------------------------------------------------------------------
     System Overview                                                     
     --------------------------------------------------------------------------------------------
     gamma_only           =              T
     ecutwfc [Ry]         =      85.000000
     omega [au^3]         =   2.700000E+04
     glob. #G             =         178607
     nbnd                 =            100
     nkstot               =              1
     nspin                =              1
     nelec                =      14.000000
     npol                 =              1
     lsda                 =              F
     noncolin             =              F
     lspinorb             =              F
     domag                =              F
     --------------------------------------------------------------------------------------------

     sFFT G-space:  1429317 G-vectors     R-space: ( 180, 180, 180)
     dFFT G-space:  1429317 G-vectors     R-space: ( 180, 180, 180)

     Cell [a.u.]          =      30.000000      0.000000      0.000000
                          =       0.000000     30.000000      0.000000
                          =       0.000000      0.000000     30.000000
      
     number of ks points=     1
                       cart. coord. in units 2pi/alat
        k(    1) = (   0.0000000   0.0000000   0.0000000), wk =   2.0000000

                       cryst. coord.
        k(    1) = (   0.0000000   0.0000000   0.0000000), wk =   2.0000000
 
     Spherical div        =   1.654268E-01
     Orthorombic div      =   1.628502E-01
       
     --------------------------------------------------------------------------------------------
     Parallelization for nvecx                                           
     --------------------------------------------------------------------------------------------
     nglob                =             80
     nlevel               =             10
     Min nglob/nlevel     =              8
     Max nglob/nlevel     =              8
     --------------------------------------------------------------------------------------------

     [MEM] ----------------------------------------------------------
     [MEM] **Memory** analysis: QE
     [MEM] ----------------------------------------------------------
     [MEM] Allocated arrays           est. size (Mb)     dimensions
     [MEM] ----------------------------------------------------------
     [MEM] Kohn-Sham Wavefunctions      17.03 Mb     (  11164,  100)
     [MEM] NL pseudopotentials           3.41 Mb     (  11164,   20)
     [MEM] Each V/rho on FFT grid        5.93 Mb     ( 388800)
     [MEM] Each G-vector array           0.68 Mb     (  89333)
     [MEM] G-vector shells               0.05 Mb     (   6125)
     [MEM] ----------------------------------------------------------
     [MEM] TOT                          27.10 Mb
     [MEM] ----------------------------------------------------------
     [MEM] 
     [MEM] ----------------------------------------------------------
     [MEM] **Memory** analysis: WSTAT global
     [MEM] ----------------------------------------------------------
     [MEM] Allocated arrays           est. size (Mb)     dimensions
     [MEM] ----------------------------------------------------------
     [MEM] dvg                           1.36 Mb     (  11164,    8)
     [MEM] dng                           1.36 Mb     (  11164,    8)
     [MEM] hr_distr                      0.00 Mb     (     80,    8)
     [MEM] vr_distr                      0.00 Mb     (     80,    8)
     [MEM] ----------------------------------------------------------
     [MEM] TOT                           2.74 Mb
     [MEM] ----------------------------------------------------------
     [MEM] 
     [MEM] ----------------------------------------------------------
     [MEM] **Memory** analysis: WSTAT temporary
     [MEM] ----------------------------------------------------------
     [MEM] Allocated arrays           est. size (Mb)     dimensions
     [MEM] ----------------------------------------------------------
     [MEM] dvpsi                         1.19 Mb     (  11164,    7)
     [MEM] dpsi                          1.19 Mb     (  11164,    7)
     [MEM] ----------------------------------------------------------
     [MEM] Total estimate                2.38 Mb
     [MEM] ----------------------------------------------------------

                       *----------*              *----------*               *----------*
     #     Iteration = | starting |   DFPT_dim = |       20 |   Diago_dim = |       20 |  x 1/2
                       *----------*              *----------*               *----------*
     per-process dynamical memory   115.5 Mb
  
       
     --------------------------------------------------------------------------------------------
     Sternheimer eq. solver... with lite-solver                          
     --------------------------------------------------------------------------------------------
     in progress... |##########          | 050% :               00.2s (E)               00.5s (X)
     in progress... |####################| 100% :               00.5s (E)               00.5s (X)
     --------------------------------------------------------------------------------------------

     [I/O] -------------------------------------------------------
     [I/O] RESTART written in < 00.1s             
     [I/O] In location   : ./h2o2_20_400.wstat.restart
     [I/O] -------------------------------------------------------

                       *----------*              *----------*               *----------*
     #     Iteration = | starting |   DFPT_dim = |       20 |   Diago_dim = |       20 |  x 2/2
                       *----------*              *----------*               *----------*
     per-process dynamical memory   117.7 Mb
  
       
     --------------------------------------------------------------------------------------------
     Sternheimer eq. solver... with threshold =   1.000000E-06           
     --------------------------------------------------------------------------------------------
     in progress... |##########          | 050% :               03.3s (E)               06.7s (X)
     in progress... |####################| 100% :               06.6s (E)               06.6s (X)
     --------------------------------------------------------------------------------------------
     p-DIAGOX done in < 00.1s with a SCALAPACK grid (2x2)
     --------------------------------------------------------------------------------------------
        
       -3.07750  -1.37692  -0.99073  -0.77065  -0.75922  -0.59028  -0.51815  -0.49039  -0.46060
       -0.32922  -0.32165  -0.27602  -0.23964  -0.23242  -0.22041  -0.17745  -0.17669  -0.15062
       -0.14041  -0.07406
        
     --------------------------------------------------------------------------------------------
     Tot. elapsed time 12.0s,  time spent in last iteration 12.0s
     --------------------------------------------------------------------------------------------

     [I/O] -------------------------------------------------------
     [I/O] RESTART written in < 00.1s             
     [I/O] In location   : ./h2o2_20_400.wstat.restart
     [I/O] -------------------------------------------------------

                       *----------*              *----------*               *----------*
     #     Iteration = |        1 |   DFPT_dim = |       20 |   Diago_dim = |       40 |
                       *----------*              *----------*               *----------*
     per-process dynamical memory   117.7 Mb
  
       
     --------------------------------------------------------------------------------------------
     Sternheimer eq. solver... with threshold =   1.000000E-12           
     --------------------------------------------------------------------------------------------
     in progress... |##########          | 050% :               05.1s (E)               10.2s (X)
     in progress... |####################| 100% :               10.2s (E)               10.2s (X)
     --------------------------------------------------------------------------------------------
     p-DIAGOX done in < 00.1s with a SCALAPACK grid (2x2)
     --------------------------------------------------------------------------------------------
        
       -3.31663  -1.98330  -1.09338  -1.04814  -0.92727  -0.75084  -0.69673  -0.66923  -0.60688
       -0.52538  -0.46080  -0.45205  -0.41245  -0.40998  -0.35794  -0.30436  -0.27399  -0.26587
       -0.24235  -0.22978
        
     --------------------------------------------------------------------------------------------
     Tot. elapsed time 27.4s,  time spent in last iteration 11.7s
     --------------------------------------------------------------------------------------------

     [I/O] -------------------------------------------------------
     [I/O] RESTART written in < 00.1s             
     [I/O] In location   : ./h2o2_20_400.wstat.restart
     [I/O] -------------------------------------------------------

                       *----------*              *----------*               *----------*
     #     Iteration = |        2 |   DFPT_dim = |       20 |   Diago_dim = |       60 |
                       *----------*              *----------*               *----------*
     per-process dynamical memory   117.7 Mb
  
       
     --------------------------------------------------------------------------------------------
     Sternheimer eq. solver... with threshold =   1.000000E-12           
     --------------------------------------------------------------------------------------------
     in progress... |##########          | 050% :               05.0s (E)               10.1s (X)
     in progress... |####################| 100% :               10.2s (E)               10.2s (X)
     --------------------------------------------------------------------------------------------
     p-DIAGOX done in < 00.1s with a SCALAPACK grid (2x2)
     --------------------------------------------------------------------------------------------
        
       -3.31696  -1.98631  -1.09388  -1.05113  -0.93173  -0.76103  -0.70260  -0.67523  -0.61344
       -0.54458  -0.47947  -0.47097  -0.43869  -0.43060  -0.37323  -0.35016  -0.34259  -0.30051
       -0.29217  -0.27928
        
     --------------------------------------------------------------------------------------------
     Tot. elapsed time 46.4s,  time spent in last iteration 11.6s
     --------------------------------------------------------------------------------------------

     [I/O] -------------------------------------------------------
     [I/O] RESTART written in < 00.1s             
     [I/O] In location   : ./h2o2_20_400.wstat.restart
     [I/O] -------------------------------------------------------

                       *----------*              *----------*               *----------*
     #     Iteration = |        3 |   DFPT_dim = |       18 |   Diago_dim = |       78 |
                       *----------*              *----------*               *----------*
     per-process dynamical memory   117.7 Mb
  
       
     --------------------------------------------------------------------------------------------
     Sternheimer eq. solver... with threshold =   1.000000E-12           
     --------------------------------------------------------------------------------------------
     in progress... |##########          | 050% :               05.0s (E)               10.1s (X)
     in progress... |####################| 100% :               10.1s (E)               10.1s (X)
     --------------------------------------------------------------------------------------------
     p-DIAGOX done in < 00.1s with a SCALAPACK grid (2x2)
     --------------------------------------------------------------------------------------------
        
       -3.31696  -1.98632  -1.09388  -1.05114  -0.93175  -0.76111  -0.70266  -0.67527  -0.61351
       -0.54538  -0.48019  -0.47115  -0.43974  -0.43099  -0.37606  -0.35401  -0.34877  -0.30391
       -0.30098  -0.29392
        
     --------------------------------------------------------------------------------------------
     Tot. elapsed time 01m-09.3s,  time spent in last iteration 11.5s
     --------------------------------------------------------------------------------------------

       Refresh the basis set

     [I/O] -------------------------------------------------------
     [I/O] RESTART written in < 00.1s             
     [I/O] In location   : ./h2o2_20_400.wstat.restart
     [I/O] -------------------------------------------------------

                       *----------*              *----------*               *----------*
     #     Iteration = |        4 |   DFPT_dim = |        7 |   Diago_dim = |       27 |
                       *----------*              *----------*               *----------*
     per-process dynamical memory   117.7 Mb
  
       
     --------------------------------------------------------------------------------------------
     Sternheimer eq. solver... with threshold =   1.000000E-12           
     --------------------------------------------------------------------------------------------
     in progress... |####################| 100% :               05.0s (E)               05.0s (X)
     --------------------------------------------------------------------------------------------
     p-DIAGOX done in < 00.1s with a SCALAPACK grid (2x2)
     --------------------------------------------------------------------------------------------
        
       -3.31696  -1.98632  -1.09388  -1.05114  -0.93175  -0.76111  -0.70266  -0.67527  -0.61351
       -0.54538  -0.48020  -0.47115  -0.43975  -0.43099  -0.37613  -0.35409  -0.34891  -0.30409
       -0.30144  -0.29412
        
     --------------------------------------------------------------------------------------------
     Tot. elapsed time 01m-19.1s,  time spent in last iteration 05.8s
     --------------------------------------------------------------------------------------------
      
     --------------------------------------------------------------------------------------------
     Database written in 01.8s               
     In location : ./h2o2_20_400.wstat.save
     --------------------------------------------------------------------------------------------
       
     --------------------------------------------------------------------------------------------
     Convergence achieved !!! in        4 steps                          
     --------------------------------------------------------------------------------------------
       
     --------------------------------------------------------------------------------------------
     ** Now compute kinetic eigenpotentials **                           
     --------------------------------------------------------------------------------------------
       
     --------------------------------------------------------------------------------------------
     Parallelization for newnvecx                                        
     --------------------------------------------------------------------------------------------
     nglob                =           1600
     nlevel               =             10
     Min nglob/nlevel     =            160
     Max nglob/nlevel     =            160
     --------------------------------------------------------------------------------------------
       
     --------------------------------------------------------------------------------------------
     Parallelization for merge_nvecx                                     
     --------------------------------------------------------------------------------------------
     nglob                =           1680
     nlevel               =             10
     Min nglob/nlevel     =            168
     Max nglob/nlevel     =            168
     --------------------------------------------------------------------------------------------

                       *----------*              *----------*               *----------*
     #     Iteration = | starting |   DFPT_dim = |      400 |   Diago_dim = |      400 |  x 1/2
                       *----------*              *----------*               *----------*
       
     --------------------------------------------------------------------------------------------
     Applying projection operator formed by dvg                          
     --------------------------------------------------------------------------------------------
     per-process dynamical memory   213.0 Mb
  
       
     --------------------------------------------------------------------------------------------
     Sternheimer eq. solver... with lite-solver                          
     --------------------------------------------------------------------------------------------
     in progress... |#                   | 005% :               00.5s (E)               10.3s (X)
     in progress... |##                  | 010% :               01.0s (E)               10.2s (X)
     in progress... |###                 | 015% :               01.5s (E)               10.2s (X)
     in progress... |####                | 020% :               02.0s (E)               10.2s (X)
     in progress... |#####               | 025% :               02.5s (E)               10.2s (X)
     in progress... |######              | 030% :               03.0s (E)               10.2s (X)
     in progress... |#######             | 035% :               03.5s (E)               10.2s (X)
     in progress... |########            | 040% :               04.1s (E)               10.2s (X)
     in progress... |#########           | 045% :               04.6s (E)               10.2s (X)
     in progress... |##########          | 050% :               05.1s (E)               10.2s (X)
     in progress... |###########         | 055% :               05.6s (E)               10.2s (X)
     in progress... |############        | 060% :               06.1s (E)               10.2s (X)
     in progress... |#############       | 065% :               06.6s (E)               10.2s (X)
     in progress... |##############      | 070% :               07.1s (E)               10.2s (X)
     in progress... |###############     | 075% :               07.6s (E)               10.2s (X)
     in progress... |################    | 080% :               08.1s (E)               10.2s (X)
     in progress... |#################   | 085% :               08.7s (E)               10.2s (X)
     in progress... |##################  | 090% :               09.2s (E)               10.2s (X)
     in progress... |################### | 095% :               09.7s (E)               10.2s (X)
     in progress... |####################| 100% :               10.2s (E)               10.2s (X)
       
     --------------------------------------------------------------------------------------------
     Applying projection operator formed by dvg                          
     --------------------------------------------------------------------------------------------
     --------------------------------------------------------------------------------------------

     [I/O] -------------------------------------------------------
     [I/O] RESTART written in < 00.1s             
     [I/O] In location   : ./h2o2_20_400.wstat.restart
     [I/O] -------------------------------------------------------

                       *----------*              *----------*               *----------*
     #     Iteration = | starting |   DFPT_dim = |      400 |   Diago_dim = |      400 |  x 2/2
                       *----------*              *----------*               *----------*
       
     --------------------------------------------------------------------------------------------
     Applying projection operator formed by dvg                          
     --------------------------------------------------------------------------------------------
     per-process dynamical memory   213.0 Mb
  
       
     --------------------------------------------------------------------------------------------
     Sternheimer eq. solver... with threshold =   1.000000E-06           
     --------------------------------------------------------------------------------------------
     in progress... |#                   | 005% :               00.8s (E)               16.0s (X)
     in progress... |##                  | 010% :               01.5s (E)               15.9s (X)
     in progress... |###                 | 015% :               02.3s (E)               15.9s (X)
     in progress... |####                | 020% :               03.1s (E)               15.9s (X)
     in progress... |#####               | 025% :               03.9s (E)               15.8s (X)
     in progress... |######              | 030% :               04.7s (E)               15.8s (X)
     in progress... |#######             | 035% :               05.5s (E)               15.8s (X)
     in progress... |########            | 040% :               06.3s (E)               15.7s (X)
     in progress... |#########           | 045% :               07.0s (E)               15.7s (X)
     in progress... |##########          | 050% :               07.8s (E)               15.7s (X)
     in progress... |###########         | 055% :               08.6s (E)               15.6s (X)
     in progress... |############        | 060% :               09.3s (E)               15.6s (X)
     in progress... |#############       | 065% :               10.1s (E)               15.6s (X)
     in progress... |##############      | 070% :               10.9s (E)               15.6s (X)
     in progress... |###############     | 075% :               11.6s (E)               15.5s (X)
     in progress... |################    | 080% :               12.4s (E)               15.5s (X)
     in progress... |#################   | 085% :               13.2s (E)               15.5s (X)
     in progress... |##################  | 090% :               13.9s (E)               15.5s (X)
     in progress... |################### | 095% :               14.7s (E)               15.5s (X)
     in progress... |####################| 100% :               15.5s (E)               15.5s (X)
       
     --------------------------------------------------------------------------------------------
     Applying projection operator formed by dvg                          
     --------------------------------------------------------------------------------------------
     --------------------------------------------------------------------------------------------
     p-DIAGOX done in 00.3s with a SCALAPACK grid (12x12)
     --------------------------------------------------------------------------------------------
        
       -0.16542  -0.16353  -0.15466  -0.15344  -0.13895  -0.13841  -0.13740  -0.13565  -0.13469
       -0.11974  -0.11484  -0.11276  -0.10914  -0.10642  -0.10581  -0.10442  -0.10297  -0.10172
       -0.09940  -0.09733  -0.09634  -0.09038  -0.08861  -0.08670  -0.08110  -0.07978  -0.07017
       -0.06997  -0.06638  -0.06456  -0.06337  -0.06224  -0.05723  -0.05672  -0.05570  -0.05518
       -0.05478  -0.05238  -0.05076  -0.05000  -0.04850  -0.04803  -0.04735  -0.04660  -0.04644
       -0.04580  -0.04477  -0.04451  -0.04410  -0.04334  -0.04324  -0.04279  -0.04162  -0.04039
       -0.03946  -0.03941  -0.03895  -0.03792  -0.03683  -0.03623  -0.03609  -0.03587  -0.03518
       -0.03435  -0.03398  -0.03335  -0.03310  -0.03183  -0.03034  -0.03017  -0.02953  -0.02909
       -0.02850  -0.02818  -0.02784  -0.02773  -0.02743  -0.02731  -0.02716  -0.02641  -0.02621
       -0.02546  -0.02504  -0.02490  -0.02461  -0.02415  -0.02389  -0.02354  -0.02336  -0.02331
       -0.02319  -0.02278  -0.02264  -0.02246  -0.02231  -0.02167  -0.02165  -0.02147  -0.02133
       -0.02113  -0.02069  -0.02037  -0.02019  -0.02004  -0.01996  -0.01939  -0.01922  -0.01909
       -0.01889  -0.01879  -0.01864  -0.01825  -0.01804  -0.01780  -0.01769  -0.01733  -0.01721
       -0.01715  -0.01698  -0.01681  -0.01672  -0.01634  -0.01626  -0.01596  -0.01578  -0.01572
       -0.01550  -0.01537  -0.01524  -0.01485  -0.01482  -0.01452  -0.01447  -0.01431  -0.01415
       -0.01408  -0.01387  -0.01375  -0.01359  -0.01332  -0.01331  -0.01310  -0.01304  -0.01298
       -0.01283  -0.01274  -0.01263  -0.01249  -0.01238  -0.01230  -0.01225  -0.01207  -0.01200
       -0.01167  -0.01159  -0.01158  -0.01147  -0.01131  -0.01126  -0.01118  -0.01107  -0.01086
       -0.01082  -0.01081  -0.01065  -0.01056  -0.01043  -0.01033  -0.01028  -0.01021  -0.01013
       -0.01010  -0.01005  -0.00995  -0.00991  -0.00980  -0.00974  -0.00964  -0.00958  -0.00947
       -0.00930  -0.00929  -0.00913  -0.00905  -0.00892  -0.00889  -0.00881  -0.00874  -0.00868
       -0.00861  -0.00850  -0.00837  -0.00829  -0.00825  -0.00823  -0.00814  -0.00809  -0.00799
       -0.00787  -0.00786  -0.00779  -0.00772  -0.00768  -0.00760  -0.00757  -0.00752  -0.00744
       -0.00734  -0.00728  -0.00723  -0.00714  -0.00713  -0.00708  -0.00701  -0.00696  -0.00691
       -0.00680  -0.00671  -0.00670  -0.00662  -0.00656  -0.00650  -0.00649  -0.00642  -0.00641
       -0.00636  -0.00632  -0.00627  -0.00622  -0.00618  -0.00611  -0.00607  -0.00601  -0.00597
       -0.00594  -0.00588  -0.00585  -0.00577  -0.00568  -0.00566  -0.00563  -0.00559  -0.00549
       -0.00548  -0.00542  -0.00538  -0.00531  -0.00528  -0.00523  -0.00517  -0.00512  -0.00510
       -0.00507  -0.00499  -0.00496  -0.00494  -0.00489  -0.00486  -0.00483  -0.00478  -0.00476
       -0.00472  -0.00467  -0.00464  -0.00460  -0.00453  -0.00449  -0.00444  -0.00441  -0.00438
       -0.00436  -0.00429  -0.00426  -0.00424  -0.00422  -0.00418  -0.00417  -0.00413  -0.00409
       -0.00404  -0.00404  -0.00400  -0.00396  -0.00395  -0.00387  -0.00385  -0.00383  -0.00380
       -0.00379  -0.00375  -0.00373  -0.00369  -0.00364  -0.00363  -0.00359  -0.00359  -0.00352
       -0.00348  -0.00346  -0.00342  -0.00342  -0.00338  -0.00337  -0.00335  -0.00330  -0.00329
       -0.00326  -0.00321  -0.00318  -0.00316  -0.00314  -0.00311  -0.00308  -0.00306  -0.00302
       -0.00300  -0.00298  -0.00295  -0.00293  -0.00290  -0.00287  -0.00284  -0.00283  -0.00279
       -0.00276  -0.00275  -0.00272  -0.00271  -0.00269  -0.00267  -0.00265  -0.00265  -0.00262
       -0.00259  -0.00257  -0.00253  -0.00251  -0.00250  -0.00246  -0.00242  -0.00240  -0.00237
       -0.00235  -0.00234  -0.00231  -0.00228  -0.00227  -0.00223  -0.00221  -0.00220  -0.00217
       -0.00215  -0.00213  -0.00211  -0.00209  -0.00208  -0.00206  -0.00205  -0.00203  -0.00199
       -0.00198  -0.00196  -0.00193  -0.00190  -0.00188  -0.00187  -0.00186  -0.00182  -0.00181
       -0.00179  -0.00177  -0.00175  -0.00172  -0.00171  -0.00168  -0.00166  -0.00165  -0.00163
       -0.00162  -0.00159  -0.00157  -0.00154  -0.00151  -0.00150  -0.00149  -0.00146  -0.00144
       -0.00141  -0.00141  -0.00140  -0.00137  -0.00136  -0.00134  -0.00133  -0.00130  -0.00128
       -0.00127  -0.00124  -0.00121   0.00052
        
     --------------------------------------------------------------------------------------------
     Tot. elapsed time 48.3s,  time spent in last iteration 48.3s
     --------------------------------------------------------------------------------------------

     [I/O] -------------------------------------------------------
     [I/O] RESTART written in < 00.1s             
     [I/O] In location   : ./h2o2_20_400.wstat.restart
     [I/O] -------------------------------------------------------

                       *----------*              *----------*               *----------*
     #     Iteration = |        1 |   DFPT_dim = |      400 |   Diago_dim = |      800 |
                       *----------*              *----------*               *----------*
       
     --------------------------------------------------------------------------------------------
     Applying projection operator formed by dvg                          
     --------------------------------------------------------------------------------------------
     per-process dynamical memory   199.1 Mb
  
       
     --------------------------------------------------------------------------------------------
     Sternheimer eq. solver... with threshold =   1.000000E-12           
     --------------------------------------------------------------------------------------------
     in progress... |#                   | 005% :               00.9s (E)               19.3s (X)
     in progress... |##                  | 010% :               01.9s (E)               19.1s (X)
     in progress... |###                 | 015% :               02.8s (E)               19.1s (X)
     in progress... |####                | 020% :               03.8s (E)               19.1s (X)
     in progress... |#####               | 025% :               04.7s (E)               19.1s (X)
     in progress... |######              | 030% :               05.7s (E)               19.0s (X)
     in progress... |#######             | 035% :               06.6s (E)               19.0s (X)
     in progress... |########            | 040% :               07.6s (E)               19.0s (X)
     in progress... |#########           | 045% :               08.5s (E)               19.0s (X)
     in progress... |##########          | 050% :               09.5s (E)               19.0s (X)
     in progress... |###########         | 055% :               10.4s (E)               19.0s (X)
     in progress... |############        | 060% :               11.4s (E)               19.0s (X)
     in progress... |#############       | 065% :               12.3s (E)               19.0s (X)
     in progress... |##############      | 070% :               13.3s (E)               19.0s (X)
     in progress... |###############     | 075% :               14.2s (E)               18.9s (X)
     in progress... |################    | 080% :               15.1s (E)               18.9s (X)
     in progress... |#################   | 085% :               16.1s (E)               18.9s (X)
     in progress... |##################  | 090% :               17.0s (E)               18.9s (X)
     in progress... |################### | 095% :               18.0s (E)               18.9s (X)
     in progress... |####################| 100% :               18.9s (E)               18.9s (X)
       
     --------------------------------------------------------------------------------------------
     Applying projection operator formed by dvg                          
     --------------------------------------------------------------------------------------------
     --------------------------------------------------------------------------------------------
     p-DIAGOX done in 00.4s with a SCALAPACK grid (12x12)
     --------------------------------------------------------------------------------------------
        
       -0.16804  -0.16376  -0.15475  -0.15355  -0.14170  -0.13851  -0.13761  -0.13593  -0.13480
       -0.11980  -0.11492  -0.11285  -0.11057  -0.10652  -0.10589  -0.10451  -0.10306  -0.10181
       -0.09997  -0.09740  -0.09639  -0.09046  -0.08867  -0.08679  -0.08159  -0.07990  -0.07023
       -0.07003  -0.06652  -0.06499  -0.06357  -0.06239  -0.05747  -0.05700  -0.05597  -0.05536
       -0.05519  -0.05255  -0.05094  -0.05029  -0.04872  -0.04831  -0.04786  -0.04698  -0.04675
       -0.04623  -0.04510  -0.04479  -0.04442  -0.04365  -0.04357  -0.04326  -0.04207  -0.04092
       -0.04018  -0.03985  -0.03944  -0.03845  -0.03740  -0.03677  -0.03669  -0.03636  -0.03560
       -0.03490  -0.03449  -0.03409  -0.03379  -0.03246  -0.03158  -0.03075  -0.03059  -0.02976
       -0.02940  -0.02887  -0.02861  -0.02841  -0.02795  -0.02790  -0.02782  -0.02687  -0.02669
       -0.02622  -0.02568  -0.02560  -0.02526  -0.02477  -0.02470  -0.02442  -0.02440  -0.02412
       -0.02403  -0.02357  -0.02345  -0.02329  -0.02321  -0.02252  -0.02247  -0.02242  -0.02221
       -0.02215  -0.02153  -0.02115  -0.02109  -0.02100  -0.02090  -0.02047  -0.02024  -0.02011
       -0.02004  -0.01980  -0.01964  -0.01939  -0.01931  -0.01908  -0.01892  -0.01859  -0.01851
       -0.01825  -0.01820  -0.01805  -0.01802  -0.01771  -0.01760  -0.01739  -0.01736  -0.01710
       -0.01698  -0.01694  -0.01667  -0.01634  -0.01621  -0.01595  -0.01572  -0.01571  -0.01566
       -0.01549  -0.01537  -0.01521  -0.01506  -0.01497  -0.01482  -0.01479  -0.01442  -0.01426
       -0.01413  -0.01398  -0.01390  -0.01379  -0.01375  -0.01371  -0.01357  -0.01351  -0.01328
       -0.01326  -0.01300  -0.01298  -0.01296  -0.01285  -0.01279  -0.01275  -0.01267  -0.01248
       -0.01246  -0.01237  -0.01223  -0.01217  -0.01215  -0.01212  -0.01198  -0.01187  -0.01184
       -0.01180  -0.01174  -0.01166  -0.01161  -0.01157  -0.01147  -0.01132  -0.01125  -0.01117
       -0.01116  -0.01111  -0.01099  -0.01092  -0.01084  -0.01075  -0.01065  -0.01057  -0.01047
       -0.01045  -0.01043  -0.01031  -0.01027  -0.01020  -0.01004  -0.00999  -0.00997  -0.00993
       -0.00989  -0.00985  -0.00979  -0.00971  -0.00964  -0.00952  -0.00950  -0.00946  -0.00939
       -0.00927  -0.00914  -0.00914  -0.00910  -0.00908  -0.00906  -0.00897  -0.00891  -0.00885
       -0.00881  -0.00875  -0.00857  -0.00854  -0.00841  -0.00840  -0.00836  -0.00830  -0.00827
       -0.00820  -0.00818  -0.00813  -0.00811  -0.00809  -0.00805  -0.00803  -0.00799  -0.00795
       -0.00791  -0.00787  -0.00784  -0.00780  -0.00775  -0.00769  -0.00768  -0.00761  -0.00755
       -0.00752  -0.00748  -0.00745  -0.00738  -0.00734  -0.00732  -0.00723  -0.00718  -0.00712
       -0.00709  -0.00705  -0.00703  -0.00700  -0.00696  -0.00694  -0.00690  -0.00688  -0.00684
       -0.00682  -0.00679  -0.00673  -0.00669  -0.00667  -0.00665  -0.00658  -0.00657  -0.00654
       -0.00650  -0.00645  -0.00640  -0.00639  -0.00637  -0.00634  -0.00629  -0.00626  -0.00624
       -0.00621  -0.00616  -0.00613  -0.00609  -0.00607  -0.00604  -0.00600  -0.00599  -0.00595
       -0.00592  -0.00589  -0.00587  -0.00584  -0.00581  -0.00578  -0.00571  -0.00569  -0.00565
       -0.00563  -0.00561  -0.00559  -0.00555  -0.00554  -0.00552  -0.00551  -0.00549  -0.00548
       -0.00542  -0.00539  -0.00537  -0.00533  -0.00532  -0.00528  -0.00524  -0.00519  -0.00518
       -0.00517  -0.00515  -0.00510  -0.00509  -0.00507  -0.00506  -0.00504  -0.00501  -0.00497
       -0.00495  -0.00493  -0.00491  -0.00489  -0.00487  -0.00485  -0.00482  -0.00478  -0.00476
       -0.00474  -0.00474  -0.00472  -0.00468  -0.00465  -0.00464  -0.00462  -0.00459  -0.00455
       -0.00453  -0.00452  -0.00451  -0.00448  -0.00445  -0.00445  -0.00441  -0.00438  -0.00436
       -0.00434  -0.00431  -0.00429  -0.00427  -0.00426  -0.00426  -0.00423  -0.00418  -0.00416
       -0.00415  -0.00413  -0.00412  -0.00411  -0.00409  -0.00405  -0.00403  -0.00402  -0.00399
       -0.00397  -0.00395  -0.00393  -0.00391  -0.00389  -0.00388  -0.00386  -0.00382  -0.00381
       -0.00378  -0.00377  -0.00376  -0.00376  -0.00372  -0.00370  -0.00369  -0.00367  -0.00366
       -0.00365  -0.00362  -0.00359  -0.00358  -0.00357  -0.00355  -0.00352  -0.00351  -0.00351
       -0.00348  -0.00346  -0.00343  -0.00343
        
     --------------------------------------------------------------------------------------------
     Tot. elapsed time 01m-34.1s,  time spent in last iteration 31.4s
     --------------------------------------------------------------------------------------------

     [I/O] -------------------------------------------------------
     [I/O] RESTART written in < 00.1s             
     [I/O] In location   : ./h2o2_20_400.wstat.restart
     [I/O] -------------------------------------------------------

                       *----------*              *----------*               *----------*
     #     Iteration = |        2 |   DFPT_dim = |      302 |   Diago_dim = |     1102 |
                       *----------*              *----------*               *----------*
       
     --------------------------------------------------------------------------------------------
     Applying projection operator formed by dvg                          
     --------------------------------------------------------------------------------------------
     per-process dynamical memory   199.7 Mb
  
       
     --------------------------------------------------------------------------------------------
     Sternheimer eq. solver... with threshold =   1.000000E-12           
     --------------------------------------------------------------------------------------------
     in progress... |#                   | 005% :               00.9s (E)               18.9s (X)
     in progress... |##                  | 010% :               01.8s (E)               18.8s (X)
     in progress... |###                 | 015% :               02.3s (E)               15.7s (X)
     in progress... |####                | 020% :               03.3s (E)               16.5s (X)
     in progress... |#####               | 025% :               03.7s (E)               15.1s (X)
     in progress... |######              | 030% :               04.7s (E)               15.7s (X)
     in progress... |#######             | 035% :               05.1s (E)               14.8s (X)
     in progress... |########            | 040% :               06.1s (E)               15.3s (X)
     in progress... |#########           | 045% :               06.5s (E)               14.6s (X)
     in progress... |##########          | 050% :               07.6s (E)               15.2s (X)
     in progress... |###########         | 055% :               08.5s (E)               15.5s (X)
     in progress... |############        | 060% :               09.0s (E)               15.0s (X)
     in progress... |#############       | 065% :               09.9s (E)               15.3s (X)
     in progress... |##############      | 070% :               10.4s (E)               14.9s (X)
     in progress... |###############     | 075% :               11.4s (E)               15.2s (X)
     in progress... |################    | 080% :               11.8s (E)               14.8s (X)
     in progress... |#################   | 085% :               12.8s (E)               15.0s (X)
     in progress... |##################  | 090% :               13.2s (E)               14.7s (X)
     in progress... |################### | 095% :               14.2s (E)               14.9s (X)
     in progress... |####################| 100% :               14.6s (E)               14.6s (X)
       
     --------------------------------------------------------------------------------------------
     Applying projection operator formed by dvg                          
     --------------------------------------------------------------------------------------------
     --------------------------------------------------------------------------------------------
     p-DIAGOX done in 00.6s with a SCALAPACK grid (12x12)
     --------------------------------------------------------------------------------------------
        
       -0.16804  -0.16376  -0.15476  -0.15356  -0.14170  -0.13851  -0.13761  -0.13593  -0.13480
       -0.11980  -0.11492  -0.11285  -0.11057  -0.10652  -0.10589  -0.10451  -0.10306  -0.10181
       -0.09997  -0.09740  -0.09639  -0.09046  -0.08867  -0.08679  -0.08159  -0.07990  -0.07023
       -0.07003  -0.06652  -0.06499  -0.06357  -0.06239  -0.05747  -0.05700  -0.05597  -0.05536
       -0.05519  -0.05255  -0.05094  -0.05029  -0.04872  -0.04831  -0.04787  -0.04698  -0.04675
       -0.04623  -0.04510  -0.04479  -0.04442  -0.04365  -0.04358  -0.04326  -0.04207  -0.04092
       -0.04018  -0.03985  -0.03944  -0.03845  -0.03740  -0.03677  -0.03670  -0.03636  -0.03561
       -0.03490  -0.03449  -0.03409  -0.03379  -0.03246  -0.03158  -0.03075  -0.03059  -0.02976
       -0.02940  -0.02887  -0.02861  -0.02841  -0.02795  -0.02790  -0.02782  -0.02687  -0.02669
       -0.02622  -0.02569  -0.02560  -0.02526  -0.02477  -0.02470  -0.02442  -0.02440  -0.02412
       -0.02403  -0.02357  -0.02345  -0.02330  -0.02321  -0.02253  -0.02248  -0.02242  -0.02221
       -0.02215  -0.02154  -0.02115  -0.02109  -0.02100  -0.02091  -0.02047  -0.02025  -0.02011
       -0.02005  -0.01981  -0.01964  -0.01940  -0.01932  -0.01909  -0.01893  -0.01860  -0.01851
       -0.01826  -0.01821  -0.01806  -0.01803  -0.01772  -0.01761  -0.01740  -0.01736  -0.01711
       -0.01699  -0.01695  -0.01668  -0.01635  -0.01622  -0.01596  -0.01574  -0.01572  -0.01567
       -0.01550  -0.01538  -0.01522  -0.01507  -0.01498  -0.01484  -0.01480  -0.01443  -0.01427
       -0.01415  -0.01399  -0.01392  -0.01380  -0.01377  -0.01373  -0.01359  -0.01352  -0.01330
       -0.01328  -0.01302  -0.01300  -0.01298  -0.01288  -0.01281  -0.01277  -0.01268  -0.01250
       -0.01248  -0.01240  -0.01226  -0.01220  -0.01217  -0.01215  -0.01201  -0.01189  -0.01186
       -0.01183  -0.01177  -0.01169  -0.01165  -0.01160  -0.01150  -0.01135  -0.01129  -0.01120
       -0.01119  -0.01114  -0.01103  -0.01095  -0.01087  -0.01078  -0.01070  -0.01061  -0.01050
       -0.01049  -0.01046  -0.01036  -0.01031  -0.01024  -0.01010  -0.01004  -0.01002  -0.00998
       -0.00995  -0.00990  -0.00985  -0.00977  -0.00970  -0.00958  -0.00955  -0.00952  -0.00947
       -0.00933  -0.00922  -0.00920  -0.00915  -0.00913  -0.00911  -0.00903  -0.00898  -0.00894
       -0.00887  -0.00883  -0.00863  -0.00862  -0.00849  -0.00846  -0.00844  -0.00838  -0.00836
       -0.00828  -0.00824  -0.00820  -0.00818  -0.00816  -0.00814  -0.00811  -0.00808  -0.00803
       -0.00800  -0.00795  -0.00793  -0.00789  -0.00787  -0.00780  -0.00779  -0.00773  -0.00764
       -0.00760  -0.00758  -0.00755  -0.00749  -0.00748  -0.00743  -0.00735  -0.00728  -0.00723
       -0.00720  -0.00717  -0.00717  -0.00712  -0.00709  -0.00707  -0.00701  -0.00699  -0.00696
       -0.00694  -0.00692  -0.00688  -0.00681  -0.00679  -0.00678  -0.00674  -0.00672  -0.00668
       -0.00664  -0.00658  -0.00654  -0.00652  -0.00651  -0.00647  -0.00646  -0.00645  -0.00641
       -0.00640  -0.00635  -0.00632  -0.00624  -0.00622  -0.00620  -0.00617  -0.00615  -0.00615
       -0.00609  -0.00608  -0.00603  -0.00602  -0.00600  -0.00594  -0.00589  -0.00588  -0.00586
       -0.00583  -0.00581  -0.00578  -0.00577  -0.00574  -0.00573  -0.00569  -0.00569  -0.00566
       -0.00565  -0.00564  -0.00562  -0.00558  -0.00553  -0.00553  -0.00552  -0.00546  -0.00545
       -0.00538  -0.00537  -0.00536  -0.00532  -0.00529  -0.00529  -0.00524  -0.00524  -0.00520
       -0.00519  -0.00518  -0.00516  -0.00515  -0.00513  -0.00511  -0.00509  -0.00505  -0.00504
       -0.00502  -0.00498  -0.00497  -0.00493  -0.00491  -0.00490  -0.00485  -0.00485  -0.00483
       -0.00483  -0.00479  -0.00476  -0.00475  -0.00475  -0.00472  -0.00471  -0.00467  -0.00466
       -0.00466  -0.00464  -0.00457  -0.00455  -0.00454  -0.00453  -0.00453  -0.00448  -0.00447
       -0.00446  -0.00444  -0.00444  -0.00440  -0.00439  -0.00437  -0.00436  -0.00433  -0.00432
       -0.00431  -0.00430  -0.00429  -0.00428  -0.00426  -0.00423  -0.00421  -0.00420  -0.00418
       -0.00418  -0.00416  -0.00415  -0.00413  -0.00411  -0.00410  -0.00406  -0.00406  -0.00405
       -0.00402  -0.00401  -0.00399  -0.00395  -0.00394  -0.00392  -0.00391  -0.00390  -0.00389
       -0.00388  -0.00385  -0.00384  -0.00383
        
     --------------------------------------------------------------------------------------------
     Tot. elapsed time 02m-16.8s,  time spent in last iteration 28.4s
     --------------------------------------------------------------------------------------------

     [I/O] -------------------------------------------------------
     [I/O] RESTART written in < 00.1s             
     [I/O] In location   : ./h2o2_20_400.wstat.restart
     [I/O] -------------------------------------------------------

                       *----------*              *----------*               *----------*
     #     Iteration = |        3 |   DFPT_dim = |       20 |   Diago_dim = |     1122 |
                       *----------*              *----------*               *----------*
       
     --------------------------------------------------------------------------------------------
     Applying projection operator formed by dvg                          
     --------------------------------------------------------------------------------------------
     per-process dynamical memory   194.3 Mb
  
       
     --------------------------------------------------------------------------------------------
     Sternheimer eq. solver... with threshold =   1.000000E-12           
     --------------------------------------------------------------------------------------------
     in progress... |##########          | 050% :               00.4s (E)               00.9s (X)
     in progress... |####################| 100% :               00.9s (E)               00.9s (X)
       
     --------------------------------------------------------------------------------------------
     Applying projection operator formed by dvg                          
     --------------------------------------------------------------------------------------------
     --------------------------------------------------------------------------------------------
     p-DIAGOX done in 00.6s with a SCALAPACK grid (12x12)
     --------------------------------------------------------------------------------------------
        
       -0.16804  -0.16376  -0.15476  -0.15356  -0.14170  -0.13851  -0.13761  -0.13593  -0.13480
       -0.11980  -0.11492  -0.11285  -0.11057  -0.10652  -0.10589  -0.10451  -0.10306  -0.10181
       -0.09997  -0.09740  -0.09639  -0.09046  -0.08867  -0.08679  -0.08159  -0.07990  -0.07023
       -0.07003  -0.06652  -0.06499  -0.06357  -0.06239  -0.05747  -0.05700  -0.05597  -0.05536
       -0.05519  -0.05255  -0.05094  -0.05029  -0.04872  -0.04831  -0.04787  -0.04698  -0.04675
       -0.04623  -0.04510  -0.04479  -0.04442  -0.04365  -0.04358  -0.04326  -0.04207  -0.04092
       -0.04018  -0.03985  -0.03944  -0.03845  -0.03740  -0.03677  -0.03670  -0.03636  -0.03561
       -0.03490  -0.03449  -0.03409  -0.03379  -0.03246  -0.03158  -0.03075  -0.03059  -0.02976
       -0.02940  -0.02887  -0.02861  -0.02841  -0.02795  -0.02790  -0.02782  -0.02687  -0.02669
       -0.02622  -0.02569  -0.02560  -0.02526  -0.02477  -0.02470  -0.02442  -0.02440  -0.02412
       -0.02403  -0.02357  -0.02345  -0.02330  -0.02321  -0.02253  -0.02248  -0.02242  -0.02221
       -0.02215  -0.02154  -0.02115  -0.02109  -0.02100  -0.02091  -0.02047  -0.02025  -0.02011
       -0.02005  -0.01981  -0.01964  -0.01940  -0.01932  -0.01909  -0.01893  -0.01860  -0.01851
       -0.01826  -0.01821  -0.01806  -0.01803  -0.01772  -0.01761  -0.01740  -0.01736  -0.01711
       -0.01699  -0.01695  -0.01668  -0.01635  -0.01622  -0.01596  -0.01574  -0.01572  -0.01567
       -0.01550  -0.01538  -0.01522  -0.01507  -0.01498  -0.01484  -0.01480  -0.01443  -0.01427
       -0.01415  -0.01399  -0.01392  -0.01380  -0.01377  -0.01373  -0.01359  -0.01352  -0.01330
       -0.01328  -0.01302  -0.01300  -0.01298  -0.01288  -0.01281  -0.01277  -0.01268  -0.01250
       -0.01248  -0.01240  -0.01226  -0.01220  -0.01217  -0.01215  -0.01201  -0.01189  -0.01186
       -0.01183  -0.01177  -0.01169  -0.01165  -0.01160  -0.01150  -0.01135  -0.01129  -0.01120
       -0.01119  -0.01114  -0.01103  -0.01095  -0.01087  -0.01078  -0.01070  -0.01061  -0.01050
       -0.01049  -0.01046  -0.01036  -0.01031  -0.01024  -0.01010  -0.01004  -0.01002  -0.00998
       -0.00995  -0.00990  -0.00985  -0.00977  -0.00970  -0.00958  -0.00955  -0.00952  -0.00947
       -0.00933  -0.00922  -0.00920  -0.00915  -0.00913  -0.00911  -0.00903  -0.00898  -0.00894
       -0.00887  -0.00883  -0.00863  -0.00862  -0.00849  -0.00846  -0.00844  -0.00838  -0.00836
       -0.00828  -0.00824  -0.00820  -0.00818  -0.00816  -0.00814  -0.00811  -0.00808  -0.00803
       -0.00800  -0.00795  -0.00793  -0.00789  -0.00787  -0.00780  -0.00779  -0.00773  -0.00764
       -0.00760  -0.00758  -0.00755  -0.00749  -0.00748  -0.00743  -0.00735  -0.00728  -0.00723
       -0.00720  -0.00717  -0.00717  -0.00712  -0.00709  -0.00707  -0.00701  -0.00699  -0.00696
       -0.00694  -0.00692  -0.00688  -0.00682  -0.00679  -0.00678  -0.00675  -0.00672  -0.00668
       -0.00664  -0.00658  -0.00654  -0.00652  -0.00651  -0.00647  -0.00646  -0.00645  -0.00641
       -0.00640  -0.00635  -0.00633  -0.00624  -0.00622  -0.00620  -0.00617  -0.00615  -0.00615
       -0.00609  -0.00608  -0.00603  -0.00602  -0.00600  -0.00594  -0.00590  -0.00588  -0.00586
       -0.00583  -0.00581  -0.00578  -0.00578  -0.00574  -0.00573  -0.00569  -0.00569  -0.00567
       -0.00565  -0.00564  -0.00562  -0.00558  -0.00553  -0.00553  -0.00552  -0.00546  -0.00545
       -0.00538  -0.00537  -0.00536  -0.00532  -0.00530  -0.00529  -0.00524  -0.00524  -0.00521
       -0.00519  -0.00518  -0.00516  -0.00515  -0.00513  -0.00511  -0.00509  -0.00506  -0.00504
       -0.00502  -0.00498  -0.00497  -0.00493  -0.00491  -0.00490  -0.00485  -0.00485  -0.00484
       -0.00483  -0.00479  -0.00477  -0.00476  -0.00475  -0.00472  -0.00471  -0.00467  -0.00466
       -0.00466  -0.00464  -0.00457  -0.00456  -0.00454  -0.00453  -0.00453  -0.00448  -0.00447
       -0.00446  -0.00444  -0.00444  -0.00440  -0.00439  -0.00437  -0.00437  -0.00434  -0.00432
       -0.00431  -0.00431  -0.00429  -0.00428  -0.00427  -0.00424  -0.00422  -0.00421  -0.00420
       -0.00418  -0.00418  -0.00418  -0.00414  -0.00413  -0.00412  -0.00408  -0.00406  -0.00406
       -0.00405  -0.00404  -0.00401  -0.00398  -0.00397  -0.00394  -0.00393  -0.00393  -0.00392
       -0.00392  -0.00388  -0.00387  -0.00386
        
     --------------------------------------------------------------------------------------------
     Tot. elapsed time 02m-38.6s,  time spent in last iteration 07.4s
     --------------------------------------------------------------------------------------------
       
     --------------------------------------------------------------------------------------------
     Convergence achieved !!! in        3 steps                          
     --------------------------------------------------------------------------------------------
      
     --------------------------------------------------------------------------------------------
     Database written in < 00.1s             
     In location : ./h2o2_20_400.wstat.save
     --------------------------------------------------------------------------------------------
 
     WSTAT        :  3m17.94s CPU     5m27.24s WALL

     wstat_readin :      6.20s CPU     42.32s WALL (       1 calls)
     fetch_nml    :      0.02s CPU      0.02s WALL (       1 calls)
     read_xml     :      1.29s CPU      1.60s WALL (       1 calls)
     init_vloc    :      0.10s CPU      0.11s WALL (       2 calls)
     fft          :      0.26s CPU      0.28s WALL (      11 calls)
     fft_scatter  :     19.75s CPU     19.92s WALL (    5631 calls)
     v_of_rho     :      0.30s CPU      0.31s WALL (       1 calls)
     v_xc         :      0.27s CPU      0.28s WALL (       1 calls)
     v_h          :      0.03s CPU      0.04s WALL (       1 calls)
     read_wave    :      4.88s CPU     40.55s WALL (       1 calls)
     davcio       :      0.00s CPU      3.87s WALL (       2 calls)
     init_us_1    :      0.05s CPU      0.05s WALL (       2 calls)
     do_setup     :      0.20s CPU      0.21s WALL (       1 calls)
     init_pw_ar   :      0.19s CPU      0.21s WALL (       1 calls)
     init_at_1    :      0.00s CPU      0.00s WALL (       1 calls)
     storesqvc    :      0.00s CPU      0.00s WALL (       1 calls)
     chidiago     :     58.61s CPU     81.34s WALL (       1 calls)
     randomize    :      0.97s CPU      0.99s WALL (       2 calls)
     paramgs      :     12.85s CPU     12.97s WALL (      12 calls)
     dfpt         :    113.38s CPU    114.25s WALL (      11 calls)
     init_us_2    :      0.04s CPU      0.04s WALL (      11 calls)
     fftw         :     53.15s CPU     53.55s WALL (    5620 calls)
     alphapc      :      0.36s CPU      0.36s WALL (     164 calls)
     wstat_restar :     23.91s CPU     86.74s WALL (       9 calls)
     linstern     :     60.81s CPU     61.29s WALL (     122 calls)
     stern        :     46.98s CPU     47.35s WALL (    4200 calls)
     h_psi_bgrp   :     37.31s CPU     37.65s WALL (     405 calls)
     h_psi        :     37.31s CPU     37.64s WALL (     405 calls)
     h_psi:pot    :     37.10s CPU     37.44s WALL (     405 calls)
     vloc_psi     :     34.70s CPU     35.02s WALL (     405 calls)
     h_psi:calbec :      1.36s CPU      1.28s WALL (     405 calls)
     calbec       :      1.36s CPU      1.28s WALL (     405 calls)
     add_vuspsi   :      1.05s CPU      1.14s WALL (     405 calls)
     alphapv      :      5.61s CPU      5.65s WALL (    4200 calls)
     build_hr     :      7.26s CPU      7.46s WALL (       9 calls)
     diagox       :      2.14s CPU      2.17s WALL (       9 calls)
     redistr_vr   :      0.28s CPU      0.29s WALL (       7 calls)
     update_vr    :     11.96s CPU     12.26s WALL (       7 calls)
     symm_hr      :      0.29s CPU      0.30s WALL (       7 calls)
     chidiago:las :      0.13s CPU      0.14s WALL (       2 calls)
     refresh_vr   :      4.70s CPU      4.76s WALL (       4 calls)
     pdep_db      :      0.57s CPU      1.83s WALL (       1 calls)
     kinchidiago  :    132.93s CPU    203.33s WALL (       1 calls)
     k_psi        :      1.40s CPU      1.48s WALL (    3795 calls)
     kinchidiago: :      0.00s CPU      0.00s WALL (       1 calls)
     pdep_db_for_ :     10.41s CPU     36.97s WALL (       1 calls)
 
     WSTAT        :  3m17.94s CPU     5m27.24s WALL

 
   This run was terminated on:  14:38:27   1Jul2018            

=------------------------------------------------------------------------------=
   JOB DONE.
=------------------------------------------------------------------------------=
