
     Program WSTAT v. 2.0.0 starts on  1Jul2018 at 15:12:48 

     This program is part of the open-source West suite
     for massively parallel calculations of excited states in materials; please cite
         "M. Govoni et al., J. Chem. Theory Comput. 11, 2680 (2015);
          URL http://www.west-code.org", 
     in publications or presentations arising from this work.

     Based on the Quantum ESPRESSO v. 6.1 svn rev. 13369
       
     --------------------------------------------------------------------------------------------
     **MPI** Parallelization Status                                      
     --------------------------------------------------------------------------------------------
                   160                  10             1             1            16
     --------------------------------------------------------------------------------------------
                     N         =         I      X      P      X      B      X      Z
                     ^                   ^             ^             ^             ^
                     |                   |             |             |             |
                   #rnk                  |             |             |             |
                                      #image           |             |             |
                                                     #pool           |             |
                                                                   #bgrp           |
                                                                                 #R&G
     --------------------------------------------------------------------------------------------
     **OPENMP** Parallelization Status
     #thr/rnk               =            1
     --------------------------------------------------------------------------------------------
     #prc = (rnk) * (thr) =          160
     --------------------------------------------------------------------------------------------
       
     --------------------------------------------------------------------------------------------
     I/O Summary : input_west                                            
     --------------------------------------------------------------------------------------------
     qe_prefix      = h2o2
     west_prefix    = h2o2
     outdir         = ./
     --------------------------------------------------------------------------------------------
       
     --------------------------------------------------------------------------------------------
     I/O Summary : wstat_control                                         
     --------------------------------------------------------------------------------------------
     wstat_calculation              =              S
     n_pdep_eigen                   =            500
     n_kin_pdep_eigen               =              0
     n_lindhard_eigen               =              0
     n_pdep_times                   =              4
     n_pdep_maxiter                 =            100
     n_dfpt_maxiter                 =            250
     n_pdep_read_from_file          =              0
     trev_pdep                      =   1.000000E-03
     trev_pdep_rel                  =   1.000000E-01
     tr2_dfpt                       =   1.000000E-12
     l_kinetic_only                 =              F
     l_minimize_exx_if_active       =              F
     l_use_ecutrho                  =              F
     l_pure_eigen                   =              F
     --------------------------------------------------------------------------------------------

     Reading data from directory:
     ./h2o2.save

   Info: using nr1, nr2, nr3 values from input

   Info: using nr1, nr2, nr3 values from input

     IMPORTANT: XC functional enforced from input :
     Exchange-correlation      = PBE ( 1  4  3  4 0 0)
     Any further DFT definition will be discarded
     Please, verify this is what you really want

     Message from routine readpp:
     file ./h2o2.save/O_ONCV_PBE-1.0.upf not found
     Message from routine readpp:
     file ./h2o2.save/H_ONCV_PBE-1.0.upf not found
 
     Parallelization info
     --------------------
     sticks:   dense  smooth     PW     G-vecs:    dense   smooth      PW
     Min        1520    1520    379               178660   178660   22323
     Max        1522    1522    384               178666   178666   22328
     Sum       24345   24345   6093              2858633  2858633  357213
 
       
     --------------------------------------------------------------------------------------------
     System Overview                                                     
     --------------------------------------------------------------------------------------------
     gamma_only           =              T
     ecutwfc [Ry]         =      85.000000
     omega [au^3]         =   2.700000E+04
     glob. #G             =         178607
     nbnd                 =            100
     nkstot               =              1
     nspin                =              1
     nelec                =      14.000000
     npol                 =              1
     lsda                 =              F
     noncolin             =              F
     lspinorb             =              F
     domag                =              F
     --------------------------------------------------------------------------------------------

     sFFT G-space:  1429317 G-vectors     R-space: ( 180, 180, 180)
     dFFT G-space:  1429317 G-vectors     R-space: ( 180, 180, 180)

     Cell [a.u.]          =      30.000000      0.000000      0.000000
                          =       0.000000     30.000000      0.000000
                          =       0.000000      0.000000     30.000000
      
     number of ks points=     1
                       cart. coord. in units 2pi/alat
        k(    1) = (   0.0000000   0.0000000   0.0000000), wk =   2.0000000

                       cryst. coord.
        k(    1) = (   0.0000000   0.0000000   0.0000000), wk =   2.0000000
 
     Spherical div        =   1.654268E-01
     Orthorombic div      =   1.628502E-01
       
     --------------------------------------------------------------------------------------------
     Parallelization for nvecx                                           
     --------------------------------------------------------------------------------------------
     nglob                =           2000
     nlevel               =             10
     Min nglob/nlevel     =            200
     Max nglob/nlevel     =            200
     --------------------------------------------------------------------------------------------

     [MEM] ----------------------------------------------------------
     [MEM] **Memory** analysis: QE
     [MEM] ----------------------------------------------------------
     [MEM] Allocated arrays           est. size (Mb)     dimensions
     [MEM] ----------------------------------------------------------
     [MEM] Kohn-Sham Wavefunctions      17.03 Mb     (  11164,  100)
     [MEM] NL pseudopotentials           3.41 Mb     (  11164,   20)
     [MEM] Each V/rho on FFT grid        5.93 Mb     ( 388800)
     [MEM] Each G-vector array           0.68 Mb     (  89333)
     [MEM] G-vector shells               0.05 Mb     (   6125)
     [MEM] ----------------------------------------------------------
     [MEM] TOT                          27.10 Mb
     [MEM] ----------------------------------------------------------
     [MEM] 
     [MEM] ----------------------------------------------------------
     [MEM] **Memory** analysis: WSTAT global
     [MEM] ----------------------------------------------------------
     [MEM] Allocated arrays           est. size (Mb)     dimensions
     [MEM] ----------------------------------------------------------
     [MEM] dvg                          34.07 Mb     (  11164,  200)
     [MEM] dng                          34.07 Mb     (  11164,  200)
     [MEM] hr_distr                      3.05 Mb     (   2000,  200)
     [MEM] vr_distr                      3.05 Mb     (   2000,  200)
     [MEM] ----------------------------------------------------------
     [MEM] TOT                          74.24 Mb
     [MEM] ----------------------------------------------------------
     [MEM] 
     [MEM] ----------------------------------------------------------
     [MEM] **Memory** analysis: WSTAT temporary
     [MEM] ----------------------------------------------------------
     [MEM] Allocated arrays           est. size (Mb)     dimensions
     [MEM] ----------------------------------------------------------
     [MEM] dvpsi                         1.19 Mb     (  11164,    7)
     [MEM] dpsi                          1.19 Mb     (  11164,    7)
     [MEM] ----------------------------------------------------------
     [MEM] Total estimate                2.38 Mb
     [MEM] ----------------------------------------------------------

                       *----------*              *----------*               *----------*
     #     Iteration = | starting |   DFPT_dim = |      500 |   Diago_dim = |      500 |  x 1/2
                       *----------*              *----------*               *----------*
     per-process dynamical memory   185.2 Mb
  
       
     --------------------------------------------------------------------------------------------
     Sternheimer eq. solver... with lite-solver                          
     --------------------------------------------------------------------------------------------
     in progress... |#                   | 005% :               00.7s (E)               15.3s (X)
     in progress... |##                  | 010% :               01.2s (E)               12.6s (X)
     in progress... |###                 | 015% :               02.0s (E)               13.5s (X)
     in progress... |####                | 020% :               02.5s (E)               12.6s (X)
     in progress... |#####               | 025% :               03.2s (E)               13.1s (X)
     in progress... |######              | 030% :               03.8s (E)               12.6s (X)
     in progress... |#######             | 035% :               04.5s (E)               13.0s (X)
     in progress... |########            | 040% :               05.0s (E)               12.6s (X)
     in progress... |#########           | 045% :               05.8s (E)               12.9s (X)
     in progress... |##########          | 050% :               06.3s (E)               12.6s (X)
     in progress... |###########         | 055% :               07.0s (E)               12.9s (X)
     in progress... |############        | 060% :               07.6s (E)               12.6s (X)
     in progress... |#############       | 065% :               08.3s (E)               12.8s (X)
     in progress... |##############      | 070% :               08.8s (E)               12.6s (X)
     in progress... |###############     | 075% :               09.6s (E)               12.8s (X)
     in progress... |################    | 080% :               10.1s (E)               12.6s (X)
     in progress... |#################   | 085% :               10.8s (E)               12.8s (X)
     in progress... |##################  | 090% :               11.3s (E)               12.6s (X)
     in progress... |################### | 095% :               12.1s (E)               12.7s (X)
     in progress... |####################| 100% :               12.6s (E)               12.6s (X)
     --------------------------------------------------------------------------------------------

     [I/O] -------------------------------------------------------
     [I/O] RESTART written in < 00.1s             
     [I/O] In location   : ./h2o2_500.wstat.restart
     [I/O] -------------------------------------------------------

                       *----------*              *----------*               *----------*
     #     Iteration = | starting |   DFPT_dim = |      500 |   Diago_dim = |      500 |  x 2/2
                       *----------*              *----------*               *----------*
     per-process dynamical memory   187.5 Mb
  
       
     --------------------------------------------------------------------------------------------
     Sternheimer eq. solver... with threshold =   1.000000E-06           
     --------------------------------------------------------------------------------------------
     in progress... |#                   | 005% :               09.8s (E)           03m-16.8s (X)
     in progress... |##                  | 010% :               16.3s (E)           02m-43.2s (X)
     in progress... |###                 | 015% :               25.8s (E)           02m-52.1s (X)
     in progress... |####                | 020% :               32.4s (E)           02m-42.2s (X)
     in progress... |#####               | 025% :               42.1s (E)           02m-48.7s (X)
     in progress... |######              | 030% :               48.2s (E)           02m-40.8s (X)
     in progress... |#######             | 035% :               57.3s (E)           02m-43.9s (X)
     in progress... |########            | 040% :           01m-03.4s (E)           02m-38.6s (X)
     in progress... |#########           | 045% :           01m-12.4s (E)           02m-41.0s (X)
     in progress... |##########          | 050% :           01m-18.7s (E)           02m-37.4s (X)
     in progress... |###########         | 055% :           01m-27.7s (E)           02m-39.5s (X)
     in progress... |############        | 060% :           01m-33.6s (E)           02m-36.1s (X)
     in progress... |#############       | 065% :           01m-42.5s (E)           02m-37.7s (X)
     in progress... |##############      | 070% :           01m-48.4s (E)           02m-34.9s (X)
     in progress... |###############     | 075% :           01m-57.3s (E)           02m-36.4s (X)
     in progress... |################    | 080% :           02m-03.1s (E)           02m-33.9s (X)
     in progress... |#################   | 085% :           02m-11.9s (E)           02m-35.1s (X)
     in progress... |##################  | 090% :           02m-17.7s (E)           02m-33.0s (X)
     in progress... |################### | 095% :           02m-26.3s (E)           02m-34.0s (X)
     in progress... |####################| 100% :           02m-32.1s (E)           02m-32.1s (X)
     --------------------------------------------------------------------------------------------
     p-DIAGOX done in 00.5s with a SCALAPACK grid (12x12)
     --------------------------------------------------------------------------------------------
        
       -3.31655  -1.74158  -1.09282  -1.02948  -0.92852  -0.76053  -0.70225  -0.66550  -0.61287
       -0.54056  -0.47945  -0.46923  -0.43852  -0.42960  -0.37542  -0.35335  -0.34759  -0.30315
       -0.30062  -0.28557  -0.28069  -0.26798  -0.25149  -0.24027  -0.21568  -0.21283  -0.20298
       -0.20104  -0.18759  -0.17173  -0.16948  -0.16572  -0.15225  -0.15096  -0.14955  -0.14904
       -0.14799  -0.14657  -0.14153  -0.13929  -0.13483  -0.13230  -0.12832  -0.12287  -0.11167
       -0.11083  -0.10014  -0.09999  -0.09388  -0.08892  -0.08795  -0.08305  -0.07644  -0.07620
       -0.07325  -0.07306  -0.07110  -0.06831  -0.06523  -0.06501  -0.06317  -0.06201  -0.06031
       -0.05847  -0.05805  -0.05781  -0.05645  -0.05560  -0.05526  -0.05467  -0.05370  -0.05370
       -0.05294  -0.05112  -0.04967  -0.04918  -0.04810  -0.04656  -0.04602  -0.04530  -0.04506
       -0.04467  -0.04406  -0.04363  -0.04313  -0.04210  -0.04128  -0.03989  -0.03755  -0.03752
       -0.03717  -0.03601  -0.03483  -0.03437  -0.03361  -0.03319  -0.03278  -0.03273  -0.03260
       -0.03161  -0.03136  -0.03104  -0.02997  -0.02991  -0.02891  -0.02862  -0.02829  -0.02821
       -0.02795  -0.02778  -0.02750  -0.02734  -0.02679  -0.02675  -0.02632  -0.02574  -0.02567
       -0.02522  -0.02493  -0.02477  -0.02422  -0.02374  -0.02350  -0.02341  -0.02323  -0.02280
       -0.02256  -0.02233  -0.02225  -0.02184  -0.02180  -0.02169  -0.02136  -0.02125  -0.02080
       -0.02055  -0.02025  -0.02019  -0.02004  -0.01993  -0.01960  -0.01926  -0.01921  -0.01898
       -0.01885  -0.01849  -0.01838  -0.01833  -0.01810  -0.01772  -0.01754  -0.01716  -0.01695
       -0.01684  -0.01666  -0.01653  -0.01647  -0.01638  -0.01610  -0.01602  -0.01564  -0.01560
       -0.01539  -0.01501  -0.01483  -0.01473  -0.01455  -0.01446  -0.01436  -0.01433  -0.01420
       -0.01405  -0.01385  -0.01363  -0.01357  -0.01339  -0.01328  -0.01319  -0.01306  -0.01300
       -0.01289  -0.01270  -0.01264  -0.01257  -0.01238  -0.01227  -0.01225  -0.01223  -0.01207
       -0.01198  -0.01194  -0.01189  -0.01171  -0.01163  -0.01158  -0.01145  -0.01140  -0.01130
       -0.01117  -0.01111  -0.01105  -0.01092  -0.01087  -0.01073  -0.01055  -0.01048  -0.01043
       -0.01034  -0.01028  -0.01016  -0.01009  -0.00997  -0.00993  -0.00981  -0.00969  -0.00965
       -0.00952  -0.00949  -0.00938  -0.00928  -0.00921  -0.00915  -0.00908  -0.00895  -0.00889
       -0.00884  -0.00877  -0.00870  -0.00867  -0.00857  -0.00846  -0.00843  -0.00832  -0.00828
       -0.00824  -0.00820  -0.00809  -0.00806  -0.00795  -0.00788  -0.00778  -0.00772  -0.00770
       -0.00768  -0.00762  -0.00760  -0.00752  -0.00748  -0.00740  -0.00729  -0.00726  -0.00724
       -0.00714  -0.00710  -0.00709  -0.00705  -0.00702  -0.00690  -0.00687  -0.00684  -0.00682
       -0.00676  -0.00670  -0.00663  -0.00659  -0.00648  -0.00644  -0.00640  -0.00638  -0.00631
       -0.00625  -0.00622  -0.00619  -0.00609  -0.00609  -0.00605  -0.00603  -0.00589  -0.00587
       -0.00586  -0.00581  -0.00576  -0.00572  -0.00569  -0.00562  -0.00560  -0.00558  -0.00556
       -0.00552  -0.00547  -0.00544  -0.00542  -0.00538  -0.00534  -0.00529  -0.00523  -0.00522
       -0.00517  -0.00516  -0.00509  -0.00505  -0.00499  -0.00496  -0.00494  -0.00492  -0.00490
       -0.00482  -0.00479  -0.00479  -0.00470  -0.00469  -0.00465  -0.00463  -0.00461  -0.00458
       -0.00454  -0.00451  -0.00445  -0.00443  -0.00436  -0.00436  -0.00433  -0.00429  -0.00427
       -0.00424  -0.00422  -0.00421  -0.00417  -0.00414  -0.00412  -0.00406  -0.00401  -0.00401
       -0.00400  -0.00396  -0.00393  -0.00390  -0.00388  -0.00386  -0.00384  -0.00380  -0.00375
       -0.00374  -0.00371  -0.00368  -0.00365  -0.00363  -0.00361  -0.00358  -0.00357  -0.00351
       -0.00349  -0.00347  -0.00345  -0.00342  -0.00341  -0.00339  -0.00337  -0.00335  -0.00331
       -0.00331  -0.00328  -0.00326  -0.00324  -0.00322  -0.00318  -0.00317  -0.00314  -0.00311
       -0.00307  -0.00304  -0.00303  -0.00300  -0.00296  -0.00295  -0.00294  -0.00291  -0.00289
       -0.00288  -0.00285  -0.00283  -0.00282  -0.00280  -0.00278  -0.00275  -0.00272  -0.00271
       -0.00270  -0.00266  -0.00265  -0.00262  -0.00261  -0.00260  -0.00258  -0.00257  -0.00255
       -0.00254  -0.00251  -0.00247  -0.00246  -0.00244  -0.00242  -0.00241  -0.00238  -0.00236
       -0.00235  -0.00233  -0.00232  -0.00229  -0.00228  -0.00225  -0.00223  -0.00220  -0.00219
       -0.00217  -0.00217  -0.00216  -0.00214  -0.00213  -0.00210  -0.00209  -0.00208  -0.00205
       -0.00202  -0.00201  -0.00199  -0.00198  -0.00196  -0.00194  -0.00193  -0.00191  -0.00190
       -0.00189  -0.00188  -0.00186  -0.00184  -0.00181  -0.00181  -0.00179  -0.00177  -0.00177
       -0.00175  -0.00174  -0.00172  -0.00171  -0.00168  -0.00168  -0.00166  -0.00165  -0.00164
       -0.00163  -0.00161  -0.00160  -0.00158  -0.00156  -0.00155  -0.00154  -0.00152  -0.00148
       -0.00147  -0.00146  -0.00145  -0.00144  -0.00142  -0.00141  -0.00140  -0.00139  -0.00137
       -0.00135  -0.00135  -0.00134  -0.00133  -0.00131  -0.00128  -0.00127  -0.00127  -0.00125
       -0.00123  -0.00122  -0.00121  -0.00119  -0.00119  -0.00118  -0.00116  -0.00116  -0.00115
       -0.00113  -0.00111  -0.00111  -0.00110  -0.00108  -0.00105  -0.00103  -0.00103  -0.00101
       -0.00099  -0.00097  -0.00094  -0.00093  -0.00080
        
     --------------------------------------------------------------------------------------------
     Tot. elapsed time 04m-46.9s,  time spent in last iteration 04m-46.9s
     --------------------------------------------------------------------------------------------

     [I/O] -------------------------------------------------------
     [I/O] RESTART written in < 00.1s             
     [I/O] In location   : ./h2o2_500.wstat.restart
     [I/O] -------------------------------------------------------

                       *----------*              *----------*               *----------*
     #     Iteration = |        1 |   DFPT_dim = |      500 |   Diago_dim = |     1000 |
                       *----------*              *----------*               *----------*
     per-process dynamical memory   187.5 Mb
  
       
     --------------------------------------------------------------------------------------------
     Sternheimer eq. solver... with threshold =   1.000000E-12           
     --------------------------------------------------------------------------------------------
     in progress... |#                   | 005% :               14.3s (E)           04m-47.6s (X)
     in progress... |##                  | 010% :               23.8s (E)           03m-58.3s (X)
     in progress... |###                 | 015% :               37.8s (E)           04m-12.6s (X)
     in progress... |####                | 020% :               47.3s (E)           03m-56.7s (X)
     in progress... |#####               | 025% :           01m-01.2s (E)           04m-05.1s (X)
     in progress... |######              | 030% :           01m-10.5s (E)           03m-55.1s (X)
     in progress... |#######             | 035% :           01m-24.4s (E)           04m-01.2s (X)
     in progress... |########            | 040% :           01m-33.6s (E)           03m-54.1s (X)
     in progress... |#########           | 045% :           01m-47.4s (E)           03m-58.6s (X)
     in progress... |##########          | 050% :           01m-56.5s (E)           03m-53.1s (X)
     in progress... |###########         | 055% :           02m-10.4s (E)           03m-57.1s (X)
     in progress... |############        | 060% :           02m-19.6s (E)           03m-52.7s (X)
     in progress... |#############       | 065% :           02m-33.3s (E)           03m-55.9s (X)
     in progress... |##############      | 070% :           02m-42.5s (E)           03m-52.1s (X)
     in progress... |###############     | 075% :           02m-56.2s (E)           03m-54.9s (X)
     in progress... |################    | 080% :           03m-05.2s (E)           03m-51.6s (X)
     in progress... |#################   | 085% :           03m-18.8s (E)           03m-53.8s (X)
     in progress... |##################  | 090% :           03m-27.8s (E)           03m-50.9s (X)
     in progress... |################### | 095% :           03m-41.3s (E)           03m-52.9s (X)
     in progress... |####################| 100% :           03m-50.3s (E)           03m-50.3s (X)
     --------------------------------------------------------------------------------------------
     p-DIAGOX done in 00.7s with a SCALAPACK grid (12x12)
     --------------------------------------------------------------------------------------------
        
       -3.31696  -1.98632  -1.09388  -1.05114  -0.93175  -0.76111  -0.70266  -0.67527  -0.61351
       -0.54538  -0.48020  -0.47115  -0.43975  -0.43099  -0.37613  -0.35409  -0.34891  -0.30411
       -0.30147  -0.29414  -0.28104  -0.27711  -0.25196  -0.24095  -0.21606  -0.21605  -0.20530
       -0.20142  -0.19883  -0.18804  -0.17216  -0.16600  -0.15933  -0.15246  -0.15146  -0.14995
       -0.14837  -0.14802  -0.14564  -0.14223  -0.13862  -0.13367  -0.12894  -0.12334  -0.11260
       -0.11203  -0.10135  -0.10046  -0.09492  -0.08921  -0.08871  -0.08334  -0.07724  -0.07662
       -0.07439  -0.07372  -0.07242  -0.06858  -0.06585  -0.06561  -0.06339  -0.06271  -0.06068
       -0.05919  -0.05858  -0.05809  -0.05681  -0.05604  -0.05555  -0.05504  -0.05413  -0.05410
       -0.05330  -0.05162  -0.05015  -0.04968  -0.04849  -0.04708  -0.04660  -0.04588  -0.04576
       -0.04529  -0.04476  -0.04441  -0.04370  -0.04287  -0.04212  -0.04061  -0.03885  -0.03824
       -0.03816  -0.03703  -0.03681  -0.03562  -0.03516  -0.03426  -0.03356  -0.03335  -0.03308
       -0.03228  -0.03195  -0.03156  -0.03115  -0.03062  -0.02951  -0.02929  -0.02921  -0.02903
       -0.02898  -0.02877  -0.02843  -0.02800  -0.02745  -0.02745  -0.02689  -0.02653  -0.02645
       -0.02618  -0.02558  -0.02540  -0.02479  -0.02462  -0.02438  -0.02405  -0.02388  -0.02363
       -0.02345  -0.02336  -0.02322  -0.02278  -0.02277  -0.02258  -0.02228  -0.02217  -0.02188
       -0.02180  -0.02127  -0.02125  -0.02098  -0.02091  -0.02085  -0.02038  -0.02031  -0.02026
       -0.01993  -0.01975  -0.01972  -0.01965  -0.01920  -0.01876  -0.01874  -0.01869  -0.01833
       -0.01809  -0.01789  -0.01788  -0.01770  -0.01754  -0.01743  -0.01731  -0.01703  -0.01698
       -0.01670  -0.01648  -0.01604  -0.01577  -0.01570  -0.01545  -0.01542  -0.01541  -0.01536
       -0.01528  -0.01514  -0.01494  -0.01468  -0.01467  -0.01457  -0.01441  -0.01439  -0.01439
       -0.01423  -0.01405  -0.01391  -0.01382  -0.01380  -0.01364  -0.01364  -0.01346  -0.01345
       -0.01333  -0.01326  -0.01310  -0.01307  -0.01301  -0.01282  -0.01282  -0.01267  -0.01262
       -0.01253  -0.01246  -0.01230  -0.01224  -0.01212  -0.01209  -0.01197  -0.01187  -0.01185
       -0.01169  -0.01168  -0.01157  -0.01156  -0.01147  -0.01143  -0.01129  -0.01112  -0.01109
       -0.01104  -0.01093  -0.01092  -0.01092  -0.01091  -0.01078  -0.01074  -0.01064  -0.01060
       -0.01050  -0.01043  -0.01035  -0.01019  -0.01012  -0.01009  -0.01001  -0.00998  -0.00995
       -0.00991  -0.00983  -0.00981  -0.00970  -0.00947  -0.00946  -0.00931  -0.00926  -0.00922
       -0.00919  -0.00912  -0.00909  -0.00896  -0.00896  -0.00894  -0.00894  -0.00889  -0.00887
       -0.00885  -0.00878  -0.00873  -0.00869  -0.00866  -0.00862  -0.00860  -0.00850  -0.00843
       -0.00837  -0.00831  -0.00821  -0.00818  -0.00814  -0.00813  -0.00811  -0.00808  -0.00798
       -0.00789  -0.00785  -0.00777  -0.00773  -0.00772  -0.00767  -0.00766  -0.00764  -0.00758
       -0.00753  -0.00752  -0.00747  -0.00744  -0.00741  -0.00738  -0.00733  -0.00727  -0.00725
       -0.00722  -0.00716  -0.00715  -0.00709  -0.00705  -0.00702  -0.00698  -0.00694  -0.00694
       -0.00691  -0.00688  -0.00680  -0.00676  -0.00676  -0.00668  -0.00666  -0.00664  -0.00662
       -0.00658  -0.00655  -0.00654  -0.00650  -0.00644  -0.00642  -0.00641  -0.00638  -0.00627
       -0.00625  -0.00624  -0.00618  -0.00618  -0.00616  -0.00615  -0.00611  -0.00608  -0.00607
       -0.00604  -0.00602  -0.00601  -0.00597  -0.00596  -0.00594  -0.00590  -0.00584  -0.00582
       -0.00580  -0.00575  -0.00572  -0.00568  -0.00567  -0.00566  -0.00562  -0.00559  -0.00556
       -0.00554  -0.00548  -0.00548  -0.00547  -0.00545  -0.00543  -0.00542  -0.00538  -0.00536
       -0.00533  -0.00531  -0.00527  -0.00526  -0.00522  -0.00517  -0.00516  -0.00515  -0.00508
       -0.00508  -0.00508  -0.00507  -0.00505  -0.00498  -0.00496  -0.00494  -0.00493  -0.00492
       -0.00489  -0.00488  -0.00485  -0.00483  -0.00477  -0.00476  -0.00474  -0.00472  -0.00469
       -0.00467  -0.00466  -0.00464  -0.00462  -0.00461  -0.00457  -0.00456  -0.00455  -0.00453
       -0.00449  -0.00447  -0.00447  -0.00446  -0.00443  -0.00441  -0.00440  -0.00436  -0.00434
       -0.00433  -0.00432  -0.00430  -0.00428  -0.00425  -0.00423  -0.00421  -0.00420  -0.00419
       -0.00416  -0.00415  -0.00413  -0.00411  -0.00411  -0.00408  -0.00404  -0.00403  -0.00403
       -0.00400  -0.00399  -0.00398  -0.00395  -0.00393  -0.00392  -0.00390  -0.00390  -0.00388
       -0.00385  -0.00384  -0.00383  -0.00382  -0.00381  -0.00377  -0.00376  -0.00374  -0.00372
       -0.00371  -0.00369  -0.00368  -0.00367  -0.00365  -0.00364  -0.00362  -0.00361  -0.00360
       -0.00359  -0.00357  -0.00356  -0.00353  -0.00353  -0.00352  -0.00351  -0.00349  -0.00348
       -0.00347  -0.00344  -0.00343  -0.00342  -0.00341  -0.00337  -0.00337  -0.00335  -0.00333
       -0.00332  -0.00332  -0.00331  -0.00329  -0.00326  -0.00326  -0.00324  -0.00322  -0.00322
       -0.00320  -0.00319  -0.00318  -0.00317  -0.00316  -0.00314  -0.00313  -0.00312  -0.00311
       -0.00309  -0.00308  -0.00307  -0.00306  -0.00305  -0.00303  -0.00301  -0.00300  -0.00298
       -0.00297  -0.00296  -0.00294  -0.00294  -0.00293  -0.00291  -0.00289  -0.00288  -0.00286
       -0.00285  -0.00284  -0.00284  -0.00283  -0.00282
        
     --------------------------------------------------------------------------------------------
     Tot. elapsed time 10m-58.7s,  time spent in last iteration 04m-37.4s
     --------------------------------------------------------------------------------------------

     [I/O] -------------------------------------------------------
     [I/O] RESTART written in < 00.1s             
     [I/O] In location   : ./h2o2_500.wstat.restart
     [I/O] -------------------------------------------------------

                       *----------*              *----------*               *----------*
     #     Iteration = |        2 |   DFPT_dim = |      402 |   Diago_dim = |     1402 |
                       *----------*              *----------*               *----------*
     per-process dynamical memory   193.6 Mb
  
       
     --------------------------------------------------------------------------------------------
     Sternheimer eq. solver... with threshold =   1.000000E-12           
     --------------------------------------------------------------------------------------------
     in progress... |#                   | 005% :               13.6s (E)           04m-32.0s (X)
     in progress... |##                  | 010% :               22.6s (E)           03m-46.1s (X)
     in progress... |###                 | 015% :               31.6s (E)           03m-31.2s (X)
     in progress... |####                | 020% :               40.7s (E)           03m-23.5s (X)
     in progress... |#####               | 025% :               49.7s (E)           03m-18.8s (X)
     in progress... |######              | 030% :               58.7s (E)           03m-15.7s (X)
     in progress... |#######             | 035% :           01m-07.7s (E)           03m-13.5s (X)
     in progress... |########            | 040% :           01m-16.7s (E)           03m-11.7s (X)
     in progress... |#########           | 045% :           01m-25.6s (E)           03m-10.3s (X)
     in progress... |##########          | 050% :           01m-34.6s (E)           03m-09.3s (X)
     in progress... |###########         | 055% :           01m-43.6s (E)           03m-08.5s (X)
     in progress... |############        | 060% :           01m-52.6s (E)           03m-07.7s (X)
     in progress... |#############       | 065% :           02m-01.6s (E)           03m-07.1s (X)
     in progress... |##############      | 070% :           02m-10.5s (E)           03m-06.5s (X)
     in progress... |###############     | 075% :           02m-19.4s (E)           03m-05.9s (X)
     in progress... |################    | 080% :           02m-28.4s (E)           03m-05.5s (X)
     in progress... |#################   | 085% :           02m-37.3s (E)           03m-05.0s (X)
     in progress... |##################  | 090% :           02m-46.2s (E)           03m-04.6s (X)
     in progress... |################### | 095% :           02m-55.1s (E)           03m-04.3s (X)
     in progress... |####################| 100% :           03m-03.9s (E)           03m-03.9s (X)
     --------------------------------------------------------------------------------------------
     p-DIAGOX done in 00.9s with a SCALAPACK grid (12x12)
     --------------------------------------------------------------------------------------------
        
       -3.31696  -1.98632  -1.09388  -1.05114  -0.93175  -0.76111  -0.70266  -0.67527  -0.61351
       -0.54538  -0.48020  -0.47115  -0.43975  -0.43099  -0.37613  -0.35409  -0.34891  -0.30411
       -0.30147  -0.29414  -0.28104  -0.27711  -0.25196  -0.24095  -0.21606  -0.21605  -0.20530
       -0.20142  -0.19883  -0.18804  -0.17216  -0.16600  -0.15933  -0.15246  -0.15146  -0.14995
       -0.14837  -0.14802  -0.14564  -0.14223  -0.13862  -0.13367  -0.12894  -0.12334  -0.11260
       -0.11203  -0.10135  -0.10046  -0.09492  -0.08921  -0.08871  -0.08334  -0.07724  -0.07662
       -0.07439  -0.07372  -0.07242  -0.06858  -0.06585  -0.06561  -0.06339  -0.06271  -0.06068
       -0.05919  -0.05858  -0.05809  -0.05681  -0.05604  -0.05555  -0.05504  -0.05413  -0.05410
       -0.05330  -0.05162  -0.05015  -0.04968  -0.04850  -0.04708  -0.04660  -0.04588  -0.04576
       -0.04529  -0.04476  -0.04441  -0.04370  -0.04287  -0.04212  -0.04061  -0.03885  -0.03824
       -0.03816  -0.03703  -0.03681  -0.03562  -0.03516  -0.03426  -0.03356  -0.03335  -0.03308
       -0.03228  -0.03195  -0.03156  -0.03115  -0.03062  -0.02951  -0.02929  -0.02921  -0.02903
       -0.02898  -0.02877  -0.02843  -0.02800  -0.02745  -0.02745  -0.02689  -0.02653  -0.02645
       -0.02618  -0.02558  -0.02540  -0.02479  -0.02462  -0.02438  -0.02405  -0.02388  -0.02363
       -0.02345  -0.02336  -0.02322  -0.02278  -0.02278  -0.02258  -0.02229  -0.02217  -0.02189
       -0.02180  -0.02128  -0.02125  -0.02099  -0.02091  -0.02086  -0.02038  -0.02032  -0.02026
       -0.01993  -0.01975  -0.01972  -0.01965  -0.01920  -0.01877  -0.01875  -0.01869  -0.01834
       -0.01809  -0.01789  -0.01788  -0.01771  -0.01755  -0.01743  -0.01731  -0.01703  -0.01699
       -0.01671  -0.01649  -0.01605  -0.01577  -0.01570  -0.01546  -0.01542  -0.01541  -0.01536
       -0.01529  -0.01515  -0.01494  -0.01468  -0.01467  -0.01458  -0.01442  -0.01440  -0.01440
       -0.01424  -0.01405  -0.01392  -0.01383  -0.01380  -0.01365  -0.01364  -0.01346  -0.01345
       -0.01333  -0.01326  -0.01311  -0.01308  -0.01302  -0.01283  -0.01282  -0.01268  -0.01263
       -0.01254  -0.01247  -0.01231  -0.01225  -0.01213  -0.01210  -0.01198  -0.01189  -0.01187
       -0.01170  -0.01169  -0.01158  -0.01158  -0.01148  -0.01144  -0.01131  -0.01113  -0.01110
       -0.01105  -0.01095  -0.01094  -0.01093  -0.01093  -0.01080  -0.01076  -0.01065  -0.01062
       -0.01052  -0.01045  -0.01036  -0.01021  -0.01014  -0.01011  -0.01003  -0.01000  -0.00997
       -0.00993  -0.00985  -0.00983  -0.00972  -0.00950  -0.00949  -0.00933  -0.00929  -0.00925
       -0.00922  -0.00915  -0.00911  -0.00898  -0.00898  -0.00897  -0.00896  -0.00892  -0.00889
       -0.00888  -0.00881  -0.00876  -0.00872  -0.00870  -0.00864  -0.00863  -0.00853  -0.00846
       -0.00840  -0.00834  -0.00824  -0.00821  -0.00818  -0.00817  -0.00816  -0.00811  -0.00803
       -0.00792  -0.00788  -0.00780  -0.00776  -0.00776  -0.00773  -0.00770  -0.00768  -0.00762
       -0.00756  -0.00756  -0.00751  -0.00749  -0.00745  -0.00743  -0.00737  -0.00731  -0.00729
       -0.00727  -0.00721  -0.00721  -0.00714  -0.00710  -0.00707  -0.00704  -0.00699  -0.00698
       -0.00697  -0.00693  -0.00686  -0.00682  -0.00681  -0.00673  -0.00672  -0.00670  -0.00667
       -0.00664  -0.00662  -0.00661  -0.00658  -0.00649  -0.00649  -0.00648  -0.00646  -0.00635
       -0.00633  -0.00632  -0.00625  -0.00625  -0.00623  -0.00621  -0.00618  -0.00615  -0.00615
       -0.00612  -0.00609  -0.00609  -0.00606  -0.00604  -0.00604  -0.00599  -0.00593  -0.00591
       -0.00591  -0.00585  -0.00579  -0.00577  -0.00576  -0.00574  -0.00570  -0.00567  -0.00566
       -0.00563  -0.00559  -0.00557  -0.00555  -0.00553  -0.00551  -0.00551  -0.00549  -0.00546
       -0.00543  -0.00542  -0.00537  -0.00536  -0.00533  -0.00527  -0.00526  -0.00525  -0.00519
       -0.00518  -0.00518  -0.00517  -0.00514  -0.00511  -0.00510  -0.00506  -0.00504  -0.00503
       -0.00502  -0.00501  -0.00498  -0.00495  -0.00490  -0.00488  -0.00485  -0.00484  -0.00481
       -0.00479  -0.00478  -0.00477  -0.00475  -0.00473  -0.00469  -0.00468  -0.00467  -0.00466
       -0.00463  -0.00462  -0.00461  -0.00460  -0.00457  -0.00456  -0.00453  -0.00453  -0.00449
       -0.00448  -0.00447  -0.00445  -0.00443  -0.00442  -0.00440  -0.00439  -0.00436  -0.00433
       -0.00433  -0.00431  -0.00430  -0.00428  -0.00426  -0.00424  -0.00422  -0.00419  -0.00418
       -0.00416  -0.00416  -0.00414  -0.00414  -0.00410  -0.00409  -0.00408  -0.00408  -0.00407
       -0.00404  -0.00402  -0.00401  -0.00401  -0.00397  -0.00397  -0.00394  -0.00394  -0.00390
       -0.00389  -0.00389  -0.00386  -0.00386  -0.00384  -0.00383  -0.00383  -0.00382  -0.00381
       -0.00378  -0.00377  -0.00376  -0.00375  -0.00374  -0.00373  -0.00373  -0.00370  -0.00370
       -0.00369  -0.00367  -0.00367  -0.00364  -0.00363  -0.00361  -0.00358  -0.00356  -0.00355
       -0.00355  -0.00354  -0.00352  -0.00352  -0.00351  -0.00350  -0.00349  -0.00345  -0.00344
       -0.00344  -0.00343  -0.00342  -0.00340  -0.00339  -0.00338  -0.00336  -0.00336  -0.00336
       -0.00334  -0.00332  -0.00331  -0.00330  -0.00330  -0.00329  -0.00328  -0.00327  -0.00325
       -0.00323  -0.00322  -0.00321  -0.00321  -0.00319  -0.00319  -0.00318  -0.00315  -0.00315
       -0.00313  -0.00311  -0.00311  -0.00310  -0.00307
        
     --------------------------------------------------------------------------------------------
     Tot. elapsed time 17m-50.6s,  time spent in last iteration 03m-45.7s
     --------------------------------------------------------------------------------------------
      
     --------------------------------------------------------------------------------------------
     Database written in 46.2s               
     In location : ./h2o2_500.wstat.save
     --------------------------------------------------------------------------------------------
       
     --------------------------------------------------------------------------------------------
     Convergence achieved !!! in        2 steps                          
     --------------------------------------------------------------------------------------------
 
     WSTAT        : 13m49.48s CPU    19m29.74s WALL

     wstat_readin :      7.33s CPU     40.41s WALL (       1 calls)
     fetch_nml    :      0.00s CPU      0.00s WALL (       1 calls)
     read_xml     :      1.29s CPU      1.49s WALL (       1 calls)
     init_vloc    :      0.11s CPU      0.11s WALL (       2 calls)
     fft          :      0.26s CPU      0.28s WALL (      11 calls)
     fft_scatter  :    131.90s CPU    132.60s WALL (   41116 calls)
     v_of_rho     :      0.29s CPU      0.31s WALL (       1 calls)
     v_xc         :      0.26s CPU      0.28s WALL (       1 calls)
     v_h          :      0.03s CPU      0.04s WALL (       1 calls)
     read_wave    :      6.03s CPU     38.74s WALL (       1 calls)
     davcio       :      0.00s CPU      0.17s WALL (       2 calls)
     init_us_1    :      0.29s CPU      0.29s WALL (       2 calls)
     do_setup     :      0.44s CPU      0.46s WALL (       1 calls)
     init_pw_ar   :      0.44s CPU      0.45s WALL (       1 calls)
     init_at_1    :      0.00s CPU      0.00s WALL (       1 calls)
     storesqvc    :      0.00s CPU      0.00s WALL (       1 calls)
     chidiago     :    821.69s CPU   1128.82s WALL (       1 calls)
     randomize    :      1.15s CPU      1.16s WALL (       1 calls)
     paramgs      :     15.48s CPU     15.62s WALL (       4 calls)
     dfpt         :    649.35s CPU    654.19s WALL (       4 calls)
     init_us_2    :      0.01s CPU      0.02s WALL (       4 calls)
     fftw         :    377.09s CPU    379.68s WALL (   41105 calls)
     alphapc      :      0.43s CPU      0.43s WALL (     191 calls)
     wstat_restar :    110.25s CPU    373.05s WALL (       3 calls)
     linstern     :    526.73s CPU    530.67s WALL (     141 calls)
     stern        :    506.63s CPU    510.40s WALL (    5385 calls)
     h_psi_bgrp   :    495.29s CPU    499.07s WALL (    5385 calls)
     h_psi        :    495.27s CPU    499.06s WALL (    5385 calls)
     h_psi:pot    :    492.51s CPU    496.23s WALL (    5385 calls)
     vloc_psi     :    460.71s CPU    464.18s WALL (    5385 calls)
     h_psi:calbec :     18.28s CPU     17.21s WALL (    5385 calls)
     calbec       :     18.26s CPU     17.19s WALL (    5385 calls)
     add_vuspsi   :     13.48s CPU     14.78s WALL (    5385 calls)
     alphapv      :      7.43s CPU      7.45s WALL (    5385 calls)
     build_hr     :      7.69s CPU      8.42s WALL (       3 calls)
     diagox       :      2.11s CPU      2.16s WALL (       3 calls)
     redistr_vr   :      0.29s CPU      0.30s WALL (       2 calls)
     update_vr    :     13.96s CPU     15.04s WALL (       2 calls)
     symm_hr      :      0.29s CPU      0.30s WALL (       2 calls)
     chidiago:las :      0.00s CPU      0.00s WALL (       1 calls)
     refresh_vr   :      6.39s CPU      6.72s WALL (       1 calls)
     pdep_db      :     14.25s CPU     46.27s WALL (       1 calls)
 
     WSTAT        : 13m49.48s CPU    19m29.74s WALL

 
   This run was terminated on:  15:32:18   1Jul2018            

=------------------------------------------------------------------------------=
   JOB DONE.
=------------------------------------------------------------------------------=
