
     Program WSTAT v. 2.0.0 starts on  1Jul2018 at 14:51:56 

     This program is part of the open-source West suite
     for massively parallel calculations of excited states in materials; please cite
         "M. Govoni et al., J. Chem. Theory Comput. 11, 2680 (2015);
          URL http://www.west-code.org", 
     in publications or presentations arising from this work.

     Based on the Quantum ESPRESSO v. 6.1 svn rev. 13369
       
     --------------------------------------------------------------------------------------------
     **MPI** Parallelization Status                                      
     --------------------------------------------------------------------------------------------
                   160                  10             1             1            16
     --------------------------------------------------------------------------------------------
                     N         =         I      X      P      X      B      X      Z
                     ^                   ^             ^             ^             ^
                     |                   |             |             |             |
                   #rnk                  |             |             |             |
                                      #image           |             |             |
                                                     #pool           |             |
                                                                   #bgrp           |
                                                                                 #R&G
     --------------------------------------------------------------------------------------------
     **OPENMP** Parallelization Status
     #thr/rnk               =            1
     --------------------------------------------------------------------------------------------
     #prc = (rnk) * (thr) =          160
     --------------------------------------------------------------------------------------------
       
     --------------------------------------------------------------------------------------------
     I/O Summary : input_west                                            
     --------------------------------------------------------------------------------------------
     qe_prefix      = h2o2
     west_prefix    = h2o2
     outdir         = ./
     --------------------------------------------------------------------------------------------
       
     --------------------------------------------------------------------------------------------
     I/O Summary : wstat_control                                         
     --------------------------------------------------------------------------------------------
     wstat_calculation              =              S
     n_pdep_eigen                   =            420
     n_kin_pdep_eigen               =              0
     n_lindhard_eigen               =              0
     n_pdep_times                   =              4
     n_pdep_maxiter                 =            100
     n_dfpt_maxiter                 =            250
     n_pdep_read_from_file          =              0
     trev_pdep                      =   1.000000E-03
     trev_pdep_rel                  =   1.000000E-01
     tr2_dfpt                       =   1.000000E-12
     l_kinetic_only                 =              F
     l_minimize_exx_if_active       =              F
     l_use_ecutrho                  =              F
     l_pure_eigen                   =              F
     --------------------------------------------------------------------------------------------

     Reading data from directory:
     ./h2o2.save

   Info: using nr1, nr2, nr3 values from input

   Info: using nr1, nr2, nr3 values from input

     IMPORTANT: XC functional enforced from input :
     Exchange-correlation      = PBE ( 1  4  3  4 0 0)
     Any further DFT definition will be discarded
     Please, verify this is what you really want

     Message from routine readpp:
     file ./h2o2.save/O_ONCV_PBE-1.0.upf not found
     Message from routine readpp:
     file ./h2o2.save/H_ONCV_PBE-1.0.upf not found
 
     Parallelization info
     --------------------
     sticks:   dense  smooth     PW     G-vecs:    dense   smooth      PW
     Min        1520    1520    379               178660   178660   22323
     Max        1522    1522    384               178666   178666   22328
     Sum       24345   24345   6093              2858633  2858633  357213
 
       
     --------------------------------------------------------------------------------------------
     System Overview                                                     
     --------------------------------------------------------------------------------------------
     gamma_only           =              T
     ecutwfc [Ry]         =      85.000000
     omega [au^3]         =   2.700000E+04
     glob. #G             =         178607
     nbnd                 =            100
     nkstot               =              1
     nspin                =              1
     nelec                =      14.000000
     npol                 =              1
     lsda                 =              F
     noncolin             =              F
     lspinorb             =              F
     domag                =              F
     --------------------------------------------------------------------------------------------

     sFFT G-space:  1429317 G-vectors     R-space: ( 180, 180, 180)
     dFFT G-space:  1429317 G-vectors     R-space: ( 180, 180, 180)

     Cell [a.u.]          =      30.000000      0.000000      0.000000
                          =       0.000000     30.000000      0.000000
                          =       0.000000      0.000000     30.000000
      
     number of ks points=     1
                       cart. coord. in units 2pi/alat
        k(    1) = (   0.0000000   0.0000000   0.0000000), wk =   2.0000000

                       cryst. coord.
        k(    1) = (   0.0000000   0.0000000   0.0000000), wk =   2.0000000
 
     Spherical div        =   1.654268E-01
     Orthorombic div      =   1.628502E-01
       
     --------------------------------------------------------------------------------------------
     Parallelization for nvecx                                           
     --------------------------------------------------------------------------------------------
     nglob                =           1680
     nlevel               =             10
     Min nglob/nlevel     =            168
     Max nglob/nlevel     =            168
     --------------------------------------------------------------------------------------------

     [MEM] ----------------------------------------------------------
     [MEM] **Memory** analysis: QE
     [MEM] ----------------------------------------------------------
     [MEM] Allocated arrays           est. size (Mb)     dimensions
     [MEM] ----------------------------------------------------------
     [MEM] Kohn-Sham Wavefunctions      17.03 Mb     (  11164,  100)
     [MEM] NL pseudopotentials           3.41 Mb     (  11164,   20)
     [MEM] Each V/rho on FFT grid        5.93 Mb     ( 388800)
     [MEM] Each G-vector array           0.68 Mb     (  89333)
     [MEM] G-vector shells               0.05 Mb     (   6125)
     [MEM] ----------------------------------------------------------
     [MEM] TOT                          27.10 Mb
     [MEM] ----------------------------------------------------------
     [MEM] 
     [MEM] ----------------------------------------------------------
     [MEM] **Memory** analysis: WSTAT global
     [MEM] ----------------------------------------------------------
     [MEM] Allocated arrays           est. size (Mb)     dimensions
     [MEM] ----------------------------------------------------------
     [MEM] dvg                          28.62 Mb     (  11164,  168)
     [MEM] dng                          28.62 Mb     (  11164,  168)
     [MEM] hr_distr                      2.15 Mb     (   1680,  168)
     [MEM] vr_distr                      2.15 Mb     (   1680,  168)
     [MEM] ----------------------------------------------------------
     [MEM] TOT                          61.54 Mb
     [MEM] ----------------------------------------------------------
     [MEM] 
     [MEM] ----------------------------------------------------------
     [MEM] **Memory** analysis: WSTAT temporary
     [MEM] ----------------------------------------------------------
     [MEM] Allocated arrays           est. size (Mb)     dimensions
     [MEM] ----------------------------------------------------------
     [MEM] dvpsi                         1.19 Mb     (  11164,    7)
     [MEM] dpsi                          1.19 Mb     (  11164,    7)
     [MEM] ----------------------------------------------------------
     [MEM] Total estimate                2.38 Mb
     [MEM] ----------------------------------------------------------

                       *----------*              *----------*               *----------*
     #     Iteration = | starting |   DFPT_dim = |      420 |   Diago_dim = |      420 |  x 1/2
                       *----------*              *----------*               *----------*
     per-process dynamical memory   174.1 Mb
  
       
     --------------------------------------------------------------------------------------------
     Sternheimer eq. solver... with lite-solver                          
     --------------------------------------------------------------------------------------------
     in progress... |#                   | 005% :               00.7s (E)               15.3s (X)
     in progress... |##                  | 010% :               01.2s (E)               12.7s (X)
     in progress... |###                 | 015% :               01.7s (E)               11.9s (X)
     in progress... |####                | 020% :               02.2s (E)               11.4s (X)
     in progress... |#####               | 025% :               02.8s (E)               11.2s (X)
     in progress... |######              | 030% :               03.3s (E)               11.0s (X)
     in progress... |#######             | 035% :               03.8s (E)               10.8s (X)
     in progress... |########            | 040% :               04.3s (E)               10.8s (X)
     in progress... |#########           | 045% :               04.8s (E)               10.7s (X)
     in progress... |##########          | 050% :               05.3s (E)               10.6s (X)
     in progress... |###########         | 055% :               06.1s (E)               11.0s (X)
     in progress... |############        | 060% :               06.6s (E)               11.0s (X)
     in progress... |#############       | 065% :               07.1s (E)               10.9s (X)
     in progress... |##############      | 070% :               07.6s (E)               10.8s (X)
     in progress... |###############     | 075% :               08.1s (E)               10.8s (X)
     in progress... |################    | 080% :               08.6s (E)               10.8s (X)
     in progress... |#################   | 085% :               09.1s (E)               10.7s (X)
     in progress... |##################  | 090% :               09.6s (E)               10.7s (X)
     in progress... |################### | 095% :               10.1s (E)               10.7s (X)
     in progress... |####################| 100% :               10.6s (E)               10.6s (X)
     --------------------------------------------------------------------------------------------

     [I/O] -------------------------------------------------------
     [I/O] RESTART written in < 00.1s             
     [I/O] In location   : ./h2o2_420.wstat.restart
     [I/O] -------------------------------------------------------

                       *----------*              *----------*               *----------*
     #     Iteration = | starting |   DFPT_dim = |      420 |   Diago_dim = |      420 |  x 2/2
                       *----------*              *----------*               *----------*
     per-process dynamical memory   176.3 Mb
  
       
     --------------------------------------------------------------------------------------------
     Sternheimer eq. solver... with threshold =   1.000000E-06           
     --------------------------------------------------------------------------------------------
     in progress... |#                   | 005% :               09.8s (E)           03m-17.2s (X)
     in progress... |##                  | 010% :               16.3s (E)           02m-43.6s (X)
     in progress... |###                 | 015% :               22.7s (E)           02m-31.4s (X)
     in progress... |####                | 020% :               29.0s (E)           02m-25.4s (X)
     in progress... |#####               | 025% :               35.4s (E)           02m-21.6s (X)
     in progress... |######              | 030% :               41.5s (E)           02m-18.6s (X)
     in progress... |#######             | 035% :               47.6s (E)           02m-16.2s (X)
     in progress... |########            | 040% :               53.7s (E)           02m-14.4s (X)
     in progress... |#########           | 045% :               59.8s (E)           02m-13.0s (X)
     in progress... |##########          | 050% :           01m-05.9s (E)           02m-11.8s (X)
     in progress... |###########         | 055% :           01m-15.0s (E)           02m-16.4s (X)
     in progress... |############        | 060% :           01m-21.0s (E)           02m-15.1s (X)
     in progress... |#############       | 065% :           01m-27.0s (E)           02m-13.9s (X)
     in progress... |##############      | 070% :           01m-33.0s (E)           02m-12.8s (X)
     in progress... |###############     | 075% :           01m-38.9s (E)           02m-11.9s (X)
     in progress... |################    | 080% :           01m-44.8s (E)           02m-11.0s (X)
     in progress... |#################   | 085% :           01m-50.8s (E)           02m-10.4s (X)
     in progress... |##################  | 090% :           01m-56.6s (E)           02m-09.6s (X)
     in progress... |################### | 095% :           02m-02.4s (E)           02m-08.9s (X)
     in progress... |####################| 100% :           02m-08.3s (E)           02m-08.3s (X)
     --------------------------------------------------------------------------------------------
     p-DIAGOX done in 00.3s with a SCALAPACK grid (12x12)
     --------------------------------------------------------------------------------------------
        
       -3.31631  -1.72485  -1.09227  -1.02705  -0.92788  -0.76032  -0.70204  -0.66460  -0.61249
       -0.53982  -0.47893  -0.46858  -0.43792  -0.42929  -0.37499  -0.35293  -0.34716  -0.30259
       -0.30014  -0.28515  -0.28051  -0.26711  -0.25121  -0.24010  -0.21549  -0.21259  -0.20255
       -0.20085  -0.18731  -0.17147  -0.16821  -0.16554  -0.15205  -0.15067  -0.14934  -0.14847
       -0.14782  -0.14614  -0.14105  -0.13869  -0.13340  -0.13014  -0.12798  -0.12255  -0.11145
       -0.11012  -0.09978  -0.09933  -0.09339  -0.08860  -0.08758  -0.08284  -0.07618  -0.07601
       -0.07305  -0.07274  -0.07041  -0.06805  -0.06480  -0.06462  -0.06296  -0.06166  -0.06004
       -0.05822  -0.05776  -0.05744  -0.05625  -0.05531  -0.05503  -0.05436  -0.05350  -0.05345
       -0.05271  -0.05056  -0.04918  -0.04881  -0.04779  -0.04621  -0.04570  -0.04490  -0.04453
       -0.04412  -0.04352  -0.04317  -0.04269  -0.04166  -0.04084  -0.03921  -0.03711  -0.03680
       -0.03616  -0.03539  -0.03429  -0.03381  -0.03319  -0.03278  -0.03244  -0.03240  -0.03212
       -0.03125  -0.03089  -0.03069  -0.02954  -0.02935  -0.02865  -0.02818  -0.02780  -0.02763
       -0.02746  -0.02733  -0.02685  -0.02665  -0.02634  -0.02622  -0.02587  -0.02526  -0.02508
       -0.02461  -0.02422  -0.02416  -0.02382  -0.02326  -0.02316  -0.02291  -0.02285  -0.02228
       -0.02207  -0.02195  -0.02175  -0.02148  -0.02124  -0.02117  -0.02071  -0.02065  -0.02009
       -0.01991  -0.01975  -0.01954  -0.01942  -0.01937  -0.01903  -0.01867  -0.01838  -0.01828
       -0.01820  -0.01784  -0.01778  -0.01759  -0.01727  -0.01704  -0.01677  -0.01652  -0.01627
       -0.01616  -0.01605  -0.01592  -0.01566  -0.01556  -0.01539  -0.01517  -0.01504  -0.01481
       -0.01473  -0.01447  -0.01436  -0.01425  -0.01412  -0.01395  -0.01383  -0.01371  -0.01366
       -0.01353  -0.01319  -0.01298  -0.01288  -0.01277  -0.01257  -0.01251  -0.01242  -0.01225
       -0.01212  -0.01200  -0.01196  -0.01186  -0.01184  -0.01174  -0.01157  -0.01139  -0.01136
       -0.01125  -0.01119  -0.01110  -0.01107  -0.01093  -0.01090  -0.01079  -0.01074  -0.01065
       -0.01051  -0.01047  -0.01032  -0.01015  -0.01012  -0.01000  -0.00997  -0.00983  -0.00970
       -0.00962  -0.00957  -0.00941  -0.00934  -0.00922  -0.00914  -0.00901  -0.00890  -0.00888
       -0.00879  -0.00865  -0.00859  -0.00855  -0.00845  -0.00844  -0.00837  -0.00826  -0.00816
       -0.00811  -0.00804  -0.00803  -0.00798  -0.00783  -0.00774  -0.00774  -0.00769  -0.00763
       -0.00757  -0.00748  -0.00747  -0.00737  -0.00733  -0.00727  -0.00718  -0.00709  -0.00702
       -0.00696  -0.00691  -0.00684  -0.00680  -0.00676  -0.00674  -0.00666  -0.00664  -0.00652
       -0.00644  -0.00642  -0.00634  -0.00632  -0.00626  -0.00620  -0.00614  -0.00609  -0.00606
       -0.00602  -0.00596  -0.00592  -0.00585  -0.00584  -0.00574  -0.00569  -0.00565  -0.00565
       -0.00559  -0.00555  -0.00545  -0.00538  -0.00537  -0.00535  -0.00525  -0.00523  -0.00519
       -0.00514  -0.00507  -0.00501  -0.00497  -0.00494  -0.00487  -0.00482  -0.00481  -0.00478
       -0.00474  -0.00474  -0.00468  -0.00461  -0.00460  -0.00454  -0.00452  -0.00449  -0.00447
       -0.00442  -0.00440  -0.00436  -0.00430  -0.00427  -0.00425  -0.00422  -0.00416  -0.00415
       -0.00408  -0.00407  -0.00405  -0.00395  -0.00394  -0.00393  -0.00390  -0.00386  -0.00383
       -0.00380  -0.00375  -0.00374  -0.00372  -0.00367  -0.00365  -0.00360  -0.00355  -0.00351
       -0.00348  -0.00346  -0.00344  -0.00342  -0.00339  -0.00338  -0.00334  -0.00331  -0.00328
       -0.00324  -0.00324  -0.00320  -0.00314  -0.00314  -0.00311  -0.00309  -0.00305  -0.00304
       -0.00302  -0.00300  -0.00295  -0.00293  -0.00292  -0.00291  -0.00289  -0.00285  -0.00280
       -0.00278  -0.00276  -0.00272  -0.00272  -0.00270  -0.00267  -0.00266  -0.00263  -0.00258
       -0.00256  -0.00254  -0.00250  -0.00248  -0.00246  -0.00243  -0.00242  -0.00238  -0.00238
       -0.00234  -0.00231  -0.00229  -0.00228  -0.00226  -0.00223  -0.00222  -0.00219  -0.00216
       -0.00213  -0.00210  -0.00210  -0.00208  -0.00205  -0.00204  -0.00200  -0.00198  -0.00196
       -0.00193  -0.00191  -0.00188  -0.00186  -0.00184  -0.00182  -0.00179  -0.00179  -0.00175
       -0.00172  -0.00171  -0.00169  -0.00165  -0.00163  -0.00161  -0.00160  -0.00159  -0.00156
       -0.00155  -0.00152  -0.00150  -0.00149  -0.00148  -0.00146  -0.00142  -0.00141  -0.00140
       -0.00136  -0.00135  -0.00133  -0.00129  -0.00127  -0.00108
        
     --------------------------------------------------------------------------------------------
     Tot. elapsed time 04m-00.0s,  time spent in last iteration 04m-00.0s
     --------------------------------------------------------------------------------------------

     [I/O] -------------------------------------------------------
     [I/O] RESTART written in < 00.1s             
     [I/O] In location   : ./h2o2_420.wstat.restart
     [I/O] -------------------------------------------------------

                       *----------*              *----------*               *----------*
     #     Iteration = |        1 |   DFPT_dim = |      420 |   Diago_dim = |      840 |
                       *----------*              *----------*               *----------*
     per-process dynamical memory   170.2 Mb
  
       
     --------------------------------------------------------------------------------------------
     Sternheimer eq. solver... with threshold =   1.000000E-12           
     --------------------------------------------------------------------------------------------
     in progress... |#                   | 005% :               14.4s (E)           04m-48.5s (X)
     in progress... |##                  | 010% :               23.9s (E)           03m-59.0s (X)
     in progress... |###                 | 015% :               33.2s (E)           03m-41.7s (X)
     in progress... |####                | 020% :               42.6s (E)           03m-33.1s (X)
     in progress... |#####               | 025% :               52.0s (E)           03m-28.2s (X)
     in progress... |######              | 030% :           01m-01.3s (E)           03m-24.6s (X)
     in progress... |#######             | 035% :           01m-10.6s (E)           03m-21.9s (X)
     in progress... |########            | 040% :           01m-20.0s (E)           03m-20.0s (X)
     in progress... |#########           | 045% :           01m-29.3s (E)           03m-18.5s (X)
     in progress... |##########          | 050% :           01m-38.6s (E)           03m-17.2s (X)
     in progress... |###########         | 055% :           01m-52.4s (E)           03m-24.3s (X)
     in progress... |############        | 060% :           02m-01.5s (E)           03m-22.5s (X)
     in progress... |#############       | 065% :           02m-10.7s (E)           03m-21.1s (X)
     in progress... |##############      | 070% :           02m-19.9s (E)           03m-19.8s (X)
     in progress... |###############     | 075% :           02m-29.1s (E)           03m-18.8s (X)
     in progress... |################    | 080% :           02m-38.3s (E)           03m-17.9s (X)
     in progress... |#################   | 085% :           02m-47.5s (E)           03m-17.0s (X)
     in progress... |##################  | 090% :           02m-56.6s (E)           03m-16.2s (X)
     in progress... |################### | 095% :           03m-05.7s (E)           03m-15.5s (X)
     in progress... |####################| 100% :           03m-14.8s (E)           03m-14.8s (X)
     --------------------------------------------------------------------------------------------
     p-DIAGOX done in 00.5s with a SCALAPACK grid (12x12)
     --------------------------------------------------------------------------------------------
        
       -3.31696  -1.98632  -1.09388  -1.05114  -0.93175  -0.76111  -0.70266  -0.67527  -0.61351
       -0.54538  -0.48020  -0.47115  -0.43975  -0.43099  -0.37613  -0.35409  -0.34891  -0.30411
       -0.30147  -0.29414  -0.28104  -0.27711  -0.25196  -0.24095  -0.21606  -0.21605  -0.20530
       -0.20142  -0.19883  -0.18804  -0.17216  -0.16600  -0.15933  -0.15246  -0.15146  -0.14995
       -0.14837  -0.14802  -0.14564  -0.14223  -0.13862  -0.13367  -0.12893  -0.12334  -0.11260
       -0.11203  -0.10135  -0.10046  -0.09492  -0.08921  -0.08871  -0.08334  -0.07724  -0.07662
       -0.07439  -0.07372  -0.07242  -0.06858  -0.06585  -0.06561  -0.06339  -0.06271  -0.06068
       -0.05919  -0.05858  -0.05809  -0.05681  -0.05604  -0.05555  -0.05504  -0.05413  -0.05410
       -0.05330  -0.05162  -0.05015  -0.04968  -0.04849  -0.04708  -0.04660  -0.04588  -0.04576
       -0.04529  -0.04476  -0.04441  -0.04370  -0.04287  -0.04212  -0.04061  -0.03885  -0.03824
       -0.03816  -0.03703  -0.03681  -0.03562  -0.03516  -0.03425  -0.03356  -0.03335  -0.03308
       -0.03228  -0.03195  -0.03156  -0.03115  -0.03062  -0.02951  -0.02929  -0.02921  -0.02903
       -0.02897  -0.02877  -0.02843  -0.02800  -0.02745  -0.02744  -0.02689  -0.02653  -0.02645
       -0.02618  -0.02558  -0.02539  -0.02479  -0.02462  -0.02437  -0.02405  -0.02388  -0.02363
       -0.02344  -0.02335  -0.02322  -0.02277  -0.02277  -0.02257  -0.02228  -0.02217  -0.02188
       -0.02180  -0.02127  -0.02124  -0.02098  -0.02090  -0.02085  -0.02037  -0.02031  -0.02025
       -0.01992  -0.01974  -0.01971  -0.01964  -0.01919  -0.01876  -0.01874  -0.01868  -0.01833
       -0.01808  -0.01788  -0.01787  -0.01770  -0.01753  -0.01742  -0.01730  -0.01702  -0.01697
       -0.01670  -0.01647  -0.01603  -0.01576  -0.01569  -0.01545  -0.01541  -0.01540  -0.01535
       -0.01528  -0.01514  -0.01493  -0.01467  -0.01466  -0.01456  -0.01440  -0.01438  -0.01438
       -0.01422  -0.01404  -0.01390  -0.01380  -0.01379  -0.01362  -0.01362  -0.01344  -0.01343
       -0.01331  -0.01324  -0.01309  -0.01305  -0.01299  -0.01281  -0.01280  -0.01265  -0.01260
       -0.01251  -0.01243  -0.01228  -0.01222  -0.01210  -0.01207  -0.01196  -0.01185  -0.01182
       -0.01166  -0.01166  -0.01155  -0.01153  -0.01145  -0.01140  -0.01126  -0.01109  -0.01106
       -0.01101  -0.01090  -0.01089  -0.01088  -0.01087  -0.01074  -0.01071  -0.01060  -0.01056
       -0.01047  -0.01039  -0.01030  -0.01015  -0.01008  -0.01005  -0.00997  -0.00995  -0.00991
       -0.00988  -0.00979  -0.00976  -0.00964  -0.00942  -0.00939  -0.00927  -0.00923  -0.00918
       -0.00914  -0.00907  -0.00904  -0.00892  -0.00891  -0.00888  -0.00887  -0.00884  -0.00883
       -0.00881  -0.00874  -0.00869  -0.00865  -0.00861  -0.00856  -0.00853  -0.00841  -0.00836
       -0.00832  -0.00823  -0.00816  -0.00811  -0.00808  -0.00807  -0.00801  -0.00799  -0.00790
       -0.00784  -0.00777  -0.00772  -0.00767  -0.00763  -0.00759  -0.00757  -0.00756  -0.00749
       -0.00748  -0.00745  -0.00740  -0.00735  -0.00733  -0.00730  -0.00724  -0.00718  -0.00716
       -0.00712  -0.00709  -0.00706  -0.00699  -0.00697  -0.00693  -0.00690  -0.00686  -0.00683
       -0.00682  -0.00677  -0.00669  -0.00667  -0.00664  -0.00660  -0.00657  -0.00655  -0.00654
       -0.00649  -0.00643  -0.00642  -0.00638  -0.00636  -0.00633  -0.00630  -0.00623  -0.00619
       -0.00614  -0.00612  -0.00610  -0.00606  -0.00603  -0.00601  -0.00599  -0.00595  -0.00594
       -0.00592  -0.00588  -0.00588  -0.00584  -0.00581  -0.00577  -0.00576  -0.00572  -0.00568
       -0.00565  -0.00559  -0.00559  -0.00554  -0.00554  -0.00553  -0.00549  -0.00546  -0.00545
       -0.00543  -0.00536  -0.00535  -0.00532  -0.00530  -0.00528  -0.00526  -0.00522  -0.00522
       -0.00518  -0.00514  -0.00511  -0.00509  -0.00507  -0.00505  -0.00502  -0.00499  -0.00497
       -0.00494  -0.00494  -0.00490  -0.00488  -0.00482  -0.00480  -0.00479  -0.00478  -0.00476
       -0.00472  -0.00472  -0.00467  -0.00465  -0.00462  -0.00460  -0.00456  -0.00454  -0.00452
       -0.00450  -0.00447  -0.00444  -0.00442  -0.00442  -0.00440  -0.00437  -0.00434  -0.00434
       -0.00431  -0.00430  -0.00426  -0.00426  -0.00422  -0.00420  -0.00419  -0.00418  -0.00415
       -0.00412  -0.00409  -0.00406  -0.00405  -0.00403  -0.00402  -0.00400  -0.00399  -0.00398
       -0.00395  -0.00391  -0.00391  -0.00389  -0.00387  -0.00385  -0.00384  -0.00383  -0.00381
       -0.00379  -0.00376  -0.00376  -0.00373  -0.00372  -0.00371
        
     --------------------------------------------------------------------------------------------
     Tot. elapsed time 09m-10.4s,  time spent in last iteration 03m-53.2s
     --------------------------------------------------------------------------------------------

     [I/O] -------------------------------------------------------
     [I/O] RESTART written in < 00.1s             
     [I/O] In location   : ./h2o2_420.wstat.restart
     [I/O] -------------------------------------------------------

                       *----------*              *----------*               *----------*
     #     Iteration = |        2 |   DFPT_dim = |      379 |   Diago_dim = |     1219 |
                       *----------*              *----------*               *----------*
     per-process dynamical memory   170.2 Mb
  
       
     --------------------------------------------------------------------------------------------
     Sternheimer eq. solver... with threshold =   1.000000E-12           
     --------------------------------------------------------------------------------------------
     in progress... |#                   | 005% :               09.1s (E)           03m-03.6s (X)
     in progress... |##                  | 010% :               18.2s (E)           03m-02.4s (X)
     in progress... |###                 | 015% :               27.3s (E)           03m-02.3s (X)
     in progress... |####                | 020% :               36.4s (E)           03m-02.2s (X)
     in progress... |#####               | 025% :               45.5s (E)           03m-02.0s (X)
     in progress... |######              | 030% :               54.5s (E)           03m-01.9s (X)
     in progress... |#######             | 035% :           01m-03.6s (E)           03m-01.8s (X)
     in progress... |########            | 040% :           01m-12.6s (E)           03m-01.7s (X)
     in progress... |#########           | 045% :           01m-21.7s (E)           03m-01.5s (X)
     in progress... |##########          | 050% :           01m-26.2s (E)           02m-52.4s (X)
     in progress... |###########         | 055% :           01m-35.1s (E)           02m-53.0s (X)
     in progress... |############        | 060% :           01m-44.2s (E)           02m-53.7s (X)
     in progress... |#############       | 065% :           01m-53.2s (E)           02m-54.2s (X)
     in progress... |##############      | 070% :           02m-02.2s (E)           02m-54.6s (X)
     in progress... |###############     | 075% :           02m-11.2s (E)           02m-54.9s (X)
     in progress... |################    | 080% :           02m-20.2s (E)           02m-55.2s (X)
     in progress... |#################   | 085% :           02m-29.2s (E)           02m-55.6s (X)
     in progress... |##################  | 090% :           02m-38.3s (E)           02m-55.8s (X)
     in progress... |################### | 095% :           02m-47.2s (E)           02m-56.0s (X)
     in progress... |####################| 100% :           02m-51.7s (E)           02m-51.7s (X)
     --------------------------------------------------------------------------------------------
     p-DIAGOX done in 00.7s with a SCALAPACK grid (12x12)
     --------------------------------------------------------------------------------------------
        
       -3.31696  -1.98632  -1.09388  -1.05114  -0.93175  -0.76111  -0.70266  -0.67527  -0.61351
       -0.54538  -0.48020  -0.47115  -0.43975  -0.43099  -0.37613  -0.35409  -0.34891  -0.30411
       -0.30147  -0.29414  -0.28104  -0.27711  -0.25196  -0.24095  -0.21606  -0.21605  -0.20530
       -0.20142  -0.19883  -0.18804  -0.17216  -0.16600  -0.15933  -0.15246  -0.15146  -0.14995
       -0.14837  -0.14802  -0.14564  -0.14223  -0.13862  -0.13367  -0.12894  -0.12334  -0.11260
       -0.11203  -0.10135  -0.10046  -0.09492  -0.08921  -0.08871  -0.08334  -0.07724  -0.07662
       -0.07439  -0.07372  -0.07242  -0.06858  -0.06585  -0.06561  -0.06339  -0.06271  -0.06068
       -0.05919  -0.05858  -0.05809  -0.05681  -0.05604  -0.05555  -0.05504  -0.05413  -0.05410
       -0.05330  -0.05162  -0.05015  -0.04968  -0.04850  -0.04708  -0.04660  -0.04588  -0.04576
       -0.04529  -0.04476  -0.04441  -0.04370  -0.04287  -0.04212  -0.04061  -0.03885  -0.03824
       -0.03816  -0.03703  -0.03681  -0.03562  -0.03516  -0.03426  -0.03356  -0.03335  -0.03308
       -0.03228  -0.03195  -0.03156  -0.03115  -0.03062  -0.02951  -0.02929  -0.02921  -0.02903
       -0.02898  -0.02877  -0.02843  -0.02800  -0.02745  -0.02745  -0.02689  -0.02653  -0.02645
       -0.02618  -0.02558  -0.02540  -0.02479  -0.02462  -0.02438  -0.02405  -0.02388  -0.02363
       -0.02345  -0.02336  -0.02322  -0.02278  -0.02278  -0.02258  -0.02229  -0.02217  -0.02189
       -0.02180  -0.02128  -0.02125  -0.02099  -0.02091  -0.02086  -0.02038  -0.02032  -0.02026
       -0.01993  -0.01975  -0.01972  -0.01965  -0.01920  -0.01877  -0.01875  -0.01869  -0.01834
       -0.01809  -0.01789  -0.01788  -0.01771  -0.01755  -0.01743  -0.01731  -0.01703  -0.01699
       -0.01671  -0.01649  -0.01605  -0.01577  -0.01570  -0.01546  -0.01542  -0.01541  -0.01536
       -0.01529  -0.01515  -0.01494  -0.01468  -0.01467  -0.01458  -0.01442  -0.01440  -0.01440
       -0.01424  -0.01405  -0.01392  -0.01383  -0.01380  -0.01365  -0.01364  -0.01346  -0.01345
       -0.01333  -0.01326  -0.01311  -0.01308  -0.01302  -0.01283  -0.01282  -0.01268  -0.01263
       -0.01254  -0.01247  -0.01231  -0.01225  -0.01213  -0.01210  -0.01198  -0.01189  -0.01187
       -0.01170  -0.01169  -0.01158  -0.01158  -0.01148  -0.01144  -0.01131  -0.01113  -0.01110
       -0.01105  -0.01095  -0.01094  -0.01093  -0.01093  -0.01080  -0.01076  -0.01065  -0.01062
       -0.01052  -0.01045  -0.01036  -0.01021  -0.01013  -0.01011  -0.01003  -0.01000  -0.00997
       -0.00993  -0.00985  -0.00983  -0.00972  -0.00950  -0.00949  -0.00933  -0.00929  -0.00924
       -0.00922  -0.00915  -0.00911  -0.00898  -0.00898  -0.00897  -0.00896  -0.00892  -0.00889
       -0.00888  -0.00881  -0.00876  -0.00872  -0.00870  -0.00864  -0.00863  -0.00853  -0.00846
       -0.00840  -0.00834  -0.00824  -0.00821  -0.00818  -0.00817  -0.00816  -0.00811  -0.00803
       -0.00792  -0.00788  -0.00780  -0.00776  -0.00776  -0.00773  -0.00770  -0.00768  -0.00762
       -0.00756  -0.00756  -0.00751  -0.00748  -0.00745  -0.00743  -0.00737  -0.00731  -0.00728
       -0.00727  -0.00721  -0.00721  -0.00714  -0.00710  -0.00707  -0.00704  -0.00699  -0.00698
       -0.00697  -0.00693  -0.00686  -0.00682  -0.00681  -0.00673  -0.00672  -0.00670  -0.00666
       -0.00664  -0.00661  -0.00661  -0.00658  -0.00649  -0.00648  -0.00647  -0.00646  -0.00634
       -0.00632  -0.00632  -0.00624  -0.00624  -0.00623  -0.00621  -0.00618  -0.00614  -0.00614
       -0.00611  -0.00609  -0.00609  -0.00606  -0.00604  -0.00603  -0.00598  -0.00592  -0.00591
       -0.00591  -0.00584  -0.00579  -0.00576  -0.00575  -0.00574  -0.00570  -0.00566  -0.00565
       -0.00563  -0.00559  -0.00557  -0.00555  -0.00553  -0.00551  -0.00551  -0.00549  -0.00546
       -0.00542  -0.00541  -0.00537  -0.00536  -0.00532  -0.00527  -0.00526  -0.00524  -0.00518
       -0.00518  -0.00518  -0.00517  -0.00514  -0.00510  -0.00510  -0.00506  -0.00503  -0.00502
       -0.00501  -0.00500  -0.00497  -0.00495  -0.00489  -0.00487  -0.00484  -0.00483  -0.00481
       -0.00478  -0.00478  -0.00477  -0.00474  -0.00472  -0.00469  -0.00467  -0.00466  -0.00465
       -0.00463  -0.00461  -0.00460  -0.00459  -0.00457  -0.00455  -0.00452  -0.00452  -0.00449
       -0.00447  -0.00446  -0.00444  -0.00442  -0.00441  -0.00439  -0.00438  -0.00435  -0.00432
       -0.00432  -0.00430  -0.00429  -0.00427  -0.00425  -0.00423  -0.00421  -0.00418  -0.00416
       -0.00415  -0.00415  -0.00413  -0.00413  -0.00409  -0.00408
        
     --------------------------------------------------------------------------------------------
     Tot. elapsed time 15m-16.9s,  time spent in last iteration 03m-31.6s
     --------------------------------------------------------------------------------------------

     [I/O] -------------------------------------------------------
     [I/O] RESTART written in < 00.1s             
     [I/O] In location   : ./h2o2_420.wstat.restart
     [I/O] -------------------------------------------------------

                       *----------*              *----------*               *----------*
     #     Iteration = |        3 |   DFPT_dim = |        4 |   Diago_dim = |     1223 |
                       *----------*              *----------*               *----------*
     per-process dynamical memory   170.2 Mb
  
       
     --------------------------------------------------------------------------------------------
     Sternheimer eq. solver... with threshold =   1.000000E-12           
     --------------------------------------------------------------------------------------------
     in progress... |####################| 100% :               04.5s (E)               04.5s (X)
     --------------------------------------------------------------------------------------------
     p-DIAGOX done in 00.7s with a SCALAPACK grid (12x12)
     --------------------------------------------------------------------------------------------
        
       -3.31696  -1.98632  -1.09388  -1.05114  -0.93175  -0.76111  -0.70266  -0.67527  -0.61351
       -0.54538  -0.48020  -0.47115  -0.43975  -0.43099  -0.37613  -0.35409  -0.34891  -0.30411
       -0.30147  -0.29414  -0.28104  -0.27711  -0.25196  -0.24095  -0.21606  -0.21605  -0.20530
       -0.20142  -0.19883  -0.18804  -0.17216  -0.16600  -0.15933  -0.15246  -0.15146  -0.14995
       -0.14837  -0.14802  -0.14564  -0.14223  -0.13862  -0.13367  -0.12894  -0.12334  -0.11260
       -0.11203  -0.10135  -0.10046  -0.09492  -0.08921  -0.08871  -0.08334  -0.07724  -0.07662
       -0.07439  -0.07372  -0.07242  -0.06858  -0.06585  -0.06561  -0.06339  -0.06271  -0.06068
       -0.05919  -0.05858  -0.05809  -0.05681  -0.05604  -0.05555  -0.05504  -0.05413  -0.05410
       -0.05330  -0.05162  -0.05015  -0.04968  -0.04850  -0.04708  -0.04660  -0.04588  -0.04576
       -0.04529  -0.04476  -0.04441  -0.04370  -0.04287  -0.04212  -0.04061  -0.03885  -0.03824
       -0.03816  -0.03703  -0.03681  -0.03562  -0.03516  -0.03426  -0.03356  -0.03335  -0.03308
       -0.03228  -0.03195  -0.03156  -0.03115  -0.03062  -0.02951  -0.02929  -0.02921  -0.02903
       -0.02898  -0.02877  -0.02843  -0.02800  -0.02745  -0.02745  -0.02689  -0.02653  -0.02645
       -0.02618  -0.02558  -0.02540  -0.02479  -0.02462  -0.02438  -0.02405  -0.02388  -0.02363
       -0.02345  -0.02336  -0.02322  -0.02278  -0.02278  -0.02258  -0.02229  -0.02217  -0.02189
       -0.02180  -0.02128  -0.02125  -0.02099  -0.02091  -0.02086  -0.02038  -0.02032  -0.02026
       -0.01993  -0.01975  -0.01972  -0.01965  -0.01920  -0.01877  -0.01875  -0.01869  -0.01834
       -0.01809  -0.01789  -0.01788  -0.01771  -0.01755  -0.01743  -0.01731  -0.01703  -0.01699
       -0.01671  -0.01649  -0.01605  -0.01577  -0.01570  -0.01546  -0.01542  -0.01541  -0.01536
       -0.01529  -0.01515  -0.01494  -0.01468  -0.01467  -0.01458  -0.01442  -0.01440  -0.01440
       -0.01424  -0.01405  -0.01392  -0.01383  -0.01380  -0.01365  -0.01364  -0.01346  -0.01345
       -0.01333  -0.01326  -0.01311  -0.01308  -0.01302  -0.01283  -0.01282  -0.01268  -0.01263
       -0.01254  -0.01247  -0.01231  -0.01225  -0.01213  -0.01210  -0.01198  -0.01189  -0.01187
       -0.01170  -0.01169  -0.01158  -0.01158  -0.01148  -0.01144  -0.01131  -0.01113  -0.01110
       -0.01105  -0.01095  -0.01094  -0.01093  -0.01093  -0.01080  -0.01076  -0.01065  -0.01062
       -0.01052  -0.01045  -0.01036  -0.01021  -0.01013  -0.01011  -0.01003  -0.01000  -0.00997
       -0.00993  -0.00985  -0.00983  -0.00972  -0.00950  -0.00949  -0.00933  -0.00929  -0.00924
       -0.00922  -0.00915  -0.00911  -0.00898  -0.00898  -0.00897  -0.00896  -0.00892  -0.00889
       -0.00888  -0.00881  -0.00876  -0.00872  -0.00870  -0.00864  -0.00863  -0.00853  -0.00846
       -0.00840  -0.00834  -0.00824  -0.00821  -0.00818  -0.00817  -0.00816  -0.00811  -0.00803
       -0.00792  -0.00788  -0.00780  -0.00776  -0.00776  -0.00773  -0.00770  -0.00768  -0.00762
       -0.00756  -0.00756  -0.00751  -0.00748  -0.00745  -0.00743  -0.00737  -0.00731  -0.00728
       -0.00727  -0.00721  -0.00721  -0.00714  -0.00710  -0.00707  -0.00704  -0.00699  -0.00698
       -0.00697  -0.00693  -0.00686  -0.00682  -0.00681  -0.00673  -0.00672  -0.00670  -0.00666
       -0.00664  -0.00661  -0.00661  -0.00658  -0.00649  -0.00648  -0.00647  -0.00646  -0.00634
       -0.00632  -0.00632  -0.00624  -0.00624  -0.00623  -0.00621  -0.00618  -0.00614  -0.00614
       -0.00611  -0.00609  -0.00609  -0.00606  -0.00604  -0.00603  -0.00598  -0.00592  -0.00591
       -0.00591  -0.00584  -0.00579  -0.00576  -0.00575  -0.00574  -0.00570  -0.00566  -0.00565
       -0.00563  -0.00559  -0.00557  -0.00555  -0.00553  -0.00551  -0.00551  -0.00549  -0.00546
       -0.00542  -0.00541  -0.00537  -0.00536  -0.00532  -0.00527  -0.00526  -0.00524  -0.00518
       -0.00518  -0.00518  -0.00517  -0.00514  -0.00510  -0.00510  -0.00506  -0.00503  -0.00503
       -0.00501  -0.00500  -0.00497  -0.00495  -0.00489  -0.00487  -0.00484  -0.00483  -0.00481
       -0.00478  -0.00478  -0.00477  -0.00474  -0.00472  -0.00469  -0.00467  -0.00466  -0.00465
       -0.00463  -0.00462  -0.00460  -0.00459  -0.00457  -0.00455  -0.00453  -0.00452  -0.00449
       -0.00447  -0.00446  -0.00444  -0.00442  -0.00441  -0.00439  -0.00438  -0.00435  -0.00432
       -0.00432  -0.00430  -0.00429  -0.00427  -0.00425  -0.00423  -0.00421  -0.00418  -0.00417
       -0.00416  -0.00415  -0.00415  -0.00414  -0.00410  -0.00408
        
     --------------------------------------------------------------------------------------------
     Tot. elapsed time 19m-14.5s,  time spent in last iteration 11.3s
     --------------------------------------------------------------------------------------------
      
     --------------------------------------------------------------------------------------------
     Database written in 37.9s               
     In location : ./h2o2_420.wstat.save
     --------------------------------------------------------------------------------------------
       
     --------------------------------------------------------------------------------------------
     Convergence achieved !!! in        3 steps                          
     --------------------------------------------------------------------------------------------
 
     WSTAT        : 13m12.21s CPU    20m45.62s WALL

     wstat_readin :      6.05s CPU     40.29s WALL (       1 calls)
     fetch_nml    :      0.00s CPU      0.00s WALL (       1 calls)
     read_xml     :      1.28s CPU      1.50s WALL (       1 calls)
     init_vloc    :      0.11s CPU      0.11s WALL (       2 calls)
     fft          :      0.26s CPU      0.31s WALL (      11 calls)
     fft_scatter  :    116.82s CPU    117.27s WALL (   36272 calls)
     v_of_rho     :      0.29s CPU      0.31s WALL (       1 calls)
     v_xc         :      0.26s CPU      0.28s WALL (       1 calls)
     v_h          :      0.03s CPU      0.04s WALL (       1 calls)
     read_wave    :      4.76s CPU     38.76s WALL (       1 calls)
     davcio       :      0.00s CPU      1.82s WALL (       2 calls)
     init_us_1    :      0.95s CPU      0.95s WALL (       2 calls)
     do_setup     :      1.10s CPU      1.12s WALL (       1 calls)
     init_pw_ar   :      1.10s CPU      1.11s WALL (       1 calls)
     init_at_1    :      0.00s CPU      0.00s WALL (       1 calls)
     storesqvc    :      0.00s CPU      0.00s WALL (       1 calls)
     chidiago     :    785.04s CPU   1204.17s WALL (       1 calls)
     randomize    :      0.96s CPU      0.97s WALL (       1 calls)
     paramgs      :     13.10s CPU     13.22s WALL (       5 calls)
     dfpt         :    577.32s CPU    580.78s WALL (       5 calls)
     init_us_2    :      0.01s CPU      0.02s WALL (       5 calls)
     fftw         :    331.71s CPU    333.52s WALL (   36261 calls)
     alphapc      :      0.36s CPU      0.35s WALL (     165 calls)
     wstat_restar :    153.21s CPU    534.12s WALL (       4 calls)
     linstern     :    465.67s CPU    468.35s WALL (     123 calls)
     stern        :    447.85s CPU    450.40s WALL (    4756 calls)
     h_psi_bgrp   :    437.88s CPU    440.38s WALL (    4756 calls)
     h_psi        :    437.87s CPU    440.36s WALL (    4756 calls)
     h_psi:pot    :    435.34s CPU    437.84s WALL (    4756 calls)
     vloc_psi     :    407.70s CPU    410.01s WALL (    4756 calls)
     h_psi:calbec :     15.83s CPU     14.84s WALL (    4756 calls)
     calbec       :     15.82s CPU     14.82s WALL (    4756 calls)
     add_vuspsi   :     11.76s CPU     12.94s WALL (    4756 calls)
     alphapv      :      6.55s CPU      6.48s WALL (    4756 calls)
     build_hr     :      7.75s CPU      8.00s WALL (       4 calls)
     diagox       :      2.32s CPU      2.36s WALL (       4 calls)
     redistr_vr   :      0.31s CPU      0.32s WALL (       3 calls)
     update_vr    :     13.07s CPU     13.54s WALL (       3 calls)
     symm_hr      :      0.33s CPU      0.34s WALL (       3 calls)
     chidiago:las :      0.00s CPU      0.00s WALL (       1 calls)
     refresh_vr   :      4.80s CPU      4.95s WALL (       1 calls)
     pdep_db      :     10.92s CPU     37.91s WALL (       1 calls)
 
     WSTAT        : 13m12.22s CPU    20m45.62s WALL

 
   This run was terminated on:  15:12:42   1Jul2018            

=------------------------------------------------------------------------------=
   JOB DONE.
=------------------------------------------------------------------------------=
