
     Program WSTAT v. 2.0.0 starts on  1Jul2018 at 14:38:33 

     This program is part of the open-source West suite
     for massively parallel calculations of excited states in materials; please cite
         "M. Govoni et al., J. Chem. Theory Comput. 11, 2680 (2015);
          URL http://www.west-code.org", 
     in publications or presentations arising from this work.

     Based on the Quantum ESPRESSO v. 6.1 svn rev. 13369
       
     --------------------------------------------------------------------------------------------
     **MPI** Parallelization Status                                      
     --------------------------------------------------------------------------------------------
                   160                  10             1             1            16
     --------------------------------------------------------------------------------------------
                     N         =         I      X      P      X      B      X      Z
                     ^                   ^             ^             ^             ^
                     |                   |             |             |             |
                   #rnk                  |             |             |             |
                                      #image           |             |             |
                                                     #pool           |             |
                                                                   #bgrp           |
                                                                                 #R&G
     --------------------------------------------------------------------------------------------
     **OPENMP** Parallelization Status
     #thr/rnk               =            1
     --------------------------------------------------------------------------------------------
     #prc = (rnk) * (thr) =          160
     --------------------------------------------------------------------------------------------
       
     --------------------------------------------------------------------------------------------
     I/O Summary : input_west                                            
     --------------------------------------------------------------------------------------------
     qe_prefix      = h2o2
     west_prefix    = h2o2
     outdir         = ./
     --------------------------------------------------------------------------------------------
       
     --------------------------------------------------------------------------------------------
     I/O Summary : wstat_control                                         
     --------------------------------------------------------------------------------------------
     wstat_calculation              =              S
     n_pdep_eigen                   =            100
     n_kin_pdep_eigen               =            400
     n_lindhard_eigen               =              0
     n_pdep_times                   =              4
     n_pdep_maxiter                 =            100
     n_dfpt_maxiter                 =            250
     n_pdep_read_from_file          =              0
     trev_pdep                      =   1.000000E-03
     trev_pdep_rel                  =   1.000000E-01
     tr2_dfpt                       =   1.000000E-12
     l_kinetic_only                 =              F
     l_minimize_exx_if_active       =              F
     l_use_ecutrho                  =              F
     l_pure_eigen                   =              F
     --------------------------------------------------------------------------------------------

     Reading data from directory:
     ./h2o2.save

   Info: using nr1, nr2, nr3 values from input

   Info: using nr1, nr2, nr3 values from input

     IMPORTANT: XC functional enforced from input :
     Exchange-correlation      = PBE ( 1  4  3  4 0 0)
     Any further DFT definition will be discarded
     Please, verify this is what you really want

     Message from routine readpp:
     file ./h2o2.save/O_ONCV_PBE-1.0.upf not found
     Message from routine readpp:
     file ./h2o2.save/H_ONCV_PBE-1.0.upf not found
 
     Parallelization info
     --------------------
     sticks:   dense  smooth     PW     G-vecs:    dense   smooth      PW
     Min        1520    1520    379               178660   178660   22323
     Max        1522    1522    384               178666   178666   22328
     Sum       24345   24345   6093              2858633  2858633  357213
 
       
     --------------------------------------------------------------------------------------------
     System Overview                                                     
     --------------------------------------------------------------------------------------------
     gamma_only           =              T
     ecutwfc [Ry]         =      85.000000
     omega [au^3]         =   2.700000E+04
     glob. #G             =         178607
     nbnd                 =            100
     nkstot               =              1
     nspin                =              1
     nelec                =      14.000000
     npol                 =              1
     lsda                 =              F
     noncolin             =              F
     lspinorb             =              F
     domag                =              F
     --------------------------------------------------------------------------------------------

     sFFT G-space:  1429317 G-vectors     R-space: ( 180, 180, 180)
     dFFT G-space:  1429317 G-vectors     R-space: ( 180, 180, 180)

     Cell [a.u.]          =      30.000000      0.000000      0.000000
                          =       0.000000     30.000000      0.000000
                          =       0.000000      0.000000     30.000000
      
     number of ks points=     1
                       cart. coord. in units 2pi/alat
        k(    1) = (   0.0000000   0.0000000   0.0000000), wk =   2.0000000

                       cryst. coord.
        k(    1) = (   0.0000000   0.0000000   0.0000000), wk =   2.0000000
 
     Spherical div        =   1.654268E-01
     Orthorombic div      =   1.628502E-01
       
     --------------------------------------------------------------------------------------------
     Parallelization for nvecx                                           
     --------------------------------------------------------------------------------------------
     nglob                =            400
     nlevel               =             10
     Min nglob/nlevel     =             40
     Max nglob/nlevel     =             40
     --------------------------------------------------------------------------------------------

     [MEM] ----------------------------------------------------------
     [MEM] **Memory** analysis: QE
     [MEM] ----------------------------------------------------------
     [MEM] Allocated arrays           est. size (Mb)     dimensions
     [MEM] ----------------------------------------------------------
     [MEM] Kohn-Sham Wavefunctions      17.03 Mb     (  11164,  100)
     [MEM] NL pseudopotentials           3.41 Mb     (  11164,   20)
     [MEM] Each V/rho on FFT grid        5.93 Mb     ( 388800)
     [MEM] Each G-vector array           0.68 Mb     (  89333)
     [MEM] G-vector shells               0.05 Mb     (   6125)
     [MEM] ----------------------------------------------------------
     [MEM] TOT                          27.10 Mb
     [MEM] ----------------------------------------------------------
     [MEM] 
     [MEM] ----------------------------------------------------------
     [MEM] **Memory** analysis: WSTAT global
     [MEM] ----------------------------------------------------------
     [MEM] Allocated arrays           est. size (Mb)     dimensions
     [MEM] ----------------------------------------------------------
     [MEM] dvg                           6.81 Mb     (  11164,   40)
     [MEM] dng                           6.81 Mb     (  11164,   40)
     [MEM] hr_distr                      0.12 Mb     (    400,   40)
     [MEM] vr_distr                      0.12 Mb     (    400,   40)
     [MEM] ----------------------------------------------------------
     [MEM] TOT                          13.87 Mb
     [MEM] ----------------------------------------------------------
     [MEM] 
     [MEM] ----------------------------------------------------------
     [MEM] **Memory** analysis: WSTAT temporary
     [MEM] ----------------------------------------------------------
     [MEM] Allocated arrays           est. size (Mb)     dimensions
     [MEM] ----------------------------------------------------------
     [MEM] dvpsi                         1.19 Mb     (  11164,    7)
     [MEM] dpsi                          1.19 Mb     (  11164,    7)
     [MEM] ----------------------------------------------------------
     [MEM] Total estimate                2.38 Mb
     [MEM] ----------------------------------------------------------

                       *----------*              *----------*               *----------*
     #     Iteration = | starting |   DFPT_dim = |      100 |   Diago_dim = |      100 |  x 1/2
                       *----------*              *----------*               *----------*
     per-process dynamical memory   119.5 Mb
  
       
     --------------------------------------------------------------------------------------------
     Sternheimer eq. solver... with lite-solver                          
     --------------------------------------------------------------------------------------------
     in progress... |##                  | 010% :               00.2s (E)               02.6s (X)
     in progress... |####                | 020% :               00.5s (E)               02.5s (X)
     in progress... |######              | 030% :               00.7s (E)               02.5s (X)
     in progress... |########            | 040% :               01.0s (E)               02.5s (X)
     in progress... |##########          | 050% :               01.2s (E)               02.5s (X)
     in progress... |############        | 060% :               01.5s (E)               02.5s (X)
     in progress... |##############      | 070% :               01.7s (E)               02.5s (X)
     in progress... |################    | 080% :               02.0s (E)               02.5s (X)
     in progress... |##################  | 090% :               02.3s (E)               02.5s (X)
     in progress... |####################| 100% :               02.5s (E)               02.5s (X)
     --------------------------------------------------------------------------------------------

     [I/O] -------------------------------------------------------
     [I/O] RESTART written in < 00.1s             
     [I/O] In location   : ./h2o2_100_400.wstat.restart
     [I/O] -------------------------------------------------------

                       *----------*              *----------*               *----------*
     #     Iteration = | starting |   DFPT_dim = |      100 |   Diago_dim = |      100 |  x 2/2
                       *----------*              *----------*               *----------*
     per-process dynamical memory   125.6 Mb
  
       
     --------------------------------------------------------------------------------------------
     Sternheimer eq. solver... with threshold =   1.000000E-06           
     --------------------------------------------------------------------------------------------
     in progress... |##                  | 010% :               03.3s (E)               33.5s (X)
     in progress... |####                | 020% :               06.6s (E)               33.1s (X)
     in progress... |######              | 030% :               09.9s (E)               33.0s (X)
     in progress... |########            | 040% :               13.1s (E)               32.9s (X)
     in progress... |##########          | 050% :               16.4s (E)               32.8s (X)
     in progress... |############        | 060% :               19.6s (E)               32.7s (X)
     in progress... |##############      | 070% :               22.8s (E)               32.6s (X)
     in progress... |################    | 080% :               25.9s (E)               32.4s (X)
     in progress... |##################  | 090% :               29.2s (E)               32.4s (X)
     in progress... |####################| 100% :               32.4s (E)               32.4s (X)
     --------------------------------------------------------------------------------------------
     p-DIAGOX done in < 00.1s with a SCALAPACK grid (3x3)
     --------------------------------------------------------------------------------------------
        
       -3.30064  -1.64259  -1.06920  -0.99496  -0.91090  -0.74503  -0.68660  -0.64835  -0.59238
       -0.51764  -0.45148  -0.43965  -0.41611  -0.40880  -0.35407  -0.32951  -0.31430  -0.27658
       -0.27377  -0.26480  -0.26068  -0.24946  -0.23087  -0.23018  -0.20349  -0.19767  -0.19051
       -0.18783  -0.17430  -0.15632  -0.15602  -0.14787  -0.14352  -0.13792  -0.13537  -0.13241
       -0.12695  -0.12346  -0.12196  -0.11899  -0.10915  -0.10845  -0.10487  -0.10325  -0.09743
       -0.08755  -0.08215  -0.07778  -0.07558  -0.07067  -0.06644  -0.06238  -0.06129  -0.05880
       -0.05745  -0.05610  -0.05391  -0.04995  -0.04937  -0.04798  -0.04662  -0.04506  -0.04387
       -0.04279  -0.04128  -0.04023  -0.03966  -0.03857  -0.03712  -0.03644  -0.03594  -0.03519
       -0.03439  -0.03330  -0.03226  -0.03049  -0.02986  -0.02827  -0.02790  -0.02644  -0.02574
       -0.02512  -0.02398  -0.02303  -0.02218  -0.02063  -0.02045  -0.02008  -0.01932  -0.01862
       -0.01800  -0.01796  -0.01684  -0.01598  -0.01548  -0.01466  -0.01411  -0.01383  -0.01324
       -0.01249
        
     --------------------------------------------------------------------------------------------
     Tot. elapsed time 58.4s,  time spent in last iteration 58.4s
     --------------------------------------------------------------------------------------------

     [I/O] -------------------------------------------------------
     [I/O] RESTART written in < 00.1s             
     [I/O] In location   : ./h2o2_100_400.wstat.restart
     [I/O] -------------------------------------------------------

                       *----------*              *----------*               *----------*
     #     Iteration = |        1 |   DFPT_dim = |      100 |   Diago_dim = |      200 |
                       *----------*              *----------*               *----------*
     per-process dynamical memory   133.5 Mb
  
       
     --------------------------------------------------------------------------------------------
     Sternheimer eq. solver... with threshold =   1.000000E-12           
     --------------------------------------------------------------------------------------------
     in progress... |##                  | 010% :               05.0s (E)               50.1s (X)
     in progress... |####                | 020% :               10.0s (E)               50.2s (X)
     in progress... |######              | 030% :               15.0s (E)               50.2s (X)
     in progress... |########            | 040% :               20.0s (E)               50.0s (X)
     in progress... |##########          | 050% :               24.9s (E)               49.8s (X)
     in progress... |############        | 060% :               29.8s (E)               49.7s (X)
     in progress... |##############      | 070% :               34.7s (E)               49.6s (X)
     in progress... |################    | 080% :               39.6s (E)               49.5s (X)
     in progress... |##################  | 090% :               44.4s (E)               49.4s (X)
     in progress... |####################| 100% :               49.3s (E)               49.3s (X)
     --------------------------------------------------------------------------------------------
     p-DIAGOX done in < 00.1s with a SCALAPACK grid (6x6)
     --------------------------------------------------------------------------------------------
        
       -3.31696  -1.98631  -1.09388  -1.05114  -0.93175  -0.76111  -0.70265  -0.67526  -0.61350
       -0.54537  -0.48019  -0.47114  -0.43973  -0.43098  -0.37611  -0.35407  -0.34887  -0.30408
       -0.30144  -0.29410  -0.28102  -0.27708  -0.25193  -0.24093  -0.21603  -0.21601  -0.20527
       -0.20140  -0.19878  -0.18799  -0.17210  -0.16594  -0.15928  -0.15240  -0.15138  -0.14986
       -0.14828  -0.14793  -0.14554  -0.14215  -0.13854  -0.13341  -0.12878  -0.12319  -0.11241
       -0.11187  -0.10096  -0.10016  -0.09474  -0.08881  -0.08812  -0.08298  -0.07665  -0.07594
       -0.07369  -0.07319  -0.07200  -0.06803  -0.06508  -0.06457  -0.06296  -0.06204  -0.05982
       -0.05837  -0.05791  -0.05727  -0.05575  -0.05521  -0.05493  -0.05432  -0.05323  -0.05266
       -0.05211  -0.05034  -0.04894  -0.04859  -0.04745  -0.04524  -0.04485  -0.04472  -0.04405
       -0.04391  -0.04289  -0.04241  -0.04169  -0.04104  -0.03860  -0.03784  -0.03674  -0.03650
       -0.03503  -0.03463  -0.03391  -0.03264  -0.03181  -0.03100  -0.03044  -0.03032  -0.03006
       -0.02931
        
     --------------------------------------------------------------------------------------------
     Tot. elapsed time 02m-14.0s,  time spent in last iteration 56.7s
     --------------------------------------------------------------------------------------------

     [I/O] -------------------------------------------------------
     [I/O] RESTART written in < 00.1s             
     [I/O] In location   : ./h2o2_100_400.wstat.restart
     [I/O] -------------------------------------------------------

                       *----------*              *----------*               *----------*
     #     Iteration = |        2 |   DFPT_dim = |      100 |   Diago_dim = |      300 |
                       *----------*              *----------*               *----------*
     per-process dynamical memory   133.5 Mb
  
       
     --------------------------------------------------------------------------------------------
     Sternheimer eq. solver... with threshold =   1.000000E-12           
     --------------------------------------------------------------------------------------------
     in progress... |##                  | 010% :               04.8s (E)               48.7s (X)
     in progress... |####                | 020% :               09.7s (E)               48.7s (X)
     in progress... |######              | 030% :               14.6s (E)               48.6s (X)
     in progress... |########            | 040% :               19.4s (E)               48.6s (X)
     in progress... |##########          | 050% :               24.2s (E)               48.5s (X)
     in progress... |############        | 060% :               29.1s (E)               48.5s (X)
     in progress... |##############      | 070% :               33.9s (E)               48.4s (X)
     in progress... |################    | 080% :               38.6s (E)               48.3s (X)
     in progress... |##################  | 090% :               43.4s (E)               48.3s (X)
     in progress... |####################| 100% :               48.2s (E)               48.2s (X)
     --------------------------------------------------------------------------------------------
     p-DIAGOX done in < 00.1s with a SCALAPACK grid (9x9)
     --------------------------------------------------------------------------------------------
        
       -3.31696  -1.98632  -1.09388  -1.05114  -0.93175  -0.76111  -0.70266  -0.67527  -0.61351
       -0.54538  -0.48020  -0.47115  -0.43975  -0.43099  -0.37613  -0.35409  -0.34891  -0.30411
       -0.30147  -0.29414  -0.28104  -0.27711  -0.25196  -0.24095  -0.21606  -0.21605  -0.20530
       -0.20142  -0.19883  -0.18804  -0.17216  -0.16600  -0.15933  -0.15246  -0.15146  -0.14995
       -0.14837  -0.14802  -0.14564  -0.14223  -0.13862  -0.13367  -0.12893  -0.12334  -0.11260
       -0.11203  -0.10134  -0.10046  -0.09492  -0.08921  -0.08871  -0.08334  -0.07723  -0.07662
       -0.07438  -0.07372  -0.07242  -0.06857  -0.06584  -0.06561  -0.06338  -0.06270  -0.06067
       -0.05918  -0.05857  -0.05808  -0.05680  -0.05603  -0.05555  -0.05503  -0.05411  -0.05408
       -0.05328  -0.05161  -0.05014  -0.04966  -0.04848  -0.04703  -0.04655  -0.04585  -0.04572
       -0.04525  -0.04474  -0.04438  -0.04365  -0.04282  -0.04203  -0.04053  -0.03880  -0.03817
       -0.03804  -0.03694  -0.03673  -0.03551  -0.03507  -0.03409  -0.03337  -0.03319  -0.03291
       -0.03216
        
     --------------------------------------------------------------------------------------------
     Tot. elapsed time 03m-46.2s,  time spent in last iteration 55.4s
     --------------------------------------------------------------------------------------------

     [I/O] -------------------------------------------------------
     [I/O] RESTART written in < 00.1s             
     [I/O] In location   : ./h2o2_100_400.wstat.restart
     [I/O] -------------------------------------------------------

                       *----------*              *----------*               *----------*
     #     Iteration = |        3 |   DFPT_dim = |       31 |   Diago_dim = |      331 |
                       *----------*              *----------*               *----------*
     per-process dynamical memory   133.5 Mb
  
       
     --------------------------------------------------------------------------------------------
     Sternheimer eq. solver... with threshold =   1.000000E-12           
     --------------------------------------------------------------------------------------------
     in progress... |#####               | 025% :               04.7s (E)               19.0s (X)
     in progress... |##########          | 050% :               09.5s (E)               19.0s (X)
     in progress... |###############     | 075% :               14.2s (E)               19.0s (X)
     in progress... |####################| 100% :               19.0s (E)               19.0s (X)
     --------------------------------------------------------------------------------------------
     p-DIAGOX done in 00.1s with a SCALAPACK grid (10x10)
     --------------------------------------------------------------------------------------------
        
       -3.31696  -1.98632  -1.09388  -1.05114  -0.93175  -0.76111  -0.70266  -0.67527  -0.61351
       -0.54538  -0.48020  -0.47115  -0.43975  -0.43099  -0.37613  -0.35409  -0.34891  -0.30411
       -0.30147  -0.29414  -0.28104  -0.27711  -0.25196  -0.24095  -0.21606  -0.21605  -0.20530
       -0.20142  -0.19883  -0.18804  -0.17216  -0.16600  -0.15933  -0.15246  -0.15146  -0.14995
       -0.14837  -0.14802  -0.14564  -0.14223  -0.13862  -0.13367  -0.12894  -0.12334  -0.11260
       -0.11203  -0.10134  -0.10046  -0.09492  -0.08921  -0.08871  -0.08334  -0.07724  -0.07662
       -0.07439  -0.07372  -0.07242  -0.06857  -0.06585  -0.06561  -0.06339  -0.06271  -0.06068
       -0.05919  -0.05858  -0.05809  -0.05681  -0.05604  -0.05555  -0.05503  -0.05412  -0.05410
       -0.05330  -0.05162  -0.05015  -0.04968  -0.04849  -0.04708  -0.04660  -0.04588  -0.04576
       -0.04529  -0.04476  -0.04441  -0.04370  -0.04287  -0.04212  -0.04061  -0.03885  -0.03824
       -0.03816  -0.03703  -0.03681  -0.03562  -0.03516  -0.03425  -0.03355  -0.03334  -0.03308
       -0.03228
        
     --------------------------------------------------------------------------------------------
     Tot. elapsed time 05m-02.5s,  time spent in last iteration 20.5s
     --------------------------------------------------------------------------------------------
      
     --------------------------------------------------------------------------------------------
     Database written in 09.2s               
     In location : ./h2o2_100_400.wstat.save
     --------------------------------------------------------------------------------------------
       
     --------------------------------------------------------------------------------------------
     Convergence achieved !!! in        3 steps                          
     --------------------------------------------------------------------------------------------
       
     --------------------------------------------------------------------------------------------
     ** Now compute kinetic eigenpotentials **                           
     --------------------------------------------------------------------------------------------
       
     --------------------------------------------------------------------------------------------
     Parallelization for newnvecx                                        
     --------------------------------------------------------------------------------------------
     nglob                =           1600
     nlevel               =             10
     Min nglob/nlevel     =            160
     Max nglob/nlevel     =            160
     --------------------------------------------------------------------------------------------
       
     --------------------------------------------------------------------------------------------
     Parallelization for merge_nvecx                                     
     --------------------------------------------------------------------------------------------
     nglob                =           2000
     nlevel               =             10
     Min nglob/nlevel     =            200
     Max nglob/nlevel     =            200
     --------------------------------------------------------------------------------------------

                       *----------*              *----------*               *----------*
     #     Iteration = | starting |   DFPT_dim = |      400 |   Diago_dim = |      400 |  x 1/2
                       *----------*              *----------*               *----------*
       
     --------------------------------------------------------------------------------------------
     Applying projection operator formed by dvg                          
     --------------------------------------------------------------------------------------------
     per-process dynamical memory   232.6 Mb
  
       
     --------------------------------------------------------------------------------------------
     Sternheimer eq. solver... with lite-solver                          
     --------------------------------------------------------------------------------------------
     in progress... |#                   | 005% :               00.5s (E)               10.2s (X)
     in progress... |##                  | 010% :               01.0s (E)               10.2s (X)
     in progress... |###                 | 015% :               01.5s (E)               10.2s (X)
     in progress... |####                | 020% :               02.0s (E)               10.2s (X)
     in progress... |#####               | 025% :               02.5s (E)               10.2s (X)
     in progress... |######              | 030% :               03.0s (E)               10.1s (X)
     in progress... |#######             | 035% :               03.5s (E)               10.1s (X)
     in progress... |########            | 040% :               04.0s (E)               10.1s (X)
     in progress... |#########           | 045% :               04.5s (E)               10.1s (X)
     in progress... |##########          | 050% :               05.0s (E)               10.1s (X)
     in progress... |###########         | 055% :               05.5s (E)               10.1s (X)
     in progress... |############        | 060% :               06.1s (E)               10.1s (X)
     in progress... |#############       | 065% :               06.6s (E)               10.1s (X)
     in progress... |##############      | 070% :               07.1s (E)               10.1s (X)
     in progress... |###############     | 075% :               07.6s (E)               10.1s (X)
     in progress... |################    | 080% :               08.1s (E)               10.1s (X)
     in progress... |#################   | 085% :               08.6s (E)               10.1s (X)
     in progress... |##################  | 090% :               09.1s (E)               10.1s (X)
     in progress... |################### | 095% :               09.6s (E)               10.1s (X)
     in progress... |####################| 100% :               10.1s (E)               10.1s (X)
       
     --------------------------------------------------------------------------------------------
     Applying projection operator formed by dvg                          
     --------------------------------------------------------------------------------------------
     --------------------------------------------------------------------------------------------

     [I/O] -------------------------------------------------------
     [I/O] RESTART written in < 00.1s             
     [I/O] In location   : ./h2o2_100_400.wstat.restart
     [I/O] -------------------------------------------------------

                       *----------*              *----------*               *----------*
     #     Iteration = | starting |   DFPT_dim = |      400 |   Diago_dim = |      400 |  x 2/2
                       *----------*              *----------*               *----------*
       
     --------------------------------------------------------------------------------------------
     Applying projection operator formed by dvg                          
     --------------------------------------------------------------------------------------------
     per-process dynamical memory   232.6 Mb
  
       
     --------------------------------------------------------------------------------------------
     Sternheimer eq. solver... with threshold =   1.000000E-06           
     --------------------------------------------------------------------------------------------
     in progress... |#                   | 005% :               00.7s (E)               15.7s (X)
     in progress... |##                  | 010% :               01.5s (E)               15.6s (X)
     in progress... |###                 | 015% :               02.3s (E)               15.6s (X)
     in progress... |####                | 020% :               03.1s (E)               15.6s (X)
     in progress... |#####               | 025% :               03.9s (E)               15.6s (X)
     in progress... |######              | 030% :               04.6s (E)               15.5s (X)
     in progress... |#######             | 035% :               05.4s (E)               15.5s (X)
     in progress... |########            | 040% :               06.2s (E)               15.5s (X)
     in progress... |#########           | 045% :               06.9s (E)               15.4s (X)
     in progress... |##########          | 050% :               07.7s (E)               15.4s (X)
     in progress... |###########         | 055% :               08.4s (E)               15.4s (X)
     in progress... |############        | 060% :               09.2s (E)               15.4s (X)
     in progress... |#############       | 065% :               10.0s (E)               15.3s (X)
     in progress... |##############      | 070% :               10.7s (E)               15.3s (X)
     in progress... |###############     | 075% :               11.5s (E)               15.3s (X)
     in progress... |################    | 080% :               12.2s (E)               15.3s (X)
     in progress... |#################   | 085% :               13.0s (E)               15.3s (X)
     in progress... |##################  | 090% :               13.7s (E)               15.3s (X)
     in progress... |################### | 095% :               14.5s (E)               15.3s (X)
     in progress... |####################| 100% :               15.3s (E)               15.3s (X)
       
     --------------------------------------------------------------------------------------------
     Applying projection operator formed by dvg                          
     --------------------------------------------------------------------------------------------
     --------------------------------------------------------------------------------------------
     p-DIAGOX done in 00.3s with a SCALAPACK grid (12x12)
     --------------------------------------------------------------------------------------------
        
       -0.02680  -0.02669  -0.02559  -0.02557  -0.02500  -0.02465  -0.02457  -0.02436  -0.02429
       -0.02403  -0.02389  -0.02364  -0.02322  -0.02317  -0.02310  -0.02240  -0.02229  -0.02218
       -0.02198  -0.02181  -0.02126  -0.02083  -0.02072  -0.02059  -0.02054  -0.02021  -0.01998
       -0.01993  -0.01991  -0.01951  -0.01936  -0.01917  -0.01911  -0.01883  -0.01854  -0.01830
       -0.01813  -0.01806  -0.01789  -0.01778  -0.01769  -0.01738  -0.01730  -0.01723  -0.01689
       -0.01680  -0.01672  -0.01669  -0.01624  -0.01591  -0.01588  -0.01566  -0.01532  -0.01524
       -0.01505  -0.01496  -0.01490  -0.01477  -0.01473  -0.01464  -0.01445  -0.01437  -0.01410
       -0.01376  -0.01355  -0.01343  -0.01332  -0.01329  -0.01319  -0.01304  -0.01295  -0.01289
       -0.01273  -0.01250  -0.01242  -0.01228  -0.01218  -0.01208  -0.01202  -0.01186  -0.01178
       -0.01171  -0.01169  -0.01159  -0.01155  -0.01136  -0.01130  -0.01123  -0.01114  -0.01108
       -0.01100  -0.01088  -0.01085  -0.01081  -0.01070  -0.01054  -0.01053  -0.01037  -0.01027
       -0.01021  -0.01014  -0.01003  -0.00999  -0.00996  -0.00965  -0.00962  -0.00958  -0.00946
       -0.00944  -0.00935  -0.00927  -0.00922  -0.00908  -0.00899  -0.00891  -0.00889  -0.00877
       -0.00874  -0.00869  -0.00863  -0.00859  -0.00852  -0.00845  -0.00840  -0.00834  -0.00831
       -0.00818  -0.00817  -0.00813  -0.00804  -0.00797  -0.00785  -0.00784  -0.00777  -0.00774
       -0.00766  -0.00762  -0.00743  -0.00741  -0.00737  -0.00734  -0.00728  -0.00723  -0.00717
       -0.00715  -0.00711  -0.00707  -0.00704  -0.00693  -0.00689  -0.00683  -0.00681  -0.00677
       -0.00675  -0.00669  -0.00667  -0.00658  -0.00652  -0.00648  -0.00646  -0.00637  -0.00633
       -0.00630  -0.00624  -0.00620  -0.00615  -0.00610  -0.00604  -0.00602  -0.00601  -0.00595
       -0.00592  -0.00589  -0.00581  -0.00575  -0.00573  -0.00571  -0.00565  -0.00561  -0.00556
       -0.00551  -0.00546  -0.00544  -0.00542  -0.00537  -0.00533  -0.00532  -0.00525  -0.00520
       -0.00518  -0.00516  -0.00513  -0.00508  -0.00502  -0.00498  -0.00493  -0.00489  -0.00484
       -0.00483  -0.00476  -0.00474  -0.00471  -0.00467  -0.00465  -0.00461  -0.00455  -0.00452
       -0.00450  -0.00447  -0.00445  -0.00441  -0.00439  -0.00436  -0.00435  -0.00430  -0.00427
       -0.00424  -0.00421  -0.00417  -0.00414  -0.00410  -0.00409  -0.00405  -0.00403  -0.00401
       -0.00397  -0.00395  -0.00392  -0.00390  -0.00388  -0.00386  -0.00385  -0.00380  -0.00374
       -0.00373  -0.00371  -0.00369  -0.00366  -0.00363  -0.00358  -0.00356  -0.00355  -0.00352
       -0.00349  -0.00348  -0.00345  -0.00343  -0.00342  -0.00338  -0.00338  -0.00336  -0.00332
       -0.00331  -0.00329  -0.00325  -0.00324  -0.00322  -0.00318  -0.00317  -0.00316  -0.00313
       -0.00311  -0.00308  -0.00306  -0.00305  -0.00303  -0.00298  -0.00296  -0.00295  -0.00292
       -0.00291  -0.00287  -0.00286  -0.00284  -0.00283  -0.00279  -0.00279  -0.00277  -0.00274
       -0.00273  -0.00271  -0.00269  -0.00268  -0.00264  -0.00262  -0.00262  -0.00261  -0.00258
       -0.00256  -0.00254  -0.00254  -0.00250  -0.00250  -0.00248  -0.00246  -0.00245  -0.00241
       -0.00238  -0.00236  -0.00235  -0.00234  -0.00231  -0.00230  -0.00228  -0.00227  -0.00225
       -0.00223  -0.00221  -0.00220  -0.00218  -0.00217  -0.00215  -0.00214  -0.00212  -0.00211
       -0.00210  -0.00209  -0.00208  -0.00206  -0.00205  -0.00204  -0.00201  -0.00200  -0.00197
       -0.00195  -0.00194  -0.00191  -0.00190  -0.00187  -0.00185  -0.00184  -0.00182  -0.00181
       -0.00180  -0.00178  -0.00178  -0.00177  -0.00175  -0.00173  -0.00172  -0.00171  -0.00168
       -0.00167  -0.00165  -0.00164  -0.00163  -0.00161  -0.00158  -0.00157  -0.00156  -0.00155
       -0.00154  -0.00153  -0.00152  -0.00149  -0.00148  -0.00147  -0.00145  -0.00144  -0.00143
       -0.00141  -0.00140  -0.00139  -0.00138  -0.00137  -0.00135  -0.00135  -0.00133  -0.00132
       -0.00131  -0.00129  -0.00128  -0.00127  -0.00125  -0.00124  -0.00122  -0.00122  -0.00120
       -0.00119  -0.00118  -0.00116  -0.00115  -0.00113  -0.00112  -0.00111  -0.00110  -0.00107
       -0.00106  -0.00105  -0.00105  -0.00103  -0.00102  -0.00099  -0.00099  -0.00098  -0.00096
       -0.00093  -0.00091  -0.00088   0.00015
        
     --------------------------------------------------------------------------------------------
     Tot. elapsed time 01m-47.7s,  time spent in last iteration 01m-47.7s
     --------------------------------------------------------------------------------------------

     [I/O] -------------------------------------------------------
     [I/O] RESTART written in < 00.1s             
     [I/O] In location   : ./h2o2_100_400.wstat.restart
     [I/O] -------------------------------------------------------

                       *----------*              *----------*               *----------*
     #     Iteration = |        1 |   DFPT_dim = |      400 |   Diago_dim = |      800 |
                       *----------*              *----------*               *----------*
       
     --------------------------------------------------------------------------------------------
     Applying projection operator formed by dvg                          
     --------------------------------------------------------------------------------------------
     per-process dynamical memory   224.8 Mb
  
       
     --------------------------------------------------------------------------------------------
     Sternheimer eq. solver... with threshold =   1.000000E-12           
     --------------------------------------------------------------------------------------------
     in progress... |#                   | 005% :               00.9s (E)               19.1s (X)
     in progress... |##                  | 010% :               01.9s (E)               19.0s (X)
     in progress... |###                 | 015% :               02.8s (E)               19.0s (X)
     in progress... |####                | 020% :               03.8s (E)               19.0s (X)
     in progress... |#####               | 025% :               04.7s (E)               19.0s (X)
     in progress... |######              | 030% :               05.7s (E)               19.0s (X)
     in progress... |#######             | 035% :               06.6s (E)               19.0s (X)
     in progress... |########            | 040% :               07.6s (E)               19.0s (X)
     in progress... |#########           | 045% :               08.5s (E)               19.0s (X)
     in progress... |##########          | 050% :               09.5s (E)               19.0s (X)
     in progress... |###########         | 055% :               10.4s (E)               19.0s (X)
     in progress... |############        | 060% :               11.4s (E)               19.0s (X)
     in progress... |#############       | 065% :               12.3s (E)               19.0s (X)
     in progress... |##############      | 070% :               13.3s (E)               19.0s (X)
     in progress... |###############     | 075% :               14.2s (E)               19.0s (X)
     in progress... |################    | 080% :               15.1s (E)               18.9s (X)
     in progress... |#################   | 085% :               16.1s (E)               19.0s (X)
     in progress... |##################  | 090% :               17.1s (E)               19.0s (X)
     in progress... |################### | 095% :               18.0s (E)               18.9s (X)
     in progress... |####################| 100% :               18.9s (E)               18.9s (X)
       
     --------------------------------------------------------------------------------------------
     Applying projection operator formed by dvg                          
     --------------------------------------------------------------------------------------------
     --------------------------------------------------------------------------------------------
     p-DIAGOX done in 00.4s with a SCALAPACK grid (12x12)
     --------------------------------------------------------------------------------------------
        
       -0.02696  -0.02684  -0.02589  -0.02585  -0.02526  -0.02486  -0.02484  -0.02466  -0.02455
       -0.02427  -0.02420  -0.02392  -0.02350  -0.02344  -0.02339  -0.02273  -0.02266  -0.02252
       -0.02227  -0.02218  -0.02156  -0.02119  -0.02110  -0.02101  -0.02095  -0.02053  -0.02036
       -0.02025  -0.02021  -0.01980  -0.01969  -0.01958  -0.01945  -0.01920  -0.01899  -0.01867
       -0.01857  -0.01840  -0.01831  -0.01817  -0.01813  -0.01777  -0.01771  -0.01763  -0.01740
       -0.01723  -0.01720  -0.01709  -0.01676  -0.01643  -0.01633  -0.01616  -0.01587  -0.01577
       -0.01570  -0.01560  -0.01547  -0.01530  -0.01525  -0.01519  -0.01498  -0.01495  -0.01459
       -0.01434  -0.01422  -0.01403  -0.01396  -0.01382  -0.01378  -0.01374  -0.01366  -0.01359
       -0.01336  -0.01331  -0.01312  -0.01305  -0.01298  -0.01293  -0.01284  -0.01282  -0.01269
       -0.01253  -0.01249  -0.01243  -0.01238  -0.01225  -0.01222  -0.01213  -0.01211  -0.01193
       -0.01189  -0.01184  -0.01183  -0.01176  -0.01164  -0.01160  -0.01153  -0.01136  -0.01129
       -0.01126  -0.01118  -0.01113  -0.01107  -0.01094  -0.01088  -0.01077  -0.01070  -0.01062
       -0.01052  -0.01050  -0.01049  -0.01040  -0.01033  -0.01025  -0.01008  -0.01007  -0.01002
       -0.00998  -0.00995  -0.00989  -0.00987  -0.00979  -0.00972  -0.00960  -0.00959  -0.00951
       -0.00950  -0.00939  -0.00923  -0.00919  -0.00915  -0.00912  -0.00911  -0.00905  -0.00897
       -0.00891  -0.00887  -0.00881  -0.00862  -0.00859  -0.00848  -0.00845  -0.00843  -0.00840
       -0.00833  -0.00827  -0.00822  -0.00818  -0.00816  -0.00816  -0.00814  -0.00813  -0.00807
       -0.00803  -0.00798  -0.00796  -0.00792  -0.00787  -0.00785  -0.00779  -0.00777  -0.00769
       -0.00760  -0.00758  -0.00756  -0.00754  -0.00745  -0.00744  -0.00738  -0.00732  -0.00728
       -0.00720  -0.00716  -0.00716  -0.00712  -0.00708  -0.00705  -0.00703  -0.00697  -0.00696
       -0.00692  -0.00691  -0.00688  -0.00686  -0.00678  -0.00675  -0.00674  -0.00671  -0.00667
       -0.00664  -0.00661  -0.00654  -0.00649  -0.00647  -0.00646  -0.00642  -0.00639  -0.00638
       -0.00635  -0.00632  -0.00627  -0.00625  -0.00617  -0.00615  -0.00613  -0.00611  -0.00608
       -0.00605  -0.00603  -0.00599  -0.00594  -0.00594  -0.00590  -0.00589  -0.00581  -0.00579
       -0.00577  -0.00573  -0.00571  -0.00568  -0.00566  -0.00565  -0.00563  -0.00562  -0.00561
       -0.00559  -0.00556  -0.00555  -0.00551  -0.00549  -0.00545  -0.00543  -0.00540  -0.00534
       -0.00533  -0.00529  -0.00526  -0.00524  -0.00523  -0.00521  -0.00520  -0.00516  -0.00512
       -0.00509  -0.00508  -0.00507  -0.00505  -0.00503  -0.00501  -0.00500  -0.00495  -0.00495
       -0.00490  -0.00489  -0.00486  -0.00484  -0.00481  -0.00479  -0.00477  -0.00475  -0.00474
       -0.00471  -0.00470  -0.00465  -0.00464  -0.00462  -0.00460  -0.00457  -0.00457  -0.00456
       -0.00453  -0.00449  -0.00449  -0.00443  -0.00441  -0.00440  -0.00439  -0.00437  -0.00435
       -0.00434  -0.00432  -0.00430  -0.00429  -0.00427  -0.00424  -0.00422  -0.00421  -0.00418
       -0.00417  -0.00415  -0.00411  -0.00411  -0.00409  -0.00408  -0.00405  -0.00403  -0.00402
       -0.00400  -0.00397  -0.00396  -0.00396  -0.00394  -0.00392  -0.00391  -0.00390  -0.00389
       -0.00386  -0.00385  -0.00383  -0.00382  -0.00378  -0.00376  -0.00374  -0.00372  -0.00371
       -0.00370  -0.00369  -0.00366  -0.00365  -0.00362  -0.00361  -0.00360  -0.00358  -0.00356
       -0.00356  -0.00355  -0.00352  -0.00350  -0.00349  -0.00348  -0.00346  -0.00344  -0.00343
       -0.00342  -0.00341  -0.00340  -0.00339  -0.00337  -0.00336  -0.00335  -0.00333  -0.00332
       -0.00331  -0.00330  -0.00329  -0.00327  -0.00325  -0.00324  -0.00323  -0.00322  -0.00319
       -0.00316  -0.00315  -0.00314  -0.00313  -0.00312  -0.00311  -0.00310  -0.00308  -0.00307
       -0.00306  -0.00304  -0.00303  -0.00300  -0.00299  -0.00297  -0.00296  -0.00296  -0.00295
       -0.00294  -0.00292  -0.00291  -0.00290  -0.00289  -0.00288  -0.00288  -0.00286  -0.00285
       -0.00284  -0.00282  -0.00282  -0.00279  -0.00278  -0.00276  -0.00275  -0.00273  -0.00272
       -0.00271  -0.00270  -0.00269  -0.00268  -0.00267  -0.00266  -0.00265  -0.00264  -0.00263
       -0.00261  -0.00259  -0.00258  -0.00256
        
     --------------------------------------------------------------------------------------------
     Tot. elapsed time 03m-31.9s,  time spent in last iteration 32.8s
     --------------------------------------------------------------------------------------------

     [I/O] -------------------------------------------------------
     [I/O] RESTART written in < 00.1s             
     [I/O] In location   : ./h2o2_100_400.wstat.restart
     [I/O] -------------------------------------------------------

                       *----------*              *----------*               *----------*
     #     Iteration = |        2 |   DFPT_dim = |      303 |   Diago_dim = |     1103 |
                       *----------*              *----------*               *----------*
       
     --------------------------------------------------------------------------------------------
     Applying projection operator formed by dvg                          
     --------------------------------------------------------------------------------------------
     per-process dynamical memory   224.3 Mb
  
       
     --------------------------------------------------------------------------------------------
     Sternheimer eq. solver... with threshold =   1.000000E-12           
     --------------------------------------------------------------------------------------------
     in progress... |#                   | 005% :               00.9s (E)               18.8s (X)
     in progress... |##                  | 010% :               01.8s (E)               18.7s (X)
     in progress... |###                 | 015% :               02.3s (E)               15.6s (X)
     in progress... |####                | 020% :               03.3s (E)               16.5s (X)
     in progress... |#####               | 025% :               03.7s (E)               15.1s (X)
     in progress... |######              | 030% :               04.7s (E)               15.8s (X)
     in progress... |#######             | 035% :               05.2s (E)               14.9s (X)
     in progress... |########            | 040% :               06.1s (E)               15.3s (X)
     in progress... |#########           | 045% :               06.6s (E)               14.7s (X)
     in progress... |##########          | 050% :               07.5s (E)               15.1s (X)
     in progress... |###########         | 055% :               08.4s (E)               15.4s (X)
     in progress... |############        | 060% :               08.9s (E)               14.9s (X)
     in progress... |#############       | 065% :               09.9s (E)               15.2s (X)
     in progress... |##############      | 070% :               10.3s (E)               14.8s (X)
     in progress... |###############     | 075% :               11.3s (E)               15.0s (X)
     in progress... |################    | 080% :               11.7s (E)               14.7s (X)
     in progress... |#################   | 085% :               12.7s (E)               14.9s (X)
     in progress... |##################  | 090% :               13.1s (E)               14.6s (X)
     in progress... |################### | 095% :               14.1s (E)               14.8s (X)
     in progress... |####################| 100% :               14.5s (E)               14.5s (X)
       
     --------------------------------------------------------------------------------------------
     Applying projection operator formed by dvg                          
     --------------------------------------------------------------------------------------------
     --------------------------------------------------------------------------------------------
     p-DIAGOX done in 00.6s with a SCALAPACK grid (12x12)
     --------------------------------------------------------------------------------------------
        
       -0.02696  -0.02684  -0.02589  -0.02585  -0.02526  -0.02486  -0.02484  -0.02466  -0.02455
       -0.02427  -0.02420  -0.02392  -0.02350  -0.02344  -0.02339  -0.02273  -0.02266  -0.02252
       -0.02227  -0.02218  -0.02157  -0.02119  -0.02110  -0.02101  -0.02095  -0.02053  -0.02036
       -0.02025  -0.02021  -0.01980  -0.01969  -0.01958  -0.01945  -0.01920  -0.01899  -0.01867
       -0.01857  -0.01840  -0.01832  -0.01817  -0.01814  -0.01777  -0.01771  -0.01764  -0.01740
       -0.01723  -0.01720  -0.01709  -0.01676  -0.01644  -0.01633  -0.01616  -0.01587  -0.01578
       -0.01570  -0.01561  -0.01547  -0.01530  -0.01525  -0.01519  -0.01498  -0.01495  -0.01459
       -0.01434  -0.01422  -0.01403  -0.01396  -0.01383  -0.01378  -0.01374  -0.01367  -0.01359
       -0.01336  -0.01332  -0.01312  -0.01305  -0.01299  -0.01294  -0.01285  -0.01283  -0.01269
       -0.01253  -0.01249  -0.01244  -0.01239  -0.01226  -0.01222  -0.01214  -0.01212  -0.01194
       -0.01190  -0.01185  -0.01184  -0.01177  -0.01165  -0.01161  -0.01154  -0.01137  -0.01130
       -0.01127  -0.01119  -0.01115  -0.01108  -0.01095  -0.01089  -0.01078  -0.01071  -0.01063
       -0.01054  -0.01052  -0.01050  -0.01042  -0.01035  -0.01027  -0.01010  -0.01009  -0.01004
       -0.01000  -0.00997  -0.00991  -0.00989  -0.00981  -0.00974  -0.00962  -0.00961  -0.00953
       -0.00952  -0.00941  -0.00925  -0.00921  -0.00917  -0.00913  -0.00913  -0.00907  -0.00900
       -0.00894  -0.00890  -0.00884  -0.00865  -0.00864  -0.00851  -0.00847  -0.00846  -0.00844
       -0.00837  -0.00830  -0.00825  -0.00821  -0.00819  -0.00819  -0.00817  -0.00816  -0.00810
       -0.00805  -0.00801  -0.00799  -0.00795  -0.00791  -0.00788  -0.00783  -0.00781  -0.00773
       -0.00764  -0.00761  -0.00760  -0.00758  -0.00750  -0.00749  -0.00743  -0.00737  -0.00732
       -0.00724  -0.00721  -0.00721  -0.00718  -0.00713  -0.00710  -0.00709  -0.00701  -0.00700
       -0.00697  -0.00696  -0.00693  -0.00690  -0.00684  -0.00681  -0.00678  -0.00678  -0.00673
       -0.00670  -0.00667  -0.00660  -0.00655  -0.00653  -0.00653  -0.00648  -0.00646  -0.00646
       -0.00642  -0.00641  -0.00636  -0.00633  -0.00625  -0.00623  -0.00621  -0.00619  -0.00616
       -0.00614  -0.00611  -0.00610  -0.00603  -0.00602  -0.00600  -0.00595  -0.00590  -0.00588
       -0.00587  -0.00584  -0.00582  -0.00578  -0.00578  -0.00574  -0.00574  -0.00572  -0.00570
       -0.00567  -0.00566  -0.00565  -0.00563  -0.00561  -0.00554  -0.00554  -0.00552  -0.00547
       -0.00547  -0.00539  -0.00537  -0.00536  -0.00534  -0.00531  -0.00530  -0.00525  -0.00525
       -0.00521  -0.00520  -0.00518  -0.00516  -0.00515  -0.00514  -0.00512  -0.00510  -0.00506
       -0.00506  -0.00502  -0.00500  -0.00496  -0.00494  -0.00493  -0.00491  -0.00487  -0.00486
       -0.00485  -0.00484  -0.00480  -0.00477  -0.00477  -0.00475  -0.00472  -0.00472  -0.00469
       -0.00468  -0.00467  -0.00465  -0.00458  -0.00457  -0.00455  -0.00454  -0.00453  -0.00450
       -0.00448  -0.00447  -0.00446  -0.00445  -0.00441  -0.00440  -0.00438  -0.00437  -0.00434
       -0.00433  -0.00432  -0.00431  -0.00431  -0.00429  -0.00428  -0.00425  -0.00422  -0.00422
       -0.00420  -0.00419  -0.00418  -0.00417  -0.00415  -0.00413  -0.00411  -0.00407  -0.00407
       -0.00406  -0.00405  -0.00403  -0.00401  -0.00399  -0.00397  -0.00394  -0.00392  -0.00392
       -0.00392  -0.00391  -0.00388  -0.00387  -0.00386  -0.00384  -0.00383  -0.00382  -0.00380
       -0.00379  -0.00378  -0.00377  -0.00373  -0.00373  -0.00372  -0.00370  -0.00368  -0.00367
       -0.00366  -0.00365  -0.00364  -0.00363  -0.00362  -0.00361  -0.00361  -0.00358  -0.00357
       -0.00356  -0.00356  -0.00353  -0.00353  -0.00352  -0.00351  -0.00349  -0.00349  -0.00348
       -0.00347  -0.00346  -0.00344  -0.00343  -0.00340  -0.00337  -0.00336  -0.00335  -0.00335
       -0.00333  -0.00333  -0.00332  -0.00330  -0.00329  -0.00327  -0.00326  -0.00325  -0.00324
       -0.00323  -0.00323  -0.00321  -0.00320  -0.00319  -0.00318  -0.00317  -0.00316  -0.00316
       -0.00314  -0.00313  -0.00312  -0.00310  -0.00310  -0.00309  -0.00309  -0.00308  -0.00304
       -0.00303  -0.00303  -0.00303  -0.00302  -0.00301  -0.00299  -0.00297  -0.00296  -0.00295
       -0.00294  -0.00293  -0.00293  -0.00291
        
     --------------------------------------------------------------------------------------------
     Tot. elapsed time 05m-13.6s,  time spent in last iteration 30.0s
     --------------------------------------------------------------------------------------------

     [I/O] -------------------------------------------------------
     [I/O] RESTART written in < 00.1s             
     [I/O] In location   : ./h2o2_100_400.wstat.restart
     [I/O] -------------------------------------------------------

                       *----------*              *----------*               *----------*
     #     Iteration = |        3 |   DFPT_dim = |       32 |   Diago_dim = |     1135 |
                       *----------*              *----------*               *----------*
       
     --------------------------------------------------------------------------------------------
     Applying projection operator formed by dvg                          
     --------------------------------------------------------------------------------------------
     per-process dynamical memory   218.9 Mb
  
       
     --------------------------------------------------------------------------------------------
     Sternheimer eq. solver... with threshold =   1.000000E-12           
     --------------------------------------------------------------------------------------------
     in progress... |######              | 030% :               00.4s (E)               01.5s (X)
     in progress... |#############       | 065% :               00.9s (E)               01.4s (X)
     in progress... |####################| 100% :               01.3s (E)               01.3s (X)
       
     --------------------------------------------------------------------------------------------
     Applying projection operator formed by dvg                          
     --------------------------------------------------------------------------------------------
     --------------------------------------------------------------------------------------------
     p-DIAGOX done in 00.6s with a SCALAPACK grid (12x12)
     --------------------------------------------------------------------------------------------
        
       -0.02696  -0.02684  -0.02589  -0.02585  -0.02526  -0.02486  -0.02484  -0.02466  -0.02455
       -0.02427  -0.02420  -0.02392  -0.02350  -0.02344  -0.02339  -0.02273  -0.02266  -0.02252
       -0.02227  -0.02218  -0.02157  -0.02119  -0.02110  -0.02101  -0.02095  -0.02053  -0.02036
       -0.02025  -0.02021  -0.01980  -0.01969  -0.01958  -0.01945  -0.01920  -0.01899  -0.01867
       -0.01857  -0.01840  -0.01832  -0.01817  -0.01814  -0.01777  -0.01771  -0.01764  -0.01740
       -0.01723  -0.01720  -0.01709  -0.01676  -0.01644  -0.01633  -0.01616  -0.01587  -0.01578
       -0.01570  -0.01561  -0.01547  -0.01530  -0.01525  -0.01519  -0.01498  -0.01495  -0.01459
       -0.01434  -0.01422  -0.01403  -0.01396  -0.01383  -0.01378  -0.01374  -0.01367  -0.01359
       -0.01336  -0.01332  -0.01312  -0.01305  -0.01299  -0.01294  -0.01285  -0.01283  -0.01269
       -0.01253  -0.01249  -0.01244  -0.01239  -0.01226  -0.01222  -0.01214  -0.01212  -0.01194
       -0.01190  -0.01185  -0.01184  -0.01177  -0.01165  -0.01161  -0.01154  -0.01137  -0.01130
       -0.01127  -0.01119  -0.01115  -0.01108  -0.01095  -0.01089  -0.01078  -0.01071  -0.01063
       -0.01054  -0.01052  -0.01050  -0.01042  -0.01035  -0.01027  -0.01010  -0.01009  -0.01004
       -0.01000  -0.00997  -0.00991  -0.00989  -0.00981  -0.00974  -0.00962  -0.00961  -0.00953
       -0.00952  -0.00941  -0.00925  -0.00921  -0.00917  -0.00913  -0.00913  -0.00907  -0.00900
       -0.00894  -0.00890  -0.00884  -0.00865  -0.00864  -0.00851  -0.00847  -0.00846  -0.00844
       -0.00837  -0.00830  -0.00825  -0.00821  -0.00819  -0.00819  -0.00817  -0.00816  -0.00810
       -0.00805  -0.00801  -0.00799  -0.00795  -0.00791  -0.00788  -0.00783  -0.00781  -0.00773
       -0.00764  -0.00761  -0.00760  -0.00758  -0.00750  -0.00749  -0.00743  -0.00737  -0.00732
       -0.00724  -0.00721  -0.00721  -0.00718  -0.00713  -0.00710  -0.00709  -0.00701  -0.00700
       -0.00697  -0.00696  -0.00693  -0.00690  -0.00684  -0.00681  -0.00678  -0.00678  -0.00673
       -0.00670  -0.00667  -0.00660  -0.00655  -0.00653  -0.00653  -0.00648  -0.00646  -0.00646
       -0.00642  -0.00641  -0.00636  -0.00633  -0.00625  -0.00623  -0.00621  -0.00619  -0.00616
       -0.00614  -0.00611  -0.00610  -0.00603  -0.00602  -0.00600  -0.00595  -0.00590  -0.00589
       -0.00587  -0.00584  -0.00582  -0.00578  -0.00578  -0.00574  -0.00574  -0.00572  -0.00570
       -0.00567  -0.00566  -0.00565  -0.00563  -0.00561  -0.00554  -0.00554  -0.00552  -0.00547
       -0.00547  -0.00539  -0.00537  -0.00536  -0.00534  -0.00531  -0.00530  -0.00525  -0.00525
       -0.00521  -0.00520  -0.00518  -0.00516  -0.00516  -0.00514  -0.00512  -0.00510  -0.00506
       -0.00506  -0.00502  -0.00500  -0.00496  -0.00494  -0.00493  -0.00491  -0.00487  -0.00486
       -0.00485  -0.00484  -0.00480  -0.00477  -0.00477  -0.00475  -0.00472  -0.00472  -0.00469
       -0.00468  -0.00467  -0.00465  -0.00458  -0.00457  -0.00455  -0.00455  -0.00453  -0.00450
       -0.00449  -0.00447  -0.00446  -0.00445  -0.00442  -0.00440  -0.00438  -0.00437  -0.00434
       -0.00434  -0.00432  -0.00432  -0.00431  -0.00429  -0.00428  -0.00425  -0.00422  -0.00422
       -0.00420  -0.00419  -0.00418  -0.00417  -0.00415  -0.00413  -0.00412  -0.00408  -0.00407
       -0.00406  -0.00405  -0.00403  -0.00401  -0.00399  -0.00397  -0.00394  -0.00393  -0.00392
       -0.00392  -0.00392  -0.00388  -0.00387  -0.00386  -0.00384  -0.00384  -0.00382  -0.00380
       -0.00379  -0.00378  -0.00377  -0.00373  -0.00373  -0.00373  -0.00371  -0.00368  -0.00367
       -0.00366  -0.00365  -0.00364  -0.00364  -0.00362  -0.00362  -0.00361  -0.00359  -0.00357
       -0.00357  -0.00356  -0.00354  -0.00353  -0.00352  -0.00351  -0.00350  -0.00350  -0.00349
       -0.00347  -0.00347  -0.00345  -0.00344  -0.00341  -0.00338  -0.00336  -0.00336  -0.00335
       -0.00334  -0.00333  -0.00333  -0.00331  -0.00331  -0.00328  -0.00327  -0.00325  -0.00325
       -0.00325  -0.00324  -0.00323  -0.00322  -0.00321  -0.00319  -0.00319  -0.00318  -0.00318
       -0.00316  -0.00316  -0.00314  -0.00312  -0.00312  -0.00312  -0.00311  -0.00310  -0.00308
       -0.00306  -0.00305  -0.00305  -0.00304  -0.00303  -0.00303  -0.00301  -0.00300  -0.00298
       -0.00297  -0.00297  -0.00296  -0.00293
        
     --------------------------------------------------------------------------------------------
     Tot. elapsed time 06m-36.6s,  time spent in last iteration 09.4s
     --------------------------------------------------------------------------------------------
       
     --------------------------------------------------------------------------------------------
     Convergence achieved !!! in        3 steps                          
     --------------------------------------------------------------------------------------------
      
     --------------------------------------------------------------------------------------------
     Database written in < 00.1s             
     In location : ./h2o2_100_400.wstat.save
     --------------------------------------------------------------------------------------------
 
     WSTAT        :  7m 3.42s CPU    13m17.17s WALL

     wstat_readin :      7.15s CPU     39.94s WALL (       1 calls)
     fetch_nml    :      0.00s CPU      0.00s WALL (       1 calls)
     read_xml     :      1.30s CPU      1.60s WALL (       1 calls)
     init_vloc    :      0.12s CPU      0.12s WALL (       2 calls)
     fft          :      0.25s CPU      0.27s WALL (      11 calls)
     fft_scatter  :     44.79s CPU     45.02s WALL (   13359 calls)
     v_of_rho     :      0.29s CPU      0.31s WALL (       1 calls)
     v_xc         :      0.26s CPU      0.28s WALL (       1 calls)
     v_h          :      0.03s CPU      0.04s WALL (       1 calls)
     read_wave    :      5.84s CPU     38.32s WALL (       1 calls)
     davcio       :      0.00s CPU      0.61s WALL (       2 calls)
     init_us_1    :      0.14s CPU      0.15s WALL (       2 calls)
     do_setup     :      0.31s CPU      0.33s WALL (       1 calls)
     init_pw_ar   :      0.31s CPU      0.33s WALL (       1 calls)
     init_at_1    :      0.00s CPU      0.00s WALL (       1 calls)
     storesqvc    :      0.00s CPU      0.00s WALL (       1 calls)
     chidiago     :    212.95s CPU    313.64s WALL (       1 calls)
     randomize    :      1.14s CPU      1.17s WALL (       2 calls)
     paramgs      :     14.26s CPU     14.42s WALL (      11 calls)
     dfpt         :    236.66s CPU    238.46s WALL (      10 calls)
     init_us_2    :      0.03s CPU      0.04s WALL (      10 calls)
     fftw         :    123.72s CPU    124.48s WALL (   13348 calls)
     alphapc      :      0.41s CPU      0.41s WALL (     198 calls)
     wstat_restar :    114.58s CPU    416.58s WALL (       8 calls)
     linstern     :    160.55s CPU    161.66s WALL (     148 calls)
     stern        :    142.96s CPU    143.95s WALL (    5201 calls)
     h_psi_bgrp   :    131.23s CPU    132.11s WALL (    1414 calls)
     h_psi        :    131.22s CPU    132.10s WALL (    1414 calls)
     h_psi:pot    :    130.50s CPU    131.36s WALL (    1414 calls)
     vloc_psi     :    122.23s CPU    123.02s WALL (    1414 calls)
     h_psi:calbec :      4.69s CPU      4.42s WALL (    1414 calls)
     calbec       :      4.69s CPU      4.42s WALL (    1414 calls)
     add_vuspsi   :      3.56s CPU      3.90s WALL (    1414 calls)
     alphapv      :      6.84s CPU      6.92s WALL (    5201 calls)
     build_hr     :      8.17s CPU      8.40s WALL (       8 calls)
     diagox       :      2.44s CPU      2.51s WALL (       8 calls)
     redistr_vr   :      0.30s CPU      0.33s WALL (       6 calls)
     update_vr    :     13.43s CPU     13.79s WALL (       6 calls)
     symm_hr      :      0.32s CPU      0.33s WALL (       6 calls)
     chidiago:las :      0.00s CPU      0.00s WALL (       1 calls)
     refresh_vr   :      4.75s CPU      4.82s WALL (       2 calls)
     pdep_db      :      2.76s CPU      9.21s WALL (       1 calls)
     kinchidiago  :    203.00s CPU    443.22s WALL (       1 calls)
     k_psi        :      1.53s CPU      1.54s WALL (    3787 calls)
     kinchidiago: :      0.00s CPU      0.00s WALL (       1 calls)
     pdep_db_for_ :     10.63s CPU     36.58s WALL (       1 calls)
 
     WSTAT        :  7m 3.42s CPU    13m17.17s WALL

 
   This run was terminated on:  14:51:50   1Jul2018            

=------------------------------------------------------------------------------=
   JOB DONE.
=------------------------------------------------------------------------------=
