
     Program WESTPP v. 2.0.0 starts on  7Nov2017 at 11:15: 4 

     This program is part of the open-source West suite
     for massively parallel calculations of excited states in materials; please cite
         "M. Govoni et al., J. Chem. Theory Comput. 11, 2680 (2015);
          URL http://www.west-code.org", 
     in publications or presentations arising from this work.

     Based on the Quantum ESPRESSO v. 6.1 svn rev. 13369
       
     --------------------------------------------------------------------------------------------
     **MPI** Parallelization Status                                      
     --------------------------------------------------------------------------------------------
                    80                  16             1             1             5
     --------------------------------------------------------------------------------------------
                     N         =         I      X      P      X      B      X      Z
                     ^                   ^             ^             ^             ^
                     |                   |             |             |             |
                   #rnk                  |             |             |             |
                                      #image           |             |             |
                                                     #pool           |             |
                                                                   #bgrp           |
                                                                                 #R&G
     --------------------------------------------------------------------------------------------
     **OPENMP** Parallelization Status
     #thr/rnk               =            1
     --------------------------------------------------------------------------------------------
     #prc = (rnk) * (thr) =           80
     --------------------------------------------------------------------------------------------
       
     --------------------------------------------------------------------------------------------
     I/O Summary : input_west                                            
     --------------------------------------------------------------------------------------------
     qe_prefix      = si-1000
     west_prefix    = si-1000
     outdir         = ./
     --------------------------------------------------------------------------------------------
       
     --------------------------------------------------------------------------------------------
     I/O Summary : wstat_control                                         
     --------------------------------------------------------------------------------------------
     wstat_calculation              =              S
     n_pdep_eigen                   =           1000
     n_pdep_times                   =              4
     n_pdep_maxiter                 =            100
     n_dfpt_maxiter                 =            250
     n_pdep_read_from_file          =              0
     trev_pdep                      =   1.000000E-03
     trev_pdep_rel                  =   1.000000E-01
     tr2_dfpt                       =   1.000000E-12
     l_kinetic_only                 =              F
     l_minimize_exx_if_active       =              F
     l_use_ecutrho                  =              F
     n_read_old_dvg                 =              0
     l_mgs_only                     =              F
     --------------------------------------------------------------------------------------------
       
     --------------------------------------------------------------------------------------------
     I/O Summary : westpp_control                                        
     --------------------------------------------------------------------------------------------
     westpp_calculation                       =              H
     westpp_range(1)                          =            120
     westpp_range(2)                          =            128
     westpp_format                            =              C
     westpp_sign                              =              F
     westpp_n_pdep_eigen_to_use               =           1000
     westpp_r0(1)                             =       0.000000
     westpp_r0(2)                             =       0.000000
     westpp_r0(3)                             =       0.000000
     westpp_nr                                =            100
     westpp_rmax                              =       1.000000
     westpp_epsinfty                          =       1.000000
     --------------------------------------------------------------------------------------------

     Reading data from directory:
     ./si-1000.save

   Info: using nr1, nr2, nr3 values from input

   Info: using nr1, nr2, nr3 values from input

     IMPORTANT: XC functional enforced from input :
     Exchange-correlation      = PBE ( 1  4  3  4 0 0)
     Any further DFT definition will be discarded
     Please, verify this is what you really want

 
     Parallelization info
     --------------------
     sticks:   dense  smooth     PW     G-vecs:    dense   smooth      PW
     Min        1074    1074    269                59177    59177    7413
     Max        1076    1076    272                59184    59184    7416
     Sum        5377    5377   1353               295907   295907   37073
 
       
     --------------------------------------------------------------------------------------------
     System Overview                                                     
     --------------------------------------------------------------------------------------------
     gamma_only           =              T
     ecutwfc [Ry]         =      40.000000
     omega [au^3]         =   8.650474E+03
     glob. #G             =          18537
     nbnd                 =            250
     nkstot               =              1
     nspin                =              1
     nelec                =     256.000000
     npol                 =              1
     lsda                 =              F
     noncolin             =              F
     lspinorb             =              F
     domag                =              F
     --------------------------------------------------------------------------------------------

     sFFT G-space:   147954 G-vectors     R-space: (  90,  90,  90)
     dFFT G-space:   147954 G-vectors     R-space: (  90,  90,  90)

     Cell [a.u.]          =      20.528000      0.000000      0.000000
                          =       0.000000     20.528000      0.000000
                          =       0.000000      0.000000     20.528000
      
     number of ks points=     1
                       cart. coord. in units 2pi/alat
        k(    1) = (   0.0000000   0.0000000   0.0000000), wk =   2.0000000

                       cryst. coord.
        k(    1) = (   0.0000000   0.0000000   0.0000000), wk =   2.0000000
 
     Spherical div        =   2.417578E-01
     Orthorombic div      =   2.379907E-01
       
     --------------------------------------------------------------------------------------------
     Parallelization for npdep                                           
     --------------------------------------------------------------------------------------------
     nglob                =           1000
     nlevel               =             16
     Min nglob/nlevel     =             62
     Max nglob/nlevel     =             63
     --------------------------------------------------------------------------------------------
      
     --------------------------------------------------------------------------------------------
     Database read in 12.1s               
     In location : ./si_1000.wstat.save
     Eigen. found :         1000
     --------------------------------------------------------------------------------------------
     Spherical div        =   2.417578E-01
     Orthorombic div      =   2.379907E-01

                       *----------* 
     #     Iteration = |        1 |
                       *----------* 
       
     --------------------------------------------------------------------------------------------
     Screened eXact eXchange with (H)artree                              
     --------------------------------------------------------------------------------------------
     in progress... |##                  | 010% :             < 00.1s (E)               00.2s (X)
     in progress... |####                | 020% :             < 00.1s (E)               00.1s (X)
     in progress... |######              | 030% :             < 00.1s (E)               00.1s (X)
     in progress... |########            | 040% :             < 00.1s (E)               00.1s (X)
     in progress... |###########         | 055% :             < 00.1s (E)               00.1s (X)
     in progress... |#############       | 065% :             < 00.1s (E)               00.1s (X)
     in progress... |###############     | 075% :             < 00.1s (E)               00.1s (X)
     in progress... |#################   | 085% :               00.1s (E)               00.1s (X)
     in progress... |####################| 100% :               00.1s (E)               00.1s (X)
     --------------------------------------------------------------------------------------------
 
     WESTPP       :    12.88s CPU        14.72s WALL

     westpp_readi :      0.59s CPU      2.16s WALL (       1 calls)
     fetch_nml    :      0.02s CPU      0.06s WALL (       1 calls)
     read_xml     :      0.34s CPU      0.65s WALL (       1 calls)
     init_vloc    :      0.01s CPU      0.01s WALL (       2 calls)
     fft          :      0.04s CPU      0.29s WALL (      11 calls)
     fft_scatter  :      0.03s CPU      0.04s WALL (      38 calls)
     v_of_rho     :      0.09s CPU      0.11s WALL (       1 calls)
     v_xc         :      0.09s CPU      0.10s WALL (       1 calls)
     v_h          :      0.00s CPU      0.00s WALL (       1 calls)
     read_wave    :      0.22s CPU      1.36s WALL (       1 calls)
     davcio       :      0.00s CPU      1.12s WALL (       2 calls)
     init_us_1    :      0.01s CPU      0.01s WALL (       2 calls)
     do_setup     :      0.05s CPU      0.06s WALL (       1 calls)
     init_pw_ar   :      0.05s CPU      0.06s WALL (       1 calls)
     init_at_1    :      0.00s CPU      0.00s WALL (       1 calls)
     storesqvc    :      0.02s CPU      0.02s WALL (       2 calls)
     pdep_db      :     12.09s CPU     12.13s WALL (       1 calls)
     westpp       :      0.11s CPU      0.12s WALL (       1 calls)
     fftw         :      0.07s CPU      0.07s WALL (      27 calls)
 
     WESTPP       :    12.88s CPU        14.72s WALL

 
   This run was terminated on:  11:15:19   7Nov2017            

=------------------------------------------------------------------------------=
   JOB DONE.
=------------------------------------------------------------------------------=
