
     Program WFREQ v. 2.0.0 starts on 10Oct2019 at 14:17:50 

     This program is part of the open-source West suite
     for massively parallel calculations of excited states in materials; please cite
         "M. Govoni et al., J. Chem. Theory Comput. 11, 2680 (2015);
          URL http://www.west-code.org", 
     in publications or presentations arising from this work.

     Based on the Quantum ESPRESSO v. 6.1 svn rev. 13369
       
     --------------------------------------------------------------------------------------------
     **MPI** Parallelization Status                                      
     --------------------------------------------------------------------------------------------
                    40                  10             1             1             4
     --------------------------------------------------------------------------------------------
                     N         =         I      X      P      X      B      X      Z
                     ^                   ^             ^             ^             ^
                     |                   |             |             |             |
                   #rnk                  |             |             |             |
                                      #image           |             |             |
                                                     #pool           |             |
                                                                   #bgrp           |
                                                                                 #R&G
     --------------------------------------------------------------------------------------------
     #prc =           40
     --------------------------------------------------------------------------------------------
       
     --------------------------------------------------------------------------------------------
     I/O Summary : input_west                                            
     --------------------------------------------------------------------------------------------
     qe_prefix      = cl2
     west_prefix    = cl2
     outdir         = ./
     --------------------------------------------------------------------------------------------
       
     --------------------------------------------------------------------------------------------
     I/O Summary : wstat_control                                         
     --------------------------------------------------------------------------------------------
     wstat_calculation              =              S
     n_pdep_eigen                   =            500
     n_kin_pdep_eigen               =              0
     n_lindhard_eigen               =              0
     n_pdep_times                   =              4
     n_pdep_maxiter                 =            100
     n_dfpt_maxiter                 =            250
     n_pdep_read_from_file          =              0
     trev_pdep                      =   1.000000E-03
     trev_pdep_rel                  =   1.000000E-01
     tr2_dfpt                       =   1.000000E-12
     l_kinetic_only                 =              F
     l_minimize_exx_if_active       =              F
     l_use_ecutrho                  =              F
     l_pure_eigen                   =              F
     --------------------------------------------------------------------------------------------
       
     --------------------------------------------------------------------------------------------
     I/O Summary : wfreq_control                                         
     --------------------------------------------------------------------------------------------
     wfreq_calculation                        =           XWGQ
     n_pdep_eigen_to_use                      =            300
     qp_bandrange(1)                          =              6
     qp_bandrange(2)                          =              9
     macropol_calculation                     =              N
     n_lanczos                                =             30
     n_imfreq                                 =            100
     n_refreq                                 =            400
     ecut_imfreq [Ry]                         =     340.000000
     ecut_refreq [Ry]                         =       3.000000
     wfreq_eta [Ry]                           =       0.003675
     n_secant_maxiter                         =            200
     trev_secant [Ry]                         =       0.003676
     l_enable_lanczos                         =              T
     l_enable_gwetot                          =              F
     div_kind_hf                              =              2
     o_restart_time [min]                     =       0.000000
     ecut_spectralf(1) [Ry]                   =      -2.000000
     ecut_spectralf(2) [Ry]                   =       2.000000
     n_spectralf                              =             10
     --------------------------------------------------------------------------------------------

     Reading data from directory:
     ./cl2.save

   Info: using nr1, nr2, nr3 values from input

   Info: using nr1, nr2, nr3 values from input

     IMPORTANT: XC functional enforced from input :
     Exchange-correlation      = PBE ( 1  4  3  4 0 0)
     Any further DFT definition will be discarded
     Please, verify this is what you really want

     Message from routine readpp:
     file ./cl2.save/Cl_ONCV_PBE-1.0.upf not found
 
     Parallelization info
     --------------------
     sticks:   dense  smooth     PW     G-vecs:    dense   smooth      PW
     Min        6085    6085   1520               714657   714657   89302
     Max        6088    6088   1526               714660   714660   89304
     Sum       24345   24345   6093              2858633  2858633  357213
 
       
     --------------------------------------------------------------------------------------------
     System Overview                                                     
     --------------------------------------------------------------------------------------------
     gamma_only           =              T
     ecutwfc [Ry]         =      85.000000
     omega [au^3]         =   2.700000E+04
     glob. #G             =         178607
     nbnd                 =            100
     nkstot               =              1
     nspin                =              1
     nelec                =      14.000000
     npol                 =              1
     lsda                 =              F
     noncolin             =              F
     lspinorb             =              F
     domag                =              F
     --------------------------------------------------------------------------------------------

     sFFT G-space:  1429317 G-vectors     R-space: ( 180, 180, 180)
     dFFT G-space:  1429317 G-vectors     R-space: ( 180, 180, 180)

     Cell [a.u.]          =      30.000000      0.000000      0.000000
                          =       0.000000     30.000000      0.000000
                          =       0.000000      0.000000     30.000000
      
     number of ks points=     1
                       cart. coord. in units 2pi/alat
        k(    1) = (   0.0000000   0.0000000   0.0000000), wk =   2.0000000

                       cryst. coord.
        k(    1) = (   0.0000000   0.0000000   0.0000000), wk =   2.0000000
 
     Spherical div        =   1.654268E-01
     Orthorombic div      =   1.628492E-01
       
     --------------------------------------------------------------------------------------------
     Parallelization for npdep                                           
     --------------------------------------------------------------------------------------------
     nglob                =            300
     nlevel               =             10
     Min nglob/nlevel     =             30
     Max nglob/nlevel     =             30
     --------------------------------------------------------------------------------------------
       
     --------------------------------------------------------------------------------------------
     Parallelization for npdep+macro                                     
     --------------------------------------------------------------------------------------------
     nglob                =            303
     nlevel               =             10
     Min nglob/nlevel     =             30
     Max nglob/nlevel     =             31
     --------------------------------------------------------------------------------------------
       
     --------------------------------------------------------------------------------------------
     Parallelization for n_imfreq                                        
     --------------------------------------------------------------------------------------------
     nglob                =            100
     nlevel               =              4
     Min nglob/nlevel     =             25
     Max nglob/nlevel     =             25
     --------------------------------------------------------------------------------------------
       
     --------------------------------------------------------------------------------------------
     Parallelization for n_refreq                                        
     --------------------------------------------------------------------------------------------
     nglob                =            400
     nlevel               =              4
     Min nglob/nlevel     =            100
     Max nglob/nlevel     =            100
     --------------------------------------------------------------------------------------------
       
     --------------------------------------------------------------------------------------------
     Parallelization for nbnd                                            
     --------------------------------------------------------------------------------------------
     nglob                =            100
     nlevel               =             10
     Min nglob/nlevel     =             10
     Max nglob/nlevel     =             10
     --------------------------------------------------------------------------------------------
       
     --------------------------------------------------------------------------------------------
     Hartree-Fock Exact E(X)change                                       
     --------------------------------------------------------------------------------------------
      
     --------------------------------------------------------------------------------------------
     Vxc
     --------------------------------------------------------------------------------------------
     in progress... |####################| 100% :             < 00.1s (E)             < 00.1s (X)
     --------------------------------------------------------------------------------------------
      
     --------------------------------------------------------------------------------------------
     (X)-Sigma
     --------------------------------------------------------------------------------------------
     in progress... |#####               | 025% :               00.3s (E)               01.2s (X)
     in progress... |##########          | 050% :               00.5s (E)               01.1s (X)
     in progress... |###############     | 075% :               00.8s (E)               01.1s (X)
     in progress... |####################| 100% :               01.1s (E)               01.1s (X)
     --------------------------------------------------------------------------------------------
       
     --------------------------------------------------------------------------------------------
     (W)-Lanczos                                                         
     --------------------------------------------------------------------------------------------
     in progress... |##                  | 010% :           03m-00.1s (E)           30m-01.7s (X)
     in progress... |#####               | 025% :           05m-55.7s (E)           23m-42.9s (X)
     in progress... |########            | 040% :           08m-51.4s (E)           22m-08.5s (X)
     in progress... |###########         | 055% :           11m-45.8s (E)           21m-23.2s (X)
     in progress... |##############      | 070% :           14m-39.6s (E)           20m-56.6s (X)
     in progress... |#################   | 085% :           17m-33.9s (E)           20m-39.8s (X)
     in progress... |####################| 100% :           20m-27.3s (E)           20m-27.3s (X)
     --------------------------------------------------------------------------------------------
       
     --------------------------------------------------------------------------------------------
     (G)-Lanczos                                                         
     --------------------------------------------------------------------------------------------
     in progress... |#####               | 025% :           02m-50.3s (E)           11m-21.3s (X)
     in progress... |##########          | 050% :           05m-40.4s (E)           11m-20.8s (X)
     in progress... |###############     | 075% :           08m-30.7s (E)           11m-20.9s (X)
     in progress... |####################| 100% :           11m-21.3s (E)           11m-21.3s (X)
     --------------------------------------------------------------------------------------------
       
     --------------------------------------------------------------------------------------------
     Collecting results from W and G                                     
     --------------------------------------------------------------------------------------------
     in progress... |#####               | 025% :               01.3s (E)               05.2s (X)
     in progress... |##########          | 050% :               02.6s (E)               05.2s (X)
     in progress... |###############     | 075% :               03.9s (E)               05.2s (X)
     in progress... |####################| 100% :               05.2s (E)               05.2s (X)
     --------------------------------------------------------------------------------------------
       
     --------------------------------------------------------------------------------------------
     (Q)uasiparticle energies                                            
     --------------------------------------------------------------------------------------------
       
     --------------------------------------------------------------------------------------------
     Sigma-C                                                             
     --------------------------------------------------------------------------------------------
     Integrating along the IM axis...
     --------------------------------------------------------------------------------------------
     in progress... |#####               | 025% :             < 00.1s (E)             < 00.1s (X)
     in progress... |##########          | 050% :             < 00.1s (E)             < 00.1s (X)
     in progress... |###############     | 075% :             < 00.1s (E)             < 00.1s (X)
     in progress... |####################| 100% :             < 00.1s (E)             < 00.1s (X)
     --------------------------------------------------------------------------------------------
     Residues along the RE axis...
     --------------------------------------------------------------------------------------------
     in progress... |#####               | 025% :             < 00.1s (E)             < 00.1s (X)
     in progress... |##########          | 050% :             < 00.1s (E)             < 00.1s (X)
     in progress... |###############     | 075% :             < 00.1s (E)             < 00.1s (X)
     in progress... |####################| 100% :             < 00.1s (E)             < 00.1s (X)
     --------------------------------------------------------------------------------------------
       
     --------------------------------------------------------------------------------------------
     Sigma-C                                                             
     --------------------------------------------------------------------------------------------
     Integrating along the IM axis...
     --------------------------------------------------------------------------------------------
     in progress... |#####               | 025% :             < 00.1s (E)             < 00.1s (X)
     in progress... |##########          | 050% :             < 00.1s (E)             < 00.1s (X)
     in progress... |###############     | 075% :             < 00.1s (E)             < 00.1s (X)
     in progress... |####################| 100% :             < 00.1s (E)             < 00.1s (X)
     --------------------------------------------------------------------------------------------
     Residues along the RE axis...
     --------------------------------------------------------------------------------------------
     in progress... |#####               | 025% :             < 00.1s (E)             < 00.1s (X)
     in progress... |##########          | 050% :             < 00.1s (E)             < 00.1s (X)
     in progress... |###############     | 075% :             < 00.1s (E)             < 00.1s (X)
     in progress... |####################| 100% :             < 00.1s (E)             < 00.1s (X)
     --------------------------------------------------------------------------------------------


     --------------------------------------------------------------------------------------------
     Iter: 000000, QP energies [eV]
     --------------------------------------------------------------------------------------------
         -11.391502    -11.391500     -1.234397      0.642531
     --------------------------------------------------------------------------------------------
       
     --------------------------------------------------------------------------------------------
     Sigma-C                                                             
     --------------------------------------------------------------------------------------------
     Integrating along the IM axis...
     --------------------------------------------------------------------------------------------
     in progress... |#####               | 025% :             < 00.1s (E)             < 00.1s (X)
     in progress... |##########          | 050% :             < 00.1s (E)             < 00.1s (X)
     in progress... |###############     | 075% :             < 00.1s (E)             < 00.1s (X)
     in progress... |####################| 100% :             < 00.1s (E)             < 00.1s (X)
     --------------------------------------------------------------------------------------------
     Residues along the RE axis...
     --------------------------------------------------------------------------------------------
     in progress... |#####               | 025% :             < 00.1s (E)             < 00.1s (X)
     in progress... |##########          | 050% :             < 00.1s (E)             < 00.1s (X)
     in progress... |###############     | 075% :             < 00.1s (E)             < 00.1s (X)
     in progress... |####################| 100% :             < 00.1s (E)             < 00.1s (X)
     --------------------------------------------------------------------------------------------


     --------------------------------------------------------------------------------------------
     Iter: 000001, QP energies [eV]
     --------------------------------------------------------------------------------------------
         -11.299641    -11.299641     -1.249173      0.641680
     --------------------------------------------------------------------------------------------
     --------------------------------------------------------------------------------------------
     Number of unconverged QP. =            2
     --------------------------------------------------------------------------------------------
       
     --------------------------------------------------------------------------------------------
     Sigma-C                                                             
     --------------------------------------------------------------------------------------------
     Integrating along the IM axis...
     --------------------------------------------------------------------------------------------
     in progress... |#####               | 025% :             < 00.1s (E)             < 00.1s (X)
     in progress... |##########          | 050% :             < 00.1s (E)             < 00.1s (X)
     in progress... |###############     | 075% :             < 00.1s (E)             < 00.1s (X)
     in progress... |####################| 100% :             < 00.1s (E)             < 00.1s (X)
     --------------------------------------------------------------------------------------------
     Residues along the RE axis...
     --------------------------------------------------------------------------------------------
     in progress... |#####               | 025% :             < 00.1s (E)             < 00.1s (X)
     in progress... |##########          | 050% :             < 00.1s (E)             < 00.1s (X)
     in progress... |###############     | 075% :             < 00.1s (E)             < 00.1s (X)
     in progress... |####################| 100% :             < 00.1s (E)             < 00.1s (X)
     --------------------------------------------------------------------------------------------


     --------------------------------------------------------------------------------------------
     Iter: 000002, QP energies [eV]
     --------------------------------------------------------------------------------------------
         -11.303024    -11.303023     -1.249173      0.641680
     --------------------------------------------------------------------------------------------
       
     --------------------------------------------------------------------------------------------
     CONVERGENCE ACHIEVED !!!                                            
     --------------------------------------------------------------------------------------------
       
     --------------------------------------------------------------------------------------------
     Done, take a look at the o-eqp_K*.tab file(s) .                     
     --------------------------------------------------------------------------------------------
 
     WFREQ        : 30m47.64s CPU    32m48.95s WALL

     wfreq_readin :      6.40s CPU     47.94s WALL (       1 calls)
     fetch_nml    :      0.01s CPU      0.01s WALL (       1 calls)
     read_xml     :      2.37s CPU      3.55s WALL (       1 calls)
     init_vloc    :      0.06s CPU      0.06s WALL (       2 calls)
     fft          :      1.74s CPU      2.38s WALL (      18 calls)
     fft_scatter  :    152.77s CPU    177.36s WALL (   10602 calls)
     v_of_rho     :      1.18s CPU      1.40s WALL (       1 calls)
     v_xc         :      2.09s CPU      2.48s WALL (       2 calls)
     v_h          :      0.14s CPU      0.16s WALL (       1 calls)
     read_wave    :      4.01s CPU     44.37s WALL (       1 calls)
     davcio       :      0.00s CPU      2.12s WALL (       2 calls)
     init_us_1    :      0.01s CPU      0.01s WALL (       2 calls)
     do_setup     :      0.22s CPU      1.55s WALL (       1 calls)
     init_pw_ar   :      0.21s CPU      1.54s WALL (       1 calls)
     init_at_1    :      0.00s CPU      0.00s WALL (       1 calls)
     storesqvc    :      0.02s CPU      0.02s WALL (       2 calls)
     solve_hf     :      2.16s CPU      2.49s WALL (       1 calls)
     sigmavxc     :      0.08s CPU      0.09s WALL (       1 calls)
     init_us_2    :      0.05s CPU      0.06s WALL (       4 calls)
     fftw         :    568.62s CPU    607.34s WALL (   10580 calls)
     sigmax       :      1.03s CPU      1.14s WALL (       1 calls)
     ffts         :      0.37s CPU      0.44s WALL (       4 calls)
     wlanczos     :   1167.83s CPU   1227.33s WALL (       1 calls)
     alphapc      :     38.16s CPU     38.29s WALL (     348 calls)
     lan_H        :    787.80s CPU    826.27s WALL (      11 calls)
     h_psi_bgrp   :    657.46s CPU    694.58s WALL (     330 calls)
     h_psi        :    657.45s CPU    694.58s WALL (     330 calls)
     h_psi:pot    :    651.47s CPU    688.56s WALL (     330 calls)
     vloc_psi     :    644.33s CPU    681.32s WALL (     330 calls)
     h_psi:calbec :      3.05s CPU      3.11s WALL (     330 calls)
     calbec       :      3.04s CPU      3.11s WALL (     330 calls)
     add_vuspsi   :      4.09s CPU      4.13s WALL (     330 calls)
     brak         :    416.58s CPU    419.33s WALL (      11 calls)
     sw_restart   :      5.08s CPU     27.53s WALL (       7 calls)
     chi0_diag    :      0.24s CPU      0.25s WALL (       1 calls)
     glanczos     :    662.86s CPU    681.39s WALL (       1 calls)
     sg_restart   :      0.01s CPU      0.01s WALL (       4 calls)
     solve_qp     :      5.20s CPU      5.25s WALL (       1 calls)
     coll_gw      :      5.19s CPU      5.22s WALL (       1 calls)
     sigmac_i     :      0.00s CPU      0.01s WALL (       4 calls)
     sigmac_r     :      0.00s CPU      0.00s WALL (       4 calls)
 
     WFREQ        : 30m47.64s CPU    32m48.95s WALL

 
   This run was terminated on:  14:50:39  10Oct2019            

=------------------------------------------------------------------------------=
   JOB DONE.
=------------------------------------------------------------------------------=
