
     Program WSTAT v. 2.0.0 starts on 27Apr2018 at 10: 8:39 

     This program is part of the open-source West suite
     for massively parallel calculations of excited states in materials; please cite
         "M. Govoni et al., J. Chem. Theory Comput. 11, 2680 (2015);
          URL http://www.west-code.org", 
     in publications or presentations arising from this work.

     Based on the Quantum ESPRESSO v. 6.1 svn rev. 13369
       
     --------------------------------------------------------------------------------------------
     **MPI** Parallelization Status                                      
     --------------------------------------------------------------------------------------------
                   160                  10             1             1            16
     --------------------------------------------------------------------------------------------
                     N         =         I      X      P      X      B      X      Z
                     ^                   ^             ^             ^             ^
                     |                   |             |             |             |
                   #rnk                  |             |             |             |
                                      #image           |             |             |
                                                     #pool           |             |
                                                                   #bgrp           |
                                                                                 #R&G
     --------------------------------------------------------------------------------------------
     **OPENMP** Parallelization Status
     #thr/rnk               =            1
     --------------------------------------------------------------------------------------------
     #prc = (rnk) * (thr) =          160
     --------------------------------------------------------------------------------------------
       
     --------------------------------------------------------------------------------------------
     I/O Summary : input_west                                            
     --------------------------------------------------------------------------------------------
     qe_prefix      = c6h6
     west_prefix    = c6h6
     outdir         = ./
     --------------------------------------------------------------------------------------------
       
     --------------------------------------------------------------------------------------------
     I/O Summary : wstat_control                                         
     --------------------------------------------------------------------------------------------
     wstat_calculation              =              S
     n_pdep_eigen                   =            420
     n_kin_pdep_eigen               =              0
     n_lindhard_eigen               =              0
     n_pdep_times                   =              4
     n_pdep_maxiter                 =            100
     n_dfpt_maxiter                 =            250
     n_pdep_read_from_file          =              0
     trev_pdep                      =   1.000000E-03
     trev_pdep_rel                  =   1.000000E-01
     tr2_dfpt                       =   1.000000E-12
     l_kinetic_only                 =              F
     l_minimize_exx_if_active       =              F
     l_use_ecutrho                  =              F
     l_pure_eigen                   =              F
     --------------------------------------------------------------------------------------------

     Reading data from directory:
     ./c6h6.save

   Info: using nr1, nr2, nr3 values from input

   Info: using nr1, nr2, nr3 values from input

     IMPORTANT: XC functional enforced from input :
     Exchange-correlation      = PBE ( 1  4  3  4 0 0)
     Any further DFT definition will be discarded
     Please, verify this is what you really want

     Message from routine readpp:
     file ./c6h6.save/C_ONCV_PBE-1.0.upf not found
     Message from routine readpp:
     file ./c6h6.save/H_ONCV_PBE-1.0.upf not found
 
     Parallelization info
     --------------------
     sticks:   dense  smooth     PW     G-vecs:    dense   smooth      PW
     Min        1520    1520    379               178660   178660   22323
     Max        1522    1522    384               178666   178666   22328
     Sum       24345   24345   6093              2858633  2858633  357213
 
       
     --------------------------------------------------------------------------------------------
     System Overview                                                     
     --------------------------------------------------------------------------------------------
     gamma_only           =              T
     ecutwfc [Ry]         =      85.000000
     omega [au^3]         =   2.700000E+04
     glob. #G             =         178607
     nbnd                 =            100
     nkstot               =              1
     nspin                =              1
     nelec                =      30.000000
     npol                 =              1
     lsda                 =              F
     noncolin             =              F
     lspinorb             =              F
     domag                =              F
     --------------------------------------------------------------------------------------------

     sFFT G-space:  1429317 G-vectors     R-space: ( 180, 180, 180)
     dFFT G-space:  1429317 G-vectors     R-space: ( 180, 180, 180)

     Cell [a.u.]          =      30.000000      0.000000      0.000000
                          =       0.000000     30.000000      0.000000
                          =       0.000000      0.000000     30.000000
      
     number of ks points=     1
                       cart. coord. in units 2pi/alat
        k(    1) = (   0.0000000   0.0000000   0.0000000), wk =   2.0000000

                       cryst. coord.
        k(    1) = (   0.0000000   0.0000000   0.0000000), wk =   2.0000000
 
     Spherical div        =   1.654268E-01
     Orthorombic div      =   1.628502E-01
       
     --------------------------------------------------------------------------------------------
     Parallelization for nvecx                                           
     --------------------------------------------------------------------------------------------
     nglob                =           1680
     nlevel               =             10
     Min nglob/nlevel     =            168
     Max nglob/nlevel     =            168
     --------------------------------------------------------------------------------------------

     [MEM] ----------------------------------------------------------
     [MEM] **Memory** analysis: QE
     [MEM] ----------------------------------------------------------
     [MEM] Allocated arrays           est. size (Mb)     dimensions
     [MEM] ----------------------------------------------------------
     [MEM] Kohn-Sham Wavefunctions      17.03 Mb     (  11164,  100)
     [MEM] NL pseudopotentials          10.22 Mb     (  11164,   60)
     [MEM] Each V/rho on FFT grid        5.93 Mb     ( 388800)
     [MEM] Each G-vector array           0.68 Mb     (  89333)
     [MEM] G-vector shells               0.05 Mb     (   6125)
     [MEM] ----------------------------------------------------------
     [MEM] TOT                          33.92 Mb
     [MEM] ----------------------------------------------------------
     [MEM] 
     [MEM] ----------------------------------------------------------
     [MEM] **Memory** analysis: WSTAT global
     [MEM] ----------------------------------------------------------
     [MEM] Allocated arrays           est. size (Mb)     dimensions
     [MEM] ----------------------------------------------------------
     [MEM] dvg                          28.62 Mb     (  11164,  168)
     [MEM] dng                          28.62 Mb     (  11164,  168)
     [MEM] hr_distr                      2.15 Mb     (   1680,  168)
     [MEM] vr_distr                      2.15 Mb     (   1680,  168)
     [MEM] ----------------------------------------------------------
     [MEM] TOT                          61.54 Mb
     [MEM] ----------------------------------------------------------
     [MEM] 
     [MEM] ----------------------------------------------------------
     [MEM] **Memory** analysis: WSTAT temporary
     [MEM] ----------------------------------------------------------
     [MEM] Allocated arrays           est. size (Mb)     dimensions
     [MEM] ----------------------------------------------------------
     [MEM] dvpsi                         2.56 Mb     (  11164,   15)
     [MEM] dpsi                          2.56 Mb     (  11164,   15)
     [MEM] ----------------------------------------------------------
     [MEM] Total estimate                5.11 Mb
     [MEM] ----------------------------------------------------------

                       *----------*              *----------*               *----------*
     #     Iteration = | starting |   DFPT_dim = |      420 |   Diago_dim = |      420 |  x 1/2
                       *----------*              *----------*               *----------*
     per-process dynamical memory   181.2 Mb
  
       
     --------------------------------------------------------------------------------------------
     Sternheimer eq. solver... with lite-solver                          
     --------------------------------------------------------------------------------------------
     in progress... |#                   | 005% :               01.5s (E)               30.7s (X)
     in progress... |##                  | 010% :               02.5s (E)               25.5s (X)
     in progress... |###                 | 015% :               03.5s (E)               23.8s (X)
     in progress... |####                | 020% :               04.5s (E)               22.9s (X)
     in progress... |#####               | 025% :               05.6s (E)               22.4s (X)
     in progress... |######              | 030% :               06.6s (E)               22.1s (X)
     in progress... |#######             | 035% :               07.6s (E)               21.8s (X)
     in progress... |########            | 040% :               08.6s (E)               21.6s (X)
     in progress... |#########           | 045% :               09.6s (E)               21.5s (X)
     in progress... |##########          | 050% :               10.7s (E)               21.4s (X)
     in progress... |###########         | 055% :               12.2s (E)               22.2s (X)
     in progress... |############        | 060% :               13.2s (E)               22.0s (X)
     in progress... |#############       | 065% :               14.2s (E)               21.9s (X)
     in progress... |##############      | 070% :               15.2s (E)               21.8s (X)
     in progress... |###############     | 075% :               16.3s (E)               21.7s (X)
     in progress... |################    | 080% :               17.3s (E)               21.6s (X)
     in progress... |#################   | 085% :               18.3s (E)               21.5s (X)
     in progress... |##################  | 090% :               19.3s (E)               21.5s (X)
     in progress... |################### | 095% :               20.3s (E)               21.4s (X)
     in progress... |####################| 100% :               21.3s (E)               21.3s (X)
     --------------------------------------------------------------------------------------------

     [I/O] -------------------------------------------------------
     [I/O] RESTART written in < 00.1s             
     [I/O] In location   : ./c6h6_420.wstat.restart
     [I/O] -------------------------------------------------------

                       *----------*              *----------*               *----------*
     #     Iteration = | starting |   DFPT_dim = |      420 |   Diago_dim = |      420 |  x 2/2
                       *----------*              *----------*               *----------*
     per-process dynamical memory   183.5 Mb
  
       
     --------------------------------------------------------------------------------------------
     Sternheimer eq. solver... with threshold =   1.000000E-06           
     --------------------------------------------------------------------------------------------
     in progress... |#                   | 005% :               21.2s (E)           07m-05.0s (X)
     in progress... |##                  | 010% :               35.2s (E)           05m-52.9s (X)
     in progress... |###                 | 015% :               49.2s (E)           05m-28.1s (X)
     in progress... |####                | 020% :           01m-03.1s (E)           05m-15.7s (X)
     in progress... |#####               | 025% :           01m-17.0s (E)           05m-08.2s (X)
     in progress... |######              | 030% :           01m-30.7s (E)           05m-02.5s (X)
     in progress... |#######             | 035% :           01m-44.4s (E)           04m-58.5s (X)
     in progress... |########            | 040% :           01m-58.0s (E)           04m-55.1s (X)
     in progress... |#########           | 045% :           02m-11.5s (E)           04m-52.4s (X)
     in progress... |##########          | 050% :           02m-25.0s (E)           04m-50.0s (X)
     in progress... |###########         | 055% :           02m-44.9s (E)           04m-59.9s (X)
     in progress... |############        | 060% :           02m-58.2s (E)           04m-57.0s (X)
     in progress... |#############       | 065% :           03m-11.3s (E)           04m-54.3s (X)
     in progress... |##############      | 070% :           03m-24.6s (E)           04m-52.3s (X)
     in progress... |###############     | 075% :           03m-37.5s (E)           04m-50.1s (X)
     in progress... |################    | 080% :           03m-50.5s (E)           04m-48.1s (X)
     in progress... |#################   | 085% :           04m-03.3s (E)           04m-46.3s (X)
     in progress... |##################  | 090% :           04m-16.3s (E)           04m-44.8s (X)
     in progress... |################### | 095% :           04m-29.2s (E)           04m-43.4s (X)
     in progress... |####################| 100% :           04m-42.0s (E)           04m-42.0s (X)
     --------------------------------------------------------------------------------------------
     p-DIAGOX done in 00.3s with a SCALAPACK grid (12x12)
     --------------------------------------------------------------------------------------------
        
       -2.98153  -2.98145  -2.53081  -2.25580  -2.25520  -1.73533  -1.31620  -0.97283  -0.97264
       -0.92656  -0.91562  -0.91530  -0.87157  -0.80066  -0.79894  -0.73316  -0.73283  -0.69535
       -0.68724  -0.64539  -0.64498  -0.63929  -0.63889  -0.51476  -0.51456  -0.51208  -0.51170
       -0.46036  -0.45264  -0.43061  -0.42696  -0.42677  -0.41686  -0.40416  -0.40404  -0.37621
       -0.37568  -0.37466  -0.37372  -0.37358  -0.37295  -0.36630  -0.36575  -0.35318  -0.33717
       -0.33704  -0.32676  -0.32622  -0.32064  -0.32047  -0.31099  -0.30347  -0.30220  -0.29975
       -0.29947  -0.27398  -0.27254  -0.26968  -0.26874  -0.26488  -0.26424  -0.25410  -0.24900
       -0.24844  -0.23912  -0.21830  -0.21564  -0.21531  -0.20617  -0.20597  -0.20125  -0.20099
       -0.19913  -0.19882  -0.19694  -0.19402  -0.18792  -0.18739  -0.18368  -0.18326  -0.18284
       -0.18209  -0.17876  -0.17795  -0.17359  -0.16276  -0.16195  -0.15906  -0.15851  -0.14392
       -0.13399  -0.13359  -0.13276  -0.13184  -0.13175  -0.13110  -0.13005  -0.12941  -0.12815
       -0.12712  -0.12122  -0.11816  -0.11778  -0.11711  -0.11643  -0.11152  -0.10815  -0.10750
       -0.10727  -0.10689  -0.10569  -0.10415  -0.10350  -0.09713  -0.09609  -0.09386  -0.09352
       -0.09337  -0.09258  -0.09228  -0.09122  -0.08910  -0.08734  -0.08653  -0.08599  -0.08580
       -0.08472  -0.08304  -0.08175  -0.08124  -0.08050  -0.07980  -0.07844  -0.07792  -0.07589
       -0.07538  -0.07472  -0.07417  -0.07379  -0.07256  -0.07209  -0.07059  -0.07011  -0.06912
       -0.06854  -0.06816  -0.06738  -0.06679  -0.06448  -0.06421  -0.06377  -0.06328  -0.06299
       -0.06250  -0.06197  -0.06164  -0.05947  -0.05919  -0.05713  -0.05668  -0.05658  -0.05604
       -0.05539  -0.05441  -0.05427  -0.05381  -0.05355  -0.05315  -0.05312  -0.05257  -0.05252
       -0.05202  -0.05168  -0.05071  -0.05045  -0.04977  -0.04949  -0.04847  -0.04802  -0.04794
       -0.04740  -0.04701  -0.04681  -0.04633  -0.04552  -0.04543  -0.04431  -0.04393  -0.04348
       -0.04327  -0.04290  -0.04267  -0.04225  -0.04206  -0.04192  -0.04158  -0.04111  -0.03999
       -0.03983  -0.03923  -0.03899  -0.03882  -0.03848  -0.03841  -0.03811  -0.03748  -0.03725
       -0.03716  -0.03713  -0.03696  -0.03653  -0.03635  -0.03612  -0.03563  -0.03527  -0.03476
       -0.03431  -0.03400  -0.03377  -0.03354  -0.03341  -0.03302  -0.03294  -0.03268  -0.03243
       -0.03225  -0.03211  -0.03156  -0.03140  -0.03099  -0.03075  -0.03069  -0.03054  -0.03017
       -0.02972  -0.02953  -0.02917  -0.02900  -0.02885  -0.02832  -0.02808  -0.02796  -0.02787
       -0.02761  -0.02748  -0.02708  -0.02691  -0.02664  -0.02632  -0.02598  -0.02544  -0.02540
       -0.02533  -0.02511  -0.02490  -0.02468  -0.02458  -0.02437  -0.02413  -0.02403  -0.02388
       -0.02355  -0.02318  -0.02303  -0.02290  -0.02273  -0.02255  -0.02239  -0.02220  -0.02209
       -0.02193  -0.02162  -0.02148  -0.02141  -0.02128  -0.02093  -0.02092  -0.02061  -0.02052
       -0.02040  -0.02028  -0.02007  -0.01995  -0.01988  -0.01980  -0.01949  -0.01932  -0.01921
       -0.01904  -0.01890  -0.01881  -0.01869  -0.01849  -0.01826  -0.01816  -0.01814  -0.01795
       -0.01775  -0.01764  -0.01750  -0.01746  -0.01733  -0.01701  -0.01696  -0.01678  -0.01671
       -0.01654  -0.01647  -0.01643  -0.01616  -0.01613  -0.01607  -0.01597  -0.01574  -0.01570
       -0.01563  -0.01544  -0.01535  -0.01527  -0.01507  -0.01501  -0.01490  -0.01479  -0.01467
       -0.01446  -0.01442  -0.01426  -0.01423  -0.01422  -0.01410  -0.01398  -0.01382  -0.01372
       -0.01366  -0.01356  -0.01345  -0.01336  -0.01328  -0.01325  -0.01300  -0.01296  -0.01272
       -0.01258  -0.01238  -0.01237  -0.01230  -0.01219  -0.01210  -0.01202  -0.01189  -0.01169
       -0.01163  -0.01156  -0.01144  -0.01143  -0.01129  -0.01117  -0.01109  -0.01101  -0.01096
       -0.01084  -0.01077  -0.01048  -0.01044  -0.01042  -0.01028  -0.01019  -0.01015  -0.01001
       -0.00995  -0.00979  -0.00971  -0.00969  -0.00956  -0.00944  -0.00939  -0.00936  -0.00933
       -0.00917  -0.00915  -0.00907  -0.00904  -0.00895  -0.00881  -0.00871  -0.00868  -0.00858
       -0.00852  -0.00848  -0.00835  -0.00829  -0.00823  -0.00809  -0.00794  -0.00786  -0.00776
       -0.00772  -0.00766  -0.00761  -0.00750  -0.00743  -0.00735  -0.00726  -0.00720  -0.00713
       -0.00710  -0.00697  -0.00687  -0.00683  -0.00677  -0.00664  -0.00646  -0.00637  -0.00632
       -0.00621  -0.00613  -0.00599  -0.00592  -0.00584  -0.00560
        
     --------------------------------------------------------------------------------------------
     Tot. elapsed time 06m-55.6s,  time spent in last iteration 06m-55.6s
     --------------------------------------------------------------------------------------------

     [I/O] -------------------------------------------------------
     [I/O] RESTART written in < 00.1s             
     [I/O] In location   : ./c6h6_420.wstat.restart
     [I/O] -------------------------------------------------------

                       *----------*              *----------*               *----------*
     #     Iteration = |        1 |   DFPT_dim = |      420 |   Diago_dim = |      840 |
                       *----------*              *----------*               *----------*
     per-process dynamical memory   177.4 Mb
  
       
     --------------------------------------------------------------------------------------------
     Sternheimer eq. solver... with threshold =   1.000000E-12           
     --------------------------------------------------------------------------------------------
     in progress... |#                   | 005% :               33.8s (E)           11m-16.7s (X)
     in progress... |##                  | 010% :               56.3s (E)           09m-23.6s (X)
     in progress... |###                 | 015% :           01m-18.7s (E)           08m-45.1s (X)
     in progress... |####                | 020% :           01m-41.0s (E)           08m-25.4s (X)
     in progress... |#####               | 025% :           02m-03.2s (E)           08m-12.8s (X)
     in progress... |######              | 030% :           02m-25.3s (E)           08m-04.4s (X)
     in progress... |#######             | 035% :           02m-47.4s (E)           07m-58.5s (X)
     in progress... |########            | 040% :           03m-09.6s (E)           07m-54.1s (X)
     in progress... |#########           | 045% :           03m-31.8s (E)           07m-50.7s (X)
     in progress... |##########          | 050% :           03m-53.9s (E)           07m-47.9s (X)
     in progress... |###########         | 055% :           04m-26.8s (E)           08m-05.2s (X)
     in progress... |############        | 060% :           04m-48.7s (E)           08m-01.2s (X)
     in progress... |#############       | 065% :           05m-10.7s (E)           07m-58.0s (X)
     in progress... |##############      | 070% :           05m-32.5s (E)           07m-55.0s (X)
     in progress... |###############     | 075% :           05m-54.3s (E)           07m-52.4s (X)
     in progress... |################    | 080% :           06m-16.2s (E)           07m-50.2s (X)
     in progress... |#################   | 085% :           06m-38.1s (E)           07m-48.3s (X)
     in progress... |##################  | 090% :           06m-59.8s (E)           07m-46.5s (X)
     in progress... |################### | 095% :           07m-21.7s (E)           07m-44.9s (X)
     in progress... |####################| 100% :           07m-43.5s (E)           07m-43.5s (X)
     --------------------------------------------------------------------------------------------
     p-DIAGOX done in 00.5s with a SCALAPACK grid (12x12)
     --------------------------------------------------------------------------------------------
        
       -2.98485  -2.98480  -2.53595  -2.25803  -2.25754  -1.82164  -1.31661  -0.97351  -0.97350
       -0.92694  -0.91763  -0.91760  -0.91709  -0.80229  -0.80032  -0.73397  -0.73396  -0.69647
       -0.68967  -0.64664  -0.64636  -0.64028  -0.64028  -0.51555  -0.51555  -0.51316  -0.51309
       -0.46857  -0.46176  -0.45430  -0.43146  -0.42892  -0.42892  -0.40644  -0.40644  -0.39752
       -0.37874  -0.37847  -0.37675  -0.37674  -0.37552  -0.37491  -0.37303  -0.35651  -0.33975
       -0.33968  -0.32890  -0.32889  -0.32259  -0.32259  -0.31232  -0.30657  -0.30657  -0.30225
       -0.30224  -0.27520  -0.27495  -0.27246  -0.27240  -0.26838  -0.26838  -0.25798  -0.25672
       -0.25029  -0.24072  -0.22816  -0.21790  -0.21789  -0.20812  -0.20812  -0.20600  -0.20599
       -0.20525  -0.20420  -0.20397  -0.19599  -0.19001  -0.19001  -0.18826  -0.18759  -0.18671
       -0.18671  -0.18193  -0.18192  -0.18165  -0.17580  -0.16741  -0.16741  -0.16094  -0.16093
       -0.13972  -0.13881  -0.13816  -0.13704  -0.13704  -0.13634  -0.13634  -0.13615  -0.13437
       -0.13437  -0.12560  -0.12192  -0.12192  -0.12085  -0.12070  -0.11425  -0.11081  -0.11081
       -0.11030  -0.11026  -0.10957  -0.10957  -0.10727  -0.10280  -0.10128  -0.10122  -0.09894
       -0.09791  -0.09791  -0.09772  -0.09629  -0.09629  -0.09124  -0.09124  -0.09059  -0.09059
       -0.09034  -0.08730  -0.08659  -0.08649  -0.08454  -0.08449  -0.08285  -0.08285  -0.08166
       -0.08165  -0.07866  -0.07866  -0.07710  -0.07702  -0.07591  -0.07395  -0.07395  -0.07222
       -0.07222  -0.07209  -0.07209  -0.07203  -0.07049  -0.07048  -0.07033  -0.07007  -0.06850
       -0.06827  -0.06825  -0.06710  -0.06666  -0.06457  -0.06456  -0.06348  -0.06215  -0.06111
       -0.06110  -0.06025  -0.06024  -0.05980  -0.05960  -0.05956  -0.05924  -0.05921  -0.05865
       -0.05864  -0.05797  -0.05791  -0.05580  -0.05579  -0.05551  -0.05509  -0.05502  -0.05369
       -0.05347  -0.05346  -0.05317  -0.05316  -0.05171  -0.05142  -0.05007  -0.04967  -0.04965
       -0.04945  -0.04942  -0.04875  -0.04860  -0.04849  -0.04848  -0.04830  -0.04828  -0.04747
       -0.04660  -0.04598  -0.04549  -0.04535  -0.04535  -0.04450  -0.04425  -0.04424  -0.04418
       -0.04415  -0.04407  -0.04401  -0.04286  -0.04283  -0.04198  -0.04137  -0.04130  -0.04128
       -0.04072  -0.04059  -0.04057  -0.04014  -0.04011  -0.03975  -0.03971  -0.03957  -0.03952
       -0.03944  -0.03870  -0.03870  -0.03816  -0.03813  -0.03790  -0.03787  -0.03781  -0.03762
       -0.03760  -0.03757  -0.03755  -0.03743  -0.03734  -0.03728  -0.03644  -0.03576  -0.03567
       -0.03500  -0.03499  -0.03466  -0.03432  -0.03398  -0.03394  -0.03311  -0.03301  -0.03275
       -0.03264  -0.03263  -0.03251  -0.03246  -0.03227  -0.03156  -0.03155  -0.03120  -0.03110
       -0.03086  -0.03084  -0.03077  -0.03069  -0.02992  -0.02975  -0.02971  -0.02919  -0.02907
       -0.02889  -0.02886  -0.02880  -0.02863  -0.02848  -0.02830  -0.02811  -0.02802  -0.02797
       -0.02795  -0.02791  -0.02789  -0.02764  -0.02746  -0.02734  -0.02719  -0.02705  -0.02699
       -0.02689  -0.02680  -0.02671  -0.02667  -0.02643  -0.02612  -0.02607  -0.02569  -0.02564
       -0.02560  -0.02554  -0.02542  -0.02539  -0.02526  -0.02511  -0.02506  -0.02497  -0.02481
       -0.02470  -0.02464  -0.02454  -0.02420  -0.02418  -0.02405  -0.02400  -0.02397  -0.02379
       -0.02377  -0.02368  -0.02364  -0.02335  -0.02332  -0.02328  -0.02321  -0.02260  -0.02255
       -0.02236  -0.02232  -0.02229  -0.02221  -0.02213  -0.02209  -0.02190  -0.02174  -0.02167
       -0.02159  -0.02148  -0.02140  -0.02135  -0.02128  -0.02125  -0.02107  -0.02104  -0.02096
       -0.02087  -0.02084  -0.02077  -0.02075  -0.02071  -0.02061  -0.02054  -0.02052  -0.02044
       -0.02030  -0.02021  -0.02007  -0.02001  -0.01997  -0.01990  -0.01980  -0.01967  -0.01957
       -0.01949  -0.01946  -0.01922  -0.01915  -0.01907  -0.01898  -0.01892  -0.01880  -0.01877
       -0.01870  -0.01866  -0.01861  -0.01851  -0.01845  -0.01840  -0.01826  -0.01820  -0.01818
       -0.01808  -0.01798  -0.01781  -0.01766  -0.01762  -0.01751  -0.01740  -0.01731  -0.01724
       -0.01710  -0.01703  -0.01693  -0.01683  -0.01679  -0.01674  -0.01667  -0.01654  -0.01641
       -0.01639  -0.01628  -0.01623  -0.01613  -0.01603  -0.01593  -0.01587  -0.01583  -0.01563
       -0.01560  -0.01559  -0.01554  -0.01540  -0.01528  -0.01524  -0.01518  -0.01509  -0.01504
       -0.01492  -0.01484  -0.01483  -0.01477  -0.01475  -0.01473
        
     --------------------------------------------------------------------------------------------
     Tot. elapsed time 16m-55.0s,  time spent in last iteration 08m-42.1s
     --------------------------------------------------------------------------------------------

     [I/O] -------------------------------------------------------
     [I/O] RESTART written in < 00.1s             
     [I/O] In location   : ./c6h6_420.wstat.restart
     [I/O] -------------------------------------------------------

                       *----------*              *----------*               *----------*
     #     Iteration = |        2 |   DFPT_dim = |      412 |   Diago_dim = |     1252 |
                       *----------*              *----------*               *----------*
     per-process dynamical memory   177.4 Mb
  
       
     --------------------------------------------------------------------------------------------
     Sternheimer eq. solver... with threshold =   1.000000E-12           
     --------------------------------------------------------------------------------------------
     in progress... |#                   | 005% :               32.8s (E)           10m-56.5s (X)
     in progress... |##                  | 010% :               54.5s (E)           09m-05.8s (X)
     in progress... |###                 | 015% :           01m-16.4s (E)           08m-29.6s (X)
     in progress... |####                | 020% :           01m-38.1s (E)           08m-10.5s (X)
     in progress... |#####               | 025% :           01m-59.7s (E)           07m-58.8s (X)
     in progress... |######              | 030% :           02m-21.5s (E)           07m-51.7s (X)
     in progress... |#######             | 035% :           02m-43.1s (E)           07m-46.0s (X)
     in progress... |########            | 040% :           03m-04.8s (E)           07m-42.1s (X)
     in progress... |#########           | 045% :           03m-26.4s (E)           07m-38.6s (X)
     in progress... |##########          | 050% :           03m-47.9s (E)           07m-35.9s (X)
     in progress... |###########         | 055% :           04m-20.2s (E)           07m-53.2s (X)
     in progress... |############        | 060% :           04m-41.7s (E)           07m-49.6s (X)
     in progress... |#############       | 065% :           05m-03.2s (E)           07m-46.4s (X)
     in progress... |##############      | 070% :           05m-24.5s (E)           07m-43.6s (X)
     in progress... |###############     | 075% :           05m-45.9s (E)           07m-41.2s (X)
     in progress... |################    | 080% :           06m-07.2s (E)           07m-39.1s (X)
     in progress... |#################   | 085% :           06m-28.6s (E)           07m-37.2s (X)
     in progress... |##################  | 090% :           06m-50.0s (E)           07m-35.5s (X)
     in progress... |################### | 095% :           07m-11.3s (E)           07m-34.0s (X)
     in progress... |####################| 100% :           07m-32.7s (E)           07m-32.7s (X)
     --------------------------------------------------------------------------------------------
     p-DIAGOX done in 00.7s with a SCALAPACK grid (12x12)
     --------------------------------------------------------------------------------------------
        
       -2.98485  -2.98480  -2.53595  -2.25803  -2.25754  -1.82164  -1.31661  -0.97351  -0.97350
       -0.92694  -0.91763  -0.91760  -0.91709  -0.80229  -0.80032  -0.73397  -0.73396  -0.69647
       -0.68967  -0.64664  -0.64636  -0.64028  -0.64028  -0.51555  -0.51555  -0.51316  -0.51309
       -0.46858  -0.46176  -0.45430  -0.43146  -0.42892  -0.42892  -0.40644  -0.40644  -0.39752
       -0.37874  -0.37847  -0.37675  -0.37674  -0.37552  -0.37491  -0.37303  -0.35651  -0.33975
       -0.33968  -0.32890  -0.32890  -0.32259  -0.32259  -0.31232  -0.30657  -0.30657  -0.30225
       -0.30224  -0.27520  -0.27495  -0.27246  -0.27240  -0.26838  -0.26838  -0.25798  -0.25672
       -0.25029  -0.24072  -0.22816  -0.21790  -0.21790  -0.20812  -0.20812  -0.20600  -0.20599
       -0.20526  -0.20420  -0.20397  -0.19600  -0.19001  -0.19001  -0.18826  -0.18760  -0.18672
       -0.18671  -0.18193  -0.18192  -0.18165  -0.17580  -0.16741  -0.16741  -0.16094  -0.16094
       -0.13972  -0.13881  -0.13817  -0.13705  -0.13705  -0.13634  -0.13634  -0.13616  -0.13438
       -0.13438  -0.12561  -0.12192  -0.12192  -0.12086  -0.12071  -0.11426  -0.11082  -0.11082
       -0.11030  -0.11026  -0.10958  -0.10958  -0.10727  -0.10282  -0.10130  -0.10124  -0.09895
       -0.09792  -0.09792  -0.09773  -0.09630  -0.09630  -0.09125  -0.09125  -0.09061  -0.09061
       -0.09035  -0.08732  -0.08660  -0.08651  -0.08456  -0.08450  -0.08286  -0.08286  -0.08168
       -0.08168  -0.07867  -0.07867  -0.07711  -0.07703  -0.07592  -0.07397  -0.07397  -0.07224
       -0.07224  -0.07211  -0.07211  -0.07205  -0.07054  -0.07054  -0.07037  -0.07009  -0.06853
       -0.06830  -0.06828  -0.06713  -0.06669  -0.06461  -0.06460  -0.06354  -0.06218  -0.06115
       -0.06115  -0.06030  -0.06029  -0.05986  -0.05964  -0.05964  -0.05929  -0.05929  -0.05870
       -0.05870  -0.05803  -0.05795  -0.05585  -0.05585  -0.05556  -0.05516  -0.05509  -0.05378
       -0.05353  -0.05353  -0.05323  -0.05323  -0.05179  -0.05148  -0.05017  -0.04978  -0.04976
       -0.04952  -0.04952  -0.04885  -0.04867  -0.04857  -0.04857  -0.04836  -0.04836  -0.04757
       -0.04668  -0.04612  -0.04555  -0.04551  -0.04550  -0.04464  -0.04435  -0.04435  -0.04428
       -0.04428  -0.04417  -0.04414  -0.04299  -0.04296  -0.04205  -0.04153  -0.04139  -0.04139
       -0.04085  -0.04072  -0.04072  -0.04031  -0.04031  -0.03989  -0.03989  -0.03970  -0.03970
       -0.03966  -0.03892  -0.03892  -0.03832  -0.03829  -0.03811  -0.03804  -0.03804  -0.03777
       -0.03775  -0.03775  -0.03774  -0.03771  -0.03749  -0.03749  -0.03679  -0.03590  -0.03590
       -0.03522  -0.03522  -0.03493  -0.03452  -0.03418  -0.03416  -0.03351  -0.03321  -0.03306
       -0.03290  -0.03290  -0.03273  -0.03273  -0.03272  -0.03191  -0.03191  -0.03151  -0.03150
       -0.03112  -0.03111  -0.03103  -0.03103  -0.03016  -0.03012  -0.03001  -0.02961  -0.02961
       -0.02932  -0.02932  -0.02923  -0.02896  -0.02896  -0.02884  -0.02850  -0.02850  -0.02834
       -0.02834  -0.02833  -0.02822  -0.02799  -0.02798  -0.02765  -0.02761  -0.02745  -0.02742
       -0.02726  -0.02726  -0.02704  -0.02704  -0.02693  -0.02658  -0.02642  -0.02612  -0.02612
       -0.02600  -0.02596  -0.02595  -0.02592  -0.02582  -0.02566  -0.02566  -0.02565  -0.02561
       -0.02561  -0.02509  -0.02509  -0.02462  -0.02461  -0.02458  -0.02457  -0.02457  -0.02454
       -0.02454  -0.02453  -0.02420  -0.02380  -0.02380  -0.02373  -0.02373  -0.02312  -0.02311
       -0.02306  -0.02305  -0.02283  -0.02277  -0.02276  -0.02275  -0.02274  -0.02246  -0.02238
       -0.02228  -0.02221  -0.02214  -0.02214  -0.02205  -0.02204  -0.02195  -0.02180  -0.02180
       -0.02168  -0.02163  -0.02162  -0.02141  -0.02141  -0.02140  -0.02138  -0.02138  -0.02132
       -0.02117  -0.02115  -0.02101  -0.02082  -0.02081  -0.02081  -0.02078  -0.02063  -0.02047
       -0.02047  -0.02020  -0.02019  -0.01998  -0.01984  -0.01972  -0.01971  -0.01960  -0.01959
       -0.01948  -0.01947  -0.01946  -0.01940  -0.01939  -0.01935  -0.01934  -0.01928  -0.01926
       -0.01919  -0.01917  -0.01909  -0.01903  -0.01885  -0.01885  -0.01850  -0.01835  -0.01828
       -0.01826  -0.01824  -0.01816  -0.01816  -0.01809  -0.01793  -0.01787  -0.01785  -0.01755
       -0.01755  -0.01736  -0.01736  -0.01730  -0.01717  -0.01714  -0.01710  -0.01709  -0.01699
       -0.01693  -0.01692  -0.01691  -0.01689  -0.01671  -0.01670  -0.01641  -0.01640  -0.01623
       -0.01620  -0.01616  -0.01614  -0.01611  -0.01609  -0.01608
        
     --------------------------------------------------------------------------------------------
     Tot. elapsed time 27m-50.1s,  time spent in last iteration 08m-25.4s
     --------------------------------------------------------------------------------------------

     [I/O] -------------------------------------------------------
     [I/O] RESTART written in < 00.1s             
     [I/O] In location   : ./c6h6_420.wstat.restart
     [I/O] -------------------------------------------------------

                       *----------*              *----------*               *----------*
     #     Iteration = |        3 |   DFPT_dim = |       45 |   Diago_dim = |     1297 |
                       *----------*              *----------*               *----------*
     per-process dynamical memory   177.4 Mb
  
       
     --------------------------------------------------------------------------------------------
     Sternheimer eq. solver... with threshold =   1.000000E-12           
     --------------------------------------------------------------------------------------------
     in progress... |#####               | 025% :               10.5s (E)               42.3s (X)
     in progress... |##########          | 050% :               21.1s (E)               42.3s (X)
     in progress... |###############     | 075% :               31.7s (E)               42.3s (X)
     in progress... |####################| 100% :               42.2s (E)               42.2s (X)
     --------------------------------------------------------------------------------------------
     p-DIAGOX done in 00.7s with a SCALAPACK grid (12x12)
     --------------------------------------------------------------------------------------------
        
       -2.98485  -2.98480  -2.53595  -2.25803  -2.25754  -1.82164  -1.31661  -0.97351  -0.97350
       -0.92694  -0.91763  -0.91760  -0.91709  -0.80229  -0.80032  -0.73397  -0.73396  -0.69647
       -0.68967  -0.64664  -0.64636  -0.64028  -0.64028  -0.51555  -0.51555  -0.51316  -0.51309
       -0.46858  -0.46176  -0.45430  -0.43146  -0.42892  -0.42892  -0.40644  -0.40644  -0.39752
       -0.37874  -0.37847  -0.37675  -0.37674  -0.37552  -0.37491  -0.37303  -0.35651  -0.33975
       -0.33968  -0.32890  -0.32890  -0.32259  -0.32259  -0.31232  -0.30657  -0.30657  -0.30225
       -0.30224  -0.27520  -0.27495  -0.27246  -0.27240  -0.26838  -0.26838  -0.25798  -0.25672
       -0.25029  -0.24072  -0.22816  -0.21790  -0.21790  -0.20812  -0.20812  -0.20600  -0.20599
       -0.20526  -0.20420  -0.20397  -0.19600  -0.19001  -0.19001  -0.18826  -0.18760  -0.18672
       -0.18671  -0.18193  -0.18192  -0.18165  -0.17580  -0.16741  -0.16741  -0.16094  -0.16094
       -0.13972  -0.13881  -0.13817  -0.13705  -0.13705  -0.13634  -0.13634  -0.13616  -0.13438
       -0.13438  -0.12561  -0.12192  -0.12192  -0.12086  -0.12071  -0.11426  -0.11082  -0.11082
       -0.11030  -0.11026  -0.10958  -0.10958  -0.10727  -0.10282  -0.10130  -0.10124  -0.09895
       -0.09792  -0.09792  -0.09773  -0.09630  -0.09630  -0.09125  -0.09125  -0.09061  -0.09061
       -0.09035  -0.08732  -0.08660  -0.08651  -0.08456  -0.08450  -0.08286  -0.08286  -0.08168
       -0.08168  -0.07867  -0.07867  -0.07711  -0.07703  -0.07592  -0.07397  -0.07397  -0.07224
       -0.07224  -0.07211  -0.07211  -0.07205  -0.07054  -0.07054  -0.07037  -0.07009  -0.06853
       -0.06830  -0.06828  -0.06713  -0.06669  -0.06461  -0.06460  -0.06354  -0.06218  -0.06115
       -0.06115  -0.06030  -0.06029  -0.05986  -0.05964  -0.05964  -0.05929  -0.05929  -0.05870
       -0.05870  -0.05803  -0.05795  -0.05585  -0.05585  -0.05556  -0.05516  -0.05509  -0.05378
       -0.05353  -0.05353  -0.05323  -0.05323  -0.05179  -0.05148  -0.05017  -0.04978  -0.04976
       -0.04952  -0.04952  -0.04885  -0.04867  -0.04857  -0.04857  -0.04836  -0.04836  -0.04757
       -0.04668  -0.04612  -0.04555  -0.04551  -0.04550  -0.04464  -0.04435  -0.04435  -0.04428
       -0.04428  -0.04417  -0.04414  -0.04299  -0.04296  -0.04205  -0.04153  -0.04139  -0.04139
       -0.04086  -0.04072  -0.04072  -0.04031  -0.04031  -0.03989  -0.03989  -0.03970  -0.03970
       -0.03966  -0.03892  -0.03892  -0.03832  -0.03829  -0.03811  -0.03804  -0.03804  -0.03777
       -0.03775  -0.03775  -0.03774  -0.03771  -0.03749  -0.03749  -0.03679  -0.03590  -0.03590
       -0.03522  -0.03522  -0.03494  -0.03452  -0.03418  -0.03416  -0.03351  -0.03321  -0.03306
       -0.03291  -0.03291  -0.03273  -0.03273  -0.03272  -0.03191  -0.03191  -0.03151  -0.03150
       -0.03112  -0.03112  -0.03103  -0.03103  -0.03016  -0.03012  -0.03001  -0.02962  -0.02962
       -0.02932  -0.02932  -0.02923  -0.02897  -0.02896  -0.02884  -0.02850  -0.02850  -0.02835
       -0.02834  -0.02833  -0.02822  -0.02799  -0.02799  -0.02765  -0.02761  -0.02745  -0.02742
       -0.02726  -0.02726  -0.02705  -0.02705  -0.02693  -0.02658  -0.02642  -0.02612  -0.02612
       -0.02600  -0.02596  -0.02596  -0.02592  -0.02582  -0.02567  -0.02567  -0.02565  -0.02562
       -0.02562  -0.02509  -0.02509  -0.02462  -0.02461  -0.02459  -0.02457  -0.02457  -0.02454
       -0.02454  -0.02454  -0.02421  -0.02380  -0.02380  -0.02374  -0.02373  -0.02312  -0.02312
       -0.02307  -0.02306  -0.02284  -0.02277  -0.02277  -0.02275  -0.02275  -0.02247  -0.02239
       -0.02229  -0.02221  -0.02215  -0.02215  -0.02205  -0.02205  -0.02196  -0.02181  -0.02181
       -0.02169  -0.02163  -0.02163  -0.02142  -0.02142  -0.02141  -0.02138  -0.02138  -0.02133
       -0.02118  -0.02116  -0.02103  -0.02082  -0.02082  -0.02082  -0.02080  -0.02064  -0.02047
       -0.02047  -0.02021  -0.02020  -0.01999  -0.01985  -0.01973  -0.01972  -0.01961  -0.01961
       -0.01949  -0.01948  -0.01948  -0.01941  -0.01940  -0.01938  -0.01936  -0.01930  -0.01930
       -0.01923  -0.01923  -0.01912  -0.01907  -0.01889  -0.01889  -0.01854  -0.01840  -0.01831
       -0.01831  -0.01831  -0.01821  -0.01820  -0.01813  -0.01798  -0.01791  -0.01791  -0.01761
       -0.01761  -0.01743  -0.01742  -0.01735  -0.01721  -0.01721  -0.01717  -0.01716  -0.01707
       -0.01700  -0.01699  -0.01696  -0.01696  -0.01677  -0.01677  -0.01651  -0.01645  -0.01630
       -0.01629  -0.01622  -0.01622  -0.01620  -0.01617  -0.01617
        
     --------------------------------------------------------------------------------------------
     Tot. elapsed time 32m-39.5s,  time spent in last iteration 01m-04.3s
     --------------------------------------------------------------------------------------------
      
     --------------------------------------------------------------------------------------------
     Database written in 37.2s               
     In location : ./c6h6_420.wstat.save
     --------------------------------------------------------------------------------------------
       
     --------------------------------------------------------------------------------------------
     Convergence achieved !!! in        3 steps                          
     --------------------------------------------------------------------------------------------
 
     WSTAT        : 26m37.85s CPU    34m11.82s WALL

     wstat_readin :      6.17s CPU     40.50s WALL (       1 calls)
     fetch_nml    :      0.02s CPU      0.03s WALL (       1 calls)
     read_xml     :      1.33s CPU      1.52s WALL (       1 calls)
     init_vloc    :      0.12s CPU      0.12s WALL (       2 calls)
     fft          :      0.26s CPU      0.28s WALL (      11 calls)
     fft_scatter  :    288.58s CPU    289.15s WALL (   86467 calls)
     v_of_rho     :      0.31s CPU      0.33s WALL (       1 calls)
     v_xc         :      0.28s CPU      0.29s WALL (       1 calls)
     v_h          :      0.03s CPU      0.04s WALL (       1 calls)
     read_wave    :      4.81s CPU     38.94s WALL (       1 calls)
     davcio       :      0.00s CPU      2.45s WALL (       2 calls)
     init_us_1    :      0.16s CPU      0.16s WALL (       2 calls)
     do_setup     :      0.33s CPU      0.35s WALL (       1 calls)
     init_pw_ar   :      0.33s CPU      0.34s WALL (       1 calls)
     init_at_1    :      0.00s CPU      0.00s WALL (       1 calls)
     storesqvc    :      0.01s CPU      0.01s WALL (       1 calls)
     chidiago     :   1591.31s CPU   2010.92s WALL (       1 calls)
     randomize    :      0.96s CPU      0.97s WALL (       1 calls)
     paramgs      :     13.66s CPU     13.77s WALL (       5 calls)
     dfpt         :   1386.27s CPU   1392.75s WALL (       5 calls)
     init_us_2    :      0.03s CPU      0.04s WALL (       5 calls)
     fftw         :    803.96s CPU    807.25s WALL (   86456 calls)
     alphapc      :      0.80s CPU      0.81s WALL (     172 calls)
     wstat_restar :    149.53s CPU    526.30s WALL (       4 calls)
     linstern     :   1169.26s CPU   1174.44s WALL (     130 calls)
     stern        :   1116.01s CPU   1120.96s WALL (    6094 calls)
     h_psi_bgrp   :   1083.37s CPU   1088.14s WALL (    6094 calls)
     h_psi        :   1083.33s CPU   1088.12s WALL (    6094 calls)
     h_psi:pot    :   1071.31s CPU   1075.95s WALL (    6094 calls)
     vloc_psi     :   1016.14s CPU   1020.51s WALL (    6094 calls)
     h_psi:calbec :     29.51s CPU     28.07s WALL (    6094 calls)
     calbec       :     29.49s CPU     28.05s WALL (    6094 calls)
     add_vuspsi   :     25.59s CPU     27.32s WALL (    6094 calls)
     alphapv      :     18.69s CPU     18.74s WALL (    6094 calls)
     build_hr     :      7.88s CPU      8.11s WALL (       4 calls)
     diagox       :      2.39s CPU      2.42s WALL (       4 calls)
     redistr_vr   :      0.31s CPU      0.32s WALL (       3 calls)
     update_vr    :     13.77s CPU     14.06s WALL (       3 calls)
     symm_hr      :      0.31s CPU      0.33s WALL (       3 calls)
     chidiago:las :      0.00s CPU      0.00s WALL (       1 calls)
     refresh_vr   :      5.13s CPU      5.21s WALL (       1 calls)
     pdep_db      :     10.53s CPU     37.28s WALL (       1 calls)
 
     WSTAT        : 26m37.85s CPU    34m11.82s WALL

 
   This run was terminated on:  10:42:51  27Apr2018            

=------------------------------------------------------------------------------=
   JOB DONE.
=------------------------------------------------------------------------------=
