
     Program WSTAT v. 2.0.0 starts on 27Apr2018 at  9:48:23 

     This program is part of the open-source West suite
     for massively parallel calculations of excited states in materials; please cite
         "M. Govoni et al., J. Chem. Theory Comput. 11, 2680 (2015);
          URL http://www.west-code.org", 
     in publications or presentations arising from this work.

     Based on the Quantum ESPRESSO v. 6.1 svn rev. 13369
       
     --------------------------------------------------------------------------------------------
     **MPI** Parallelization Status                                      
     --------------------------------------------------------------------------------------------
                   160                  10             1             1            16
     --------------------------------------------------------------------------------------------
                     N         =         I      X      P      X      B      X      Z
                     ^                   ^             ^             ^             ^
                     |                   |             |             |             |
                   #rnk                  |             |             |             |
                                      #image           |             |             |
                                                     #pool           |             |
                                                                   #bgrp           |
                                                                                 #R&G
     --------------------------------------------------------------------------------------------
     **OPENMP** Parallelization Status
     #thr/rnk               =            1
     --------------------------------------------------------------------------------------------
     #prc = (rnk) * (thr) =          160
     --------------------------------------------------------------------------------------------
       
     --------------------------------------------------------------------------------------------
     I/O Summary : input_west                                            
     --------------------------------------------------------------------------------------------
     qe_prefix      = c6h6
     west_prefix    = c6h6
     outdir         = ./
     --------------------------------------------------------------------------------------------
       
     --------------------------------------------------------------------------------------------
     I/O Summary : wstat_control                                         
     --------------------------------------------------------------------------------------------
     wstat_calculation              =              S
     n_pdep_eigen                   =            100
     n_kin_pdep_eigen               =            400
     n_lindhard_eigen               =              0
     n_pdep_times                   =              4
     n_pdep_maxiter                 =            100
     n_dfpt_maxiter                 =            250
     n_pdep_read_from_file          =              0
     trev_pdep                      =   1.000000E-03
     trev_pdep_rel                  =   1.000000E-01
     tr2_dfpt                       =   1.000000E-12
     l_kinetic_only                 =              F
     l_minimize_exx_if_active       =              F
     l_use_ecutrho                  =              F
     l_pure_eigen                   =              F
     --------------------------------------------------------------------------------------------

     Reading data from directory:
     ./c6h6.save

   Info: using nr1, nr2, nr3 values from input

   Info: using nr1, nr2, nr3 values from input

     IMPORTANT: XC functional enforced from input :
     Exchange-correlation      = PBE ( 1  4  3  4 0 0)
     Any further DFT definition will be discarded
     Please, verify this is what you really want

     Message from routine readpp:
     file ./c6h6.save/C_ONCV_PBE-1.0.upf not found
     Message from routine readpp:
     file ./c6h6.save/H_ONCV_PBE-1.0.upf not found
 
     Parallelization info
     --------------------
     sticks:   dense  smooth     PW     G-vecs:    dense   smooth      PW
     Min        1520    1520    379               178660   178660   22323
     Max        1522    1522    384               178666   178666   22328
     Sum       24345   24345   6093              2858633  2858633  357213
 
       
     --------------------------------------------------------------------------------------------
     System Overview                                                     
     --------------------------------------------------------------------------------------------
     gamma_only           =              T
     ecutwfc [Ry]         =      85.000000
     omega [au^3]         =   2.700000E+04
     glob. #G             =         178607
     nbnd                 =            100
     nkstot               =              1
     nspin                =              1
     nelec                =      30.000000
     npol                 =              1
     lsda                 =              F
     noncolin             =              F
     lspinorb             =              F
     domag                =              F
     --------------------------------------------------------------------------------------------

     sFFT G-space:  1429317 G-vectors     R-space: ( 180, 180, 180)
     dFFT G-space:  1429317 G-vectors     R-space: ( 180, 180, 180)

     Cell [a.u.]          =      30.000000      0.000000      0.000000
                          =       0.000000     30.000000      0.000000
                          =       0.000000      0.000000     30.000000
      
     number of ks points=     1
                       cart. coord. in units 2pi/alat
        k(    1) = (   0.0000000   0.0000000   0.0000000), wk =   2.0000000

                       cryst. coord.
        k(    1) = (   0.0000000   0.0000000   0.0000000), wk =   2.0000000
 
     Spherical div        =   1.654268E-01
     Orthorombic div      =   1.628502E-01
       
     --------------------------------------------------------------------------------------------
     Parallelization for nvecx                                           
     --------------------------------------------------------------------------------------------
     nglob                =            400
     nlevel               =             10
     Min nglob/nlevel     =             40
     Max nglob/nlevel     =             40
     --------------------------------------------------------------------------------------------

     [MEM] ----------------------------------------------------------
     [MEM] **Memory** analysis: QE
     [MEM] ----------------------------------------------------------
     [MEM] Allocated arrays           est. size (Mb)     dimensions
     [MEM] ----------------------------------------------------------
     [MEM] Kohn-Sham Wavefunctions      17.03 Mb     (  11164,  100)
     [MEM] NL pseudopotentials          10.22 Mb     (  11164,   60)
     [MEM] Each V/rho on FFT grid        5.93 Mb     ( 388800)
     [MEM] Each G-vector array           0.68 Mb     (  89333)
     [MEM] G-vector shells               0.05 Mb     (   6125)
     [MEM] ----------------------------------------------------------
     [MEM] TOT                          33.92 Mb
     [MEM] ----------------------------------------------------------
     [MEM] 
     [MEM] ----------------------------------------------------------
     [MEM] **Memory** analysis: WSTAT global
     [MEM] ----------------------------------------------------------
     [MEM] Allocated arrays           est. size (Mb)     dimensions
     [MEM] ----------------------------------------------------------
     [MEM] dvg                           6.81 Mb     (  11164,   40)
     [MEM] dng                           6.81 Mb     (  11164,   40)
     [MEM] hr_distr                      0.12 Mb     (    400,   40)
     [MEM] vr_distr                      0.12 Mb     (    400,   40)
     [MEM] ----------------------------------------------------------
     [MEM] TOT                          13.87 Mb
     [MEM] ----------------------------------------------------------
     [MEM] 
     [MEM] ----------------------------------------------------------
     [MEM] **Memory** analysis: WSTAT temporary
     [MEM] ----------------------------------------------------------
     [MEM] Allocated arrays           est. size (Mb)     dimensions
     [MEM] ----------------------------------------------------------
     [MEM] dvpsi                         2.56 Mb     (  11164,   15)
     [MEM] dpsi                          2.56 Mb     (  11164,   15)
     [MEM] ----------------------------------------------------------
     [MEM] Total estimate                5.11 Mb
     [MEM] ----------------------------------------------------------

                       *----------*              *----------*               *----------*
     #     Iteration = | starting |   DFPT_dim = |      100 |   Diago_dim = |      100 |  x 1/2
                       *----------*              *----------*               *----------*
     per-process dynamical memory   126.6 Mb
  
       
     --------------------------------------------------------------------------------------------
     Sternheimer eq. solver... with lite-solver                          
     --------------------------------------------------------------------------------------------
     in progress... |##                  | 010% :               00.5s (E)               05.1s (X)
     in progress... |####                | 020% :               01.0s (E)               05.0s (X)
     in progress... |######              | 030% :               01.5s (E)               05.0s (X)
     in progress... |########            | 040% :               02.0s (E)               05.0s (X)
     in progress... |##########          | 050% :               02.5s (E)               05.0s (X)
     in progress... |############        | 060% :               03.0s (E)               05.0s (X)
     in progress... |##############      | 070% :               03.5s (E)               05.0s (X)
     in progress... |################    | 080% :               04.0s (E)               05.0s (X)
     in progress... |##################  | 090% :               04.5s (E)               05.0s (X)
     in progress... |####################| 100% :               05.0s (E)               05.0s (X)
     --------------------------------------------------------------------------------------------

     [I/O] -------------------------------------------------------
     [I/O] RESTART written in < 00.1s             
     [I/O] In location   : ./c6h6_100_400.wstat.restart
     [I/O] -------------------------------------------------------

                       *----------*              *----------*               *----------*
     #     Iteration = | starting |   DFPT_dim = |      100 |   Diago_dim = |      100 |  x 2/2
                       *----------*              *----------*               *----------*
     per-process dynamical memory   138.8 Mb
  
       
     --------------------------------------------------------------------------------------------
     Sternheimer eq. solver... with threshold =   1.000000E-06           
     --------------------------------------------------------------------------------------------
     in progress... |##                  | 010% :               07.0s (E)           01m-10.1s (X)
     in progress... |####                | 020% :               13.9s (E)           01m-09.8s (X)
     in progress... |######              | 030% :               20.9s (E)           01m-09.7s (X)
     in progress... |########            | 040% :               27.8s (E)           01m-09.6s (X)
     in progress... |##########          | 050% :               34.7s (E)           01m-09.5s (X)
     in progress... |############        | 060% :               41.7s (E)           01m-09.5s (X)
     in progress... |##############      | 070% :               48.5s (E)           01m-09.3s (X)
     in progress... |################    | 080% :               55.4s (E)           01m-09.2s (X)
     in progress... |##################  | 090% :           01m-02.2s (E)           01m-09.1s (X)
     in progress... |####################| 100% :           01m-09.1s (E)           01m-09.1s (X)
     --------------------------------------------------------------------------------------------
     p-DIAGOX done in < 00.1s with a SCALAPACK grid (3x3)
     --------------------------------------------------------------------------------------------
        
       -2.94693  -2.94068  -2.48617  -2.23010  -2.22304  -1.66432  -1.30599  -0.95351  -0.95045
       -0.91484  -0.89286  -0.89240  -0.81570  -0.77605  -0.77193  -0.70215  -0.69369  -0.66018
       -0.63678  -0.62435  -0.62330  -0.60593  -0.59495  -0.48631  -0.48123  -0.47490  -0.44443
       -0.43339  -0.39696  -0.39290  -0.38996  -0.38590  -0.37600  -0.36653  -0.36066  -0.34015
       -0.33823  -0.33619  -0.31890  -0.31212  -0.30886  -0.30344  -0.29910  -0.28232  -0.28051
       -0.27269  -0.26432  -0.26124  -0.25999  -0.25427  -0.24587  -0.24025  -0.23815  -0.23560
       -0.21834  -0.21492  -0.21163  -0.20286  -0.19812  -0.19187  -0.18957  -0.18262  -0.17480
       -0.17005  -0.16655  -0.16238  -0.15849  -0.15597  -0.14698  -0.14249  -0.14170  -0.13554
       -0.13235  -0.12918  -0.12353  -0.11895  -0.11565  -0.11371  -0.11087  -0.10858  -0.10579
       -0.10312  -0.10046  -0.09648  -0.09229  -0.08745  -0.08490  -0.08325  -0.07966  -0.07713
       -0.07310  -0.07106  -0.06778  -0.06734  -0.06300  -0.06233  -0.05926  -0.05461  -0.05323
       -0.03545
        
     --------------------------------------------------------------------------------------------
     Tot. elapsed time 01m-42.1s,  time spent in last iteration 01m-42.1s
     --------------------------------------------------------------------------------------------

     [I/O] -------------------------------------------------------
     [I/O] RESTART written in < 00.1s             
     [I/O] In location   : ./c6h6_100_400.wstat.restart
     [I/O] -------------------------------------------------------

                       *----------*              *----------*               *----------*
     #     Iteration = |        1 |   DFPT_dim = |      100 |   Diago_dim = |      200 |
                       *----------*              *----------*               *----------*
     per-process dynamical memory   146.7 Mb
  
       
     --------------------------------------------------------------------------------------------
     Sternheimer eq. solver... with threshold =   1.000000E-12           
     --------------------------------------------------------------------------------------------
     in progress... |##                  | 010% :               11.5s (E)           01m-55.4s (X)
     in progress... |####                | 020% :               22.8s (E)           01m-54.3s (X)
     in progress... |######              | 030% :               34.3s (E)           01m-54.3s (X)
     in progress... |########            | 040% :               45.7s (E)           01m-54.4s (X)
     in progress... |##########          | 050% :               57.1s (E)           01m-54.3s (X)
     in progress... |############        | 060% :           01m-08.5s (E)           01m-54.2s (X)
     in progress... |##############      | 070% :           01m-19.9s (E)           01m-54.1s (X)
     in progress... |################    | 080% :           01m-31.3s (E)           01m-54.2s (X)
     in progress... |##################  | 090% :           01m-42.6s (E)           01m-54.0s (X)
     in progress... |####################| 100% :           01m-54.0s (E)           01m-54.0s (X)
     --------------------------------------------------------------------------------------------
     p-DIAGOX done in < 00.1s with a SCALAPACK grid (6x6)
     --------------------------------------------------------------------------------------------
        
       -2.98484  -2.98480  -2.53594  -2.25803  -2.25754  -1.82160  -1.31661  -0.97347  -0.97347
       -0.92692  -0.91760  -0.91758  -0.91698  -0.80224  -0.80026  -0.73386  -0.73374  -0.69624
       -0.68958  -0.64652  -0.64630  -0.64017  -0.64013  -0.51531  -0.51528  -0.51284  -0.51253
       -0.46795  -0.46112  -0.45414  -0.43050  -0.42859  -0.42822  -0.40603  -0.40582  -0.39645
       -0.37798  -0.37771  -0.37548  -0.37471  -0.37455  -0.37441  -0.37128  -0.35389  -0.33833
       -0.33762  -0.32774  -0.32766  -0.32133  -0.31960  -0.31061  -0.30379  -0.30288  -0.30057
       -0.29838  -0.27435  -0.27032  -0.26943  -0.26898  -0.26653  -0.26620  -0.25283  -0.24943
       -0.24519  -0.23782  -0.22580  -0.21637  -0.21602  -0.20574  -0.20492  -0.20270  -0.20002
       -0.19817  -0.19293  -0.19168  -0.18942  -0.18609  -0.18471  -0.18416  -0.18299  -0.18089
       -0.17910  -0.17808  -0.17568  -0.17314  -0.16326  -0.16095  -0.15681  -0.15384  -0.14821
       -0.13552  -0.13143  -0.13061  -0.12867  -0.12832  -0.12664  -0.12422  -0.12274  -0.12076
       -0.11718
        
     --------------------------------------------------------------------------------------------
     Tot. elapsed time 04m-09.7s,  time spent in last iteration 02m-09.2s
     --------------------------------------------------------------------------------------------

     [I/O] -------------------------------------------------------
     [I/O] RESTART written in < 00.1s             
     [I/O] In location   : ./c6h6_100_400.wstat.restart
     [I/O] -------------------------------------------------------

                       *----------*              *----------*               *----------*
     #     Iteration = |        2 |   DFPT_dim = |      100 |   Diago_dim = |      300 |
                       *----------*              *----------*               *----------*
     per-process dynamical memory   146.7 Mb
  
       
     --------------------------------------------------------------------------------------------
     Sternheimer eq. solver... with threshold =   1.000000E-12           
     --------------------------------------------------------------------------------------------
     in progress... |##                  | 010% :               11.2s (E)           01m-52.1s (X)
     in progress... |####                | 020% :               22.4s (E)           01m-52.3s (X)
     in progress... |######              | 030% :               33.7s (E)           01m-52.4s (X)
     in progress... |########            | 040% :               45.0s (E)           01m-52.5s (X)
     in progress... |##########          | 050% :               56.1s (E)           01m-52.3s (X)
     in progress... |############        | 060% :           01m-07.4s (E)           01m-52.3s (X)
     in progress... |##############      | 070% :           01m-18.5s (E)           01m-52.1s (X)
     in progress... |################    | 080% :           01m-29.6s (E)           01m-52.1s (X)
     in progress... |##################  | 090% :           01m-40.7s (E)           01m-51.9s (X)
     in progress... |####################| 100% :           01m-51.8s (E)           01m-51.8s (X)
     --------------------------------------------------------------------------------------------
     p-DIAGOX done in 00.1s with a SCALAPACK grid (9x9)
     --------------------------------------------------------------------------------------------
        
       -2.98485  -2.98480  -2.53595  -2.25803  -2.25754  -1.82164  -1.31661  -0.97351  -0.97350
       -0.92694  -0.91763  -0.91760  -0.91709  -0.80229  -0.80032  -0.73397  -0.73396  -0.69647
       -0.68967  -0.64664  -0.64636  -0.64028  -0.64028  -0.51555  -0.51555  -0.51316  -0.51309
       -0.46858  -0.46175  -0.45430  -0.43146  -0.42892  -0.42892  -0.40644  -0.40644  -0.39752
       -0.37874  -0.37847  -0.37675  -0.37673  -0.37552  -0.37491  -0.37303  -0.35650  -0.33974
       -0.33968  -0.32889  -0.32889  -0.32259  -0.32258  -0.31231  -0.30656  -0.30655  -0.30223
       -0.30222  -0.27519  -0.27491  -0.27245  -0.27238  -0.26837  -0.26837  -0.25790  -0.25669
       -0.25028  -0.24070  -0.22814  -0.21788  -0.21788  -0.20808  -0.20807  -0.20595  -0.20590
       -0.20517  -0.20396  -0.20381  -0.19593  -0.18996  -0.18993  -0.18821  -0.18750  -0.18662
       -0.18658  -0.18188  -0.18186  -0.18133  -0.17577  -0.16730  -0.16688  -0.16087  -0.16078
       -0.13959  -0.13850  -0.13687  -0.13680  -0.13666  -0.13608  -0.13591  -0.13577  -0.13389
       -0.13368
        
     --------------------------------------------------------------------------------------------
     Tot. elapsed time 06m-54.2s,  time spent in last iteration 02m-06.5s
     --------------------------------------------------------------------------------------------

     [I/O] -------------------------------------------------------
     [I/O] RESTART written in < 00.1s             
     [I/O] In location   : ./c6h6_100_400.wstat.restart
     [I/O] -------------------------------------------------------

                       *----------*              *----------*               *----------*
     #     Iteration = |        3 |   DFPT_dim = |       60 |   Diago_dim = |      360 |
                       *----------*              *----------*               *----------*
     per-process dynamical memory   146.7 Mb
  
       
     --------------------------------------------------------------------------------------------
     Sternheimer eq. solver... with threshold =   1.000000E-12           
     --------------------------------------------------------------------------------------------
     in progress... |###                 | 015% :               11.0s (E)           01m-13.3s (X)
     in progress... |######              | 030% :               22.0s (E)           01m-13.3s (X)
     in progress... |##########          | 050% :               33.0s (E)           01m-06.1s (X)
     in progress... |#############       | 065% :               44.0s (E)           01m-07.8s (X)
     in progress... |################    | 080% :               55.1s (E)           01m-08.8s (X)
     in progress... |####################| 100% :           01m-06.1s (E)           01m-06.1s (X)
     --------------------------------------------------------------------------------------------
     p-DIAGOX done in 00.1s with a SCALAPACK grid (11x11)
     --------------------------------------------------------------------------------------------
        
       -2.98485  -2.98480  -2.53595  -2.25803  -2.25754  -1.82164  -1.31661  -0.97351  -0.97350
       -0.92694  -0.91763  -0.91760  -0.91709  -0.80229  -0.80032  -0.73397  -0.73396  -0.69647
       -0.68967  -0.64664  -0.64636  -0.64028  -0.64028  -0.51555  -0.51555  -0.51316  -0.51309
       -0.46858  -0.46176  -0.45430  -0.43146  -0.42892  -0.42892  -0.40644  -0.40644  -0.39752
       -0.37874  -0.37847  -0.37675  -0.37674  -0.37552  -0.37491  -0.37303  -0.35651  -0.33975
       -0.33968  -0.32890  -0.32890  -0.32259  -0.32259  -0.31232  -0.30657  -0.30657  -0.30225
       -0.30224  -0.27520  -0.27495  -0.27246  -0.27240  -0.26838  -0.26838  -0.25798  -0.25672
       -0.25029  -0.24072  -0.22816  -0.21790  -0.21790  -0.20812  -0.20812  -0.20600  -0.20599
       -0.20526  -0.20420  -0.20397  -0.19600  -0.19001  -0.19001  -0.18826  -0.18760  -0.18671
       -0.18671  -0.18193  -0.18192  -0.18165  -0.17580  -0.16741  -0.16741  -0.16094  -0.16094
       -0.13972  -0.13881  -0.13815  -0.13704  -0.13704  -0.13634  -0.13634  -0.13615  -0.13438
       -0.13437
        
     --------------------------------------------------------------------------------------------
     Tot. elapsed time 09m-04.2s,  time spent in last iteration 01m-16.3s
     --------------------------------------------------------------------------------------------

     [I/O] -------------------------------------------------------
     [I/O] RESTART written in < 00.1s             
     [I/O] In location   : ./c6h6_100_400.wstat.restart
     [I/O] -------------------------------------------------------

                       *----------*              *----------*               *----------*
     #     Iteration = |        4 |   DFPT_dim = |        1 |   Diago_dim = |      361 |
                       *----------*              *----------*               *----------*
     per-process dynamical memory   146.7 Mb
  
       
     --------------------------------------------------------------------------------------------
     Sternheimer eq. solver... with threshold =   1.000000E-12           
     --------------------------------------------------------------------------------------------
     in progress... |####################| 100% :               10.8s (E)               10.8s (X)
     --------------------------------------------------------------------------------------------
     p-DIAGOX done in 00.1s with a SCALAPACK grid (11x11)
     --------------------------------------------------------------------------------------------
        
       -2.98485  -2.98480  -2.53595  -2.25803  -2.25754  -1.82164  -1.31661  -0.97351  -0.97350
       -0.92694  -0.91763  -0.91760  -0.91709  -0.80229  -0.80032  -0.73397  -0.73396  -0.69647
       -0.68967  -0.64664  -0.64636  -0.64028  -0.64028  -0.51555  -0.51555  -0.51316  -0.51309
       -0.46858  -0.46176  -0.45430  -0.43146  -0.42892  -0.42892  -0.40644  -0.40644  -0.39752
       -0.37874  -0.37847  -0.37675  -0.37674  -0.37552  -0.37491  -0.37303  -0.35651  -0.33975
       -0.33968  -0.32890  -0.32890  -0.32259  -0.32259  -0.31232  -0.30657  -0.30657  -0.30225
       -0.30224  -0.27520  -0.27495  -0.27246  -0.27240  -0.26838  -0.26838  -0.25798  -0.25672
       -0.25029  -0.24072  -0.22816  -0.21790  -0.21790  -0.20812  -0.20812  -0.20600  -0.20599
       -0.20526  -0.20420  -0.20397  -0.19600  -0.19001  -0.19001  -0.18826  -0.18760  -0.18671
       -0.18671  -0.18193  -0.18192  -0.18165  -0.17580  -0.16741  -0.16741  -0.16094  -0.16094
       -0.13972  -0.13881  -0.13817  -0.13704  -0.13704  -0.13634  -0.13634  -0.13615  -0.13438
       -0.13437
        
     --------------------------------------------------------------------------------------------
     Tot. elapsed time 10m-23.3s,  time spent in last iteration 12.3s
     --------------------------------------------------------------------------------------------
      
     --------------------------------------------------------------------------------------------
     Database written in 08.9s               
     In location : ./c6h6_100_400.wstat.save
     --------------------------------------------------------------------------------------------
       
     --------------------------------------------------------------------------------------------
     Convergence achieved !!! in        4 steps                          
     --------------------------------------------------------------------------------------------
       
     --------------------------------------------------------------------------------------------
     ** Now compute kinetic eigenpotentials **                           
     --------------------------------------------------------------------------------------------
       
     --------------------------------------------------------------------------------------------
     Parallelization for newnvecx                                        
     --------------------------------------------------------------------------------------------
     nglob                =           1600
     nlevel               =             10
     Min nglob/nlevel     =            160
     Max nglob/nlevel     =            160
     --------------------------------------------------------------------------------------------
       
     --------------------------------------------------------------------------------------------
     Parallelization for merge_nvecx                                     
     --------------------------------------------------------------------------------------------
     nglob                =           2000
     nlevel               =             10
     Min nglob/nlevel     =            200
     Max nglob/nlevel     =            200
     --------------------------------------------------------------------------------------------

                       *----------*              *----------*               *----------*
     #     Iteration = | starting |   DFPT_dim = |      400 |   Diago_dim = |      400 |  x 1/2
                       *----------*              *----------*               *----------*
       
     --------------------------------------------------------------------------------------------
     Applying projection operator formed by dvg                          
     --------------------------------------------------------------------------------------------
     per-process dynamical memory   245.8 Mb
  
       
     --------------------------------------------------------------------------------------------
     Sternheimer eq. solver... with lite-solver                          
     --------------------------------------------------------------------------------------------
     in progress... |#                   | 005% :               01.0s (E)               20.3s (X)
     in progress... |##                  | 010% :               02.0s (E)               20.2s (X)
     in progress... |###                 | 015% :               03.0s (E)               20.2s (X)
     in progress... |####                | 020% :               04.0s (E)               20.2s (X)
     in progress... |#####               | 025% :               05.0s (E)               20.2s (X)
     in progress... |######              | 030% :               06.0s (E)               20.2s (X)
     in progress... |#######             | 035% :               07.0s (E)               20.2s (X)
     in progress... |########            | 040% :               08.0s (E)               20.2s (X)
     in progress... |#########           | 045% :               09.0s (E)               20.2s (X)
     in progress... |##########          | 050% :               10.1s (E)               20.2s (X)
     in progress... |###########         | 055% :               11.1s (E)               20.2s (X)
     in progress... |############        | 060% :               12.1s (E)               20.2s (X)
     in progress... |#############       | 065% :               13.1s (E)               20.2s (X)
     in progress... |##############      | 070% :               14.1s (E)               20.2s (X)
     in progress... |###############     | 075% :               15.1s (E)               20.2s (X)
     in progress... |################    | 080% :               16.1s (E)               20.2s (X)
     in progress... |#################   | 085% :               17.1s (E)               20.2s (X)
     in progress... |##################  | 090% :               18.1s (E)               20.2s (X)
     in progress... |################### | 095% :               19.1s (E)               20.2s (X)
     in progress... |####################| 100% :               20.2s (E)               20.2s (X)
       
     --------------------------------------------------------------------------------------------
     Applying projection operator formed by dvg                          
     --------------------------------------------------------------------------------------------
     --------------------------------------------------------------------------------------------

     [I/O] -------------------------------------------------------
     [I/O] RESTART written in < 00.1s             
     [I/O] In location   : ./c6h6_100_400.wstat.restart
     [I/O] -------------------------------------------------------

                       *----------*              *----------*               *----------*
     #     Iteration = | starting |   DFPT_dim = |      400 |   Diago_dim = |      400 |  x 2/2
                       *----------*              *----------*               *----------*
       
     --------------------------------------------------------------------------------------------
     Applying projection operator formed by dvg                          
     --------------------------------------------------------------------------------------------
     per-process dynamical memory   245.8 Mb
  
       
     --------------------------------------------------------------------------------------------
     Sternheimer eq. solver... with threshold =   1.000000E-06           
     --------------------------------------------------------------------------------------------
     in progress... |#                   | 005% :               01.7s (E)               35.9s (X)
     in progress... |##                  | 010% :               03.4s (E)               34.7s (X)
     in progress... |###                 | 015% :               05.1s (E)               34.3s (X)
     in progress... |####                | 020% :               06.8s (E)               34.1s (X)
     in progress... |#####               | 025% :               08.4s (E)               33.9s (X)
     in progress... |######              | 030% :               10.1s (E)               33.8s (X)
     in progress... |#######             | 035% :               11.7s (E)               33.7s (X)
     in progress... |########            | 040% :               13.4s (E)               33.6s (X)
     in progress... |#########           | 045% :               15.0s (E)               33.5s (X)
     in progress... |##########          | 050% :               16.7s (E)               33.4s (X)
     in progress... |###########         | 055% :               18.3s (E)               33.4s (X)
     in progress... |############        | 060% :               20.0s (E)               33.3s (X)
     in progress... |#############       | 065% :               21.6s (E)               33.2s (X)
     in progress... |##############      | 070% :               23.2s (E)               33.2s (X)
     in progress... |###############     | 075% :               24.8s (E)               33.1s (X)
     in progress... |################    | 080% :               26.4s (E)               33.1s (X)
     in progress... |#################   | 085% :               28.1s (E)               33.0s (X)
     in progress... |##################  | 090% :               29.7s (E)               33.0s (X)
     in progress... |################### | 095% :               31.3s (E)               32.9s (X)
     in progress... |####################| 100% :               32.9s (E)               32.9s (X)
       
     --------------------------------------------------------------------------------------------
     Applying projection operator formed by dvg                          
     --------------------------------------------------------------------------------------------
     --------------------------------------------------------------------------------------------
     p-DIAGOX done in 00.3s with a SCALAPACK grid (12x12)
     --------------------------------------------------------------------------------------------
        
       -0.08600  -0.08361  -0.08358  -0.08223  -0.08216  -0.08203  -0.07910  -0.07883  -0.07761
       -0.07735  -0.07684  -0.07672  -0.07420  -0.07234  -0.07106  -0.07095  -0.07048  -0.07034
       -0.06926  -0.06799  -0.06785  -0.06689  -0.06615  -0.06609  -0.06600  -0.06575  -0.06507
       -0.06248  -0.06234  -0.06174  -0.06137  -0.06131  -0.06109  -0.06097  -0.05969  -0.05955
       -0.05934  -0.05929  -0.05921  -0.05611  -0.05602  -0.05587  -0.05579  -0.05478  -0.05461
       -0.05412  -0.05373  -0.05346  -0.05171  -0.05142  -0.05123  -0.05079  -0.05059  -0.05010
       -0.04980  -0.04962  -0.04944  -0.04845  -0.04828  -0.04802  -0.04595  -0.04588  -0.04537
       -0.04513  -0.04477  -0.04448  -0.04440  -0.04406  -0.04385  -0.04337  -0.04284  -0.04236
       -0.04222  -0.04202  -0.04186  -0.04170  -0.04131  -0.04078  -0.04074  -0.03992  -0.03980
       -0.03968  -0.03952  -0.03942  -0.03919  -0.03862  -0.03779  -0.03762  -0.03739  -0.03730
       -0.03703  -0.03682  -0.03645  -0.03619  -0.03606  -0.03579  -0.03564  -0.03542  -0.03508
       -0.03393  -0.03358  -0.03350  -0.03338  -0.03321  -0.03304  -0.03300  -0.03276  -0.03271
       -0.03253  -0.03235  -0.03221  -0.03187  -0.03169  -0.03156  -0.03110  -0.03086  -0.03075
       -0.03040  -0.03008  -0.02982  -0.02973  -0.02972  -0.02964  -0.02943  -0.02894  -0.02878
       -0.02864  -0.02860  -0.02850  -0.02845  -0.02830  -0.02809  -0.02765  -0.02757  -0.02749
       -0.02740  -0.02719  -0.02698  -0.02670  -0.02646  -0.02640  -0.02622  -0.02587  -0.02572
       -0.02555  -0.02528  -0.02512  -0.02488  -0.02470  -0.02427  -0.02422  -0.02398  -0.02378
       -0.02372  -0.02339  -0.02323  -0.02306  -0.02297  -0.02286  -0.02249  -0.02237  -0.02229
       -0.02207  -0.02191  -0.02171  -0.02163  -0.02148  -0.02127  -0.02116  -0.02107  -0.02087
       -0.02065  -0.02048  -0.02039  -0.02035  -0.02026  -0.02014  -0.02004  -0.01992  -0.01975
       -0.01965  -0.01956  -0.01935  -0.01924  -0.01914  -0.01911  -0.01897  -0.01875  -0.01868
       -0.01854  -0.01839  -0.01826  -0.01818  -0.01809  -0.01806  -0.01782  -0.01780  -0.01775
       -0.01763  -0.01756  -0.01743  -0.01738  -0.01735  -0.01720  -0.01703  -0.01700  -0.01687
       -0.01679  -0.01663  -0.01654  -0.01643  -0.01640  -0.01631  -0.01623  -0.01613  -0.01608
       -0.01600  -0.01584  -0.01579  -0.01565  -0.01553  -0.01547  -0.01526  -0.01518  -0.01510
       -0.01506  -0.01498  -0.01486  -0.01483  -0.01477  -0.01462  -0.01451  -0.01444  -0.01440
       -0.01433  -0.01421  -0.01405  -0.01396  -0.01389  -0.01381  -0.01373  -0.01368  -0.01364
       -0.01361  -0.01348  -0.01333  -0.01330  -0.01326  -0.01314  -0.01307  -0.01298  -0.01291
       -0.01279  -0.01274  -0.01269  -0.01255  -0.01254  -0.01239  -0.01234  -0.01223  -0.01215
       -0.01210  -0.01206  -0.01199  -0.01196  -0.01191  -0.01183  -0.01168  -0.01155  -0.01146
       -0.01141  -0.01137  -0.01136  -0.01122  -0.01120  -0.01113  -0.01099  -0.01094  -0.01091
       -0.01081  -0.01077  -0.01064  -0.01057  -0.01050  -0.01040  -0.01035  -0.01025  -0.01021
       -0.01015  -0.01010  -0.01005  -0.00994  -0.00992  -0.00984  -0.00980  -0.00973  -0.00968
       -0.00958  -0.00955  -0.00945  -0.00940  -0.00932  -0.00932  -0.00924  -0.00921  -0.00908
       -0.00902  -0.00899  -0.00896  -0.00892  -0.00881  -0.00875  -0.00866  -0.00862  -0.00857
       -0.00852  -0.00849  -0.00845  -0.00839  -0.00832  -0.00823  -0.00819  -0.00813  -0.00809
       -0.00805  -0.00801  -0.00794  -0.00786  -0.00783  -0.00776  -0.00764  -0.00759  -0.00750
       -0.00747  -0.00747  -0.00737  -0.00730  -0.00723  -0.00719  -0.00715  -0.00710  -0.00705
       -0.00701  -0.00694  -0.00691  -0.00678  -0.00676  -0.00673  -0.00672  -0.00666  -0.00654
       -0.00651  -0.00645  -0.00641  -0.00639  -0.00633  -0.00630  -0.00623  -0.00616  -0.00614
       -0.00613  -0.00600  -0.00597  -0.00592  -0.00587  -0.00585  -0.00581  -0.00576  -0.00568
       -0.00562  -0.00559  -0.00554  -0.00548  -0.00541  -0.00537  -0.00529  -0.00527  -0.00522
       -0.00518  -0.00514  -0.00512  -0.00507  -0.00504  -0.00502  -0.00492  -0.00486  -0.00477
       -0.00475  -0.00471  -0.00462  -0.00449  -0.00445  -0.00443  -0.00438  -0.00430  -0.00421
       -0.00417  -0.00407  -0.00400  -0.00346
        
     --------------------------------------------------------------------------------------------
     Tot. elapsed time 02m-15.4s,  time spent in last iteration 02m-15.4s
     --------------------------------------------------------------------------------------------

     [I/O] -------------------------------------------------------
     [I/O] RESTART written in < 00.1s             
     [I/O] In location   : ./c6h6_100_400.wstat.restart
     [I/O] -------------------------------------------------------

                       *----------*              *----------*               *----------*
     #     Iteration = |        1 |   DFPT_dim = |      400 |   Diago_dim = |      800 |
                       *----------*              *----------*               *----------*
       
     --------------------------------------------------------------------------------------------
     Applying projection operator formed by dvg                          
     --------------------------------------------------------------------------------------------
     per-process dynamical memory   237.4 Mb
  
       
     --------------------------------------------------------------------------------------------
     Sternheimer eq. solver... with threshold =   1.000000E-12           
     --------------------------------------------------------------------------------------------
     in progress... |#                   | 005% :               02.1s (E)               43.6s (X)
     in progress... |##                  | 010% :               04.3s (E)               43.5s (X)
     in progress... |###                 | 015% :               06.5s (E)               43.5s (X)
     in progress... |####                | 020% :               08.7s (E)               43.5s (X)
     in progress... |#####               | 025% :               10.8s (E)               43.4s (X)
     in progress... |######              | 030% :               13.0s (E)               43.4s (X)
     in progress... |#######             | 035% :               15.1s (E)               43.4s (X)
     in progress... |########            | 040% :               17.3s (E)               43.3s (X)
     in progress... |#########           | 045% :               19.5s (E)               43.3s (X)
     in progress... |##########          | 050% :               21.6s (E)               43.3s (X)
     in progress... |###########         | 055% :               23.8s (E)               43.3s (X)
     in progress... |############        | 060% :               26.0s (E)               43.3s (X)
     in progress... |#############       | 065% :               28.1s (E)               43.3s (X)
     in progress... |##############      | 070% :               30.3s (E)               43.3s (X)
     in progress... |###############     | 075% :               32.4s (E)               43.3s (X)
     in progress... |################    | 080% :               34.6s (E)               43.3s (X)
     in progress... |#################   | 085% :               36.8s (E)               43.3s (X)
     in progress... |##################  | 090% :               38.9s (E)               43.2s (X)
     in progress... |################### | 095% :               41.1s (E)               43.2s (X)
     in progress... |####################| 100% :               43.2s (E)               43.2s (X)
       
     --------------------------------------------------------------------------------------------
     Applying projection operator formed by dvg                          
     --------------------------------------------------------------------------------------------
     --------------------------------------------------------------------------------------------
     p-DIAGOX done in 00.4s with a SCALAPACK grid (12x12)
     --------------------------------------------------------------------------------------------
        
       -0.08652  -0.08422  -0.08407  -0.08272  -0.08250  -0.08236  -0.07974  -0.07967  -0.07817
       -0.07789  -0.07738  -0.07732  -0.07486  -0.07327  -0.07236  -0.07183  -0.07169  -0.07110
       -0.06979  -0.06897  -0.06895  -0.06772  -0.06705  -0.06693  -0.06684  -0.06673  -0.06602
       -0.06375  -0.06372  -0.06237  -0.06209  -0.06201  -0.06185  -0.06164  -0.06059  -0.06035
       -0.06010  -0.05998  -0.05959  -0.05710  -0.05706  -0.05698  -0.05683  -0.05594  -0.05586
       -0.05529  -0.05512  -0.05501  -0.05326  -0.05274  -0.05254  -0.05232  -0.05180  -0.05179
       -0.05163  -0.05105  -0.05096  -0.04979  -0.04978  -0.04894  -0.04748  -0.04670  -0.04668
       -0.04650  -0.04644  -0.04618  -0.04612  -0.04561  -0.04558  -0.04489  -0.04452  -0.04419
       -0.04411  -0.04395  -0.04393  -0.04381  -0.04353  -0.04217  -0.04215  -0.04178  -0.04172
       -0.04169  -0.04166  -0.04152  -0.04120  -0.04040  -0.03930  -0.03923  -0.03919  -0.03909
       -0.03905  -0.03903  -0.03874  -0.03867  -0.03860  -0.03845  -0.03830  -0.03793  -0.03789
       -0.03621  -0.03579  -0.03577  -0.03569  -0.03544  -0.03541  -0.03540  -0.03538  -0.03535
       -0.03522  -0.03520  -0.03424  -0.03396  -0.03391  -0.03374  -0.03339  -0.03339  -0.03332
       -0.03291  -0.03266  -0.03242  -0.03238  -0.03230  -0.03222  -0.03217  -0.03215  -0.03177
       -0.03138  -0.03115  -0.03112  -0.03106  -0.03093  -0.03089  -0.03088  -0.03086  -0.03082
       -0.03042  -0.03038  -0.03029  -0.03009  -0.02993  -0.02989  -0.02986  -0.02981  -0.02886
       -0.02849  -0.02848  -0.02813  -0.02809  -0.02777  -0.02770  -0.02766  -0.02730  -0.02728
       -0.02726  -0.02712  -0.02681  -0.02680  -0.02623  -0.02621  -0.02604  -0.02603  -0.02601
       -0.02598  -0.02596  -0.02589  -0.02568  -0.02531  -0.02457  -0.02451  -0.02447  -0.02444
       -0.02413  -0.02409  -0.02403  -0.02400  -0.02393  -0.02389  -0.02379  -0.02370  -0.02357
       -0.02335  -0.02328  -0.02322  -0.02319  -0.02310  -0.02299  -0.02287  -0.02283  -0.02278
       -0.02276  -0.02272  -0.02272  -0.02265  -0.02253  -0.02214  -0.02180  -0.02175  -0.02161
       -0.02158  -0.02156  -0.02151  -0.02149  -0.02143  -0.02143  -0.02129  -0.02117  -0.02114
       -0.02097  -0.02092  -0.02076  -0.02071  -0.02066  -0.02056  -0.02050  -0.02028  -0.02026
       -0.02019  -0.02009  -0.02005  -0.01990  -0.01984  -0.01981  -0.01968  -0.01920  -0.01914
       -0.01912  -0.01910  -0.01907  -0.01905  -0.01899  -0.01892  -0.01888  -0.01886  -0.01868
       -0.01854  -0.01850  -0.01846  -0.01842  -0.01836  -0.01832  -0.01821  -0.01815  -0.01811
       -0.01801  -0.01796  -0.01779  -0.01777  -0.01768  -0.01765  -0.01760  -0.01758  -0.01756
       -0.01752  -0.01746  -0.01743  -0.01739  -0.01737  -0.01733  -0.01732  -0.01719  -0.01698
       -0.01694  -0.01691  -0.01687  -0.01676  -0.01672  -0.01670  -0.01663  -0.01654  -0.01651
       -0.01642  -0.01640  -0.01633  -0.01628  -0.01623  -0.01615  -0.01612  -0.01607  -0.01597
       -0.01586  -0.01573  -0.01563  -0.01558  -0.01553  -0.01542  -0.01531  -0.01510  -0.01502
       -0.01500  -0.01497  -0.01492  -0.01489  -0.01487  -0.01471  -0.01465  -0.01458  -0.01457
       -0.01452  -0.01449  -0.01443  -0.01441  -0.01436  -0.01423  -0.01417  -0.01417  -0.01411
       -0.01408  -0.01394  -0.01388  -0.01384  -0.01375  -0.01365  -0.01362  -0.01357  -0.01355
       -0.01352  -0.01350  -0.01340  -0.01338  -0.01334  -0.01324  -0.01321  -0.01317  -0.01315
       -0.01308  -0.01307  -0.01303  -0.01299  -0.01293  -0.01290  -0.01288  -0.01285  -0.01279
       -0.01274  -0.01270  -0.01262  -0.01259  -0.01255  -0.01251  -0.01248  -0.01242  -0.01240
       -0.01230  -0.01223  -0.01221  -0.01215  -0.01208  -0.01206  -0.01203  -0.01199  -0.01195
       -0.01189  -0.01184  -0.01182  -0.01179  -0.01176  -0.01170  -0.01166  -0.01161  -0.01156
       -0.01149  -0.01146  -0.01142  -0.01140  -0.01134  -0.01129  -0.01125  -0.01123  -0.01118
       -0.01111  -0.01107  -0.01101  -0.01096  -0.01092  -0.01088  -0.01085  -0.01078  -0.01074
       -0.01073  -0.01070  -0.01067  -0.01062  -0.01054  -0.01052  -0.01050  -0.01044  -0.01041
       -0.01030  -0.01028  -0.01023  -0.01022  -0.01017  -0.01015  -0.01010  -0.01008  -0.01003
       -0.00999  -0.00996  -0.00991  -0.00986
        
     --------------------------------------------------------------------------------------------
     Tot. elapsed time 04m-26.1s,  time spent in last iteration 58.9s
     --------------------------------------------------------------------------------------------

     [I/O] -------------------------------------------------------
     [I/O] RESTART written in < 00.1s             
     [I/O] In location   : ./c6h6_100_400.wstat.restart
     [I/O] -------------------------------------------------------

                       *----------*              *----------*               *----------*
     #     Iteration = |        2 |   DFPT_dim = |      363 |   Diago_dim = |     1163 |
                       *----------*              *----------*               *----------*
       
     --------------------------------------------------------------------------------------------
     Applying projection operator formed by dvg                          
     --------------------------------------------------------------------------------------------
     per-process dynamical memory   236.9 Mb
  
       
     --------------------------------------------------------------------------------------------
     Sternheimer eq. solver... with threshold =   1.000000E-12           
     --------------------------------------------------------------------------------------------
     in progress... |#                   | 005% :               02.1s (E)               43.4s (X)
     in progress... |##                  | 010% :               04.3s (E)               43.2s (X)
     in progress... |###                 | 015% :               06.4s (E)               43.1s (X)
     in progress... |####                | 020% :               08.6s (E)               43.1s (X)
     in progress... |#####               | 025% :               10.7s (E)               43.0s (X)
     in progress... |######              | 030% :               12.9s (E)               43.0s (X)
     in progress... |#######             | 035% :               13.9s (E)               39.9s (X)
     in progress... |########            | 040% :               16.1s (E)               40.3s (X)
     in progress... |#########           | 045% :               18.2s (E)               40.6s (X)
     in progress... |##########          | 050% :               20.4s (E)               40.8s (X)
     in progress... |###########         | 055% :               22.5s (E)               41.0s (X)
     in progress... |############        | 060% :               24.7s (E)               41.1s (X)
     in progress... |#############       | 065% :               26.8s (E)               41.3s (X)
     in progress... |##############      | 070% :               27.9s (E)               39.8s (X)
     in progress... |###############     | 075% :               30.0s (E)               40.0s (X)
     in progress... |################    | 080% :               32.2s (E)               40.2s (X)
     in progress... |#################   | 085% :               34.3s (E)               40.4s (X)
     in progress... |##################  | 090% :               36.4s (E)               40.5s (X)
     in progress... |################### | 095% :               38.6s (E)               40.6s (X)
     in progress... |####################| 100% :               39.6s (E)               39.6s (X)
       
     --------------------------------------------------------------------------------------------
     Applying projection operator formed by dvg                          
     --------------------------------------------------------------------------------------------
     --------------------------------------------------------------------------------------------
     p-DIAGOX done in 00.7s with a SCALAPACK grid (12x12)
     --------------------------------------------------------------------------------------------
        
       -0.08652  -0.08423  -0.08407  -0.08272  -0.08250  -0.08237  -0.07974  -0.07968  -0.07818
       -0.07790  -0.07738  -0.07732  -0.07486  -0.07328  -0.07236  -0.07183  -0.07169  -0.07110
       -0.06979  -0.06897  -0.06895  -0.06772  -0.06706  -0.06693  -0.06685  -0.06673  -0.06602
       -0.06376  -0.06373  -0.06237  -0.06209  -0.06201  -0.06185  -0.06165  -0.06060  -0.06035
       -0.06010  -0.05998  -0.05959  -0.05711  -0.05706  -0.05698  -0.05684  -0.05594  -0.05587
       -0.05529  -0.05513  -0.05502  -0.05327  -0.05275  -0.05254  -0.05233  -0.05182  -0.05180
       -0.05164  -0.05106  -0.05097  -0.04980  -0.04979  -0.04895  -0.04750  -0.04671  -0.04669
       -0.04651  -0.04645  -0.04619  -0.04613  -0.04563  -0.04559  -0.04491  -0.04453  -0.04421
       -0.04412  -0.04397  -0.04395  -0.04383  -0.04355  -0.04219  -0.04217  -0.04180  -0.04174
       -0.04171  -0.04168  -0.04155  -0.04121  -0.04042  -0.03933  -0.03925  -0.03922  -0.03911
       -0.03908  -0.03905  -0.03878  -0.03871  -0.03863  -0.03848  -0.03833  -0.03797  -0.03792
       -0.03625  -0.03585  -0.03584  -0.03572  -0.03550  -0.03546  -0.03544  -0.03541  -0.03539
       -0.03526  -0.03524  -0.03426  -0.03399  -0.03394  -0.03379  -0.03345  -0.03343  -0.03334
       -0.03300  -0.03270  -0.03246  -0.03244  -0.03237  -0.03230  -0.03221  -0.03220  -0.03185
       -0.03145  -0.03121  -0.03119  -0.03113  -0.03097  -0.03095  -0.03093  -0.03092  -0.03090
       -0.03050  -0.03048  -0.03037  -0.03019  -0.03002  -0.02998  -0.02995  -0.02992  -0.02894
       -0.02858  -0.02858  -0.02827  -0.02817  -0.02790  -0.02778  -0.02776  -0.02747  -0.02740
       -0.02739  -0.02723  -0.02692  -0.02689  -0.02634  -0.02632  -0.02619  -0.02618  -0.02615
       -0.02612  -0.02609  -0.02608  -0.02582  -0.02544  -0.02474  -0.02467  -0.02467  -0.02463
       -0.02430  -0.02430  -0.02424  -0.02422  -0.02413  -0.02410  -0.02406  -0.02400  -0.02378
       -0.02350  -0.02349  -0.02337  -0.02336  -0.02334  -0.02320  -0.02307  -0.02305  -0.02298
       -0.02297  -0.02296  -0.02296  -0.02295  -0.02269  -0.02242  -0.02208  -0.02190  -0.02187
       -0.02182  -0.02182  -0.02181  -0.02180  -0.02179  -0.02177  -0.02165  -0.02137  -0.02136
       -0.02130  -0.02129  -0.02098  -0.02097  -0.02092  -0.02078  -0.02077  -0.02054  -0.02052
       -0.02051  -0.02043  -0.02041  -0.02018  -0.02016  -0.02005  -0.02003  -0.01945  -0.01945
       -0.01941  -0.01939  -0.01938  -0.01937  -0.01933  -0.01932  -0.01932  -0.01931  -0.01918
       -0.01892  -0.01890  -0.01882  -0.01882  -0.01880  -0.01878  -0.01863  -0.01863  -0.01851
       -0.01851  -0.01849  -0.01823  -0.01823  -0.01814  -0.01813  -0.01804  -0.01795  -0.01794
       -0.01793  -0.01788  -0.01788  -0.01784  -0.01775  -0.01775  -0.01765  -0.01765  -0.01760
       -0.01757  -0.01740  -0.01729  -0.01715  -0.01715  -0.01709  -0.01704  -0.01704  -0.01697
       -0.01693  -0.01692  -0.01675  -0.01675  -0.01674  -0.01673  -0.01672  -0.01671  -0.01657
       -0.01656  -0.01637  -0.01623  -0.01615  -0.01614  -0.01610  -0.01602  -0.01570  -0.01569
       -0.01567  -0.01564  -0.01562  -0.01562  -0.01561  -0.01558  -0.01558  -0.01541  -0.01515
       -0.01514  -0.01508  -0.01507  -0.01505  -0.01501  -0.01499  -0.01494  -0.01494  -0.01491
       -0.01490  -0.01479  -0.01477  -0.01451  -0.01450  -0.01442  -0.01436  -0.01430  -0.01429
       -0.01426  -0.01422  -0.01419  -0.01419  -0.01417  -0.01416  -0.01408  -0.01400  -0.01399
       -0.01398  -0.01396  -0.01386  -0.01383  -0.01379  -0.01376  -0.01375  -0.01375  -0.01373
       -0.01369  -0.01367  -0.01365  -0.01361  -0.01345  -0.01341  -0.01339  -0.01334  -0.01333
       -0.01326  -0.01323  -0.01322  -0.01316  -0.01315  -0.01311  -0.01310  -0.01307  -0.01306
       -0.01304  -0.01299  -0.01296  -0.01294  -0.01276  -0.01273  -0.01272  -0.01264  -0.01263
       -0.01257  -0.01254  -0.01251  -0.01247  -0.01245  -0.01231  -0.01230  -0.01229  -0.01228
       -0.01227  -0.01224  -0.01223  -0.01221  -0.01218  -0.01211  -0.01208  -0.01207  -0.01205
       -0.01187  -0.01186  -0.01185  -0.01184  -0.01178  -0.01171  -0.01162  -0.01161  -0.01158
       -0.01156  -0.01155  -0.01151  -0.01147  -0.01143  -0.01134  -0.01132  -0.01131  -0.01129
       -0.01127  -0.01127  -0.01123  -0.01122
        
     --------------------------------------------------------------------------------------------
     Tot. elapsed time 06m-36.5s,  time spent in last iteration 58.7s
     --------------------------------------------------------------------------------------------

     [I/O] -------------------------------------------------------
     [I/O] RESTART written in < 00.1s             
     [I/O] In location   : ./c6h6_100_400.wstat.restart
     [I/O] -------------------------------------------------------

                       *----------*              *----------*               *----------*
     #     Iteration = |        3 |   DFPT_dim = |       58 |   Diago_dim = |     1221 |
                       *----------*              *----------*               *----------*
       
     --------------------------------------------------------------------------------------------
     Applying projection operator formed by dvg                          
     --------------------------------------------------------------------------------------------
     per-process dynamical memory   230.4 Mb
  
       
     --------------------------------------------------------------------------------------------
     Sternheimer eq. solver... with threshold =   1.000000E-12           
     --------------------------------------------------------------------------------------------
     in progress... |###                 | 015% :               01.0s (E)               07.2s (X)
     in progress... |######              | 030% :               02.1s (E)               07.2s (X)
     in progress... |##########          | 050% :               03.2s (E)               06.4s (X)
     in progress... |#############       | 065% :               04.2s (E)               06.6s (X)
     in progress... |################    | 080% :               05.3s (E)               06.7s (X)
     in progress... |####################| 100% :               06.4s (E)               06.4s (X)
       
     --------------------------------------------------------------------------------------------
     Applying projection operator formed by dvg                          
     --------------------------------------------------------------------------------------------
     --------------------------------------------------------------------------------------------
     p-DIAGOX done in 00.7s with a SCALAPACK grid (12x12)
     --------------------------------------------------------------------------------------------
        
       -0.08652  -0.08423  -0.08407  -0.08272  -0.08250  -0.08237  -0.07974  -0.07968  -0.07818
       -0.07790  -0.07738  -0.07732  -0.07486  -0.07328  -0.07237  -0.07183  -0.07169  -0.07110
       -0.06979  -0.06897  -0.06895  -0.06772  -0.06706  -0.06693  -0.06685  -0.06673  -0.06602
       -0.06376  -0.06373  -0.06237  -0.06209  -0.06201  -0.06185  -0.06165  -0.06060  -0.06035
       -0.06010  -0.05998  -0.05959  -0.05711  -0.05706  -0.05698  -0.05684  -0.05594  -0.05587
       -0.05529  -0.05513  -0.05502  -0.05327  -0.05275  -0.05254  -0.05233  -0.05182  -0.05180
       -0.05164  -0.05106  -0.05097  -0.04980  -0.04979  -0.04895  -0.04750  -0.04671  -0.04669
       -0.04651  -0.04645  -0.04619  -0.04613  -0.04563  -0.04560  -0.04491  -0.04453  -0.04421
       -0.04412  -0.04397  -0.04395  -0.04383  -0.04355  -0.04219  -0.04217  -0.04180  -0.04174
       -0.04171  -0.04168  -0.04155  -0.04121  -0.04042  -0.03933  -0.03925  -0.03922  -0.03911
       -0.03908  -0.03905  -0.03878  -0.03871  -0.03863  -0.03848  -0.03833  -0.03797  -0.03792
       -0.03625  -0.03585  -0.03584  -0.03572  -0.03550  -0.03546  -0.03544  -0.03541  -0.03539
       -0.03526  -0.03524  -0.03426  -0.03399  -0.03394  -0.03379  -0.03345  -0.03343  -0.03334
       -0.03300  -0.03270  -0.03246  -0.03244  -0.03237  -0.03230  -0.03221  -0.03220  -0.03185
       -0.03145  -0.03121  -0.03119  -0.03113  -0.03097  -0.03095  -0.03093  -0.03092  -0.03090
       -0.03050  -0.03048  -0.03037  -0.03019  -0.03002  -0.02998  -0.02995  -0.02992  -0.02894
       -0.02858  -0.02858  -0.02827  -0.02817  -0.02790  -0.02778  -0.02776  -0.02747  -0.02740
       -0.02739  -0.02723  -0.02693  -0.02689  -0.02634  -0.02632  -0.02619  -0.02618  -0.02615
       -0.02612  -0.02609  -0.02608  -0.02582  -0.02544  -0.02474  -0.02467  -0.02467  -0.02464
       -0.02430  -0.02430  -0.02424  -0.02422  -0.02413  -0.02411  -0.02406  -0.02400  -0.02378
       -0.02350  -0.02349  -0.02337  -0.02336  -0.02334  -0.02320  -0.02307  -0.02305  -0.02299
       -0.02297  -0.02296  -0.02296  -0.02295  -0.02269  -0.02242  -0.02208  -0.02191  -0.02187
       -0.02182  -0.02182  -0.02181  -0.02180  -0.02179  -0.02178  -0.02165  -0.02137  -0.02136
       -0.02130  -0.02129  -0.02099  -0.02098  -0.02092  -0.02078  -0.02077  -0.02054  -0.02053
       -0.02051  -0.02043  -0.02041  -0.02018  -0.02016  -0.02006  -0.02003  -0.01946  -0.01945
       -0.01942  -0.01939  -0.01939  -0.01938  -0.01934  -0.01933  -0.01932  -0.01932  -0.01919
       -0.01893  -0.01891  -0.01883  -0.01882  -0.01881  -0.01879  -0.01864  -0.01863  -0.01852
       -0.01852  -0.01850  -0.01824  -0.01823  -0.01814  -0.01814  -0.01805  -0.01796  -0.01794
       -0.01793  -0.01789  -0.01788  -0.01784  -0.01776  -0.01776  -0.01766  -0.01765  -0.01761
       -0.01758  -0.01741  -0.01730  -0.01716  -0.01715  -0.01710  -0.01705  -0.01705  -0.01698
       -0.01694  -0.01693  -0.01676  -0.01676  -0.01675  -0.01674  -0.01674  -0.01672  -0.01658
       -0.01658  -0.01639  -0.01624  -0.01617  -0.01616  -0.01611  -0.01603  -0.01571  -0.01571
       -0.01570  -0.01565  -0.01564  -0.01563  -0.01562  -0.01561  -0.01560  -0.01542  -0.01516
       -0.01515  -0.01511  -0.01508  -0.01507  -0.01503  -0.01500  -0.01497  -0.01495  -0.01493
       -0.01492  -0.01480  -0.01480  -0.01453  -0.01453  -0.01445  -0.01438  -0.01432  -0.01431
       -0.01428  -0.01424  -0.01422  -0.01421  -0.01419  -0.01418  -0.01410  -0.01403  -0.01402
       -0.01400  -0.01399  -0.01389  -0.01385  -0.01380  -0.01379  -0.01378  -0.01377  -0.01377
       -0.01373  -0.01372  -0.01369  -0.01367  -0.01349  -0.01349  -0.01342  -0.01336  -0.01335
       -0.01333  -0.01329  -0.01329  -0.01320  -0.01319  -0.01319  -0.01318  -0.01316  -0.01315
       -0.01314  -0.01310  -0.01304  -0.01304  -0.01285  -0.01283  -0.01279  -0.01273  -0.01270
       -0.01268  -0.01261  -0.01260  -0.01259  -0.01259  -0.01243  -0.01238  -0.01238  -0.01238
       -0.01236  -0.01236  -0.01235  -0.01235  -0.01231  -0.01221  -0.01221  -0.01219  -0.01219
       -0.01202  -0.01198  -0.01195  -0.01194  -0.01193  -0.01183  -0.01178  -0.01177  -0.01173
       -0.01167  -0.01165  -0.01164  -0.01163  -0.01162  -0.01147  -0.01146  -0.01144  -0.01144
       -0.01143  -0.01142  -0.01139  -0.01134
        
     --------------------------------------------------------------------------------------------
     Tot. elapsed time 08m-00.4s,  time spent in last iteration 14.7s
     --------------------------------------------------------------------------------------------
       
     --------------------------------------------------------------------------------------------
     Convergence achieved !!! in        3 steps                          
     --------------------------------------------------------------------------------------------
      
     --------------------------------------------------------------------------------------------
     Database written in < 00.1s             
     In location : ./c6h6_100_400.wstat.save
     --------------------------------------------------------------------------------------------
 
     WSTAT        : 13m 9.24s CPU    20m10.03s WALL

     wstat_readin :      6.26s CPU     39.02s WALL (       1 calls)
     fetch_nml    :      0.00s CPU      0.00s WALL (       1 calls)
     read_xml     :      1.34s CPU      1.55s WALL (       1 calls)
     init_vloc    :      0.11s CPU      0.11s WALL (       2 calls)
     fft          :      0.26s CPU      0.31s WALL (      11 calls)
     fft_scatter  :    105.79s CPU    105.91s WALL (   31767 calls)
     v_of_rho     :      0.31s CPU      0.33s WALL (       1 calls)
     v_xc         :      0.28s CPU      0.29s WALL (       1 calls)
     v_h          :      0.03s CPU      0.04s WALL (       1 calls)
     read_wave    :      4.91s CPU     37.32s WALL (       1 calls)
     davcio       :      0.00s CPU      0.88s WALL (       2 calls)
     init_us_1    :      0.01s CPU      0.02s WALL (       2 calls)
     do_setup     :      0.18s CPU      0.19s WALL (       1 calls)
     init_pw_ar   :      0.17s CPU      0.19s WALL (       1 calls)
     init_at_1    :      0.00s CPU      0.00s WALL (       1 calls)
     storesqvc    :      0.01s CPU      0.01s WALL (       1 calls)
     chidiago     :    484.13s CPU    634.99s WALL (       1 calls)
     randomize    :      1.16s CPU      1.21s WALL (       2 calls)
     paramgs      :     15.49s CPU     15.65s WALL (      12 calls)
     dfpt         :    577.18s CPU    579.93s WALL (      11 calls)
     init_us_2    :      0.08s CPU      0.09s WALL (      11 calls)
     fftw         :    293.91s CPU    295.20s WALL (   31756 calls)
     alphapc      :      1.01s CPU      1.02s WALL (     210 calls)
     wstat_restar :    128.66s CPU    475.74s WALL (       9 calls)
     linstern     :    412.03s CPU    413.84s WALL (     160 calls)
     stern        :    362.70s CPU    364.34s WALL (    5545 calls)
     h_psi_bgrp   :    325.82s CPU    327.23s WALL (    1880 calls)
     h_psi        :    325.81s CPU    327.23s WALL (    1880 calls)
     h_psi:pot    :    322.17s CPU    323.54s WALL (    1880 calls)
     vloc_psi     :    305.18s CPU    306.47s WALL (    1880 calls)
     h_psi:calbec :      9.32s CPU      8.76s WALL (    1880 calls)
     calbec       :      9.31s CPU      8.76s WALL (    1880 calls)
     add_vuspsi   :      7.64s CPU      8.29s WALL (    1880 calls)
     alphapv      :     17.80s CPU     17.92s WALL (    5545 calls)
     build_hr     :      9.02s CPU      9.25s WALL (       9 calls)
     diagox       :      2.64s CPU      2.71s WALL (       9 calls)
     redistr_vr   :      0.31s CPU      0.33s WALL (       7 calls)
     update_vr    :     15.11s CPU     15.46s WALL (       7 calls)
     symm_hr      :      0.32s CPU      0.34s WALL (       7 calls)
     chidiago:las :      0.00s CPU      0.00s WALL (       1 calls)
     refresh_vr   :      5.17s CPU      5.22s WALL (       2 calls)
     pdep_db      :      2.53s CPU      8.94s WALL (       1 calls)
     kinchidiago  :    298.66s CPU    535.80s WALL (       1 calls)
     k_psi        :      5.90s CPU      5.96s WALL (    3665 calls)
     kinchidiago: :      0.00s CPU      0.00s WALL (       1 calls)
     pdep_db_for_ :     18.92s CPU     44.76s WALL (       1 calls)
 
     WSTAT        : 13m 9.24s CPU    20m10.03s WALL

 
   This run was terminated on:  10: 8:33  27Apr2018            

=------------------------------------------------------------------------------=
   JOB DONE.
=------------------------------------------------------------------------------=
