
     Program WFREQ v. 2.0.0 starts on  1Oct2019 at 11:27:56 

     This program is part of the open-source West suite
     for massively parallel calculations of excited states in materials; please cite
         "M. Govoni et al., J. Chem. Theory Comput. 11, 2680 (2015);
          URL http://www.west-code.org", 
     in publications or presentations arising from this work.

     Based on the Quantum ESPRESSO v. 6.1 svn rev. 13369
       
     --------------------------------------------------------------------------------------------
     **MPI** Parallelization Status                                      
     --------------------------------------------------------------------------------------------
                   160                  10             1             1            16
     --------------------------------------------------------------------------------------------
                     N         =         I      X      P      X      B      X      Z
                     ^                   ^             ^             ^             ^
                     |                   |             |             |             |
                   #rnk                  |             |             |             |
                                      #image           |             |             |
                                                     #pool           |             |
                                                                   #bgrp           |
                                                                                 #R&G
     --------------------------------------------------------------------------------------------
     #prc =          160
     --------------------------------------------------------------------------------------------
       
     --------------------------------------------------------------------------------------------
     I/O Summary : input_west                                            
     --------------------------------------------------------------------------------------------
     qe_prefix      = ch4
     west_prefix    = ch4
     outdir         = ./
     --------------------------------------------------------------------------------------------
       
     --------------------------------------------------------------------------------------------
     I/O Summary : wstat_control                                         
     --------------------------------------------------------------------------------------------
     wstat_calculation              =              S
     n_pdep_eigen                   =            410
     n_kin_pdep_eigen               =              0
     n_lindhard_eigen               =              0
     n_pdep_times                   =              4
     n_pdep_maxiter                 =            100
     n_dfpt_maxiter                 =            250
     n_pdep_read_from_file          =              0
     trev_pdep                      =   1.000000E-03
     trev_pdep_rel                  =   1.000000E-01
     tr2_dfpt                       =   1.000000E-12
     l_kinetic_only                 =              F
     l_minimize_exx_if_active       =              F
     l_use_ecutrho                  =              F
     l_pure_eigen                   =              F
     --------------------------------------------------------------------------------------------
       
     --------------------------------------------------------------------------------------------
     I/O Summary : wfreq_control                                         
     --------------------------------------------------------------------------------------------
     wfreq_calculation                        =           XWGQ
     n_pdep_eigen_to_use                      =            310
     qp_bandrange(1)                          =              3
     qp_bandrange(2)                          =              6
     macropol_calculation                     =              N
     n_lanczos                                =             30
     n_imfreq                                 =            100
     n_refreq                                 =            400
     ecut_imfreq [Ry]                         =     340.000000
     ecut_refreq [Ry]                         =       3.000000
     wfreq_eta [Ry]                           =       0.003675
     n_secant_maxiter                         =            200
     trev_secant [Ry]                         =       0.003676
     l_enable_lanczos                         =              T
     l_enable_gwetot                          =              F
     div_kind_hf                              =              2
     o_restart_time [min]                     =       0.000000
     ecut_spectralf(1) [Ry]                   =      -2.000000
     ecut_spectralf(2) [Ry]                   =       2.000000
     n_spectralf                              =             10
     --------------------------------------------------------------------------------------------

     Reading data from directory:
     ./ch4.save

   Info: using nr1, nr2, nr3 values from input

   Info: using nr1, nr2, nr3 values from input

     IMPORTANT: XC functional enforced from input :
     Exchange-correlation      = PBE ( 1  4  3  4 0 0)
     Any further DFT definition will be discarded
     Please, verify this is what you really want

 
     Parallelization info
     --------------------
     sticks:   dense  smooth     PW     G-vecs:    dense   smooth      PW
     Min        1520    1520    379               178660   178660   22323
     Max        1522    1522    384               178666   178666   22328
     Sum       24345   24345   6093              2858633  2858633  357213
 
       
     --------------------------------------------------------------------------------------------
     System Overview                                                     
     --------------------------------------------------------------------------------------------
     gamma_only           =              T
     ecutwfc [Ry]         =      85.000000
     omega [au^3]         =   2.700000E+04
     glob. #G             =         178607
     nbnd                 =            100
     nkstot               =              1
     nspin                =              1
     nelec                =       8.000000
     npol                 =              1
     lsda                 =              F
     noncolin             =              F
     lspinorb             =              F
     domag                =              F
     --------------------------------------------------------------------------------------------

     sFFT G-space:  1429317 G-vectors     R-space: ( 180, 180, 180)
     dFFT G-space:  1429317 G-vectors     R-space: ( 180, 180, 180)

     Cell [a.u.]          =      30.000000      0.000000      0.000000
                          =       0.000000     30.000000      0.000000
                          =       0.000000      0.000000     30.000000
      
     number of ks points=     1
                       cart. coord. in units 2pi/alat
        k(    1) = (   0.0000000   0.0000000   0.0000000), wk =   2.0000000

                       cryst. coord.
        k(    1) = (   0.0000000   0.0000000   0.0000000), wk =   2.0000000
 
     Spherical div        =   1.654268E-01
     Orthorombic div      =   1.628502E-01
       
     --------------------------------------------------------------------------------------------
     Parallelization for npdep                                           
     --------------------------------------------------------------------------------------------
     nglob                =            310
     nlevel               =             10
     Min nglob/nlevel     =             31
     Max nglob/nlevel     =             31
     --------------------------------------------------------------------------------------------
       
     --------------------------------------------------------------------------------------------
     Parallelization for npdep+macro                                     
     --------------------------------------------------------------------------------------------
     nglob                =            313
     nlevel               =             10
     Min nglob/nlevel     =             31
     Max nglob/nlevel     =             32
     --------------------------------------------------------------------------------------------
       
     --------------------------------------------------------------------------------------------
     Parallelization for n_imfreq                                        
     --------------------------------------------------------------------------------------------
     nglob                =            100
     nlevel               =             16
     Min nglob/nlevel     =              6
     Max nglob/nlevel     =              7
     --------------------------------------------------------------------------------------------
       
     --------------------------------------------------------------------------------------------
     Parallelization for n_refreq                                        
     --------------------------------------------------------------------------------------------
     nglob                =            400
     nlevel               =             16
     Min nglob/nlevel     =             25
     Max nglob/nlevel     =             25
     --------------------------------------------------------------------------------------------
       
     --------------------------------------------------------------------------------------------
     Parallelization for nbnd                                            
     --------------------------------------------------------------------------------------------
     nglob                =            100
     nlevel               =             10
     Min nglob/nlevel     =             10
     Max nglob/nlevel     =             10
     --------------------------------------------------------------------------------------------
       
     --------------------------------------------------------------------------------------------
     Hartree-Fock Exact E(X)change                                       
     --------------------------------------------------------------------------------------------
      
     --------------------------------------------------------------------------------------------
     Vxc
     --------------------------------------------------------------------------------------------
     in progress... |####################| 100% :             < 00.1s (E)             < 00.1s (X)
     --------------------------------------------------------------------------------------------
      
     --------------------------------------------------------------------------------------------
     (X)-Sigma
     --------------------------------------------------------------------------------------------
     in progress... |#####               | 025% :             < 00.1s (E)               00.3s (X)
     in progress... |##########          | 050% :               00.1s (E)               00.3s (X)
     in progress... |###############     | 075% :               00.2s (E)               00.3s (X)
     in progress... |####################| 100% :               00.3s (E)               00.3s (X)
     --------------------------------------------------------------------------------------------
       
     --------------------------------------------------------------------------------------------
     (W)-Lanczos                                                         
     --------------------------------------------------------------------------------------------
     in progress... |#####               | 025% :           01m-33.4s (E)           06m-13.9s (X)
     in progress... |##########          | 050% :           03m-04.7s (E)           06m-09.5s (X)
     in progress... |###############     | 075% :           04m-36.3s (E)           06m-08.4s (X)
     in progress... |####################| 100% :           06m-08.2s (E)           06m-08.2s (X)
     --------------------------------------------------------------------------------------------
       
     --------------------------------------------------------------------------------------------
     (G)-Lanczos                                                         
     --------------------------------------------------------------------------------------------
     in progress... |#####               | 025% :           01m-30.3s (E)           06m-01.4s (X)
     in progress... |##########          | 050% :           03m-00.3s (E)           06m-00.6s (X)
     in progress... |###############     | 075% :           04m-30.3s (E)           06m-00.4s (X)
     in progress... |####################| 100% :           06m-00.2s (E)           06m-00.2s (X)
     --------------------------------------------------------------------------------------------
       
     --------------------------------------------------------------------------------------------
     Collecting results from W and G                                     
     --------------------------------------------------------------------------------------------
     in progress... |#####               | 025% :               00.4s (E)               01.8s (X)
     in progress... |##########          | 050% :               00.8s (E)               01.7s (X)
     in progress... |###############     | 075% :               01.3s (E)               01.7s (X)
     in progress... |####################| 100% :               01.8s (E)               01.8s (X)
     --------------------------------------------------------------------------------------------
       
     --------------------------------------------------------------------------------------------
     (Q)uasiparticle energies                                            
     --------------------------------------------------------------------------------------------
       
     --------------------------------------------------------------------------------------------
     Sigma-C                                                             
     --------------------------------------------------------------------------------------------
     Integrating along the IM axis...
     --------------------------------------------------------------------------------------------
     in progress... |#####               | 025% :             < 00.1s (E)             < 00.1s (X)
     in progress... |##########          | 050% :             < 00.1s (E)             < 00.1s (X)
     in progress... |###############     | 075% :             < 00.1s (E)             < 00.1s (X)
     in progress... |####################| 100% :             < 00.1s (E)             < 00.1s (X)
     --------------------------------------------------------------------------------------------
     Residues along the RE axis...
     --------------------------------------------------------------------------------------------
     in progress... |#####               | 025% :             < 00.1s (E)             < 00.1s (X)
     in progress... |##########          | 050% :             < 00.1s (E)             < 00.1s (X)
     in progress... |###############     | 075% :             < 00.1s (E)             < 00.1s (X)
     in progress... |####################| 100% :             < 00.1s (E)             < 00.1s (X)
     --------------------------------------------------------------------------------------------
       
     --------------------------------------------------------------------------------------------
     Sigma-C                                                             
     --------------------------------------------------------------------------------------------
     Integrating along the IM axis...
     --------------------------------------------------------------------------------------------
     in progress... |#####               | 025% :             < 00.1s (E)             < 00.1s (X)
     in progress... |##########          | 050% :             < 00.1s (E)             < 00.1s (X)
     in progress... |###############     | 075% :             < 00.1s (E)             < 00.1s (X)
     in progress... |####################| 100% :             < 00.1s (E)             < 00.1s (X)
     --------------------------------------------------------------------------------------------
     Residues along the RE axis...
     --------------------------------------------------------------------------------------------
     in progress... |#####               | 025% :             < 00.1s (E)             < 00.1s (X)
     in progress... |##########          | 050% :             < 00.1s (E)             < 00.1s (X)
     in progress... |###############     | 075% :             < 00.1s (E)             < 00.1s (X)
     in progress... |####################| 100% :             < 00.1s (E)             < 00.1s (X)
     --------------------------------------------------------------------------------------------


     --------------------------------------------------------------------------------------------
     Iter: 000000, QP energies [eV]
     --------------------------------------------------------------------------------------------
         -14.058338    -14.058321      0.682813      0.508421
     --------------------------------------------------------------------------------------------
       
     --------------------------------------------------------------------------------------------
     Sigma-C                                                             
     --------------------------------------------------------------------------------------------
     Integrating along the IM axis...
     --------------------------------------------------------------------------------------------
     in progress... |#####               | 025% :             < 00.1s (E)             < 00.1s (X)
     in progress... |##########          | 050% :             < 00.1s (E)             < 00.1s (X)
     in progress... |###############     | 075% :             < 00.1s (E)             < 00.1s (X)
     in progress... |####################| 100% :             < 00.1s (E)             < 00.1s (X)
     --------------------------------------------------------------------------------------------
     Residues along the RE axis...
     --------------------------------------------------------------------------------------------
     in progress... |#####               | 025% :             < 00.1s (E)             < 00.1s (X)
     in progress... |##########          | 050% :             < 00.1s (E)             < 00.1s (X)
     in progress... |###############     | 075% :             < 00.1s (E)             < 00.1s (X)
     in progress... |####################| 100% :             < 00.1s (E)             < 00.1s (X)
     --------------------------------------------------------------------------------------------


     --------------------------------------------------------------------------------------------
     Iter: 000001, QP energies [eV]
     --------------------------------------------------------------------------------------------
         -13.940122    -13.940104      0.682040      0.508401
     --------------------------------------------------------------------------------------------
     --------------------------------------------------------------------------------------------
     Number of unconverged QP. =            2
     --------------------------------------------------------------------------------------------
       
     --------------------------------------------------------------------------------------------
     Sigma-C                                                             
     --------------------------------------------------------------------------------------------
     Integrating along the IM axis...
     --------------------------------------------------------------------------------------------
     in progress... |#####               | 025% :             < 00.1s (E)             < 00.1s (X)
     in progress... |##########          | 050% :             < 00.1s (E)             < 00.1s (X)
     in progress... |###############     | 075% :             < 00.1s (E)             < 00.1s (X)
     in progress... |####################| 100% :             < 00.1s (E)             < 00.1s (X)
     --------------------------------------------------------------------------------------------
     Residues along the RE axis...
     --------------------------------------------------------------------------------------------
     in progress... |#####               | 025% :             < 00.1s (E)             < 00.1s (X)
     in progress... |##########          | 050% :             < 00.1s (E)             < 00.1s (X)
     in progress... |###############     | 075% :             < 00.1s (E)             < 00.1s (X)
     in progress... |####################| 100% :             < 00.1s (E)             < 00.1s (X)
     --------------------------------------------------------------------------------------------


     --------------------------------------------------------------------------------------------
     Iter: 000002, QP energies [eV]
     --------------------------------------------------------------------------------------------
         -13.943019    -13.943001      0.682040      0.508401
     --------------------------------------------------------------------------------------------
       
     --------------------------------------------------------------------------------------------
     CONVERGENCE ACHIEVED !!!                                            
     --------------------------------------------------------------------------------------------
       
     --------------------------------------------------------------------------------------------
     Done, take a look at the o-eqp_K*.tab file(s) .                     
     --------------------------------------------------------------------------------------------
 
     WFREQ        : 11m59.78s CPU    12m57.14s WALL

     wfreq_readin :      5.48s CPU     44.79s WALL (       1 calls)
     fetch_nml    :      0.00s CPU      0.00s WALL (       1 calls)
     read_xml     :      1.42s CPU      1.53s WALL (       1 calls)
     init_vloc    :      0.11s CPU      0.11s WALL (       2 calls)
     fft          :      0.51s CPU      0.56s WALL (      18 calls)
     fft_scatter  :     26.13s CPU     29.79s WALL (    8215 calls)
     v_of_rho     :      0.36s CPU      0.39s WALL (       1 calls)
     v_xc         :      0.62s CPU      0.67s WALL (       2 calls)
     v_h          :      0.04s CPU      0.04s WALL (       1 calls)
     read_wave    :      4.04s CPU     41.83s WALL (       1 calls)
     davcio       :      0.00s CPU      0.62s WALL (       2 calls)
     init_us_1    :      0.22s CPU      0.22s WALL (       2 calls)
     do_setup     :      0.37s CPU      0.39s WALL (       1 calls)
     init_pw_ar   :      0.36s CPU      0.38s WALL (       1 calls)
     init_at_1    :      0.00s CPU      0.00s WALL (       1 calls)
     storesqvc    :      0.01s CPU      0.01s WALL (       2 calls)
     solve_hf     :      0.70s CPU      0.74s WALL (       1 calls)
     sigmavxc     :      0.02s CPU      0.02s WALL (       1 calls)
     init_us_2    :      0.01s CPU      0.01s WALL (       4 calls)
     fftw         :    114.29s CPU    118.57s WALL (    8193 calls)
     sigmax       :      0.29s CPU      0.30s WALL (       1 calls)
     ffts         :      0.12s CPU      0.12s WALL (       4 calls)
     wlanczos     :    355.17s CPU    368.21s WALL (       1 calls)
     alphapc      :      6.62s CPU      6.67s WALL (     252 calls)
     lan_H        :    168.17s CPU    172.91s WALL (       8 calls)
     h_psi_bgrp   :    138.83s CPU    143.22s WALL (     240 calls)
     h_psi        :    138.83s CPU    143.22s WALL (     240 calls)
     h_psi:pot    :    137.32s CPU    141.69s WALL (     240 calls)
     vloc_psi     :    135.53s CPU    139.87s WALL (     240 calls)
     h_psi:calbec :      0.84s CPU      0.85s WALL (     240 calls)
     calbec       :      0.84s CPU      0.85s WALL (     240 calls)
     add_vuspsi   :      0.95s CPU      0.96s WALL (     240 calls)
     brak         :     89.53s CPU     90.26s WALL (       8 calls)
     sw_restart   :      0.81s CPU      8.01s WALL (       4 calls)
     chi0_diag    :      0.08s CPU      0.09s WALL (       1 calls)
     glanczos     :    355.49s CPU    360.29s WALL (       1 calls)
     sg_restart   :      0.01s CPU      0.01s WALL (       4 calls)
     solve_qp     :      1.75s CPU      1.87s WALL (       1 calls)
     coll_gw      :      1.75s CPU      1.85s WALL (       1 calls)
     sigmac_i     :      0.00s CPU      0.00s WALL (       4 calls)
     sigmac_r     :      0.00s CPU      0.00s WALL (       4 calls)
 
     WFREQ        : 11m59.78s CPU    12m57.14s WALL

 
   This run was terminated on:  11:40:53   1Oct2019            

=------------------------------------------------------------------------------=
   JOB DONE.
=------------------------------------------------------------------------------=
