
     Program WSTAT v. 2.0.0 starts on  1Jul2018 at 14: 0:23 

     This program is part of the open-source West suite
     for massively parallel calculations of excited states in materials; please cite
         "M. Govoni et al., J. Chem. Theory Comput. 11, 2680 (2015);
          URL http://www.west-code.org", 
     in publications or presentations arising from this work.

     Based on the Quantum ESPRESSO v. 6.1 svn rev. 13369
       
     --------------------------------------------------------------------------------------------
     **MPI** Parallelization Status                                      
     --------------------------------------------------------------------------------------------
                   160                  10             1             1            16
     --------------------------------------------------------------------------------------------
                     N         =         I      X      P      X      B      X      Z
                     ^                   ^             ^             ^             ^
                     |                   |             |             |             |
                   #rnk                  |             |             |             |
                                      #image           |             |             |
                                                     #pool           |             |
                                                                   #bgrp           |
                                                                                 #R&G
     --------------------------------------------------------------------------------------------
     **OPENMP** Parallelization Status
     #thr/rnk               =            1
     --------------------------------------------------------------------------------------------
     #prc = (rnk) * (thr) =          160
     --------------------------------------------------------------------------------------------
       
     --------------------------------------------------------------------------------------------
     I/O Summary : input_west                                            
     --------------------------------------------------------------------------------------------
     qe_prefix      = h2o
     west_prefix    = h2o
     outdir         = ./
     --------------------------------------------------------------------------------------------
       
     --------------------------------------------------------------------------------------------
     I/O Summary : wstat_control                                         
     --------------------------------------------------------------------------------------------
     wstat_calculation              =              S
     n_pdep_eigen                   =            500
     n_kin_pdep_eigen               =              0
     n_lindhard_eigen               =              0
     n_pdep_times                   =              4
     n_pdep_maxiter                 =            100
     n_dfpt_maxiter                 =            250
     n_pdep_read_from_file          =              0
     trev_pdep                      =   1.000000E-03
     trev_pdep_rel                  =   1.000000E-01
     tr2_dfpt                       =   1.000000E-12
     l_kinetic_only                 =              F
     l_minimize_exx_if_active       =              F
     l_use_ecutrho                  =              F
     l_pure_eigen                   =              F
     --------------------------------------------------------------------------------------------

     Reading data from directory:
     ./h2o.save

   Info: using nr1, nr2, nr3 values from input

   Info: using nr1, nr2, nr3 values from input

     IMPORTANT: XC functional enforced from input :
     Exchange-correlation      = PBE ( 1  4  3  4 0 0)
     Any further DFT definition will be discarded
     Please, verify this is what you really want

     Message from routine readpp:
     file ./h2o.save/O_ONCV_PBE-1.0.upf not found
     Message from routine readpp:
     file ./h2o.save/H_ONCV_PBE-1.0.upf not found
 
     Parallelization info
     --------------------
     sticks:   dense  smooth     PW     G-vecs:    dense   smooth      PW
     Min        1520    1520    379               178660   178660   22323
     Max        1522    1522    384               178666   178666   22328
     Sum       24345   24345   6093              2858633  2858633  357213
 
       
     --------------------------------------------------------------------------------------------
     System Overview                                                     
     --------------------------------------------------------------------------------------------
     gamma_only           =              T
     ecutwfc [Ry]         =      85.000000
     omega [au^3]         =   2.700000E+04
     glob. #G             =         178607
     nbnd                 =            100
     nkstot               =              1
     nspin                =              1
     nelec                =       8.000000
     npol                 =              1
     lsda                 =              F
     noncolin             =              F
     lspinorb             =              F
     domag                =              F
     --------------------------------------------------------------------------------------------

     sFFT G-space:  1429317 G-vectors     R-space: ( 180, 180, 180)
     dFFT G-space:  1429317 G-vectors     R-space: ( 180, 180, 180)

     Cell [a.u.]          =      30.000000      0.000000      0.000000
                          =       0.000000     30.000000      0.000000
                          =       0.000000      0.000000     30.000000
      
     number of ks points=     1
                       cart. coord. in units 2pi/alat
        k(    1) = (   0.0000000   0.0000000   0.0000000), wk =   2.0000000

                       cryst. coord.
        k(    1) = (   0.0000000   0.0000000   0.0000000), wk =   2.0000000
 
     Spherical div        =   1.654268E-01
     Orthorombic div      =   1.628502E-01
       
     --------------------------------------------------------------------------------------------
     Parallelization for nvecx                                           
     --------------------------------------------------------------------------------------------
     nglob                =           2000
     nlevel               =             10
     Min nglob/nlevel     =            200
     Max nglob/nlevel     =            200
     --------------------------------------------------------------------------------------------

     [MEM] ----------------------------------------------------------
     [MEM] **Memory** analysis: QE
     [MEM] ----------------------------------------------------------
     [MEM] Allocated arrays           est. size (Mb)     dimensions
     [MEM] ----------------------------------------------------------
     [MEM] Kohn-Sham Wavefunctions      17.03 Mb     (  11164,  100)
     [MEM] NL pseudopotentials           2.04 Mb     (  11164,   12)
     [MEM] Each V/rho on FFT grid        5.93 Mb     ( 388800)
     [MEM] Each G-vector array           0.68 Mb     (  89333)
     [MEM] G-vector shells               0.05 Mb     (   6125)
     [MEM] ----------------------------------------------------------
     [MEM] TOT                          25.74 Mb
     [MEM] ----------------------------------------------------------
     [MEM] 
     [MEM] ----------------------------------------------------------
     [MEM] **Memory** analysis: WSTAT global
     [MEM] ----------------------------------------------------------
     [MEM] Allocated arrays           est. size (Mb)     dimensions
     [MEM] ----------------------------------------------------------
     [MEM] dvg                          34.07 Mb     (  11164,  200)
     [MEM] dng                          34.07 Mb     (  11164,  200)
     [MEM] hr_distr                      3.05 Mb     (   2000,  200)
     [MEM] vr_distr                      3.05 Mb     (   2000,  200)
     [MEM] ----------------------------------------------------------
     [MEM] TOT                          74.24 Mb
     [MEM] ----------------------------------------------------------
     [MEM] 
     [MEM] ----------------------------------------------------------
     [MEM] **Memory** analysis: WSTAT temporary
     [MEM] ----------------------------------------------------------
     [MEM] Allocated arrays           est. size (Mb)     dimensions
     [MEM] ----------------------------------------------------------
     [MEM] dvpsi                         0.68 Mb     (  11164,    4)
     [MEM] dpsi                          0.68 Mb     (  11164,    4)
     [MEM] ----------------------------------------------------------
     [MEM] Total estimate                1.36 Mb
     [MEM] ----------------------------------------------------------

                       *----------*              *----------*               *----------*
     #     Iteration = | starting |   DFPT_dim = |      500 |   Diago_dim = |      500 |  x 1/2
                       *----------*              *----------*               *----------*
     per-process dynamical memory   183.8 Mb
  
       
     --------------------------------------------------------------------------------------------
     Sternheimer eq. solver... with lite-solver                          
     --------------------------------------------------------------------------------------------
     in progress... |#                   | 005% :               00.4s (E)               09.1s (X)
     in progress... |##                  | 010% :               00.7s (E)               07.5s (X)
     in progress... |###                 | 015% :               01.2s (E)               08.0s (X)
     in progress... |####                | 020% :               01.5s (E)               07.5s (X)
     in progress... |#####               | 025% :               01.9s (E)               07.8s (X)
     in progress... |######              | 030% :               02.2s (E)               07.5s (X)
     in progress... |#######             | 035% :               02.7s (E)               07.7s (X)
     in progress... |########            | 040% :               02.9s (E)               07.4s (X)
     in progress... |#########           | 045% :               03.4s (E)               07.6s (X)
     in progress... |##########          | 050% :               03.7s (E)               07.4s (X)
     in progress... |###########         | 055% :               04.1s (E)               07.6s (X)
     in progress... |############        | 060% :               04.4s (E)               07.4s (X)
     in progress... |#############       | 065% :               04.9s (E)               07.6s (X)
     in progress... |##############      | 070% :               05.2s (E)               07.4s (X)
     in progress... |###############     | 075% :               05.6s (E)               07.5s (X)
     in progress... |################    | 080% :               05.9s (E)               07.4s (X)
     in progress... |#################   | 085% :               06.4s (E)               07.5s (X)
     in progress... |##################  | 090% :               06.7s (E)               07.4s (X)
     in progress... |################### | 095% :               07.1s (E)               07.5s (X)
     in progress... |####################| 100% :               07.4s (E)               07.4s (X)
     --------------------------------------------------------------------------------------------

     [I/O] -------------------------------------------------------
     [I/O] RESTART written in < 00.1s             
     [I/O] In location   : ./h2o_500.wstat.restart
     [I/O] -------------------------------------------------------

                       *----------*              *----------*               *----------*
     #     Iteration = | starting |   DFPT_dim = |      500 |   Diago_dim = |      500 |  x 2/2
                       *----------*              *----------*               *----------*
     per-process dynamical memory   186.1 Mb
  
       
     --------------------------------------------------------------------------------------------
     Sternheimer eq. solver... with threshold =   1.000000E-06           
     --------------------------------------------------------------------------------------------
     in progress... |#                   | 005% :               04.3s (E)           01m-26.2s (X)
     in progress... |##                  | 010% :               07.0s (E)           01m-10.4s (X)
     in progress... |###                 | 015% :               11.1s (E)           01m-14.0s (X)
     in progress... |####                | 020% :               13.7s (E)           01m-08.9s (X)
     in progress... |#####               | 025% :               17.7s (E)           01m-10.9s (X)
     in progress... |######              | 030% :               20.3s (E)           01m-07.9s (X)
     in progress... |#######             | 035% :               24.2s (E)           01m-09.4s (X)
     in progress... |########            | 040% :               26.8s (E)           01m-07.1s (X)
     in progress... |#########           | 045% :               30.7s (E)           01m-08.2s (X)
     in progress... |##########          | 050% :               33.2s (E)           01m-06.5s (X)
     in progress... |###########         | 055% :               37.0s (E)           01m-07.4s (X)
     in progress... |############        | 060% :               39.6s (E)           01m-06.0s (X)
     in progress... |#############       | 065% :               43.3s (E)           01m-06.7s (X)
     in progress... |##############      | 070% :               45.9s (E)           01m-05.6s (X)
     in progress... |###############     | 075% :               49.7s (E)           01m-06.2s (X)
     in progress... |################    | 080% :               52.1s (E)           01m-05.2s (X)
     in progress... |#################   | 085% :               55.9s (E)           01m-05.8s (X)
     in progress... |##################  | 090% :               58.4s (E)           01m-04.9s (X)
     in progress... |################### | 095% :           01m-02.1s (E)           01m-05.4s (X)
     in progress... |####################| 100% :           01m-04.6s (E)           01m-04.6s (X)
     --------------------------------------------------------------------------------------------
     p-DIAGOX done in 00.4s with a SCALAPACK grid (12x12)
     --------------------------------------------------------------------------------------------
        
       -2.12935  -0.95955  -0.73900  -0.71692  -0.58778  -0.50530  -0.46683  -0.32423  -0.31588
       -0.30307  -0.29834  -0.29311  -0.27886  -0.24211  -0.21027  -0.19318  -0.18995  -0.18146
       -0.17806  -0.15632  -0.15542  -0.14971  -0.14920  -0.14652  -0.14079  -0.10399  -0.09744
       -0.09407  -0.08580  -0.08292  -0.07396  -0.07386  -0.07274  -0.06558  -0.06437  -0.06223
       -0.06120  -0.06035  -0.05852  -0.05814  -0.05672  -0.05502  -0.05482  -0.05325  -0.05108
       -0.04869  -0.04505  -0.04462  -0.04445  -0.04429  -0.04094  -0.03779  -0.03559  -0.03436
       -0.03327  -0.03293  -0.03277  -0.03242  -0.03196  -0.03168  -0.03022  -0.03004  -0.02840
       -0.02839  -0.02826  -0.02818  -0.02802  -0.02775  -0.02758  -0.02650  -0.02548  -0.02493
       -0.02477  -0.02462  -0.02397  -0.02388  -0.02367  -0.02319  -0.02285  -0.02272  -0.02178
       -0.02126  -0.02009  -0.01973  -0.01962  -0.01957  -0.01940  -0.01916  -0.01772  -0.01737
       -0.01734  -0.01713  -0.01706  -0.01694  -0.01608  -0.01601  -0.01597  -0.01538  -0.01534
       -0.01522  -0.01505  -0.01466  -0.01465  -0.01448  -0.01434  -0.01418  -0.01417  -0.01411
       -0.01392  -0.01381  -0.01333  -0.01320  -0.01303  -0.01288  -0.01281  -0.01273  -0.01264
       -0.01256  -0.01233  -0.01195  -0.01181  -0.01171  -0.01159  -0.01150  -0.01117  -0.01100
       -0.01097  -0.01078  -0.01057  -0.01046  -0.01038  -0.01009  -0.00995  -0.00992  -0.00981
       -0.00970  -0.00951  -0.00937  -0.00929  -0.00926  -0.00920  -0.00894  -0.00879  -0.00869
       -0.00864  -0.00859  -0.00855  -0.00851  -0.00842  -0.00833  -0.00831  -0.00825  -0.00821
       -0.00811  -0.00804  -0.00793  -0.00778  -0.00771  -0.00768  -0.00766  -0.00759  -0.00746
       -0.00737  -0.00730  -0.00722  -0.00717  -0.00713  -0.00707  -0.00700  -0.00696  -0.00681
       -0.00675  -0.00671  -0.00661  -0.00652  -0.00649  -0.00641  -0.00634  -0.00628  -0.00618
       -0.00617  -0.00612  -0.00610  -0.00604  -0.00591  -0.00582  -0.00574  -0.00571  -0.00567
       -0.00559  -0.00554  -0.00552  -0.00550  -0.00542  -0.00540  -0.00536  -0.00531  -0.00529
       -0.00517  -0.00515  -0.00514  -0.00509  -0.00503  -0.00497  -0.00492  -0.00488  -0.00486
       -0.00482  -0.00478  -0.00476  -0.00473  -0.00468  -0.00466  -0.00464  -0.00461  -0.00458
       -0.00453  -0.00445  -0.00441  -0.00438  -0.00434  -0.00431  -0.00426  -0.00423  -0.00420
       -0.00417  -0.00413  -0.00409  -0.00407  -0.00400  -0.00398  -0.00396  -0.00394  -0.00390
       -0.00387  -0.00382  -0.00379  -0.00377  -0.00375  -0.00369  -0.00367  -0.00364  -0.00361
       -0.00356  -0.00351  -0.00349  -0.00347  -0.00344  -0.00342  -0.00338  -0.00335  -0.00331
       -0.00330  -0.00329  -0.00323  -0.00321  -0.00319  -0.00317  -0.00314  -0.00313  -0.00310
       -0.00305  -0.00304  -0.00303  -0.00301  -0.00298  -0.00297  -0.00294  -0.00292  -0.00289
       -0.00287  -0.00284  -0.00281  -0.00278  -0.00276  -0.00275  -0.00274  -0.00271  -0.00268
       -0.00267  -0.00267  -0.00265  -0.00263  -0.00261  -0.00259  -0.00257  -0.00255  -0.00254
       -0.00253  -0.00251  -0.00248  -0.00248  -0.00244  -0.00243  -0.00240  -0.00239  -0.00237
       -0.00236  -0.00234  -0.00233  -0.00232  -0.00228  -0.00227  -0.00226  -0.00223  -0.00221
       -0.00219  -0.00217  -0.00217  -0.00216  -0.00214  -0.00212  -0.00212  -0.00210  -0.00209
       -0.00208  -0.00206  -0.00203  -0.00203  -0.00200  -0.00199  -0.00198  -0.00195  -0.00195
       -0.00192  -0.00191  -0.00189  -0.00188  -0.00188  -0.00186  -0.00182  -0.00182  -0.00181
       -0.00179  -0.00179  -0.00175  -0.00174  -0.00173  -0.00172  -0.00170  -0.00170  -0.00169
       -0.00167  -0.00166  -0.00165  -0.00164  -0.00163  -0.00161  -0.00159  -0.00158  -0.00157
       -0.00156  -0.00155  -0.00154  -0.00153  -0.00151  -0.00150  -0.00149  -0.00147  -0.00146
       -0.00146  -0.00145  -0.00144  -0.00143  -0.00141  -0.00141  -0.00140  -0.00139  -0.00138
       -0.00137  -0.00135  -0.00135  -0.00132  -0.00132  -0.00132  -0.00131  -0.00129  -0.00128
       -0.00127  -0.00126  -0.00125  -0.00124  -0.00124  -0.00123  -0.00122  -0.00121  -0.00120
       -0.00119  -0.00118  -0.00117  -0.00116  -0.00116  -0.00115  -0.00114  -0.00113  -0.00112
       -0.00111  -0.00110  -0.00109  -0.00109  -0.00107  -0.00106  -0.00105  -0.00104  -0.00104
       -0.00103  -0.00102  -0.00101  -0.00101  -0.00100  -0.00098  -0.00098  -0.00098  -0.00097
       -0.00096  -0.00095  -0.00095  -0.00093  -0.00093  -0.00092  -0.00092  -0.00091  -0.00090
       -0.00089  -0.00088  -0.00088  -0.00087  -0.00086  -0.00086  -0.00085  -0.00085  -0.00083
       -0.00082  -0.00081  -0.00081  -0.00080  -0.00079  -0.00078  -0.00077  -0.00077  -0.00076
       -0.00076  -0.00075  -0.00075  -0.00074  -0.00074  -0.00073  -0.00073  -0.00072  -0.00071
       -0.00071  -0.00070  -0.00069  -0.00068  -0.00068  -0.00067  -0.00067  -0.00066  -0.00065
       -0.00065  -0.00064  -0.00063  -0.00063  -0.00062  -0.00061  -0.00061  -0.00059  -0.00059
       -0.00059  -0.00058  -0.00058  -0.00057  -0.00057  -0.00056  -0.00055  -0.00054  -0.00054
       -0.00053  -0.00053  -0.00052  -0.00051  -0.00050  -0.00050  -0.00049  -0.00048  -0.00048
       -0.00048  -0.00047  -0.00047  -0.00045  -0.00045  -0.00044  -0.00043  -0.00043  -0.00043
       -0.00041  -0.00040  -0.00040  -0.00039  -0.00030
        
     --------------------------------------------------------------------------------------------
     Tot. elapsed time 03m-00.2s,  time spent in last iteration 03m-00.2s
     --------------------------------------------------------------------------------------------

     [I/O] -------------------------------------------------------
     [I/O] RESTART written in < 00.1s             
     [I/O] In location   : ./h2o_500.wstat.restart
     [I/O] -------------------------------------------------------

                       *----------*              *----------*               *----------*
     #     Iteration = |        1 |   DFPT_dim = |      500 |   Diago_dim = |     1000 |
                       *----------*              *----------*               *----------*
     per-process dynamical memory   186.1 Mb
  
       
     --------------------------------------------------------------------------------------------
     Sternheimer eq. solver... with threshold =   1.000000E-12           
     --------------------------------------------------------------------------------------------
     in progress... |#                   | 005% :               06.2s (E)           02m-05.6s (X)
     in progress... |##                  | 010% :               10.3s (E)           01m-43.0s (X)
     in progress... |###                 | 015% :               16.3s (E)           01m-48.8s (X)
     in progress... |####                | 020% :               20.3s (E)           01m-41.6s (X)
     in progress... |#####               | 025% :               26.3s (E)           01m-45.3s (X)
     in progress... |######              | 030% :               30.3s (E)           01m-41.0s (X)
     in progress... |#######             | 035% :               36.3s (E)           01m-43.8s (X)
     in progress... |########            | 040% :               40.3s (E)           01m-40.8s (X)
     in progress... |#########           | 045% :               46.3s (E)           01m-42.9s (X)
     in progress... |##########          | 050% :               50.2s (E)           01m-40.5s (X)
     in progress... |###########         | 055% :               56.1s (E)           01m-42.1s (X)
     in progress... |############        | 060% :           01m-00.1s (E)           01m-40.2s (X)
     in progress... |#############       | 065% :           01m-06.0s (E)           01m-41.6s (X)
     in progress... |##############      | 070% :           01m-10.0s (E)           01m-40.0s (X)
     in progress... |###############     | 075% :           01m-15.8s (E)           01m-41.1s (X)
     in progress... |################    | 080% :           01m-19.8s (E)           01m-39.7s (X)
     in progress... |#################   | 085% :           01m-25.7s (E)           01m-40.9s (X)
     in progress... |##################  | 090% :           01m-29.6s (E)           01m-39.6s (X)
     in progress... |################### | 095% :           01m-35.5s (E)           01m-40.5s (X)
     in progress... |####################| 100% :           01m-39.4s (E)           01m-39.4s (X)
     --------------------------------------------------------------------------------------------
     p-DIAGOX done in 00.7s with a SCALAPACK grid (12x12)
     --------------------------------------------------------------------------------------------
        
       -2.36548  -0.95970  -0.73902  -0.72459  -0.58786  -0.50700  -0.46690  -0.32456  -0.31632
       -0.30339  -0.29845  -0.29339  -0.27952  -0.24225  -0.22877  -0.21041  -0.19010  -0.18150
       -0.18095  -0.15645  -0.15550  -0.15311  -0.14981  -0.14939  -0.14489  -0.10413  -0.09762
       -0.09414  -0.08765  -0.08297  -0.07406  -0.07391  -0.07282  -0.06567  -0.06486  -0.06251
       -0.06124  -0.06041  -0.05948  -0.05822  -0.05681  -0.05511  -0.05489  -0.05334  -0.05117
       -0.04879  -0.04537  -0.04488  -0.04481  -0.04459  -0.04119  -0.03807  -0.03587  -0.03579
       -0.03452  -0.03302  -0.03300  -0.03296  -0.03209  -0.03184  -0.03080  -0.03023  -0.02855
       -0.02849  -0.02849  -0.02829  -0.02820  -0.02795  -0.02775  -0.02696  -0.02570  -0.02510
       -0.02502  -0.02495  -0.02423  -0.02412  -0.02393  -0.02344  -0.02310  -0.02298  -0.02206
       -0.02154  -0.02043  -0.02024  -0.02019  -0.01987  -0.01980  -0.01971  -0.01797  -0.01763
       -0.01760  -0.01755  -0.01734  -0.01716  -0.01642  -0.01632  -0.01628  -0.01583  -0.01582
       -0.01558  -0.01535  -0.01519  -0.01486  -0.01485  -0.01484  -0.01452  -0.01445  -0.01443
       -0.01442  -0.01428  -0.01388  -0.01367  -0.01338  -0.01323  -0.01321  -0.01317  -0.01308
       -0.01307  -0.01279  -0.01238  -0.01222  -0.01219  -0.01207  -0.01194  -0.01154  -0.01154
       -0.01152  -0.01151  -0.01127  -0.01109  -0.01109  -0.01072  -0.01049  -0.01032  -0.01028
       -0.01014  -0.00993  -0.00984  -0.00977  -0.00973  -0.00970  -0.00942  -0.00938  -0.00927
       -0.00925  -0.00919  -0.00908  -0.00908  -0.00894  -0.00893  -0.00892  -0.00891  -0.00871
       -0.00866  -0.00851  -0.00851  -0.00835  -0.00828  -0.00825  -0.00814  -0.00814  -0.00804
       -0.00795  -0.00785  -0.00784  -0.00781  -0.00773  -0.00762  -0.00757  -0.00755  -0.00747
       -0.00744  -0.00742  -0.00723  -0.00722  -0.00712  -0.00710  -0.00705  -0.00702  -0.00697
       -0.00695  -0.00684  -0.00679  -0.00676  -0.00668  -0.00647  -0.00642  -0.00642  -0.00631
       -0.00631  -0.00625  -0.00620  -0.00614  -0.00610  -0.00606  -0.00595  -0.00588  -0.00588
       -0.00587  -0.00584  -0.00583  -0.00581  -0.00580  -0.00574  -0.00573  -0.00558  -0.00553
       -0.00551  -0.00547  -0.00540  -0.00539  -0.00538  -0.00537  -0.00537  -0.00534  -0.00532
       -0.00527  -0.00522  -0.00521  -0.00513  -0.00506  -0.00498  -0.00494  -0.00489  -0.00489
       -0.00488  -0.00487  -0.00485  -0.00483  -0.00482  -0.00474  -0.00471  -0.00470  -0.00466
       -0.00465  -0.00453  -0.00453  -0.00453  -0.00451  -0.00451  -0.00450  -0.00450  -0.00447
       -0.00446  -0.00442  -0.00432  -0.00427  -0.00424  -0.00422  -0.00420  -0.00420  -0.00417
       -0.00412  -0.00408  -0.00404  -0.00402  -0.00398  -0.00396  -0.00396  -0.00391  -0.00391
       -0.00385  -0.00384  -0.00383  -0.00381  -0.00379  -0.00379  -0.00373  -0.00370  -0.00369
       -0.00368  -0.00368  -0.00365  -0.00363  -0.00361  -0.00359  -0.00358  -0.00354  -0.00353
       -0.00348  -0.00345  -0.00343  -0.00341  -0.00339  -0.00338  -0.00338  -0.00337  -0.00336
       -0.00335  -0.00335  -0.00334  -0.00333  -0.00333  -0.00332  -0.00331  -0.00322  -0.00322
       -0.00314  -0.00313  -0.00309  -0.00309  -0.00308  -0.00307  -0.00307  -0.00305  -0.00305
       -0.00304  -0.00303  -0.00299  -0.00299  -0.00298  -0.00298  -0.00297  -0.00296  -0.00293
       -0.00291  -0.00291  -0.00287  -0.00286  -0.00284  -0.00282  -0.00281  -0.00279  -0.00278
       -0.00277  -0.00275  -0.00274  -0.00271  -0.00270  -0.00268  -0.00268  -0.00265  -0.00263
       -0.00261  -0.00260  -0.00258  -0.00258  -0.00256  -0.00254  -0.00253  -0.00252  -0.00251
       -0.00250  -0.00249  -0.00249  -0.00248  -0.00248  -0.00248  -0.00246  -0.00241  -0.00239
       -0.00238  -0.00237  -0.00236  -0.00235  -0.00233  -0.00232  -0.00232  -0.00230  -0.00229
       -0.00227  -0.00227  -0.00225  -0.00224  -0.00223  -0.00223  -0.00222  -0.00222  -0.00220
       -0.00219  -0.00219  -0.00218  -0.00218  -0.00217  -0.00217  -0.00215  -0.00214  -0.00213
       -0.00213  -0.00212  -0.00211  -0.00210  -0.00210  -0.00209  -0.00208  -0.00206  -0.00206
       -0.00200  -0.00199  -0.00199  -0.00198  -0.00198  -0.00197  -0.00196  -0.00196  -0.00195
       -0.00194  -0.00194  -0.00193  -0.00193  -0.00191  -0.00190  -0.00190  -0.00189  -0.00188
       -0.00187  -0.00186  -0.00184  -0.00184  -0.00182  -0.00181  -0.00181  -0.00181  -0.00180
       -0.00178  -0.00178  -0.00178  -0.00177  -0.00176  -0.00175  -0.00174  -0.00173  -0.00171
       -0.00170  -0.00170  -0.00170  -0.00168  -0.00167  -0.00167  -0.00166  -0.00165  -0.00164
       -0.00163  -0.00163  -0.00162  -0.00162  -0.00161  -0.00160  -0.00160  -0.00159  -0.00158
       -0.00158  -0.00157  -0.00157  -0.00157  -0.00155  -0.00154  -0.00154  -0.00153  -0.00152
       -0.00152  -0.00151  -0.00150  -0.00150  -0.00149  -0.00149  -0.00148  -0.00147  -0.00146
       -0.00145  -0.00144  -0.00143  -0.00143  -0.00143  -0.00142  -0.00141  -0.00141  -0.00140
       -0.00140  -0.00139  -0.00138  -0.00138  -0.00137  -0.00137  -0.00136  -0.00136  -0.00136
       -0.00135  -0.00134  -0.00134  -0.00134  -0.00133  -0.00132  -0.00132  -0.00131  -0.00131
       -0.00130  -0.00129  -0.00128  -0.00128  -0.00127  -0.00127  -0.00127  -0.00126  -0.00125
       -0.00124  -0.00124  -0.00123  -0.00123  -0.00121
        
     --------------------------------------------------------------------------------------------
     Tot. elapsed time 06m-41.9s,  time spent in last iteration 02m-09.1s
     --------------------------------------------------------------------------------------------

     [I/O] -------------------------------------------------------
     [I/O] RESTART written in < 00.1s             
     [I/O] In location   : ./h2o_500.wstat.restart
     [I/O] -------------------------------------------------------

                       *----------*              *----------*               *----------*
     #     Iteration = |        2 |   DFPT_dim = |      339 |   Diago_dim = |     1339 |
                       *----------*              *----------*               *----------*
     per-process dynamical memory   186.1 Mb
  
       
     --------------------------------------------------------------------------------------------
     Sternheimer eq. solver... with threshold =   1.000000E-12           
     --------------------------------------------------------------------------------------------
     in progress... |#                   | 005% :               03.9s (E)           01m-18.5s (X)
     in progress... |##                  | 010% :               07.8s (E)           01m-18.5s (X)
     in progress... |###                 | 015% :               11.7s (E)           01m-18.3s (X)
     in progress... |####                | 020% :               13.7s (E)           01m-08.5s (X)
     in progress... |#####               | 025% :               17.5s (E)           01m-10.2s (X)
     in progress... |######              | 030% :               21.4s (E)           01m-11.4s (X)
     in progress... |#######             | 035% :               23.3s (E)           01m-06.6s (X)
     in progress... |########            | 040% :               27.2s (E)           01m-08.0s (X)
     in progress... |#########           | 045% :               31.1s (E)           01m-09.1s (X)
     in progress... |##########          | 050% :               33.0s (E)           01m-06.1s (X)
     in progress... |###########         | 055% :               36.9s (E)           01m-07.1s (X)
     in progress... |############        | 060% :               40.8s (E)           01m-08.0s (X)
     in progress... |#############       | 065% :               44.6s (E)           01m-08.6s (X)
     in progress... |##############      | 070% :               46.5s (E)           01m-06.5s (X)
     in progress... |###############     | 075% :               50.4s (E)           01m-07.2s (X)
     in progress... |################    | 080% :               54.3s (E)           01m-07.8s (X)
     in progress... |#################   | 085% :               56.2s (E)           01m-06.1s (X)
     in progress... |##################  | 090% :           01m-00.0s (E)           01m-06.7s (X)
     in progress... |################### | 095% :           01m-03.9s (E)           01m-07.2s (X)
     in progress... |####################| 100% :           01m-05.8s (E)           01m-05.8s (X)
     --------------------------------------------------------------------------------------------
     p-DIAGOX done in 00.9s with a SCALAPACK grid (12x12)
     --------------------------------------------------------------------------------------------
        
       -2.36548  -0.95970  -0.73902  -0.72459  -0.58786  -0.50700  -0.46690  -0.32456  -0.31632
       -0.30339  -0.29845  -0.29339  -0.27952  -0.24225  -0.22877  -0.21041  -0.19010  -0.18150
       -0.18095  -0.15645  -0.15550  -0.15311  -0.14981  -0.14939  -0.14489  -0.10413  -0.09762
       -0.09414  -0.08765  -0.08297  -0.07406  -0.07391  -0.07282  -0.06567  -0.06486  -0.06251
       -0.06124  -0.06041  -0.05948  -0.05822  -0.05681  -0.05511  -0.05489  -0.05334  -0.05117
       -0.04879  -0.04537  -0.04488  -0.04481  -0.04459  -0.04119  -0.03807  -0.03587  -0.03579
       -0.03452  -0.03302  -0.03300  -0.03296  -0.03209  -0.03184  -0.03080  -0.03023  -0.02855
       -0.02849  -0.02849  -0.02829  -0.02820  -0.02795  -0.02775  -0.02696  -0.02570  -0.02510
       -0.02502  -0.02495  -0.02423  -0.02412  -0.02393  -0.02344  -0.02310  -0.02298  -0.02206
       -0.02154  -0.02043  -0.02024  -0.02019  -0.01987  -0.01980  -0.01971  -0.01797  -0.01763
       -0.01760  -0.01755  -0.01734  -0.01716  -0.01642  -0.01632  -0.01628  -0.01583  -0.01582
       -0.01558  -0.01535  -0.01519  -0.01486  -0.01485  -0.01484  -0.01452  -0.01445  -0.01443
       -0.01442  -0.01428  -0.01388  -0.01368  -0.01338  -0.01323  -0.01321  -0.01317  -0.01308
       -0.01307  -0.01279  -0.01238  -0.01222  -0.01219  -0.01208  -0.01194  -0.01155  -0.01154
       -0.01152  -0.01151  -0.01127  -0.01109  -0.01109  -0.01072  -0.01049  -0.01032  -0.01028
       -0.01014  -0.00993  -0.00984  -0.00977  -0.00973  -0.00970  -0.00942  -0.00938  -0.00927
       -0.00925  -0.00920  -0.00908  -0.00908  -0.00894  -0.00893  -0.00892  -0.00891  -0.00871
       -0.00866  -0.00851  -0.00851  -0.00835  -0.00828  -0.00825  -0.00814  -0.00814  -0.00804
       -0.00795  -0.00785  -0.00784  -0.00781  -0.00773  -0.00762  -0.00757  -0.00755  -0.00747
       -0.00744  -0.00742  -0.00724  -0.00723  -0.00712  -0.00710  -0.00706  -0.00702  -0.00697
       -0.00695  -0.00684  -0.00679  -0.00677  -0.00669  -0.00647  -0.00642  -0.00642  -0.00632
       -0.00631  -0.00626  -0.00620  -0.00614  -0.00610  -0.00606  -0.00596  -0.00589  -0.00588
       -0.00587  -0.00585  -0.00584  -0.00582  -0.00581  -0.00575  -0.00573  -0.00558  -0.00553
       -0.00551  -0.00547  -0.00540  -0.00539  -0.00538  -0.00538  -0.00538  -0.00535  -0.00533
       -0.00528  -0.00522  -0.00522  -0.00514  -0.00507  -0.00498  -0.00494  -0.00490  -0.00489
       -0.00488  -0.00487  -0.00486  -0.00484  -0.00483  -0.00475  -0.00471  -0.00471  -0.00466
       -0.00466  -0.00454  -0.00454  -0.00454  -0.00452  -0.00452  -0.00451  -0.00451  -0.00448
       -0.00447  -0.00443  -0.00433  -0.00428  -0.00425  -0.00422  -0.00421  -0.00421  -0.00418
       -0.00413  -0.00409  -0.00405  -0.00403  -0.00399  -0.00398  -0.00397  -0.00392  -0.00392
       -0.00386  -0.00386  -0.00385  -0.00382  -0.00380  -0.00380  -0.00374  -0.00371  -0.00370
       -0.00370  -0.00369  -0.00366  -0.00364  -0.00362  -0.00361  -0.00360  -0.00356  -0.00355
       -0.00349  -0.00347  -0.00344  -0.00342  -0.00341  -0.00340  -0.00339  -0.00339  -0.00337
       -0.00337  -0.00337  -0.00336  -0.00335  -0.00334  -0.00334  -0.00333  -0.00324  -0.00324
       -0.00316  -0.00316  -0.00312  -0.00311  -0.00310  -0.00310  -0.00309  -0.00308  -0.00307
       -0.00306  -0.00306  -0.00302  -0.00301  -0.00300  -0.00300  -0.00300  -0.00300  -0.00295
       -0.00294  -0.00293  -0.00290  -0.00289  -0.00286  -0.00285  -0.00284  -0.00281  -0.00281
       -0.00280  -0.00278  -0.00277  -0.00274  -0.00274  -0.00271  -0.00271  -0.00269  -0.00266
       -0.00265  -0.00263  -0.00262  -0.00261  -0.00261  -0.00258  -0.00257  -0.00256  -0.00255
       -0.00255  -0.00253  -0.00253  -0.00253  -0.00252  -0.00251  -0.00250  -0.00245  -0.00245
       -0.00243  -0.00242  -0.00240  -0.00239  -0.00237  -0.00236  -0.00236  -0.00234  -0.00234
       -0.00231  -0.00231  -0.00229  -0.00228  -0.00227  -0.00226  -0.00226  -0.00226  -0.00226
       -0.00224  -0.00224  -0.00223  -0.00223  -0.00222  -0.00222  -0.00222  -0.00221  -0.00220
       -0.00217  -0.00217  -0.00217  -0.00216  -0.00216  -0.00214  -0.00214  -0.00212  -0.00212
       -0.00206  -0.00205  -0.00203  -0.00203  -0.00203  -0.00202  -0.00202  -0.00202  -0.00201
       -0.00200  -0.00200  -0.00199  -0.00198  -0.00197  -0.00197  -0.00196  -0.00196  -0.00195
       -0.00193  -0.00190  -0.00190  -0.00190  -0.00189  -0.00188  -0.00187  -0.00186  -0.00186
       -0.00186  -0.00185  -0.00184  -0.00184  -0.00183  -0.00183  -0.00183  -0.00179  -0.00178
       -0.00177  -0.00177  -0.00176  -0.00175  -0.00174  -0.00173  -0.00172  -0.00172  -0.00171
       -0.00171  -0.00171  -0.00170  -0.00170  -0.00169  -0.00169  -0.00167  -0.00167  -0.00167
       -0.00166  -0.00166  -0.00166  -0.00165  -0.00165  -0.00165  -0.00164  -0.00163  -0.00163
       -0.00162  -0.00161  -0.00160  -0.00159  -0.00157  -0.00157  -0.00155  -0.00155  -0.00155
       -0.00155  -0.00154  -0.00154  -0.00153  -0.00152  -0.00152  -0.00150  -0.00149  -0.00149
       -0.00148  -0.00148  -0.00147  -0.00147  -0.00147  -0.00146  -0.00146  -0.00146  -0.00146
       -0.00145  -0.00145  -0.00145  -0.00144  -0.00144  -0.00144  -0.00143  -0.00142  -0.00142
       -0.00141  -0.00141  -0.00141  -0.00139  -0.00139  -0.00138  -0.00137  -0.00137  -0.00136
       -0.00136  -0.00135  -0.00135  -0.00135  -0.00134
        
     --------------------------------------------------------------------------------------------
     Tot. elapsed time 11m-17.5s,  time spent in last iteration 01m-32.4s
     --------------------------------------------------------------------------------------------

     [I/O] -------------------------------------------------------
     [I/O] RESTART written in < 00.1s             
     [I/O] In location   : ./h2o_500.wstat.restart
     [I/O] -------------------------------------------------------

                       *----------*              *----------*               *----------*
     #     Iteration = |        3 |   DFPT_dim = |        1 |   Diago_dim = |     1340 |
                       *----------*              *----------*               *----------*
     per-process dynamical memory   186.8 Mb
  
       
     --------------------------------------------------------------------------------------------
     Sternheimer eq. solver... with threshold =   1.000000E-12           
     --------------------------------------------------------------------------------------------
     in progress... |####################| 100% :             < 00.1s (E)             < 00.1s (X)
     --------------------------------------------------------------------------------------------
     p-DIAGOX done in 00.9s with a SCALAPACK grid (12x12)
     --------------------------------------------------------------------------------------------
        
       -2.36548  -0.95970  -0.73902  -0.72459  -0.58786  -0.50700  -0.46690  -0.32456  -0.31632
       -0.30339  -0.29845  -0.29339  -0.27952  -0.24225  -0.22877  -0.21041  -0.19010  -0.18150
       -0.18095  -0.15645  -0.15550  -0.15311  -0.14981  -0.14939  -0.14489  -0.10413  -0.09762
       -0.09414  -0.08765  -0.08297  -0.07406  -0.07391  -0.07282  -0.06567  -0.06486  -0.06251
       -0.06124  -0.06041  -0.05948  -0.05822  -0.05681  -0.05511  -0.05489  -0.05334  -0.05117
       -0.04879  -0.04537  -0.04488  -0.04481  -0.04459  -0.04119  -0.03807  -0.03587  -0.03579
       -0.03452  -0.03302  -0.03300  -0.03296  -0.03209  -0.03184  -0.03080  -0.03023  -0.02855
       -0.02849  -0.02849  -0.02829  -0.02820  -0.02795  -0.02775  -0.02696  -0.02570  -0.02510
       -0.02502  -0.02495  -0.02423  -0.02412  -0.02393  -0.02344  -0.02310  -0.02298  -0.02206
       -0.02154  -0.02043  -0.02024  -0.02019  -0.01987  -0.01980  -0.01971  -0.01797  -0.01763
       -0.01760  -0.01755  -0.01734  -0.01716  -0.01642  -0.01632  -0.01628  -0.01583  -0.01582
       -0.01558  -0.01535  -0.01519  -0.01486  -0.01485  -0.01484  -0.01452  -0.01445  -0.01443
       -0.01442  -0.01428  -0.01388  -0.01368  -0.01338  -0.01323  -0.01321  -0.01317  -0.01308
       -0.01307  -0.01279  -0.01238  -0.01222  -0.01219  -0.01208  -0.01194  -0.01155  -0.01154
       -0.01152  -0.01151  -0.01127  -0.01109  -0.01109  -0.01072  -0.01049  -0.01032  -0.01028
       -0.01014  -0.00993  -0.00984  -0.00977  -0.00973  -0.00970  -0.00942  -0.00938  -0.00927
       -0.00925  -0.00920  -0.00908  -0.00908  -0.00894  -0.00893  -0.00892  -0.00891  -0.00871
       -0.00866  -0.00851  -0.00851  -0.00835  -0.00828  -0.00825  -0.00814  -0.00814  -0.00804
       -0.00795  -0.00785  -0.00784  -0.00781  -0.00773  -0.00762  -0.00757  -0.00755  -0.00747
       -0.00744  -0.00742  -0.00724  -0.00723  -0.00712  -0.00710  -0.00706  -0.00702  -0.00697
       -0.00695  -0.00684  -0.00679  -0.00677  -0.00669  -0.00647  -0.00642  -0.00642  -0.00632
       -0.00631  -0.00626  -0.00620  -0.00614  -0.00610  -0.00606  -0.00596  -0.00589  -0.00588
       -0.00587  -0.00585  -0.00584  -0.00582  -0.00581  -0.00575  -0.00573  -0.00558  -0.00553
       -0.00551  -0.00547  -0.00540  -0.00539  -0.00538  -0.00538  -0.00538  -0.00535  -0.00533
       -0.00528  -0.00522  -0.00522  -0.00514  -0.00507  -0.00498  -0.00494  -0.00490  -0.00489
       -0.00488  -0.00487  -0.00486  -0.00484  -0.00483  -0.00475  -0.00471  -0.00471  -0.00466
       -0.00466  -0.00454  -0.00454  -0.00454  -0.00452  -0.00452  -0.00451  -0.00451  -0.00448
       -0.00447  -0.00443  -0.00433  -0.00428  -0.00425  -0.00422  -0.00421  -0.00421  -0.00418
       -0.00413  -0.00409  -0.00405  -0.00403  -0.00399  -0.00398  -0.00397  -0.00392  -0.00392
       -0.00386  -0.00386  -0.00385  -0.00382  -0.00380  -0.00380  -0.00374  -0.00371  -0.00370
       -0.00370  -0.00369  -0.00366  -0.00364  -0.00362  -0.00361  -0.00360  -0.00356  -0.00355
       -0.00349  -0.00347  -0.00344  -0.00342  -0.00341  -0.00340  -0.00339  -0.00339  -0.00337
       -0.00337  -0.00337  -0.00336  -0.00335  -0.00334  -0.00334  -0.00333  -0.00324  -0.00324
       -0.00316  -0.00316  -0.00312  -0.00311  -0.00310  -0.00310  -0.00309  -0.00308  -0.00307
       -0.00306  -0.00306  -0.00302  -0.00301  -0.00300  -0.00300  -0.00300  -0.00300  -0.00295
       -0.00294  -0.00293  -0.00290  -0.00289  -0.00286  -0.00285  -0.00284  -0.00281  -0.00281
       -0.00280  -0.00278  -0.00277  -0.00274  -0.00274  -0.00271  -0.00271  -0.00269  -0.00266
       -0.00265  -0.00263  -0.00262  -0.00261  -0.00261  -0.00258  -0.00257  -0.00256  -0.00255
       -0.00255  -0.00253  -0.00253  -0.00253  -0.00252  -0.00251  -0.00250  -0.00245  -0.00245
       -0.00243  -0.00242  -0.00240  -0.00239  -0.00237  -0.00236  -0.00236  -0.00234  -0.00234
       -0.00231  -0.00231  -0.00229  -0.00228  -0.00227  -0.00226  -0.00226  -0.00226  -0.00226
       -0.00224  -0.00224  -0.00223  -0.00223  -0.00222  -0.00222  -0.00222  -0.00221  -0.00220
       -0.00217  -0.00217  -0.00217  -0.00216  -0.00216  -0.00214  -0.00214  -0.00212  -0.00212
       -0.00206  -0.00205  -0.00203  -0.00203  -0.00203  -0.00202  -0.00202  -0.00202  -0.00201
       -0.00200  -0.00200  -0.00199  -0.00198  -0.00197  -0.00197  -0.00196  -0.00196  -0.00195
       -0.00193  -0.00190  -0.00190  -0.00190  -0.00189  -0.00188  -0.00187  -0.00186  -0.00186
       -0.00186  -0.00185  -0.00184  -0.00184  -0.00183  -0.00183  -0.00183  -0.00179  -0.00178
       -0.00177  -0.00177  -0.00176  -0.00175  -0.00174  -0.00173  -0.00172  -0.00172  -0.00171
       -0.00171  -0.00171  -0.00170  -0.00170  -0.00169  -0.00169  -0.00167  -0.00167  -0.00167
       -0.00166  -0.00166  -0.00166  -0.00165  -0.00165  -0.00165  -0.00164  -0.00163  -0.00163
       -0.00162  -0.00161  -0.00160  -0.00159  -0.00157  -0.00157  -0.00155  -0.00155  -0.00155
       -0.00155  -0.00154  -0.00154  -0.00153  -0.00152  -0.00152  -0.00150  -0.00149  -0.00149
       -0.00148  -0.00148  -0.00147  -0.00147  -0.00147  -0.00146  -0.00146  -0.00146  -0.00146
       -0.00145  -0.00145  -0.00145  -0.00144  -0.00144  -0.00144  -0.00143  -0.00142  -0.00142
       -0.00141  -0.00141  -0.00141  -0.00139  -0.00139  -0.00138  -0.00137  -0.00137  -0.00136
       -0.00136  -0.00135  -0.00135  -0.00135  -0.00135
        
     --------------------------------------------------------------------------------------------
     Tot. elapsed time 15m-35.1s,  time spent in last iteration 09.5s
     --------------------------------------------------------------------------------------------
      
     --------------------------------------------------------------------------------------------
     Database written in 45.4s               
     In location : ./h2o_500.wstat.save
     --------------------------------------------------------------------------------------------
       
     --------------------------------------------------------------------------------------------
     Convergence achieved !!! in        3 steps                          
     --------------------------------------------------------------------------------------------
 
     WSTAT        :  8m38.38s CPU    17m15.24s WALL

     wstat_readin :      6.94s CPU     39.81s WALL (       1 calls)
     fetch_nml    :      0.00s CPU      0.00s WALL (       1 calls)
     read_xml     :      1.28s CPU      1.50s WALL (       1 calls)
     init_vloc    :      0.11s CPU      0.11s WALL (       2 calls)
     fft          :      0.26s CPU      0.28s WALL (      11 calls)
     fft_scatter  :     55.36s CPU     55.60s WALL (   17217 calls)
     v_of_rho     :      0.29s CPU      0.31s WALL (       1 calls)
     v_xc         :      0.25s CPU      0.27s WALL (       1 calls)
     v_h          :      0.03s CPU      0.04s WALL (       1 calls)
     read_wave    :      5.65s CPU     38.23s WALL (       1 calls)
     davcio       :      0.00s CPU      0.39s WALL (       2 calls)
     init_us_1    :      0.03s CPU      0.03s WALL (       2 calls)
     do_setup     :      0.18s CPU      0.19s WALL (       1 calls)
     init_pw_ar   :      0.18s CPU      0.19s WALL (       1 calls)
     init_at_1    :      0.00s CPU      0.00s WALL (       1 calls)
     storesqvc    :      0.00s CPU      0.00s WALL (       1 calls)
     chidiago     :    511.23s CPU    995.19s WALL (       1 calls)
     randomize    :      1.15s CPU      1.16s WALL (       1 calls)
     paramgs      :     15.90s CPU     16.06s WALL (       5 calls)
     dfpt         :    270.78s CPU    272.80s WALL (       5 calls)
     init_us_2    :      0.02s CPU      0.02s WALL (       5 calls)
     fftw         :    157.38s CPU    158.42s WALL (   17206 calls)
     alphapc      :      0.21s CPU      0.18s WALL (     184 calls)
     wstat_restar :    176.30s CPU    614.17s WALL (       4 calls)
     linstern     :    208.45s CPU    209.98s WALL (     134 calls)
     stern        :    201.27s CPU    202.66s WALL (    4064 calls)
     h_psi_bgrp   :    197.96s CPU    199.49s WALL (    4064 calls)
     h_psi        :    197.95s CPU    199.48s WALL (    4064 calls)
     h_psi:pot    :    197.16s CPU    198.64s WALL (    4064 calls)
     vloc_psi     :    188.02s CPU    189.43s WALL (    4064 calls)
     h_psi:calbec :      7.32s CPU      6.22s WALL (    4064 calls)
     calbec       :      7.31s CPU      6.21s WALL (    4064 calls)
     add_vuspsi   :      1.79s CPU      2.96s WALL (    4064 calls)
     alphapv      :      2.30s CPU      2.09s WALL (    4064 calls)
     build_hr     :      8.86s CPU      9.89s WALL (       4 calls)
     diagox       :      2.95s CPU      3.01s WALL (       4 calls)
     redistr_vr   :      0.43s CPU      0.45s WALL (       3 calls)
     update_vr    :     14.78s CPU     16.48s WALL (       3 calls)
     symm_hr      :      0.44s CPU      0.45s WALL (       3 calls)
     chidiago:las :      0.00s CPU      0.00s WALL (       1 calls)
     refresh_vr   :      6.15s CPU      6.50s WALL (       1 calls)
     pdep_db      :     12.81s CPU     45.42s WALL (       1 calls)
 
     WSTAT        :  8m38.38s CPU    17m15.24s WALL

 
   This run was terminated on:  14:17:38   1Jul2018            

=------------------------------------------------------------------------------=
   JOB DONE.
=------------------------------------------------------------------------------=
