
     Program WSTAT v. 2.0.0 starts on  1Jul2018 at 13:34:26 

     This program is part of the open-source West suite
     for massively parallel calculations of excited states in materials; please cite
         "M. Govoni et al., J. Chem. Theory Comput. 11, 2680 (2015);
          URL http://www.west-code.org", 
     in publications or presentations arising from this work.

     Based on the Quantum ESPRESSO v. 6.1 svn rev. 13369
       
     --------------------------------------------------------------------------------------------
     **MPI** Parallelization Status                                      
     --------------------------------------------------------------------------------------------
                   160                  10             1             1            16
     --------------------------------------------------------------------------------------------
                     N         =         I      X      P      X      B      X      Z
                     ^                   ^             ^             ^             ^
                     |                   |             |             |             |
                   #rnk                  |             |             |             |
                                      #image           |             |             |
                                                     #pool           |             |
                                                                   #bgrp           |
                                                                                 #R&G
     --------------------------------------------------------------------------------------------
     **OPENMP** Parallelization Status
     #thr/rnk               =            1
     --------------------------------------------------------------------------------------------
     #prc = (rnk) * (thr) =          160
     --------------------------------------------------------------------------------------------
       
     --------------------------------------------------------------------------------------------
     I/O Summary : input_west                                            
     --------------------------------------------------------------------------------------------
     qe_prefix      = h2o
     west_prefix    = h2o
     outdir         = ./
     --------------------------------------------------------------------------------------------
       
     --------------------------------------------------------------------------------------------
     I/O Summary : wstat_control                                         
     --------------------------------------------------------------------------------------------
     wstat_calculation              =              S
     n_pdep_eigen                   =            100
     n_kin_pdep_eigen               =            400
     n_lindhard_eigen               =              0
     n_pdep_times                   =              4
     n_pdep_maxiter                 =            100
     n_dfpt_maxiter                 =            250
     n_pdep_read_from_file          =              0
     trev_pdep                      =   1.000000E-03
     trev_pdep_rel                  =   1.000000E-01
     tr2_dfpt                       =   1.000000E-12
     l_kinetic_only                 =              F
     l_minimize_exx_if_active       =              F
     l_use_ecutrho                  =              F
     l_pure_eigen                   =              F
     --------------------------------------------------------------------------------------------

     Reading data from directory:
     ./h2o.save

   Info: using nr1, nr2, nr3 values from input

   Info: using nr1, nr2, nr3 values from input

     IMPORTANT: XC functional enforced from input :
     Exchange-correlation      = PBE ( 1  4  3  4 0 0)
     Any further DFT definition will be discarded
     Please, verify this is what you really want

     Message from routine readpp:
     file ./h2o.save/O_ONCV_PBE-1.0.upf not found
     Message from routine readpp:
     file ./h2o.save/H_ONCV_PBE-1.0.upf not found
 
     Parallelization info
     --------------------
     sticks:   dense  smooth     PW     G-vecs:    dense   smooth      PW
     Min        1520    1520    379               178660   178660   22323
     Max        1522    1522    384               178666   178666   22328
     Sum       24345   24345   6093              2858633  2858633  357213
 
       
     --------------------------------------------------------------------------------------------
     System Overview                                                     
     --------------------------------------------------------------------------------------------
     gamma_only           =              T
     ecutwfc [Ry]         =      85.000000
     omega [au^3]         =   2.700000E+04
     glob. #G             =         178607
     nbnd                 =            100
     nkstot               =              1
     nspin                =              1
     nelec                =       8.000000
     npol                 =              1
     lsda                 =              F
     noncolin             =              F
     lspinorb             =              F
     domag                =              F
     --------------------------------------------------------------------------------------------

     sFFT G-space:  1429317 G-vectors     R-space: ( 180, 180, 180)
     dFFT G-space:  1429317 G-vectors     R-space: ( 180, 180, 180)

     Cell [a.u.]          =      30.000000      0.000000      0.000000
                          =       0.000000     30.000000      0.000000
                          =       0.000000      0.000000     30.000000
      
     number of ks points=     1
                       cart. coord. in units 2pi/alat
        k(    1) = (   0.0000000   0.0000000   0.0000000), wk =   2.0000000

                       cryst. coord.
        k(    1) = (   0.0000000   0.0000000   0.0000000), wk =   2.0000000
 
     Spherical div        =   1.654268E-01
     Orthorombic div      =   1.628502E-01
       
     --------------------------------------------------------------------------------------------
     Parallelization for nvecx                                           
     --------------------------------------------------------------------------------------------
     nglob                =            400
     nlevel               =             10
     Min nglob/nlevel     =             40
     Max nglob/nlevel     =             40
     --------------------------------------------------------------------------------------------

     [MEM] ----------------------------------------------------------
     [MEM] **Memory** analysis: QE
     [MEM] ----------------------------------------------------------
     [MEM] Allocated arrays           est. size (Mb)     dimensions
     [MEM] ----------------------------------------------------------
     [MEM] Kohn-Sham Wavefunctions      17.03 Mb     (  11164,  100)
     [MEM] NL pseudopotentials           2.04 Mb     (  11164,   12)
     [MEM] Each V/rho on FFT grid        5.93 Mb     ( 388800)
     [MEM] Each G-vector array           0.68 Mb     (  89333)
     [MEM] G-vector shells               0.05 Mb     (   6125)
     [MEM] ----------------------------------------------------------
     [MEM] TOT                          25.74 Mb
     [MEM] ----------------------------------------------------------
     [MEM] 
     [MEM] ----------------------------------------------------------
     [MEM] **Memory** analysis: WSTAT global
     [MEM] ----------------------------------------------------------
     [MEM] Allocated arrays           est. size (Mb)     dimensions
     [MEM] ----------------------------------------------------------
     [MEM] dvg                           6.81 Mb     (  11164,   40)
     [MEM] dng                           6.81 Mb     (  11164,   40)
     [MEM] hr_distr                      0.12 Mb     (    400,   40)
     [MEM] vr_distr                      0.12 Mb     (    400,   40)
     [MEM] ----------------------------------------------------------
     [MEM] TOT                          13.87 Mb
     [MEM] ----------------------------------------------------------
     [MEM] 
     [MEM] ----------------------------------------------------------
     [MEM] **Memory** analysis: WSTAT temporary
     [MEM] ----------------------------------------------------------
     [MEM] Allocated arrays           est. size (Mb)     dimensions
     [MEM] ----------------------------------------------------------
     [MEM] dvpsi                         0.68 Mb     (  11164,    4)
     [MEM] dpsi                          0.68 Mb     (  11164,    4)
     [MEM] ----------------------------------------------------------
     [MEM] Total estimate                1.36 Mb
     [MEM] ----------------------------------------------------------

                       *----------*              *----------*               *----------*
     #     Iteration = | starting |   DFPT_dim = |      100 |   Diago_dim = |      100 |  x 1/2
                       *----------*              *----------*               *----------*
     per-process dynamical memory   118.1 Mb
  
       
     --------------------------------------------------------------------------------------------
     Sternheimer eq. solver... with lite-solver                          
     --------------------------------------------------------------------------------------------
     in progress... |##                  | 010% :               00.1s (E)               01.5s (X)
     in progress... |####                | 020% :               00.3s (E)               01.5s (X)
     in progress... |######              | 030% :               00.4s (E)               01.5s (X)
     in progress... |########            | 040% :               00.5s (E)               01.4s (X)
     in progress... |##########          | 050% :               00.7s (E)               01.4s (X)
     in progress... |############        | 060% :               00.8s (E)               01.4s (X)
     in progress... |##############      | 070% :               01.0s (E)               01.4s (X)
     in progress... |################    | 080% :               01.1s (E)               01.4s (X)
     in progress... |##################  | 090% :               01.3s (E)               01.4s (X)
     in progress... |####################| 100% :               01.4s (E)               01.4s (X)
     --------------------------------------------------------------------------------------------

     [I/O] -------------------------------------------------------
     [I/O] RESTART written in < 00.1s             
     [I/O] In location   : ./h2o_100_400.wstat.restart
     [I/O] -------------------------------------------------------

                       *----------*              *----------*               *----------*
     #     Iteration = | starting |   DFPT_dim = |      100 |   Diago_dim = |      100 |  x 2/2
                       *----------*              *----------*               *----------*
     per-process dynamical memory   124.2 Mb
  
       
     --------------------------------------------------------------------------------------------
     Sternheimer eq. solver... with threshold =   1.000000E-06           
     --------------------------------------------------------------------------------------------
     in progress... |##                  | 010% :               01.4s (E)               14.6s (X)
     in progress... |####                | 020% :               02.8s (E)               14.4s (X)
     in progress... |######              | 030% :               04.2s (E)               14.3s (X)
     in progress... |########            | 040% :               05.6s (E)               14.1s (X)
     in progress... |##########          | 050% :               07.0s (E)               14.0s (X)
     in progress... |############        | 060% :               08.3s (E)               13.9s (X)
     in progress... |##############      | 070% :               09.7s (E)               13.8s (X)
     in progress... |################    | 080% :               11.0s (E)               13.8s (X)
     in progress... |##################  | 090% :               12.3s (E)               13.7s (X)
     in progress... |####################| 100% :               13.7s (E)               13.7s (X)
     --------------------------------------------------------------------------------------------
     p-DIAGOX done in < 00.1s with a SCALAPACK grid (3x3)
     --------------------------------------------------------------------------------------------
        
       -1.97567  -0.95505  -0.73724  -0.71008  -0.57943  -0.49813  -0.46285  -0.30943  -0.30573
       -0.29165  -0.29107  -0.28931  -0.26725  -0.23529  -0.20622  -0.18360  -0.17837  -0.17791
       -0.16423  -0.15274  -0.15125  -0.14312  -0.13824  -0.13694  -0.11922  -0.09155  -0.08784
       -0.08707  -0.07857  -0.07576  -0.06727  -0.06686  -0.06574  -0.05917  -0.05735  -0.05602
       -0.05526  -0.05350  -0.05165  -0.05003  -0.04964  -0.04800  -0.04612  -0.04499  -0.04420
       -0.03865  -0.03600  -0.03421  -0.03298  -0.03269  -0.03073  -0.02984  -0.02712  -0.02645
       -0.02574  -0.02542  -0.02468  -0.02353  -0.02339  -0.02256  -0.02153  -0.02108  -0.02055
       -0.01996  -0.01942  -0.01921  -0.01855  -0.01814  -0.01758  -0.01718  -0.01667  -0.01609
       -0.01577  -0.01398  -0.01374  -0.01360  -0.01322  -0.01286  -0.01245  -0.01198  -0.01161
       -0.01118  -0.01101  -0.01050  -0.01034  -0.01016  -0.00964  -0.00910  -0.00888  -0.00877
       -0.00862  -0.00817  -0.00813  -0.00762  -0.00739  -0.00692  -0.00654  -0.00640  -0.00594
       -0.00564
        
     --------------------------------------------------------------------------------------------
     Tot. elapsed time 37.0s,  time spent in last iteration 37.0s
     --------------------------------------------------------------------------------------------

     [I/O] -------------------------------------------------------
     [I/O] RESTART written in < 00.1s             
     [I/O] In location   : ./h2o_100_400.wstat.restart
     [I/O] -------------------------------------------------------

                       *----------*              *----------*               *----------*
     #     Iteration = |        1 |   DFPT_dim = |      100 |   Diago_dim = |      200 |
                       *----------*              *----------*               *----------*
     per-process dynamical memory   132.1 Mb
  
       
     --------------------------------------------------------------------------------------------
     Sternheimer eq. solver... with threshold =   1.000000E-12           
     --------------------------------------------------------------------------------------------
     in progress... |##                  | 010% :               02.2s (E)               22.1s (X)
     in progress... |####                | 020% :               04.3s (E)               21.9s (X)
     in progress... |######              | 030% :               06.5s (E)               21.8s (X)
     in progress... |########            | 040% :               08.6s (E)               21.6s (X)
     in progress... |##########          | 050% :               10.7s (E)               21.5s (X)
     in progress... |############        | 060% :               12.8s (E)               21.4s (X)
     in progress... |##############      | 070% :               14.9s (E)               21.4s (X)
     in progress... |################    | 080% :               17.0s (E)               21.3s (X)
     in progress... |##################  | 090% :               19.1s (E)               21.3s (X)
     in progress... |####################| 100% :               21.2s (E)               21.2s (X)
     --------------------------------------------------------------------------------------------
     p-DIAGOX done in < 00.1s with a SCALAPACK grid (6x6)
     --------------------------------------------------------------------------------------------
        
       -2.36548  -0.95970  -0.73902  -0.72459  -0.58786  -0.50700  -0.46690  -0.32455  -0.31632
       -0.30338  -0.29845  -0.29339  -0.27952  -0.24225  -0.22877  -0.21041  -0.19010  -0.18150
       -0.18094  -0.15645  -0.15550  -0.15310  -0.14981  -0.14938  -0.14488  -0.10409  -0.09760
       -0.09412  -0.08763  -0.08295  -0.07401  -0.07387  -0.07278  -0.06561  -0.06477  -0.06246
       -0.06117  -0.06034  -0.05942  -0.05814  -0.05677  -0.05504  -0.05476  -0.05320  -0.05109
       -0.04858  -0.04506  -0.04465  -0.04461  -0.04444  -0.04101  -0.03787  -0.03561  -0.03549
       -0.03425  -0.03271  -0.03264  -0.03255  -0.03159  -0.03148  -0.03043  -0.02974  -0.02825
       -0.02809  -0.02793  -0.02782  -0.02756  -0.02735  -0.02717  -0.02612  -0.02486  -0.02441
       -0.02432  -0.02429  -0.02348  -0.02334  -0.02286  -0.02264  -0.02222  -0.02190  -0.02123
       -0.02007  -0.01963  -0.01942  -0.01912  -0.01887  -0.01849  -0.01822  -0.01689  -0.01661
       -0.01631  -0.01588  -0.01566  -0.01539  -0.01520  -0.01472  -0.01454  -0.01424  -0.01411
       -0.01403
        
     --------------------------------------------------------------------------------------------
     Tot. elapsed time 01m-21.3s,  time spent in last iteration 25.9s
     --------------------------------------------------------------------------------------------

     [I/O] -------------------------------------------------------
     [I/O] RESTART written in < 00.1s             
     [I/O] In location   : ./h2o_100_400.wstat.restart
     [I/O] -------------------------------------------------------

                       *----------*              *----------*               *----------*
     #     Iteration = |        2 |   DFPT_dim = |      100 |   Diago_dim = |      300 |
                       *----------*              *----------*               *----------*
     per-process dynamical memory   132.1 Mb
  
       
     --------------------------------------------------------------------------------------------
     Sternheimer eq. solver... with threshold =   1.000000E-12           
     --------------------------------------------------------------------------------------------
     in progress... |##                  | 010% :               02.0s (E)               20.8s (X)
     in progress... |####                | 020% :               04.1s (E)               20.9s (X)
     in progress... |######              | 030% :               06.2s (E)               20.9s (X)
     in progress... |########            | 040% :               08.3s (E)               20.9s (X)
     in progress... |##########          | 050% :               10.4s (E)               20.8s (X)
     in progress... |############        | 060% :               12.4s (E)               20.8s (X)
     in progress... |##############      | 070% :               14.5s (E)               20.7s (X)
     in progress... |################    | 080% :               16.5s (E)               20.7s (X)
     in progress... |##################  | 090% :               18.6s (E)               20.6s (X)
     in progress... |####################| 100% :               20.6s (E)               20.6s (X)
     --------------------------------------------------------------------------------------------
     p-DIAGOX done in < 00.1s with a SCALAPACK grid (9x9)
     --------------------------------------------------------------------------------------------
        
       -2.36548  -0.95970  -0.73902  -0.72459  -0.58786  -0.50700  -0.46690  -0.32456  -0.31632
       -0.30339  -0.29845  -0.29339  -0.27952  -0.24225  -0.22877  -0.21041  -0.19010  -0.18150
       -0.18095  -0.15645  -0.15550  -0.15311  -0.14981  -0.14939  -0.14489  -0.10413  -0.09762
       -0.09414  -0.08765  -0.08297  -0.07406  -0.07391  -0.07282  -0.06567  -0.06486  -0.06251
       -0.06124  -0.06041  -0.05948  -0.05822  -0.05681  -0.05511  -0.05489  -0.05334  -0.05117
       -0.04879  -0.04536  -0.04488  -0.04481  -0.04459  -0.04119  -0.03807  -0.03587  -0.03578
       -0.03451  -0.03301  -0.03299  -0.03295  -0.03209  -0.03183  -0.03080  -0.03023  -0.02854
       -0.02849  -0.02848  -0.02828  -0.02819  -0.02794  -0.02774  -0.02695  -0.02568  -0.02508
       -0.02501  -0.02494  -0.02421  -0.02410  -0.02392  -0.02343  -0.02308  -0.02297  -0.02204
       -0.02150  -0.02039  -0.02022  -0.02017  -0.01983  -0.01978  -0.01967  -0.01793  -0.01756
       -0.01754  -0.01751  -0.01724  -0.01707  -0.01635  -0.01621  -0.01619  -0.01580  -0.01572
       -0.01549
        
     --------------------------------------------------------------------------------------------
     Tot. elapsed time 02m-23.6s,  time spent in last iteration 25.1s
     --------------------------------------------------------------------------------------------

     [I/O] -------------------------------------------------------
     [I/O] RESTART written in < 00.1s             
     [I/O] In location   : ./h2o_100_400.wstat.restart
     [I/O] -------------------------------------------------------

                       *----------*              *----------*               *----------*
     #     Iteration = |        3 |   DFPT_dim = |       17 |   Diago_dim = |      317 |
                       *----------*              *----------*               *----------*
     per-process dynamical memory   132.1 Mb
  
       
     --------------------------------------------------------------------------------------------
     Sternheimer eq. solver... with threshold =   1.000000E-12           
     --------------------------------------------------------------------------------------------
     in progress... |##########          | 050% :               02.0s (E)               04.1s (X)
     in progress... |####################| 100% :               04.1s (E)               04.1s (X)
     --------------------------------------------------------------------------------------------
     p-DIAGOX done in < 00.1s with a SCALAPACK grid (9x9)
     --------------------------------------------------------------------------------------------
        
       -2.36548  -0.95970  -0.73902  -0.72459  -0.58786  -0.50700  -0.46690  -0.32456  -0.31632
       -0.30339  -0.29845  -0.29339  -0.27952  -0.24225  -0.22877  -0.21041  -0.19010  -0.18150
       -0.18095  -0.15645  -0.15550  -0.15311  -0.14981  -0.14939  -0.14489  -0.10413  -0.09762
       -0.09414  -0.08765  -0.08297  -0.07406  -0.07391  -0.07282  -0.06567  -0.06486  -0.06251
       -0.06124  -0.06041  -0.05948  -0.05822  -0.05681  -0.05511  -0.05489  -0.05334  -0.05117
       -0.04879  -0.04537  -0.04488  -0.04481  -0.04459  -0.04119  -0.03807  -0.03587  -0.03579
       -0.03452  -0.03302  -0.03299  -0.03296  -0.03209  -0.03184  -0.03080  -0.03023  -0.02855
       -0.02849  -0.02848  -0.02828  -0.02819  -0.02795  -0.02774  -0.02696  -0.02569  -0.02509
       -0.02502  -0.02494  -0.02422  -0.02411  -0.02393  -0.02343  -0.02309  -0.02298  -0.02205
       -0.02154  -0.02040  -0.02023  -0.02019  -0.01985  -0.01980  -0.01971  -0.01797  -0.01761
       -0.01759  -0.01755  -0.01734  -0.01715  -0.01642  -0.01632  -0.01628  -0.01583  -0.01582
       -0.01558
        
     --------------------------------------------------------------------------------------------
     Tot. elapsed time 03m-24.8s,  time spent in last iteration 06.0s
     --------------------------------------------------------------------------------------------
      
     --------------------------------------------------------------------------------------------
     Database written in 09.2s               
     In location : ./h2o_100_400.wstat.save
     --------------------------------------------------------------------------------------------
       
     --------------------------------------------------------------------------------------------
     Convergence achieved !!! in        3 steps                          
     --------------------------------------------------------------------------------------------
       
     --------------------------------------------------------------------------------------------
     ** Now compute kinetic eigenpotentials **                           
     --------------------------------------------------------------------------------------------
       
     --------------------------------------------------------------------------------------------
     Parallelization for newnvecx                                        
     --------------------------------------------------------------------------------------------
     nglob                =           1600
     nlevel               =             10
     Min nglob/nlevel     =            160
     Max nglob/nlevel     =            160
     --------------------------------------------------------------------------------------------
       
     --------------------------------------------------------------------------------------------
     Parallelization for merge_nvecx                                     
     --------------------------------------------------------------------------------------------
     nglob                =           2000
     nlevel               =             10
     Min nglob/nlevel     =            200
     Max nglob/nlevel     =            200
     --------------------------------------------------------------------------------------------

                       *----------*              *----------*               *----------*
     #     Iteration = | starting |   DFPT_dim = |      400 |   Diago_dim = |      400 |  x 1/2
                       *----------*              *----------*               *----------*
       
     --------------------------------------------------------------------------------------------
     Applying projection operator formed by dvg                          
     --------------------------------------------------------------------------------------------
     per-process dynamical memory   231.1 Mb
  
       
     --------------------------------------------------------------------------------------------
     Sternheimer eq. solver... with lite-solver                          
     --------------------------------------------------------------------------------------------
     in progress... |#                   | 005% :               00.3s (E)               06.0s (X)
     in progress... |##                  | 010% :               00.5s (E)               05.9s (X)
     in progress... |###                 | 015% :               00.8s (E)               05.9s (X)
     in progress... |####                | 020% :               01.1s (E)               05.9s (X)
     in progress... |#####               | 025% :               01.4s (E)               05.9s (X)
     in progress... |######              | 030% :               01.7s (E)               05.9s (X)
     in progress... |#######             | 035% :               02.0s (E)               05.9s (X)
     in progress... |########            | 040% :               02.3s (E)               05.9s (X)
     in progress... |#########           | 045% :               02.6s (E)               05.9s (X)
     in progress... |##########          | 050% :               02.9s (E)               05.9s (X)
     in progress... |###########         | 055% :               03.2s (E)               05.9s (X)
     in progress... |############        | 060% :               03.5s (E)               05.9s (X)
     in progress... |#############       | 065% :               03.8s (E)               05.9s (X)
     in progress... |##############      | 070% :               04.1s (E)               05.9s (X)
     in progress... |###############     | 075% :               04.4s (E)               05.9s (X)
     in progress... |################    | 080% :               04.7s (E)               05.9s (X)
     in progress... |#################   | 085% :               05.0s (E)               05.9s (X)
     in progress... |##################  | 090% :               05.3s (E)               05.9s (X)
     in progress... |################### | 095% :               05.6s (E)               05.9s (X)
     in progress... |####################| 100% :               05.9s (E)               05.9s (X)
       
     --------------------------------------------------------------------------------------------
     Applying projection operator formed by dvg                          
     --------------------------------------------------------------------------------------------
     --------------------------------------------------------------------------------------------

     [I/O] -------------------------------------------------------
     [I/O] RESTART written in < 00.1s             
     [I/O] In location   : ./h2o_100_400.wstat.restart
     [I/O] -------------------------------------------------------

                       *----------*              *----------*               *----------*
     #     Iteration = | starting |   DFPT_dim = |      400 |   Diago_dim = |      400 |  x 2/2
                       *----------*              *----------*               *----------*
       
     --------------------------------------------------------------------------------------------
     Applying projection operator formed by dvg                          
     --------------------------------------------------------------------------------------------
     per-process dynamical memory   231.1 Mb
  
       
     --------------------------------------------------------------------------------------------
     Sternheimer eq. solver... with threshold =   1.000000E-06           
     --------------------------------------------------------------------------------------------
     in progress... |#                   | 005% :               00.4s (E)               08.1s (X)
     in progress... |##                  | 010% :               00.8s (E)               08.0s (X)
     in progress... |###                 | 015% :               01.2s (E)               08.1s (X)
     in progress... |####                | 020% :               01.6s (E)               08.0s (X)
     in progress... |#####               | 025% :               02.0s (E)               08.0s (X)
     in progress... |######              | 030% :               02.4s (E)               08.0s (X)
     in progress... |#######             | 035% :               02.8s (E)               08.0s (X)
     in progress... |########            | 040% :               03.2s (E)               08.0s (X)
     in progress... |#########           | 045% :               03.5s (E)               07.9s (X)
     in progress... |##########          | 050% :               03.9s (E)               07.9s (X)
     in progress... |###########         | 055% :               04.3s (E)               07.9s (X)
     in progress... |############        | 060% :               04.7s (E)               07.9s (X)
     in progress... |#############       | 065% :               05.1s (E)               07.9s (X)
     in progress... |##############      | 070% :               05.5s (E)               07.9s (X)
     in progress... |###############     | 075% :               05.9s (E)               07.9s (X)
     in progress... |################    | 080% :               06.3s (E)               07.9s (X)
     in progress... |#################   | 085% :               06.7s (E)               07.9s (X)
     in progress... |##################  | 090% :               07.1s (E)               07.9s (X)
     in progress... |################### | 095% :               07.5s (E)               07.9s (X)
     in progress... |####################| 100% :               07.9s (E)               07.9s (X)
       
     --------------------------------------------------------------------------------------------
     Applying projection operator formed by dvg                          
     --------------------------------------------------------------------------------------------
     --------------------------------------------------------------------------------------------
     p-DIAGOX done in 00.3s with a SCALAPACK grid (12x12)
     --------------------------------------------------------------------------------------------
        
       -0.01359  -0.01343  -0.01335  -0.01316  -0.01308  -0.01295  -0.01292  -0.01289  -0.01287
       -0.01264  -0.01245  -0.01227  -0.01197  -0.01193  -0.01189  -0.01171  -0.01167  -0.01161
       -0.01139  -0.01106  -0.01100  -0.01099  -0.01067  -0.01055  -0.01048  -0.01026  -0.01018
       -0.01014  -0.01005  -0.00992  -0.00989  -0.00955  -0.00921  -0.00917  -0.00906  -0.00894
       -0.00877  -0.00870  -0.00866  -0.00858  -0.00854  -0.00837  -0.00831  -0.00828  -0.00820
       -0.00815  -0.00810  -0.00808  -0.00795  -0.00793  -0.00790  -0.00787  -0.00772  -0.00769
       -0.00760  -0.00758  -0.00737  -0.00734  -0.00729  -0.00718  -0.00714  -0.00709  -0.00695
       -0.00692  -0.00688  -0.00683  -0.00669  -0.00666  -0.00662  -0.00655  -0.00643  -0.00638
       -0.00632  -0.00618  -0.00618  -0.00608  -0.00606  -0.00602  -0.00599  -0.00593  -0.00582
       -0.00578  -0.00575  -0.00571  -0.00560  -0.00550  -0.00548  -0.00546  -0.00539  -0.00533
       -0.00523  -0.00518  -0.00513  -0.00512  -0.00510  -0.00507  -0.00498  -0.00497  -0.00494
       -0.00489  -0.00486  -0.00485  -0.00474  -0.00473  -0.00468  -0.00462  -0.00460  -0.00458
       -0.00456  -0.00456  -0.00446  -0.00445  -0.00442  -0.00436  -0.00435  -0.00432  -0.00431
       -0.00430  -0.00424  -0.00414  -0.00412  -0.00408  -0.00404  -0.00403  -0.00401  -0.00399
       -0.00394  -0.00390  -0.00389  -0.00386  -0.00384  -0.00379  -0.00377  -0.00376  -0.00374
       -0.00371  -0.00368  -0.00367  -0.00360  -0.00359  -0.00355  -0.00353  -0.00349  -0.00345
       -0.00340  -0.00339  -0.00337  -0.00334  -0.00330  -0.00325  -0.00323  -0.00320  -0.00318
       -0.00315  -0.00310  -0.00309  -0.00304  -0.00301  -0.00300  -0.00299  -0.00297  -0.00292
       -0.00290  -0.00290  -0.00287  -0.00285  -0.00284  -0.00282  -0.00281  -0.00278  -0.00277
       -0.00274  -0.00272  -0.00271  -0.00269  -0.00268  -0.00265  -0.00263  -0.00260  -0.00258
       -0.00258  -0.00257  -0.00257  -0.00254  -0.00251  -0.00251  -0.00247  -0.00246  -0.00244
       -0.00242  -0.00238  -0.00237  -0.00236  -0.00234  -0.00233  -0.00230  -0.00230  -0.00226
       -0.00225  -0.00224  -0.00222  -0.00220  -0.00219  -0.00217  -0.00216  -0.00215  -0.00215
       -0.00212  -0.00209  -0.00207  -0.00206  -0.00204  -0.00203  -0.00201  -0.00199  -0.00196
       -0.00196  -0.00194  -0.00193  -0.00191  -0.00189  -0.00188  -0.00187  -0.00185  -0.00182
       -0.00182  -0.00180  -0.00179  -0.00179  -0.00176  -0.00175  -0.00175  -0.00173  -0.00172
       -0.00170  -0.00170  -0.00168  -0.00166  -0.00166  -0.00165  -0.00164  -0.00162  -0.00161
       -0.00160  -0.00159  -0.00157  -0.00157  -0.00155  -0.00154  -0.00153  -0.00152  -0.00151
       -0.00151  -0.00149  -0.00148  -0.00146  -0.00145  -0.00144  -0.00144  -0.00142  -0.00142
       -0.00140  -0.00140  -0.00138  -0.00138  -0.00137  -0.00135  -0.00135  -0.00134  -0.00132
       -0.00131  -0.00129  -0.00128  -0.00128  -0.00127  -0.00125  -0.00125  -0.00124  -0.00123
       -0.00122  -0.00121  -0.00120  -0.00120  -0.00118  -0.00116  -0.00116  -0.00115  -0.00115
       -0.00114  -0.00113  -0.00112  -0.00112  -0.00111  -0.00111  -0.00110  -0.00108  -0.00108
       -0.00106  -0.00105  -0.00104  -0.00103  -0.00103  -0.00102  -0.00100  -0.00100  -0.00100
       -0.00099  -0.00098  -0.00097  -0.00096  -0.00096  -0.00095  -0.00095  -0.00093  -0.00092
       -0.00092  -0.00091  -0.00090  -0.00089  -0.00089  -0.00088  -0.00087  -0.00087  -0.00086
       -0.00085  -0.00085  -0.00084  -0.00083  -0.00083  -0.00082  -0.00082  -0.00081  -0.00080
       -0.00079  -0.00079  -0.00079  -0.00077  -0.00077  -0.00076  -0.00075  -0.00074  -0.00073
       -0.00073  -0.00072  -0.00072  -0.00071  -0.00070  -0.00069  -0.00069  -0.00068  -0.00067
       -0.00066  -0.00066  -0.00065  -0.00065  -0.00064  -0.00064  -0.00063  -0.00063  -0.00062
       -0.00061  -0.00061  -0.00060  -0.00060  -0.00058  -0.00058  -0.00058  -0.00057  -0.00056
       -0.00056  -0.00056  -0.00055  -0.00054  -0.00053  -0.00053  -0.00053  -0.00052  -0.00052
       -0.00051  -0.00051  -0.00050  -0.00049  -0.00049  -0.00048  -0.00047  -0.00046  -0.00045
       -0.00045  -0.00044  -0.00044  -0.00043  -0.00043  -0.00042  -0.00041  -0.00041  -0.00041
       -0.00039  -0.00039  -0.00037   0.00019
        
     --------------------------------------------------------------------------------------------
     Tot. elapsed time 01m-34.9s,  time spent in last iteration 01m-34.9s
     --------------------------------------------------------------------------------------------

     [I/O] -------------------------------------------------------
     [I/O] RESTART written in < 00.1s             
     [I/O] In location   : ./h2o_100_400.wstat.restart
     [I/O] -------------------------------------------------------

                       *----------*              *----------*               *----------*
     #     Iteration = |        1 |   DFPT_dim = |      400 |   Diago_dim = |      800 |
                       *----------*              *----------*               *----------*
       
     --------------------------------------------------------------------------------------------
     Applying projection operator formed by dvg                          
     --------------------------------------------------------------------------------------------
     per-process dynamical memory   223.0 Mb
  
       
     --------------------------------------------------------------------------------------------
     Sternheimer eq. solver... with threshold =   1.000000E-12           
     --------------------------------------------------------------------------------------------
     in progress... |#                   | 005% :               00.4s (E)               09.3s (X)
     in progress... |##                  | 010% :               00.9s (E)               09.3s (X)
     in progress... |###                 | 015% :               01.4s (E)               09.4s (X)
     in progress... |####                | 020% :               01.8s (E)               09.4s (X)
     in progress... |#####               | 025% :               02.3s (E)               09.4s (X)
     in progress... |######              | 030% :               02.8s (E)               09.3s (X)
     in progress... |#######             | 035% :               03.2s (E)               09.3s (X)
     in progress... |########            | 040% :               03.7s (E)               09.3s (X)
     in progress... |#########           | 045% :               04.2s (E)               09.3s (X)
     in progress... |##########          | 050% :               04.6s (E)               09.3s (X)
     in progress... |###########         | 055% :               05.1s (E)               09.3s (X)
     in progress... |############        | 060% :               05.6s (E)               09.3s (X)
     in progress... |#############       | 065% :               06.0s (E)               09.3s (X)
     in progress... |##############      | 070% :               06.5s (E)               09.3s (X)
     in progress... |###############     | 075% :               07.0s (E)               09.3s (X)
     in progress... |################    | 080% :               07.4s (E)               09.3s (X)
     in progress... |#################   | 085% :               07.9s (E)               09.3s (X)
     in progress... |##################  | 090% :               08.4s (E)               09.3s (X)
     in progress... |################### | 095% :               08.8s (E)               09.3s (X)
     in progress... |####################| 100% :               09.3s (E)               09.3s (X)
       
     --------------------------------------------------------------------------------------------
     Applying projection operator formed by dvg                          
     --------------------------------------------------------------------------------------------
     --------------------------------------------------------------------------------------------
     p-DIAGOX done in 00.4s with a SCALAPACK grid (12x12)
     --------------------------------------------------------------------------------------------
        
       -0.01373  -0.01356  -0.01350  -0.01330  -0.01319  -0.01309  -0.01304  -0.01302  -0.01296
       -0.01282  -0.01264  -0.01244  -0.01215  -0.01209  -0.01205  -0.01186  -0.01184  -0.01181
       -0.01154  -0.01122  -0.01116  -0.01114  -0.01088  -0.01077  -0.01070  -0.01040  -0.01037
       -0.01036  -0.01019  -0.01005  -0.01000  -0.00972  -0.00943  -0.00941  -0.00939  -0.00925
       -0.00908  -0.00905  -0.00894  -0.00892  -0.00886  -0.00860  -0.00851  -0.00846  -0.00839
       -0.00838  -0.00836  -0.00828  -0.00817  -0.00815  -0.00811  -0.00807  -0.00804  -0.00798
       -0.00793  -0.00785  -0.00769  -0.00767  -0.00761  -0.00759  -0.00758  -0.00741  -0.00740
       -0.00726  -0.00725  -0.00716  -0.00715  -0.00709  -0.00706  -0.00696  -0.00692  -0.00688
       -0.00686  -0.00674  -0.00670  -0.00666  -0.00659  -0.00657  -0.00649  -0.00646  -0.00644
       -0.00631  -0.00631  -0.00627  -0.00617  -0.00603  -0.00598  -0.00595  -0.00589  -0.00588
       -0.00575  -0.00575  -0.00572  -0.00570  -0.00568  -0.00552  -0.00550  -0.00550  -0.00548
       -0.00544  -0.00541  -0.00538  -0.00536  -0.00531  -0.00527  -0.00518  -0.00516  -0.00512
       -0.00511  -0.00507  -0.00507  -0.00503  -0.00502  -0.00502  -0.00501  -0.00499  -0.00493
       -0.00493  -0.00492  -0.00481  -0.00472  -0.00469  -0.00466  -0.00462  -0.00462  -0.00461
       -0.00460  -0.00457  -0.00454  -0.00453  -0.00444  -0.00442  -0.00441  -0.00437  -0.00436
       -0.00431  -0.00430  -0.00426  -0.00425  -0.00423  -0.00421  -0.00419  -0.00418  -0.00418
       -0.00414  -0.00408  -0.00401  -0.00401  -0.00398  -0.00398  -0.00396  -0.00391  -0.00389
       -0.00385  -0.00380  -0.00379  -0.00374  -0.00373  -0.00371  -0.00369  -0.00368  -0.00364
       -0.00362  -0.00361  -0.00361  -0.00360  -0.00359  -0.00352  -0.00351  -0.00350  -0.00347
       -0.00346  -0.00342  -0.00342  -0.00340  -0.00339  -0.00338  -0.00335  -0.00333  -0.00329
       -0.00324  -0.00323  -0.00322  -0.00321  -0.00320  -0.00320  -0.00320  -0.00319  -0.00318
       -0.00318  -0.00317  -0.00317  -0.00316  -0.00315  -0.00315  -0.00306  -0.00305  -0.00298
       -0.00296  -0.00294  -0.00294  -0.00293  -0.00292  -0.00291  -0.00291  -0.00290  -0.00290
       -0.00289  -0.00284  -0.00284  -0.00283  -0.00283  -0.00282  -0.00279  -0.00276  -0.00274
       -0.00273  -0.00272  -0.00271  -0.00269  -0.00269  -0.00267  -0.00265  -0.00264  -0.00263
       -0.00261  -0.00259  -0.00258  -0.00256  -0.00254  -0.00253  -0.00251  -0.00249  -0.00249
       -0.00247  -0.00247  -0.00246  -0.00244  -0.00241  -0.00240  -0.00240  -0.00239  -0.00238
       -0.00238  -0.00237  -0.00237  -0.00236  -0.00235  -0.00232  -0.00230  -0.00229  -0.00228
       -0.00226  -0.00223  -0.00222  -0.00222  -0.00221  -0.00220  -0.00219  -0.00218  -0.00217
       -0.00217  -0.00213  -0.00213  -0.00213  -0.00212  -0.00211  -0.00210  -0.00210  -0.00208
       -0.00208  -0.00207  -0.00206  -0.00206  -0.00205  -0.00205  -0.00204  -0.00203  -0.00203
       -0.00202  -0.00201  -0.00200  -0.00198  -0.00198  -0.00197  -0.00196  -0.00195  -0.00190
       -0.00190  -0.00189  -0.00188  -0.00188  -0.00187  -0.00186  -0.00186  -0.00184  -0.00184
       -0.00184  -0.00183  -0.00182  -0.00181  -0.00181  -0.00180  -0.00179  -0.00179  -0.00177
       -0.00176  -0.00175  -0.00174  -0.00174  -0.00172  -0.00171  -0.00170  -0.00170  -0.00169
       -0.00168  -0.00168  -0.00168  -0.00167  -0.00167  -0.00165  -0.00163  -0.00162  -0.00162
       -0.00161  -0.00160  -0.00159  -0.00158  -0.00157  -0.00157  -0.00156  -0.00156  -0.00155
       -0.00154  -0.00153  -0.00153  -0.00152  -0.00152  -0.00151  -0.00151  -0.00150  -0.00150
       -0.00149  -0.00148  -0.00148  -0.00147  -0.00147  -0.00145  -0.00144  -0.00143  -0.00142
       -0.00141  -0.00141  -0.00140  -0.00140  -0.00139  -0.00138  -0.00138  -0.00137  -0.00136
       -0.00135  -0.00135  -0.00135  -0.00134  -0.00133  -0.00133  -0.00132  -0.00132  -0.00131
       -0.00131  -0.00130  -0.00130  -0.00129  -0.00128  -0.00128  -0.00127  -0.00127  -0.00126
       -0.00126  -0.00126  -0.00125  -0.00125  -0.00123  -0.00123  -0.00122  -0.00122  -0.00121
       -0.00120  -0.00120  -0.00120  -0.00119  -0.00119  -0.00118  -0.00118  -0.00117  -0.00117
       -0.00116  -0.00115  -0.00114  -0.00113
        
     --------------------------------------------------------------------------------------------
     Tot. elapsed time 03m-08.3s,  time spent in last iteration 22.4s
     --------------------------------------------------------------------------------------------

     [I/O] -------------------------------------------------------
     [I/O] RESTART written in < 00.1s             
     [I/O] In location   : ./h2o_100_400.wstat.restart
     [I/O] -------------------------------------------------------

                       *----------*              *----------*               *----------*
     #     Iteration = |        2 |   DFPT_dim = |      311 |   Diago_dim = |     1111 |
                       *----------*              *----------*               *----------*
       
     --------------------------------------------------------------------------------------------
     Applying projection operator formed by dvg                          
     --------------------------------------------------------------------------------------------
     per-process dynamical memory   222.7 Mb
  
       
     --------------------------------------------------------------------------------------------
     Sternheimer eq. solver... with threshold =   1.000000E-12           
     --------------------------------------------------------------------------------------------
     in progress... |#                   | 005% :               00.4s (E)               09.2s (X)
     in progress... |##                  | 010% :               00.9s (E)               09.2s (X)
     in progress... |###                 | 015% :               01.1s (E)               07.7s (X)
     in progress... |####                | 020% :               01.6s (E)               08.1s (X)
     in progress... |#####               | 025% :               01.8s (E)               07.4s (X)
     in progress... |######              | 030% :               02.3s (E)               07.6s (X)
     in progress... |#######             | 035% :               02.7s (E)               07.9s (X)
     in progress... |########            | 040% :               02.9s (E)               07.4s (X)
     in progress... |#########           | 045% :               03.4s (E)               07.6s (X)
     in progress... |##########          | 050% :               03.6s (E)               07.3s (X)
     in progress... |###########         | 055% :               04.1s (E)               07.5s (X)
     in progress... |############        | 060% :               04.6s (E)               07.6s (X)
     in progress... |#############       | 065% :               04.8s (E)               07.4s (X)
     in progress... |##############      | 070% :               05.3s (E)               07.5s (X)
     in progress... |###############     | 075% :               05.5s (E)               07.3s (X)
     in progress... |################    | 080% :               05.9s (E)               07.4s (X)
     in progress... |#################   | 085% :               06.4s (E)               07.5s (X)
     in progress... |##################  | 090% :               06.6s (E)               07.4s (X)
     in progress... |################### | 095% :               07.1s (E)               07.5s (X)
     in progress... |####################| 100% :               07.3s (E)               07.3s (X)
       
     --------------------------------------------------------------------------------------------
     Applying projection operator formed by dvg                          
     --------------------------------------------------------------------------------------------
     --------------------------------------------------------------------------------------------
     p-DIAGOX done in 00.6s with a SCALAPACK grid (12x12)
     --------------------------------------------------------------------------------------------
        
       -0.01373  -0.01356  -0.01350  -0.01330  -0.01319  -0.01309  -0.01304  -0.01302  -0.01296
       -0.01282  -0.01264  -0.01244  -0.01215  -0.01209  -0.01205  -0.01186  -0.01184  -0.01181
       -0.01154  -0.01122  -0.01116  -0.01114  -0.01088  -0.01077  -0.01070  -0.01040  -0.01037
       -0.01036  -0.01019  -0.01005  -0.01000  -0.00972  -0.00943  -0.00941  -0.00939  -0.00925
       -0.00908  -0.00905  -0.00894  -0.00892  -0.00886  -0.00860  -0.00851  -0.00846  -0.00839
       -0.00838  -0.00836  -0.00828  -0.00817  -0.00815  -0.00811  -0.00807  -0.00804  -0.00798
       -0.00793  -0.00786  -0.00769  -0.00767  -0.00761  -0.00759  -0.00758  -0.00741  -0.00740
       -0.00726  -0.00726  -0.00716  -0.00715  -0.00709  -0.00706  -0.00696  -0.00692  -0.00688
       -0.00686  -0.00674  -0.00670  -0.00666  -0.00659  -0.00658  -0.00649  -0.00646  -0.00645
       -0.00632  -0.00631  -0.00628  -0.00617  -0.00604  -0.00598  -0.00596  -0.00589  -0.00589
       -0.00576  -0.00576  -0.00573  -0.00570  -0.00568  -0.00552  -0.00551  -0.00550  -0.00549
       -0.00545  -0.00542  -0.00538  -0.00537  -0.00531  -0.00528  -0.00519  -0.00516  -0.00513
       -0.00511  -0.00508  -0.00507  -0.00504  -0.00502  -0.00502  -0.00501  -0.00500  -0.00494
       -0.00493  -0.00493  -0.00482  -0.00473  -0.00470  -0.00467  -0.00463  -0.00463  -0.00462
       -0.00461  -0.00458  -0.00455  -0.00454  -0.00445  -0.00443  -0.00442  -0.00438  -0.00437
       -0.00432  -0.00431  -0.00428  -0.00426  -0.00424  -0.00422  -0.00420  -0.00419  -0.00419
       -0.00415  -0.00409  -0.00402  -0.00402  -0.00400  -0.00399  -0.00397  -0.00393  -0.00390
       -0.00387  -0.00382  -0.00381  -0.00376  -0.00375  -0.00373  -0.00371  -0.00370  -0.00367
       -0.00364  -0.00363  -0.00362  -0.00362  -0.00362  -0.00354  -0.00353  -0.00352  -0.00349
       -0.00348  -0.00344  -0.00344  -0.00342  -0.00341  -0.00340  -0.00337  -0.00335  -0.00331
       -0.00327  -0.00325  -0.00325  -0.00324  -0.00323  -0.00322  -0.00322  -0.00322  -0.00321
       -0.00320  -0.00319  -0.00319  -0.00319  -0.00318  -0.00317  -0.00309  -0.00308  -0.00300
       -0.00298  -0.00298  -0.00297  -0.00296  -0.00295  -0.00295  -0.00294  -0.00294  -0.00293
       -0.00292  -0.00288  -0.00287  -0.00286  -0.00286  -0.00286  -0.00283  -0.00280  -0.00277
       -0.00277  -0.00275  -0.00274  -0.00274  -0.00272  -0.00272  -0.00269  -0.00269  -0.00268
       -0.00265  -0.00262  -0.00262  -0.00262  -0.00257  -0.00256  -0.00256  -0.00254  -0.00253
       -0.00251  -0.00251  -0.00250  -0.00250  -0.00247  -0.00244  -0.00244  -0.00243  -0.00243
       -0.00243  -0.00243  -0.00242  -0.00242  -0.00240  -0.00239  -0.00236  -0.00235  -0.00233
       -0.00233  -0.00228  -0.00228  -0.00227  -0.00227  -0.00226  -0.00224  -0.00224  -0.00223
       -0.00222  -0.00218  -0.00217  -0.00217  -0.00216  -0.00216  -0.00216  -0.00216  -0.00215
       -0.00215  -0.00214  -0.00213  -0.00213  -0.00212  -0.00212  -0.00211  -0.00211  -0.00210
       -0.00209  -0.00208  -0.00208  -0.00207  -0.00205  -0.00205  -0.00204  -0.00204  -0.00196
       -0.00196  -0.00195  -0.00195  -0.00195  -0.00194  -0.00194  -0.00194  -0.00193  -0.00193
       -0.00192  -0.00191  -0.00191  -0.00190  -0.00190  -0.00188  -0.00187  -0.00187  -0.00186
       -0.00183  -0.00183  -0.00182  -0.00182  -0.00180  -0.00179  -0.00179  -0.00179  -0.00178
       -0.00178  -0.00178  -0.00177  -0.00176  -0.00176  -0.00174  -0.00172  -0.00172  -0.00171
       -0.00170  -0.00170  -0.00169  -0.00166  -0.00166  -0.00165  -0.00165  -0.00164  -0.00164
       -0.00164  -0.00164  -0.00164  -0.00163  -0.00163  -0.00161  -0.00160  -0.00160  -0.00160
       -0.00160  -0.00160  -0.00159  -0.00159  -0.00159  -0.00159  -0.00158  -0.00157  -0.00157
       -0.00154  -0.00154  -0.00153  -0.00151  -0.00151  -0.00150  -0.00150  -0.00149  -0.00149
       -0.00148  -0.00147  -0.00147  -0.00146  -0.00146  -0.00143  -0.00143  -0.00143  -0.00142
       -0.00142  -0.00142  -0.00141  -0.00141  -0.00141  -0.00141  -0.00140  -0.00140  -0.00140
       -0.00140  -0.00139  -0.00139  -0.00139  -0.00138  -0.00138  -0.00137  -0.00137  -0.00136
       -0.00135  -0.00135  -0.00134  -0.00133  -0.00133  -0.00133  -0.00132  -0.00132  -0.00131
       -0.00130  -0.00130  -0.00130  -0.00129
        
     --------------------------------------------------------------------------------------------
     Tot. elapsed time 04m-42.2s,  time spent in last iteration 22.1s
     --------------------------------------------------------------------------------------------

     [I/O] -------------------------------------------------------
     [I/O] RESTART written in < 00.1s             
     [I/O] In location   : ./h2o_100_400.wstat.restart
     [I/O] -------------------------------------------------------

                       *----------*              *----------*               *----------*
     #     Iteration = |        3 |   DFPT_dim = |       27 |   Diago_dim = |     1138 |
                       *----------*              *----------*               *----------*
       
     --------------------------------------------------------------------------------------------
     Applying projection operator formed by dvg                          
     --------------------------------------------------------------------------------------------
     per-process dynamical memory   217.1 Mb
  
       
     --------------------------------------------------------------------------------------------
     Sternheimer eq. solver... with threshold =   1.000000E-12           
     --------------------------------------------------------------------------------------------
     in progress... |##########          | 050% :               00.2s (E)               00.4s (X)
     in progress... |####################| 100% :               00.4s (E)               00.4s (X)
       
     --------------------------------------------------------------------------------------------
     Applying projection operator formed by dvg                          
     --------------------------------------------------------------------------------------------
     --------------------------------------------------------------------------------------------
     p-DIAGOX done in 00.6s with a SCALAPACK grid (12x12)
     --------------------------------------------------------------------------------------------
        
       -0.01373  -0.01356  -0.01350  -0.01330  -0.01319  -0.01309  -0.01304  -0.01302  -0.01296
       -0.01282  -0.01264  -0.01244  -0.01215  -0.01209  -0.01205  -0.01186  -0.01184  -0.01181
       -0.01154  -0.01122  -0.01116  -0.01114  -0.01088  -0.01077  -0.01070  -0.01040  -0.01037
       -0.01036  -0.01019  -0.01005  -0.01000  -0.00972  -0.00943  -0.00941  -0.00939  -0.00925
       -0.00908  -0.00905  -0.00894  -0.00892  -0.00886  -0.00860  -0.00851  -0.00846  -0.00839
       -0.00838  -0.00836  -0.00828  -0.00817  -0.00815  -0.00811  -0.00807  -0.00804  -0.00798
       -0.00793  -0.00786  -0.00769  -0.00767  -0.00761  -0.00759  -0.00758  -0.00741  -0.00740
       -0.00726  -0.00726  -0.00716  -0.00715  -0.00709  -0.00706  -0.00696  -0.00692  -0.00688
       -0.00686  -0.00674  -0.00670  -0.00666  -0.00659  -0.00658  -0.00649  -0.00646  -0.00645
       -0.00632  -0.00631  -0.00628  -0.00617  -0.00604  -0.00598  -0.00596  -0.00589  -0.00589
       -0.00576  -0.00576  -0.00573  -0.00570  -0.00568  -0.00552  -0.00551  -0.00550  -0.00549
       -0.00545  -0.00542  -0.00538  -0.00537  -0.00531  -0.00528  -0.00519  -0.00516  -0.00513
       -0.00511  -0.00508  -0.00507  -0.00504  -0.00502  -0.00502  -0.00501  -0.00500  -0.00494
       -0.00493  -0.00493  -0.00482  -0.00473  -0.00470  -0.00467  -0.00463  -0.00463  -0.00462
       -0.00461  -0.00458  -0.00455  -0.00454  -0.00445  -0.00443  -0.00442  -0.00438  -0.00437
       -0.00432  -0.00431  -0.00428  -0.00426  -0.00424  -0.00422  -0.00420  -0.00419  -0.00419
       -0.00415  -0.00409  -0.00402  -0.00402  -0.00400  -0.00399  -0.00397  -0.00393  -0.00390
       -0.00387  -0.00382  -0.00381  -0.00376  -0.00375  -0.00373  -0.00371  -0.00370  -0.00367
       -0.00364  -0.00363  -0.00362  -0.00362  -0.00362  -0.00354  -0.00353  -0.00352  -0.00349
       -0.00348  -0.00344  -0.00344  -0.00342  -0.00341  -0.00340  -0.00337  -0.00335  -0.00331
       -0.00327  -0.00325  -0.00325  -0.00324  -0.00323  -0.00322  -0.00322  -0.00322  -0.00321
       -0.00320  -0.00319  -0.00319  -0.00319  -0.00318  -0.00317  -0.00309  -0.00308  -0.00300
       -0.00298  -0.00298  -0.00297  -0.00296  -0.00295  -0.00295  -0.00294  -0.00294  -0.00293
       -0.00292  -0.00288  -0.00287  -0.00286  -0.00286  -0.00286  -0.00283  -0.00280  -0.00277
       -0.00277  -0.00275  -0.00274  -0.00274  -0.00272  -0.00272  -0.00269  -0.00269  -0.00268
       -0.00265  -0.00262  -0.00262  -0.00262  -0.00257  -0.00256  -0.00256  -0.00254  -0.00253
       -0.00251  -0.00251  -0.00250  -0.00250  -0.00247  -0.00244  -0.00244  -0.00243  -0.00243
       -0.00243  -0.00243  -0.00242  -0.00242  -0.00240  -0.00239  -0.00236  -0.00235  -0.00233
       -0.00233  -0.00229  -0.00228  -0.00227  -0.00227  -0.00226  -0.00224  -0.00224  -0.00223
       -0.00222  -0.00218  -0.00217  -0.00217  -0.00216  -0.00216  -0.00216  -0.00216  -0.00215
       -0.00215  -0.00214  -0.00213  -0.00213  -0.00212  -0.00212  -0.00211  -0.00211  -0.00210
       -0.00209  -0.00208  -0.00208  -0.00207  -0.00205  -0.00205  -0.00204  -0.00204  -0.00196
       -0.00196  -0.00196  -0.00195  -0.00195  -0.00194  -0.00194  -0.00194  -0.00193  -0.00193
       -0.00192  -0.00191  -0.00191  -0.00190  -0.00190  -0.00188  -0.00187  -0.00187  -0.00186
       -0.00183  -0.00183  -0.00182  -0.00182  -0.00180  -0.00179  -0.00179  -0.00179  -0.00178
       -0.00178  -0.00178  -0.00177  -0.00176  -0.00176  -0.00174  -0.00172  -0.00172  -0.00171
       -0.00170  -0.00170  -0.00169  -0.00166  -0.00166  -0.00165  -0.00165  -0.00165  -0.00164
       -0.00164  -0.00164  -0.00164  -0.00163  -0.00163  -0.00161  -0.00160  -0.00160  -0.00160
       -0.00160  -0.00160  -0.00159  -0.00159  -0.00159  -0.00159  -0.00158  -0.00158  -0.00158
       -0.00154  -0.00154  -0.00153  -0.00151  -0.00151  -0.00150  -0.00150  -0.00149  -0.00149
       -0.00148  -0.00148  -0.00147  -0.00147  -0.00146  -0.00143  -0.00143  -0.00143  -0.00142
       -0.00142  -0.00142  -0.00142  -0.00141  -0.00141  -0.00141  -0.00141  -0.00141  -0.00141
       -0.00140  -0.00140  -0.00140  -0.00140  -0.00139  -0.00138  -0.00138  -0.00138  -0.00136
       -0.00136  -0.00135  -0.00135  -0.00134  -0.00134  -0.00134  -0.00133  -0.00132  -0.00132
       -0.00132  -0.00131  -0.00131  -0.00130
        
     --------------------------------------------------------------------------------------------
     Tot. elapsed time 06m-02.8s,  time spent in last iteration 08.2s
     --------------------------------------------------------------------------------------------
       
     --------------------------------------------------------------------------------------------
     Convergence achieved !!! in        3 steps                          
     --------------------------------------------------------------------------------------------
      
     --------------------------------------------------------------------------------------------
     Database written in < 00.1s             
     In location : ./h2o_100_400.wstat.save
     --------------------------------------------------------------------------------------------
 
     WSTAT        :  4m57.94s CPU    11m 5.40s WALL

     wstat_readin :      6.64s CPU     39.55s WALL (       1 calls)
     fetch_nml    :      0.00s CPU      0.00s WALL (       1 calls)
     read_xml     :      1.28s CPU      1.58s WALL (       1 calls)
     init_vloc    :      0.11s CPU      0.11s WALL (       2 calls)
     fft          :      0.25s CPU      0.27s WALL (      11 calls)
     fft_scatter  :     20.15s CPU     20.17s WALL (    6005 calls)
     v_of_rho     :      0.29s CPU      0.31s WALL (       1 calls)
     v_xc         :      0.25s CPU      0.27s WALL (       1 calls)
     v_h          :      0.03s CPU      0.04s WALL (       1 calls)
     read_wave    :      5.35s CPU     37.80s WALL (       1 calls)
     davcio       :      0.00s CPU      0.63s WALL (       2 calls)
     init_us_1    :      0.03s CPU      0.03s WALL (       2 calls)
     do_setup     :      0.18s CPU      0.20s WALL (       1 calls)
     init_pw_ar   :      0.18s CPU      0.19s WALL (       1 calls)
     init_at_1    :      0.00s CPU      0.00s WALL (       1 calls)
     storesqvc    :      0.00s CPU      0.00s WALL (       1 calls)
     chidiago     :    116.04s CPU    215.87s WALL (       1 calls)
     randomize    :      1.15s CPU      1.17s WALL (       2 calls)
     paramgs      :     14.42s CPU     14.56s WALL (      11 calls)
     dfpt         :    108.90s CPU    109.48s WALL (      10 calls)
     init_us_2    :      0.03s CPU      0.03s WALL (      10 calls)
     fftw         :     55.38s CPU     55.60s WALL (    5994 calls)
     alphapc      :      0.23s CPU      0.20s WALL (     196 calls)
     wstat_restar :    117.27s CPU    414.31s WALL (       8 calls)
     linstern     :     62.82s CPU     63.09s WALL (     146 calls)
     stern        :     55.72s CPU     55.88s WALL (    4264 calls)
     h_psi_bgrp   :     51.98s CPU     52.18s WALL (    1066 calls)
     h_psi        :     51.98s CPU     52.18s WALL (    1066 calls)
     h_psi:pot    :     51.76s CPU     51.94s WALL (    1066 calls)
     vloc_psi     :     49.45s CPU     49.66s WALL (    1066 calls)
     h_psi:calbec :      1.87s CPU      1.58s WALL (    1066 calls)
     calbec       :      1.87s CPU      1.57s WALL (    1066 calls)
     add_vuspsi   :      0.43s CPU      0.70s WALL (    1066 calls)
     alphapv      :      2.46s CPU      2.32s WALL (    4264 calls)
     build_hr     :      8.14s CPU      8.37s WALL (       8 calls)
     diagox       :      2.40s CPU      2.46s WALL (       8 calls)
     redistr_vr   :      0.30s CPU      0.32s WALL (       6 calls)
     update_vr    :     13.28s CPU     13.63s WALL (       6 calls)
     symm_hr      :      0.31s CPU      0.33s WALL (       6 calls)
     chidiago:las :      0.00s CPU      0.00s WALL (       1 calls)
     refresh_vr   :      4.78s CPU      4.85s WALL (       2 calls)
     pdep_db      :      2.54s CPU      9.21s WALL (       1 calls)
     kinchidiago  :    175.06s CPU    409.74s WALL (       1 calls)
     k_psi        :      0.39s CPU      0.41s WALL (    3198 calls)
     kinchidiago: :      0.00s CPU      0.00s WALL (       1 calls)
     pdep_db_for_ :     11.47s CPU     37.01s WALL (       1 calls)
 
     WSTAT        :  4m57.94s CPU    11m 5.40s WALL

 
   This run was terminated on:  13:45:31   1Jul2018            

=------------------------------------------------------------------------------=
   JOB DONE.
=------------------------------------------------------------------------------=
