
     Program WSTAT v. 2.0.0 starts on  1Jul2018 at 13:29:58 

     This program is part of the open-source West suite
     for massively parallel calculations of excited states in materials; please cite
         "M. Govoni et al., J. Chem. Theory Comput. 11, 2680 (2015);
          URL http://www.west-code.org", 
     in publications or presentations arising from this work.

     Based on the Quantum ESPRESSO v. 6.1 svn rev. 13369
       
     --------------------------------------------------------------------------------------------
     **MPI** Parallelization Status                                      
     --------------------------------------------------------------------------------------------
                   160                  10             1             1            16
     --------------------------------------------------------------------------------------------
                     N         =         I      X      P      X      B      X      Z
                     ^                   ^             ^             ^             ^
                     |                   |             |             |             |
                   #rnk                  |             |             |             |
                                      #image           |             |             |
                                                     #pool           |             |
                                                                   #bgrp           |
                                                                                 #R&G
     --------------------------------------------------------------------------------------------
     **OPENMP** Parallelization Status
     #thr/rnk               =            1
     --------------------------------------------------------------------------------------------
     #prc = (rnk) * (thr) =          160
     --------------------------------------------------------------------------------------------
       
     --------------------------------------------------------------------------------------------
     I/O Summary : input_west                                            
     --------------------------------------------------------------------------------------------
     qe_prefix      = h2o
     west_prefix    = h2o
     outdir         = ./
     --------------------------------------------------------------------------------------------
       
     --------------------------------------------------------------------------------------------
     I/O Summary : wstat_control                                         
     --------------------------------------------------------------------------------------------
     wstat_calculation              =              S
     n_pdep_eigen                   =             20
     n_kin_pdep_eigen               =            400
     n_lindhard_eigen               =              0
     n_pdep_times                   =              4
     n_pdep_maxiter                 =            100
     n_dfpt_maxiter                 =            250
     n_pdep_read_from_file          =              0
     trev_pdep                      =   1.000000E-03
     trev_pdep_rel                  =   1.000000E-01
     tr2_dfpt                       =   1.000000E-12
     l_kinetic_only                 =              F
     l_minimize_exx_if_active       =              F
     l_use_ecutrho                  =              F
     l_pure_eigen                   =              F
     --------------------------------------------------------------------------------------------

     Reading data from directory:
     ./h2o.save

   Info: using nr1, nr2, nr3 values from input

   Info: using nr1, nr2, nr3 values from input

     IMPORTANT: XC functional enforced from input :
     Exchange-correlation      = PBE ( 1  4  3  4 0 0)
     Any further DFT definition will be discarded
     Please, verify this is what you really want

     Message from routine readpp:
     file ./h2o.save/O_ONCV_PBE-1.0.upf not found
     Message from routine readpp:
     file ./h2o.save/H_ONCV_PBE-1.0.upf not found
 
     Parallelization info
     --------------------
     sticks:   dense  smooth     PW     G-vecs:    dense   smooth      PW
     Min        1520    1520    379               178660   178660   22323
     Max        1522    1522    384               178666   178666   22328
     Sum       24345   24345   6093              2858633  2858633  357213
 
       
     --------------------------------------------------------------------------------------------
     System Overview                                                     
     --------------------------------------------------------------------------------------------
     gamma_only           =              T
     ecutwfc [Ry]         =      85.000000
     omega [au^3]         =   2.700000E+04
     glob. #G             =         178607
     nbnd                 =            100
     nkstot               =              1
     nspin                =              1
     nelec                =       8.000000
     npol                 =              1
     lsda                 =              F
     noncolin             =              F
     lspinorb             =              F
     domag                =              F
     --------------------------------------------------------------------------------------------

     sFFT G-space:  1429317 G-vectors     R-space: ( 180, 180, 180)
     dFFT G-space:  1429317 G-vectors     R-space: ( 180, 180, 180)

     Cell [a.u.]          =      30.000000      0.000000      0.000000
                          =       0.000000     30.000000      0.000000
                          =       0.000000      0.000000     30.000000
      
     number of ks points=     1
                       cart. coord. in units 2pi/alat
        k(    1) = (   0.0000000   0.0000000   0.0000000), wk =   2.0000000

                       cryst. coord.
        k(    1) = (   0.0000000   0.0000000   0.0000000), wk =   2.0000000
 
     Spherical div        =   1.654268E-01
     Orthorombic div      =   1.628502E-01
       
     --------------------------------------------------------------------------------------------
     Parallelization for nvecx                                           
     --------------------------------------------------------------------------------------------
     nglob                =             80
     nlevel               =             10
     Min nglob/nlevel     =              8
     Max nglob/nlevel     =              8
     --------------------------------------------------------------------------------------------

     [MEM] ----------------------------------------------------------
     [MEM] **Memory** analysis: QE
     [MEM] ----------------------------------------------------------
     [MEM] Allocated arrays           est. size (Mb)     dimensions
     [MEM] ----------------------------------------------------------
     [MEM] Kohn-Sham Wavefunctions      17.03 Mb     (  11164,  100)
     [MEM] NL pseudopotentials           2.04 Mb     (  11164,   12)
     [MEM] Each V/rho on FFT grid        5.93 Mb     ( 388800)
     [MEM] Each G-vector array           0.68 Mb     (  89333)
     [MEM] G-vector shells               0.05 Mb     (   6125)
     [MEM] ----------------------------------------------------------
     [MEM] TOT                          25.74 Mb
     [MEM] ----------------------------------------------------------
     [MEM] 
     [MEM] ----------------------------------------------------------
     [MEM] **Memory** analysis: WSTAT global
     [MEM] ----------------------------------------------------------
     [MEM] Allocated arrays           est. size (Mb)     dimensions
     [MEM] ----------------------------------------------------------
     [MEM] dvg                           1.36 Mb     (  11164,    8)
     [MEM] dng                           1.36 Mb     (  11164,    8)
     [MEM] hr_distr                      0.00 Mb     (     80,    8)
     [MEM] vr_distr                      0.00 Mb     (     80,    8)
     [MEM] ----------------------------------------------------------
     [MEM] TOT                           2.74 Mb
     [MEM] ----------------------------------------------------------
     [MEM] 
     [MEM] ----------------------------------------------------------
     [MEM] **Memory** analysis: WSTAT temporary
     [MEM] ----------------------------------------------------------
     [MEM] Allocated arrays           est. size (Mb)     dimensions
     [MEM] ----------------------------------------------------------
     [MEM] dvpsi                         0.68 Mb     (  11164,    4)
     [MEM] dpsi                          0.68 Mb     (  11164,    4)
     [MEM] ----------------------------------------------------------
     [MEM] Total estimate                1.36 Mb
     [MEM] ----------------------------------------------------------

                       *----------*              *----------*               *----------*
     #     Iteration = | starting |   DFPT_dim = |       20 |   Diago_dim = |       20 |  x 1/2
                       *----------*              *----------*               *----------*
     per-process dynamical memory   114.0 Mb
  
       
     --------------------------------------------------------------------------------------------
     Sternheimer eq. solver... with lite-solver                          
     --------------------------------------------------------------------------------------------
     in progress... |##########          | 050% :               00.1s (E)               00.3s (X)
     in progress... |####################| 100% :               00.3s (E)               00.3s (X)
     --------------------------------------------------------------------------------------------

     [I/O] -------------------------------------------------------
     [I/O] RESTART written in < 00.1s             
     [I/O] In location   : ./h2o_20_400.wstat.restart
     [I/O] -------------------------------------------------------

                       *----------*              *----------*               *----------*
     #     Iteration = | starting |   DFPT_dim = |       20 |   Diago_dim = |       20 |  x 2/2
                       *----------*              *----------*               *----------*
     per-process dynamical memory   114.0 Mb
  
       
     --------------------------------------------------------------------------------------------
     Sternheimer eq. solver... with threshold =   1.000000E-06           
     --------------------------------------------------------------------------------------------
     in progress... |##########          | 050% :               01.4s (E)               02.9s (X)
     in progress... |####################| 100% :               02.8s (E)               02.8s (X)
     --------------------------------------------------------------------------------------------
     p-DIAGOX done in < 00.1s with a SCALAPACK grid (2x2)
     --------------------------------------------------------------------------------------------
        
       -1.65690  -0.93396  -0.66262  -0.64917  -0.46428  -0.35780  -0.34055  -0.24221  -0.21734
       -0.19856  -0.19434  -0.18171  -0.16415  -0.14980  -0.14040  -0.11191  -0.10240  -0.09292
       -0.07876  -0.07153
        
     --------------------------------------------------------------------------------------------
     Tot. elapsed time 07.6s,  time spent in last iteration 07.6s
     --------------------------------------------------------------------------------------------

     [I/O] -------------------------------------------------------
     [I/O] RESTART written in < 00.1s             
     [I/O] In location   : ./h2o_20_400.wstat.restart
     [I/O] -------------------------------------------------------

                       *----------*              *----------*               *----------*
     #     Iteration = |        1 |   DFPT_dim = |       20 |   Diago_dim = |       40 |
                       *----------*              *----------*               *----------*
     per-process dynamical memory   114.0 Mb
  
       
     --------------------------------------------------------------------------------------------
     Sternheimer eq. solver... with threshold =   1.000000E-12           
     --------------------------------------------------------------------------------------------
     in progress... |##########          | 050% :               02.2s (E)               04.4s (X)
     in progress... |####################| 100% :               04.4s (E)               04.4s (X)
     --------------------------------------------------------------------------------------------
     p-DIAGOX done in < 00.1s with a SCALAPACK grid (2x2)
     --------------------------------------------------------------------------------------------
        
       -2.36500  -0.95962  -0.73779  -0.72362  -0.58737  -0.50369  -0.46490  -0.30251  -0.29853
       -0.29358  -0.28750  -0.27204  -0.25374  -0.23461  -0.21763  -0.19645  -0.18490  -0.16943
       -0.15918  -0.15084
        
     --------------------------------------------------------------------------------------------
     Tot. elapsed time 16.7s,  time spent in last iteration 05.3s
     --------------------------------------------------------------------------------------------

     [I/O] -------------------------------------------------------
     [I/O] RESTART written in < 00.1s             
     [I/O] In location   : ./h2o_20_400.wstat.restart
     [I/O] -------------------------------------------------------

                       *----------*              *----------*               *----------*
     #     Iteration = |        2 |   DFPT_dim = |       20 |   Diago_dim = |       60 |
                       *----------*              *----------*               *----------*
     per-process dynamical memory   114.0 Mb
  
       
     --------------------------------------------------------------------------------------------
     Sternheimer eq. solver... with threshold =   1.000000E-12           
     --------------------------------------------------------------------------------------------
     in progress... |##########          | 050% :               02.1s (E)               04.3s (X)
     in progress... |####################| 100% :               04.3s (E)               04.3s (X)
     --------------------------------------------------------------------------------------------
     p-DIAGOX done in < 00.1s with a SCALAPACK grid (2x2)
     --------------------------------------------------------------------------------------------
        
       -2.36548  -0.95970  -0.73902  -0.72459  -0.58786  -0.50700  -0.46690  -0.32433  -0.31622
       -0.30326  -0.29835  -0.29332  -0.27942  -0.24219  -0.22868  -0.21018  -0.18991  -0.18110
       -0.18035  -0.15569
        
     --------------------------------------------------------------------------------------------
     Tot. elapsed time 29.3s,  time spent in last iteration 05.3s
     --------------------------------------------------------------------------------------------

     [I/O] -------------------------------------------------------
     [I/O] RESTART written in < 00.1s             
     [I/O] In location   : ./h2o_20_400.wstat.restart
     [I/O] -------------------------------------------------------

                       *----------*              *----------*               *----------*
     #     Iteration = |        3 |   DFPT_dim = |       16 |   Diago_dim = |       76 |
                       *----------*              *----------*               *----------*
     per-process dynamical memory   114.0 Mb
  
       
     --------------------------------------------------------------------------------------------
     Sternheimer eq. solver... with threshold =   1.000000E-12           
     --------------------------------------------------------------------------------------------
     in progress... |##########          | 050% :               02.1s (E)               04.3s (X)
     in progress... |####################| 100% :               04.3s (E)               04.3s (X)
     --------------------------------------------------------------------------------------------
     p-DIAGOX done in < 00.1s with a SCALAPACK grid (2x2)
     --------------------------------------------------------------------------------------------
        
       -2.36548  -0.95970  -0.73902  -0.72459  -0.58786  -0.50700  -0.46690  -0.32456  -0.31632
       -0.30339  -0.29845  -0.29339  -0.27952  -0.24225  -0.22876  -0.21041  -0.19010  -0.18149
       -0.18094  -0.15644
        
     --------------------------------------------------------------------------------------------
     Tot. elapsed time 45.9s,  time spent in last iteration 05.2s
     --------------------------------------------------------------------------------------------
      
     --------------------------------------------------------------------------------------------
     Database written in 01.9s               
     In location : ./h2o_20_400.wstat.save
     --------------------------------------------------------------------------------------------
       
     --------------------------------------------------------------------------------------------
     Convergence achieved !!! in        3 steps                          
     --------------------------------------------------------------------------------------------
       
     --------------------------------------------------------------------------------------------
     ** Now compute kinetic eigenpotentials **                           
     --------------------------------------------------------------------------------------------
       
     --------------------------------------------------------------------------------------------
     Parallelization for newnvecx                                        
     --------------------------------------------------------------------------------------------
     nglob                =           1600
     nlevel               =             10
     Min nglob/nlevel     =            160
     Max nglob/nlevel     =            160
     --------------------------------------------------------------------------------------------
       
     --------------------------------------------------------------------------------------------
     Parallelization for merge_nvecx                                     
     --------------------------------------------------------------------------------------------
     nglob                =           1680
     nlevel               =             10
     Min nglob/nlevel     =            168
     Max nglob/nlevel     =            168
     --------------------------------------------------------------------------------------------

                       *----------*              *----------*               *----------*
     #     Iteration = | starting |   DFPT_dim = |      400 |   Diago_dim = |      400 |  x 1/2
                       *----------*              *----------*               *----------*
       
     --------------------------------------------------------------------------------------------
     Applying projection operator formed by dvg                          
     --------------------------------------------------------------------------------------------
     per-process dynamical memory   211.6 Mb
  
       
     --------------------------------------------------------------------------------------------
     Sternheimer eq. solver... with lite-solver                          
     --------------------------------------------------------------------------------------------
     in progress... |#                   | 005% :               00.3s (E)               06.0s (X)
     in progress... |##                  | 010% :               00.6s (E)               06.0s (X)
     in progress... |###                 | 015% :               00.9s (E)               06.0s (X)
     in progress... |####                | 020% :               01.2s (E)               06.0s (X)
     in progress... |#####               | 025% :               01.4s (E)               05.9s (X)
     in progress... |######              | 030% :               01.7s (E)               05.9s (X)
     in progress... |#######             | 035% :               02.0s (E)               05.9s (X)
     in progress... |########            | 040% :               02.3s (E)               05.9s (X)
     in progress... |#########           | 045% :               02.6s (E)               05.9s (X)
     in progress... |##########          | 050% :               02.9s (E)               05.9s (X)
     in progress... |###########         | 055% :               03.2s (E)               05.9s (X)
     in progress... |############        | 060% :               03.5s (E)               05.9s (X)
     in progress... |#############       | 065% :               03.8s (E)               05.9s (X)
     in progress... |##############      | 070% :               04.1s (E)               05.9s (X)
     in progress... |###############     | 075% :               04.4s (E)               05.9s (X)
     in progress... |################    | 080% :               04.7s (E)               05.9s (X)
     in progress... |#################   | 085% :               05.0s (E)               05.9s (X)
     in progress... |##################  | 090% :               05.3s (E)               05.9s (X)
     in progress... |################### | 095% :               05.6s (E)               05.9s (X)
     in progress... |####################| 100% :               05.9s (E)               05.9s (X)
       
     --------------------------------------------------------------------------------------------
     Applying projection operator formed by dvg                          
     --------------------------------------------------------------------------------------------
     --------------------------------------------------------------------------------------------

     [I/O] -------------------------------------------------------
     [I/O] RESTART written in < 00.1s             
     [I/O] In location   : ./h2o_20_400.wstat.restart
     [I/O] -------------------------------------------------------

                       *----------*              *----------*               *----------*
     #     Iteration = | starting |   DFPT_dim = |      400 |   Diago_dim = |      400 |  x 2/2
                       *----------*              *----------*               *----------*
       
     --------------------------------------------------------------------------------------------
     Applying projection operator formed by dvg                          
     --------------------------------------------------------------------------------------------
     per-process dynamical memory   211.6 Mb
  
       
     --------------------------------------------------------------------------------------------
     Sternheimer eq. solver... with threshold =   1.000000E-06           
     --------------------------------------------------------------------------------------------
     in progress... |#                   | 005% :               00.4s (E)               08.2s (X)
     in progress... |##                  | 010% :               00.8s (E)               08.1s (X)
     in progress... |###                 | 015% :               01.2s (E)               08.2s (X)
     in progress... |####                | 020% :               01.6s (E)               08.1s (X)
     in progress... |#####               | 025% :               02.0s (E)               08.1s (X)
     in progress... |######              | 030% :               02.4s (E)               08.1s (X)
     in progress... |#######             | 035% :               02.8s (E)               08.1s (X)
     in progress... |########            | 040% :               03.2s (E)               08.1s (X)
     in progress... |#########           | 045% :               03.6s (E)               08.0s (X)
     in progress... |##########          | 050% :               04.0s (E)               08.0s (X)
     in progress... |###########         | 055% :               04.4s (E)               08.0s (X)
     in progress... |############        | 060% :               04.8s (E)               08.0s (X)
     in progress... |#############       | 065% :               05.2s (E)               08.0s (X)
     in progress... |##############      | 070% :               05.6s (E)               08.0s (X)
     in progress... |###############     | 075% :               06.0s (E)               08.0s (X)
     in progress... |################    | 080% :               06.4s (E)               08.0s (X)
     in progress... |#################   | 085% :               06.8s (E)               08.0s (X)
     in progress... |##################  | 090% :               07.1s (E)               07.9s (X)
     in progress... |################### | 095% :               07.5s (E)               07.9s (X)
     in progress... |####################| 100% :               07.9s (E)               07.9s (X)
       
     --------------------------------------------------------------------------------------------
     Applying projection operator formed by dvg                          
     --------------------------------------------------------------------------------------------
     --------------------------------------------------------------------------------------------
     p-DIAGOX done in 01.0s with a SCALAPACK grid (12x12)
     --------------------------------------------------------------------------------------------
        
       -0.11072  -0.10971  -0.10635  -0.10338  -0.10220  -0.07337  -0.07187  -0.07089  -0.06252
       -0.06229  -0.05705  -0.05613  -0.05579  -0.05148  -0.04990  -0.04968  -0.04866  -0.04819
       -0.04689  -0.04650  -0.04550  -0.04465  -0.04453  -0.04348  -0.04210  -0.03874  -0.03506
       -0.03477  -0.03459  -0.03376  -0.03249  -0.03117  -0.02966  -0.02912  -0.02872  -0.02793
       -0.02783  -0.02749  -0.02703  -0.02681  -0.02589  -0.02546  -0.02463  -0.02451  -0.02421
       -0.02402  -0.02388  -0.02382  -0.02370  -0.02278  -0.02202  -0.02180  -0.02161  -0.02109
       -0.02062  -0.02044  -0.02010  -0.01997  -0.01979  -0.01963  -0.01892  -0.01811  -0.01750
       -0.01693  -0.01688  -0.01664  -0.01638  -0.01628  -0.01552  -0.01524  -0.01514  -0.01502
       -0.01498  -0.01457  -0.01421  -0.01413  -0.01403  -0.01362  -0.01350  -0.01330  -0.01320
       -0.01319  -0.01305  -0.01280  -0.01269  -0.01268  -0.01254  -0.01235  -0.01216  -0.01207
       -0.01196  -0.01188  -0.01168  -0.01155  -0.01152  -0.01130  -0.01114  -0.01112  -0.01090
       -0.01067  -0.01054  -0.01044  -0.01010  -0.01002  -0.00975  -0.00962  -0.00959  -0.00955
       -0.00938  -0.00922  -0.00911  -0.00889  -0.00887  -0.00868  -0.00865  -0.00861  -0.00846
       -0.00835  -0.00830  -0.00821  -0.00818  -0.00789  -0.00773  -0.00770  -0.00766  -0.00762
       -0.00753  -0.00742  -0.00741  -0.00737  -0.00734  -0.00726  -0.00718  -0.00715  -0.00712
       -0.00703  -0.00690  -0.00685  -0.00683  -0.00678  -0.00670  -0.00663  -0.00654  -0.00652
       -0.00647  -0.00638  -0.00626  -0.00620  -0.00617  -0.00605  -0.00602  -0.00589  -0.00584
       -0.00578  -0.00575  -0.00570  -0.00560  -0.00559  -0.00552  -0.00549  -0.00538  -0.00537
       -0.00534  -0.00527  -0.00523  -0.00512  -0.00504  -0.00504  -0.00494  -0.00491  -0.00490
       -0.00485  -0.00477  -0.00475  -0.00473  -0.00466  -0.00460  -0.00455  -0.00453  -0.00449
       -0.00446  -0.00442  -0.00434  -0.00433  -0.00430  -0.00430  -0.00426  -0.00419  -0.00414
       -0.00409  -0.00408  -0.00405  -0.00399  -0.00399  -0.00394  -0.00391  -0.00389  -0.00387
       -0.00383  -0.00378  -0.00376  -0.00372  -0.00367  -0.00364  -0.00359  -0.00357  -0.00355
       -0.00351  -0.00349  -0.00345  -0.00344  -0.00338  -0.00336  -0.00333  -0.00331  -0.00329
       -0.00324  -0.00320  -0.00316  -0.00314  -0.00309  -0.00307  -0.00306  -0.00303  -0.00301
       -0.00300  -0.00296  -0.00292  -0.00291  -0.00288  -0.00285  -0.00283  -0.00281  -0.00279
       -0.00277  -0.00275  -0.00268  -0.00268  -0.00266  -0.00264  -0.00262  -0.00259  -0.00259
       -0.00258  -0.00254  -0.00254  -0.00251  -0.00248  -0.00245  -0.00243  -0.00242  -0.00241
       -0.00236  -0.00235  -0.00233  -0.00232  -0.00229  -0.00226  -0.00225  -0.00223  -0.00222
       -0.00221  -0.00218  -0.00216  -0.00214  -0.00213  -0.00211  -0.00206  -0.00206  -0.00205
       -0.00203  -0.00203  -0.00200  -0.00199  -0.00197  -0.00195  -0.00195  -0.00192  -0.00191
       -0.00188  -0.00186  -0.00185  -0.00184  -0.00182  -0.00181  -0.00178  -0.00177  -0.00176
       -0.00173  -0.00172  -0.00170  -0.00168  -0.00168  -0.00167  -0.00164  -0.00163  -0.00160
       -0.00160  -0.00158  -0.00157  -0.00156  -0.00155  -0.00153  -0.00151  -0.00150  -0.00149
       -0.00148  -0.00146  -0.00145  -0.00144  -0.00142  -0.00141  -0.00139  -0.00137  -0.00137
       -0.00135  -0.00134  -0.00132  -0.00132  -0.00131  -0.00130  -0.00128  -0.00127  -0.00126
       -0.00124  -0.00123  -0.00122  -0.00121  -0.00119  -0.00119  -0.00117  -0.00116  -0.00115
       -0.00115  -0.00113  -0.00112  -0.00110  -0.00109  -0.00107  -0.00107  -0.00106  -0.00105
       -0.00104  -0.00104  -0.00103  -0.00103  -0.00100  -0.00100  -0.00099  -0.00099  -0.00098
       -0.00098  -0.00097  -0.00095  -0.00093  -0.00093  -0.00092  -0.00091  -0.00090  -0.00088
       -0.00088  -0.00087  -0.00086  -0.00085  -0.00084  -0.00083  -0.00082  -0.00082  -0.00080
       -0.00079  -0.00079  -0.00078  -0.00076  -0.00075  -0.00074  -0.00074  -0.00074  -0.00073
       -0.00071  -0.00071  -0.00070  -0.00069  -0.00068  -0.00068  -0.00067  -0.00066  -0.00065
       -0.00064  -0.00063  -0.00062  -0.00062  -0.00061  -0.00059  -0.00059  -0.00057  -0.00056
       -0.00055  -0.00053  -0.00051  -0.00050
        
     --------------------------------------------------------------------------------------------
     Tot. elapsed time 38.1s,  time spent in last iteration 38.1s
     --------------------------------------------------------------------------------------------

     [I/O] -------------------------------------------------------
     [I/O] RESTART written in < 00.1s             
     [I/O] In location   : ./h2o_20_400.wstat.restart
     [I/O] -------------------------------------------------------

                       *----------*              *----------*               *----------*
     #     Iteration = |        1 |   DFPT_dim = |      400 |   Diago_dim = |      800 |
                       *----------*              *----------*               *----------*
       
     --------------------------------------------------------------------------------------------
     Applying projection operator formed by dvg                          
     --------------------------------------------------------------------------------------------
     per-process dynamical memory   197.7 Mb
  
       
     --------------------------------------------------------------------------------------------
     Sternheimer eq. solver... with threshold =   1.000000E-12           
     --------------------------------------------------------------------------------------------
     in progress... |#                   | 005% :               00.4s (E)               09.5s (X)
     in progress... |##                  | 010% :               00.9s (E)               09.4s (X)
     in progress... |###                 | 015% :               01.4s (E)               09.4s (X)
     in progress... |####                | 020% :               01.8s (E)               09.4s (X)
     in progress... |#####               | 025% :               02.3s (E)               09.4s (X)
     in progress... |######              | 030% :               02.8s (E)               09.4s (X)
     in progress... |#######             | 035% :               03.2s (E)               09.4s (X)
     in progress... |########            | 040% :               03.7s (E)               09.4s (X)
     in progress... |#########           | 045% :               04.2s (E)               09.3s (X)
     in progress... |##########          | 050% :               04.6s (E)               09.3s (X)
     in progress... |###########         | 055% :               05.1s (E)               09.3s (X)
     in progress... |############        | 060% :               05.6s (E)               09.3s (X)
     in progress... |#############       | 065% :               06.0s (E)               09.3s (X)
     in progress... |##############      | 070% :               06.5s (E)               09.3s (X)
     in progress... |###############     | 075% :               07.0s (E)               09.3s (X)
     in progress... |################    | 080% :               07.4s (E)               09.3s (X)
     in progress... |#################   | 085% :               07.9s (E)               09.3s (X)
     in progress... |##################  | 090% :               08.4s (E)               09.3s (X)
     in progress... |################### | 095% :               08.8s (E)               09.3s (X)
     in progress... |####################| 100% :               09.3s (E)               09.3s (X)
       
     --------------------------------------------------------------------------------------------
     Applying projection operator formed by dvg                          
     --------------------------------------------------------------------------------------------
     --------------------------------------------------------------------------------------------
     p-DIAGOX done in 00.4s with a SCALAPACK grid (12x12)
     --------------------------------------------------------------------------------------------
        
       -0.11105  -0.11038  -0.10637  -0.10339  -0.10232  -0.07340  -0.07192  -0.07133  -0.06268
       -0.06234  -0.05709  -0.05616  -0.05584  -0.05153  -0.05073  -0.04993  -0.04961  -0.04868
       -0.04767  -0.04655  -0.04554  -0.04471  -0.04457  -0.04358  -0.04217  -0.03888  -0.03620
       -0.03503  -0.03482  -0.03468  -0.03260  -0.03134  -0.03032  -0.02927  -0.02888  -0.02805
       -0.02797  -0.02765  -0.02717  -0.02698  -0.02612  -0.02565  -0.02478  -0.02471  -0.02438
       -0.02420  -0.02408  -0.02405  -0.02386  -0.02311  -0.02224  -0.02205  -0.02185  -0.02141
       -0.02096  -0.02066  -0.02040  -0.02038  -0.02005  -0.01996  -0.01925  -0.01854  -0.01780
       -0.01733  -0.01724  -0.01708  -0.01690  -0.01670  -0.01586  -0.01560  -0.01557  -0.01536
       -0.01529  -0.01503  -0.01458  -0.01455  -0.01454  -0.01407  -0.01391  -0.01373  -0.01362
       -0.01351  -0.01349  -0.01325  -0.01310  -0.01307  -0.01299  -0.01293  -0.01278  -0.01270
       -0.01262  -0.01244  -0.01215  -0.01206  -0.01205  -0.01183  -0.01178  -0.01175  -0.01149
       -0.01118  -0.01113  -0.01111  -0.01085  -0.01075  -0.01069  -0.01034  -0.01032  -0.01030
       -0.01015  -0.01003  -0.00994  -0.00969  -0.00943  -0.00941  -0.00938  -0.00924  -0.00907
       -0.00903  -0.00894  -0.00892  -0.00881  -0.00859  -0.00848  -0.00838  -0.00838  -0.00836
       -0.00831  -0.00821  -0.00815  -0.00811  -0.00806  -0.00802  -0.00800  -0.00797  -0.00792
       -0.00784  -0.00768  -0.00766  -0.00760  -0.00758  -0.00758  -0.00741  -0.00739  -0.00725
       -0.00724  -0.00715  -0.00712  -0.00708  -0.00706  -0.00693  -0.00692  -0.00683  -0.00679
       -0.00673  -0.00669  -0.00664  -0.00656  -0.00656  -0.00648  -0.00644  -0.00643  -0.00630
       -0.00628  -0.00624  -0.00615  -0.00602  -0.00597  -0.00594  -0.00588  -0.00587  -0.00573
       -0.00573  -0.00571  -0.00568  -0.00567  -0.00551  -0.00548  -0.00547  -0.00547  -0.00543
       -0.00539  -0.00536  -0.00534  -0.00529  -0.00525  -0.00516  -0.00514  -0.00511  -0.00509
       -0.00506  -0.00505  -0.00502  -0.00501  -0.00500  -0.00499  -0.00498  -0.00492  -0.00492
       -0.00490  -0.00478  -0.00471  -0.00468  -0.00465  -0.00461  -0.00461  -0.00459  -0.00458
       -0.00455  -0.00451  -0.00449  -0.00442  -0.00440  -0.00438  -0.00434  -0.00433  -0.00429
       -0.00428  -0.00424  -0.00423  -0.00421  -0.00418  -0.00415  -0.00414  -0.00411  -0.00410
       -0.00405  -0.00401  -0.00399  -0.00396  -0.00395  -0.00394  -0.00388  -0.00387  -0.00383
       -0.00378  -0.00376  -0.00371  -0.00370  -0.00369  -0.00366  -0.00364  -0.00361  -0.00360
       -0.00357  -0.00357  -0.00356  -0.00355  -0.00349  -0.00348  -0.00346  -0.00343  -0.00342
       -0.00339  -0.00338  -0.00337  -0.00335  -0.00334  -0.00332  -0.00329  -0.00326  -0.00321
       -0.00320  -0.00319  -0.00319  -0.00318  -0.00317  -0.00316  -0.00316  -0.00315  -0.00314
       -0.00313  -0.00312  -0.00311  -0.00310  -0.00309  -0.00303  -0.00301  -0.00294  -0.00292
       -0.00291  -0.00290  -0.00289  -0.00288  -0.00287  -0.00286  -0.00284  -0.00284  -0.00283
       -0.00280  -0.00279  -0.00278  -0.00277  -0.00277  -0.00273  -0.00271  -0.00270  -0.00268
       -0.00267  -0.00266  -0.00266  -0.00264  -0.00263  -0.00260  -0.00260  -0.00258  -0.00257
       -0.00255  -0.00252  -0.00251  -0.00249  -0.00249  -0.00247  -0.00246  -0.00244  -0.00242
       -0.00241  -0.00240  -0.00238  -0.00237  -0.00237  -0.00234  -0.00233  -0.00233  -0.00232
       -0.00231  -0.00230  -0.00228  -0.00228  -0.00224  -0.00222  -0.00222  -0.00219  -0.00218
       -0.00217  -0.00217  -0.00215  -0.00215  -0.00214  -0.00213  -0.00211  -0.00211  -0.00210
       -0.00208  -0.00207  -0.00207  -0.00205  -0.00205  -0.00204  -0.00204  -0.00203  -0.00201
       -0.00200  -0.00199  -0.00199  -0.00197  -0.00196  -0.00195  -0.00194  -0.00193  -0.00192
       -0.00192  -0.00190  -0.00189  -0.00188  -0.00187  -0.00185  -0.00185  -0.00183  -0.00182
       -0.00182  -0.00181  -0.00180  -0.00179  -0.00179  -0.00178  -0.00177  -0.00175  -0.00175
       -0.00174  -0.00173  -0.00172  -0.00172  -0.00171  -0.00170  -0.00169  -0.00168  -0.00167
       -0.00166  -0.00165  -0.00164  -0.00163  -0.00162  -0.00161  -0.00161  -0.00160  -0.00159
       -0.00158  -0.00158  -0.00158  -0.00156
        
     --------------------------------------------------------------------------------------------
     Tot. elapsed time 01m-13.6s,  time spent in last iteration 21.0s
     --------------------------------------------------------------------------------------------

     [I/O] -------------------------------------------------------
     [I/O] RESTART written in < 00.1s             
     [I/O] In location   : ./h2o_20_400.wstat.restart
     [I/O] -------------------------------------------------------

                       *----------*              *----------*               *----------*
     #     Iteration = |        2 |   DFPT_dim = |      273 |   Diago_dim = |     1073 |
                       *----------*              *----------*               *----------*
       
     --------------------------------------------------------------------------------------------
     Applying projection operator formed by dvg                          
     --------------------------------------------------------------------------------------------
     per-process dynamical memory   197.8 Mb
  
       
     --------------------------------------------------------------------------------------------
     Sternheimer eq. solver... with threshold =   1.000000E-12           
     --------------------------------------------------------------------------------------------
     in progress... |#                   | 005% :               00.4s (E)               09.2s (X)
     in progress... |##                  | 010% :               00.6s (E)               06.9s (X)
     in progress... |###                 | 015% :               01.1s (E)               07.7s (X)
     in progress... |####                | 020% :               01.3s (E)               06.9s (X)
     in progress... |#####               | 025% :               01.6s (E)               06.5s (X)
     in progress... |######              | 030% :               02.0s (E)               06.9s (X)
     in progress... |#######             | 035% :               02.3s (E)               06.6s (X)
     in progress... |########            | 040% :               02.7s (E)               06.9s (X)
     in progress... |#########           | 045% :               03.0s (E)               06.7s (X)
     in progress... |##########          | 050% :               03.2s (E)               06.5s (X)
     in progress... |###########         | 055% :               03.7s (E)               06.7s (X)
     in progress... |############        | 060% :               03.9s (E)               06.5s (X)
     in progress... |#############       | 065% :               04.4s (E)               06.8s (X)
     in progress... |##############      | 070% :               04.6s (E)               06.6s (X)
     in progress... |###############     | 075% :               04.8s (E)               06.5s (X)
     in progress... |################    | 080% :               05.3s (E)               06.6s (X)
     in progress... |#################   | 085% :               05.5s (E)               06.5s (X)
     in progress... |##################  | 090% :               06.0s (E)               06.7s (X)
     in progress... |################### | 095% :               06.2s (E)               06.6s (X)
     in progress... |####################| 100% :               06.5s (E)               06.5s (X)
       
     --------------------------------------------------------------------------------------------
     Applying projection operator formed by dvg                          
     --------------------------------------------------------------------------------------------
     --------------------------------------------------------------------------------------------
     p-DIAGOX done in 00.6s with a SCALAPACK grid (12x12)
     --------------------------------------------------------------------------------------------
        
       -0.11105  -0.11038  -0.10637  -0.10339  -0.10232  -0.07340  -0.07192  -0.07133  -0.06268
       -0.06234  -0.05709  -0.05616  -0.05584  -0.05153  -0.05073  -0.04993  -0.04961  -0.04868
       -0.04767  -0.04655  -0.04554  -0.04471  -0.04457  -0.04358  -0.04217  -0.03888  -0.03620
       -0.03503  -0.03482  -0.03468  -0.03260  -0.03134  -0.03032  -0.02927  -0.02888  -0.02805
       -0.02797  -0.02765  -0.02717  -0.02698  -0.02612  -0.02565  -0.02478  -0.02471  -0.02438
       -0.02420  -0.02408  -0.02405  -0.02386  -0.02311  -0.02224  -0.02205  -0.02185  -0.02141
       -0.02096  -0.02066  -0.02040  -0.02038  -0.02005  -0.01996  -0.01925  -0.01854  -0.01780
       -0.01733  -0.01724  -0.01708  -0.01690  -0.01670  -0.01586  -0.01560  -0.01557  -0.01536
       -0.01529  -0.01503  -0.01458  -0.01455  -0.01454  -0.01408  -0.01391  -0.01373  -0.01362
       -0.01351  -0.01349  -0.01325  -0.01310  -0.01307  -0.01300  -0.01294  -0.01278  -0.01270
       -0.01262  -0.01244  -0.01215  -0.01206  -0.01205  -0.01183  -0.01178  -0.01175  -0.01149
       -0.01118  -0.01113  -0.01111  -0.01085  -0.01075  -0.01070  -0.01034  -0.01033  -0.01030
       -0.01016  -0.01003  -0.00994  -0.00969  -0.00943  -0.00941  -0.00938  -0.00924  -0.00907
       -0.00904  -0.00894  -0.00892  -0.00881  -0.00860  -0.00849  -0.00839  -0.00838  -0.00836
       -0.00832  -0.00821  -0.00815  -0.00812  -0.00806  -0.00803  -0.00801  -0.00798  -0.00793
       -0.00784  -0.00768  -0.00767  -0.00760  -0.00758  -0.00758  -0.00742  -0.00740  -0.00725
       -0.00725  -0.00716  -0.00713  -0.00709  -0.00707  -0.00694  -0.00692  -0.00684  -0.00680
       -0.00674  -0.00670  -0.00665  -0.00657  -0.00657  -0.00649  -0.00645  -0.00644  -0.00631
       -0.00629  -0.00625  -0.00616  -0.00603  -0.00598  -0.00595  -0.00589  -0.00588  -0.00575
       -0.00574  -0.00572  -0.00570  -0.00568  -0.00552  -0.00549  -0.00549  -0.00549  -0.00545
       -0.00541  -0.00537  -0.00536  -0.00531  -0.00527  -0.00518  -0.00516  -0.00512  -0.00511
       -0.00508  -0.00507  -0.00504  -0.00502  -0.00502  -0.00501  -0.00500  -0.00494  -0.00493
       -0.00493  -0.00481  -0.00473  -0.00470  -0.00467  -0.00463  -0.00463  -0.00461  -0.00461
       -0.00458  -0.00454  -0.00452  -0.00445  -0.00443  -0.00442  -0.00437  -0.00436  -0.00432
       -0.00430  -0.00427  -0.00426  -0.00424  -0.00422  -0.00418  -0.00417  -0.00414  -0.00414
       -0.00409  -0.00403  -0.00402  -0.00400  -0.00399  -0.00397  -0.00393  -0.00390  -0.00387
       -0.00382  -0.00381  -0.00376  -0.00374  -0.00373  -0.00371  -0.00370  -0.00367  -0.00364
       -0.00362  -0.00362  -0.00362  -0.00361  -0.00353  -0.00352  -0.00352  -0.00349  -0.00348
       -0.00344  -0.00344  -0.00342  -0.00340  -0.00339  -0.00337  -0.00335  -0.00331  -0.00326
       -0.00324  -0.00324  -0.00324  -0.00323  -0.00322  -0.00321  -0.00321  -0.00321  -0.00321
       -0.00319  -0.00319  -0.00319  -0.00318  -0.00317  -0.00308  -0.00308  -0.00300  -0.00298
       -0.00298  -0.00297  -0.00296  -0.00295  -0.00295  -0.00294  -0.00294  -0.00293  -0.00292
       -0.00287  -0.00286  -0.00286  -0.00286  -0.00286  -0.00281  -0.00277  -0.00276  -0.00276
       -0.00274  -0.00274  -0.00274  -0.00272  -0.00271  -0.00269  -0.00268  -0.00268  -0.00265
       -0.00262  -0.00262  -0.00262  -0.00257  -0.00256  -0.00256  -0.00253  -0.00252  -0.00251
       -0.00251  -0.00251  -0.00249  -0.00247  -0.00244  -0.00243  -0.00243  -0.00243  -0.00243
       -0.00242  -0.00242  -0.00242  -0.00240  -0.00239  -0.00235  -0.00235  -0.00233  -0.00233
       -0.00228  -0.00227  -0.00227  -0.00226  -0.00224  -0.00224  -0.00224  -0.00222  -0.00222
       -0.00218  -0.00217  -0.00216  -0.00216  -0.00215  -0.00215  -0.00215  -0.00215  -0.00214
       -0.00213  -0.00212  -0.00212  -0.00212  -0.00212  -0.00211  -0.00210  -0.00209  -0.00208
       -0.00208  -0.00208  -0.00207  -0.00205  -0.00204  -0.00203  -0.00203  -0.00196  -0.00195
       -0.00195  -0.00195  -0.00194  -0.00194  -0.00193  -0.00193  -0.00193  -0.00193  -0.00191
       -0.00190  -0.00190  -0.00190  -0.00189  -0.00187  -0.00187  -0.00186  -0.00185  -0.00182
       -0.00182  -0.00181  -0.00181  -0.00180  -0.00179  -0.00178  -0.00178  -0.00177  -0.00177
       -0.00177  -0.00176  -0.00175  -0.00175
        
     --------------------------------------------------------------------------------------------
     Tot. elapsed time 01m-47.2s,  time spent in last iteration 18.8s
     --------------------------------------------------------------------------------------------

     [I/O] -------------------------------------------------------
     [I/O] RESTART written in < 00.1s             
     [I/O] In location   : ./h2o_20_400.wstat.restart
     [I/O] -------------------------------------------------------

                       *----------*              *----------*               *----------*
     #     Iteration = |        3 |   DFPT_dim = |       14 |   Diago_dim = |     1087 |
                       *----------*              *----------*               *----------*
       
     --------------------------------------------------------------------------------------------
     Applying projection operator formed by dvg                          
     --------------------------------------------------------------------------------------------
     per-process dynamical memory   192.9 Mb
  
       
     --------------------------------------------------------------------------------------------
     Sternheimer eq. solver... with threshold =   1.000000E-12           
     --------------------------------------------------------------------------------------------
     in progress... |####################| 100% :               00.2s (E)               00.2s (X)
       
     --------------------------------------------------------------------------------------------
     Applying projection operator formed by dvg                          
     --------------------------------------------------------------------------------------------
     --------------------------------------------------------------------------------------------
     p-DIAGOX done in 00.6s with a SCALAPACK grid (12x12)
     --------------------------------------------------------------------------------------------
        
       -0.11105  -0.11038  -0.10637  -0.10339  -0.10232  -0.07340  -0.07192  -0.07133  -0.06268
       -0.06234  -0.05709  -0.05616  -0.05584  -0.05153  -0.05073  -0.04993  -0.04961  -0.04868
       -0.04767  -0.04655  -0.04554  -0.04471  -0.04457  -0.04358  -0.04217  -0.03888  -0.03620
       -0.03503  -0.03482  -0.03468  -0.03260  -0.03134  -0.03032  -0.02927  -0.02888  -0.02805
       -0.02797  -0.02765  -0.02717  -0.02698  -0.02612  -0.02565  -0.02478  -0.02471  -0.02438
       -0.02420  -0.02408  -0.02405  -0.02386  -0.02311  -0.02224  -0.02205  -0.02185  -0.02141
       -0.02096  -0.02066  -0.02040  -0.02038  -0.02005  -0.01996  -0.01925  -0.01854  -0.01780
       -0.01733  -0.01724  -0.01708  -0.01690  -0.01670  -0.01586  -0.01560  -0.01557  -0.01536
       -0.01529  -0.01503  -0.01458  -0.01455  -0.01454  -0.01408  -0.01391  -0.01373  -0.01362
       -0.01351  -0.01349  -0.01325  -0.01310  -0.01307  -0.01300  -0.01294  -0.01278  -0.01270
       -0.01262  -0.01244  -0.01215  -0.01206  -0.01205  -0.01183  -0.01178  -0.01175  -0.01149
       -0.01118  -0.01113  -0.01111  -0.01085  -0.01075  -0.01070  -0.01034  -0.01033  -0.01030
       -0.01016  -0.01003  -0.00994  -0.00969  -0.00943  -0.00941  -0.00938  -0.00924  -0.00907
       -0.00904  -0.00894  -0.00892  -0.00881  -0.00860  -0.00849  -0.00839  -0.00838  -0.00836
       -0.00832  -0.00821  -0.00815  -0.00812  -0.00806  -0.00803  -0.00801  -0.00798  -0.00793
       -0.00784  -0.00768  -0.00767  -0.00760  -0.00758  -0.00758  -0.00742  -0.00740  -0.00725
       -0.00725  -0.00716  -0.00713  -0.00709  -0.00707  -0.00694  -0.00692  -0.00684  -0.00680
       -0.00674  -0.00670  -0.00665  -0.00657  -0.00657  -0.00649  -0.00645  -0.00644  -0.00631
       -0.00629  -0.00625  -0.00616  -0.00603  -0.00598  -0.00595  -0.00589  -0.00588  -0.00575
       -0.00574  -0.00572  -0.00570  -0.00568  -0.00552  -0.00549  -0.00549  -0.00549  -0.00545
       -0.00541  -0.00537  -0.00536  -0.00531  -0.00527  -0.00518  -0.00516  -0.00512  -0.00511
       -0.00508  -0.00507  -0.00504  -0.00502  -0.00502  -0.00501  -0.00500  -0.00494  -0.00493
       -0.00493  -0.00481  -0.00473  -0.00470  -0.00467  -0.00463  -0.00463  -0.00461  -0.00461
       -0.00458  -0.00454  -0.00452  -0.00445  -0.00443  -0.00442  -0.00437  -0.00436  -0.00432
       -0.00430  -0.00427  -0.00426  -0.00424  -0.00422  -0.00418  -0.00417  -0.00414  -0.00414
       -0.00409  -0.00403  -0.00402  -0.00400  -0.00399  -0.00397  -0.00393  -0.00390  -0.00387
       -0.00382  -0.00381  -0.00376  -0.00374  -0.00373  -0.00371  -0.00370  -0.00367  -0.00364
       -0.00362  -0.00362  -0.00362  -0.00361  -0.00353  -0.00352  -0.00352  -0.00349  -0.00348
       -0.00344  -0.00344  -0.00342  -0.00340  -0.00339  -0.00337  -0.00335  -0.00331  -0.00326
       -0.00324  -0.00324  -0.00324  -0.00323  -0.00322  -0.00321  -0.00321  -0.00321  -0.00321
       -0.00319  -0.00319  -0.00319  -0.00318  -0.00317  -0.00308  -0.00308  -0.00300  -0.00298
       -0.00298  -0.00297  -0.00296  -0.00295  -0.00295  -0.00294  -0.00294  -0.00293  -0.00292
       -0.00287  -0.00286  -0.00286  -0.00286  -0.00286  -0.00281  -0.00277  -0.00276  -0.00276
       -0.00274  -0.00274  -0.00274  -0.00272  -0.00271  -0.00269  -0.00268  -0.00268  -0.00265
       -0.00262  -0.00262  -0.00262  -0.00257  -0.00256  -0.00256  -0.00253  -0.00252  -0.00251
       -0.00251  -0.00251  -0.00249  -0.00247  -0.00244  -0.00243  -0.00243  -0.00243  -0.00243
       -0.00242  -0.00242  -0.00242  -0.00240  -0.00239  -0.00235  -0.00235  -0.00233  -0.00233
       -0.00228  -0.00227  -0.00227  -0.00226  -0.00224  -0.00224  -0.00224  -0.00222  -0.00222
       -0.00218  -0.00217  -0.00217  -0.00216  -0.00215  -0.00215  -0.00215  -0.00215  -0.00214
       -0.00213  -0.00213  -0.00212  -0.00212  -0.00212  -0.00211  -0.00210  -0.00209  -0.00208
       -0.00208  -0.00208  -0.00207  -0.00205  -0.00205  -0.00204  -0.00203  -0.00196  -0.00195
       -0.00195  -0.00195  -0.00195  -0.00194  -0.00193  -0.00193  -0.00193  -0.00193  -0.00192
       -0.00191  -0.00190  -0.00190  -0.00189  -0.00188  -0.00187  -0.00187  -0.00185  -0.00182
       -0.00182  -0.00182  -0.00181  -0.00180  -0.00180  -0.00179  -0.00179  -0.00178  -0.00178
       -0.00178  -0.00177  -0.00176  -0.00176
        
     --------------------------------------------------------------------------------------------
     Tot. elapsed time 02m-08.6s,  time spent in last iteration 06.7s
     --------------------------------------------------------------------------------------------
       
     --------------------------------------------------------------------------------------------
     Convergence achieved !!! in        3 steps                          
     --------------------------------------------------------------------------------------------
      
     --------------------------------------------------------------------------------------------
     Database written in < 00.1s             
     In location : ./h2o_20_400.wstat.save
     --------------------------------------------------------------------------------------------
 
     WSTAT        :  2m17.38s CPU     4m21.41s WALL

     wstat_readin :      6.29s CPU     39.69s WALL (       1 calls)
     fetch_nml    :      0.02s CPU      0.03s WALL (       1 calls)
     read_xml     :      1.29s CPU      1.71s WALL (       1 calls)
     init_vloc    :      0.10s CPU      0.11s WALL (       2 calls)
     fft          :      0.26s CPU      0.27s WALL (      11 calls)
     fft_scatter  :      9.42s CPU      9.42s WALL (    2691 calls)
     v_of_rho     :      0.30s CPU      0.31s WALL (       1 calls)
     v_xc         :      0.26s CPU      0.27s WALL (       1 calls)
     v_h          :      0.03s CPU      0.04s WALL (       1 calls)
     read_wave    :      4.97s CPU     37.76s WALL (       1 calls)
     davcio       :      0.00s CPU      0.36s WALL (       2 calls)
     init_us_1    :      0.05s CPU      0.05s WALL (       2 calls)
     do_setup     :      0.20s CPU      0.22s WALL (       1 calls)
     init_pw_ar   :      0.20s CPU      0.21s WALL (       1 calls)
     init_at_1    :      0.00s CPU      0.00s WALL (       1 calls)
     storesqvc    :      0.00s CPU      0.01s WALL (       1 calls)
     chidiago     :     28.18s CPU     48.62s WALL (       1 calls)
     randomize    :      0.96s CPU      0.99s WALL (       2 calls)
     paramgs      :     12.28s CPU     12.42s WALL (      11 calls)
     dfpt         :     53.10s CPU     53.43s WALL (      10 calls)
     init_us_2    :      0.03s CPU      0.03s WALL (      10 calls)
     fftw         :     25.01s CPU     25.12s WALL (    2680 calls)
     alphapc      :      0.20s CPU      0.18s WALL (     159 calls)
     wstat_restar :     24.35s CPU     85.37s WALL (       8 calls)
     linstern     :     22.55s CPU     22.66s WALL (     117 calls)
     stern        :     17.00s CPU     17.02s WALL (    3340 calls)
     h_psi_bgrp   :     14.01s CPU     14.07s WALL (     289 calls)
     h_psi        :     14.01s CPU     14.07s WALL (     289 calls)
     h_psi:pot    :     13.95s CPU     14.01s WALL (     289 calls)
     vloc_psi     :     13.29s CPU     13.35s WALL (     289 calls)
     h_psi:calbec :      0.54s CPU      0.46s WALL (     289 calls)
     calbec       :      0.54s CPU      0.46s WALL (     289 calls)
     add_vuspsi   :      0.11s CPU      0.20s WALL (     289 calls)
     alphapv      :      1.91s CPU      1.83s WALL (    3340 calls)
     build_hr     :      7.02s CPU      7.20s WALL (       8 calls)
     diagox       :      2.80s CPU      2.84s WALL (       8 calls)
     redistr_vr   :      0.28s CPU      0.29s WALL (       6 calls)
     update_vr    :     11.53s CPU     11.81s WALL (       6 calls)
     symm_hr      :      0.29s CPU      0.30s WALL (       6 calls)
     chidiago:las :      0.00s CPU      0.00s WALL (       1 calls)
     refresh_vr   :      4.36s CPU      4.41s WALL (       2 calls)
     pdep_db      :      0.62s CPU      1.92s WALL (       1 calls)
     kinchidiago  :    102.70s CPU    172.84s WALL (       1 calls)
     k_psi        :      0.36s CPU      0.36s WALL (    3051 calls)
     kinchidiago: :      0.00s CPU      0.00s WALL (       1 calls)
     pdep_db_for_ :     10.65s CPU     36.46s WALL (       1 calls)
 
     WSTAT        :  2m17.38s CPU     4m21.41s WALL

 
   This run was terminated on:  13:34:19   1Jul2018            

=------------------------------------------------------------------------------=
   JOB DONE.
=------------------------------------------------------------------------------=
