
     Program WSTAT v. 2.0.0 starts on  1Jul2018 at 13:45:37 

     This program is part of the open-source West suite
     for massively parallel calculations of excited states in materials; please cite
         "M. Govoni et al., J. Chem. Theory Comput. 11, 2680 (2015);
          URL http://www.west-code.org", 
     in publications or presentations arising from this work.

     Based on the Quantum ESPRESSO v. 6.1 svn rev. 13369
       
     --------------------------------------------------------------------------------------------
     **MPI** Parallelization Status                                      
     --------------------------------------------------------------------------------------------
                   160                  10             1             1            16
     --------------------------------------------------------------------------------------------
                     N         =         I      X      P      X      B      X      Z
                     ^                   ^             ^             ^             ^
                     |                   |             |             |             |
                   #rnk                  |             |             |             |
                                      #image           |             |             |
                                                     #pool           |             |
                                                                   #bgrp           |
                                                                                 #R&G
     --------------------------------------------------------------------------------------------
     **OPENMP** Parallelization Status
     #thr/rnk               =            1
     --------------------------------------------------------------------------------------------
     #prc = (rnk) * (thr) =          160
     --------------------------------------------------------------------------------------------
       
     --------------------------------------------------------------------------------------------
     I/O Summary : input_west                                            
     --------------------------------------------------------------------------------------------
     qe_prefix      = h2o
     west_prefix    = h2o
     outdir         = ./
     --------------------------------------------------------------------------------------------
       
     --------------------------------------------------------------------------------------------
     I/O Summary : wstat_control                                         
     --------------------------------------------------------------------------------------------
     wstat_calculation              =              S
     n_pdep_eigen                   =            420
     n_kin_pdep_eigen               =              0
     n_lindhard_eigen               =              0
     n_pdep_times                   =              4
     n_pdep_maxiter                 =            100
     n_dfpt_maxiter                 =            250
     n_pdep_read_from_file          =              0
     trev_pdep                      =   1.000000E-03
     trev_pdep_rel                  =   1.000000E-01
     tr2_dfpt                       =   1.000000E-12
     l_kinetic_only                 =              F
     l_minimize_exx_if_active       =              F
     l_use_ecutrho                  =              F
     l_pure_eigen                   =              F
     --------------------------------------------------------------------------------------------

     Reading data from directory:
     ./h2o.save

   Info: using nr1, nr2, nr3 values from input

   Info: using nr1, nr2, nr3 values from input

     IMPORTANT: XC functional enforced from input :
     Exchange-correlation      = PBE ( 1  4  3  4 0 0)
     Any further DFT definition will be discarded
     Please, verify this is what you really want

     Message from routine readpp:
     file ./h2o.save/O_ONCV_PBE-1.0.upf not found
     Message from routine readpp:
     file ./h2o.save/H_ONCV_PBE-1.0.upf not found
 
     Parallelization info
     --------------------
     sticks:   dense  smooth     PW     G-vecs:    dense   smooth      PW
     Min        1520    1520    379               178660   178660   22323
     Max        1522    1522    384               178666   178666   22328
     Sum       24345   24345   6093              2858633  2858633  357213
 
       
     --------------------------------------------------------------------------------------------
     System Overview                                                     
     --------------------------------------------------------------------------------------------
     gamma_only           =              T
     ecutwfc [Ry]         =      85.000000
     omega [au^3]         =   2.700000E+04
     glob. #G             =         178607
     nbnd                 =            100
     nkstot               =              1
     nspin                =              1
     nelec                =       8.000000
     npol                 =              1
     lsda                 =              F
     noncolin             =              F
     lspinorb             =              F
     domag                =              F
     --------------------------------------------------------------------------------------------

     sFFT G-space:  1429317 G-vectors     R-space: ( 180, 180, 180)
     dFFT G-space:  1429317 G-vectors     R-space: ( 180, 180, 180)

     Cell [a.u.]          =      30.000000      0.000000      0.000000
                          =       0.000000     30.000000      0.000000
                          =       0.000000      0.000000     30.000000
      
     number of ks points=     1
                       cart. coord. in units 2pi/alat
        k(    1) = (   0.0000000   0.0000000   0.0000000), wk =   2.0000000

                       cryst. coord.
        k(    1) = (   0.0000000   0.0000000   0.0000000), wk =   2.0000000
 
     Spherical div        =   1.654268E-01
     Orthorombic div      =   1.628502E-01
       
     --------------------------------------------------------------------------------------------
     Parallelization for nvecx                                           
     --------------------------------------------------------------------------------------------
     nglob                =           1680
     nlevel               =             10
     Min nglob/nlevel     =            168
     Max nglob/nlevel     =            168
     --------------------------------------------------------------------------------------------

     [MEM] ----------------------------------------------------------
     [MEM] **Memory** analysis: QE
     [MEM] ----------------------------------------------------------
     [MEM] Allocated arrays           est. size (Mb)     dimensions
     [MEM] ----------------------------------------------------------
     [MEM] Kohn-Sham Wavefunctions      17.03 Mb     (  11164,  100)
     [MEM] NL pseudopotentials           2.04 Mb     (  11164,   12)
     [MEM] Each V/rho on FFT grid        5.93 Mb     ( 388800)
     [MEM] Each G-vector array           0.68 Mb     (  89333)
     [MEM] G-vector shells               0.05 Mb     (   6125)
     [MEM] ----------------------------------------------------------
     [MEM] TOT                          25.74 Mb
     [MEM] ----------------------------------------------------------
     [MEM] 
     [MEM] ----------------------------------------------------------
     [MEM] **Memory** analysis: WSTAT global
     [MEM] ----------------------------------------------------------
     [MEM] Allocated arrays           est. size (Mb)     dimensions
     [MEM] ----------------------------------------------------------
     [MEM] dvg                          28.62 Mb     (  11164,  168)
     [MEM] dng                          28.62 Mb     (  11164,  168)
     [MEM] hr_distr                      2.15 Mb     (   1680,  168)
     [MEM] vr_distr                      2.15 Mb     (   1680,  168)
     [MEM] ----------------------------------------------------------
     [MEM] TOT                          61.54 Mb
     [MEM] ----------------------------------------------------------
     [MEM] 
     [MEM] ----------------------------------------------------------
     [MEM] **Memory** analysis: WSTAT temporary
     [MEM] ----------------------------------------------------------
     [MEM] Allocated arrays           est. size (Mb)     dimensions
     [MEM] ----------------------------------------------------------
     [MEM] dvpsi                         0.68 Mb     (  11164,    4)
     [MEM] dpsi                          0.68 Mb     (  11164,    4)
     [MEM] ----------------------------------------------------------
     [MEM] Total estimate                1.36 Mb
     [MEM] ----------------------------------------------------------

                       *----------*              *----------*               *----------*
     #     Iteration = | starting |   DFPT_dim = |      420 |   Diago_dim = |      420 |  x 1/2
                       *----------*              *----------*               *----------*
     per-process dynamical memory   172.7 Mb
  
       
     --------------------------------------------------------------------------------------------
     Sternheimer eq. solver... with lite-solver                          
     --------------------------------------------------------------------------------------------
     in progress... |#                   | 005% :               00.4s (E)               09.0s (X)
     in progress... |##                  | 010% :               00.7s (E)               07.5s (X)
     in progress... |###                 | 015% :               01.0s (E)               07.0s (X)
     in progress... |####                | 020% :               01.3s (E)               06.7s (X)
     in progress... |#####               | 025% :               01.6s (E)               06.5s (X)
     in progress... |######              | 030% :               01.9s (E)               06.5s (X)
     in progress... |#######             | 035% :               02.2s (E)               06.4s (X)
     in progress... |########            | 040% :               02.5s (E)               06.3s (X)
     in progress... |#########           | 045% :               02.8s (E)               06.3s (X)
     in progress... |##########          | 050% :               03.1s (E)               06.2s (X)
     in progress... |###########         | 055% :               03.5s (E)               06.5s (X)
     in progress... |############        | 060% :               03.8s (E)               06.4s (X)
     in progress... |#############       | 065% :               04.1s (E)               06.4s (X)
     in progress... |##############      | 070% :               04.4s (E)               06.4s (X)
     in progress... |###############     | 075% :               04.7s (E)               06.3s (X)
     in progress... |################    | 080% :               05.0s (E)               06.3s (X)
     in progress... |#################   | 085% :               05.3s (E)               06.3s (X)
     in progress... |##################  | 090% :               05.6s (E)               06.3s (X)
     in progress... |################### | 095% :               05.9s (E)               06.2s (X)
     in progress... |####################| 100% :               06.2s (E)               06.2s (X)
     --------------------------------------------------------------------------------------------

     [I/O] -------------------------------------------------------
     [I/O] RESTART written in < 00.1s             
     [I/O] In location   : ./h2o_420.wstat.restart
     [I/O] -------------------------------------------------------

                       *----------*              *----------*               *----------*
     #     Iteration = | starting |   DFPT_dim = |      420 |   Diago_dim = |      420 |  x 2/2
                       *----------*              *----------*               *----------*
     per-process dynamical memory   174.9 Mb
  
       
     --------------------------------------------------------------------------------------------
     Sternheimer eq. solver... with threshold =   1.000000E-06           
     --------------------------------------------------------------------------------------------
     in progress... |#                   | 005% :               04.2s (E)           01m-25.9s (X)
     in progress... |##                  | 010% :               07.0s (E)           01m-10.3s (X)
     in progress... |###                 | 015% :               09.7s (E)           01m-04.8s (X)
     in progress... |####                | 020% :               12.4s (E)           01m-02.0s (X)
     in progress... |#####               | 025% :               15.0s (E)           01m-00.3s (X)
     in progress... |######              | 030% :               17.7s (E)               59.0s (X)
     in progress... |#######             | 035% :               20.3s (E)               58.0s (X)
     in progress... |########            | 040% :               22.9s (E)               57.3s (X)
     in progress... |#########           | 045% :               25.5s (E)               56.6s (X)
     in progress... |##########          | 050% :               28.0s (E)               56.1s (X)
     in progress... |###########         | 055% :               31.9s (E)               58.0s (X)
     in progress... |############        | 060% :               34.4s (E)               57.4s (X)
     in progress... |#############       | 065% :               36.9s (E)               56.9s (X)
     in progress... |##############      | 070% :               39.5s (E)               56.4s (X)
     in progress... |###############     | 075% :               42.0s (E)               56.0s (X)
     in progress... |################    | 080% :               44.5s (E)               55.6s (X)
     in progress... |#################   | 085% :               47.0s (E)               55.3s (X)
     in progress... |##################  | 090% :               49.5s (E)               55.1s (X)
     in progress... |################### | 095% :               52.0s (E)               54.7s (X)
     in progress... |####################| 100% :               54.5s (E)               54.5s (X)
     --------------------------------------------------------------------------------------------
     p-DIAGOX done in 00.3s with a SCALAPACK grid (12x12)
     --------------------------------------------------------------------------------------------
        
       -2.10753  -0.95946  -0.73899  -0.71612  -0.58773  -0.50504  -0.46678  -0.32403  -0.31571
       -0.30292  -0.29827  -0.29306  -0.27870  -0.24202  -0.21019  -0.19100  -0.18987  -0.18144
       -0.17704  -0.15626  -0.15536  -0.14964  -0.14908  -0.14624  -0.13912  -0.10390  -0.09733
       -0.09401  -0.08545  -0.08286  -0.07388  -0.07382  -0.07267  -0.06552  -0.06424  -0.06215
       -0.06116  -0.06031  -0.05834  -0.05807  -0.05666  -0.05493  -0.05475  -0.05317  -0.05101
       -0.04855  -0.04488  -0.04439  -0.04424  -0.04409  -0.04080  -0.03768  -0.03546  -0.03424
       -0.03304  -0.03285  -0.03265  -0.03217  -0.03184  -0.03155  -0.02993  -0.02988  -0.02830
       -0.02826  -0.02810  -0.02799  -0.02787  -0.02763  -0.02747  -0.02622  -0.02535  -0.02479
       -0.02462  -0.02439  -0.02374  -0.02365  -0.02351  -0.02299  -0.02265  -0.02245  -0.02159
       -0.02097  -0.01993  -0.01941  -0.01931  -0.01929  -0.01895  -0.01883  -0.01753  -0.01718
       -0.01713  -0.01688  -0.01682  -0.01674  -0.01593  -0.01581  -0.01568  -0.01516  -0.01508
       -0.01500  -0.01485  -0.01453  -0.01447  -0.01426  -0.01408  -0.01396  -0.01393  -0.01388
       -0.01364  -0.01351  -0.01312  -0.01295  -0.01274  -0.01272  -0.01262  -0.01245  -0.01232
       -0.01227  -0.01202  -0.01174  -0.01150  -0.01139  -0.01121  -0.01113  -0.01092  -0.01065
       -0.01056  -0.01037  -0.01032  -0.01005  -0.00994  -0.00972  -0.00961  -0.00956  -0.00947
       -0.00943  -0.00922  -0.00916  -0.00899  -0.00897  -0.00893  -0.00854  -0.00844  -0.00841
       -0.00834  -0.00830  -0.00821  -0.00810  -0.00806  -0.00804  -0.00796  -0.00784  -0.00780
       -0.00777  -0.00768  -0.00762  -0.00746  -0.00740  -0.00734  -0.00731  -0.00724  -0.00712
       -0.00703  -0.00699  -0.00696  -0.00685  -0.00674  -0.00668  -0.00661  -0.00660  -0.00648
       -0.00636  -0.00632  -0.00628  -0.00623  -0.00619  -0.00604  -0.00593  -0.00590  -0.00587
       -0.00581  -0.00578  -0.00570  -0.00567  -0.00561  -0.00557  -0.00544  -0.00538  -0.00530
       -0.00527  -0.00521  -0.00518  -0.00513  -0.00504  -0.00501  -0.00500  -0.00492  -0.00488
       -0.00482  -0.00481  -0.00477  -0.00471  -0.00464  -0.00461  -0.00460  -0.00459  -0.00454
       -0.00450  -0.00445  -0.00443  -0.00434  -0.00431  -0.00428  -0.00426  -0.00421  -0.00416
       -0.00413  -0.00411  -0.00404  -0.00400  -0.00395  -0.00394  -0.00391  -0.00383  -0.00382
       -0.00377  -0.00375  -0.00371  -0.00370  -0.00363  -0.00360  -0.00358  -0.00356  -0.00354
       -0.00351  -0.00348  -0.00341  -0.00337  -0.00336  -0.00331  -0.00327  -0.00323  -0.00322
       -0.00319  -0.00317  -0.00314  -0.00313  -0.00312  -0.00308  -0.00306  -0.00301  -0.00297
       -0.00296  -0.00292  -0.00291  -0.00288  -0.00285  -0.00283  -0.00279  -0.00277  -0.00276
       -0.00272  -0.00271  -0.00268  -0.00265  -0.00261  -0.00261  -0.00259  -0.00256  -0.00256
       -0.00254  -0.00252  -0.00250  -0.00246  -0.00244  -0.00240  -0.00237  -0.00236  -0.00236
       -0.00231  -0.00229  -0.00228  -0.00227  -0.00225  -0.00225  -0.00222  -0.00222  -0.00220
       -0.00217  -0.00216  -0.00213  -0.00212  -0.00209  -0.00208  -0.00206  -0.00203  -0.00203
       -0.00200  -0.00200  -0.00198  -0.00194  -0.00192  -0.00191  -0.00190  -0.00189  -0.00187
       -0.00186  -0.00183  -0.00180  -0.00180  -0.00179  -0.00177  -0.00174  -0.00174  -0.00173
       -0.00171  -0.00170  -0.00167  -0.00167  -0.00164  -0.00163  -0.00161  -0.00160  -0.00159
       -0.00157  -0.00156  -0.00156  -0.00153  -0.00152  -0.00151  -0.00149  -0.00147  -0.00146
       -0.00145  -0.00143  -0.00142  -0.00140  -0.00137  -0.00137  -0.00136  -0.00135  -0.00134
       -0.00131  -0.00131  -0.00129  -0.00128  -0.00127  -0.00126  -0.00125  -0.00124  -0.00122
       -0.00121  -0.00119  -0.00118  -0.00116  -0.00116  -0.00115  -0.00114  -0.00113  -0.00112
       -0.00110  -0.00108  -0.00107  -0.00106  -0.00105  -0.00105  -0.00103  -0.00103  -0.00101
       -0.00101  -0.00100  -0.00100  -0.00099  -0.00098  -0.00098  -0.00096  -0.00095  -0.00094
       -0.00093  -0.00092  -0.00091  -0.00091  -0.00089  -0.00088  -0.00087  -0.00086  -0.00085
       -0.00085  -0.00083  -0.00083  -0.00082  -0.00081  -0.00080  -0.00079  -0.00079  -0.00078
       -0.00076  -0.00075  -0.00074  -0.00073  -0.00073  -0.00072  -0.00071  -0.00071  -0.00070
       -0.00068  -0.00067  -0.00067  -0.00065  -0.00065  -0.00064  -0.00062  -0.00061  -0.00061
       -0.00058  -0.00057  -0.00056  -0.00054  -0.00053  -0.00042
        
     --------------------------------------------------------------------------------------------
     Tot. elapsed time 02m-32.8s,  time spent in last iteration 02m-32.8s
     --------------------------------------------------------------------------------------------

     [I/O] -------------------------------------------------------
     [I/O] RESTART written in < 00.1s             
     [I/O] In location   : ./h2o_420.wstat.restart
     [I/O] -------------------------------------------------------

                       *----------*              *----------*               *----------*
     #     Iteration = |        1 |   DFPT_dim = |      420 |   Diago_dim = |      840 |
                       *----------*              *----------*               *----------*
     per-process dynamical memory   168.8 Mb
  
       
     --------------------------------------------------------------------------------------------
     Sternheimer eq. solver... with threshold =   1.000000E-12           
     --------------------------------------------------------------------------------------------
     in progress... |#                   | 005% :               06.2s (E)           02m-05.9s (X)
     in progress... |##                  | 010% :               10.3s (E)           01m-43.3s (X)
     in progress... |###                 | 015% :               14.3s (E)           01m-35.8s (X)
     in progress... |####                | 020% :               18.4s (E)           01m-32.0s (X)
     in progress... |#####               | 025% :               22.4s (E)           01m-29.7s (X)
     in progress... |######              | 030% :               26.4s (E)           01m-28.1s (X)
     in progress... |#######             | 035% :               30.4s (E)           01m-27.0s (X)
     in progress... |########            | 040% :               34.4s (E)           01m-26.1s (X)
     in progress... |#########           | 045% :               38.4s (E)           01m-25.5s (X)
     in progress... |##########          | 050% :               42.5s (E)           01m-25.0s (X)
     in progress... |###########         | 055% :               48.4s (E)           01m-28.1s (X)
     in progress... |############        | 060% :               52.4s (E)           01m-27.3s (X)
     in progress... |#############       | 065% :               56.3s (E)           01m-26.7s (X)
     in progress... |##############      | 070% :           01m-00.3s (E)           01m-26.2s (X)
     in progress... |###############     | 075% :           01m-04.3s (E)           01m-25.7s (X)
     in progress... |################    | 080% :           01m-08.3s (E)           01m-25.3s (X)
     in progress... |#################   | 085% :           01m-12.2s (E)           01m-25.0s (X)
     in progress... |##################  | 090% :           01m-16.2s (E)           01m-24.6s (X)
     in progress... |################### | 095% :           01m-20.5s (E)           01m-24.7s (X)
     in progress... |####################| 100% :           01m-24.4s (E)           01m-24.4s (X)
     --------------------------------------------------------------------------------------------
     p-DIAGOX done in 00.5s with a SCALAPACK grid (12x12)
     --------------------------------------------------------------------------------------------
        
       -2.36548  -0.95970  -0.73902  -0.72459  -0.58786  -0.50700  -0.46690  -0.32456  -0.31632
       -0.30339  -0.29845  -0.29339  -0.27952  -0.24225  -0.22877  -0.21041  -0.19010  -0.18150
       -0.18095  -0.15645  -0.15550  -0.15311  -0.14981  -0.14939  -0.14489  -0.10413  -0.09762
       -0.09414  -0.08765  -0.08297  -0.07406  -0.07391  -0.07282  -0.06567  -0.06486  -0.06251
       -0.06124  -0.06041  -0.05948  -0.05822  -0.05681  -0.05511  -0.05489  -0.05334  -0.05117
       -0.04879  -0.04537  -0.04488  -0.04481  -0.04459  -0.04119  -0.03807  -0.03587  -0.03579
       -0.03452  -0.03302  -0.03300  -0.03296  -0.03209  -0.03184  -0.03080  -0.03023  -0.02855
       -0.02849  -0.02849  -0.02829  -0.02820  -0.02795  -0.02775  -0.02696  -0.02570  -0.02510
       -0.02502  -0.02495  -0.02423  -0.02412  -0.02393  -0.02344  -0.02310  -0.02298  -0.02206
       -0.02154  -0.02043  -0.02024  -0.02019  -0.01987  -0.01980  -0.01971  -0.01797  -0.01763
       -0.01760  -0.01755  -0.01734  -0.01716  -0.01642  -0.01632  -0.01628  -0.01583  -0.01582
       -0.01558  -0.01535  -0.01519  -0.01486  -0.01485  -0.01484  -0.01452  -0.01445  -0.01443
       -0.01442  -0.01428  -0.01388  -0.01367  -0.01338  -0.01323  -0.01321  -0.01317  -0.01308
       -0.01307  -0.01279  -0.01238  -0.01222  -0.01219  -0.01207  -0.01194  -0.01154  -0.01154
       -0.01151  -0.01151  -0.01127  -0.01109  -0.01109  -0.01072  -0.01048  -0.01032  -0.01028
       -0.01014  -0.00992  -0.00984  -0.00977  -0.00973  -0.00969  -0.00941  -0.00938  -0.00927
       -0.00925  -0.00919  -0.00908  -0.00908  -0.00894  -0.00892  -0.00891  -0.00890  -0.00870
       -0.00865  -0.00851  -0.00851  -0.00834  -0.00827  -0.00824  -0.00814  -0.00813  -0.00804
       -0.00795  -0.00784  -0.00784  -0.00780  -0.00772  -0.00762  -0.00756  -0.00755  -0.00746
       -0.00744  -0.00741  -0.00723  -0.00721  -0.00711  -0.00710  -0.00705  -0.00701  -0.00696
       -0.00694  -0.00683  -0.00678  -0.00676  -0.00668  -0.00646  -0.00641  -0.00641  -0.00631
       -0.00630  -0.00624  -0.00618  -0.00613  -0.00609  -0.00605  -0.00594  -0.00587  -0.00587
       -0.00586  -0.00583  -0.00581  -0.00581  -0.00579  -0.00573  -0.00572  -0.00557  -0.00552
       -0.00550  -0.00546  -0.00538  -0.00537  -0.00537  -0.00536  -0.00535  -0.00533  -0.00531
       -0.00526  -0.00521  -0.00521  -0.00512  -0.00504  -0.00496  -0.00492  -0.00487  -0.00487
       -0.00486  -0.00486  -0.00482  -0.00482  -0.00480  -0.00472  -0.00469  -0.00468  -0.00463
       -0.00463  -0.00452  -0.00451  -0.00451  -0.00449  -0.00449  -0.00448  -0.00448  -0.00445
       -0.00444  -0.00439  -0.00430  -0.00424  -0.00422  -0.00420  -0.00418  -0.00417  -0.00414
       -0.00409  -0.00405  -0.00401  -0.00399  -0.00395  -0.00393  -0.00392  -0.00388  -0.00387
       -0.00381  -0.00380  -0.00379  -0.00377  -0.00376  -0.00374  -0.00370  -0.00367  -0.00366
       -0.00366  -0.00364  -0.00362  -0.00360  -0.00359  -0.00355  -0.00353  -0.00351  -0.00350
       -0.00346  -0.00341  -0.00340  -0.00337  -0.00336  -0.00336  -0.00334  -0.00333  -0.00332
       -0.00331  -0.00330  -0.00330  -0.00329  -0.00328  -0.00327  -0.00324  -0.00319  -0.00319
       -0.00310  -0.00309  -0.00306  -0.00305  -0.00304  -0.00303  -0.00303  -0.00302  -0.00299
       -0.00298  -0.00296  -0.00295  -0.00294  -0.00293  -0.00292  -0.00292  -0.00291  -0.00288
       -0.00288  -0.00286  -0.00283  -0.00281  -0.00280  -0.00277  -0.00276  -0.00274  -0.00272
       -0.00271  -0.00271  -0.00268  -0.00266  -0.00264  -0.00263  -0.00262  -0.00261  -0.00258
       -0.00256  -0.00254  -0.00253  -0.00251  -0.00249  -0.00248  -0.00247  -0.00247  -0.00245
       -0.00243  -0.00243  -0.00242  -0.00241  -0.00240  -0.00239  -0.00235  -0.00233  -0.00231
       -0.00230  -0.00229  -0.00228  -0.00227  -0.00225  -0.00225  -0.00224  -0.00223  -0.00223
       -0.00221  -0.00220  -0.00219  -0.00218  -0.00218  -0.00217  -0.00216  -0.00215  -0.00214
       -0.00213  -0.00211  -0.00210  -0.00210  -0.00208  -0.00208  -0.00205  -0.00205  -0.00204
       -0.00203  -0.00202  -0.00201  -0.00200  -0.00200  -0.00198  -0.00197  -0.00195  -0.00194
       -0.00192  -0.00191  -0.00191  -0.00190  -0.00189  -0.00188  -0.00187  -0.00186  -0.00185
       -0.00184  -0.00183  -0.00182  -0.00182  -0.00181  -0.00180  -0.00179  -0.00178  -0.00178
       -0.00177  -0.00177  -0.00175  -0.00174  -0.00173  -0.00173  -0.00172  -0.00171  -0.00170
       -0.00169  -0.00168  -0.00167  -0.00166  -0.00165  -0.00164
        
     --------------------------------------------------------------------------------------------
     Tot. elapsed time 05m-37.8s,  time spent in last iteration 01m-47.7s
     --------------------------------------------------------------------------------------------

     [I/O] -------------------------------------------------------
     [I/O] RESTART written in < 00.1s             
     [I/O] In location   : ./h2o_420.wstat.restart
     [I/O] -------------------------------------------------------

                       *----------*              *----------*               *----------*
     #     Iteration = |        2 |   DFPT_dim = |      296 |   Diago_dim = |     1136 |
                       *----------*              *----------*               *----------*
     per-process dynamical memory   168.8 Mb
  
       
     --------------------------------------------------------------------------------------------
     Sternheimer eq. solver... with threshold =   1.000000E-12           
     --------------------------------------------------------------------------------------------
     in progress... |#                   | 005% :               03.9s (E)           01m-18.6s (X)
     in progress... |##                  | 010% :               05.8s (E)               58.8s (X)
     in progress... |###                 | 015% :               09.8s (E)           01m-05.4s (X)
     in progress... |####                | 020% :               11.7s (E)               58.9s (X)
     in progress... |#####               | 025% :               15.7s (E)           01m-02.8s (X)
     in progress... |######              | 030% :               17.6s (E)               58.9s (X)
     in progress... |#######             | 035% :               21.6s (E)           01m-01.7s (X)
     in progress... |########            | 040% :               23.5s (E)               58.9s (X)
     in progress... |#########           | 045% :               27.4s (E)           01m-01.0s (X)
     in progress... |##########          | 050% :               29.4s (E)               58.8s (X)
     in progress... |###########         | 055% :               33.3s (E)           01m-00.6s (X)
     in progress... |############        | 060% :               35.2s (E)               58.8s (X)
     in progress... |#############       | 065% :               39.1s (E)           01m-00.2s (X)
     in progress... |##############      | 070% :               41.1s (E)               58.7s (X)
     in progress... |###############     | 075% :               45.0s (E)           01m-00.0s (X)
     in progress... |################    | 080% :               46.9s (E)               58.7s (X)
     in progress... |#################   | 085% :               50.8s (E)               59.8s (X)
     in progress... |##################  | 090% :               52.8s (E)               58.7s (X)
     in progress... |################### | 095% :               56.7s (E)               59.7s (X)
     in progress... |####################| 100% :               58.6s (E)               58.6s (X)
     --------------------------------------------------------------------------------------------
     p-DIAGOX done in 00.6s with a SCALAPACK grid (12x12)
     --------------------------------------------------------------------------------------------
        
       -2.36548  -0.95970  -0.73902  -0.72459  -0.58786  -0.50700  -0.46690  -0.32456  -0.31632
       -0.30339  -0.29845  -0.29339  -0.27952  -0.24225  -0.22877  -0.21041  -0.19010  -0.18150
       -0.18095  -0.15645  -0.15550  -0.15311  -0.14981  -0.14939  -0.14489  -0.10413  -0.09762
       -0.09414  -0.08765  -0.08297  -0.07406  -0.07391  -0.07282  -0.06567  -0.06486  -0.06251
       -0.06124  -0.06041  -0.05948  -0.05822  -0.05681  -0.05511  -0.05489  -0.05334  -0.05117
       -0.04879  -0.04537  -0.04488  -0.04481  -0.04459  -0.04119  -0.03807  -0.03587  -0.03579
       -0.03452  -0.03302  -0.03300  -0.03296  -0.03209  -0.03184  -0.03080  -0.03023  -0.02855
       -0.02849  -0.02849  -0.02829  -0.02820  -0.02795  -0.02775  -0.02696  -0.02570  -0.02510
       -0.02502  -0.02495  -0.02423  -0.02412  -0.02393  -0.02344  -0.02310  -0.02298  -0.02206
       -0.02154  -0.02043  -0.02024  -0.02019  -0.01987  -0.01980  -0.01971  -0.01797  -0.01763
       -0.01760  -0.01755  -0.01734  -0.01716  -0.01642  -0.01632  -0.01628  -0.01583  -0.01582
       -0.01558  -0.01535  -0.01519  -0.01486  -0.01485  -0.01484  -0.01452  -0.01445  -0.01443
       -0.01442  -0.01428  -0.01388  -0.01368  -0.01338  -0.01323  -0.01321  -0.01317  -0.01308
       -0.01307  -0.01279  -0.01238  -0.01222  -0.01219  -0.01208  -0.01194  -0.01155  -0.01154
       -0.01152  -0.01151  -0.01127  -0.01109  -0.01109  -0.01072  -0.01049  -0.01032  -0.01028
       -0.01014  -0.00993  -0.00984  -0.00977  -0.00973  -0.00970  -0.00942  -0.00938  -0.00927
       -0.00925  -0.00920  -0.00908  -0.00908  -0.00894  -0.00893  -0.00892  -0.00891  -0.00871
       -0.00866  -0.00852  -0.00851  -0.00835  -0.00828  -0.00825  -0.00814  -0.00814  -0.00804
       -0.00795  -0.00785  -0.00784  -0.00781  -0.00773  -0.00762  -0.00757  -0.00755  -0.00747
       -0.00744  -0.00742  -0.00724  -0.00723  -0.00712  -0.00710  -0.00706  -0.00702  -0.00697
       -0.00695  -0.00684  -0.00679  -0.00677  -0.00669  -0.00647  -0.00642  -0.00642  -0.00632
       -0.00631  -0.00626  -0.00620  -0.00614  -0.00610  -0.00606  -0.00596  -0.00589  -0.00588
       -0.00587  -0.00585  -0.00584  -0.00582  -0.00581  -0.00575  -0.00573  -0.00558  -0.00553
       -0.00551  -0.00547  -0.00540  -0.00539  -0.00538  -0.00538  -0.00538  -0.00535  -0.00533
       -0.00528  -0.00522  -0.00522  -0.00514  -0.00507  -0.00498  -0.00494  -0.00490  -0.00489
       -0.00488  -0.00487  -0.00486  -0.00484  -0.00483  -0.00475  -0.00471  -0.00471  -0.00466
       -0.00466  -0.00454  -0.00454  -0.00454  -0.00452  -0.00452  -0.00451  -0.00451  -0.00448
       -0.00447  -0.00443  -0.00433  -0.00428  -0.00425  -0.00422  -0.00421  -0.00421  -0.00418
       -0.00413  -0.00409  -0.00405  -0.00403  -0.00399  -0.00398  -0.00397  -0.00392  -0.00392
       -0.00386  -0.00386  -0.00385  -0.00382  -0.00380  -0.00380  -0.00374  -0.00371  -0.00370
       -0.00370  -0.00369  -0.00366  -0.00364  -0.00362  -0.00361  -0.00360  -0.00356  -0.00355
       -0.00349  -0.00347  -0.00344  -0.00342  -0.00341  -0.00340  -0.00339  -0.00339  -0.00337
       -0.00337  -0.00337  -0.00336  -0.00335  -0.00334  -0.00334  -0.00333  -0.00324  -0.00324
       -0.00316  -0.00316  -0.00312  -0.00311  -0.00310  -0.00310  -0.00309  -0.00308  -0.00307
       -0.00306  -0.00305  -0.00302  -0.00301  -0.00300  -0.00300  -0.00300  -0.00299  -0.00295
       -0.00294  -0.00293  -0.00289  -0.00289  -0.00286  -0.00285  -0.00284  -0.00281  -0.00281
       -0.00280  -0.00277  -0.00277  -0.00274  -0.00274  -0.00271  -0.00271  -0.00269  -0.00266
       -0.00264  -0.00263  -0.00262  -0.00261  -0.00260  -0.00258  -0.00256  -0.00256  -0.00255
       -0.00254  -0.00253  -0.00253  -0.00253  -0.00252  -0.00251  -0.00250  -0.00245  -0.00244
       -0.00242  -0.00242  -0.00240  -0.00239  -0.00237  -0.00236  -0.00235  -0.00234  -0.00233
       -0.00231  -0.00231  -0.00228  -0.00228  -0.00226  -0.00226  -0.00226  -0.00226  -0.00225
       -0.00224  -0.00224  -0.00223  -0.00222  -0.00222  -0.00222  -0.00221  -0.00220  -0.00220
       -0.00217  -0.00216  -0.00216  -0.00216  -0.00216  -0.00214  -0.00213  -0.00211  -0.00211
       -0.00205  -0.00204  -0.00203  -0.00202  -0.00202  -0.00202  -0.00202  -0.00201  -0.00200
       -0.00199  -0.00199  -0.00199  -0.00198  -0.00197  -0.00196  -0.00195  -0.00195  -0.00194
       -0.00193  -0.00190  -0.00190  -0.00189  -0.00188  -0.00188  -0.00187  -0.00186  -0.00186
       -0.00185  -0.00184  -0.00183  -0.00183  -0.00183  -0.00182
        
     --------------------------------------------------------------------------------------------
     Tot. elapsed time 09m-31.5s,  time spent in last iteration 01m-20.0s
     --------------------------------------------------------------------------------------------

     [I/O] -------------------------------------------------------
     [I/O] RESTART written in < 00.1s             
     [I/O] In location   : ./h2o_420.wstat.restart
     [I/O] -------------------------------------------------------

                       *----------*              *----------*               *----------*
     #     Iteration = |        3 |   DFPT_dim = |        3 |   Diago_dim = |     1139 |
                       *----------*              *----------*               *----------*
     per-process dynamical memory   168.8 Mb
  
       
     --------------------------------------------------------------------------------------------
     Sternheimer eq. solver... with threshold =   1.000000E-12           
     --------------------------------------------------------------------------------------------
     in progress... |####################| 100% :             < 00.1s (E)             < 00.1s (X)
     --------------------------------------------------------------------------------------------
     p-DIAGOX done in 00.6s with a SCALAPACK grid (12x12)
     --------------------------------------------------------------------------------------------
        
       -2.36548  -0.95970  -0.73902  -0.72459  -0.58786  -0.50700  -0.46690  -0.32456  -0.31632
       -0.30339  -0.29845  -0.29339  -0.27952  -0.24225  -0.22877  -0.21041  -0.19010  -0.18150
       -0.18095  -0.15645  -0.15550  -0.15311  -0.14981  -0.14939  -0.14489  -0.10413  -0.09762
       -0.09414  -0.08765  -0.08297  -0.07406  -0.07391  -0.07282  -0.06567  -0.06486  -0.06251
       -0.06124  -0.06041  -0.05948  -0.05822  -0.05681  -0.05511  -0.05489  -0.05334  -0.05117
       -0.04879  -0.04537  -0.04488  -0.04481  -0.04459  -0.04119  -0.03807  -0.03587  -0.03579
       -0.03452  -0.03302  -0.03300  -0.03296  -0.03209  -0.03184  -0.03080  -0.03023  -0.02855
       -0.02849  -0.02849  -0.02829  -0.02820  -0.02795  -0.02775  -0.02696  -0.02570  -0.02510
       -0.02502  -0.02495  -0.02423  -0.02412  -0.02393  -0.02344  -0.02310  -0.02298  -0.02206
       -0.02154  -0.02043  -0.02024  -0.02019  -0.01987  -0.01980  -0.01971  -0.01797  -0.01763
       -0.01760  -0.01755  -0.01734  -0.01716  -0.01642  -0.01632  -0.01628  -0.01583  -0.01582
       -0.01558  -0.01535  -0.01519  -0.01486  -0.01485  -0.01484  -0.01452  -0.01445  -0.01443
       -0.01442  -0.01428  -0.01388  -0.01368  -0.01338  -0.01323  -0.01321  -0.01317  -0.01308
       -0.01307  -0.01279  -0.01238  -0.01222  -0.01219  -0.01208  -0.01194  -0.01155  -0.01154
       -0.01152  -0.01151  -0.01127  -0.01109  -0.01109  -0.01072  -0.01049  -0.01032  -0.01028
       -0.01014  -0.00993  -0.00984  -0.00977  -0.00973  -0.00970  -0.00942  -0.00938  -0.00927
       -0.00925  -0.00920  -0.00908  -0.00908  -0.00894  -0.00893  -0.00892  -0.00891  -0.00871
       -0.00866  -0.00852  -0.00851  -0.00835  -0.00828  -0.00825  -0.00814  -0.00814  -0.00804
       -0.00795  -0.00785  -0.00784  -0.00781  -0.00773  -0.00762  -0.00757  -0.00755  -0.00747
       -0.00744  -0.00742  -0.00724  -0.00723  -0.00712  -0.00710  -0.00706  -0.00702  -0.00697
       -0.00695  -0.00684  -0.00679  -0.00677  -0.00669  -0.00647  -0.00642  -0.00642  -0.00632
       -0.00631  -0.00626  -0.00620  -0.00614  -0.00610  -0.00606  -0.00596  -0.00589  -0.00588
       -0.00587  -0.00585  -0.00584  -0.00582  -0.00581  -0.00575  -0.00573  -0.00558  -0.00553
       -0.00551  -0.00547  -0.00540  -0.00539  -0.00538  -0.00538  -0.00538  -0.00535  -0.00533
       -0.00528  -0.00522  -0.00522  -0.00514  -0.00507  -0.00498  -0.00494  -0.00490  -0.00489
       -0.00488  -0.00487  -0.00486  -0.00484  -0.00483  -0.00475  -0.00471  -0.00471  -0.00466
       -0.00466  -0.00454  -0.00454  -0.00454  -0.00452  -0.00452  -0.00451  -0.00451  -0.00448
       -0.00447  -0.00443  -0.00433  -0.00428  -0.00425  -0.00422  -0.00421  -0.00421  -0.00418
       -0.00413  -0.00409  -0.00405  -0.00403  -0.00399  -0.00398  -0.00397  -0.00392  -0.00392
       -0.00386  -0.00386  -0.00385  -0.00382  -0.00380  -0.00380  -0.00374  -0.00371  -0.00370
       -0.00370  -0.00369  -0.00366  -0.00364  -0.00362  -0.00361  -0.00360  -0.00356  -0.00355
       -0.00349  -0.00347  -0.00344  -0.00342  -0.00341  -0.00340  -0.00339  -0.00339  -0.00337
       -0.00337  -0.00337  -0.00336  -0.00335  -0.00334  -0.00334  -0.00333  -0.00324  -0.00324
       -0.00316  -0.00316  -0.00312  -0.00311  -0.00310  -0.00310  -0.00309  -0.00308  -0.00307
       -0.00306  -0.00305  -0.00302  -0.00301  -0.00300  -0.00300  -0.00300  -0.00299  -0.00295
       -0.00294  -0.00293  -0.00289  -0.00289  -0.00286  -0.00285  -0.00284  -0.00281  -0.00281
       -0.00280  -0.00277  -0.00277  -0.00274  -0.00274  -0.00271  -0.00271  -0.00269  -0.00266
       -0.00264  -0.00263  -0.00262  -0.00261  -0.00260  -0.00258  -0.00256  -0.00256  -0.00255
       -0.00254  -0.00253  -0.00253  -0.00253  -0.00252  -0.00251  -0.00250  -0.00245  -0.00244
       -0.00242  -0.00242  -0.00240  -0.00239  -0.00237  -0.00236  -0.00235  -0.00234  -0.00233
       -0.00231  -0.00231  -0.00228  -0.00228  -0.00226  -0.00226  -0.00226  -0.00226  -0.00225
       -0.00224  -0.00224  -0.00223  -0.00222  -0.00222  -0.00222  -0.00221  -0.00220  -0.00220
       -0.00217  -0.00216  -0.00216  -0.00216  -0.00216  -0.00214  -0.00213  -0.00211  -0.00211
       -0.00205  -0.00204  -0.00203  -0.00202  -0.00202  -0.00202  -0.00202  -0.00201  -0.00200
       -0.00199  -0.00199  -0.00199  -0.00198  -0.00197  -0.00197  -0.00195  -0.00195  -0.00194
       -0.00193  -0.00190  -0.00190  -0.00189  -0.00188  -0.00188  -0.00187  -0.00186  -0.00186
       -0.00185  -0.00184  -0.00184  -0.00183  -0.00183  -0.00183
        
     --------------------------------------------------------------------------------------------
     Tot. elapsed time 13m-09.1s,  time spent in last iteration 08.4s
     --------------------------------------------------------------------------------------------
      
     --------------------------------------------------------------------------------------------
     Database written in 38.0s               
     In location : ./h2o_420.wstat.save
     --------------------------------------------------------------------------------------------
       
     --------------------------------------------------------------------------------------------
     Convergence achieved !!! in        3 steps                          
     --------------------------------------------------------------------------------------------
 
     WSTAT        :  7m24.01s CPU    14m39.83s WALL

     wstat_readin :      5.80s CPU     40.69s WALL (       1 calls)
     fetch_nml    :      0.00s CPU      0.01s WALL (       1 calls)
     read_xml     :      1.29s CPU      1.69s WALL (       1 calls)
     init_vloc    :      0.11s CPU      0.11s WALL (       2 calls)
     fft          :      0.26s CPU      0.31s WALL (      11 calls)
     fft_scatter  :     47.58s CPU     47.89s WALL (   14771 calls)
     v_of_rho     :      0.29s CPU      0.31s WALL (       1 calls)
     v_xc         :      0.26s CPU      0.27s WALL (       1 calls)
     v_h          :      0.03s CPU      0.04s WALL (       1 calls)
     read_wave    :      4.50s CPU     38.82s WALL (       1 calls)
     davcio       :      0.00s CPU      1.82s WALL (       2 calls)
     init_us_1    :      0.76s CPU      0.77s WALL (       2 calls)
     do_setup     :      0.92s CPU      0.93s WALL (       1 calls)
     init_pw_ar   :      0.92s CPU      0.93s WALL (       1 calls)
     init_at_1    :      0.00s CPU      0.00s WALL (       1 calls)
     storesqvc    :      0.01s CPU      0.01s WALL (       1 calls)
     chidiago     :    437.26s CPU    838.17s WALL (       1 calls)
     randomize    :      0.96s CPU      0.97s WALL (       1 calls)
     paramgs      :     11.99s CPU     12.10s WALL (       5 calls)
     dfpt         :    233.61s CPU    235.42s WALL (       5 calls)
     init_us_2    :      0.01s CPU      0.01s WALL (       5 calls)
     fftw         :    135.28s CPU    136.25s WALL (   14760 calls)
     alphapc      :      0.20s CPU      0.17s WALL (     156 calls)
     wstat_restar :    152.75s CPU    517.53s WALL (       4 calls)
     linstern     :    179.27s CPU    180.66s WALL (     114 calls)
     stern        :    173.10s CPU    174.32s WALL (    3493 calls)
     h_psi_bgrp   :    170.25s CPU    171.62s WALL (    3493 calls)
     h_psi        :    170.24s CPU    171.61s WALL (    3493 calls)
     h_psi:pot    :    169.56s CPU    170.87s WALL (    3493 calls)
     vloc_psi     :    161.70s CPU    162.91s WALL (    3493 calls)
     h_psi:calbec :      6.26s CPU      5.33s WALL (    3493 calls)
     calbec       :      6.26s CPU      5.31s WALL (    3493 calls)
     add_vuspsi   :      1.58s CPU      2.61s WALL (    3493 calls)
     alphapv      :      1.98s CPU      1.78s WALL (    3493 calls)
     build_hr     :      7.16s CPU      7.39s WALL (       4 calls)
     diagox       :      2.21s CPU      2.26s WALL (       4 calls)
     redistr_vr   :      0.32s CPU      0.32s WALL (       3 calls)
     update_vr    :     11.85s CPU     12.21s WALL (       3 calls)
     symm_hr      :      0.32s CPU      0.32s WALL (       3 calls)
     chidiago:las :      0.00s CPU      0.00s WALL (       1 calls)
     refresh_vr   :      4.68s CPU      4.78s WALL (       1 calls)
     pdep_db      :     10.75s CPU     38.01s WALL (       1 calls)
 
     WSTAT        :  7m24.01s CPU    14m39.83s WALL

 
   This run was terminated on:  14: 0:17   1Jul2018            

=------------------------------------------------------------------------------=
   JOB DONE.
=------------------------------------------------------------------------------=
